1047, 8573830, 0, 0
1047, 30923, 1, 0
2007, 10893574, 0, 0
2007, 22670, 1, 0
3081, 10307248, 0, 0
3081, 20498, 1, 0
4004, 10476226, 0, 0
4004, 18465, 1, 0
5074, 10273256, 0, 0
5074, 19056, 1, 0
6018, 10720524, 0, 0
6080, 16067, 1, 0
7039, 10090450, 0, 0
7093, 20269, 1, 0
8004, 10687542, 0, 0
8004, 22738, 1, 0
9022, 10584219, 0, 0
9115, 21123, 1, 0
10073, 10930177, 0, 0
10073, 20778, 1, 0
11004, 10449416, 0, 0
11004, 21407, 1, 0
12043, 10697102, 0, 0
12044, 26067, 1, 0
13047, 10324211, 0, 0
13047, 20752, 1, 0
14072, 10768390, 0, 0
14072, 21118, 1, 0
15023, 10658776, 0, 0
15023, 22516, 1, 0
16020, 10262140, 0, 0
16020, 24411, 1, 0
17057, 10789584, 0, 0
17057, 20598, 1, 0
18071, 11239538, 0, 0
18071, 20740, 1, 0
19017, 10728695, 0, 0
19017, 22881, 1, 0
20041, 10537610, 0, 0
20041, 24367, 1, 0
21048, 10364917, 0, 0
21048, 23448, 1, 0
22060, 10515139, 0, 0
22060, 22346, 1, 0
23075, 10237563, 0, 0
23075, 21356, 1, 0
24015, 10539931, 0, 0
24015, 24328, 1, 0
25060, 10641348, 0, 0
25060, 21287, 1, 0
26068, 10380065, 0, 0
26068, 17873, 1, 0
27027, 10877070, 0, 0
27111, 19287, 1, 0
28075, 10679005, 0, 0
28075, 19792, 1, 0
29014, 10307693, 0, 0
29108, 19863, 1, 0
30036, 10521556, 0, 0
30036, 21872, 1, 0
31095, 10167429, 0, 0
31095, 19118, 1, 0
32020, 11123181, 0, 0
32020, 19184, 1, 0
33069, 10810984, 0, 0
33227, 20216, 1, 0
34067, 10272415, 0, 0
34067, 19766, 1, 0
35065, 10273764, 0, 0
35149, 21813, 1, 0
36081, 10461353, 0, 0
36082, 17974, 1, 0
37044, 12172970, 0, 0
37119, 20980, 1, 0
38064, 10390279, 0, 0
38064, 19541, 1, 0
39072, 10487724, 0, 0
39166, 19866, 1, 0
40026, 10821812, 0, 0
40026, 19851, 1, 0
41040, 10549284, 0, 0
41040, 19412, 1, 0
42067, 10687292, 0, 0
42067, 19967, 1, 0
43038, 8891957, 0, 0
43038, 18348, 1, 0
44099, 11036995, 0, 0
44099, 20642, 1, 0
45068, 10515494, 0, 0
45068, 20447, 1, 0
46014, 10739807, 0, 0
46014, 21072, 1, 0
47016, 11118875, 0, 0
47016, 19525, 1, 0
48036, 10603842, 0, 0
48036, 17082, 1, 0
49032, 10252424, 0, 0
49032, 21585, 1, 0
50013, 10100583, 0, 0
50013, 19269, 1, 0
51018, 10243234, 0, 0
51089, 19926, 1, 0
52069, 9280400, 0, 0
52153, 21262, 1, 0
53035, 10971171, 0, 0
53035, 19177, 1, 0
54019, 10228187, 0, 0
54019, 17545, 1, 0
55041, 10312348, 0, 0
55041, 20360, 1, 0
56033, 10535518, 0, 0
56033, 21495, 1, 0
57023, 10085606, 0, 0
57023, 18434, 1, 0
58068, 9843235, 0, 0
58156, 19653, 1, 0
59020, 10807539, 0, 0
59020, 18583, 1, 0
60010, 10087805, 0, 0
60010, 20958, 1, 0
61071, 10093574, 0, 0
61072, 21749, 1, 0
62014, 10573807, 0, 0
62085, 21034, 1, 0
63023, 10500181, 0, 0
63023, 18800, 1, 0
64065, 10729002, 0, 0
64150, 19646, 1, 0
65011, 10981593, 0, 0
65011, 18967, 1, 0
66010, 9779802, 0, 0
66010, 19353, 1, 0
67019, 10385922, 0, 0
67019, 17264, 1, 0
68089, 10083161, 0, 0
68179, 18601, 1, 0
69002, 10363378, 0, 0
69002, 20151, 1, 0
70031, 10810923, 0, 0
70106, 18484, 1, 0
71051, 10389789, 0, 0
71051, 22889, 1, 0
72043, 10326159, 0, 0
72043, 18550, 1, 0
73038, 10137900, 0, 0
73038, 21459, 1, 0
74033, 9933341, 0, 0
74033, 19285, 1, 0
75046, 10221299, 0, 0
75047, 19035, 1, 0
76037, 11236107, 0, 0
76037, 20359, 1, 0
77068, 10403646, 0, 0
77068, 19695, 1, 0
78034, 9940321, 0, 0
78034, 21240, 1, 0
79075, 10402140, 0, 0
79152, 20949, 1, 0
80067, 10209926, 0, 0
80067, 20353, 1, 0
81026, 11005326, 0, 0
81026, 17252, 1, 0
82063, 10568307, 0, 0
82146, 19131, 1, 0
83003, 10196041, 0, 0
83003, 17849, 1, 0
84037, 10760478, 0, 0
84037, 18061, 1, 0
85000, 11054049, 0, 0
85000, 18541, 1, 0
86079, 9790016, 0, 0
86079, 19347, 1, 0
87013, 10368629, 0, 0
87013, 18897, 1, 0
88055, 10508732, 0, 0
88055, 18447, 1, 0
89004, 10416443, 0, 0
89004, 19368, 1, 0
90004, 9888207, 0, 0
90004, 19582, 1, 0
91044, 10485696, 0, 0
91044, 18627, 1, 0
92052, 11060682, 0, 0
92052, 19038, 1, 0
93076, 10762746, 0, 0
93076, 19027, 1, 0
94026, 10787313, 0, 0
94026, 19781, 1, 0
95087, 9993084, 0, 0
95087, 18870, 1, 0
96022, 10611022, 0, 0
96023, 16857, 1, 0
97014, 11001616, 0, 0
97014, 19838, 1, 0
98024, 11209617, 0, 0
98024, 18536, 1, 0
99082, 11011582, 0, 0
99166, 23731, 1, 0
100011, 10537665, 0, 0
100011, 17981, 1, 0
101088, 10047320, 0, 0
101088, 17823, 1, 0
102030, 10338182, 0, 0
102030, 18609, 1, 0
103067, 9502106, 0, 0
103067, 18165, 1, 0
104057, 10088021, 0, 0
104057, 19616, 1, 0
105011, 10470755, 0, 0
105011, 18980, 1, 0
106069, 10785576, 0, 0
106069, 14843, 1, 0
107057, 10070243, 0, 0
107057, 21697, 1, 0
108018, 9599676, 0, 0
108018, 18094, 1, 0
109025, 10154851, 0, 0
109097, 21187, 1, 0
110076, 10091931, 0, 0
110182, 18785, 1, 0
111017, 10560239, 0, 0
111017, 18863, 1, 0
112028, 10305850, 0, 0
112028, 19362, 1, 0
113058, 10074448, 0, 0
113058, 18624, 1, 0
114064, 10052381, 0, 0
114064, 19063, 1, 0
115057, 10016701, 0, 0
115057, 18061, 1, 0
116073, 9944904, 0, 0
116073, 18325, 1, 0
117003, 10318532, 0, 0
117003, 20198, 1, 0
118026, 9544319, 0, 0
118026, 17552, 1, 0
119083, 9692886, 0, 0
119084, 19697, 1, 0
120018, 10366525, 0, 0
120018, 20520, 1, 0
121003, 10032418, 0, 0
121003, 18973, 1, 0
122053, 10594208, 0, 0
122133, 19633, 1, 0
123069, 10350385, 0, 0
123069, 19306, 1, 0
124079, 10299606, 0, 0
124080, 19887, 1, 0
125074, 11281044, 0, 0
125074, 20039, 1, 0
126078, 10235660, 0, 0
126078, 19253, 1, 0
127087, 10380540, 0, 0
127087, 20467, 1, 0
128027, 10317044, 0, 0
128027, 20424, 1, 0
129060, 10215291, 0, 0
129060, 18305, 1, 0
130031, 10430444, 0, 0
130114, 20331, 1, 0
131043, 9999502, 0, 0
131120, 18258, 1, 0
132045, 10317211, 0, 0
132133, 19518, 1, 0
133025, 10868469, 0, 0
133025, 19820, 1, 0
134037, 10636910, 0, 0
134037, 17622, 1, 0
135066, 10492984, 0, 0
135066, 19484, 1, 0
136000, 10353111, 0, 0
136000, 17474, 1, 0
137074, 9841382, 0, 0
137074, 18928, 1, 0
138079, 9846647, 0, 0
138080, 19456, 1, 0
139051, 10433099, 0, 0
139073, 17285, 1, 0
140037, 11319113, 0, 0
140037, 21428, 1, 0
141038, 10092808, 0, 0
141122, 18948, 1, 0
142029, 10310793, 0, 0
142029, 20150, 1, 0
143066, 9679141, 0, 0
143066, 20310, 1, 0
144053, 10831378, 0, 0
144053, 20996, 1, 0
145077, 10018948, 0, 0
145077, 20705, 1, 0
146021, 10139277, 0, 0
146021, 20871, 1, 0
147001, 9683478, 0, 0
147001, 19367, 1, 0
148007, 10356806, 0, 0
148097, 19299, 1, 0
149016, 10285034, 0, 0
149016, 19166, 1, 0
150003, 10368831, 0, 0
150003, 19678, 1, 0
151018, 10135680, 0, 0
151018, 20300, 1, 0
152000, 10662748, 0, 0
152000, 21257, 1, 0
153054, 10522827, 0, 0
153054, 19271, 1, 0
154079, 10450674, 0, 0
154079, 20085, 1, 0
155071, 9610847, 0, 0
155071, 19017, 1, 0
156063, 9708207, 0, 0
156165, 19079, 1, 0
157010, 10504394, 0, 0
157010, 25591, 1, 0
158071, 9297462, 0, 0
158072, 18263, 1, 0
159069, 9769480, 0, 0
159069, 18585, 1, 0
160002, 10232171, 0, 0
160002, 19689, 1, 0
161022, 10187029, 0, 0
161022, 20884, 1, 0
162092, 10901268, 0, 0
162092, 16809, 1, 0
163063, 10896099, 0, 0
163063, 19366, 1, 0
164078, 10561469, 0, 0
164078, 19480, 1, 0
165077, 10285867, 0, 0
165077, 19876, 1, 0
166026, 10183803, 0, 0
166107, 18549, 1, 0
167071, 11103863, 0, 0
167071, 19661, 1, 0
168010, 10088138, 0, 0
168010, 22217, 1, 0
169032, 9997674, 0, 0
169032, 16767, 1, 0
170035, 10654717, 0, 0
170035, 20339, 1, 0
171010, 9641259, 0, 0
171010, 21114, 1, 0
172041, 10191501, 0, 0
172041, 18461, 1, 0
173072, 10190623, 0, 0
173149, 23862, 1, 0
174022, 10306864, 0, 0
174022, 20924, 1, 0
175075, 10505695, 0, 0
175075, 21478, 1, 0
176049, 10807371, 0, 0
176050, 25326, 1, 0
177000, 9674793, 0, 0
177082, 20895, 1, 0
178063, 10510335, 0, 0
178063, 20473, 1, 0
179066, 10013425, 0, 0
179066, 23147, 1, 0
180067, 10408936, 0, 0
180067, 20365, 1, 0
181067, 10181209, 0, 0
181155, 21796, 1, 0
182052, 9933413, 0, 0
182137, 22440, 1, 0
183024, 9418921, 0, 0
183024, 17984, 1, 0
184027, 9921576, 0, 0
184027, 22680, 1, 0
185028, 11232772, 0, 0
185029, 18554, 1, 0
186071, 10111287, 0, 0
186071, 21107, 1, 0
187074, 9910758, 0, 0
187074, 18838, 1, 0
188029, 9736256, 0, 0
188029, 21485, 1, 0
189006, 9462326, 0, 0
189006, 20854, 1, 0
190067, 10291332, 0, 0
190067, 19475, 1, 0
191027, 10654653, 0, 0
191028, 20206, 1, 0
192074, 9585603, 0, 0
192074, 21701, 1, 0
193018, 10483631, 0, 0
193019, 18772, 1, 0
194063, 9750917, 0, 0
194064, 16902, 1, 0
195015, 10107397, 0, 0
195015, 19600, 1, 0
196050, 10128944, 0, 0
196050, 18678, 1, 0
197000, 10312686, 0, 0
197000, 21058, 1, 0
198020, 10285390, 0, 0
198020, 18412, 1, 0
199050, 11058971, 0, 0
199050, 18401, 1, 0
200026, 9946894, 0, 0
200026, 18454, 1, 0
201012, 9655557, 0, 0
201013, 18507, 1, 0
202031, 9780872, 0, 0
202031, 19226, 1, 0
203025, 10026534, 0, 0
203025, 18948, 1, 0
204048, 10321544, 0, 0
204049, 19388, 1, 0
205030, 10433491, 0, 0
205031, 18571, 1, 0
206026, 9847209, 0, 0
206026, 17606, 1, 0
207036, 9979094, 0, 0
207036, 22342, 1, 0
208004, 10512882, 0, 0
208005, 19028, 1, 0
209074, 10790173, 0, 0
209074, 19379, 1, 0
210082, 9583427, 0, 0
210082, 17647, 1, 0
211057, 10371361, 0, 0
211058, 22139, 1, 0
212028, 10423550, 0, 0
212028, 16986, 1, 0
213030, 10000917, 0, 0
213030, 20564, 1, 0
214012, 9523272, 0, 0
214012, 20921, 1, 0
215088, 10329667, 0, 0
215169, 19287, 1, 0
216038, 10096821, 0, 0
216189, 19579, 1, 0
217009, 8978681, 0, 0
217009, 23146, 1, 0
218017, 9960020, 0, 0
218285, 22116, 1, 0
219010, 9628679, 0, 0
219094, 19155, 1, 0
220004, 9931182, 0, 0
220005, 18754, 1, 0
221057, 10513592, 0, 0
221057, 18082, 1, 0
222071, 10541100, 0, 0
222071, 17548, 1, 0
223085, 9126780, 0, 0
223085, 19039, 1, 0
224019, 10027316, 0, 0
224019, 17808, 1, 0
225066, 9767159, 0, 0
225066, 17126, 1, 0
226035, 9486583, 0, 0
226035, 17454, 1, 0
227021, 9657302, 0, 0
227021, 15180, 1, 0
228078, 9595548, 0, 0
228078, 21936, 1, 0
229074, 9848154, 0, 0
229148, 18058, 1, 0
230070, 9753791, 0, 0
230070, 20664, 1, 0
231045, 10695464, 0, 0
231045, 18068, 1, 0
232067, 8950669, 0, 0
232067, 18213, 1, 0
233060, 9619760, 0, 0
233060, 23950, 1, 0
234084, 10324738, 0, 0
234084, 19283, 1, 0
235015, 10449872, 0, 0
235015, 19855, 1, 0
236075, 10277075, 0, 0
236159, 21611, 1, 0
237051, 9746018, 0, 0
237051, 20156, 1, 0
238002, 10426620, 0, 0
238002, 22937, 1, 0
239023, 11209347, 0, 0
239023, 22644, 1, 0
240055, 9810425, 0, 0
240055, 22212, 1, 0
241014, 10071425, 0, 0
241014, 19698, 1, 0
242031, 9851667, 0, 0
242031, 23331, 1, 0
243076, 10132585, 0, 0
243076, 25410, 1, 0
244076, 9324156, 0, 0
244076, 23524, 1, 0
245040, 9344922, 0, 0
245040, 23728, 1, 0
246070, 8222714, 0, 0
246070, 21344, 1, 0
247020, 9879190, 0, 0
247021, 26368, 1, 0
248028, 9663868, 0, 0
248028, 20186, 1, 0
249005, 8778648, 0, 0
249005, 20376, 1, 0
250026, 9616375, 0, 0
250026, 22258, 1, 0
251094, 9959849, 0, 0
251094, 22349, 1, 0
252003, 9553311, 0, 0
252003, 25576, 1, 0
253011, 9661491, 0, 0
253011, 26759, 1, 0
254015, 9551129, 0, 0
254015, 25953, 1, 0
255049, 10020270, 0, 0
255049, 23519, 1, 0
256007, 9961598, 0, 0
256007, 21902, 1, 0
257023, 9663646, 0, 0
257107, 18702, 1, 0
258033, 9890114, 0, 0
258033, 18211, 1, 0
259027, 9632897, 0, 0
259108, 18828, 1, 0
260023, 10700395, 0, 0
260024, 16991, 1, 0
261047, 10019602, 0, 0
261125, 16157, 1, 0
262053, 9471951, 0, 0
262053, 18835, 1, 0
263040, 9958882, 0, 0
263040, 19214, 1, 0
264032, 10009504, 0, 0
264032, 18574, 1, 0
265074, 10305469, 0, 0
265075, 19835, 1, 0
266021, 10163789, 0, 0
266021, 18298, 1, 0
267012, 10870108, 0, 0
267012, 17624, 1, 0
268003, 9338183, 0, 0
268003, 19630, 1, 0
269048, 8836313, 0, 0
269156, 19369, 1, 0
270070, 8644151, 0, 0
270070, 17506, 1, 0
271015, 10258089, 0, 0
271015, 18546, 1, 0
272049, 9744650, 0, 0
272049, 22395, 1, 0
273068, 9879570, 0, 0
273069, 17491, 1, 0
274056, 9215243, 0, 0
274056, 19552, 1, 0
275002, 10158332, 0, 0
275002, 18176, 1, 0
276050, 9105006, 0, 0
276051, 21928, 1, 0
277061, 9605547, 0, 0
277174, 20208, 1, 0
278005, 9627715, 0, 0
278006, 20089, 1, 0
279012, 10043212, 0, 0
279012, 17606, 1, 0
280008, 10367310, 0, 0
280075, 21376, 1, 0
281069, 9202340, 0, 0
281160, 18816, 1, 0
282080, 10096238, 0, 0
282080, 21882, 1, 0
283069, 9499337, 0, 0
283069, 21385, 1, 0
284012, 10466403, 0, 0
284013, 18679, 1, 0
285022, 10499054, 0, 0
285022, 18875, 1, 0
286059, 10056472, 0, 0
286059, 19823, 1, 0
287054, 10686333, 0, 0
287055, 18033, 1, 0
288083, 9601906, 0, 0
288083, 17742, 1, 0
289089, 9563562, 0, 0
289089, 20040, 1, 0
290006, 9644545, 0, 0
290006, 20385, 1, 0
291015, 9777488, 0, 0
291015, 19697, 1, 0
292065, 9806775, 0, 0
292065, 18440, 1, 0
293009, 10238483, 0, 0
293009, 19709, 1, 0
294046, 9863138, 0, 0
294046, 16778, 1, 0
295053, 9759737, 0, 0
295053, 20778, 1, 0
296017, 10030344, 0, 0
296017, 19325, 1, 0
297073, 10232631, 0, 0
297073, 17477, 1, 0
298037, 10027660, 0, 0
298122, 18023, 1, 0
299018, 9998293, 0, 0
299018, 20947, 1, 0
300050, 10301600, 0, 0
300050, 18425, 1, 0
301081, 9621865, 0, 0
301081, 23081, 1, 0
302056, 8691078, 0, 0
302056, 20792, 1, 0
303003, 9847543, 0, 0
303083, 18684, 1, 0
304059, 9856912, 0, 0
304059, 19420, 1, 0
305061, 10210924, 0, 0
305140, 20284, 1, 0
306078, 9494276, 0, 0
306078, 18578, 1, 0
307067, 9967993, 0, 0
307067, 17883, 1, 0
308014, 9647339, 0, 0
308183, 17972, 1, 0
309076, 10099614, 0, 0
309076, 19186, 1, 0
310008, 9902096, 0, 0
310008, 20278, 1, 0
311005, 9486195, 0, 0
311006, 19896, 1, 0
312051, 10236718, 0, 0
312142, 21416, 1, 0
313007, 9942411, 0, 0
313007, 15587, 1, 0
314019, 10108173, 0, 0
314019, 19866, 1, 0
315005, 9022313, 0, 0
315005, 18090, 1, 0
316023, 10168018, 0, 0
316023, 18825, 1, 0
317006, 10228375, 0, 0
317006, 20307, 1, 0
318077, 9904800, 0, 0
318164, 18385, 1, 0
319097, 9430643, 0, 0
319097, 17698, 1, 0
320028, 9682916, 0, 0
320028, 17837, 1, 0
321046, 9501276, 0, 0
321141, 19192, 1, 0
322068, 9282734, 0, 0
322068, 19048, 1, 0
323005, 9645570, 0, 0
323005, 17864, 1, 0
324074, 9700161, 0, 0
324207, 18491, 1, 0
325057, 10331307, 0, 0
325057, 17837, 1, 0
326066, 10077781, 0, 0
326066, 18052, 1, 0
327032, 10257825, 0, 0
327032, 17914, 1, 0
328066, 9565494, 0, 0
328067, 17904, 1, 0
329062, 9206658, 0, 0
329158, 19271, 1, 0
330061, 9499020, 0, 0
330135, 20834, 1, 0
331017, 10045489, 0, 0
331017, 19591, 1, 0
332051, 9741024, 0, 0
332051, 18675, 1, 0
333069, 9501413, 0, 0
333070, 18798, 1, 0
334015, 9636752, 0, 0
334107, 18406, 1, 0
335033, 10478426, 0, 0
335033, 21356, 1, 0
336068, 9934275, 0, 0
336068, 18189, 1, 0
337037, 9392389, 0, 0
337037, 19792, 1, 0
338002, 9935609, 0, 0
338002, 19397, 1, 0
339011, 9597006, 0, 0
339011, 18857, 1, 0
340021, 9690969, 0, 0
340021, 19398, 1, 0
341076, 10034577, 0, 0
341076, 18257, 1, 0
342038, 9900706, 0, 0
342038, 19175, 1, 0
343025, 9760761, 0, 0
343116, 18468, 1, 0
344046, 9995905, 0, 0
344046, 18870, 1, 0
345081, 10229234, 0, 0
345081, 18949, 1, 0
346031, 9987146, 0, 0
346031, 18141, 1, 0
347070, 9886890, 0, 0
347070, 19422, 1, 0
348020, 10192550, 0, 0
348020, 18911, 1, 0
349076, 9954735, 0, 0
349169, 19444, 1, 0
350091, 10033479, 0, 0
350091, 18303, 1, 0
351029, 9462491, 0, 0
351030, 20239, 1, 0
352071, 10199764, 0, 0
352071, 19174, 1, 0
353018, 10385130, 0, 0
353018, 20634, 1, 0
354057, 10268673, 0, 0
354057, 17474, 1, 0
355050, 10018912, 0, 0
355050, 19505, 1, 0
356052, 9616776, 0, 0
356052, 17728, 1, 0
357045, 9537072, 0, 0
357045, 17958, 1, 0
358063, 9493566, 0, 0
358063, 18473, 1, 0
359060, 9669879, 0, 0
359060, 19084, 1, 0
360007, 9653554, 0, 0
360007, 19304, 1, 0
361052, 10025576, 0, 0
361052, 16270, 1, 0
362078, 9398917, 0, 0
362078, 16505, 1, 0
363009, 9590596, 0, 0
363009, 20620, 1, 0
364019, 9164222, 0, 0
364019, 17764, 1, 0
365083, 9932168, 0, 0
365172, 19293, 1, 0
366081, 9486772, 0, 0
366081, 18649, 1, 0
367068, 8881158, 0, 0
367068, 17212, 1, 0
368078, 9424211, 0, 0
368078, 18618, 1, 0
369040, 11569219, 0, 0
369040, 17111, 1, 0
370049, 11204047, 0, 0
370049, 17655, 1, 0
371064, 9840113, 0, 0
371064, 18367, 1, 0
372068, 10661300, 0, 0
372068, 18622, 1, 0
373104, 8845981, 0, 0
373105, 17878, 1, 0
374032, 10648811, 0, 0
374032, 20000, 1, 0
375024, 9804271, 0, 0
375024, 19420, 1, 0
376057, 9820655, 0, 0
376057, 19146, 1, 0
377000, 13656843, 0, 0
377080, 17521, 1, 0
378005, 9931390, 0, 0
378005, 21121, 1, 0
379011, 7385293, 0, 0
379011, 18875, 1, 0
380056, 9659927, 0, 0
380056, 16774, 1, 0
381101, 10437635, 0, 0
381101, 18373, 1, 0
382003, 10723040, 0, 0
382003, 18997, 1, 0
383008, 11023591, 0, 0
383008, 17634, 1, 0
384034, 9238560, 0, 0
384137, 20493, 1, 0
385009, 11589252, 0, 0
385009, 20058, 1, 0
386040, 10505907, 0, 0
386123, 17551, 1, 0
387037, 9950012, 0, 0
387037, 19250, 1, 0
388001, 8445098, 0, 0
388018, 18975, 1, 0
389031, 9182231, 0, 0
389031, 19919, 1, 0
390062, 9898866, 0, 0
390062, 21249, 1, 0
391019, 11115769, 0, 0
391020, 19645, 1, 0
392016, 11310549, 0, 0
392016, 18855, 1, 0
393006, 10305930, 0, 0
393155, 20114, 1, 0
394012, 9939587, 0, 0
394012, 20033, 1, 0
395005, 13595073, 0, 0
395005, 20704, 1, 0
396002, 12934100, 0, 0
396002, 19493, 1, 0
397066, 12654847, 0, 0
397162, 17210, 1, 0
398074, 10818387, 0, 0
398074, 17386, 1, 0
399079, 9748209, 0, 0
399079, 19509, 1, 0
400009, 8285299, 0, 0
400092, 18683, 1, 0
401024, 8108455, 0, 0
401024, 18965, 1, 0
402012, 9221621, 0, 0
402012, 18293, 1, 0
403102, 11334061, 0, 0
403102, 19331, 1, 0
404045, 10015295, 0, 0
404045, 19103, 1, 0
405025, 10300286, 0, 0
405127, 17871, 1, 0
406082, 10882253, 0, 0
406082, 18456, 1, 0
407014, 8612006, 0, 0
407014, 18272, 1, 0
408045, 10192973, 0, 0
408045, 17721, 1, 0
409045, 8605835, 0, 0
409050, 19392, 1, 0
410064, 10174754, 0, 0
410064, 20436, 1, 0
411029, 7464929, 0, 0
411029, 17209, 1, 0
412092, 9915350, 0, 0
412205, 17255, 1, 0
413013, 14843467, 0, 0
413013, 21088, 1, 0
414009, 10255997, 0, 0
414009, 19118, 1, 0
415088, 9283872, 0, 0
415088, 19703, 1, 0
416021, 12109508, 0, 0
416087, 21255, 1, 0
417034, 9369506, 0, 0
417035, 18504, 1, 0
418034, 7559778, 0, 0
418058, 18874, 1, 0
419070, 11318936, 0, 0
419071, 192649, 1, 0
420075, 10238182, 0, 0
420075, 18256, 1, 0
421010, 9237829, 0, 0
421010, 18757, 1, 0
422021, 10627598, 0, 0
422098, 17621, 1, 0
423041, 11194550, 0, 0
423041, 18983, 1, 0
424081, 10489250, 0, 0
424081, 20245, 1, 0
425029, 9756084, 0, 0
425029, 18910, 1, 0
426077, 10266274, 0, 0
426077, 18252, 1, 0
427080, 9350626, 0, 0
427174, 17300, 1, 0
428037, 10739768, 0, 0
428037, 18475, 1, 0
429087, 9200542, 0, 0
429087, 17605, 1, 0
430092, 9290054, 0, 0
430176, 20144, 1, 0
431055, 10025051, 0, 0
431056, 19733, 1, 0
432009, 9613632, 0, 0
432009, 17328, 1, 0
433009, 9516276, 0, 0
433009, 18213, 1, 0
434008, 9233288, 0, 0
434008, 20119, 1, 0
435074, 11829030, 0, 0
435074, 20209, 1, 0
436024, 10092119, 0, 0
436094, 16797, 1, 0
437042, 9164545, 0, 0
437043, 20271, 1, 0
438042, 9501021, 0, 0
438042, 19680, 1, 0
439044, 11004943, 0, 0
439142, 20909, 1, 0
440059, 10031024, 0, 0
440059, 16551, 1, 0
441052, 11021477, 0, 0
441052, 17755, 1, 0
442059, 14791558, 0, 0
442059, 19464, 1, 0
443083, 12180566, 0, 0
443083, 17558, 1, 0
444000, 10167576, 0, 0
444000, 18604, 1, 0
445003, 10887394, 0, 0
445050, 18839, 1, 0
446007, 10782121, 0, 0
446007, 19865, 1, 0
447057, 10809417, 0, 0
447057, 20440, 1, 0
448028, 9799139, 0, 0
448121, 16395, 1, 0
449017, 8301140, 0, 0
449018, 19792, 1, 0
450036, 10708738, 0, 0
450036, 21169, 1, 0
451105, 11857394, 0, 0
451105, 18922, 1, 0
452006, 11252675, 0, 0
452006, 18705, 1, 0
453098, 12116124, 0, 0
453098, 18413, 1, 0
454005, 11317726, 0, 0
454005, 18908, 1, 0
455102, 10435453, 0, 0
455102, 19987, 1, 0
456066, 12340958, 0, 0
456066, 18539, 1, 0
457057, 10764926, 0, 0
457057, 19738, 1, 0
458027, 9130835, 0, 0
458111, 18892, 1, 0
459063, 9672661, 0, 0
459063, 19846, 1, 0
460029, 10260156, 0, 0
460029, 17947, 1, 0
461013, 6679638, 0, 0
461014, 18002, 1, 0
462024, 9523210, 0, 0
462024, 19063, 1, 0
463058, 11871650, 0, 0
463058, 19577, 1, 0
464056, 9864311, 0, 0
464056, 21746, 1, 0
465032, 10948046, 0, 0
465032, 18507, 1, 0
466055, 9633547, 0, 0
466055, 18881, 1, 0
467002, 9957760, 0, 0
467002, 18616, 1, 0
468074, 8994415, 0, 0
468074, 17545, 1, 0
469061, 10264231, 0, 0
469233, 20884, 1, 0
470035, 11717981, 0, 0
470035, 18996, 1, 0
471023, 11212685, 0, 0
471130, 17391, 1, 0
472018, 11161678, 0, 0
472056, 18770, 1, 0
473047, 8219777, 0, 0
473047, 17409, 1, 0
474049, 9096051, 0, 0
474049, 21258, 1, 0
475043, 8338579, 0, 0
475043, 19637, 1, 0
476087, 9139634, 0, 0
476087, 17782, 1, 0
477028, 10211965, 0, 0
477028, 19478, 1, 0
478041, 9193817, 0, 0
478041, 17481, 1, 0
479046, 9741923, 0, 0
479046, 18214, 1, 0
480073, 7534844, 0, 0
480073, 18940, 1, 0
481124, 10942549, 0, 0
481124, 17623, 1, 0
482008, 9809645, 0, 0
482008, 18016, 1, 0
483089, 9298484, 0, 0
483089, 18998, 1, 0
484031, 11335810, 0, 0
484031, 17792, 1, 0
485058, 8769267, 0, 0
485058, 23258, 1, 0
486091, 11582430, 0, 0
486091, 23301, 1, 0
487077, 9653511, 0, 0
487077, 19661, 1, 0
488005, 9550795, 0, 0
488005, 18649, 1, 0
489040, 9070604, 0, 0
489040, 19571, 1, 0
490017, 9852845, 0, 0
490017, 18019, 1, 0
491040, 9117171, 0, 0
491040, 17556, 1, 0
492072, 8729559, 0, 0
492072, 17516, 1, 0
493062, 10864777, 0, 0
493161, 18379, 1, 0
494065, 8635047, 0, 0
494066, 18476, 1, 0
495110, 10120906, 0, 0
495422, 19103, 1, 0
496040, 12074529, 0, 0
496040, 17346, 1, 0
497059, 9969405, 0, 0
497059, 18820, 1, 0
498099, 9794528, 0, 0
498099, 18161, 1, 0
499005, 9842545, 0, 0
499006, 19696, 1, 0
500007, 10871518, 0, 0
500008, 17199, 1, 0
501041, 8187783, 0, 0
501041, 23097, 1, 0
502018, 7681176, 0, 0
502018, 22466, 1, 0
503011, 9104101, 0, 0
503012, 18707, 1, 0
504057, 10657240, 0, 0
504057, 20787, 1, 0
505064, 10050514, 0, 0
505064, 21496, 1, 0
506032, 10069112, 0, 0
506284, 18603, 1, 0
507095, 14350938, 0, 0
507095, 17875, 1, 0
508002, 9427315, 0, 0
508002, 23836, 1, 0
509068, 8504167, 0, 0
509068, 21273, 1, 0
510041, 11297833, 0, 0
510041, 27387, 1, 0
511015, 10126161, 0, 0
511015, 22707, 1, 0
512011, 11697956, 0, 0
512011, 24794, 1, 0
513056, 8765472, 0, 0
513202, 23508, 1, 0
514059, 14052619, 1, 0
514171, 8282263, 0, 0
515018, 7275598, 0, 0
515018, 9096851, 1, 0
516101, 17045887, 1, 0
516101, 7176445, 0, 0
517001, 9496912, 0, 0
517173, 16615681, 1, 0
518133, 7370312, 0, 0
518133, 25623121, 1, 0
519006, 5805366, 0, 0
519006, 27689442, 1, 0
520021, 10826026, 0, 0
520060, 11034870, 1, 0
521084, 11242006, 0, 0
521085, 34778, 1, 0
522046, 8600793, 0, 0
522046, 13736047, 1, 0
523136, 17553005, 0, 0
523261, 30145, 1, 0
524031, 10954936, 0, 0
524031, 14437277, 1, 0
525061, 11830747, 0, 0
525061, 7270211, 1, 0
526066, 8967312, 0, 0
526067, 3858927, 1, 0
527009, 8458400, 0, 0
527010, 12650609, 1, 0
528033, 7044545, 0, 0
528033, 18728314, 1, 0
529057, 7799167, 0, 0
529057, 31883760, 1, 0
530002, 9633853, 0, 0
530002, 5465144, 1, 0
531022, 10040828, 0, 0
531054, 8514292, 1, 0
532084, 9443953, 1, 0
532084, 9874168, 0, 0
533008, 10614010, 0, 0
533008, 37417, 1, 0
534040, 9337851, 0, 0
534041, 15637845, 1, 0
535022, 11244421, 0, 0
535022, 9757852, 1, 0
536041, 8775960, 0, 0
536041, 17540727, 1, 0
537020, 8086858, 0, 0
537021, 12484458, 1, 0
538012, 9420492, 0, 0
538012, 7018868, 1, 0
539016, 8306494, 0, 0
539102, 8200893, 1, 0
540153, 11638434, 0, 0
540153, 5285596, 1, 0
541020, 10138224, 0, 0
541020, 9172339, 1, 0
542065, 10022265, 0, 0
542065, 13583545, 1, 0
543013, 12270910, 0, 0
543013, 17346346, 1, 0
544074, 8103302, 1, 0
544074, 8494921, 0, 0
545029, 10802298, 0, 0
545111, 9978785, 1, 0
546027, 8027602, 0, 0
546027, 11516304, 1, 0
547064, 11493606, 0, 0
547064, 2372373, 1, 0
548002, 8057527, 1, 0
548002, 8628096, 0, 0
549024, 7658557, 0, 0
549076, 5502737, 1, 0
550045, 9016747, 0, 0
550045, 8374237, 1, 0
551004, 6373498, 0, 0
551004, 17008515, 1, 0
552085, 8962331, 0, 0
552085, 13746460, 1, 0
553111, 12679663, 0, 0
553111, 21496897, 1, 0
554024, 10845485, 0, 0
554024, 856717, 1, 0
555049, 9585566, 0, 0
555049, 14478933, 1, 0
556000, 11228606, 0, 0
556000, 9837351, 1, 0
557058, 11495796, 0, 0
557124, 12124412, 1, 0
558015, 8897401, 0, 0
558131, 5088269, 1, 0
559039, 13281694, 0, 0
559039, 34526, 1, 0
560021, 7618174, 0, 0
560104, 19151281, 1, 0
561015, 10014104, 0, 0
561015, 14124693, 1, 0
562044, 25069255, 1, 0
562044, 5250239, 0, 0
563012, 11696854, 0, 0
563012, 11382879, 1, 0
564066, 8113864, 0, 0
564066, 10469122, 1, 0
565052, 10503012, 0, 0
565052, 5424114, 1, 0
566033, 13067566, 0, 0
566229, 31342, 1, 0
567057, 10311025, 0, 0
567057, 6675585, 1, 0
568029, 14155995, 1, 0
568029, 6836304, 0, 0
569023, 6811504, 0, 0
569138, 24955508, 1, 0
570027, 7802707, 0, 0
570028, 12705469, 1, 0
571035, 7642146, 1, 0
571035, 7057776, 0, 0
572096, 11736155, 0, 0
572096, 9742312, 1, 0
573028, 7630313, 0, 0
573028, 8806671, 1, 0
574003, 5628925, 0, 0
574003, 27769155, 1, 0
575011, 8691010, 0, 0
575012, 16960205, 1, 0
576033, 10225032, 0, 0
576033, 3133778, 1, 0
577073, 8842627, 0, 0
577073, 5945360, 1, 0
578001, 11360985, 0, 0
578001, 7944320, 1, 0
579006, 11023076, 0, 0
579006, 33851, 1, 0
580054, 10595527, 0, 0
580054, 7982951, 1, 0
581047, 8096807, 0, 0
581047, 9600247, 1, 0
582082, 6113533, 1, 0
582082, 9530385, 0, 0
583045, 12335841, 0, 0
583131, 4318841, 1, 0
584015, 8547888, 0, 0
584088, 7107693, 1, 0
585068, 9067945, 0, 0
585068, 14935944, 1, 0
586048, 8793198, 0, 0
586048, 8882885, 1, 0
587002, 12669944, 0, 0
587002, 8838312, 1, 0
588007, 8024341, 0, 0
588007, 16456697, 1, 0
589045, 9057843, 0, 0
589045, 7610560, 1, 0
590027, 8386089, 0, 0
590027, 12397956, 1, 0
591077, 8809502, 0, 0
591154, 21088190, 1, 0
592051, 9209618, 0, 0
592052, 6433968, 1, 0
593116, 12166140, 0, 0
593220, 7923188, 1, 0
594015, 7548194, 0, 0
594015, 8428623, 1, 0
595018, 7898557, 0, 0
595018, 11952304, 1, 0
596027, 7740474, 0, 0
596027, 12789470, 1, 0
597068, 10933493, 0, 0
597068, 5284963, 1, 0
598004, 10415719, 0, 0
598004, 7157930, 1, 0
599037, 11457812, 0, 0
599057, 38087, 1, 0
600000, 9969977, 0, 0
600155, 9997268, 1, 0
601006, 7420931, 0, 0
601006, 12779035, 1, 0
602017, 10482399, 0, 0
602018, 12905208, 1, 0
603053, 12062108, 1, 0
603053, 10234266, 0, 0
604014, 12703434, 0, 0
604014, 8733003, 1, 0
605026, 7840839, 1, 0
605026, 9170067, 0, 0
606000, 12460279, 0, 0
606000, 35098, 1, 0
607073, 10528583, 0, 0
607132, 6506008, 1, 0
608000, 18475333, 1, 0
608000, 9223357, 0, 0
609014, 23483843, 1, 0
609014, 6024317, 0, 0
610014, 10481268, 0, 0
610014, 9556196, 1, 0
611031, 19549560, 1, 0
611031, 5580982, 0, 0
612091, 13078890, 0, 0
612091, 6852073, 1, 0
613053, 8223487, 0, 0
613054, 15041835, 1, 0
614014, 10529386, 0, 0
614014, 4269919, 1, 0
615010, 6920474, 0, 0
615010, 17955597, 1, 0
616009, 14029822, 1, 0
616009, 10989990, 0, 0
617061, 11416065, 0, 0
617239, 9404477, 1, 0
618046, 9824358, 0, 0
618046, 6214143, 1, 0
619032, 13116942, 0, 0
619032, 7399784, 1, 0
620013, 16102018, 1, 0
620013, 6449197, 0, 0
621049, 12344231, 0, 0
621049, 4977824, 1, 0
622050, 9369898, 0, 0
622050, 20377167, 1, 0
623004, 11068814, 0, 0
623004, 8346547, 1, 0
624025, 10103708, 1, 0
624025, 9980218, 0, 0
625028, 9193939, 0, 0
625213, 2610701, 1, 0
626014, 9397392, 0, 0
626059, 19220753, 1, 0
627015, 9794735, 1, 0
627015, 7948435, 0, 0
628020, 9480467, 0, 0
628021, 9073308, 1, 0
629022, 10883265, 0, 0
629395, 6887335, 1, 0
630006, 13472827, 1, 0
630006, 13482444, 0, 0
631048, 8128976, 0, 0
631048, 16668766, 1, 0
632003, 11153198, 0, 0
632022, 7540914, 1, 0
633090, 11231746, 0, 0
633090, 8486842, 1, 0
634069, 8975363, 0, 0
634069, 7958330, 1, 0
635086, 13381536, 0, 0
635086, 3742078, 1, 0
636007, 10678193, 0, 0
636154, 19632901, 1, 0
637012, 8349554, 0, 0
637013, 10524943, 1, 0
638006, 9013181, 0, 0
638006, 8593170, 1, 0
639017, 7444423, 0, 0
639017, 10235674, 1, 0
640043, 8634697, 0, 0
640043, 9792469, 1, 0
641117, 12917547, 0, 0
641117, 35150, 1, 0
642066, 14832131, 1, 0
642067, 10227860, 0, 0
643027, 6569084, 0, 0
643028, 17963626, 1, 0
644068, 8285159, 0, 0
644068, 11718475, 1, 0
645073, 10329416, 0, 0
645073, 11054915, 1, 0
646043, 7631887, 1, 0
646043, 9366103, 0, 0
647085, 9138144, 0, 0
647085, 10757737, 1, 0
648060, 12879854, 0, 0
648060, 6521287, 1, 0
649115, 13261825, 0, 0
649115, 9268881, 1, 0
650043, 7123453, 0, 0
650044, 9476833, 1, 0
651023, 13589592, 1, 0
651023, 7657329, 0, 0
652003, 9411837, 0, 0
652003, 11192516, 1, 0
653013, 11334377, 1, 0
653013, 8504177, 0, 0
654050, 8122379, 0, 0
654146, 11780138, 1, 0
655067, 8375963, 0, 0
655067, 8806146, 1, 0
656048, 10228359, 0, 0
656048, 5051364, 1, 0
657132, 16601922, 1, 0
657132, 9009626, 0, 0
658094, 11430688, 0, 0
658131, 2333520, 1, 0
659011, 10067995, 0, 0
659011, 6020328, 1, 0
660093, 8086136, 0, 0
660170, 16065989, 1, 0
661000, 11264971, 0, 0
661000, 10901905, 1, 0
662026, 8591215, 0, 0
662026, 8313088, 1, 0
663045, 10625486, 0, 0
663161, 13050825, 1, 0
664025, 9732972, 0, 0
664045, 7906086, 1, 0
665023, 19376110, 1, 0
665023, 8368535, 0, 0
666044, 8389586, 0, 0
666044, 12236349, 1, 0
667091, 12335121, 1, 0
667091, 13441817, 0, 0
668051, 11522915, 0, 0
668051, 3341335, 1, 0
669063, 7877248, 0, 0
669063, 18615719, 1, 0
670022, 8336687, 0, 0
670022, 3317901, 1, 0
671084, 10819431, 0, 0
671084, 9823643, 1, 0
672065, 14560202, 1, 0
672065, 7801183, 0, 0
673011, 17997627, 1, 0
673011, 8014025, 0, 0
674036, 8193192, 0, 0
674036, 10792073, 1, 0
675087, 7569391, 0, 0
675087, 16242704, 1, 0
676044, 10967266, 1, 0
676044, 9501586, 0, 0
677059, 10696796, 0, 0
677059, 7807377, 1, 0
678048, 9488334, 0, 0
678048, 4804456, 1, 0
679010, 9716929, 0, 0
679010, 11053831, 1, 0
680012, 9225158, 0, 0
680012, 2594541, 1, 0
681091, 12677220, 1, 0
681091, 9776622, 0, 0
682049, 8465521, 0, 0
682050, 8480457, 1, 0
683101, 5610198, 0, 0
683101, 13561889, 1, 0
684032, 6208031, 1, 0
684032, 13743569, 0, 0
685047, 14313229, 0, 0
685047, 6163498, 1, 0
686034, 7919046, 0, 0
686034, 9551356, 1, 0
687106, 9030526, 0, 0
687106, 11642381, 1, 0
688062, 9511445, 0, 0
688062, 12923150, 1, 0
689027, 12400264, 0, 0
689027, 16003929, 1, 0
690006, 8409396, 0, 0
690006, 11987701, 1, 0
691040, 4896178, 0, 0
691040, 24049217, 1, 0
692075, 23922883, 1, 0
692075, 8716920, 0, 0
693008, 9453884, 1, 0
693008, 9411330, 0, 0
694051, 9306768, 0, 0
694051, 9292374, 1, 0
695131, 12884420, 0, 0
695263, 5482419, 1, 0
696015, 13800362, 0, 0
696015, 22473, 1, 0
697059, 12133759, 0, 0
697059, 6338423, 1, 0
698034, 14541137, 0, 0
698034, 19595, 1, 0
699014, 8466818, 1, 0
699014, 8437460, 0, 0
700105, 21689634, 1, 0
700105, 6279023, 0, 0
701015, 20188241, 1, 0
701015, 7371646, 0, 0
702079, 10832373, 1, 0
702079, 6325467, 0, 0
703050, 10905994, 0, 0
703050, 9458531, 1, 0
704006, 11617770, 0, 0
704006, 9829245, 1, 0
705001, 9577556, 0, 0
705001, 3113562, 1, 0
706107, 6170221, 1, 0
706107, 12584560, 0, 0
707048, 10591502, 0, 0
707048, 6256406, 1, 0
708057, 13625268, 0, 0
708057, 36037, 1, 0
709077, 9553924, 0, 0
709077, 3326780, 1, 0
710044, 10049565, 0, 0
710044, 7906022, 1, 0
711046, 9270379, 0, 0
711046, 6292762, 1, 0
712013, 10803133, 0, 0
712013, 11105902, 1, 0
713037, 12499704, 0, 0
713037, 3632970, 1, 0
714034, 7789691, 1, 0
714034, 13391355, 0, 0
715004, 5059731, 1, 0
715004, 10330554, 0, 0
716006, 10238938, 0, 0
716006, 5025797, 1, 0
717026, 7343844, 0, 0
717026, 13770611, 1, 0
718062, 12015427, 1, 0
718062, 8543839, 0, 0
719031, 7041213, 0, 0
719104, 19356324, 1, 0
720077, 7138612, 0, 0
720077, 13614573, 1, 0
721003, 21499651, 1, 0
721003, 7665977, 0, 0
722020, 13943131, 0, 0
722020, 1477018, 1, 0
723094, 8515795, 0, 0
723094, 13717212, 1, 0
724028, 10679737, 0, 0
724141, 8910256, 1, 0
725016, 16102073, 1, 0
725016, 10742837, 0, 0
726012, 9578467, 0, 0
726045, 8814478, 1, 0
727072, 9509612, 0, 0
727072, 6410082, 1, 0
728021, 7546659, 0, 0
728021, 18940849, 1, 0
729007, 8182698, 0, 0
729007, 19548208, 1, 0
730011, 12978905, 0, 0
730012, 8438792, 1, 0
731027, 10427085, 0, 0
731027, 3316247, 1, 0
732005, 7725897, 0, 0
732162, 9635283, 1, 0
733054, 6251066, 1, 0
733054, 10113125, 0, 0
734052, 11063163, 0, 0
734052, 7166336, 1, 0
735097, 10406386, 0, 0
735097, 8611985, 1, 0
736020, 10867440, 0, 0
736020, 22491778, 1, 0
737066, 13015107, 1, 0
737066, 8622987, 0, 0
738030, 7785198, 0, 0
738030, 15129564, 1, 0
739022, 9539704, 0, 0
739022, 4462647, 1, 0
740033, 8762832, 0, 0
740033, 12417731, 1, 0
741051, 10750019, 0, 0
741051, 9450896, 1, 0
742055, 6667039, 0, 0
742055, 14659266, 1, 0
743119, 8878929, 0, 0
743119, 4680032, 1, 0
744035, 8255552, 0, 0
744035, 7121044, 1, 0
745071, 8605558, 0, 0
745071, 5111829, 1, 0
746001, 11367195, 0, 0
746021, 7665483, 1, 0
747012, 9118632, 0, 0
747012, 3504945, 1, 0
748058, 9451948, 0, 0
748059, 4129025, 1, 0
749020, 8962646, 0, 0
749020, 8164628, 1, 0
750020, 9942461, 0, 0
750126, 4614403, 1, 0
751056, 12552464, 0, 0
751056, 4448898, 1, 0
752014, 5669035, 0, 0
752015, 21149570, 1, 0
753079, 11620170, 0, 0
753079, 6410649, 1, 0
754050, 10847214, 0, 0
754050, 3973059, 1, 0
755079, 8102202, 0, 0
755169, 14220639, 1, 0
756004, 7923134, 0, 0
756128, 15727321, 1, 0
757011, 6278628, 0, 0
757011, 18174337, 1, 0
758027, 11800349, 0, 0
758027, 35879, 1, 0
759087, 7577954, 0, 0
759087, 13269316, 1, 0
760009, 10104701, 0, 0
760082, 3442276, 1, 0
761027, 8671464, 0, 0
761027, 2694243, 1, 0
762006, 7550922, 0, 0
762006, 6749624, 1, 0
763030, 6708741, 0, 0
763030, 18205438, 1, 0
764001, 5520333, 0, 0
764001, 12742722, 1, 0
765020, 7699327, 0, 0
765020, 8906427, 1, 0
766022, 15868018, 1, 0
766022, 7748222, 0, 0
767027, 12045282, 1, 0
767027, 10162927, 0, 0
768063, 10258371, 0, 0
768128, 11498788, 1, 0
769044, 15561855, 0, 0
769044, 37568, 1, 0
770024, 5859329, 1, 0
770025, 7500112, 0, 0
771004, 10687702, 0, 0
771004, 11824335, 1, 0
772064, 11225384, 0, 0
772064, 9586224, 1, 0
773054, 14984150, 0, 0
773057, 34742, 1, 0
774044, 8881669, 0, 0
774044, 7627630, 1, 0
775073, 7421753, 0, 0
775073, 17761415, 1, 0
776069, 10770123, 0, 0
776155, 6181338, 1, 0
777031, 6828727, 0, 0
777032, 12654138, 1, 0
778061, 7563126, 1, 0
778061, 11750294, 0, 0
779033, 10902343, 0, 0
779033, 10341242, 1, 0
780020, 7147823, 0, 0
780020, 18496985, 1, 0
781003, 10779470, 0, 0
781003, 4788229, 1, 0
782086, 18554621, 1, 0
782086, 8634649, 0, 0
783046, 11095552, 0, 0
783047, 8900224, 1, 0
784056, 6497021, 0, 0
784078, 16330414, 1, 0
785013, 18895817, 1, 0
785013, 5711769, 0, 0
786000, 14484090, 0, 0
786058, 35208, 1, 0
787004, 11153582, 0, 0
787082, 12242778, 1, 0
788053, 8785571, 0, 0
788053, 3975289, 1, 0
789108, 10995625, 0, 0
789108, 4207028, 1, 0
790092, 8828879, 0, 0
790093, 8155259, 1, 0
791073, 8169320, 0, 0
791073, 17612668, 1, 0
792057, 11052108, 1, 0
792057, 8339315, 0, 0
793010, 10337587, 1, 0
793010, 8894049, 0, 0
794006, 17495291, 1, 0
794006, 9576236, 0, 0
795100, 10667421, 0, 0
795100, 6903853, 1, 0
796034, 11085977, 0, 0
796034, 8993408, 1, 0
797042, 7049548, 1, 0
797042, 9933327, 0, 0
798021, 12704993, 0, 0
798021, 12009002, 1, 0
799093, 6982757, 0, 0
799093, 18054661, 1, 0
800032, 9495534, 0, 0
800032, 20790293, 1, 0
801097, 9847535, 0, 0
801097, 5138958, 1, 0
802048, 8686946, 1, 0
802048, 7011865, 0, 0
803031, 9539016, 0, 0
803031, 11902107, 1, 0
804052, 10695001, 0, 0
804052, 5679462, 1, 0
805040, 11231882, 0, 0
805040, 18613314, 1, 0
806001, 11031058, 0, 0
806001, 14144139, 1, 0
807039, 14206752, 1, 0
807039, 10385817, 0, 0
808064, 7213897, 0, 0
808064, 14721654, 1, 0
809038, 5253833, 0, 0
809038, 25842102, 1, 0
810016, 9772245, 0, 0
810081, 3249004, 1, 0
811020, 10576765, 0, 0
811140, 4907197, 1, 0
812050, 10917106, 1, 0
812050, 9488178, 0, 0
813012, 13787209, 0, 0
813012, 5270908, 1, 0
814053, 9524368, 0, 0
814159, 11334593, 1, 0
815018, 11222683, 0, 0
815079, 5536455, 1, 0
816028, 11281695, 0, 0
816028, 35500, 1, 0
817102, 21713614, 1, 0
817102, 9606504, 0, 0
818036, 9255952, 0, 0
818087, 7262347, 1, 0
819067, 15977118, 1, 0
819067, 8863127, 0, 0
820022, 6616708, 0, 0
820098, 17131670, 1, 0
821052, 9621882, 0, 0
821052, 14130005, 1, 0
822001, 8607714, 0, 0
822001, 6191464, 1, 0
823019, 13924576, 0, 0
823019, 37515, 1, 0
824054, 11159263, 0, 0
824054, 14908991, 1, 0
825037, 11641491, 1, 0
825037, 8645680, 0, 0
826152, 13418450, 0, 0
826152, 39060, 1, 0
827095, 10256849, 0, 0
827095, 12586189, 1, 0
828032, 7760910, 0, 0
828032, 15010381, 1, 0
829093, 7305038, 0, 0
829093, 9038052, 1, 0
830061, 7753415, 0, 0
830062, 9540047, 1, 0
831038, 15237380, 1, 0
831038, 9823183, 0, 0
832018, 21892599, 1, 0
832019, 8091728, 0, 0
833099, 9151477, 0, 0
833099, 23754755, 1, 0
834093, 10323012, 0, 0
834093, 18342379, 1, 0
835083, 9733147, 1, 0
835083, 6921647, 0, 0
836002, 11358625, 0, 0
836002, 3714302, 1, 0
837063, 13641205, 0, 0
837063, 5636613, 1, 0
838011, 10871572, 0, 0
838025, 2215178, 1, 0
839103, 8823671, 0, 0
839161, 4748912, 1, 0
840008, 8764032, 0, 0
840143, 20213300, 1, 0
841113, 15503629, 1, 0
841113, 11265905, 0, 0
842088, 9465777, 0, 0
842088, 20920896, 1, 0
843034, 11049549, 0, 0
843034, 8701678, 1, 0
844059, 16146650, 1, 0
844059, 9660663, 0, 0
845040, 11496334, 0, 0
845040, 7425474, 1, 0
846053, 10748683, 0, 0
846054, 8287408, 1, 0
847070, 25502431, 1, 0
847070, 7593752, 0, 0
848084, 12482945, 0, 0
848084, 2505387, 1, 0
849057, 7773178, 0, 0
849057, 14478319, 1, 0
850083, 11313463, 0, 0
850083, 8739415, 1, 0
851017, 13634136, 1, 0
851017, 6966082, 0, 0
852074, 10550914, 0, 0
852074, 4939122, 1, 0
853050, 14472554, 0, 0
853129, 7483311, 1, 0
854024, 9454092, 0, 0
854024, 7455469, 1, 0
855067, 10169409, 0, 0
855067, 10533596, 1, 0
856036, 12951132, 0, 0
856036, 9109984, 1, 0
857044, 12107144, 0, 0
857044, 3138732, 1, 0
858023, 11043547, 0, 0
858023, 2366091, 1, 0
859013, 5601653, 0, 0
859013, 16734069, 1, 0
860008, 7059657, 0, 0
860008, 8911005, 1, 0
861028, 9943822, 0, 0
861028, 6166732, 1, 0
862011, 9995765, 0, 0
862098, 8107826, 1, 0
863002, 10876055, 0, 0
863067, 5811909, 1, 0
864034, 8777866, 0, 0
864126, 35699259, 1, 0
865088, 19644236, 1, 0
865088, 4893632, 0, 0
866053, 9026003, 0, 0
866053, 8922951, 1, 0
867101, 8449626, 0, 0
867102, 10237470, 1, 0
868017, 9727241, 0, 0
868150, 8858191, 1, 0
869091, 9371396, 0, 0
869091, 3293160, 1, 0
870064, 18155687, 1, 0
870064, 6758817, 0, 0
871103, 5123705, 1, 0
871103, 8885867, 0, 0
872037, 9833356, 0, 0
872037, 9735613, 1, 0
873067, 6811032, 0, 0
873067, 12959369, 1, 0
874025, 11779554, 0, 0
874025, 4929889, 1, 0
875039, 9590195, 0, 0
875088, 9861942, 1, 0
876021, 9875417, 0, 0
876021, 7972724, 1, 0
877018, 9121832, 0, 0
877018, 13828435, 1, 0
878038, 9510260, 0, 0
878119, 13073501, 1, 0
879054, 6994115, 0, 0
879161, 11840722, 1, 0
880027, 7275573, 0, 0
880131, 16391849, 1, 0
881015, 15396358, 1, 0
881015, 9230542, 0, 0
882026, 5853790, 0, 0
882026, 14967959, 1, 0
883040, 8783617, 0, 0
883040, 14037563, 1, 0
884041, 7271002, 0, 0
884041, 11173354, 1, 0
885035, 8439214, 0, 0
885123, 15389151, 1, 0
886027, 4836432, 1, 0
886027, 9724262, 0, 0
887062, 15004420, 1, 0
887062, 8835568, 0, 0
888010, 8845552, 0, 0
888011, 12485318, 1, 0
889039, 7923522, 0, 0
889039, 13667266, 1, 0
890043, 13375559, 0, 0
890043, 27306, 1, 0
891045, 17079114, 1, 0
891045, 8268547, 0, 0
892008, 7685020, 0, 0
892008, 18183008, 1, 0
893046, 8925259, 0, 0
893046, 13720287, 1, 0
894001, 10526379, 0, 0
894082, 10920899, 1, 0
895107, 8349891, 0, 0
895107, 18679845, 1, 0
896065, 11018178, 0, 0
896065, 3797433, 1, 0
897102, 24761026, 1, 0
897102, 7290457, 0, 0
898028, 15948128, 0, 0
898029, 12829327, 1, 0
899026, 11520365, 0, 0
899026, 7750765, 1, 0
900054, 10708229, 0, 0
900054, 6270642, 1, 0
901039, 14081254, 1, 0
901039, 9435931, 0, 0
902024, 13015600, 1, 0
902024, 8513405, 0, 0
903048, 11910707, 0, 0
903254, 11014414, 1, 0
904002, 12791803, 1, 0
904002, 7077700, 0, 0
905079, 7965244, 0, 0
905214, 24805448, 1, 0
906021, 9642329, 0, 0
906021, 3415374, 1, 0
907016, 11755918, 0, 0
907016, 7527345, 1, 0
908079, 7872223, 0, 0
908079, 16304396, 1, 0
909053, 8726400, 0, 0
909054, 12308701, 1, 0
910025, 9239481, 0, 0
910111, 10738851, 1, 0
911152, 20582869, 1, 0
911152, 11004197, 0, 0
912040, 8834753, 0, 0
912040, 12780718, 1, 0
913047, 8236582, 1, 0
913047, 10512578, 0, 0
914019, 12614839, 0, 0
914019, 2798950, 1, 0
915014, 13149127, 0, 0
915120, 4859546, 1, 0
916055, 13789370, 0, 0
916055, 9610478, 1, 0
917041, 10748063, 0, 0
917042, 12570276, 1, 0
918001, 13423184, 0, 0
918001, 10204141, 1, 0
919081, 20401219, 1, 0
919082, 7667344, 0, 0
920029, 9759178, 0, 0
920091, 12098392, 1, 0
921042, 11058078, 0, 0
921042, 6971330, 1, 0
922018, 6317377, 0, 0
922018, 22216470, 1, 0
923004, 15910099, 1, 0
923005, 8364277, 0, 0
924117, 13872295, 0, 0
924117, 6481131, 1, 0
925050, 18220447, 1, 0
925050, 8379409, 0, 0
926050, 12035110, 0, 0
926134, 19238, 1, 0
927051, 11492405, 0, 0
927051, 21645, 1, 0
928124, 8519389, 0, 0
928124, 20071776, 1, 0
929071, 9449003, 0, 0
929071, 7153033, 1, 0
930031, 7446525, 0, 0
930031, 9719308, 1, 0
931048, 14204082, 1, 0
931048, 11572583, 0, 0
932028, 8486388, 0, 0
932029, 7245799, 1, 0
933068, 5824480, 0, 0
933068, 23736882, 1, 0
934003, 10398485, 0, 0
934004, 10939994, 1, 0
935071, 6024788, 0, 0
935071, 18939810, 1, 0
936102, 9159942, 0, 0
936102, 9426868, 1, 0
937032, 9329198, 0, 0
937032, 8140215, 1, 0
938125, 10241940, 0, 0
938125, 7334455, 1, 0
939061, 11132758, 0, 0
939061, 17238610, 1, 0
940095, 10480120, 0, 0
940095, 6611030, 1, 0
941017, 8937094, 0, 0
941447, 12530878, 1, 0
942099, 11001764, 0, 0
942099, 21015283, 1, 0
943049, 9416403, 0, 0
943049, 2909057, 1, 0
944042, 8409283, 0, 0
944157, 13028227, 1, 0
945069, 10286176, 0, 0
945069, 10682521, 1, 0
946040, 10595457, 0, 0
946040, 4677658, 1, 0
947071, 9332687, 0, 0
947197, 12635576, 1, 0
948049, 8611216, 0, 0
948049, 9585015, 1, 0
949124, 18194551, 1, 0
949125, 7880556, 0, 0
950029, 11294897, 0, 0
950029, 7915446, 1, 0
951010, 8064729, 0, 0
951010, 14901070, 1, 0
952016, 10343815, 0, 0
952017, 7425048, 1, 0
953004, 15758754, 1, 0
953004, 8112543, 0, 0
954088, 29492616, 1, 0
954088, 6661544, 0, 0
955005, 10254645, 0, 0
955005, 12179843, 1, 0
956089, 8550793, 0, 0
956089, 10269137, 1, 0
957012, 9720700, 0, 0
957012, 6428491, 1, 0
958023, 7332068, 0, 0
958024, 14637359, 1, 0
959008, 11860664, 0, 0
959009, 8463718, 1, 0
960047, 5192708, 0, 0
960156, 14763170, 1, 0
961022, 10602546, 0, 0
961022, 7015992, 1, 0
962114, 8794835, 0, 0
962114, 14263891, 1, 0
963023, 9022603, 0, 0
963023, 11142483, 1, 0
964011, 10791312, 0, 0
964011, 5401618, 1, 0
965020, 11018094, 1, 0
965020, 9688855, 0, 0
966010, 10879347, 1, 0
966010, 8306166, 0, 0
967004, 14707505, 1, 0
967004, 7536388, 0, 0
968066, 12563631, 0, 0
968066, 6732568, 1, 0
969019, 6822431, 0, 0
969020, 18294552, 1, 0
970012, 12008822, 0, 0
970012, 5370284, 1, 0
971013, 12840274, 1, 0
971013, 9277536, 0, 0
972040, 8731781, 0, 0
972142, 12661651, 1, 0
973030, 11401834, 0, 0
973239, 6774856, 1, 0
974075, 7762118, 0, 0
974075, 19596622, 1, 0
975022, 10023134, 0, 0
975022, 6157077, 1, 0
976053, 10098006, 0, 0
976053, 14852915, 1, 0
977077, 12338255, 0, 0
977149, 8649209, 1, 0
978012, 9962156, 0, 0
978012, 4530750, 1, 0
979008, 22414701, 1, 0
979008, 8280025, 0, 0
980087, 13800899, 1, 0
980087, 7783033, 0, 0
981081, 9694755, 0, 0
981081, 12787783, 1, 0
982031, 8805114, 0, 0
982246, 9952140, 1, 0
983017, 10938652, 0, 0
983017, 4765896, 1, 0
984072, 9273523, 0, 0
984072, 13391911, 1, 0
985014, 10399422, 0, 0
985014, 6860401, 1, 0
986057, 9409547, 0, 0
986057, 4578837, 1, 0
987087, 7445097, 0, 0
987087, 15346755, 1, 0
988050, 15634954, 1, 0
988050, 8268470, 0, 0
989066, 14644676, 1, 0
989066, 9479727, 0, 0
990062, 8868132, 0, 0
990062, 10064056, 1, 0
991034, 8954622, 0, 0
991034, 5992731, 1, 0
992070, 7327633, 0, 0
992070, 16846813, 1, 0
993069, 9389952, 1, 0
993069, 9076480, 0, 0
994027, 9686748, 0, 0
994027, 4264917, 1, 0
995025, 7687154, 0, 0
995025, 8540077, 1, 0
996006, 7326210, 0, 0
996006, 11865718, 1, 0
997054, 9658231, 0, 0
997054, 7219610, 1, 0
998027, 6057602, 1, 0
998027, 10136769, 0, 0
999037, 8156807, 0, 0
999037, 17695476, 1, 0
1000029, 9291341, 0, 0
1000029, 10191928, 1, 0
1001062, 9655284, 0, 0
1001062, 5925695, 1, 0
1002095, 7089587, 0, 0
1002095, 17179291, 1, 0
1003014, 9194984, 1, 0
1003014, 8646834, 0, 0
1004012, 9109811, 0, 0
1004084, 13038543, 1, 0
1005015, 17875805, 1, 0
1005015, 7285071, 0, 0
1006001, 10153729, 0, 0
1006001, 8965552, 1, 0
1007016, 13332134, 1, 0
1007016, 7318550, 0, 0
1008049, 10615666, 0, 0
1008049, 5133544, 1, 0
1009016, 16652876, 1, 0
1009016, 8678140, 0, 0
1010038, 7684279, 0, 0
1010038, 19886149, 1, 0
1011089, 6995331, 0, 0
1011089, 12831590, 1, 0
1012005, 5613211, 0, 0
1012074, 20864034, 1, 0
1013035, 11742138, 0, 0
1013035, 20847826, 1, 0
1014044, 9757192, 0, 0
1014044, 9916543, 1, 0
1015082, 20105557, 1, 0
1015082, 5514895, 0, 0
1016015, 14710115, 0, 0
1016015, 2235862, 1, 0
1017039, 7993921, 0, 0
1017109, 11670242, 1, 0
1018048, 9471591, 0, 0
1018048, 20313874, 1, 0
1019090, 8853389, 0, 0
1019090, 8678911, 1, 0
1020101, 10739859, 1, 0
1020101, 7799944, 0, 0
1021050, 21212198, 1, 0
1021050, 11202937, 0, 0
1022062, 6773070, 0, 0
1022062, 12393391, 1, 0
1023006, 9328776, 0, 0
1023006, 3286167, 1, 0
1024074, 7025231, 0, 0
1024074, 14557843, 1, 0
1025030, 12208164, 1, 0
1025030, 7863033, 0, 0
1026015, 11181987, 0, 0
1026015, 5898444, 1, 0
1027053, 5820419, 0, 0
1027053, 24327553, 1, 0
1028033, 10532123, 0, 0
1028033, 5587314, 1, 0
1029021, 10728213, 0, 0
1029022, 22245, 1, 0
1030026, 10555860, 0, 0
1030026, 6893945, 1, 0
1031061, 8620183, 0, 0
1031061, 4776927, 1, 0
1032072, 9734300, 0, 0
1032072, 13637414, 1, 0
1033033, 10672124, 0, 0
1033033, 4948203, 1, 0
1034048, 11389057, 1, 0
1034048, 8333491, 0, 0
1035021, 5676161, 1, 0
1035021, 11524595, 0, 0
1036029, 8980982, 0, 0
1036029, 3836942, 1, 0
1037025, 9119370, 0, 0
1037025, 4436750, 1, 0
1038059, 10805691, 0, 0
1038059, 5868036, 1, 0
1039040, 10234644, 0, 0
1039040, 8678010, 1, 0
1040081, 7516246, 0, 0
1040081, 17450144, 1, 0
1041077, 9745223, 0, 0
1041077, 15467963, 1, 0
1042030, 9737985, 0, 0
1042030, 7603423, 1, 0
1043048, 8785518, 0, 0
1043048, 8178307, 1, 0
1044063, 9578174, 0, 0
1044063, 11920007, 1, 0
1045049, 6589264, 0, 0
1045049, 10493283, 1, 0
1046052, 12068807, 0, 0
1046052, 24575, 1, 0
1047074, 14612895, 1, 0
1047074, 8873447, 0, 0
1048015, 7291189, 1, 0
1048015, 9259302, 0, 0
1049040, 7177541, 1, 0
1049040, 11073820, 0, 0
1050053, 11445198, 1, 0
1050054, 10089079, 0, 0
1051066, 7127485, 0, 0
1051067, 16499558, 1, 0
1052047, 7768367, 0, 0
1052047, 18350539, 1, 0
1053032, 9350433, 0, 0
1053032, 7934072, 1, 0
1054027, 9438682, 0, 0
1054027, 8737587, 1, 0
1055018, 10107370, 1, 0
1055018, 8510546, 0, 0
1056077, 10148966, 0, 0
1056077, 16559185, 1, 0
1057065, 6025487, 1, 0
1057065, 10883425, 0, 0
1058048, 4786474, 1, 0
1058048, 9526790, 0, 0
1059082, 9677688, 0, 0
1059082, 6944624, 1, 0
1060037, 8990440, 0, 0
1060149, 9503743, 1, 0
1061075, 10160247, 0, 0
1061075, 7903821, 1, 0
1062015, 6607379, 1, 0
1062016, 11125412, 0, 0
1063025, 9052725, 0, 0
1063025, 12097188, 1, 0
1064055, 11217584, 0, 0
1064136, 3360228, 1, 0
1065045, 6824417, 0, 0
1065045, 16108769, 1, 0
1066007, 17169780, 1, 0
1066007, 7017766, 0, 0
1067015, 12266677, 0, 0
1067015, 32151, 1, 0
1068019, 10145358, 0, 0
1068080, 8949104, 1, 0
1069015, 11201389, 0, 0
1069015, 6504280, 1, 0
1070025, 7504749, 1, 0
1070025, 9507561, 0, 0
1071004, 9916060, 0, 0
1071004, 7391343, 1, 0
1072015, 8094646, 0, 0
1072015, 10728386, 1, 0
1073055, 23102301, 1, 0
1073055, 4501183, 0, 0
1074014, 9399208, 0, 0
1074014, 12965615, 1, 0
1075010, 8023313, 1, 0
1075010, 8895081, 0, 0
1076006, 9058146, 0, 0
1076006, 11349749, 1, 0
1077020, 7649954, 0, 0
1077021, 18138413, 1, 0
1078074, 5510571, 0, 0
1078160, 28661226, 1, 0
1079046, 10502419, 0, 0
1079162, 9658612, 1, 0
1080005, 7279999, 0, 0
1080005, 12262192, 1, 0
1081004, 8169922, 0, 0
1081004, 17671387, 1, 0
1082024, 28393990, 1, 0
1082024, 5246972, 0, 0
1083028, 9963345, 0, 0
1083028, 6947195, 1, 0
1084031, 12120469, 0, 0
1084031, 9935586, 1, 0
1085006, 9698089, 0, 0
1085067, 14676178, 1, 0
1086006, 22637356, 1, 0
1086006, 5221339, 0, 0
1087056, 20636319, 1, 0
1087056, 7056472, 0, 0
1088069, 11758366, 0, 0
1088069, 4454038, 1, 0
1089048, 7441310, 0, 0
1089048, 16124612, 1, 0
1090085, 8494668, 1, 0
1090085, 9231780, 0, 0
1091064, 7772454, 0, 0
1091241, 26219543, 1, 0
1092003, 7107103, 0, 0
1092004, 7957032, 1, 0
1093013, 9464757, 0, 0
1093014, 8285355, 1, 0
1094064, 15259473, 1, 0
1094064, 8623983, 0, 0
1095016, 7239358, 0, 0
1095127, 11850101, 1, 0
1096066, 8597102, 0, 0
1096144, 8203578, 1, 0
1097011, 7779097, 0, 0
1097011, 16515677, 1, 0
1098045, 10246337, 0, 0
1098045, 12487765, 1, 0
1099067, 6801622, 0, 0
1099067, 19866254, 1, 0
1100044, 10015060, 1, 0
1100044, 9260473, 0, 0
1101049, 11946822, 0, 0
1101049, 33086, 1, 0
1102071, 8912932, 0, 0
1102162, 9073584, 1, 0
1103048, 11378101, 1, 0
1103049, 9335336, 0, 0
1104070, 9064702, 0, 0
1104070, 4810452, 1, 0
1105023, 10227095, 0, 0
1105074, 7042312, 1, 0
1106043, 9984337, 0, 0
1106128, 7968542, 1, 0
1107037, 8140841, 0, 0
1107037, 13178876, 1, 0
1108012, 8214264, 0, 0
1108012, 9849733, 1, 0
1109038, 8926330, 0, 0
1109039, 9528158, 1, 0
1110071, 11998679, 0, 0
1110071, 5995337, 1, 0
1111042, 7010369, 0, 0
1111042, 12724768, 1, 0
1112053, 11845456, 0, 0
1112053, 8305108, 1, 0
1113101, 13496061, 1, 0
1113101, 8163649, 0, 0
1114029, 12294888, 1, 0
1114029, 9073415, 0, 0
1115032, 8901538, 1, 0
1115032, 8231551, 0, 0
1116015, 8217974, 0, 0
1116085, 14952950, 1, 0
1117062, 10769958, 0, 0
1117062, 7726039, 1, 0
1118030, 12516748, 1, 0
1118030, 8292156, 0, 0
1119011, 9146069, 0, 0
1119229, 7969601, 1, 0
1120007, 10718092, 1, 0
1120007, 7311638, 0, 0
1121031, 12835955, 0, 0
1121031, 3684407, 1, 0
1122029, 10747714, 0, 0
1122029, 16345701, 1, 0
1123038, 10864185, 0, 0
1123038, 8045292, 1, 0
1124009, 6635078, 0, 0
1124009, 20274341, 1, 0
1125022, 6795118, 1, 0
1125022, 11204594, 0, 0
1126068, 10056990, 0, 0
1126246, 7970488, 1, 0
1127078, 10400182, 0, 0
1127078, 30151, 1, 0
1128061, 6508360, 0, 0
1128061, 22534225, 1, 0
1129030, 5586136, 1, 0
1129030, 11495929, 0, 0
1130045, 10543737, 0, 0
1130045, 3760119, 1, 0
1131047, 10309928, 0, 0
1131135, 36899, 1, 0
1132020, 10358779, 0, 0
1132103, 7333927, 1, 0
1133049, 10981944, 0, 0
1133049, 2657491, 1, 0
1134015, 9094067, 0, 0
1134114, 14602173, 1, 0
1135048, 7553313, 0, 0
1135048, 15356650, 1, 0
1136058, 8819087, 0, 0
1136058, 8146693, 1, 0
1137077, 7680846, 0, 0
1137203, 17217914, 1, 0
1138034, 11943136, 0, 0
1138034, 8462733, 1, 0
1139045, 8498392, 0, 0
1139045, 10587279, 1, 0
1140041, 8482334, 1, 0
1140041, 10858838, 0, 0
1141105, 8771094, 0, 0
1141105, 13462162, 1, 0
1142093, 8007795, 0, 0
1142093, 17644022, 1, 0
1143029, 7199995, 0, 0
1143029, 23286582, 1, 0
1144051, 9409780, 0, 0
1144051, 8019694, 1, 0
1145025, 8892909, 0, 0
1145025, 13502868, 1, 0
1146057, 10377884, 1, 0
1146057, 9287061, 0, 0
1147020, 11302197, 0, 0
1147020, 5259027, 1, 0
1148012, 7554584, 0, 0
1148012, 9449426, 1, 0
1149079, 8234505, 0, 0
1149080, 7678157, 1, 0
1150052, 5628319, 0, 0
1150052, 19050763, 1, 0
1151093, 8202564, 0, 0
1151093, 10890828, 1, 0
1152051, 8269530, 0, 0
1152052, 19829844, 1, 0
1153064, 9681231, 0, 0
1153064, 6725496, 1, 0
1154071, 9933206, 0, 0
1154071, 13454610, 1, 0
1155094, 10565175, 0, 0
1155094, 4481298, 1, 0
1156004, 8418700, 0, 0
1156004, 8403984, 1, 0
1157015, 8054392, 0, 0
1157085, 6400255, 1, 0
1158022, 10387553, 0, 0
1158022, 4055548, 1, 0
1159066, 8536957, 0, 0
1159067, 14731943, 1, 0
1160034, 22916882, 1, 0
1160034, 8336007, 0, 0
1161064, 8422743, 0, 0
1161064, 11852877, 1, 0
1162041, 17000442, 1, 0
1162041, 7466743, 0, 0
1163060, 6960254, 1, 0
1163060, 10034525, 0, 0
1164025, 10467574, 0, 0
1164025, 6892192, 1, 0
1165082, 13076038, 1, 0
1165082, 7814152, 0, 0
1166070, 10449369, 0, 0
1166071, 2732815, 1, 0
1167042, 8823067, 0, 0
1167241, 18873489, 1, 0
1168036, 9574595, 0, 0
1168036, 3049815, 1, 0
1169036, 8537678, 0, 0
1169036, 16194598, 1, 0
1170057, 8800180, 0, 0
1170057, 5399091, 1, 0
1171037, 7973954, 0, 0
1171037, 18383087, 1, 0
1172112, 7387842, 0, 0
1172112, 16371574, 1, 0
1173028, 9441462, 0, 0
1173147, 9429500, 1, 0
1174184, 11225409, 0, 0
1174184, 8223088, 1, 0
1175067, 8372134, 0, 0
1175067, 8517521, 1, 0
1176036, 7109570, 0, 0
1176128, 24189054, 1, 0
1177026, 9689368, 0, 0
1177026, 15273908, 1, 0
1178059, 8471153, 0, 0
1178059, 10641119, 1, 0
1179078, 8688700, 0, 0
1179078, 10134661, 1, 0
1180052, 9617317, 0, 0
1180052, 10256306, 1, 0
1181015, 8932510, 0, 0
1181015, 15234335, 1, 0
1182064, 7628651, 0, 0
1182064, 14448481, 1, 0
1183022, 10406550, 0, 0
1183022, 10853115, 1, 0
1184102, 7142649, 0, 0
1184102, 17898652, 1, 0
1185132, 10756052, 0, 0
1185132, 6768120, 1, 0
1186032, 8738016, 0, 0
1186032, 8261240, 1, 0
1187064, 8760006, 0, 0
1187064, 10048886, 1, 0
1188014, 18799397, 1, 0
1188014, 6658185, 0, 0
1189075, 8724655, 0, 0
1189075, 10075568, 1, 0
1190064, 10011530, 0, 0
1190064, 7484473, 1, 0
1191058, 10589279, 0, 0
1191058, 2577719, 1, 0
1192059, 8171373, 0, 0
1192059, 15111975, 1, 0
1193052, 7798945, 0, 0
1193053, 13375459, 1, 0
1194005, 11458829, 0, 0
1194120, 18961, 1, 0
1195018, 9077421, 0, 0
1195018, 9683146, 1, 0
1196097, 9557697, 0, 0
1196177, 7682400, 1, 0
1197038, 5759444, 1, 0
1197038, 12261124, 0, 0
1198082, 8504806, 0, 0
1198251, 15339031, 1, 0
1199027, 9673155, 0, 0
1199027, 5523652, 1, 0
1200022, 9973703, 0, 0
1200096, 11458896, 1, 0
1201061, 7901752, 0, 0
1201061, 9252448, 1, 0
1202104, 8474456, 0, 0
1202104, 10691472, 1, 0
1203051, 9661289, 0, 0
1203051, 9636186, 1, 0
1204031, 6807619, 0, 0
1204031, 28771936, 1, 0
1205004, 9029651, 0, 0
1205004, 7554541, 1, 0
1206021, 24263881, 1, 0
1206021, 6096727, 0, 0
1207000, 3688464, 1, 0
1207000, 9786948, 0, 0
1208013, 6652513, 0, 0
1208013, 21444410, 1, 0
1209154, 8814734, 0, 0
1209154, 9580035, 1, 0
1210083, 14972839, 1, 0
1210083, 8556162, 0, 0
1211084, 18864453, 1, 0
1211084, 8866183, 0, 0
1212052, 8129202, 0, 0
1212052, 11685932, 1, 0
1213019, 10976855, 0, 0
1213019, 11015490, 1, 0
1214098, 10726260, 0, 0
1214098, 8030366, 1, 0
1215070, 7015949, 0, 0
1215170, 20468524, 1, 0
1216019, 8956237, 0, 0
1216019, 12484516, 1, 0
1217159, 10817153, 0, 0
1217159, 8146612, 1, 0
1218069, 11426951, 0, 0
1218070, 3768722, 1, 0
1219040, 12705551, 0, 0
1219040, 6902043, 1, 0
1220018, 9331868, 0, 0
1220019, 8814758, 1, 0
1221027, 6386351, 0, 0
1221082, 26111184, 1, 0
1222020, 8311856, 0, 0
1222020, 11452567, 1, 0
1223003, 9666802, 0, 0
1223096, 9469336, 1, 0
1224032, 9734915, 0, 0
1224032, 7141792, 1, 0
1225000, 10464655, 0, 0
1225000, 4104192, 1, 0
1226088, 12475055, 0, 0
1226174, 5584963, 1, 0
1227078, 8769593, 0, 0
1227078, 3149425, 1, 0
1228012, 10938765, 0, 0
1228012, 7270934, 1, 0
1229042, 10247338, 1, 0
1229042, 7726750, 0, 0
1230003, 6680198, 0, 0
1230003, 16191726, 1, 0
1231045, 7423043, 0, 0
1231045, 14299772, 1, 0
1232031, 8794798, 0, 0
1232031, 14403865, 1, 0
1233038, 9236690, 0, 0
1233038, 11467210, 1, 0
1234022, 8887126, 0, 0
1234022, 12006770, 1, 0
1235064, 8953461, 0, 0
1235064, 8603240, 1, 0
1236041, 7576858, 0, 0
1236041, 15121681, 1, 0
1237031, 9921342, 0, 0
1237031, 12858694, 1, 0
1238032, 9069750, 0, 0
1238033, 10375801, 1, 0
1239096, 10926211, 0, 0
1239096, 11060442, 1, 0
1240023, 8612916, 0, 0
1240023, 8840206, 1, 0
1241059, 8417134, 0, 0
1241059, 10508870, 1, 0
1242010, 9871428, 0, 0
1242010, 12245201, 1, 0
1243092, 9946520, 0, 0
1243093, 4561359, 1, 0
1244069, 18769872, 1, 0
1244069, 5184603, 0, 0
1245094, 11635642, 0, 0
1245199, 6566370, 1, 0
1246041, 6824030, 1, 0
1246041, 7986004, 0, 0
1247082, 11526024, 0, 0
1247082, 9660739, 1, 0
1248054, 8999451, 0, 0
1248276, 14577089, 1, 0
1249049, 8735372, 1, 0
1249049, 7935587, 0, 0
1250002, 15729708, 1, 0
1250002, 7609591, 0, 0
1251061, 11120984, 0, 0
1251141, 9160628, 1, 0
1252018, 31076358, 1, 0
1252018, 8835561, 0, 0
1253020, 10810422, 0, 0
1253115, 15876906, 1, 0
1254021, 7035107, 0, 0
1254021, 13519940, 1, 0
1255042, 8212905, 0, 0
1255042, 9798991, 1, 0
1256074, 8365799, 0, 0
1256074, 12020225, 1, 0
1257055, 8729384, 0, 0
1257181, 7009080, 1, 0
1258034, 12502625, 0, 0
1258034, 3453958, 1, 0
1259086, 10581413, 0, 0
1259086, 8212539, 1, 0
1260030, 6915104, 0, 0
1260030, 18974309, 1, 0
1261078, 7832887, 0, 0
1261078, 10056608, 1, 0
1262001, 14361390, 1, 0
1262001, 7994445, 0, 0
1263040, 6721384, 0, 0
1263040, 24318116, 1, 0
1264004, 9644771, 0, 0
1264005, 4143702, 1, 0
1265041, 11787349, 0, 0
1265042, 15866204, 1, 0
1266077, 8031518, 0, 0
1266078, 13350156, 1, 0
1267067, 10424566, 0, 0
1267068, 4567707, 1, 0
1268019, 7836405, 0, 0
1268042, 17658472, 1, 0
1269048, 6588174, 0, 0
1269048, 14000615, 1, 0
1270059, 8099133, 0, 0
1270059, 26489155, 1, 0
1271009, 17214378, 1, 0
1271009, 7144997, 0, 0
1272020, 5831149, 0, 0
1272020, 35857232, 1, 0
1273028, 9779016, 0, 0
1273028, 12878026, 1, 0
1274038, 5861716, 0, 0
1274039, 19339251, 1, 0
1275082, 7462701, 0, 0
1275082, 20017149, 1, 0
1276005, 6910744, 0, 0
1276083, 15636964, 1, 0
1277053, 5252933, 1, 0
1277054, 9778537, 0, 0
1278037, 12049360, 0, 0
1278133, 6424432, 1, 0
1279016, 9614424, 0, 0
1279121, 6476279, 1, 0
1280035, 8444960, 0, 0
1280035, 7703656, 1, 0
1281074, 8709595, 0, 0
1281074, 13129461, 1, 0
1282082, 9537549, 0, 0
1282239, 9287042, 1, 0
1283005, 9689581, 0, 0
1283005, 8821962, 1, 0
1284006, 10968312, 0, 0
1284006, 4745752, 1, 0
1285059, 9730705, 0, 0
1285059, 34580, 1, 0
1286027, 12554638, 0, 0
1286027, 38586, 1, 0
1287052, 7065184, 0, 0
1287052, 18214665, 1, 0
1288084, 7673485, 0, 0
1288084, 19342322, 1, 0
1289036, 6895759, 0, 0
1289036, 24344511, 1, 0
1290044, 13663265, 1, 0
1290044, 7371763, 0, 0
1291078, 11985186, 0, 0
1291078, 3350391, 1, 0
1292040, 6972089, 0, 0
1292040, 17391532, 1, 0
1293032, 13944158, 1, 0
1293033, 6692057, 0, 0
1294062, 24005106, 1, 0
1294062, 5753162, 0, 0
1295004, 7738392, 0, 0
1295004, 18430358, 1, 0
1296040, 10087804, 0, 0
1296040, 10382989, 1, 0
1297053, 6809454, 1, 0
1297053, 9897718, 0, 0
1298065, 7502270, 0, 0
1298065, 8282949, 1, 0
1299019, 12954040, 0, 0
1299104, 6543576, 1, 0
1300011, 10166730, 0, 0
1300011, 5634919, 1, 0
1301107, 10206391, 0, 0
1301107, 7821098, 1, 0
1302042, 28947558, 1, 0
1302042, 7528343, 0, 0
1303039, 10051681, 1, 0
1303039, 8500693, 0, 0
1304009, 15907975, 1, 0
1304009, 7942235, 0, 0
1305046, 9157915, 0, 0
1305046, 7114740, 1, 0
1306075, 10539208, 0, 0
1306075, 12534153, 1, 0
1307028, 9739405, 0, 0
1307028, 7335952, 1, 0
1308058, 9386531, 0, 0
1308155, 18239627, 1, 0
1309035, 6835512, 0, 0
1309035, 11731451, 1, 0
1310061, 10022538, 0, 0
1310061, 6507204, 1, 0
1311042, 8666642, 0, 0
1311042, 10051884, 1, 0
1312004, 8828458, 0, 0
1312004, 3210837, 1, 0
1313010, 6707886, 0, 0
1313010, 20661174, 1, 0
1314058, 8636351, 0, 0
1314058, 10443810, 1, 0
1315015, 15937113, 1, 0
1315015, 7776732, 0, 0
1316074, 10979186, 0, 0
1316075, 3535129, 1, 0
1317025, 11255102, 0, 0
1317025, 6588410, 1, 0
1318088, 8361391, 0, 0
1318088, 9615977, 1, 0
1319051, 8997824, 0, 0
1319143, 12398809, 1, 0
1320035, 28435643, 1, 0
1320035, 3453679, 0, 0
1321007, 9558919, 0, 0
1321007, 15126836, 1, 0
1322000, 8830456, 1, 0
1322000, 9401643, 0, 0
1323049, 7966099, 0, 0
1323181, 20102826, 1, 0
1324007, 9628231, 0, 0
1324007, 4909695, 1, 0
1325042, 10345928, 1, 0
1325042, 9046983, 0, 0
1326090, 10534670, 0, 0
1326090, 10757748, 1, 0
1327046, 6074209, 1, 0
1327046, 11823972, 0, 0
1328058, 9731740, 0, 0
1328058, 7379070, 1, 0
1329037, 7438943, 0, 0
1329038, 18602253, 1, 0
1330017, 6511692, 0, 0
1330017, 19624353, 1, 0
1331048, 6378549, 0, 0
1331134, 20528629, 1, 0
1332051, 13717680, 0, 0
1332051, 31251, 1, 0
1333076, 12076518, 0, 0
1333076, 7162833, 1, 0
1334110, 8437309, 0, 0
1334110, 14639203, 1, 0
1335033, 9162145, 0, 0
1335033, 15813361, 1, 0
1336085, 7467322, 0, 0
1336085, 15231602, 1, 0
1337043, 10980701, 0, 0
1337043, 5031435, 1, 0
1338106, 17862085, 1, 0
1338106, 6238056, 0, 0
1339020, 8973244, 0, 0
1339020, 6359221, 1, 0
1340022, 9398487, 0, 0
1340023, 14159059, 1, 0
1341010, 8831357, 0, 0
1341011, 7054524, 1, 0
1342002, 10526542, 0, 0
1342002, 3129052, 1, 0
1343062, 11972210, 1, 0
1343062, 9095021, 0, 0
1344105, 9332656, 0, 0
1344297, 7429721, 1, 0
1345091, 8592129, 0, 0
1345091, 14737983, 1, 0
1346026, 11253105, 0, 0
1346026, 31267, 1, 0
1347029, 6808508, 0, 0
1347030, 18407146, 1, 0
1348060, 9388262, 1, 0
1348060, 10244929, 0, 0
1349042, 11243465, 0, 0
1349042, 11394073, 1, 0
1350055, 8360109, 0, 0
1350055, 8157635, 1, 0
1351088, 8635631, 0, 0
1351088, 11991465, 1, 0
1352016, 9306946, 0, 0
1352016, 3230561, 1, 0
1353003, 8415656, 0, 0
1353003, 9556761, 1, 0
1354060, 5491633, 1, 0
1354060, 11213371, 0, 0
1355066, 8020777, 0, 0
1355066, 18192846, 1, 0
1356012, 9727916, 0, 0
1356012, 5615106, 1, 0
1357095, 8082573, 0, 0
1357135, 14627309, 1, 0
1358002, 6729962, 0, 0
1358002, 18113543, 1, 0
1359035, 9134802, 0, 0
1359035, 8414876, 1, 0
1360069, 14501119, 1, 0
1360070, 7803178, 0, 0
1361051, 7691260, 0, 0
1361051, 11672763, 1, 0
1362066, 4209280, 1, 0
1362066, 10907859, 0, 0
1363006, 10609785, 0, 0
1363006, 12198228, 1, 0
1364022, 6456689, 0, 0
1364022, 15839674, 1, 0
1365056, 8326651, 0, 0
1365056, 12149138, 1, 0
1366011, 8929222, 0, 0
1366011, 3824028, 1, 0
1367076, 8090605, 0, 0
1367076, 10973184, 1, 0
1368020, 7987606, 0, 0
1368094, 9415159, 1, 0
1369041, 9632670, 0, 0
1369215, 12427031, 1, 0
1370116, 9134902, 0, 0
1370116, 16506739, 1, 0
1371065, 6942293, 0, 0
1371065, 14467169, 1, 0
1372042, 9782607, 0, 0
1372043, 5823927, 1, 0
1373030, 5785687, 0, 0
1373030, 23711433, 1, 0
1374060, 23548461, 1, 0
1374060, 6228845, 0, 0
1375032, 11187348, 1, 0
1375032, 9011393, 0, 0
1376090, 12431158, 0, 0
1376090, 32998, 1, 0
1377029, 10969341, 0, 0
1377030, 5937404, 1, 0
1378005, 9140260, 0, 0
1378103, 8944401, 1, 0
1379036, 11307132, 0, 0
1379036, 4600085, 1, 0
1380033, 11196134, 0, 0
1380033, 3355963, 1, 0
1381101, 18972982, 1, 0
1381101, 6238609, 0, 0
1382024, 9909143, 0, 0
1382127, 7151948, 1, 0
1383067, 8836560, 0, 0
1383067, 6959369, 1, 0
1384012, 7116653, 0, 0
1384013, 19898849, 1, 0
1385068, 9162032, 0, 0
1385068, 9207726, 1, 0
1386043, 9618822, 0, 0
1386043, 8958102, 1, 0
1387004, 17792803, 1, 0
1387004, 6525180, 0, 0
1388158, 10988064, 0, 0
1388158, 4149717, 1, 0
1389048, 10532113, 0, 0
1389048, 7994814, 1, 0
1390066, 7906457, 0, 0
1390066, 16342116, 1, 0
1391061, 8218912, 0, 0
1391062, 10979781, 1, 0
1392033, 9180328, 0, 0
1392033, 10513570, 1, 0
1393018, 7277402, 0, 0
1393018, 14897283, 1, 0
1394096, 3584023, 0, 0
1394096, 32154299, 1, 0
1395021, 10182760, 0, 0
1395021, 6598281, 1, 0
1396089, 9017321, 0, 0
1396089, 12571122, 1, 0
1397013, 6189481, 0, 0
1397014, 18651584, 1, 0
1398074, 11611666, 0, 0
1398074, 6121162, 1, 0
1399035, 11795406, 1, 0
1399035, 8050152, 0, 0
1400003, 18447451, 1, 0
1400003, 9067496, 0, 0
1401022, 10623962, 0, 0
1401085, 10535205, 1, 0
1402027, 24831765, 1, 0
1402027, 5999315, 0, 0
1403032, 10150149, 0, 0
1403032, 3529536, 1, 0
1404016, 7737600, 0, 0
1404016, 14827544, 1, 0
1405023, 7681203, 0, 0
1405023, 9900197, 1, 0
1406089, 9840635, 0, 0
1406089, 14345201, 1, 0
1407006, 8695252, 1, 0
1407006, 8945876, 0, 0
1408082, 10013834, 0, 0
1408082, 7655696, 1, 0
1409031, 8182127, 0, 0
1409032, 15652953, 1, 0
1410044, 8214523, 1, 0
1410044, 10522202, 0, 0
1411064, 8271186, 0, 0
1411064, 13980095, 1, 0
1412065, 10232839, 0, 0
1412066, 2885732, 1, 0
1413047, 9214301, 0, 0
1413047, 10577008, 1, 0
1414095, 9525228, 0, 0
1414095, 6335061, 1, 0
1415103, 7497503, 0, 0
1415104, 9467704, 1, 0
1416066, 13882259, 1, 0
1416066, 7551356, 0, 0
1417023, 10496879, 0, 0
1417023, 33827, 1, 0
1418066, 10648157, 0, 0
1418156, 5251747, 1, 0
1419037, 10290091, 0, 0
1419037, 4778998, 1, 0
1420005, 6838164, 0, 0
1420005, 11830125, 1, 0
1421007, 10568145, 0, 0
1421007, 6437272, 1, 0
1422049, 7133784, 0, 0
1422124, 14744936, 1, 0
1423008, 8484117, 0, 0
1423008, 16969417, 1, 0
1424066, 9082742, 0, 0
1424066, 9227831, 1, 0
1425039, 7108796, 0, 0
1425039, 8284677, 1, 0
1426029, 10276446, 0, 0
1426029, 8090243, 1, 0
1427119, 27246848, 1, 0
1427119, 5944505, 0, 0
1428040, 10826213, 0, 0
1428040, 6843574, 1, 0
1429013, 11914632, 0, 0
1429013, 2766160, 1, 0
1430027, 10405482, 0, 0
1430027, 6811393, 1, 0
1431033, 9619095, 0, 0
1431033, 6337937, 1, 0
1432071, 10532925, 0, 0
1432071, 4143762, 1, 0
1433025, 8329942, 0, 0
1433025, 14684559, 1, 0
1434001, 8057950, 0, 0
1434001, 12246944, 1, 0
1435022, 12516983, 0, 0
1435022, 4743513, 1, 0
1436042, 21457855, 1, 0
1436042, 4439963, 0, 0
1437115, 17170424, 1, 0
1437115, 7261686, 0, 0
1438006, 10109283, 0, 0
1438006, 6944285, 1, 0
1439037, 11110847, 0, 0
1439037, 14651372, 1, 0
1440068, 9948211, 0, 0
1440068, 7157602, 1, 0
1441067, 9646463, 1, 0
1441067, 8035288, 0, 0
1442030, 9971728, 0, 0
1442030, 3758151, 1, 0
1443002, 35646402, 1, 0
1443002, 7597349, 0, 0
1444098, 9417258, 0, 0
1444099, 6400883, 1, 0
1445036, 10385344, 0, 0
1445036, 8022528, 1, 0
1446003, 7529361, 0, 0
1446003, 15442733, 1, 0
1447042, 10450636, 0, 0
1447042, 3458112, 1, 0
1448078, 6148150, 0, 0
1448078, 14905215, 1, 0
1449014, 6832730, 0, 0
1449014, 16865799, 1, 0
1450080, 9466025, 1, 0
1450080, 10843042, 0, 0
1451049, 17447362, 1, 0
1451049, 8210990, 0, 0
1452087, 8665323, 0, 0
1452087, 14907866, 1, 0
1453000, 8754175, 0, 0
1453000, 9153312, 1, 0
1454050, 8443157, 0, 0
1454050, 17438568, 1, 0
1455020, 8043013, 0, 0
1455020, 17667377, 1, 0
1456040, 7329729, 0, 0
1456040, 14932979, 1, 0
1457019, 18545620, 1, 0
1457019, 8729879, 0, 0
1458024, 7418452, 0, 0
1458025, 3790093, 1, 0
1459041, 9156279, 0, 0
1459168, 11712073, 1, 0
1460036, 9445147, 0, 0
1460135, 9741046, 1, 0
1461073, 9858875, 0, 0
1461165, 10090236, 1, 0
1462001, 4612159, 0, 0
1462001, 15507203, 1, 0
1463043, 8704559, 0, 0
1463043, 16386086, 1, 0
1464089, 17653498, 1, 0
1464089, 6076926, 0, 0
1465026, 12192682, 0, 0
1465177, 785790, 1, 0
1466075, 12041029, 0, 0
1466075, 32958, 1, 0
1467026, 7897666, 0, 0
1467026, 9127715, 1, 0
1468002, 10510287, 0, 0
1468097, 4207344, 1, 0
1469054, 17652206, 1, 0
1469054, 8522141, 0, 0
1470097, 8478006, 0, 0
1470097, 16393863, 1, 0
1471064, 12065093, 1, 0
1471064, 7440145, 0, 0
1472129, 12602936, 1, 0
1472129, 9161006, 0, 0
1473061, 9008435, 0, 0
1473061, 11188491, 1, 0
1474059, 14799316, 1, 0
1474059, 7967079, 0, 0
1475051, 12855337, 0, 0
1475051, 3418479, 1, 0
1476084, 6921395, 0, 0
1476084, 11863988, 1, 0
1477033, 8942733, 0, 0
1477033, 15797792, 1, 0
1478046, 5725393, 1, 0
1478046, 11227146, 0, 0
1479028, 9340364, 1, 0
1479028, 8667130, 0, 0
1480065, 9980453, 0, 0
1480065, 7674130, 1, 0
1481012, 6460976, 1, 0
1481012, 7639112, 0, 0
1482022, 10812348, 0, 0
1482022, 4280896, 1, 0
1483066, 6288105, 0, 0
1483066, 14406176, 1, 0
1484064, 8257228, 0, 0
1484064, 12651158, 1, 0
1485009, 22196388, 1, 0
1485009, 6450186, 0, 0
1486053, 6646200, 0, 0
1486054, 23691043, 1, 0
1487057, 9360517, 0, 0
1487057, 6555907, 1, 0
1488026, 12434604, 0, 0
1488089, 6867652, 1, 0
1489041, 5756859, 0, 0
1489041, 21654806, 1, 0
1490051, 8403015, 0, 0
1490051, 11633647, 1, 0
1491004, 7103115, 0, 0
1491004, 18958643, 1, 0
1492037, 7444692, 0, 0
1492133, 18486897, 1, 0
1493022, 7681704, 0, 0
1493022, 15409119, 1, 0
1494005, 17693912, 1, 0
1494005, 6731738, 0, 0
1495051, 5372227, 0, 0
1495051, 16377710, 1, 0
1496003, 8012066, 0, 0
1496098, 12517102, 1, 0
1497016, 22261863, 1, 0
1497016, 8199533, 0, 0
1498008, 6839890, 0, 0
1498008, 21255008, 1, 0
1499067, 9961263, 0, 0
1499067, 10965556, 1, 0
1500007, 10713657, 0, 0
1500007, 4881425, 1, 0
1501002, 11081569, 0, 0
1501002, 12563832, 1, 0
1502052, 10329881, 0, 0
1502052, 3570161, 1, 0
1503043, 8754802, 0, 0
1503044, 8805577, 1, 0
1504002, 5928709, 0, 0
1504002, 18347860, 1, 0
1505035, 9546645, 0, 0
1505035, 10069725, 1, 0
1506063, 9581075, 0, 0
1506063, 2868335, 1, 0
1507087, 11631435, 1, 0
1507087, 9085804, 0, 0
1508042, 23824339, 1, 0
1508042, 6417179, 0, 0
1509026, 19741975, 1, 0
1509026, 7259735, 0, 0
1510051, 9945417, 0, 0
1510051, 4143743, 1, 0
1511064, 9591662, 0, 0
1511064, 8761848, 1, 0
1512071, 8911848, 0, 0
1512071, 14638157, 1, 0
1513041, 7679478, 0, 0
1513041, 12485619, 1, 0
1514098, 24549377, 1, 0
1514098, 7094451, 0, 0
1515071, 10837882, 0, 0
1515071, 10234940, 1, 0
1516015, 9012474, 0, 0
1516015, 12695070, 1, 0
1517070, 10550161, 1, 0
1517070, 7850830, 0, 0
1518055, 7283550, 0, 0
1518055, 17447395, 1, 0
1519004, 7854292, 0, 0
1519004, 12556207, 1, 0
1520078, 12410107, 1, 0
1520078, 8806296, 0, 0
1521070, 20515550, 1, 0
1521070, 6476711, 0, 0
1522075, 7850785, 0, 0
1522154, 13717233, 1, 0
1523034, 10242444, 0, 0
1523120, 4893339, 1, 0
1524065, 15077383, 1, 0
1524065, 9863792, 0, 0
1525055, 10097776, 0, 0
1525055, 4529641, 1, 0
1526003, 15363869, 1, 0
1526003, 7081873, 0, 0
1527010, 12684512, 1, 0
1527010, 9134567, 0, 0
1528024, 18132909, 1, 0
1528024, 10410606, 0, 0
1529011, 12050424, 0, 0
1529011, 4723173, 1, 0
1530035, 27391754, 1, 0
1530035, 6015428, 0, 0
1531088, 13580736, 1, 0
1531088, 7617964, 0, 0
1532036, 7767743, 0, 0
1532171, 17953987, 1, 0
1533077, 11085667, 0, 0
1533077, 6276336, 1, 0
1534057, 9289471, 0, 0
1534057, 11721201, 1, 0
1535079, 8120173, 0, 0
1535079, 8741483, 1, 0
1536004, 9908030, 0, 0
1536004, 10959817, 1, 0
1537093, 9030970, 0, 0
1537093, 3072550, 1, 0
1538037, 8149886, 0, 0
1538136, 6612717, 1, 0
1539087, 12123864, 0, 0
1539087, 6340046, 1, 0
1540050, 15141885, 1, 0
1540050, 7766059, 0, 0
1541012, 9714007, 0, 0
1541012, 7265502, 1, 0
1542060, 16995890, 1, 0
1542060, 8221772, 0, 0
1543034, 9736543, 1, 0
1543034, 9609620, 0, 0
1544036, 10126541, 0, 0
1544133, 1817276, 1, 0
1545057, 8780109, 0, 0
1545057, 7566823, 1, 0
1546043, 11778600, 0, 0
1546043, 7525190, 1, 0
1547008, 13712415, 1, 0
1547008, 8101261, 0, 0
1548015, 9894061, 0, 0
1548015, 16542955, 1, 0
1549029, 7011606, 0, 0
1549029, 15623683, 1, 0
1550011, 10778994, 0, 0
1550011, 15099744, 1, 0
1551029, 8715863, 0, 0
1551029, 9999184, 1, 0
1552043, 25749957, 1, 0
1552043, 5136759, 0, 0
1553007, 10046833, 0, 0
1553007, 4048633, 1, 0
1554042, 9688066, 0, 0
1554117, 11773351, 1, 0
1555037, 9180857, 0, 0
1555037, 13196166, 1, 0
1556002, 25590515, 1, 0
1556002, 4547329, 0, 0
1557072, 11316456, 0, 0
1557072, 5853102, 1, 0
1558006, 11225753, 0, 0
1558006, 8590037, 1, 0
1559027, 8694392, 0, 0
1559027, 10140368, 1, 0
1560040, 10381408, 0, 0
1560040, 10171996, 1, 0
1561078, 9467775, 0, 0
1561231, 5632400, 1, 0
1562027, 19001425, 1, 0
1562027, 7078829, 0, 0
1563078, 9230340, 0, 0
1563159, 10135911, 1, 0
1564020, 9332478, 0, 0
1564020, 5395799, 1, 0
1565049, 13016509, 1, 0
1565050, 8736151, 0, 0
1566087, 12646536, 0, 0
1566129, 7209935, 1, 0
1567054, 8944980, 0, 0
1567054, 19809864, 1, 0
1568051, 8516591, 0, 0
1568051, 14587266, 1, 0
1569076, 6143994, 0, 0
1569076, 22549548, 1, 0
1570102, 7744222, 0, 0
1570102, 14879966, 1, 0
1571083, 9672865, 0, 0
1571083, 6292428, 1, 0
1572038, 9898341, 0, 0
1572038, 10517651, 1, 0
1573053, 8590284, 0, 0
1573236, 15018348, 1, 0
1574020, 8553070, 0, 0
1574020, 3746565, 1, 0
1575016, 9199052, 0, 0
1575016, 9271933, 1, 0
1576033, 7887736, 0, 0
1576033, 15722055, 1, 0
1577022, 6810620, 0, 0
1577210, 19710801, 1, 0
1578071, 8068954, 0, 0
1578071, 6652689, 1, 0
1579032, 9421874, 0, 0
1579032, 9900550, 1, 0
1580095, 12254445, 1, 0
1580095, 9661008, 0, 0
1581058, 8598509, 0, 0
1581058, 12090314, 1, 0
1582043, 8290940, 0, 0
1582043, 13061441, 1, 0
1583009, 9170549, 0, 0
1583009, 12022977, 1, 0
1584057, 11301035, 0, 0
1584057, 9730386, 1, 0
1585031, 6402364, 0, 0
1585031, 13064593, 1, 0
1586073, 8246598, 0, 0
1586198, 8609877, 1, 0
1587055, 8082223, 0, 0
1587056, 12864898, 1, 0
1588035, 10059742, 0, 0
1588035, 10227077, 1, 0
1589068, 7656993, 0, 0
1589068, 22420230, 1, 0
1590049, 10701739, 1, 0
1590049, 8057540, 0, 0
1591044, 9295669, 0, 0
1591122, 6179502, 1, 0
1592057, 7797132, 1, 0
1592057, 9626094, 0, 0
1593067, 8840656, 0, 0
1593067, 10272709, 1, 0
1594021, 6079528, 1, 0
1594021, 9972073, 0, 0
1595052, 12864765, 0, 0
1595052, 33932, 1, 0
1596104, 10696656, 0, 0
1596104, 18424966, 1, 0
1597075, 9339840, 0, 0
1597075, 7607069, 1, 0
1598007, 18488607, 1, 0
1598007, 8226828, 0, 0
1599076, 8526757, 0, 0
1599076, 7653018, 1, 0
1600002, 8379646, 0, 0
1600002, 10427043, 1, 0
1601056, 8689577, 0, 0
1601056, 10246835, 1, 0
1602061, 9485688, 0, 0
1602061, 16945666, 1, 0
1603036, 7889864, 0, 0
1603036, 17382471, 1, 0
1604030, 9194871, 0, 0
1604030, 9176835, 1, 0
1605059, 9916405, 0, 0
1605059, 5004863, 1, 0
1606047, 19144929, 1, 0
1606048, 7661481, 0, 0
1607048, 9933231, 0, 0
1607048, 6426298, 1, 0
1608072, 9549875, 0, 0
1608165, 11329355, 1, 0
1609056, 8051631, 0, 0
1609056, 18385965, 1, 0
1610000, 10620452, 1, 0
1610000, 8162200, 0, 0
1611123, 10226755, 0, 0
1611123, 9498994, 1, 0
1612044, 11935447, 0, 0
1612044, 31768, 1, 0
1613059, 9404985, 0, 0
1613059, 10127015, 1, 0
1614002, 6639679, 1, 0
1614002, 8867509, 0, 0
1615053, 7905499, 0, 0
1615053, 11170640, 1, 0
1616026, 14476393, 1, 0
1616026, 6853769, 0, 0
1617029, 7851286, 0, 0
1617029, 14874342, 1, 0
1618002, 7782060, 0, 0
1618002, 14743271, 1, 0
1619029, 8517776, 0, 0
1619029, 10727750, 1, 0
1620047, 14906046, 1, 0
1620047, 7492297, 0, 0
1621005, 9779451, 0, 0
1621005, 5067942, 1, 0
1622079, 12177970, 0, 0
1622079, 3369965, 1, 0
1623098, 8154147, 0, 0
1623098, 6745080, 1, 0
1624038, 7269002, 0, 0
1624038, 21074100, 1, 0
1625006, 21822914, 1, 0
1625006, 5352960, 0, 0
1626035, 6723355, 0, 0
1626035, 14186042, 1, 0
1627025, 10398330, 0, 0
1627120, 9918775, 1, 0
1628032, 11168484, 0, 0
1628032, 34212, 1, 0
1629027, 9934151, 0, 0
1629212, 28160651, 1, 0
1630025, 14468989, 1, 0
1630025, 8767314, 0, 0
1631088, 7934342, 0, 0
1631193, 15399893, 1, 0
1632017, 9327482, 0, 0
1632118, 18965165, 1, 0
1633101, 7451809, 0, 0
1633101, 15024071, 1, 0
1634070, 15469325, 1, 0
1634070, 7829668, 0, 0
1635106, 5135590, 1, 0
1635106, 10850021, 0, 0
1636017, 10412875, 0, 0
1636017, 5615385, 1, 0
1637006, 8438641, 0, 0
1637006, 14956687, 1, 0
1638047, 11277764, 1, 0
1638047, 7264119, 0, 0
1639016, 7695312, 0, 0
1639016, 6488479, 1, 0
1640032, 7747202, 0, 0
1640032, 20502852, 1, 0
1641050, 7374731, 0, 0
1641137, 21663770, 1, 0
1642057, 9001374, 0, 0
1642057, 10373331, 1, 0
1643051, 10556720, 0, 0
1643122, 11930676, 1, 0
1644073, 9422924, 0, 0
1644073, 8791180, 1, 0
1645000, 9768360, 0, 0
1645000, 3714548, 1, 0
1646070, 11184620, 0, 0
1646070, 7017654, 1, 0
1647000, 7892275, 0, 0
1647000, 4205220, 1, 0
1648013, 11706564, 0, 0
1648014, 11447089, 1, 0
1649045, 9014767, 0, 0
1649220, 17040405, 1, 0
1650072, 7910498, 0, 0
1650072, 11706894, 1, 0
1651034, 8150614, 0, 0
1651035, 11423959, 1, 0
1652074, 7844489, 0, 0
1652074, 14042878, 1, 0
1653037, 10568783, 0, 0
1653037, 35067, 1, 0
1654006, 7637498, 0, 0
1654006, 16183400, 1, 0
1655078, 10306405, 0, 0
1655078, 7938119, 1, 0
1656017, 7810039, 0, 0
1656017, 17337893, 1, 0
1657029, 9955962, 0, 0
1657029, 7505789, 1, 0
1658088, 23292201, 1, 0
1658088, 5460685, 0, 0
1659088, 7656875, 0, 0
1659276, 12578356, 1, 0
1660075, 10780228, 1, 0
1660075, 9130132, 0, 0
1661004, 11168070, 1, 0
1661004, 7798932, 0, 0
1662067, 9921136, 0, 0
1662067, 14931656, 1, 0
1663008, 10420332, 0, 0
1663008, 11344042, 1, 0
1664046, 9240567, 0, 0
1664046, 9605693, 1, 0
1665104, 11213620, 0, 0
1665104, 5766501, 1, 0
1666017, 8725460, 0, 0
1666144, 7238908, 1, 0
1667006, 10611510, 0, 0
1667006, 28887, 1, 0
1668044, 8400084, 0, 0
1668044, 13538185, 1, 0
1669074, 8684968, 0, 0
1669074, 12693922, 1, 0
1670034, 7477401, 0, 0
1670034, 14688238, 1, 0
1671061, 10200087, 0, 0
1671271, 10526223, 1, 0
1672004, 6561947, 0, 0
1672004, 20575703, 1, 0
1673021, 9362680, 0, 0
1673102, 8656097, 1, 0
1674040, 9790663, 0, 0
1674162, 12835160, 1, 0
1675097, 14742263, 1, 0
1675097, 6820671, 0, 0
1676028, 9602399, 0, 0
1676028, 4022349, 1, 0
1677022, 9111048, 0, 0
1677022, 13232997, 1, 0
1678013, 10100824, 0, 0
1678013, 4759226, 1, 0
1679071, 9062576, 0, 0
1679071, 13436711, 1, 0
1680017, 9668492, 0, 0
1680017, 4221920, 1, 0
1681005, 8158730, 0, 0
1681005, 19480844, 1, 0
1682046, 13369374, 1, 0
1682046, 6853072, 0, 0
1683031, 9482750, 0, 0
1683031, 10125033, 1, 0
1684014, 7615925, 0, 0
1684014, 16356535, 1, 0
1685053, 10813925, 0, 0
1685053, 36238, 1, 0
1686071, 8268711, 0, 0
1686103, 17536714, 1, 0
1687042, 14057152, 1, 0
1687042, 8188191, 0, 0
1688019, 5884323, 0, 0
1688020, 23794184, 1, 0
1689136, 8268940, 0, 0
1689136, 21722433, 1, 0
1690041, 7569172, 0, 0
1690041, 14898496, 1, 0
1691010, 38191760, 1, 0
1691010, 4987626, 0, 0
1692106, 10015967, 0, 0
1692106, 11017763, 1, 0
1693082, 16272954, 1, 0
1693082, 6175650, 0, 0
1694019, 9188969, 0, 0
1694019, 8356433, 1, 0
1695083, 10937704, 0, 0
1695083, 1780489, 1, 0
1696050, 9560957, 0, 0
1696050, 6711047, 1, 0
1697002, 8935616, 0, 0
1697002, 14399854, 1, 0
1698070, 9309658, 0, 0
1698070, 10845350, 1, 0
1699022, 6569195, 0, 0
1699022, 16199694, 1, 0
1700037, 11786539, 0, 0
1700037, 26027, 1, 0
1701035, 11479727, 0, 0
1701035, 1851632, 1, 0
1702017, 8976018, 0, 0
1702017, 8364796, 1, 0
1703005, 16910444, 1, 0
1703005, 6278574, 0, 0
1704093, 8800080, 0, 0
1704094, 12632963, 1, 0
1705054, 12618576, 0, 0
1705054, 31874, 1, 0
1706030, 10210473, 0, 0
1706030, 5649164, 1, 0
1707008, 7599579, 0, 0
1707008, 8639657, 1, 0
1708047, 5911104, 0, 0
1708047, 20009359, 1, 0
1709011, 9800581, 0, 0
1709011, 13426471, 1, 0
1710056, 20907172, 1, 0
1710056, 7712553, 0, 0
1711105, 8432162, 0, 0
1711105, 12048701, 1, 0
1712074, 11949324, 0, 0
1712074, 34998, 1, 0
1713047, 9170965, 1, 0
1713047, 9174171, 0, 0
1714075, 8737747, 0, 0
1714076, 8365352, 1, 0
1715033, 10995550, 0, 0
1715034, 30650, 1, 0
1716053, 4701565, 1, 0
1716053, 10030895, 0, 0
1717043, 8789024, 0, 0
1717043, 14725150, 1, 0
1718089, 16742409, 1, 0
1718089, 7091980, 0, 0
1719035, 10634411, 0, 0
1719035, 3264528, 1, 0
1720023, 7718584, 0, 0
1720217, 24183197, 1, 0
1721117, 10663571, 0, 0
1721118, 48046, 1, 0
1722010, 8120869, 0, 0
1722010, 14754371, 1, 0
1723071, 10660304, 1, 0
1723071, 7882655, 0, 0
1724019, 6175340, 0, 0
1724164, 19976881, 1, 0
1725018, 17354134, 1, 0
1725018, 6288439, 0, 0
1726008, 8886678, 0, 0
1726008, 5472137, 1, 0
1727021, 21798874, 1, 0
1727021, 4965346, 0, 0
1728043, 11937684, 0, 0
1728043, 8125603, 1, 0
1729031, 9747132, 0, 0
1729031, 9384108, 1, 0
1730026, 9951712, 0, 0
1730121, 10812974, 1, 0
1731064, 10381644, 1, 0
1731064, 9001215, 0, 0
1732028, 7171447, 0, 0
1732029, 10533533, 1, 0
1733061, 10187138, 0, 0
1733061, 6045110, 1, 0
1734091, 8989261, 0, 0
1734091, 10082707, 1, 0
1735046, 11070685, 0, 0
1735046, 6580056, 1, 0
1736003, 8674764, 1, 0
1736003, 8597565, 0, 0
1737002, 8308873, 1, 0
1737002, 12800656, 0, 0
1738045, 8377706, 1, 0
1738045, 9192338, 0, 0
1739097, 9349042, 0, 0
1739097, 14378179, 1, 0
1740051, 7751359, 0, 0
1740052, 13209386, 1, 0
1741049, 11047872, 0, 0
1741049, 5116515, 1, 0
1742020, 9784872, 0, 0
1742020, 8836941, 1, 0
1743034, 12085908, 0, 0
1743034, 4418091, 1, 0
1744001, 4958350, 1, 0
1744001, 9802238, 0, 0
1745067, 12915984, 0, 0
1745067, 11600379, 1, 0
1746037, 17468807, 1, 0
1746037, 6656743, 0, 0
1747014, 10092816, 0, 0
1747014, 4545557, 1, 0
1748016, 6919080, 0, 0
1748016, 16152677, 1, 0
1749085, 8540182, 1, 0
1749085, 10375417, 0, 0
1750012, 12033278, 0, 0
1750012, 19924, 1, 0
1751018, 9098871, 1, 0
1751018, 9889309, 0, 0
1752037, 9932129, 0, 0
1752038, 7926364, 1, 0
1753067, 27216931, 1, 0
1753067, 6897862, 0, 0
1754017, 8797503, 0, 0
1754017, 17556501, 1, 0
1755049, 11985041, 0, 0
1755049, 30154, 1, 0
1756034, 9759246, 1, 0
1756034, 9856139, 0, 0
1757094, 17452505, 1, 0
1757094, 8108686, 0, 0
1758035, 10066876, 0, 0
1758125, 9717164, 1, 0
1759018, 8076189, 0, 0
1759018, 5830035, 1, 0
1760133, 10154054, 0, 0
1760133, 6926316, 1, 0
1761034, 10269872, 0, 0
1761034, 12591359, 1, 0
1762028, 9995320, 0, 0
1762028, 6282218, 1, 0
1763093, 10078424, 1, 0
1763093, 9084790, 0, 0
1764018, 5172240, 1, 0
1764018, 9539924, 0, 0
1765079, 7857950, 0, 0
1765079, 12721843, 1, 0
1766028, 9205890, 0, 0
1766028, 3495442, 1, 0
1767034, 11812511, 0, 0
1767034, 30579, 1, 0
1768017, 9051617, 0, 0
1768100, 13231882, 1, 0
1769028, 10909054, 0, 0
1769028, 34869, 1, 0
1770076, 10300659, 1, 0
1770076, 9888329, 0, 0
1771104, 11934650, 0, 0
1771104, 33261, 1, 0
1772048, 8173872, 0, 0
1772134, 11922860, 1, 0
1773092, 8495778, 0, 0
1773092, 9622354, 1, 0
1774010, 9086073, 0, 0
1774010, 7391316, 1, 0
1775028, 10414496, 0, 0
1775028, 14716324, 1, 0
1776007, 12389317, 1, 0
1776007, 10460840, 0, 0
1777025, 10466236, 0, 0
1777025, 8487909, 1, 0
1778050, 9993285, 1, 0
1778050, 8191115, 0, 0
1779007, 10619267, 0, 0
1779092, 4508960, 1, 0
1780071, 8494256, 0, 0
1780334, 12803287, 1, 0
1781039, 9453595, 0, 0
1781039, 13331882, 1, 0
1782023, 20427716, 1, 0
1782024, 6928771, 0, 0
1783020, 8478956, 0, 0
1783020, 16122284, 1, 0
1784056, 12189908, 0, 0
1784056, 3600353, 1, 0
1785032, 6391485, 0, 0
1785107, 22428563, 1, 0
1786024, 10887490, 0, 0
1786024, 40582, 1, 0
1787045, 11793327, 0, 0
1787045, 5919368, 1, 0
1788018, 7069178, 0, 0
1788018, 4113419, 1, 0
1789060, 29639875, 1, 0
1789060, 6251134, 0, 0
1790024, 12136791, 0, 0
1790124, 5987291, 1, 0
1791017, 8415478, 0, 0
1791017, 9047273, 1, 0
1792050, 8605149, 0, 0
1792050, 14834913, 1, 0
1793071, 4228202, 1, 0
1793071, 9734838, 0, 0
1794075, 8557851, 0, 0
1794075, 11849186, 1, 0
1795065, 7343442, 0, 0
1795144, 17383414, 1, 0
1796050, 11566419, 0, 0
1796050, 36078, 1, 0
1797084, 12602910, 0, 0
1797084, 4011604, 1, 0
1798006, 9380971, 0, 0
1798006, 10233849, 1, 0
1799002, 9879198, 0, 0
1799002, 4371526, 1, 0
1800025, 8690723, 0, 0
1800259, 14262318, 1, 0
