999, 89, 0, 0
2000, 153, 0, 0
2999, 144, 0, 0
3999, 144, 0, 0
4999, 146, 0, 0
6000, 145, 0, 0
6999, 145, 0, 0
7999, 146, 0, 0
8999, 145, 0, 0
10000, 129, 0, 0
11000, 146, 0, 0
11999, 146, 0, 0
12999, 146, 0, 0
14000, 140, 0, 0
14999, 148, 0, 0
15999, 150, 0, 0
17000, 149, 0, 0
18000, 147, 0, 0
18999, 150, 0, 0
19999, 146, 0, 0
20999, 150, 0, 0
22000, 156, 0, 0
23000, 140, 0, 0
23999, 151, 0, 0
24999, 151, 0, 0
26000, 133, 0, 0
27000, 150, 0, 0
27999, 152, 0, 0
28999, 161, 0, 0
30000, 141, 0, 0
31000, 161, 0, 0
31999, 148, 0, 0
32999, 153, 0, 0
34000, 155, 0, 0
35000, 154, 0, 0
35999, 159, 0, 0
37000, 156, 0, 0
38000, 156, 0, 0
38999, 154, 0, 0
40000, 158, 0, 0
41000, 165, 0, 0
41999, 151, 0, 0
42999, 150, 0, 0
44000, 161, 0, 0
44999, 157, 0, 0
45999, 150, 0, 0
47000, 154, 0, 0
48000, 165, 0, 0
48999, 148, 0, 0
49999, 158, 0, 0
51000, 153, 0, 0
51999, 162, 0, 0
52999, 159, 0, 0
54000, 148, 0, 0
54999, 163, 0, 0
55999, 147, 0, 0
57000, 161, 0, 0
58000, 160, 0, 0
58999, 161, 0, 0
59999, 158, 0, 0
61000, 165, 0, 0
62000, 163, 0, 0
62999, 156, 0, 0
63999, 161, 0, 0
65000, 162, 0, 0
65999, 161, 0, 0
66999, 161, 0, 0
68000, 170, 0, 0
68999, 168, 0, 0
69999, 165, 0, 0
71000, 178, 0, 0
72000, 152, 0, 0
72999, 173, 0, 0
74000, 166, 0, 0
75000, 174, 0, 0
75999, 164, 0, 0
77000, 170, 0, 0
78000, 157, 0, 0
78999, 173, 0, 0
79999, 152, 0, 0
81000, 167, 0, 0
81999, 168, 0, 0
82999, 172, 0, 0
84000, 169, 0, 0
84999, 169, 0, 0
85999, 153, 0, 0
87000, 173, 0, 0
87999, 165, 0, 0
88999, 165, 0, 0
90000, 159, 0, 0
91000, 172, 0, 0
91999, 182, 0, 0
93000, 167, 0, 0
94000, 173, 0, 0
94999, 169, 0, 0
96000, 180, 0, 0
97000, 182, 0, 0
97999, 162, 0, 0
98999, 182, 0, 0
100000, 167, 0, 0
100999, 175, 0, 0
101999, 189, 0, 0
103000, 175, 0, 0
104000, 170, 0, 0
104999, 175, 0, 0
106000, 166, 0, 0
107000, 175, 0, 0
107999, 175, 0, 0
108999, 184, 0, 0
110000, 164, 0, 0
111000, 166, 0, 0
111999, 191, 0, 0
112999, 171, 0, 0
114000, 171, 0, 0
114999, 187, 0, 0
115999, 176, 0, 0
117000, 186, 0, 0
118000, 191, 0, 0
118999, 181, 0, 0
120000, 183, 0, 0
121000, 185, 0, 0
121999, 173, 0, 0
122999, 179, 0, 0
124000, 186, 0, 0
125000, 182, 0, 0
125999, 182, 0, 0
127000, 186, 0, 0
128000, 174, 0, 0
128999, 188, 0, 0
130000, 185, 0, 0
131000, 193, 0, 0
131999, 178, 0, 0
132999, 205, 0, 0
134000, 194, 0, 0
134999, 194, 0, 0
135999, 186, 0, 0
137000, 186, 0, 0
138000, 163, 0, 0
138999, 205, 0, 0
139999, 177, 0, 0
141000, 192, 0, 0
142000, 194, 0, 0
142999, 191, 0, 0
143999, 186, 0, 0
145000, 171, 0, 0
146000, 205, 0, 0
146999, 184, 0, 0
148000, 215, 0, 0
149000, 179, 0, 0
149999, 191, 0, 0
150999, 204, 0, 0
152000, 196, 0, 0
153000, 226, 0, 0
153999, 184, 0, 0
155000, 194, 0, 0
156000, 199, 0, 0
156999, 198, 0, 0
158000, 185, 0, 0
159000, 202, 0, 0
159999, 198, 0, 0
160999, 187, 0, 0
162000, 186, 0, 0
163000, 197, 0, 0
163999, 203, 0, 0
165000, 188, 0, 0
166000, 189, 0, 0
166999, 214, 0, 0
168000, 185, 0, 0
169000, 220, 0, 0
169999, 218, 0, 0
170999, 222, 0, 0
172000, 211, 0, 0
172999, 204, 0, 0
173999, 214, 0, 0
175000, 191, 0, 0
176000, 211, 0, 0
176999, 206, 0, 0
177999, 211, 0, 0
179000, 200, 0, 0
179999, 209, 0, 0
180999, 199, 0, 0
182000, 211, 0, 0
182999, 189, 0, 0
183999, 208, 0, 0
185000, 221, 0, 0
186000, 228, 0, 0
186999, 225, 0, 0
187999, 226, 0, 0
189000, 218, 0, 0
189999, 213, 0, 0
190999, 193, 0, 0
192000, 226, 0, 0
192999, 216, 0, 0
193999, 216, 0, 0
195000, 204, 0, 0
196000, 215, 0, 0
196999, 193, 0, 0
197999, 210, 0, 0
199000, 214, 0, 0
199999, 220, 0, 0
200999, 218, 0, 0
202000, 237, 0, 0
202999, 233, 0, 0
203999, 222, 0, 0
205000, 237, 0, 0
206000, 238, 0, 0
206999, 236, 0, 0
208000, 202, 0, 0
209000, 227, 0, 0
209999, 196, 0, 0
211000, 209, 0, 0
212000, 238, 0, 0
212999, 212, 0, 0
213999, 230, 0, 0
215000, 239, 0, 0
215999, 229, 0, 0
216999, 219, 0, 0
218000, 238, 0, 0
219000, 234, 0, 0
219999, 221, 0, 0
221000, 242, 0, 0
222000, 230, 0, 0
222999, 250, 0, 0
224000, 236, 0, 0
225000, 232, 0, 0
225999, 226, 0, 0
226999, 239, 0, 0
228000, 230, 0, 0
228999, 230, 0, 0
229999, 245, 0, 0
231000, 244, 0, 0
232000, 222, 0, 0
232999, 230, 0, 0
234000, 242, 0, 0
235000, 272, 0, 0
235999, 251, 0, 0
236999, 258, 0, 0
238000, 212, 0, 0
238999, 248, 0, 0
239999, 243, 0, 0
241000, 239, 0, 0
242000, 284, 0, 0
242999, 257, 0, 0
244000, 241, 0, 0
244999, 230, 0, 0
245999, 267, 0, 0
247000, 221, 0, 0
248000, 232, 0, 0
248999, 240, 0, 0
250000, 261, 0, 0
251000, 252, 0, 0
251999, 234, 0, 0
252999, 268, 0, 0
254000, 235, 0, 0
254999, 234, 0, 0
255999, 270, 0, 0
257000, 277, 0, 0
258000, 274, 0, 0
258999, 265, 0, 0
259999, 243, 0, 0
261000, 258, 0, 0
261999, 268, 0, 0
262999, 240, 0, 0
264000, 236, 0, 0
264999, 269, 0, 0
265999, 252, 0, 0
267000, 257, 0, 0
268000, 258, 0, 0
268999, 254, 0, 0
270000, 248, 0, 0
271000, 240, 0, 0
271999, 262, 0, 0
273000, 244, 0, 0
274000, 288, 0, 0
274999, 278, 0, 0
276000, 257, 0, 0
277000, 282, 0, 0
277999, 273, 0, 0
278999, 281, 0, 0
280000, 264, 0, 0
281000, 267, 0, 0
281999, 276, 0, 0
283000, 275, 0, 0
284000, 288, 0, 0
284999, 249, 0, 0
285999, 267, 0, 0
287000, 285, 0, 0
287999, 278, 0, 0
288999, 262, 0, 0
290000, 279, 0, 0
291000, 297, 0, 0
291999, 261, 0, 0
293000, 290, 0, 0
294000, 302, 0, 0
294999, 252, 0, 0
295999, 260, 0, 0
297000, 301, 0, 0
297999, 291, 0, 0
298999, 329, 0, 0
300000, 290, 0, 0
300999, 287, 0, 0
301999, 293, 0, 0
303000, 311, 0, 0
303999, 293, 0, 0
304999, 336, 0, 0
306000, 330, 0, 0
307000, 288, 0, 0
307999, 362, 0, 0
309000, 308, 0, 0
310000, 320, 0, 0
310999, 266, 0, 0
311999, 326, 0, 0
313000, 354, 0, 0
313999, 304, 0, 0
314999, 325, 0, 0
316000, 288, 0, 0
317000, 327, 0, 0
317999, 337, 0, 0
319000, 336, 0, 0
320000, 366, 0, 0
320999, 331, 0, 0
321999, 325, 0, 0
323000, 315, 0, 0
323999, 308, 0, 0
324999, 307, 0, 0
326000, 309, 0, 0
326999, 339, 0, 0
327999, 334, 0, 0
329000, 328, 0, 0
330000, 349, 0, 0
330999, 324, 0, 0
331999, 302, 0, 0
333000, 295, 0, 0
333999, 301, 0, 0
334999, 362, 0, 0
336000, 347, 0, 0
336999, 326, 0, 0
337999, 380, 0, 0
339000, 353, 0, 0
339999, 348, 0, 0
340999, 365, 0, 0
342000, 335, 0, 0
343000, 332, 0, 0
343999, 358, 0, 0
344999, 359, 0, 0
346000, 362, 0, 0
347000, 298, 0, 0
347999, 373, 0, 0
348999, 353, 0, 0
350000, 331, 0, 0
350999, 385, 0, 0
351999, 369, 0, 0
353000, 373, 0, 0
353999, 357, 0, 0
354999, 371, 0, 0
356000, 384, 0, 0
356999, 350, 0, 0
357999, 372, 0, 0
359000, 421, 0, 0
360000, 386, 0, 0
360999, 358, 0, 0
362000, 346, 0, 0
363000, 385, 0, 0
363999, 407, 0, 0
364999, 396, 0, 0
366000, 381, 0, 0
367000, 366, 0, 0
367999, 377, 0, 0
368999, 412, 0, 0
370000, 431, 0, 0
370999, 401, 0, 0
371999, 415, 0, 0
373000, 353, 0, 0
373999, 379, 0, 0
374999, 428, 0, 0
376000, 412, 0, 0
377000, 365, 0, 0
377999, 381, 0, 0
379000, 374, 0, 0
380000, 408, 0, 0
380999, 479, 0, 0
381999, 385, 0, 0
383000, 420, 0, 0
384000, 441, 0, 0
384999, 404, 0, 0
385999, 369, 0, 0
387000, 443, 0, 0
387999, 397, 0, 0
388999, 433, 0, 0
390000, 484, 0, 0
391000, 422, 0, 0
391999, 417, 0, 0
392999, 420, 0, 0
394000, 445, 0, 0
394999, 440, 0, 0
395999, 444, 0, 0
397000, 384, 0, 0
398000, 448, 0, 0
398999, 485, 0, 0
400000, 443, 0, 0
401000, 481, 0, 0
401999, 464, 0, 0
402999, 448, 0, 0
404000, 458, 0, 0
404999, 474, 0, 0
405999, 460, 0, 0
407000, 457, 0, 0
408000, 431, 0, 0
408999, 489, 0, 0
410000, 509, 0, 0
411000, 456, 0, 0
411999, 541, 0, 0
412999, 455, 0, 0
414000, 508, 0, 0
414999, 514, 0, 0
415999, 525, 0, 0
417000, 470, 0, 0
418000, 401, 0, 0
418999, 505, 0, 0
419999, 518, 0, 0
421000, 516, 0, 0
421999, 546, 0, 0
422999, 538, 0, 0
424000, 585, 0, 0
425000, 588, 0, 0
425999, 542, 0, 0
426999, 527, 0, 0
428000, 515, 0, 0
428999, 528, 0, 0
429999, 495, 0, 0
431000, 545, 0, 0
431999, 627, 0, 0
432999, 583, 0, 0
434000, 530, 0, 0
435000, 533, 0, 0
435999, 579, 0, 0
437000, 617, 0, 0
438000, 622, 0, 0
438999, 552, 0, 0
439999, 513, 0, 0
441000, 593, 0, 0
441999, 553, 0, 0
442999, 580, 0, 0
444000, 617, 0, 0
445000, 618, 0, 0
445999, 624, 0, 0
447000, 597, 0, 0
448000, 571, 0, 0
448999, 640, 0, 0
449999, 561, 0, 0
451000, 598, 0, 0
451999, 595, 0, 0
452999, 566, 0, 0
454000, 693, 0, 0
454999, 723, 0, 0
455999, 547, 0, 0
457000, 645, 0, 0
458000, 804, 0, 0
458999, 625, 0, 0
459999, 656, 0, 0
461000, 641, 0, 0
461999, 834, 0, 0
462999, 808, 0, 0
464000, 637, 0, 0
464999, 688, 0, 0
465999, 637, 0, 0
467000, 751, 0, 0
467999, 733, 0, 0
468999, 722, 0, 0
470000, 722, 0, 0
470999, 690, 0, 0
471999, 644, 0, 0
473000, 775, 0, 0
474000, 640, 0, 0
474999, 811, 0, 0
475999, 746, 0, 0
477000, 739, 0, 0
477999, 744, 0, 0
478999, 793, 0, 0
480000, 816, 0, 0
480999, 856, 0, 0
481999, 755, 0, 0
483000, 905, 0, 0
484000, 711, 0, 0
484999, 830, 0, 0
485999, 942, 0, 0
487000, 1035, 0, 0
488000, 956, 0, 0
488999, 982, 0, 0
489999, 911, 0, 0
491000, 876, 0, 0
492000, 908, 0, 0
492999, 836, 0, 0
493999, 712, 0, 0
495000, 798, 0, 0
496000, 1076, 0, 0
496999, 1011, 0, 0
497999, 976, 0, 0
499000, 916, 0, 0
499999, 923, 0, 0
500999, 871, 0, 0
502000, 1031, 0, 0
503000, 961, 0, 0
503999, 988, 0, 0
504999, 1113, 0, 0
506000, 1114, 0, 0
506999, 1125, 0, 0
507999, 1192, 0, 0
509000, 1202, 0, 0
510000, 965, 0, 0
510999, 1021, 0, 0
511999, 1085, 0, 0
513000, 1102, 0, 0
513999, 1387, 0, 0
514999, 991, 0, 0
516000, 1176, 0, 0
517000, 1089, 0, 0
517999, 1171, 0, 0
518999, 1116, 0, 0
520000, 1426, 0, 0
520999, 1713, 0, 0
521999, 1467, 0, 0
523000, 1588, 0, 0
524000, 1132, 0, 0
524999, 1644, 0, 0
525999, 1474, 0, 0
527000, 1360, 0, 0
527999, 1870, 0, 0
528999, 1444, 0, 0
530000, 1386, 0, 0
531000, 1413, 0, 0
531999, 1467, 0, 0
532999, 1411, 0, 0
534000, 1584, 0, 0
535000, 1614, 0, 0
535999, 1749, 0, 0
536999, 1744, 0, 0
538000, 1752, 0, 0
538999, 1837, 0, 0
539999, 1652, 0, 0
540999, 1571, 0, 0
542000, 2210, 0, 0
542999, 1631, 0, 0
543999, 1812, 0, 0
545000, 2081, 0, 0
546000, 1841, 0, 0
546999, 2311, 0, 0
547999, 2407, 0, 0
549000, 2097, 0, 0
549999, 2563, 0, 0
550999, 1982, 0, 0
552000, 2493, 0, 0
553000, 2267, 0, 0
553999, 2959, 0, 0
554999, 2725, 0, 0
556000, 3275, 0, 0
557000, 3034, 0, 0
558000, 3179, 0, 0
558999, 3783, 0, 0
560000, 3773, 0, 0
561000, 3702, 0, 0
561999, 3697, 0, 0
562999, 3363, 0, 0
564000, 3825, 0, 0
565000, 3670, 0, 0
565999, 4030, 0, 0
566999, 3178, 0, 0
568000, 5351, 0, 0
569000, 5331, 0, 0
569999, 6036, 0, 0
570999, 4561, 0, 0
572000, 7067, 0, 0
573000, 6152, 0, 0
574000, 6208, 0, 0
574999, 6703, 0, 0
576000, 6940, 0, 0
577000, 9821, 0, 0
578000, 10372, 0, 0
578999, 9064, 0, 0
579999, 16106, 0, 0
580999, 15714, 0, 0
582000, 27523, 0, 0
583000, 31673, 0, 0
583999, 47064, 0, 0
584999, 56106, 0, 0
585999, 55807, 0, 0
586999, 51581, 0, 0
587999, 49148, 0, 0
589000, 49178, 0, 0
590000, 49272, 0, 0
591000, 49508, 0, 0
591999, 49206, 0, 0
592999, 49522, 0, 0
593999, 49417, 0, 0
594999, 49514, 0, 0
596000, 49387, 0, 0
597000, 49669, 0, 0
598000, 49654, 0, 0
599000, 49557, 0, 0
600000, 49657, 0, 0
600999, 49458, 0, 0
601999, 49585, 0, 0
603000, 49424, 0, 0
604000, 49521, 0, 0
605001, 49598, 0, 0
605999, 49605, 0, 0
606999, 49549, 0, 0
608000, 49539, 0, 0
609000, 49492, 0, 0
610000, 49490, 0, 0
611000, 49524, 0, 0
612000, 49400, 0, 0
613000, 49538, 0, 0
614000, 49452, 0, 0
615000, 49536, 0, 0
616000, 49526, 0, 0
617000, 49511, 0, 0
618000, 49507, 0, 0
619000, 49334, 0, 0
620000, 49644, 0, 0
621000, 49462, 0, 0
622000, 49393, 0, 0
623000, 49448, 0, 0
624000, 49663, 0, 0
625000, 49327, 0, 0
626000, 49595, 0, 0
627000, 49546, 0, 0
628000, 49551, 0, 0
629000, 49740, 0, 0
630000, 49453, 0, 0
631000, 49555, 0, 0
632000, 49460, 0, 0
633000, 49566, 0, 0
634000, 49551, 0, 0
635000, 49577, 0, 0
636000, 49609, 0, 0
637000, 49499, 0, 0
638000, 49501, 0, 0
639000, 49560, 0, 0
640000, 49528, 0, 0
641000, 49444, 0, 0
642000, 49507, 0, 0
643000, 49711, 0, 0
644000, 49572, 0, 0
645000, 49416, 0, 0
646000, 49556, 0, 0
647000, 49604, 0, 0
648000, 49579, 0, 0
649000, 49526, 0, 0
650000, 49556, 0, 0
651000, 49444, 0, 0
652000, 49492, 0, 0
653000, 49459, 0, 0
654000, 49527, 0, 0
655000, 49406, 0, 0
656000, 49468, 0, 0
657000, 49227, 0, 0
658000, 49456, 0, 0
659000, 49396, 0, 0
659999, 49501, 0, 0
660999, 49503, 0, 0
661999, 49541, 0, 0
662999, 49568, 0, 0
663998, 49424, 0, 0
664998, 49739, 0, 0
665998, 49543, 0, 0
666998, 49523, 0, 0
667998, 49504, 0, 0
668998, 49732, 0, 0
669998, 49411, 0, 0
670997, 49595, 0, 0
671997, 49642, 0, 0
672997, 50944, 0, 0
673997, 51465, 0, 0
674996, 51243, 0, 0
675996, 51407, 0, 0
676996, 51487, 0, 0
677995, 51280, 0, 0
678996, 51496, 0, 0
679996, 51334, 0, 0
680996, 51211, 0, 0
681995, 51232, 0, 0
682995, 51427, 0, 0
683995, 51428, 0, 0
684995, 51506, 0, 0
685994, 51391, 0, 0
686994, 51515, 0, 0
687995, 51311, 0, 0
688995, 51324, 0, 0
689994, 51517, 0, 0
690994, 51424, 0, 0
691994, 51622, 0, 0
692993, 51522, 0, 0
693993, 51542, 0, 0
694993, 51712, 0, 0
695993, 51936, 0, 0
696992, 51828, 0, 0
697992, 51622, 0, 0
698992, 51461, 0, 0
699992, 51533, 0, 0
700992, 51680, 0, 0
701992, 51588, 0, 0
702992, 51522, 0, 0
703992, 51480, 0, 0
704991, 51467, 0, 0
705991, 51527, 0, 0
706991, 51632, 0, 0
707991, 51597, 0, 0
709000, 51503, 0, 0
710000, 51023, 0, 0
711000, 51230, 0, 0
712000, 51295, 0, 0
712999, 51223, 0, 0
713999, 51203, 0, 0
714999, 51139, 0, 0
716000, 51092, 0, 0
717000, 51095, 0, 0
718000, 51263, 0, 0
719000, 51039, 0, 0
720000, 51144, 0, 0
720999, 50960, 0, 0
721999, 51492, 0, 0
723000, 51236, 0, 0
724000, 51244, 0, 0
725000, 50858, 0, 0
726000, 51199, 0, 0
726999, 51179, 0, 0
727999, 51167, 0, 0
729000, 51194, 0, 0
730000, 51049, 0, 0
731000, 51393, 0, 0
732000, 51408, 0, 0
732999, 51531, 0, 0
733999, 51521, 0, 0
735000, 51117, 0, 0
736000, 51293, 0, 0
737000, 51342, 0, 0
738000, 51172, 0, 0
738999, 51053, 0, 0
739999, 50984, 0, 0
741000, 50915, 0, 0
742000, 51132, 0, 0
743000, 51114, 0, 0
744000, 51272, 0, 0
745000, 51276, 0, 0
745999, 51175, 0, 0
746999, 51183, 0, 0
748000, 51047, 0, 0
749000, 51265, 0, 0
750000, 51125, 0, 0
751000, 51088, 0, 0
751999, 51023, 0, 0
752999, 51075, 0, 0
754000, 51445, 0, 0
755000, 51340, 0, 0
756000, 51265, 0, 0
756999, 51413, 0, 0
757999, 51099, 0, 0
758999, 51288, 0, 0
759999, 51121, 0, 0
761000, 51171, 0, 0
762000, 50977, 0, 0
763000, 51134, 0, 0
764000, 51126, 0, 0
764999, 51194, 0, 0
765999, 51287, 0, 0
766999, 51086, 0, 0
767999, 51030, 0, 0
769000, 50942, 0, 0
770000, 51152, 0, 0
771000, 50954, 0, 0
772000, 51072, 0, 0
772999, 51056, 0, 0
773999, 51109, 0, 0
774999, 51013, 0, 0
775999, 50917, 0, 0
777000, 51198, 0, 0
778000, 51051, 0, 0
779000, 51141, 0, 0
780000, 50970, 0, 0
780999, 50936, 0, 0
781999, 51085, 0, 0
783000, 51048, 0, 0
784000, 51114, 0, 0
785000, 51004, 0, 0
786000, 50986, 0, 0
787000, 50971, 0, 0
787999, 51098, 0, 0
788999, 51050, 0, 0
790000, 51002, 0, 0
791000, 50879, 0, 0
792000, 50934, 0, 0
792999, 50938, 0, 0
793999, 51157, 0, 0
794999, 51020, 0, 0
795999, 51040, 0, 0
797000, 51159, 0, 0
798000, 50945, 0, 0
799000, 51395, 0, 0
800000, 51336, 0, 0
800999, 51331, 0, 0
801999, 51413, 0, 0
802999, 51340, 0, 0
803999, 51336, 0, 0
805000, 51323, 0, 0
806000, 51228, 0, 0
807000, 51447, 0, 0
807999, 51226, 0, 0
808999, 51395, 0, 0
809999, 51477, 0, 0
810999, 51338, 0, 0
812000, 51347, 0, 0
813000, 51234, 0, 0
814000, 51147, 0, 0
815000, 51012, 0, 0
815999, 51079, 0, 0
816999, 50989, 0, 0
817999, 50898, 0, 0
819000, 51106, 0, 0
820000, 50994, 0, 0
821000, 50860, 0, 0
822000, 51138, 0, 0
822999, 51299, 0, 0
823999, 51332, 0, 0
824999, 51198, 0, 0
825999, 51089, 0, 0
827000, 50962, 0, 0
828000, 51026, 0, 0
829000, 51005, 0, 0
829999, 50975, 0, 0
830999, 51020, 0, 0
831999, 51152, 0, 0
832999, 51054, 0, 0
834000, 50950, 0, 0
835000, 50972, 0, 0
836000, 51103, 0, 0
836999, 51013, 0, 0
837999, 50913, 0, 0
838999, 50888, 0, 0
839999, 51150, 0, 0
841000, 51024, 0, 0
842000, 50892, 0, 0
843000, 50980, 0, 0
844000, 50975, 0, 0
844999, 51112, 0, 0
845999, 51402, 0, 0
846999, 51247, 0, 0
848000, 51019, 0, 0
849000, 50984, 0, 0
850000, 50870, 0, 0
851000, 51051, 0, 0
851999, 50974, 0, 0
852999, 51004, 0, 0
853999, 50989, 0, 0
854999, 50969, 0, 0
856000, 50982, 0, 0
857000, 51100, 0, 0
858000, 50856, 0, 0
859000, 51032, 0, 0
859999, 51002, 0, 0
860999, 50982, 0, 0
861999, 50936, 0, 0
863000, 51050, 0, 0
864000, 50886, 0, 0
865000, 50851, 0, 0
866000, 50837, 0, 0
866999, 50854, 0, 0
867999, 50992, 0, 0
868999, 51099, 0, 0
870000, 51023, 0, 0
871000, 51017, 0, 0
872000, 50902, 0, 0
873000, 50794, 0, 0
873999, 50934, 0, 0
874999, 51042, 0, 0
876000, 50892, 0, 0
877000, 51046, 0, 0
878000, 50754, 0, 0
879000, 51234, 0, 0
879999, 50803, 0, 0
880999, 50979, 0, 0
882000, 50864, 0, 0
883000, 50966, 0, 0
884000, 50989, 0, 0
885000, 50917, 0, 0
886000, 51173, 0, 0
886999, 50880, 0, 0
887999, 51184, 0, 0
889000, 51165, 0, 0
890000, 50797, 0, 0
891000, 51054, 0, 0
892000, 51002, 0, 0
892999, 50914, 0, 0
893999, 51048, 0, 0
895000, 50806, 0, 0
896000, 50915, 0, 0
897000, 50887, 0, 0
898000, 50797, 0, 0
899000, 51156, 0, 0
899999, 50938, 0, 0
900999, 50943, 0, 0
902000, 50880, 0, 0
903000, 50964, 0, 0
904000, 51132, 0, 0
905000, 50872, 0, 0
905999, 51215, 0, 0
906999, 50950, 0, 0
908000, 50773, 0, 0
909000, 50810, 0, 0
910000, 51116, 0, 0
911000, 50900, 0, 0
911999, 51137, 0, 0
912999, 50843, 0, 0
914000, 50919, 0, 0
915000, 50826, 0, 0
916000, 50972, 0, 0
916999, 50845, 0, 0
917999, 50879, 0, 0
918999, 50990, 0, 0
919999, 51031, 0, 0
921000, 51010, 0, 0
922000, 50888, 0, 0
923000, 50752, 0, 0
923999, 50898, 0, 0
924999, 51058, 0, 0
925999, 50872, 0, 0
926999, 51303, 0, 0
928000, 50950, 0, 0
929000, 50833, 0, 0
930000, 50909, 0, 0
931000, 50767, 0, 0
931999, 50838, 0, 0
932999, 51016, 0, 0
933999, 50915, 0, 0
935000, 50938, 0, 0
936000, 50940, 0, 0
937000, 51075, 0, 0
938000, 50994, 0, 0
939000, 50933, 0, 0
939999, 50967, 0, 0
940999, 50951, 0, 0
942000, 50908, 0, 0
943000, 50797, 0, 0
944000, 50844, 0, 0
944999, 50808, 0, 0
945999, 50847, 0, 0
946999, 50836, 0, 0
947999, 50963, 0, 0
949000, 50963, 0, 0
950000, 50827, 0, 0
951000, 50918, 0, 0
952000, 50822, 0, 0
952999, 51080, 0, 0
953999, 50860, 0, 0
954999, 50801, 0, 0
956000, 50896, 0, 0
957000, 50920, 0, 0
958000, 50835, 0, 0
959000, 50820, 0, 0
959999, 50937, 0, 0
960999, 50931, 0, 0
961999, 50934, 0, 0
962999, 50945, 0, 0
964000, 50929, 0, 0
965000, 50937, 0, 0
966000, 50847, 0, 0
966999, 50997, 0, 0
967999, 51037, 0, 0
968999, 50993, 0, 0
969999, 51039, 0, 0
971000, 50885, 0, 0
972000, 50895, 0, 0
973000, 50729, 0, 0
973999, 51032, 0, 0
974999, 51196, 0, 0
975999, 51226, 0, 0
976999, 51249, 0, 0
978000, 51175, 0, 0
979000, 51243, 0, 0
980000, 50889, 0, 0
981000, 50904, 0, 0
981999, 50819, 0, 0
982999, 50850, 0, 0
983999, 50881, 0, 0
985000, 50720, 0, 0
986000, 50754, 0, 0
987000, 50921, 0, 0
988000, 50803, 0, 0
989000, 50830, 0, 0
989999, 50914, 0, 0
990999, 50782, 0, 0
992000, 50699, 0, 0
993000, 51055, 0, 0
994000, 50743, 0, 0
995000, 50883, 0, 0
995999, 50851, 0, 0
996999, 50891, 0, 0
998000, 50951, 0, 0
999000, 50827, 0, 0
1000000, 50846, 0, 0
1001000, 51032, 0, 0
1002000, 50937, 0, 0
1002999, 50789, 0, 0
1003999, 50917, 0, 0
1005000, 50868, 0, 0
1006000, 50957, 0, 0
1007000, 50957, 0, 0
1008000, 50948, 0, 0
1009000, 50912, 0, 0
1009999, 50983, 0, 0
1011000, 50783, 0, 0
1012000, 50860, 0, 0
1013000, 50904, 0, 0
1014000, 50765, 0, 0
1014999, 50893, 0, 0
1015999, 50929, 0, 0
1017000, 50764, 0, 0
1018000, 50950, 0, 0
1019000, 50880, 0, 0
1020000, 50674, 0, 0
1020999, 51009, 0, 0
1021999, 50854, 0, 0
1023000, 50834, 0, 0
1024000, 50925, 0, 0
1025000, 50966, 0, 0
1026000, 50742, 0, 0
1027000, 50771, 0, 0
1027999, 50773, 0, 0
1028999, 51123, 0, 0
1030000, 51184, 0, 0
1031000, 51108, 0, 0
1032000, 51160, 0, 0
1032999, 51045, 0, 0
1033999, 50833, 0, 0
1034999, 50815, 0, 0
1036000, 50991, 0, 0
1037000, 50859, 0, 0
1038000, 50911, 0, 0
1039000, 50695, 0, 0
1039999, 50967, 0, 0
1040999, 50850, 0, 0
1041999, 50815, 0, 0
1043000, 50818, 0, 0
1044000, 50888, 0, 0
1045000, 50872, 0, 0
1046000, 50823, 0, 0
1046999, 50840, 0, 0
1047999, 50873, 0, 0
1048999, 50796, 0, 0
1049999, 50787, 0, 0
1051000, 50945, 0, 0
1052000, 50852, 0, 0
1053000, 50809, 0, 0
1054000, 50709, 0, 0
1054999, 50743, 0, 0
1055999, 50892, 0, 0
1057000, 50679, 0, 0
1058000, 50972, 0, 0
1059000, 50695, 0, 0
1060000, 50900, 0, 0
1060999, 50693, 0, 0
1061999, 50925, 0, 0
1063000, 50927, 0, 0
1064000, 50841, 0, 0
1065000, 50834, 0, 0
1066000, 50901, 0, 0
1067000, 50830, 0, 0
1067999, 50953, 0, 0
1068999, 50732, 0, 0
1070000, 50821, 0, 0
1071000, 50896, 0, 0
1072000, 50746, 0, 0
1072999, 50875, 0, 0
1073999, 50905, 0, 0
1074999, 51147, 0, 0
1075999, 51167, 0, 0
1077000, 50818, 0, 0
1078000, 50829, 0, 0
1079000, 50851, 0, 0
1080000, 50788, 0, 0
1080999, 50805, 0, 0
1081999, 50780, 0, 0
1082999, 50849, 0, 0
1084000, 50762, 0, 0
1085000, 50860, 0, 0
1086000, 50922, 0, 0
1086999, 50704, 0, 0
1087999, 50799, 0, 0
1088999, 50928, 0, 0
1089999, 50752, 0, 0
1091000, 50796, 0, 0
1092000, 50802, 0, 0
1093000, 50809, 0, 0
1094000, 50938, 0, 0
1094999, 50627, 0, 0
1095999, 50783, 0, 0
1097000, 50738, 0, 0
1098000, 50744, 0, 0
1099000, 50737, 0, 0
1100000, 50787, 0, 0
1101000, 50807, 0, 0
1407907, 51079, 0, 0
1408907, 171, 0, 0
1409907, 171, 0, 0
1410906, 170, 0, 0
1411906, 172, 0, 0
1412906, 173, 0, 0
1413906, 172, 0, 0
1414906, 173, 0, 0
1415906, 173, 0, 0
1416906, 173, 0, 0
1417906, 172, 0, 0
1418906, 171, 0, 0
1419906, 172, 0, 0
1420905, 173, 0, 0
1421905, 172, 0, 0
1422905, 172, 0, 0
1423905, 172, 0, 0
1424905, 172, 0, 0
1425905, 172, 0, 0
1426905, 172, 0, 0
1427905, 173, 0, 0
1428904, 172, 0, 0
1429904, 172, 0, 0
1430904, 171, 0, 0
1431904, 172, 0, 0
1432904, 173, 0, 0
1433904, 172, 0, 0
1434904, 171, 0, 0
1435904, 172, 0, 0
1436904, 172, 0, 0
1437903, 172, 0, 0
1438903, 172, 0, 0
1439903, 172, 0, 0
1440903, 171, 0, 0
1441903, 171, 0, 0
1442903, 172, 0, 0
1443903, 172, 0, 0
1444902, 172, 0, 0
1445902, 172, 0, 0
1446902, 172, 0, 0
1447902, 172, 0, 0
1448902, 172, 0, 0
1449902, 172, 0, 0
1450902, 172, 0, 0
1451902, 172, 0, 0
1452902, 172, 0, 0
1453902, 172, 0, 0
1454901, 172, 0, 0
1455901, 171, 0, 0
1456901, 172, 0, 0
1457901, 172, 0, 0
1458901, 172, 0, 0
1459901, 172, 0, 0
1460901, 172, 0, 0
1461901, 172, 0, 0
1462900, 172, 0, 0
1463900, 172, 0, 0
1464900, 172, 0, 0
1465900, 172, 0, 0
1466900, 171, 0, 0
1467900, 172, 0, 0
1468900, 171, 0, 0
1469900, 172, 0, 0
1470899, 172, 0, 0
1471899, 171, 0, 0
1472899, 172, 0, 0
1473899, 172, 0, 0
1474899, 172, 0, 0
1475899, 171, 0, 0
1476899, 172, 0, 0
1477899, 172, 0, 0
1478899, 172, 0, 0
1479899, 172, 0, 0
1480898, 171, 0, 0
1481898, 172, 0, 0
1482898, 172, 0, 0
1483898, 172, 0, 0
1484898, 172, 0, 0
1485898, 172, 0, 0
1486898, 171, 0, 0
1487898, 172, 0, 0
1488897, 172, 0, 0
1489897, 172, 0, 0
1490897, 172, 0, 0
1491897, 171, 0, 0
1492897, 172, 0, 0
1493897, 171, 0, 0
1494897, 171, 0, 0
1495897, 171, 0, 0
1496897, 172, 0, 0
1497896, 171, 0, 0
1498896, 172, 0, 0
1499896, 171, 0, 0
1500896, 171, 0, 0
1501896, 171, 0, 0
1502896, 171, 0, 0
1503896, 172, 0, 0
1504896, 171, 0, 0
1505895, 170, 0, 0
1506895, 172, 0, 0
1507895, 171, 0, 0
1508895, 172, 0, 0
1509895, 171, 0, 0
1510895, 171, 0, 0
1511895, 172, 0, 0
1512895, 171, 0, 0
1513894, 172, 0, 0
1514894, 171, 0, 0
1515894, 171, 0, 0
1516894, 172, 0, 0
1517894, 171, 0, 0
1518894, 171, 0, 0
1519894, 171, 0, 0
1520894, 171, 0, 0
1521893, 171, 0, 0
1522893, 171, 0, 0
1523893, 171, 0, 0
1524893, 171, 0, 0
1525893, 171, 0, 0
1526893, 171, 0, 0
1527893, 171, 0, 0
1528893, 171, 0, 0
1529893, 171, 0, 0
1530892, 169, 0, 0
1531892, 171, 0, 0
1532892, 171, 0, 0
1533892, 171, 0, 0
1534892, 171, 0, 0
1535892, 171, 0, 0
1536892, 171, 0, 0
1537892, 171, 0, 0
1538892, 170, 0, 0
1539891, 171, 0, 0
1540891, 171, 0, 0
1541891, 171, 0, 0
1542891, 171, 0, 0
1543891, 170, 0, 0
1544891, 171, 0, 0
1545891, 171, 0, 0
1546891, 170, 0, 0
1547891, 171, 0, 0
1548890, 171, 0, 0
1549890, 171, 0, 0
1550890, 171, 0, 0
1551890, 171, 0, 0
1552890, 171, 0, 0
1553890, 171, 0, 0
1554890, 171, 0, 0
1555890, 170, 0, 0
1556889, 171, 0, 0
1557889, 171, 0, 0
1558889, 171, 0, 0
1559889, 171, 0, 0
1560889, 171, 0, 0
1561889, 171, 0, 0
1562889, 171, 0, 0
1563888, 171, 0, 0
1564889, 171, 0, 0
1565888, 171, 0, 0
1566888, 171, 0, 0
1567888, 171, 0, 0
1568888, 170, 0, 0
1569888, 171, 0, 0
1570888, 171, 0, 0
1571888, 171, 0, 0
1572888, 171, 0, 0
1573887, 171, 0, 0
1574887, 171, 0, 0
1575887, 171, 0, 0
1576887, 171, 0, 0
1577887, 171, 0, 0
1578887, 171, 0, 0
1579887, 171, 0, 0
1580887, 170, 0, 0
1581887, 171, 0, 0
1582886, 171, 0, 0
1583886, 171, 0, 0
1584886, 171, 0, 0
1585886, 171, 0, 0
1586886, 171, 0, 0
1587886, 171, 0, 0
1588886, 171, 0, 0
1589886, 170, 0, 0
1590885, 171, 0, 0
1591885, 171, 0, 0
1592885, 170, 0, 0
1593885, 170, 0, 0
1594885, 171, 0, 0
1595885, 171, 0, 0
1596885, 171, 0, 0
1597885, 171, 0, 0
1598884, 170, 0, 0
1599884, 170, 0, 0
1600884, 170, 0, 0
1601884, 170, 0, 0
1602884, 170, 0, 0
1603884, 171, 0, 0
1604884, 171, 0, 0
1605884, 169, 0, 0
1606883, 171, 0, 0
1607883, 170, 0, 0
1608883, 170, 0, 0
1609883, 171, 0, 0
1610883, 171, 0, 0
1611883, 170, 0, 0
1612883, 170, 0, 0
1613883, 170, 0, 0
1614882, 170, 0, 0
1615882, 170, 0, 0
1616882, 170, 0, 0
1617882, 171, 0, 0
1618882, 170, 0, 0
1619882, 170, 0, 0
1620882, 171, 0, 0
1621882, 171, 0, 0
1622881, 170, 0, 0
1623881, 170, 0, 0
1624881, 171, 0, 0
1625881, 171, 0, 0
1626881, 170, 0, 0
1627881, 170, 0, 0
1628881, 170, 0, 0
1629881, 170, 0, 0
1630880, 170, 0, 0
1631880, 171, 0, 0
1632880, 170, 0, 0
1633880, 170, 0, 0
1634880, 170, 0, 0
1635880, 170, 0, 0
1636880, 171, 0, 0
1637880, 170, 0, 0
1638880, 171, 0, 0
1639879, 170, 0, 0
1640879, 171, 0, 0
1641879, 170, 0, 0
1642879, 170, 0, 0
1643879, 169, 0, 0
1644879, 171, 0, 0
1645879, 170, 0, 0
1646879, 171, 0, 0
1647879, 170, 0, 0
1648878, 171, 0, 0
1649878, 170, 0, 0
1650878, 170, 0, 0
1651878, 170, 0, 0
1652878, 170, 0, 0
1653878, 171, 0, 0
1654878, 170, 0, 0
1655878, 169, 0, 0
1656878, 171, 0, 0
1657877, 170, 0, 0
1658877, 170, 0, 0
1659877, 170, 0, 0
1660877, 170, 0, 0
1661877, 170, 0, 0
1662877, 170, 0, 0
1663877, 170, 0, 0
1664877, 170, 0, 0
1665876, 170, 0, 0
1666876, 170, 0, 0
1667876, 171, 0, 0
1668876, 169, 0, 0
1669876, 170, 0, 0
1670876, 170, 0, 0
1671876, 170, 0, 0
1672876, 170, 0, 0
1673876, 170, 0, 0
1674875, 170, 0, 0
1675875, 170, 0, 0
1676875, 170, 0, 0
1677875, 170, 0, 0
1678875, 170, 0, 0
1679875, 170, 0, 0
1680875, 169, 0, 0
1681875, 170, 0, 0
1682874, 170, 0, 0
1683874, 170, 0, 0
1684874, 170, 0, 0
1685874, 170, 0, 0
1686874, 170, 0, 0
1687874, 170, 0, 0
1688874, 170, 0, 0
1689874, 170, 0, 0
1690874, 170, 0, 0
1691873, 170, 0, 0
1692873, 170, 0, 0
1693873, 169, 0, 0
1694873, 170, 0, 0
1695873, 170, 0, 0
1696873, 170, 0, 0
1697873, 170, 0, 0
1698873, 170, 0, 0
1699873, 169, 0, 0
1700873, 170, 0, 0
1701872, 170, 0, 0
1702872, 170, 0, 0
1703872, 170, 0, 0
1704872, 170, 0, 0
1705872, 169, 0, 0
1706872, 169, 0, 0
1707872, 169, 0, 0
1708871, 170, 0, 0
1709871, 170, 0, 0
1710871, 170, 0, 0
1711871, 170, 0, 0
1712871, 170, 0, 0
1713871, 170, 0, 0
1714871, 169, 0, 0
1715871, 170, 0, 0
1716871, 169, 0, 0
1717870, 170, 0, 0
1718870, 169, 0, 0
1719870, 170, 0, 0
1720870, 169, 0, 0
1721870, 170, 0, 0
1722870, 169, 0, 0
1723870, 170, 0, 0
1724870, 170, 0, 0
1725870, 169, 0, 0
1726870, 170, 0, 0
1727869, 170, 0, 0
1728869, 170, 0, 0
1729869, 170, 0, 0
1730869, 168, 0, 0
1731869, 170, 0, 0
1732869, 170, 0, 0
1733869, 170, 0, 0
1734868, 170, 0, 0
1735868, 169, 0, 0
1736868, 170, 0, 0
1737868, 170, 0, 0
1738868, 170, 0, 0
1739868, 169, 0, 0
1740868, 169, 0, 0
1741868, 170, 0, 0
1742868, 169, 0, 0
1743867, 169, 0, 0
1744867, 169, 0, 0
1745867, 170, 0, 0
1746867, 170, 0, 0
1747867, 169, 0, 0
1748867, 170, 0, 0
1749867, 170, 0, 0
1750867, 170, 0, 0
1751866, 169, 0, 0
1752866, 170, 0, 0
1753866, 170, 0, 0
1754866, 169, 0, 0
1755866, 168, 0, 0
1756866, 170, 0, 0
1757866, 169, 0, 0
1758866, 170, 0, 0
1759866, 169, 0, 0
1760865, 169, 0, 0
1761865, 169, 0, 0
1762865, 170, 0, 0
1763865, 169, 0, 0
1764865, 169, 0, 0
1765865, 169, 0, 0
1766865, 169, 0, 0
1767865, 169, 0, 0
1768864, 168, 0, 0
1769864, 169, 0, 0
1770864, 169, 0, 0
1771864, 169, 0, 0
1772864, 169, 0, 0
1773864, 169, 0, 0
1774864, 169, 0, 0
1775864, 170, 0, 0
1776864, 169, 0, 0
1777864, 169, 0, 0
1778863, 169, 0, 0
1779863, 169, 0, 0
1780863, 169, 0, 0
1781863, 169, 0, 0
1782863, 169, 0, 0
1783863, 169, 0, 0
1784863, 169, 0, 0
1785862, 169, 0, 0
1786862, 169, 0, 0
1787862, 169, 0, 0
1788862, 169, 0, 0
1789862, 169, 0, 0
1790862, 169, 0, 0
1791862, 169, 0, 0
1792862, 169, 0, 0
1793862, 169, 0, 0
1794861, 169, 0, 0
1795861, 169, 0, 0
1796861, 169, 0, 0
1797861, 169, 0, 0
1798861, 169, 0, 0
1799861, 169, 0, 0
