999, 388, 0, 0
2000, 616, 0, 0
3000, 584, 0, 0
3999, 616, 0, 0
4999, 548, 0, 0
6000, 580, 0, 0
7000, 580, 0, 0
7999, 588, 0, 0
9000, 584, 0, 0
10000, 552, 0, 0
10999, 624, 0, 0
11999, 600, 0, 0
13000, 588, 0, 0
13999, 612, 0, 0
14999, 588, 0, 0
16000, 624, 0, 0
17000, 580, 0, 0
17999, 584, 0, 0
19000, 592, 0, 0
20000, 628, 0, 0
20999, 608, 0, 0
22000, 604, 0, 0
23000, 608, 0, 0
23999, 632, 0, 0
25000, 600, 0, 0
26000, 636, 0, 0
26999, 608, 0, 0
27999, 572, 0, 0
29000, 612, 0, 0
30000, 596, 0, 0
30999, 572, 0, 0
32000, 612, 0, 0
33000, 620, 0, 0
33999, 600, 0, 0
34999, 676, 0, 0
36000, 600, 0, 0
36999, 600, 0, 0
37999, 628, 0, 0
39000, 608, 0, 0
40000, 604, 0, 0
40999, 624, 0, 0
42000, 620, 0, 0
43000, 616, 0, 0
43999, 752, 0, 0
44999, 616, 0, 0
46000, 660, 0, 0
46999, 616, 0, 0
47999, 636, 0, 0
49000, 636, 0, 0
50000, 656, 0, 0
50999, 588, 0, 0
52000, 608, 0, 0
53000, 560, 0, 0
53999, 628, 0, 0
54999, 644, 0, 0
56000, 684, 0, 0
57000, 672, 0, 0
57999, 624, 0, 0
59000, 620, 0, 0
60000, 620, 0, 0
60999, 656, 0, 0
62000, 636, 0, 0
63000, 688, 0, 0
63999, 648, 0, 0
64999, 604, 0, 0
66000, 696, 0, 0
66999, 644, 0, 0
67999, 688, 0, 0
69000, 668, 0, 0
70000, 688, 0, 0
70999, 688, 0, 0
72000, 660, 0, 0
73000, 660, 0, 0
73999, 604, 0, 0
74999, 664, 0, 0
76000, 672, 0, 0
76999, 672, 0, 0
77999, 672, 0, 0
79000, 636, 0, 0
79999, 716, 0, 0
80999, 632, 0, 0
82000, 716, 0, 0
83000, 672, 0, 0
83999, 732, 0, 0
85000, 640, 0, 0
86000, 692, 0, 0
86999, 604, 0, 0
87999, 728, 0, 0
89000, 620, 0, 0
89999, 696, 0, 0
90999, 660, 0, 0
92000, 676, 0, 0
93000, 748, 0, 0
93999, 712, 0, 0
94999, 676, 0, 0
96000, 656, 0, 0
96999, 724, 0, 0
97999, 732, 0, 0
99000, 656, 0, 0
100000, 680, 0, 0
100999, 724, 0, 0
102000, 716, 0, 0
103000, 652, 0, 0
103999, 716, 0, 0
105000, 664, 0, 0
106000, 708, 0, 0
106999, 748, 0, 0
107999, 676, 0, 0
109000, 716, 0, 0
110000, 736, 0, 0
110999, 692, 0, 0
112000, 732, 0, 0
113000, 656, 0, 0
113999, 796, 0, 0
114999, 692, 0, 0
116000, 772, 0, 0
117000, 748, 0, 0
117999, 720, 0, 0
119000, 724, 0, 0
120000, 720, 0, 0
120999, 756, 0, 0
122000, 736, 0, 0
123000, 776, 0, 0
123999, 732, 0, 0
124999, 776, 0, 0
126000, 704, 0, 0
126999, 732, 0, 0
127999, 736, 0, 0
129000, 748, 0, 0
130000, 744, 0, 0
130999, 784, 0, 0
132000, 736, 0, 0
133000, 760, 0, 0
133999, 724, 0, 0
135000, 832, 0, 0
136000, 792, 0, 0
136999, 808, 0, 0
138000, 868, 0, 0
139000, 716, 0, 0
139999, 780, 0, 0
140999, 756, 0, 0
142000, 756, 0, 0
143000, 744, 0, 0
143999, 776, 0, 0
145000, 784, 0, 0
146000, 752, 0, 0
146999, 816, 0, 0
148000, 768, 0, 0
149000, 704, 0, 0
149999, 828, 0, 0
150999, 816, 0, 0
152000, 828, 0, 0
152999, 732, 0, 0
153999, 892, 0, 0
155000, 776, 0, 0
156000, 796, 0, 0
156999, 804, 0, 0
158000, 852, 0, 0
159000, 820, 0, 0
159999, 760, 0, 0
160999, 844, 0, 0
162000, 816, 0, 0
162999, 744, 0, 0
163999, 900, 0, 0
165000, 820, 0, 0
166000, 740, 0, 0
166999, 860, 0, 0
168000, 756, 0, 0
169000, 972, 0, 0
169999, 760, 0, 0
171000, 972, 0, 0
172000, 836, 0, 0
172999, 884, 0, 0
173999, 816, 0, 0
175000, 928, 0, 0
176000, 860, 0, 0
176999, 816, 0, 0
178000, 816, 0, 0
179000, 848, 0, 0
179999, 872, 0, 0
180999, 836, 0, 0
182000, 924, 0, 0
182999, 860, 0, 0
183999, 888, 0, 0
185000, 860, 0, 0
186000, 852, 0, 0
186999, 904, 0, 0
187999, 752, 0, 0
189000, 924, 0, 0
189999, 880, 0, 0
190999, 840, 0, 0
192000, 864, 0, 0
192999, 944, 0, 0
193999, 844, 0, 0
195000, 928, 0, 0
196000, 840, 0, 0
196999, 860, 0, 0
197999, 856, 0, 0
199000, 896, 0, 0
200000, 944, 0, 0
200999, 920, 0, 0
202000, 916, 0, 0
202999, 832, 0, 0
203999, 932, 0, 0
205000, 892, 0, 0
206000, 856, 0, 0
206999, 900, 0, 0
207999, 900, 0, 0
209000, 936, 0, 0
209999, 892, 0, 0
210999, 1017, 0, 0
212000, 888, 0, 0
212999, 880, 0, 0
213999, 856, 0, 0
215000, 1000, 0, 0
216000, 868, 0, 0
216999, 892, 0, 0
218000, 1072, 0, 0
219000, 884, 0, 0
219999, 996, 0, 0
220999, 984, 0, 0
222000, 908, 0, 0
223000, 1012, 0, 0
223999, 940, 0, 0
224999, 864, 0, 0
226000, 1024, 0, 0
227000, 940, 0, 0
227999, 928, 0, 0
228999, 844, 0, 0
230000, 980, 0, 0
231000, 1092, 0, 0
231999, 928, 0, 0
232999, 1017, 0, 0
234000, 860, 0, 0
235000, 940, 0, 0
236000, 928, 0, 0
236999, 980, 0, 0
237999, 988, 0, 0
239000, 1052, 0, 0
239999, 1085, 0, 0
240999, 924, 0, 0
242000, 936, 0, 0
243000, 1000, 0, 0
243999, 1037, 0, 0
245000, 984, 0, 0
246000, 936, 0, 0
246999, 1041, 0, 0
247999, 980, 0, 0
249000, 1004, 0, 0
250000, 1068, 0, 0
250999, 1037, 0, 0
252000, 1024, 0, 0
253000, 1104, 0, 0
253999, 1029, 0, 0
254999, 1009, 0, 0
256000, 1160, 0, 0
257000, 1020, 0, 0
257999, 1045, 0, 0
259000, 1020, 0, 0
260000, 952, 0, 0
260999, 892, 0, 0
261999, 1065, 0, 0
263000, 1016, 0, 0
263999, 1033, 0, 0
264999, 960, 0, 0
266000, 1092, 0, 0
267000, 1060, 0, 0
267999, 1329, 0, 0
269000, 1056, 0, 0
270000, 1160, 0, 0
270999, 944, 0, 0
271999, 1017, 0, 0
273000, 1104, 0, 0
274000, 1140, 0, 0
274999, 1253, 0, 0
276000, 1036, 0, 0
276999, 1037, 0, 0
277999, 1037, 0, 0
278999, 1037, 0, 0
280000, 1212, 0, 0
280999, 1013, 0, 0
281999, 1157, 0, 0
283000, 1120, 0, 0
284000, 1240, 0, 0
284999, 1273, 0, 0
285999, 1137, 0, 0
287000, 1192, 0, 0
287999, 1133, 0, 0
288999, 1169, 0, 0
290000, 1196, 0, 0
291000, 1216, 0, 0
291999, 1097, 0, 0
292999, 1261, 0, 0
294000, 1244, 0, 0
294999, 1173, 0, 0
295999, 1189, 0, 0
297000, 1104, 0, 0
297999, 1233, 0, 0
298999, 1041, 0, 0
300000, 1204, 0, 0
301000, 1184, 0, 0
301999, 1201, 0, 0
302999, 1137, 0, 0
304000, 1208, 0, 0
305000, 1320, 0, 0
305999, 1201, 0, 0
307000, 1408, 0, 0
308000, 1188, 0, 0
308999, 1333, 0, 0
310000, 1264, 0, 0
311000, 1172, 0, 0
311999, 1317, 0, 0
313000, 1328, 0, 0
314000, 1308, 0, 0
314999, 1305, 0, 0
316000, 1184, 0, 0
317000, 1264, 0, 0
317999, 1289, 0, 0
318999, 1185, 0, 0
320000, 1340, 0, 0
321000, 1204, 0, 0
321999, 1321, 0, 0
323000, 1360, 0, 0
324000, 1304, 0, 0
324999, 1521, 0, 0
326000, 1536, 0, 0
326999, 1237, 0, 0
327999, 1321, 0, 0
328999, 1421, 0, 0
330000, 1184, 0, 0
331000, 1260, 0, 0
331999, 1081, 0, 0
333000, 1316, 0, 0
334000, 1676, 0, 0
334999, 1549, 0, 0
335999, 1281, 0, 0
337000, 1384, 0, 0
337999, 1377, 0, 0
338999, 1465, 0, 0
340000, 1592, 0, 0
341000, 1272, 0, 0
341999, 1473, 0, 0
343000, 1460, 0, 0
344000, 1548, 0, 0
344999, 1473, 0, 0
345999, 1449, 0, 0
347000, 1488, 0, 0
348000, 1472, 0, 0
348999, 1549, 0, 0
349999, 1341, 0, 0
351000, 1428, 0, 0
351999, 1521, 0, 0
352999, 1629, 0, 0
354000, 1724, 0, 0
355000, 1516, 0, 0
355999, 1513, 0, 0
357000, 1512, 0, 0
358000, 1372, 0, 0
358999, 1485, 0, 0
360000, 1596, 0, 0
361000, 1468, 0, 0
361999, 1685, 0, 0
362999, 1613, 0, 0
364000, 1604, 0, 0
364999, 1593, 0, 0
365999, 1549, 0, 0
367000, 1444, 0, 0
367999, 1777, 0, 0
368999, 1481, 0, 0
370000, 1472, 0, 0
370999, 1521, 0, 0
371999, 1485, 0, 0
373000, 1712, 0, 0
374000, 1644, 0, 0
374999, 1533, 0, 0
376000, 1560, 0, 0
377000, 1696, 0, 0
377999, 1633, 0, 0
378999, 1481, 0, 0
380000, 1804, 0, 0
381000, 1872, 0, 0
381999, 1673, 0, 0
383000, 1856, 0, 0
384000, 1872, 0, 0
384999, 1821, 0, 0
386000, 1880, 0, 0
387000, 1776, 0, 0
387999, 1913, 0, 0
388999, 1945, 0, 0
390000, 1952, 0, 0
390999, 1777, 0, 0
391999, 1889, 0, 0
393000, 1700, 0, 0
393999, 1745, 0, 0
394999, 2022, 0, 0
396000, 1848, 0, 0
397000, 1796, 0, 0
397999, 1929, 0, 0
398999, 1677, 0, 0
400000, 1860, 0, 0
401000, 1860, 0, 0
401999, 1949, 0, 0
403000, 1888, 0, 0
404000, 1772, 0, 0
404999, 1789, 0, 0
405999, 2002, 0, 0
407000, 1928, 0, 0
407999, 2298, 0, 0
408999, 1961, 0, 0
410000, 1776, 0, 0
411000, 2028, 0, 0
411999, 2002, 0, 0
413000, 2010, 0, 0
414000, 2192, 0, 0
414999, 2038, 0, 0
415999, 1593, 0, 0
417000, 1856, 0, 0
418000, 2312, 0, 0
418999, 2170, 0, 0
420000, 2300, 0, 0
421000, 2108, 0, 0
421999, 2330, 0, 0
422999, 2070, 0, 0
424000, 2076, 0, 0
425000, 1920, 0, 0
425999, 2358, 0, 0
426999, 2242, 0, 0
428000, 2480, 0, 0
428999, 2082, 0, 0
429999, 2214, 0, 0
431000, 2472, 0, 0
431999, 2490, 0, 0
432999, 2186, 0, 0
434000, 2204, 0, 0
435000, 2436, 0, 0
435999, 1945, 0, 0
437000, 2372, 0, 0
438000, 2244, 0, 0
438999, 2290, 0, 0
439999, 2694, 0, 0
441000, 2632, 0, 0
441999, 2578, 0, 0
442999, 2474, 0, 0
444000, 2276, 0, 0
445000, 2764, 0, 0
445999, 2414, 0, 0
447000, 2708, 0, 0
447999, 2218, 0, 0
448999, 2554, 0, 0
450000, 3364, 0, 0
451000, 2960, 0, 0
451999, 2286, 0, 0
452999, 2458, 0, 0
454000, 2820, 0, 0
455000, 2248, 0, 0
455999, 3027, 0, 0
457000, 2776, 0, 0
458000, 2984, 0, 0
458999, 2914, 0, 0
459999, 3155, 0, 0
461000, 3096, 0, 0
462000, 2804, 0, 0
462999, 2918, 0, 0
464000, 2388, 0, 0
465000, 2844, 0, 0
465999, 2982, 0, 0
466999, 2758, 0, 0
468000, 3528, 0, 0
468999, 2658, 0, 0
469999, 3415, 0, 0
471000, 2844, 0, 0
471999, 3335, 0, 0
472999, 3323, 0, 0
474000, 3568, 0, 0
475000, 3572, 0, 0
475999, 3051, 0, 0
476999, 3375, 0, 0
478000, 2872, 0, 0
478999, 3515, 0, 0
479999, 3295, 0, 0
481000, 2836, 0, 0
482000, 3780, 0, 0
482999, 3367, 0, 0
483999, 3955, 0, 0
485000, 3752, 0, 0
485999, 3039, 0, 0
486999, 3355, 0, 0
488000, 3500, 0, 0
489000, 3904, 0, 0
489999, 4172, 0, 0
491000, 4376, 0, 0
492000, 3976, 0, 0
492999, 3659, 0, 0
494000, 4392, 0, 0
495000, 4072, 0, 0
495999, 3951, 0, 0
496999, 3723, 0, 0
498000, 4840, 0, 0
498999, 4428, 0, 0
499999, 4340, 0, 0
501000, 4492, 0, 0
502000, 4364, 0, 0
502999, 4688, 0, 0
503999, 4632, 0, 0
505000, 5052, 0, 0
505999, 5669, 0, 0
506999, 4304, 0, 0
508000, 5008, 0, 0
509000, 4808, 0, 0
509999, 3871, 0, 0
511000, 4272, 0, 0
512000, 5128, 0, 0
512999, 4424, 0, 0
513999, 5989, 0, 0
515000, 4964, 0, 0
516000, 5564, 0, 0
516999, 5437, 0, 0
517999, 5865, 0, 0
519000, 6364, 0, 0
519999, 5773, 0, 0
520999, 5433, 0, 0
522000, 5908, 0, 0
523000, 5896, 0, 0
524000, 5004, 0, 0
524999, 6542, 0, 0
526000, 7156, 0, 0
527000, 6352, 0, 0
527999, 7935, 0, 0
528999, 7275, 0, 0
530000, 6664, 0, 0
530999, 6574, 0, 0
531999, 6926, 0, 0
533000, 8552, 0, 0
534000, 8032, 0, 0
534999, 6478, 0, 0
535999, 7883, 0, 0
536999, 8608, 0, 0
538000, 8360, 0, 0
539000, 8144, 0, 0
539999, 9065, 0, 0
540999, 8128, 0, 0
542000, 9044, 0, 0
543000, 10856, 0, 0
543999, 9373, 0, 0
544999, 10262, 0, 0
545999, 10270, 0, 0
547000, 9920, 0, 0
548000, 11720, 0, 0
548999, 11139, 0, 0
549999, 12048, 0, 0
551000, 10568, 0, 0
552000, 14236, 0, 0
552999, 12688, 0, 0
553999, 14982, 0, 0
555000, 13224, 0, 0
556000, 12988, 0, 0
556999, 15055, 0, 0
557999, 13665, 0, 0
558999, 15255, 0, 0
560000, 19512, 0, 0
561000, 16972, 0, 0
561999, 22698, 0, 0
562999, 21865, 0, 0
563999, 18342, 0, 0
565000, 28180, 0, 0
566000, 19860, 0, 0
566999, 27167, 0, 0
567999, 26086, 0, 0
569000, 32536, 0, 0
570000, 36592, 0, 0
571000, 41752, 0, 0
571999, 58142, 0, 0
572999, 65945, 0, 0
574000, 77244, 0, 0
575000, 101348, 0, 0
575999, 126014, 0, 0
576999, 228288, 0, 0
577999, 353233, 0, 0
579000, 393744, 0, 0
580000, 392240, 0, 0
581000, 386648, 0, 0
582001, 364955, 0, 0
582999, 310410, 0, 0
584000, 221632, 0, 0
585000, 196664, 0, 0
586000, 196764, 0, 0
587000, 197536, 0, 0
588000, 197884, 0, 0
589000, 198280, 0, 0
590000, 198100, 0, 0
591000, 197484, 0, 0
592000, 198132, 0, 0
593000, 198340, 0, 0
594000, 199128, 0, 0
595000, 198496, 0, 0
596000, 199080, 0, 0
596999, 198602, 0, 0
598000, 198628, 0, 0
599000, 199336, 0, 0
600000, 198972, 0, 0
601000, 199524, 0, 0
602000, 198192, 0, 0
603000, 198744, 0, 0
604000, 198624, 0, 0
605000, 198668, 0, 0
606000, 198208, 0, 0
607000, 199196, 0, 0
608000, 198368, 0, 0
609000, 199128, 0, 0
610000, 198732, 0, 0
610999, 198518, 0, 0
612000, 199244, 0, 0
613000, 198164, 0, 0
614000, 198788, 0, 0
615000, 199076, 0, 0
616000, 198232, 0, 0
617000, 198780, 0, 0
618000, 198424, 0, 0
619000, 198404, 0, 0
620000, 199324, 0, 0
621000, 198872, 0, 0
622000, 198460, 0, 0
623000, 198684, 0, 0
624000, 198796, 0, 0
625000, 198520, 0, 0
626000, 198988, 0, 0
627000, 199272, 0, 0
628000, 198856, 0, 0
629000, 198396, 0, 0
630000, 199500, 0, 0
631000, 198036, 0, 0
632000, 198644, 0, 0
633000, 198732, 0, 0
633999, 198718, 0, 0
634999, 199523, 0, 0
635999, 198606, 0, 0
637000, 198444, 0, 0
637998, 199114, 0, 0
638999, 199251, 0, 0
639999, 198194, 0, 0
640999, 198982, 0, 0
641998, 198777, 0, 0
642998, 198877, 0, 0
643998, 199138, 0, 0
644998, 199643, 0, 0
645997, 199157, 0, 0
646997, 200068, 0, 0
647997, 200361, 0, 0
648997, 199145, 0, 0
649997, 198427, 0, 0
650997, 200766, 0, 0
651997, 199658, 0, 0
652997, 198720, 0, 0
653996, 199562, 0, 0
654996, 198979, 0, 0
655996, 198734, 0, 0
656995, 199565, 0, 0
657995, 199803, 0, 0
658995, 199204, 0, 0
659995, 199827, 0, 0
660994, 199718, 0, 0
661994, 200515, 0, 0
662994, 200000, 0, 0
663995, 199296, 0, 0
664994, 199533, 0, 0
665994, 199653, 0, 0
666994, 199851, 0, 0
667994, 199175, 0, 0
668993, 199867, 0, 0
669993, 200362, 0, 0
670993, 199734, 0, 0
671993, 199432, 0, 0
672992, 200173, 0, 0
673992, 199032, 0, 0
674992, 200379, 0, 0
675992, 199737, 0, 0
676992, 199818, 0, 0
677992, 199875, 0, 0
678992, 200274, 0, 0
679991, 200298, 0, 0
680991, 200347, 0, 0
681991, 199822, 0, 0
682991, 200823, 0, 0
684000, 201064, 0, 0
685000, 198776, 0, 0
686000, 198544, 0, 0
687000, 198892, 0, 0
688000, 198292, 0, 0
689000, 198440, 0, 0
689999, 198514, 0, 0
690999, 199043, 0, 0
692000, 198236, 0, 0
693000, 198512, 0, 0
694000, 198248, 0, 0
695000, 198236, 0, 0
695999, 198498, 0, 0
696999, 198850, 0, 0
697999, 199143, 0, 0
698999, 197737, 0, 0
700000, 197836, 0, 0
701000, 199372, 0, 0
702000, 200272, 0, 0
702999, 198674, 0, 0
703999, 199027, 0, 0
704999, 198458, 0, 0
705999, 198746, 0, 0
707000, 198320, 0, 0
708000, 198732, 0, 0
709000, 197792, 0, 0
710000, 198352, 0, 0
710999, 198254, 0, 0
711999, 198698, 0, 0
712999, 198434, 0, 0
714000, 198468, 0, 0
715000, 199092, 0, 0
716000, 198212, 0, 0
717000, 198744, 0, 0
717999, 197957, 0, 0
718999, 198498, 0, 0
719999, 198578, 0, 0
720999, 198250, 0, 0
722000, 198044, 0, 0
723000, 198624, 0, 0
724000, 198416, 0, 0
725000, 198884, 0, 0
726000, 198552, 0, 0
726999, 199939, 0, 0
727999, 198610, 0, 0
729000, 199680, 0, 0
730000, 199136, 0, 0
731000, 198796, 0, 0
732000, 197976, 0, 0
733000, 198040, 0, 0
733999, 198202, 0, 0
734999, 198266, 0, 0
736000, 198280, 0, 0
737000, 198480, 0, 0
738000, 198452, 0, 0
739000, 198536, 0, 0
740000, 198816, 0, 0
740999, 197905, 0, 0
741999, 198810, 0, 0
743000, 198256, 0, 0
744000, 198576, 0, 0
745000, 197640, 0, 0
746000, 198624, 0, 0
746999, 199711, 0, 0
747999, 198886, 0, 0
749000, 198424, 0, 0
750000, 198588, 0, 0
751000, 198744, 0, 0
752000, 198660, 0, 0
752999, 198474, 0, 0
753999, 198790, 0, 0
754999, 199279, 0, 0
756000, 197496, 0, 0
757000, 199032, 0, 0
758000, 198884, 0, 0
759000, 197944, 0, 0
759999, 198102, 0, 0
760999, 198462, 0, 0
761999, 198554, 0, 0
762999, 198418, 0, 0
764000, 198208, 0, 0
765000, 198412, 0, 0
766000, 198132, 0, 0
766999, 198346, 0, 0
768000, 198296, 0, 0
768999, 198182, 0, 0
770000, 198240, 0, 0
771000, 199288, 0, 0
772000, 197916, 0, 0
773000, 198692, 0, 0
774000, 198152, 0, 0
774999, 197933, 0, 0
775999, 198942, 0, 0
777000, 197728, 0, 0
778000, 197840, 0, 0
779000, 198032, 0, 0
780000, 199024, 0, 0
780999, 198282, 0, 0
781999, 198654, 0, 0
782999, 198130, 0, 0
784000, 198604, 0, 0
785000, 197620, 0, 0
786000, 198540, 0, 0
787000, 198276, 0, 0
788000, 198156, 0, 0
788999, 197825, 0, 0
789999, 198686, 0, 0
791000, 198388, 0, 0
792000, 198316, 0, 0
793000, 198696, 0, 0
794000, 198308, 0, 0
794999, 198510, 0, 0
795999, 197465, 0, 0
797000, 197472, 0, 0
798000, 198148, 0, 0
799000, 198412, 0, 0
800000, 198464, 0, 0
800999, 197905, 0, 0
801999, 198110, 0, 0
803000, 198356, 0, 0
804000, 198140, 0, 0
805000, 198784, 0, 0
806000, 198284, 0, 0
807000, 198512, 0, 0
807999, 197597, 0, 0
808999, 198454, 0, 0
810000, 198640, 0, 0
811000, 198036, 0, 0
812000, 198316, 0, 0
813000, 198564, 0, 0
813999, 198170, 0, 0
814999, 198418, 0, 0
816000, 200080, 0, 0
817000, 198800, 0, 0
818000, 197872, 0, 0
818999, 198258, 0, 0
819999, 198370, 0, 0
820999, 198522, 0, 0
822000, 198440, 0, 0
823000, 198148, 0, 0
824000, 198512, 0, 0
825000, 198664, 0, 0
826000, 198328, 0, 0
826999, 198290, 0, 0
827999, 198502, 0, 0
829000, 198200, 0, 0
830000, 198484, 0, 0
831000, 197788, 0, 0
832000, 197904, 0, 0
832999, 198510, 0, 0
833999, 198130, 0, 0
835000, 198732, 0, 0
836000, 197556, 0, 0
837000, 199632, 0, 0
838000, 198604, 0, 0
839000, 198016, 0, 0
839999, 197657, 0, 0
840999, 199031, 0, 0
842000, 197836, 0, 0
843000, 198488, 0, 0
844000, 198152, 0, 0
845000, 197776, 0, 0
845999, 198074, 0, 0
846999, 198546, 0, 0
848000, 198892, 0, 0
849000, 198480, 0, 0
850000, 198396, 0, 0
851000, 198272, 0, 0
851999, 198974, 0, 0
852999, 198182, 0, 0
853999, 199127, 0, 0
855000, 198072, 0, 0
856000, 198396, 0, 0
857000, 198300, 0, 0
858000, 198508, 0, 0
858999, 198654, 0, 0
859999, 198154, 0, 0
860999, 198530, 0, 0
862000, 198660, 0, 0
863000, 197772, 0, 0
864000, 198420, 0, 0
865000, 198020, 0, 0
865999, 198530, 0, 0
866999, 198746, 0, 0
867999, 198442, 0, 0
869000, 197848, 0, 0
870000, 199336, 0, 0
871000, 198156, 0, 0
871999, 197981, 0, 0
872999, 198814, 0, 0
873999, 198278, 0, 0
874999, 198546, 0, 0
876000, 198288, 0, 0
877000, 198320, 0, 0
878000, 198720, 0, 0
879000, 198004, 0, 0
879999, 198202, 0, 0
880999, 198526, 0, 0
881999, 199275, 0, 0
883000, 198108, 0, 0
884000, 197608, 0, 0
885000, 198056, 0, 0
886000, 197932, 0, 0
887000, 197896, 0, 0
887999, 198206, 0, 0
888999, 197605, 0, 0
890000, 198328, 0, 0
891000, 198364, 0, 0
892000, 197464, 0, 0
893000, 209072, 0, 0
893999, 212876, 0, 0
894999, 213137, 0, 0
896000, 212680, 0, 0
897000, 212084, 0, 0
898000, 212600, 0, 0
899000, 212428, 0, 0
900000, 212572, 0, 0
900999, 212464, 0, 0
901999, 212872, 0, 0
903000, 211716, 0, 0
904000, 212272, 0, 0
905000, 211976, 0, 0
906000, 211644, 0, 0
906999, 212008, 0, 0
907999, 212448, 0, 0
908999, 212988, 0, 0
910000, 212404, 0, 0
911000, 212244, 0, 0
912000, 212808, 0, 0
913000, 212512, 0, 0
914000, 212080, 0, 0
914999, 212920, 0, 0
915999, 212796, 0, 0
917000, 212860, 0, 0
918000, 212308, 0, 0
919000, 212124, 0, 0
920000, 212484, 0, 0
921000, 212760, 0, 0
921999, 212480, 0, 0
922999, 212452, 0, 0
924000, 212444, 0, 0
925000, 211892, 0, 0
926000, 212608, 0, 0
927000, 212532, 0, 0
927999, 212164, 0, 0
928999, 212388, 0, 0
930000, 212240, 0, 0
931000, 212340, 0, 0
932000, 211840, 0, 0
933000, 211604, 0, 0
933999, 211919, 0, 0
934999, 212460, 0, 0
935999, 212368, 0, 0
937000, 212364, 0, 0
938000, 211492, 0, 0
939000, 211852, 0, 0
939999, 211475, 0, 0
940999, 211823, 0, 0
941999, 211903, 0, 0
943000, 211544, 0, 0
944000, 212120, 0, 0
945000, 211780, 0, 0
946000, 211348, 0, 0
947000, 212476, 0, 0
947999, 211035, 0, 0
948999, 211891, 0, 0
950000, 212156, 0, 0
951000, 211964, 0, 0
952000, 211844, 0, 0
953000, 211532, 0, 0
953999, 211359, 0, 0
954999, 212036, 0, 0
956000, 211504, 0, 0
957000, 211696, 0, 0
958000, 211564, 0, 0
959000, 211184, 0, 0
960000, 211556, 0, 0
960999, 211631, 0, 0
961999, 211631, 0, 0
963000, 211220, 0, 0
964000, 210992, 0, 0
965000, 211600, 0, 0
966000, 211072, 0, 0
966999, 211131, 0, 0
967999, 211863, 0, 0
969000, 210884, 0, 0
970000, 211272, 0, 0
971000, 211144, 0, 0
972000, 211232, 0, 0
972999, 211455, 0, 0
973999, 212056, 0, 0
974999, 211695, 0, 0
976000, 211752, 0, 0
977000, 211088, 0, 0
978000, 210932, 0, 0
979000, 211828, 0, 0
980000, 211340, 0, 0
980999, 211159, 0, 0
981999, 211195, 0, 0
983000, 211520, 0, 0
984000, 211540, 0, 0
985000, 211032, 0, 0
986000, 211296, 0, 0
986999, 211199, 0, 0
987999, 211607, 0, 0
988999, 211875, 0, 0
990000, 210880, 0, 0
991000, 210892, 0, 0
992000, 211272, 0, 0
993000, 211200, 0, 0
993999, 211071, 0, 0
994999, 211647, 0, 0
995999, 211615, 0, 0
997000, 211432, 0, 0
998000, 211304, 0, 0
999000, 211648, 0, 0
1000000, 211420, 0, 0
1000999, 211011, 0, 0
1001999, 210994, 0, 0
1002999, 211287, 0, 0
1004000, 211108, 0, 0
1005000, 210732, 0, 0
1006000, 210864, 0, 0
1007000, 211352, 0, 0
1007999, 210650, 0, 0
1008999, 211475, 0, 0
1009999, 211279, 0, 0
1011000, 211104, 0, 0
1012000, 211068, 0, 0
1013000, 211112, 0, 0
1014000, 210832, 0, 0
1014999, 211195, 0, 0
1015999, 211163, 0, 0
1016999, 211075, 0, 0
1018000, 211072, 0, 0
1019000, 210740, 0, 0
1020000, 211200, 0, 0
1021000, 210536, 0, 0
1021999, 211023, 0, 0
1022999, 210890, 0, 0
1023999, 210758, 0, 0
1025000, 210752, 0, 0
1026000, 210320, 0, 0
1027000, 210772, 0, 0
1027999, 210350, 0, 0
1028999, 210222, 0, 0
1029999, 210634, 0, 0
1030999, 210794, 0, 0
1032000, 210200, 0, 0
1033000, 210720, 0, 0
1034000, 210708, 0, 0
1035000, 210712, 0, 0
1036000, 210876, 0, 0
1036999, 210806, 0, 0
1037999, 210922, 0, 0
1039000, 210748, 0, 0
1040000, 210100, 0, 0
1041000, 210272, 0, 0
1042000, 210340, 0, 0
1042999, 210370, 0, 0
1043999, 210518, 0, 0
1044999, 210102, 0, 0
1046000, 210564, 0, 0
1047000, 210404, 0, 0
1048000, 210072, 0, 0
1049000, 210572, 0, 0
1049999, 210318, 0, 0
1050999, 210422, 0, 0
1052000, 210720, 0, 0
1053000, 209800, 0, 0
1054000, 210516, 0, 0
1055000, 210360, 0, 0
1055999, 210062, 0, 0
1056999, 210674, 0, 0
1057999, 210474, 0, 0
1059000, 210468, 0, 0
1060000, 209728, 0, 0
1061000, 210120, 0, 0
1062000, 210332, 0, 0
1062999, 209793, 0, 0
1063999, 210346, 0, 0
1064999, 209869, 0, 0
1066000, 210168, 0, 0
1067000, 209576, 0, 0
1068000, 209712, 0, 0
1069000, 210568, 0, 0
1069999, 210074, 0, 0
1070999, 210394, 0, 0
1071999, 210210, 0, 0
1072999, 209857, 0, 0
1074000, 209912, 0, 0
1075000, 210052, 0, 0
1076000, 209828, 0, 0
1077000, 210008, 0, 0
1077999, 210270, 0, 0
1078999, 210158, 0, 0
1080000, 210526, 0, 0
1081000, 209548, 0, 0
1082000, 210200, 0, 0
1083000, 209452, 0, 0
1083999, 209749, 0, 0
1084999, 210018, 0, 0
1085999, 210386, 0, 0
1086999, 210106, 0, 0
1088000, 209640, 0, 0
1089000, 209616, 0, 0
1090000, 209312, 0, 0
1090999, 209805, 0, 0
1091999, 210066, 0, 0
1092999, 209997, 0, 0
1093999, 209913, 0, 0
1095000, 209568, 0, 0
1096000, 209620, 0, 0
1097000, 209464, 0, 0
1098000, 209524, 0, 0
1098999, 209493, 0, 0
1099999, 209953, 0, 0
1100999, 210486, 0, 0
1102000, 209532, 0, 0
1103000, 209720, 0, 0
1104000, 209892, 0, 0
1105000, 209192, 0, 0
1105999, 209845, 0, 0
1106999, 209769, 0, 0
1107999, 209493, 0, 0
1109000, 209416, 0, 0
1110000, 209440, 0, 0
1111000, 209456, 0, 0
1112000, 209408, 0, 0
1112999, 209581, 0, 0
1113999, 209425, 0, 0
1114999, 209717, 0, 0
1116000, 209172, 0, 0
1117000, 209692, 0, 0
1118000, 209832, 0, 0
1119000, 209324, 0, 0
1119999, 208764, 0, 0
1120999, 209409, 0, 0
1121999, 209725, 0, 0
1123000, 209392, 0, 0
1124000, 209432, 0, 0
1125000, 209096, 0, 0
1126000, 208876, 0, 0
1126999, 208912, 0, 0
1127999, 209909, 0, 0
1128999, 209701, 0, 0
1129999, 209245, 0, 0
1131000, 209208, 0, 0
1132000, 209536, 0, 0
1133000, 209252, 0, 0
1133999, 209389, 0, 0
1134999, 209413, 0, 0
1135999, 209385, 0, 0
1136999, 209417, 0, 0
1138000, 208664, 0, 0
1139000, 209464, 0, 0
1140000, 208948, 0, 0
1141000, 208832, 0, 0
1141999, 209209, 0, 0
1142999, 209205, 0, 0
1143999, 209109, 0, 0
1145000, 208840, 0, 0
1146000, 209108, 0, 0
1147000, 208896, 0, 0
1148000, 208868, 0, 0
1148999, 209433, 0, 0
1149999, 208928, 0, 0
1150999, 208872, 0, 0
1152000, 208912, 0, 0
1153000, 208528, 0, 0
1154000, 208400, 0, 0
1155000, 209020, 0, 0
1156000, 209076, 0, 0
1156999, 208800, 0, 0
1157999, 209213, 0, 0
1159000, 208484, 0, 0
1160000, 208952, 0, 0
1161000, 207984, 0, 0
1162000, 208904, 0, 0
1162999, 208064, 0, 0
1163999, 208888, 0, 0
1164999, 208744, 0, 0
1166000, 208452, 0, 0
1167000, 209040, 0, 0
1168000, 208688, 0, 0
1169000, 208656, 0, 0
1170000, 208636, 0, 0
1170999, 208564, 0, 0
1171999, 208912, 0, 0
1173000, 208716, 0, 0
1174000, 208920, 0, 0
1175000, 208916, 0, 0
1176000, 208300, 0, 0
1177000, 208688, 0, 0
1177999, 208804, 0, 0
1178999, 208960, 0, 0
1180000, 208328, 0, 0
1181000, 208768, 0, 0
1182000, 209312, 0, 0
1183000, 208564, 0, 0
1183999, 208808, 0, 0
1184999, 208924, 0, 0
1186000, 208452, 0, 0
1187000, 208244, 0, 0
1188000, 208648, 0, 0
1189000, 208728, 0, 0
1189999, 209069, 0, 0
1190999, 208532, 0, 0
1192000, 208904, 0, 0
1193000, 208464, 0, 0
1194000, 208608, 0, 0
1195000, 208668, 0, 0
1196000, 208228, 0, 0
1196999, 208020, 0, 0
1197999, 208828, 0, 0
1199000, 208508, 0, 0
1200000, 208604, 0, 0
1201000, 208852, 0, 0
1202000, 208580, 0, 0
1202999, 208920, 0, 0
1203999, 208660, 0, 0
1205000, 208264, 0, 0
1206000, 208308, 0, 0
1207000, 208544, 0, 0
1208000, 208296, 0, 0
1208999, 208860, 0, 0
1209999, 208852, 0, 0
1210999, 208356, 0, 0
1212000, 208436, 0, 0
1213000, 208468, 0, 0
1214000, 208916, 0, 0
1215000, 208600, 0, 0
1216000, 208596, 0, 0
1216999, 208628, 0, 0
1217999, 208668, 0, 0
1219000, 208500, 0, 0
1220000, 208156, 0, 0
1221000, 208340, 0, 0
1222000, 208216, 0, 0
1222999, 208364, 0, 0
1223999, 208744, 0, 0
1224999, 209221, 0, 0
1226000, 208520, 0, 0
1227000, 208248, 0, 0
1228000, 208512, 0, 0
1228999, 208216, 0, 0
1229999, 208544, 0, 0
1230999, 208304, 0, 0
1231999, 208368, 0, 0
1233000, 208388, 0, 0
1234000, 208576, 0, 0
1235000, 207772, 0, 0
1236000, 208520, 0, 0
1237000, 208076, 0, 0
1237999, 208332, 0, 0
1239000, 208136, 0, 0
1240000, 208200, 0, 0
1241000, 208652, 0, 0
1242000, 207832, 0, 0
1242999, 207775, 0, 0
1243999, 208164, 0, 0
1244999, 208500, 0, 0
1246000, 208252, 0, 0
1247000, 208948, 0, 0
1248000, 208092, 0, 0
1249000, 208576, 0, 0
1250000, 207932, 0, 0
1250999, 208468, 0, 0
1251999, 208072, 0, 0
1253000, 208160, 0, 0
1254000, 208316, 0, 0
1255000, 207824, 0, 0
1256000, 207664, 0, 0
1257000, 208428, 0, 0
1257999, 208180, 0, 0
1258999, 207959, 0, 0
1260000, 207728, 0, 0
1261000, 208400, 0, 0
1262000, 207424, 0, 0
1262999, 207971, 0, 0
1263999, 207951, 0, 0
1264999, 207947, 0, 0
1265999, 208608, 0, 0
1267000, 208124, 0, 0
1268000, 208112, 0, 0
1269000, 207748, 0, 0
1270000, 207684, 0, 0
1270999, 208116, 0, 0
1271999, 208092, 0, 0
1272999, 208120, 0, 0
1274000, 207092, 0, 0
1275000, 207860, 0, 0
1276000, 208096, 0, 0
1276999, 207615, 0, 0
1277999, 207967, 0, 0
1278999, 208012, 0, 0
1279999, 208296, 0, 0
1281000, 207704, 0, 0
1282000, 207524, 0, 0
1283000, 207968, 0, 0
1284000, 208036, 0, 0
1284999, 207575, 0, 0
1285999, 208024, 0, 0
1286999, 207983, 0, 0
1288000, 208200, 0, 0
1289000, 207872, 0, 0
1290000, 207500, 0, 0
1291000, 207112, 0, 0
1291999, 208020, 0, 0
1292999, 207991, 0, 0
1293999, 208328, 0, 0
1294999, 207915, 0, 0
1296000, 207504, 0, 0
1297000, 207324, 0, 0
1298000, 207620, 0, 0
1299000, 207844, 0, 0
1299999, 207655, 0, 0
1300999, 208264, 0, 0
1302000, 207740, 0, 0
1303000, 207752, 0, 0
1304000, 208220, 0, 0
1305000, 207736, 0, 0
1305999, 207095, 0, 0
1306999, 207651, 0, 0
1307999, 208212, 0, 0
1308999, 207495, 0, 0
1310000, 207348, 0, 0
1311000, 208244, 0, 0
1312000, 207308, 0, 0
1313000, 207344, 0, 0
1313999, 207567, 0, 0
1314999, 208052, 0, 0
1315999, 207459, 0, 0
1317000, 207324, 0, 0
1318000, 207428, 0, 0
1319000, 207448, 0, 0
1319999, 208080, 0, 0
1320999, 208044, 0, 0
1321999, 207875, 0, 0
1322999, 207815, 0, 0
1324000, 207208, 0, 0
1325000, 207488, 0, 0
1326000, 207324, 0, 0
1327000, 207452, 0, 0
1327999, 207207, 0, 0
1328999, 207519, 0, 0
1329999, 207391, 0, 0
1331000, 207964, 0, 0
1332000, 207576, 0, 0
1333000, 207124, 0, 0
1334000, 207560, 0, 0
1334999, 207239, 0, 0
1335999, 207899, 0, 0
1337000, 207112, 0, 0
1338000, 207068, 0, 0
1339000, 207264, 0, 0
1340000, 207376, 0, 0
1341000, 206964, 0, 0
1341999, 207459, 0, 0
1343000, 208024, 0, 0
1344000, 207616, 0, 0
1345000, 207128, 0, 0
1346000, 207416, 0, 0
1346999, 207171, 0, 0
1347999, 207527, 0, 0
1348999, 207631, 0, 0
1349999, 207515, 0, 0
1351000, 207172, 0, 0
1352000, 206816, 0, 0
1353000, 207528, 0, 0
1353999, 207183, 0, 0
1354999, 207531, 0, 0
1355999, 207151, 0, 0
1356999, 207747, 0, 0
1358000, 206892, 0, 0
1359000, 206964, 0, 0
1360000, 207476, 0, 0
1360999, 206734, 0, 0
1361999, 207523, 0, 0
1362999, 207539, 0, 0
1363999, 207611, 0, 0
1365000, 207132, 0, 0
1366000, 206820, 0, 0
1367000, 207672, 0, 0
1367999, 207295, 0, 0
1368999, 207303, 0, 0
1369999, 207539, 0, 0
1370999, 207387, 0, 0
1372000, 207016, 0, 0
1373000, 206732, 0, 0
1374000, 206796, 0, 0
1374999, 207247, 0, 0
1375999, 207263, 0, 0
1376999, 207595, 0, 0
1377999, 206918, 0, 0
1379000, 207000, 0, 0
1380000, 206980, 0, 0
1381000, 206976, 0, 0
1382000, 206688, 0, 0
1382999, 206426, 0, 0
1384000, 207340, 0, 0
1385000, 206652, 0, 0
1386000, 206536, 0, 0
1387000, 207348, 0, 0
1387999, 206770, 0, 0
1388999, 207555, 0, 0
1389999, 207239, 0, 0
1390999, 207335, 0, 0
1392000, 206940, 0, 0
1393000, 206960, 0, 0
1394000, 206704, 0, 0
1395000, 206708, 0, 0
1395999, 206578, 0, 0
1396999, 207295, 0, 0
1397999, 207255, 0, 0
1398999, 206538, 0, 0
1400000, 206584, 0, 0
1401000, 206916, 0, 0
1402000, 206944, 0, 0
1403000, 207276, 0, 0
1403999, 206454, 0, 0
1404999, 206966, 0, 0
1405999, 207183, 0, 0
1407000, 206868, 0, 0
1408000, 206668, 0, 0
1409000, 206468, 0, 0
1409999, 206426, 0, 0
1410999, 207135, 0, 0
1411999, 206902, 0, 0
1412999, 206570, 0, 0
1414000, 206520, 0, 0
1415000, 206724, 0, 0
1416000, 206256, 0, 0
1416999, 206210, 0, 0
1417999, 206546, 0, 0
1418999, 207119, 0, 0
1419999, 207243, 0, 0
1421000, 206256, 0, 0
1422000, 206796, 0, 0
1423000, 206768, 0, 0
1424000, 206560, 0, 0
1424999, 206826, 0, 0
1425999, 206742, 0, 0
1426999, 206682, 0, 0
1428000, 206982, 0, 0
1429000, 206792, 0, 0
1430000, 206308, 0, 0
1430999, 207119, 0, 0
1431999, 207071, 0, 0
1432999, 207419, 0, 0
1433999, 206434, 0, 0
1434999, 206814, 0, 0
1436000, 206644, 0, 0
1437000, 206648, 0, 0
1438000, 206400, 0, 0
1439000, 206396, 0, 0
1439999, 206510, 0, 0
1440999, 206654, 0, 0
1442000, 206512, 0, 0
1443000, 206688, 0, 0
1444000, 206288, 0, 0
1445000, 206248, 0, 0
1445999, 206114, 0, 0
1446999, 206590, 0, 0
1447999, 206782, 0, 0
1449000, 206196, 0, 0
1450000, 206320, 0, 0
1451000, 206136, 0, 0
1452000, 206148, 0, 0
1453000, 206620, 0, 0
1453999, 205709, 0, 0
1454999, 207127, 0, 0
1456000, 206688, 0, 0
1457000, 206788, 0, 0
1458000, 206520, 0, 0
1459000, 206244, 0, 0
1459999, 206626, 0, 0
1460999, 206418, 0, 0
1462000, 205672, 0, 0
1463000, 206664, 0, 0
1464000, 206316, 0, 0
1465000, 206096, 0, 0
1465999, 205985, 0, 0
1466999, 206246, 0, 0
1468000, 206272, 0, 0
1469000, 206340, 0, 0
1470000, 206048, 0, 0
1470999, 206510, 0, 0
1471999, 206878, 0, 0
1472999, 206466, 0, 0
1474000, 206724, 0, 0
1475000, 206564, 0, 0
1476000, 206424, 0, 0
1477000, 206232, 0, 0
1478000, 206096, 0, 0
1478999, 206622, 0, 0
1479999, 206310, 0, 0
1481000, 206448, 0, 0
1482000, 206816, 0, 0
1483000, 206476, 0, 0
1484000, 206732, 0, 0
1484999, 205949, 0, 0
1485999, 206066, 0, 0
1487000, 206324, 0, 0
1488000, 205780, 0, 0
1489000, 206372, 0, 0
1490000, 205880, 0, 0
1490999, 206526, 0, 0
1491999, 206266, 0, 0
1493000, 206532, 0, 0
1494000, 206352, 0, 0
1495000, 205800, 0, 0
1496000, 206152, 0, 0
1497000, 205928, 0, 0
1497999, 205881, 0, 0
1499000, 206472, 0, 0
1500000, 206260, 0, 0
