1000, 49764, 1, 0
2004, 51002, 1, 0
3000, 45350, 1, 0
4000, 43176, 1, 0
5000, 41712, 1, 0
6000, 41118, 1, 0
7000, 50552, 1, 0
8000, 46353, 1, 0
9004, 51773, 1, 0
10000, 48971, 1, 0
11000, 41358, 1, 0
12000, 49955, 1, 0
13000, 46992, 1, 0
14000, 44159, 1, 0
15000, 40901, 1, 0
16000, 42261, 1, 0
17000, 43178, 1, 0
18000, 41739, 1, 0
19000, 43858, 1, 0
20000, 44966, 1, 0
21000, 97259, 1, 0
22000, 45982, 1, 0
23000, 39772, 1, 0
24004, 44426, 1, 0
25004, 40321, 1, 0
26000, 42353, 1, 0
27004, 42293, 1, 0
28000, 38452, 1, 0
29000, 38730, 1, 0
30000, 37841, 1, 0
31119, 39644, 1, 0
32000, 41933, 1, 0
33000, 40240, 1, 0
34002, 40574, 1, 0
35000, 110881, 1, 0
36000, 45496, 1, 0
37000, 41351, 1, 0
38004, 46389, 1, 0
39000, 146682, 1, 0
40230, 4299525, 1, 0
41046, 8411643, 1, 0
42002, 14694741, 1, 0
43006, 16180957, 1, 0
44138, 15496975, 1, 0
45055, 13689458, 1, 0
46044, 16463234, 1, 0
47015, 9330633, 1, 0
48020, 12878810, 1, 0
49114, 12141077, 1, 0
50051, 12014848, 1, 0
51127, 10861682, 1, 0
52118, 13024459, 1, 0
53060, 8711888, 1, 0
54232, 14463401, 1, 0
55047, 15084398, 1, 0
56013, 12704977, 1, 0
57012, 11477910, 1, 0
58023, 14640472, 1, 0
59211, 10230438, 1, 0
60091, 12930194, 1, 0
61019, 14277591, 1, 0
62121, 9826933, 1, 0
63131, 11475072, 1, 0
64001, 8200064, 1, 0
65220, 12818183, 1, 0
66173, 14888904, 1, 0
67062, 8221125, 1, 0
68025, 11737311, 1, 0
69118, 14567823, 1, 0
70017, 13409731, 1, 0
71025, 11066386, 1, 0
72052, 9328129, 1, 0
73011, 14982180, 1, 0
74194, 10744893, 1, 0
75081, 15549364, 1, 0
76037, 9647771, 1, 0
77056, 17567663, 1, 0
78255, 13937414, 1, 0
79001, 10207659, 1, 0
80194, 16110986, 1, 0
81033, 9530567, 1, 0
82055, 8579087, 1, 0
83018, 10335119, 1, 0
84076, 12018819, 1, 0
85062, 9037718, 1, 0
86002, 8538663, 1, 0
87015, 19857333, 1, 0
88192, 13517052, 1, 0
89036, 11880133, 1, 0
90059, 21759422, 1, 0
91030, 9420498, 1, 0
92043, 15111771, 1, 0
93052, 12932370, 1, 0
94109, 12133945, 1, 0
95109, 7924207, 1, 0
96084, 11325799, 1, 0
97000, 8975186, 1, 0
98082, 17728907, 1, 0
99035, 7617140, 1, 0
100074, 11664277, 1, 0
101136, 13958353, 1, 0
102015, 8698531, 1, 0
103094, 11977219, 1, 0
104149, 19173668, 1, 0
105092, 11927407, 1, 0
106027, 10493066, 1, 0
107052, 9571879, 1, 0
108016, 10472514, 1, 0
109001, 21393820, 1, 0
110195, 13117979, 1, 0
111087, 18969196, 1, 0
112026, 9982789, 1, 0
113007, 13066553, 1, 0
114077, 11373254, 1, 0
115051, 12642922, 1, 0
116003, 9712414, 1, 0
117018, 10141629, 1, 0
118153, 10127895, 1, 0
119031, 13089503, 1, 0
120017, 21438306, 1, 0
121045, 14063301, 1, 0
122045, 9427239, 1, 0
123099, 13005607, 1, 0
124092, 8135226, 1, 0
125013, 11351453, 1, 0
126052, 9708397, 1, 0
127059, 12894960, 1, 0
128020, 8981260, 1, 0
129003, 12593305, 1, 0
130190, 13626220, 1, 0
131027, 11625201, 1, 0
132086, 10578028, 1, 0
133235, 12095009, 1, 0
134000, 19581205, 1, 0
135025, 13314543, 1, 0
136181, 14083533, 1, 0
137019, 10472949, 1, 0
138002, 13834442, 1, 0
139077, 10963940, 1, 0
140003, 9531292, 1, 0
141111, 13847666, 1, 0
142003, 11879095, 1, 0
143002, 10740510, 1, 0
144155, 12937098, 1, 0
145139, 14898668, 1, 0
146127, 11219979, 1, 0
147029, 11417112, 1, 0
148015, 14072493, 1, 0
149019, 7594577, 1, 0
150038, 16176802, 1, 0
151006, 12557704, 1, 0
152011, 11686080, 1, 0
153089, 12526414, 1, 0
154082, 14588260, 1, 0
155062, 11798387, 1, 0
156069, 9064161, 1, 0
157171, 11129403, 1, 0
158100, 12217570, 1, 0
159052, 10333203, 1, 0
160046, 11039759, 1, 0
161031, 12307432, 1, 0
162102, 9382283, 1, 0
163001, 13212292, 1, 0
164099, 10065816, 1, 0
165061, 11176953, 1, 0
166137, 11202064, 1, 0
167072, 9254091, 1, 0
168034, 11050113, 1, 0
169013, 14607175, 1, 0
170077, 17144539, 1, 0
171006, 10199236, 1, 0
172027, 16464269, 1, 0
173096, 13185772, 1, 0
174131, 11626309, 1, 0
175064, 13122098, 1, 0
176127, 10628260, 1, 0
177041, 10031599, 1, 0
178046, 9845623, 1, 0
179055, 15278738, 1, 0
180028, 14959064, 1, 0
181014, 8957575, 1, 0
182156, 7812659, 1, 0
183011, 12572582, 1, 0
184056, 8628067, 1, 0
185076, 13069603, 1, 0
186045, 14454576, 1, 0
187036, 15013022, 1, 0
188093, 10662826, 1, 0
189038, 18173478, 1, 0
190018, 12720663, 1, 0
191060, 16533368, 1, 0
192036, 17109514, 1, 0
193126, 14147129, 1, 0
194175, 8732308, 1, 0
195014, 11820705, 1, 0
196002, 9395442, 1, 0
197174, 16052487, 1, 0
198083, 14655543, 1, 0
199026, 11079987, 1, 0
200009, 13642503, 1, 0
201182, 13175243, 1, 0
202141, 17428272, 1, 0
203145, 12855714, 1, 0
204003, 10854003, 1, 0
205003, 11490909, 1, 0
206040, 20732389, 1, 0
207016, 14557878, 1, 0
208087, 14868689, 1, 0
209191, 13460460, 1, 0
210015, 7547654, 1, 0
211008, 16005502, 1, 0
212049, 10834242, 1, 0
213035, 14713264, 1, 0
214108, 11286319, 1, 0
215011, 15287340, 1, 0
216006, 12434214, 1, 0
217105, 11319642, 1, 0
218046, 14252020, 1, 0
219051, 12706878, 1, 0
220119, 11232217, 1, 0
221023, 16428146, 1, 0
222113, 14721411, 1, 0
223084, 12433037, 1, 0
224150, 17764821, 1, 0
225201, 14388752, 1, 0
226067, 8832904, 1, 0
227108, 18251256, 1, 0
228019, 14005633, 1, 0
229017, 11739924, 1, 0
230022, 12542583, 1, 0
231004, 10559735, 1, 0
232009, 15933421, 1, 0
233011, 10655879, 1, 0
234133, 15152210, 1, 0
235177, 12275115, 1, 0
236077, 10220502, 1, 0
237016, 11580808, 1, 0
238050, 13963085, 1, 0
239068, 9880300, 1, 0
240021, 12050770, 1, 0
241258, 12749342, 1, 0
242116, 12610952, 1, 0
243125, 9505955, 1, 0
244125, 14705383, 1, 0
245112, 8800714, 1, 0
246014, 14541836, 1, 0
247013, 11341014, 1, 0
248034, 11599059, 1, 0
249097, 12205908, 1, 0
250014, 14796506, 1, 0
251007, 13771131, 1, 0
252119, 16112925, 1, 0
253093, 12019691, 1, 0
254017, 11684392, 1, 0
255009, 11391268, 1, 0
256128, 18638194, 1, 0
257048, 11787974, 1, 0
258014, 14860967, 1, 0
259078, 13455584, 1, 0
260063, 14264874, 1, 0
261007, 12417233, 1, 0
262018, 14861909, 1, 0
263078, 12764029, 1, 0
264017, 9666840, 1, 0
265237, 15639774, 1, 0
266060, 12269504, 1, 0
267208, 12748617, 1, 0
268097, 11390188, 1, 0
269029, 10013351, 1, 0
270017, 17042511, 1, 0
271140, 10288003, 1, 0
272124, 11436872, 1, 0
273071, 12606373, 1, 0
274031, 14994338, 1, 0
275163, 8698549, 1, 0
276096, 11655594, 1, 0
277006, 8993418, 1, 0
278045, 8864870, 1, 0
279162, 14887749, 1, 0
280003, 9234844, 1, 0
281018, 11390946, 1, 0
282045, 12667723, 1, 0
283022, 14574090, 1, 0
284056, 16946773, 1, 0
285049, 11150185, 1, 0
286222, 11056068, 1, 0
287113, 13486927, 1, 0
288089, 10264350, 1, 0
289042, 10820690, 1, 0
290018, 11205392, 1, 0
291103, 10232033, 1, 0
292020, 13276881, 1, 0
293027, 14595594, 1, 0
294022, 9647501, 1, 0
295020, 11201476, 1, 0
296130, 16326126, 1, 0
297095, 7249534, 1, 0
298058, 22911236, 1, 0
299016, 12940739, 1, 0
300051, 11118630, 1, 0
301103, 19115935, 1, 0
302115, 12963572, 1, 0
303045, 11769289, 1, 0
304044, 12476269, 1, 0
305002, 11003671, 1, 0
306064, 14938424, 1, 0
307111, 17448595, 1, 0
308128, 10585937, 1, 0
309099, 12938653, 1, 0
310023, 17746064, 1, 0
311158, 15130965, 1, 0
312197, 16220476, 1, 0
313012, 9151391, 1, 0
314025, 12052743, 1, 0
315153, 11386990, 1, 0
316065, 21200233, 1, 0
317012, 9368897, 1, 0
318053, 12538532, 1, 0
319018, 10586654, 1, 0
320019, 13003552, 1, 0
321056, 16191590, 1, 0
322123, 11583643, 1, 0
323047, 14902403, 1, 0
324245, 15967644, 1, 0
325001, 14532423, 1, 0
326191, 14153524, 1, 0
327300, 11545252, 1, 0
328018, 11382790, 1, 0
329043, 11919335, 1, 0
330161, 16668411, 1, 0
331034, 13631433, 1, 0
332173, 13095048, 1, 0
333025, 12338535, 1, 0
334059, 14758862, 1, 0
335064, 11820432, 1, 0
336041, 10721103, 1, 0
337020, 15535158, 1, 0
338054, 18461949, 1, 0
339034, 7250081, 1, 0
340183, 11256612, 1, 0
341063, 10718016, 1, 0
342141, 28363156, 1, 0
343053, 9117400, 1, 0
344020, 19716925, 1, 0
345052, 12134246, 1, 0
346052, 13497776, 1, 0
347041, 13003464, 1, 0
348160, 17480226, 1, 0
349084, 13189805, 1, 0
350193, 17868439, 1, 0
351001, 12057519, 1, 0
352110, 14773917, 1, 0
353053, 11219405, 1, 0
354052, 12027576, 1, 0
355003, 9141115, 1, 0
356092, 17003944, 1, 0
357051, 15710823, 1, 0
358082, 16897658, 1, 0
359011, 11896286, 1, 0
360044, 13582018, 1, 0
361137, 14010501, 1, 0
362042, 11159502, 1, 0
363144, 16952351, 1, 0
364053, 18171005, 1, 0
365011, 10877304, 1, 0
366140, 13432737, 1, 0
367097, 12594616, 1, 0
368006, 10677569, 1, 0
369008, 13906525, 1, 0
370104, 12741705, 1, 0
371063, 7368534, 1, 0
372042, 11786643, 1, 0
373030, 9405077, 1, 0
374014, 16958599, 1, 0
375057, 14266338, 1, 0
376029, 17365536, 1, 0
377093, 19313062, 1, 0
378031, 9661658, 1, 0
379065, 12291545, 1, 0
380143, 19241443, 1, 0
381059, 10763207, 1, 0
382047, 8892794, 1, 0
383069, 11742855, 1, 0
384012, 13859458, 1, 0
385094, 11140527, 1, 0
386160, 14217445, 1, 0
387089, 19336589, 1, 0
388040, 13023744, 1, 0
389120, 14198410, 1, 0
390004, 10395318, 1, 0
391050, 14926164, 1, 0
392027, 15030504, 1, 0
393047, 15678034, 1, 0
394113, 11973172, 1, 0
395207, 9755444, 1, 0
396033, 11309457, 1, 0
397020, 9389451, 1, 0
398104, 17208283, 1, 0
399054, 13963805, 1, 0
400028, 12009529, 1, 0
401089, 15593216, 1, 0
402174, 15716522, 1, 0
403036, 9777544, 1, 0
404170, 13498335, 1, 0
405179, 10954175, 1, 0
406001, 17123730, 1, 0
407082, 15006211, 1, 0
408014, 15029181, 1, 0
409105, 13289647, 1, 0
410002, 12626146, 1, 0
411001, 17834917, 1, 0
412043, 10309537, 1, 0
413069, 17675976, 1, 0
414041, 12001119, 1, 0
415026, 13475638, 1, 0
416232, 15265403, 1, 0
417032, 13103995, 1, 0
418151, 14340057, 1, 0
419022, 16427870, 1, 0
420025, 10438478, 1, 0
421022, 14869200, 1, 0
422019, 15815151, 1, 0
423052, 15191355, 1, 0
424219, 10893230, 1, 0
425102, 9911530, 1, 0
426221, 12570898, 1, 0
427061, 19526413, 1, 0
428201, 10748884, 1, 0
429030, 20711727, 1, 0
430002, 14075903, 1, 0
431164, 14342772, 1, 0
432031, 16031246, 1, 0
433004, 10023220, 1, 0
434338, 11498802, 1, 0
435178, 11987097, 1, 0
436152, 13714396, 1, 0
437000, 9960129, 1, 0
438060, 9628874, 1, 0
439060, 11624970, 1, 0
440068, 15495649, 1, 0
441211, 12843734, 1, 0
442180, 15127182, 1, 0
443006, 7639159, 1, 0
444058, 12983678, 1, 0
445017, 10528917, 1, 0
446053, 11253661, 1, 0
447110, 14874547, 1, 0
448032, 12803364, 1, 0
449044, 15565515, 1, 0
450070, 12978390, 1, 0
451066, 24278104, 1, 0
452098, 12126858, 1, 0
453168, 12883227, 1, 0
454039, 10122935, 1, 0
455007, 13251861, 1, 0
456178, 10259207, 1, 0
457041, 9587272, 1, 0
458084, 10851768, 1, 0
459003, 10434154, 1, 0
460001, 9504128, 1, 0
461045, 11584643, 1, 0
462251, 11824711, 1, 0
463020, 12588136, 1, 0
464096, 19553204, 1, 0
465216, 13324275, 1, 0
466054, 23943541, 1, 0
467051, 11857421, 1, 0
468028, 9577193, 1, 0
469162, 14349543, 1, 0
470079, 13083491, 1, 0
471048, 14450824, 1, 0
472073, 12203355, 1, 0
473198, 18423715, 1, 0
474083, 11634404, 1, 0
475011, 11598486, 1, 0
476044, 9642541, 1, 0
477060, 13539479, 1, 0
478007, 11000050, 1, 0
479057, 12352176, 1, 0
480049, 11261333, 1, 0
481186, 11139128, 1, 0
482180, 17734561, 1, 0
483009, 10758338, 1, 0
484024, 10567668, 1, 0
485184, 11259405, 1, 0
486208, 13829671, 1, 0
487042, 9803692, 1, 0
488187, 15899760, 1, 0
489243, 11466379, 1, 0
490019, 15210857, 1, 0
491016, 17179084, 1, 0
492217, 11320072, 1, 0
493197, 14199529, 1, 0
494052, 12392360, 1, 0
495071, 13048447, 1, 0
496203, 14143009, 1, 0
497182, 16045039, 1, 0
498005, 9130783, 1, 0
499057, 13140218, 1, 0
500054, 8588402, 1, 0
501030, 14787409, 1, 0
502040, 13102292, 1, 0
503076, 12474814, 1, 0
504011, 9437485, 1, 0
505015, 8501995, 1, 0
506024, 16267055, 1, 0
507014, 11778783, 1, 0
508011, 17481615, 1, 0
509139, 12252557, 1, 0
510045, 15086403, 1, 0
511186, 10857712, 1, 0
512108, 16759718, 1, 0
513115, 10941971, 1, 0
514136, 10511769, 1, 0
515000, 12885408, 1, 0
516006, 20105748, 1, 0
517013, 9584824, 1, 0
518003, 14547536, 1, 0
519206, 16252468, 1, 0
520248, 15788156, 1, 0
521071, 13707413, 1, 0
522044, 15192447, 1, 0
523009, 13978732, 1, 0
524005, 16046870, 1, 0
525254, 14692913, 1, 0
526134, 9989900, 1, 0
527021, 11068240, 1, 0
528033, 12189086, 1, 0
529023, 12519672, 1, 0
530049, 10469218, 1, 0
531006, 12748858, 1, 0
532151, 9694730, 1, 0
533008, 7569592, 1, 0
534085, 12096805, 1, 0
535000, 9937234, 1, 0
536154, 17468247, 1, 0
537181, 11941566, 1, 0
538178, 12774717, 1, 0
539099, 13144720, 1, 0
540142, 12719259, 1, 0
541024, 11597748, 1, 0
542080, 10447598, 1, 0
543104, 16241900, 1, 0
544065, 12476927, 1, 0
545064, 14043119, 1, 0
546124, 12181333, 1, 0
547054, 12549251, 1, 0
548017, 12844636, 1, 0
549059, 11964306, 1, 0
550052, 13586791, 1, 0
551044, 11952731, 1, 0
552170, 18453100, 1, 0
553038, 13341013, 1, 0
554088, 13627341, 1, 0
555062, 18727026, 1, 0
556035, 10226044, 1, 0
557041, 10475269, 1, 0
558006, 10256770, 1, 0
559105, 13390537, 1, 0
560089, 12946468, 1, 0
561007, 12735881, 1, 0
562113, 12565174, 1, 0
563026, 10866777, 1, 0
564219, 13856424, 1, 0
565077, 16190925, 1, 0
566100, 8112183, 1, 0
567006, 13515969, 1, 0
568224, 13669455, 1, 0
569010, 11223010, 1, 0
570051, 26016952, 1, 0
571030, 9501735, 1, 0
572033, 11791784, 1, 0
573128, 14403918, 1, 0
574125, 9308856, 1, 0
575097, 11987283, 1, 0
576004, 10545458, 1, 0
577156, 16678660, 1, 0
578018, 11803579, 1, 0
579011, 8549549, 1, 0
580034, 13455987, 1, 0
581244, 17531052, 1, 0
582004, 12445444, 1, 0
583080, 14532382, 1, 0
584138, 17066462, 1, 0
585027, 17425420, 1, 0
586071, 13373402, 1, 0
587071, 12811624, 1, 0
588024, 18313979, 1, 0
589035, 12176414, 1, 0
590082, 19384358, 1, 0
591086, 12531031, 1, 0
592066, 10995224, 1, 0
593158, 13317723, 1, 0
594139, 10101116, 1, 0
595205, 14010988, 1, 0
596122, 12565078, 1, 0
597069, 15267277, 1, 0
598188, 11525424, 1, 0
599086, 7802180, 1, 0
600120, 22968769, 1, 0
