1000, 37381, 1, 0
2004, 38867, 1, 0
3000, 35770, 1, 0
4000, 35323, 1, 0
5000, 28171, 1, 0
6000, 22461, 1, 0
7000, 33849, 1, 0
8000, 39199, 1, 0
9000, 41505, 1, 0
10000, 36589, 1, 0
11000, 33464, 1, 0
12000, 36669, 1, 0
13000, 35944, 1, 0
14000, 36614, 1, 0
15000, 32466, 1, 0
16000, 31303, 1, 0
17000, 35366, 1, 0
18000, 32595, 1, 0
19000, 34758, 1, 0
20000, 32374, 1, 0
21000, 87487, 1, 0
22000, 34844, 1, 0
23000, 31363, 1, 0
24004, 36700, 1, 0
25000, 28606, 1, 0
26000, 30185, 1, 0
27000, 32102, 1, 0
28000, 31021, 1, 0
29000, 28063, 1, 0
30000, 28196, 1, 0
31119, 31087, 1, 0
32000, 33028, 1, 0
33000, 30004, 1, 0
34002, 31281, 1, 0
35000, 102460, 1, 0
36000, 36054, 1, 0
37000, 33878, 1, 0
38004, 35493, 1, 0
39000, 110828, 1, 0
40019, 4481663, 1, 0
41108, 13612669, 1, 0
42012, 11285599, 1, 0
43085, 14695560, 1, 0
44063, 12523464, 1, 0
45110, 12612357, 1, 0
46099, 17337117, 1, 0
47204, 14346349, 1, 0
48094, 11119887, 1, 0
49046, 15603761, 1, 0
50123, 12090452, 1, 0
51053, 7811659, 1, 0
52061, 17067300, 1, 0
53028, 12712397, 1, 0
54095, 12550594, 1, 0
55175, 11125571, 1, 0
56047, 13837168, 1, 0
57148, 13258061, 1, 0
58224, 13103070, 1, 0
59004, 11808906, 1, 0
60049, 13392567, 1, 0
61032, 14032348, 1, 0
62048, 11812757, 1, 0
63034, 11199934, 1, 0
64135, 12498529, 1, 0
65079, 13100705, 1, 0
66021, 13070042, 1, 0
67012, 11389089, 1, 0
68014, 13007692, 1, 0
69142, 17074781, 1, 0
70138, 12604721, 1, 0
71034, 10781264, 1, 0
72040, 14172256, 1, 0
73136, 13039837, 1, 0
74145, 13806387, 1, 0
75000, 14743198, 1, 0
76066, 10335169, 1, 0
77001, 12142226, 1, 0
78053, 10508430, 1, 0
79064, 15082663, 1, 0
80002, 12338075, 1, 0
81266, 15037428, 1, 0
82006, 9852759, 1, 0
83051, 9003356, 1, 0
84192, 14435616, 1, 0
85105, 9406446, 1, 0
86130, 14848256, 1, 0
87015, 10402866, 1, 0
88039, 10131426, 1, 0
89068, 11056689, 1, 0
90263, 12187311, 1, 0
91078, 9577543, 1, 0
92019, 15429482, 1, 0
93052, 13761586, 1, 0
94013, 10786586, 1, 0
95039, 12354052, 1, 0
96032, 12103621, 1, 0
97174, 19350962, 1, 0
98019, 10823808, 1, 0
99160, 13739561, 1, 0
100003, 13166082, 1, 0
101012, 9789632, 1, 0
102108, 20661469, 1, 0
103072, 13769563, 1, 0
104048, 13545992, 1, 0
105164, 15499416, 1, 0
106048, 9597432, 1, 0
107038, 17058058, 1, 0
108095, 16774461, 1, 0
109248, 14395303, 1, 0
110062, 10854652, 1, 0
111033, 12435166, 1, 0
112045, 17447004, 1, 0
113187, 14090584, 1, 0
114136, 13360813, 1, 0
115005, 12396474, 1, 0
116040, 16171699, 1, 0
117071, 12417785, 1, 0
118007, 11842514, 1, 0
119044, 12634112, 1, 0
120027, 8924891, 1, 0
121028, 11634279, 1, 0
122098, 11023118, 1, 0
123175, 12373915, 1, 0
124002, 10731932, 1, 0
125000, 13479049, 1, 0
126033, 20249357, 1, 0
127098, 16375336, 1, 0
128171, 12922158, 1, 0
129068, 10303312, 1, 0
130151, 14827250, 1, 0
131184, 14330330, 1, 0
132152, 10754748, 1, 0
133015, 8883496, 1, 0
134184, 23859457, 1, 0
135008, 14442769, 1, 0
136091, 11518101, 1, 0
137069, 11100808, 1, 0
138091, 20852135, 1, 0
139212, 13491707, 1, 0
140019, 8398367, 1, 0
141012, 10134083, 1, 0
142065, 14609802, 1, 0
143217, 17989421, 1, 0
144199, 12744257, 1, 0
145044, 12421577, 1, 0
146046, 16689565, 1, 0
147020, 10355269, 1, 0
148016, 13097492, 1, 0
149045, 15823384, 1, 0
150164, 12162076, 1, 0
151004, 10482927, 1, 0
152019, 11532195, 1, 0
153021, 14512151, 1, 0
154025, 11534906, 1, 0
155041, 13181819, 1, 0
156105, 13300245, 1, 0
157019, 12862290, 1, 0
158185, 19761344, 1, 0
159070, 11946060, 1, 0
160113, 13901529, 1, 0
161012, 14731431, 1, 0
162065, 12678662, 1, 0
163039, 12321952, 1, 0
164048, 12299579, 1, 0
165043, 13080207, 1, 0
166020, 13754823, 1, 0
167050, 11827626, 1, 0
168046, 10935799, 1, 0
169117, 13727811, 1, 0
170048, 9212565, 1, 0
171028, 16060753, 1, 0
172021, 16266643, 1, 0
173013, 13966092, 1, 0
174147, 14906329, 1, 0
175023, 11376468, 1, 0
176112, 18147298, 1, 0
177159, 10454514, 1, 0
178082, 11819575, 1, 0
179076, 14605029, 1, 0
180208, 14690204, 1, 0
181022, 8944280, 1, 0
182139, 12977579, 1, 0
183080, 15416454, 1, 0
184039, 12777949, 1, 0
185047, 14604441, 1, 0
186265, 14317661, 1, 0
187088, 14961363, 1, 0
188092, 10450843, 1, 0
189044, 14195171, 1, 0
190072, 9978800, 1, 0
191025, 14648979, 1, 0
192093, 10069710, 1, 0
193124, 10616015, 1, 0
194018, 8268287, 1, 0
195017, 15363383, 1, 0
196071, 14056655, 1, 0
197011, 10671746, 1, 0
198042, 10301597, 1, 0
199127, 16682875, 1, 0
200119, 11264435, 1, 0
201022, 11278273, 1, 0
202139, 11873676, 1, 0
203112, 12802183, 1, 0
204031, 8822917, 1, 0
205008, 16549409, 1, 0
206017, 16014209, 1, 0
207001, 18910116, 1, 0
208144, 16092929, 1, 0
209054, 16832398, 1, 0
210074, 9801736, 1, 0
211070, 12763475, 1, 0
212053, 18205445, 1, 0
213164, 10273527, 1, 0
214018, 11854519, 1, 0
215032, 7399952, 1, 0
216072, 10705681, 1, 0
217012, 11187393, 1, 0
218195, 13747620, 1, 0
219012, 17009519, 1, 0
220036, 11899192, 1, 0
221053, 10698190, 1, 0
222185, 15716262, 1, 0
223111, 11282774, 1, 0
224020, 13769681, 1, 0
225031, 12468253, 1, 0
226006, 10476563, 1, 0
227060, 17001266, 1, 0
228037, 16271748, 1, 0
229041, 9646657, 1, 0
230070, 16066869, 1, 0
231090, 12427107, 1, 0
232125, 8762357, 1, 0
233067, 18124171, 1, 0
234108, 13333908, 1, 0
235102, 15768952, 1, 0
236000, 11504714, 1, 0
237222, 11739374, 1, 0
238014, 15532932, 1, 0
239001, 11741275, 1, 0
240212, 13748546, 1, 0
241105, 11904275, 1, 0
242028, 10485780, 1, 0
243140, 18209697, 1, 0
244000, 11313790, 1, 0
245038, 10471850, 1, 0
246039, 11777249, 1, 0
247119, 14589966, 1, 0
248146, 10574598, 1, 0
249086, 10672538, 1, 0
250177, 18806195, 1, 0
251029, 12896705, 1, 0
252134, 14928077, 1, 0
253183, 14355125, 1, 0
254045, 13901699, 1, 0
255013, 12728515, 1, 0
256034, 10633571, 1, 0
257027, 13772187, 1, 0
258044, 18826471, 1, 0
259090, 11619211, 1, 0
260032, 13645722, 1, 0
261105, 15314165, 1, 0
262080, 10593134, 1, 0
263124, 13379138, 1, 0
264039, 13056798, 1, 0
265058, 12736660, 1, 0
266000, 11907874, 1, 0
267029, 9796193, 1, 0
268021, 22043124, 1, 0
269147, 12231364, 1, 0
270047, 14996037, 1, 0
271031, 15360681, 1, 0
272062, 11840971, 1, 0
273145, 12162270, 1, 0
274018, 14549331, 1, 0
275174, 13438011, 1, 0
276027, 10270603, 1, 0
277233, 16275113, 1, 0
278192, 12458141, 1, 0
279255, 11416841, 1, 0
280135, 11135066, 1, 0
281098, 9429377, 1, 0
282211, 16371243, 1, 0
283230, 13046802, 1, 0
284012, 14483792, 1, 0
285002, 24140565, 1, 0
286133, 17116967, 1, 0
287028, 13559133, 1, 0
288049, 13083257, 1, 0
289049, 13509547, 1, 0
290015, 11094839, 1, 0
291035, 10192587, 1, 0
292042, 15250862, 1, 0
293003, 11849872, 1, 0
294006, 11393890, 1, 0
295002, 11851221, 1, 0
296022, 10960345, 1, 0
297141, 12841693, 1, 0
298032, 11414994, 1, 0
299053, 12445840, 1, 0
300087, 14555190, 1, 0
301070, 14443578, 1, 0
302013, 11096466, 1, 0
303002, 13722387, 1, 0
304093, 16273925, 1, 0
305053, 12794661, 1, 0
306245, 10638142, 1, 0
307041, 7502503, 1, 0
308001, 12133487, 1, 0
309015, 15591852, 1, 0
310182, 14587757, 1, 0
311038, 18597468, 1, 0
312186, 11945030, 1, 0
313018, 10269802, 1, 0
314039, 11092064, 1, 0
315035, 11303671, 1, 0
316043, 10828005, 1, 0
317003, 12976152, 1, 0
318019, 13723948, 1, 0
319012, 14375463, 1, 0
320009, 10374075, 1, 0
321029, 12912362, 1, 0
322076, 11887199, 1, 0
323000, 13781557, 1, 0
324096, 12301868, 1, 0
325042, 9276131, 1, 0
326000, 14072885, 1, 0
327021, 19258576, 1, 0
328081, 13404387, 1, 0
329009, 13848810, 1, 0
330018, 11858031, 1, 0
331016, 11737543, 1, 0
332115, 14839665, 1, 0
333026, 13588375, 1, 0
334011, 10250324, 1, 0
335058, 12464139, 1, 0
336121, 12497516, 1, 0
337252, 16148610, 1, 0
338226, 14749316, 1, 0
339051, 12491115, 1, 0
340077, 11139574, 1, 0
341045, 8639772, 1, 0
342061, 15378774, 1, 0
343038, 10503376, 1, 0
344006, 13630140, 1, 0
345064, 25782212, 1, 0
346088, 14625899, 1, 0
347222, 12876278, 1, 0
348063, 14741928, 1, 0
349070, 12427618, 1, 0
350113, 11332476, 1, 0
351073, 12782019, 1, 0
352039, 12874868, 1, 0
353043, 16724403, 1, 0
354021, 16288944, 1, 0
355086, 10974419, 1, 0
356038, 16131799, 1, 0
357003, 9736054, 1, 0
358011, 10173642, 1, 0
359014, 14749489, 1, 0
360076, 13097999, 1, 0
361110, 16943468, 1, 0
362066, 11114016, 1, 0
363052, 9851181, 1, 0
364156, 12822003, 1, 0
365086, 9106149, 1, 0
366275, 13822986, 1, 0
367249, 18724014, 1, 0
368032, 10419882, 1, 0
369204, 16984020, 1, 0
370235, 15375310, 1, 0
371167, 17251015, 1, 0
372243, 14155520, 1, 0
373068, 15856107, 1, 0
374017, 12311518, 1, 0
375157, 14066141, 1, 0
376027, 13173743, 1, 0
377017, 7272990, 1, 0
378236, 16931457, 1, 0
379097, 12286519, 1, 0
380014, 18711586, 1, 0
381224, 14923069, 1, 0
382200, 13363562, 1, 0
383004, 10721142, 1, 0
384028, 10031801, 1, 0
385064, 14579953, 1, 0
386201, 16005849, 1, 0
387102, 17314175, 1, 0
388007, 16164816, 1, 0
389015, 12431727, 1, 0
390093, 13468335, 1, 0
391005, 12482994, 1, 0
392000, 11054629, 1, 0
393147, 18490149, 1, 0
394015, 14458761, 1, 0
395077, 14741892, 1, 0
396098, 11337895, 1, 0
397228, 14478527, 1, 0
398037, 13695365, 1, 0
399262, 15115208, 1, 0
400157, 10518459, 1, 0
401167, 13458266, 1, 0
402134, 12553223, 1, 0
403126, 10897053, 1, 0
404031, 11446779, 1, 0
405045, 11923864, 1, 0
406040, 11163977, 1, 0
407301, 17519208, 1, 0
408073, 11180471, 1, 0
409061, 11473388, 1, 0
410036, 13925056, 1, 0
411013, 9209736, 1, 0
412128, 15059479, 1, 0
413087, 10301421, 1, 0
414063, 13003473, 1, 0
415212, 12222180, 1, 0
416026, 15344536, 1, 0
417000, 12011582, 1, 0
418021, 10742410, 1, 0
419009, 11218844, 1, 0
420028, 11069567, 1, 0
421127, 15254631, 1, 0
422037, 11231583, 1, 0
423006, 14441221, 1, 0
424140, 19554385, 1, 0
425006, 9949127, 1, 0
426065, 14490136, 1, 0
427010, 10272926, 1, 0
428020, 14008617, 1, 0
429122, 13112799, 1, 0
430059, 11996609, 1, 0
431053, 15537022, 1, 0
432076, 11610359, 1, 0
433045, 15623465, 1, 0
434052, 8910349, 1, 0
435015, 12494081, 1, 0
436166, 17695687, 1, 0
437097, 11348605, 1, 0
438033, 8989834, 1, 0
439084, 18758884, 1, 0
440101, 14730570, 1, 0
441138, 16454541, 1, 0
442145, 10935231, 1, 0
443096, 15845494, 1, 0
444021, 15413080, 1, 0
445221, 14447986, 1, 0
446051, 9760557, 1, 0
447203, 12515507, 1, 0
448016, 16250153, 1, 0
449087, 10916702, 1, 0
450011, 11843000, 1, 0
451052, 12996031, 1, 0
452089, 15478319, 1, 0
453026, 12153483, 1, 0
454051, 8260003, 1, 0
455232, 14948995, 1, 0
456018, 12867446, 1, 0
457293, 20898765, 1, 0
458019, 11521171, 1, 0
459181, 18730329, 1, 0
460019, 11467943, 1, 0
461002, 12925415, 1, 0
462054, 14214953, 1, 0
463015, 13715584, 1, 0
464008, 13240993, 1, 0
465046, 14017379, 1, 0
466025, 9779807, 1, 0
467005, 15547252, 1, 0
468010, 11959884, 1, 0
469018, 11314069, 1, 0
470110, 13306961, 1, 0
471091, 7900875, 1, 0
472232, 20014435, 1, 0
473207, 12822685, 1, 0
474024, 11180561, 1, 0
475015, 19428492, 1, 0
476083, 11479908, 1, 0
477159, 10972020, 1, 0
478142, 10560804, 1, 0
479186, 13724607, 1, 0
480002, 9818023, 1, 0
481049, 13958207, 1, 0
482171, 19341529, 1, 0
483075, 13897492, 1, 0
484053, 16019223, 1, 0
485114, 17680548, 1, 0
486005, 10722998, 1, 0
487118, 13558778, 1, 0
488188, 16715638, 1, 0
489222, 15431121, 1, 0
490134, 14935922, 1, 0
491191, 15777656, 1, 0
492058, 9214266, 1, 0
493018, 11424239, 1, 0
494060, 14876420, 1, 0
495035, 18049055, 1, 0
496003, 11511835, 1, 0
497009, 14163257, 1, 0
498187, 13379390, 1, 0
499038, 17346160, 1, 0
500167, 12678894, 1, 0
501127, 12798560, 1, 0
502000, 9482353, 1, 0
503111, 14049681, 1, 0
504113, 16163594, 1, 0
505146, 12291926, 1, 0
506069, 13369575, 1, 0
507039, 9881487, 1, 0
508220, 12978130, 1, 0
509075, 12567276, 1, 0
510057, 14424850, 1, 0
511131, 13944915, 1, 0
512257, 11596373, 1, 0
513150, 16847966, 1, 0
514066, 11161607, 1, 0
515026, 12306284, 1, 0
516063, 16195708, 1, 0
517058, 15060197, 1, 0
518034, 13011794, 1, 0
519016, 15325002, 1, 0
520049, 10980943, 1, 0
521095, 16865008, 1, 0
522055, 13517140, 1, 0
523146, 12534187, 1, 0
524170, 10774204, 1, 0
525015, 14814914, 1, 0
526071, 17882573, 1, 0
527208, 14033938, 1, 0
528027, 14618933, 1, 0
529180, 20566956, 1, 0
530034, 12377500, 1, 0
531025, 13953555, 1, 0
532144, 14327429, 1, 0
533197, 12243302, 1, 0
534031, 14611237, 1, 0
535090, 14708908, 1, 0
536038, 12296674, 1, 0
537017, 13587437, 1, 0
538130, 15453483, 1, 0
539033, 11281575, 1, 0
540106, 16764394, 1, 0
541122, 11523280, 1, 0
542192, 19823283, 1, 0
543012, 29251358, 1, 0
544020, 22389711, 1, 0
545040, 13786171, 1, 0
546013, 23714225, 1, 0
547185, 13777611, 1, 0
548000, 11808483, 1, 0
549132, 18236646, 1, 0
550035, 17362784, 1, 0
551158, 12900108, 1, 0
552041, 12975614, 1, 0
553036, 18770967, 1, 0
554222, 13170152, 1, 0
555014, 12368171, 1, 0
556028, 12991925, 1, 0
557016, 18280911, 1, 0
558047, 14309055, 1, 0
559013, 9848220, 1, 0
560197, 14257797, 1, 0
561052, 16445372, 1, 0
562069, 12239927, 1, 0
563032, 17830163, 1, 0
564009, 13749635, 1, 0
565155, 14499791, 1, 0
566068, 16018755, 1, 0
567050, 15830417, 1, 0
568061, 12314712, 1, 0
569009, 11559302, 1, 0
570022, 11907417, 1, 0
571252, 11941114, 1, 0
572021, 12387222, 1, 0
573182, 15894212, 1, 0
574054, 17440576, 1, 0
575024, 19398566, 1, 0
576256, 16409090, 1, 0
577114, 10586909, 1, 0
578071, 13101541, 1, 0
579098, 12996418, 1, 0
580024, 15174804, 1, 0
581054, 11824110, 1, 0
582083, 22861947, 1, 0
583019, 11696807, 1, 0
584067, 12176832, 1, 0
585041, 10696949, 1, 0
586026, 11858388, 1, 0
587118, 13643563, 1, 0
588032, 11270121, 1, 0
589212, 12829051, 1, 0
590002, 10379663, 1, 0
591061, 20358749, 1, 0
592104, 15556358, 1, 0
593024, 20914564, 1, 0
594221, 16610209, 1, 0
595001, 16578168, 1, 0
596061, 15593149, 1, 0
597007, 9838402, 1, 0
598019, 13676762, 1, 0
599242, 27774180, 1, 0
600022, 15925239, 1, 0
