1048, 8582823, 0, 0
1048, 21726, 1, 0
2003, 11914465, 0, 0
2003, 23131, 1, 0
3096, 10488293, 0, 0
3096, 21847, 1, 0
4069, 11036824, 0, 0
4146, 20365, 1, 0
5066, 10372386, 0, 0
5066, 26309, 1, 0
6016, 10785614, 0, 0
6016, 13975, 1, 0
7082, 11087536, 0, 0
7082, 19143, 1, 0
8021, 8038827, 0, 0
8102, 18216, 1, 0
9038, 10581039, 0, 0
9038, 18543, 1, 0
10022, 11167211, 0, 0
10100, 19752, 1, 0
11039, 10582825, 0, 0
11039, 27834, 1, 0
12047, 10373596, 0, 0
12047, 19223, 1, 0
13034, 10159603, 0, 0
13167, 22220, 1, 0
14059, 11623052, 0, 0
14059, 24230, 1, 0
15066, 10354390, 0, 0
15237, 21300, 1, 0
16004, 10526296, 0, 0
16088, 23592, 1, 0
17038, 10756440, 0, 0
17039, 21501, 1, 0
18026, 9951192, 0, 0
18026, 26784, 1, 0
19078, 10940636, 0, 0
19078, 18974, 1, 0
20056, 10982811, 0, 0
20057, 18733, 1, 0
21034, 10972086, 0, 0
21034, 22672, 1, 0
22061, 10677411, 0, 0
22061, 20653, 1, 0
23014, 10455462, 0, 0
23014, 18639, 1, 0
24064, 10806636, 0, 0
24065, 21049, 1, 0
25074, 10392767, 0, 0
25151, 21432, 1, 0
26073, 10170363, 0, 0
26073, 21281, 1, 0
27013, 10662975, 0, 0
27078, 19464, 1, 0
28023, 10285967, 0, 0
28023, 21921, 1, 0
29056, 10422940, 0, 0
29136, 24120, 1, 0
30050, 9899953, 0, 0
30050, 20939, 1, 0
31063, 9813335, 0, 0
31136, 23991, 1, 0
32074, 10302660, 0, 0
32074, 20573, 1, 0
33050, 11078671, 0, 0
33155, 22810, 1, 0
34044, 11273825, 0, 0
34044, 25885, 1, 0
35038, 10227911, 0, 0
35038, 22993, 1, 0
36024, 11061253, 0, 0
36024, 22468, 1, 0
37007, 11410355, 0, 0
37007, 20397, 1, 0
38058, 10703366, 0, 0
38141, 22210, 1, 0
39051, 10332302, 0, 0
39052, 20421, 1, 0
40038, 10159586, 0, 0
40038, 20519, 1, 0
41008, 10191671, 0, 0
41099, 21689, 1, 0
42013, 11538857, 0, 0
42013, 21189, 1, 0
43029, 10451400, 0, 0
43098, 23435, 1, 0
44060, 10726680, 0, 0
44141, 23010, 1, 0
45010, 10539317, 0, 0
45011, 22689, 1, 0
46011, 11101870, 0, 0
46011, 22240, 1, 0
47022, 10396551, 0, 0
47022, 22522, 1, 0
48004, 11141687, 0, 0
48074, 23018, 1, 0
49084, 12113826, 0, 0
49084, 22328, 1, 0
50002, 10297168, 0, 0
50073, 25421, 1, 0
51061, 10066168, 0, 0
51061, 20045, 1, 0
52074, 10534252, 0, 0
52074, 20492, 1, 0
53085, 10514366, 0, 0
53085, 25115, 1, 0
54066, 10301818, 0, 0
54147, 21840, 1, 0
55001, 10142959, 0, 0
55090, 20554, 1, 0
56006, 10238792, 0, 0
56007, 21725, 1, 0
57089, 10097161, 0, 0
57089, 20096, 1, 0
58001, 10000651, 0, 0
58001, 21850, 1, 0
59045, 10740238, 0, 0
59137, 23267, 1, 0
60054, 10175472, 0, 0
60055, 20790, 1, 0
61017, 10797889, 0, 0
61017, 20321, 1, 0
62028, 10301889, 0, 0
62028, 24234, 1, 0
63073, 10869349, 0, 0
63147, 21181, 1, 0
64074, 10398591, 0, 0
64074, 21766, 1, 0
65008, 11661533, 0, 0
65009, 21653, 1, 0
66010, 9894014, 0, 0
66010, 20613, 1, 0
67057, 9674855, 0, 0
67057, 24094, 1, 0
68001, 11491408, 0, 0
68001, 23166, 1, 0
69008, 10364099, 0, 0
69008, 21753, 1, 0
70031, 10640267, 0, 0
70032, 21923, 1, 0
71001, 9778544, 0, 0
71084, 21709, 1, 0
72026, 10440961, 0, 0
72027, 21962, 1, 0
73048, 10622279, 0, 0
73048, 21509, 1, 0
74049, 10086709, 0, 0
74049, 22859, 1, 0
75060, 10197444, 0, 0
75060, 25368, 1, 0
76083, 10102334, 0, 0
76083, 22268, 1, 0
77053, 10637476, 0, 0
77053, 20116, 1, 0
78069, 10569268, 0, 0
78069, 23447, 1, 0
79018, 10182667, 0, 0
79018, 21731, 1, 0
80023, 10240797, 0, 0
80023, 24088, 1, 0
81035, 10533284, 0, 0
81036, 20584, 1, 0
82045, 9158513, 0, 0
82045, 18401, 1, 0
83060, 11260959, 0, 0
83060, 21584, 1, 0
84057, 10047745, 0, 0
84057, 22022, 1, 0
85005, 10757976, 0, 0
85005, 25656, 1, 0
86040, 10228455, 0, 0
86041, 22614, 1, 0
87068, 10571296, 0, 0
87068, 21448, 1, 0
88047, 9134604, 0, 0
88047, 23128, 1, 0
89012, 9629187, 0, 0
89012, 23606, 1, 0
90081, 10663268, 0, 0
90162, 20630, 1, 0
91006, 10146292, 0, 0
91092, 23307, 1, 0
92046, 10587507, 0, 0
92046, 20821, 1, 0
93056, 10616104, 0, 0
93057, 22623, 1, 0
94007, 9880890, 0, 0
94007, 23325, 1, 0
95088, 10178423, 0, 0
95088, 22916, 1, 0
96053, 10951872, 0, 0
96054, 22526, 1, 0
97031, 9850796, 0, 0
97108, 22349, 1, 0
98072, 10718166, 0, 0
98072, 26184, 1, 0
99069, 11319642, 0, 0
99070, 22072, 1, 0
100031, 10898389, 0, 0
100031, 21182, 1, 0
101053, 10412033, 0, 0
101053, 23043, 1, 0
102065, 9354157, 0, 0
102066, 21991, 1, 0
103050, 11043180, 0, 0
103133, 22750, 1, 0
104070, 10502462, 0, 0
104149, 24025, 1, 0
105034, 9072873, 0, 0
105207, 21068, 1, 0
106042, 10267132, 0, 0
106042, 23266, 1, 0
107017, 9930383, 0, 0
107017, 22363, 1, 0
108018, 9895489, 0, 0
108109, 22042, 1, 0
109042, 10332358, 0, 0
109042, 19540, 1, 0
110074, 10302892, 0, 0
110178, 23481, 1, 0
111000, 10266204, 0, 0
111000, 27178, 1, 0
112015, 10334583, 0, 0
112015, 22007, 1, 0
113051, 10129487, 0, 0
113051, 28209, 1, 0
114058, 10054018, 0, 0
114058, 22449, 1, 0
115008, 10423298, 0, 0
115008, 22601, 1, 0
116016, 11047391, 0, 0
116093, 23028, 1, 0
117088, 10922664, 0, 0
117088, 22910, 1, 0
118020, 10334218, 0, 0
118020, 22216, 1, 0
119010, 9686349, 0, 0
119010, 22127, 1, 0
120011, 10092350, 0, 0
120011, 20393, 1, 0
121014, 10220239, 0, 0
121014, 21920, 1, 0
122039, 10229407, 0, 0
122039, 21020, 1, 0
123014, 10816480, 0, 0
123014, 27355, 1, 0
124029, 11516524, 0, 0
124029, 26088, 1, 0
125007, 10847648, 0, 0
125008, 21104, 1, 0
126025, 10470480, 0, 0
126025, 23511, 1, 0
127013, 9958277, 0, 0
127097, 23966, 1, 0
128050, 10565832, 0, 0
128215, 21905, 1, 0
129024, 9713111, 0, 0
129024, 22686, 1, 0
130038, 9926036, 0, 0
130039, 21271, 1, 0
131065, 10341865, 0, 0
131065, 23251, 1, 0
132012, 9949005, 0, 0
132012, 19991, 1, 0
133020, 11180415, 0, 0
133020, 23547, 1, 0
134010, 10088480, 0, 0
134011, 21833, 1, 0
135062, 11410147, 0, 0
135062, 21690, 1, 0
136086, 11749692, 0, 0
136086, 21449, 1, 0
137016, 10309341, 0, 0
137016, 21365, 1, 0
138061, 9312796, 0, 0
138061, 23170, 1, 0
139042, 9690905, 0, 0
139117, 23948, 1, 0
140030, 10069188, 0, 0
140030, 23742, 1, 0
141043, 10315876, 0, 0
141043, 23788, 1, 0
142043, 10281684, 0, 0
142043, 24005, 1, 0
143060, 10144489, 0, 0
143060, 23260, 1, 0
144058, 10068245, 0, 0
144058, 24731, 1, 0
145052, 9912893, 0, 0
145052, 22610, 1, 0
146072, 9983461, 0, 0
146073, 22458, 1, 0
147028, 10366789, 0, 0
147028, 21513, 1, 0
148061, 10517297, 0, 0
148061, 21314, 1, 0
149064, 10217926, 0, 0
149151, 20937, 1, 0
150034, 10302036, 0, 0
150034, 23076, 1, 0
151010, 9192416, 0, 0
151010, 22084, 1, 0
152047, 11631784, 0, 0
152047, 23055, 1, 0
153021, 10699318, 0, 0
153022, 20801, 1, 0
154038, 9309357, 0, 0
154038, 19854, 1, 0
155081, 10419490, 0, 0
155082, 21475, 1, 0
156034, 8340464, 0, 0
156034, 19668, 1, 0
157063, 10591600, 0, 0
157063, 22515, 1, 0
158046, 8677352, 0, 0
158046, 19943, 1, 0
159082, 10045379, 0, 0
159082, 17545, 1, 0
160011, 10196119, 0, 0
160011, 18770, 1, 0
161033, 10106172, 0, 0
161033, 19895, 1, 0
162082, 10795059, 0, 0
162082, 18654, 1, 0
163036, 10706274, 0, 0
163036, 22517, 1, 0
164023, 10163601, 0, 0
164023, 20371, 1, 0
165066, 11079698, 0, 0
165066, 18725, 1, 0
166002, 10045162, 0, 0
166088, 19416, 1, 0
167088, 10336917, 0, 0
167185, 22064, 1, 0
168045, 9269643, 0, 0
168045, 18376, 1, 0
169072, 10361867, 0, 0
169149, 21836, 1, 0
170064, 10105301, 0, 0
170064, 24218, 1, 0
171054, 10634493, 0, 0
171055, 21127, 1, 0
172042, 8568141, 0, 0
172042, 17545, 1, 0
173034, 10890640, 0, 0
173034, 22993, 1, 0
174012, 10728362, 0, 0
174177, 18978, 1, 0
175051, 10377857, 0, 0
175051, 20136, 1, 0
176087, 9751445, 0, 0
176087, 18568, 1, 0
177075, 10611132, 0, 0
177075, 23862, 1, 0
178013, 10294747, 0, 0
178096, 17444, 1, 0
179056, 10420863, 0, 0
179056, 20656, 1, 0
180037, 9896776, 0, 0
180037, 18808, 1, 0
181047, 10496946, 0, 0
181047, 25515, 1, 0
182022, 8540408, 0, 0
182022, 20816, 1, 0
183021, 9975740, 0, 0
183021, 21330, 1, 0
184028, 9665989, 0, 0
184028, 19740, 1, 0
185027, 9973527, 0, 0
185027, 20136, 1, 0
186037, 9987030, 0, 0
186037, 20293, 1, 0
187055, 10376368, 0, 0
187056, 21776, 1, 0
188027, 10548939, 0, 0
188108, 20699, 1, 0
189014, 9858015, 0, 0
189015, 20201, 1, 0
190030, 10241492, 0, 0
190030, 17889, 1, 0
191056, 10460007, 0, 0
191056, 22346, 1, 0
192017, 10207952, 0, 0
192018, 20979, 1, 0
193042, 10339155, 0, 0
193043, 19898, 1, 0
194072, 10279748, 0, 0
194164, 18119, 1, 0
195074, 9804870, 0, 0
195074, 21109, 1, 0
196027, 10126487, 0, 0
196122, 18534, 1, 0
197051, 10330851, 0, 0
197052, 20631, 1, 0
198042, 9606608, 0, 0
198043, 19465, 1, 0
199045, 9811880, 0, 0
199045, 18621, 1, 0
200053, 10168889, 0, 0
200142, 20282, 1, 0
201080, 9952044, 0, 0
201275, 17432, 1, 0
202025, 10609524, 0, 0
202025, 20710, 1, 0
203070, 10749755, 0, 0
203070, 19952, 1, 0
204070, 9791205, 0, 0
204070, 18597, 1, 0
205077, 9670621, 0, 0
205077, 20880, 1, 0
206022, 10259911, 0, 0
206022, 21658, 1, 0
207059, 9582666, 0, 0
207059, 19712, 1, 0
208053, 10557262, 0, 0
208053, 18427, 1, 0
209078, 10242267, 0, 0
209078, 20977, 1, 0
210030, 8969817, 0, 0
210263, 21239, 1, 0
211002, 10551012, 0, 0
211185, 21601, 1, 0
212029, 10359829, 0, 0
212033, 20994, 1, 0
213083, 10118494, 0, 0
213083, 20871, 1, 0
214065, 10211469, 0, 0
214065, 22341, 1, 0
215028, 10341646, 0, 0
215028, 20227, 1, 0
216064, 9754862, 0, 0
216064, 21242, 1, 0
217049, 9465225, 0, 0
217050, 20537, 1, 0
218040, 10642864, 0, 0
218040, 23221, 1, 0
219026, 10356164, 0, 0
219026, 18354, 1, 0
220059, 10214032, 0, 0
220151, 19285, 1, 0
221079, 10398135, 0, 0
221335, 19464, 1, 0
222024, 10474635, 0, 0
222110, 22385, 1, 0
223052, 9969554, 0, 0
223052, 19121, 1, 0
224028, 9551311, 0, 0
224028, 18665, 1, 0
225049, 9714463, 0, 0
225050, 20047, 1, 0
226041, 10532993, 0, 0
226041, 20678, 1, 0
227039, 9868573, 0, 0
227108, 22815, 1, 0
228017, 9476543, 0, 0
228017, 20578, 1, 0
229038, 10196943, 0, 0
229038, 22891, 1, 0
230068, 10289942, 0, 0
230068, 25839, 1, 0
231048, 9500625, 0, 0
231049, 22007, 1, 0
232005, 9947093, 0, 0
232005, 19473, 1, 0
233032, 9959385, 0, 0
233033, 19527, 1, 0
234081, 10472399, 0, 0
234081, 19772, 1, 0
235077, 9937801, 0, 0
235077, 19663, 1, 0
236018, 10106672, 0, 0
236018, 21972, 1, 0
237040, 10410358, 0, 0
237040, 19230, 1, 0
238026, 10948865, 0, 0
238026, 21055, 1, 0
239057, 10393485, 0, 0
239057, 20543, 1, 0
240071, 9553468, 0, 0
240185, 19466, 1, 0
241067, 10041649, 0, 0
241067, 18629, 1, 0
242019, 10016998, 0, 0
242110, 21163, 1, 0
243101, 10690010, 0, 0
243101, 21049, 1, 0
244017, 9152507, 0, 0
244017, 22778, 1, 0
245021, 9028775, 0, 0
245021, 20987, 1, 0
246052, 9900170, 0, 0
246052, 18762, 1, 0
247029, 9751865, 0, 0
247266, 25770, 1, 0
248044, 9837447, 0, 0
248045, 32343, 1, 0
249021, 9944034, 0, 0
249021, 19414, 1, 0
250037, 9142149, 0, 0
250038, 20279, 1, 0
251048, 10094410, 0, 0
251048, 21307, 1, 0
252033, 10799806, 0, 0
252033, 21197, 1, 0
253052, 9789709, 0, 0
253052, 18770, 1, 0
254035, 10333871, 0, 0
254106, 19305, 1, 0
255041, 9747454, 0, 0
255041, 21702, 1, 0
256043, 9715769, 0, 0
256043, 21210, 1, 0
257063, 9605102, 0, 0
257063, 20161, 1, 0
258007, 9815938, 0, 0
258106, 21454, 1, 0
259076, 10571821, 0, 0
259149, 18164, 1, 0
260033, 10275772, 0, 0
260033, 22623, 1, 0
261085, 10398222, 0, 0
261249, 18272, 1, 0
262027, 10004174, 0, 0
262027, 20706, 1, 0
263058, 9808441, 0, 0
263058, 18771, 1, 0
264058, 10293593, 0, 0
264158, 22175, 1, 0
265089, 9621631, 0, 0
265169, 18461, 1, 0
266003, 10139134, 0, 0
266003, 20917, 1, 0
267029, 10046602, 0, 0
267030, 18983, 1, 0
268071, 10504501, 0, 0
268071, 19166, 1, 0
269082, 9610879, 0, 0
269082, 18197, 1, 0
270025, 9512346, 0, 0
270025, 18998, 1, 0
271048, 9630586, 0, 0
271048, 21363, 1, 0
272012, 9724463, 0, 0
272099, 20662, 1, 0
273003, 9337373, 0, 0
273003, 23564, 1, 0
274061, 10059141, 0, 0
274139, 18246, 1, 0
275072, 9711432, 0, 0
275073, 20706, 1, 0
276020, 9957204, 0, 0
276020, 21659, 1, 0
277019, 9505528, 0, 0
277020, 20268, 1, 0
278051, 10515106, 0, 0
278052, 24216, 1, 0
279043, 9424462, 0, 0
279043, 20420, 1, 0
280047, 9930120, 0, 0
280047, 19550, 1, 0
281073, 9751709, 0, 0
281073, 19762, 1, 0
282066, 10437174, 0, 0
282066, 18147, 1, 0
283005, 10192600, 0, 0
283005, 18780, 1, 0
284021, 10566079, 0, 0
284021, 19221, 1, 0
285044, 10536231, 0, 0
285045, 22537, 1, 0
286044, 9417284, 0, 0
286045, 17782, 1, 0
287028, 10233419, 0, 0
287028, 19284, 1, 0
288067, 10169730, 0, 0
288068, 20448, 1, 0
289019, 9702856, 0, 0
289020, 19587, 1, 0
290031, 9619280, 0, 0
290031, 22073, 1, 0
291027, 10145324, 0, 0
291027, 25045, 1, 0
292066, 10076074, 0, 0
292066, 22196, 1, 0
293077, 10297737, 0, 0
293165, 21781, 1, 0
294024, 10277038, 0, 0
294024, 19017, 1, 0
295043, 10824656, 0, 0
295043, 20231, 1, 0
296046, 9634879, 0, 0
296046, 20807, 1, 0
297081, 10126761, 0, 0
297172, 18128, 1, 0
298033, 10221510, 0, 0
298033, 17476, 1, 0
299041, 9681372, 0, 0
299041, 19962, 1, 0
300070, 9689969, 0, 0
300070, 19767, 1, 0
301081, 10969808, 0, 0
301081, 20430, 1, 0
302012, 9590212, 0, 0
302012, 20676, 1, 0
303065, 9644862, 0, 0
303065, 19767, 1, 0
304064, 9147049, 0, 0
304064, 20057, 1, 0
305055, 9902330, 0, 0
305056, 20186, 1, 0
306005, 9677826, 0, 0
306005, 22868, 1, 0
307027, 9532103, 0, 0
307027, 21036, 1, 0
308009, 10218372, 0, 0
308010, 18641, 1, 0
309038, 9782520, 0, 0
309038, 18610, 1, 0
310044, 9560980, 0, 0
310044, 19910, 1, 0
311049, 9843976, 0, 0
311141, 20817, 1, 0
312008, 10078355, 0, 0
312008, 20527, 1, 0
313008, 9689534, 0, 0
313008, 22752, 1, 0
314019, 9617353, 0, 0
314019, 18893, 1, 0
315062, 9294042, 0, 0
315062, 18081, 1, 0
316066, 9192057, 0, 0
316066, 18718, 1, 0
317011, 10151253, 0, 0
317011, 18776, 1, 0
318089, 10448551, 0, 0
318089, 22133, 1, 0
319056, 9657105, 0, 0
319056, 19629, 1, 0
320062, 10142935, 0, 0
320147, 19474, 1, 0
321040, 9212881, 0, 0
321119, 22220, 1, 0
322013, 9082920, 0, 0
322092, 21696, 1, 0
323087, 9753740, 0, 0
323167, 21531, 1, 0
324011, 9504324, 0, 0
324011, 18224, 1, 0
325064, 10626568, 0, 0
325064, 21184, 1, 0
326072, 8824103, 0, 0
326072, 21605, 1, 0
327078, 10152261, 0, 0
327079, 19599, 1, 0
328069, 10516224, 0, 0
328069, 19153, 1, 0
329065, 9654120, 0, 0
329065, 18289, 1, 0
330059, 10451594, 0, 0
330059, 21803, 1, 0
331066, 9489526, 0, 0
331067, 17563, 1, 0
332008, 9790237, 0, 0
332008, 20183, 1, 0
333015, 9577859, 0, 0
333015, 20931, 1, 0
334048, 10011359, 0, 0
334048, 18224, 1, 0
335046, 9224962, 0, 0
335046, 19404, 1, 0
336076, 9705198, 0, 0
336151, 18569, 1, 0
337042, 10152694, 0, 0
337042, 22110, 1, 0
338078, 10775709, 0, 0
338078, 20965, 1, 0
339003, 9423772, 0, 0
339003, 19509, 1, 0
340059, 8856902, 0, 0
340059, 20355, 1, 0
341015, 10261989, 0, 0
341015, 19724, 1, 0
342068, 9916999, 0, 0
342068, 19594, 1, 0
343057, 10077108, 0, 0
343057, 23198, 1, 0
344067, 9893970, 0, 0
344068, 20566, 1, 0
345101, 10216930, 0, 0
345194, 19746, 1, 0
346084, 10440831, 0, 0
346084, 18331, 1, 0
347060, 10375709, 0, 0
347060, 18385, 1, 0
348056, 9746059, 0, 0
348056, 19738, 1, 0
349041, 10246501, 0, 0
349042, 18985, 1, 0
350081, 9697112, 0, 0
350178, 22106, 1, 0
351048, 10165620, 0, 0
351048, 20536, 1, 0
352027, 10289372, 0, 0
352027, 20303, 1, 0
353022, 9644423, 0, 0
353022, 20247, 1, 0
354060, 10262943, 0, 0
354060, 22491, 1, 0
355064, 11016968, 0, 0
355064, 18551, 1, 0
356039, 9833941, 0, 0
356039, 19261, 1, 0
357022, 8839600, 0, 0
357023, 17359, 1, 0
358048, 9848612, 0, 0
358048, 19593, 1, 0
359024, 10480509, 0, 0
359025, 17636, 1, 0
360070, 9762294, 0, 0
360163, 20186, 1, 0
361020, 9773401, 0, 0
361020, 22053, 1, 0
362079, 10373138, 0, 0
362079, 19520, 1, 0
363022, 9228336, 0, 0
363022, 19238, 1, 0
364019, 10586546, 0, 0
364019, 18848, 1, 0
365058, 9180623, 0, 0
365058, 18584, 1, 0
366007, 9869619, 0, 0
366007, 22807, 1, 0
367029, 9450599, 0, 0
367029, 19122, 1, 0
368054, 8974807, 0, 0
368054, 20202, 1, 0
369081, 9861344, 0, 0
369162, 19501, 1, 0
370086, 10794914, 0, 0
370086, 18106, 1, 0
371020, 9705929, 0, 0
371020, 20436, 1, 0
372002, 9902712, 0, 0
372002, 21236, 1, 0
373015, 9364199, 0, 0
373015, 19101, 1, 0
374045, 9799504, 0, 0
374045, 20045, 1, 0
375069, 8734996, 0, 0
375069, 17846, 1, 0
376035, 10158974, 0, 0
376035, 19223, 1, 0
377065, 9014118, 0, 0
377065, 18425, 1, 0
378079, 9833878, 0, 0
378079, 19617, 1, 0
379081, 9439317, 0, 0
379194, 19064, 1, 0
380038, 9464310, 0, 0
380039, 20492, 1, 0
381018, 9053303, 0, 0
381018, 20202, 1, 0
382009, 9792980, 0, 0
382009, 19996, 1, 0
383084, 10325509, 0, 0
383084, 19905, 1, 0
384018, 10973407, 0, 0
384094, 18642, 1, 0
385038, 10496698, 0, 0
385038, 22441, 1, 0
386029, 10201751, 0, 0
386029, 24541, 1, 0
387021, 9092424, 0, 0
387022, 19639, 1, 0
388026, 9035904, 0, 0
388310, 19271, 1, 0
389072, 10237237, 0, 0
389072, 19941, 1, 0
390051, 8887472, 0, 0
390051, 20139, 1, 0
391046, 9465924, 0, 0
391047, 20636, 1, 0
392069, 9633300, 0, 0
392175, 21335, 1, 0
393019, 9779237, 0, 0
393019, 19159, 1, 0
394070, 9127474, 0, 0
394070, 18654, 1, 0
395000, 9767745, 0, 0
395088, 19357, 1, 0
396023, 10121954, 0, 0
396023, 22775, 1, 0
397021, 10065552, 0, 0
397021, 19076, 1, 0
398071, 9531345, 0, 0
398177, 19669, 1, 0
399046, 9830494, 0, 0
399046, 20801, 1, 0
400056, 9168267, 0, 0
400056, 22707, 1, 0
401053, 8889565, 0, 0
401053, 19380, 1, 0
402069, 9305219, 0, 0
402069, 19856, 1, 0
403072, 9360187, 0, 0
403072, 20212, 1, 0
404023, 10317983, 0, 0
404023, 18840, 1, 0
405031, 9403361, 0, 0
405031, 17986, 1, 0
406057, 10133883, 0, 0
406057, 19378, 1, 0
407010, 9814552, 0, 0
407010, 19897, 1, 0
408095, 10026468, 0, 0
408095, 20438, 1, 0
409082, 9764724, 0, 0
409082, 19953, 1, 0
410080, 8442835, 0, 0
410080, 18045, 1, 0
411002, 9389682, 0, 0
411002, 19758, 1, 0
412100, 10150896, 0, 0
412100, 20251, 1, 0
413039, 9757268, 0, 0
413039, 18798, 1, 0
414045, 9132287, 0, 0
414045, 19064, 1, 0
415022, 9958001, 0, 0
415100, 22586, 1, 0
416035, 8872535, 0, 0
416035, 18792, 1, 0
417045, 9698351, 0, 0
417045, 21679, 1, 0
418055, 10289209, 0, 0
418055, 20675, 1, 0
419026, 9699778, 0, 0
419027, 20256, 1, 0
420042, 8816845, 0, 0
420042, 19213, 1, 0
421068, 10039204, 0, 0
421068, 19635, 1, 0
422038, 10091565, 0, 0
422038, 18808, 1, 0
423076, 9596824, 0, 0
423076, 20113, 1, 0
424016, 9879862, 0, 0
424016, 22626, 1, 0
425032, 9657944, 0, 0
425032, 19577, 1, 0
426075, 9547624, 0, 0
426075, 18731, 1, 0
427010, 9734021, 0, 0
427010, 20805, 1, 0
428010, 8831317, 0, 0
428010, 19154, 1, 0
429034, 9467270, 0, 0
429034, 26488, 1, 0
430097, 9916230, 0, 0
430097, 20353, 1, 0
431003, 8786523, 0, 0
431003, 17831, 1, 0
432096, 9096968, 0, 0
432097, 21132, 1, 0
433036, 9570056, 0, 0
433036, 19745, 1, 0
434079, 9055568, 0, 0
434079, 19819, 1, 0
435030, 8874876, 0, 0
435112, 20353, 1, 0
436059, 9427789, 0, 0
436143, 19251, 1, 0
437052, 10218238, 0, 0
437052, 19978, 1, 0
438070, 9588871, 0, 0
438070, 19921, 1, 0
439030, 9498891, 0, 0
439031, 18071, 1, 0
440014, 8930050, 0, 0
440266, 21250, 1, 0
441016, 9343971, 0, 0
441104, 21344, 1, 0
442055, 9522608, 0, 0
442055, 19496, 1, 0
443018, 9814116, 0, 0
443019, 18933, 1, 0
444059, 9527658, 0, 0
444059, 18967, 1, 0
445009, 9040499, 0, 0
445009, 18158, 1, 0
446068, 9031452, 0, 0
446068, 26025, 1, 0
447008, 9119096, 0, 0
447008, 18947, 1, 0
448074, 8866830, 0, 0
448158, 19238, 1, 0
449013, 9374297, 0, 0
449013, 18365, 1, 0
450020, 9481750, 0, 0
450020, 22916, 1, 0
451047, 9320186, 0, 0
451127, 20263, 1, 0
452073, 9399564, 0, 0
452073, 18569, 1, 0
453039, 9743979, 0, 0
453039, 18250, 1, 0
454062, 9285566, 0, 0
454144, 20017, 1, 0
455001, 9671482, 0, 0
455001, 20145, 1, 0
456059, 9598753, 0, 0
456151, 17857, 1, 0
457045, 9197752, 0, 0
457136, 18636, 1, 0
458014, 9777435, 0, 0
458015, 21364, 1, 0
459041, 9320799, 0, 0
459041, 19300, 1, 0
460026, 9456786, 0, 0
460027, 20940, 1, 0
461070, 10320929, 0, 0
461070, 19176, 1, 0
462077, 10256246, 0, 0
462077, 18975, 1, 0
463020, 9709304, 0, 0
463020, 20531, 1, 0
464021, 8915750, 0, 0
464021, 18534, 1, 0
465045, 9046976, 0, 0
465045, 20918, 1, 0
466070, 9477175, 0, 0
466070, 20102, 1, 0
467048, 8961116, 0, 0
467048, 20976, 1, 0
468066, 9326208, 0, 0
468066, 19558, 1, 0
469066, 8906250, 0, 0
469066, 19209, 1, 0
470064, 9866504, 0, 0
470064, 24205, 1, 0
471018, 10241529, 0, 0
471018, 19416, 1, 0
472032, 9128280, 0, 0
472194, 18690, 1, 0
473000, 9853642, 0, 0
473000, 17752, 1, 0
474024, 9650890, 0, 0
474025, 19487, 1, 0
475028, 9024490, 0, 0
475028, 20962, 1, 0
476031, 9820041, 0, 0
476031, 19572, 1, 0
477044, 9025937, 0, 0
477044, 18190, 1, 0
478004, 9046327, 0, 0
478004, 19130, 1, 0
479024, 9785994, 0, 0
479024, 19062, 1, 0
480021, 8891957, 0, 0
480021, 19946, 1, 0
481074, 9829959, 0, 0
481160, 20650, 1, 0
482015, 9684047, 0, 0
482015, 19229, 1, 0
483035, 9603222, 0, 0
483035, 18363, 1, 0
484044, 9081877, 0, 0
484044, 20632, 1, 0
485085, 9117741, 0, 0
485086, 18620, 1, 0
486075, 8902904, 0, 0
486076, 19438, 1, 0
487001, 9151580, 0, 0
487002, 17551, 1, 0
488019, 9153668, 0, 0
488103, 18349, 1, 0
489033, 9115621, 0, 0
489033, 19310, 1, 0
490003, 8650544, 0, 0
490095, 20640, 1, 0
491001, 9484961, 0, 0
491001, 18988, 1, 0
492061, 9450772, 0, 0
492061, 18813, 1, 0
493090, 9171946, 0, 0
493165, 19242, 1, 0
494008, 9169030, 0, 0
494009, 21771, 1, 0
495070, 8682643, 0, 0
495070, 19308, 1, 0
496025, 9088415, 0, 0
496101, 23171, 1, 0
497031, 9564647, 0, 0
497120, 19816, 1, 0
498049, 9074634, 0, 0
498049, 22297, 1, 0
499055, 9134575, 0, 0
499056, 20800, 1, 0
500047, 9710008, 0, 0
500047, 21921, 1, 0
501017, 9584322, 0, 0
501017, 19049, 1, 0
502065, 9774547, 0, 0
502065, 19099, 1, 0
503057, 9803619, 0, 0
503057, 18993, 1, 0
504050, 8781379, 0, 0
504050, 22767, 1, 0
505058, 9772005, 0, 0
505140, 18325, 1, 0
506045, 9475426, 0, 0
506046, 21390, 1, 0
507025, 9492559, 0, 0
507025, 21251, 1, 0
508115, 9627894, 0, 0
508115, 20267, 1, 0
509015, 8901841, 0, 0
509015, 21868, 1, 0
510052, 9493493, 0, 0
510137, 20423, 1, 0
511068, 9661491, 0, 0
511068, 20568, 1, 0
512076, 9322170, 0, 0
512076, 21455, 1, 0
513043, 8855990, 0, 0
513043, 18170, 1, 0
514019, 9556231, 0, 0
514019, 19875, 1, 0
515063, 9469605, 0, 0
515063, 18827, 1, 0
516021, 9294793, 0, 0
516021, 19490, 1, 0
517042, 9102075, 0, 0
517043, 20736, 1, 0
518063, 9346688, 0, 0
518063, 18965, 1, 0
519076, 9819576, 0, 0
519076, 20495, 1, 0
520103, 9156618, 0, 0
520194, 17939, 1, 0
521068, 9545423, 0, 0
521068, 21262, 1, 0
522083, 9653067, 0, 0
522084, 20648, 1, 0
523038, 9437712, 0, 0
523038, 26577, 1, 0
524009, 10538388, 0, 0
524009, 19644, 1, 0
525070, 8898739, 0, 0
525070, 19976, 1, 0
526082, 9620930, 0, 0
526082, 19385, 1, 0
527019, 8352990, 0, 0
527019, 20862, 1, 0
528065, 9414661, 0, 0
528065, 19380, 1, 0
529008, 9048341, 0, 0
529008, 18518, 1, 0
530008, 8832947, 0, 0
530008, 20599, 1, 0
531038, 9104811, 0, 0
531039, 19923, 1, 0
532018, 9500776, 0, 0
532019, 20230, 1, 0
533056, 9163467, 0, 0
533056, 18078, 1, 0
534081, 9392952, 0, 0
534081, 19093, 1, 0
535086, 10338941, 0, 0
535086, 17786, 1, 0
536068, 9710251, 0, 0
536068, 21312, 1, 0
537015, 9356703, 0, 0
537015, 19911, 1, 0
538080, 9090215, 0, 0
538080, 19349, 1, 0
539019, 9099548, 0, 0
539019, 18039, 1, 0
540032, 8149867, 0, 0
540225, 17988, 1, 0
541034, 9715060, 0, 0
541034, 20962, 1, 0
542019, 9934365, 0, 0
542019, 20080, 1, 0
543065, 9677025, 0, 0
543065, 20439, 1, 0
544017, 9895680, 0, 0
544117, 19844, 1, 0
545107, 9631303, 0, 0
545107, 21792, 1, 0
546037, 9285632, 0, 0
546037, 21888, 1, 0
547018, 9898617, 0, 0
547125, 18157, 1, 0
548045, 9408140, 0, 0
548045, 23206, 1, 0
549041, 9289683, 0, 0
549041, 18756, 1, 0
550018, 9659007, 0, 0
550019, 17864, 1, 0
551042, 8885023, 0, 0
551130, 19413, 1, 0
552060, 8919608, 0, 0
552221, 19250, 1, 0
553068, 10377839, 0, 0
553147, 20323, 1, 0
554038, 10083657, 0, 0
554038, 23270, 1, 0
555004, 8617255, 0, 0
555004, 19073, 1, 0
556057, 9381463, 0, 0
556057, 21334, 1, 0
557066, 9243274, 0, 0
557066, 20030, 1, 0
558071, 9040480, 0, 0
558071, 19107, 1, 0
559027, 9181557, 0, 0
559114, 17981, 1, 0
560028, 10096203, 0, 0
560028, 21677, 1, 0
561047, 8922294, 0, 0
561047, 17948, 1, 0
562028, 9065631, 0, 0
562028, 22230, 1, 0
563018, 9420646, 0, 0
563018, 21925, 1, 0
564074, 9245529, 0, 0
564074, 18204, 1, 0
565037, 8895058, 0, 0
565037, 18904, 1, 0
566016, 9132296, 0, 0
566016, 22741, 1, 0
567064, 8574329, 0, 0
567064, 17702, 1, 0
568065, 8931579, 0, 0
568066, 20213, 1, 0
569003, 9459382, 0, 0
569003, 20182, 1, 0
570023, 8932772, 0, 0
570023, 17487, 1, 0
571093, 9045888, 0, 0
571093, 19526, 1, 0
572001, 8390216, 0, 0
572001, 19757, 1, 0
573088, 9529084, 0, 0
573089, 18152, 1, 0
574043, 9529650, 0, 0
574043, 18130, 1, 0
575003, 8957335, 0, 0
575003, 18590, 1, 0
576010, 9307787, 0, 0
576010, 20045, 1, 0
577053, 9299327, 0, 0
577053, 20960, 1, 0
578072, 9416938, 0, 0
578072, 21530, 1, 0
579052, 9790596, 0, 0
579053, 20691, 1, 0
580006, 9914069, 0, 0
580006, 40842, 1, 0
581037, 8576009, 0, 0
581037, 22164, 1, 0
582057, 8935102, 0, 0
582057, 19737, 1, 0
583040, 10219396, 0, 0
583040, 19828, 1, 0
584047, 9575530, 0, 0
584047, 21003, 1, 0
585033, 8483279, 0, 0
585033, 18977, 1, 0
586073, 9442775, 0, 0
586073, 22970, 1, 0
587073, 8455545, 0, 0
587073, 19585, 1, 0
588064, 9158223, 0, 0
588064, 20242, 1, 0
589026, 9240778, 0, 0
589026, 18630, 1, 0
590064, 9332899, 0, 0
590064, 20211, 1, 0
591094, 8644151, 0, 0
591094, 19102, 1, 0
592013, 8574637, 0, 0
592014, 19023, 1, 0
593009, 9466131, 0, 0
593009, 20877, 1, 0
594074, 9498483, 0, 0
594075, 21931, 1, 0
595016, 8176133, 0, 0
595016, 19898, 1, 0
596168, 10364735, 0, 0
596247, 18571, 1, 0
597089, 8591301, 0, 0
597089, 19110, 1, 0
598011, 8763612, 0, 0
598011, 18274, 1, 0
599068, 9011852, 0, 0
599068, 17577, 1, 0
600106, 8941218, 0, 0
600107, 17447, 1, 0
601017, 9182719, 0, 0
601017, 20087, 1, 0
602035, 9237728, 0, 0
602035, 18653, 1, 0
603061, 8327457, 0, 0
603061, 19906, 1, 0
604010, 9199307, 0, 0
604010, 19449, 1, 0
605052, 8664471, 0, 0
605052, 20225, 1, 0
606076, 8666914, 0, 0
606076, 19465, 1, 0
607008, 9124555, 0, 0
607109, 21197, 1, 0
608022, 8877208, 0, 0
608022, 20014, 1, 0
609039, 8905422, 0, 0
609039, 19165, 1, 0
610059, 8628386, 0, 0
610059, 21184, 1, 0
611073, 8583247, 0, 0
611074, 18631, 1, 0
612020, 9455263, 0, 0
612111, 22090, 1, 0
613081, 9130237, 0, 0
613081, 19922, 1, 0
614014, 8467399, 0, 0
614101, 19112, 1, 0
615063, 10266557, 0, 0
615063, 20603, 1, 0
616098, 9068889, 0, 0
616098, 20063, 1, 0
617032, 8712991, 0, 0
617032, 20400, 1, 0
618031, 8375164, 0, 0
618031, 20866, 1, 0
619073, 10002147, 0, 0
619073, 19614, 1, 0
620018, 9161550, 0, 0
620018, 20345, 1, 0
621057, 9017151, 0, 0
621057, 20291, 1, 0
622058, 8851094, 0, 0
622058, 18788, 1, 0
623000, 9496295, 0, 0
623000, 21752, 1, 0
624011, 9261142, 0, 0
624011, 17932, 1, 0
625035, 8520881, 0, 0
625035, 21810, 1, 0
626072, 8770230, 0, 0
626148, 20227, 1, 0
627036, 8911380, 0, 0
627116, 18979, 1, 0
628049, 8354674, 0, 0
628049, 18351, 1, 0
629049, 8609369, 0, 0
629050, 22016, 1, 0
630067, 8838945, 0, 0
630159, 20777, 1, 0
631070, 8861015, 0, 0
631071, 20831, 1, 0
632039, 9484227, 0, 0
632039, 18978, 1, 0
633002, 9332463, 0, 0
633002, 20752, 1, 0
634030, 8694346, 0, 0
634030, 22487, 1, 0
635051, 10306761, 0, 0
635052, 19806, 1, 0
636051, 9788036, 0, 0
636051, 21692, 1, 0
637028, 8941934, 0, 0
637028, 21824, 1, 0
638067, 9432427, 0, 0
638067, 20865, 1, 0
639027, 9044349, 0, 0
639027, 21639, 1, 0
640006, 9770062, 0, 0
640006, 19877, 1, 0
641061, 9162540, 0, 0
641061, 21129, 1, 0
642058, 10056740, 0, 0
642058, 21555, 1, 0
643006, 8843364, 0, 0
643006, 22536, 1, 0
644040, 8978522, 0, 0
644040, 18711, 1, 0
645070, 8720275, 0, 0
645070, 19269, 1, 0
646048, 9859949, 0, 0
646048, 20759, 1, 0
647079, 9440075, 0, 0
647197, 20520, 1, 0
648084, 8293346, 0, 0
648084, 19736, 1, 0
649085, 9089186, 0, 0
649157, 20657, 1, 0
650086, 8998561, 0, 0
650086, 18040, 1, 0
651079, 8475305, 0, 0
651079, 19139, 1, 0
652018, 8673622, 0, 0
652018, 19381, 1, 0
653035, 8755750, 0, 0
653035, 18242, 1, 0
654039, 9278809, 0, 0
654039, 18732, 1, 0
655058, 8409596, 0, 0
655058, 20446, 1, 0
656093, 9482074, 0, 0
656093, 18709, 1, 0
657036, 9234565, 0, 0
657036, 19966, 1, 0
658079, 8742898, 0, 0
658079, 20850, 1, 0
659054, 8695805, 0, 0
659054, 20214, 1, 0
660011, 8456331, 0, 0
660011, 18926, 1, 0
661072, 9368728, 0, 0
661072, 20305, 1, 0
662058, 7942879, 0, 0
662058, 21007, 1, 0
663072, 9376072, 0, 0
663072, 19576, 1, 0
664076, 9367852, 0, 0
664076, 19450, 1, 0
665028, 9224738, 0, 0
665028, 17362, 1, 0
666085, 9339523, 0, 0
666085, 19240, 1, 0
667107, 10636484, 0, 0
667107, 24200, 1, 0
668067, 8875932, 0, 0
668068, 22571, 1, 0
669086, 8399383, 0, 0
669086, 19500, 1, 0
670003, 8639360, 0, 0
670003, 19587, 1, 0
671138, 8781317, 0, 0
671138, 19017, 1, 0
672011, 9277367, 0, 0
672011, 19872, 1, 0
673015, 8489128, 0, 0
673015, 18779, 1, 0
674053, 8711211, 0, 0
674053, 20594, 1, 0
675062, 9238592, 0, 0
675062, 19667, 1, 0
676055, 7992275, 0, 0
676055, 19110, 1, 0
677038, 8046576, 0, 0
677038, 19606, 1, 0
678032, 8556149, 0, 0
678032, 20435, 1, 0
679111, 9885442, 0, 0
679111, 19356, 1, 0
680015, 8204016, 0, 0
680015, 18636, 1, 0
681077, 9298814, 0, 0
681077, 19051, 1, 0
682062, 9277812, 0, 0
682062, 19769, 1, 0
683081, 8626534, 0, 0
683082, 16889, 1, 0
684062, 9240628, 0, 0
684139, 20870, 1, 0
685005, 8479863, 0, 0
685005, 21333, 1, 0
686040, 9228128, 0, 0
686040, 20200, 1, 0
687019, 9133820, 0, 0
687019, 25458, 1, 0
688036, 9147284, 0, 0
688036, 19532, 1, 0
689020, 9538186, 0, 0
689020, 18010, 1, 0
690070, 8806513, 0, 0
690070, 19778, 1, 0
691001, 8376654, 0, 0
691001, 18615, 1, 0
692024, 9914375, 0, 0
692113, 19702, 1, 0
693043, 8339230, 0, 0
693043, 20330, 1, 0
694085, 9051579, 0, 0
694085, 21410, 1, 0
695025, 8232321, 0, 0
695025, 19709, 1, 0
696001, 8860913, 0, 0
696091, 21115, 1, 0
697002, 7860429, 0, 0
697002, 19655, 1, 0
698055, 8687028, 0, 0
698055, 18066, 1, 0
699078, 8242414, 0, 0
699079, 19459, 1, 0
700035, 8596760, 0, 0
700035, 20236, 1, 0
701063, 8775561, 0, 0
701063, 17751, 1, 0
702063, 7796478, 0, 0
702063, 18084, 1, 0
703020, 9649498, 0, 0
703020, 17771, 1, 0
704070, 8523861, 0, 0
704071, 19884, 1, 0
705017, 8080820, 0, 0
705017, 19054, 1, 0
706076, 9035192, 0, 0
706077, 18612, 1, 0
707057, 8896080, 0, 0
707057, 19879, 1, 0
708031, 9353774, 0, 0
708031, 19293, 1, 0
709012, 9322504, 0, 0
709012, 19793, 1, 0
710024, 8637696, 0, 0
710024, 19958, 1, 0
711003, 9859398, 0, 0
711088, 41006, 1, 0
712045, 9381689, 0, 0
712144, 19002, 1, 0
713011, 9941032, 0, 0
713011, 18966, 1, 0
714014, 8486126, 0, 0
714015, 19173, 1, 0
715065, 10186300, 0, 0
715065, 21228, 1, 0
716020, 8905473, 0, 0
716020, 19428, 1, 0
717064, 9395584, 0, 0
717064, 20577, 1, 0
718060, 8423143, 0, 0
718060, 21722, 1, 0
719080, 9522683, 0, 0
719080, 18227, 1, 0
720021, 8617719, 0, 0
720022, 18405, 1, 0
721002, 9411061, 0, 0
721002, 19557, 1, 0
722042, 8655377, 0, 0
722042, 23249, 1, 0
723071, 8931812, 0, 0
723071, 18919, 1, 0
724048, 8707930, 0, 0
724048, 19867, 1, 0
725064, 9217400, 0, 0
725064, 19834, 1, 0
726041, 8787073, 0, 0
726041, 18475, 1, 0
727006, 8680013, 0, 0
727006, 22226, 1, 0
728039, 8965618, 0, 0
728039, 21352, 1, 0
729013, 8840556, 0, 0
729013, 18800, 1, 0
730029, 7298344, 0, 0
730029, 19553, 1, 0
731059, 8357258, 0, 0
731142, 19275, 1, 0
732047, 8585979, 0, 0
732047, 20741, 1, 0
733018, 8810590, 0, 0
733018, 19633, 1, 0
734049, 10194434, 0, 0
734049, 19105, 1, 0
735087, 8929839, 0, 0
735087, 18430, 1, 0
736041, 8356403, 0, 0
736041, 19224, 1, 0
737046, 8724236, 0, 0
737046, 19003, 1, 0
738080, 8751095, 0, 0
738156, 20838, 1, 0
739040, 9302437, 0, 0
739040, 18489, 1, 0
740005, 8918216, 0, 0
740005, 19684, 1, 0
741084, 9131838, 0, 0
741084, 20580, 1, 0
742102, 9773186, 0, 0
742157, 19221, 1, 0
743003, 8251308, 0, 0
743003, 20196, 1, 0
744054, 8671578, 0, 0
744054, 21874, 1, 0
745087, 8314600, 0, 0
745087, 19131, 1, 0
746000, 8211291, 0, 0
746000, 19638, 1, 0
747002, 8478197, 0, 0
747002, 24613, 1, 0
748068, 9416423, 0, 0
748068, 20185, 1, 0
749032, 8991013, 0, 0
749032, 19078, 1, 0
750089, 8871770, 0, 0
750089, 19127, 1, 0
751049, 7424899, 0, 0
751049, 18696, 1, 0
752018, 8266695, 0, 0
752018, 20041, 1, 0
753053, 8760649, 0, 0
753053, 19402, 1, 0
754053, 9599376, 0, 0
754053, 19491, 1, 0
755086, 8053127, 0, 0
755176, 20885, 1, 0
756042, 9949491, 0, 0
756042, 21922, 1, 0
757048, 9386273, 0, 0
757048, 19493, 1, 0
758073, 7630795, 0, 0
758073, 19201, 1, 0
759038, 8839153, 0, 0
759038, 19687, 1, 0
760073, 8468484, 0, 0
760073, 20256, 1, 0
761031, 9018254, 0, 0
761103, 18758, 1, 0
762047, 8454070, 0, 0
762047, 18274, 1, 0
763072, 8460959, 0, 0
763073, 19915, 1, 0
764036, 9519837, 0, 0
764036, 19599, 1, 0
765014, 9569697, 0, 0
765014, 19589, 1, 0
766049, 8013486, 0, 0
766049, 19804, 1, 0
767000, 9492519, 0, 0
767000, 21736, 1, 0
768043, 8197340, 0, 0
768043, 20495, 1, 0
769076, 8890169, 0, 0
769076, 20054, 1, 0
770050, 8928316, 0, 0
770050, 21881, 1, 0
771011, 8563070, 0, 0
771011, 19256, 1, 0
772000, 8974250, 0, 0
772000, 22486, 1, 0
773017, 8537091, 0, 0
773017, 21808, 1, 0
774027, 8404432, 0, 0
774028, 19701, 1, 0
775057, 8708650, 0, 0
775123, 19074, 1, 0
776035, 8067726, 0, 0
776035, 18708, 1, 0
777101, 8381948, 0, 0
777102, 18333, 1, 0
778047, 8656731, 0, 0
778047, 21706, 1, 0
779079, 8656223, 0, 0
779079, 19670, 1, 0
780025, 8289207, 0, 0
780025, 21532, 1, 0
781092, 8450852, 0, 0
781092, 21136, 1, 0
782106, 8230078, 0, 0
782106, 19264, 1, 0
783062, 9272158, 0, 0
783062, 19788, 1, 0
784098, 7833580, 0, 0
784098, 21056, 1, 0
785006, 8090963, 0, 0
785087, 18556, 1, 0
786034, 8849922, 0, 0
786034, 18870, 1, 0
787016, 8906664, 0, 0
787097, 18883, 1, 0
788046, 8947090, 0, 0
788046, 20832, 1, 0
789078, 8050400, 0, 0
789078, 17567, 1, 0
790071, 7866279, 0, 0
790071, 19274, 1, 0
791066, 8872345, 0, 0
791066, 18812, 1, 0
792023, 8605145, 0, 0
792098, 19919, 1, 0
793071, 9259069, 0, 0
793071, 19382, 1, 0
794010, 8154961, 0, 0
794010, 22310, 1, 0
795025, 8366448, 0, 0
795025, 20089, 1, 0
796002, 9661513, 0, 0
796002, 23059, 1, 0
797085, 9240587, 0, 0
797085, 18767, 1, 0
798023, 8279820, 0, 0
798103, 19271, 1, 0
799060, 8556082, 0, 0
799060, 18743, 1, 0
800021, 8205509, 0, 0
800130, 20043, 1, 0
801068, 8638895, 0, 0
801068, 20476, 1, 0
802071, 8079743, 0, 0
802072, 22448, 1, 0
803059, 7883747, 0, 0
803059, 18103, 1, 0
804071, 8792123, 0, 0
804071, 21919, 1, 0
805050, 8498664, 0, 0
805051, 19636, 1, 0
806016, 8681646, 0, 0
806100, 18831, 1, 0
807001, 9194100, 0, 0
807001, 19889, 1, 0
808016, 8442196, 0, 0
808016, 21139, 1, 0
809084, 8881828, 0, 0
809084, 18885, 1, 0
810042, 8945756, 0, 0
810042, 20835, 1, 0
811028, 9111928, 0, 0
811028, 19984, 1, 0
812070, 9286044, 0, 0
812070, 20027, 1, 0
813028, 8390810, 0, 0
813028, 20582, 1, 0
814013, 9457718, 0, 0
814013, 19338, 1, 0
815059, 8556154, 0, 0
815059, 21304, 1, 0
816022, 8361199, 0, 0
816022, 18938, 1, 0
817061, 9263126, 0, 0
817061, 20394, 1, 0
818056, 9553000, 0, 0
818057, 19665, 1, 0
819056, 9242396, 0, 0
819056, 20470, 1, 0
820106, 9113497, 0, 0
820106, 18836, 1, 0
821025, 8741889, 0, 0
821025, 20531, 1, 0
822063, 8352834, 0, 0
822063, 18506, 1, 0
823047, 9098217, 0, 0
823047, 21535, 1, 0
824082, 8609686, 0, 0
824082, 18906, 1, 0
825036, 8824592, 0, 0
825112, 20134, 1, 0
826030, 7810353, 0, 0
826030, 18543, 1, 0
827026, 9474420, 0, 0
827026, 19428, 1, 0
828052, 8601807, 0, 0
828052, 19681, 1, 0
829054, 8851896, 0, 0
829223, 19207, 1, 0
830039, 8476493, 0, 0
830039, 21559, 1, 0
831060, 8713629, 0, 0
831061, 20076, 1, 0
832035, 8045089, 0, 0
832036, 19694, 1, 0
833040, 10023920, 0, 0
833040, 19738, 1, 0
834039, 7977237, 0, 0
834039, 18327, 1, 0
835012, 8755598, 0, 0
835013, 19476, 1, 0
836061, 8717229, 0, 0
836061, 19432, 1, 0
837012, 8183230, 0, 0
837090, 18738, 1, 0
838005, 7997375, 0, 0
838089, 18689, 1, 0
839053, 8108932, 0, 0
839053, 22670, 1, 0
840011, 8850794, 0, 0
840011, 18524, 1, 0
841066, 9320899, 0, 0
841066, 19294, 1, 0
842035, 7444784, 0, 0
842035, 19119, 1, 0
843028, 7559944, 0, 0
843028, 17639, 1, 0
844071, 8825888, 0, 0
844071, 20041, 1, 0
845050, 8721704, 0, 0
845050, 20321, 1, 0
846039, 9319340, 0, 0
846039, 19015, 1, 0
847029, 8444902, 0, 0
847029, 22906, 1, 0
848036, 7677535, 0, 0
848036, 20913, 1, 0
849003, 8175299, 0, 0
849003, 19379, 1, 0
850083, 9377338, 0, 0
850083, 19728, 1, 0
851050, 8182809, 0, 0
851050, 19517, 1, 0
852069, 8774519, 0, 0
852070, 19282, 1, 0
853084, 9736537, 0, 0
853084, 21127, 1, 0
854014, 8003902, 0, 0
854014, 20777, 1, 0
855055, 9040785, 0, 0
855055, 18564, 1, 0
856023, 8626592, 0, 0
856023, 19795, 1, 0
857058, 9481943, 0, 0
857058, 20682, 1, 0
858060, 8628346, 0, 0
858060, 20902, 1, 0
859055, 8560698, 0, 0
859147, 20041, 1, 0
860030, 7982449, 0, 0
860030, 22060, 1, 0
861070, 8106778, 0, 0
861070, 22151, 1, 0
862075, 8648100, 0, 0
862075, 17971, 1, 0
863020, 8277361, 0, 0
863021, 21534, 1, 0
864086, 7039006, 0, 0
864086, 20548, 1, 0
865079, 8859677, 0, 0
865080, 20149, 1, 0
866000, 7722208, 0, 0
866001, 19754, 1, 0
867066, 8791750, 0, 0
867066, 25125, 1, 0
868033, 8620491, 0, 0
868033, 20457, 1, 0
869004, 8888743, 0, 0
869004, 23041, 1, 0
870071, 8528865, 0, 0
870072, 18319, 1, 0
871023, 8479965, 0, 0
871023, 19260, 1, 0
872080, 8578448, 0, 0
872080, 19416, 1, 0
873004, 8304803, 0, 0
873004, 22519, 1, 0
874041, 8633600, 0, 0
874125, 20486, 1, 0
875070, 7896369, 0, 0
875070, 21120, 1, 0
876055, 8260089, 0, 0
876137, 19058, 1, 0
877112, 8510045, 0, 0
877112, 25555, 1, 0
878061, 8164488, 0, 0
878061, 18751, 1, 0
879030, 8345379, 0, 0
879030, 22804, 1, 0
880079, 8117012, 0, 0
880079, 20496, 1, 0
881044, 8448853, 0, 0
881044, 21101, 1, 0
882027, 8844832, 0, 0
882028, 18748, 1, 0
883074, 7859901, 0, 0
883075, 19341, 1, 0
884074, 8247464, 0, 0
884074, 20413, 1, 0
885007, 8098980, 0, 0
885007, 19297, 1, 0
886067, 8894038, 0, 0
886067, 21576, 1, 0
887025, 8033631, 0, 0
887025, 22091, 1, 0
888003, 8563915, 0, 0
888003, 21922, 1, 0
889018, 8742046, 0, 0
889018, 20016, 1, 0
890066, 8941212, 0, 0
890066, 19563, 1, 0
891029, 9072173, 0, 0
891029, 22750, 1, 0
892008, 8214184, 0, 0
892008, 20545, 1, 0
893060, 6774575, 0, 0
893060, 18710, 1, 0
894026, 8312307, 0, 0
894026, 20802, 1, 0
895037, 8267761, 0, 0
895037, 21363, 1, 0
896054, 8907452, 0, 0
896054, 17953, 1, 0
897012, 8935942, 0, 0
897094, 18871, 1, 0
898066, 8214991, 0, 0
898340, 18847, 1, 0
899078, 9026808, 0, 0
899078, 19494, 1, 0
900080, 9174202, 0, 0
900080, 20022, 1, 0
901020, 8933017, 0, 0
901020, 18373, 1, 0
902011, 8109984, 0, 0
902011, 20660, 1, 0
903010, 9152771, 0, 0
903010, 18327, 1, 0
904014, 6862108, 0, 0
904014, 19564, 1, 0
905056, 8593373, 0, 0
905056, 22202, 1, 0
906017, 9141944, 0, 0
906017, 18679, 1, 0
907050, 7258227, 0, 0
907050, 18411, 1, 0
908059, 8122116, 0, 0
908059, 21315, 1, 0
909008, 7761298, 0, 0
909008, 19471, 1, 0
910078, 8905601, 0, 0
910167, 17897, 1, 0
911064, 8945419, 0, 0
911064, 18625, 1, 0
912080, 8315675, 0, 0
912080, 17705, 1, 0
913035, 8219920, 0, 0
913035, 20118, 1, 0
914061, 7876373, 0, 0
914061, 19303, 1, 0
915038, 8127200, 0, 0
915038, 19810, 1, 0
916047, 9420919, 0, 0
916048, 17314, 1, 0
917038, 8750599, 0, 0
917038, 20018, 1, 0
918019, 8441330, 0, 0
918019, 18639, 1, 0
919012, 7507305, 0, 0
919012, 19111, 1, 0
920012, 8183410, 0, 0
920013, 20925, 1, 0
921067, 9235008, 0, 0
921067, 20802, 1, 0
922028, 8644815, 0, 0
922028, 19969, 1, 0
923136, 8994883, 0, 0
923137, 24852, 1, 0
924072, 8116424, 0, 0
924072, 20044, 1, 0
925055, 8465043, 0, 0
925055, 20021, 1, 0
926007, 7725147, 0, 0
926008, 19021, 1, 0
927086, 8973373, 0, 0
927086, 18894, 1, 0
928036, 8320822, 0, 0
928037, 19730, 1, 0
929075, 9021633, 0, 0
929075, 21214, 1, 0
930056, 8981669, 0, 0
930056, 20070, 1, 0
931067, 7703761, 0, 0
931068, 19667, 1, 0
932098, 8871292, 0, 0
932098, 21440, 1, 0
933046, 8086144, 0, 0
933046, 19299, 1, 0
934005, 8258949, 0, 0
934006, 19929, 1, 0
935061, 7920065, 0, 0
935061, 21041, 1, 0
936006, 8744639, 0, 0
936006, 21884, 1, 0
937024, 9413847, 0, 0
937025, 21347, 1, 0
938038, 8228452, 0, 0
938039, 19782, 1, 0
939039, 9158533, 0, 0
939039, 18616, 1, 0
940049, 7639168, 0, 0
940050, 19175, 1, 0
941003, 7673538, 0, 0
941004, 18155, 1, 0
942090, 8963590, 0, 0
942090, 18975, 1, 0
943021, 8532796, 0, 0
943021, 20774, 1, 0
944076, 8922861, 0, 0
944076, 21278, 1, 0
945020, 8803318, 0, 0
945105, 20472, 1, 0
946032, 8215243, 0, 0
946120, 18173, 1, 0
947044, 8942185, 0, 0
947044, 18516, 1, 0
948079, 8134285, 0, 0
948079, 20098, 1, 0
949047, 7730743, 0, 0
949136, 21256, 1, 0
950001, 8206526, 0, 0
950001, 21277, 1, 0
951002, 9169468, 0, 0
951002, 19487, 1, 0
952058, 8568929, 0, 0
952058, 19784, 1, 0
953060, 7872740, 0, 0
953060, 18742, 1, 0
954077, 8826315, 0, 0
954077, 20471, 1, 0
955020, 7413104, 0, 0
955020, 21002, 1, 0
956059, 8430051, 0, 0
956134, 20825, 1, 0
957066, 7451798, 0, 0
957067, 19671, 1, 0
958003, 7661316, 0, 0
958003, 18884, 1, 0
959038, 7889411, 0, 0
959039, 18970, 1, 0
960037, 8674088, 0, 0
960135, 21294, 1, 0
961006, 8055333, 0, 0
961006, 18678, 1, 0
962007, 8544170, 0, 0
962007, 20957, 1, 0
963043, 7608213, 0, 0
963044, 19872, 1, 0
964035, 7326133, 0, 0
964035, 19598, 1, 0
965033, 9682656, 0, 0
965085, 23220, 1, 0
966013, 8499975, 0, 0
966013, 23525, 1, 0
967030, 8326112, 0, 0
967030, 18393, 1, 0
968026, 7151318, 0, 0
968110, 18726, 1, 0
969063, 7665205, 0, 0
969063, 17619, 1, 0
970001, 7867550, 0, 0
970001, 19508, 1, 0
971064, 7913615, 0, 0
971064, 18414, 1, 0
972067, 9104456, 0, 0
972067, 22428, 1, 0
973025, 7840126, 0, 0
973025, 18715, 1, 0
974030, 8507378, 0, 0
974115, 19637, 1, 0
975072, 8057243, 0, 0
975072, 19727, 1, 0
976057, 8552302, 0, 0
976057, 19567, 1, 0
977049, 8685019, 0, 0
977049, 20109, 1, 0
978089, 7807452, 0, 0
978089, 17870, 1, 0
979042, 8060021, 0, 0
979042, 20235, 1, 0
980091, 8183757, 0, 0
980186, 20179, 1, 0
981002, 9095331, 0, 0
981002, 21585, 1, 0
982050, 7866965, 0, 0
982050, 17590, 1, 0
983017, 8391804, 0, 0
983017, 20373, 1, 0
984038, 8288026, 0, 0
984039, 18837, 1, 0
985028, 8443702, 0, 0
985028, 19442, 1, 0
986070, 8066338, 0, 0
986152, 22520, 1, 0
987091, 7329853, 0, 0
987091, 21367, 1, 0
988054, 8081024, 0, 0
988055, 19833, 1, 0
989079, 8118109, 0, 0
989079, 21963, 1, 0
990016, 7856262, 0, 0
990016, 19899, 1, 0
991039, 7796151, 0, 0
991039, 19313, 1, 0
992040, 8129228, 0, 0
992040, 21413, 1, 0
993059, 7265740, 0, 0
993060, 20360, 1, 0
994080, 8419036, 0, 0
994080, 20819, 1, 0
995014, 8963432, 0, 0
995014, 21594, 1, 0
996048, 7945617, 0, 0
996048, 19723, 1, 0
997086, 8094589, 0, 0
997086, 18503, 1, 0
998037, 8551286, 0, 0
998037, 18128, 1, 0
999031, 8203965, 0, 0
999208, 21620, 1, 0
1000016, 7441201, 0, 0
1000100, 20697, 1, 0
1001042, 7998078, 0, 0
1001042, 18460, 1, 0
1002016, 8379490, 0, 0
1002016, 19392, 1, 0
1003063, 8363831, 0, 0
1003063, 19437, 1, 0
1004044, 9333547, 0, 0
1004044, 24095, 1, 0
1005041, 8093983, 0, 0
1005125, 19272, 1, 0
1006003, 7618526, 0, 0
1006003, 19391, 1, 0
1007060, 7225199, 0, 0
1007060, 19408, 1, 0
1008068, 7395775, 0, 0
1008068, 23416, 1, 0
1009090, 7184927, 0, 0
1009090, 19209, 1, 0
1010017, 8570037, 0, 0
1010017, 22431, 1, 0
1011068, 8533399, 0, 0
1011069, 19840, 1, 0
1012027, 7653912, 0, 0
1012027, 20948, 1, 0
1013039, 7370318, 0, 0
1013039, 24359, 1, 0
1014064, 7470711, 0, 0
1014064, 19297, 1, 0
1015016, 8715443, 0, 0
1015016, 18524, 1, 0
1016075, 8386505, 0, 0
1016075, 19405, 1, 0
1017047, 8436850, 0, 0
1017047, 18311, 1, 0
1018099, 9057152, 0, 0
1018099, 19571, 1, 0
1019023, 8235371, 0, 0
1019023, 18161, 1, 0
1020024, 7349020, 0, 0
1020025, 19258, 1, 0
1021060, 8265193, 0, 0
1021060, 22593, 1, 0
1022023, 7754031, 0, 0
1022023, 19262, 1, 0
1023039, 7455040, 0, 0
1023039, 21448, 1, 0
1024087, 8301505, 0, 0
1024087, 20597, 1, 0
1025034, 10169114, 0, 0
1025034, 21294, 1, 0
1026005, 7812228, 0, 0
1026005, 19203, 1, 0
1027061, 7223438, 0, 0
1027062, 18315, 1, 0
1028049, 6655410, 0, 0
1028049, 19404, 1, 0
1029074, 9752772, 0, 0
1029075, 20820, 1, 0
1030015, 9119101, 0, 0
1030015, 20039, 1, 0
1031050, 9143107, 0, 0
1031050, 19984, 1, 0
1032069, 8076819, 0, 0
1032069, 18934, 1, 0
1033117, 7632422, 0, 0
1033117, 16276, 1, 0
1034041, 8950795, 0, 0
1034041, 18817, 1, 0
1035057, 8899867, 0, 0
1035057, 20302, 1, 0
1036047, 7321042, 0, 0
1036048, 18973, 1, 0
1037001, 7045589, 0, 0
1037182, 18105, 1, 0
1038058, 9508408, 0, 0
1038058, 19979, 1, 0
1039033, 8392914, 0, 0
1039089, 20606, 1, 0
1040008, 9188031, 0, 0
1040008, 20327, 1, 0
1041082, 8508581, 0, 0
1041273, 19164, 1, 0
1042096, 10228394, 0, 0
1042097, 19553, 1, 0
1043001, 8443232, 0, 0
1043001, 23070, 1, 0
1044013, 7594242, 0, 0
1044013, 20146, 1, 0
1045065, 8136886, 0, 0
1045152, 20167, 1, 0
1046006, 7835802, 0, 0
1046007, 21039, 1, 0
1047047, 8510047, 0, 0
1047047, 19470, 1, 0
1048122, 9024072, 0, 0
1048122, 18937, 1, 0
1049008, 9608646, 0, 0
1049008, 21331, 1, 0
1050006, 7268241, 0, 0
1050006, 19448, 1, 0
1051036, 5805310, 0, 0
1051133, 19115, 1, 0
1052018, 8456727, 0, 0
1052104, 20427, 1, 0
1053038, 7265469, 0, 0
1053065, 19538, 1, 0
1054082, 7187604, 0, 0
1054082, 19948, 1, 0
1055043, 9505453, 0, 0
1055044, 25096, 1, 0
1056004, 7372971, 0, 0
1056004, 20046, 1, 0
1057015, 8272892, 0, 0
1057015, 22584, 1, 0
1058036, 9271692, 0, 0
1058036, 22290, 1, 0
1059041, 9123214, 0, 0
1059042, 19586, 1, 0
1060052, 9255655, 0, 0
1060052, 22812, 1, 0
1061029, 10838823, 0, 0
1061029, 20696, 1, 0
1062002, 8599569, 0, 0
1062003, 17451, 1, 0
1063053, 8972877, 0, 0
1063054, 24679, 1, 0
1064016, 9333046, 0, 0
1064016, 25153, 1, 0
1065029, 8025712, 0, 0
1065029, 27839, 1, 0
1066086, 11861161, 0, 0
1066086, 19896, 1, 0
1067057, 7685924, 0, 0
1067057, 21765, 1, 0
1068000, 6356994, 0, 0
1068000, 21000, 1, 0
1069020, 8560919, 0, 0
1069020, 20830, 1, 0
1070010, 8823268, 0, 0
1070010, 21464, 1, 0
1071078, 7612556, 0, 0
1071078, 20840, 1, 0
1072014, 6770793, 0, 0
1072014, 19292, 1, 0
1073036, 7668721, 0, 0
1073036, 18863, 1, 0
1074061, 9653885, 0, 0
1074253, 19096, 1, 0
1075051, 8599050, 0, 0
1075051, 19156, 1, 0
1076004, 9804896, 0, 0
1076004, 22511, 1, 0
1077041, 7783243, 0, 0
1077041, 16829, 1, 0
1078032, 7275221, 0, 0
1078033, 19521, 1, 0
1079029, 7424077, 0, 0
1079029, 20436, 1, 0
1080016, 8283919, 0, 0
1080016, 20638, 1, 0
1081025, 8753577, 0, 0
1081116, 20337, 1, 0
1082055, 8228525, 0, 0
1082055, 21942, 1, 0
1083079, 7986794, 0, 0
1083080, 19591, 1, 0
1084009, 7862577, 0, 0
1084009, 19501, 1, 0
1085048, 7350710, 0, 0
1085048, 21365, 1, 0
1086075, 7950094, 0, 0
1086075, 21782, 1, 0
1087038, 8425966, 0, 0
1087038, 20311, 1, 0
1088057, 9499204, 0, 0
1088057, 20510, 1, 0
1089063, 9296127, 0, 0
1089063, 24397, 1, 0
1090038, 7098850, 0, 0
1090038, 21234, 1, 0
1091047, 6793577, 0, 0
1091047, 23026, 1, 0
1092024, 9031137, 0, 0
1092103, 21897, 1, 0
1093052, 7484164, 0, 0
1093052, 21606, 1, 0
1094005, 7100212, 0, 0
1094006, 19574, 1, 0
1095114, 8583446, 0, 0
1095115, 20682, 1, 0
1096048, 9045882, 0, 0
1096048, 19208, 1, 0
1097091, 7767845, 0, 0
1097091, 19659, 1, 0
1098078, 11200300, 0, 0
1098078, 21371, 1, 0
1099041, 8080182, 0, 0
1099041, 20863, 1, 0
1100048, 8175669, 0, 0
1100049, 19505, 1, 0
1101026, 8633261, 0, 0
1101026, 19065, 1, 0
1102120, 10025113, 0, 0
1102120, 19245, 1, 0
1103040, 8585994, 0, 0
1103041, 21367, 1, 0
1104007, 8840940, 0, 0
1104056, 45356, 1, 0
1105000, 7032195, 0, 0
1105001, 18439, 1, 0
1106050, 9195126, 0, 0
1106050, 19771, 1, 0
1107047, 10050834, 0, 0
1107047, 22160, 1, 0
1108040, 8403765, 0, 0
1108040, 18950, 1, 0
1109010, 6327683, 0, 0
1109072, 27221, 1, 0
1110104, 12408682, 0, 0
1110227, 21550, 1, 0
1111028, 11113930, 0, 0
1111191, 21282, 1, 0
1112056, 9002666, 0, 0
1112056, 20572, 1, 0
1113129, 8713534, 0, 0
1113129, 19334, 1, 0
1114005, 11209842, 0, 0
1114084, 19371, 1, 0
1115057, 6101620, 0, 0
1115057, 19170, 1, 0
1116033, 8395227, 0, 0
1116033, 18262, 1, 0
1117065, 9370408, 0, 0
1117065, 19750, 1, 0
1118058, 5724606, 0, 0
1118058, 21169, 1, 0
1119069, 7205373, 0, 0
1119069, 20081, 1, 0
1120077, 7453468, 0, 0
1120077, 18589, 1, 0
1121011, 10140627, 0, 0
1121011, 21662, 1, 0
1122012, 8839453, 0, 0
1122012, 20222, 1, 0
1123063, 9120716, 0, 0
1123063, 19553, 1, 0
1124008, 6835995, 0, 0
1124008, 21994, 1, 0
1125050, 7484562, 0, 0
1125050, 18230, 1, 0
1126089, 7097751, 0, 0
1126089, 18108, 1, 0
1127027, 8009723, 0, 0
1127028, 20702, 1, 0
1128073, 9077616, 0, 0
1128156, 21371, 1, 0
1129055, 10894584, 0, 0
1129055, 19815, 1, 0
1130004, 7345496, 0, 0
1130004, 19007, 1, 0
1131003, 6510843, 0, 0
1131003, 19532, 1, 0
1132056, 7055634, 0, 0
1132056, 18870, 1, 0
1133027, 8888208, 0, 0
1133027, 22167, 1, 0
1134030, 8706555, 0, 0
1134030, 19611, 1, 0
1135046, 9390911, 0, 0
1135046, 19532, 1, 0
1136073, 6652903, 0, 0
1136073, 20151, 1, 0
1137017, 7481076, 0, 0
1137211, 19784, 1, 0
1138016, 9777803, 0, 0
1138016, 21213, 1, 0
1139036, 6696323, 0, 0
1139036, 19746, 1, 0
1140073, 8482435, 0, 0
1140073, 19025, 1, 0
1141008, 8645090, 0, 0
1141008, 21469, 1, 0
1142032, 7516321, 0, 0
1142032, 21838, 1, 0
1143070, 7294644, 0, 0
1143070, 20604, 1, 0
1144046, 8392479, 0, 0
1144046, 19854, 1, 0
1145005, 8184987, 0, 0
1145005, 18226, 1, 0
1146041, 7660551, 0, 0
1146041, 20145, 1, 0
1147054, 7429869, 0, 0
1147054, 19889, 1, 0
1148025, 7752846, 0, 0
1148157, 19103, 1, 0
1149011, 7515059, 0, 0
1149011, 19951, 1, 0
1150055, 7721804, 0, 0
1150055, 21903, 1, 0
1151003, 5766265, 0, 0
1151003, 20091, 1, 0
1152009, 8507024, 0, 0
1152009, 24142, 1, 0
1153004, 8787930, 0, 0
1153004, 21002, 1, 0
1154014, 8128716, 0, 0
1154014, 22877, 1, 0
1155020, 8032242, 0, 0
1155021, 18111, 1, 0
1156017, 6902991, 0, 0
1156094, 20470, 1, 0
1157125, 8319066, 0, 0
1157125, 19646, 1, 0
1158101, 8697760, 0, 0
1158101, 18457, 1, 0
1159067, 6787281, 0, 0
1159067, 20205, 1, 0
1160018, 10433295, 0, 0
1160018, 17510, 1, 0
1161079, 9630172, 0, 0
1161079, 20177, 1, 0
1162052, 8751054, 0, 0
1162052, 27474, 1, 0
1163009, 9369543, 0, 0
1163130, 20549, 1, 0
1164047, 10913108, 0, 0
1164047, 21078, 1, 0
1165081, 10986723, 0, 0
1165081, 21359, 1, 0
1166072, 7437230, 0, 0
1166072, 20618, 1, 0
1167003, 7945373, 0, 0
1167003, 18595, 1, 0
1168023, 7214445, 0, 0
1168023, 19213, 1, 0
1169053, 7560081, 0, 0
1169053, 18571, 1, 0
1170036, 7786225, 0, 0
1170036, 19323, 1, 0
1171063, 8076955, 0, 0
1171064, 18986, 1, 0
1172011, 8923720, 0, 0
1172011, 19500, 1, 0
1173043, 7748429, 0, 0
1173043, 18800, 1, 0
1174059, 6891222, 0, 0
1174059, 21655, 1, 0
1175067, 7344367, 0, 0
1175067, 18880, 1, 0
1176102, 8200877, 0, 0
1176102, 17697, 1, 0
1177026, 7620022, 0, 0
1177026, 20111, 1, 0
1178040, 8300136, 0, 0
1178040, 19843, 1, 0
1179155, 8119733, 0, 0
1179308, 19777, 1, 0
1180004, 9861809, 0, 0
1180004, 19227, 1, 0
1181003, 7612169, 0, 0
1181004, 17830, 1, 0
1182085, 6962322, 0, 0
1182085, 19697, 1, 0
1183052, 7314030, 0, 0
1183052, 18119, 1, 0
1184026, 7530874, 0, 0
1184026, 19432, 1, 0
1185073, 7413627, 0, 0
1185073, 21630, 1, 0
1186051, 7803241, 0, 0
1186118, 19030, 1, 0
1187031, 6077476, 0, 0
1187031, 21580, 1, 0
1188011, 7351639, 0, 0
1188011, 17736, 1, 0
1189064, 6732293, 0, 0
1189064, 18205, 1, 0
1190017, 8202007, 0, 0
1190017, 20755, 1, 0
1191069, 11547610, 0, 0
1191069, 18392, 1, 0
1192069, 10292542, 0, 0
1192069, 18735, 1, 0
1193086, 13922807, 0, 0
1193086, 20356, 1, 0
1194071, 8056695, 0, 0
1194071, 23183, 1, 0
1195018, 7438063, 0, 0
1195018, 21290, 1, 0
1196000, 9084057, 0, 0
1196001, 20517, 1, 0
1197052, 13292690, 0, 0
1197052, 18790, 1, 0
1198053, 8189715, 0, 0
1198053, 20565, 1, 0
1199051, 9677357, 0, 0
1199051, 20230, 1, 0
1200049, 7488781, 0, 0
1200049, 18117, 1, 0
1201034, 7801601, 0, 0
1201034, 19546, 1, 0
1202011, 7870500, 0, 0
1202011, 20386, 1, 0
1203006, 7247347, 0, 0
1203006, 19584, 1, 0
1204065, 7831525, 0, 0
1204066, 20451, 1, 0
1205020, 8354612, 0, 0
1205210, 19773, 1, 0
1206048, 8414267, 0, 0
1206048, 22044, 1, 0
1207036, 7093018, 0, 0
1207036, 20572, 1, 0
1208089, 6692308, 0, 0
1208090, 18741, 1, 0
1209034, 8729328, 0, 0
1209034, 21083, 1, 0
1210078, 8405616, 0, 0
1210078, 18817, 1, 0
1211040, 9800589, 0, 0
1211040, 19794, 1, 0
1212057, 6959789, 0, 0
1212058, 19930, 1, 0
1213065, 8047801, 0, 0
1213066, 18060, 1, 0
1214051, 8413817, 0, 0
1214098, 24810, 1, 0
1215021, 8067318, 0, 0
1215021, 18253, 1, 0
1216016, 10916060, 0, 0
1216016, 19729, 1, 0
1217089, 10401650, 0, 0
1217134, 21468, 1, 0
1218070, 7713138, 0, 0
1218070, 22802, 1, 0
1219002, 6839424, 0, 0
1219002, 20202, 1, 0
1220086, 6514620, 0, 0
1220087, 19506, 1, 0
1221006, 9881476, 0, 0
1221007, 20524, 1, 0
1222011, 9115860, 0, 0
1222030, 21160, 1, 0
1223056, 6320915, 0, 0
1223056, 19421, 1, 0
1224019, 11589318, 0, 0
1224083, 22515, 1, 0
1225033, 6929275, 0, 0
1225034, 18643, 1, 0
1226017, 5452760, 0, 0
1226018, 18107, 1, 0
1227036, 8264184, 0, 0
1227036, 18680, 1, 0
1228010, 8381555, 0, 0
1228010, 20316, 1, 0
1229086, 8079015, 0, 0
1229086, 21196, 1, 0
1230014, 8198988, 0, 0
1230015, 17553, 1, 0
1231059, 9650193, 0, 0
1231059, 18810, 1, 0
1232076, 8320474, 0, 0
1232076, 24300, 1, 0
1233007, 7746115, 0, 0
1233007, 20956, 1, 0
1234026, 7949918, 0, 0
1234026, 20227, 1, 0
1235069, 8607687, 0, 0
1235069, 19460, 1, 0
1236040, 9140324, 0, 0
1236040, 17884, 1, 0
1237067, 9492164, 0, 0
1237067, 22347, 1, 0
1238057, 7969627, 0, 0
1238057, 19231, 1, 0
1239054, 8655076, 0, 0
1239054, 19582, 1, 0
1240067, 9028419, 0, 0
1240221, 18642, 1, 0
1241083, 8118109, 0, 0
1241083, 21000, 1, 0
1242052, 7379968, 0, 0
1242052, 20027, 1, 0
1243026, 8532053, 0, 0
1243027, 20671, 1, 0
1244077, 7653218, 0, 0
1244077, 22661, 1, 0
1245055, 10967177, 0, 0
1245055, 29442, 1, 0
1246000, 7854128, 0, 0
1246089, 19786, 1, 0
1247012, 8021214, 0, 0
1247012, 19667, 1, 0
1248073, 7510615, 0, 0
1248073, 18914, 1, 0
1249030, 8523601, 0, 0
1249030, 19119, 1, 0
1250105, 8724315, 0, 0
1250105, 20812, 1, 0
1251004, 7668386, 0, 0
1251004, 18723, 1, 0
1252049, 6478233, 0, 0
1252131, 19380, 1, 0
1253036, 8078147, 0, 0
1253036, 19844, 1, 0
1254084, 7810130, 0, 0
1254084, 20731, 1, 0
1255028, 5845993, 0, 0
1255028, 20381, 1, 0
1256080, 5733182, 0, 0
1256156, 19312, 1, 0
1257042, 6527165, 0, 0
1257042, 18936, 1, 0
1258059, 11167325, 0, 0
1258059, 23611, 1, 0
1259000, 7276733, 0, 0
1259000, 18831, 1, 0
1260053, 6960297, 0, 0
1260053, 18738, 1, 0
1261067, 7969902, 0, 0
1261067, 21650, 1, 0
1262020, 7922664, 0, 0
1262062, 19201, 1, 0
1263075, 9316038, 0, 0
1263075, 19250, 1, 0
1264052, 6636000, 0, 0
1264052, 20952, 1, 0
1265072, 9423231, 0, 0
1265072, 19177, 1, 0
1266052, 5230043, 0, 0
1266131, 19738, 1, 0
1267017, 8913255, 0, 0
1267017, 18564, 1, 0
1268088, 6601734, 0, 0
1268179, 21282, 1, 0
1269089, 8612106, 0, 0
1269089, 19832, 1, 0
1270034, 8655453, 0, 0
1270034, 20035, 1, 0
1271053, 7763962, 0, 0
1271053, 18713, 1, 0
1272063, 7359060, 0, 0
1272063, 20663, 1, 0
1273072, 9587431, 0, 0
1273072, 18526, 1, 0
1274051, 9981641, 0, 0
1274051, 19462, 1, 0
1275028, 8473307, 0, 0
1275028, 19468, 1, 0
1276010, 7212871, 0, 0
1276010, 18192, 1, 0
1277025, 9294157, 0, 0
1277025, 19897, 1, 0
1278061, 8013033, 0, 0
1278061, 20117, 1, 0
1279095, 10877186, 0, 0
1279095, 19039, 1, 0
1280020, 5690114, 0, 0
1280020, 19564, 1, 0
1281057, 9953569, 0, 0
1281057, 20269, 1, 0
1282146, 10668833, 0, 0
1282146, 20409, 1, 0
1283006, 7395659, 0, 0
1283006, 17845, 1, 0
1284045, 6691961, 0, 0
1284128, 19261, 1, 0
1285016, 9059755, 0, 0
1285017, 20982, 1, 0
1286120, 8744451, 0, 0
1286120, 19503, 1, 0
1287032, 9288498, 0, 0
1287032, 19165, 1, 0
1288031, 6112634, 0, 0
1288091, 19535, 1, 0
1289039, 8602709, 0, 0
1289039, 21169, 1, 0
1290004, 9630770, 0, 0
1290089, 20613, 1, 0
1291039, 5552674, 0, 0
1291117, 20104, 1, 0
1292084, 10136996, 0, 0
1292085, 19700, 1, 0
1293091, 8171302, 0, 0
1293091, 18555, 1, 0
1294053, 7109337, 0, 0
1294053, 19333, 1, 0
1295074, 7275933, 0, 0
1295074, 20129, 1, 0
1296079, 8361721, 0, 0
1296251, 20574, 1, 0
1297077, 7904482, 0, 0
1297077, 20749, 1, 0
1298031, 6101148, 0, 0
1298031, 19023, 1, 0
1299045, 7386033, 0, 0
1299045, 18997, 1, 0
1300016, 6419173, 0, 0
1300016, 20430, 1, 0
1301063, 7979559, 0, 0
1301063, 20182, 1, 0
1302026, 8142615, 0, 0
1302026, 18316, 1, 0
1303010, 7121090, 0, 0
1303011, 17255, 1, 0
1304034, 5580513, 0, 0
1304034, 22493, 1, 0
1305140, 9053117, 0, 0
1305140, 18689, 1, 0
1306081, 11598788, 0, 0
1306081, 22685, 1, 0
1307007, 8184858, 0, 0
1307007, 19174, 1, 0
1308071, 7584102, 0, 0
1308071, 22129, 1, 0
1309024, 7930094, 0, 0
1309024, 21392, 1, 0
1310060, 7073652, 0, 0
1310060, 18450, 1, 0
1311047, 7643635, 0, 0
1311130, 22981, 1, 0
1312033, 10582360, 0, 0
1312033, 22773, 1, 0
1313068, 7079072, 0, 0
1313068, 22797, 1, 0
1314050, 6900573, 0, 0
1314050, 20992, 1, 0
1315007, 8843502, 0, 0
1315007, 21627, 1, 0
1316105, 7828060, 0, 0
1316105, 20098, 1, 0
1317037, 9696109, 0, 0
1317037, 22029, 1, 0
1318021, 7497811, 0, 0
1318022, 20160, 1, 0
1319050, 6337097, 0, 0
1319050, 21196, 1, 0
1320042, 7559620, 0, 0
1320043, 20285, 1, 0
1321028, 7394879, 0, 0
1321028, 19268, 1, 0
1322051, 7797752, 0, 0
1322051, 18647, 1, 0
1323103, 8397004, 0, 0
1323103, 22850, 1, 0
1324046, 7535763, 0, 0
1324169, 19097, 1, 0
1325030, 8323306, 0, 0
1325030, 20206, 1, 0
1326016, 6305425, 0, 0
1326016, 21637, 1, 0
1327064, 7746970, 0, 0
1327064, 21004, 1, 0
1328015, 5480382, 0, 0
1328015, 19520, 1, 0
1329013, 6730203, 0, 0
1329013, 19790, 1, 0
1330006, 9267459, 0, 0
1330006, 20839, 1, 0
1331007, 7513562, 0, 0
1331008, 19615, 1, 0
1332007, 7560793, 0, 0
1332008, 21138, 1, 0
1333078, 8547075, 0, 0
1333181, 24681, 1, 0
1334000, 5855918, 0, 0
1334000, 18787, 1, 0
1335008, 5262114, 0, 0
1335100, 20302, 1, 0
1336098, 7833998, 0, 0
1336098, 21959, 1, 0
1337092, 7519429, 0, 0
1337093, 17956, 1, 0
1338101, 8680997, 0, 0
1338101, 17580, 1, 0
1339073, 9237469, 0, 0
1339073, 21013, 1, 0
1340046, 7474075, 0, 0
1340046, 17689, 1, 0
1341067, 7775939, 0, 0
1341137, 20079, 1, 0
1342070, 5154570, 0, 0
1342070, 19718, 1, 0
1343077, 7796477, 0, 0
1343077, 20927, 1, 0
1344001, 6937334, 0, 0
1344001, 20361, 1, 0
1345044, 12247385, 0, 0
1345044, 21751, 1, 0
1346041, 7835600, 0, 0
1346041, 18623, 1, 0
1347084, 7715079, 0, 0
1347085, 18014, 1, 0
1348007, 12456786, 0, 0
1348007, 19605, 1, 0
1349010, 5985542, 0, 0
1349010, 21010, 1, 0
1350014, 7657421, 0, 0
1350015, 20614, 1, 0
1351056, 8451122, 0, 0
1351056, 21270, 1, 0
1352092, 8917393, 0, 0
1352092, 19352, 1, 0
1353072, 8895206, 0, 0
1353072, 19937, 1, 0
1354063, 8917458, 0, 0
1354064, 20758, 1, 0
1355077, 6877404, 0, 0
1355077, 20092, 1, 0
1356003, 7906448, 0, 0
1356003, 18352, 1, 0
1357009, 7221926, 0, 0
1357009, 20897, 1, 0
1358066, 7378785, 0, 0
1358066, 19785, 1, 0
1359017, 7535124, 0, 0
1359017, 20972, 1, 0
1360115, 6891281, 0, 0
1360116, 20278, 1, 0
1361092, 7924611, 0, 0
1361092, 22459, 1, 0
1362065, 8834231, 0, 0
1362065, 20579, 1, 0
1363025, 11278235, 0, 0
1363025, 18265, 1, 0
1364038, 8087367, 0, 0
1364220, 22042, 1, 0
1365021, 10024316, 0, 0
1365021, 20189, 1, 0
1366082, 7253402, 0, 0
1366253, 20441, 1, 0
1367059, 9755020, 0, 0
1367059, 18170, 1, 0
1368050, 7062308, 0, 0
1368050, 19008, 1, 0
1369052, 8772124, 0, 0
1369141, 20927, 1, 0
1370083, 8878093, 0, 0
1370083, 21225, 1, 0
1371079, 7891664, 0, 0
1371079, 22287, 1, 0
1372050, 9317993, 0, 0
1372050, 21139, 1, 0
1373024, 7046807, 0, 0
1373024, 19156, 1, 0
1374002, 9384785, 0, 0
1374002, 21133, 1, 0
1375020, 7940231, 0, 0
1375020, 17257, 1, 0
1376023, 7359215, 0, 0
1376023, 20340, 1, 0
1377096, 7648571, 0, 0
1377096, 18494, 1, 0
1378012, 7194984, 0, 0
1378012, 18645, 1, 0
1379056, 8837456, 0, 0
1379057, 21037, 1, 0
1380015, 5976663, 0, 0
1380015, 21457, 1, 0
1381021, 8036211, 0, 0
1381022, 18772, 1, 0
1382009, 6989227, 0, 0
1382009, 21841, 1, 0
1383057, 7315877, 0, 0
1383057, 20698, 1, 0
1384073, 6845317, 0, 0
1384073, 19250, 1, 0
1385058, 10351217, 0, 0
1385106, 23821, 1, 0
1386018, 8564040, 0, 0
1386018, 21088, 1, 0
1387074, 7119636, 0, 0
1387074, 20895, 1, 0
1388106, 8519192, 0, 0
1388106, 20868, 1, 0
1389065, 7593293, 0, 0
1389065, 19366, 1, 0
1390027, 8427868, 0, 0
1390027, 18786, 1, 0
1391095, 6790763, 0, 0
1391216, 19002, 1, 0
1392027, 7745555, 0, 0
1392027, 20440, 1, 0
1393048, 8029768, 0, 0
1393048, 22095, 1, 0
1394033, 7126244, 0, 0
1394033, 21566, 1, 0
1395118, 8265447, 0, 0
1395118, 20318, 1, 0
1396073, 9171658, 0, 0
1396073, 19959, 1, 0
1397083, 7579473, 0, 0
1397083, 18014, 1, 0
1398021, 8364798, 0, 0
1398022, 19696, 1, 0
1399005, 6247470, 0, 0
1399005, 20883, 1, 0
1400049, 6200375, 0, 0
1400049, 18135, 1, 0
1401029, 8506902, 0, 0
1401029, 20137, 1, 0
1402029, 7501388, 0, 0
1402029, 19913, 1, 0
1403064, 8687290, 0, 0
1403064, 19369, 1, 0
1404092, 8416451, 0, 0
1404175, 21089, 1, 0
1405003, 9378034, 0, 0
1405068, 22049, 1, 0
1406050, 7303817, 0, 0
1406050, 19288, 1, 0
1407115, 9946722, 0, 0
1407116, 18493, 1, 0
1408064, 8692938, 0, 0
1408065, 22068, 1, 0
1409083, 8472864, 0, 0
1409083, 21269, 1, 0
1410071, 6011003, 0, 0
1410151, 18811, 1, 0
1411005, 7405120, 0, 0
1411006, 20297, 1, 0
1412035, 8357276, 0, 0
1412035, 19690, 1, 0
1413079, 7894788, 0, 0
1413079, 20190, 1, 0
1414082, 9533989, 0, 0
1414082, 20265, 1, 0
1415044, 7870723, 0, 0
1415044, 20021, 1, 0
1416074, 8869386, 0, 0
1416075, 19952, 1, 0
1417012, 7370734, 0, 0
1417012, 20472, 1, 0
1418080, 6965866, 0, 0
1418081, 20032, 1, 0
1419069, 8293205, 0, 0
1419069, 18776, 1, 0
1420034, 7893887, 0, 0
1420034, 21520, 1, 0
1421018, 10567633, 0, 0
1421018, 21981, 1, 0
1422025, 7449545, 0, 0
1422026, 20813, 1, 0
1423007, 7713507, 0, 0
1423007, 20132, 1, 0
1424051, 7438574, 0, 0
1424149, 18448, 1, 0
1425075, 7095610, 0, 0
1425075, 20300, 1, 0
1426055, 8433063, 0, 0
1426055, 18182, 1, 0
1427023, 7107404, 0, 0
1427024, 18084, 1, 0
1428065, 8385359, 0, 0
1428065, 21797, 1, 0
1429071, 7440930, 0, 0
1429071, 19609, 1, 0
1430132, 8274648, 0, 0
1430132, 19411, 1, 0
1431031, 7734360, 0, 0
1431031, 17675, 1, 0
1432041, 8000446, 0, 0
1432041, 19123, 1, 0
1433032, 10531610, 0, 0
1433032, 19767, 1, 0
1434022, 9887372, 0, 0
1434022, 28388, 1, 0
1435095, 6012969, 0, 0
1435095, 20270, 1, 0
1436026, 8013563, 0, 0
1436026, 19145, 1, 0
1437074, 7578160, 0, 0
1437074, 21008, 1, 0
1438011, 7029426, 0, 0
1438011, 19202, 1, 0
1439022, 7891537, 0, 0
1439023, 19525, 1, 0
1440032, 6453256, 0, 0
1440032, 19187, 1, 0
1441041, 7631427, 0, 0
1441041, 19913, 1, 0
1442082, 7261944, 0, 0
1442082, 21134, 1, 0
1443016, 7976021, 0, 0
1443017, 19588, 1, 0
1444014, 7656644, 0, 0
1444014, 21446, 1, 0
1445052, 6643208, 0, 0
1445053, 20253, 1, 0
1446019, 9105128, 0, 0
1446020, 21032, 1, 0
1447043, 9121848, 0, 0
1447043, 17997, 1, 0
1448012, 8414551, 0, 0
1448013, 19781, 1, 0
1449037, 7629788, 0, 0
1449037, 18958, 1, 0
1450066, 7035168, 0, 0
1450066, 19047, 1, 0
1451000, 7456721, 0, 0
1451000, 19294, 1, 0
1452012, 8639404, 0, 0
1452012, 20014, 1, 0
1453007, 8639967, 0, 0
1453130, 20434, 1, 0
1454080, 8367778, 0, 0
1454080, 20893, 1, 0
1455015, 7237204, 0, 0
1455016, 19728, 1, 0
1456074, 7137136, 0, 0
1456074, 17772, 1, 0
1457058, 7441940, 0, 0
1457058, 19251, 1, 0
1458001, 5770292, 0, 0
1458001, 25143, 1, 0
1459032, 8648871, 0, 0
1459032, 19310, 1, 0
1460061, 7892726, 0, 0
1460061, 18706, 1, 0
1461012, 5298026, 0, 0
1461012, 19400, 1, 0
1462076, 8046235, 0, 0
1462076, 18911, 1, 0
1463029, 7866982, 0, 0
1463030, 17768, 1, 0
1464023, 6837895, 0, 0
1464023, 19399, 1, 0
1465051, 9505270, 0, 0
1465051, 18977, 1, 0
1466061, 7632450, 0, 0
1466061, 20533, 1, 0
1467023, 8496855, 0, 0
1467023, 21600, 1, 0
1468070, 7739144, 0, 0
1468113, 20607, 1, 0
1469003, 6250747, 0, 0
1469003, 19431, 1, 0
1470013, 6496085, 0, 0
1470013, 22651, 1, 0
1471076, 6799866, 0, 0
1471076, 20612, 1, 0
1472070, 8199200, 0, 0
1472070, 19505, 1, 0
1473034, 6732133, 0, 0
1473035, 18772, 1, 0
1474005, 10312741, 0, 0
1474118, 21221, 1, 0
1475056, 9624891, 0, 0
1475056, 21651, 1, 0
1476049, 7931781, 0, 0
1476145, 19395, 1, 0
1477034, 7928781, 0, 0
1477034, 18288, 1, 0
1478035, 9609178, 0, 0
1478035, 21053, 1, 0
1479042, 7920570, 0, 0
1479043, 18702, 1, 0
1480094, 8968698, 0, 0
1480094, 18131, 1, 0
1481079, 7395357, 0, 0
1481167, 19898, 1, 0
1482032, 6560482, 0, 0
1482032, 21422, 1, 0
1483100, 7250773, 0, 0
1483100, 20588, 1, 0
1484066, 6599111, 0, 0
1484099, 20096, 1, 0
1485087, 7172350, 0, 0
1485087, 19064, 1, 0
1486046, 6786780, 0, 0
1486046, 18729, 1, 0
1487033, 7353477, 0, 0
1487033, 18478, 1, 0
1488084, 8460290, 0, 0
1488084, 18817, 1, 0
1489020, 9533125, 0, 0
1489020, 22086, 1, 0
1490031, 7424017, 0, 0
1490032, 20059, 1, 0
1491021, 6535049, 0, 0
1491021, 18067, 1, 0
1492014, 8623857, 0, 0
1492015, 18105, 1, 0
1493054, 7920866, 0, 0
1493054, 21812, 1, 0
1494086, 7107688, 0, 0
1494086, 19897, 1, 0
1495019, 7691560, 0, 0
1495019, 20888, 1, 0
1496015, 7959277, 0, 0
1496015, 20575, 1, 0
1497067, 7660117, 0, 0
1497067, 19944, 1, 0
1498060, 7684939, 0, 0
1498060, 20867, 1, 0
1499050, 6905467, 0, 0
1499050, 20022, 1, 0
1500076, 8754705, 0, 0
1500076, 19516, 1, 0
1501013, 6629779, 0, 0
1501013, 19833, 1, 0
1502012, 8044477, 0, 0
1502012, 19388, 1, 0
1503025, 6649599, 0, 0
1503025, 18651, 1, 0
1504052, 6529266, 0, 0
1504052, 19442, 1, 0
1505035, 7488174, 0, 0
1505035, 19795, 1, 0
1506067, 8111264, 0, 0
1506067, 20445, 1, 0
1507011, 7724810, 0, 0
1507011, 22020, 1, 0
1508036, 7156194, 0, 0
1508036, 19901, 1, 0
1509083, 6653346, 0, 0
1509083, 19927, 1, 0
1510013, 6978940, 0, 0
1510013, 23039, 1, 0
1511043, 6949566, 0, 0
1511044, 22680, 1, 0
1512026, 5733319, 0, 0
1512026, 18398, 1, 0
1513060, 6528141, 0, 0
1513060, 22201, 1, 0
1514012, 7724047, 0, 0
1514012, 25058, 1, 0
1515013, 6531597, 0, 0
1515014, 22382, 1, 0
1516013, 7281047, 0, 0
1516102, 19331, 1, 0
1517009, 7311057, 0, 0
1517009, 19361, 1, 0
1518061, 8749280, 0, 0
1518061, 28582, 1, 0
1519007, 6573710, 0, 0
1519007, 12435522, 1, 0
1520038, 8349788, 0, 0
1520085, 12053094, 1, 0
1521065, 10120761, 0, 0
1521087, 6616475, 1, 0
1522055, 11930165, 1, 0
1522055, 6113423, 0, 0
1523025, 5065495, 0, 0
1523025, 14224235, 1, 0
1524104, 8959995, 0, 0
1524104, 11359780, 1, 0
1525044, 9306260, 0, 0
1525044, 7313660, 1, 0
1526054, 8405504, 0, 0
1526054, 3692371, 1, 0
1527012, 19706419, 1, 0
1527012, 5926072, 0, 0
1528061, 5155184, 1, 0
1528062, 9303284, 0, 0
1529021, 19773159, 1, 0
1529021, 6852204, 0, 0
1530037, 5365215, 1, 0
1530037, 8826388, 0, 0
1531054, 7297620, 0, 0
1531054, 11769921, 1, 0
1532058, 9513640, 0, 0
1532058, 3896361, 1, 0
1533098, 8838508, 0, 0
1533099, 10389821, 1, 0
1534066, 8493414, 0, 0
1534066, 8764608, 1, 0
1535041, 8053048, 1, 0
1535041, 7804368, 0, 0
1536010, 7849120, 0, 0
1536071, 11238753, 1, 0
1537005, 5940820, 0, 0
1537005, 10345595, 1, 0
1538057, 7820785, 0, 0
1538058, 11385704, 1, 0
1539080, 7761862, 0, 0
1539081, 10655254, 1, 0
1540074, 10003597, 0, 0
1540074, 5389248, 1, 0
1541059, 10160942, 1, 0
1541059, 7949573, 0, 0
1542044, 10041984, 0, 0
1542120, 5306153, 1, 0
1543070, 10213812, 0, 0
1543163, 6558772, 1, 0
1544082, 9492031, 0, 0
1544082, 6973131, 1, 0
1545108, 6735634, 0, 0
1545229, 9847935, 1, 0
1546153, 7712679, 0, 0
1546153, 8379423, 1, 0
1547051, 8818055, 0, 0
1547051, 6324325, 1, 0
1548003, 18001355, 1, 0
1548003, 7121528, 0, 0
1549045, 8544354, 0, 0
1549045, 9196257, 1, 0
1550016, 5235835, 0, 0
1550016, 16261853, 1, 0
1551130, 7812886, 0, 0
1551130, 13517776, 1, 0
1552083, 7415183, 0, 0
1552083, 3878271, 1, 0
1553021, 14159172, 1, 0
1553021, 5100084, 0, 0
1554040, 8269652, 0, 0
1554040, 1552394, 1, 0
1555117, 6398195, 0, 0
1555117, 14241734, 1, 0
1556051, 14352362, 1, 0
1556051, 6747552, 0, 0
1557007, 11071217, 0, 0
1557007, 4937796, 1, 0
1558001, 12172841, 0, 0
1558001, 11448630, 1, 0
1559031, 6142069, 0, 0
1559031, 9942483, 1, 0
1560041, 16170835, 1, 0
1560041, 9179236, 0, 0
1561002, 3309083, 0, 0
1561002, 13518524, 1, 0
1562019, 6798237, 0, 0
1562019, 9011651, 1, 0
1563054, 16110361, 1, 0
1563054, 7549212, 0, 0
1564080, 5017682, 0, 0
1564080, 12481196, 1, 0
1565016, 6941272, 0, 0
1565016, 19933576, 1, 0
1566071, 7952942, 0, 0
1566071, 15755385, 1, 0
1567000, 7591858, 0, 0
1567098, 19763416, 1, 0
1568056, 6055308, 0, 0
1568056, 23962913, 1, 0
1569005, 7400970, 0, 0
1569005, 10309615, 1, 0
1570019, 29053563, 1, 0
1570019, 4373153, 0, 0
1571006, 9243614, 0, 0
1571006, 5450946, 1, 0
1572037, 6580160, 0, 0
1572037, 16571063, 1, 0
1573063, 17873687, 1, 0
1573063, 8796196, 0, 0
1574036, 9245562, 0, 0
1574036, 5040619, 1, 0
1575027, 5421471, 0, 0
1575027, 11228169, 1, 0
1576044, 9992320, 1, 0
1576044, 7516097, 0, 0
1577059, 22283740, 1, 0
1577059, 6927028, 0, 0
1578031, 8722639, 0, 0
1578031, 2710439, 1, 0
1579048, 6032854, 0, 0
1579048, 12362006, 1, 0
1580072, 9342612, 0, 0
1580073, 7617860, 1, 0
1581022, 15685485, 1, 0
1581022, 6046256, 0, 0
1582074, 8746777, 0, 0
1582074, 5688916, 1, 0
1583082, 14119768, 1, 0
1583082, 7967431, 0, 0
1584038, 6316178, 0, 0
1584038, 14706868, 1, 0
1585057, 5668765, 0, 0
1585057, 9940639, 1, 0
1586073, 6644500, 0, 0
1586073, 11355880, 1, 0
1587086, 6873851, 0, 0
1587086, 21164416, 1, 0
1588043, 10455621, 0, 0
1588166, 10942561, 1, 0
1589093, 8007441, 0, 0
1589190, 10573214, 1, 0
1590024, 5804367, 0, 0
1590024, 7435253, 1, 0
1591016, 7670916, 0, 0
1591016, 9560350, 1, 0
1592040, 7201277, 0, 0
1592040, 14405115, 1, 0
1593090, 7351852, 1, 0
1593090, 6718990, 0, 0
1594039, 8260875, 0, 0
1594110, 8388056, 1, 0
1595018, 8633814, 0, 0
1595018, 39236, 1, 0
1596018, 6866366, 0, 0
1596018, 10660758, 1, 0
1597039, 8132824, 0, 0
1597039, 13582916, 1, 0
1598058, 5860398, 0, 0
1598058, 14452534, 1, 0
1599068, 7669211, 0, 0
1599068, 18967618, 1, 0
1600030, 7776799, 0, 0
1600030, 15051402, 1, 0
1601029, 10224818, 0, 0
1601029, 9253823, 1, 0
1602098, 7307702, 0, 0
1602098, 18352667, 1, 0
1603055, 9113783, 1, 0
1603055, 6909525, 0, 0
1604060, 9837451, 1, 0
1604060, 9964267, 0, 0
1605057, 8074936, 0, 0
1605057, 7632117, 1, 0
1606034, 7137390, 0, 0
1606034, 7583534, 1, 0
1607071, 5670421, 0, 0
1607071, 16096242, 1, 0
1608127, 11990103, 0, 0
1608127, 14112630, 1, 0
1609066, 7293221, 0, 0
1609066, 6827335, 1, 0
1610002, 8379086, 0, 0
1610002, 10359897, 1, 0
1611077, 6059614, 0, 0
1611172, 16330025, 1, 0
1612000, 4293770, 0, 0
1612000, 19455378, 1, 0
1613021, 9260765, 0, 0
1613021, 9311755, 1, 0
1614031, 4624599, 0, 0
1614107, 15493331, 1, 0
1615035, 7196741, 1, 0
1615035, 7538974, 0, 0
1616012, 7069031, 0, 0
1616012, 12193229, 1, 0
1617050, 7947926, 0, 0
1617050, 3624938, 1, 0
1618056, 9621383, 1, 0
1618056, 8212557, 0, 0
1619018, 5750682, 0, 0
1619018, 10937367, 1, 0
1620013, 8440921, 0, 0
1620013, 10382061, 1, 0
1621047, 11552414, 1, 0
1621047, 7554974, 0, 0
1622022, 5962611, 0, 0
1622023, 21484188, 1, 0
1623024, 9003480, 0, 0
1623025, 3070513, 1, 0
1624115, 6976525, 0, 0
1624115, 13997886, 1, 0
1625014, 6827664, 0, 0
1625014, 11709269, 1, 0
1626056, 10849154, 1, 0
1626056, 7297943, 0, 0
1627011, 9053373, 1, 0
1627011, 6185029, 0, 0
1628047, 12017617, 1, 0
1628047, 8320676, 0, 0
1629026, 8587628, 0, 0
1629027, 14055870, 1, 0
1630057, 17881115, 1, 0
1630057, 4959177, 0, 0
1631005, 8037943, 0, 0
1631005, 5509311, 1, 0
1632026, 11150692, 0, 0
1632026, 6144864, 1, 0
1633036, 7100468, 0, 0
1633036, 9148304, 1, 0
1634042, 5784926, 0, 0
1634042, 11527731, 1, 0
1635011, 11146417, 0, 0
1635011, 2306610, 1, 0
1636009, 6596582, 0, 0
1636009, 10726950, 1, 0
1637083, 10635525, 1, 0
1637083, 8754478, 0, 0
1638075, 6875169, 0, 0
1638075, 12826559, 1, 0
1639025, 8151007, 0, 0
1639025, 6225532, 1, 0
1640026, 25939896, 1, 0
1640026, 2907337, 0, 0
1641004, 6684142, 0, 0
1641004, 14789557, 1, 0
1642092, 5660791, 1, 0
1642093, 8240699, 0, 0
1643102, 4831509, 0, 0
1643103, 8745331, 1, 0
1644077, 7413625, 0, 0
1644078, 5928282, 1, 0
1645177, 6948439, 0, 0
1645299, 20165428, 1, 0
1646008, 5635339, 0, 0
1646008, 7244843, 1, 0
1647016, 7414812, 0, 0
1647017, 17132860, 1, 0
1648137, 9025687, 0, 0
1648137, 7414546, 1, 0
1649037, 8921135, 0, 0
1649037, 10674607, 1, 0
1650090, 14636914, 1, 0
1650090, 5863726, 0, 0
1651044, 11680991, 1, 0
1651044, 7028975, 0, 0
1652021, 6861408, 0, 0
1652021, 13510054, 1, 0
1653020, 6708094, 0, 0
1653020, 5196444, 1, 0
1654002, 9483525, 0, 0
1654002, 5441906, 1, 0
1655024, 5180933, 0, 0
1655024, 22731967, 1, 0
1656047, 7435829, 0, 0
1656047, 13727682, 1, 0
1657019, 6810070, 0, 0
1657087, 9973088, 1, 0
1658083, 24605619, 1, 0
1658083, 4496637, 0, 0
1659063, 12575406, 1, 0
1659063, 4396710, 0, 0
1660092, 8204361, 0, 0
1660093, 10540953, 1, 0
1661008, 6489595, 0, 0
1661081, 3344161, 1, 0
1662000, 7244621, 0, 0
1662101, 11784943, 1, 0
1663065, 15716270, 1, 0
1663065, 6740997, 0, 0
1664046, 4355744, 0, 0
1664046, 18922430, 1, 0
1665040, 7448807, 0, 0
1665040, 9342202, 1, 0
1666035, 9291576, 0, 0
1666111, 7956072, 1, 0
1667001, 13324707, 1, 0
1667001, 5931499, 0, 0
1668030, 7904570, 0, 0
1668072, 9409462, 1, 0
1669003, 5101580, 1, 0
1669003, 7770370, 0, 0
1670059, 8233684, 0, 0
1670059, 8294562, 1, 0
1671022, 15838950, 1, 0
1671022, 6764788, 0, 0
1672024, 7178581, 0, 0
1672025, 7283118, 1, 0
1673071, 6885794, 0, 0
1673071, 6129676, 1, 0
1674063, 21780183, 1, 0
1674063, 4808386, 0, 0
1675049, 10741064, 0, 0
1675049, 7528795, 1, 0
1676073, 21655973, 1, 0
1676073, 5468835, 0, 0
1677052, 7731291, 0, 0
1677052, 8190013, 1, 0
1678086, 9470627, 0, 0
1678087, 12874288, 1, 0
1679017, 8099613, 0, 0
1679017, 12819374, 1, 0
1680064, 5641220, 0, 0
1680234, 36007788, 1, 0
1681051, 4703908, 0, 0
1681051, 16224435, 1, 0
1682079, 8879061, 1, 0
1682079, 6578784, 0, 0
1683022, 12818933, 1, 0
1683023, 7471821, 0, 0
1684111, 9440267, 0, 0
1684111, 6030150, 1, 0
1685007, 7708133, 0, 0
1685007, 13835341, 1, 0
1686079, 11007194, 1, 0
1686079, 7867238, 0, 0
1687018, 5470965, 1, 0
1687018, 9482713, 0, 0
1688076, 7870837, 0, 0
1688076, 9171698, 1, 0
1689065, 8098042, 0, 0
1689065, 11263587, 1, 0
1690019, 6256963, 0, 0
1690019, 11519691, 1, 0
1691191, 6871189, 0, 0
1691333, 18586006, 1, 0
1692021, 32023109, 1, 0
1692021, 6135646, 0, 0
1693015, 23487575, 1, 0
1693015, 3904469, 0, 0
1694101, 6047977, 1, 0
1694101, 8534472, 0, 0
1695046, 8430462, 0, 0
1695046, 9439757, 1, 0
1696056, 13237921, 1, 0
1696057, 6791474, 0, 0
1697095, 21443556, 1, 0
1697095, 8826762, 0, 0
1698016, 8354370, 1, 0
1698016, 6792683, 0, 0
1699033, 13438644, 1, 0
1699033, 6589254, 0, 0
1700088, 10528153, 1, 0
1700088, 7204187, 0, 0
1701013, 5466718, 0, 0
1701090, 13519466, 1, 0
1702019, 12752361, 1, 0
1702019, 5305514, 0, 0
1703022, 11795185, 1, 0
1703022, 5651706, 0, 0
1704062, 7267184, 0, 0
1704062, 4703629, 1, 0
1705021, 7876049, 0, 0
1705184, 7009514, 1, 0
1706038, 4728657, 0, 0
1706162, 18972104, 1, 0
1707026, 6789029, 0, 0
1707026, 11239232, 1, 0
1708008, 6824750, 0, 0
1708105, 9490322, 1, 0
1709151, 11831276, 1, 0
1709152, 6064013, 0, 0
1710067, 5776774, 0, 0
1710067, 6210540, 1, 0
1711050, 10453670, 0, 0
1711051, 3930509, 1, 0
1712018, 15045187, 1, 0
1712018, 5970998, 0, 0
1713035, 7023058, 0, 0
1713035, 9745884, 1, 0
1714044, 7615107, 0, 0
1714154, 11854544, 1, 0
1715052, 7915898, 0, 0
1715145, 9413400, 1, 0
1716139, 11435342, 0, 0
1716139, 3591165, 1, 0
1717030, 12367194, 1, 0
1717030, 6547252, 0, 0
1718061, 13316974, 1, 0
1718062, 5235179, 0, 0
1719052, 7256763, 0, 0
1719115, 8416641, 1, 0
1720075, 6401359, 0, 0
1720076, 11905187, 1, 0
1721086, 8240994, 0, 0
1721087, 5054216, 1, 0
1722000, 9196980, 0, 0
1722042, 3801189, 1, 0
1723060, 6863849, 0, 0
1723060, 13176518, 1, 0
1724032, 15060859, 1, 0
1724032, 7147702, 0, 0
1725056, 11623375, 0, 0
1725183, 7584264, 1, 0
1726004, 13114784, 1, 0
1726004, 7812133, 0, 0
1727009, 7172206, 0, 0
1727009, 11302977, 1, 0
1728049, 5967968, 0, 0
1728049, 19670262, 1, 0
1729027, 7678923, 0, 0
1729142, 4320315, 1, 0
1730021, 5170676, 0, 0
1730114, 11147314, 1, 0
1731048, 11233340, 1, 0
1731048, 6873098, 0, 0
1732053, 10235342, 0, 0
1732053, 4120333, 1, 0
1733066, 7609645, 0, 0
1733066, 7612213, 1, 0
1734067, 8036444, 0, 0
1734185, 21172530, 1, 0
1735013, 8492156, 0, 0
1735013, 553038, 1, 0
1736064, 8001364, 0, 0
1736064, 35852402, 1, 0
1737010, 12000262, 1, 0
1737010, 6630809, 0, 0
1738087, 9091133, 0, 0
1738087, 6405034, 1, 0
1739003, 10565317, 0, 0
1739105, 5150815, 1, 0
1740029, 3865006, 0, 0
1740029, 17391332, 1, 0
1741057, 9124718, 0, 0
1741057, 4628225, 1, 0
1742039, 8312871, 0, 0
1742040, 16231556, 1, 0
1743010, 8827380, 1, 0
1743011, 6982308, 0, 0
1744090, 10550457, 0, 0
1744090, 6863649, 1, 0
1745011, 4877463, 0, 0
1745075, 19898634, 1, 0
1746037, 14626623, 1, 0
1746037, 6382730, 0, 0
1747084, 5969713, 0, 0
1747084, 17071246, 1, 0
1748095, 7908420, 0, 0
1748095, 8162130, 1, 0
1749046, 7868784, 0, 0
1749176, 5553896, 1, 0
1750052, 8822738, 0, 0
1750052, 9199908, 1, 0
1751042, 7780481, 0, 0
1751042, 8643840, 1, 0
1752000, 22112250, 1, 0
1752000, 2493217, 0, 0
1753146, 9724018, 1, 0
1753146, 9287671, 0, 0
1754073, 19861602, 1, 0
1754073, 4471673, 0, 0
1755001, 3127341, 0, 0
1755073, 30115623, 1, 0
1756029, 7622008, 0, 0
1756029, 14401306, 1, 0
1757063, 7230860, 0, 0
1757063, 11649875, 1, 0
1758028, 6297786, 0, 0
1758028, 9124833, 1, 0
1759028, 8044340, 0, 0
1759028, 8925524, 1, 0
1760028, 6903162, 0, 0
1760028, 12203874, 1, 0
1761086, 15407726, 1, 0
1761086, 5788550, 0, 0
1762162, 17432018, 1, 0
1762162, 5310253, 0, 0
1763069, 14691918, 1, 0
1763069, 9260329, 0, 0
1764012, 12325763, 1, 0
1764013, 6460814, 0, 0
1765067, 7445665, 0, 0
1765067, 14743193, 1, 0
1766004, 5632217, 0, 0
1766004, 12695846, 1, 0
1767095, 7012365, 0, 0
1767186, 10240301, 1, 0
1768010, 4985585, 0, 0
1768010, 20711548, 1, 0
1769017, 5317021, 0, 0
1769057, 12484904, 1, 0
1770015, 7878667, 0, 0
1770015, 7439885, 1, 0
1771085, 6188478, 0, 0
1771085, 18815043, 1, 0
1772004, 18051990, 1, 0
1772004, 7052309, 0, 0
1773001, 6985374, 0, 0
1773002, 13887491, 1, 0
1774094, 18827405, 1, 0
1774094, 7664732, 0, 0
1775090, 7527790, 0, 0
1775091, 6081615, 1, 0
1776053, 7941120, 0, 0
1776053, 2168874, 1, 0
1777058, 6994915, 0, 0
1777058, 6325516, 1, 0
1778002, 7293296, 0, 0
1778002, 15949865, 1, 0
1779050, 7187547, 0, 0
1779165, 8463968, 1, 0
1780068, 7381787, 0, 0
1780068, 16725359, 1, 0
1781025, 5757641, 0, 0
1781025, 13570437, 1, 0
1782045, 9907889, 0, 0
1782046, 2363537, 1, 0
1783029, 9075864, 0, 0
1783147, 4685435, 1, 0
1784039, 9537582, 0, 0
1784039, 2969412, 1, 0
1785062, 14550705, 1, 0
1785062, 7159975, 0, 0
1786098, 8090792, 0, 0
1786098, 6790622, 1, 0
1787000, 8342703, 0, 0
1787000, 7329714, 1, 0
1788011, 9635156, 0, 0
1788012, 4778470, 1, 0
1789046, 8406924, 0, 0
1789047, 5494315, 1, 0
1790077, 15984539, 1, 0
1790077, 5804407, 0, 0
1791052, 7603509, 0, 0
1791052, 8380751, 1, 0
1792003, 6508914, 1, 0
1792003, 6791447, 0, 0
1793066, 26374749, 1, 0
1793066, 4213559, 0, 0
1794023, 9296111, 0, 0
1794023, 7572802, 1, 0
1795087, 8842001, 0, 0
1795150, 3962590, 1, 0
1796078, 7955167, 0, 0
1796078, 3418360, 1, 0
1797003, 9336506, 0, 0
1797003, 9878402, 1, 0
1798014, 11028670, 0, 0
1798014, 10120392, 1, 0
1799017, 7435008, 0, 0
1799105, 16785018, 1, 0
1800056, 14262634, 1, 0
1800295, 5474321, 0, 0
