1000, 9247256, 0, 0
1000, 21925, 1, 0
2023, 10643429, 0, 0
2024, 26681, 1, 0
3008, 11169300, 0, 0
3008, 22087, 1, 0
4061, 10106779, 0, 0
4061, 24300, 1, 0
5077, 10567731, 0, 0
5077, 20361, 1, 0
6079, 11372309, 0, 0
6079, 20160, 1, 0
7005, 10502242, 0, 0
7071, 24538, 1, 0
8059, 10314341, 0, 0
8059, 23984, 1, 0
9005, 10739875, 0, 0
9185, 21204, 1, 0
10036, 10719793, 0, 0
10036, 17903, 1, 0
11076, 10935821, 0, 0
11076, 17610, 1, 0
12021, 10728624, 0, 0
12022, 19735, 1, 0
13040, 10702273, 0, 0
13040, 20716, 1, 0
14051, 10413493, 0, 0
14051, 23372, 1, 0
15090, 11798708, 0, 0
15091, 23270, 1, 0
16083, 10326390, 0, 0
16083, 22646, 1, 0
17047, 10809909, 0, 0
17047, 20382, 1, 0
18072, 10653941, 0, 0
18265, 21963, 1, 0
19056, 11164433, 0, 0
19057, 23221, 1, 0
20022, 10828730, 0, 0
20023, 28323, 1, 0
21052, 10708826, 0, 0
21131, 23614, 1, 0
22044, 10290051, 0, 0
22044, 23466, 1, 0
23071, 10576720, 0, 0
23071, 21646, 1, 0
24029, 9859540, 0, 0
24029, 19806, 1, 0
25035, 10466474, 0, 0
25035, 19321, 1, 0
26058, 10646039, 0, 0
26059, 20524, 1, 0
27021, 10795002, 0, 0
27021, 23630, 1, 0
28021, 9596627, 0, 0
28021, 26421, 1, 0
29045, 10542510, 0, 0
29045, 23304, 1, 0
30037, 10994165, 0, 0
30037, 22264, 1, 0
31041, 10445133, 0, 0
31041, 22327, 1, 0
32035, 10130673, 0, 0
32035, 19673, 1, 0
33026, 11239508, 0, 0
33026, 22206, 1, 0
34033, 10158055, 0, 0
34141, 23614, 1, 0
35092, 10784567, 0, 0
35092, 24832, 1, 0
36041, 10760010, 0, 0
36041, 42881, 1, 0
37008, 10963004, 0, 0
37008, 20890, 1, 0
38027, 10171307, 0, 0
38210, 23051, 1, 0
39010, 11031713, 0, 0
39010, 22789, 1, 0
40066, 10977306, 0, 0
40066, 22400, 1, 0
41033, 10969845, 0, 0
41033, 19957, 1, 0
42040, 11420716, 0, 0
42040, 22256, 1, 0
43046, 11158717, 0, 0
43046, 20925, 1, 0
44016, 11006661, 0, 0
44016, 19202, 1, 0
45028, 10418008, 0, 0
45028, 20492, 1, 0
46008, 9984448, 0, 0
46008, 21448, 1, 0
47021, 10436821, 0, 0
47099, 22003, 1, 0
48077, 10752792, 0, 0
48077, 19257, 1, 0
49001, 11256943, 0, 0
49001, 20920, 1, 0
50056, 10032578, 0, 0
50056, 20584, 1, 0
51082, 10900355, 0, 0
51082, 22554, 1, 0
52036, 10697905, 0, 0
52036, 20157, 1, 0
53073, 10552823, 0, 0
53161, 22314, 1, 0
54005, 10578007, 0, 0
54005, 22693, 1, 0
55089, 10207694, 0, 0
55089, 19618, 1, 0
56015, 10056334, 0, 0
56016, 20081, 1, 0
57079, 10948138, 0, 0
57190, 21046, 1, 0
58019, 12183718, 0, 0
58019, 21896, 1, 0
59039, 10500385, 0, 0
59039, 22685, 1, 0
60006, 11095048, 0, 0
60006, 23011, 1, 0
61070, 10943996, 0, 0
61070, 22077, 1, 0
62011, 10554096, 0, 0
62011, 22840, 1, 0
63024, 10423461, 0, 0
63024, 19005, 1, 0
64051, 10570421, 0, 0
64051, 23995, 1, 0
65044, 10008422, 0, 0
65044, 19040, 1, 0
66005, 10101255, 0, 0
66005, 21874, 1, 0
67033, 10366751, 0, 0
67033, 23976, 1, 0
68012, 10859360, 0, 0
68012, 24757, 1, 0
69065, 10726046, 0, 0
69065, 20271, 1, 0
70011, 10734323, 0, 0
70012, 21614, 1, 0
71061, 11145101, 0, 0
71061, 22897, 1, 0
72030, 11115498, 0, 0
72030, 22713, 1, 0
73009, 10739060, 0, 0
73009, 26735, 1, 0
74031, 10300997, 0, 0
74031, 23296, 1, 0
75022, 9887997, 0, 0
75203, 19734, 1, 0
76038, 10673762, 0, 0
76038, 21472, 1, 0
77045, 11162370, 0, 0
77045, 23161, 1, 0
78053, 10163596, 0, 0
78150, 20182, 1, 0
79048, 10033832, 0, 0
79048, 19924, 1, 0
80012, 11062442, 0, 0
80012, 22656, 1, 0
81050, 10790424, 0, 0
81050, 21404, 1, 0
82033, 11028381, 0, 0
82033, 20556, 1, 0
83008, 10695532, 0, 0
83009, 21099, 1, 0
84053, 10751797, 0, 0
84053, 20756, 1, 0
85077, 10427360, 0, 0
85077, 26988, 1, 0
86059, 10106380, 0, 0
86059, 21866, 1, 0
87074, 10340051, 0, 0
87075, 20597, 1, 0
88067, 10113821, 0, 0
88067, 25574, 1, 0
89053, 9743276, 0, 0
89053, 20028, 1, 0
90064, 10291763, 0, 0
90064, 23816, 1, 0
91068, 10330707, 0, 0
91068, 21705, 1, 0
92017, 8938403, 0, 0
92017, 23559, 1, 0
93036, 10379135, 0, 0
93121, 20147, 1, 0
94038, 9995679, 0, 0
94038, 23293, 1, 0
95001, 10558839, 0, 0
95001, 22875, 1, 0
96029, 10588894, 0, 0
96029, 22622, 1, 0
97055, 10440175, 0, 0
97055, 22400, 1, 0
98061, 9041956, 0, 0
98061, 23994, 1, 0
99095, 10425163, 0, 0
99095, 21801, 1, 0
100056, 10650369, 0, 0
100056, 23097, 1, 0
101065, 10380407, 0, 0
101065, 28563, 1, 0
102003, 10522609, 0, 0
102003, 21680, 1, 0
103022, 11179430, 0, 0
103022, 23246, 1, 0
104067, 10649227, 0, 0
104067, 23472, 1, 0
105054, 11323071, 0, 0
105155, 21892, 1, 0
106020, 11330542, 0, 0
106020, 23111, 1, 0
107010, 10982010, 0, 0
107010, 21228, 1, 0
108027, 10048131, 0, 0
108027, 24477, 1, 0
109042, 10236857, 0, 0
109042, 24479, 1, 0
110001, 10632847, 0, 0
110001, 22106, 1, 0
111034, 10116561, 0, 0
111034, 23798, 1, 0
112012, 10715767, 0, 0
112012, 21720, 1, 0
113050, 10469813, 0, 0
113050, 22033, 1, 0
114047, 10819256, 0, 0
114047, 23472, 1, 0
115072, 11383160, 0, 0
115072, 25278, 1, 0
116011, 10420223, 0, 0
116011, 22141, 1, 0
117041, 11683997, 0, 0
117041, 19605, 1, 0
118041, 10628383, 0, 0
118041, 20857, 1, 0
119038, 9953538, 0, 0
119038, 22230, 1, 0
120039, 10195330, 0, 0
120039, 22371, 1, 0
121054, 10241770, 0, 0
121054, 19216, 1, 0
122040, 10475280, 0, 0
122040, 20874, 1, 0
123042, 11639242, 0, 0
123043, 26486, 1, 0
124038, 9650735, 0, 0
124207, 20306, 1, 0
125041, 10330534, 0, 0
125207, 21848, 1, 0
126021, 9879815, 0, 0
126021, 25908, 1, 0
127042, 10393769, 0, 0
127042, 22576, 1, 0
128056, 9638489, 0, 0
128056, 22945, 1, 0
129020, 10690566, 0, 0
129020, 21786, 1, 0
130035, 9283886, 0, 0
130035, 22784, 1, 0
131055, 10381461, 0, 0
131055, 20484, 1, 0
132023, 10621382, 0, 0
132024, 37771, 1, 0
133055, 9801613, 0, 0
133055, 22706, 1, 0
134049, 9826252, 0, 0
134049, 23300, 1, 0
135058, 9969513, 0, 0
135058, 23177, 1, 0
136013, 10593007, 0, 0
136100, 20132, 1, 0
137045, 9997502, 0, 0
137045, 24309, 1, 0
138081, 9567410, 0, 0
138081, 24297, 1, 0
139022, 10318685, 0, 0
139022, 22206, 1, 0
140004, 10533302, 0, 0
140004, 21026, 1, 0
141029, 9748233, 0, 0
141029, 20316, 1, 0
142071, 10402935, 0, 0
142071, 27765, 1, 0
143069, 9763692, 0, 0
143069, 24354, 1, 0
144007, 10526683, 0, 0
144086, 25602, 1, 0
145034, 10146039, 0, 0
145034, 24421, 1, 0
146042, 10378051, 0, 0
146124, 21613, 1, 0
147005, 10806916, 0, 0
147005, 24229, 1, 0
148000, 10448703, 0, 0
148000, 20833, 1, 0
149079, 10069736, 0, 0
149079, 17967, 1, 0
150044, 10475458, 0, 0
150045, 21406, 1, 0
151034, 11106759, 0, 0
151034, 20412, 1, 0
152029, 9930262, 0, 0
152029, 20037, 1, 0
153024, 10358170, 0, 0
153025, 21830, 1, 0
154057, 10208661, 0, 0
154152, 18349, 1, 0
155027, 10418911, 0, 0
155027, 17519, 1, 0
156054, 9949221, 0, 0
156054, 18116, 1, 0
157019, 10832912, 0, 0
157019, 18075, 1, 0
158015, 9843588, 0, 0
158015, 18579, 1, 0
159070, 9660561, 0, 0
159070, 19324, 1, 0
160036, 10373692, 0, 0
160036, 21348, 1, 0
161077, 10294623, 0, 0
161323, 20954, 1, 0
162009, 10119465, 0, 0
162010, 17300, 1, 0
163054, 9396401, 0, 0
163054, 21943, 1, 0
164073, 10070648, 0, 0
164073, 18237, 1, 0
165032, 10086885, 0, 0
165113, 19188, 1, 0
166063, 10612318, 0, 0
166063, 19107, 1, 0
167089, 10563471, 0, 0
167204, 20351, 1, 0
168033, 10586467, 0, 0
168033, 18485, 1, 0
169062, 9970181, 0, 0
169062, 18190, 1, 0
170004, 10008802, 0, 0
170004, 19360, 1, 0
171087, 10812780, 0, 0
171087, 19978, 1, 0
172000, 10478079, 0, 0
172087, 19736, 1, 0
173067, 9868013, 0, 0
173067, 19961, 1, 0
174084, 10055883, 0, 0
174084, 20273, 1, 0
175028, 10133429, 0, 0
175028, 19658, 1, 0
176003, 9454541, 0, 0
176085, 19829, 1, 0
177084, 10901068, 0, 0
177084, 18971, 1, 0
178059, 10364877, 0, 0
178059, 21861, 1, 0
179060, 9889776, 0, 0
179060, 19302, 1, 0
180065, 10131720, 0, 0
180065, 16862, 1, 0
181055, 9596815, 0, 0
181055, 22227, 1, 0
182025, 10769265, 0, 0
182026, 25250, 1, 0
183072, 10343929, 0, 0
183072, 21275, 1, 0
184073, 10749288, 0, 0
184073, 23877, 1, 0
185032, 10418029, 0, 0
185032, 22243, 1, 0
186050, 10257733, 0, 0
186128, 22891, 1, 0
187074, 10023900, 0, 0
187074, 25529, 1, 0
188033, 10283266, 0, 0
188033, 21869, 1, 0
189074, 9993371, 0, 0
189074, 24655, 1, 0
190029, 10143867, 0, 0
190029, 23739, 1, 0
191003, 10794801, 0, 0
191003, 26938, 1, 0
192051, 10063525, 0, 0
192051, 23384, 1, 0
193044, 10017107, 0, 0
193045, 24946, 1, 0
194055, 9887695, 0, 0
194055, 21669, 1, 0
195023, 10742017, 0, 0
195024, 25982, 1, 0
196058, 10022139, 0, 0
196058, 25394, 1, 0
197050, 9715160, 0, 0
197051, 22267, 1, 0
198061, 10184950, 0, 0
198061, 25351, 1, 0
199058, 9567990, 0, 0
199058, 24279, 1, 0
200014, 10251292, 0, 0
200014, 22948, 1, 0
201048, 9646075, 0, 0
201048, 22917, 1, 0
202041, 9624110, 0, 0
202041, 23029, 1, 0
203039, 11317722, 0, 0
203039, 22792, 1, 0
204033, 9733458, 0, 0
204034, 22094, 1, 0
205042, 10372336, 0, 0
205135, 24323, 1, 0
206063, 9989012, 0, 0
206063, 21998, 1, 0
207010, 10279924, 0, 0
207011, 20667, 1, 0
208033, 9808724, 0, 0
208033, 22652, 1, 0
209059, 10146662, 0, 0
209060, 23982, 1, 0
210065, 9937065, 0, 0
210065, 23663, 1, 0
211078, 10314886, 0, 0
211078, 22239, 1, 0
212019, 10000814, 0, 0
212020, 21846, 1, 0
213068, 10063783, 0, 0
213068, 23436, 1, 0
214073, 9931147, 0, 0
214073, 25858, 1, 0
215002, 9657140, 0, 0
215002, 23955, 1, 0
216044, 10189554, 0, 0
216044, 20490, 1, 0
217067, 10014961, 0, 0
217067, 22237, 1, 0
218017, 9980074, 0, 0
218017, 24535, 1, 0
219047, 10179108, 0, 0
219047, 21440, 1, 0
220062, 10233093, 0, 0
220136, 23180, 1, 0
221053, 9702014, 0, 0
221053, 22768, 1, 0
222032, 10736653, 0, 0
222032, 22184, 1, 0
223059, 9938035, 0, 0
223060, 21277, 1, 0
224057, 9575322, 0, 0
224057, 22681, 1, 0
225046, 10727570, 0, 0
225046, 26198, 1, 0
226060, 9828011, 0, 0
226060, 22696, 1, 0
227096, 10136276, 0, 0
227096, 20863, 1, 0
228005, 9866242, 0, 0
228094, 21308, 1, 0
229067, 9997287, 0, 0
229067, 26272, 1, 0
230019, 10561895, 0, 0
230019, 20475, 1, 0
231040, 10505799, 0, 0
231123, 20302, 1, 0
232084, 10211932, 0, 0
232084, 24218, 1, 0
233026, 10211466, 0, 0
233026, 21480, 1, 0
234051, 9938681, 0, 0
234051, 23377, 1, 0
235070, 10067339, 0, 0
235070, 25545, 1, 0
236082, 9621932, 0, 0
236169, 22856, 1, 0
237043, 9991444, 0, 0
237127, 22602, 1, 0
238007, 9435957, 0, 0
238008, 21537, 1, 0
239044, 10140672, 0, 0
239044, 21578, 1, 0
240062, 9766390, 0, 0
240168, 23151, 1, 0
241083, 9178041, 0, 0
241084, 23781, 1, 0
242007, 9910484, 0, 0
242007, 28733, 1, 0
243045, 9776202, 0, 0
243045, 20948, 1, 0
244045, 10740340, 0, 0
244046, 24977, 1, 0
245022, 9460186, 0, 0
245022, 23621, 1, 0
246064, 10000720, 0, 0
246064, 22187, 1, 0
247024, 10085671, 0, 0
247024, 22007, 1, 0
248083, 11493739, 0, 0
248083, 30116, 1, 0
249021, 9548112, 0, 0
249021, 21480, 1, 0
250032, 9696698, 0, 0
250032, 22897, 1, 0
251085, 10628183, 0, 0
251086, 19309, 1, 0
252053, 10500716, 0, 0
252053, 20940, 1, 0
253067, 9932935, 0, 0
253158, 22269, 1, 0
254068, 9699287, 0, 0
254068, 19038, 1, 0
255023, 9930426, 0, 0
255023, 20287, 1, 0
256052, 8635262, 0, 0
256053, 20328, 1, 0
257002, 10416673, 0, 0
257002, 19024, 1, 0
258058, 10139255, 0, 0
258058, 19627, 1, 0
259074, 9939932, 0, 0
259074, 19982, 1, 0
260053, 9684390, 0, 0
260053, 20348, 1, 0
261064, 9698432, 0, 0
261064, 19870, 1, 0
262070, 9663614, 0, 0
262071, 19993, 1, 0
263030, 10647526, 0, 0
263030, 21555, 1, 0
264029, 9323260, 0, 0
264029, 19974, 1, 0
265076, 10669820, 0, 0
265077, 21888, 1, 0
266050, 11174138, 0, 0
266050, 18954, 1, 0
267029, 9225380, 0, 0
267029, 21033, 1, 0
268011, 9153941, 0, 0
268011, 23621, 1, 0
269030, 10594486, 0, 0
269030, 19714, 1, 0
270031, 9004700, 0, 0
270031, 22198, 1, 0
271028, 9221085, 0, 0
271028, 19034, 1, 0
272079, 10086175, 0, 0
272079, 19484, 1, 0
273052, 9335197, 0, 0
273052, 18354, 1, 0
274006, 9925852, 0, 0
274006, 20216, 1, 0
275037, 10726372, 0, 0
275037, 21218, 1, 0
276007, 9310286, 0, 0
276007, 18256, 1, 0
277077, 9627702, 0, 0
277077, 20311, 1, 0
278078, 9602707, 0, 0
278157, 20332, 1, 0
279016, 9191222, 0, 0
279016, 19742, 1, 0
280021, 9932367, 0, 0
280021, 20653, 1, 0
281002, 9608989, 0, 0
281170, 18299, 1, 0
282071, 9972309, 0, 0
282071, 20113, 1, 0
283045, 10132097, 0, 0
283046, 18903, 1, 0
284078, 10009149, 0, 0
284078, 22145, 1, 0
285060, 9706567, 0, 0
285060, 19319, 1, 0
286054, 10228321, 0, 0
286054, 20869, 1, 0
287066, 9720402, 0, 0
287066, 23914, 1, 0
288027, 8968504, 0, 0
288027, 21409, 1, 0
289082, 9666300, 0, 0
289082, 19779, 1, 0
290028, 9539013, 0, 0
290028, 20404, 1, 0
291040, 10416453, 0, 0
291040, 21087, 1, 0
292020, 9231074, 0, 0
292020, 21138, 1, 0
293044, 10119543, 0, 0
293212, 19974, 1, 0
294087, 9921356, 0, 0
294087, 19681, 1, 0
295055, 10169936, 0, 0
295055, 19781, 1, 0
296031, 10363075, 0, 0
296031, 20653, 1, 0
297054, 9732964, 0, 0
297054, 19525, 1, 0
298070, 9388254, 0, 0
298070, 21029, 1, 0
299035, 10371255, 0, 0
299035, 25005, 1, 0
300035, 10287778, 0, 0
300035, 19968, 1, 0
301009, 9628907, 0, 0
301009, 19567, 1, 0
302011, 9527221, 0, 0
302011, 21302, 1, 0
303039, 9501339, 0, 0
303039, 18969, 1, 0
304012, 10337324, 0, 0
304012, 20473, 1, 0
305028, 9666987, 0, 0
305028, 22152, 1, 0
306019, 10304111, 0, 0
306019, 20770, 1, 0
307049, 10185190, 0, 0
307149, 20345, 1, 0
308002, 8570748, 0, 0
308003, 20767, 1, 0
309032, 9700036, 0, 0
309032, 18302, 1, 0
310061, 9691092, 0, 0
310061, 18156, 1, 0
311064, 11254178, 0, 0
311150, 20848, 1, 0
312064, 10970849, 0, 0
312064, 21437, 1, 0
313002, 10079840, 0, 0
313003, 21214, 1, 0
314019, 9667348, 0, 0
314019, 18899, 1, 0
315018, 8984731, 0, 0
315018, 20049, 1, 0
316076, 9690728, 0, 0
316076, 19675, 1, 0
317056, 11788802, 0, 0
317139, 20440, 1, 0
318036, 10518395, 0, 0
318036, 19074, 1, 0
319065, 10381666, 0, 0
319065, 18599, 1, 0
320063, 10168061, 0, 0
320063, 19194, 1, 0
321021, 9472318, 0, 0
321022, 19317, 1, 0
322069, 10783157, 0, 0
322069, 19553, 1, 0
323029, 10200217, 0, 0
323029, 23009, 1, 0
324054, 9653325, 0, 0
324054, 18683, 1, 0
325023, 10185029, 0, 0
325023, 19962, 1, 0
326038, 10032336, 0, 0
326129, 18650, 1, 0
327022, 10031415, 0, 0
327022, 21037, 1, 0
328014, 8755729, 0, 0
328014, 20558, 1, 0
329051, 10253935, 0, 0
329051, 20095, 1, 0
330025, 9924487, 0, 0
330025, 19473, 1, 0
331018, 9722545, 0, 0
331119, 19486, 1, 0
332032, 10331851, 0, 0
332032, 21469, 1, 0
333044, 10101605, 0, 0
333271, 19268, 1, 0
334041, 10065213, 0, 0
334041, 23097, 1, 0
335026, 10345706, 0, 0
335026, 19129, 1, 0
336085, 9978737, 0, 0
336085, 17979, 1, 0
337076, 8995874, 0, 0
337149, 19550, 1, 0
338096, 10390198, 0, 0
338096, 23711, 1, 0
339015, 9461183, 0, 0
339016, 20167, 1, 0
340013, 9218425, 0, 0
340013, 20291, 1, 0
341023, 9602940, 0, 0
341023, 24014, 1, 0
342020, 9391893, 0, 0
342020, 22947, 1, 0
343061, 9448300, 0, 0
343061, 19634, 1, 0
344013, 9697831, 0, 0
344013, 18698, 1, 0
345086, 10506489, 0, 0
345086, 19799, 1, 0
346014, 9753646, 0, 0
346014, 19837, 1, 0
347028, 9366209, 0, 0
347028, 18954, 1, 0
348040, 9102083, 0, 0
348040, 21959, 1, 0
349028, 10283560, 0, 0
349028, 19905, 1, 0
350041, 9457318, 0, 0
350042, 20166, 1, 0
351063, 9268650, 0, 0
351063, 21462, 1, 0
352000, 9958387, 0, 0
352087, 19143, 1, 0
353065, 10228115, 0, 0
353065, 20918, 1, 0
354079, 10127469, 0, 0
354080, 20316, 1, 0
355060, 9699858, 0, 0
355061, 19443, 1, 0
356024, 9920463, 0, 0
356024, 19557, 1, 0
357071, 10051611, 0, 0
357071, 21624, 1, 0
358062, 9506343, 0, 0
358062, 20284, 1, 0
359081, 9423718, 0, 0
359081, 19580, 1, 0
360089, 10493549, 0, 0
360090, 20380, 1, 0
361032, 10231866, 0, 0
361032, 19459, 1, 0
362000, 9662786, 0, 0
362000, 22086, 1, 0
363038, 9341429, 0, 0
363038, 18475, 1, 0
364061, 9368483, 0, 0
364142, 21115, 1, 0
365000, 9760501, 0, 0
365000, 18401, 1, 0
366061, 10813830, 0, 0
366061, 18619, 1, 0
367025, 9821987, 0, 0
367025, 23304, 1, 0
368050, 9473471, 0, 0
368050, 21120, 1, 0
369061, 9265848, 0, 0
369061, 19812, 1, 0
370010, 9106895, 0, 0
370010, 17471, 1, 0
371058, 10057441, 0, 0
371058, 19484, 1, 0
372003, 10035383, 0, 0
372173, 22058, 1, 0
373019, 9856175, 0, 0
373019, 20053, 1, 0
374065, 8562036, 0, 0
374065, 19910, 1, 0
375007, 9500525, 0, 0
375007, 19261, 1, 0
376065, 10063622, 0, 0
376065, 21785, 1, 0
377078, 10526150, 0, 0
377156, 19394, 1, 0
378034, 10262188, 0, 0
378129, 19009, 1, 0
379075, 9369740, 0, 0
379076, 18970, 1, 0
380086, 9995177, 0, 0
380086, 20573, 1, 0
381025, 9870804, 0, 0
381026, 19182, 1, 0
382020, 9022539, 0, 0
382020, 18256, 1, 0
383089, 10468081, 0, 0
383089, 22962, 1, 0
384044, 10036163, 0, 0
384044, 18458, 1, 0
385023, 9871443, 0, 0
385102, 20596, 1, 0
386025, 9436459, 0, 0
386025, 20365, 1, 0
387047, 9193502, 0, 0
387047, 20205, 1, 0
388071, 9558070, 0, 0
388166, 19213, 1, 0
389082, 9609205, 0, 0
389082, 19449, 1, 0
390037, 10034191, 0, 0
390037, 20413, 1, 0
391043, 9386995, 0, 0
391043, 18890, 1, 0
392009, 9939062, 0, 0
392009, 17707, 1, 0
393018, 9687823, 0, 0
393018, 18493, 1, 0
394042, 9556957, 0, 0
394042, 19814, 1, 0
395079, 9682549, 0, 0
395080, 20564, 1, 0
396069, 11229479, 0, 0
396069, 21127, 1, 0
397000, 8850357, 0, 0
397000, 21072, 1, 0
398075, 9585313, 0, 0
398075, 18308, 1, 0
399052, 8787071, 0, 0
399052, 18120, 1, 0
400072, 9609809, 0, 0
400073, 19888, 1, 0
401085, 8949165, 0, 0
401085, 19286, 1, 0
402055, 9401458, 0, 0
402056, 18792, 1, 0
403014, 9569893, 0, 0
403014, 19391, 1, 0
404024, 9252150, 0, 0
404024, 20821, 1, 0
405016, 9704459, 0, 0
405087, 20364, 1, 0
406060, 9222293, 0, 0
406060, 19391, 1, 0
407066, 8890312, 0, 0
407066, 19385, 1, 0
408060, 10561596, 0, 0
408060, 18144, 1, 0
409009, 9763589, 0, 0
409009, 20279, 1, 0
410059, 9800977, 0, 0
410059, 19322, 1, 0
411016, 9848850, 0, 0
411016, 22407, 1, 0
412064, 10062169, 0, 0
412064, 24340, 1, 0
413020, 9270018, 0, 0
413021, 19104, 1, 0
414049, 9506078, 0, 0
414049, 19735, 1, 0
415036, 10718053, 0, 0
415036, 21940, 1, 0
416044, 8983080, 0, 0
416044, 18111, 1, 0
417012, 9479025, 0, 0
417012, 18111, 1, 0
418024, 10317299, 0, 0
418025, 20323, 1, 0
419005, 9325919, 0, 0
419187, 19988, 1, 0
420040, 10132636, 0, 0
420040, 19992, 1, 0
421016, 10151844, 0, 0
421016, 18514, 1, 0
422029, 9368312, 0, 0
422030, 19510, 1, 0
423021, 8998002, 0, 0
423104, 17825, 1, 0
424057, 9318201, 0, 0
424057, 20626, 1, 0
425043, 8868026, 0, 0
425044, 23462, 1, 0
426039, 8636514, 0, 0
426039, 21165, 1, 0
427068, 9258573, 0, 0
427068, 19606, 1, 0
428024, 9839293, 0, 0
428101, 18441, 1, 0
429056, 9723445, 0, 0
429056, 20938, 1, 0
430060, 9107435, 0, 0
430060, 18765, 1, 0
431063, 9267522, 0, 0
431063, 22196, 1, 0
432063, 9886988, 0, 0
432063, 21549, 1, 0
433088, 9059263, 0, 0
433088, 20826, 1, 0
434011, 8691732, 0, 0
434187, 18604, 1, 0
435065, 9228533, 0, 0
435065, 19513, 1, 0
436059, 9025590, 0, 0
436059, 20125, 1, 0
437069, 9514788, 0, 0
437070, 18871, 1, 0
438002, 9502586, 0, 0
438002, 19295, 1, 0
439059, 9766633, 0, 0
439059, 22201, 1, 0
440061, 10871932, 0, 0
440061, 21367, 1, 0
441066, 8963082, 0, 0
441066, 19397, 1, 0
442041, 9834537, 0, 0
442041, 19333, 1, 0
443091, 10922038, 0, 0
443231, 20648, 1, 0
444037, 10853754, 0, 0
444121, 22349, 1, 0
445072, 8911625, 0, 0
445072, 19870, 1, 0
446062, 10088194, 0, 0
446163, 25771, 1, 0
447077, 9940538, 0, 0
447078, 20599, 1, 0
448035, 9659437, 0, 0
448036, 19837, 1, 0
449062, 8994379, 0, 0
449062, 25922, 1, 0
450013, 9593372, 0, 0
450013, 21024, 1, 0
451089, 9584445, 0, 0
451089, 20234, 1, 0
452029, 9199291, 0, 0
452029, 20639, 1, 0
453062, 9128748, 0, 0
453062, 19377, 1, 0
454037, 9933748, 0, 0
454037, 19468, 1, 0
455045, 9497904, 0, 0
455046, 18771, 1, 0
456069, 9464184, 0, 0
456069, 21082, 1, 0
457056, 8961104, 0, 0
457057, 20433, 1, 0
458039, 10215859, 0, 0
458116, 18542, 1, 0
459077, 9341766, 0, 0
459077, 20506, 1, 0
460019, 9128922, 0, 0
460019, 18290, 1, 0
461082, 9651664, 0, 0
461082, 21853, 1, 0
462052, 9980945, 0, 0
462052, 20613, 1, 0
463054, 8853945, 0, 0
463054, 18059, 1, 0
464011, 9464985, 0, 0
464011, 19794, 1, 0
465060, 9184078, 0, 0
465060, 18597, 1, 0
466054, 10231642, 0, 0
466054, 18979, 1, 0
467064, 9256068, 0, 0
467065, 18818, 1, 0
468076, 9902444, 0, 0
468156, 18817, 1, 0
469054, 9040542, 0, 0
469054, 18949, 1, 0
470001, 9546612, 0, 0
470001, 20923, 1, 0
471018, 9495662, 0, 0
471018, 18759, 1, 0
472029, 8930680, 0, 0
472029, 21300, 1, 0
473080, 9123396, 0, 0
473154, 19610, 1, 0
474057, 8790325, 0, 0
474188, 20979, 1, 0
475003, 10615811, 0, 0
475003, 17938, 1, 0
476056, 9389392, 0, 0
476057, 19973, 1, 0
477061, 9205166, 0, 0
477061, 19183, 1, 0
478007, 8989433, 0, 0
478007, 18094, 1, 0
479034, 8838605, 0, 0
479034, 18901, 1, 0
480080, 9755919, 0, 0
480080, 18369, 1, 0
481032, 9802443, 0, 0
481032, 19560, 1, 0
482035, 9107610, 0, 0
482036, 20982, 1, 0
483059, 9468563, 0, 0
483059, 21461, 1, 0
484055, 9035641, 0, 0
484055, 17977, 1, 0
485047, 10654919, 0, 0
485048, 19311, 1, 0
486014, 9108513, 0, 0
486014, 19199, 1, 0
487001, 8943680, 0, 0
487001, 28292, 1, 0
488058, 9778500, 0, 0
488059, 25474, 1, 0
489024, 9551218, 0, 0
489025, 18595, 1, 0
490064, 9522755, 0, 0
490064, 22358, 1, 0
491001, 8497849, 0, 0
491087, 19702, 1, 0
492052, 9902203, 0, 0
492052, 22633, 1, 0
493065, 9446082, 0, 0
493065, 22415, 1, 0
494078, 10753273, 0, 0
494117, 25440, 1, 0
495055, 9288620, 0, 0
495055, 20799, 1, 0
496059, 8567227, 0, 0
496144, 23788, 1, 0
497110, 9891419, 0, 0
497110, 22351, 1, 0
498026, 8620162, 0, 0
498115, 22309, 1, 0
499016, 9879666, 0, 0
499016, 24212, 1, 0
500027, 9522588, 0, 0
500027, 22506, 1, 0
501080, 9389437, 0, 0
501081, 26861, 1, 0
502087, 9052874, 0, 0
502087, 21883, 1, 0
503047, 10527864, 0, 0
503047, 21909, 1, 0
504068, 9798797, 0, 0
504068, 21240, 1, 0
505080, 9912729, 0, 0
505080, 27181, 1, 0
506005, 9418383, 0, 0
506005, 20532, 1, 0
507013, 8670766, 0, 0
507013, 22519, 1, 0
508048, 9382640, 0, 0
508048, 21497, 1, 0
509000, 8874627, 0, 0
509162, 22302, 1, 0
510083, 9487811, 0, 0
510154, 23049, 1, 0
511006, 9298815, 0, 0
511006, 22527, 1, 0
512001, 9458566, 0, 0
512001, 25878, 1, 0
513074, 10310621, 0, 0
513075, 27234, 1, 0
514068, 8330394, 0, 0
514159, 25107, 1, 0
515010, 9044421, 0, 0
515123, 22819, 1, 0
516063, 8141918, 0, 0
516063, 23266, 1, 0
517000, 9546009, 0, 0
517000, 21732, 1, 0
518051, 9891896, 0, 0
518140, 23298, 1, 0
519000, 8691236, 0, 0
519000, 21718, 1, 0
520045, 9569590, 0, 0
520120, 22840, 1, 0
521030, 8934462, 0, 0
521030, 22922, 1, 0
522105, 9835331, 0, 0
522105, 22528, 1, 0
523049, 7352576, 0, 0
523049, 26438, 1, 0
524015, 8929664, 0, 0
524015, 24372, 1, 0
525049, 9300779, 0, 0
525049, 21338, 1, 0
526055, 9054251, 0, 0
526129, 20701, 1, 0
527006, 10207180, 0, 0
527091, 20174, 1, 0
528010, 8641819, 0, 0
528010, 20629, 1, 0
529026, 9394105, 0, 0
529026, 21014, 1, 0
530056, 10284931, 0, 0
530056, 21806, 1, 0
531008, 8795218, 0, 0
531163, 22083, 1, 0
532054, 9579045, 0, 0
532054, 22150, 1, 0
533054, 9071615, 0, 0
533054, 19880, 1, 0
534015, 9323321, 0, 0
534015, 23754, 1, 0
535034, 9504340, 0, 0
535128, 20323, 1, 0
536077, 8756909, 0, 0
536078, 20499, 1, 0
537054, 9748025, 0, 0
537054, 20240, 1, 0
538064, 8334218, 0, 0
538064, 19541, 1, 0
539033, 8634245, 0, 0
539033, 20714, 1, 0
540091, 8656477, 0, 0
540091, 22651, 1, 0
541014, 8953656, 0, 0
541014, 22134, 1, 0
542000, 9838431, 0, 0
542000, 24454, 1, 0
543067, 9765890, 0, 0
543067, 24511, 1, 0
544081, 9037121, 0, 0
544082, 22845, 1, 0
545055, 10017616, 0, 0
545223, 22515, 1, 0
546030, 9822554, 0, 0
546030, 21543, 1, 0
547048, 9151362, 0, 0
547048, 22045, 1, 0
548068, 9009740, 0, 0
548068, 21777, 1, 0
549068, 10085959, 0, 0
549069, 25207, 1, 0
550074, 9294584, 0, 0
550075, 23182, 1, 0
551015, 10313168, 0, 0
551015, 21355, 1, 0
552025, 9603694, 0, 0
552025, 25315, 1, 0
553069, 9558267, 0, 0
553069, 27125, 1, 0
554052, 8457334, 0, 0
554052, 25710, 1, 0
555035, 10664320, 0, 0
555035, 25432, 1, 0
556070, 9067111, 0, 0
556071, 20910, 1, 0
557009, 9372280, 0, 0
557010, 22853, 1, 0
558080, 9457783, 0, 0
558081, 21185, 1, 0
559067, 9952952, 0, 0
559068, 21690, 1, 0
560088, 9261482, 0, 0
560088, 24389, 1, 0
561075, 9289808, 0, 0
561075, 22601, 1, 0
562022, 9179345, 0, 0
562022, 21283, 1, 0
563045, 9195897, 0, 0
563045, 20466, 1, 0
564068, 9108047, 0, 0
564068, 24756, 1, 0
565087, 8841050, 0, 0
565087, 25363, 1, 0
566016, 7651092, 0, 0
566016, 25227, 1, 0
567085, 9789775, 0, 0
567085, 23284, 1, 0
568070, 9358982, 0, 0
568070, 24937, 1, 0
569042, 9231001, 0, 0
569042, 24095, 1, 0
570045, 9274656, 0, 0
570211, 21341, 1, 0
571014, 8872577, 0, 0
571015, 23694, 1, 0
572053, 9418544, 0, 0
572142, 26403, 1, 0
573029, 9636665, 0, 0
573029, 23804, 1, 0
574048, 8550898, 0, 0
574048, 22798, 1, 0
575068, 8993502, 0, 0
575068, 23349, 1, 0
576056, 9043852, 0, 0
576056, 25293, 1, 0
577012, 9941092, 0, 0
577012, 26464, 1, 0
578086, 9743247, 0, 0
578086, 19923, 1, 0
579038, 8331747, 0, 0
579038, 24933, 1, 0
580076, 8562406, 0, 0
580076, 20143, 1, 0
581017, 9122064, 0, 0
581017, 22534, 1, 0
582010, 8192239, 0, 0
582010, 22492, 1, 0
583096, 8538698, 0, 0
583096, 19403, 1, 0
584078, 8675764, 0, 0
584227, 19579, 1, 0
585015, 8586177, 0, 0
585015, 19935, 1, 0
586036, 11200509, 0, 0
586036, 21325, 1, 0
587051, 9648156, 0, 0
587051, 22408, 1, 0
588023, 9161016, 0, 0
588023, 21522, 1, 0
589013, 10186005, 0, 0
589013, 18899, 1, 0
590011, 9676629, 0, 0
590012, 21099, 1, 0
591077, 8857042, 0, 0
591077, 24723, 1, 0
592081, 9190711, 0, 0
592081, 22264, 1, 0
593039, 9197012, 0, 0
593039, 21913, 1, 0
594001, 9501578, 0, 0
594001, 25389, 1, 0
595069, 9695989, 0, 0
595069, 20483, 1, 0
596016, 8428446, 0, 0
596016, 25706, 1, 0
597090, 11658205, 0, 0
597166, 24014, 1, 0
598051, 9138514, 0, 0
598052, 24041, 1, 0
599080, 8997995, 0, 0
599080, 21682, 1, 0
600036, 9359134, 0, 0
600036, 23051, 1, 0
601038, 8769072, 0, 0
601038, 25455, 1, 0
602068, 9334939, 0, 0
602068, 23114, 1, 0
603030, 9501176, 0, 0
603030, 23827, 1, 0
604008, 9036711, 0, 0
604008, 23942, 1, 0
605056, 8860317, 0, 0
605056, 21508, 1, 0
606050, 8937381, 0, 0
606050, 21542, 1, 0
607006, 9003402, 0, 0
607006, 23253, 1, 0
608107, 9308751, 0, 0
608107, 20430, 1, 0
609046, 9376592, 0, 0
609046, 21675, 1, 0
610061, 10346072, 0, 0
610061, 20996, 1, 0
611084, 8302433, 0, 0
611084, 20770, 1, 0
612000, 8541403, 0, 0
612000, 18116, 1, 0
613013, 9034891, 0, 0
613014, 20242, 1, 0
614069, 8856578, 0, 0
614069, 19685, 1, 0
615047, 8344209, 0, 0
615047, 21284, 1, 0
616054, 8819189, 0, 0
616054, 17354, 1, 0
617091, 9157726, 0, 0
617091, 19714, 1, 0
618023, 9218301, 0, 0
618023, 21208, 1, 0
619083, 9195280, 0, 0
619083, 21321, 1, 0
620035, 10806675, 0, 0
620035, 21936, 1, 0
621052, 8749678, 0, 0
621052, 23133, 1, 0
622060, 9150790, 0, 0
622061, 20858, 1, 0
623078, 9319335, 0, 0
623078, 22431, 1, 0
624037, 8950694, 0, 0
624037, 18789, 1, 0
625070, 9208874, 0, 0
625071, 20742, 1, 0
626049, 9483625, 0, 0
626049, 19844, 1, 0
627022, 8601151, 0, 0
627022, 20497, 1, 0
628034, 9264232, 0, 0
628034, 20185, 1, 0
629031, 9485107, 0, 0
629031, 21956, 1, 0
630046, 9295909, 0, 0
630151, 19433, 1, 0
631013, 9952673, 0, 0
631110, 21880, 1, 0
632036, 9289742, 0, 0
632036, 20190, 1, 0
633026, 9788567, 0, 0
633026, 19244, 1, 0
634003, 8404045, 0, 0
634077, 20094, 1, 0
635057, 9235797, 0, 0
635158, 23472, 1, 0
636068, 10518980, 0, 0
636068, 20546, 1, 0
637018, 9208139, 0, 0
637018, 20768, 1, 0
638042, 8306571, 0, 0
638042, 19076, 1, 0
639010, 9117346, 0, 0
639010, 18042, 1, 0
640056, 8489341, 0, 0
640056, 18922, 1, 0
641089, 9208401, 0, 0
641089, 20189, 1, 0
642015, 8485340, 0, 0
642015, 20598, 1, 0
643059, 9057178, 0, 0
643059, 20854, 1, 0
644011, 8971614, 0, 0
644011, 19179, 1, 0
645030, 8336712, 0, 0
645030, 20492, 1, 0
646005, 9453879, 0, 0
646006, 18293, 1, 0
647032, 8542786, 0, 0
647032, 19958, 1, 0
648053, 8787057, 0, 0
648053, 19340, 1, 0
649087, 8677275, 0, 0
649087, 20263, 1, 0
650000, 8211525, 0, 0
650000, 22670, 1, 0
651032, 8658113, 0, 0
651032, 19513, 1, 0
652071, 8715054, 0, 0
652071, 17944, 1, 0
653045, 9530297, 0, 0
653045, 20734, 1, 0
654003, 9030360, 0, 0
654004, 22987, 1, 0
655000, 8150851, 0, 0
655000, 20552, 1, 0
656051, 9543241, 0, 0
656051, 22301, 1, 0
657004, 8340748, 0, 0
657004, 24550, 1, 0
658062, 9515329, 0, 0
658062, 20636, 1, 0
659078, 8818887, 0, 0
659078, 20097, 1, 0
660084, 9571226, 0, 0
660085, 21017, 1, 0
661073, 9487797, 0, 0
661073, 19465, 1, 0
662037, 9259625, 0, 0
662037, 19740, 1, 0
663041, 9028152, 0, 0
663041, 19594, 1, 0
664070, 9094877, 0, 0
664071, 18627, 1, 0
665099, 9424837, 0, 0
665099, 20481, 1, 0
666052, 8565179, 0, 0
666147, 21633, 1, 0
667019, 9661613, 0, 0
667020, 21531, 1, 0
668041, 9269253, 0, 0
668041, 17419, 1, 0
669013, 8988227, 0, 0
669013, 19346, 1, 0
670072, 9875598, 0, 0
670072, 22506, 1, 0
671069, 9855877, 0, 0
671151, 20242, 1, 0
672022, 8501400, 0, 0
672022, 21069, 1, 0
673044, 8871671, 0, 0
673044, 21443, 1, 0
674025, 8591391, 0, 0
674025, 19347, 1, 0
675082, 9507464, 0, 0
675258, 20081, 1, 0
676060, 9669425, 0, 0
676060, 19429, 1, 0
677059, 8744683, 0, 0
677059, 20161, 1, 0
678007, 8927359, 0, 0
678007, 19328, 1, 0
679021, 8506095, 0, 0
679100, 20560, 1, 0
680066, 9153770, 0, 0
680066, 19830, 1, 0
681024, 9469062, 0, 0
681024, 18860, 1, 0
682018, 8937280, 0, 0
682018, 23028, 1, 0
683063, 8554916, 0, 0
683064, 18781, 1, 0
684029, 8382305, 0, 0
684122, 18108, 1, 0
685041, 8417712, 0, 0
685041, 20929, 1, 0
686004, 9247195, 0, 0
686004, 20263, 1, 0
687049, 8696457, 0, 0
687049, 19234, 1, 0
688019, 9049148, 0, 0
688019, 20613, 1, 0
689037, 8332347, 0, 0
689037, 21499, 1, 0
690056, 8685456, 0, 0
690056, 22666, 1, 0
691072, 8899234, 0, 0
691072, 19901, 1, 0
692030, 8856677, 0, 0
692030, 18894, 1, 0
693087, 9174855, 0, 0
693087, 18684, 1, 0
694029, 8633616, 0, 0
694029, 20225, 1, 0
695072, 8458429, 0, 0
695072, 21722, 1, 0
696002, 9201693, 0, 0
696003, 20682, 1, 0
697049, 9240493, 0, 0
697049, 19176, 1, 0
698045, 9041784, 0, 0
698045, 20033, 1, 0
699049, 8646543, 0, 0
699050, 20179, 1, 0
700016, 9107063, 0, 0
700016, 18892, 1, 0
701099, 9486467, 0, 0
701099, 20051, 1, 0
702039, 9196521, 0, 0
702039, 19355, 1, 0
703004, 8524020, 0, 0
703004, 18342, 1, 0
704065, 8684447, 0, 0
704065, 19344, 1, 0
705041, 9021924, 0, 0
705041, 20818, 1, 0
706074, 9544203, 0, 0
706074, 19207, 1, 0
707021, 8999556, 0, 0
707118, 19727, 1, 0
708007, 9656802, 0, 0
708104, 19919, 1, 0
709085, 8277342, 0, 0
709085, 17919, 1, 0
710042, 9007258, 0, 0
710042, 23378, 1, 0
711034, 9712289, 0, 0
711034, 20078, 1, 0
712077, 8664660, 0, 0
712166, 20625, 1, 0
713035, 9104883, 0, 0
713035, 22594, 1, 0
714064, 8342750, 0, 0
714150, 24628, 1, 0
715029, 9085649, 0, 0
715029, 23968, 1, 0
716070, 8661322, 0, 0
716070, 25091, 1, 0
717024, 9326129, 0, 0
717105, 22792, 1, 0
718009, 8777922, 0, 0
718010, 23891, 1, 0
719004, 8858043, 0, 0
719082, 24692, 1, 0
720037, 8968890, 0, 0
720037, 27730, 1, 0
721077, 8722234, 0, 0
721176, 21814, 1, 0
722068, 9419298, 0, 0
722069, 25332, 1, 0
723101, 8885615, 0, 0
723393, 21326, 1, 0
724067, 9011013, 0, 0
724067, 21899, 1, 0
725014, 8148558, 0, 0
725015, 20453, 1, 0
726040, 8527334, 0, 0
726213, 22767, 1, 0
727093, 9310323, 0, 0
727191, 23641, 1, 0
728032, 10078032, 0, 0
728033, 22464, 1, 0
729020, 7702512, 0, 0
729020, 20333, 1, 0
730036, 8308593, 0, 0
730036, 20987, 1, 0
731085, 8053971, 0, 0
731085, 21963, 1, 0
732008, 8373148, 0, 0
732008, 21606, 1, 0
733036, 8692612, 0, 0
733036, 23145, 1, 0
734005, 9287573, 0, 0
734005, 23379, 1, 0
735040, 8134692, 0, 0
735040, 26806, 1, 0
736022, 8377245, 0, 0
736022, 23592, 1, 0
737072, 8814579, 0, 0
737072, 22723, 1, 0
738008, 8048034, 0, 0
738008, 23244, 1, 0
739071, 9147021, 0, 0
739072, 21623, 1, 0
740048, 9278402, 0, 0
740048, 19793, 1, 0
741022, 8834383, 0, 0
741022, 27120, 1, 0
742001, 8419479, 0, 0
742001, 22699, 1, 0
743062, 9542245, 0, 0
743062, 23749, 1, 0
744045, 9253005, 0, 0
744045, 23899, 1, 0
745033, 8652065, 0, 0
745033, 22118, 1, 0
746077, 8987531, 0, 0
746077, 21321, 1, 0
747029, 8250741, 0, 0
747029, 21031, 1, 0
748010, 7527931, 0, 0
748010, 24509, 1, 0
749026, 10040086, 0, 0
749026, 20288, 1, 0
750005, 8564659, 0, 0
750172, 25844, 1, 0
751057, 8978003, 0, 0
751057, 20808, 1, 0
752054, 9046233, 0, 0
752252, 22868, 1, 0
753010, 9347640, 0, 0
753010, 22206, 1, 0
754028, 9067750, 0, 0
754116, 22037, 1, 0
755027, 8669468, 0, 0
755027, 23004, 1, 0
756068, 7987835, 0, 0
756069, 21417, 1, 0
757049, 8359863, 0, 0
757049, 23594, 1, 0
758062, 7899117, 0, 0
758062, 25768, 1, 0
759006, 8637499, 0, 0
759006, 28136, 1, 0
760078, 8357394, 0, 0
760078, 24200, 1, 0
761055, 9950145, 0, 0
761055, 23434, 1, 0
762078, 8298367, 0, 0
762078, 21732, 1, 0
763014, 8041021, 0, 0
763014, 24631, 1, 0
764074, 8398289, 0, 0
764074, 25464, 1, 0
765086, 8699524, 0, 0
765086, 26732, 1, 0
766057, 8975422, 0, 0
766057, 24599, 1, 0
767031, 8678967, 0, 0
767032, 21550, 1, 0
768019, 8149773, 0, 0
768019, 22473, 1, 0
769084, 9402369, 0, 0
769084, 25074, 1, 0
770035, 8397707, 0, 0
770035, 22051, 1, 0
771041, 8577755, 0, 0
771041, 23815, 1, 0
772031, 8981800, 0, 0
772031, 22800, 1, 0
773055, 10019377, 0, 0
773144, 26938, 1, 0
774016, 9986340, 0, 0
774016, 23919, 1, 0
775037, 9516244, 0, 0
775037, 20897, 1, 0
776076, 8645616, 0, 0
776077, 22017, 1, 0
777067, 9417684, 0, 0
777067, 24200, 1, 0
778037, 8791425, 0, 0
778037, 21738, 1, 0
779053, 9662227, 0, 0
779053, 21642, 1, 0
780005, 8629551, 0, 0
780005, 26125, 1, 0
781059, 8682187, 0, 0
781059, 22927, 1, 0
782061, 8770406, 0, 0
782061, 22196, 1, 0
783021, 8115865, 0, 0
783021, 24902, 1, 0
784043, 8431667, 0, 0
784044, 24947, 1, 0
785091, 7798596, 0, 0
785091, 23657, 1, 0
786064, 9254900, 0, 0
786064, 23682, 1, 0
787070, 8966555, 0, 0
787070, 24819, 1, 0
788026, 9084145, 0, 0
788026, 20537, 1, 0
789067, 7933627, 0, 0
789068, 26135, 1, 0
790035, 7980429, 0, 0
790126, 24504, 1, 0
791025, 9235948, 0, 0
791025, 21933, 1, 0
792008, 7603302, 0, 0
792008, 23727, 1, 0
793055, 9763436, 0, 0
793055, 20691, 1, 0
794063, 9397695, 0, 0
794063, 24011, 1, 0
795085, 9628098, 0, 0
795085, 21398, 1, 0
796001, 8312526, 0, 0
796001, 23552, 1, 0
797067, 8309520, 0, 0
797067, 23126, 1, 0
798023, 7570173, 0, 0
798023, 21736, 1, 0
799035, 8347559, 0, 0
799114, 23083, 1, 0
800069, 9384570, 0, 0
800369, 24968, 1, 0
801050, 8822757, 0, 0
801050, 18200, 1, 0
802072, 8573859, 0, 0
802072, 19430, 1, 0
803038, 9451403, 0, 0
803038, 20823, 1, 0
804063, 8188199, 0, 0
804063, 18526, 1, 0
805026, 8356421, 0, 0
805121, 20835, 1, 0
806085, 8880680, 0, 0
806163, 17935, 1, 0
807067, 9084230, 0, 0
807067, 20609, 1, 0
808006, 7938715, 0, 0
808006, 20530, 1, 0
809100, 8605273, 0, 0
809134, 18392, 1, 0
810070, 7500321, 0, 0
810070, 18703, 1, 0
811092, 8726057, 0, 0
811093, 19295, 1, 0
812040, 8602864, 0, 0
812040, 19309, 1, 0
813033, 9260313, 0, 0
813033, 18805, 1, 0
814020, 8569906, 0, 0
814020, 17904, 1, 0
815017, 8652313, 0, 0
815017, 18787, 1, 0
816068, 8671614, 0, 0
816068, 20847, 1, 0
817036, 8866838, 0, 0
817036, 19797, 1, 0
818071, 9066963, 0, 0
818147, 21856, 1, 0
819030, 8627387, 0, 0
819030, 20921, 1, 0
820088, 9106034, 0, 0
820171, 18543, 1, 0
821032, 8645746, 0, 0
821032, 21343, 1, 0
822030, 8302544, 0, 0
822031, 26464, 1, 0
823022, 9166401, 0, 0
823022, 20455, 1, 0
824005, 8316355, 0, 0
824005, 20048, 1, 0
825027, 8296584, 0, 0
825028, 19996, 1, 0
826044, 9142376, 0, 0
826044, 20054, 1, 0
827071, 8770021, 0, 0
827072, 19550, 1, 0
828052, 8662702, 0, 0
828052, 19592, 1, 0
829038, 9197051, 0, 0
829038, 18165, 1, 0
830089, 8262894, 0, 0
830089, 18393, 1, 0
831024, 8726427, 0, 0
831024, 19327, 1, 0
832065, 8661844, 0, 0
832065, 21823, 1, 0
833023, 8934543, 0, 0
833023, 20845, 1, 0
834027, 8284823, 0, 0
834027, 20761, 1, 0
835065, 8927637, 0, 0
835065, 18453, 1, 0
836000, 8330138, 0, 0
836000, 20635, 1, 0
837021, 8784184, 0, 0
837021, 17856, 1, 0
838008, 8960268, 0, 0
838008, 17970, 1, 0
839037, 9010169, 0, 0
839037, 23694, 1, 0
840034, 8097507, 0, 0
840035, 20755, 1, 0
841060, 7751574, 0, 0
841060, 19995, 1, 0
842024, 8450039, 0, 0
842025, 19556, 1, 0
843028, 9550856, 0, 0
843121, 23569, 1, 0
844011, 9622597, 0, 0
844011, 18655, 1, 0
845037, 9304167, 0, 0
845037, 19253, 1, 0
846049, 8018213, 0, 0
846049, 18360, 1, 0
847010, 8060213, 0, 0
847010, 21741, 1, 0
848056, 8775455, 0, 0
848056, 18473, 1, 0
849069, 9111654, 0, 0
849069, 19037, 1, 0
850002, 8790296, 0, 0
850095, 20599, 1, 0
851041, 9519617, 0, 0
851041, 20661, 1, 0
852066, 8450727, 0, 0
852158, 21120, 1, 0
853126, 8398769, 0, 0
853126, 19339, 1, 0
854081, 8442183, 0, 0
854081, 20108, 1, 0
855001, 8662290, 0, 0
855001, 19099, 1, 0
856058, 8869024, 0, 0
856058, 17993, 1, 0
857013, 8993367, 0, 0
857013, 20059, 1, 0
858071, 8954980, 0, 0
858071, 18679, 1, 0
859012, 9210588, 0, 0
859012, 21433, 1, 0
860071, 9195763, 0, 0
860071, 22614, 1, 0
861068, 8802520, 0, 0
861163, 19464, 1, 0
862023, 8152588, 0, 0
862096, 19166, 1, 0
863046, 8959334, 0, 0
863047, 19983, 1, 0
864007, 9591300, 0, 0
864007, 17837, 1, 0
865046, 9094583, 0, 0
865046, 19024, 1, 0
866032, 8202619, 0, 0
866032, 19434, 1, 0
867015, 8534083, 0, 0
867015, 19908, 1, 0
868047, 8807947, 0, 0
868133, 18977, 1, 0
869007, 8868498, 0, 0
869007, 19829, 1, 0
870040, 8321735, 0, 0
870040, 19077, 1, 0
871024, 8393327, 0, 0
871024, 19839, 1, 0
872144, 8666986, 0, 0
872144, 19025, 1, 0
873077, 7827541, 0, 0
873166, 18247, 1, 0
874020, 7972050, 0, 0
874020, 20100, 1, 0
875000, 7188729, 0, 0
875000, 18377, 1, 0
876028, 8553377, 0, 0
876028, 18269, 1, 0
877048, 8853606, 0, 0
877129, 19336, 1, 0
878072, 8518275, 0, 0
878148, 20406, 1, 0
879038, 8929343, 0, 0
879038, 19170, 1, 0
880070, 7925451, 0, 0
880070, 18011, 1, 0
881081, 8483147, 0, 0
881081, 18577, 1, 0
882047, 8768724, 0, 0
882047, 19213, 1, 0
883082, 8907182, 0, 0
883082, 18529, 1, 0
884096, 8798845, 0, 0
884096, 20044, 1, 0
885081, 9278999, 0, 0
885081, 17794, 1, 0
886059, 8877765, 0, 0
886059, 18436, 1, 0
887030, 8574806, 0, 0
887030, 20724, 1, 0
888081, 7889245, 0, 0
888081, 21460, 1, 0
889031, 8101148, 0, 0
889031, 17752, 1, 0
890044, 7966830, 0, 0
890044, 18717, 1, 0
891033, 7712131, 0, 0
891033, 17641, 1, 0
892078, 7613658, 0, 0
892078, 19504, 1, 0
893011, 8467360, 0, 0
893011, 21070, 1, 0
894109, 9052548, 0, 0
894109, 20017, 1, 0
895026, 8109263, 0, 0
895027, 20065, 1, 0
896060, 8192463, 0, 0
896061, 20701, 1, 0
897019, 8950992, 0, 0
897020, 19942, 1, 0
898044, 9296255, 0, 0
898044, 20600, 1, 0
899073, 9260551, 0, 0
899074, 18138, 1, 0
900076, 9437828, 0, 0
900076, 18993, 1, 0
901025, 8459183, 0, 0
901025, 19225, 1, 0
902058, 8818207, 0, 0
902059, 18701, 1, 0
903092, 8897315, 0, 0
903092, 19125, 1, 0
904094, 8333415, 0, 0
904094, 18995, 1, 0
905025, 8681058, 0, 0
905025, 17773, 1, 0
906017, 9260012, 0, 0
906017, 19041, 1, 0
907076, 8008273, 0, 0
907077, 18893, 1, 0
908010, 8626004, 0, 0
908111, 20523, 1, 0
909072, 8622053, 0, 0
909072, 21268, 1, 0
910033, 7804620, 0, 0
910033, 19418, 1, 0
911084, 9125164, 0, 0
911084, 19934, 1, 0
912072, 9134086, 0, 0
912072, 20438, 1, 0
913025, 7488190, 0, 0
913025, 19671, 1, 0
914086, 8545845, 0, 0
914086, 20497, 1, 0
915042, 8229728, 0, 0
915042, 18436, 1, 0
916051, 7684565, 0, 0
916051, 17720, 1, 0
917071, 7948634, 0, 0
917071, 19295, 1, 0
918049, 7751518, 0, 0
918049, 19631, 1, 0
919039, 8907424, 0, 0
919039, 20549, 1, 0
920090, 8743614, 0, 0
920091, 18369, 1, 0
921067, 8186821, 0, 0
921067, 17016, 1, 0
922091, 7407877, 0, 0
922091, 22771, 1, 0
923073, 8914995, 0, 0
923073, 19296, 1, 0
924007, 8633688, 0, 0
924007, 18585, 1, 0
925078, 8908039, 0, 0
925135, 19401, 1, 0
926033, 8144807, 0, 0
926116, 20179, 1, 0
927070, 8631466, 0, 0
927071, 21790, 1, 0
928013, 8555256, 0, 0
928013, 20841, 1, 0
929083, 8544990, 0, 0
929083, 21540, 1, 0
930063, 9145454, 0, 0
930063, 22636, 1, 0
931039, 8542469, 0, 0
931121, 19946, 1, 0
932082, 7882079, 0, 0
932082, 23535, 1, 0
933026, 8121141, 0, 0
933026, 24352, 1, 0
934084, 8060056, 0, 0
934085, 22543, 1, 0
935079, 8478705, 0, 0
935079, 25733, 1, 0
936088, 8187607, 0, 0
936088, 22032, 1, 0
937056, 8327669, 0, 0
937056, 21712, 1, 0
938051, 9020650, 0, 0
938051, 22212, 1, 0
939001, 9205509, 0, 0
939001, 23002, 1, 0
940046, 7959052, 0, 0
940143, 23315, 1, 0
941026, 8576235, 0, 0
941026, 24474, 1, 0
942019, 8840757, 0, 0
942094, 20257, 1, 0
943034, 8241049, 0, 0
943034, 26498, 1, 0
944082, 7983815, 0, 0
944082, 24130, 1, 0
945083, 9075392, 0, 0
945083, 22790, 1, 0
946043, 7920126, 0, 0
946043, 23220, 1, 0
947054, 7356810, 0, 0
947054, 22806, 1, 0
948007, 8269116, 0, 0
948007, 19970, 1, 0
949029, 7550887, 0, 0
949029, 21489, 1, 0
950040, 8544590, 0, 0
950040, 22041, 1, 0
951047, 7912119, 0, 0
951210, 23399, 1, 0
952078, 7975970, 0, 0
952078, 25389, 1, 0
953033, 8214175, 0, 0
953109, 20652, 1, 0
954033, 7923145, 0, 0
954033, 20133, 1, 0
955017, 8533315, 0, 0
955096, 23170, 1, 0
956021, 8008674, 0, 0
956021, 23020, 1, 0
957023, 9012818, 0, 0
957108, 21648, 1, 0
958061, 8087055, 0, 0
958061, 37064, 1, 0
959075, 7724681, 0, 0
959172, 21302, 1, 0
960025, 8180003, 0, 0
960025, 23559, 1, 0
961060, 7938673, 0, 0
961060, 21534, 1, 0
962086, 8131843, 0, 0
962086, 19700, 1, 0
963012, 8965476, 0, 0
963012, 24297, 1, 0
964000, 9136246, 0, 0
964000, 22440, 1, 0
965040, 8506551, 0, 0
965055, 23658, 1, 0
966045, 8287426, 0, 0
966193, 21664, 1, 0
967069, 7688326, 0, 0
967069, 23264, 1, 0
968059, 8366523, 0, 0
968059, 22118, 1, 0
969013, 8207866, 0, 0
969013, 21988, 1, 0
970060, 8029603, 0, 0
970060, 25958, 1, 0
971057, 8809654, 0, 0
971057, 23215, 1, 0
972022, 8028404, 0, 0
972022, 20206, 1, 0
973046, 7925838, 0, 0
973046, 21442, 1, 0
974071, 8455451, 0, 0
974071, 22769, 1, 0
975044, 9260731, 0, 0
975045, 25793, 1, 0
976054, 8324070, 0, 0
976054, 23682, 1, 0
977001, 9548790, 0, 0
977002, 23548, 1, 0
978038, 7770110, 0, 0
978038, 24149, 1, 0
979040, 8333831, 0, 0
979040, 23647, 1, 0
980005, 7953987, 0, 0
980005, 25862, 1, 0
981070, 8047982, 0, 0
981070, 20624, 1, 0
982028, 8098649, 0, 0
982028, 20078, 1, 0
983086, 8447859, 0, 0
983086, 20005, 1, 0
984034, 8611485, 0, 0
984034, 21510, 1, 0
985065, 8167861, 0, 0
985065, 21706, 1, 0
986022, 8759327, 0, 0
986022, 20108, 1, 0
987012, 8599243, 0, 0
987012, 19632, 1, 0
988082, 7519345, 0, 0
988082, 19836, 1, 0
989040, 9027142, 0, 0
989040, 20102, 1, 0
990093, 8616437, 0, 0
990093, 22389, 1, 0
991052, 7655774, 0, 0
991052, 18851, 1, 0
992011, 8318519, 0, 0
992011, 20757, 1, 0
993051, 8237527, 0, 0
993051, 24426, 1, 0
994000, 7885410, 0, 0
994000, 22341, 1, 0
995056, 8106189, 0, 0
995056, 23610, 1, 0
996044, 8727875, 0, 0
996044, 24991, 1, 0
997067, 7788285, 0, 0
997067, 23253, 1, 0
998039, 8654589, 0, 0
998039, 27520, 1, 0
999029, 9234808, 0, 0
999029, 21857, 1, 0
1000019, 7002928, 0, 0
1000019, 23308, 1, 0
1001073, 8914106, 0, 0
1001073, 23193, 1, 0
1002043, 8958713, 0, 0
1002043, 26410, 1, 0
1003057, 8430017, 0, 0
1003057, 19469, 1, 0
1004014, 9652717, 0, 0
1004014, 23920, 1, 0
1005034, 7478570, 0, 0
1005034, 21951, 1, 0
1006036, 8476902, 0, 0
1006109, 28196, 1, 0
1007017, 8664296, 0, 0
1007017, 25640, 1, 0
1008028, 7878080, 0, 0
1008108, 20340, 1, 0
1009085, 8175938, 0, 0
1009085, 22696, 1, 0
1010082, 8573454, 0, 0
1010082, 21354, 1, 0
1011025, 8626297, 0, 0
1011025, 22265, 1, 0
1012030, 7952206, 0, 0
1012030, 21829, 1, 0
1013039, 8051833, 0, 0
1013039, 24423, 1, 0
1014052, 9023880, 0, 0
1014052, 25326, 1, 0
1015015, 7814716, 0, 0
1015015, 25018, 1, 0
1016023, 7857010, 0, 0
1016023, 22424, 1, 0
1017073, 7812795, 0, 0
1017073, 22524, 1, 0
1018054, 8084721, 0, 0
1018054, 21884, 1, 0
1019060, 8297755, 0, 0
1019061, 20806, 1, 0
1020040, 8808055, 0, 0
1020040, 24103, 1, 0
1021011, 8006389, 0, 0
1021011, 21222, 1, 0
1022068, 8723664, 0, 0
1022147, 22689, 1, 0
1023063, 8631377, 0, 0
1023063, 21264, 1, 0
1024059, 9028460, 0, 0
1024151, 21048, 1, 0
1025003, 7989155, 0, 0
1025003, 21575, 1, 0
1026002, 7974514, 0, 0
1026002, 18912, 1, 0
1027055, 7850773, 0, 0
1027055, 20869, 1, 0
1028018, 8280697, 0, 0
1028018, 19154, 1, 0
1029078, 7400991, 0, 0
1029078, 19226, 1, 0
1030087, 9873687, 0, 0
1030087, 19977, 1, 0
1031039, 7544431, 0, 0
1031039, 18227, 1, 0
1032021, 9333959, 0, 0
1032021, 22653, 1, 0
1033064, 8608222, 0, 0
1033064, 23221, 1, 0
1034004, 7265990, 0, 0
1034004, 21481, 1, 0
1035033, 8707630, 0, 0
1035033, 26711, 1, 0
1036078, 9232478, 0, 0
1036156, 21951, 1, 0
1037005, 7110507, 0, 0
1037005, 21456, 1, 0
1038041, 6937351, 0, 0
1038041, 21095, 1, 0
1039018, 8062275, 0, 0
1039019, 22647, 1, 0
1040004, 9930694, 0, 0
1040004, 20010, 1, 0
1041068, 8854446, 0, 0
1041068, 23892, 1, 0
1042068, 9771117, 0, 0
1042068, 22785, 1, 0
1043081, 9815602, 0, 0
1043081, 23927, 1, 0
1044005, 6881554, 0, 0
1044005, 24136, 1, 0
1045003, 7424275, 0, 0
1045003, 33134, 1, 0
1046051, 8364298, 0, 0
1046172, 23915, 1, 0
1047005, 11910945, 0, 0
1047005, 23219, 1, 0
1048034, 10070341, 0, 0
1048034, 23455, 1, 0
1049028, 8001710, 0, 0
1049029, 25063, 1, 0
1050030, 9516433, 0, 0
1050156, 21259, 1, 0
1051002, 10320842, 0, 0
1051002, 24234, 1, 0
1052017, 7973089, 0, 0
1052017, 21626, 1, 0
1053044, 7760586, 0, 0
1053044, 22877, 1, 0
1054074, 7340194, 0, 0
1054154, 22000, 1, 0
1055039, 8674388, 0, 0
1055039, 25169, 1, 0
1056048, 7994270, 0, 0
1056048, 23733, 1, 0
1057094, 8997022, 0, 0
1057094, 22527, 1, 0
1058030, 8053183, 0, 0
1058030, 23576, 1, 0
1059064, 7072825, 0, 0
1059065, 20342, 1, 0
1060017, 8340686, 0, 0
1060017, 21938, 1, 0
1061063, 8422575, 0, 0
1061063, 20067, 1, 0
1062018, 7614911, 0, 0
1062018, 22325, 1, 0
1063003, 6060788, 0, 0
1063003, 23944, 1, 0
1064022, 8398603, 0, 0
1064022, 23876, 1, 0
1065075, 8980164, 0, 0
1065075, 22066, 1, 0
1066059, 10916213, 0, 0
1066059, 22015, 1, 0
1067058, 11742732, 0, 0
1067058, 21474, 1, 0
1068008, 10651501, 0, 0
1068008, 24907, 1, 0
1069024, 8043866, 0, 0
1069024, 21890, 1, 0
1070052, 8208505, 0, 0
1070052, 21910, 1, 0
1071026, 9002293, 0, 0
1071026, 22403, 1, 0
1072046, 11072550, 0, 0
1072046, 30544, 1, 0
1073000, 6947622, 0, 0
1073079, 25896, 1, 0
1074075, 7493428, 0, 0
1074075, 23067, 1, 0
1075014, 8599067, 0, 0
1075014, 19877, 1, 0
1076106, 8919007, 0, 0
1076106, 61891, 1, 0
1077041, 8492419, 0, 0
1077042, 21505, 1, 0
1078064, 7398741, 0, 0
1078064, 20041, 1, 0
1079026, 9696765, 0, 0
1079164, 25360, 1, 0
1080073, 11120366, 0, 0
1080073, 23358, 1, 0
1081015, 10940049, 0, 0
1081015, 26707, 1, 0
1082070, 7915769, 0, 0
1082070, 22921, 1, 0
1083036, 11205945, 0, 0
1083036, 21950, 1, 0
1084008, 7029962, 0, 0
1084023, 24603, 1, 0
1085053, 7832522, 0, 0
1085053, 22082, 1, 0
1086128, 10217628, 0, 0
1086150, 20009, 1, 0
1087005, 6775821, 0, 0
1087005, 25980, 1, 0
1088065, 8320249, 0, 0
1088065, 21300, 1, 0
1089003, 7371062, 0, 0
1089003, 20998, 1, 0
1090100, 9122825, 0, 0
1090100, 22698, 1, 0
1091022, 8678348, 0, 0
1091022, 22226, 1, 0
1092006, 7065335, 0, 0
1092006, 26094, 1, 0
1093036, 8347110, 0, 0
1093128, 22304, 1, 0
1094059, 8508638, 0, 0
1094078, 22528, 1, 0
1095080, 7655716, 0, 0
1095080, 22770, 1, 0
1096025, 8061687, 0, 0
1096076, 21698, 1, 0
1097014, 8582844, 0, 0
1097014, 20298, 1, 0
1098018, 8075816, 0, 0
1098212, 22795, 1, 0
1099010, 7727905, 0, 0
1099010, 24910, 1, 0
1100062, 8327412, 0, 0
1100062, 22357, 1, 0
1101075, 9031403, 0, 0
1101075, 24745, 1, 0
1102096, 8213731, 0, 0
1102096, 23262, 1, 0
1103021, 9917362, 0, 0
1103021, 24028, 1, 0
1104007, 12305324, 0, 0
1104056, 28674, 1, 0
1105062, 7975074, 0, 0
1105062, 22351, 1, 0
1106056, 8197955, 0, 0
1106056, 21380, 1, 0
1107032, 8860245, 0, 0
1107033, 25541, 1, 0
1108087, 7914589, 0, 0
1108087, 21892, 1, 0
1109003, 7744427, 0, 0
1109004, 22905, 1, 0
1110014, 9085067, 0, 0
1110014, 23859, 1, 0
1111078, 9150421, 0, 0
1111078, 21261, 1, 0
1112026, 10398613, 0, 0
1112026, 27093, 1, 0
1113029, 8411410, 0, 0
1113029, 24194, 1, 0
1114019, 8159355, 0, 0
1114019, 25037, 1, 0
1115082, 8626826, 0, 0
1115082, 24922, 1, 0
1116089, 9479642, 0, 0
1116089, 23539, 1, 0
1117020, 9479043, 0, 0
1117020, 25131, 1, 0
1118055, 8470482, 0, 0
1118056, 25987, 1, 0
1119010, 7808361, 0, 0
1119010, 22573, 1, 0
1120004, 7032791, 0, 0
1120004, 22407, 1, 0
1121027, 7622037, 0, 0
1121028, 22489, 1, 0
1122069, 8959882, 0, 0
1122069, 25667, 1, 0
1123030, 8334452, 0, 0
1123030, 22400, 1, 0
1124029, 6969848, 0, 0
1124029, 24582, 1, 0
1125077, 8167743, 0, 0
1125078, 22911, 1, 0
1126009, 9116521, 0, 0
1126095, 23572, 1, 0
1127083, 8853285, 0, 0
1127083, 23198, 1, 0
1128011, 7341912, 0, 0
1128011, 23153, 1, 0
1129029, 8914856, 0, 0
1129029, 21947, 1, 0
1130080, 7491619, 0, 0
1130197, 23689, 1, 0
1131049, 10292967, 0, 0
1131049, 24765, 1, 0
1132049, 8246117, 0, 0
1132049, 21771, 1, 0
1133018, 10073031, 0, 0
1133018, 25172, 1, 0
1134049, 8161443, 0, 0
1134049, 22438, 1, 0
1135029, 7081107, 0, 0
1135029, 23663, 1, 0
1136063, 8670041, 0, 0
1136063, 24626, 1, 0
1137014, 7781644, 0, 0
1137015, 21963, 1, 0
1138046, 9107969, 0, 0
1138046, 26129, 1, 0
1139023, 7795749, 0, 0
1139023, 24172, 1, 0
1140067, 8988689, 0, 0
1140068, 22027, 1, 0
1141049, 8981675, 0, 0
1141049, 22271, 1, 0
1142081, 8579961, 0, 0
1142081, 21312, 1, 0
1143045, 8083297, 0, 0
1143045, 23343, 1, 0
1144067, 8944565, 0, 0
1144067, 22641, 1, 0
1145024, 7126686, 0, 0
1145025, 20882, 1, 0
1146119, 11152244, 0, 0
1146119, 27039, 1, 0
1147029, 12114569, 0, 0
1147029, 26752, 1, 0
1148009, 7083739, 0, 0
1148009, 25519, 1, 0
1149045, 9831809, 0, 0
1149045, 28143, 1, 0
1150026, 9595198, 0, 0
1150026, 23827, 1, 0
1151051, 7866240, 0, 0
1151051, 23515, 1, 0
1152073, 6977972, 0, 0
1152073, 22890, 1, 0
1153006, 7959379, 0, 0
1153007, 22188, 1, 0
1154043, 9846482, 0, 0
1154043, 21097, 1, 0
1155040, 7365687, 0, 0
1155154, 24027, 1, 0
1156106, 8577171, 0, 0
1156106, 20503, 1, 0
1157080, 7596734, 0, 0
1157081, 22100, 1, 0
1158040, 8326208, 0, 0
1158040, 24592, 1, 0
1159080, 7296917, 0, 0
1159080, 23584, 1, 0
1160047, 8324664, 0, 0
1160047, 22070, 1, 0
1161007, 8194200, 0, 0
1161007, 22367, 1, 0
1162072, 8712747, 0, 0
1162072, 20241, 1, 0
1163027, 7812870, 0, 0
1163028, 25510, 1, 0
1164070, 9211552, 0, 0
1164070, 26262, 1, 0
1165054, 8614891, 0, 0
1165138, 20716, 1, 0
1166028, 9431100, 0, 0
1166028, 24967, 1, 0
1167011, 7784138, 0, 0
1167087, 23789, 1, 0
1168073, 9144712, 0, 0
1168074, 26289, 1, 0
1169007, 8550291, 0, 0
1169007, 25702, 1, 0
1170026, 10064761, 0, 0
1170026, 22302, 1, 0
1171108, 7392518, 0, 0
1171108, 23386, 1, 0
1172050, 7451991, 0, 0
1172050, 20438, 1, 0
1173029, 8725428, 0, 0
1173320, 21729, 1, 0
1174026, 10262688, 0, 0
1174026, 24836, 1, 0
1175073, 10246487, 0, 0
1175074, 23511, 1, 0
1176043, 7777809, 0, 0
1176043, 25110, 1, 0
1177001, 8384017, 0, 0
1177237, 21190, 1, 0
1178072, 7863579, 0, 0
1178072, 20520, 1, 0
1179001, 8665988, 0, 0
1179001, 26120, 1, 0
1180005, 8490853, 0, 0
1180081, 22093, 1, 0
1181039, 7530513, 0, 0
1181039, 21032, 1, 0
1182083, 8541071, 0, 0
1182083, 23574, 1, 0
1183113, 6712521, 0, 0
1183113, 25375, 1, 0
1184060, 9354091, 0, 0
1184060, 24440, 1, 0
1185043, 5939460, 0, 0
1185043, 24820, 1, 0
1186074, 10196275, 0, 0
1186074, 21183, 1, 0
1187051, 7263728, 0, 0
1187051, 22909, 1, 0
1188047, 8151012, 0, 0
1188285, 22778, 1, 0
1189089, 6538540, 0, 0
1189090, 21546, 1, 0
1190099, 11071177, 0, 0
1190099, 24425, 1, 0
1191073, 9627644, 0, 0
1191073, 22368, 1, 0
1192071, 9139471, 0, 0
1192071, 24197, 1, 0
1193007, 9342259, 0, 0
1193093, 21063, 1, 0
1194043, 7378781, 0, 0
1194043, 22405, 1, 0
1195014, 7580462, 0, 0
1195015, 23492, 1, 0
1196081, 6571022, 0, 0
1196082, 22592, 1, 0
1197079, 9222196, 0, 0
1197079, 22904, 1, 0
1198066, 7028866, 0, 0
1198066, 22859, 1, 0
1199013, 8003611, 0, 0
1199013, 22912, 1, 0
1200012, 7601890, 0, 0
1200012, 22824, 1, 0
1201055, 8261020, 0, 0
1201055, 21774, 1, 0
1202075, 9343792, 0, 0
1202075, 21490, 1, 0
1203020, 7789310, 0, 0
1203020, 21059, 1, 0
1204080, 7143612, 0, 0
1204080, 21459, 1, 0
1205027, 7159868, 0, 0
1205028, 20495, 1, 0
1206050, 7970901, 0, 0
1206105, 23905, 1, 0
1207024, 8308984, 0, 0
1207122, 24419, 1, 0
1208093, 8746194, 0, 0
1208093, 23408, 1, 0
1209005, 9683945, 0, 0
1209006, 24709, 1, 0
1210024, 7754411, 0, 0
1210024, 24230, 1, 0
1211012, 7088627, 0, 0
1211012, 25108, 1, 0
1212112, 8510706, 0, 0
1212113, 23081, 1, 0
1213005, 9789934, 0, 0
1213005, 22307, 1, 0
1214062, 9416170, 0, 0
1214062, 22038, 1, 0
1215055, 9526746, 0, 0
1215055, 23091, 1, 0
1216017, 7496792, 0, 0
1216017, 20487, 1, 0
1217053, 7657765, 0, 0
1217053, 23136, 1, 0
1218053, 7922190, 0, 0
1218053, 25908, 1, 0
1219011, 9648821, 0, 0
1219011, 23277, 1, 0
1220004, 7806936, 0, 0
1220005, 25574, 1, 0
1221074, 7460369, 0, 0
1221074, 29251, 1, 0
1222023, 9770321, 0, 0
1222023, 22043, 1, 0
1223057, 8189487, 0, 0
1223057, 24006, 1, 0
1224020, 7944103, 0, 0
1224020, 22223, 1, 0
1225007, 8345249, 0, 0
1225007, 20681, 1, 0
1226013, 7382175, 0, 0
1226084, 21375, 1, 0
1227031, 7929607, 0, 0
1227031, 26938, 1, 0
1228044, 9726141, 0, 0
1228044, 25192, 1, 0
1229012, 7370305, 0, 0
1229012, 23507, 1, 0
1230058, 6865716, 0, 0
1230059, 22465, 1, 0
1231056, 6067220, 0, 0
1231056, 21124, 1, 0
1232110, 8028032, 0, 0
1232110, 22160, 1, 0
1233036, 8971285, 0, 0
1233036, 22110, 1, 0
1234052, 9940965, 0, 0
1234052, 25568, 1, 0
1235070, 6632413, 0, 0
1235070, 24704, 1, 0
1236010, 7629852, 0, 0
1236010, 24735, 1, 0
1237102, 9561638, 0, 0
1237102, 22298, 1, 0
1238095, 7750093, 0, 0
1238096, 22333, 1, 0
1239022, 7108109, 0, 0
1239022, 20257, 1, 0
1240106, 10113858, 0, 0
1240106, 25338, 1, 0
1241043, 11135342, 0, 0
1241236, 20215, 1, 0
1242069, 9307100, 0, 0
1242069, 31842, 1, 0
1243023, 8269513, 0, 0
1243023, 21802, 1, 0
1244058, 7324399, 0, 0
1244058, 27224, 1, 0
1245017, 9382015, 0, 0
1245017, 25208, 1, 0
1246101, 7165960, 0, 0
1246102, 20818, 1, 0
1247027, 7961077, 0, 0
1247027, 23451, 1, 0
1248034, 6695714, 0, 0
1248034, 21365, 1, 0
1249064, 9017929, 0, 0
1249064, 24517, 1, 0
1250102, 8706731, 0, 0
1250102, 22366, 1, 0
1251076, 7089335, 0, 0
1251076, 22278, 1, 0
1252032, 9840753, 0, 0
1252033, 23360, 1, 0
1253040, 8449567, 0, 0
1253041, 21724, 1, 0
1254069, 10702079, 0, 0
1254070, 22681, 1, 0
1255075, 7549346, 0, 0
1255075, 26036, 1, 0
1256013, 7603748, 0, 0
1256013, 22550, 1, 0
1257051, 7970422, 0, 0
1257052, 23336, 1, 0
1258005, 6843969, 0, 0
1258005, 24782, 1, 0
1259045, 8718562, 0, 0
1259152, 21113, 1, 0
1260083, 8354156, 0, 0
1260084, 29160, 1, 0
1261052, 6357121, 0, 0
1261052, 23819, 1, 0
1262053, 8992838, 0, 0
1262053, 24363, 1, 0
1263096, 7082433, 0, 0
1263096, 21685, 1, 0
1264089, 8126641, 0, 0
1264090, 22103, 1, 0
1265069, 9584475, 0, 0
1265128, 21238, 1, 0
1266003, 11811149, 0, 0
1266003, 20871, 1, 0
1267046, 7765760, 0, 0
1267046, 24719, 1, 0
1268019, 7894640, 0, 0
1268020, 23862, 1, 0
1269020, 8250640, 0, 0
1269100, 26118, 1, 0
1270051, 8793528, 0, 0
1270051, 23865, 1, 0
1271029, 8262645, 0, 0
1271029, 23011, 1, 0
1272005, 7607666, 0, 0
1272005, 21678, 1, 0
1273038, 7863435, 0, 0
1273038, 23177, 1, 0
1274083, 8148531, 0, 0
1274083, 23313, 1, 0
1275041, 8377456, 0, 0
1275041, 22155, 1, 0
1276055, 8438946, 0, 0
1276055, 19848, 1, 0
1277012, 7644564, 0, 0
1277013, 23203, 1, 0
1278102, 7108015, 0, 0
1278102, 22272, 1, 0
1279060, 7584013, 0, 0
1279060, 25003, 1, 0
1280009, 6394038, 0, 0
1280009, 23260, 1, 0
1281019, 10284623, 0, 0
1281019, 22797, 1, 0
1282059, 9440320, 0, 0
1282135, 23196, 1, 0
1283076, 6457344, 0, 0
1283076, 24657, 1, 0
1284033, 8523959, 0, 0
1284033, 23018, 1, 0
1285001, 7665809, 0, 0
1285001, 21092, 1, 0
1286085, 7722702, 0, 0
1286085, 23857, 1, 0
1287040, 9445673, 0, 0
1287189, 23832, 1, 0
1288019, 8640395, 0, 0
1288019, 21445, 1, 0
1289104, 8948605, 0, 0
1289104, 22468, 1, 0
1290016, 8754414, 0, 0
1290017, 25652, 1, 0
1291025, 9227864, 0, 0
1291150, 24587, 1, 0
1292051, 7477973, 0, 0
1292052, 25422, 1, 0
1293035, 7493328, 0, 0
1293035, 20891, 1, 0
1294059, 8656121, 0, 0
1294086, 24010, 1, 0
1295066, 8031023, 0, 0
1295066, 23871, 1, 0
1296030, 7514893, 0, 0
1296030, 22850, 1, 0
1297080, 8801501, 0, 0
1297080, 22145, 1, 0
1298117, 12788045, 0, 0
1298118, 23816, 1, 0
1299021, 9197882, 0, 0
1299021, 22254, 1, 0
1300093, 8170658, 0, 0
1300093, 24232, 1, 0
1301036, 7284978, 0, 0
1301036, 24893, 1, 0
1302001, 9638748, 0, 0
1302001, 22269, 1, 0
1303045, 7131238, 0, 0
1303046, 23341, 1, 0
1304044, 6961905, 0, 0
1304044, 23264, 1, 0
1305006, 8565148, 0, 0
1305006, 23384, 1, 0
1306103, 8352517, 0, 0
1306103, 23899, 1, 0
1307031, 5890574, 0, 0
1307031, 24989, 1, 0
1308080, 7639861, 0, 0
1308270, 27436, 1, 0
1309049, 9573990, 0, 0
1309049, 24714, 1, 0
1310031, 8099666, 0, 0
1310031, 23436, 1, 0
1311059, 9249507, 0, 0
1311060, 25715, 1, 0
1312050, 6496876, 0, 0
1312050, 23338, 1, 0
1313049, 7609197, 0, 0
1313049, 23974, 1, 0
1314007, 8852578, 0, 0
1314007, 23578, 1, 0
1315091, 9252738, 0, 0
1315091, 20605, 1, 0
1316020, 8661830, 0, 0
1316020, 24514, 1, 0
1317085, 8435452, 0, 0
1317085, 25202, 1, 0
1318071, 7235907, 0, 0
1318071, 22194, 1, 0
1319035, 7817924, 0, 0
1319035, 21819, 1, 0
1320074, 9605378, 0, 0
1320074, 20793, 1, 0
1321054, 8893893, 0, 0
1321054, 19227, 1, 0
1322077, 10323648, 0, 0
1322077, 21850, 1, 0
1323005, 7010413, 0, 0
1323005, 17923, 1, 0
1324021, 8525160, 0, 0
1324021, 19342, 1, 0
1325040, 8131049, 0, 0
1325040, 19066, 1, 0
1326067, 7766479, 0, 0
1326067, 19214, 1, 0
1327011, 6975311, 0, 0
1327104, 21239, 1, 0
1328060, 8182301, 0, 0
1328060, 22165, 1, 0
1329054, 9458708, 0, 0
1329054, 19400, 1, 0
1330007, 9418087, 0, 0
1330007, 21786, 1, 0
1331092, 7621667, 0, 0
1331092, 21724, 1, 0
1332049, 10278210, 0, 0
1332123, 21602, 1, 0
1333006, 8088057, 0, 0
1333050, 21175, 1, 0
1334042, 6984806, 0, 0
1334043, 21144, 1, 0
1335058, 9746947, 0, 0
1335058, 23554, 1, 0
1336007, 8453458, 0, 0
1336007, 25791, 1, 0
1337032, 6726173, 0, 0
1337032, 23955, 1, 0
1338077, 5986752, 0, 0
1338173, 22953, 1, 0
1339039, 8274222, 0, 0
1339039, 25379, 1, 0
1340121, 7497049, 0, 0
1340121, 29391, 1, 0
1341080, 8776138, 0, 0
1341080, 23852, 1, 0
1342043, 9065635, 0, 0
1342043, 28127, 1, 0
1343045, 7361236, 0, 0
1343046, 19937, 1, 0
1344083, 6949347, 0, 0
1344083, 23321, 1, 0
1345049, 6126738, 0, 0
1345049, 22916, 1, 0
1346089, 7926098, 0, 0
1346089, 25824, 1, 0
1347036, 7490572, 0, 0
1347036, 25416, 1, 0
1348009, 8599127, 0, 0
1348193, 21439, 1, 0
1349012, 8133584, 0, 0
1349012, 23230, 1, 0
1350052, 7199638, 0, 0
1350121, 23187, 1, 0
1351094, 8665537, 0, 0
1351094, 33585, 1, 0
1352005, 8186492, 0, 0
1352005, 25608, 1, 0
1353004, 10958163, 0, 0
1353004, 23922, 1, 0
1354052, 7747581, 0, 0
1354053, 23399, 1, 0
1355079, 8533305, 0, 0
1355079, 26059, 1, 0
1356078, 6915045, 0, 0
1356078, 24328, 1, 0
1357042, 9079150, 0, 0
1357043, 23819, 1, 0
1358066, 8231772, 0, 0
1358066, 22105, 1, 0
1359070, 7473999, 0, 0
1359070, 21229, 1, 0
1360035, 7130438, 0, 0
1360035, 24390, 1, 0
1361047, 7158963, 0, 0
1361047, 25250, 1, 0
1362015, 8045611, 0, 0
1362124, 23134, 1, 0
1363080, 6799502, 0, 0
1363080, 24490, 1, 0
1364040, 8181885, 0, 0
1364040, 33509, 1, 0
1365026, 7629953, 0, 0
1365026, 23246, 1, 0
1366025, 7787801, 0, 0
1366026, 24068, 1, 0
1367003, 5698325, 0, 0
1367003, 25059, 1, 0
1368030, 8546154, 0, 0
1368030, 22486, 1, 0
1369092, 7962031, 0, 0
1369092, 27891, 1, 0
1370035, 8478364, 0, 0
1370035, 23384, 1, 0
1371038, 6371779, 0, 0
1371038, 22732, 1, 0
1372042, 7829386, 0, 0
1372042, 23619, 1, 0
1373024, 8448270, 0, 0
1373024, 21687, 1, 0
1374072, 6459109, 0, 0
1374072, 24275, 1, 0
1375058, 9733742, 0, 0
1375136, 22136, 1, 0
1376003, 10371720, 0, 0
1376003, 24501, 1, 0
1377002, 7668485, 0, 0
1377002, 25475, 1, 0
1378046, 8464082, 0, 0
1378046, 24108, 1, 0
1379032, 6554545, 0, 0
1379032, 23407, 1, 0
1380006, 8530409, 0, 0
1380006, 19713, 1, 0
1381042, 9317043, 0, 0
1381042, 19308, 1, 0
1382141, 8506052, 0, 0
1382141, 20797, 1, 0
1383103, 7500610, 0, 0
1383103, 21257, 1, 0
1384125, 8575388, 0, 0
1384125, 19348, 1, 0
1385071, 9173275, 0, 0
1385226, 19445, 1, 0
1386089, 9073106, 0, 0
1386089, 17563, 1, 0
1387100, 9522844, 0, 0
1387100, 22501, 1, 0
1388032, 8091296, 0, 0
1388105, 19037, 1, 0
1389065, 8184260, 0, 0
1389065, 19090, 1, 0
1390079, 7497389, 0, 0
1390079, 18079, 1, 0
1391034, 8150555, 0, 0
1391034, 18777, 1, 0
1392025, 7167780, 0, 0
1392026, 19943, 1, 0
1393008, 11825370, 0, 0
1393008, 21913, 1, 0
1394035, 7828796, 0, 0
1394036, 17697, 1, 0
1395048, 6309992, 0, 0
1395048, 20262, 1, 0
1396025, 9382598, 0, 0
1396025, 20214, 1, 0
1397040, 8234907, 0, 0
1397040, 20728, 1, 0
1398038, 6685820, 0, 0
1398039, 19148, 1, 0
1399058, 8146343, 0, 0
1399059, 19218, 1, 0
1400019, 7860001, 0, 0
1400019, 21067, 1, 0
1401042, 6991350, 0, 0
1401042, 19608, 1, 0
1402065, 9463616, 0, 0
1402065, 18243, 1, 0
1403115, 7125580, 0, 0
1403115, 18619, 1, 0
1404009, 6418064, 0, 0
1404082, 19966, 1, 0
1405019, 8845212, 0, 0
1405019, 18217, 1, 0
1406018, 7917018, 0, 0
1406018, 18932, 1, 0
1407002, 7671060, 0, 0
1407002, 18890, 1, 0
1408060, 7653700, 0, 0
1408060, 17745, 1, 0
1409023, 7511776, 0, 0
1409023, 17878, 1, 0
1410047, 6996163, 0, 0
1410047, 17831, 1, 0
1411060, 5909298, 0, 0
1411060, 18424, 1, 0
1412008, 7392581, 0, 0
1412146, 18754, 1, 0
1413086, 16564474, 0, 0
1413086, 18829, 1, 0
1414039, 5060098, 0, 0
1414068, 19164, 1, 0
1415011, 10212604, 0, 0
1415011, 18797, 1, 0
1416006, 11035058, 0, 0
1416006, 20949, 1, 0
1417007, 6664818, 0, 0
1417008, 20291, 1, 0
1418026, 6560057, 0, 0
1418027, 20664, 1, 0
1419059, 9818220, 0, 0
1419059, 19940, 1, 0
1420006, 6426958, 0, 0
1420006, 19638, 1, 0
1421046, 9350129, 0, 0
1421138, 20779, 1, 0
1422062, 7297241, 0, 0
1422062, 19533, 1, 0
1423064, 6167625, 0, 0
1423064, 20691, 1, 0
1424028, 5902160, 0, 0
1424028, 19399, 1, 0
1425084, 8050588, 0, 0
1425174, 19982, 1, 0
1426013, 7239909, 0, 0
1426014, 19316, 1, 0
1427029, 7737969, 0, 0
1427029, 19719, 1, 0
1428139, 6971627, 0, 0
1428139, 18461, 1, 0
1429062, 10247881, 0, 0
1429063, 21575, 1, 0
1430038, 9453102, 0, 0
1430038, 20356, 1, 0
1431059, 7331703, 0, 0
1431059, 22068, 1, 0
1432054, 6126319, 0, 0
1432054, 20202, 1, 0
1433099, 7615995, 0, 0
1433100, 20255, 1, 0
1434097, 7430469, 0, 0
1434097, 16202, 1, 0
1435010, 8766542, 0, 0
1435010, 20310, 1, 0
1436044, 6880819, 0, 0
1436045, 19924, 1, 0
1437058, 6698387, 0, 0
1437058, 22826, 1, 0
1438050, 8184522, 0, 0
1438050, 19546, 1, 0
1439077, 7216281, 0, 0
1439077, 18993, 1, 0
1440026, 7341998, 0, 0
1440026, 19879, 1, 0
1441013, 9476259, 0, 0
1441013, 21128, 1, 0
1442042, 8931415, 0, 0
1442042, 18085, 1, 0
1443111, 7306823, 0, 0
1443224, 20784, 1, 0
1444084, 7306469, 0, 0
1444084, 18848, 1, 0
1445053, 8791116, 0, 0
1445053, 21178, 1, 0
1446056, 7413564, 0, 0
1446056, 19545, 1, 0
1447065, 7459542, 0, 0
1447065, 19222, 1, 0
1448011, 6943360, 0, 0
1448012, 18176, 1, 0
1449060, 7584000, 0, 0
1449060, 18820, 1, 0
1450004, 7920873, 0, 0
1450005, 19260, 1, 0
1451062, 7324968, 0, 0
1451062, 20016, 1, 0
1452076, 6573880, 0, 0
1452076, 18939, 1, 0
1453013, 9351534, 0, 0
1453013, 19450, 1, 0
1454048, 7592513, 0, 0
1454048, 19227, 1, 0
1455013, 6733011, 0, 0
1455101, 18412, 1, 0
1456079, 6728941, 0, 0
1456079, 17779, 1, 0
1457014, 7414085, 0, 0
1457014, 21566, 1, 0
1458018, 8012381, 0, 0
1458018, 18121, 1, 0
1459040, 6623782, 0, 0
1459123, 19324, 1, 0
1460066, 6238701, 0, 0
1460067, 18857, 1, 0
1461110, 10026343, 0, 0
1461111, 21299, 1, 0
1462040, 8509498, 0, 0
1462040, 20508, 1, 0
1463076, 8346547, 0, 0
1463077, 20166, 1, 0
1464041, 7123896, 0, 0
1464042, 23172, 1, 0
1465044, 6367448, 0, 0
1465044, 24214, 1, 0
1466021, 7496625, 0, 0
1466021, 22051, 1, 0
1467042, 6702471, 0, 0
1467042, 21552, 1, 0
1468054, 8341330, 0, 0
1468054, 21018, 1, 0
1469017, 7749133, 0, 0
1469017, 22132, 1, 0
1470039, 6612414, 0, 0
1470039, 22975, 1, 0
1471005, 7961776, 0, 0
1471005, 27348, 1, 0
1472037, 8879609, 0, 0
1472095, 21270, 1, 0
1473040, 8937705, 0, 0
1473040, 23870, 1, 0
1474007, 7594664, 0, 0
1474007, 25968, 1, 0
1475067, 6860113, 0, 0
1475067, 25658, 1, 0
1476016, 7461885, 0, 0
1476017, 20331, 1, 0
1477010, 7927799, 0, 0
1477010, 23638, 1, 0
1478056, 7913193, 0, 0
1478056, 25339, 1, 0
1479056, 8121048, 0, 0
1479057, 20055, 1, 0
1480155, 6679506, 0, 0
1480155, 23316, 1, 0
1481037, 8220419, 0, 0
1481038, 26516, 1, 0
1482074, 8081787, 0, 0
1482074, 27511, 1, 0
1483092, 6960618, 0, 0
1483093, 22296, 1, 0
1484008, 7736162, 0, 0
1484008, 23308, 1, 0
1485014, 7162526, 0, 0
1485014, 21325, 1, 0
1486103, 7933270, 0, 0
1486103, 23649, 1, 0
1487037, 6292653, 0, 0
1487037, 20183, 1, 0
1488076, 5506885, 0, 0
1488076, 23280, 1, 0
1489010, 6471345, 0, 0
1489010, 23919, 1, 0
1490029, 9972766, 0, 0
1490029, 24446, 1, 0
1491043, 7660537, 0, 0
1491043, 22741, 1, 0
1492056, 6686593, 0, 0
1492056, 23408, 1, 0
1493004, 8231019, 0, 0
1493005, 26744, 1, 0
1494009, 6765867, 0, 0
1494009, 22852, 1, 0
1495000, 4961142, 0, 0
1495000, 25239, 1, 0
1496030, 7449989, 0, 0
1496030, 24139, 1, 0
1497077, 6070921, 0, 0
1497077, 23318, 1, 0
1498065, 6436585, 0, 0
1498065, 25084, 1, 0
1499032, 7908775, 0, 0
1499032, 21765, 1, 0
1500082, 7816846, 0, 0
1500082, 21184, 1, 0
1501078, 7257823, 0, 0
1501079, 24324, 1, 0
1502002, 7489086, 0, 0
1502002, 22183, 1, 0
1503005, 6715462, 0, 0
1503005, 22752, 1, 0
1504031, 11381034, 0, 0
1504031, 24157, 1, 0
1505015, 5804197, 0, 0
1505015, 28566, 1, 0
1506088, 6779130, 0, 0
1506088, 22976, 1, 0
1507011, 7245317, 0, 0
1507011, 21756, 1, 0
1508026, 8375827, 0, 0
1508026, 22567, 1, 0
1509138, 6800729, 0, 0
1509138, 24717, 1, 0
1510041, 7442190, 0, 0
1510041, 21857, 1, 0
1511000, 5762672, 0, 0
1511000, 24301, 1, 0
1512028, 8619206, 0, 0
1512028, 22596, 1, 0
1513029, 8691762, 0, 0
1513030, 22745, 1, 0
1514008, 8416218, 0, 0
1514008, 25972, 1, 0
1515056, 7523661, 0, 0
1515056, 25962, 1, 0
1516050, 8130396, 0, 0
1516051, 21888, 1, 0
1517036, 7283558, 0, 0
1517036, 24260, 1, 0
1518073, 9322387, 0, 0
1518073, 36371, 1, 0
1519010, 24697134, 1, 0
1519010, 4648188, 0, 0
1520084, 9172533, 0, 0
1520084, 5694195, 1, 0
1521072, 10597656, 0, 0
1521169, 7248464, 1, 0
1522005, 8148454, 0, 0
1522005, 12608818, 1, 0
1523048, 18087046, 1, 0
1523048, 5019264, 0, 0
1524085, 7150874, 0, 0
1524085, 5615429, 1, 0
1525076, 21272571, 1, 0
1525076, 3208638, 0, 0
1526050, 11554159, 1, 0
1526050, 6912071, 0, 0
1527009, 9718098, 0, 0
1527102, 8171220, 1, 0
1528017, 7775020, 0, 0
1528090, 6539778, 1, 0
1529048, 8400952, 0, 0
1529048, 5907894, 1, 0
1530063, 7917541, 0, 0
1530159, 9788693, 1, 0
1531028, 9677101, 0, 0
1531029, 7070992, 1, 0
1532015, 4530074, 0, 0
1532134, 23812585, 1, 0
1533041, 7822862, 0, 0
1533041, 11897181, 1, 0
1534013, 16467703, 1, 0
1534013, 6370238, 0, 0
1535109, 15839610, 1, 0
1535109, 7099338, 0, 0
1536002, 9664821, 0, 0
1536002, 6435791, 1, 0
1537010, 6576342, 0, 0
1537010, 19761835, 1, 0
1538024, 5021595, 0, 0
1538024, 12858799, 1, 0
1539001, 12213659, 1, 0
1539001, 5758428, 0, 0
1540007, 4206327, 0, 0
1540008, 17091948, 1, 0
1541044, 11368155, 1, 0
1541044, 6893247, 0, 0
1542023, 9301177, 0, 0
1542023, 4684443, 1, 0
1543021, 15630572, 1, 0
1543021, 8128709, 0, 0
1544072, 7522503, 0, 0
1544072, 13017074, 1, 0
1545048, 4350855, 0, 0
1545048, 17585276, 1, 0
1546001, 4808325, 0, 0
1546158, 17403129, 1, 0
1547044, 8489830, 0, 0
1547044, 9746680, 1, 0
1548039, 9123877, 0, 0
1548040, 24060, 1, 0
1549050, 6703748, 0, 0
1549138, 6619418, 1, 0
1550068, 6653012, 0, 0
1550206, 12430237, 1, 0
1551051, 7568359, 0, 0
1551051, 11824321, 1, 0
1552054, 9594911, 0, 0
1552054, 7614222, 1, 0
1553072, 7625797, 0, 0
1553072, 7202351, 1, 0
1554003, 12172165, 0, 0
1554003, 5641068, 1, 0
1555009, 6184862, 0, 0
1555009, 12249949, 1, 0
1556053, 6809878, 0, 0
1556107, 10287337, 1, 0
1557056, 6180476, 0, 0
1557056, 10999125, 1, 0
1558017, 13349285, 1, 0
1558017, 7227656, 0, 0
1559010, 7846102, 0, 0
1559120, 23322098, 1, 0
1560001, 8508398, 0, 0
1560161, 5001632, 1, 0
1561024, 10763115, 1, 0
1561024, 8067945, 0, 0
1562042, 11078002, 1, 0
1562042, 6333459, 0, 0
1563026, 15842626, 1, 0
1563026, 4879097, 0, 0
1564006, 4973117, 0, 0
1564006, 6479311, 1, 0
1565021, 5140856, 0, 0
1565021, 8927720, 1, 0
1566028, 5625220, 0, 0
1566028, 17046580, 1, 0
1567025, 9213386, 0, 0
1567025, 5054574, 1, 0
1568056, 8454699, 0, 0
1568150, 8393044, 1, 0
1569046, 10654436, 1, 0
1569046, 6548882, 0, 0
1570012, 16095177, 1, 0
1570012, 4795250, 0, 0
1571075, 7213962, 0, 0
1571075, 7757077, 1, 0
1572015, 7098797, 0, 0
1572016, 5627249, 1, 0
1573002, 8609468, 0, 0
1573002, 5636621, 1, 0
1574049, 14723944, 1, 0
1574049, 8946137, 0, 0
1575000, 6698970, 0, 0
1575000, 8939574, 1, 0
1576006, 8645310, 0, 0
1576006, 6604904, 1, 0
1577147, 15877398, 1, 0
1577147, 6344277, 0, 0
1578028, 24465731, 1, 0
1578028, 5639398, 0, 0
1579028, 6919062, 0, 0
1579028, 11280499, 1, 0
1580055, 13017855, 0, 0
1580055, 2022725, 1, 0
1581075, 7065507, 0, 0
1581075, 11951018, 1, 0
1582026, 6956823, 0, 0
1582150, 6362935, 1, 0
1583095, 12283179, 1, 0
1583096, 6461311, 0, 0
1584005, 6087156, 0, 0
1584005, 18715097, 1, 0
1585061, 7253436, 0, 0
1585061, 10161001, 1, 0
1586004, 6606811, 0, 0
1586004, 11927191, 1, 0
1587044, 10962866, 1, 0
1587044, 8279206, 0, 0
1588024, 6103135, 0, 0
1588024, 18187712, 1, 0
1589050, 6997624, 0, 0
1589050, 8718889, 1, 0
1590057, 9833475, 0, 0
1590137, 5049584, 1, 0
1591029, 17001602, 1, 0
1591029, 6932065, 0, 0
1592070, 20416257, 1, 0
1592070, 4947653, 0, 0
1593039, 9996532, 1, 0
1593039, 9198645, 0, 0
1594013, 11269038, 0, 0
1594013, 3760202, 1, 0
1595035, 14979296, 1, 0
1595035, 6014984, 0, 0
1596009, 8759889, 0, 0
1596091, 22094400, 1, 0
1597107, 5362508, 0, 0
1597107, 13033916, 1, 0
1598014, 8258127, 0, 0
1598014, 5702581, 1, 0
1599003, 5145394, 0, 0
1599101, 20239945, 1, 0
1600004, 9455516, 0, 0
1600004, 5691697, 1, 0
1601025, 6855899, 0, 0
1601025, 2406426, 1, 0
1602028, 16338962, 1, 0
1602145, 9084373, 0, 0
1603024, 10062166, 0, 0
1603024, 6624737, 1, 0
1604028, 7643193, 0, 0
1604028, 4910262, 1, 0
1605004, 10202258, 0, 0
1605029, 8908615, 1, 0
1606010, 11570835, 1, 0
1606010, 7874226, 0, 0
1607005, 13738844, 1, 0
1607005, 6748985, 0, 0
1608071, 5960722, 0, 0
1608071, 10059379, 1, 0
1609057, 8530947, 0, 0
1609057, 14371244, 1, 0
1610015, 5618485, 0, 0
1610120, 17554845, 1, 0
1611025, 13199983, 0, 0
1611025, 2176067, 1, 0
1612050, 8987187, 0, 0
1612050, 8546166, 1, 0
1613074, 7328422, 0, 0
1613074, 6534381, 1, 0
1614067, 7720080, 0, 0
1614068, 10750115, 1, 0
1615065, 8755509, 0, 0
1615066, 4080882, 1, 0
1616015, 6214564, 0, 0
1616015, 7451778, 1, 0
1617033, 15236020, 1, 0
1617033, 7660254, 0, 0
1618110, 11876946, 0, 0
1618110, 5216109, 1, 0
1619124, 9167958, 0, 0
1619124, 12992968, 1, 0
1620001, 5304810, 1, 0
1620001, 10063618, 0, 0
1621105, 5196794, 0, 0
1621106, 15998279, 1, 0
1622066, 9057838, 0, 0
1622066, 9027911, 1, 0
1623036, 8308317, 0, 0
1623036, 5922971, 1, 0
1624081, 9493184, 0, 0
1624081, 9489338, 1, 0
1625063, 22873629, 1, 0
1625063, 5082959, 0, 0
1626040, 18352952, 1, 0
1626040, 6686697, 0, 0
1627054, 6775661, 0, 0
1627054, 9204431, 1, 0
1628043, 8815913, 0, 0
1628043, 34807, 1, 0
1629058, 19325401, 1, 0
1629058, 6464752, 0, 0
1630006, 6538158, 0, 0
1630006, 4251826, 1, 0
1631045, 7064616, 0, 0
1631045, 12905171, 1, 0
1632012, 5989209, 0, 0
1632012, 20566926, 1, 0
1633036, 7782486, 0, 0
1633036, 10048035, 1, 0
1634023, 4718929, 0, 0
1634164, 19735833, 1, 0
1635095, 7651504, 0, 0
1635095, 8681235, 1, 0
1636046, 7975795, 0, 0
1636046, 1930105, 1, 0
1637061, 7318868, 0, 0
1637158, 11153849, 1, 0
1638041, 17512424, 1, 0
1638041, 6379888, 0, 0
1639083, 7217522, 0, 0
1639083, 15969501, 1, 0
1640009, 6184016, 0, 0
1640010, 9412864, 1, 0
1641054, 7705048, 0, 0
1641054, 6398545, 1, 0
1642095, 8947188, 0, 0
1642095, 13573083, 1, 0
1643101, 9889629, 0, 0
1643102, 7315190, 1, 0
1644049, 3972696, 0, 0
1644049, 16560912, 1, 0
1645067, 8547110, 0, 0
1645067, 25702470, 1, 0
1646046, 8945420, 0, 0
1646046, 13167407, 1, 0
1647058, 4978055, 0, 0
1647058, 12020420, 1, 0
1648068, 6642749, 0, 0
1648068, 11590389, 1, 0
1649042, 7244574, 0, 0
1649229, 10008601, 1, 0
1650011, 23251151, 1, 0
1650011, 7386057, 0, 0
1651032, 17196305, 1, 0
1651032, 5907199, 0, 0
1652140, 5818316, 0, 0
1652140, 11689479, 1, 0
1653073, 8434302, 0, 0
1653073, 5012969, 1, 0
1654073, 21341185, 1, 0
1654073, 5407740, 0, 0
1655000, 9735500, 0, 0
1655000, 36571, 1, 0
1656058, 5494837, 0, 0
1656058, 17618460, 1, 0
1657040, 11812073, 0, 0
1657040, 33518, 1, 0
1658100, 24694162, 1, 0
1658100, 5296882, 0, 0
1659007, 7975016, 0, 0
1659007, 13030360, 1, 0
1660001, 6387315, 0, 0
1660001, 6455397, 1, 0
1661002, 6787120, 0, 0
1661002, 4603771, 1, 0
1662062, 30051851, 1, 0
1662062, 4384751, 0, 0
1663020, 12931715, 1, 0
1663020, 7115393, 0, 0
1664000, 6615575, 0, 0
1664000, 17723148, 1, 0
1665019, 7872383, 0, 0
1665019, 9407300, 1, 0
1666026, 8675411, 0, 0
1666027, 6886571, 1, 0
1667035, 6686418, 0, 0
1667035, 11844613, 1, 0
1668099, 5852392, 0, 0
1668100, 8221361, 1, 0
1669074, 6826214, 0, 0
1669074, 10274544, 1, 0
1670000, 16981054, 1, 0
1670000, 4890528, 0, 0
1671017, 7492849, 0, 0
1671188, 15223014, 1, 0
1672050, 16561796, 1, 0
1672050, 8751117, 0, 0
1673126, 9185372, 0, 0
1673126, 12714655, 1, 0
1674059, 8436434, 0, 0
1674059, 15256220, 1, 0
1675044, 6788179, 1, 0
1675044, 7338681, 0, 0
1676068, 8142785, 0, 0
1676068, 16062690, 1, 0
1677113, 8261523, 0, 0
1677113, 9915989, 1, 0
1678063, 6838820, 0, 0
1678165, 13636011, 1, 0
1679030, 8286060, 0, 0
1679030, 5016391, 1, 0
1680099, 7202953, 0, 0
1680099, 12698080, 1, 0
1681074, 4905504, 0, 0
1681074, 19361906, 1, 0
1682011, 9779129, 0, 0
1682011, 9662990, 1, 0
1683035, 7006578, 0, 0
1683035, 16252637, 1, 0
1684067, 10389718, 0, 0
1684067, 3126568, 1, 0
1685038, 6547654, 1, 0
1685038, 7770851, 0, 0
1686011, 8685579, 0, 0
1686011, 6487958, 1, 0
1687054, 10522492, 0, 0
1687125, 23786, 1, 0
1688033, 7552107, 0, 0
1688033, 5802243, 1, 0
1689108, 5630902, 0, 0
1689108, 20260393, 1, 0
1690158, 11945653, 1, 0
1690158, 6670041, 0, 0
1691068, 7744013, 1, 0
1691068, 9665408, 0, 0
1692002, 6786272, 0, 0
1692002, 15296836, 1, 0
1693121, 10182902, 0, 0
1693121, 2092192, 1, 0
1694057, 4765153, 0, 0
1694149, 23331930, 1, 0
1695082, 8381912, 0, 0
1695082, 5323990, 1, 0
1696023, 3658743, 0, 0
1696023, 21698823, 1, 0
1697011, 6055803, 0, 0
1697062, 8348433, 1, 0
1698021, 6160462, 0, 0
1698021, 19050750, 1, 0
1699073, 6424529, 0, 0
1699289, 10535608, 1, 0
1700001, 5388011, 0, 0
1700001, 19830532, 1, 0
1701025, 7844643, 0, 0
1701025, 7073734, 1, 0
1702045, 7852370, 0, 0
1702045, 12786422, 1, 0
1703166, 8726383, 0, 0
1703166, 11364354, 1, 0
1704086, 10521860, 0, 0
1704086, 4114932, 1, 0
1705048, 9531712, 0, 0
1705048, 4094284, 1, 0
1706029, 7310003, 0, 0
1706029, 3408800, 1, 0
1707120, 16150799, 1, 0
1707120, 7209466, 0, 0
1708019, 19806831, 1, 0
1708019, 5980937, 0, 0
1709067, 23679863, 1, 0
1709067, 7522284, 0, 0
1710023, 10468519, 1, 0
1710024, 5778973, 0, 0
1711003, 6519723, 0, 0
1711023, 11604404, 1, 0
1712015, 7233119, 0, 0
1712015, 9992302, 1, 0
1713022, 9062083, 0, 0
1713023, 4369286, 1, 0
1714018, 23352797, 1, 0
1714018, 4576502, 0, 0
1715095, 6859904, 0, 0
1715234, 6636685, 1, 0
1716084, 8040539, 0, 0
1716084, 7528114, 1, 0
1717051, 8541892, 0, 0
1717051, 3751967, 1, 0
1718001, 6342957, 0, 0
1718107, 20801416, 1, 0
1719015, 8427774, 0, 0
1719051, 12721661, 1, 0
1720075, 7345483, 0, 0
1720183, 30528818, 1, 0
1721052, 12852978, 0, 0
1721052, 20548, 1, 0
1722030, 9071797, 0, 0
1722031, 5778858, 1, 0
1723045, 6560324, 0, 0
1723045, 15647578, 1, 0
1724042, 16731834, 1, 0
1724042, 5701704, 0, 0
1725023, 8974263, 0, 0
1725023, 1491661, 1, 0
1726051, 23052976, 1, 0
1726051, 4510412, 0, 0
1727038, 4503031, 0, 0
1727078, 15921085, 1, 0
1728057, 9438721, 0, 0
1728148, 12195819, 1, 0
1729053, 18331471, 1, 0
1729053, 6162360, 0, 0
1730008, 9326744, 0, 0
1730008, 7781854, 1, 0
1731048, 7178984, 1, 0
1731048, 7849021, 0, 0
1732064, 11087714, 0, 0
1732154, 10874319, 1, 0
1733045, 11100374, 0, 0
1733045, 3010817, 1, 0
1734033, 8087693, 0, 0
1734033, 14988767, 1, 0
1735054, 5670477, 0, 0
1735054, 14851349, 1, 0
1736058, 7213332, 0, 0
1736058, 13514890, 1, 0
1737048, 8663306, 0, 0
1737048, 11334096, 1, 0
1738029, 8497884, 0, 0
1738111, 10451862, 1, 0
1739053, 7728887, 0, 0
1739053, 12628961, 1, 0
1740068, 8965922, 0, 0
1740068, 8439503, 1, 0
1741021, 15307196, 1, 0
1741021, 6050750, 0, 0
1742029, 6986962, 0, 0
1742029, 11343423, 1, 0
1743059, 14361806, 1, 0
1743059, 8198129, 0, 0
1744010, 7532387, 0, 0
1744011, 10248487, 1, 0
1745082, 8595145, 0, 0
1745083, 9462471, 1, 0
1746080, 5974917, 0, 0
1746080, 13967016, 1, 0
1747052, 8025601, 1, 0
1747052, 8670253, 0, 0
1748031, 12262416, 1, 0
1748031, 8947199, 0, 0
1749039, 4667784, 0, 0
1749039, 13015461, 1, 0
1750032, 6337635, 0, 0
1750032, 15598398, 1, 0
1751016, 9091900, 0, 0
1751016, 17784095, 1, 0
1752064, 13144979, 1, 0
1752064, 6771308, 0, 0
1753107, 7739251, 0, 0
1753107, 5245272, 1, 0
1754001, 10055107, 1, 0
1754001, 9514668, 0, 0
1755011, 9687582, 0, 0
1755011, 8000204, 1, 0
1756031, 5389866, 0, 0
1756032, 18400939, 1, 0
1757007, 8747130, 1, 0
1757007, 6611847, 0, 0
1758064, 7985071, 0, 0
1758064, 23552939, 1, 0
1759023, 12095976, 1, 0
1759023, 5660773, 0, 0
1760044, 11926308, 1, 0
1760044, 6253342, 0, 0
1761040, 9976615, 0, 0
1761157, 6975503, 1, 0
1762012, 7477835, 0, 0
1762012, 7087105, 1, 0
1763038, 7170617, 0, 0
1763123, 6356959, 1, 0
1764095, 9135969, 0, 0
1764095, 6269363, 1, 0
1765048, 5569998, 0, 0
1765048, 17833980, 1, 0
1766061, 4318015, 0, 0
1766062, 17071221, 1, 0
1767050, 3657747, 0, 0
1767050, 17716455, 1, 0
1768010, 5488069, 0, 0
1768010, 14109877, 1, 0
1769016, 10573630, 0, 0
1769016, 19558, 1, 0
1770054, 5927686, 1, 0
1770054, 8510918, 0, 0
1771008, 6042348, 0, 0
1771008, 13067746, 1, 0
1772001, 8712443, 0, 0
1772001, 9524657, 1, 0
1773017, 7622303, 0, 0
1773110, 6833796, 1, 0
1774002, 6533723, 0, 0
1774089, 10204445, 1, 0
1775034, 7373960, 0, 0
1775034, 12632185, 1, 0
1776021, 5353792, 0, 0
1776021, 30884239, 1, 0
1777105, 7537509, 0, 0
1777298, 14104518, 1, 0
1778040, 9824524, 0, 0
1778040, 22270, 1, 0
1779031, 5571010, 0, 0
1779031, 11083182, 1, 0
1780033, 5908246, 0, 0
1780033, 19722292, 1, 0
1781033, 6376911, 0, 0
1781034, 16651514, 1, 0
1782055, 8922563, 0, 0
1782055, 10049733, 1, 0
1783077, 7262092, 0, 0
1783077, 10781740, 1, 0
1784000, 9436068, 0, 0
1784000, 11369525, 1, 0
1785155, 8998397, 0, 0
1785155, 13625257, 1, 0
1786068, 18477664, 1, 0
1786068, 4250903, 0, 0
1787065, 8708138, 0, 0
1787065, 6383520, 1, 0
1788092, 8426508, 0, 0
1788092, 22219956, 1, 0
1789020, 6429034, 0, 0
1789020, 6260262, 1, 0
1790032, 7078335, 0, 0
1790032, 9064604, 1, 0
1791041, 11336670, 0, 0
1791041, 15971669, 1, 0
1792050, 7347872, 0, 0
1792050, 12736953, 1, 0
1793033, 8183743, 0, 0
1793033, 8917384, 1, 0
1794039, 8839021, 0, 0
1794039, 4851872, 1, 0
1795089, 7193209, 0, 0
1795089, 10905882, 1, 0
1796040, 7972536, 1, 0
1796040, 7902830, 0, 0
1797020, 6950934, 0, 0
1797020, 9324457, 1, 0
1798066, 7931223, 0, 0
1798066, 13805079, 1, 0
1799033, 8738068, 0, 0
1799033, 16555979, 1, 0
1800084, 22537726, 1, 0
1800395, 6741612, 0, 0
