1000, 48, 0, 0
1000, 28, 1, 0
2000, 97, 0, 0
2000, 24, 1, 0
2999, 89, 0, 0
2999, 29, 1, 0
3999, 94, 0, 0
3999, 28, 1, 0
5000, 99, 0, 0
5000, 30, 1, 0
6000, 77, 0, 0
6000, 25, 1, 0
6999, 84, 0, 0
6999, 20, 1, 0
7999, 103, 0, 0
7999, 16, 1, 0
9000, 101, 0, 0
9000, 26, 1, 0
9999, 85, 0, 0
9999, 26, 1, 0
10999, 88, 0, 0
10999, 26, 1, 0
12000, 100, 0, 0
12000, 26, 1, 0
12999, 96, 0, 0
12999, 20, 1, 0
13999, 91, 0, 0
13999, 33, 1, 0
15000, 94, 0, 0
15000, 24, 1, 0
15999, 86, 0, 0
15999, 20, 1, 0
16999, 101, 0, 0
16999, 21, 1, 0
18000, 97, 0, 0
18000, 27, 1, 0
18999, 84, 0, 0
18999, 23, 1, 0
19999, 100, 0, 0
19999, 25, 1, 0
21000, 91, 0, 0
21000, 27, 1, 0
21999, 90, 0, 0
21999, 35, 1, 0
22999, 100, 0, 0
22999, 20, 1, 0
24000, 95, 0, 0
24000, 27, 1, 0
25000, 94, 0, 0
25000, 27, 1, 0
25999, 101, 0, 0
25999, 29, 1, 0
27000, 99, 0, 0
27000, 25, 1, 0
28000, 87, 0, 0
28000, 23, 1, 0
28999, 98, 0, 0
28999, 14, 1, 0
30000, 98, 0, 0
30000, 31, 1, 0
31000, 94, 0, 0
31000, 32, 1, 0
31999, 87, 0, 0
31999, 21, 1, 0
32999, 101, 0, 0
32999, 18, 1, 0
34000, 96, 0, 0
34000, 27, 1, 0
34999, 87, 0, 0
34999, 22, 1, 0
35999, 103, 0, 0
35999, 22, 1, 0
37000, 96, 0, 0
37000, 26, 1, 0
37999, 104, 0, 0
37999, 38, 1, 0
38999, 106, 0, 0
38999, 23, 1, 0
40000, 85, 0, 0
40000, 26, 1, 0
40999, 99, 0, 0
40999, 23, 1, 0
41999, 94, 0, 0
41999, 24, 1, 0
43000, 90, 0, 0
43000, 23, 1, 0
43999, 94, 0, 0
43999, 20, 1, 0
44999, 103, 0, 0
44999, 27, 1, 0
46000, 95, 0, 0
46000, 25, 1, 0
46999, 103, 0, 0
46999, 25, 1, 0
47999, 100, 0, 0
47999, 26, 1, 0
49000, 96, 0, 0
49000, 23, 1, 0
50000, 80, 0, 0
50000, 19, 1, 0
50999, 86, 0, 0
50999, 24, 1, 0
51999, 96, 0, 0
51999, 18, 1, 0
53000, 86, 0, 0
53000, 12, 1, 0
53999, 94, 0, 0
53999, 18, 1, 0
54999, 91, 0, 0
54999, 30, 1, 0
56000, 102, 0, 0
56000, 19, 1, 0
56999, 85, 0, 0
56999, 15, 1, 0
57999, 102, 0, 0
57999, 25, 1, 0
59000, 82, 0, 0
59000, 20, 1, 0
59999, 91, 0, 0
59999, 18, 1, 0
60999, 104, 0, 0
60999, 30, 1, 0
62000, 88, 0, 0
62000, 26, 1, 0
63000, 98, 0, 0
63000, 25, 1, 0
63999, 104, 0, 0
63999, 23, 1, 0
64999, 102, 0, 0
64999, 37, 1, 0
66000, 97, 0, 0
66000, 33, 1, 0
66999, 98, 0, 0
66999, 23, 1, 0
67999, 97, 0, 0
67999, 27, 1, 0
69000, 99, 0, 0
69000, 23, 1, 0
69999, 89, 0, 0
69999, 33, 1, 0
70999, 99, 0, 0
70999, 20, 1, 0
72000, 90, 0, 0
72000, 21, 1, 0
72999, 97, 0, 0
72999, 27, 1, 0
73999, 95, 0, 0
73999, 27, 1, 0
75000, 96, 0, 0
75000, 21, 1, 0
75999, 97, 0, 0
75999, 30, 1, 0
76999, 93, 0, 0
76999, 20, 1, 0
78000, 92, 0, 0
78000, 28, 1, 0
79000, 91, 0, 0
79000, 20, 1, 0
79999, 99, 0, 0
79999, 21, 1, 0
80999, 96, 0, 0
80999, 15, 1, 0
82000, 85, 0, 0
82000, 30, 1, 0
82999, 101, 0, 0
82999, 17, 1, 0
83999, 93, 0, 0
83999, 20, 1, 0
85000, 97, 0, 0
85000, 18, 1, 0
86000, 92, 0, 0
86000, 27, 1, 0
86999, 88, 0, 0
86999, 17, 1, 0
87999, 94, 0, 0
87999, 16, 1, 0
89000, 107, 0, 0
89000, 18, 1, 0
89999, 93, 0, 0
89999, 25, 1, 0
90999, 86, 0, 0
90999, 23, 1, 0
92000, 102, 0, 0
92000, 27, 1, 0
92999, 99, 0, 0
92999, 20, 1, 0
94000, 91, 0, 0
94000, 31, 1, 0
95000, 94, 0, 0
95000, 21, 1, 0
95999, 97, 0, 0
95999, 28, 1, 0
96999, 97, 0, 0
96999, 15, 1, 0
98000, 101, 0, 0
98000, 17, 1, 0
98999, 88, 0, 0
98999, 29, 1, 0
99999, 104, 0, 0
99999, 21, 1, 0
101000, 96, 0, 0
101000, 27, 1, 0
101999, 99, 0, 0
101999, 23, 1, 0
102999, 89, 0, 0
102999, 26, 1, 0
104000, 94, 0, 0
104000, 24, 1, 0
105000, 95, 0, 0
105000, 23, 1, 0
105999, 108, 0, 0
105999, 32, 1, 0
106999, 96, 0, 0
106999, 27, 1, 0
108000, 93, 0, 0
108000, 19, 1, 0
108999, 112, 0, 0
108999, 21, 1, 0
109999, 84, 0, 0
109999, 30, 1, 0
111000, 97, 0, 0
111000, 43, 1, 0
111999, 102, 0, 0
111999, 25, 1, 0
112999, 92, 0, 0
112999, 31, 1, 0
114000, 105, 0, 0
114000, 33, 1, 0
114999, 95, 0, 0
114999, 22, 1, 0
115999, 93, 0, 0
115999, 20, 1, 0
117000, 107, 0, 0
117000, 26, 1, 0
117999, 103, 0, 0
117999, 26, 1, 0
118999, 87, 0, 0
118999, 22, 1, 0
120000, 101, 0, 0
120000, 25, 1, 0
121000, 96, 0, 0
121000, 34, 1, 0
121999, 102, 0, 0
121999, 29, 1, 0
122999, 95, 0, 0
122999, 20, 1, 0
124000, 89, 0, 0
124000, 21, 1, 0
124999, 95, 0, 0
124999, 21, 1, 0
125999, 87, 0, 0
125999, 17, 1, 0
127000, 97, 0, 0
127000, 22, 1, 0
127999, 95, 0, 0
127999, 15, 1, 0
128999, 103, 0, 0
128999, 24, 1, 0
130000, 96, 0, 0
130000, 28, 1, 0
130999, 94, 0, 0
130999, 14, 1, 0
131999, 91, 0, 0
131999, 29, 1, 0
133000, 104, 0, 0
133000, 25, 1, 0
133999, 96, 0, 0
133999, 30, 1, 0
134999, 93, 0, 0
134999, 17, 1, 0
136000, 98, 0, 0
136000, 31, 1, 0
136999, 96, 0, 0
136999, 28, 1, 0
137999, 102, 0, 0
137999, 28, 1, 0
139000, 97, 0, 0
139000, 21, 1, 0
140000, 99, 0, 0
140000, 24, 1, 0
140999, 82, 0, 0
140999, 40, 1, 0
142000, 101, 0, 0
142000, 29, 1, 0
143000, 94, 0, 0
143000, 21, 1, 0
143999, 94, 0, 0
143999, 22, 1, 0
144999, 104, 0, 0
144999, 30, 1, 0
146000, 96, 0, 0
146000, 33, 1, 0
146999, 107, 0, 0
146999, 24, 1, 0
147999, 98, 0, 0
147999, 36, 1, 0
149000, 88, 0, 0
149000, 28, 1, 0
149999, 104, 0, 0
149999, 23, 1, 0
150999, 111, 0, 0
150999, 29, 1, 0
152000, 98, 0, 0
152000, 30, 1, 0
153000, 94, 0, 0
153000, 36, 1, 0
153999, 92, 0, 0
153999, 19, 1, 0
154999, 95, 0, 0
154999, 24, 1, 0
156000, 95, 0, 0
156000, 24, 1, 0
156999, 99, 0, 0
156999, 17, 1, 0
157999, 97, 0, 0
157999, 28, 1, 0
159000, 103, 0, 0
159000, 23, 1, 0
159999, 89, 0, 0
159999, 23, 1, 0
160999, 106, 0, 0
160999, 19, 1, 0
162000, 99, 0, 0
162000, 20, 1, 0
162999, 111, 0, 0
162999, 33, 1, 0
163999, 103, 0, 0
163999, 42, 1, 0
165000, 101, 0, 0
165000, 31, 1, 0
165999, 84, 0, 0
165999, 28, 1, 0
166999, 95, 0, 0
166999, 29, 1, 0
168000, 96, 0, 0
168000, 21, 1, 0
169000, 102, 0, 0
169000, 18, 1, 0
169999, 101, 0, 0
169999, 24, 1, 0
170999, 87, 0, 0
170999, 17, 1, 0
172000, 96, 0, 0
172000, 25, 1, 0
172999, 87, 0, 0
172999, 21, 1, 0
173999, 100, 0, 0
173999, 21, 1, 0
175000, 101, 0, 0
175000, 27, 1, 0
175999, 88, 0, 0
175999, 22, 1, 0
176999, 95, 0, 0
176999, 25, 1, 0
178000, 96, 0, 0
178000, 20, 1, 0
178999, 111, 0, 0
178999, 27, 1, 0
179999, 94, 0, 0
179999, 31, 1, 0
181000, 100, 0, 0
181000, 16, 1, 0
181999, 100, 0, 0
181999, 28, 1, 0
182999, 96, 0, 0
182999, 26, 1, 0
184000, 92, 0, 0
184000, 30, 1, 0
184999, 97, 0, 0
184999, 40, 1, 0
185999, 105, 0, 0
185999, 24, 1, 0
187000, 88, 0, 0
187000, 22, 1, 0
187999, 108, 0, 0
187999, 18, 1, 0
188999, 93, 0, 0
188999, 27, 1, 0
189999, 103, 0, 0
189999, 31, 1, 0
191000, 109, 0, 0
191000, 34, 1, 0
191999, 91, 0, 0
191999, 22, 1, 0
192999, 99, 0, 0
192999, 30, 1, 0
194000, 91, 0, 0
194000, 24, 1, 0
194999, 100, 0, 0
194999, 26, 1, 0
195999, 103, 0, 0
195999, 31, 1, 0
197000, 95, 0, 0
197000, 18, 1, 0
197999, 100, 0, 0
197999, 19, 1, 0
198999, 87, 0, 0
198999, 32, 1, 0
200000, 102, 0, 0
200000, 18, 1, 0
200999, 103, 0, 0
200999, 20, 1, 0
201999, 103, 0, 0
201999, 27, 1, 0
203000, 96, 0, 0
203000, 17, 1, 0
203999, 106, 0, 0
203999, 20, 1, 0
204999, 108, 0, 0
204999, 31, 1, 0
206000, 89, 0, 0
206000, 20, 1, 0
206999, 99, 0, 0
206999, 18, 1, 0
207999, 103, 0, 0
207999, 24, 1, 0
209000, 102, 0, 0
209000, 22, 1, 0
210000, 100, 0, 0
210000, 14, 1, 0
210999, 112, 0, 0
210999, 32, 1, 0
211999, 84, 0, 0
211999, 30, 1, 0
213000, 108, 0, 0
213000, 21, 1, 0
213999, 83, 0, 0
213999, 28, 1, 0
214999, 110, 0, 0
214999, 23, 1, 0
216000, 88, 0, 0
216000, 28, 1, 0
216999, 102, 0, 0
216999, 25, 1, 0
217999, 108, 0, 0
217999, 23, 1, 0
219000, 97, 0, 0
219000, 30, 1, 0
219999, 104, 0, 0
219999, 14, 1, 0
220999, 93, 0, 0
220999, 19, 1, 0
222000, 103, 0, 0
222000, 27, 1, 0
222999, 107, 0, 0
222999, 15, 1, 0
223999, 119, 0, 0
223999, 28, 1, 0
225000, 95, 0, 0
225000, 28, 1, 0
226000, 97, 0, 0
226000, 27, 1, 0
226999, 99, 0, 0
226999, 26, 1, 0
227999, 103, 0, 0
227999, 17, 1, 0
229000, 104, 0, 0
229000, 24, 1, 0
229999, 102, 0, 0
229999, 36, 1, 0
230999, 97, 0, 0
230999, 14, 1, 0
232000, 103, 0, 0
232000, 26, 1, 0
232999, 105, 0, 0
232999, 21, 1, 0
233999, 89, 0, 0
233999, 21, 1, 0
234999, 106, 0, 0
234999, 25, 1, 0
235999, 98, 0, 0
235999, 21, 1, 0
236999, 97, 0, 0
236999, 34, 1, 0
237999, 99, 0, 0
237999, 29, 1, 0
239000, 113, 0, 0
239000, 25, 1, 0
239999, 97, 0, 0
239999, 30, 1, 0
240999, 97, 0, 0
240999, 26, 1, 0
242000, 96, 0, 0
242000, 26, 1, 0
242999, 109, 0, 0
242999, 23, 1, 0
243999, 101, 0, 0
243999, 40, 1, 0
245000, 91, 0, 0
245000, 22, 1, 0
245999, 97, 0, 0
245999, 23, 1, 0
246999, 111, 0, 0
246999, 18, 1, 0
248000, 108, 0, 0
248000, 31, 1, 0
248999, 96, 0, 0
248999, 33, 1, 0
249999, 102, 0, 0
249999, 30, 1, 0
251000, 100, 0, 0
251000, 27, 1, 0
251999, 102, 0, 0
251999, 17, 1, 0
252999, 100, 0, 0
252999, 20, 1, 0
253999, 91, 0, 0
253999, 28, 1, 0
255000, 105, 0, 0
255000, 17, 1, 0
255999, 105, 0, 0
255999, 26, 1, 0
256999, 98, 0, 0
256999, 31, 1, 0
258000, 100, 0, 0
258000, 25, 1, 0
258999, 98, 0, 0
258999, 34, 1, 0
259999, 98, 0, 0
259999, 21, 1, 0
261000, 101, 0, 0
261000, 24, 1, 0
262000, 101, 0, 0
262000, 28, 1, 0
262999, 96, 0, 0
262999, 17, 1, 0
263999, 95, 0, 0
263999, 21, 1, 0
265000, 100, 0, 0
265000, 18, 1, 0
265999, 108, 0, 0
265999, 20, 1, 0
266999, 112, 0, 0
266999, 28, 1, 0
268000, 96, 0, 0
268000, 34, 1, 0
268999, 92, 0, 0
268999, 22, 1, 0
269999, 112, 0, 0
269999, 29, 1, 0
271000, 95, 0, 0
271000, 19, 1, 0
271999, 90, 0, 0
271999, 26, 1, 0
272999, 94, 0, 0
272999, 27, 1, 0
274000, 113, 0, 0
274000, 17, 1, 0
274999, 96, 0, 0
274999, 26, 1, 0
275999, 92, 0, 0
275999, 37, 1, 0
277000, 106, 0, 0
277000, 31, 1, 0
277999, 103, 0, 0
277999, 32, 1, 0
278999, 102, 0, 0
278999, 30, 1, 0
280000, 113, 0, 0
280000, 30, 1, 0
280999, 93, 0, 0
280999, 30, 1, 0
281999, 100, 0, 0
281999, 26, 1, 0
283000, 107, 0, 0
283000, 34, 1, 0
283999, 107, 0, 0
283999, 34, 1, 0
284999, 106, 0, 0
284999, 26, 1, 0
285999, 96, 0, 0
285999, 26, 1, 0
287000, 100, 0, 0
287000, 36, 1, 0
287999, 110, 0, 0
287999, 27, 1, 0
288999, 101, 0, 0
288999, 30, 1, 0
290000, 92, 0, 0
290000, 30, 1, 0
290999, 102, 0, 0
290999, 23, 1, 0
291999, 94, 0, 0
291999, 20, 1, 0
293000, 96, 0, 0
293000, 25, 1, 0
293999, 102, 0, 0
293999, 29, 1, 0
294999, 96, 0, 0
294999, 17, 1, 0
296000, 107, 0, 0
296000, 24, 1, 0
296999, 98, 0, 0
296999, 22, 1, 0
297999, 110, 0, 0
297999, 25, 1, 0
299000, 90, 0, 0
299000, 25, 1, 0
299999, 109, 0, 0
299999, 11, 1, 0
300999, 109, 0, 0
300999, 29, 1, 0
302000, 96, 0, 0
302000, 37, 1, 0
303000, 100, 0, 0
303000, 26, 1, 0
303999, 101, 0, 0
303999, 28, 1, 0
305000, 103, 0, 0
305000, 19, 1, 0
305999, 104, 0, 0
305999, 28, 1, 0
306999, 107, 0, 0
306999, 24, 1, 0
307999, 88, 0, 0
307999, 30, 1, 0
309000, 108, 0, 0
309000, 22, 1, 0
309999, 105, 0, 0
309999, 27, 1, 0
310999, 110, 0, 0
310999, 33, 1, 0
312000, 96, 0, 0
312000, 27, 1, 0
312999, 99, 0, 0
312999, 19, 1, 0
313999, 106, 0, 0
313999, 32, 1, 0
315000, 98, 0, 0
315000, 33, 1, 0
315999, 97, 0, 0
315999, 28, 1, 0
316999, 95, 0, 0
316999, 20, 1, 0
318000, 99, 0, 0
318000, 37, 1, 0
319000, 109, 0, 0
319000, 29, 1, 0
319999, 102, 0, 0
319999, 23, 1, 0
320999, 105, 0, 0
320999, 19, 1, 0
322000, 112, 0, 0
322000, 26, 1, 0
322999, 106, 0, 0
322999, 17, 1, 0
324000, 99, 0, 0
324000, 29, 1, 0
325000, 98, 0, 0
325000, 32, 1, 0
325999, 109, 0, 0
325999, 37, 1, 0
327000, 96, 0, 0
327000, 18, 1, 0
328000, 108, 0, 0
328000, 25, 1, 0
328999, 96, 0, 0
328999, 34, 1, 0
329999, 102, 0, 0
329999, 22, 1, 0
331000, 86, 0, 0
331000, 29, 1, 0
332000, 106, 0, 0
332000, 28, 1, 0
332999, 102, 0, 0
332999, 19, 1, 0
333999, 94, 0, 0
333999, 16, 1, 0
335000, 110, 0, 0
335000, 16, 1, 0
335999, 102, 0, 0
335999, 30, 1, 0
336999, 106, 0, 0
336999, 24, 1, 0
337999, 88, 0, 0
337999, 32, 1, 0
339000, 104, 0, 0
339000, 27, 1, 0
340000, 98, 0, 0
340000, 27, 1, 0
340999, 106, 0, 0
340999, 22, 1, 0
341999, 98, 0, 0
341999, 32, 1, 0
342999, 105, 0, 0
342999, 27, 1, 0
344000, 87, 0, 0
344000, 20, 1, 0
344999, 106, 0, 0
344999, 32, 1, 0
345999, 106, 0, 0
345999, 24, 1, 0
347000, 90, 0, 0
347000, 21, 1, 0
347999, 109, 0, 0
347999, 23, 1, 0
348999, 94, 0, 0
348999, 25, 1, 0
350000, 103, 0, 0
350000, 22, 1, 0
350999, 104, 0, 0
350999, 29, 1, 0
351999, 99, 0, 0
351999, 28, 1, 0
353000, 107, 0, 0
353000, 22, 1, 0
354000, 109, 0, 0
354000, 27, 1, 0
354999, 90, 0, 0
354999, 30, 1, 0
355999, 119, 0, 0
355999, 41, 1, 0
357000, 96, 0, 0
357000, 24, 1, 0
358000, 113, 0, 0
358000, 23, 1, 0
358999, 113, 0, 0
358999, 23, 1, 0
360000, 96, 0, 0
360000, 33, 1, 0
360999, 94, 0, 0
360999, 30, 1, 0
361999, 109, 0, 0
361999, 17, 1, 0
363000, 97, 0, 0
363000, 23, 1, 0
363999, 102, 0, 0
363999, 27, 1, 0
364999, 109, 0, 0
364999, 22, 1, 0
366000, 89, 0, 0
366000, 26, 1, 0
367000, 101, 0, 0
367000, 22, 1, 0
367999, 106, 0, 0
367999, 23, 1, 0
369000, 114, 0, 0
369000, 35, 1, 0
370000, 110, 0, 0
370000, 36, 1, 0
370999, 105, 0, 0
370999, 22, 1, 0
371999, 101, 0, 0
371999, 28, 1, 0
373000, 121, 0, 0
373000, 33, 1, 0
373999, 95, 0, 0
373999, 35, 1, 0
374999, 110, 0, 0
374999, 27, 1, 0
376000, 98, 0, 0
376000, 23, 1, 0
376999, 90, 0, 0
376999, 20, 1, 0
377999, 118, 0, 0
377999, 36, 1, 0
379000, 94, 0, 0
379000, 25, 1, 0
379999, 111, 0, 0
379999, 32, 1, 0
380999, 101, 0, 0
380999, 40, 1, 0
382000, 103, 0, 0
382000, 34, 1, 0
383000, 101, 0, 0
383000, 22, 1, 0
383999, 112, 0, 0
383999, 33, 1, 0
384999, 114, 0, 0
384999, 16, 1, 0
386000, 110, 0, 0
386000, 30, 1, 0
386999, 91, 0, 0
386999, 35, 1, 0
387999, 103, 0, 0
387999, 18, 1, 0
389000, 103, 0, 0
389000, 22, 1, 0
389999, 97, 0, 0
389999, 22, 1, 0
390999, 108, 0, 0
390999, 26, 1, 0
392000, 117, 0, 0
392000, 35, 1, 0
392999, 95, 0, 0
392999, 27, 1, 0
393999, 93, 0, 0
393999, 22, 1, 0
394999, 115, 0, 0
394999, 32, 1, 0
396000, 106, 0, 0
396000, 24, 1, 0
396999, 105, 0, 0
396999, 32, 1, 0
397999, 101, 0, 0
397999, 28, 1, 0
399000, 125, 0, 0
399000, 39, 1, 0
399999, 101, 0, 0
399999, 26, 1, 0
400999, 113, 0, 0
400999, 29, 1, 0
402000, 93, 0, 0
402000, 21, 1, 0
402999, 97, 0, 0
402999, 23, 1, 0
403999, 113, 0, 0
403999, 21, 1, 0
405000, 117, 0, 0
405000, 29, 1, 0
406000, 110, 0, 0
406000, 29, 1, 0
406999, 107, 0, 0
406999, 24, 1, 0
407999, 107, 0, 0
407999, 30, 1, 0
409000, 112, 0, 0
409000, 22, 1, 0
409999, 95, 0, 0
409999, 39, 1, 0
410999, 107, 0, 0
410999, 20, 1, 0
412000, 106, 0, 0
412000, 21, 1, 0
412999, 100, 0, 0
412999, 25, 1, 0
413999, 102, 0, 0
413999, 27, 1, 0
415000, 99, 0, 0
415000, 22, 1, 0
415999, 101, 0, 0
415999, 16, 1, 0
416999, 104, 0, 0
416999, 19, 1, 0
418000, 95, 0, 0
418000, 27, 1, 0
419000, 134, 0, 0
419000, 35, 1, 0
419999, 109, 0, 0
419999, 32, 1, 0
420999, 99, 0, 0
420999, 31, 1, 0
422000, 114, 0, 0
422000, 42, 1, 0
422999, 107, 0, 0
422999, 29, 1, 0
423999, 91, 0, 0
423999, 24, 1, 0
425000, 103, 0, 0
425000, 25, 1, 0
425999, 99, 0, 0
425999, 19, 1, 0
426999, 106, 0, 0
426999, 18, 1, 0
428000, 107, 0, 0
428000, 26, 1, 0
428999, 94, 0, 0
428999, 17, 1, 0
429999, 104, 0, 0
429999, 23, 1, 0
431000, 99, 0, 0
431000, 28, 1, 0
431999, 103, 0, 0
431999, 26, 1, 0
432999, 102, 0, 0
432999, 17, 1, 0
434000, 106, 0, 0
434000, 23, 1, 0
434999, 96, 0, 0
434999, 27, 1, 0
435999, 108, 0, 0
435999, 22, 1, 0
437000, 101, 0, 0
437000, 29, 1, 0
438000, 99, 0, 0
438000, 31, 1, 0
438999, 111, 0, 0
438999, 25, 1, 0
439999, 97, 0, 0
439999, 30, 1, 0
441000, 107, 0, 0
441000, 29, 1, 0
441999, 98, 0, 0
441999, 25, 1, 0
442999, 112, 0, 0
442999, 20, 1, 0
444000, 98, 0, 0
444000, 25, 1, 0
444999, 118, 0, 0
444999, 26, 1, 0
445999, 118, 0, 0
445999, 30, 1, 0
447000, 96, 0, 0
447000, 28, 1, 0
447999, 111, 0, 0
447999, 28, 1, 0
448999, 101, 0, 0
448999, 23, 1, 0
450000, 110, 0, 0
450000, 23, 1, 0
450999, 112, 0, 0
450999, 21, 1, 0
451999, 111, 0, 0
451999, 23, 1, 0
452999, 99, 0, 0
452999, 37, 1, 0
454000, 97, 0, 0
454000, 20, 1, 0
454999, 117, 0, 0
454999, 33, 1, 0
455999, 88, 0, 0
455999, 29, 1, 0
457000, 114, 0, 0
457000, 34, 1, 0
457999, 117, 0, 0
457999, 16, 1, 0
458999, 97, 0, 0
458999, 30, 1, 0
460000, 112, 0, 0
460000, 34, 1, 0
460999, 107, 0, 0
460999, 31, 1, 0
461999, 105, 0, 0
461999, 29, 1, 0
463000, 114, 0, 0
463000, 17, 1, 0
464000, 90, 0, 0
464000, 24, 1, 0
464999, 113, 0, 0
464999, 30, 1, 0
466000, 107, 0, 0
466000, 27, 1, 0
466999, 93, 0, 0
466999, 20, 1, 0
467999, 108, 0, 0
467999, 26, 1, 0
468999, 100, 0, 0
468999, 24, 1, 0
470000, 112, 0, 0
470000, 40, 1, 0
470999, 103, 0, 0
470999, 16, 1, 0
471999, 112, 0, 0
471999, 29, 1, 0
473000, 103, 0, 0
473000, 25, 1, 0
474000, 101, 0, 0
474000, 24, 1, 0
474999, 92, 0, 0
474999, 21, 1, 0
476000, 109, 0, 0
476000, 22, 1, 0
477000, 107, 0, 0
477000, 29, 1, 0
477999, 100, 0, 0
477999, 22, 1, 0
478999, 110, 0, 0
478999, 33, 1, 0
480000, 103, 0, 0
480000, 23, 1, 0
480999, 103, 0, 0
480999, 18, 1, 0
481999, 107, 0, 0
481999, 26, 1, 0
482999, 107, 0, 0
482999, 25, 1, 0
484000, 100, 0, 0
484000, 24, 1, 0
484999, 119, 0, 0
484999, 22, 1, 0
485999, 99, 0, 0
485999, 33, 1, 0
487000, 107, 0, 0
487000, 25, 1, 0
487999, 114, 0, 0
487999, 27, 1, 0
488999, 109, 0, 0
488999, 31, 1, 0
490000, 102, 0, 0
490000, 28, 1, 0
491000, 110, 0, 0
491000, 31, 1, 0
491999, 97, 0, 0
491999, 21, 1, 0
492999, 104, 0, 0
492999, 28, 1, 0
494000, 110, 0, 0
494000, 22, 1, 0
494999, 112, 0, 0
494999, 20, 1, 0
495999, 109, 0, 0
495999, 25, 1, 0
497000, 103, 0, 0
497000, 21, 1, 0
497999, 105, 0, 0
497999, 26, 1, 0
498999, 105, 0, 0
498999, 32, 1, 0
500000, 93, 0, 0
500000, 30, 1, 0
500999, 116, 0, 0
500999, 16, 1, 0
501999, 109, 0, 0
501999, 21, 1, 0
503000, 102, 0, 0
503000, 32, 1, 0
503999, 108, 0, 0
503999, 26, 1, 0
504999, 107, 0, 0
504999, 21, 1, 0
506000, 105, 0, 0
506000, 29, 1, 0
506999, 114, 0, 0
506999, 30, 1, 0
507999, 107, 0, 0
507999, 26, 1, 0
508999, 107, 0, 0
508999, 31, 1, 0
510000, 113, 0, 0
510000, 28, 1, 0
510999, 98, 0, 0
510999, 25, 1, 0
511999, 101, 0, 0
511999, 29, 1, 0
513000, 121, 0, 0
513000, 31, 1, 0
513999, 113, 0, 0
513999, 18, 1, 0
514999, 110, 0, 0
514999, 28, 1, 0
516000, 103, 0, 0
516000, 32, 1, 0
516999, 114, 0, 0
516999, 24, 1, 0
517999, 108, 0, 0
517999, 41, 1, 0
519000, 117, 0, 0
519000, 22, 1, 0
520000, 102, 0, 0
520000, 31, 1, 0
520999, 104, 0, 0
520999, 35, 1, 0
521999, 96, 0, 0
521999, 26, 1, 0
523000, 111, 0, 0
523000, 28, 1, 0
523999, 98, 0, 0
523999, 25, 1, 0
524999, 120, 0, 0
524999, 22, 1, 0
526000, 100, 0, 0
526000, 26, 1, 0
527000, 104, 0, 0
527000, 26, 1, 0
527999, 106, 0, 0
527999, 33, 1, 0
529000, 118, 0, 0
529000, 28, 1, 0
530000, 107, 0, 0
530000, 21, 1, 0
530999, 117, 0, 0
530999, 42, 1, 0
532000, 96, 0, 0
532000, 30, 1, 0
533000, 117, 0, 0
533000, 36, 1, 0
533999, 114, 0, 0
533999, 32, 1, 0
534999, 107, 0, 0
534999, 25, 1, 0
536000, 109, 0, 0
536000, 31, 1, 0
536999, 112, 0, 0
536999, 24, 1, 0
537999, 98, 0, 0
537999, 15, 1, 0
539000, 113, 0, 0
539000, 18, 1, 0
539999, 116, 0, 0
539999, 28, 1, 0
540999, 107, 0, 0
540999, 25, 1, 0
542000, 95, 0, 0
542000, 18, 1, 0
542999, 111, 0, 0
542999, 30, 1, 0
543999, 105, 0, 0
543999, 21, 1, 0
545000, 117, 0, 0
545000, 38, 1, 0
546000, 105, 0, 0
546000, 27, 1, 0
546999, 113, 0, 0
546999, 28, 1, 0
547999, 105, 0, 0
547999, 30, 1, 0
549000, 112, 0, 0
549000, 34, 1, 0
549999, 98, 0, 0
549999, 31, 1, 0
550999, 136, 0, 0
550999, 32, 1, 0
552000, 105, 0, 0
552000, 36, 1, 0
552999, 115, 0, 0
552999, 27, 1, 0
553999, 115, 0, 0
553999, 20, 1, 0
555000, 106, 0, 0
555000, 27, 1, 0
555999, 108, 0, 0
555999, 25, 1, 0
556999, 118, 0, 0
556999, 27, 1, 0
558000, 102, 0, 0
558000, 27, 1, 0
559000, 124, 0, 0
559000, 25, 1, 0
559999, 110, 0, 0
559999, 31, 1, 0
561000, 111, 0, 0
561000, 35, 1, 0
562000, 113, 0, 0
562000, 29, 1, 0
562999, 114, 0, 0
562999, 29, 1, 0
563999, 106, 0, 0
563999, 19, 1, 0
565000, 111, 0, 0
565000, 26, 1, 0
565999, 107, 0, 0
565999, 18, 1, 0
566999, 108, 0, 0
566999, 27, 1, 0
568000, 105, 0, 0
568000, 30, 1, 0
569000, 110, 0, 0
569000, 27, 1, 0
570000, 106, 0, 0
570000, 26, 1, 0
571000, 112, 0, 0
571000, 15, 1, 0
572000, 114, 0, 0
572000, 28, 1, 0
573000, 108, 0, 0
573000, 24, 1, 0
573999, 97, 0, 0
573999, 20, 1, 0
575000, 119, 0, 0
575000, 19, 1, 0
576000, 98, 0, 0
576000, 19, 1, 0
577000, 106, 0, 0
577000, 34, 1, 0
578000, 115, 0, 0
578000, 20, 1, 0
579000, 115, 0, 0
579000, 30, 1, 0
580000, 106, 0, 0
580000, 29, 1, 0
581000, 104, 0, 0
581000, 21, 1, 0
582000, 117, 0, 0
582000, 38, 1, 0
583000, 120, 0, 0
583000, 24, 1, 0
584000, 94, 0, 0
584000, 34, 1, 0
585000, 113, 0, 0
585000, 26, 1, 0
586000, 106, 0, 0
586000, 25, 1, 0
587000, 119, 0, 0
587000, 25, 1, 0
588000, 104, 0, 0
588000, 21, 1, 0
589001, 110, 0, 0
589001, 31, 1, 0
590000, 115, 0, 0
590000, 32, 1, 0
591000, 108, 0, 0
591000, 30, 1, 0
592000, 120, 0, 0
592000, 30, 1, 0
593000, 106, 0, 0
593000, 35, 1, 0
594000, 119, 0, 0
594000, 30, 1, 0
595000, 110, 0, 0
595000, 32, 1, 0
596000, 122, 0, 0
596000, 25, 1, 0
597000, 92, 0, 0
597000, 17, 1, 0
598000, 106, 0, 0
598000, 19, 1, 0
599000, 97, 0, 0
599000, 26, 1, 0
600000, 134, 0, 0
600000, 23, 1, 0
601000, 111, 0, 0
601000, 44, 1, 0
602000, 106, 0, 0
602000, 16, 1, 0
603000, 114, 0, 0
603000, 27, 1, 0
604000, 98, 0, 0
604000, 25, 1, 0
605000, 107, 0, 0
605000, 29, 1, 0
606000, 124, 0, 0
606000, 27, 1, 0
606999, 113, 0, 0
606999, 23, 1, 0
608000, 114, 0, 0
608000, 36, 1, 0
609000, 119, 0, 0
609000, 31, 1, 0
610000, 95, 0, 0
610000, 29, 1, 0
611000, 109, 0, 0
611000, 15, 1, 0
612000, 102, 0, 0
612000, 20, 1, 0
613000, 104, 0, 0
613000, 17, 1, 0
614000, 107, 0, 0
614000, 35, 1, 0
615000, 103, 0, 0
615000, 29, 1, 0
615999, 107, 0, 0
615999, 28, 1, 0
617000, 96, 0, 0
617000, 20, 1, 0
618000, 114, 0, 0
618000, 28, 1, 0
618999, 111, 0, 0
618999, 17, 1, 0
619999, 115, 0, 0
619999, 23, 1, 0
621000, 117, 0, 0
621000, 29, 1, 0
621999, 101, 0, 0
621999, 28, 1, 0
622999, 117, 0, 0
622999, 23, 1, 0
623998, 103, 0, 0
623998, 29, 1, 0
624998, 109, 0, 0
624998, 24, 1, 0
625999, 133, 0, 0
625999, 37, 1, 0
626998, 101, 0, 0
626998, 25, 1, 0
627998, 118, 0, 0
627998, 33, 1, 0
628997, 97, 0, 0
628997, 29, 1, 0
629997, 90, 0, 0
629997, 25, 1, 0
630998, 113, 0, 0
630998, 22, 1, 0
631997, 112, 0, 0
631997, 32, 1, 0
632997, 119, 0, 0
632997, 26, 1, 0
633996, 104, 0, 0
633996, 27, 1, 0
634997, 96, 0, 0
634997, 25, 1, 0
635997, 108, 0, 0
635997, 20, 1, 0
636996, 132, 0, 0
636996, 16, 1, 0
637996, 109, 0, 0
637996, 31, 1, 0
638995, 102, 0, 0
638995, 24, 1, 0
639996, 115, 0, 0
639996, 24, 1, 0
640996, 99, 0, 0
640996, 18, 1, 0
641995, 117, 0, 0
641995, 27, 1, 0
642995, 115, 0, 0
642995, 26, 1, 0
643994, 122, 0, 0
643994, 24, 1, 0
644995, 97, 0, 0
644995, 37, 1, 0
645995, 112, 0, 0
645995, 19, 1, 0
646994, 114, 0, 0
646994, 28, 1, 0
647994, 101, 0, 0
647994, 21, 1, 0
648993, 111, 0, 0
648993, 19, 1, 0
649994, 108, 0, 0
649994, 26, 1, 0
650994, 107, 0, 0
650994, 18, 1, 0
651993, 115, 0, 0
651993, 18, 1, 0
652993, 105, 0, 0
652993, 22, 1, 0
653992, 120, 0, 0
653992, 21, 1, 0
654993, 116, 0, 0
654993, 32, 1, 0
655993, 113, 0, 0
655993, 28, 1, 0
656992, 108, 0, 0
656992, 23, 1, 0
657992, 102, 0, 0
657992, 22, 1, 0
658991, 119, 0, 0
658991, 30, 1, 0
659992, 94, 0, 0
659992, 21, 1, 0
660992, 115, 0, 0
660992, 33, 1, 0
661991, 110, 0, 0
661991, 29, 1, 0
662991, 100, 0, 0
662991, 33, 1, 0
663991, 110, 0, 0
663991, 25, 1, 0
664991, 113, 0, 0
664991, 35, 1, 0
665991, 101, 0, 0
665991, 34, 1, 0
667000, 117, 0, 0
667000, 33, 1, 0
668000, 117, 0, 0
668000, 33, 1, 0
668999, 115, 0, 0
668999, 27, 1, 0
670000, 108, 0, 0
670000, 26, 1, 0
671000, 102, 0, 0
671000, 28, 1, 0
671999, 112, 0, 0
671999, 28, 1, 0
672999, 99, 0, 0
672999, 32, 1, 0
674000, 95, 0, 0
674000, 28, 1, 0
674999, 118, 0, 0
674999, 24, 1, 0
675999, 109, 0, 0
675999, 29, 1, 0
677000, 107, 0, 0
677000, 28, 1, 0
677999, 111, 0, 0
677999, 29, 1, 0
678999, 103, 0, 0
678999, 34, 1, 0
680000, 111, 0, 0
680000, 17, 1, 0
680999, 124, 0, 0
680999, 30, 1, 0
681999, 115, 0, 0
681999, 19, 1, 0
683000, 118, 0, 0
683000, 39, 1, 0
684000, 123, 0, 0
684000, 32, 1, 0
684999, 115, 0, 0
684999, 29, 1, 0
686000, 102, 0, 0
686000, 30, 1, 0
687000, 113, 0, 0
687000, 30, 1, 0
687999, 111, 0, 0
687999, 13, 1, 0
688999, 122, 0, 0
688999, 27, 1, 0
690000, 125, 0, 0
690000, 27, 1, 0
690999, 121, 0, 0
690999, 47, 1, 0
691999, 101, 0, 0
691999, 24, 1, 0
693000, 139, 0, 0
693000, 35, 1, 0
693999, 120, 0, 0
693999, 18, 1, 0
694999, 118, 0, 0
694999, 26, 1, 0
696000, 117, 0, 0
696000, 37, 1, 0
697000, 119, 0, 0
697000, 31, 1, 0
697999, 112, 0, 0
697999, 24, 1, 0
699000, 95, 0, 0
699000, 22, 1, 0
700000, 125, 0, 0
700000, 23, 1, 0
700999, 106, 0, 0
700999, 29, 1, 0
702000, 100, 0, 0
702000, 24, 1, 0
703000, 115, 0, 0
703000, 38, 1, 0
703999, 106, 0, 0
703999, 29, 1, 0
704999, 111, 0, 0
704999, 26, 1, 0
706000, 103, 0, 0
706000, 30, 1, 0
706999, 100, 0, 0
706999, 26, 1, 0
707999, 123, 0, 0
707999, 36, 1, 0
709000, 99, 0, 0
709000, 32, 1, 0
709999, 100, 0, 0
709999, 31, 1, 0
710999, 112, 0, 0
710999, 16, 1, 0
711999, 107, 0, 0
711999, 28, 1, 0
713000, 108, 0, 0
713000, 39, 1, 0
714000, 129, 0, 0
714000, 34, 1, 0
714999, 107, 0, 0
714999, 25, 1, 0
716000, 115, 0, 0
716000, 22, 1, 0
717000, 109, 0, 0
717000, 32, 1, 0
717999, 113, 0, 0
717999, 19, 1, 0
718999, 112, 0, 0
718999, 38, 1, 0
720000, 112, 0, 0
720000, 35, 1, 0
720999, 115, 0, 0
720999, 18, 1, 0
721999, 114, 0, 0
721999, 18, 1, 0
723000, 115, 0, 0
723000, 34, 1, 0
723999, 105, 0, 0
723999, 28, 1, 0
724999, 113, 0, 0
724999, 27, 1, 0
726000, 122, 0, 0
726000, 29, 1, 0
726999, 123, 0, 0
726999, 27, 1, 0
727999, 107, 0, 0
727999, 25, 1, 0
729000, 113, 0, 0
729000, 23, 1, 0
729999, 121, 0, 0
729999, 34, 1, 0
730999, 109, 0, 0
730999, 36, 1, 0
732000, 111, 0, 0
732000, 32, 1, 0
733000, 116, 0, 0
733000, 27, 1, 0
733999, 109, 0, 0
733999, 23, 1, 0
735000, 117, 0, 0
735000, 21, 1, 0
736000, 119, 0, 0
736000, 33, 1, 0
736999, 103, 0, 0
736999, 18, 1, 0
738000, 115, 0, 0
738000, 36, 1, 0
739000, 102, 0, 0
739000, 36, 1, 0
739999, 119, 0, 0
739999, 28, 1, 0
741000, 103, 0, 0
741000, 28, 1, 0
741999, 112, 0, 0
741999, 32, 1, 0
742999, 117, 0, 0
742999, 34, 1, 0
744000, 115, 0, 0
744000, 33, 1, 0
744999, 117, 0, 0
744999, 32, 1, 0
745999, 120, 0, 0
745999, 28, 1, 0
747000, 119, 0, 0
747000, 23, 1, 0
747999, 115, 0, 0
747999, 22, 1, 0
748999, 92, 0, 0
748999, 23, 1, 0
750000, 115, 0, 0
750000, 33, 1, 0
751000, 107, 0, 0
751000, 24, 1, 0
751999, 128, 0, 0
751999, 24, 1, 0
753000, 119, 0, 0
753000, 34, 1, 0
754000, 111, 0, 0
754000, 19, 1, 0
754999, 109, 0, 0
754999, 29, 1, 0
756000, 121, 0, 0
756000, 43, 1, 0
757000, 109, 0, 0
757000, 31, 1, 0
757999, 123, 0, 0
757999, 28, 1, 0
758999, 113, 0, 0
758999, 29, 1, 0
760000, 117, 0, 0
760000, 23, 1, 0
760999, 119, 0, 0
760999, 30, 1, 0
762000, 114, 0, 0
762000, 26, 1, 0
763000, 113, 0, 0
763000, 23, 1, 0
763999, 107, 0, 0
763999, 31, 1, 0
764999, 110, 0, 0
764999, 27, 1, 0
766000, 102, 0, 0
766000, 38, 1, 0
766999, 119, 0, 0
766999, 28, 1, 0
767999, 110, 0, 0
767999, 25, 1, 0
769000, 122, 0, 0
769000, 30, 1, 0
769999, 99, 0, 0
769999, 31, 1, 0
770999, 101, 0, 0
770999, 32, 1, 0
772000, 117, 0, 0
772000, 22, 1, 0
772999, 108, 0, 0
772999, 19, 1, 0
773999, 99, 0, 0
773999, 31, 1, 0
775000, 124, 0, 0
775000, 38, 1, 0
775999, 105, 0, 0
775999, 27, 1, 0
776999, 119, 0, 0
776999, 26, 1, 0
778000, 120, 0, 0
778000, 37, 1, 0
779000, 108, 0, 0
779000, 22, 1, 0
779999, 128, 0, 0
779999, 25, 1, 0
781000, 120, 0, 0
781000, 32, 1, 0
782000, 111, 0, 0
782000, 31, 1, 0
782999, 104, 0, 0
782999, 47, 1, 0
783999, 126, 0, 0
783999, 37, 1, 0
785000, 107, 0, 0
785000, 33, 1, 0
785999, 109, 0, 0
785999, 24, 1, 0
786999, 135, 0, 0
786999, 35, 1, 0
788000, 123, 0, 0
788000, 45, 1, 0
788999, 122, 0, 0
788999, 24, 1, 0
789999, 126, 0, 0
789999, 28, 1, 0
791000, 112, 0, 0
791000, 26, 1, 0
791999, 114, 0, 0
791999, 24, 1, 0
792999, 110, 0, 0
792999, 27, 1, 0
794000, 108, 0, 0
794000, 28, 1, 0
794999, 120, 0, 0
794999, 18, 1, 0
795999, 112, 0, 0
795999, 25, 1, 0
797000, 108, 0, 0
797000, 35, 1, 0
797999, 121, 0, 0
797999, 16, 1, 0
798999, 111, 0, 0
798999, 29, 1, 0
800000, 103, 0, 0
800000, 29, 1, 0
800999, 85, 0, 0
800999, 37, 1, 0
801999, 108, 0, 0
801999, 26, 1, 0
802999, 100, 0, 0
802999, 37, 1, 0
804000, 122, 0, 0
804000, 27, 1, 0
804999, 110, 0, 0
804999, 31, 1, 0
805999, 120, 0, 0
805999, 26, 1, 0
807000, 115, 0, 0
807000, 37, 1, 0
807999, 96, 0, 0
807999, 15, 1, 0
808999, 120, 0, 0
808999, 29, 1, 0
810000, 122, 0, 0
810000, 30, 1, 0
810999, 109, 0, 0
810999, 38, 1, 0
811999, 101, 0, 0
811999, 20, 1, 0
813000, 111, 0, 0
813000, 27, 1, 0
813999, 136, 0, 0
813999, 31, 1, 0
814999, 105, 0, 0
814999, 25, 1, 0
816000, 123, 0, 0
816000, 23, 1, 0
816999, 123, 0, 0
816999, 25, 1, 0
817999, 119, 0, 0
817999, 21, 1, 0
819000, 119, 0, 0
819000, 29, 1, 0
819999, 112, 0, 0
819999, 25, 1, 0
820999, 109, 0, 0
820999, 23, 1, 0
822000, 136, 0, 0
822000, 23, 1, 0
822999, 116, 0, 0
822999, 40, 1, 0
823999, 112, 0, 0
823999, 33, 1, 0
825000, 103, 0, 0
825000, 25, 1, 0
825999, 105, 0, 0
825999, 43, 1, 0
826999, 118, 0, 0
826999, 38, 1, 0
828000, 116, 0, 0
828000, 27, 1, 0
828999, 127, 0, 0
828999, 33, 1, 0
829999, 141, 0, 0
829999, 34, 1, 0
831000, 117, 0, 0
831000, 39, 1, 0
831999, 110, 0, 0
831999, 24, 1, 0
832999, 140, 0, 0
832999, 28, 1, 0
834000, 111, 0, 0
834000, 38, 1, 0
835000, 110, 0, 0
835000, 28, 1, 0
835999, 125, 0, 0
835999, 35, 1, 0
836999, 111, 0, 0
836999, 22, 1, 0
838000, 109, 0, 0
838000, 31, 1, 0
838999, 123, 0, 0
838999, 21, 1, 0
839999, 110, 0, 0
839999, 22, 1, 0
841000, 128, 0, 0
841000, 37, 1, 0
841999, 109, 0, 0
841999, 36, 1, 0
842999, 116, 0, 0
842999, 31, 1, 0
844000, 117, 0, 0
844000, 33, 1, 0
844999, 114, 0, 0
844999, 36, 1, 0
845999, 113, 0, 0
845999, 35, 1, 0
847000, 128, 0, 0
847000, 22, 1, 0
847999, 123, 0, 0
847999, 29, 1, 0
848999, 97, 0, 0
848999, 30, 1, 0
850000, 149, 0, 0
850000, 26, 1, 0
850999, 114, 0, 0
850999, 28, 1, 0
851999, 101, 0, 0
851999, 24, 1, 0
853000, 112, 0, 0
853000, 24, 1, 0
853999, 119, 0, 0
853999, 30, 1, 0
854999, 114, 0, 0
854999, 28, 1, 0
856000, 112, 0, 0
856000, 32, 1, 0
857000, 123, 0, 0
857000, 42, 1, 0
857999, 123, 0, 0
857999, 26, 1, 0
858999, 109, 0, 0
858999, 24, 1, 0
860000, 126, 0, 0
860000, 36, 1, 0
860999, 112, 0, 0
860999, 26, 1, 0
861999, 133, 0, 0
861999, 25, 1, 0
863000, 103, 0, 0
863000, 30, 1, 0
863999, 115, 0, 0
863999, 29, 1, 0
864999, 120, 0, 0
864999, 13, 1, 0
866000, 135, 0, 0
866000, 30, 1, 0
866999, 123, 0, 0
866999, 28, 1, 0
867999, 113, 0, 0
867999, 21, 1, 0
869000, 118, 0, 0
869000, 36, 1, 0
869999, 135, 0, 0
869999, 53, 1, 0
870999, 121, 0, 0
870999, 34, 1, 0
872000, 124, 0, 0
872000, 42, 1, 0
872999, 96, 0, 0
872999, 35, 1, 0
873999, 115, 0, 0
873999, 33, 1, 0
875000, 108, 0, 0
875000, 25, 1, 0
875999, 115, 0, 0
875999, 27, 1, 0
876999, 132, 0, 0
876999, 26, 1, 0
878000, 112, 0, 0
878000, 42, 1, 0
878999, 133, 0, 0
878999, 37, 1, 0
879999, 125, 0, 0
879999, 39, 1, 0
881000, 108, 0, 0
881000, 32, 1, 0
882000, 107, 0, 0
882000, 23, 1, 0
882999, 126, 0, 0
882999, 24, 1, 0
884000, 108, 0, 0
884000, 27, 1, 0
885000, 121, 0, 0
885000, 29, 1, 0
885999, 130, 0, 0
885999, 32, 1, 0
886999, 116, 0, 0
886999, 33, 1, 0
888000, 110, 0, 0
888000, 40, 1, 0
888999, 118, 0, 0
888999, 29, 1, 0
889999, 115, 0, 0
889999, 28, 1, 0
891000, 121, 0, 0
891000, 28, 1, 0
891999, 112, 0, 0
891999, 25, 1, 0
892999, 130, 0, 0
892999, 14, 1, 0
894000, 114, 0, 0
894000, 26, 1, 0
894999, 114, 0, 0
894999, 34, 1, 0
895999, 109, 0, 0
895999, 26, 1, 0
897000, 123, 0, 0
897000, 35, 1, 0
897999, 132, 0, 0
897999, 31, 1, 0
898999, 116, 0, 0
898999, 25, 1, 0
900000, 118, 0, 0
900000, 28, 1, 0
900999, 113, 0, 0
900999, 29, 1, 0
901999, 117, 0, 0
901999, 29, 1, 0
903000, 103, 0, 0
903000, 27, 1, 0
904000, 143, 0, 0
904000, 29, 1, 0
904999, 112, 0, 0
904999, 34, 1, 0
905999, 105, 0, 0
905999, 29, 1, 0
907000, 106, 0, 0
907000, 16, 1, 0
907999, 143, 0, 0
907999, 38, 1, 0
908999, 108, 0, 0
908999, 33, 1, 0
910000, 127, 0, 0
910000, 30, 1, 0
910999, 123, 0, 0
910999, 27, 1, 0
911999, 114, 0, 0
911999, 42, 1, 0
913000, 105, 0, 0
913000, 31, 1, 0
913999, 138, 0, 0
913999, 28, 1, 0
914999, 107, 0, 0
914999, 23, 1, 0
916000, 110, 0, 0
916000, 32, 1, 0
916999, 109, 0, 0
916999, 23, 1, 0
917999, 124, 0, 0
917999, 35, 1, 0
919000, 125, 0, 0
919000, 37, 1, 0
920000, 106, 0, 0
920000, 22, 1, 0
920999, 114, 0, 0
920999, 38, 1, 0
921999, 112, 0, 0
921999, 37, 1, 0
923000, 108, 0, 0
923000, 37, 1, 0
923999, 131, 0, 0
923999, 32, 1, 0
924999, 121, 0, 0
924999, 33, 1, 0
926000, 117, 0, 0
926000, 34, 1, 0
926999, 126, 0, 0
926999, 35, 1, 0
927999, 111, 0, 0
927999, 26, 1, 0
929000, 120, 0, 0
929000, 22, 1, 0
929999, 131, 0, 0
929999, 23, 1, 0
930999, 118, 0, 0
930999, 28, 1, 0
932000, 102, 0, 0
932000, 15, 1, 0
933000, 123, 0, 0
933000, 33, 1, 0
933999, 109, 0, 0
933999, 19, 1, 0
934999, 117, 0, 0
934999, 23, 1, 0
936000, 112, 0, 0
936000, 32, 1, 0
936999, 109, 0, 0
936999, 29, 1, 0
937999, 129, 0, 0
937999, 33, 1, 0
939000, 124, 0, 0
939000, 39, 1, 0
939999, 128, 0, 0
939999, 34, 1, 0
940999, 111, 0, 0
940999, 28, 1, 0
942000, 133, 0, 0
942000, 43, 1, 0
942999, 105, 0, 0
942999, 32, 1, 0
943999, 135, 0, 0
943999, 32, 1, 0
945000, 125, 0, 0
945000, 36, 1, 0
945999, 127, 0, 0
945999, 29, 1, 0
946999, 125, 0, 0
946999, 29, 1, 0
948000, 113, 0, 0
948000, 22, 1, 0
949000, 132, 0, 0
949000, 33, 1, 0
949999, 113, 0, 0
949999, 30, 1, 0
950999, 118, 0, 0
950999, 30, 1, 0
952000, 105, 0, 0
952000, 27, 1, 0
952999, 116, 0, 0
952999, 23, 1, 0
953999, 111, 0, 0
953999, 31, 1, 0
955000, 152, 0, 0
955000, 43, 1, 0
955999, 140, 0, 0
955999, 31, 1, 0
956999, 113, 0, 0
956999, 31, 1, 0
958000, 112, 0, 0
958000, 23, 1, 0
958999, 134, 0, 0
958999, 40, 1, 0
959999, 116, 0, 0
959999, 31, 1, 0
961000, 129, 0, 0
961000, 34, 1, 0
962000, 116, 0, 0
962000, 21, 1, 0
962999, 123, 0, 0
962999, 21, 1, 0
963999, 129, 0, 0
963999, 26, 1, 0
965000, 129, 0, 0
965000, 35, 1, 0
965999, 111, 0, 0
965999, 36, 1, 0
966999, 127, 0, 0
966999, 33, 1, 0
968000, 104, 0, 0
968000, 30, 1, 0
969000, 131, 0, 0
969000, 29, 1, 0
969999, 122, 0, 0
969999, 21, 1, 0
971000, 112, 0, 0
971000, 32, 1, 0
972000, 126, 0, 0
972000, 28, 1, 0
972999, 120, 0, 0
972999, 39, 1, 0
973999, 134, 0, 0
973999, 39, 1, 0
975000, 114, 0, 0
975000, 38, 1, 0
975999, 120, 0, 0
975999, 18, 1, 0
976999, 139, 0, 0
976999, 40, 1, 0
978000, 116, 0, 0
978000, 28, 1, 0
978999, 131, 0, 0
978999, 40, 1, 0
979999, 128, 0, 0
979999, 36, 1, 0
981000, 113, 0, 0
981000, 28, 1, 0
981999, 117, 0, 0
981999, 20, 1, 0
982999, 122, 0, 0
982999, 16, 1, 0
984000, 124, 0, 0
984000, 30, 1, 0
984999, 136, 0, 0
984999, 27, 1, 0
985999, 140, 0, 0
985999, 30, 1, 0
987000, 134, 0, 0
987000, 34, 1, 0
987999, 116, 0, 0
987999, 40, 1, 0
988999, 132, 0, 0
988999, 31, 1, 0
990000, 119, 0, 0
990000, 33, 1, 0
991000, 128, 0, 0
991000, 35, 1, 0
991999, 126, 0, 0
991999, 34, 1, 0
993000, 132, 0, 0
993000, 37, 1, 0
993999, 103, 0, 0
993999, 29, 1, 0
994999, 137, 0, 0
994999, 41, 1, 0
996000, 109, 0, 0
996000, 26, 1, 0
997000, 135, 0, 0
997000, 31, 1, 0
997999, 124, 0, 0
997999, 23, 1, 0
998999, 112, 0, 0
998999, 24, 1, 0
1000000, 111, 0, 0
1000000, 29, 1, 0
1000999, 116, 0, 0
1000999, 31, 1, 0
1001999, 127, 0, 0
1001999, 31, 1, 0
1003000, 116, 0, 0
1003000, 32, 1, 0
1003999, 112, 0, 0
1003999, 24, 1, 0
1004999, 122, 0, 0
1004999, 30, 1, 0
1006000, 138, 0, 0
1006000, 34, 1, 0
1006999, 104, 0, 0
1006999, 27, 1, 0
1007999, 131, 0, 0
1007999, 22, 1, 0
1009000, 119, 0, 0
1009000, 26, 1, 0
1009999, 136, 0, 0
1009999, 51, 1, 0
1010999, 113, 0, 0
1010999, 22, 1, 0
1012000, 131, 0, 0
1012000, 25, 1, 0
1013000, 123, 0, 0
1013000, 45, 1, 0
1013999, 138, 0, 0
1013999, 32, 1, 0
1015000, 132, 0, 0
1015000, 30, 1, 0
1016000, 126, 0, 0
1016000, 37, 1, 0
1016999, 117, 0, 0
1016999, 39, 1, 0
1018000, 130, 0, 0
1018000, 45, 1, 0
1018999, 114, 0, 0
1018999, 26, 1, 0
1019999, 138, 0, 0
1019999, 30, 1, 0
1021000, 118, 0, 0
1021000, 26, 1, 0
1021999, 130, 0, 0
1021999, 30, 1, 0
1022999, 117, 0, 0
1022999, 26, 1, 0
1024000, 103, 0, 0
1024000, 24, 1, 0
1024999, 111, 0, 0
1024999, 24, 1, 0
1025999, 102, 0, 0
1025999, 31, 1, 0
1027000, 104, 0, 0
1027000, 29, 1, 0
1028000, 111, 0, 0
1028000, 26, 1, 0
1028999, 95, 0, 0
1028999, 25, 1, 0
1029999, 128, 0, 0
1029999, 22, 1, 0
1031000, 86, 0, 0
1031000, 20, 1, 0
1031999, 104, 0, 0
1031999, 24, 1, 0
1032999, 139, 0, 0
1032999, 40, 1, 0
1034000, 133, 0, 0
1034000, 31, 1, 0
1034999, 125, 0, 0
1034999, 29, 1, 0
1035999, 103, 0, 0
1035999, 20, 1, 0
1037000, 130, 0, 0
1037000, 27, 1, 0
1037999, 120, 0, 0
1037999, 23, 1, 0
1038999, 134, 0, 0
1038999, 39, 1, 0
1040000, 148, 0, 0
1040000, 38, 1, 0
1040999, 87, 0, 0
1040999, 16, 1, 0
1041999, 91, 0, 0
1041999, 23, 1, 0
1043000, 131, 0, 0
1043000, 42, 1, 0
1044000, 115, 0, 0
1044000, 28, 1, 0
1044999, 150, 0, 0
1044999, 40, 1, 0
1045999, 166, 0, 0
1045999, 50, 1, 0
1047000, 90, 0, 0
1047000, 21, 1, 0
1047999, 112, 0, 0
1047999, 27, 1, 0
1049000, 110, 0, 0
1049000, 36, 1, 0
1050000, 114, 0, 0
1050000, 31, 1, 0
1050999, 104, 0, 0
1050999, 29, 1, 0
1051999, 110, 0, 0
1051999, 21, 1, 0
1053000, 96, 0, 0
1053000, 18, 1, 0
1053999, 113, 0, 0
1053999, 44, 1, 0
1054999, 75, 0, 0
1054999, 17, 1, 0
1056000, 96, 0, 0
1056000, 24, 1, 0
1056999, 134, 0, 0
1056999, 31, 1, 0
1057999, 77, 0, 0
1057999, 24, 1, 0
1059000, 96, 0, 0
1059000, 20, 1, 0
1059999, 114, 0, 0
1059999, 27, 1, 0
1060999, 115, 0, 0
1060999, 24, 1, 0
1062000, 117, 0, 0
1062000, 39, 1, 0
1062999, 119, 0, 0
1062999, 24, 1, 0
1063999, 104, 0, 0
1063999, 21, 1, 0
1065000, 110, 0, 0
1065000, 30, 1, 0
1065999, 73, 0, 0
1065999, 20, 1, 0
1066999, 101, 0, 0
1066999, 27, 1, 0
1067999, 99, 0, 0
1067999, 20, 1, 0
1069000, 106, 0, 0
1069000, 35, 1, 0
1069999, 115, 0, 0
1069999, 24, 1, 0
1070999, 113, 0, 0
1070999, 28, 1, 0
1072000, 145, 0, 0
1072000, 34, 1, 0
1072999, 121, 0, 0
1072999, 31, 1, 0
1073999, 133, 0, 0
1073999, 29, 1, 0
1075000, 118, 0, 0
1075000, 34, 1, 0
1075999, 119, 0, 0
1075999, 28, 1, 0
1076999, 137, 0, 0
1076999, 36, 1, 0
1078000, 127, 0, 0
1078000, 40, 1, 0
1079000, 126, 0, 0
1079000, 44, 1, 0
1079999, 104, 0, 0
1079999, 25, 1, 0
1080999, 117, 0, 0
1080999, 28, 1, 0
1081999, 101, 0, 0
1081999, 15, 1, 0
1082999, 131, 0, 0
1082999, 34, 1, 0
1083999, 129, 0, 0
1083999, 27, 1, 0
1085000, 115, 0, 0
1085000, 19, 1, 0
1085999, 118, 0, 0
1085999, 34, 1, 0
1086999, 97, 0, 0
1086999, 29, 1, 0
1088000, 120, 0, 0
1088000, 36, 1, 0
1088999, 124, 0, 0
1088999, 28, 1, 0
1089999, 80, 0, 0
1089999, 23, 1, 0
1091000, 110, 0, 0
1091000, 39, 1, 0
1091999, 149, 0, 0
1091999, 21, 1, 0
1092999, 117, 0, 0
1092999, 36, 1, 0
1094000, 115, 0, 0
1094000, 28, 1, 0
1094999, 110, 0, 0
1094999, 17, 1, 0
1095999, 166, 0, 0
1095999, 40, 1, 0
1097000, 105, 0, 0
1097000, 30, 1, 0
1097999, 105, 0, 0
1097999, 18, 1, 0
1098999, 135, 0, 0
1098999, 23, 1, 0
1100000, 126, 0, 0
1100000, 30, 1, 0
1100999, 121, 0, 0
1100999, 30, 1, 0
1101999, 116, 0, 0
1101999, 51, 1, 0
1103000, 134, 0, 0
1103000, 39, 1, 0
1103999, 125, 0, 0
1103999, 38, 1, 0
1104999, 88, 0, 0
1104999, 23, 1, 0
1106000, 141, 0, 0
1106000, 36, 1, 0
1106999, 120, 0, 0
1106999, 33, 1, 0
1107999, 136, 0, 0
1107999, 42, 1, 0
1109000, 124, 0, 0
1109000, 38, 1, 0
1109999, 110, 0, 0
1109999, 34, 1, 0
1110999, 139, 0, 0
1110999, 30, 1, 0
1112000, 127, 0, 0
1112000, 36, 1, 0
1112999, 131, 0, 0
1112999, 40, 1, 0
1113999, 122, 0, 0
1113999, 48, 1, 0
1115000, 112, 0, 0
1115000, 25, 1, 0
1116000, 111, 0, 0
1116000, 25, 1, 0
1116999, 157, 0, 0
1116999, 29, 1, 0
1117999, 101, 0, 0
1117999, 32, 1, 0
1119000, 124, 0, 0
1119000, 35, 1, 0
1119999, 109, 0, 0
1119999, 27, 1, 0
1120999, 129, 0, 0
1120999, 28, 1, 0
1122000, 106, 0, 0
1122000, 24, 1, 0
1122999, 156, 0, 0
1122999, 43, 1, 0
1123999, 116, 0, 0
1123999, 37, 1, 0
1125000, 89, 0, 0
1125000, 20, 1, 0
1125999, 131, 0, 0
1125999, 37, 1, 0
1126999, 135, 0, 0
1126999, 37, 1, 0
1127999, 142, 0, 0
1127999, 34, 1, 0
1129000, 133, 0, 0
1129000, 28, 1, 0
1129999, 113, 0, 0
1129999, 37, 1, 0
1130999, 101, 0, 0
1130999, 35, 1, 0
1132000, 120, 0, 0
1132000, 25, 1, 0
1132999, 128, 0, 0
1132999, 35, 1, 0
1133999, 99, 0, 0
1133999, 26, 1, 0
1135000, 92, 0, 0
1135000, 20, 1, 0
1135999, 125, 0, 0
1135999, 36, 1, 0
1136999, 92, 0, 0
1136999, 20, 1, 0
1138000, 124, 0, 0
1138000, 25, 1, 0
1138999, 140, 0, 0
1138999, 31, 1, 0
1139999, 130, 0, 0
1139999, 39, 1, 0
1141000, 145, 0, 0
1141000, 47, 1, 0
1142000, 86, 0, 0
1142000, 21, 1, 0
1142999, 65, 0, 0
1142999, 23, 1, 0
1143999, 121, 0, 0
1143999, 26, 1, 0
1145000, 117, 0, 0
1145000, 21, 1, 0
1145999, 130, 0, 0
1145999, 31, 1, 0
1146999, 94, 0, 0
1146999, 20, 1, 0
1148000, 91, 0, 0
1148000, 31, 1, 0
1148999, 121, 0, 0
1148999, 31, 1, 0
1149999, 75, 0, 0
1149999, 16, 1, 0
1151000, 110, 0, 0
1151000, 29, 1, 0
1151999, 140, 0, 0
1151999, 50, 1, 0
1152999, 124, 0, 0
1152999, 27, 1, 0
1154000, 126, 0, 0
1154000, 25, 1, 0
1154999, 121, 0, 0
1154999, 23, 1, 0
1155999, 152, 0, 0
1155999, 48, 1, 0
1156999, 128, 0, 0
1156999, 26, 1, 0
1158000, 139, 0, 0
1158000, 33, 1, 0
1158999, 119, 0, 0
1158999, 36, 1, 0
1159999, 121, 0, 0
1159999, 25, 1, 0
1161000, 109, 0, 0
1161000, 35, 1, 0
1162000, 132, 0, 0
1162000, 37, 1, 0
1162999, 147, 0, 0
1162999, 31, 1, 0
1163999, 111, 0, 0
1163999, 22, 1, 0
1165000, 113, 0, 0
1165000, 14, 1, 0
1165999, 118, 0, 0
1165999, 29, 1, 0
1166999, 91, 0, 0
1166999, 26, 1, 0
1168000, 115, 0, 0
1168000, 29, 1, 0
1168999, 108, 0, 0
1168999, 25, 1, 0
1169999, 117, 0, 0
1169999, 25, 1, 0
1171000, 122, 0, 0
1171000, 41, 1, 0
1171999, 107, 0, 0
1171999, 25, 1, 0
1172999, 140, 0, 0
1172999, 46, 1, 0
1174000, 140, 0, 0
1174000, 52, 1, 0
1174999, 118, 0, 0
1174999, 33, 1, 0
1175999, 145, 0, 0
1175999, 34, 1, 0
1176999, 124, 0, 0
1176999, 30, 1, 0
1178000, 110, 0, 0
1178000, 34, 1, 0
1178999, 128, 0, 0
1178999, 37, 1, 0
1179999, 117, 0, 0
1179999, 33, 1, 0
1181000, 105, 0, 0
1181000, 25, 1, 0
1181999, 126, 0, 0
1181999, 43, 1, 0
1182999, 108, 0, 0
1182999, 28, 1, 0
1184000, 128, 0, 0
1184000, 38, 1, 0
1184999, 141, 0, 0
1184999, 26, 1, 0
1185999, 121, 0, 0
1185999, 28, 1, 0
1187000, 124, 0, 0
1187000, 31, 1, 0
1187999, 119, 0, 0
1187999, 35, 1, 0
1188999, 137, 0, 0
1188999, 48, 1, 0
1189999, 128, 0, 0
1189999, 21, 1, 0
1191000, 131, 0, 0
1191000, 34, 1, 0
1191999, 121, 0, 0
1191999, 25, 1, 0
1192999, 167, 0, 0
1192999, 37, 1, 0
1194000, 113, 0, 0
1194000, 28, 1, 0
1194999, 139, 0, 0
1194999, 34, 1, 0
1195999, 123, 0, 0
1195999, 31, 1, 0
1197000, 98, 0, 0
1197000, 23, 1, 0
1197999, 105, 0, 0
1197999, 32, 1, 0
1198999, 119, 0, 0
1198999, 38, 1, 0
1200000, 107, 0, 0
1200000, 31, 1, 0
1200999, 126, 0, 0
1200999, 33, 1, 0
1201999, 88, 0, 0
1201999, 21, 1, 0
1203000, 114, 0, 0
1203000, 30, 1, 0
1204000, 125, 0, 0
1204000, 23, 1, 0
1204999, 92, 0, 0
1204999, 28, 1, 0
1206000, 112, 0, 0
1206000, 37, 1, 0
1207000, 127, 0, 0
1207000, 16, 1, 0
1207999, 118, 0, 0
1207999, 37, 1, 0
1208999, 125, 0, 0
1208999, 32, 1, 0
1210000, 113, 0, 0
1210000, 25, 1, 0
1210999, 109, 0, 0
1210999, 25, 1, 0
1211999, 109, 0, 0
1211999, 17, 1, 0
1213000, 123, 0, 0
1213000, 35, 1, 0
1213999, 158, 0, 0
1213999, 34, 1, 0
1214999, 108, 0, 0
1214999, 31, 1, 0
1216000, 112, 0, 0
1216000, 26, 1, 0
1216999, 130, 0, 0
1216999, 23, 1, 0
1217999, 127, 0, 0
1217999, 45, 1, 0
1219000, 104, 0, 0
1219000, 27, 1, 0
1219999, 131, 0, 0
1219999, 32, 1, 0
1220999, 141, 0, 0
1220999, 41, 1, 0
1222000, 143, 0, 0
1222000, 38, 1, 0
1222999, 133, 0, 0
1222999, 31, 1, 0
1223999, 139, 0, 0
1223999, 32, 1, 0
1225000, 128, 0, 0
1225000, 46, 1, 0
1225999, 137, 0, 0
1225999, 34, 1, 0
1226999, 119, 0, 0
1226999, 38, 1, 0
1228000, 117, 0, 0
1228000, 27, 1, 0
1228999, 119, 0, 0
1228999, 19, 1, 0
1230000, 133, 0, 0
1230000, 32, 1, 0
1231000, 132, 0, 0
1231000, 26, 1, 0
1231999, 110, 0, 0
1231999, 29, 1, 0
1232999, 163, 0, 0
1232999, 34, 1, 0
1234000, 85, 0, 0
1234000, 24, 1, 0
1234999, 128, 0, 0
1234999, 27, 1, 0
1235999, 103, 0, 0
1235999, 35, 1, 0
1237000, 138, 0, 0
1237000, 45, 1, 0
1237999, 118, 0, 0
1237999, 31, 1, 0
1238999, 132, 0, 0
1238999, 36, 1, 0
1240000, 148, 0, 0
1240000, 26, 1, 0
1240999, 151, 0, 0
1240999, 38, 1, 0
1241999, 160, 0, 0
1241999, 31, 1, 0
1243000, 136, 0, 0
1243000, 35, 1, 0
1244000, 108, 0, 0
1244000, 26, 1, 0
1244999, 100, 0, 0
1244999, 15, 1, 0
1245999, 128, 0, 0
1245999, 34, 1, 0
1247000, 132, 0, 0
1247000, 35, 1, 0
1247999, 122, 0, 0
1247999, 26, 1, 0
1248999, 129, 0, 0
1248999, 29, 1, 0
1250000, 109, 0, 0
1250000, 23, 1, 0
1250999, 153, 0, 0
1250999, 51, 1, 0
1251999, 121, 0, 0
1251999, 40, 1, 0
1253000, 154, 0, 0
1253000, 49, 1, 0
1253999, 156, 0, 0
1253999, 29, 1, 0
1254999, 135, 0, 0
1254999, 30, 1, 0
1256000, 129, 0, 0
1256000, 21, 1, 0
1256999, 124, 0, 0
1256999, 33, 1, 0
1257999, 140, 0, 0
1257999, 31, 1, 0
1259000, 151, 0, 0
1259000, 35, 1, 0
1259999, 136, 0, 0
1259999, 21, 1, 0
1260999, 111, 0, 0
1260999, 16, 1, 0
1262000, 115, 0, 0
1262000, 27, 1, 0
1262999, 131, 0, 0
1262999, 27, 1, 0
1263999, 169, 0, 0
1263999, 48, 1, 0
1265000, 136, 0, 0
1265000, 31, 1, 0
1265999, 95, 0, 0
1265999, 23, 1, 0
1266999, 110, 0, 0
1266999, 23, 1, 0
1268000, 117, 0, 0
1268000, 36, 1, 0
1268999, 100, 0, 0
1268999, 36, 1, 0
1269999, 144, 0, 0
1269999, 37, 1, 0
1271000, 149, 0, 0
1271000, 49, 1, 0
1271999, 110, 0, 0
1271999, 30, 1, 0
1272999, 119, 0, 0
1272999, 28, 1, 0
1274000, 132, 0, 0
1274000, 29, 1, 0
1275000, 155, 0, 0
1275000, 39, 1, 0
1275999, 93, 0, 0
1275999, 26, 1, 0
1276999, 126, 0, 0
1276999, 28, 1, 0
1278000, 127, 0, 0
1278000, 20, 1, 0
1278999, 133, 0, 0
1278999, 34, 1, 0
1279999, 129, 0, 0
1279999, 33, 1, 0
1281000, 120, 0, 0
1281000, 38, 1, 0
1281999, 91, 0, 0
1281999, 22, 1, 0
1282999, 135, 0, 0
1282999, 37, 1, 0
1284000, 135, 0, 0
1284000, 33, 1, 0
1285000, 142, 0, 0
1285000, 36, 1, 0
1285999, 140, 0, 0
1285999, 32, 1, 0
1287000, 142, 0, 0
1287000, 42, 1, 0
1287999, 131, 0, 0
1287999, 30, 1, 0
1288999, 129, 0, 0
1288999, 36, 1, 0
1290000, 148, 0, 0
1290000, 46, 1, 0
1291000, 149, 0, 0
1291000, 30, 1, 0
1291999, 136, 0, 0
1291999, 34, 1, 0
1293000, 144, 0, 0
1293000, 29, 1, 0
1294000, 102, 0, 0
1294000, 31, 1, 0
1294999, 106, 0, 0
1294999, 31, 1, 0
1295999, 160, 0, 0
1295999, 24, 1, 0
1297000, 124, 0, 0
1297000, 36, 1, 0
1297999, 109, 0, 0
1297999, 26, 1, 0
1298999, 150, 0, 0
1298999, 36, 1, 0
1300000, 114, 0, 0
1300000, 31, 1, 0
1300999, 127, 0, 0
1300999, 25, 1, 0
1301999, 112, 0, 0
1301999, 33, 1, 0
1303000, 111, 0, 0
1303000, 25, 1, 0
1303999, 159, 0, 0
1303999, 34, 1, 0
1304999, 110, 0, 0
1304999, 22, 1, 0
1306000, 138, 0, 0
1306000, 29, 1, 0
1306999, 112, 0, 0
1306999, 27, 1, 0
1307999, 135, 0, 0
1307999, 38, 1, 0
1309000, 123, 0, 0
1309000, 27, 1, 0
1309999, 119, 0, 0
1309999, 20, 1, 0
1310999, 118, 0, 0
1310999, 35, 1, 0
1312000, 118, 0, 0
1312000, 33, 1, 0
1313000, 146, 0, 0
1313000, 34, 1, 0
1313999, 137, 0, 0
1313999, 46, 1, 0
1315000, 140, 0, 0
1315000, 34, 1, 0
1315999, 128, 0, 0
1315999, 36, 1, 0
1316999, 169, 0, 0
1316999, 45, 1, 0
1317999, 125, 0, 0
1317999, 19, 1, 0
1319000, 129, 0, 0
1319000, 29, 1, 0
1319999, 135, 0, 0
1319999, 30, 1, 0
1320999, 139, 0, 0
1320999, 27, 1, 0
1322000, 130, 0, 0
1322000, 45, 1, 0
1322999, 86, 0, 0
1322999, 23, 1, 0
1323999, 92, 0, 0
1323999, 28, 1, 0
1325000, 119, 0, 0
1325000, 32, 1, 0
1325999, 139, 0, 0
1325999, 31, 1, 0
1326999, 183, 0, 0
1326999, 57, 1, 0
1328000, 127, 0, 0
1328000, 27, 1, 0
1328999, 146, 0, 0
1328999, 29, 1, 0
1329999, 142, 0, 0
1329999, 36, 1, 0
1330999, 132, 0, 0
1330999, 32, 1, 0
1332000, 120, 0, 0
1332000, 32, 1, 0
1332999, 156, 0, 0
1332999, 31, 1, 0
1333999, 179, 0, 0
1333999, 45, 1, 0
1335000, 132, 0, 0
1335000, 26, 1, 0
1335999, 123, 0, 0
1335999, 33, 1, 0
1336999, 137, 0, 0
1336999, 39, 1, 0
1338000, 98, 0, 0
1338000, 29, 1, 0
1339000, 154, 0, 0
1339000, 34, 1, 0
1339999, 136, 0, 0
1339999, 26, 1, 0
1340999, 84, 0, 0
1340999, 22, 1, 0
1342000, 118, 0, 0
1342000, 24, 1, 0
1342999, 211, 0, 0
1342999, 57, 1, 0
1343999, 136, 0, 0
1343999, 32, 1, 0
1345000, 143, 0, 0
1345000, 32, 1, 0
1345999, 132, 0, 0
1345999, 32, 1, 0
1346999, 133, 0, 0
1346999, 26, 1, 0
1348000, 153, 0, 0
1348000, 39, 1, 0
1348999, 96, 0, 0
1348999, 17, 1, 0
1349999, 119, 0, 0
1349999, 29, 1, 0
1351000, 165, 0, 0
1351000, 38, 1, 0
1351999, 117, 0, 0
1351999, 37, 1, 0
1352999, 150, 0, 0
1352999, 34, 1, 0
1354000, 154, 0, 0
1354000, 39, 1, 0
1354999, 87, 0, 0
1354999, 18, 1, 0
1355999, 118, 0, 0
1355999, 36, 1, 0
1357000, 128, 0, 0
1357000, 30, 1, 0
1358000, 100, 0, 0
1358000, 26, 1, 0
1358999, 167, 0, 0
1358999, 41, 1, 0
1359999, 113, 0, 0
1359999, 25, 1, 0
1361000, 123, 0, 0
1361000, 22, 1, 0
1361999, 126, 0, 0
1361999, 27, 1, 0
1362999, 155, 0, 0
1362999, 40, 1, 0
1364000, 133, 0, 0
1364000, 43, 1, 0
1364999, 135, 0, 0
1364999, 34, 1, 0
1365999, 141, 0, 0
1365999, 25, 1, 0
1367000, 104, 0, 0
1367000, 21, 1, 0
1367999, 111, 0, 0
1367999, 21, 1, 0
1368999, 125, 0, 0
1368999, 41, 1, 0
1370000, 142, 0, 0
1370000, 37, 1, 0
1370999, 102, 0, 0
1370999, 25, 1, 0
1371999, 152, 0, 0
1371999, 31, 1, 0
1373000, 108, 0, 0
1373000, 18, 1, 0
1373999, 128, 0, 0
1373999, 20, 1, 0
1374999, 133, 0, 0
1374999, 32, 1, 0
1376000, 129, 0, 0
1376000, 37, 1, 0
1376999, 113, 0, 0
1376999, 33, 1, 0
1377999, 145, 0, 0
1377999, 36, 1, 0
1379000, 130, 0, 0
1379000, 33, 1, 0
1379999, 128, 0, 0
1379999, 27, 1, 0
1380999, 127, 0, 0
1380999, 32, 1, 0
1382000, 110, 0, 0
1382000, 30, 1, 0
1382999, 128, 0, 0
1382999, 30, 1, 0
1383999, 111, 0, 0
1383999, 32, 1, 0
1384999, 130, 0, 0
1384999, 38, 1, 0
1386000, 155, 0, 0
1386000, 48, 1, 0
1386999, 147, 0, 0
1386999, 40, 1, 0
1387999, 120, 0, 0
1387999, 34, 1, 0
1389000, 137, 0, 0
1389000, 49, 1, 0
1389999, 117, 0, 0
1389999, 33, 1, 0
1390999, 131, 0, 0
1390999, 36, 1, 0
1392000, 104, 0, 0
1392000, 22, 1, 0
1392999, 130, 0, 0
1392999, 25, 1, 0
1393999, 88, 0, 0
1393999, 20, 1, 0
1395000, 137, 0, 0
1395000, 35, 1, 0
1396000, 142, 0, 0
1396000, 43, 1, 0
1396999, 145, 0, 0
1396999, 35, 1, 0
1397999, 136, 0, 0
1397999, 35, 1, 0
1399000, 123, 0, 0
1399000, 28, 1, 0
1399999, 128, 0, 0
1399999, 30, 1, 0
1400999, 151, 0, 0
1400999, 47, 1, 0
1402000, 113, 0, 0
1402000, 40, 1, 0
1402999, 104, 0, 0
1402999, 33, 1, 0
1403999, 121, 0, 0
1403999, 24, 1, 0
1405000, 144, 0, 0
1405000, 35, 1, 0
1405999, 137, 0, 0
1405999, 25, 1, 0
1406999, 107, 0, 0
1406999, 16, 1, 0
1408000, 142, 0, 0
1408000, 30, 1, 0
1408999, 118, 0, 0
1408999, 33, 1, 0
1409999, 155, 0, 0
1409999, 25, 1, 0
1411000, 111, 0, 0
1411000, 44, 1, 0
1412000, 172, 0, 0
1412000, 32, 1, 0
1412999, 158, 0, 0
1412999, 40, 1, 0
1413999, 114, 0, 0
1413999, 24, 1, 0
1415000, 108, 0, 0
1415000, 25, 1, 0
1415999, 129, 0, 0
1415999, 25, 1, 0
1416999, 132, 0, 0
1416999, 43, 1, 0
1418000, 151, 0, 0
1418000, 38, 1, 0
1418999, 117, 0, 0
1418999, 36, 1, 0
1419999, 179, 0, 0
1419999, 59, 1, 0
1421000, 132, 0, 0
1421000, 30, 1, 0
1421999, 126, 0, 0
1421999, 35, 1, 0
1422999, 152, 0, 0
1422999, 40, 1, 0
1424000, 158, 0, 0
1424000, 44, 1, 0
1424999, 153, 0, 0
1424999, 33, 1, 0
1425999, 117, 0, 0
1425999, 23, 1, 0
1427000, 136, 0, 0
1427000, 42, 1, 0
1427999, 116, 0, 0
1427999, 24, 1, 0
1428999, 139, 0, 0
1428999, 40, 1, 0
1430000, 107, 0, 0
1430000, 31, 1, 0
1430999, 132, 0, 0
1430999, 32, 1, 0
1431999, 123, 0, 0
1431999, 31, 1, 0
1432999, 133, 0, 0
1432999, 36, 1, 0
1434000, 134, 0, 0
1434000, 31, 1, 0
1434999, 186, 0, 0
1434999, 52, 1, 0
1435999, 137, 0, 0
1435999, 40, 1, 0
1437000, 158, 0, 0
1437000, 51, 1, 0
1437999, 96, 0, 0
1437999, 27, 1, 0
1438999, 155, 0, 0
1438999, 37, 1, 0
1440000, 153, 0, 0
1440000, 42, 1, 0
1440999, 143, 0, 0
1440999, 33, 1, 0
1441999, 123, 0, 0
1441999, 26, 1, 0
1443000, 121, 0, 0
1443000, 33, 1, 0
1443999, 135, 0, 0
1443999, 32, 1, 0
1444999, 78, 0, 0
1444999, 15, 1, 0
1446000, 128, 0, 0
1446000, 36, 1, 0
1446999, 132, 0, 0
1446999, 34, 1, 0
1447999, 119, 0, 0
1447999, 39, 1, 0
1449000, 109, 0, 0
1449000, 15, 1, 0
1449999, 101, 0, 0
1449999, 30, 1, 0
1450999, 172, 0, 0
1450999, 41, 1, 0
1452000, 145, 0, 0
1452000, 41, 1, 0
1452999, 96, 0, 0
1452999, 30, 1, 0
1453999, 147, 0, 0
1453999, 27, 1, 0
1455000, 166, 0, 0
1455000, 44, 1, 0
1456000, 132, 0, 0
1456000, 30, 1, 0
1456999, 127, 0, 0
1456999, 22, 1, 0
1457999, 167, 0, 0
1457999, 44, 1, 0
1459000, 116, 0, 0
1459000, 29, 1, 0
1459999, 110, 0, 0
1459999, 25, 1, 0
1460999, 149, 0, 0
1460999, 31, 1, 0
1462000, 101, 0, 0
1462000, 26, 1, 0
1462999, 111, 0, 0
1462999, 15, 1, 0
1463999, 124, 0, 0
1463999, 21, 1, 0
1465000, 111, 0, 0
1465000, 32, 1, 0
1465999, 127, 0, 0
1465999, 24, 1, 0
1466999, 96, 0, 0
1466999, 16, 1, 0
1468000, 168, 0, 0
1468000, 41, 1, 0
1468999, 135, 0, 0
1468999, 43, 1, 0
1469999, 134, 0, 0
1469999, 36, 1, 0
1470999, 167, 0, 0
1470999, 42, 1, 0
1472000, 134, 0, 0
1472000, 34, 1, 0
1472999, 142, 0, 0
1472999, 41, 1, 0
1473999, 126, 0, 0
1473999, 30, 1, 0
1475000, 144, 0, 0
1475000, 31, 1, 0
1476000, 92, 0, 0
1476000, 26, 1, 0
1476999, 146, 0, 0
1476999, 37, 1, 0
1478000, 133, 0, 0
1478000, 33, 1, 0
1478999, 134, 0, 0
1478999, 23, 1, 0
1479999, 156, 0, 0
1479999, 48, 1, 0
1480999, 161, 0, 0
1480999, 47, 1, 0
1482000, 129, 0, 0
1482000, 31, 1, 0
1482999, 128, 0, 0
1482999, 31, 1, 0
1483999, 143, 0, 0
1483999, 30, 1, 0
1485000, 147, 0, 0
1485000, 41, 1, 0
1485999, 122, 0, 0
1485999, 29, 1, 0
1486999, 131, 0, 0
1486999, 36, 1, 0
1488000, 133, 0, 0
1488000, 29, 1, 0
1488999, 116, 0, 0
1488999, 29, 1, 0
1489999, 115, 0, 0
1489999, 18, 1, 0
1491000, 124, 0, 0
1491000, 29, 1, 0
1492000, 141, 0, 0
1492000, 26, 1, 0
1492999, 145, 0, 0
1492999, 35, 1, 0
1493999, 123, 0, 0
1493999, 34, 1, 0
1495000, 119, 0, 0
1495000, 24, 1, 0
1495999, 107, 0, 0
1495999, 38, 1, 0
1496999, 143, 0, 0
1496999, 35, 1, 0
1498000, 130, 0, 0
1498000, 42, 1, 0
1498999, 154, 0, 0
1498999, 50, 1, 0
1499999, 137, 0, 0
1499999, 38, 1, 0
1501000, 149, 0, 0
1501000, 40, 1, 0
1502000, 136, 0, 0
1502000, 43, 1, 0
1502999, 157, 0, 0
1502999, 31, 1, 0
1503999, 91, 0, 0
1503999, 23, 1, 0
1505000, 123, 0, 0
1505000, 31, 1, 0
1505999, 114, 0, 0
1505999, 35, 1, 0
1506999, 130, 0, 0
1506999, 32, 1, 0
1508000, 121, 0, 0
1508000, 21, 1, 0
1508999, 169, 0, 0
1508999, 37, 1, 0
1509999, 149, 0, 0
1509999, 36, 1, 0
1511000, 132, 0, 0
1511000, 41, 1, 0
1511999, 104, 0, 0
1511999, 21, 1, 0
1512999, 122, 0, 0
1512999, 22, 1, 0
1513999, 129, 0, 0
1513999, 34, 1, 0
1515000, 149, 0, 0
1515000, 30, 1, 0
1515999, 127, 0, 0
1515999, 39, 1, 0
1516999, 146, 0, 0
1516999, 44, 1, 0
1518000, 120, 0, 0
1518000, 23, 1, 0
1518999, 88, 0, 0
1518999, 26, 1, 0
1519999, 77, 0, 0
1519999, 14, 1, 0
1521000, 103, 0, 0
1521000, 27, 1, 0
1521999, 112, 0, 0
1521999, 28, 1, 0
1522999, 84, 0, 0
1522999, 18, 1, 0
1524000, 89, 0, 0
1524000, 15, 1, 0
1524999, 80, 0, 0
1524999, 27, 1, 0
1525999, 94, 0, 0
1525999, 28, 1, 0
1527000, 88, 0, 0
1527000, 21, 1, 0
1528000, 72, 0, 0
1528000, 32, 1, 0
1528999, 97, 0, 0
1528999, 24, 1, 0
1530000, 98, 0, 0
1530000, 32, 1, 0
1530999, 72, 0, 0
1530999, 21, 1, 0
1531999, 113, 0, 0
1531999, 31, 1, 0
1533000, 57, 0, 0
1533000, 12, 1, 0
1533999, 116, 0, 0
1533999, 24, 1, 0
1534999, 87, 0, 0
1534999, 26, 1, 0
1536000, 137, 0, 0
1536000, 21, 1, 0
1536999, 117, 0, 0
1536999, 33, 1, 0
1537999, 96, 0, 0
1537999, 16, 1, 0
1538999, 103, 0, 0
1538999, 27, 1, 0
1540000, 90, 0, 0
1540000, 19, 1, 0
1540999, 92, 0, 0
1540999, 15, 1, 0
1541999, 82, 0, 0
1541999, 28, 1, 0
1543000, 70, 0, 0
1543000, 14, 1, 0
1543999, 74, 0, 0
1543999, 19, 1, 0
1544999, 81, 0, 0
1544999, 24, 1, 0
1545999, 114, 0, 0
1545999, 21, 1, 0
1547000, 104, 0, 0
1547000, 31, 1, 0
1547999, 115, 0, 0
1547999, 20, 1, 0
1548999, 109, 0, 0
1548999, 27, 1, 0
1550000, 86, 0, 0
1550000, 16, 1, 0
1550999, 138, 0, 0
1550999, 33, 1, 0
1551999, 87, 0, 0
1551999, 16, 1, 0
1553000, 89, 0, 0
1553000, 30, 1, 0
1553999, 89, 0, 0
1553999, 24, 1, 0
1554999, 79, 0, 0
1554999, 23, 1, 0
1556000, 114, 0, 0
1556000, 20, 1, 0
1556999, 102, 0, 0
1556999, 22, 1, 0
1557999, 79, 0, 0
1557999, 30, 1, 0
1559000, 102, 0, 0
1559000, 27, 1, 0
1559999, 113, 0, 0
1559999, 25, 1, 0
1560999, 92, 0, 0
1560999, 31, 1, 0
1562000, 92, 0, 0
1562000, 16, 1, 0
1562999, 84, 0, 0
1562999, 15, 1, 0
1563999, 67, 0, 0
1563999, 17, 1, 0
1565000, 90, 0, 0
1565000, 20, 1, 0
1565999, 86, 0, 0
1565999, 28, 1, 0
1566999, 108, 0, 0
1566999, 25, 1, 0
1568000, 109, 0, 0
1568000, 29, 1, 0
1569000, 93, 0, 0
1569000, 25, 1, 0
1569999, 109, 0, 0
1569999, 34, 1, 0
1570999, 99, 0, 0
1570999, 26, 1, 0
1572000, 109, 0, 0
1572000, 34, 1, 0
1572999, 122, 0, 0
1572999, 32, 1, 0
1573999, 75, 0, 0
1573999, 20, 1, 0
1575000, 82, 0, 0
1575000, 26, 1, 0
1576000, 103, 0, 0
1576000, 17, 1, 0
1576999, 100, 0, 0
1576999, 20, 1, 0
1577999, 124, 0, 0
1577999, 27, 1, 0
1579000, 130, 0, 0
1579000, 33, 1, 0
1579999, 81, 0, 0
1579999, 23, 1, 0
1581000, 97, 0, 0
1581000, 26, 1, 0
1582000, 81, 0, 0
1582000, 26, 1, 0
1582999, 94, 0, 0
1582999, 25, 1, 0
1583999, 93, 0, 0
1583999, 25, 1, 0
1585000, 116, 0, 0
1585000, 27, 1, 0
1585999, 116, 0, 0
1585999, 25, 1, 0
1586999, 82, 0, 0
1586999, 24, 1, 0
1588000, 81, 0, 0
1588000, 18, 1, 0
1588999, 85, 0, 0
1588999, 22, 1, 0
1589999, 79, 0, 0
1589999, 41, 1, 0
1591000, 120, 0, 0
1591000, 29, 1, 0
1592000, 79, 0, 0
1592000, 12, 1, 0
1592999, 104, 0, 0
1592999, 17, 1, 0
1594000, 74, 0, 0
1594000, 22, 1, 0
1595000, 106, 0, 0
1595000, 28, 1, 0
1595999, 97, 0, 0
1595999, 23, 1, 0
1596999, 123, 0, 0
1596999, 32, 1, 0
1598000, 91, 0, 0
1598000, 20, 1, 0
1598999, 112, 0, 0
1598999, 22, 1, 0
1599999, 101, 0, 0
1599999, 31, 1, 0
1601000, 80, 0, 0
1601000, 24, 1, 0
1601999, 121, 0, 0
1601999, 33, 1, 0
1602999, 108, 0, 0
1602999, 29, 1, 0
1603999, 110, 0, 0
1603999, 35, 1, 0
1605000, 108, 0, 0
1605000, 22, 1, 0
1605999, 107, 0, 0
1605999, 33, 1, 0
1606999, 79, 0, 0
1606999, 17, 1, 0
1608000, 80, 0, 0
1608000, 16, 1, 0
1608999, 76, 0, 0
1608999, 19, 1, 0
1609999, 91, 0, 0
1609999, 23, 1, 0
1611000, 111, 0, 0
1611000, 33, 1, 0
1612000, 97, 0, 0
1612000, 17, 1, 0
1612999, 95, 0, 0
1612999, 30, 1, 0
1613999, 102, 0, 0
1613999, 21, 1, 0
1615000, 96, 0, 0
1615000, 25, 1, 0
1615999, 103, 0, 0
1615999, 27, 1, 0
1616999, 74, 0, 0
1616999, 24, 1, 0
1618000, 82, 0, 0
1618000, 24, 1, 0
1618999, 73, 0, 0
1618999, 21, 1, 0
1619999, 83, 0, 0
1619999, 27, 1, 0
1621000, 102, 0, 0
1621000, 28, 1, 0
1621999, 85, 0, 0
1621999, 23, 1, 0
1622999, 98, 0, 0
1622999, 23, 1, 0
1624000, 113, 0, 0
1624000, 22, 1, 0
1624999, 97, 0, 0
1624999, 25, 1, 0
1625999, 104, 0, 0
1625999, 44, 1, 0
1627000, 91, 0, 0
1627000, 26, 1, 0
1627999, 90, 0, 0
1627999, 33, 1, 0
1628999, 90, 0, 0
1628999, 22, 1, 0
1630000, 83, 0, 0
1630000, 24, 1, 0
1630999, 116, 0, 0
1630999, 24, 1, 0
1631999, 133, 0, 0
1631999, 26, 1, 0
1633000, 106, 0, 0
1633000, 33, 1, 0
1633999, 74, 0, 0
1633999, 19, 1, 0
1634999, 100, 0, 0
1634999, 22, 1, 0
1636000, 121, 0, 0
1636000, 24, 1, 0
1636999, 94, 0, 0
1636999, 32, 1, 0
1637999, 80, 0, 0
1637999, 29, 1, 0
1639000, 111, 0, 0
1639000, 26, 1, 0
1639999, 129, 0, 0
1639999, 30, 1, 0
1640999, 105, 0, 0
1640999, 29, 1, 0
1641999, 107, 0, 0
1641999, 24, 1, 0
1643000, 103, 0, 0
1643000, 26, 1, 0
1643999, 106, 0, 0
1643999, 34, 1, 0
1644999, 116, 0, 0
1644999, 31, 1, 0
1646000, 99, 0, 0
1646000, 29, 1, 0
1646999, 68, 0, 0
1646999, 22, 1, 0
1648000, 114, 0, 0
1648000, 19, 1, 0
1649000, 77, 0, 0
1649000, 16, 1, 0
1649999, 117, 0, 0
1649999, 28, 1, 0
1651000, 82, 0, 0
1651000, 29, 1, 0
1652000, 108, 0, 0
1652000, 25, 1, 0
1652999, 127, 0, 0
1652999, 31, 1, 0
1653999, 101, 0, 0
1653999, 25, 1, 0
1655000, 102, 0, 0
1655000, 23, 1, 0
1655999, 85, 0, 0
1655999, 21, 1, 0
1656999, 97, 0, 0
1656999, 28, 1, 0
1658000, 109, 0, 0
1658000, 19, 1, 0
1658999, 107, 0, 0
1658999, 21, 1, 0
1659999, 113, 0, 0
1659999, 23, 1, 0
1661000, 87, 0, 0
1661000, 27, 1, 0
1661999, 90, 0, 0
1661999, 24, 1, 0
1662999, 117, 0, 0
1662999, 36, 1, 0
1664000, 88, 0, 0
1664000, 27, 1, 0
1665000, 84, 0, 0
1665000, 28, 1, 0
1665999, 99, 0, 0
1665999, 23, 1, 0
1666999, 122, 0, 0
1666999, 29, 1, 0
1668000, 94, 0, 0
1668000, 13, 1, 0
1668999, 90, 0, 0
1668999, 24, 1, 0
1669999, 88, 0, 0
1669999, 19, 1, 0
1671000, 129, 0, 0
1671000, 29, 1, 0
1671999, 111, 0, 0
1671999, 31, 1, 0
1672999, 66, 0, 0
1672999, 26, 1, 0
1674000, 99, 0, 0
1674000, 22, 1, 0
1675000, 92, 0, 0
1675000, 22, 1, 0
1675999, 98, 0, 0
1675999, 22, 1, 0
1676999, 123, 0, 0
1676999, 35, 1, 0
1677999, 92, 0, 0
1677999, 22, 1, 0
1678999, 113, 0, 0
1678999, 22, 1, 0
1679999, 83, 0, 0
1679999, 21, 1, 0
1680999, 91, 0, 0
1680999, 25, 1, 0
1681999, 80, 0, 0
1681999, 18, 1, 0
1682999, 87, 0, 0
1682999, 29, 1, 0
1684000, 91, 0, 0
1684000, 18, 1, 0
1684999, 102, 0, 0
1684999, 22, 1, 0
1685999, 117, 0, 0
1685999, 29, 1, 0
1687000, 98, 0, 0
1687000, 26, 1, 0
1687999, 100, 0, 0
1687999, 25, 1, 0
1688999, 146, 0, 0
1688999, 26, 1, 0
1690000, 112, 0, 0
1690000, 21, 1, 0
1691000, 82, 0, 0
1691000, 19, 1, 0
1691999, 79, 0, 0
1691999, 24, 1, 0
1692999, 106, 0, 0
1692999, 35, 1, 0
1694000, 90, 0, 0
1694000, 18, 1, 0
1694999, 95, 0, 0
1694999, 31, 1, 0
1695999, 84, 0, 0
1695999, 14, 1, 0
1697000, 100, 0, 0
1697000, 27, 1, 0
1697999, 119, 0, 0
1697999, 37, 1, 0
1698999, 119, 0, 0
1698999, 27, 1, 0
1700000, 97, 0, 0
1700000, 31, 1, 0
1700999, 96, 0, 0
1700999, 29, 1, 0
1701999, 114, 0, 0
1701999, 33, 1, 0
1703000, 120, 0, 0
1703000, 29, 1, 0
1703999, 105, 0, 0
1703999, 15, 1, 0
1704999, 105, 0, 0
1704999, 19, 1, 0
1706000, 88, 0, 0
1706000, 23, 1, 0
1706999, 98, 0, 0
1706999, 26, 1, 0
1707999, 109, 0, 0
1707999, 22, 1, 0
1709000, 104, 0, 0
1709000, 21, 1, 0
1709999, 98, 0, 0
1709999, 21, 1, 0
1710999, 98, 0, 0
1710999, 34, 1, 0
1712000, 122, 0, 0
1712000, 35, 1, 0
1712999, 85, 0, 0
1712999, 22, 1, 0
1713999, 103, 0, 0
1713999, 16, 1, 0
1714999, 96, 0, 0
1714999, 32, 1, 0
1716000, 100, 0, 0
1716000, 24, 1, 0
1716999, 99, 0, 0
1716999, 27, 1, 0
1717999, 87, 0, 0
1717999, 14, 1, 0
1719000, 111, 0, 0
1719000, 23, 1, 0
1719999, 72, 0, 0
1719999, 25, 1, 0
1720999, 88, 0, 0
1720999, 26, 1, 0
1722000, 95, 0, 0
1722000, 34, 1, 0
1722999, 107, 0, 0
1722999, 25, 1, 0
1723999, 87, 0, 0
1723999, 27, 1, 0
1725000, 101, 0, 0
1725000, 23, 1, 0
1725999, 97, 0, 0
1725999, 23, 1, 0
1726999, 122, 0, 0
1726999, 34, 1, 0
1728000, 94, 0, 0
1728000, 31, 1, 0
1728999, 118, 0, 0
1728999, 32, 1, 0
1729999, 121, 0, 0
1729999, 23, 1, 0
1731000, 82, 0, 0
1731000, 32, 1, 0
1731999, 99, 0, 0
1731999, 19, 1, 0
1732999, 97, 0, 0
1732999, 23, 1, 0
1734000, 108, 0, 0
1734000, 28, 1, 0
1735000, 81, 0, 0
1735000, 25, 1, 0
1735999, 91, 0, 0
1735999, 21, 1, 0
1737000, 83, 0, 0
1737000, 17, 1, 0
1737999, 95, 0, 0
1737999, 20, 1, 0
1738999, 77, 0, 0
1738999, 23, 1, 0
1739999, 117, 0, 0
1739999, 33, 1, 0
1741000, 104, 0, 0
1741000, 22, 1, 0
1741999, 89, 0, 0
1741999, 28, 1, 0
1743000, 109, 0, 0
1743000, 19, 1, 0
1743999, 93, 0, 0
1743999, 32, 1, 0
1744999, 71, 0, 0
1744999, 23, 1, 0
1745999, 102, 0, 0
1745999, 22, 1, 0
1747000, 71, 0, 0
1747000, 20, 1, 0
1747999, 110, 0, 0
1747999, 32, 1, 0
1748999, 95, 0, 0
1748999, 20, 1, 0
1750000, 96, 0, 0
1750000, 21, 1, 0
1750999, 89, 0, 0
1750999, 30, 1, 0
1751999, 128, 0, 0
1751999, 27, 1, 0
1753000, 77, 0, 0
1753000, 23, 1, 0
1753999, 102, 0, 0
1753999, 29, 1, 0
1754999, 115, 0, 0
1754999, 27, 1, 0
1756000, 67, 0, 0
1756000, 17, 1, 0
1756999, 111, 0, 0
1756999, 17, 1, 0
1757999, 119, 0, 0
1757999, 24, 1, 0
1759000, 70, 0, 0
1759000, 36, 1, 0
1759999, 90, 0, 0
1759999, 28, 1, 0
1760999, 99, 0, 0
1760999, 34, 1, 0
1762000, 109, 0, 0
1762000, 27, 1, 0
1763000, 111, 0, 0
1763000, 20, 1, 0
1763999, 144, 0, 0
1763999, 31, 1, 0
1764999, 84, 0, 0
1764999, 21, 1, 0
1766000, 115, 0, 0
1766000, 26, 1, 0
1766999, 90, 0, 0
1766999, 17, 1, 0
1767999, 97, 0, 0
1767999, 16, 1, 0
1769000, 107, 0, 0
1769000, 22, 1, 0
1769999, 110, 0, 0
1769999, 27, 1, 0
1770999, 93, 0, 0
1770999, 23, 1, 0
1772000, 101, 0, 0
1772000, 26, 1, 0
1772999, 93, 0, 0
1772999, 25, 1, 0
1773999, 100, 0, 0
1773999, 28, 1, 0
1775000, 129, 0, 0
1775000, 37, 1, 0
1775999, 96, 0, 0
1775999, 27, 1, 0
1776999, 89, 0, 0
1776999, 24, 1, 0
1778000, 122, 0, 0
1778000, 28, 1, 0
1778999, 104, 0, 0
1778999, 28, 1, 0
1779999, 94, 0, 0
1779999, 27, 1, 0
1781000, 116, 0, 0
1781000, 24, 1, 0
1781999, 121, 0, 0
1781999, 31, 1, 0
1782999, 79, 0, 0
1782999, 21, 1, 0
1784000, 84, 0, 0
1784000, 31, 1, 0
1784999, 97, 0, 0
1784999, 20, 1, 0
1785999, 111, 0, 0
1785999, 20, 1, 0
1787000, 103, 0, 0
1787000, 25, 1, 0
1787999, 88, 0, 0
1787999, 22, 1, 0
1788999, 103, 0, 0
1788999, 20, 1, 0
1790000, 106, 0, 0
1790000, 27, 1, 0
1790999, 112, 0, 0
1790999, 35, 1, 0
1791999, 80, 0, 0
1791999, 12, 1, 0
1793000, 109, 0, 0
1793000, 25, 1, 0
1793999, 116, 0, 0
1793999, 16, 1, 0
1794999, 97, 0, 0
1794999, 26, 1, 0
1796000, 114, 0, 0
1796000, 27, 1, 0
1797000, 97, 0, 0
1797000, 33, 1, 0
1797999, 80, 0, 0
1797999, 22, 1, 0
1799000, 109, 0, 0
1799000, 32, 1, 0
1799999, 110, 0, 0
1799999, 25, 1, 0
