1010, 376186664, 1, 0
1010, 523098200, 0, 0
2041, 444376370, 1, 0
2042, 593590008, 0, 0
3017, 565174107, 0, 0
3017, 362017446, 1, 0
4025, 410122865, 1, 0
4025, 610939394, 0, 0
5019, 567080734, 0, 0
5019, 412509027, 1, 0
6061, 435244427, 1, 0
6061, 601467918, 0, 0
7037, 568700050, 0, 0
7037, 419490345, 1, 0
8040, 498396176, 1, 0
8040, 643489598, 0, 0
9063, 435483137, 1, 0
9063, 604845203, 0, 0
10040, 587010384, 0, 0
10040, 394951127, 1, 0
11054, 395581890, 1, 0
11054, 571179519, 0, 0
12066, 574761791, 0, 0
12237, 416692709, 1, 0
13056, 589750961, 0, 0
13189, 371997078, 1, 0
14078, 600028550, 0, 0
14079, 449043813, 1, 0
15087, 421859177, 1, 0
15087, 587933642, 0, 0
16027, 600115142, 0, 0
16028, 412189582, 1, 0
17054, 566097024, 0, 0
17054, 413184168, 1, 0
18042, 592203438, 0, 0
18042, 414103253, 1, 0
19008, 415264178, 1, 0
19008, 590338402, 0, 0
20073, 644421093, 0, 0
20074, 440145561, 1, 0
21059, 587861996, 0, 0
21147, 397420132, 1, 0
22086, 562336756, 0, 0
22086, 407132438, 1, 0
23049, 571545946, 0, 0
23049, 402223829, 1, 0
24006, 627197285, 0, 0
24006, 401884701, 1, 0
25010, 391542404, 1, 0
25010, 541392999, 0, 0
26015, 569999078, 0, 0
26015, 418192443, 1, 0
27029, 540149563, 0, 0
27029, 357704637, 1, 0
28045, 577893084, 0, 0
28133, 405311850, 1, 0
29079, 601042644, 0, 0
29079, 425550465, 1, 0
30066, 591225759, 0, 0
30151, 433699822, 1, 0
31011, 555875986, 0, 0
31011, 390317854, 1, 0
32014, 573315909, 0, 0
32015, 412693599, 1, 0
33085, 576398273, 0, 0
33085, 415780944, 1, 0
34065, 614035776, 0, 0
34157, 432477930, 1, 0
35055, 573763094, 0, 0
35056, 393444826, 1, 0
36053, 578455395, 0, 0
36053, 421050531, 1, 0
37069, 530902308, 0, 0
37069, 342912232, 1, 0
38031, 459754449, 1, 0
38032, 618799534, 0, 0
39030, 587122996, 0, 0
39030, 434811344, 1, 0
40018, 537289374, 0, 0
40018, 369412871, 1, 0
41076, 546999291, 0, 0
41076, 367541355, 1, 0
42052, 587588372, 0, 0
42052, 407298363, 1, 0
43058, 557478298, 0, 0
43058, 412923558, 1, 0
44078, 453561802, 1, 0
44078, 628957671, 0, 0
45029, 548030733, 0, 0
45121, 402314618, 1, 0
46035, 613037738, 0, 0
46035, 461664327, 1, 0
47037, 585402857, 0, 0
47224, 453544833, 1, 0
48019, 422668833, 1, 0
48020, 585270626, 0, 0
49016, 559955629, 0, 0
49016, 389478634, 1, 0
50020, 431627441, 1, 0
50020, 595482958, 0, 0
51006, 537867592, 0, 0
51082, 365857872, 1, 0
52016, 542136143, 0, 0
52099, 373588248, 1, 0
53025, 392310774, 1, 0
53025, 566395825, 0, 0
54012, 562686254, 0, 0
54012, 369104141, 1, 0
55025, 568543295, 0, 0
55025, 412811574, 1, 0
56023, 363919438, 1, 0
56023, 524170670, 0, 0
57024, 530804146, 0, 0
57113, 379359111, 1, 0
58025, 552782532, 0, 0
58025, 384788551, 1, 0
59069, 529339317, 0, 0
59069, 360674277, 1, 0
60076, 577842425, 0, 0
60076, 393180183, 1, 0
61037, 608923074, 0, 0
61038, 420573061, 1, 0
62049, 545611342, 0, 0
62049, 370372885, 1, 0
63010, 562499124, 0, 0
63010, 390946364, 1, 0
64000, 572238251, 0, 0
64000, 412045153, 1, 0
65032, 533128704, 0, 0
65120, 403685258, 1, 0
66027, 564463892, 0, 0
66027, 399691757, 1, 0
67081, 395625677, 1, 0
67081, 584286047, 0, 0
68022, 523246023, 0, 0
68022, 334024350, 1, 0
69028, 385065689, 1, 0
69028, 564582902, 0, 0
70047, 349121097, 1, 0
70047, 556238274, 0, 0
71025, 567279199, 0, 0
71025, 409554719, 1, 0
72048, 568148677, 0, 0
72048, 423008402, 1, 0
73066, 587809312, 0, 0
73163, 433492346, 1, 0
74070, 391655620, 1, 0
74070, 557683336, 0, 0
75082, 409235400, 1, 0
75082, 568492666, 0, 0
76023, 561678439, 0, 0
76023, 384801835, 1, 0
77077, 549152749, 0, 0
77077, 383512001, 1, 0
78089, 378687759, 1, 0
78089, 551254677, 0, 0
79043, 341990506, 1, 0
79043, 535047259, 0, 0
80062, 626014452, 0, 0
80063, 477035085, 1, 0
81070, 573606655, 0, 0
81070, 418524075, 1, 0
82008, 426098331, 1, 0
82008, 601868862, 0, 0
83000, 564804819, 0, 0
83099, 444777270, 1, 0
84026, 607483533, 0, 0
84102, 427880070, 1, 0
85051, 569497416, 0, 0
85051, 411963070, 1, 0
86087, 575519042, 0, 0
86087, 412381328, 1, 0
87026, 575235892, 0, 0
87026, 373916353, 1, 0
88068, 600789296, 0, 0
88068, 405267263, 1, 0
89033, 547944175, 0, 0
89033, 368424200, 1, 0
90020, 547447627, 0, 0
90020, 338071481, 1, 0
91027, 583795842, 0, 0
91206, 405522289, 1, 0
92065, 589961586, 0, 0
92065, 381123455, 1, 0
93000, 560795925, 0, 0
93000, 396049742, 1, 0
94050, 564610946, 0, 0
94050, 362006458, 1, 0
95041, 568095916, 0, 0
95041, 380870396, 1, 0
96004, 571441763, 0, 0
96004, 373790075, 1, 0
97079, 537999830, 0, 0
97079, 366744288, 1, 0
98026, 523422288, 0, 0
98027, 411212737, 1, 0
99015, 392478012, 1, 0
99015, 592832293, 0, 0
100080, 559092580, 0, 0
100167, 410071134, 1, 0
101008, 570730365, 0, 0
101008, 385919782, 1, 0
102039, 618224747, 0, 0
102140, 425986641, 1, 0
103030, 624229891, 0, 0
103030, 437291638, 1, 0
104051, 552111160, 0, 0
104051, 371017004, 1, 0
105017, 552470211, 0, 0
105017, 396678381, 1, 0
106024, 507069629, 0, 0
106024, 368728190, 1, 0
107002, 539393157, 0, 0
107002, 361923061, 1, 0
108083, 567048838, 0, 0
108164, 381304754, 1, 0
109021, 519033933, 0, 0
109118, 378546795, 1, 0
110051, 407450090, 1, 0
110051, 573728828, 0, 0
111053, 572540581, 0, 0
111053, 406295930, 1, 0
112065, 497333720, 0, 0
112065, 310677925, 1, 0
113067, 452084159, 1, 0
113067, 638802748, 0, 0
114009, 557694038, 0, 0
114009, 408647670, 1, 0
115049, 529717169, 0, 0
115179, 370982366, 1, 0
116051, 578776561, 0, 0
116051, 457921074, 1, 0
117034, 553384858, 0, 0
117035, 403773612, 1, 0
118038, 557279955, 0, 0
118038, 384246734, 1, 0
119031, 412444057, 1, 0
119031, 584745341, 0, 0
120028, 388624011, 1, 0
120028, 570372967, 0, 0
121037, 541634850, 0, 0
121037, 400634805, 1, 0
122059, 555699885, 0, 0
122059, 411736281, 1, 0
123035, 358761021, 1, 0
123035, 543219702, 0, 0
124063, 449699395, 1, 0
124064, 599267364, 0, 0
125025, 418174575, 1, 0
125026, 562380681, 0, 0
126055, 569377849, 0, 0
126055, 383260068, 1, 0
127038, 582820137, 0, 0
127038, 400228159, 1, 0
128069, 559054775, 0, 0
128150, 371782914, 1, 0
129043, 572366491, 0, 0
129043, 401088892, 1, 0
130055, 529579087, 0, 0
130233, 403203552, 1, 0
131008, 565942830, 0, 0
131008, 390372865, 1, 0
132012, 560523217, 0, 0
132044, 403259874, 1, 0
133063, 565105591, 0, 0
133141, 379259242, 1, 0
134051, 537743671, 0, 0
134051, 345894984, 1, 0
135022, 529868812, 0, 0
135023, 351716547, 1, 0
136060, 588889357, 0, 0
136060, 392331791, 1, 0
137086, 550152987, 0, 0
137229, 390000931, 1, 0
138011, 421555517, 1, 0
138011, 624526904, 0, 0
139086, 380257087, 1, 0
139086, 541945693, 0, 0
140052, 407800981, 1, 0
140052, 538935174, 0, 0
141059, 552471046, 0, 0
141059, 422568381, 1, 0
142064, 550889848, 0, 0
142064, 398685170, 1, 0
143086, 557556923, 0, 0
143086, 390158813, 1, 0
144005, 369096159, 1, 0
144005, 561614563, 0, 0
145069, 559252135, 0, 0
145069, 396188588, 1, 0
146009, 569954576, 0, 0
146090, 403683724, 1, 0
147053, 550884688, 0, 0
147053, 415797669, 1, 0
148000, 371906145, 1, 0
148000, 559031859, 0, 0
149000, 578922654, 0, 0
149000, 417593715, 1, 0
150053, 569786930, 0, 0
150147, 425117359, 1, 0
151079, 390096330, 1, 0
151079, 552120172, 0, 0
152086, 609148560, 0, 0
152086, 428764077, 1, 0
153074, 605835240, 0, 0
153074, 451322504, 1, 0
154015, 521717105, 0, 0
154015, 352250663, 1, 0
155061, 586609095, 0, 0
155280, 434167174, 1, 0
156057, 594492021, 0, 0
156057, 409732055, 1, 0
157082, 545017627, 0, 0
157082, 407329087, 1, 0
158004, 611619380, 0, 0
158080, 425276523, 1, 0
159028, 543165666, 0, 0
159028, 410865980, 1, 0
160065, 563685877, 0, 0
160065, 387979310, 1, 0
161074, 576952459, 0, 0
161157, 411315643, 1, 0
162034, 575275478, 0, 0
162034, 422584785, 1, 0
163078, 568047050, 0, 0
163078, 399726545, 1, 0
164070, 532646437, 0, 0
164070, 398435150, 1, 0
165043, 550638943, 0, 0
165043, 389109015, 1, 0
166062, 598510515, 0, 0
166062, 426626106, 1, 0
167028, 515454823, 0, 0
167029, 355555673, 1, 0
168024, 479974009, 0, 0
168114, 355086792, 1, 0
169052, 554698385, 0, 0
169052, 416894605, 1, 0
170048, 537156798, 0, 0
170048, 390546187, 1, 0
171029, 586286707, 0, 0
171117, 413750600, 1, 0
172062, 412428133, 1, 0
172062, 584279559, 0, 0
173057, 520249088, 0, 0
173058, 388167260, 1, 0
174029, 412887846, 1, 0
174029, 612792411, 0, 0
175068, 565750901, 0, 0
175068, 409127199, 1, 0
176061, 383880997, 1, 0
176061, 547733138, 0, 0
177053, 600250181, 0, 0
177053, 435384989, 1, 0
178034, 367195683, 1, 0
178034, 556327771, 0, 0
179088, 386966711, 1, 0
179088, 562693260, 0, 0
180059, 488945207, 0, 0
180060, 335425930, 1, 0
181070, 541738410, 0, 0
181177, 387056341, 1, 0
182039, 559942578, 0, 0
182039, 392117781, 1, 0
183046, 537706010, 0, 0
183046, 376599862, 1, 0
184052, 398419765, 1, 0
184052, 546890657, 0, 0
185051, 375169876, 1, 0
185051, 517319387, 0, 0
186060, 394077721, 1, 0
186060, 534818668, 0, 0
187079, 530782589, 0, 0
187079, 362264574, 1, 0
188049, 511714653, 0, 0
188049, 387511039, 1, 0
189035, 523357241, 0, 0
189036, 378171299, 1, 0
190048, 523461879, 0, 0
190140, 370510355, 1, 0
191079, 551166406, 0, 0
191079, 391640971, 1, 0
192040, 407163930, 1, 0
192040, 605289541, 0, 0
193064, 560558776, 0, 0
193064, 388997722, 1, 0
194007, 556102043, 0, 0
194007, 380556607, 1, 0
195023, 585866940, 0, 0
195023, 418054718, 1, 0
196049, 533413945, 0, 0
196049, 387504927, 1, 0
197077, 411891438, 1, 0
197077, 587237538, 0, 0
198004, 534389008, 0, 0
198004, 360482035, 1, 0
199003, 563501525, 0, 0
199003, 421194014, 1, 0
200003, 516619449, 0, 0
200003, 388275233, 1, 0
201039, 529353302, 0, 0
201039, 385182936, 1, 0
202006, 516344389, 0, 0
202084, 359164716, 1, 0
203054, 565621452, 0, 0
203054, 369930232, 1, 0
204013, 619464404, 0, 0
204013, 467991031, 1, 0
205023, 567985030, 0, 0
205023, 405383551, 1, 0
206060, 539107673, 0, 0
206169, 391320011, 1, 0
207081, 577803073, 0, 0
207194, 386561163, 1, 0
208026, 548493006, 0, 0
208026, 397623156, 1, 0
209062, 500718796, 0, 0
209062, 361535831, 1, 0
210014, 509199869, 0, 0
210014, 363288398, 1, 0
211049, 512257894, 0, 0
211049, 360084580, 1, 0
212064, 542038448, 0, 0
212064, 368296597, 1, 0
213042, 578760895, 0, 0
213042, 409652836, 1, 0
214031, 559275199, 0, 0
214032, 382015493, 1, 0
215079, 551638158, 0, 0
215080, 370872827, 1, 0
216022, 555808731, 0, 0
216022, 383405212, 1, 0
217003, 523118004, 0, 0
217003, 371550111, 1, 0
218001, 398904990, 1, 0
218001, 580909885, 0, 0
219065, 438436840, 1, 0
219065, 575142378, 0, 0
220019, 587071486, 0, 0
220097, 406017911, 1, 0
221040, 608408145, 0, 0
221122, 435977206, 1, 0
222061, 546312469, 0, 0
222061, 422401831, 1, 0
223015, 541243202, 0, 0
223015, 403981025, 1, 0
224064, 558076684, 0, 0
224064, 392490740, 1, 0
225008, 566931087, 0, 0
225008, 418677181, 1, 0
226088, 444941792, 1, 0
226089, 612544320, 0, 0
227001, 572160667, 0, 0
227077, 391741889, 1, 0
228057, 538260583, 0, 0
228057, 399952623, 1, 0
229083, 548241715, 0, 0
229083, 391113889, 1, 0
230027, 368122936, 1, 0
230027, 520923898, 0, 0
231005, 540913631, 0, 0
231005, 406933160, 1, 0
232048, 545786439, 0, 0
232049, 413564636, 1, 0
233077, 541334577, 0, 0
233077, 378539792, 1, 0
234019, 533172828, 0, 0
234019, 353322990, 1, 0
235035, 504272623, 0, 0
235036, 342468596, 1, 0
236064, 528750031, 0, 0
236064, 363693300, 1, 0
237001, 541464713, 0, 0
237001, 373955691, 1, 0
238070, 566294225, 0, 0
238070, 398995176, 1, 0
239019, 570975576, 0, 0
239019, 406911643, 1, 0
240030, 377136763, 1, 0
240030, 530216136, 0, 0
241006, 402761171, 1, 0
241007, 588068037, 0, 0
242039, 584762922, 0, 0
242132, 427734810, 1, 0
243021, 587786558, 0, 0
243021, 410675855, 1, 0
244040, 551325033, 0, 0
244040, 369919834, 1, 0
245077, 536355273, 0, 0
245077, 414594540, 1, 0
246032, 523425527, 0, 0
246123, 369000944, 1, 0
247100, 579626681, 0, 0
247100, 372357948, 1, 0
248020, 411447809, 1, 0
248020, 549642489, 0, 0
249004, 602200067, 0, 0
249004, 435555355, 1, 0
250019, 593900153, 0, 0
250019, 424459706, 1, 0
251022, 377907291, 1, 0
251022, 493210481, 0, 0
252015, 618563746, 0, 0
252015, 381911427, 1, 0
253034, 532565144, 0, 0
253034, 383198250, 1, 0
254018, 535759952, 0, 0
254018, 367213987, 1, 0
255022, 554078020, 0, 0
255022, 367205699, 1, 0
256017, 506779768, 0, 0
256017, 343736576, 1, 0
257046, 378112195, 1, 0
257046, 548285207, 0, 0
258082, 561573380, 0, 0
258082, 412322583, 1, 0
259050, 572457639, 0, 0
259050, 396247952, 1, 0
260017, 567507206, 0, 0
260017, 415258966, 1, 0
261059, 558798141, 0, 0
261059, 399241046, 1, 0
262082, 540698264, 0, 0
262082, 375976660, 1, 0
263033, 359778302, 1, 0
263033, 538323305, 0, 0
264037, 570856970, 0, 0
264038, 397087648, 1, 0
265018, 602492506, 0, 0
265115, 379941252, 1, 0
266020, 519074439, 0, 0
266021, 358102485, 1, 0
267054, 561991130, 0, 0
267054, 387483637, 1, 0
268091, 520369688, 0, 0
268091, 350011134, 1, 0
269023, 539933689, 0, 0
269023, 353759952, 1, 0
270042, 357280701, 1, 0
270042, 508042272, 0, 0
271068, 602873507, 0, 0
271068, 468470645, 1, 0
272080, 561079202, 0, 0
272080, 418802691, 1, 0
273079, 505907676, 0, 0
273181, 367471704, 1, 0
274039, 431352923, 1, 0
274039, 563653450, 0, 0
275050, 410855296, 1, 0
275050, 552613995, 0, 0
276076, 551460090, 0, 0
276077, 397674779, 1, 0
277088, 503205504, 0, 0
277088, 337337514, 1, 0
278008, 498700332, 0, 0
278008, 343892793, 1, 0
279005, 535104669, 0, 0
279006, 350644206, 1, 0
280007, 531136460, 0, 0
280007, 390182677, 1, 0
281028, 495867078, 0, 0
281028, 364592556, 1, 0
282046, 423640720, 1, 0
282046, 547755815, 0, 0
283082, 541754119, 0, 0
283152, 374300298, 1, 0
284081, 541546617, 0, 0
284081, 369416306, 1, 0
285017, 586347374, 0, 0
285017, 424470732, 1, 0
286015, 330127716, 1, 0
286015, 485359567, 0, 0
287066, 415474004, 1, 0
287066, 573928253, 0, 0
288027, 406810065, 1, 0
288027, 540291534, 0, 0
289068, 533350228, 0, 0
289144, 398774225, 1, 0
290000, 377710542, 1, 0
290066, 558924306, 0, 0
291082, 598079501, 0, 0
291168, 453966288, 1, 0
292026, 527482708, 0, 0
292121, 344755854, 1, 0
293040, 602526733, 0, 0
293040, 425312932, 1, 0
294066, 571489002, 0, 0
294066, 401617081, 1, 0
295027, 491318249, 0, 0
295027, 314173277, 1, 0
296023, 538060940, 0, 0
296023, 359529626, 1, 0
297054, 498158103, 0, 0
297054, 336712634, 1, 0
298010, 553363080, 0, 0
298010, 384147270, 1, 0
299022, 517296234, 0, 0
299023, 363163805, 1, 0
300050, 512826700, 0, 0
300051, 352619528, 1, 0
301063, 504632280, 0, 0
301064, 353281434, 1, 0
302092, 583305792, 0, 0
302092, 378932571, 1, 0
303050, 566056788, 0, 0
303050, 394444091, 1, 0
304044, 524624189, 0, 0
304044, 396367396, 1, 0
305012, 477326892, 0, 0
305012, 325514072, 1, 0
306046, 542453610, 0, 0
306046, 409757008, 1, 0
307065, 543132490, 0, 0
307066, 393008091, 1, 0
308065, 541661536, 0, 0
308065, 410748631, 1, 0
309074, 494513129, 0, 0
309075, 334711829, 1, 0
310083, 553007160, 0, 0
310083, 379429406, 1, 0
311100, 371017880, 1, 0
311100, 522171409, 0, 0
312048, 387011172, 1, 0
312048, 541768020, 0, 0
313043, 510491412, 0, 0
313043, 360322869, 1, 0
314066, 512337873, 0, 0
314067, 360154133, 1, 0
315043, 573129510, 0, 0
315128, 389892267, 1, 0
316050, 598024497, 0, 0
316050, 430762411, 1, 0
317090, 500860811, 0, 0
317090, 390488484, 1, 0
318067, 546782076, 0, 0
318067, 358826190, 1, 0
319038, 598219282, 0, 0
319207, 418228048, 1, 0
320043, 579774457, 0, 0
320043, 418636954, 1, 0
321021, 512040621, 0, 0
321021, 361778456, 1, 0
322067, 518941037, 0, 0
322067, 401057834, 1, 0
323065, 536150556, 0, 0
323066, 378224938, 1, 0
324081, 531987760, 0, 0
324081, 379629920, 1, 0
325044, 523895993, 0, 0
325044, 394289354, 1, 0
326053, 487009422, 0, 0
326137, 327063290, 1, 0
327060, 324455112, 1, 0
327060, 462876989, 0, 0
328044, 538627524, 0, 0
328044, 394592501, 1, 0
329045, 514896338, 0, 0
329045, 346718693, 1, 0
330008, 549484908, 0, 0
330008, 371892370, 1, 0
331017, 390862845, 1, 0
331017, 549176901, 0, 0
332050, 553427801, 0, 0
332050, 399447111, 1, 0
333056, 553467717, 0, 0
333056, 370114015, 1, 0
334003, 359933857, 1, 0
334003, 505650485, 0, 0
335004, 559572964, 0, 0
335005, 393834874, 1, 0
336037, 560546245, 0, 0
336037, 367668192, 1, 0
337082, 529232449, 0, 0
337149, 408630338, 1, 0
338050, 565543126, 0, 0
338050, 446092482, 1, 0
339061, 511903603, 0, 0
339062, 359393644, 1, 0
340001, 501807165, 0, 0
340001, 379653526, 1, 0
341045, 535203191, 0, 0
341123, 390609025, 1, 0
342087, 539208631, 0, 0
342087, 393412481, 1, 0
343073, 396167276, 1, 0
343073, 548241413, 0, 0
344095, 519739524, 0, 0
344095, 362073544, 1, 0
345023, 349530266, 1, 0
345024, 513002339, 0, 0
346010, 538497692, 0, 0
346120, 389277554, 1, 0
347024, 497787419, 0, 0
347024, 317576354, 1, 0
348017, 573117749, 0, 0
348017, 424425265, 1, 0
349086, 555104503, 0, 0
349167, 382444293, 1, 0
350030, 363220650, 1, 0
350030, 537778597, 0, 0
351017, 568036171, 0, 0
351018, 402919224, 1, 0
352060, 378034858, 1, 0
352060, 541556398, 0, 0
353068, 337010910, 1, 0
353068, 480923637, 0, 0
354017, 369219974, 1, 0
354017, 539007722, 0, 0
355002, 326966718, 1, 0
355002, 480294213, 0, 0
356068, 384836093, 1, 0
356068, 525899872, 0, 0
357004, 572800674, 0, 0
357004, 387711254, 1, 0
358024, 386919172, 1, 0
358024, 520643222, 0, 0
359002, 541087423, 0, 0
359097, 362644424, 1, 0
360056, 540649974, 0, 0
360056, 376050852, 1, 0
361002, 494324334, 0, 0
361002, 346530115, 1, 0
362059, 549991472, 0, 0
362230, 392759299, 1, 0
363003, 522135450, 0, 0
363003, 347864562, 1, 0
364078, 538546777, 0, 0
364078, 366407273, 1, 0
365035, 543299453, 0, 0
365035, 383759140, 1, 0
366039, 570687522, 0, 0
366039, 396358342, 1, 0
367079, 528153535, 0, 0
367171, 409617995, 1, 0
368010, 411051427, 1, 0
368011, 540139249, 0, 0
369008, 546808837, 0, 0
369008, 360327049, 1, 0
370016, 417354307, 1, 0
370017, 560409994, 0, 0
371040, 581923809, 0, 0
371040, 423766589, 1, 0
372032, 555435564, 0, 0
372033, 405869247, 1, 0
373035, 544319020, 0, 0
373116, 385554165, 1, 0
374064, 516589031, 0, 0
374064, 359182439, 1, 0
375031, 560360738, 0, 0
375031, 418801937, 1, 0
376001, 542399060, 0, 0
376001, 376178693, 1, 0
377024, 359839981, 1, 0
377024, 517535681, 0, 0
378041, 518251210, 0, 0
378041, 357837775, 1, 0
379055, 522885042, 0, 0
379055, 370781990, 1, 0
380021, 516621904, 0, 0
380021, 356758300, 1, 0
381000, 548348149, 0, 0
381000, 385785211, 1, 0
382076, 499544592, 0, 0
382076, 349492873, 1, 0
383061, 533953169, 0, 0
383157, 381219515, 1, 0
384071, 456897157, 1, 0
384071, 621408786, 0, 0
385058, 493415552, 0, 0
385058, 336325374, 1, 0
386048, 545539875, 0, 0
386048, 398225374, 1, 0
387043, 506489017, 0, 0
387044, 355597986, 1, 0
388046, 547382071, 0, 0
388046, 378466916, 1, 0
389010, 518818547, 0, 0
389011, 391907070, 1, 0
390068, 520726572, 0, 0
390068, 384737735, 1, 0
391063, 348006224, 1, 0
391063, 458357082, 0, 0
392006, 507483042, 0, 0
392006, 361710044, 1, 0
393097, 545758887, 0, 0
393097, 370246394, 1, 0
394054, 528535344, 0, 0
394054, 377051207, 1, 0
395035, 394252060, 1, 0
395035, 558658439, 0, 0
396070, 493074438, 0, 0
396070, 352401334, 1, 0
397069, 574972781, 0, 0
397069, 386937487, 1, 0
398016, 373072798, 1, 0
398016, 547932550, 0, 0
399005, 402779841, 1, 0
399005, 566398624, 0, 0
400020, 533725248, 0, 0
400020, 379755627, 1, 0
401016, 505835102, 0, 0
401090, 354505008, 1, 0
402006, 513479035, 0, 0
402006, 357230168, 1, 0
403039, 490919028, 0, 0
403039, 342907759, 1, 0
404061, 514224369, 0, 0
404140, 357561585, 1, 0
405078, 547637690, 0, 0
405170, 354028671, 1, 0
406011, 505189952, 0, 0
406011, 367999257, 1, 0
407056, 509164693, 0, 0
407056, 366506999, 1, 0
408033, 494454608, 0, 0
408033, 350551695, 1, 0
409041, 522493587, 0, 0
409041, 372570832, 1, 0
410046, 451549363, 0, 0
410046, 335753913, 1, 0
411071, 494488633, 0, 0
411071, 384063643, 1, 0
412052, 514914582, 0, 0
412052, 356923361, 1, 0
413079, 566274897, 0, 0
413079, 378199541, 1, 0
414009, 496316694, 0, 0
414009, 375616105, 1, 0
415061, 502893619, 0, 0
415061, 356547585, 1, 0
416075, 534011123, 0, 0
416075, 399979098, 1, 0
417003, 600937072, 0, 0
417003, 436817346, 1, 0
418037, 366259372, 1, 0
418037, 513491111, 0, 0
419091, 512482139, 0, 0
419091, 352930707, 1, 0
420021, 532815883, 0, 0
420021, 403559246, 1, 0
421046, 388541934, 1, 0
421046, 545175352, 0, 0
422024, 517352142, 0, 0
422024, 334970122, 1, 0
423037, 480429210, 0, 0
423037, 362887945, 1, 0
424050, 580181767, 0, 0
424050, 413927313, 1, 0
425068, 494648859, 0, 0
425069, 363401000, 1, 0
426028, 505958389, 0, 0
426115, 368635564, 1, 0
427052, 524310095, 0, 0
427053, 352807661, 1, 0
428048, 488431044, 0, 0
428048, 339035178, 1, 0
429080, 485854363, 0, 0
429081, 337476285, 1, 0
430036, 534015571, 0, 0
430037, 373723993, 1, 0
431042, 491250753, 0, 0
431042, 343514900, 1, 0
432059, 334004569, 1, 0
432059, 513975169, 0, 0
433075, 567965508, 0, 0
433075, 404177416, 1, 0
434039, 518618619, 0, 0
434040, 378194093, 1, 0
435050, 399362930, 1, 0
435050, 541433709, 0, 0
436001, 355313530, 1, 0
436001, 519775817, 0, 0
437068, 512436926, 0, 0
437068, 358626911, 1, 0
438092, 505822080, 0, 0
438092, 361729986, 1, 0
439050, 486192326, 0, 0
439051, 343390441, 1, 0
440035, 491436766, 0, 0
440036, 346999409, 1, 0
441036, 535143018, 0, 0
441037, 406915665, 1, 0
442086, 516684286, 0, 0
442086, 422045884, 1, 0
443040, 525357891, 0, 0
443040, 385091798, 1, 0
444078, 516181143, 0, 0
444078, 365899939, 1, 0
445023, 470535885, 0, 0
445023, 346302925, 1, 0
446008, 337145550, 1, 0
446008, 480578643, 0, 0
447028, 340446213, 1, 0
447028, 476557935, 0, 0
448013, 544800577, 0, 0
448013, 365488675, 1, 0
449035, 519888802, 0, 0
449035, 355944078, 1, 0
450037, 514454155, 0, 0
450127, 377740968, 1, 0
451066, 547849531, 0, 0
451066, 399582199, 1, 0
452007, 368277493, 1, 0
452007, 513351517, 0, 0
453059, 326294236, 1, 0
453059, 518223115, 0, 0
454001, 526115846, 0, 0
454001, 407759364, 1, 0
455036, 498799423, 0, 0
455036, 358847200, 1, 0
456003, 477878126, 0, 0
456003, 349863116, 1, 0
457063, 357174219, 1, 0
457063, 509056217, 0, 0
458029, 515946790, 0, 0
458029, 357546408, 1, 0
459062, 464266241, 0, 0
459062, 324789409, 1, 0
460050, 492275740, 0, 0
460051, 341766138, 1, 0
461004, 488482905, 0, 0
461005, 345838677, 1, 0
462009, 498853139, 0, 0
462009, 316486462, 1, 0
463042, 487216854, 0, 0
463042, 338953641, 1, 0
464039, 494918859, 0, 0
464039, 316246889, 1, 0
465068, 517749416, 0, 0
465152, 378136094, 1, 0
466006, 510760877, 0, 0
466006, 385150820, 1, 0
467007, 534682495, 0, 0
467007, 403155482, 1, 0
468024, 516050176, 0, 0
468024, 378830098, 1, 0
469026, 492598048, 0, 0
469027, 374697283, 1, 0
470045, 508702801, 0, 0
470045, 360108457, 1, 0
471000, 520152764, 0, 0
471000, 363406917, 1, 0
472016, 506016758, 0, 0
472121, 339966031, 1, 0
473049, 454899771, 0, 0
473049, 301064812, 1, 0
474069, 425130317, 1, 0
474069, 585478700, 0, 0
475077, 481186284, 0, 0
475078, 344504615, 1, 0
476067, 385747743, 1, 0
476067, 529161078, 0, 0
477085, 494950321, 0, 0
477085, 341358178, 1, 0
478037, 554290728, 0, 0
478037, 377421993, 1, 0
479095, 503060076, 0, 0
479095, 356682792, 1, 0
480000, 433568626, 0, 0
480000, 323618804, 1, 0
481051, 540321373, 0, 0
481052, 397975226, 1, 0
482082, 525632142, 0, 0
482082, 354231700, 1, 0
483011, 523800898, 0, 0
483012, 352412701, 1, 0
484021, 371673136, 1, 0
484021, 536992961, 0, 0
485068, 374919370, 1, 0
485068, 527585679, 0, 0
486055, 346623309, 1, 0
486055, 482552188, 0, 0
487071, 336169793, 1, 0
487071, 495684663, 0, 0
488000, 504510547, 0, 0
488001, 356786030, 1, 0
489005, 511757324, 0, 0
489005, 350357775, 1, 0
490071, 511554575, 0, 0
490072, 353172166, 1, 0
491077, 491830704, 0, 0
491077, 359491415, 1, 0
492038, 495152895, 0, 0
492038, 363664353, 1, 0
493075, 479996971, 0, 0
493076, 334447186, 1, 0
494075, 484623905, 0, 0
494075, 375242370, 1, 0
495052, 562970832, 0, 0
495132, 358086630, 1, 0
496000, 518730187, 0, 0
496000, 365442956, 1, 0
497010, 481255421, 0, 0
497010, 323345693, 1, 0
498008, 502575449, 0, 0
498008, 315985317, 1, 0
499033, 494840844, 0, 0
499034, 331771443, 1, 0
500022, 527111155, 0, 0
500022, 406080776, 1, 0
501092, 374222044, 1, 0
501092, 508943058, 0, 0
502040, 529779570, 0, 0
502040, 358623631, 1, 0
503030, 344803999, 1, 0
503113, 502539382, 0, 0
504030, 526371816, 0, 0
504030, 349211120, 1, 0
505040, 531675648, 0, 0
505210, 393272946, 1, 0
506023, 394537807, 1, 0
506023, 526992961, 0, 0
507081, 503064021, 0, 0
507081, 336975729, 1, 0
508098, 523593830, 0, 0
508098, 352562860, 1, 0
509067, 362156213, 1, 0
509067, 537511297, 0, 0
510005, 461201673, 0, 0
510006, 329125331, 1, 0
511029, 467292710, 0, 0
511030, 341080158, 1, 0
512036, 470287430, 0, 0
512036, 370022859, 1, 0
513007, 485865134, 0, 0
513092, 359787819, 1, 0
514070, 516534295, 0, 0
514143, 350528213, 1, 0
515021, 454799805, 0, 0
515021, 342897245, 1, 0
516004, 526461101, 0, 0
516004, 327697810, 1, 0
517020, 512126440, 0, 0
517020, 359692693, 1, 0
518043, 459581289, 0, 0
518044, 327707963, 1, 0
519059, 348693774, 1, 0
519059, 494974170, 0, 0
520074, 477107981, 0, 0
520074, 345812458, 1, 0
521044, 508309185, 0, 0
521044, 365981374, 1, 0
522063, 348790030, 1, 0
522064, 492411459, 0, 0
523017, 450941305, 0, 0
523095, 317029839, 1, 0
524073, 564076415, 0, 0
524146, 360758511, 1, 0
525046, 346366808, 1, 0
525046, 478604822, 0, 0
526060, 558376406, 0, 0
526060, 394676614, 1, 0
527084, 480656980, 0, 0
527084, 319495653, 1, 0
528039, 495339280, 0, 0
528039, 363020323, 1, 0
529067, 512389875, 0, 0
529067, 348625875, 1, 0
530071, 504176881, 0, 0
530071, 351299568, 1, 0
531015, 532129881, 0, 0
531015, 357988894, 1, 0
532002, 473507856, 0, 0
532002, 339674700, 1, 0
533032, 344220579, 1, 0
533032, 494000830, 0, 0
534057, 525274678, 0, 0
534057, 364926677, 1, 0
535002, 482837228, 0, 0
535002, 352085805, 1, 0
536085, 497384360, 0, 0
536085, 367701014, 1, 0
537035, 455671144, 0, 0
537035, 343955673, 1, 0
538012, 488233886, 0, 0
538012, 368489913, 1, 0
539036, 341689902, 1, 0
539036, 477696765, 0, 0
540010, 512185500, 0, 0
540122, 360914669, 1, 0
541070, 505785593, 0, 0
541154, 362216329, 1, 0
542074, 542140183, 0, 0
542074, 386080749, 1, 0
543021, 469110456, 0, 0
543021, 343188527, 1, 0
544066, 599571625, 0, 0
544067, 421211372, 1, 0
545064, 356561891, 1, 0
545064, 497317379, 0, 0
546079, 460274024, 0, 0
546172, 313863600, 1, 0
547056, 476652072, 0, 0
547056, 342531383, 1, 0
548004, 473211936, 0, 0
548004, 344151478, 1, 0
549108, 451215354, 0, 0
549108, 331288364, 1, 0
550076, 475935401, 0, 0
550076, 345041447, 1, 0
551018, 501405832, 0, 0
551018, 350113817, 1, 0
552036, 486618217, 0, 0
552037, 347907447, 1, 0
553027, 337044523, 1, 0
553027, 483209149, 0, 0
554080, 509566883, 0, 0
554081, 367401739, 1, 0
555042, 508133868, 0, 0
555042, 393242133, 1, 0
556011, 487010254, 0, 0
556011, 334840216, 1, 0
557020, 480902846, 0, 0
557020, 349935918, 1, 0
558035, 481054627, 0, 0
558036, 351244474, 1, 0
559075, 496594250, 0, 0
559075, 376283272, 1, 0
560065, 520395800, 0, 0
560239, 368961985, 1, 0
561008, 540034415, 0, 0
561089, 359477858, 1, 0
562071, 509387047, 0, 0
562072, 354509245, 1, 0
563060, 519849648, 0, 0
563060, 374860026, 1, 0
564024, 537877825, 0, 0
564119, 370074078, 1, 0
565075, 501509245, 0, 0
565075, 359682932, 1, 0
566054, 508572939, 0, 0
566054, 380161228, 1, 0
567081, 510532713, 0, 0
567081, 350912023, 1, 0
568000, 501294756, 0, 0
568000, 333598943, 1, 0
569031, 313760160, 1, 0
569031, 479683251, 0, 0
570049, 522942154, 0, 0
570049, 362449613, 1, 0
571023, 503351727, 0, 0
571024, 392827996, 1, 0
572023, 487582032, 0, 0
572023, 340246397, 1, 0
573009, 524160967, 0, 0
573010, 354990094, 1, 0
574065, 535104848, 0, 0
574065, 375810495, 1, 0
575022, 498133353, 0, 0
575022, 354899563, 1, 0
576031, 512899729, 0, 0
576032, 334426687, 1, 0
577069, 335829943, 1, 0
577069, 493150185, 0, 0
578018, 500981270, 0, 0
578098, 356020219, 1, 0
579075, 534673475, 0, 0
579075, 362107308, 1, 0
580024, 504600405, 0, 0
580024, 367873845, 1, 0
581011, 559054212, 0, 0
581107, 404036642, 1, 0
582037, 511745905, 0, 0
582037, 341536195, 1, 0
583012, 523368764, 0, 0
583012, 379930360, 1, 0
584016, 541997605, 0, 0
584016, 386832920, 1, 0
585008, 526318159, 0, 0
585008, 384255073, 1, 0
586056, 454224829, 0, 0
586126, 337293060, 1, 0
587055, 496717461, 0, 0
587055, 361332470, 1, 0
588041, 493075809, 0, 0
588127, 313955163, 1, 0
589002, 384831066, 1, 0
589002, 523639549, 0, 0
590085, 477410061, 0, 0
590169, 339761376, 1, 0
591040, 522813865, 0, 0
591040, 354711171, 1, 0
592035, 381275310, 1, 0
592036, 522644311, 0, 0
593032, 535584848, 0, 0
593032, 367090975, 1, 0
594104, 502859651, 0, 0
594155, 351929980, 1, 0
595051, 568623069, 0, 0
595052, 423620133, 1, 0
596212, 542833016, 0, 0
596212, 404260925, 1, 0
597039, 530381829, 0, 0
597040, 377232233, 1, 0
598056, 446996283, 0, 0
598056, 314111289, 1, 0
599021, 354769882, 1, 0
599022, 486948234, 0, 0
600048, 530498083, 0, 0
600048, 353764331, 1, 0
601059, 564122938, 0, 0
601060, 433063799, 1, 0
602104, 516589393, 0, 0
602148, 358512191, 1, 0
603045, 482993146, 0, 0
603046, 357743331, 1, 0
604066, 506283770, 0, 0
604066, 372930403, 1, 0
605029, 483031918, 0, 0
605113, 348763707, 1, 0
606055, 515071023, 0, 0
606055, 370588546, 1, 0
607068, 499939114, 0, 0
607089, 340318444, 1, 0
608058, 440149537, 0, 0
608058, 298277961, 1, 0
609021, 329932806, 1, 0
609021, 461248371, 0, 0
610035, 372908371, 1, 0
610036, 522982007, 0, 0
611052, 538272614, 0, 0
611134, 392999476, 1, 0
612000, 486970132, 0, 0
612000, 348785545, 1, 0
613062, 510980431, 0, 0
613063, 375778476, 1, 0
614082, 494414288, 0, 0
614082, 355158977, 1, 0
615041, 318647785, 1, 0
615041, 456833909, 0, 0
616061, 520183750, 0, 0
616061, 372696365, 1, 0
617069, 477166825, 0, 0
617152, 315628517, 1, 0
618067, 303807665, 1, 0
618067, 416394904, 0, 0
619036, 502886733, 0, 0
619119, 377551030, 1, 0
620058, 351348359, 1, 0
620058, 491724578, 0, 0
621005, 516455840, 0, 0
621005, 356217044, 1, 0
622014, 489856543, 0, 0
622014, 332413591, 1, 0
623037, 480391418, 0, 0
623037, 361914809, 1, 0
624055, 324180633, 1, 0
624055, 448833817, 0, 0
625082, 474953895, 0, 0
625082, 361257105, 1, 0
626027, 383003954, 1, 0
626027, 531948132, 0, 0
627080, 518331812, 0, 0
627080, 414788406, 1, 0
628011, 508621925, 0, 0
628011, 381925515, 1, 0
629005, 367712935, 1, 0
629005, 497259007, 0, 0
630031, 447176880, 0, 0
630202, 323982368, 1, 0
631029, 514709219, 0, 0
631117, 354823114, 1, 0
632005, 485762573, 0, 0
632005, 381616927, 1, 0
633043, 386992114, 1, 0
633043, 488681973, 0, 0
634086, 479950967, 0, 0
634148, 344232467, 1, 0
635025, 509481405, 0, 0
635025, 367139987, 1, 0
636009, 440326893, 0, 0
636009, 269390683, 1, 0
637073, 494624171, 0, 0
637073, 323762127, 1, 0
638029, 540633861, 0, 0
638029, 381353980, 1, 0
639071, 466522899, 0, 0
639071, 344909564, 1, 0
640051, 518177664, 0, 0
640051, 376618396, 1, 0
641015, 493878509, 0, 0
641015, 357621488, 1, 0
642020, 544094530, 0, 0
642020, 381797556, 1, 0
643039, 517872488, 0, 0
643039, 381978775, 1, 0
644077, 349098307, 1, 0
644077, 478972737, 0, 0
645023, 353149036, 1, 0
645023, 492170210, 0, 0
646002, 461124924, 0, 0
646002, 333440278, 1, 0
647019, 469886530, 0, 0
647020, 344199823, 1, 0
648012, 522381266, 0, 0
648102, 391079511, 1, 0
649014, 344717981, 1, 0
649014, 507185421, 0, 0
650021, 424187976, 0, 0
650022, 305723082, 1, 0
651015, 446281213, 0, 0
651015, 312460321, 1, 0
652038, 494186161, 0, 0
652038, 370658619, 1, 0
653081, 524934041, 0, 0
653081, 360981373, 1, 0
654084, 421473983, 0, 0
654084, 291294682, 1, 0
655023, 467698665, 0, 0
655106, 336832360, 1, 0
656020, 485632719, 0, 0
656020, 361670636, 1, 0
657053, 495265674, 0, 0
657053, 363796637, 1, 0
658007, 363739149, 1, 0
658007, 507046361, 0, 0
659009, 475923884, 0, 0
659009, 334043321, 1, 0
660034, 459739903, 0, 0
660034, 335249089, 1, 0
661095, 507804485, 0, 0
661095, 394878245, 1, 0
662040, 493881595, 0, 0
662041, 344766373, 1, 0
663047, 476016851, 0, 0
663139, 358532604, 1, 0
664057, 526753741, 0, 0
664057, 393704505, 1, 0
665002, 480910807, 0, 0
665002, 317575152, 1, 0
666066, 375505096, 1, 0
666066, 527682467, 0, 0
667089, 524720996, 0, 0
667089, 370326875, 1, 0
668000, 434707568, 0, 0
668085, 273695748, 1, 0
669020, 451441345, 0, 0
669020, 316383707, 1, 0
670024, 469956143, 0, 0
670024, 325943822, 1, 0
671011, 335844104, 1, 0
671011, 472670610, 0, 0
672047, 535708285, 0, 0
672047, 383386036, 1, 0
673057, 479537545, 0, 0
673133, 343098985, 1, 0
674005, 437047388, 0, 0
674006, 301139274, 1, 0
675006, 474851162, 0, 0
675006, 342654759, 1, 0
676015, 471653367, 0, 0
676016, 345005616, 1, 0
677003, 486126794, 0, 0
677003, 338497964, 1, 0
678100, 444021104, 0, 0
678100, 332441224, 1, 0
679010, 481061340, 0, 0
679010, 303259490, 1, 0
680051, 539744096, 0, 0
680151, 378109840, 1, 0
681028, 507185480, 0, 0
681029, 337287841, 1, 0
682018, 486943353, 0, 0
682018, 354311879, 1, 0
683033, 452412992, 0, 0
683130, 301410758, 1, 0
684011, 448385357, 0, 0
684011, 324231464, 1, 0
685060, 469770062, 0, 0
685060, 350961789, 1, 0
686003, 440038342, 0, 0
686004, 303537742, 1, 0
687058, 504477801, 0, 0
687058, 368320280, 1, 0
688097, 501051963, 0, 0
688097, 369615958, 1, 0
689040, 610385750, 0, 0
689128, 467421641, 1, 0
690095, 507000657, 0, 0
690143, 340993752, 1, 0
691049, 460734162, 0, 0
691049, 344618083, 1, 0
692024, 451147516, 0, 0
692113, 328738901, 1, 0
693090, 432086939, 0, 0
693090, 314457461, 1, 0
694041, 475411162, 0, 0
694041, 343007525, 1, 0
695070, 484357631, 0, 0
695070, 345273991, 1, 0
696048, 548582276, 0, 0
696127, 385172232, 1, 0
697048, 475216699, 0, 0
697049, 348456754, 1, 0
698002, 532962558, 0, 0
698003, 373365150, 1, 0
699046, 483344146, 0, 0
699114, 371801748, 1, 0
700071, 365603672, 1, 0
700071, 540160284, 0, 0
701030, 495949366, 0, 0
701030, 352048196, 1, 0
702019, 346790816, 1, 0
702019, 450494307, 0, 0
703058, 340722884, 1, 0
703058, 466281394, 0, 0
704018, 471361579, 0, 0
704018, 349263153, 1, 0
705054, 524402593, 0, 0
705055, 356279471, 1, 0
706025, 533659808, 0, 0
706025, 387798487, 1, 0
707016, 364492329, 1, 0
707016, 507292710, 0, 0
708076, 521124873, 0, 0
708076, 363904194, 1, 0
709054, 509140423, 0, 0
709054, 350051014, 1, 0
710099, 493159307, 0, 0
710155, 357985782, 1, 0
711028, 537342230, 0, 0
711028, 382385217, 1, 0
712074, 483860278, 0, 0
712074, 370768912, 1, 0
713031, 463346376, 0, 0
713031, 322647772, 1, 0
714055, 455357847, 0, 0
714055, 320272491, 1, 0
715021, 401927953, 0, 0
715021, 270447956, 1, 0
716051, 348815857, 1, 0
716051, 488152573, 0, 0
717023, 476284610, 0, 0
717023, 350800700, 1, 0
718019, 471423621, 0, 0
718106, 321033933, 1, 0
719035, 462740042, 0, 0
719035, 343463859, 1, 0
720097, 468730394, 0, 0
720097, 330048544, 1, 0
721040, 499549566, 0, 0
721040, 362098818, 1, 0
722081, 347105269, 1, 0
722082, 516403676, 0, 0
723020, 493062282, 0, 0
723020, 312768283, 1, 0
724101, 444026960, 0, 0
724101, 321655017, 1, 0
725097, 539093260, 0, 0
725097, 374873029, 1, 0
726079, 489301749, 0, 0
726079, 365440463, 1, 0
727055, 530390877, 0, 0
727055, 381329300, 1, 0
728083, 511421159, 0, 0
728084, 333306843, 1, 0
729120, 438818944, 0, 0
729120, 325069779, 1, 0
730047, 553351836, 0, 0
730047, 365060428, 1, 0
731078, 446118942, 0, 0
731078, 337213431, 1, 0
732067, 475511696, 0, 0
732067, 329247337, 1, 0
733057, 503386312, 0, 0
733057, 370479775, 1, 0
734024, 460914119, 0, 0
734025, 346498970, 1, 0
735062, 446573066, 0, 0
735062, 326238697, 1, 0
736021, 410013708, 0, 0
736021, 283438265, 1, 0
737003, 494262192, 0, 0
737004, 322634636, 1, 0
738038, 266739063, 1, 0
738039, 385600568, 0, 0
739077, 476001726, 0, 0
739077, 325961883, 1, 0
740037, 474350681, 0, 0
740038, 325792411, 1, 0
741015, 348491452, 1, 0
741016, 484238701, 0, 0
742038, 561474746, 0, 0
742081, 388439304, 1, 0
743071, 466189036, 0, 0
743071, 305741291, 1, 0
744023, 453827115, 0, 0
744023, 303918482, 1, 0
745060, 432608260, 0, 0
745060, 283992789, 1, 0
746069, 465596684, 0, 0
746154, 306098607, 1, 0
747110, 407199368, 0, 0
747110, 276674279, 1, 0
748007, 478249467, 0, 0
748008, 319745933, 1, 0
749051, 454857012, 0, 0
749051, 321744046, 1, 0
750117, 297203998, 1, 0
750117, 407839998, 0, 0
751015, 471516808, 0, 0
751015, 321878485, 1, 0
752057, 438599097, 0, 0
752057, 316389757, 1, 0
753000, 519101236, 0, 0
753001, 374705287, 1, 0
754087, 472776227, 0, 0
754088, 335244147, 1, 0
755026, 462553087, 0, 0
755026, 328496547, 1, 0
756061, 450957394, 0, 0
756061, 301951307, 1, 0
757082, 450275604, 0, 0
757082, 325119817, 1, 0
758056, 509202344, 0, 0
758056, 365838241, 1, 0
759010, 351017669, 1, 0
759010, 472654276, 0, 0
760054, 451986241, 0, 0
760054, 332887925, 1, 0
761009, 535615271, 0, 0
761009, 392183541, 1, 0
762025, 473254583, 0, 0
762025, 339451265, 1, 0
763048, 340782513, 1, 0
763049, 483055848, 0, 0
764015, 477630284, 0, 0
764016, 348246104, 1, 0
765078, 502035640, 0, 0
765078, 340695256, 1, 0
766032, 429671176, 0, 0
766110, 315778817, 1, 0
767057, 501837613, 0, 0
767057, 350935213, 1, 0
768022, 429126967, 0, 0
768023, 304467323, 1, 0
769054, 468158311, 0, 0
769054, 345195020, 1, 0
770034, 360840107, 1, 0
770034, 498892969, 0, 0
771083, 463185670, 0, 0
771083, 320892897, 1, 0
772052, 489434924, 0, 0
772052, 347037290, 1, 0
773093, 452727983, 0, 0
773093, 331249806, 1, 0
774010, 358799205, 1, 0
774011, 470288574, 0, 0
775035, 340808732, 1, 0
775035, 472285878, 0, 0
776019, 469577079, 0, 0
776092, 307443728, 1, 0
777064, 485029669, 0, 0
777064, 321612689, 1, 0
778003, 446268388, 0, 0
778096, 322484043, 1, 0
779037, 489264343, 0, 0
779037, 343578756, 1, 0
780070, 459907481, 0, 0
780070, 305878977, 1, 0
781041, 465650813, 0, 0
781041, 324954276, 1, 0
782032, 311670241, 1, 0
782032, 470403913, 0, 0
783043, 502574824, 0, 0
783044, 339501963, 1, 0
784077, 304802595, 1, 0
784077, 452607653, 0, 0
785029, 471885150, 0, 0
785029, 322655088, 1, 0
786058, 430494388, 0, 0
786157, 290860795, 1, 0
787038, 498149102, 0, 0
787038, 357300278, 1, 0
788063, 496803536, 0, 0
788063, 349336723, 1, 0
789001, 427086549, 0, 0
789001, 273436615, 1, 0
790002, 457636080, 0, 0
790002, 289647016, 1, 0
791012, 434869961, 0, 0
791012, 310246615, 1, 0
792039, 322409291, 1, 0
792039, 449156548, 0, 0
793003, 329318826, 1, 0
793003, 470321286, 0, 0
794029, 329569539, 1, 0
794029, 488248145, 0, 0
795048, 443634210, 0, 0
795048, 298115654, 1, 0
796019, 317744022, 1, 0
796020, 479822211, 0, 0
797017, 507534311, 0, 0
797017, 363987959, 1, 0
798042, 347518468, 1, 0
798042, 473281794, 0, 0
799077, 524230676, 0, 0
799077, 386670701, 1, 0
800052, 310107058, 1, 0
800052, 456890330, 0, 0
801002, 507952162, 0, 0
801002, 361077048, 1, 0
802013, 452946168, 0, 0
802013, 310266573, 1, 0
803078, 457504604, 0, 0
803150, 294448988, 1, 0
804022, 467128252, 0, 0
804022, 342399695, 1, 0
805076, 441823915, 0, 0
805076, 321385173, 1, 0
806039, 509396881, 0, 0
806039, 349860796, 1, 0
807029, 469881760, 0, 0
807029, 289941492, 1, 0
808046, 496453213, 0, 0
808126, 331439706, 1, 0
809009, 462722946, 0, 0
809100, 341917366, 1, 0
810065, 490010899, 0, 0
810065, 316842993, 1, 0
811053, 484639834, 0, 0
811053, 319208049, 1, 0
812002, 448914275, 0, 0
812003, 299698299, 1, 0
813051, 458428174, 0, 0
813051, 339371637, 1, 0
814032, 454488176, 0, 0
814032, 317001285, 1, 0
815076, 429112047, 0, 0
815076, 310317425, 1, 0
816002, 452508226, 0, 0
816002, 330391209, 1, 0
817046, 493019750, 0, 0
817119, 359912653, 1, 0
818034, 310663666, 1, 0
818035, 456782553, 0, 0
819032, 407751325, 0, 0
819032, 291307698, 1, 0
820067, 473132915, 0, 0
820067, 341434601, 1, 0
821068, 441353689, 0, 0
821068, 334488184, 1, 0
822030, 425398821, 0, 0
822109, 290959461, 1, 0
823000, 362898296, 1, 0
823001, 502523692, 0, 0
824035, 336317042, 1, 0
824035, 477126151, 0, 0
825074, 458429293, 0, 0
825074, 348963818, 1, 0
826070, 466403359, 0, 0
826070, 318086005, 1, 0
827080, 471548403, 0, 0
827081, 352928008, 1, 0
828006, 493106896, 0, 0
828006, 357831283, 1, 0
829100, 475645972, 0, 0
829223, 347400729, 1, 0
830002, 368005584, 1, 0
830002, 503221428, 0, 0
831014, 470193733, 0, 0
831015, 338907056, 1, 0
832002, 522439078, 0, 0
832002, 369532579, 1, 0
833080, 506532274, 0, 0
833080, 380534548, 1, 0
834089, 430347431, 0, 0
834089, 311614196, 1, 0
835050, 522083862, 0, 0
835050, 351329541, 1, 0
836019, 478530686, 0, 0
836019, 333446164, 1, 0
837068, 425978611, 0, 0
837069, 273915470, 1, 0
838056, 458683793, 0, 0
838056, 317236331, 1, 0
839030, 455755111, 0, 0
839030, 309116597, 1, 0
840069, 513878010, 0, 0
840069, 367712201, 1, 0
841038, 449017541, 0, 0
841038, 314775389, 1, 0
842114, 309168815, 1, 0
842114, 441070971, 0, 0
843052, 496480622, 0, 0
843127, 336820156, 1, 0
844004, 457728166, 0, 0
844004, 324989581, 1, 0
845071, 459192811, 0, 0
845071, 298609820, 1, 0
846062, 500113781, 0, 0
846062, 329318143, 1, 0
847060, 475395301, 0, 0
847060, 357431764, 1, 0
848056, 545939091, 0, 0
848057, 385433053, 1, 0
849028, 443391995, 0, 0
849028, 302489937, 1, 0
850004, 429796008, 0, 0
850105, 319595980, 1, 0
851066, 359571552, 1, 0
851066, 519232087, 0, 0
852015, 347334267, 1, 0
852016, 488008462, 0, 0
853140, 342601742, 1, 0
853140, 452509027, 0, 0
854070, 509741191, 0, 0
854070, 376865450, 1, 0
855036, 333979304, 1, 0
855036, 450113833, 0, 0
856079, 457316025, 0, 0
856080, 309679291, 1, 0
857037, 560624288, 0, 0
857037, 410450113, 1, 0
858039, 517246185, 0, 0
858039, 371111979, 1, 0
859029, 539783506, 0, 0
859029, 392553623, 1, 0
860005, 488475213, 0, 0
860005, 341982115, 1, 0
861044, 445221797, 0, 0
861045, 304259150, 1, 0
862032, 312183912, 1, 0
862032, 459011068, 0, 0
863070, 457689328, 0, 0
863070, 303892092, 1, 0
864067, 343500910, 1, 0
864067, 454026320, 0, 0
865056, 476578607, 0, 0
865056, 356030299, 1, 0
866056, 513119616, 0, 0
866056, 338574322, 1, 0
867046, 415302365, 0, 0
867046, 328202010, 1, 0
868012, 424437703, 0, 0
868012, 298068705, 1, 0
869046, 404819591, 0, 0
869046, 286679047, 1, 0
870027, 474739565, 0, 0
870027, 327611185, 1, 0
871060, 493892843, 0, 0
871060, 300179498, 1, 0
872008, 534425518, 0, 0
872008, 376096953, 1, 0
873073, 396468130, 0, 0
873073, 232253788, 1, 0
874019, 463174315, 0, 0
874020, 315267874, 1, 0
875040, 400189919, 0, 0
875040, 272568033, 1, 0
876036, 459071607, 0, 0
876036, 309146717, 1, 0
877083, 430535501, 0, 0
877167, 316026617, 1, 0
878037, 320567616, 1, 0
878037, 464974402, 0, 0
879009, 428549963, 0, 0
879009, 301959769, 1, 0
880061, 474706939, 0, 0
880125, 336862347, 1, 0
881091, 438955456, 0, 0
881092, 317636544, 1, 0
882068, 503684315, 0, 0
882069, 353429686, 1, 0
883032, 499578380, 0, 0
883033, 356890735, 1, 0
884013, 468213898, 0, 0
884014, 330108279, 1, 0
885072, 413438937, 0, 0
885073, 256947067, 1, 0
886043, 458941136, 0, 0
886043, 316611621, 1, 0
887005, 471998503, 0, 0
887005, 304709670, 1, 0
888078, 325023510, 1, 0
888078, 460278159, 0, 0
889087, 471191069, 0, 0
889088, 318030488, 1, 0
890050, 459596732, 0, 0
890051, 326205399, 1, 0
891008, 346664991, 1, 0
891009, 478059933, 0, 0
892094, 330963710, 1, 0
892094, 465079604, 0, 0
893005, 456755124, 0, 0
893005, 338889281, 1, 0
894045, 445415253, 0, 0
894046, 326121458, 1, 0
895054, 466473539, 0, 0
895054, 316600809, 1, 0
896075, 499837746, 0, 0
896075, 334082881, 1, 0
897032, 307184027, 1, 0
897033, 438743183, 0, 0
898085, 440400823, 0, 0
898085, 321065002, 1, 0
899008, 516741455, 0, 0
899008, 340262614, 1, 0
900015, 478309760, 0, 0
900015, 366351280, 1, 0
901038, 428888578, 0, 0
901140, 299770755, 1, 0
902037, 490843513, 0, 0
902037, 355746362, 1, 0
903028, 439441346, 0, 0
903028, 296544022, 1, 0
904038, 455246015, 0, 0
904210, 313748531, 1, 0
905073, 314349627, 1, 0
905074, 456758070, 0, 0
906033, 467836381, 0, 0
906033, 333182438, 1, 0
907091, 527091147, 0, 0
907091, 388107646, 1, 0
908015, 342618278, 1, 0
908015, 488670633, 0, 0
909050, 332960410, 1, 0
909050, 485040291, 0, 0
910040, 448856255, 0, 0
910040, 312312010, 1, 0
911014, 309978774, 1, 0
911014, 448801386, 0, 0
912045, 444009983, 0, 0
912122, 319504356, 1, 0
913073, 290809893, 1, 0
913073, 425941983, 0, 0
914005, 486315919, 0, 0
914006, 352910791, 1, 0
915092, 464148994, 0, 0
915092, 367435826, 1, 0
916002, 453960994, 0, 0
916002, 355726226, 1, 0
917086, 518879019, 0, 0
917086, 374536410, 1, 0
918066, 446677255, 0, 0
918066, 316457350, 1, 0
919061, 429318041, 0, 0
919061, 317922642, 1, 0
920083, 406123721, 0, 0
920083, 316190016, 1, 0
921082, 463342829, 0, 0
921082, 320961974, 1, 0
922050, 348352114, 1, 0
922050, 463644342, 0, 0
923014, 484737406, 0, 0
923038, 340251483, 1, 0
924089, 374336539, 0, 0
924089, 271216426, 1, 0
925074, 469896099, 0, 0
925075, 349775873, 1, 0
926040, 479649603, 0, 0
926040, 349195200, 1, 0
927006, 442937213, 0, 0
927006, 334173281, 1, 0
928015, 410243521, 0, 0
928015, 294190428, 1, 0
929055, 434190115, 0, 0
929055, 295774260, 1, 0
930037, 458063264, 0, 0
930086, 343562019, 1, 0
931010, 438959574, 0, 0
931010, 334341087, 1, 0
932035, 448987459, 0, 0
932035, 311706723, 1, 0
933072, 414062883, 0, 0
933072, 278138649, 1, 0
934026, 295348807, 1, 0
934027, 427722917, 0, 0
935078, 420119012, 0, 0
935078, 287166337, 1, 0
936026, 516716582, 0, 0
936027, 383741972, 1, 0
937071, 488998728, 0, 0
937072, 357233508, 1, 0
938017, 527219847, 0, 0
938103, 392551735, 1, 0
939123, 416590773, 0, 0
939184, 307877244, 1, 0
940086, 469778423, 0, 0
940086, 335000049, 1, 0
941078, 457647882, 0, 0
941078, 333287478, 1, 0
942072, 486338110, 0, 0
942072, 334379700, 1, 0
943083, 406212490, 0, 0
943084, 312129810, 1, 0
944056, 334653295, 1, 0
944056, 462667723, 0, 0
945084, 286792327, 1, 0
945084, 408636549, 0, 0
946012, 453712557, 0, 0
946012, 324271705, 1, 0
947018, 463059046, 0, 0
947018, 328076691, 1, 0
948007, 308627884, 1, 0
948007, 439557017, 0, 0
949068, 341971621, 1, 0
949068, 449188208, 0, 0
950033, 463162143, 0, 0
950033, 312242374, 1, 0
951020, 450603790, 0, 0
951020, 327224110, 1, 0
952000, 512991920, 0, 0
952000, 381034589, 1, 0
953086, 464607313, 0, 0
953086, 323447472, 1, 0
954011, 479718149, 0, 0
954011, 339701773, 1, 0
955041, 446516857, 0, 0
955041, 309239037, 1, 0
956071, 335940991, 1, 0
956071, 457972048, 0, 0
957085, 423413033, 0, 0
957086, 315246639, 1, 0
958027, 412728564, 0, 0
958027, 281737764, 1, 0
959060, 438490787, 0, 0
959060, 296529097, 1, 0
960054, 475867130, 0, 0
960055, 308567329, 1, 0
961029, 445473593, 0, 0
961029, 300319138, 1, 0
962028, 448034490, 0, 0
962118, 295475267, 1, 0
963065, 427595513, 0, 0
963162, 294958426, 1, 0
964055, 434709656, 0, 0
964055, 288470345, 1, 0
965033, 498143903, 0, 0
965085, 357856319, 1, 0
966051, 329791888, 1, 0
966051, 439450217, 0, 0
967071, 421126593, 0, 0
967071, 319712272, 1, 0
968070, 467294650, 0, 0
968152, 330399857, 1, 0
969023, 425343678, 0, 0
969023, 325630922, 1, 0
970042, 442922517, 0, 0
970042, 312813910, 1, 0
971019, 454055810, 0, 0
971020, 325394348, 1, 0
972035, 478489531, 0, 0
972035, 331637552, 1, 0
973094, 302481115, 1, 0
973094, 436424851, 0, 0
974013, 307072845, 1, 0
974014, 459248433, 0, 0
975052, 458857255, 0, 0
975052, 331780493, 1, 0
976035, 463556956, 0, 0
976036, 303898430, 1, 0
977023, 469689970, 0, 0
977023, 355626081, 1, 0
978063, 437351282, 0, 0
978063, 305548530, 1, 0
979019, 434689836, 0, 0
979019, 315194197, 1, 0
980063, 393840091, 0, 0
980064, 289986936, 1, 0
981058, 500393374, 0, 0
981058, 378472459, 1, 0
982029, 463188391, 0, 0
982029, 327901183, 1, 0
983089, 438191908, 0, 0
983089, 322401301, 1, 0
984016, 429202374, 0, 0
984016, 284404228, 1, 0
985003, 428955853, 0, 0
985003, 282169182, 1, 0
986046, 472005852, 0, 0
986133, 313237310, 1, 0
987072, 419792926, 0, 0
987072, 288537333, 1, 0
988030, 463317053, 0, 0
988030, 350542943, 1, 0
989055, 453965476, 0, 0
989055, 290075047, 1, 0
990001, 467900311, 0, 0
990001, 329134286, 1, 0
991019, 417014964, 0, 0
991102, 270632329, 1, 0
992023, 446353221, 0, 0
992023, 334051110, 1, 0
993035, 320518149, 1, 0
993035, 452841843, 0, 0
994059, 440419985, 0, 0
994059, 330190299, 1, 0
995070, 422639058, 0, 0
995159, 310845449, 1, 0
996033, 417346377, 0, 0
996033, 282799923, 1, 0
997059, 447521127, 0, 0
997145, 330564429, 1, 0
998022, 462762928, 0, 0
998112, 326361594, 1, 0
999001, 457586215, 0, 0
999094, 330596747, 1, 0
1000080, 503720393, 0, 0
1000080, 370113510, 1, 0
1001022, 401157146, 0, 0
1001022, 303879132, 1, 0
1002069, 449800329, 0, 0
1002069, 344687314, 1, 0
1003024, 406050405, 0, 0
1003024, 281365555, 1, 0
1004002, 421212403, 0, 0
1004002, 297104712, 1, 0
1005087, 326897745, 1, 0
1005087, 453875562, 0, 0
1006052, 469376095, 0, 0
1006052, 304199499, 1, 0
1007010, 313184187, 1, 0
1007010, 448630278, 0, 0
1008022, 350354517, 1, 0
1008022, 467096663, 0, 0
1009041, 333482700, 1, 0
1009041, 469353110, 0, 0
1010053, 474387736, 0, 0
1010159, 331893007, 1, 0
1011000, 446924058, 0, 0
1011000, 339053414, 1, 0
1012067, 454858122, 0, 0
1012150, 314744568, 1, 0
1013075, 460449685, 0, 0
1013165, 332661705, 1, 0
1014019, 475362532, 0, 0
1014019, 331412116, 1, 0
1015044, 455866788, 0, 0
1015044, 297236612, 1, 0
1016002, 441994249, 0, 0
1016002, 290079772, 1, 0
1017068, 435934589, 0, 0
1017068, 309662291, 1, 0
1018039, 451583842, 0, 0
1018041, 302587609, 1, 0
1019001, 490392521, 0, 0
1019001, 372851416, 1, 0
1020006, 469583884, 0, 0
1020006, 334705948, 1, 0
1021033, 454732648, 0, 0
1021128, 344864087, 1, 0
1022006, 329245298, 1, 0
1022006, 465442690, 0, 0
1023017, 431764447, 0, 0
1023017, 295605833, 1, 0
1024070, 383775175, 0, 0
1024070, 295252336, 1, 0
1025074, 475014320, 0, 0
1025158, 326070934, 1, 0
1026068, 448337862, 0, 0
1026069, 358696288, 1, 0
1027097, 529436246, 0, 0
1027166, 391813383, 1, 0
1028005, 466487337, 0, 0
1028005, 317846871, 1, 0
1029048, 492964918, 0, 0
1029048, 360805672, 1, 0
1030080, 428623129, 0, 0
1030080, 284949255, 1, 0
1031070, 488535372, 0, 0
1031070, 337599688, 1, 0
1032005, 489936442, 0, 0
1032005, 341004174, 1, 0
1033015, 438327491, 0, 0
1033015, 324767134, 1, 0
1034079, 597996813, 0, 0
1034079, 474736024, 1, 0
1035035, 490498643, 0, 0
1035035, 334111540, 1, 0
1036026, 410637238, 1, 0
1036026, 562743597, 0, 0
1037077, 329936467, 1, 0
1037077, 419430476, 0, 0
1038035, 577165788, 0, 0
1038035, 461745620, 1, 0
1039026, 432418048, 0, 0
1039026, 293498800, 1, 0
1040104, 553654102, 0, 0
1040104, 440038859, 1, 0
1041015, 570151993, 0, 0
1041157, 387041291, 1, 0
1042021, 374344792, 0, 0
1042021, 226756169, 1, 0
1043028, 472122090, 0, 0
1043028, 335665588, 1, 0
1044037, 417630554, 0, 0
1044037, 301458895, 1, 0
1045019, 413318682, 0, 0
1045019, 295561230, 1, 0
1046071, 481419523, 0, 0
1046071, 351656218, 1, 0
1047022, 405107895, 0, 0
1047022, 281406759, 1, 0
1048101, 460672726, 0, 0
1048101, 324961812, 1, 0
1049077, 397269351, 1, 0
1049077, 596296812, 0, 0
1050067, 391790218, 0, 0
1050067, 281412245, 1, 0
1051017, 391031456, 1, 0
1051017, 531796732, 0, 0
1052003, 411945091, 0, 0
1052003, 235164034, 1, 0
1053011, 428178677, 0, 0
1053187, 299441080, 1, 0
1054060, 516600521, 0, 0
1054061, 364852138, 1, 0
1055084, 477446005, 0, 0
1055084, 345675690, 1, 0
1056071, 416519482, 0, 0
1056071, 280225739, 1, 0
1057056, 245366188, 1, 0
1057151, 368892213, 0, 0
1058029, 526236603, 0, 0
1058321, 386143240, 1, 0
1059006, 544581831, 0, 0
1059120, 306057200, 1, 0
1060024, 409636481, 1, 0
1060024, 516222572, 0, 0
1061006, 366251964, 0, 0
1061006, 267806416, 1, 0
1062067, 494546739, 0, 0
1062067, 355749955, 1, 0
1063032, 437881682, 0, 0
1063032, 300672771, 1, 0
1064062, 475827815, 0, 0
1064063, 352819230, 1, 0
1065071, 458709605, 0, 0
1065071, 362300462, 1, 0
1066036, 417834684, 0, 0
1066036, 286404593, 1, 0
1067021, 489713773, 0, 0
1067145, 346168203, 1, 0
1068024, 470334296, 0, 0
1068024, 376743118, 1, 0
1069006, 508620846, 0, 0
1069077, 384576514, 1, 0
1070065, 374992861, 1, 0
1070066, 496200854, 0, 0
1071013, 430047494, 0, 0
1071108, 280651421, 1, 0
1072052, 511068479, 0, 0
1072052, 335626365, 1, 0
1073000, 443150843, 0, 0
1073000, 317975282, 1, 0
1074001, 497236611, 0, 0
1074001, 332862237, 1, 0
1075085, 447785453, 0, 0
1075085, 315778497, 1, 0
1076048, 496570252, 0, 0
1076049, 388098113, 1, 0
1077090, 479789348, 0, 0
1077090, 373115095, 1, 0
1078052, 497924592, 0, 0
1078128, 351336347, 1, 0
1079074, 538098598, 0, 0
1079074, 427267912, 1, 0
1080096, 358324822, 1, 0
1080096, 454284969, 0, 0
1081079, 584723559, 0, 0
1081079, 433319998, 1, 0
1082071, 502437226, 0, 0
1082170, 361367256, 1, 0
1083041, 535436310, 0, 0
1083041, 449284215, 1, 0
1084045, 502770503, 0, 0
1084045, 399360385, 1, 0
1085008, 498965678, 0, 0
1085092, 386609634, 1, 0
1086028, 448280113, 0, 0
1086028, 330604388, 1, 0
1087057, 455319959, 0, 0
1087057, 327576111, 1, 0
1088027, 439660990, 0, 0
1088027, 336356415, 1, 0
1089007, 452909639, 0, 0
1089007, 313334660, 1, 0
1090001, 473015188, 0, 0
1090001, 328681034, 1, 0
1091027, 473488653, 0, 0
1091027, 342750047, 1, 0
1092057, 330654053, 1, 0
1092057, 452343889, 0, 0
1093001, 407178682, 0, 0
1093001, 310496721, 1, 0
1094065, 449617776, 0, 0
1094065, 316371745, 1, 0
1095026, 329761759, 0, 0
1095026, 209997700, 1, 0
1096003, 445867634, 0, 0
1096004, 284313673, 1, 0
1097031, 388192900, 0, 0
1097142, 281836250, 1, 0
1098029, 371768390, 0, 0
1098029, 244577370, 1, 0
1099052, 456412802, 0, 0
1099152, 307047436, 1, 0
1100069, 423880316, 0, 0
1100070, 285342962, 1, 0
1101003, 356395570, 1, 0
1101003, 476607870, 0, 0
1102038, 505121694, 0, 0
1102038, 366721265, 1, 0
1103057, 455108793, 0, 0
1103135, 335621425, 1, 0
1104007, 539024349, 0, 0
1104056, 414322581, 1, 0
1105065, 469967834, 0, 0
1105341, 321990931, 1, 0
1106011, 511855930, 1, 0
1106012, 617743267, 0, 0
1107058, 515341438, 0, 0
1107058, 378659565, 1, 0
1108079, 620566885, 0, 0
1108079, 472039715, 1, 0
1109010, 454340894, 0, 0
1109089, 306532741, 1, 0
1110004, 556056681, 0, 0
1110004, 379364828, 1, 0
1111088, 427014048, 0, 0
1111088, 289164312, 1, 0
1112079, 404362773, 0, 0
1112079, 261719579, 1, 0
1113001, 604198899, 0, 0
1113002, 391585764, 1, 0
1114063, 505020638, 0, 0
1114064, 353557450, 1, 0
1115034, 453374243, 0, 0
1115117, 321196055, 1, 0
1116026, 306482604, 1, 0
1116026, 443102001, 0, 0
1117033, 446998395, 0, 0
1117033, 356915638, 1, 0
1118014, 483836765, 0, 0
1118014, 344345105, 1, 0
1119024, 476842642, 0, 0
1119103, 330168073, 1, 0
1120034, 379343693, 0, 0
1120034, 285402200, 1, 0
1121097, 505314910, 0, 0
1121097, 337909155, 1, 0
1122032, 462842501, 0, 0
1122032, 336255642, 1, 0
1123038, 479127378, 0, 0
1123038, 348065534, 1, 0
1124024, 381569077, 0, 0
1124121, 212534367, 1, 0
1125092, 340145341, 0, 0
1125092, 214178696, 1, 0
1126060, 458433934, 0, 0
1126060, 312225474, 1, 0
1127080, 408768935, 0, 0
1127080, 304762168, 1, 0
1128050, 256410596, 1, 0
1128050, 400051266, 0, 0
1129084, 478700924, 0, 0
1129084, 330230553, 1, 0
1130044, 332293111, 1, 0
1130044, 456299525, 0, 0
1131097, 404385079, 1, 0
1131097, 550209980, 0, 0
1132080, 390226633, 1, 0
1132080, 490877435, 0, 0
1133047, 316394379, 1, 0
1133047, 447068454, 0, 0
1134048, 402256497, 0, 0
1134049, 260242914, 1, 0
1135143, 292645262, 1, 0
1135143, 413902152, 0, 0
1136014, 572440113, 0, 0
1136014, 439715334, 1, 0
1137050, 401666347, 0, 0
1137050, 298588816, 1, 0
1138038, 465136319, 0, 0
1138038, 316442858, 1, 0
1139021, 450638371, 0, 0
1139021, 284411843, 1, 0
1140058, 457802914, 0, 0
1140058, 311997107, 1, 0
1141088, 474721764, 0, 0
1141088, 334874387, 1, 0
1142073, 521358374, 0, 0
1142105, 397134351, 1, 0
1143051, 437016333, 0, 0
1143051, 277186856, 1, 0
1144004, 473910466, 0, 0
1144005, 312258822, 1, 0
1145047, 367367132, 0, 0
1145047, 251518052, 1, 0
1146026, 302283942, 0, 0
1146026, 179307109, 1, 0
1147015, 465387661, 0, 0
1147089, 337202167, 1, 0
1148046, 494891909, 0, 0
1148046, 335289670, 1, 0
1149044, 378770947, 0, 0
1149044, 249607092, 1, 0
1150000, 481658092, 0, 0
1150000, 342860577, 1, 0
1151060, 330411458, 1, 0
1151060, 459762638, 0, 0
1152103, 584601439, 0, 0
1152163, 417984813, 1, 0
1153071, 463805985, 0, 0
1153071, 306031076, 1, 0
1154079, 282627805, 1, 0
1154079, 416136190, 0, 0
1155092, 329546238, 1, 0
1155092, 461693657, 0, 0
1156073, 534088713, 0, 0
1156073, 362501240, 1, 0
1157089, 391436953, 1, 0
1157089, 489880388, 0, 0
1158053, 484950961, 0, 0
1158053, 356258668, 1, 0
1159002, 439459150, 0, 0
1159033, 308818209, 1, 0
1160066, 375041602, 0, 0
1160085, 237043653, 1, 0
1161012, 363033503, 0, 0
1161012, 244646352, 1, 0
1162063, 474126626, 0, 0
1162063, 339971792, 1, 0
1163027, 336019670, 0, 0
1163027, 220490796, 1, 0
1164023, 454727049, 0, 0
1164024, 293101286, 1, 0
1165045, 454181578, 0, 0
1165116, 313661711, 1, 0
1166018, 393166520, 0, 0
1166019, 277837589, 1, 0
1167058, 480388654, 0, 0
1167058, 347426198, 1, 0
1168118, 490279756, 0, 0
1168118, 369818366, 1, 0
1169074, 433614621, 0, 0
1169074, 305779492, 1, 0
1170054, 280053542, 1, 0
1170054, 400524420, 0, 0
1171081, 276088315, 1, 0
1171081, 381967138, 0, 0
1172106, 404204041, 0, 0
1172106, 294122237, 1, 0
1173019, 482391169, 0, 0
1173019, 387608230, 1, 0
1174016, 396468638, 0, 0
1174116, 245476106, 1, 0
1175048, 508582459, 0, 0
1175048, 340938147, 1, 0
1176062, 432459530, 0, 0
1176062, 315614153, 1, 0
1177080, 465084791, 0, 0
1177081, 296437370, 1, 0
1178059, 455852700, 0, 0
1178059, 320264751, 1, 0
1179099, 402939973, 0, 0
1179099, 300702755, 1, 0
1180051, 467636771, 0, 0
1180051, 295214008, 1, 0
1181072, 460755610, 0, 0
1181072, 328720095, 1, 0
1182057, 316445397, 1, 0
1182057, 451548597, 0, 0
1183114, 297761318, 1, 0
1183114, 416467618, 0, 0
1184102, 509350593, 0, 0
1184103, 358988798, 1, 0
1185053, 384959823, 0, 0
1185053, 259103920, 1, 0
1186036, 472935687, 0, 0
1186036, 309659634, 1, 0
1187077, 471567402, 0, 0
1187077, 344489601, 1, 0
1188129, 465477812, 0, 0
1188129, 339667444, 1, 0
1189093, 568594156, 0, 0
1189093, 419748660, 1, 0
1190035, 414151427, 0, 0
1190035, 258803230, 1, 0
1191012, 366181588, 0, 0
1191012, 256648909, 1, 0
1192013, 564963812, 0, 0
1192013, 357998735, 1, 0
1193006, 499631450, 0, 0
1193109, 321944157, 1, 0
1194058, 399735882, 0, 0
1194197, 280075089, 1, 0
1195076, 527330927, 0, 0
1195159, 414938900, 1, 0
1196021, 402686202, 0, 0
1196021, 250737094, 1, 0
1197073, 341570887, 0, 0
1197073, 222521145, 1, 0
1198000, 463876122, 0, 0
1198095, 267627463, 1, 0
1199019, 560129990, 0, 0
1199095, 404461278, 1, 0
1200032, 380779764, 0, 0
1200032, 255257977, 1, 0
1201059, 448624883, 0, 0
1201059, 309115199, 1, 0
1202044, 429891240, 0, 0
1202045, 310300911, 1, 0
1203050, 435504808, 0, 0
1203050, 289905330, 1, 0
1204050, 422089916, 0, 0
1204050, 279084130, 1, 0
1205003, 397847148, 0, 0
1205003, 305836516, 1, 0
1206029, 459860984, 0, 0
1206029, 338976817, 1, 0
1207006, 392190700, 0, 0
1207147, 259485051, 1, 0
1208123, 546423841, 0, 0
1208123, 452144002, 1, 0
1209005, 559126081, 0, 0
1209005, 402616839, 1, 0
1210052, 327207995, 1, 0
1210052, 444997880, 0, 0
1211002, 469959324, 0, 0
1211002, 332798761, 1, 0
1212083, 491105873, 0, 0
1212083, 364253085, 1, 0
1213026, 493561561, 0, 0
1213232, 382659936, 1, 0
1214034, 484484669, 0, 0
1214034, 331727135, 1, 0
1215080, 451149737, 0, 0
1215080, 300750662, 1, 0
1216073, 440497574, 0, 0
1216073, 315857166, 1, 0
1217105, 391981217, 1, 0
1217105, 575125554, 0, 0
1218034, 499562524, 0, 0
1218034, 339769797, 1, 0
1219028, 496408373, 0, 0
1219029, 352539556, 1, 0
1220016, 410557859, 0, 0
1220017, 315883793, 1, 0
1221010, 389825406, 0, 0
1221010, 235049883, 1, 0
1222088, 422963354, 1, 0
1222088, 544795395, 0, 0
1223084, 428160376, 0, 0
1223232, 331042499, 1, 0
1224083, 350705522, 1, 0
1224083, 466803441, 0, 0
1225079, 630076245, 0, 0
1225238, 469711918, 1, 0
1226041, 550320678, 0, 0
1226041, 351648737, 1, 0
1227058, 445289903, 0, 0
1227148, 321546076, 1, 0
1228063, 510452916, 0, 0
1228063, 368456683, 1, 0
1229033, 426142550, 0, 0
1229034, 263590585, 1, 0
1230036, 332519598, 0, 0
1230036, 213144634, 1, 0
1231031, 452922067, 0, 0
1231031, 357500015, 1, 0
1232052, 505790028, 1, 0
1232052, 684875354, 0, 0
1233075, 454417563, 0, 0
1233075, 348305772, 1, 0
1234010, 345514137, 0, 0
1234010, 251738810, 1, 0
1235046, 251339742, 1, 0
1235046, 426283045, 0, 0
1236014, 374838809, 0, 0
1236014, 238723777, 1, 0
1237011, 357639180, 0, 0
1237011, 238743681, 1, 0
1238009, 470798444, 0, 0
1238093, 359400775, 1, 0
1239009, 300598224, 1, 0
1239009, 426082140, 0, 0
1240050, 402708496, 0, 0
1240050, 285189969, 1, 0
1241018, 467734387, 0, 0
1241414, 372405726, 1, 0
1242071, 609937699, 0, 0
1242161, 423818275, 1, 0
1243036, 388542236, 0, 0
1243036, 229434205, 1, 0
1244026, 293882538, 1, 0
1244026, 405272444, 0, 0
1245086, 467051763, 0, 0
1245086, 327235547, 1, 0
1246059, 448689829, 0, 0
1246059, 325325852, 1, 0
1247103, 467266905, 0, 0
1247103, 348838862, 1, 0
1248053, 423188287, 0, 0
1248053, 331020035, 1, 0
1249072, 482469516, 0, 0
1249152, 365968472, 1, 0
1250061, 460777626, 0, 0
1250061, 322637654, 1, 0
1251054, 526276021, 0, 0
1251055, 383612037, 1, 0
1252004, 448161179, 0, 0
1252089, 350559564, 1, 0
1253082, 417207327, 0, 0
1253082, 331442087, 1, 0
1254043, 416006832, 0, 0
1254043, 314547917, 1, 0
1255074, 458297542, 0, 0
1255074, 325001544, 1, 0
1256010, 343312519, 1, 0
1256010, 446377317, 0, 0
1257018, 320556979, 1, 0
1257018, 439668233, 0, 0
1258087, 433851352, 0, 0
1258176, 314248392, 1, 0
1259136, 362981452, 0, 0
1259136, 288202017, 1, 0
1260032, 429498129, 0, 0
1260032, 309235098, 1, 0
1261000, 470127418, 0, 0
1261000, 350001019, 1, 0
1262092, 534481955, 0, 0
1262092, 424941588, 1, 0
1263003, 419874183, 0, 0
1263004, 315415819, 1, 0
1264105, 421185428, 0, 0
1264105, 330952130, 1, 0
1265042, 642953984, 0, 0
1265042, 417050694, 1, 0
1266061, 468832271, 0, 0
1266061, 363725089, 1, 0
1267060, 544456094, 0, 0
1267060, 384957803, 1, 0
1268045, 473069241, 0, 0
1268045, 371137498, 1, 0
1269018, 456399957, 0, 0
1269018, 329127083, 1, 0
1270057, 292397796, 1, 0
1270057, 415888526, 0, 0
1271127, 460425606, 0, 0
1271127, 362077236, 1, 0
1272105, 538000425, 0, 0
1272105, 438788918, 1, 0
1273093, 427098038, 0, 0
1273157, 310241198, 1, 0
1274001, 260627582, 1, 0
1274001, 382978958, 0, 0
1275007, 405076787, 0, 0
1275007, 284719557, 1, 0
1276035, 337564188, 0, 0
1276114, 210941757, 1, 0
1277053, 564213135, 0, 0
1277100, 437779596, 1, 0
1278024, 524551823, 0, 0
1278024, 356906680, 1, 0
1279075, 345645283, 0, 0
1279076, 222322060, 1, 0
1280000, 321472319, 1, 0
1280000, 460400198, 0, 0
1281040, 365790643, 1, 0
1281040, 439564420, 0, 0
1282046, 432034060, 0, 0
1282046, 297464476, 1, 0
1283090, 521340911, 0, 0
1283090, 412026837, 1, 0
1284013, 407243123, 0, 0
1284013, 335175958, 1, 0
1285054, 278379602, 1, 0
1285054, 388804445, 0, 0
1286093, 420107694, 0, 0
1286093, 268385966, 1, 0
1287008, 514587611, 0, 0
1287009, 400478760, 1, 0
1288070, 526410414, 0, 0
1288070, 427323777, 1, 0
1289095, 419116297, 0, 0
1289221, 269881324, 1, 0
1290020, 411371717, 0, 0
1290020, 276557878, 1, 0
1291066, 461412716, 0, 0
1291066, 334698109, 1, 0
1292017, 206233829, 1, 0
1292017, 320364139, 0, 0
1293048, 500180796, 0, 0
1293048, 379059970, 1, 0
1294072, 395942097, 0, 0
1294072, 284135747, 1, 0
1295014, 431129492, 0, 0
1295014, 313756253, 1, 0
1296059, 478235903, 0, 0
1296059, 322334727, 1, 0
1297037, 475990355, 0, 0
1297037, 325117707, 1, 0
1298119, 295571367, 1, 0
1298119, 398602663, 0, 0
1299021, 454916223, 0, 0
1299021, 327723027, 1, 0
1300077, 392271185, 0, 0
1300077, 301393211, 1, 0
1301005, 328620536, 0, 0
1301006, 214066753, 1, 0
1302083, 359006272, 0, 0
1302083, 234079481, 1, 0
1303090, 369942147, 0, 0
1303090, 258084235, 1, 0
1304087, 406869207, 0, 0
1304087, 264309392, 1, 0
1305119, 484336573, 0, 0
1305120, 340610687, 1, 0
1306044, 316831938, 1, 0
1306044, 472887070, 0, 0
1307028, 376133769, 0, 0
1307028, 252233294, 1, 0
1308039, 453803704, 0, 0
1308040, 306087056, 1, 0
1309001, 444149495, 0, 0
1309001, 311062990, 1, 0
1310081, 412536228, 0, 0
1310081, 284463543, 1, 0
1311065, 407176790, 0, 0
1311065, 284342750, 1, 0
1312054, 398931476, 0, 0
1312054, 284726713, 1, 0
1313009, 430757736, 0, 0
1313009, 319390284, 1, 0
1314097, 469416204, 0, 0
1314097, 350155921, 1, 0
1315092, 300003994, 1, 0
1315092, 411118563, 0, 0
1316007, 373043878, 0, 0
1316007, 251515492, 1, 0
1317037, 378257532, 0, 0
1317038, 219739912, 1, 0
1318001, 390880102, 0, 0
1318001, 258071000, 1, 0
1319050, 304881622, 1, 0
1319050, 433396561, 0, 0
1320062, 390004920, 0, 0
1320062, 283885972, 1, 0
1321076, 320323406, 1, 0
1321076, 441440908, 0, 0
1322018, 368846289, 0, 0
1322019, 273230956, 1, 0
1323028, 286530860, 0, 0
1323028, 198691472, 1, 0
1324056, 388992778, 0, 0
1324227, 305169920, 1, 0
1325013, 526326514, 0, 0
1325013, 405582022, 1, 0
1326087, 290829756, 1, 0
1326087, 422827953, 0, 0
1327049, 407639224, 0, 0
1327049, 260602242, 1, 0
1328050, 718483822, 0, 0
1328051, 594574640, 1, 0
1329045, 509990932, 0, 0
1329045, 339855855, 1, 0
1330017, 317076778, 1, 0
1330017, 450689810, 0, 0
1331100, 463120675, 0, 0
1331100, 347824968, 1, 0
1332095, 332594086, 0, 0
1332096, 236750140, 1, 0
1333048, 392840113, 0, 0
1333048, 258398923, 1, 0
1334042, 418785606, 0, 0
1334042, 283589117, 1, 0
1335047, 459787885, 0, 0
1335047, 382511476, 1, 0
1336039, 365651328, 1, 0
1336039, 518057879, 0, 0
1337026, 383997579, 0, 0
1337027, 262470423, 1, 0
1338015, 455187237, 0, 0
1338015, 309017354, 1, 0
1339017, 378875586, 0, 0
1339017, 243010268, 1, 0
1340003, 303720364, 0, 0
1340003, 225632132, 1, 0
1341020, 305985235, 1, 0
1341020, 483215585, 0, 0
1342012, 452103870, 0, 0
1342013, 301331710, 1, 0
1343046, 280108561, 1, 0
1343046, 394447265, 0, 0
1344062, 384719221, 0, 0
1344063, 257310335, 1, 0
1345025, 389545640, 0, 0
1345025, 251538313, 1, 0
1346028, 426049730, 0, 0
1346028, 303855309, 1, 0
1347026, 324699081, 1, 0
1347026, 450971466, 0, 0
1348034, 412090994, 0, 0
1348034, 280834834, 1, 0
1349052, 466759935, 0, 0
1349052, 349416246, 1, 0
1350070, 501267012, 0, 0
1350070, 317302142, 1, 0
1351037, 340236724, 0, 0
1351037, 224297730, 1, 0
1352052, 317789075, 0, 0
1352052, 195836578, 1, 0
1353051, 337041894, 0, 0
1353051, 213858008, 1, 0
1354002, 487486718, 0, 0
1354002, 315555957, 1, 0
1355007, 424733566, 0, 0
1355007, 307876133, 1, 0
1356044, 386935346, 0, 0
1356044, 287935745, 1, 0
1357073, 348292302, 0, 0
1357142, 231448177, 1, 0
1358011, 422002970, 0, 0
1358011, 263707118, 1, 0
1359106, 494004337, 0, 0
1359106, 337958025, 1, 0
1360023, 471115565, 0, 0
1360023, 347823504, 1, 0
1361042, 277996702, 1, 0
1361042, 422847522, 0, 0
1362093, 367339937, 0, 0
1362093, 235156333, 1, 0
1363139, 277567303, 1, 0
1363139, 380120897, 0, 0
1364128, 344012942, 1, 0
1364128, 468834633, 0, 0
1365003, 433250975, 0, 0
1365089, 321243325, 1, 0
1366047, 464874996, 0, 0
1366047, 331072137, 1, 0
1367084, 487297437, 0, 0
1367084, 354799281, 1, 0
1368065, 463928495, 0, 0
1368065, 311369554, 1, 0
1369006, 374762773, 0, 0
1369077, 269819066, 1, 0
1370015, 347208930, 0, 0
1370016, 233911642, 1, 0
1371016, 433255206, 0, 0
1371016, 332781532, 1, 0
1372093, 421808495, 0, 0
1372093, 333864627, 1, 0
1373015, 623993989, 0, 0
1373111, 505524125, 1, 0
1374024, 465550630, 0, 0
1374025, 334228534, 1, 0
1375037, 381060748, 0, 0
1375037, 214404455, 1, 0
1376045, 361105723, 0, 0
1376045, 232276830, 1, 0
1377001, 492632446, 0, 0
1377001, 384868263, 1, 0
1378040, 462562197, 0, 0
1378041, 368240666, 1, 0
1379019, 336216291, 0, 0
1379019, 228046667, 1, 0
1380065, 417265639, 0, 0
1380065, 305429526, 1, 0
1381076, 382384042, 0, 0
1381077, 265094970, 1, 0
1382076, 391004032, 0, 0
1382076, 299640996, 1, 0
1383035, 434745632, 0, 0
1383035, 297758057, 1, 0
1384047, 372859270, 0, 0
1384047, 238901035, 1, 0
1385005, 489668005, 0, 0
1385032, 350745765, 1, 0
1386085, 537984893, 0, 0
1386085, 543089509, 1, 0
1387030, 406367814, 0, 0
1387030, 291104455, 1, 0
1388016, 309802515, 1, 0
1388016, 398340044, 0, 0
1389045, 389544024, 0, 0
1389045, 242940179, 1, 0
1390052, 428674730, 0, 0
1390052, 317391470, 1, 0
1391045, 280483424, 0, 0
1391046, 169980720, 1, 0
1392011, 485852473, 0, 0
1392012, 321760129, 1, 0
1393024, 386725789, 0, 0
1393025, 271822520, 1, 0
1394013, 364391574, 0, 0
1394113, 257300169, 1, 0
1395004, 377570787, 0, 0
1395063, 274295553, 1, 0
1396112, 306163813, 0, 0
1396113, 198224136, 1, 0
1397016, 268588247, 1, 0
1397016, 382230272, 0, 0
1398000, 469641847, 0, 0
1398089, 330522921, 1, 0
1399013, 569977894, 0, 0
1399110, 444618953, 1, 0
1400022, 430351869, 0, 0
1400022, 324294953, 1, 0
1401005, 357367366, 0, 0
1401006, 273467971, 1, 0
1402009, 416485329, 0, 0
1402096, 288721473, 1, 0
1403044, 436615048, 0, 0
1403044, 290797250, 1, 0
1404013, 264180193, 1, 0
1404013, 364981676, 0, 0
1405016, 449109684, 0, 0
1405016, 330286112, 1, 0
1406092, 398485041, 0, 0
1406191, 290050885, 1, 0
1407034, 369156033, 1, 0
1407034, 485268634, 0, 0
1408044, 384335563, 0, 0
1408045, 275932060, 1, 0
1409067, 377152891, 0, 0
1409067, 249729036, 1, 0
1410004, 488305487, 0, 0
1410004, 338966014, 1, 0
1411088, 390931927, 0, 0
1411200, 256249803, 1, 0
1412013, 403113348, 0, 0
1412014, 293316887, 1, 0
1413019, 446970577, 0, 0
1413020, 307142820, 1, 0
1414116, 343645855, 0, 0
1414228, 241354560, 1, 0
1415063, 286602263, 1, 0
1415063, 445097722, 0, 0
1416006, 377438058, 0, 0
1416006, 263087469, 1, 0
1417027, 365173545, 0, 0
1417112, 248765055, 1, 0
1418016, 423041043, 0, 0
1418016, 292513522, 1, 0
1419045, 477762537, 0, 0
1419045, 315595585, 1, 0
1420102, 380432336, 1, 0
1420102, 456523313, 0, 0
1421060, 272853895, 1, 0
1421060, 396032817, 0, 0
1422045, 404782995, 0, 0
1422046, 303231833, 1, 0
1423084, 434998042, 0, 0
1423084, 294022957, 1, 0
1424073, 365252048, 1, 0
1424073, 488422819, 0, 0
1425005, 386058347, 0, 0
1425006, 268377691, 1, 0
1426000, 362181745, 0, 0
1426000, 222139457, 1, 0
1427070, 305308802, 1, 0
1427070, 404531832, 0, 0
1428045, 450265718, 0, 0
1428045, 324605870, 1, 0
1429008, 377002464, 0, 0
1429008, 260350042, 1, 0
1430020, 428836950, 0, 0
1430020, 308539463, 1, 0
1431075, 439323491, 0, 0
1431075, 317121204, 1, 0
1432114, 430245842, 0, 0
1432114, 331353716, 1, 0
1433081, 475546318, 0, 0
1433081, 333460229, 1, 0
1434001, 485041279, 0, 0
1434002, 359658165, 1, 0
1435010, 357301059, 1, 0
1435010, 481990722, 0, 0
1436071, 312644408, 0, 0
1436071, 210716153, 1, 0
1437014, 426491672, 0, 0
1437014, 303866725, 1, 0
1438040, 252979058, 1, 0
1438040, 361973548, 0, 0
1439003, 419919331, 0, 0
1439003, 293394204, 1, 0
1440084, 325174383, 0, 0
1440084, 232277340, 1, 0
1441011, 421616539, 0, 0
1441011, 264001452, 1, 0
1442057, 271852718, 1, 0
1442058, 409349564, 0, 0
1443016, 351599392, 0, 0
1443148, 228033835, 1, 0
1444141, 293983073, 0, 0
1444141, 201057808, 1, 0
1445034, 574913627, 0, 0
1445034, 410797670, 1, 0
1446119, 401692424, 0, 0
1446119, 272951421, 1, 0
1447135, 386927831, 1, 0
1447135, 518608550, 0, 0
1448034, 543913791, 0, 0
1448034, 412601373, 1, 0
1449069, 420676305, 0, 0
1449069, 314364578, 1, 0
1450002, 419809822, 0, 0
1450002, 291618281, 1, 0
1451025, 415030546, 0, 0
1451025, 287759691, 1, 0
1452098, 313015045, 0, 0
1452099, 194193910, 1, 0
1453026, 394034375, 0, 0
1453026, 275107996, 1, 0
1454038, 449279605, 0, 0
1454038, 341967164, 1, 0
1455077, 440265118, 0, 0
1455077, 327786300, 1, 0
1456047, 471493936, 0, 0
1456047, 310058915, 1, 0
1457018, 381372193, 0, 0
1457019, 239689547, 1, 0
1458072, 407960435, 0, 0
1458231, 306496908, 1, 0
1459001, 424751451, 0, 0
1459002, 266676358, 1, 0
1460028, 286010504, 1, 0
1460028, 398595957, 0, 0
1461053, 378757190, 0, 0
1461053, 244524787, 1, 0
1462091, 455006358, 0, 0
1462386, 308088479, 1, 0
1463040, 732254882, 0, 0
1463040, 640522711, 1, 0
1464083, 539287298, 0, 0
1464083, 410584415, 1, 0
1465002, 407831196, 0, 0
1465002, 282994584, 1, 0
1466017, 399919311, 0, 0
1466017, 242630551, 1, 0
1467043, 306907569, 0, 0
1467128, 186524219, 1, 0
1468054, 434803452, 0, 0
1468054, 298961729, 1, 0
1469025, 315581401, 1, 0
1469025, 418469395, 0, 0
1470034, 440412815, 0, 0
1470035, 293361704, 1, 0
1471095, 489492638, 0, 0
1471095, 363726046, 1, 0
1472004, 419418482, 0, 0
1472004, 309637653, 1, 0
1473077, 380183031, 0, 0
1473077, 261649911, 1, 0
1474090, 311966784, 0, 0
1474090, 235341083, 1, 0
1475068, 364797266, 0, 0
1475068, 265145437, 1, 0
1476073, 464440580, 0, 0
1476073, 361284133, 1, 0
1477108, 293913649, 1, 0
1477108, 419116320, 0, 0
1478001, 628177757, 0, 0
1478002, 509903020, 1, 0
1479061, 385952299, 0, 0
1479061, 264576235, 1, 0
1480019, 363327558, 0, 0
1480019, 218807497, 1, 0
1481032, 411284670, 0, 0
1481032, 307444237, 1, 0
1482010, 399995558, 0, 0
1482010, 275753604, 1, 0
1483019, 371963589, 0, 0
1483020, 284431836, 1, 0
1484056, 469117967, 0, 0
1484057, 335949169, 1, 0
1485121, 513168260, 1, 0
1485121, 669650617, 0, 0
1486023, 491412918, 0, 0
1486024, 382964434, 1, 0
1487014, 352656158, 0, 0
1487014, 253650382, 1, 0
1488027, 381954686, 0, 0
1488027, 273014410, 1, 0
1489094, 332701590, 0, 0
1489094, 207802274, 1, 0
1490006, 285981736, 1, 0
1490006, 443811983, 0, 0
1491039, 401140007, 0, 0
1491040, 295491187, 1, 0
1492064, 396383144, 0, 0
1492064, 277387781, 1, 0
1493032, 389316832, 0, 0
1493032, 249692532, 1, 0
1494044, 339982948, 0, 0
1494044, 215329357, 1, 0
1495041, 426901248, 0, 0
1495041, 316481582, 1, 0
1496039, 353090426, 1, 0
1496039, 467017760, 0, 0
1497023, 456812994, 0, 0
1497023, 307268110, 1, 0
1498026, 386180208, 0, 0
1498026, 268931191, 1, 0
1499032, 378075770, 0, 0
1499032, 263317961, 1, 0
1500031, 494072108, 0, 0
1500118, 373638042, 1, 0
1501078, 404711855, 0, 0
1501078, 252396212, 1, 0
1502058, 393167689, 0, 0
1502058, 269407568, 1, 0
1503006, 381632413, 0, 0
1503006, 262049958, 1, 0
1504001, 419100069, 0, 0
1504098, 275189708, 1, 0
1505081, 416131329, 0, 0
1505081, 292908493, 1, 0
1506049, 407844473, 0, 0
1506049, 262946350, 1, 0
1507070, 254562677, 1, 0
1507070, 372931270, 0, 0
1508009, 405360027, 0, 0
1508009, 254119256, 1, 0
1509032, 364541392, 0, 0
1509129, 246796972, 1, 0
1510074, 395811873, 0, 0
1510074, 277051892, 1, 0
1511023, 392553236, 0, 0
1511023, 301681424, 1, 0
1512014, 442885636, 0, 0
1512014, 317368403, 1, 0
1513014, 400785321, 1, 0
1513014, 512071320, 0, 0
1514048, 351873914, 0, 0
1514221, 235142312, 1, 0
1515055, 367119366, 0, 0
1515056, 226534904, 1, 0
1516063, 473864612, 0, 0
1516063, 324352109, 1, 0
1517047, 296473612, 1, 0
1517047, 417503353, 0, 0
1518043, 406439445, 0, 0
1518043, 310374519, 1, 0
1519036, 468728579, 0, 0
1519036, 401045776, 1, 0
1520070, 538828328, 0, 0
1520070, 518320782, 1, 0
1521021, 516546980, 1, 0
1521022, 542156233, 0, 0
1522055, 509085910, 0, 0
1522177, 472469001, 1, 0
1523018, 577378999, 0, 0
1523018, 530029989, 1, 0
1524139, 452350003, 0, 0
1524188, 462014644, 1, 0
1525054, 446550875, 0, 0
1525054, 499119475, 1, 0
1526004, 518821929, 0, 0
1526080, 493765489, 1, 0
1527051, 426188786, 0, 0
1527129, 433820200, 1, 0
1528119, 541376466, 0, 0
1528177, 500594744, 1, 0
1529074, 586954755, 0, 0
1529074, 495255555, 1, 0
1530010, 542272187, 0, 0
1530010, 489522557, 1, 0
1531004, 514704149, 1, 0
1531004, 440742249, 0, 0
1532033, 621695929, 0, 0
1532033, 620225210, 1, 0
1533101, 556748280, 0, 0
1533102, 526327416, 1, 0
1534017, 587767123, 0, 0
1534017, 511279436, 1, 0
1535122, 564156776, 0, 0
1535122, 623361975, 1, 0
1536037, 446084661, 0, 0
1536038, 532743728, 1, 0
1537101, 526827468, 0, 0
1537111, 558902508, 1, 0
1538042, 487537852, 0, 0
1538109, 484305641, 1, 0
1539006, 610175841, 0, 0
1539006, 608667997, 1, 0
1540058, 635588557, 0, 0
1540058, 574207337, 1, 0
1541046, 586386505, 1, 0
1541046, 580701141, 0, 0
1542013, 674116074, 0, 0
1542257, 650702619, 1, 0
1543006, 596939282, 0, 0
1543030, 503143177, 1, 0
1544041, 356349587, 0, 0
1544041, 436733586, 1, 0
1545063, 545012500, 1, 0
1545063, 533235669, 0, 0
1546081, 695225807, 1, 0
1546081, 702879985, 0, 0
1547027, 479634308, 0, 0
1547111, 461986541, 1, 0
1548002, 435940854, 0, 0
1548003, 399673756, 1, 0
1549001, 445222896, 0, 0
1549080, 445336512, 1, 0
1550083, 471278909, 0, 0
1550083, 484661982, 1, 0
1551038, 485228697, 0, 0
1551038, 446340299, 1, 0
1552032, 427542578, 0, 0
1552032, 461749393, 1, 0
1553096, 531637281, 0, 0
1553097, 558827901, 1, 0
1554077, 521547720, 0, 0
1554078, 496615952, 1, 0
1555052, 686648350, 1, 0
1555052, 696111411, 0, 0
1556021, 640285604, 0, 0
1556021, 600739731, 1, 0
1557074, 439314893, 0, 0
1557074, 542642658, 1, 0
1558053, 516398584, 0, 0
1558053, 506824766, 1, 0
1559062, 606700992, 0, 0
1559144, 554024871, 1, 0
1560083, 697499281, 0, 0
1560083, 629351396, 1, 0
1561003, 647261000, 0, 0
1561003, 644538992, 1, 0
1562019, 600504783, 0, 0
1562019, 601817687, 1, 0
1563040, 583377061, 0, 0
1563040, 543029513, 1, 0
1564035, 542516327, 0, 0
1564309, 485937837, 1, 0
1565103, 478201596, 0, 0
1565103, 546591013, 1, 0
1566023, 482223315, 0, 0
1566023, 469258991, 1, 0
1567054, 558352930, 0, 0
1567055, 531315041, 1, 0
1568023, 503820999, 0, 0
1568023, 470734705, 1, 0
1569095, 486424736, 0, 0
1569095, 490278730, 1, 0
1570095, 431322043, 0, 0
1570186, 399387616, 1, 0
1571000, 657286963, 0, 0
1571000, 681333860, 1, 0
1572068, 538793324, 0, 0
1572068, 575515707, 1, 0
1573036, 545011422, 0, 0
1573095, 490201451, 1, 0
1574040, 455329905, 0, 0
1574040, 434320953, 1, 0
1575044, 671466853, 1, 0
1575044, 699306027, 0, 0
1576109, 539634838, 0, 0
1576109, 610812843, 1, 0
1577020, 495705116, 0, 0
1577020, 517106768, 1, 0
1578006, 526861213, 0, 0
1578092, 470999812, 1, 0
1579040, 564369934, 1, 0
1579040, 575212692, 0, 0
1580024, 504238126, 0, 0
1580024, 538307570, 1, 0
1581033, 441576922, 0, 0
1581033, 451186574, 1, 0
1582052, 502080551, 0, 0
1582052, 525428081, 1, 0
1583007, 536264955, 0, 0
1583008, 455893907, 1, 0
1584003, 428573504, 0, 0
1584073, 419036670, 1, 0
1585047, 455699894, 0, 0
1585047, 435199912, 1, 0
1586131, 456516670, 0, 0
1586131, 411576394, 1, 0
1587091, 432981053, 1, 0
1587091, 487283757, 0, 0
1588085, 532434764, 0, 0
1588085, 532055790, 1, 0
1589059, 454309492, 0, 0
1589155, 434549768, 1, 0
1590067, 515093640, 0, 0
1590096, 471061420, 1, 0
1591062, 427571401, 0, 0
1591181, 407188447, 1, 0
1592010, 600556879, 0, 0
1592101, 551405482, 1, 0
1593050, 542334762, 1, 0
1593050, 526480729, 0, 0
1594000, 550496562, 1, 0
1594000, 510357059, 0, 0
1595056, 560469406, 1, 0
1595056, 544951139, 0, 0
1596028, 508140194, 0, 0
1596028, 481468603, 1, 0
1597016, 489701916, 0, 0
1597016, 507208022, 1, 0
1598067, 542778567, 0, 0
1598067, 473473169, 1, 0
1599067, 408167553, 0, 0
1599067, 432620530, 1, 0
1600064, 483996559, 0, 0
1600064, 437040643, 1, 0
1601032, 464005285, 0, 0
1601115, 428599029, 1, 0
1602026, 537746844, 0, 0
1602026, 551530354, 1, 0
1603013, 458015651, 0, 0
1603067, 530425748, 1, 0
1604061, 641669442, 0, 0
1604162, 721515812, 1, 0
1605057, 443903978, 0, 0
1605057, 476014170, 1, 0
1606022, 456767121, 0, 0
1606022, 432887769, 1, 0
1607040, 523333623, 0, 0
1607116, 445496411, 1, 0
1608046, 559815415, 0, 0
1608083, 570091031, 1, 0
1609009, 546867389, 0, 0
1609009, 525462304, 1, 0
1610013, 466225477, 1, 0
1610013, 588692845, 0, 0
1611090, 574258296, 0, 0
1611090, 630509703, 1, 0
1612044, 598144883, 0, 0
1612045, 513922059, 1, 0
1613051, 544496390, 0, 0
1613051, 455325913, 1, 0
1614010, 420867011, 1, 0
1614010, 410293148, 0, 0
1615040, 547051029, 0, 0
1615041, 582979200, 1, 0
1616072, 552650106, 1, 0
1616072, 588623201, 0, 0
1617022, 540424202, 1, 0
1617022, 549735766, 0, 0
1618002, 531018870, 1, 0
1618002, 564353563, 0, 0
1619001, 484277866, 0, 0
1619002, 494805624, 1, 0
1620040, 542898220, 0, 0
1620040, 560831859, 1, 0
1621061, 643573396, 0, 0
1621061, 662806818, 1, 0
1622031, 483076257, 0, 0
1622031, 535422558, 1, 0
1623004, 456621054, 0, 0
1623047, 452050220, 1, 0
1624065, 735497202, 0, 0
1624066, 691628631, 1, 0
1625007, 551411685, 0, 0
1625008, 557645433, 1, 0
1626088, 436559228, 0, 0
1626176, 449722052, 1, 0
1627074, 513513439, 0, 0
1627074, 457139545, 1, 0
1628084, 523104781, 0, 0
1628084, 534673373, 1, 0
1629011, 510523571, 0, 0
1629012, 487733095, 1, 0
1630057, 668018438, 1, 0
1630057, 618890720, 0, 0
1631098, 593977019, 0, 0
1631099, 691853325, 1, 0
1632036, 522552409, 0, 0
1632036, 455605495, 1, 0
1633036, 579256617, 0, 0
1633237, 619988355, 1, 0
1634032, 455372972, 0, 0
1634105, 439941526, 1, 0
1635064, 457846576, 0, 0
1635128, 432482195, 1, 0
1636008, 520000146, 0, 0
1636136, 536615546, 1, 0
1637032, 574940911, 0, 0
1637033, 509314777, 1, 0
1638028, 506978580, 0, 0
1638028, 504218643, 1, 0
1639025, 522699602, 0, 0
1639121, 515247615, 1, 0
1640078, 520116613, 0, 0
1640078, 441944900, 1, 0
1641006, 483406464, 1, 0
1641006, 535233212, 0, 0
1642016, 530328763, 1, 0
1642016, 485122065, 0, 0
1643076, 648240336, 0, 0
1643077, 672547305, 1, 0
1644050, 491025032, 0, 0
1644051, 499463312, 1, 0
1645117, 564457289, 0, 0
1645118, 509025252, 1, 0
1646065, 556774672, 1, 0
1646065, 547027088, 0, 0
1647083, 401481456, 0, 0
1647148, 365682164, 1, 0
1648011, 599539192, 0, 0
1648012, 570420608, 1, 0
1649010, 584785643, 1, 0
1649010, 507762508, 0, 0
1650082, 475070761, 0, 0
1650082, 492516506, 1, 0
1651008, 535178642, 0, 0
1651106, 536994606, 1, 0
1652062, 486619917, 0, 0
1652062, 434759657, 1, 0
1653019, 484214876, 0, 0
1653114, 453892270, 1, 0
1654033, 620629328, 0, 0
1654033, 576793085, 1, 0
1655075, 461750724, 0, 0
1655075, 433530529, 1, 0
1656027, 429762236, 0, 0
1656027, 452379122, 1, 0
1657008, 600907216, 0, 0
1657008, 632438811, 1, 0
1658074, 528501865, 0, 0
1658075, 502047587, 1, 0
1659016, 676700726, 1, 0
1659016, 661774620, 0, 0
1660073, 614435858, 1, 0
1660073, 584564549, 0, 0
1661052, 541337199, 0, 0
1661135, 503624578, 1, 0
1662020, 476768241, 1, 0
1662020, 539968815, 0, 0
1663006, 422471909, 0, 0
1663119, 421703900, 1, 0
1664037, 557093150, 1, 0
1664037, 590964536, 0, 0
1665064, 527062310, 0, 0
1665064, 488379944, 1, 0
1666078, 494485100, 1, 0
1666078, 467137196, 0, 0
1667008, 524898357, 0, 0
1667008, 497357523, 1, 0
1668051, 437886439, 0, 0
1668193, 368596842, 1, 0
1669099, 660911807, 0, 0
1669099, 600448027, 1, 0
1670086, 497466599, 0, 0
1670086, 513839832, 1, 0
1671061, 559144264, 0, 0
1671171, 579991120, 1, 0
1672022, 611984149, 0, 0
1672022, 620508164, 1, 0
1673034, 609318830, 0, 0
1673102, 540065080, 1, 0
1674041, 566774939, 0, 0
1674041, 584382863, 1, 0
1675163, 415663786, 0, 0
1675163, 472252865, 1, 0
1676070, 639568523, 1, 0
1676070, 588035170, 0, 0
1677082, 397607545, 1, 0
1677082, 411159192, 0, 0
1678030, 476856918, 0, 0
1678127, 476027072, 1, 0
1679020, 562437651, 1, 0
1679020, 601399460, 0, 0
1680040, 404605020, 0, 0
1680040, 351812537, 1, 0
1681035, 471970006, 0, 0
1681035, 479874556, 1, 0
1682042, 561435880, 0, 0
1682043, 577590933, 1, 0
1683041, 406355898, 0, 0
1683041, 422870658, 1, 0
1684192, 620144748, 0, 0
1684192, 527344100, 1, 0
1685008, 821621269, 0, 0
1685101, 790356546, 1, 0
1686102, 628527166, 1, 0
1686103, 523191487, 0, 0
1687049, 480334132, 0, 0
1687050, 541380128, 1, 0
1688105, 520957017, 0, 0
1688105, 527574302, 1, 0
1689039, 587976144, 1, 0
1689039, 572024422, 0, 0
1690019, 646458078, 0, 0
1690019, 539050594, 1, 0
1691104, 690326111, 1, 0
1691104, 707302909, 0, 0
1692018, 479151164, 0, 0
1692018, 582606733, 1, 0
1693049, 504345612, 0, 0
1693049, 519094654, 1, 0
1694090, 597155216, 0, 0
1694091, 538534465, 1, 0
1695093, 484835691, 1, 0
1695094, 441073241, 0, 0
1696085, 572156899, 1, 0
1696085, 478420897, 0, 0
1697081, 567427340, 0, 0
1697081, 588074575, 1, 0
1698056, 436021383, 0, 0
1698120, 440677537, 1, 0
1699038, 577307252, 0, 0
1699039, 600977733, 1, 0
1700046, 564076744, 0, 0
1700046, 551690973, 1, 0
1701002, 458072503, 1, 0
1701002, 443457138, 0, 0
1702078, 454741343, 1, 0
1702078, 542366911, 0, 0
1703019, 503139803, 0, 0
1703019, 490997926, 1, 0
1704034, 501917978, 0, 0
1704034, 495911926, 1, 0
1705031, 488086711, 0, 0
1705031, 489375827, 1, 0
1706070, 508025181, 0, 0
1706070, 503119807, 1, 0
1707050, 499890977, 0, 0
1707107, 450870930, 1, 0
1708008, 535907928, 0, 0
1708115, 490991710, 1, 0
1709021, 665014297, 0, 0
1709021, 696293195, 1, 0
1710023, 672489395, 0, 0
1710024, 660884591, 1, 0
1711116, 562359278, 0, 0
1711184, 549000160, 1, 0
1712042, 553870928, 0, 0
1712042, 595329150, 1, 0
1713000, 514926828, 0, 0
1713000, 465715284, 1, 0
1714019, 584193794, 0, 0
1714097, 549857101, 1, 0
1715005, 569125041, 0, 0
1715006, 619554828, 1, 0
1716006, 445003472, 0, 0
1716006, 502552538, 1, 0
1717059, 381998065, 0, 0
1717121, 380593649, 1, 0
1718030, 451726877, 0, 0
1718030, 505501029, 1, 0
1719029, 563946244, 0, 0
1719029, 533514356, 1, 0
1720052, 650206856, 0, 0
1720052, 575272384, 1, 0
1721050, 604278463, 1, 0
1721050, 533727815, 0, 0
1722031, 581357378, 0, 0
1722031, 568138188, 1, 0
1723028, 438696394, 0, 0
1723089, 390881490, 1, 0
1724032, 511500054, 0, 0
1724032, 506946114, 1, 0
1725010, 421440989, 0, 0
1725113, 404212914, 1, 0
1726011, 603803647, 0, 0
1726129, 631987615, 1, 0
1727052, 482345920, 0, 0
1727052, 504578951, 1, 0
1728070, 494444431, 0, 0
1728070, 496814240, 1, 0
1729018, 500430514, 1, 0
1729018, 508413712, 0, 0
1730084, 480858354, 1, 0
1730084, 504762778, 0, 0
1731008, 721330760, 1, 0
1731008, 739917453, 0, 0
1732088, 514552926, 0, 0
1732235, 497875862, 1, 0
1733020, 646273695, 1, 0
1733020, 660000689, 0, 0
1734050, 492091305, 0, 0
1734050, 500134107, 1, 0
1735029, 565906485, 1, 0
1735029, 548035975, 0, 0
1736113, 567223205, 1, 0
1736113, 643632053, 0, 0
1737013, 554115944, 0, 0
1737013, 539637092, 1, 0
1738049, 505703293, 0, 0
1738049, 437552744, 1, 0
1739016, 601405260, 0, 0
1739016, 545793392, 1, 0
1740066, 480379508, 0, 0
1740094, 519701682, 1, 0
1741025, 525715864, 0, 0
1741025, 528345439, 1, 0
1742123, 575091272, 0, 0
1742204, 545420689, 1, 0
1743029, 477706337, 0, 0
1743039, 480517274, 1, 0
1744067, 515127497, 1, 0
1744067, 451242569, 0, 0
1745068, 475005116, 0, 0
1745068, 511986257, 1, 0
1746080, 436220722, 0, 0
1746080, 479153139, 1, 0
1747005, 488782531, 0, 0
1747116, 517286087, 1, 0
1748010, 478835942, 0, 0
1748010, 466743831, 1, 0
1749012, 587276042, 0, 0
1749012, 638154260, 1, 0
1750014, 469008493, 0, 0
1750112, 489486108, 1, 0
1751015, 562782290, 0, 0
1751015, 468229848, 1, 0
1752009, 513170130, 0, 0
1752010, 468592047, 1, 0
1753014, 447113239, 0, 0
1753114, 477970892, 1, 0
1754020, 659030381, 0, 0
1754021, 568956738, 1, 0
1755027, 581063740, 0, 0
1755027, 602067138, 1, 0
1756044, 516128329, 0, 0
1756044, 466835463, 1, 0
1757034, 517470928, 0, 0
1757085, 488344576, 1, 0
1758067, 603903968, 0, 0
1758144, 596322953, 1, 0
1759054, 525127462, 0, 0
1759054, 536840352, 1, 0
1760043, 559823108, 1, 0
1760043, 568596917, 0, 0
1761184, 471233433, 1, 0
1761184, 415683397, 0, 0
1762163, 578955631, 0, 0
1762163, 562878512, 1, 0
1763005, 563198206, 0, 0
1763005, 578042410, 1, 0
1764040, 513456709, 0, 0
1764227, 540587714, 1, 0
1765037, 574606882, 1, 0
1765037, 549557139, 0, 0
1766053, 520533449, 1, 0
1766054, 517195015, 0, 0
1767011, 503524827, 1, 0
1767011, 479060136, 0, 0
1768024, 613772691, 0, 0
1768024, 636532407, 1, 0
1769159, 583581814, 1, 0
1769159, 470105116, 0, 0
1770078, 609003765, 0, 0
1770078, 620819772, 1, 0
1771013, 435792710, 0, 0
1771013, 505861799, 1, 0
1772019, 515731444, 1, 0
1772019, 524811108, 0, 0
1773006, 483400736, 1, 0
1773006, 424768552, 0, 0
1774010, 568263128, 0, 0
1774010, 541782948, 1, 0
1775036, 522683964, 1, 0
1775037, 498043089, 0, 0
1776019, 444225694, 0, 0
1776098, 455274291, 1, 0
1777050, 572916826, 0, 0
1777051, 561168979, 1, 0
1778007, 467133774, 1, 0
1778007, 483150479, 0, 0
1779082, 467454705, 1, 0
1779082, 495674153, 0, 0
1780025, 472840274, 0, 0
1780229, 481231514, 1, 0
1781055, 572404838, 0, 0
1781055, 566591318, 1, 0
1782047, 506580998, 0, 0
1782047, 559281734, 1, 0
1783029, 540005303, 0, 0
1783097, 546129603, 1, 0
1784063, 603674685, 0, 0
1784127, 529462857, 1, 0
1785021, 524222579, 0, 0
1785021, 462678210, 1, 0
1786111, 536116086, 0, 0
1786219, 542295310, 1, 0
1787009, 549529877, 1, 0
1787009, 509998033, 0, 0
1788018, 670863433, 0, 0
1788098, 705166634, 1, 0
1789146, 572976442, 0, 0
1789146, 560942590, 1, 0
1790139, 536918944, 0, 0
1790215, 558328569, 1, 0
1791076, 503185090, 0, 0
1791151, 532263098, 1, 0
1792030, 506874803, 0, 0
1792030, 484834246, 1, 0
1793036, 462311511, 0, 0
1793109, 477342321, 1, 0
1794055, 527775593, 0, 0
1794055, 452705539, 1, 0
1795003, 573337735, 0, 0
1795003, 547608075, 1, 0
1796017, 566981663, 1, 0
1796017, 513382806, 0, 0
1797032, 552275953, 1, 0
1797032, 550341453, 0, 0
1798094, 494605143, 0, 0
1798094, 486660200, 1, 0
1799077, 524699289, 0, 0
1799135, 503634603, 1, 0
1800007, 569037814, 0, 0
1800287, 574972775, 1, 0
1800287, 582391761, 0, 0
1800287, 595821578, 1, 0
