1000, 232, 0, 0
1000, 72, 1, 0
2000, 340, 0, 0
2000, 104, 1, 0
2999, 380, 0, 0
2999, 80, 1, 0
3999, 412, 0, 0
3999, 112, 1, 0
5000, 344, 0, 0
5000, 120, 1, 0
6000, 304, 0, 0
6000, 80, 1, 0
6999, 340, 0, 0
6999, 100, 1, 0
7999, 424, 0, 0
7999, 52, 1, 0
9000, 364, 0, 0
9000, 100, 1, 0
9999, 364, 0, 0
9999, 92, 1, 0
10999, 356, 0, 0
10999, 128, 1, 0
12000, 380, 0, 0
12000, 108, 1, 0
12999, 360, 0, 0
12999, 80, 1, 0
13999, 372, 0, 0
13999, 64, 1, 0
15000, 392, 0, 0
15000, 100, 1, 0
15999, 408, 0, 0
15999, 100, 1, 0
16999, 352, 0, 0
16999, 116, 1, 0
18000, 364, 0, 0
18000, 68, 1, 0
18999, 380, 0, 0
18999, 92, 1, 0
19999, 420, 0, 0
19999, 76, 1, 0
21000, 344, 0, 0
21000, 92, 1, 0
21999, 380, 0, 0
21999, 128, 1, 0
22999, 344, 0, 0
22999, 72, 1, 0
24000, 432, 0, 0
24000, 108, 1, 0
25000, 372, 0, 0
25000, 84, 1, 0
25999, 364, 0, 0
25999, 80, 1, 0
27000, 396, 0, 0
27000, 108, 1, 0
28000, 364, 0, 0
28000, 164, 1, 0
28999, 396, 0, 0
28999, 92, 1, 0
30000, 364, 0, 0
30000, 68, 1, 0
31000, 372, 0, 0
31000, 80, 1, 0
31999, 396, 0, 0
31999, 104, 1, 0
32999, 392, 0, 0
32999, 80, 1, 0
34000, 360, 0, 0
34000, 108, 1, 0
34999, 364, 0, 0
34999, 80, 1, 0
35999, 420, 0, 0
35999, 72, 1, 0
37000, 364, 0, 0
37000, 112, 1, 0
37999, 400, 0, 0
37999, 80, 1, 0
38999, 368, 0, 0
38999, 84, 1, 0
40000, 392, 0, 0
40000, 84, 1, 0
40999, 356, 0, 0
40999, 84, 1, 0
41999, 364, 0, 0
41999, 100, 1, 0
43000, 388, 0, 0
43000, 92, 1, 0
43999, 384, 0, 0
43999, 104, 1, 0
44999, 340, 0, 0
44999, 96, 1, 0
46000, 416, 0, 0
46000, 92, 1, 0
46999, 416, 0, 0
46999, 136, 1, 0
47999, 388, 0, 0
47999, 112, 1, 0
49000, 384, 0, 0
49000, 116, 1, 0
50000, 364, 0, 0
50000, 60, 1, 0
50999, 376, 0, 0
50999, 104, 1, 0
51999, 352, 0, 0
51999, 84, 1, 0
53000, 352, 0, 0
53000, 88, 1, 0
53999, 396, 0, 0
53999, 80, 1, 0
54999, 392, 0, 0
54999, 136, 1, 0
56000, 380, 0, 0
56000, 112, 1, 0
56999, 388, 0, 0
56999, 96, 1, 0
57999, 344, 0, 0
57999, 108, 1, 0
59000, 380, 0, 0
59000, 128, 1, 0
59999, 356, 0, 0
59999, 100, 1, 0
60999, 420, 0, 0
60999, 108, 1, 0
62000, 356, 0, 0
62000, 80, 1, 0
63000, 404, 0, 0
63000, 124, 1, 0
63999, 396, 0, 0
63999, 104, 1, 0
64999, 376, 0, 0
64999, 124, 1, 0
66000, 404, 0, 0
66000, 100, 1, 0
66999, 344, 0, 0
66999, 84, 1, 0
67999, 392, 0, 0
67999, 76, 1, 0
69000, 404, 0, 0
69000, 84, 1, 0
69999, 352, 0, 0
69999, 88, 1, 0
70999, 460, 0, 0
70999, 180, 1, 0
72000, 344, 0, 0
72000, 120, 1, 0
72999, 392, 0, 0
72999, 80, 1, 0
73999, 340, 0, 0
73999, 88, 1, 0
75000, 388, 0, 0
75000, 76, 1, 0
75999, 444, 0, 0
75999, 136, 1, 0
76999, 328, 0, 0
76999, 140, 1, 0
78000, 356, 0, 0
78000, 72, 1, 0
79000, 384, 0, 0
79000, 68, 1, 0
79999, 408, 0, 0
79999, 96, 1, 0
80999, 364, 0, 0
80999, 112, 1, 0
82000, 340, 0, 0
82000, 92, 1, 0
82999, 408, 0, 0
82999, 56, 1, 0
83999, 404, 0, 0
83999, 84, 1, 0
85000, 372, 0, 0
85000, 108, 1, 0
86000, 344, 0, 0
86000, 128, 1, 0
86999, 380, 0, 0
86999, 120, 1, 0
87999, 396, 0, 0
87999, 116, 1, 0
89000, 384, 0, 0
89000, 88, 1, 0
89999, 348, 0, 0
89999, 84, 1, 0
90999, 404, 0, 0
90999, 72, 1, 0
92000, 344, 0, 0
92000, 68, 1, 0
92999, 412, 0, 0
92999, 76, 1, 0
94000, 388, 0, 0
94000, 112, 1, 0
95000, 412, 0, 0
95000, 116, 1, 0
95999, 404, 0, 0
95999, 92, 1, 0
96999, 336, 0, 0
96999, 136, 1, 0
98000, 360, 0, 0
98000, 72, 1, 0
98999, 404, 0, 0
98999, 96, 1, 0
99999, 400, 0, 0
99999, 112, 1, 0
101000, 432, 0, 0
101000, 112, 1, 0
101999, 364, 0, 0
101999, 144, 1, 0
102999, 408, 0, 0
102999, 104, 1, 0
104000, 380, 0, 0
104000, 84, 1, 0
105000, 332, 0, 0
105000, 96, 1, 0
105999, 380, 0, 0
105999, 88, 1, 0
106999, 388, 0, 0
106999, 76, 1, 0
108000, 428, 0, 0
108000, 100, 1, 0
108999, 360, 0, 0
108999, 72, 1, 0
109999, 388, 0, 0
109999, 116, 1, 0
111000, 396, 0, 0
111000, 80, 1, 0
111999, 380, 0, 0
111999, 124, 1, 0
112999, 408, 0, 0
112999, 64, 1, 0
114000, 360, 0, 0
114000, 92, 1, 0
114999, 408, 0, 0
114999, 76, 1, 0
115999, 364, 0, 0
115999, 64, 1, 0
117000, 420, 0, 0
117000, 132, 1, 0
117999, 396, 0, 0
117999, 132, 1, 0
118999, 368, 0, 0
118999, 100, 1, 0
120000, 404, 0, 0
120000, 72, 1, 0
121000, 380, 0, 0
121000, 120, 1, 0
121999, 364, 0, 0
121999, 104, 1, 0
122999, 372, 0, 0
122999, 96, 1, 0
124000, 400, 0, 0
124000, 100, 1, 0
124999, 356, 0, 0
124999, 84, 1, 0
125999, 396, 0, 0
125999, 132, 1, 0
127000, 348, 0, 0
127000, 100, 1, 0
127999, 356, 0, 0
127999, 52, 1, 0
128999, 416, 0, 0
128999, 104, 1, 0
130000, 416, 0, 0
130000, 136, 1, 0
130999, 424, 0, 0
130999, 80, 1, 0
131999, 360, 0, 0
131999, 76, 1, 0
133000, 436, 0, 0
133000, 100, 1, 0
133999, 360, 0, 0
133999, 88, 1, 0
134999, 380, 0, 0
134999, 120, 1, 0
136000, 396, 0, 0
136000, 108, 1, 0
136999, 392, 0, 0
136999, 132, 1, 0
137999, 364, 0, 0
137999, 88, 1, 0
139000, 416, 0, 0
139000, 64, 1, 0
140000, 328, 0, 0
140000, 72, 1, 0
140999, 396, 0, 0
140999, 84, 1, 0
142000, 392, 0, 0
142000, 112, 1, 0
143000, 364, 0, 0
143000, 80, 1, 0
143999, 400, 0, 0
143999, 100, 1, 0
144999, 460, 0, 0
144999, 104, 1, 0
146000, 344, 0, 0
146000, 120, 1, 0
146999, 348, 0, 0
146999, 64, 1, 0
147999, 420, 0, 0
147999, 120, 1, 0
149000, 360, 0, 0
149000, 116, 1, 0
149999, 412, 0, 0
149999, 104, 1, 0
150999, 364, 0, 0
150999, 84, 1, 0
152000, 392, 0, 0
152000, 112, 1, 0
153000, 348, 0, 0
153000, 96, 1, 0
153999, 416, 0, 0
153999, 72, 1, 0
154999, 368, 0, 0
154999, 84, 1, 0
156000, 420, 0, 0
156000, 88, 1, 0
156999, 364, 0, 0
156999, 108, 1, 0
157999, 420, 0, 0
157999, 72, 1, 0
159000, 404, 0, 0
159000, 100, 1, 0
159999, 380, 0, 0
159999, 92, 1, 0
160999, 392, 0, 0
160999, 76, 1, 0
162000, 412, 0, 0
162000, 80, 1, 0
162999, 320, 0, 0
162999, 72, 1, 0
163999, 396, 0, 0
163999, 68, 1, 0
165000, 396, 0, 0
165000, 76, 1, 0
165999, 364, 0, 0
165999, 120, 1, 0
166999, 412, 0, 0
166999, 92, 1, 0
168000, 408, 0, 0
168000, 156, 1, 0
169000, 416, 0, 0
169000, 152, 1, 0
169999, 356, 0, 0
169999, 164, 1, 0
170999, 404, 0, 0
170999, 88, 1, 0
172000, 416, 0, 0
172000, 108, 1, 0
172999, 360, 0, 0
172999, 72, 1, 0
173999, 412, 0, 0
173999, 104, 1, 0
175000, 360, 0, 0
175000, 100, 1, 0
175999, 368, 0, 0
175999, 128, 1, 0
176999, 416, 0, 0
176999, 84, 1, 0
178000, 408, 0, 0
178000, 76, 1, 0
178999, 356, 0, 0
178999, 96, 1, 0
179999, 428, 0, 0
179999, 100, 1, 0
181000, 392, 0, 0
181000, 152, 1, 0
181999, 400, 0, 0
181999, 124, 1, 0
182999, 372, 0, 0
182999, 104, 1, 0
184000, 380, 0, 0
184000, 88, 1, 0
184999, 368, 0, 0
184999, 80, 1, 0
185999, 396, 0, 0
185999, 96, 1, 0
187000, 356, 0, 0
187000, 64, 1, 0
187999, 440, 0, 0
187999, 72, 1, 0
188999, 396, 0, 0
188999, 96, 1, 0
190000, 408, 0, 0
190000, 88, 1, 0
191000, 404, 0, 0
191000, 88, 1, 0
191999, 448, 0, 0
191999, 84, 1, 0
192999, 368, 0, 0
192999, 96, 1, 0
194000, 372, 0, 0
194000, 88, 1, 0
194999, 400, 0, 0
194999, 76, 1, 0
195999, 372, 0, 0
195999, 72, 1, 0
197000, 364, 0, 0
197000, 124, 1, 0
197999, 388, 0, 0
197999, 96, 1, 0
198999, 380, 0, 0
198999, 84, 1, 0
200000, 368, 0, 0
200000, 120, 1, 0
200999, 312, 0, 0
200999, 76, 1, 0
201999, 392, 0, 0
201999, 176, 1, 0
203000, 408, 0, 0
203000, 104, 1, 0
203999, 384, 0, 0
203999, 104, 1, 0
204999, 348, 0, 0
204999, 112, 1, 0
206000, 428, 0, 0
206000, 96, 1, 0
206999, 408, 0, 0
206999, 112, 1, 0
207999, 404, 0, 0
207999, 120, 1, 0
209000, 404, 0, 0
209000, 88, 1, 0
210000, 360, 0, 0
210000, 72, 1, 0
210999, 412, 0, 0
210999, 96, 1, 0
211999, 408, 0, 0
211999, 124, 1, 0
213000, 332, 0, 0
213000, 96, 1, 0
213999, 376, 0, 0
213999, 84, 1, 0
214999, 428, 0, 0
214999, 92, 1, 0
216000, 380, 0, 0
216000, 80, 1, 0
216999, 376, 0, 0
216999, 76, 1, 0
217999, 412, 0, 0
217999, 108, 1, 0
219000, 388, 0, 0
219000, 104, 1, 0
219999, 416, 0, 0
219999, 68, 1, 0
220999, 372, 0, 0
220999, 132, 1, 0
222000, 452, 0, 0
222000, 120, 1, 0
222999, 360, 0, 0
222999, 80, 1, 0
223999, 440, 0, 0
223999, 108, 1, 0
225000, 504, 0, 0
225000, 112, 1, 0
226000, 384, 0, 0
226000, 124, 1, 0
226999, 436, 0, 0
226999, 104, 1, 0
227999, 376, 0, 0
227999, 112, 1, 0
229000, 408, 0, 0
229000, 128, 1, 0
229999, 360, 0, 0
229999, 124, 1, 0
230999, 420, 0, 0
230999, 88, 1, 0
232000, 384, 0, 0
232000, 96, 1, 0
232999, 416, 0, 0
232999, 116, 1, 0
233999, 396, 0, 0
233999, 100, 1, 0
234999, 436, 0, 0
234999, 108, 1, 0
235999, 400, 0, 0
235999, 124, 1, 0
236999, 440, 0, 0
236999, 116, 1, 0
237999, 404, 0, 0
237999, 96, 1, 0
239000, 420, 0, 0
239000, 116, 1, 0
239999, 376, 0, 0
239999, 116, 1, 0
240999, 388, 0, 0
240999, 88, 1, 0
242000, 420, 0, 0
242000, 68, 1, 0
242999, 424, 0, 0
242999, 120, 1, 0
243999, 372, 0, 0
243999, 84, 1, 0
245000, 408, 0, 0
245000, 88, 1, 0
245999, 352, 0, 0
245999, 108, 1, 0
246999, 404, 0, 0
246999, 76, 1, 0
248000, 376, 0, 0
248000, 76, 1, 0
248999, 384, 0, 0
248999, 68, 1, 0
249999, 376, 0, 0
249999, 96, 1, 0
251000, 420, 0, 0
251000, 108, 1, 0
251999, 392, 0, 0
251999, 84, 1, 0
252999, 424, 0, 0
252999, 52, 1, 0
253999, 384, 0, 0
253999, 88, 1, 0
255000, 388, 0, 0
255000, 112, 1, 0
255999, 408, 0, 0
255999, 96, 1, 0
256999, 428, 0, 0
256999, 92, 1, 0
258000, 404, 0, 0
258000, 128, 1, 0
258999, 396, 0, 0
258999, 92, 1, 0
259999, 396, 0, 0
259999, 124, 1, 0
261000, 432, 0, 0
261000, 116, 1, 0
262000, 384, 0, 0
262000, 136, 1, 0
262999, 396, 0, 0
262999, 100, 1, 0
263999, 420, 0, 0
263999, 72, 1, 0
265000, 404, 0, 0
265000, 116, 1, 0
265999, 392, 0, 0
265999, 128, 1, 0
266999, 472, 0, 0
266999, 148, 1, 0
268000, 396, 0, 0
268000, 92, 1, 0
268999, 392, 0, 0
268999, 112, 1, 0
269999, 420, 0, 0
269999, 64, 1, 0
271000, 396, 0, 0
271000, 120, 1, 0
271999, 396, 0, 0
271999, 76, 1, 0
272999, 420, 0, 0
272999, 84, 1, 0
274000, 388, 0, 0
274000, 104, 1, 0
274999, 392, 0, 0
274999, 80, 1, 0
275999, 432, 0, 0
275999, 116, 1, 0
277000, 408, 0, 0
277000, 120, 1, 0
277999, 396, 0, 0
277999, 84, 1, 0
278999, 404, 0, 0
278999, 96, 1, 0
280000, 392, 0, 0
280000, 124, 1, 0
280999, 392, 0, 0
280999, 84, 1, 0
281999, 452, 0, 0
281999, 52, 1, 0
283000, 384, 0, 0
283000, 88, 1, 0
283999, 396, 0, 0
283999, 120, 1, 0
284999, 424, 0, 0
284999, 100, 1, 0
285999, 420, 0, 0
285999, 100, 1, 0
287000, 396, 0, 0
287000, 84, 1, 0
287999, 364, 0, 0
287999, 76, 1, 0
288999, 448, 0, 0
288999, 120, 1, 0
290000, 420, 0, 0
290000, 148, 1, 0
290999, 416, 0, 0
290999, 136, 1, 0
291999, 364, 0, 0
291999, 92, 1, 0
293000, 408, 0, 0
293000, 116, 1, 0
293999, 436, 0, 0
293999, 88, 1, 0
294999, 384, 0, 0
294999, 88, 1, 0
296000, 396, 0, 0
296000, 108, 1, 0
296999, 384, 0, 0
296999, 84, 1, 0
297999, 416, 0, 0
297999, 56, 1, 0
299000, 440, 0, 0
299000, 104, 1, 0
299999, 440, 0, 0
299999, 104, 1, 0
300999, 428, 0, 0
300999, 100, 1, 0
302000, 436, 0, 0
302000, 100, 1, 0
303000, 392, 0, 0
303000, 104, 1, 0
303999, 408, 0, 0
303999, 104, 1, 0
305000, 388, 0, 0
305000, 92, 1, 0
305999, 408, 0, 0
305999, 92, 1, 0
306999, 424, 0, 0
306999, 68, 1, 0
307999, 364, 0, 0
307999, 104, 1, 0
309000, 420, 0, 0
309000, 88, 1, 0
309999, 384, 0, 0
309999, 92, 1, 0
310999, 428, 0, 0
310999, 104, 1, 0
312000, 420, 0, 0
312000, 132, 1, 0
312999, 384, 0, 0
312999, 72, 1, 0
313999, 420, 0, 0
313999, 152, 1, 0
315000, 396, 0, 0
315000, 80, 1, 0
315999, 400, 0, 0
315999, 104, 1, 0
316999, 392, 0, 0
316999, 96, 1, 0
318000, 464, 0, 0
318000, 96, 1, 0
319000, 380, 0, 0
319000, 108, 1, 0
319999, 440, 0, 0
319999, 60, 1, 0
320999, 400, 0, 0
320999, 124, 1, 0
322000, 440, 0, 0
322000, 132, 1, 0
322999, 372, 0, 0
322999, 80, 1, 0
324000, 432, 0, 0
324000, 80, 1, 0
325000, 420, 0, 0
325000, 84, 1, 0
325999, 364, 0, 0
325999, 92, 1, 0
327000, 376, 0, 0
327000, 104, 1, 0
328000, 420, 0, 0
328000, 136, 1, 0
328999, 424, 0, 0
328999, 76, 1, 0
329999, 408, 0, 0
329999, 68, 1, 0
331000, 416, 0, 0
331000, 124, 1, 0
332000, 400, 0, 0
332000, 112, 1, 0
332999, 380, 0, 0
332999, 68, 1, 0
333999, 436, 0, 0
333999, 124, 1, 0
335000, 412, 0, 0
335000, 96, 1, 0
335999, 416, 0, 0
335999, 124, 1, 0
336999, 404, 0, 0
336999, 76, 1, 0
337999, 392, 0, 0
337999, 96, 1, 0
339000, 476, 0, 0
339000, 128, 1, 0
340000, 388, 0, 0
340000, 84, 1, 0
340999, 400, 0, 0
340999, 96, 1, 0
341999, 420, 0, 0
341999, 52, 1, 0
342999, 388, 0, 0
342999, 112, 1, 0
344000, 392, 0, 0
344000, 68, 1, 0
344999, 376, 0, 0
344999, 48, 1, 0
345999, 464, 0, 0
345999, 96, 1, 0
347000, 420, 0, 0
347000, 96, 1, 0
347999, 412, 0, 0
347999, 144, 1, 0
348999, 456, 0, 0
348999, 120, 1, 0
350000, 344, 0, 0
350000, 116, 1, 0
350999, 408, 0, 0
350999, 108, 1, 0
351999, 424, 0, 0
351999, 128, 1, 0
353000, 476, 0, 0
353000, 116, 1, 0
354000, 400, 0, 0
354000, 120, 1, 0
354999, 408, 0, 0
354999, 100, 1, 0
355999, 484, 0, 0
355999, 108, 1, 0
357000, 420, 0, 0
357000, 136, 1, 0
358000, 436, 0, 0
358000, 92, 1, 0
358999, 408, 0, 0
358999, 112, 1, 0
360000, 432, 0, 0
360000, 120, 1, 0
360999, 404, 0, 0
360999, 140, 1, 0
361999, 392, 0, 0
361999, 116, 1, 0
363000, 468, 0, 0
363000, 92, 1, 0
363999, 384, 0, 0
363999, 108, 1, 0
364999, 372, 0, 0
364999, 96, 1, 0
366000, 428, 0, 0
366000, 52, 1, 0
367000, 416, 0, 0
367000, 96, 1, 0
367999, 448, 0, 0
367999, 92, 1, 0
369000, 400, 0, 0
369000, 92, 1, 0
370000, 412, 0, 0
370000, 116, 1, 0
370999, 452, 0, 0
370999, 84, 1, 0
371999, 380, 0, 0
371999, 96, 1, 0
373000, 448, 0, 0
373000, 68, 1, 0
373999, 392, 0, 0
373999, 112, 1, 0
374999, 408, 0, 0
374999, 60, 1, 0
376000, 356, 0, 0
376000, 108, 1, 0
376999, 400, 0, 0
376999, 76, 1, 0
377999, 384, 0, 0
377999, 156, 1, 0
379000, 436, 0, 0
379000, 140, 1, 0
379999, 404, 0, 0
379999, 84, 1, 0
380999, 400, 0, 0
380999, 80, 1, 0
382000, 480, 0, 0
382000, 100, 1, 0
383000, 388, 0, 0
383000, 140, 1, 0
383999, 420, 0, 0
383999, 64, 1, 0
384999, 436, 0, 0
384999, 96, 1, 0
386000, 408, 0, 0
386000, 84, 1, 0
386999, 420, 0, 0
386999, 112, 1, 0
387999, 384, 0, 0
387999, 80, 1, 0
389000, 384, 0, 0
389000, 76, 1, 0
389999, 444, 0, 0
389999, 76, 1, 0
390999, 424, 0, 0
390999, 112, 1, 0
392000, 400, 0, 0
392000, 116, 1, 0
392999, 436, 0, 0
392999, 108, 1, 0
393999, 368, 0, 0
393999, 84, 1, 0
394999, 396, 0, 0
394999, 76, 1, 0
396000, 428, 0, 0
396000, 120, 1, 0
396999, 468, 0, 0
396999, 96, 1, 0
397999, 420, 0, 0
397999, 112, 1, 0
399000, 436, 0, 0
399000, 76, 1, 0
399999, 408, 0, 0
399999, 112, 1, 0
400999, 440, 0, 0
400999, 84, 1, 0
402000, 436, 0, 0
402000, 108, 1, 0
402999, 412, 0, 0
402999, 104, 1, 0
403999, 432, 0, 0
403999, 120, 1, 0
405000, 448, 0, 0
405000, 160, 1, 0
406000, 404, 0, 0
406000, 88, 1, 0
406999, 392, 0, 0
406999, 96, 1, 0
407999, 408, 0, 0
407999, 84, 1, 0
409000, 444, 0, 0
409000, 112, 1, 0
409999, 472, 0, 0
409999, 104, 1, 0
410999, 404, 0, 0
410999, 100, 1, 0
412000, 412, 0, 0
412000, 52, 1, 0
412999, 408, 0, 0
412999, 88, 1, 0
413999, 416, 0, 0
413999, 108, 1, 0
415000, 408, 0, 0
415000, 96, 1, 0
415999, 488, 0, 0
415999, 128, 1, 0
416999, 388, 0, 0
416999, 84, 1, 0
418000, 460, 0, 0
418000, 104, 1, 0
419000, 396, 0, 0
419000, 108, 1, 0
419999, 404, 0, 0
419999, 148, 1, 0
420999, 404, 0, 0
420999, 112, 1, 0
422000, 468, 0, 0
422000, 92, 1, 0
422999, 412, 0, 0
422999, 132, 1, 0
423999, 396, 0, 0
423999, 96, 1, 0
425000, 408, 0, 0
425000, 100, 1, 0
425999, 468, 0, 0
425999, 120, 1, 0
426999, 380, 0, 0
426999, 100, 1, 0
428000, 436, 0, 0
428000, 128, 1, 0
428999, 416, 0, 0
428999, 92, 1, 0
429999, 408, 0, 0
429999, 100, 1, 0
431000, 408, 0, 0
431000, 88, 1, 0
431999, 432, 0, 0
431999, 120, 1, 0
432999, 428, 0, 0
432999, 124, 1, 0
434000, 396, 0, 0
434000, 84, 1, 0
434999, 408, 0, 0
434999, 92, 1, 0
435999, 424, 0, 0
435999, 92, 1, 0
437000, 404, 0, 0
437000, 92, 1, 0
438000, 412, 0, 0
438000, 96, 1, 0
438999, 408, 0, 0
438999, 92, 1, 0
439999, 388, 0, 0
439999, 100, 1, 0
441000, 412, 0, 0
441000, 108, 1, 0
441999, 404, 0, 0
441999, 88, 1, 0
442999, 420, 0, 0
442999, 128, 1, 0
444000, 476, 0, 0
444000, 108, 1, 0
444999, 432, 0, 0
444999, 152, 1, 0
445999, 392, 0, 0
445999, 100, 1, 0
447000, 436, 0, 0
447000, 80, 1, 0
447999, 384, 0, 0
447999, 72, 1, 0
448999, 424, 0, 0
448999, 88, 1, 0
450000, 428, 0, 0
450000, 100, 1, 0
450999, 420, 0, 0
450999, 96, 1, 0
451999, 364, 0, 0
451999, 96, 1, 0
452999, 480, 0, 0
452999, 92, 1, 0
454000, 452, 0, 0
454000, 128, 1, 0
454999, 448, 0, 0
454999, 108, 1, 0
455999, 392, 0, 0
455999, 148, 1, 0
457000, 420, 0, 0
457000, 132, 1, 0
457999, 392, 0, 0
457999, 76, 1, 0
458999, 376, 0, 0
458999, 56, 1, 0
460000, 412, 0, 0
460000, 68, 1, 0
460999, 464, 0, 0
460999, 92, 1, 0
461999, 428, 0, 0
461999, 144, 1, 0
463000, 376, 0, 0
463000, 144, 1, 0
464000, 452, 0, 0
464000, 116, 1, 0
464999, 404, 0, 0
464999, 144, 1, 0
466000, 404, 0, 0
466000, 112, 1, 0
466999, 416, 0, 0
466999, 120, 1, 0
467999, 436, 0, 0
467999, 132, 1, 0
468999, 432, 0, 0
468999, 148, 1, 0
470000, 460, 0, 0
470000, 100, 1, 0
470999, 412, 0, 0
470999, 84, 1, 0
471999, 408, 0, 0
471999, 140, 1, 0
473000, 456, 0, 0
473000, 96, 1, 0
474000, 340, 0, 0
474000, 96, 1, 0
474999, 408, 0, 0
474999, 80, 1, 0
476000, 428, 0, 0
476000, 112, 1, 0
477000, 420, 0, 0
477000, 104, 1, 0
477999, 364, 0, 0
477999, 104, 1, 0
478999, 452, 0, 0
478999, 88, 1, 0
480000, 384, 0, 0
480000, 160, 1, 0
480999, 404, 0, 0
480999, 100, 1, 0
481999, 452, 0, 0
481999, 144, 1, 0
482999, 368, 0, 0
482999, 88, 1, 0
484000, 456, 0, 0
484000, 112, 1, 0
484999, 360, 0, 0
484999, 88, 1, 0
485999, 436, 0, 0
485999, 100, 1, 0
487000, 424, 0, 0
487000, 88, 1, 0
487999, 460, 0, 0
487999, 120, 1, 0
488999, 416, 0, 0
488999, 112, 1, 0
490000, 440, 0, 0
490000, 144, 1, 0
491000, 396, 0, 0
491000, 96, 1, 0
491999, 476, 0, 0
491999, 108, 1, 0
492999, 420, 0, 0
492999, 120, 1, 0
494000, 360, 0, 0
494000, 124, 1, 0
494999, 492, 0, 0
494999, 68, 1, 0
495999, 420, 0, 0
495999, 100, 1, 0
497000, 392, 0, 0
497000, 56, 1, 0
497999, 464, 0, 0
497999, 104, 1, 0
498999, 384, 0, 0
498999, 108, 1, 0
500000, 472, 0, 0
500000, 80, 1, 0
500999, 428, 0, 0
500999, 116, 1, 0
501999, 476, 0, 0
501999, 80, 1, 0
503000, 392, 0, 0
503000, 144, 1, 0
503999, 396, 0, 0
503999, 72, 1, 0
504999, 472, 0, 0
504999, 104, 1, 0
506000, 440, 0, 0
506000, 104, 1, 0
506999, 436, 0, 0
506999, 96, 1, 0
507999, 420, 0, 0
507999, 92, 1, 0
508999, 436, 0, 0
508999, 104, 1, 0
510000, 456, 0, 0
510000, 96, 1, 0
510999, 432, 0, 0
510999, 100, 1, 0
511999, 452, 0, 0
511999, 148, 1, 0
513000, 392, 0, 0
513000, 100, 1, 0
513999, 420, 0, 0
513999, 116, 1, 0
514999, 412, 0, 0
514999, 88, 1, 0
516000, 380, 0, 0
516000, 96, 1, 0
516999, 436, 0, 0
516999, 68, 1, 0
517999, 464, 0, 0
517999, 116, 1, 0
519000, 384, 0, 0
519000, 104, 1, 0
520000, 492, 0, 0
520000, 144, 1, 0
520999, 364, 0, 0
520999, 100, 1, 0
521999, 440, 0, 0
521999, 140, 1, 0
523000, 420, 0, 0
523000, 80, 1, 0
523999, 412, 0, 0
523999, 76, 1, 0
524999, 368, 0, 0
524999, 124, 1, 0
526000, 488, 0, 0
526000, 96, 1, 0
527000, 452, 0, 0
527000, 124, 1, 0
527999, 460, 0, 0
527999, 120, 1, 0
529000, 456, 0, 0
529000, 88, 1, 0
530000, 428, 0, 0
530000, 108, 1, 0
530999, 464, 0, 0
530999, 104, 1, 0
532000, 412, 0, 0
532000, 108, 1, 0
533000, 444, 0, 0
533000, 104, 1, 0
533999, 400, 0, 0
533999, 96, 1, 0
534999, 440, 0, 0
534999, 84, 1, 0
536000, 408, 0, 0
536000, 124, 1, 0
536999, 484, 0, 0
536999, 96, 1, 0
537999, 444, 0, 0
537999, 124, 1, 0
539000, 440, 0, 0
539000, 136, 1, 0
539999, 440, 0, 0
539999, 112, 1, 0
540999, 412, 0, 0
540999, 112, 1, 0
542000, 424, 0, 0
542000, 104, 1, 0
542999, 420, 0, 0
542999, 196, 1, 0
543999, 428, 0, 0
543999, 80, 1, 0
545000, 416, 0, 0
545000, 68, 1, 0
546000, 444, 0, 0
546000, 112, 1, 0
546999, 360, 0, 0
546999, 132, 1, 0
548000, 456, 0, 0
548000, 136, 1, 0
549000, 404, 0, 0
549000, 80, 1, 0
549999, 396, 0, 0
549999, 124, 1, 0
550999, 412, 0, 0
550999, 116, 1, 0
552000, 432, 0, 0
552000, 120, 1, 0
552999, 448, 0, 0
552999, 132, 1, 0
553999, 420, 0, 0
553999, 124, 1, 0
555000, 428, 0, 0
555000, 60, 1, 0
555999, 492, 0, 0
555999, 160, 1, 0
556999, 468, 0, 0
556999, 108, 1, 0
558000, 424, 0, 0
558000, 76, 1, 0
559000, 432, 0, 0
559000, 112, 1, 0
559999, 468, 0, 0
559999, 108, 1, 0
561000, 448, 0, 0
561000, 116, 1, 0
562000, 448, 0, 0
562000, 112, 1, 0
562999, 392, 0, 0
562999, 124, 1, 0
563999, 440, 0, 0
563999, 136, 1, 0
565000, 440, 0, 0
565000, 100, 1, 0
565999, 416, 0, 0
565999, 112, 1, 0
566999, 452, 0, 0
566999, 144, 1, 0
568000, 460, 0, 0
568000, 116, 1, 0
569000, 456, 0, 0
569000, 56, 1, 0
570000, 420, 0, 0
570000, 136, 1, 0
571000, 388, 0, 0
571000, 96, 1, 0
572000, 432, 0, 0
572000, 80, 1, 0
573000, 424, 0, 0
573000, 176, 1, 0
573999, 448, 0, 0
573999, 92, 1, 0
575000, 416, 0, 0
575000, 84, 1, 0
576000, 412, 0, 0
576000, 128, 1, 0
577000, 460, 0, 0
577000, 64, 1, 0
578000, 468, 0, 0
578000, 72, 1, 0
579000, 452, 0, 0
579000, 76, 1, 0
580000, 448, 0, 0
580000, 88, 1, 0
581000, 408, 0, 0
581000, 108, 1, 0
582000, 504, 0, 0
582000, 124, 1, 0
583000, 456, 0, 0
583000, 136, 1, 0
584000, 424, 0, 0
584000, 108, 1, 0
585000, 404, 0, 0
585000, 140, 1, 0
586000, 376, 0, 0
586000, 80, 1, 0
587000, 456, 0, 0
587000, 96, 1, 0
588000, 436, 0, 0
588000, 116, 1, 0
589001, 443, 0, 0
589001, 175, 1, 0
590000, 404, 0, 0
590000, 152, 1, 0
591000, 460, 0, 0
591000, 104, 1, 0
592000, 412, 0, 0
592000, 112, 1, 0
593000, 536, 0, 0
593000, 132, 1, 0
594000, 476, 0, 0
594000, 148, 1, 0
595000, 420, 0, 0
595000, 112, 1, 0
596000, 504, 0, 0
596000, 100, 1, 0
597000, 420, 0, 0
597000, 140, 1, 0
598000, 420, 0, 0
598000, 148, 1, 0
599000, 420, 0, 0
599000, 84, 1, 0
600000, 480, 0, 0
600000, 84, 1, 0
601000, 464, 0, 0
601000, 124, 1, 0
602000, 424, 0, 0
602000, 88, 1, 0
603000, 392, 0, 0
603000, 96, 1, 0
604000, 444, 0, 0
604000, 132, 1, 0
605000, 432, 0, 0
605000, 136, 1, 0
606000, 404, 0, 0
606000, 92, 1, 0
606999, 512, 0, 0
606999, 108, 1, 0
608000, 444, 0, 0
608000, 64, 1, 0
609000, 408, 0, 0
609000, 120, 1, 0
610000, 436, 0, 0
610000, 108, 1, 0
611000, 452, 0, 0
611000, 64, 1, 0
612000, 448, 0, 0
612000, 108, 1, 0
613000, 424, 0, 0
613000, 100, 1, 0
614000, 404, 0, 0
614000, 96, 1, 0
615000, 464, 0, 0
615000, 96, 1, 0
616000, 468, 0, 0
616000, 120, 1, 0
617000, 428, 0, 0
617000, 88, 1, 0
618000, 404, 0, 0
618000, 104, 1, 0
618999, 460, 0, 0
618999, 96, 1, 0
619999, 444, 0, 0
619999, 100, 1, 0
621000, 400, 0, 0
621000, 96, 1, 0
621999, 440, 0, 0
621999, 88, 1, 0
622999, 384, 0, 0
622999, 116, 1, 0
623998, 468, 0, 0
623998, 112, 1, 0
624998, 480, 0, 0
624998, 136, 1, 0
625999, 408, 0, 0
625999, 96, 1, 0
626998, 460, 0, 0
626998, 120, 1, 0
627998, 460, 0, 0
627998, 72, 1, 0
628997, 457, 0, 0
628997, 68, 1, 0
629997, 417, 0, 0
629997, 104, 1, 0
630998, 436, 0, 0
630998, 104, 1, 0
631997, 453, 0, 0
631997, 184, 1, 0
632997, 409, 0, 0
632997, 124, 1, 0
633996, 477, 0, 0
633996, 120, 1, 0
634997, 473, 0, 0
634997, 136, 1, 0
635997, 405, 0, 0
635997, 108, 1, 0
636996, 465, 0, 0
636996, 96, 1, 0
637996, 481, 0, 0
637996, 88, 1, 0
638995, 442, 0, 0
638995, 124, 1, 0
639996, 421, 0, 0
639996, 128, 1, 0
640996, 401, 0, 0
640996, 124, 1, 0
641995, 426, 0, 0
641995, 80, 1, 0
642995, 474, 0, 0
642995, 108, 1, 0
643994, 490, 0, 0
643994, 120, 1, 0
644995, 458, 0, 0
644995, 112, 1, 0
645995, 422, 0, 0
645995, 88, 1, 0
646994, 494, 0, 0
646994, 116, 1, 0
647994, 426, 0, 0
647994, 88, 1, 0
648993, 443, 0, 0
648993, 112, 1, 0
649994, 402, 0, 0
649994, 84, 1, 0
650994, 422, 0, 0
650994, 92, 1, 0
651993, 479, 0, 0
651993, 112, 1, 0
652993, 431, 0, 0
652993, 157, 1, 0
653993, 439, 0, 0
653993, 161, 1, 0
654993, 398, 0, 0
654993, 76, 1, 0
655993, 463, 0, 0
655993, 112, 1, 0
656992, 459, 0, 0
656992, 116, 1, 0
657992, 403, 0, 0
657992, 84, 1, 0
658991, 488, 0, 0
658991, 80, 1, 0
659992, 411, 0, 0
659992, 137, 1, 0
660992, 435, 0, 0
660992, 120, 1, 0
661991, 456, 0, 0
661991, 76, 1, 0
662991, 448, 0, 0
662991, 141, 1, 0
663991, 508, 0, 0
663991, 153, 1, 0
664991, 423, 0, 0
664991, 121, 1, 0
665991, 468, 0, 0
665991, 121, 1, 0
667000, 424, 0, 0
667000, 116, 1, 0
668000, 476, 0, 0
668000, 104, 1, 0
668999, 452, 0, 0
668999, 88, 1, 0
670000, 468, 0, 0
670000, 108, 1, 0
671000, 456, 0, 0
671000, 168, 1, 0
671999, 480, 0, 0
671999, 148, 1, 0
672999, 424, 0, 0
672999, 132, 1, 0
674000, 448, 0, 0
674000, 108, 1, 0
674999, 456, 0, 0
674999, 76, 1, 0
675999, 404, 0, 0
675999, 104, 1, 0
677000, 476, 0, 0
677000, 96, 1, 0
677999, 424, 0, 0
677999, 148, 1, 0
678999, 508, 0, 0
678999, 132, 1, 0
680000, 436, 0, 0
680000, 104, 1, 0
680999, 392, 0, 0
680999, 132, 1, 0
681999, 468, 0, 0
681999, 124, 1, 0
683000, 464, 0, 0
683000, 92, 1, 0
684000, 492, 0, 0
684000, 116, 1, 0
684999, 392, 0, 0
684999, 80, 1, 0
686000, 500, 0, 0
686000, 104, 1, 0
687000, 464, 0, 0
687000, 172, 1, 0
687999, 428, 0, 0
687999, 128, 1, 0
688999, 472, 0, 0
688999, 132, 1, 0
690000, 472, 0, 0
690000, 112, 1, 0
690999, 420, 0, 0
690999, 132, 1, 0
691999, 444, 0, 0
691999, 92, 1, 0
693000, 412, 0, 0
693000, 128, 1, 0
693999, 452, 0, 0
693999, 156, 1, 0
694999, 388, 0, 0
694999, 88, 1, 0
696000, 472, 0, 0
696000, 112, 1, 0
697000, 416, 0, 0
697000, 124, 1, 0
697999, 456, 0, 0
697999, 76, 1, 0
699000, 396, 0, 0
699000, 120, 1, 0
700000, 488, 0, 0
700000, 132, 1, 0
700999, 480, 0, 0
700999, 148, 1, 0
702000, 396, 0, 0
702000, 80, 1, 0
703000, 452, 0, 0
703000, 120, 1, 0
703999, 368, 0, 0
703999, 76, 1, 0
704999, 512, 0, 0
704999, 88, 1, 0
706000, 456, 0, 0
706000, 156, 1, 0
706999, 464, 0, 0
706999, 120, 1, 0
707999, 500, 0, 0
707999, 96, 1, 0
709000, 472, 0, 0
709000, 124, 1, 0
709999, 480, 0, 0
709999, 116, 1, 0
710999, 456, 0, 0
710999, 104, 1, 0
711999, 476, 0, 0
711999, 96, 1, 0
713000, 484, 0, 0
713000, 144, 1, 0
714000, 448, 0, 0
714000, 160, 1, 0
714999, 436, 0, 0
714999, 92, 1, 0
716000, 404, 0, 0
716000, 92, 1, 0
717000, 468, 0, 0
717000, 84, 1, 0
717999, 452, 0, 0
717999, 140, 1, 0
718999, 448, 0, 0
718999, 112, 1, 0
720000, 464, 0, 0
720000, 152, 1, 0
720999, 488, 0, 0
720999, 112, 1, 0
721999, 456, 0, 0
721999, 132, 1, 0
723000, 496, 0, 0
723000, 132, 1, 0
723999, 444, 0, 0
723999, 108, 1, 0
724999, 520, 0, 0
724999, 88, 1, 0
726000, 508, 0, 0
726000, 140, 1, 0
726999, 452, 0, 0
726999, 204, 1, 0
727999, 420, 0, 0
727999, 112, 1, 0
729000, 436, 0, 0
729000, 84, 1, 0
729999, 456, 0, 0
729999, 96, 1, 0
730999, 392, 0, 0
730999, 84, 1, 0
732000, 492, 0, 0
732000, 108, 1, 0
733000, 396, 0, 0
733000, 132, 1, 0
733999, 484, 0, 0
733999, 108, 1, 0
735000, 424, 0, 0
735000, 152, 1, 0
736000, 428, 0, 0
736000, 100, 1, 0
736999, 420, 0, 0
736999, 128, 1, 0
738000, 472, 0, 0
738000, 140, 1, 0
739000, 432, 0, 0
739000, 108, 1, 0
739999, 432, 0, 0
739999, 164, 1, 0
741000, 444, 0, 0
741000, 72, 1, 0
741999, 408, 0, 0
741999, 92, 1, 0
742999, 488, 0, 0
742999, 88, 1, 0
744000, 492, 0, 0
744000, 116, 1, 0
744999, 424, 0, 0
744999, 108, 1, 0
745999, 436, 0, 0
745999, 120, 1, 0
747000, 464, 0, 0
747000, 76, 1, 0
747999, 404, 0, 0
747999, 104, 1, 0
748999, 464, 0, 0
748999, 92, 1, 0
750000, 512, 0, 0
750000, 132, 1, 0
751000, 472, 0, 0
751000, 136, 1, 0
751999, 488, 0, 0
751999, 156, 1, 0
753000, 468, 0, 0
753000, 108, 1, 0
754000, 420, 0, 0
754000, 136, 1, 0
754999, 444, 0, 0
754999, 140, 1, 0
756000, 460, 0, 0
756000, 132, 1, 0
757000, 460, 0, 0
757000, 140, 1, 0
757999, 436, 0, 0
757999, 96, 1, 0
759000, 520, 0, 0
759000, 116, 1, 0
760000, 444, 0, 0
760000, 112, 1, 0
760999, 452, 0, 0
760999, 180, 1, 0
762000, 456, 0, 0
762000, 136, 1, 0
763000, 448, 0, 0
763000, 160, 1, 0
763999, 428, 0, 0
763999, 72, 1, 0
764999, 460, 0, 0
764999, 100, 1, 0
766000, 436, 0, 0
766000, 84, 1, 0
766999, 428, 0, 0
766999, 88, 1, 0
767999, 400, 0, 0
767999, 76, 1, 0
769000, 456, 0, 0
769000, 124, 1, 0
769999, 476, 0, 0
769999, 112, 1, 0
770999, 432, 0, 0
770999, 136, 1, 0
772000, 432, 0, 0
772000, 104, 1, 0
772999, 444, 0, 0
772999, 140, 1, 0
773999, 484, 0, 0
773999, 124, 1, 0
775000, 464, 0, 0
775000, 116, 1, 0
775999, 480, 0, 0
775999, 124, 1, 0
776999, 392, 0, 0
776999, 104, 1, 0
778000, 492, 0, 0
778000, 108, 1, 0
779000, 556, 0, 0
779000, 144, 1, 0
779999, 416, 0, 0
779999, 108, 1, 0
781000, 416, 0, 0
781000, 124, 1, 0
782000, 464, 0, 0
782000, 104, 1, 0
782999, 540, 0, 0
782999, 100, 1, 0
783999, 484, 0, 0
783999, 104, 1, 0
785000, 436, 0, 0
785000, 116, 1, 0
785999, 448, 0, 0
785999, 112, 1, 0
786999, 480, 0, 0
786999, 132, 1, 0
788000, 360, 0, 0
788000, 124, 1, 0
788999, 528, 0, 0
788999, 100, 1, 0
789999, 444, 0, 0
789999, 132, 1, 0
791000, 460, 0, 0
791000, 128, 1, 0
791999, 396, 0, 0
791999, 140, 1, 0
792999, 484, 0, 0
792999, 120, 1, 0
794000, 488, 0, 0
794000, 104, 1, 0
794999, 492, 0, 0
794999, 148, 1, 0
795999, 420, 0, 0
795999, 164, 1, 0
797000, 412, 0, 0
797000, 84, 1, 0
797999, 416, 0, 0
797999, 92, 1, 0
798999, 440, 0, 0
798999, 152, 1, 0
800000, 376, 0, 0
800000, 96, 1, 0
800999, 336, 0, 0
800999, 80, 1, 0
801999, 460, 0, 0
801999, 96, 1, 0
802999, 456, 0, 0
802999, 136, 1, 0
804000, 540, 0, 0
804000, 132, 1, 0
804999, 492, 0, 0
804999, 132, 1, 0
805999, 488, 0, 0
805999, 96, 1, 0
807000, 436, 0, 0
807000, 116, 1, 0
807999, 500, 0, 0
807999, 88, 1, 0
808999, 492, 0, 0
808999, 108, 1, 0
810000, 420, 0, 0
810000, 100, 1, 0
810999, 496, 0, 0
810999, 108, 1, 0
811999, 480, 0, 0
811999, 140, 1, 0
813000, 436, 0, 0
813000, 140, 1, 0
813999, 452, 0, 0
813999, 116, 1, 0
814999, 432, 0, 0
814999, 124, 1, 0
816000, 408, 0, 0
816000, 128, 1, 0
816999, 504, 0, 0
816999, 116, 1, 0
817999, 460, 0, 0
817999, 160, 1, 0
819000, 416, 0, 0
819000, 104, 1, 0
819999, 456, 0, 0
819999, 148, 1, 0
820999, 444, 0, 0
820999, 116, 1, 0
822000, 480, 0, 0
822000, 108, 1, 0
822999, 460, 0, 0
822999, 112, 1, 0
823999, 512, 0, 0
823999, 160, 1, 0
825000, 404, 0, 0
825000, 128, 1, 0
825999, 396, 0, 0
825999, 144, 1, 0
826999, 500, 0, 0
826999, 132, 1, 0
828000, 472, 0, 0
828000, 108, 1, 0
828999, 420, 0, 0
828999, 112, 1, 0
829999, 484, 0, 0
829999, 136, 1, 0
831000, 464, 0, 0
831000, 88, 1, 0
831999, 440, 0, 0
831999, 128, 1, 0
832999, 424, 0, 0
832999, 100, 1, 0
834000, 460, 0, 0
834000, 108, 1, 0
835000, 520, 0, 0
835000, 84, 1, 0
835999, 480, 0, 0
835999, 124, 1, 0
836999, 448, 0, 0
836999, 144, 1, 0
838000, 496, 0, 0
838000, 140, 1, 0
838999, 464, 0, 0
838999, 136, 1, 0
839999, 464, 0, 0
839999, 104, 1, 0
841000, 520, 0, 0
841000, 144, 1, 0
841999, 440, 0, 0
841999, 92, 1, 0
842999, 464, 0, 0
842999, 96, 1, 0
844000, 488, 0, 0
844000, 108, 1, 0
844999, 440, 0, 0
844999, 96, 1, 0
845999, 512, 0, 0
845999, 120, 1, 0
847000, 468, 0, 0
847000, 136, 1, 0
847999, 444, 0, 0
847999, 108, 1, 0
848999, 472, 0, 0
848999, 112, 1, 0
850000, 512, 0, 0
850000, 112, 1, 0
850999, 440, 0, 0
850999, 124, 1, 0
851999, 432, 0, 0
851999, 88, 1, 0
853000, 468, 0, 0
853000, 148, 1, 0
853999, 512, 0, 0
853999, 168, 1, 0
854999, 496, 0, 0
854999, 112, 1, 0
856000, 480, 0, 0
856000, 148, 1, 0
857000, 500, 0, 0
857000, 132, 1, 0
857999, 428, 0, 0
857999, 108, 1, 0
858999, 476, 0, 0
858999, 140, 1, 0
860000, 492, 0, 0
860000, 96, 1, 0
860999, 512, 0, 0
860999, 144, 1, 0
861999, 524, 0, 0
861999, 112, 1, 0
863000, 484, 0, 0
863000, 136, 1, 0
863999, 496, 0, 0
863999, 120, 1, 0
864999, 448, 0, 0
864999, 104, 1, 0
866000, 432, 0, 0
866000, 108, 1, 0
866999, 504, 0, 0
866999, 132, 1, 0
867999, 460, 0, 0
867999, 136, 1, 0
869000, 452, 0, 0
869000, 84, 1, 0
869999, 448, 0, 0
869999, 104, 1, 0
870999, 476, 0, 0
870999, 132, 1, 0
872000, 496, 0, 0
872000, 124, 1, 0
872999, 460, 0, 0
872999, 152, 1, 0
873999, 416, 0, 0
873999, 136, 1, 0
875000, 444, 0, 0
875000, 52, 1, 0
875999, 524, 0, 0
875999, 76, 1, 0
876999, 476, 0, 0
876999, 136, 1, 0
878000, 452, 0, 0
878000, 100, 1, 0
878999, 516, 0, 0
878999, 108, 1, 0
879999, 488, 0, 0
879999, 128, 1, 0
881000, 560, 0, 0
881000, 160, 1, 0
882000, 412, 0, 0
882000, 100, 1, 0
882999, 408, 0, 0
882999, 108, 1, 0
884000, 468, 0, 0
884000, 116, 1, 0
885000, 484, 0, 0
885000, 124, 1, 0
885999, 456, 0, 0
885999, 132, 1, 0
886999, 444, 0, 0
886999, 132, 1, 0
888000, 588, 0, 0
888000, 124, 1, 0
888999, 516, 0, 0
888999, 168, 1, 0
889999, 420, 0, 0
889999, 172, 1, 0
891000, 456, 0, 0
891000, 152, 1, 0
891999, 492, 0, 0
891999, 96, 1, 0
892999, 532, 0, 0
892999, 132, 1, 0
894000, 384, 0, 0
894000, 76, 1, 0
894999, 444, 0, 0
894999, 132, 1, 0
895999, 440, 0, 0
895999, 100, 1, 0
897000, 520, 0, 0
897000, 68, 1, 0
897999, 456, 0, 0
897999, 108, 1, 0
898999, 496, 0, 0
898999, 96, 1, 0
900000, 452, 0, 0
900000, 92, 1, 0
900999, 512, 0, 0
900999, 132, 1, 0
901999, 484, 0, 0
901999, 160, 1, 0
903000, 452, 0, 0
903000, 140, 1, 0
904000, 476, 0, 0
904000, 116, 1, 0
904999, 492, 0, 0
904999, 88, 1, 0
905999, 408, 0, 0
905999, 80, 1, 0
907000, 500, 0, 0
907000, 120, 1, 0
907999, 440, 0, 0
907999, 104, 1, 0
908999, 468, 0, 0
908999, 152, 1, 0
910000, 412, 0, 0
910000, 136, 1, 0
910999, 512, 0, 0
910999, 100, 1, 0
911999, 488, 0, 0
911999, 96, 1, 0
913000, 444, 0, 0
913000, 112, 1, 0
913999, 452, 0, 0
913999, 136, 1, 0
914999, 476, 0, 0
914999, 124, 1, 0
916000, 372, 0, 0
916000, 120, 1, 0
916999, 480, 0, 0
916999, 128, 1, 0
917999, 508, 0, 0
917999, 128, 1, 0
919000, 464, 0, 0
919000, 116, 1, 0
920000, 524, 0, 0
920000, 132, 1, 0
920999, 476, 0, 0
920999, 104, 1, 0
921999, 448, 0, 0
921999, 96, 1, 0
923000, 544, 0, 0
923000, 112, 1, 0
923999, 448, 0, 0
923999, 152, 1, 0
924999, 488, 0, 0
924999, 144, 1, 0
926000, 476, 0, 0
926000, 156, 1, 0
926999, 488, 0, 0
926999, 156, 1, 0
927999, 468, 0, 0
927999, 80, 1, 0
929000, 484, 0, 0
929000, 104, 1, 0
929999, 488, 0, 0
929999, 148, 1, 0
930999, 440, 0, 0
930999, 160, 1, 0
932000, 492, 0, 0
932000, 104, 1, 0
933000, 424, 0, 0
933000, 92, 1, 0
933999, 488, 0, 0
933999, 132, 1, 0
934999, 460, 0, 0
934999, 128, 1, 0
936000, 456, 0, 0
936000, 136, 1, 0
936999, 492, 0, 0
936999, 116, 1, 0
937999, 516, 0, 0
937999, 132, 1, 0
939000, 520, 0, 0
939000, 64, 1, 0
939999, 512, 0, 0
939999, 96, 1, 0
940999, 488, 0, 0
940999, 156, 1, 0
942000, 396, 0, 0
942000, 148, 1, 0
942999, 476, 0, 0
942999, 124, 1, 0
943999, 496, 0, 0
943999, 120, 1, 0
945000, 448, 0, 0
945000, 140, 1, 0
945999, 516, 0, 0
945999, 152, 1, 0
946999, 436, 0, 0
946999, 136, 1, 0
948000, 412, 0, 0
948000, 112, 1, 0
949000, 556, 0, 0
949000, 88, 1, 0
949999, 532, 0, 0
949999, 108, 1, 0
950999, 416, 0, 0
950999, 152, 1, 0
952000, 512, 0, 0
952000, 92, 1, 0
952999, 512, 0, 0
952999, 68, 1, 0
953999, 480, 0, 0
953999, 172, 1, 0
955000, 520, 0, 0
955000, 144, 1, 0
955999, 488, 0, 0
955999, 108, 1, 0
956999, 464, 0, 0
956999, 140, 1, 0
958000, 500, 0, 0
958000, 104, 1, 0
958999, 472, 0, 0
958999, 100, 1, 0
959999, 560, 0, 0
959999, 132, 1, 0
961000, 484, 0, 0
961000, 140, 1, 0
962000, 448, 0, 0
962000, 112, 1, 0
962999, 440, 0, 0
962999, 100, 1, 0
963999, 516, 0, 0
963999, 96, 1, 0
965000, 404, 0, 0
965000, 136, 1, 0
965999, 516, 0, 0
965999, 128, 1, 0
966999, 444, 0, 0
966999, 88, 1, 0
968000, 496, 0, 0
968000, 80, 1, 0
969000, 520, 0, 0
969000, 164, 1, 0
969999, 480, 0, 0
969999, 88, 1, 0
971000, 472, 0, 0
971000, 140, 1, 0
972000, 468, 0, 0
972000, 136, 1, 0
972999, 484, 0, 0
972999, 108, 1, 0
973999, 516, 0, 0
973999, 128, 1, 0
975000, 444, 0, 0
975000, 160, 1, 0
975999, 476, 0, 0
975999, 76, 1, 0
976999, 448, 0, 0
976999, 96, 1, 0
978000, 464, 0, 0
978000, 124, 1, 0
978999, 528, 0, 0
978999, 112, 1, 0
979999, 504, 0, 0
979999, 92, 1, 0
981000, 448, 0, 0
981000, 128, 1, 0
981999, 404, 0, 0
981999, 124, 1, 0
982999, 512, 0, 0
982999, 92, 1, 0
984000, 464, 0, 0
984000, 80, 1, 0
984999, 436, 0, 0
984999, 92, 1, 0
985999, 536, 0, 0
985999, 88, 1, 0
987000, 516, 0, 0
987000, 164, 1, 0
987999, 516, 0, 0
987999, 112, 1, 0
988999, 420, 0, 0
988999, 104, 1, 0
990000, 516, 0, 0
990000, 132, 1, 0
991000, 504, 0, 0
991000, 188, 1, 0
991999, 444, 0, 0
991999, 108, 1, 0
993000, 448, 0, 0
993000, 132, 1, 0
993999, 508, 0, 0
993999, 116, 1, 0
994999, 464, 0, 0
994999, 128, 1, 0
996000, 508, 0, 0
996000, 152, 1, 0
997000, 488, 0, 0
997000, 128, 1, 0
997999, 552, 0, 0
997999, 116, 1, 0
998999, 524, 0, 0
998999, 108, 1, 0
1000000, 500, 0, 0
1000000, 108, 1, 0
1000999, 492, 0, 0
1000999, 140, 1, 0
1001999, 472, 0, 0
1001999, 124, 1, 0
1003000, 464, 0, 0
1003000, 140, 1, 0
1003999, 472, 0, 0
1003999, 124, 1, 0
1004999, 512, 0, 0
1004999, 128, 1, 0
1006000, 484, 0, 0
1006000, 112, 1, 0
1006999, 592, 0, 0
1006999, 172, 1, 0
1007999, 520, 0, 0
1007999, 128, 1, 0
1009000, 472, 0, 0
1009000, 128, 1, 0
1009999, 484, 0, 0
1009999, 116, 1, 0
1010999, 512, 0, 0
1010999, 168, 1, 0
1012000, 460, 0, 0
1012000, 144, 1, 0
1013000, 484, 0, 0
1013000, 96, 1, 0
1013999, 564, 0, 0
1013999, 96, 1, 0
1015000, 448, 0, 0
1015000, 92, 1, 0
1016000, 496, 0, 0
1016000, 96, 1, 0
1016999, 468, 0, 0
1016999, 108, 1, 0
1018000, 436, 0, 0
1018000, 132, 1, 0
1018999, 468, 0, 0
1018999, 144, 1, 0
1019999, 404, 0, 0
1019999, 104, 1, 0
1021000, 480, 0, 0
1021000, 116, 1, 0
1021999, 464, 0, 0
1021999, 104, 1, 0
1022999, 472, 0, 0
1022999, 120, 1, 0
1024000, 516, 0, 0
1024000, 124, 1, 0
1024999, 472, 0, 0
1024999, 148, 1, 0
1025999, 408, 0, 0
1025999, 96, 1, 0
1027000, 532, 0, 0
1027000, 164, 1, 0
1028000, 456, 0, 0
1028000, 88, 1, 0
1028999, 512, 0, 0
1028999, 116, 1, 0
1029999, 356, 0, 0
1029999, 96, 1, 0
1031000, 436, 0, 0
1031000, 120, 1, 0
1031999, 436, 0, 0
1031999, 132, 1, 0
1032999, 584, 0, 0
1032999, 124, 1, 0
1034000, 464, 0, 0
1034000, 88, 1, 0
1034999, 376, 0, 0
1034999, 120, 1, 0
1035999, 480, 0, 0
1035999, 112, 1, 0
1037000, 596, 0, 0
1037000, 104, 1, 0
1037999, 484, 0, 0
1037999, 148, 1, 0
1038999, 484, 0, 0
1038999, 128, 1, 0
1040000, 404, 0, 0
1040000, 108, 1, 0
1040999, 412, 0, 0
1040999, 108, 1, 0
1041999, 584, 0, 0
1041999, 120, 1, 0
1043000, 492, 0, 0
1043000, 100, 1, 0
1044000, 440, 0, 0
1044000, 132, 1, 0
1044999, 420, 0, 0
1044999, 76, 1, 0
1045999, 388, 0, 0
1045999, 96, 1, 0
1047000, 412, 0, 0
1047000, 96, 1, 0
1047999, 588, 0, 0
1047999, 128, 1, 0
1049000, 380, 0, 0
1049000, 96, 1, 0
1050000, 436, 0, 0
1050000, 116, 1, 0
1050999, 336, 0, 0
1050999, 84, 1, 0
1051999, 488, 0, 0
1051999, 152, 1, 0
1053000, 536, 0, 0
1053000, 160, 1, 0
1053999, 484, 0, 0
1053999, 132, 1, 0
1054999, 668, 0, 0
1054999, 184, 1, 0
1056000, 360, 0, 0
1056000, 72, 1, 0
1056999, 496, 0, 0
1056999, 120, 1, 0
1057999, 428, 0, 0
1057999, 92, 1, 0
1059000, 592, 0, 0
1059000, 160, 1, 0
1059999, 440, 0, 0
1059999, 92, 1, 0
1060999, 392, 0, 0
1060999, 76, 1, 0
1062000, 424, 0, 0
1062000, 104, 1, 0
1062999, 544, 0, 0
1062999, 116, 1, 0
1063999, 368, 0, 0
1063999, 176, 1, 0
1065000, 512, 0, 0
1065000, 128, 1, 0
1065999, 604, 0, 0
1065999, 184, 1, 0
1066999, 476, 0, 0
1066999, 124, 1, 0
1067999, 600, 0, 0
1067999, 108, 1, 0
1069000, 336, 0, 0
1069000, 60, 1, 0
1069999, 488, 0, 0
1069999, 156, 1, 0
1070999, 440, 0, 0
1070999, 96, 1, 0
1072000, 432, 0, 0
1072000, 68, 1, 0
1072999, 392, 0, 0
1072999, 124, 1, 0
1073999, 432, 0, 0
1073999, 96, 1, 0
1075000, 524, 0, 0
1075000, 148, 1, 0
1075999, 500, 0, 0
1075999, 112, 1, 0
1076999, 408, 0, 0
1076999, 112, 1, 0
1078000, 544, 0, 0
1078000, 140, 1, 0
1079000, 388, 0, 0
1079000, 152, 1, 0
1079999, 524, 0, 0
1079999, 112, 1, 0
1080999, 532, 0, 0
1080999, 104, 1, 0
1081999, 456, 0, 0
1081999, 108, 1, 0
1082999, 540, 0, 0
1082999, 100, 1, 0
1083999, 404, 0, 0
1083999, 104, 1, 0
1085000, 504, 0, 0
1085000, 148, 1, 0
1085999, 388, 0, 0
1085999, 116, 1, 0
1086999, 408, 0, 0
1086999, 72, 1, 0
1088000, 508, 0, 0
1088000, 108, 1, 0
1088999, 600, 0, 0
1088999, 148, 1, 0
1089999, 552, 0, 0
1089999, 172, 1, 0
1091000, 324, 0, 0
1091000, 48, 1, 0
1091999, 508, 0, 0
1091999, 120, 1, 0
1092999, 484, 0, 0
1092999, 136, 1, 0
1094000, 436, 0, 0
1094000, 120, 1, 0
1094999, 420, 0, 0
1094999, 100, 1, 0
1095999, 396, 0, 0
1095999, 80, 1, 0
1097000, 360, 0, 0
1097000, 104, 1, 0
1097999, 572, 0, 0
1097999, 140, 1, 0
1098999, 456, 0, 0
1098999, 160, 1, 0
1100000, 464, 0, 0
1100000, 100, 1, 0
1100999, 484, 0, 0
1100999, 120, 1, 0
1101999, 508, 0, 0
1101999, 160, 1, 0
1103000, 520, 0, 0
1103000, 104, 1, 0
1103999, 380, 0, 0
1103999, 48, 1, 0
1104999, 536, 0, 0
1104999, 192, 1, 0
1106000, 424, 0, 0
1106000, 108, 1, 0
1106999, 480, 0, 0
1106999, 88, 1, 0
1107999, 548, 0, 0
1107999, 132, 1, 0
1109000, 580, 0, 0
1109000, 180, 1, 0
1109999, 444, 0, 0
1109999, 80, 1, 0
1110999, 524, 0, 0
1110999, 124, 1, 0
1112000, 456, 0, 0
1112000, 152, 1, 0
1112999, 384, 0, 0
1112999, 104, 1, 0
1113999, 472, 0, 0
1113999, 104, 1, 0
1115000, 452, 0, 0
1115000, 104, 1, 0
1116000, 580, 0, 0
1116000, 112, 1, 0
1116999, 420, 0, 0
1116999, 88, 1, 0
1117999, 420, 0, 0
1117999, 96, 1, 0
1119000, 448, 0, 0
1119000, 84, 1, 0
1119999, 480, 0, 0
1119999, 144, 1, 0
1120999, 416, 0, 0
1120999, 144, 1, 0
1122000, 508, 0, 0
1122000, 100, 1, 0
1122999, 520, 0, 0
1122999, 108, 1, 0
1123999, 440, 0, 0
1123999, 128, 1, 0
1125000, 556, 0, 0
1125000, 152, 1, 0
1125999, 352, 0, 0
1125999, 56, 1, 0
1126999, 520, 0, 0
1126999, 128, 1, 0
1128000, 472, 0, 0
1128000, 116, 1, 0
1129000, 448, 0, 0
1129000, 84, 1, 0
1129999, 592, 0, 0
1129999, 180, 1, 0
1130999, 492, 0, 0
1130999, 72, 1, 0
1132000, 500, 0, 0
1132000, 132, 1, 0
1132999, 328, 0, 0
1132999, 64, 1, 0
1133999, 548, 0, 0
1133999, 108, 1, 0
1135000, 324, 0, 0
1135000, 88, 1, 0
1135999, 520, 0, 0
1135999, 160, 1, 0
1136999, 492, 0, 0
1136999, 112, 1, 0
1138000, 448, 0, 0
1138000, 108, 1, 0
1138999, 464, 0, 0
1138999, 128, 1, 0
1139999, 548, 0, 0
1139999, 108, 1, 0
1141000, 500, 0, 0
1141000, 128, 1, 0
1142000, 608, 0, 0
1142000, 92, 1, 0
1142999, 392, 0, 0
1142999, 112, 1, 0
1143999, 512, 0, 0
1143999, 152, 1, 0
1145000, 576, 0, 0
1145000, 152, 1, 0
1145999, 468, 0, 0
1145999, 128, 1, 0
1146999, 544, 0, 0
1146999, 148, 1, 0
1148000, 472, 0, 0
1148000, 116, 1, 0
1148999, 524, 0, 0
1148999, 112, 1, 0
1149999, 676, 0, 0
1149999, 192, 1, 0
1151000, 600, 0, 0
1151000, 132, 1, 0
1151999, 472, 0, 0
1151999, 88, 1, 0
1152999, 580, 0, 0
1152999, 160, 1, 0
1154000, 508, 0, 0
1154000, 156, 1, 0
1154999, 520, 0, 0
1154999, 160, 1, 0
1155999, 548, 0, 0
1155999, 180, 1, 0
1156999, 408, 0, 0
1156999, 88, 1, 0
1158000, 540, 0, 0
1158000, 144, 1, 0
1158999, 400, 0, 0
1158999, 136, 1, 0
1159999, 500, 0, 0
1159999, 96, 1, 0
1161000, 472, 0, 0
1161000, 108, 1, 0
1162000, 404, 0, 0
1162000, 120, 1, 0
1162999, 488, 0, 0
1162999, 88, 1, 0
1163999, 592, 0, 0
1163999, 180, 1, 0
1165000, 400, 0, 0
1165000, 88, 1, 0
1165999, 436, 0, 0
1165999, 128, 1, 0
1166999, 476, 0, 0
1166999, 120, 1, 0
1168000, 484, 0, 0
1168000, 136, 1, 0
1168999, 508, 0, 0
1168999, 116, 1, 0
1169999, 452, 0, 0
1169999, 172, 1, 0
1171000, 512, 0, 0
1171000, 140, 1, 0
1171999, 448, 0, 0
1171999, 96, 1, 0
1172999, 552, 0, 0
1172999, 92, 1, 0
1174000, 504, 0, 0
1174000, 136, 1, 0
1174999, 504, 0, 0
1174999, 140, 1, 0
1175999, 488, 0, 0
1175999, 136, 1, 0
1176999, 496, 0, 0
1176999, 100, 1, 0
1178000, 572, 0, 0
1178000, 124, 1, 0
1178999, 460, 0, 0
1178999, 100, 1, 0
1179999, 548, 0, 0
1179999, 200, 1, 0
1181000, 480, 0, 0
1181000, 124, 1, 0
1181999, 544, 0, 0
1181999, 116, 1, 0
1182999, 440, 0, 0
1182999, 124, 1, 0
1184000, 444, 0, 0
1184000, 124, 1, 0
1184999, 424, 0, 0
1184999, 132, 1, 0
1185999, 500, 0, 0
1185999, 108, 1, 0
1187000, 440, 0, 0
1187000, 108, 1, 0
1187999, 472, 0, 0
1187999, 100, 1, 0
1188999, 496, 0, 0
1188999, 152, 1, 0
1189999, 492, 0, 0
1189999, 116, 1, 0
1191000, 480, 0, 0
1191000, 144, 1, 0
1191999, 404, 0, 0
1191999, 92, 1, 0
1192999, 360, 0, 0
1192999, 96, 1, 0
1194000, 528, 0, 0
1194000, 108, 1, 0
1194999, 456, 0, 0
1194999, 140, 1, 0
1195999, 432, 0, 0
1195999, 84, 1, 0
1197000, 408, 0, 0
1197000, 92, 1, 0
1197999, 464, 0, 0
1197999, 132, 1, 0
1198999, 628, 0, 0
1198999, 156, 1, 0
1200000, 656, 0, 0
1200000, 192, 1, 0
1200999, 492, 0, 0
1200999, 116, 1, 0
1201999, 412, 0, 0
1201999, 76, 1, 0
1203000, 476, 0, 0
1203000, 144, 1, 0
1204000, 456, 0, 0
1204000, 108, 1, 0
1204999, 604, 0, 0
1204999, 196, 1, 0
1206000, 288, 0, 0
1206000, 64, 1, 0
1207000, 648, 0, 0
1207000, 144, 1, 0
1207999, 484, 0, 0
1207999, 124, 1, 0
1208999, 376, 0, 0
1208999, 120, 1, 0
1210000, 628, 0, 0
1210000, 212, 1, 0
1210999, 356, 0, 0
1210999, 88, 1, 0
1211999, 500, 0, 0
1211999, 136, 1, 0
1213000, 524, 0, 0
1213000, 96, 1, 0
1213999, 488, 0, 0
1213999, 120, 1, 0
1214999, 548, 0, 0
1214999, 172, 1, 0
1216000, 548, 0, 0
1216000, 160, 1, 0
1216999, 480, 0, 0
1216999, 76, 1, 0
1217999, 452, 0, 0
1217999, 156, 1, 0
1219000, 576, 0, 0
1219000, 152, 1, 0
1219999, 496, 0, 0
1219999, 84, 1, 0
1220999, 480, 0, 0
1220999, 84, 1, 0
1222000, 348, 0, 0
1222000, 68, 1, 0
1222999, 616, 0, 0
1222999, 156, 1, 0
1223999, 592, 0, 0
1223999, 156, 1, 0
1225000, 604, 0, 0
1225000, 140, 1, 0
1225999, 512, 0, 0
1225999, 124, 1, 0
1226999, 596, 0, 0
1226999, 124, 1, 0
1228000, 528, 0, 0
1228000, 88, 1, 0
1228999, 456, 0, 0
1228999, 120, 1, 0
1230000, 536, 0, 0
1230000, 112, 1, 0
1231000, 536, 0, 0
1231000, 156, 1, 0
1231999, 516, 0, 0
1231999, 144, 1, 0
1232999, 560, 0, 0
1232999, 104, 1, 0
1234000, 584, 0, 0
1234000, 132, 1, 0
1234999, 388, 0, 0
1234999, 92, 1, 0
1235999, 640, 0, 0
1235999, 156, 1, 0
1237000, 436, 0, 0
1237000, 128, 1, 0
1237999, 644, 0, 0
1237999, 152, 1, 0
1238999, 580, 0, 0
1238999, 100, 1, 0
1240000, 624, 0, 0
1240000, 116, 1, 0
1240999, 408, 0, 0
1240999, 76, 1, 0
1241999, 428, 0, 0
1241999, 96, 1, 0
1243000, 504, 0, 0
1243000, 168, 1, 0
1244000, 560, 0, 0
1244000, 164, 1, 0
1244999, 472, 0, 0
1244999, 88, 1, 0
1245999, 520, 0, 0
1245999, 144, 1, 0
1247000, 500, 0, 0
1247000, 144, 1, 0
1247999, 536, 0, 0
1247999, 140, 1, 0
1248999, 444, 0, 0
1248999, 120, 1, 0
1250000, 456, 0, 0
1250000, 120, 1, 0
1250999, 492, 0, 0
1250999, 180, 1, 0
1251999, 460, 0, 0
1251999, 148, 1, 0
1253000, 500, 0, 0
1253000, 116, 1, 0
1253999, 408, 0, 0
1253999, 120, 1, 0
1254999, 392, 0, 0
1254999, 76, 1, 0
1256000, 544, 0, 0
1256000, 112, 1, 0
1256999, 552, 0, 0
1256999, 164, 1, 0
1257999, 560, 0, 0
1257999, 136, 1, 0
1259000, 520, 0, 0
1259000, 108, 1, 0
1259999, 552, 0, 0
1259999, 152, 1, 0
1260999, 376, 0, 0
1260999, 88, 1, 0
1262000, 424, 0, 0
1262000, 100, 1, 0
1262999, 488, 0, 0
1262999, 124, 1, 0
1263999, 436, 0, 0
1263999, 128, 1, 0
1265000, 452, 0, 0
1265000, 68, 1, 0
1265999, 444, 0, 0
1265999, 128, 1, 0
1266999, 576, 0, 0
1266999, 164, 1, 0
1268000, 552, 0, 0
1268000, 108, 1, 0
1268999, 408, 0, 0
1268999, 108, 1, 0
1269999, 508, 0, 0
1269999, 168, 1, 0
1271000, 580, 0, 0
1271000, 152, 1, 0
1271999, 448, 0, 0
1271999, 152, 1, 0
1272999, 424, 0, 0
1272999, 156, 1, 0
1274000, 552, 0, 0
1274000, 112, 1, 0
1275000, 420, 0, 0
1275000, 136, 1, 0
1275999, 436, 0, 0
1275999, 112, 1, 0
1276999, 592, 0, 0
1276999, 72, 1, 0
1278000, 528, 0, 0
1278000, 160, 1, 0
1278999, 476, 0, 0
1278999, 128, 1, 0
1280000, 424, 0, 0
1280000, 100, 1, 0
1281000, 580, 0, 0
1281000, 164, 1, 0
1281999, 728, 0, 0
1281999, 136, 1, 0
1282999, 444, 0, 0
1282999, 108, 1, 0
1284000, 456, 0, 0
1284000, 108, 1, 0
1285000, 464, 0, 0
1285000, 124, 1, 0
1285999, 488, 0, 0
1285999, 124, 1, 0
1287000, 476, 0, 0
1287000, 132, 1, 0
1287999, 432, 0, 0
1287999, 112, 1, 0
1288999, 516, 0, 0
1288999, 172, 1, 0
1290000, 440, 0, 0
1290000, 136, 1, 0
1291000, 408, 0, 0
1291000, 92, 1, 0
1291999, 468, 0, 0
1291999, 112, 1, 0
1293000, 496, 0, 0
1293000, 140, 1, 0
1294000, 496, 0, 0
1294000, 184, 1, 0
1294999, 460, 0, 0
1294999, 96, 1, 0
1295999, 348, 0, 0
1295999, 108, 1, 0
1297000, 440, 0, 0
1297000, 104, 1, 0
1297999, 472, 0, 0
1297999, 100, 1, 0
1298999, 508, 0, 0
1298999, 72, 1, 0
1300000, 556, 0, 0
1300000, 120, 1, 0
1300999, 396, 0, 0
1300999, 68, 1, 0
1301999, 528, 0, 0
1301999, 148, 1, 0
1303000, 532, 0, 0
1303000, 108, 1, 0
1303999, 384, 0, 0
1303999, 96, 1, 0
1304999, 432, 0, 0
1304999, 76, 1, 0
1306000, 380, 0, 0
1306000, 72, 1, 0
1306999, 440, 0, 0
1306999, 128, 1, 0
1307999, 568, 0, 0
1307999, 140, 1, 0
1309000, 372, 0, 0
1309000, 80, 1, 0
1309999, 504, 0, 0
1309999, 172, 1, 0
1310999, 504, 0, 0
1310999, 100, 1, 0
1312000, 476, 0, 0
1312000, 96, 1, 0
1313000, 640, 0, 0
1313000, 172, 1, 0
1313999, 504, 0, 0
1313999, 132, 1, 0
1315000, 508, 0, 0
1315000, 136, 1, 0
1315999, 484, 0, 0
1315999, 156, 1, 0
1316999, 428, 0, 0
1316999, 176, 1, 0
1317999, 564, 0, 0
1317999, 136, 1, 0
1319000, 580, 0, 0
1319000, 124, 1, 0
1319999, 536, 0, 0
1319999, 160, 1, 0
1320999, 516, 0, 0
1320999, 112, 1, 0
1322000, 440, 0, 0
1322000, 104, 1, 0
1322999, 552, 0, 0
1322999, 188, 1, 0
1323999, 528, 0, 0
1323999, 172, 1, 0
1325000, 512, 0, 0
1325000, 116, 1, 0
1325999, 452, 0, 0
1325999, 152, 1, 0
1326999, 480, 0, 0
1326999, 116, 1, 0
1328000, 468, 0, 0
1328000, 156, 1, 0
1328999, 564, 0, 0
1328999, 108, 1, 0
1329999, 452, 0, 0
1329999, 136, 1, 0
1330999, 488, 0, 0
1330999, 92, 1, 0
1332000, 560, 0, 0
1332000, 92, 1, 0
1332999, 476, 0, 0
1332999, 144, 1, 0
1333999, 500, 0, 0
1333999, 108, 1, 0
1335000, 448, 0, 0
1335000, 164, 1, 0
1335999, 564, 0, 0
1335999, 152, 1, 0
1336999, 504, 0, 0
1336999, 112, 1, 0
1338000, 388, 0, 0
1338000, 68, 1, 0
1339000, 488, 0, 0
1339000, 120, 1, 0
1339999, 632, 0, 0
1339999, 136, 1, 0
1340999, 748, 0, 0
1340999, 236, 1, 0
1342000, 444, 0, 0
1342000, 120, 1, 0
1342999, 404, 0, 0
1342999, 36, 1, 0
1343999, 656, 0, 0
1343999, 164, 1, 0
1345000, 472, 0, 0
1345000, 144, 1, 0
1345999, 604, 0, 0
1345999, 136, 1, 0
1346999, 536, 0, 0
1346999, 164, 1, 0
1348000, 496, 0, 0
1348000, 152, 1, 0
1348999, 604, 0, 0
1348999, 168, 1, 0
1349999, 528, 0, 0
1349999, 112, 1, 0
1351000, 480, 0, 0
1351000, 100, 1, 0
1351999, 520, 0, 0
1351999, 140, 1, 0
1352999, 456, 0, 0
1352999, 80, 1, 0
1354000, 476, 0, 0
1354000, 128, 1, 0
1354999, 372, 0, 0
1354999, 84, 1, 0
1355999, 356, 0, 0
1355999, 72, 1, 0
1357000, 548, 0, 0
1357000, 168, 1, 0
1358000, 512, 0, 0
1358000, 160, 1, 0
1358999, 308, 0, 0
1358999, 60, 1, 0
1359999, 544, 0, 0
1359999, 116, 1, 0
1361000, 340, 0, 0
1361000, 88, 1, 0
1361999, 528, 0, 0
1361999, 116, 1, 0
1362999, 548, 0, 0
1362999, 120, 1, 0
1364000, 492, 0, 0
1364000, 156, 1, 0
1364999, 468, 0, 0
1364999, 112, 1, 0
1365999, 420, 0, 0
1365999, 108, 1, 0
1367000, 592, 0, 0
1367000, 148, 1, 0
1367999, 420, 0, 0
1367999, 124, 1, 0
1368999, 484, 0, 0
1368999, 148, 1, 0
1370000, 520, 0, 0
1370000, 132, 1, 0
1370999, 500, 0, 0
1370999, 96, 1, 0
1371999, 548, 0, 0
1371999, 144, 1, 0
1373000, 532, 0, 0
1373000, 88, 1, 0
1373999, 360, 0, 0
1373999, 96, 1, 0
1374999, 480, 0, 0
1374999, 136, 1, 0
1376000, 476, 0, 0
1376000, 96, 1, 0
1376999, 376, 0, 0
1376999, 80, 1, 0
1377999, 524, 0, 0
1377999, 136, 1, 0
1379000, 512, 0, 0
1379000, 124, 1, 0
1379999, 644, 0, 0
1379999, 136, 1, 0
1380999, 572, 0, 0
1380999, 132, 1, 0
1382000, 580, 0, 0
1382000, 204, 1, 0
1382999, 564, 0, 0
1382999, 172, 1, 0
1383999, 512, 0, 0
1383999, 92, 1, 0
1384999, 456, 0, 0
1384999, 128, 1, 0
1386000, 484, 0, 0
1386000, 128, 1, 0
1386999, 412, 0, 0
1386999, 132, 1, 0
1387999, 444, 0, 0
1387999, 92, 1, 0
1389000, 484, 0, 0
1389000, 160, 1, 0
1389999, 336, 0, 0
1389999, 80, 1, 0
1390999, 612, 0, 0
1390999, 132, 1, 0
1392000, 384, 0, 0
1392000, 84, 1, 0
1392999, 516, 0, 0
1392999, 152, 1, 0
1393999, 472, 0, 0
1393999, 84, 1, 0
1395000, 576, 0, 0
1395000, 152, 1, 0
1396000, 468, 0, 0
1396000, 104, 1, 0
1396999, 560, 0, 0
1396999, 180, 1, 0
1397999, 496, 0, 0
1397999, 156, 1, 0
1399000, 520, 0, 0
1399000, 140, 1, 0
1399999, 488, 0, 0
1399999, 112, 1, 0
1400999, 620, 0, 0
1400999, 236, 1, 0
1402000, 604, 0, 0
1402000, 144, 1, 0
1402999, 592, 0, 0
1402999, 156, 1, 0
1403999, 480, 0, 0
1403999, 80, 1, 0
1405000, 532, 0, 0
1405000, 152, 1, 0
1405999, 584, 0, 0
1405999, 180, 1, 0
1406999, 580, 0, 0
1406999, 172, 1, 0
1408000, 484, 0, 0
1408000, 104, 1, 0
1408999, 436, 0, 0
1408999, 68, 1, 0
1409999, 596, 0, 0
1409999, 140, 1, 0
1411000, 680, 0, 0
1411000, 176, 1, 0
1412000, 404, 0, 0
1412000, 88, 1, 0
1412999, 316, 0, 0
1412999, 64, 1, 0
1413999, 564, 0, 0
1413999, 160, 1, 0
1415000, 580, 0, 0
1415000, 172, 1, 0
1415999, 552, 0, 0
1415999, 144, 1, 0
1416999, 656, 0, 0
1416999, 116, 1, 0
1418000, 604, 0, 0
1418000, 176, 1, 0
1418999, 552, 0, 0
1418999, 108, 1, 0
1419999, 588, 0, 0
1419999, 108, 1, 0
1421000, 464, 0, 0
1421000, 112, 1, 0
1421999, 476, 0, 0
1421999, 116, 1, 0
1422999, 480, 0, 0
1422999, 88, 1, 0
1424000, 488, 0, 0
1424000, 140, 1, 0
1424999, 456, 0, 0
1424999, 136, 1, 0
1425999, 488, 0, 0
1425999, 196, 1, 0
1427000, 544, 0, 0
1427000, 132, 1, 0
1427999, 548, 0, 0
1427999, 156, 1, 0
1428999, 544, 0, 0
1428999, 136, 1, 0
1430000, 480, 0, 0
1430000, 96, 1, 0
1430999, 508, 0, 0
1430999, 72, 1, 0
1431999, 488, 0, 0
1431999, 144, 1, 0
1432999, 516, 0, 0
1432999, 152, 1, 0
1434000, 640, 0, 0
1434000, 148, 1, 0
1434999, 460, 0, 0
1434999, 80, 1, 0
1435999, 560, 0, 0
1435999, 188, 1, 0
1437000, 424, 0, 0
1437000, 144, 1, 0
1437999, 564, 0, 0
1437999, 84, 1, 0
1438999, 460, 0, 0
1438999, 144, 1, 0
1440000, 512, 0, 0
1440000, 96, 1, 0
1440999, 432, 0, 0
1440999, 76, 1, 0
1441999, 600, 0, 0
1441999, 88, 1, 0
1443000, 400, 0, 0
1443000, 96, 1, 0
1443999, 528, 0, 0
1443999, 144, 1, 0
1444999, 612, 0, 0
1444999, 180, 1, 0
1446000, 588, 0, 0
1446000, 184, 1, 0
1446999, 424, 0, 0
1446999, 92, 1, 0
1447999, 652, 0, 0
1447999, 112, 1, 0
1449000, 592, 0, 0
1449000, 140, 1, 0
1449999, 364, 0, 0
1449999, 76, 1, 0
1450999, 656, 0, 0
1450999, 140, 1, 0
1452000, 532, 0, 0
1452000, 144, 1, 0
1452999, 448, 0, 0
1452999, 132, 1, 0
1453999, 348, 0, 0
1453999, 108, 1, 0
1455000, 472, 0, 0
1455000, 92, 1, 0
1456000, 520, 0, 0
1456000, 124, 1, 0
1456999, 572, 0, 0
1456999, 124, 1, 0
1457999, 480, 0, 0
1457999, 92, 1, 0
1459000, 488, 0, 0
1459000, 104, 1, 0
1459999, 428, 0, 0
1459999, 112, 1, 0
1460999, 332, 0, 0
1460999, 100, 1, 0
1462000, 608, 0, 0
1462000, 168, 1, 0
1462999, 680, 0, 0
1462999, 192, 1, 0
1463999, 568, 0, 0
1463999, 184, 1, 0
1465000, 452, 0, 0
1465000, 104, 1, 0
1465999, 504, 0, 0
1465999, 88, 1, 0
1466999, 332, 0, 0
1466999, 64, 1, 0
1468000, 512, 0, 0
1468000, 112, 1, 0
1468999, 624, 0, 0
1468999, 176, 1, 0
1469999, 520, 0, 0
1469999, 132, 1, 0
1471000, 564, 0, 0
1471000, 124, 1, 0
1472000, 560, 0, 0
1472000, 140, 1, 0
1472999, 488, 0, 0
1472999, 96, 1, 0
1473999, 520, 0, 0
1473999, 104, 1, 0
1475000, 516, 0, 0
1475000, 104, 1, 0
1476000, 372, 0, 0
1476000, 136, 1, 0
1476999, 636, 0, 0
1476999, 132, 1, 0
1478000, 608, 0, 0
1478000, 128, 1, 0
1478999, 512, 0, 0
1478999, 156, 1, 0
1479999, 588, 0, 0
1479999, 88, 1, 0
1480999, 488, 0, 0
1480999, 100, 1, 0
1482000, 712, 0, 0
1482000, 212, 1, 0
1482999, 496, 0, 0
1482999, 132, 1, 0
1483999, 632, 0, 0
1483999, 108, 1, 0
1485000, 716, 0, 0
1485000, 200, 1, 0
1485999, 440, 0, 0
1485999, 84, 1, 0
1486999, 520, 0, 0
1486999, 92, 1, 0
1488000, 492, 0, 0
1488000, 116, 1, 0
1488999, 532, 0, 0
1488999, 84, 1, 0
1489999, 584, 0, 0
1489999, 164, 1, 0
1491000, 488, 0, 0
1491000, 148, 1, 0
1492000, 636, 0, 0
1492000, 160, 1, 0
1492999, 504, 0, 0
1492999, 124, 1, 0
1493999, 524, 0, 0
1493999, 100, 1, 0
1495000, 536, 0, 0
1495000, 148, 1, 0
1495999, 756, 0, 0
1495999, 192, 1, 0
1496999, 488, 0, 0
1496999, 148, 1, 0
1498000, 524, 0, 0
1498000, 188, 1, 0
1498999, 600, 0, 0
1498999, 176, 1, 0
1499999, 528, 0, 0
1499999, 124, 1, 0
1501000, 504, 0, 0
1501000, 120, 1, 0
1502000, 500, 0, 0
1502000, 120, 1, 0
1502999, 668, 0, 0
1502999, 180, 1, 0
1503999, 648, 0, 0
1503999, 148, 1, 0
1505000, 700, 0, 0
1505000, 252, 1, 0
1505999, 584, 0, 0
1505999, 152, 1, 0
1506999, 528, 0, 0
1506999, 116, 1, 0
1508000, 520, 0, 0
1508000, 116, 1, 0
1508999, 544, 0, 0
1508999, 112, 1, 0
1509999, 508, 0, 0
1509999, 88, 1, 0
1511000, 504, 0, 0
1511000, 160, 1, 0
1511999, 460, 0, 0
1511999, 132, 1, 0
1512999, 552, 0, 0
1512999, 124, 1, 0
1513999, 444, 0, 0
1513999, 140, 1, 0
1515000, 520, 0, 0
1515000, 144, 1, 0
1515999, 604, 0, 0
1515999, 128, 1, 0
1516999, 556, 0, 0
1516999, 132, 1, 0
1518000, 596, 0, 0
1518000, 160, 1, 0
1518999, 556, 0, 0
1518999, 140, 1, 0
1519999, 324, 0, 0
1519999, 96, 1, 0
1521000, 396, 0, 0
1521000, 100, 1, 0
1521999, 368, 0, 0
1521999, 116, 1, 0
1522999, 300, 0, 0
1522999, 92, 1, 0
1524000, 316, 0, 0
1524000, 120, 1, 0
1524999, 412, 0, 0
1524999, 124, 1, 0
1525999, 440, 0, 0
1525999, 168, 1, 0
1527000, 388, 0, 0
1527000, 92, 1, 0
1528000, 364, 0, 0
1528000, 120, 1, 0
1528999, 384, 0, 0
1528999, 112, 1, 0
1530000, 468, 0, 0
1530000, 132, 1, 0
1530999, 436, 0, 0
1530999, 132, 1, 0
1531999, 376, 0, 0
1531999, 76, 1, 0
1533000, 520, 0, 0
1533000, 136, 1, 0
1533999, 340, 0, 0
1533999, 96, 1, 0
1534999, 408, 0, 0
1534999, 88, 1, 0
1536000, 372, 0, 0
1536000, 136, 1, 0
1536999, 456, 0, 0
1536999, 100, 1, 0
1537999, 348, 0, 0
1537999, 104, 1, 0
1538999, 332, 0, 0
1538999, 104, 1, 0
1540000, 392, 0, 0
1540000, 56, 1, 0
1540999, 408, 0, 0
1540999, 80, 1, 0
1541999, 396, 0, 0
1541999, 72, 1, 0
1543000, 280, 0, 0
1543000, 84, 1, 0
1543999, 392, 0, 0
1543999, 104, 1, 0
1544999, 324, 0, 0
1544999, 76, 1, 0
1545999, 468, 0, 0
1545999, 124, 1, 0
1547000, 492, 0, 0
1547000, 96, 1, 0
1547999, 368, 0, 0
1547999, 124, 1, 0
1548999, 356, 0, 0
1548999, 96, 1, 0
1550000, 320, 0, 0
1550000, 92, 1, 0
1550999, 368, 0, 0
1550999, 96, 1, 0
1551999, 376, 0, 0
1551999, 84, 1, 0
1553000, 420, 0, 0
1553000, 96, 1, 0
1553999, 364, 0, 0
1553999, 116, 1, 0
1554999, 376, 0, 0
1554999, 128, 1, 0
1556000, 412, 0, 0
1556000, 80, 1, 0
1556999, 420, 0, 0
1556999, 84, 1, 0
1557999, 400, 0, 0
1557999, 72, 1, 0
1559000, 420, 0, 0
1559000, 108, 1, 0
1559999, 336, 0, 0
1559999, 88, 1, 0
1560999, 356, 0, 0
1560999, 112, 1, 0
1562000, 380, 0, 0
1562000, 72, 1, 0
1562999, 372, 0, 0
1562999, 124, 1, 0
1563999, 388, 0, 0
1563999, 96, 1, 0
1565000, 336, 0, 0
1565000, 116, 1, 0
1565999, 352, 0, 0
1565999, 132, 1, 0
1566999, 380, 0, 0
1566999, 92, 1, 0
1568000, 472, 0, 0
1568000, 108, 1, 0
1569000, 460, 0, 0
1569000, 112, 1, 0
1569999, 476, 0, 0
1569999, 140, 1, 0
1570999, 264, 0, 0
1570999, 68, 1, 0
1572000, 404, 0, 0
1572000, 92, 1, 0
1572999, 404, 0, 0
1572999, 88, 1, 0
1573999, 528, 0, 0
1573999, 136, 1, 0
1575000, 308, 0, 0
1575000, 96, 1, 0
1576000, 392, 0, 0
1576000, 88, 1, 0
1576999, 376, 0, 0
1576999, 76, 1, 0
1578000, 448, 0, 0
1578000, 132, 1, 0
1579000, 312, 0, 0
1579000, 88, 1, 0
1579999, 548, 0, 0
1579999, 116, 1, 0
1581000, 372, 0, 0
1581000, 80, 1, 0
1582000, 404, 0, 0
1582000, 92, 1, 0
1582999, 428, 0, 0
1582999, 76, 1, 0
1583999, 328, 0, 0
1583999, 80, 1, 0
1585000, 316, 0, 0
1585000, 92, 1, 0
1585999, 312, 0, 0
1585999, 92, 1, 0
1586999, 532, 0, 0
1586999, 100, 1, 0
1588000, 252, 0, 0
1588000, 76, 1, 0
1588999, 464, 0, 0
1588999, 112, 1, 0
1589999, 396, 0, 0
1589999, 120, 1, 0
1591000, 360, 0, 0
1591000, 80, 1, 0
1592000, 392, 0, 0
1592000, 76, 1, 0
1592999, 440, 0, 0
1592999, 108, 1, 0
1594000, 372, 0, 0
1594000, 120, 1, 0
1595000, 372, 0, 0
1595000, 92, 1, 0
1595999, 328, 0, 0
1595999, 68, 1, 0
1596999, 444, 0, 0
1596999, 88, 1, 0
1598000, 480, 0, 0
1598000, 136, 1, 0
1598999, 376, 0, 0
1598999, 104, 1, 0
1599999, 404, 0, 0
1599999, 84, 1, 0
1601000, 400, 0, 0
1601000, 124, 1, 0
1601999, 268, 0, 0
1601999, 76, 1, 0
1602999, 440, 0, 0
1602999, 72, 1, 0
1603999, 352, 0, 0
1603999, 88, 1, 0
1605000, 244, 0, 0
1605000, 40, 1, 0
1605999, 320, 0, 0
1605999, 116, 1, 0
1606999, 392, 0, 0
1606999, 104, 1, 0
1608000, 452, 0, 0
1608000, 136, 1, 0
1608999, 364, 0, 0
1608999, 64, 1, 0
1609999, 360, 0, 0
1609999, 80, 1, 0
1611000, 272, 0, 0
1611000, 92, 1, 0
1612000, 268, 0, 0
1612000, 112, 1, 0
1612999, 352, 0, 0
1612999, 84, 1, 0
1613999, 452, 0, 0
1613999, 88, 1, 0
1615000, 276, 0, 0
1615000, 108, 1, 0
1615999, 328, 0, 0
1615999, 96, 1, 0
1616999, 268, 0, 0
1616999, 60, 1, 0
1618000, 428, 0, 0
1618000, 108, 1, 0
1618999, 316, 0, 0
1618999, 76, 1, 0
1619999, 300, 0, 0
1619999, 108, 1, 0
1621000, 572, 0, 0
1621000, 108, 1, 0
1621999, 468, 0, 0
1621999, 144, 1, 0
1622999, 436, 0, 0
1622999, 84, 1, 0
1624000, 420, 0, 0
1624000, 104, 1, 0
1624999, 380, 0, 0
1624999, 84, 1, 0
1625999, 392, 0, 0
1625999, 88, 1, 0
1627000, 364, 0, 0
1627000, 100, 1, 0
1627999, 344, 0, 0
1627999, 104, 1, 0
1628999, 592, 0, 0
1628999, 96, 1, 0
1630000, 368, 0, 0
1630000, 84, 1, 0
1630999, 404, 0, 0
1630999, 84, 1, 0
1631999, 308, 0, 0
1631999, 152, 1, 0
1633000, 332, 0, 0
1633000, 116, 1, 0
1633999, 340, 0, 0
1633999, 60, 1, 0
1634999, 388, 0, 0
1634999, 104, 1, 0
1636000, 424, 0, 0
1636000, 104, 1, 0
1636999, 340, 0, 0
1636999, 120, 1, 0
1637999, 532, 0, 0
1637999, 144, 1, 0
1639000, 316, 0, 0
1639000, 108, 1, 0
1639999, 412, 0, 0
1639999, 104, 1, 0
1640999, 476, 0, 0
1640999, 116, 1, 0
1642000, 328, 0, 0
1642000, 96, 1, 0
1643000, 392, 0, 0
1643000, 108, 1, 0
1643999, 408, 0, 0
1643999, 96, 1, 0
1644999, 456, 0, 0
1644999, 96, 1, 0
1646000, 320, 0, 0
1646000, 60, 1, 0
1646999, 440, 0, 0
1646999, 92, 1, 0
1648000, 336, 0, 0
1648000, 112, 1, 0
1649000, 368, 0, 0
1649000, 60, 1, 0
1649999, 360, 0, 0
1649999, 100, 1, 0
1651000, 400, 0, 0
1651000, 92, 1, 0
1652000, 364, 0, 0
1652000, 104, 1, 0
1652999, 476, 0, 0
1652999, 76, 1, 0
1653999, 312, 0, 0
1653999, 80, 1, 0
1655000, 432, 0, 0
1655000, 84, 1, 0
1655999, 392, 0, 0
1655999, 88, 1, 0
1656999, 360, 0, 0
1656999, 68, 1, 0
1658000, 360, 0, 0
1658000, 116, 1, 0
1658999, 360, 0, 0
1658999, 116, 1, 0
1659999, 308, 0, 0
1659999, 64, 1, 0
1661000, 376, 0, 0
1661000, 108, 1, 0
1661999, 368, 0, 0
1661999, 68, 1, 0
1662999, 352, 0, 0
1662999, 68, 1, 0
1664000, 424, 0, 0
1664000, 124, 1, 0
1665000, 364, 0, 0
1665000, 96, 1, 0
1665999, 476, 0, 0
1665999, 112, 1, 0
1666999, 480, 0, 0
1666999, 68, 1, 0
1668000, 424, 0, 0
1668000, 112, 1, 0
1668999, 372, 0, 0
1668999, 76, 1, 0
1669999, 512, 0, 0
1669999, 84, 1, 0
1671000, 428, 0, 0
1671000, 92, 1, 0
1671999, 364, 0, 0
1671999, 100, 1, 0
1672999, 444, 0, 0
1672999, 120, 1, 0
1674000, 340, 0, 0
1674000, 72, 1, 0
1675000, 416, 0, 0
1675000, 108, 1, 0
1675999, 380, 0, 0
1675999, 76, 1, 0
1676999, 300, 0, 0
1676999, 48, 1, 0
1677999, 384, 0, 0
1677999, 76, 1, 0
1678999, 460, 0, 0
1678999, 144, 1, 0
1679999, 492, 0, 0
1679999, 144, 1, 0
1680999, 336, 0, 0
1680999, 108, 1, 0
1681999, 492, 0, 0
1681999, 76, 1, 0
1682999, 436, 0, 0
1682999, 92, 1, 0
1684000, 300, 0, 0
1684000, 108, 1, 0
1684999, 408, 0, 0
1684999, 108, 1, 0
1685999, 412, 0, 0
1685999, 108, 1, 0
1687000, 424, 0, 0
1687000, 104, 1, 0
1687999, 312, 0, 0
1687999, 80, 1, 0
1688999, 336, 0, 0
1688999, 120, 1, 0
1690000, 420, 0, 0
1690000, 96, 1, 0
1691000, 516, 0, 0
1691000, 96, 1, 0
1691999, 380, 0, 0
1691999, 104, 1, 0
1692999, 416, 0, 0
1692999, 88, 1, 0
1694000, 376, 0, 0
1694000, 88, 1, 0
1694999, 432, 0, 0
1694999, 112, 1, 0
1695999, 396, 0, 0
1695999, 104, 1, 0
1697000, 400, 0, 0
1697000, 84, 1, 0
1697999, 360, 0, 0
1697999, 76, 1, 0
1698999, 372, 0, 0
1698999, 80, 1, 0
1700000, 412, 0, 0
1700000, 100, 1, 0
1700999, 284, 0, 0
1700999, 60, 1, 0
1701999, 420, 0, 0
1701999, 84, 1, 0
1703000, 320, 0, 0
1703000, 104, 1, 0
1703999, 380, 0, 0
1703999, 120, 1, 0
1704999, 528, 0, 0
1704999, 108, 1, 0
1706000, 308, 0, 0
1706000, 60, 1, 0
1706999, 300, 0, 0
1706999, 76, 1, 0
1707999, 396, 0, 0
1707999, 92, 1, 0
1709000, 420, 0, 0
1709000, 100, 1, 0
1709999, 428, 0, 0
1709999, 116, 1, 0
1710999, 508, 0, 0
1710999, 84, 1, 0
1712000, 348, 0, 0
1712000, 76, 1, 0
1712999, 404, 0, 0
1712999, 124, 1, 0
1713999, 380, 0, 0
1713999, 100, 1, 0
1714999, 416, 0, 0
1714999, 124, 1, 0
1716000, 364, 0, 0
1716000, 76, 1, 0
1716999, 424, 0, 0
1716999, 124, 1, 0
1717999, 512, 0, 0
1717999, 124, 1, 0
1719000, 444, 0, 0
1719000, 96, 1, 0
1719999, 424, 0, 0
1719999, 76, 1, 0
1720999, 260, 0, 0
1720999, 76, 1, 0
1722000, 400, 0, 0
1722000, 80, 1, 0
1722999, 244, 0, 0
1722999, 72, 1, 0
1723999, 360, 0, 0
1723999, 88, 1, 0
1725000, 256, 0, 0
1725000, 56, 1, 0
1725999, 528, 0, 0
1725999, 180, 1, 0
1726999, 264, 0, 0
1726999, 108, 1, 0
1728000, 368, 0, 0
1728000, 128, 1, 0
1728999, 424, 0, 0
1728999, 76, 1, 0
1729999, 348, 0, 0
1729999, 120, 1, 0
1731000, 480, 0, 0
1731000, 140, 1, 0
1731999, 360, 0, 0
1731999, 72, 1, 0
1732999, 412, 0, 0
1732999, 104, 1, 0
1734000, 432, 0, 0
1734000, 124, 1, 0
1735000, 372, 0, 0
1735000, 40, 1, 0
1735999, 556, 0, 0
1735999, 136, 1, 0
1737000, 392, 0, 0
1737000, 104, 1, 0
1737999, 420, 0, 0
1737999, 88, 1, 0
1738999, 424, 0, 0
1738999, 64, 1, 0
1739999, 336, 0, 0
1739999, 72, 1, 0
1741000, 400, 0, 0
1741000, 84, 1, 0
1741999, 380, 0, 0
1741999, 108, 1, 0
1743000, 416, 0, 0
1743000, 88, 1, 0
1743999, 372, 0, 0
1743999, 124, 1, 0
1744999, 260, 0, 0
1744999, 84, 1, 0
1746000, 276, 0, 0
1746000, 80, 1, 0
1747000, 348, 0, 0
1747000, 96, 1, 0
1747999, 356, 0, 0
1747999, 92, 1, 0
1748999, 396, 0, 0
1748999, 132, 1, 0
1750000, 368, 0, 0
1750000, 104, 1, 0
1750999, 528, 0, 0
1750999, 92, 1, 0
1751999, 384, 0, 0
1751999, 76, 1, 0
1753000, 432, 0, 0
1753000, 100, 1, 0
1753999, 508, 0, 0
1753999, 132, 1, 0
1754999, 400, 0, 0
1754999, 92, 1, 0
1756000, 416, 0, 0
1756000, 132, 1, 0
1756999, 456, 0, 0
1756999, 104, 1, 0
1757999, 364, 0, 0
1757999, 88, 1, 0
1759000, 344, 0, 0
1759000, 80, 1, 0
1759999, 448, 0, 0
1759999, 108, 1, 0
1760999, 372, 0, 0
1760999, 72, 1, 0
1761999, 352, 0, 0
1761999, 84, 1, 0
1763000, 444, 0, 0
1763000, 140, 1, 0
1763999, 424, 0, 0
1763999, 80, 1, 0
1764999, 324, 0, 0
1764999, 100, 1, 0
1766000, 488, 0, 0
1766000, 96, 1, 0
1766999, 280, 0, 0
1766999, 32, 1, 0
1767999, 420, 0, 0
1767999, 112, 1, 0
1769000, 352, 0, 0
1769000, 88, 1, 0
1769999, 416, 0, 0
1769999, 124, 1, 0
1770999, 372, 0, 0
1770999, 80, 1, 0
1772000, 404, 0, 0
1772000, 88, 1, 0
1772999, 512, 0, 0
1772999, 124, 1, 0
1773999, 384, 0, 0
1773999, 40, 1, 0
1775000, 360, 0, 0
1775000, 60, 1, 0
1775999, 368, 0, 0
1775999, 72, 1, 0
1776999, 404, 0, 0
1776999, 108, 1, 0
1778000, 420, 0, 0
1778000, 128, 1, 0
1778999, 348, 0, 0
1778999, 84, 1, 0
1779999, 436, 0, 0
1779999, 96, 1, 0
1781000, 380, 0, 0
1781000, 80, 1, 0
1781999, 464, 0, 0
1781999, 100, 1, 0
1782999, 392, 0, 0
1782999, 64, 1, 0
1784000, 396, 0, 0
1784000, 88, 1, 0
1784999, 400, 0, 0
1784999, 84, 1, 0
1785999, 268, 0, 0
1785999, 68, 1, 0
1787000, 572, 0, 0
1787000, 108, 1, 0
1787999, 376, 0, 0
1787999, 80, 1, 0
1788999, 404, 0, 0
1788999, 88, 1, 0
1790000, 440, 0, 0
1790000, 132, 1, 0
1790999, 372, 0, 0
1790999, 120, 1, 0
1791999, 368, 0, 0
1791999, 120, 1, 0
1793000, 440, 0, 0
1793000, 92, 1, 0
1793999, 420, 0, 0
1793999, 56, 1, 0
1794999, 316, 0, 0
1794999, 72, 1, 0
1796000, 272, 0, 0
1796000, 116, 1, 0
1797000, 300, 0, 0
1797000, 100, 1, 0
1797999, 324, 0, 0
1797999, 80, 1, 0
1799000, 360, 0, 0
1799000, 104, 1, 0
1799999, 336, 0, 0
1799999, 80, 1, 0
