1000, 768, 1, 0
2000, 768, 1, 0
2999, 768, 1, 0
3999, 768, 1, 0
5000, 768, 1, 0
6000, 768, 1, 0
6999, 768, 1, 0
7999, 768, 1, 0
8999, 768, 1, 0
10000, 768, 1, 0
10999, 768, 1, 0
11999, 768, 1, 0
12999, 768, 1, 0
13999, 768, 1, 0
15000, 768, 1, 0
16000, 769, 1, 0
16999, 767, 1, 0
17999, 768, 1, 0
19000, 768, 1, 0
20000, 768, 1, 0
20999, 768, 1, 0
21999, 768, 1, 0
23000, 768, 1, 0
24000, 768, 1, 0
24999, 768, 1, 0
25999, 768, 1, 0
26999, 768, 1, 0
27999, 768, 1, 0
29000, 768, 1, 0
29999, 768, 1, 0
30999, 768, 1, 0
31999, 768, 1, 0
33000, 748, 1, 0
34000, 789, 1, 0
34999, 767, 1, 0
35999, 768, 1, 0
36999, 768, 1, 0
38000, 768, 1, 0
39000, 769, 1, 0
40000, 768, 1, 0
40999, 767, 1, 0
41999, 768, 1, 0
43000, 768, 1, 0
44000, 769, 1, 0
44999, 765, 1, 0
45999, 770, 1, 0
46999, 768, 1, 0
48000, 768, 1, 0
49000, 765, 1, 0
49999, 771, 1, 0
50999, 768, 1, 0
51999, 768, 1, 0
52999, 766, 1, 0
54000, 770, 1, 0
55000, 769, 1, 0
55999, 767, 1, 0
56999, 768, 1, 0
57999, 768, 1, 0
59000, 768, 1, 0
60000, 769, 1, 0
60999, 767, 1, 0
61999, 768, 1, 0
62999, 768, 1, 0
64000, 768, 1, 0
65000, 769, 1, 0
66000, 768, 1, 0
66999, 767, 1, 0
67999, 768, 1, 0
68999, 742, 1, 0
70000, 794, 1, 0
71000, 769, 1, 0
71999, 767, 1, 0
72999, 768, 1, 0
73999, 768, 1, 0
75000, 768, 1, 0
76000, 768, 1, 0
76999, 767, 1, 0
77999, 768, 1, 0
78999, 146, 1, 0
80000, 88, 1, 0
81000, 76, 1, 0
81999, 51, 1, 0
82999, 84, 1, 0
84000, 72, 1, 0
84999, 83, 1, 0
85999, 69, 1, 0
87000, 98, 1, 0
87999, 51, 1, 0
88999, 87, 1, 0
90000, 97, 1, 0
90999, 74, 1, 0
91999, 53, 1, 0
93000, 93, 1, 0
94000, 83, 1, 0
94999, 71, 1, 0
96000, 73, 1, 0
97000, 77, 1, 0
97999, 107, 1, 0
98999, 62, 1, 0
100000, 72, 1, 0
100999, 69, 1, 0
101999, 57, 1, 0
103000, 86, 1, 0
103999, 71, 1, 0
104999, 77, 1, 0
106000, 105, 1, 0
107000, 61, 1, 0
107999, 78, 1, 0
108999, 67, 1, 0
110000, 86, 1, 0
110999, 87, 1, 0
111999, 61, 1, 0
113000, 73, 1, 0
113999, 138, 1, 0
114999, 65, 1, 0
116000, 97, 1, 0
117000, 85, 1, 0
117999, 83, 1, 0
119000, 101, 1, 0
120000, 69, 1, 0
120999, 85, 1, 0
121999, 57, 1, 0
123000, 80, 1, 0
123999, 85, 1, 0
124999, 78, 1, 0
126000, 101, 1, 0
126999, 59, 1, 0
127999, 76, 1, 0
129000, 70, 1, 0
130000, 103, 1, 0
130999, 81, 1, 0
132000, 104, 1, 0
133000, 101, 1, 0
133999, 81, 1, 0
134999, 87, 1, 0
136000, 104, 1, 0
136999, 91, 1, 0
137999, 42, 1, 0
139000, 103, 1, 0
139999, 93, 1, 0
140999, 100, 1, 0
142000, 66, 1, 0
143000, 83, 1, 0
143999, 42, 1, 0
144999, 68, 1, 0
146000, 85, 1, 0
146999, 90, 1, 0
147999, 80, 1, 0
149000, 52, 1, 0
150000, 127, 1, 0
150999, 47, 1, 0
152000, 101, 1, 0
153000, 61, 1, 0
153999, 87, 1, 0
154999, 64, 1, 0
156000, 60, 1, 0
156999, 68, 1, 0
157999, 83, 1, 0
158999, 98, 1, 0
160000, 72, 1, 0
160999, 76, 1, 0
161999, 83, 1, 0
163000, 78, 1, 0
163999, 57, 1, 0
164999, 75, 1, 0
165999, 78, 1, 0
167000, 76, 1, 0
167999, 89, 1, 0
168999, 62, 1, 0
170000, 75, 1, 0
171000, 104, 1, 0
171999, 76, 1, 0
172999, 74, 1, 0
174000, 61, 1, 0
174999, 88, 1, 0
175999, 107, 1, 0
177000, 93, 1, 0
177999, 66, 1, 0
178999, 80, 1, 0
180000, 55, 1, 0
180999, 70, 1, 0
181999, 52, 1, 0
183000, 87, 1, 0
184000, 62, 1, 0
184999, 74, 1, 0
185999, 75, 1, 0
187000, 70, 1, 0
187999, 78, 1, 0
188999, 65, 1, 0
190000, 74, 1, 0
191000, 53, 1, 0
191999, 82, 1, 0
193000, 89, 1, 0
194000, 77, 1, 0
194999, 98, 1, 0
195999, 49, 1, 0
197000, 82, 1, 0
197999, 72, 1, 0
198999, 74, 1, 0
200000, 40, 1, 0
200999, 81, 1, 0
201999, 73, 1, 0
203000, 82, 1, 0
204000, 111, 1, 0
204999, 68, 1, 0
205999, 54, 1, 0
207000, 69, 1, 0
207999, 61, 1, 0
208999, 76, 1, 0
210000, 57, 1, 0
210999, 60, 1, 0
211999, 85, 1, 0
213000, 89, 1, 0
213999, 118, 1, 0
214999, 88, 1, 0
216000, 84, 1, 0
216999, 59, 1, 0
217999, 86, 1, 0
219000, 79, 1, 0
220000, 71, 1, 0
220999, 74, 1, 0
222000, 56, 1, 0
223000, 71, 1, 0
223999, 79, 1, 0
224999, 79, 1, 0
226000, 70, 1, 0
226999, 88, 1, 0
227999, 96, 1, 0
229000, 86, 1, 0
230000, 77, 1, 0
230999, 83, 1, 0
231999, 72, 1, 0
233000, 83, 1, 0
233999, 85, 1, 0
234999, 71, 1, 0
236000, 89, 1, 0
237000, 96, 1, 0
237999, 79, 1, 0
238999, 53, 1, 0
240000, 82, 1, 0
240999, 88, 1, 0
241999, 58, 1, 0
243000, 62, 1, 0
243999, 61, 1, 0
244999, 80, 1, 0
246000, 90, 1, 0
247000, 92, 1, 0
247999, 58, 1, 0
249000, 86, 1, 0
250000, 47, 1, 0
250999, 85, 1, 0
251999, 55, 1, 0
253000, 82, 1, 0
253999, 107, 1, 0
254999, 49, 1, 0
256000, 93, 1, 0
256999, 97, 1, 0
257999, 58, 1, 0
259000, 96, 1, 0
260000, 51, 1, 0
260999, 68, 1, 0
262000, 92, 1, 0
263000, 61, 1, 0
263999, 73, 1, 0
264999, 83, 1, 0
266000, 83, 1, 0
266999, 89, 1, 0
267999, 59, 1, 0
269000, 88, 1, 0
269999, 85, 1, 0
270999, 71, 1, 0
272000, 66, 1, 0
272999, 86, 1, 0
273999, 83, 1, 0
275000, 88, 1, 0
276000, 72, 1, 0
276999, 66, 1, 0
278000, 106, 1, 0
279000, 76, 1, 0
279999, 81, 1, 0
280999, 90, 1, 0
282000, 87, 1, 0
282999, 86, 1, 0
283999, 130, 1, 0
285000, 84, 1, 0
285999, 67, 1, 0
286999, 48, 1, 0
288000, 86, 1, 0
288999, 42, 1, 0
289999, 72, 1, 0
291000, 79, 1, 0
292000, 96, 1, 0
292999, 82, 1, 0
294000, 92, 1, 0
295000, 110, 1, 0
295999, 92, 1, 0
296999, 78, 1, 0
298000, 63, 1, 0
298999, 84, 1, 0
299999, 51, 1, 0
301000, 97, 1, 0
302000, 55, 1, 0
302999, 78, 1, 0
304000, 60, 1, 0
305000, 82, 1, 0
305999, 82, 1, 0
307000, 61, 1, 0
308000, 87, 1, 0
308999, 70, 1, 0
309999, 42, 1, 0
311000, 87, 1, 0
311999, 70, 1, 0
312999, 73, 1, 0
314000, 91, 1, 0
315000, 55, 1, 0
315999, 70, 1, 0
316999, 61, 1, 0
318000, 53, 1, 0
318999, 64, 1, 0
319999, 62, 1, 0
321000, 100, 1, 0
321999, 77, 1, 0
322999, 70, 1, 0
324000, 92, 1, 0
325000, 60, 1, 0
325999, 88, 1, 0
326999, 83, 1, 0
328000, 74, 1, 0
328999, 69, 1, 0
329999, 100, 1, 0
331000, 72, 1, 0
331999, 81, 1, 0
332999, 48, 1, 0
334000, 59, 1, 0
335000, 85, 1, 0
335999, 111, 1, 0
336999, 105, 1, 0
338000, 90, 1, 0
338999, 54, 1, 0
339999, 82, 1, 0
341000, 74, 1, 0
341999, 78, 1, 0
342999, 95, 1, 0
344000, 61, 1, 0
345000, 95, 1, 0
345999, 68, 1, 0
347000, 76, 1, 0
348000, 93, 1, 0
348999, 92, 1, 0
349999, 75, 1, 0
351000, 57, 1, 0
351999, 88, 1, 0
352999, 54, 1, 0
354000, 85, 1, 0
354999, 67, 1, 0
355999, 67, 1, 0
357000, 82, 1, 0
358000, 72, 1, 0
358999, 89, 1, 0
359999, 73, 1, 0
361000, 97, 1, 0
361999, 79, 1, 0
362999, 80, 1, 0
364000, 58, 1, 0
364999, 52, 1, 0
365999, 65, 1, 0
367000, 72, 1, 0
368000, 73, 1, 0
368999, 65, 1, 0
370000, 101, 1, 0
371000, 74, 1, 0
371999, 80, 1, 0
372999, 72, 1, 0
374000, 78, 1, 0
374999, 92, 1, 0
375999, 52, 1, 0
377000, 68, 1, 0
378000, 77, 1, 0
378999, 75, 1, 0
379999, 100, 1, 0
381000, 100, 1, 0
381999, 69, 1, 0
382999, 71, 1, 0
384000, 55, 1, 0
385000, 86, 1, 0
385999, 54, 1, 0
386999, 67, 1, 0
387999, 67, 1, 0
389000, 87, 1, 0
389999, 99, 1, 0
390999, 86, 1, 0
392000, 80, 1, 0
393000, 58, 1, 0
393999, 59, 1, 0
395000, 82, 1, 0
396000, 93, 1, 0
396999, 75, 1, 0
397999, 74, 1, 0
399000, 68, 1, 0
399999, 85, 1, 0
400999, 103, 1, 0
402000, 88, 1, 0
403000, 76, 1, 0
403999, 55, 1, 0
404999, 93, 1, 0
406000, 75, 1, 0
406999, 62, 1, 0
407999, 51, 1, 0
409000, 92, 1, 0
409999, 79, 1, 0
410999, 72, 1, 0
412000, 48, 1, 0
412999, 87, 1, 0
413999, 77, 1, 0
415000, 100, 1, 0
416000, 62, 1, 0
416999, 62, 1, 0
417999, 78, 1, 0
419000, 60, 1, 0
419999, 47, 1, 0
420999, 98, 1, 0
422000, 75, 1, 0
422999, 63, 1, 0
423999, 61, 1, 0
424999, 59, 1, 0
426000, 74, 1, 0
426999, 78, 1, 0
427999, 74, 1, 0
429000, 90, 1, 0
429999, 41, 1, 0
430999, 101, 1, 0
432000, 67, 1, 0
432999, 85, 1, 0
433999, 82, 1, 0
435000, 52, 1, 0
436000, 86, 1, 0
436999, 60, 1, 0
437999, 81, 1, 0
439000, 69, 1, 0
439999, 94, 1, 0
440999, 104, 1, 0
442000, 83, 1, 0
443000, 88, 1, 0
443999, 72, 1, 0
444999, 57, 1, 0
446000, 57, 1, 0
446999, 98, 1, 0
447999, 86, 1, 0
449000, 90, 1, 0
449999, 77, 1, 0
450999, 57, 1, 0
452000, 60, 1, 0
453000, 84, 1, 0
453999, 98, 1, 0
455000, 100, 1, 0
456000, 61, 1, 0
456999, 84, 1, 0
458000, 58, 1, 0
459000, 85, 1, 0
459999, 60, 1, 0
460999, 69, 1, 0
462000, 62, 1, 0
462999, 64, 1, 0
463999, 69, 1, 0
465000, 77, 1, 0
465999, 97, 1, 0
466999, 77, 1, 0
468000, 55, 1, 0
469000, 78, 1, 0
469999, 99, 1, 0
470999, 99, 1, 0
472000, 66, 1, 0
472999, 60, 1, 0
473999, 89, 1, 0
475000, 45, 1, 0
476000, 86, 1, 0
476999, 53, 1, 0
477999, 78, 1, 0
479000, 56, 1, 0
479999, 76, 1, 0
480999, 98, 1, 0
482000, 89, 1, 0
483000, 58, 1, 0
483999, 107, 1, 0
484999, 108, 1, 0
486000, 45, 1, 0
486999, 65, 1, 0
487999, 67, 1, 0
489000, 85, 1, 0
489999, 78, 1, 0
490999, 78, 1, 0
492000, 76, 1, 0
493000, 86, 1, 0
493999, 72, 1, 0
495000, 76, 1, 0
496000, 93, 1, 0
496999, 51, 1, 0
497999, 87, 1, 0
499000, 72, 1, 0
500000, 69, 1, 0
500999, 62, 1, 0
502000, 80, 1, 0
502999, 62, 1, 0
503999, 87, 1, 0
505000, 52, 1, 0
506000, 65, 1, 0
506999, 55, 1, 0
508000, 57, 1, 0
509000, 55, 1, 0
509999, 61, 1, 0
510999, 53, 1, 0
512000, 81, 1, 0
512999, 62, 1, 0
513999, 64, 1, 0
515000, 77, 1, 0
516000, 94, 1, 0
516999, 71, 1, 0
518000, 109, 1, 0
518999, 81, 1, 0
519999, 60, 1, 0
520999, 87, 1, 0
522000, 37, 1, 0
522999, 63, 1, 0
523999, 68, 1, 0
525000, 64, 1, 0
525999, 89, 1, 0
526999, 84, 1, 0
528000, 63, 1, 0
528999, 71, 1, 0
529999, 52, 1, 0
531000, 67, 1, 0
531999, 66, 1, 0
532999, 85, 1, 0
533999, 92, 1, 0
535000, 76, 1, 0
535999, 46, 1, 0
536999, 79, 1, 0
538000, 84, 1, 0
538999, 76, 1, 0
539999, 88, 1, 0
541000, 93, 1, 0
542000, 61, 1, 0
542999, 66, 1, 0
543999, 91, 1, 0
545000, 76, 1, 0
545999, 86, 1, 0
546999, 80, 1, 0
548000, 63, 1, 0
548999, 64, 1, 0
549999, 62, 1, 0
551000, 101, 1, 0
551999, 70, 1, 0
552999, 105, 1, 0
554000, 73, 1, 0
555001, 85, 1, 0
555999, 74, 1, 0
557000, 62, 1, 0
558000, 90, 1, 0
559000, 73, 1, 0
560000, 105, 1, 0
561000, 51, 1, 0
562000, 88, 1, 0
563000, 58, 1, 0
564000, 56, 1, 0
565000, 59, 1, 0
566000, 72, 1, 0
567000, 65, 1, 0
568000, 80, 1, 0
569000, 57, 1, 0
570000, 103, 1, 0
571000, 64, 1, 0
572000, 105, 1, 0
573000, 102, 1, 0
574000, 90, 1, 0
575000, 54, 1, 0
576000, 71, 1, 0
577000, 49, 1, 0
578000, 92, 1, 0
579000, 56, 1, 0
580000, 92, 1, 0
581000, 51, 1, 0
582000, 75, 1, 0
583000, 70, 1, 0
584000, 56, 1, 0
585000, 69, 1, 0
586000, 81, 1, 0
587000, 75, 1, 0
588000, 92, 1, 0
589000, 60, 1, 0
590000, 100, 1, 0
591000, 43, 1, 0
592000, 81, 1, 0
593000, 50, 1, 0
594000, 56, 1, 0
595001, 59, 1, 0
596000, 79, 1, 0
597000, 59, 1, 0
598000, 75, 1, 0
599000, 105, 1, 0
600000, 65, 1, 0
