1001, 3076, 1, 0
2000, 3072, 1, 0
2999, 3071, 1, 0
3999, 3075, 1, 0
5000, 3072, 1, 0
6000, 3076, 1, 0
6999, 3071, 1, 0
7999, 3075, 1, 0
8999, 3075, 1, 0
10000, 3072, 1, 0
10999, 3075, 1, 0
11999, 3075, 1, 0
12999, 3075, 1, 0
13999, 3075, 1, 0
15000, 3072, 1, 0
16000, 3076, 1, 0
16999, 3071, 1, 0
17999, 3075, 1, 0
19000, 3072, 1, 0
20000, 3076, 1, 0
20999, 3071, 1, 0
21999, 3075, 1, 0
23000, 3072, 1, 0
24000, 3072, 1, 0
24999, 3075, 1, 0
25999, 3075, 1, 0
26999, 3075, 1, 0
27999, 3075, 1, 0
29000, 3076, 1, 0
29999, 3071, 1, 0
30999, 3075, 1, 0
31999, 3075, 1, 0
33000, 2996, 1, 0
34000, 3152, 1, 0
34999, 3071, 1, 0
35999, 3075, 1, 0
36999, 3075, 1, 0
38000, 3072, 1, 0
39000, 3076, 1, 0
40000, 3072, 1, 0
40999, 3071, 1, 0
41999, 3075, 1, 0
43000, 3075, 1, 0
44000, 3076, 1, 0
44999, 3063, 1, 0
45999, 3083, 1, 0
46999, 3075, 1, 0
48000, 3072, 1, 0
49000, 3060, 1, 0
49999, 3087, 1, 0
50999, 3075, 1, 0
51999, 3075, 1, 0
52999, 3067, 1, 0
54000, 3080, 1, 0
55000, 3076, 1, 0
55999, 3071, 1, 0
56999, 3075, 1, 0
57999, 3075, 1, 0
59000, 3072, 1, 0
60000, 3076, 1, 0
60999, 3071, 1, 0
61999, 3075, 1, 0
62999, 3075, 1, 0
64000, 3072, 1, 0
65000, 3076, 1, 0
66000, 3072, 1, 0
66999, 3071, 1, 0
67999, 3075, 1, 0
68999, 2970, 1, 0
70000, 3176, 1, 0
71000, 3076, 1, 0
71999, 3071, 1, 0
72999, 3075, 1, 0
73999, 3075, 1, 0
75000, 3072, 1, 0
76000, 3076, 1, 0
76999, 3071, 1, 0
77999, 3075, 1, 0
78999, 492, 1, 0
80000, 268, 1, 0
81000, 300, 1, 0
81999, 300, 1, 0
82999, 256, 1, 0
84000, 452, 1, 0
84999, 364, 1, 0
85999, 388, 1, 0
87000, 316, 1, 0
87999, 424, 1, 0
88999, 384, 1, 0
90000, 328, 1, 0
90999, 388, 1, 0
91999, 256, 1, 0
93000, 452, 1, 0
94000, 220, 1, 0
94999, 388, 1, 0
96000, 308, 1, 0
97000, 360, 1, 0
97999, 496, 1, 0
98999, 288, 1, 0
100000, 396, 1, 0
100999, 248, 1, 0
101999, 324, 1, 0
103000, 292, 1, 0
103999, 404, 1, 0
104999, 424, 1, 0
106000, 340, 1, 0
107000, 264, 1, 0
107999, 356, 1, 0
109000, 404, 1, 0
110000, 276, 1, 0
110999, 320, 1, 0
111999, 336, 1, 0
113000, 280, 1, 0
113999, 448, 1, 0
114999, 244, 1, 0
116000, 452, 1, 0
117000, 316, 1, 0
117999, 288, 1, 0
119000, 380, 1, 0
120000, 224, 1, 0
120999, 220, 1, 0
121999, 376, 1, 0
123000, 348, 1, 0
123999, 244, 1, 0
124999, 328, 1, 0
126000, 308, 1, 0
126999, 244, 1, 0
127999, 416, 1, 0
129000, 276, 1, 0
130000, 344, 1, 0
130999, 344, 1, 0
132000, 312, 1, 0
133000, 308, 1, 0
133999, 316, 1, 0
134999, 308, 1, 0
136000, 432, 1, 0
136999, 552, 1, 0
137999, 396, 1, 0
139000, 256, 1, 0
139999, 420, 1, 0
140999, 340, 1, 0
142000, 220, 1, 0
143000, 344, 1, 0
143999, 304, 1, 0
144999, 256, 1, 0
146000, 424, 1, 0
146999, 248, 1, 0
147999, 536, 1, 0
149000, 440, 1, 0
150000, 248, 1, 0
150999, 328, 1, 0
152000, 256, 1, 0
153000, 488, 1, 0
153999, 224, 1, 0
154999, 308, 1, 0
156000, 444, 1, 0
156999, 240, 1, 0
157999, 348, 1, 0
158999, 392, 1, 0
160000, 308, 1, 0
160999, 324, 1, 0
161999, 220, 1, 0
163000, 392, 1, 0
163999, 208, 1, 0
164999, 312, 1, 0
165999, 336, 1, 0
167000, 292, 1, 0
167999, 316, 1, 0
168999, 336, 1, 0
170000, 280, 1, 0
171000, 340, 1, 0
171999, 372, 1, 0
172999, 444, 1, 0
174000, 264, 1, 0
174999, 304, 1, 0
175999, 316, 1, 0
177000, 304, 1, 0
177999, 292, 1, 0
178999, 268, 1, 0
180000, 308, 1, 0
180999, 304, 1, 0
181999, 400, 1, 0
183000, 352, 1, 0
184000, 364, 1, 0
184999, 424, 1, 0
185999, 400, 1, 0
187000, 272, 1, 0
187999, 304, 1, 0
188999, 424, 1, 0
190000, 360, 1, 0
191000, 384, 1, 0
191999, 216, 1, 0
193000, 288, 1, 0
194000, 424, 1, 0
194999, 336, 1, 0
195999, 504, 1, 0
197000, 308, 1, 0
197999, 316, 1, 0
198999, 336, 1, 0
200000, 300, 1, 0
200999, 316, 1, 0
201999, 264, 1, 0
203000, 304, 1, 0
204000, 236, 1, 0
204999, 344, 1, 0
205999, 296, 1, 0
207000, 300, 1, 0
207999, 340, 1, 0
208999, 356, 1, 0
210000, 312, 1, 0
210999, 380, 1, 0
211999, 256, 1, 0
213000, 376, 1, 0
213999, 256, 1, 0
214999, 220, 1, 0
216000, 352, 1, 0
216999, 200, 1, 0
217999, 336, 1, 0
219000, 364, 1, 0
220000, 268, 1, 0
220999, 336, 1, 0
222000, 260, 1, 0
223000, 400, 1, 0
223999, 336, 1, 0
224999, 336, 1, 0
226000, 424, 1, 0
226999, 236, 1, 0
227999, 248, 1, 0
229000, 416, 1, 0
230000, 312, 1, 0
230999, 192, 1, 0
231999, 404, 1, 0
233000, 360, 1, 0
233999, 416, 1, 0
234999, 264, 1, 0
236000, 280, 1, 0
237000, 520, 1, 0
237999, 308, 1, 0
238999, 496, 1, 0
240000, 276, 1, 0
240999, 320, 1, 0
241999, 248, 1, 0
243000, 324, 1, 0
243999, 272, 1, 0
244999, 280, 1, 0
246000, 380, 1, 0
247000, 288, 1, 0
247999, 240, 1, 0
249000, 392, 1, 0
250000, 272, 1, 0
250999, 340, 1, 0
251999, 216, 1, 0
253000, 460, 1, 0
253999, 272, 1, 0
254999, 296, 1, 0
256000, 284, 1, 0
256999, 460, 1, 0
257999, 236, 1, 0
259000, 328, 1, 0
260000, 320, 1, 0
260999, 280, 1, 0
262000, 324, 1, 0
263000, 304, 1, 0
263999, 256, 1, 0
264999, 364, 1, 0
266000, 328, 1, 0
266999, 340, 1, 0
267999, 384, 1, 0
269000, 280, 1, 0
269999, 156, 1, 0
270999, 264, 1, 0
272000, 220, 1, 0
272999, 296, 1, 0
273999, 340, 1, 0
275000, 244, 1, 0
276000, 364, 1, 0
276999, 236, 1, 0
278000, 244, 1, 0
279000, 236, 1, 0
279999, 288, 1, 0
280999, 368, 1, 0
282000, 252, 1, 0
282999, 284, 1, 0
283999, 260, 1, 0
285000, 236, 1, 0
285999, 292, 1, 0
286999, 460, 1, 0
288000, 296, 1, 0
288999, 420, 1, 0
289999, 248, 1, 0
291000, 288, 1, 0
292000, 268, 1, 0
292999, 360, 1, 0
294000, 284, 1, 0
295000, 304, 1, 0
295999, 248, 1, 0
296999, 360, 1, 0
298000, 332, 1, 0
298999, 264, 1, 0
299999, 424, 1, 0
301000, 220, 1, 0
302000, 248, 1, 0
302999, 236, 1, 0
304000, 268, 1, 0
305000, 332, 1, 0
305999, 424, 1, 0
306999, 288, 1, 0
308000, 300, 1, 0
308999, 248, 1, 0
309999, 276, 1, 0
311000, 312, 1, 0
311999, 212, 1, 0
312999, 324, 1, 0
314000, 184, 1, 0
315000, 232, 1, 0
315999, 308, 1, 0
316999, 400, 1, 0
318000, 264, 1, 0
318999, 216, 1, 0
319999, 300, 1, 0
321000, 452, 1, 0
321999, 304, 1, 0
322999, 248, 1, 0
324000, 256, 1, 0
325000, 360, 1, 0
325999, 252, 1, 0
326999, 272, 1, 0
328000, 320, 1, 0
328999, 324, 1, 0
329999, 408, 1, 0
331000, 244, 1, 0
331999, 300, 1, 0
332999, 204, 1, 0
334000, 240, 1, 0
335000, 388, 1, 0
335999, 324, 1, 0
336999, 384, 1, 0
338000, 404, 1, 0
338999, 228, 1, 0
339999, 228, 1, 0
341000, 404, 1, 0
341999, 256, 1, 0
342999, 240, 1, 0
344000, 280, 1, 0
345000, 368, 1, 0
345999, 340, 1, 0
347000, 340, 1, 0
348000, 264, 1, 0
348999, 340, 1, 0
349999, 212, 1, 0
351000, 424, 1, 0
351999, 312, 1, 0
352999, 312, 1, 0
354000, 332, 1, 0
354999, 260, 1, 0
355999, 516, 1, 0
357000, 312, 1, 0
358000, 292, 1, 0
358999, 296, 1, 0
359999, 292, 1, 0
361000, 316, 1, 0
361999, 280, 1, 0
362999, 372, 1, 0
364000, 268, 1, 0
364999, 320, 1, 0
365999, 240, 1, 0
367000, 396, 1, 0
368000, 292, 1, 0
368999, 392, 1, 0
370000, 320, 1, 0
371000, 264, 1, 0
371999, 364, 1, 0
372999, 292, 1, 0
374000, 344, 1, 0
374999, 232, 1, 0
375999, 268, 1, 0
377000, 228, 1, 0
378000, 208, 1, 0
378999, 352, 1, 0
379999, 344, 1, 0
381000, 376, 1, 0
381999, 236, 1, 0
382999, 420, 1, 0
384000, 276, 1, 0
385000, 388, 1, 0
385999, 288, 1, 0
386999, 380, 1, 0
387999, 348, 1, 0
389000, 396, 1, 0
389999, 336, 1, 0
390999, 384, 1, 0
392000, 332, 1, 0
393000, 300, 1, 0
393999, 360, 1, 0
395000, 364, 1, 0
396000, 344, 1, 0
396999, 328, 1, 0
397999, 344, 1, 0
399000, 292, 1, 0
399999, 320, 1, 0
400999, 268, 1, 0
402000, 328, 1, 0
403000, 252, 1, 0
403999, 304, 1, 0
404999, 284, 1, 0
406000, 264, 1, 0
406999, 348, 1, 0
407999, 336, 1, 0
409000, 376, 1, 0
409999, 392, 1, 0
410999, 312, 1, 0
412000, 272, 1, 0
412999, 408, 1, 0
413999, 332, 1, 0
415000, 304, 1, 0
416000, 300, 1, 0
416999, 348, 1, 0
417999, 280, 1, 0
419000, 272, 1, 0
419999, 288, 1, 0
420999, 396, 1, 0
422000, 332, 1, 0
422999, 308, 1, 0
423999, 328, 1, 0
424999, 352, 1, 0
426000, 324, 1, 0
426999, 388, 1, 0
427999, 248, 1, 0
429000, 344, 1, 0
429999, 280, 1, 0
430999, 268, 1, 0
432000, 272, 1, 0
432999, 312, 1, 0
433999, 464, 1, 0
435000, 412, 1, 0
436000, 376, 1, 0
436999, 276, 1, 0
437999, 300, 1, 0
439000, 272, 1, 0
439999, 332, 1, 0
440999, 348, 1, 0
442000, 232, 1, 0
443000, 372, 1, 0
443999, 316, 1, 0
444999, 316, 1, 0
446000, 256, 1, 0
446999, 296, 1, 0
447999, 272, 1, 0
449000, 212, 1, 0
449999, 332, 1, 0
450999, 328, 1, 0
452000, 252, 1, 0
453000, 276, 1, 0
453999, 316, 1, 0
455000, 368, 1, 0
456000, 280, 1, 0
456999, 312, 1, 0
458000, 340, 1, 0
459000, 292, 1, 0
459999, 376, 1, 0
460999, 348, 1, 0
462000, 332, 1, 0
462999, 244, 1, 0
463999, 312, 1, 0
465000, 268, 1, 0
465999, 168, 1, 0
466999, 340, 1, 0
468000, 280, 1, 0
469000, 308, 1, 0
469999, 316, 1, 0
470999, 296, 1, 0
472000, 232, 1, 0
472999, 292, 1, 0
473999, 364, 1, 0
475000, 300, 1, 0
476000, 276, 1, 0
476999, 260, 1, 0
477999, 344, 1, 0
479000, 340, 1, 0
479999, 320, 1, 0
480999, 204, 1, 0
482000, 332, 1, 0
483000, 264, 1, 0
483999, 360, 1, 0
484999, 292, 1, 0
486000, 400, 1, 0
486999, 352, 1, 0
487999, 320, 1, 0
489000, 384, 1, 0
489999, 320, 1, 0
490999, 296, 1, 0
492000, 188, 1, 0
493000, 224, 1, 0
493999, 320, 1, 0
495000, 328, 1, 0
496000, 292, 1, 0
496999, 304, 1, 0
497999, 212, 1, 0
499000, 332, 1, 0
500000, 272, 1, 0
500999, 364, 1, 0
502000, 304, 1, 0
502999, 252, 1, 0
503999, 376, 1, 0
505000, 336, 1, 0
506000, 324, 1, 0
506999, 328, 1, 0
508000, 332, 1, 0
509000, 352, 1, 0
509999, 268, 1, 0
510999, 376, 1, 0
512000, 448, 1, 0
512999, 336, 1, 0
513999, 300, 1, 0
515000, 392, 1, 0
516000, 424, 1, 0
516999, 212, 1, 0
518000, 236, 1, 0
518999, 284, 1, 0
519999, 448, 1, 0
520999, 252, 1, 0
522000, 452, 1, 0
522999, 276, 1, 0
523999, 388, 1, 0
525000, 236, 1, 0
525999, 212, 1, 0
526999, 240, 1, 0
528000, 400, 1, 0
528999, 280, 1, 0
529999, 316, 1, 0
531000, 316, 1, 0
531999, 284, 1, 0
532999, 248, 1, 0
533999, 324, 1, 0
535000, 336, 1, 0
535999, 324, 1, 0
536999, 328, 1, 0
538000, 196, 1, 0
538999, 240, 1, 0
539999, 372, 1, 0
541000, 280, 1, 0
542000, 412, 1, 0
542999, 264, 1, 0
543999, 328, 1, 0
545000, 312, 1, 0
545999, 256, 1, 0
546999, 300, 1, 0
548000, 256, 1, 0
548999, 276, 1, 0
549999, 316, 1, 0
551000, 256, 1, 0
551999, 252, 1, 0
552999, 256, 1, 0
554000, 340, 1, 0
555001, 272, 1, 0
555999, 176, 1, 0
557000, 368, 1, 0
558000, 272, 1, 0
559000, 344, 1, 0
560000, 320, 1, 0
561000, 312, 1, 0
562000, 244, 1, 0
563000, 380, 1, 0
564000, 320, 1, 0
565000, 280, 1, 0
566000, 420, 1, 0
567000, 288, 1, 0
568000, 416, 1, 0
569000, 304, 1, 0
570000, 296, 1, 0
571000, 204, 1, 0
572000, 268, 1, 0
573000, 308, 1, 0
574000, 384, 1, 0
575000, 280, 1, 0
576000, 324, 1, 0
577000, 272, 1, 0
578000, 364, 1, 0
579000, 328, 1, 0
580000, 324, 1, 0
581000, 296, 1, 0
582000, 300, 1, 0
583000, 240, 1, 0
584000, 268, 1, 0
585000, 236, 1, 0
586000, 280, 1, 0
587000, 412, 1, 0
588000, 364, 1, 0
589000, 320, 1, 0
590000, 276, 1, 0
591000, 380, 1, 0
592000, 360, 1, 0
593000, 272, 1, 0
594000, 380, 1, 0
595001, 404, 1, 0
596000, 324, 1, 0
597000, 340, 1, 0
598000, 276, 1, 0
599000, 248, 1, 0
600000, 340, 1, 0
