1000, 54536, 1, 0
2000, 47362, 1, 0
3000, 41060, 1, 0
4000, 41046, 1, 0
5000, 47613, 1, 0
6000, 42985, 1, 0
7000, 52375, 1, 0
8000, 46518, 1, 0
9000, 46908, 1, 0
10000, 46179, 1, 0
11000, 51500, 1, 0
12004, 50438, 1, 0
13000, 45312, 1, 0
14000, 45768, 1, 0
15000, 47060, 1, 0
16000, 47250, 1, 0
17000, 52288, 1, 0
18000, 46345, 1, 0
19000, 45693, 1, 0
20000, 41745, 1, 0
21000, 40173, 1, 0
22000, 40339, 1, 0
23000, 50454, 1, 0
24000, 40151, 1, 0
25000, 46254, 1, 0
26000, 45457, 1, 0
27000, 42617, 1, 0
28004, 46997, 1, 0
29000, 40483, 1, 0
30000, 41622, 1, 0
31000, 42300, 1, 0
32000, 39089, 1, 0
33062, 143753, 1, 0
34000, 40236, 1, 0
35000, 40989, 1, 0
36000, 40136, 1, 0
37000, 42615, 1, 0
38000, 40685, 1, 0
39000, 42340, 1, 0
40000, 40457, 1, 0
41000, 37992, 1, 0
42000, 39080, 1, 0
43000, 37865, 1, 0
44000, 38559, 1, 0
45003, 38719, 1, 0
46000, 37596, 1, 0
47000, 37358, 1, 0
48000, 141208, 1, 0
49002, 37932, 1, 0
50000, 37404, 1, 0
51000, 38158, 1, 0
52000, 38105, 1, 0
53004, 36685, 1, 0
54000, 42638, 1, 0
55000, 39714, 1, 0
56000, 38047, 1, 0
57000, 40123, 1, 0
58000, 45053, 1, 0
59000, 38839, 1, 0
60000, 43228, 1, 0
61000, 38555, 1, 0
62000, 35869, 1, 0
63000, 38328, 1, 0
64000, 39766, 1, 0
65000, 39054, 1, 0
66000, 40452, 1, 0
67000, 40985, 1, 0
68000, 39005, 1, 0
69069, 36103, 1, 0
70000, 38281, 1, 0
71000, 37024, 1, 0
72000, 42004, 1, 0
73000, 37999, 1, 0
74000, 39679, 1, 0
75000, 38838, 1, 0
76000, 41783, 1, 0
77000, 66342, 1, 0
78000, 38048, 1, 0
79180, 6862978, 1, 0
80029, 11458133, 1, 0
81088, 11026701, 1, 0
82001, 11118603, 1, 0
83026, 9669535, 1, 0
84011, 11854683, 1, 0
85110, 11808354, 1, 0
86176, 11969208, 1, 0
87002, 10063381, 1, 0
88049, 21361821, 1, 0
89040, 11517688, 1, 0
90225, 10660372, 1, 0
91047, 12083361, 1, 0
92097, 14000650, 1, 0
93210, 12217429, 1, 0
94175, 15071390, 1, 0
95017, 8847738, 1, 0
96000, 14677371, 1, 0
97008, 13246033, 1, 0
98048, 12089303, 1, 0
99127, 10264301, 1, 0
100070, 11365768, 1, 0
101109, 12806058, 1, 0
102013, 12044721, 1, 0
103047, 12310601, 1, 0
104099, 17814592, 1, 0
105014, 14516220, 1, 0
106268, 15862505, 1, 0
107053, 14805630, 1, 0
108179, 13726802, 1, 0
109049, 12418256, 1, 0
110066, 13734279, 1, 0
111051, 12313585, 1, 0
112238, 13174834, 1, 0
113037, 8060380, 1, 0
114244, 14891676, 1, 0
115114, 11602022, 1, 0
116155, 15762883, 1, 0
117043, 13244883, 1, 0
118049, 14770238, 1, 0
119159, 11924365, 1, 0
120013, 11691172, 1, 0
121224, 17042321, 1, 0
122082, 12797619, 1, 0
123021, 13407913, 1, 0
124067, 13060608, 1, 0
125112, 21325888, 1, 0
126002, 12016171, 1, 0
127034, 25165067, 1, 0
128111, 10347058, 1, 0
129024, 12845694, 1, 0
130014, 11773247, 1, 0
131200, 12603497, 1, 0
132081, 11434225, 1, 0
133149, 12264007, 1, 0
134060, 11822459, 1, 0
135116, 15298535, 1, 0
136115, 10089249, 1, 0
137051, 11002724, 1, 0
138145, 11874856, 1, 0
139005, 11774785, 1, 0
140001, 10924875, 1, 0
141003, 15643423, 1, 0
142190, 16715072, 1, 0
143137, 11975797, 1, 0
144012, 8480349, 1, 0
145009, 11324855, 1, 0
146089, 10682454, 1, 0
147001, 15435362, 1, 0
148031, 9359655, 1, 0
149004, 12961595, 1, 0
150142, 12094529, 1, 0
151018, 16525356, 1, 0
152034, 8744780, 1, 0
153014, 11807197, 1, 0
154060, 14516935, 1, 0
155190, 12272613, 1, 0
156056, 12718714, 1, 0
157040, 14257453, 1, 0
158024, 8402833, 1, 0
159011, 17306019, 1, 0
160149, 16240745, 1, 0
161186, 14393666, 1, 0
162182, 14021414, 1, 0
163114, 11353965, 1, 0
164037, 11668855, 1, 0
165112, 12800479, 1, 0
166053, 9488703, 1, 0
167024, 18309222, 1, 0
168042, 13936933, 1, 0
169073, 11194143, 1, 0
170078, 13214698, 1, 0
171041, 10340547, 1, 0
172042, 8777698, 1, 0
173038, 10577445, 1, 0
174017, 16308037, 1, 0
175030, 17168570, 1, 0
176056, 13314115, 1, 0
177005, 12309508, 1, 0
178151, 15275183, 1, 0
179248, 13044755, 1, 0
180040, 8892680, 1, 0
181025, 12149074, 1, 0
182042, 16396579, 1, 0
183167, 10803448, 1, 0
184030, 9793521, 1, 0
185087, 25775886, 1, 0
186013, 13224654, 1, 0
187018, 11814856, 1, 0
188102, 13199399, 1, 0
189068, 14404888, 1, 0
190034, 10268884, 1, 0
191080, 12156842, 1, 0
192114, 11606597, 1, 0
193033, 12935512, 1, 0
194185, 17181368, 1, 0
195094, 11496217, 1, 0
196031, 11284416, 1, 0
197006, 11738590, 1, 0
198087, 11609497, 1, 0
199051, 7697156, 1, 0
200002, 10430870, 1, 0
201043, 13011339, 1, 0
202059, 17821587, 1, 0
203067, 12747665, 1, 0
204076, 25203432, 1, 0
205004, 11170066, 1, 0
206005, 11625461, 1, 0
207057, 11941274, 1, 0
208022, 13393033, 1, 0
209097, 18216456, 1, 0
210007, 9469029, 1, 0
211000, 12882690, 1, 0
212007, 13415737, 1, 0
213073, 24784887, 1, 0
214098, 14037606, 1, 0
215030, 14112357, 1, 0
216036, 15001998, 1, 0
217025, 16470351, 1, 0
218004, 9783993, 1, 0
219015, 14234414, 1, 0
220058, 19312331, 1, 0
221067, 12146567, 1, 0
222171, 11731424, 1, 0
223175, 11400008, 1, 0
224039, 11218698, 1, 0
225029, 12680744, 1, 0
226051, 10017307, 1, 0
227026, 12646120, 1, 0
228035, 24026189, 1, 0
229081, 13746085, 1, 0
230017, 11272349, 1, 0
231017, 9997706, 1, 0
232197, 13550725, 1, 0
233020, 12278414, 1, 0
234067, 17731826, 1, 0
235037, 18652854, 1, 0
236006, 16143081, 1, 0
237001, 13429381, 1, 0
238031, 9995952, 1, 0
239080, 13617723, 1, 0
240160, 12264401, 1, 0
241004, 10041401, 1, 0
242057, 14811750, 1, 0
243052, 14635997, 1, 0
244012, 14100471, 1, 0
245104, 16293759, 1, 0
246102, 12466660, 1, 0
247045, 13090888, 1, 0
248098, 19862451, 1, 0
249028, 11625038, 1, 0
250233, 20059508, 1, 0
251045, 10020164, 1, 0
252081, 10150555, 1, 0
253086, 13949398, 1, 0
254205, 12432217, 1, 0
255072, 10821477, 1, 0
256005, 16365929, 1, 0
257016, 14442269, 1, 0
258112, 14407694, 1, 0
259054, 9803833, 1, 0
260011, 11387695, 1, 0
261037, 14864569, 1, 0
262079, 10961427, 1, 0
263096, 11166310, 1, 0
264085, 13348101, 1, 0
265089, 14338732, 1, 0
266025, 10749362, 1, 0
267070, 18328632, 1, 0
268118, 18065798, 1, 0
269058, 14672822, 1, 0
270144, 15288752, 1, 0
271023, 12928074, 1, 0
272040, 15161363, 1, 0
273056, 17512532, 1, 0
274040, 10247094, 1, 0
275018, 15031159, 1, 0
276137, 14918509, 1, 0
277016, 11705826, 1, 0
278059, 14088285, 1, 0
279036, 14357677, 1, 0
280000, 13574621, 1, 0
281017, 12551733, 1, 0
282195, 17563143, 1, 0
283047, 11823192, 1, 0
284104, 11483971, 1, 0
285018, 17226130, 1, 0
286018, 14487984, 1, 0
287020, 11001917, 1, 0
288066, 14515578, 1, 0
289066, 15386285, 1, 0
290121, 11976821, 1, 0
291000, 10719505, 1, 0
292081, 15649382, 1, 0
293097, 11038002, 1, 0
294071, 11456783, 1, 0
295065, 15279869, 1, 0
296019, 14237564, 1, 0
297019, 16119362, 1, 0
298178, 11027349, 1, 0
299005, 12160371, 1, 0
300185, 15311006, 1, 0
301099, 11713373, 1, 0
302137, 17577320, 1, 0
303106, 9681764, 1, 0
304081, 14761275, 1, 0
305125, 17113595, 1, 0
306116, 12376759, 1, 0
307161, 12290913, 1, 0
308082, 11801485, 1, 0
309015, 9609273, 1, 0
310103, 18131314, 1, 0
311175, 10400499, 1, 0
312012, 10723678, 1, 0
313103, 12978276, 1, 0
314051, 16917370, 1, 0
315048, 13284822, 1, 0
316017, 11526851, 1, 0
317033, 13538342, 1, 0
318003, 12278562, 1, 0
319204, 14817892, 1, 0
320138, 18677240, 1, 0
321029, 14122639, 1, 0
322000, 12607776, 1, 0
323062, 18956186, 1, 0
324177, 14468195, 1, 0
325048, 11928246, 1, 0
326073, 10141190, 1, 0
327064, 12226068, 1, 0
328215, 16199313, 1, 0
329048, 11891677, 1, 0
330007, 13508524, 1, 0
331091, 11047028, 1, 0
332237, 11226999, 1, 0
333110, 8901271, 1, 0
334060, 16955586, 1, 0
335008, 14815561, 1, 0
336075, 18380916, 1, 0
337027, 12047614, 1, 0
338205, 17311363, 1, 0
339054, 15418239, 1, 0
340165, 12072870, 1, 0
341126, 11042270, 1, 0
342245, 11178965, 1, 0
343008, 10744521, 1, 0
344033, 13833009, 1, 0
345076, 12721930, 1, 0
346056, 19203401, 1, 0
347113, 17310935, 1, 0
348016, 11871265, 1, 0
349060, 17105525, 1, 0
350080, 10295752, 1, 0
351021, 15678870, 1, 0
352072, 17225174, 1, 0
353077, 17020432, 1, 0
354097, 11206418, 1, 0
355019, 17377686, 1, 0
356036, 14530980, 1, 0
357001, 12846608, 1, 0
358009, 17689272, 1, 0
359218, 23691305, 1, 0
360001, 13729541, 1, 0
361051, 14368832, 1, 0
362056, 12260009, 1, 0
363030, 21621524, 1, 0
364002, 8746852, 1, 0
365034, 13762181, 1, 0
366119, 14451852, 1, 0
367040, 11504867, 1, 0
368001, 12477758, 1, 0
369029, 11409523, 1, 0
370096, 19045175, 1, 0
371209, 18234952, 1, 0
372197, 13726531, 1, 0
373050, 18945820, 1, 0
374080, 12402700, 1, 0
375002, 13342638, 1, 0
376060, 12300290, 1, 0
377096, 14575991, 1, 0
378097, 16960751, 1, 0
379127, 16347718, 1, 0
380116, 17974581, 1, 0
381170, 15961777, 1, 0
382063, 15132857, 1, 0
383115, 13467621, 1, 0
384074, 13698338, 1, 0
385236, 13820976, 1, 0
386094, 13622402, 1, 0
387102, 9068952, 1, 0
388041, 14666438, 1, 0
389044, 15903847, 1, 0
390068, 17973687, 1, 0
391252, 12717484, 1, 0
392096, 20091294, 1, 0
393038, 8249738, 1, 0
394061, 14818145, 1, 0
395158, 14252116, 1, 0
396003, 17234637, 1, 0
397009, 10695090, 1, 0
398012, 10775873, 1, 0
399003, 12696103, 1, 0
400010, 13412467, 1, 0
401049, 13143528, 1, 0
402063, 15844620, 1, 0
403190, 13730031, 1, 0
404008, 16688831, 1, 0
405121, 16601689, 1, 0
406066, 8747287, 1, 0
407115, 11269262, 1, 0
408063, 16923372, 1, 0
409116, 15948049, 1, 0
410025, 15939959, 1, 0
411012, 9043847, 1, 0
412086, 17029984, 1, 0
413230, 14468865, 1, 0
414036, 17529406, 1, 0
415142, 14348982, 1, 0
416085, 14067201, 1, 0
417094, 11462170, 1, 0
418119, 15521583, 1, 0
419019, 13826885, 1, 0
420011, 17395370, 1, 0
421048, 17881272, 1, 0
422139, 11006324, 1, 0
423161, 15965688, 1, 0
424067, 9844083, 1, 0
425118, 15905860, 1, 0
426023, 12065817, 1, 0
427016, 13790100, 1, 0
428023, 10936197, 1, 0
429155, 18243705, 1, 0
430026, 11023919, 1, 0
431170, 18437855, 1, 0
432117, 15022298, 1, 0
433156, 18229569, 1, 0
434001, 12408643, 1, 0
435099, 15456928, 1, 0
436018, 10936705, 1, 0
437011, 17099973, 1, 0
438057, 16866370, 1, 0
439044, 19341540, 1, 0
440071, 13343268, 1, 0
441204, 17974381, 1, 0
442108, 15573709, 1, 0
443220, 17101183, 1, 0
444178, 12271779, 1, 0
445088, 10452496, 1, 0
446032, 9620771, 1, 0
447222, 14870422, 1, 0
448019, 13053034, 1, 0
449031, 12495535, 1, 0
450036, 18256948, 1, 0
451055, 13055332, 1, 0
452086, 11985796, 1, 0
453003, 17956805, 1, 0
454036, 14152750, 1, 0
455035, 10850030, 1, 0
456223, 12241913, 1, 0
457010, 12473618, 1, 0
458000, 13377021, 1, 0
459093, 13325521, 1, 0
460073, 12393369, 1, 0
461096, 13635452, 1, 0
462021, 11552469, 1, 0
463019, 13859926, 1, 0
464171, 13703234, 1, 0
465084, 10370107, 1, 0
466152, 19769924, 1, 0
467038, 10294801, 1, 0
468127, 15118384, 1, 0
469099, 15173412, 1, 0
470022, 14639336, 1, 0
471140, 11172479, 1, 0
472018, 15397909, 1, 0
473058, 12089704, 1, 0
474045, 16436631, 1, 0
475043, 14241499, 1, 0
476002, 11410673, 1, 0
477039, 16992594, 1, 0
478044, 8971190, 1, 0
479163, 14337156, 1, 0
480153, 15463749, 1, 0
481052, 18708692, 1, 0
482237, 14443590, 1, 0
483038, 11955380, 1, 0
484147, 17585747, 1, 0
485152, 14359531, 1, 0
486009, 17476275, 1, 0
487068, 14298581, 1, 0
488011, 14732058, 1, 0
489015, 12869529, 1, 0
490028, 14880031, 1, 0
491262, 13857147, 1, 0
492030, 9600424, 1, 0
493128, 24932104, 1, 0
494013, 12630263, 1, 0
495066, 12995547, 1, 0
496007, 10115438, 1, 0
497003, 12926718, 1, 0
498202, 13928059, 1, 0
499145, 11360023, 1, 0
500172, 13688499, 1, 0
501053, 9992897, 1, 0
502149, 11296516, 1, 0
503195, 16334740, 1, 0
504082, 16422543, 1, 0
505051, 13260960, 1, 0
506069, 12562540, 1, 0
507047, 9867334, 1, 0
508125, 13140814, 1, 0
509113, 10507250, 1, 0
510026, 10725489, 1, 0
511045, 9988238, 1, 0
512117, 13565337, 1, 0
513116, 11881224, 1, 0
514007, 13284057, 1, 0
515076, 13030647, 1, 0
516060, 24596047, 1, 0
517028, 12726165, 1, 0
518241, 14437466, 1, 0
519191, 16372185, 1, 0
520103, 12830191, 1, 0
521069, 15839367, 1, 0
522055, 16696736, 1, 0
523034, 12234709, 1, 0
524016, 14646509, 1, 0
525041, 13470030, 1, 0
526017, 11900905, 1, 0
527164, 14691515, 1, 0
528102, 10659212, 1, 0
529138, 11135077, 1, 0
530000, 10892397, 1, 0
531139, 15818491, 1, 0
532098, 11277557, 1, 0
533109, 18711258, 1, 0
534054, 13294344, 1, 0
535155, 14674216, 1, 0
536005, 13271520, 1, 0
537098, 12706817, 1, 0
538092, 14405624, 1, 0
539102, 11735626, 1, 0
540206, 16978361, 1, 0
541057, 11489493, 1, 0
542005, 17877450, 1, 0
543073, 15689410, 1, 0
544129, 13030707, 1, 0
545013, 13001505, 1, 0
546000, 18964967, 1, 0
547007, 12585509, 1, 0
548017, 10086578, 1, 0
549056, 18226746, 1, 0
550118, 14337493, 1, 0
551054, 20799912, 1, 0
552009, 13066196, 1, 0
553219, 14233170, 1, 0
554244, 11010395, 1, 0
555000, 18899986, 1, 0
556060, 13764245, 1, 0
557235, 15046989, 1, 0
558074, 20476100, 1, 0
559030, 12734688, 1, 0
560125, 11048670, 1, 0
561017, 15116070, 1, 0
562098, 11746236, 1, 0
563015, 16075892, 1, 0
564041, 11394859, 1, 0
565019, 16025308, 1, 0
566002, 14028302, 1, 0
567059, 11363873, 1, 0
568098, 12208541, 1, 0
569111, 12496681, 1, 0
570285, 12623456, 1, 0
571019, 8828382, 1, 0
572050, 22417382, 1, 0
573061, 13112655, 1, 0
574045, 25893307, 1, 0
575042, 13842352, 1, 0
576011, 18270558, 1, 0
577055, 19319141, 1, 0
578160, 10619393, 1, 0
579068, 15929321, 1, 0
580071, 10116073, 1, 0
581081, 11743044, 1, 0
582111, 11308728, 1, 0
583006, 10284345, 1, 0
584071, 16127955, 1, 0
585020, 14584784, 1, 0
586031, 10310951, 1, 0
587112, 13014821, 1, 0
588156, 12130252, 1, 0
589040, 12274096, 1, 0
590016, 14128265, 1, 0
591027, 13130677, 1, 0
592031, 14967325, 1, 0
593004, 15946582, 1, 0
594005, 13166893, 1, 0
595049, 14901883, 1, 0
596003, 12548844, 1, 0
597239, 13722567, 1, 0
598001, 11539838, 1, 0
599020, 21210923, 1, 0
600083, 11936846, 1, 0
