1001, 3076, 1, 0
1999, 3071, 1, 0
2999, 3075, 1, 0
4000, 3072, 1, 0
5000, 3076, 1, 0
5999, 3071, 1, 0
6999, 3075, 1, 0
8000, 3072, 1, 0
9000, 3076, 1, 0
9999, 3071, 1, 0
10999, 3075, 1, 0
11999, 3075, 1, 0
13000, 3072, 1, 0
14000, 3076, 1, 0
14999, 3071, 1, 0
15999, 3075, 1, 0
17000, 3072, 1, 0
18000, 3076, 1, 0
18999, 3071, 1, 0
19999, 3075, 1, 0
20999, 3075, 1, 0
22000, 3072, 1, 0
23000, 3076, 1, 0
23999, 3071, 1, 0
24999, 3075, 1, 0
26000, 3072, 1, 0
27000, 3076, 1, 0
27999, 3071, 1, 0
28999, 3075, 1, 0
29999, 3075, 1, 0
31000, 3072, 1, 0
32000, 3076, 1, 0
32999, 3071, 1, 0
33999, 3075, 1, 0
35000, 3072, 1, 0
36000, 3076, 1, 0
37000, 3072, 1, 0
37999, 3071, 1, 0
38999, 3075, 1, 0
40000, 3072, 1, 0
41000, 3076, 1, 0
41999, 3071, 1, 0
42999, 3075, 1, 0
44000, 3072, 1, 0
45000, 3072, 1, 0
46000, 3076, 1, 0
46999, 3071, 1, 0
47999, 3075, 1, 0
48999, 3075, 1, 0
49999, 3075, 1, 0
51000, 3072, 1, 0
52000, 3076, 1, 0
52999, 3071, 1, 0
53999, 3075, 1, 0
54999, 3075, 1, 0
55999, 3075, 1, 0
57000, 3072, 1, 0
58000, 3076, 1, 0
59000, 3072, 1, 0
59999, 3071, 1, 0
60999, 3075, 1, 0
61999, 3075, 1, 0
62999, 3075, 1, 0
64000, 3072, 1, 0
65000, 3076, 1, 0
66000, 3072, 1, 0
66999, 3071, 1, 0
67999, 3075, 1, 0
68999, 3075, 1, 0
70000, 3072, 1, 0
71000, 3076, 1, 0
72000, 3072, 1, 0
72999, 3071, 1, 0
73999, 3075, 1, 0
74999, 3075, 1, 0
75999, 3075, 1, 0
77000, 3076, 1, 0
78000, 3072, 1, 0
78999, 3071, 1, 0
79999, 3075, 1, 0
80999, 3075, 1, 0
82000, 3072, 1, 0
83000, 3076, 1, 0
83999, 3071, 1, 0
84999, 3075, 1, 0
85999, 3075, 1, 0
86999, 3075, 1, 0
88000, 3072, 1, 0
89000, 3076, 1, 0
89999, 3071, 1, 0
90999, 3075, 1, 0
91999, 3075, 1, 0
92999, 3075, 1, 0
94000, 3072, 1, 0
95000, 3076, 1, 0
95999, 3071, 1, 0
96999, 3075, 1, 0
97999, 3075, 1, 0
99000, 3072, 1, 0
100000, 3076, 1, 0
101000, 3072, 1, 0
101999, 3071, 1, 0
102999, 3075, 1, 0
103999, 3075, 1, 0
105000, 3072, 1, 0
106000, 3076, 1, 0
107000, 3072, 1, 0
107999, 3071, 1, 0
108999, 3075, 1, 0
109999, 3075, 1, 0
110999, 3075, 1, 0
112000, 3072, 1, 0
113000, 3076, 1, 0
114000, 3072, 1, 0
114999, 3071, 1, 0
115999, 3075, 1, 0
116999, 3075, 1, 0
117999, 3075, 1, 0
119000, 3072, 1, 0
120000, 3064, 1, 0
120999, 3083, 1, 0
122000, 3076, 1, 0
122999, 3071, 1, 0
123999, 3075, 1, 0
125000, 3072, 1, 0
126000, 3076, 1, 0
126999, 3071, 1, 0
127999, 3075, 1, 0
128999, 3075, 1, 0
130000, 3075, 1, 0
131000, 3072, 1, 0
132000, 3076, 1, 0
133000, 3072, 1, 0
133999, 3071, 1, 0
134999, 3075, 1, 0
135999, 3075, 1, 0
136999, 3075, 1, 0
138000, 3072, 1, 0
139000, 3076, 1, 0
140000, 3072, 1, 0
141000, 3072, 1, 0
141999, 3071, 1, 0
142999, 3075, 1, 0
143999, 3075, 1, 0
145000, 3072, 1, 0
146000, 3072, 1, 0
146999, 3075, 1, 0
147999, 3075, 1, 0
148999, 3075, 1, 0
149999, 3075, 1, 0
151000, 3076, 1, 0
152000, 3072, 1, 0
152999, 3071, 1, 0
153999, 3075, 1, 0
154999, 3075, 1, 0
155999, 3075, 1, 0
157000, 3072, 1, 0
158000, 3076, 1, 0
159000, 3072, 1, 0
159999, 3071, 1, 0
160999, 3075, 1, 0
161999, 3075, 1, 0
163000, 3072, 1, 0
164000, 3072, 1, 0
165000, 2856, 1, 0
165999, 3291, 1, 0
166999, 3075, 1, 0
167999, 3075, 1, 0
168999, 3075, 1, 0
170000, 3072, 1, 0
171000, 3076, 1, 0
172000, 3072, 1, 0
172999, 3071, 1, 0
173999, 3075, 1, 0
174999, 3075, 1, 0
175999, 3075, 1, 0
177000, 3072, 1, 0
178000, 3076, 1, 0
178999, 3071, 1, 0
179999, 3075, 1, 0
180999, 3075, 1, 0
181999, 3075, 1, 0
183000, 3072, 1, 0
184000, 3076, 1, 0
185000, 3072, 1, 0
185999, 3071, 1, 0
187000, 3076, 1, 0
187999, 3071, 1, 0
189000, 3072, 1, 0
190000, 3072, 1, 0
191000, 3076, 1, 0
191999, 3071, 1, 0
192999, 3075, 1, 0
193999, 3075, 1, 0
194999, 3075, 1, 0
196000, 3072, 1, 0
197000, 3076, 1, 0
197999, 3071, 1, 0
198999, 3075, 1, 0
199999, 3075, 1, 0
200999, 3075, 1, 0
202000, 3072, 1, 0
203000, 3076, 1, 0
204000, 3072, 1, 0
204999, 3071, 1, 0
205999, 3075, 1, 0
206999, 3075, 1, 0
207999, 3075, 1, 0
209000, 3072, 1, 0
210000, 3072, 1, 0
211000, 3076, 1, 0
211999, 3071, 1, 0
212999, 3075, 1, 0
213999, 3075, 1, 0
214999, 3075, 1, 0
216000, 3072, 1, 0
217000, 3076, 1, 0
218000, 3072, 1, 0
218999, 3071, 1, 0
219999, 3075, 1, 0
220999, 3075, 1, 0
222000, 3072, 1, 0
223000, 3072, 1, 0
224000, 3076, 1, 0
225000, 3072, 1, 0
225999, 3071, 1, 0
226999, 3075, 1, 0
228000, 3072, 1, 0
229000, 3076, 1, 0
230000, 3072, 1, 0
230999, 3071, 1, 0
231999, 2858, 1, 0
232999, 3291, 1, 0
234000, 3072, 1, 0
235000, 3076, 1, 0
236000, 1716, 1, 0
236999, 192, 1, 0
238000, 300, 1, 0
239000, 444, 1, 0
239999, 288, 1, 0
241000, 300, 1, 0
242000, 328, 1, 0
242999, 264, 1, 0
243999, 320, 1, 0
245000, 352, 1, 0
246000, 328, 1, 0
246999, 456, 1, 0
248000, 364, 1, 0
249000, 392, 1, 0
249999, 412, 1, 0
250999, 276, 1, 0
252000, 380, 1, 0
253000, 296, 1, 0
253999, 288, 1, 0
254999, 404, 1, 0
256000, 336, 1, 0
257000, 308, 1, 0
257999, 352, 1, 0
259000, 428, 1, 0
260000, 196, 1, 0
260999, 388, 1, 0
262000, 372, 1, 0
263000, 300, 1, 0
263999, 380, 1, 0
264999, 268, 1, 0
266000, 316, 1, 0
266999, 328, 1, 0
267999, 276, 1, 0
269000, 356, 1, 0
270000, 308, 1, 0
270999, 348, 1, 0
272000, 280, 1, 0
273000, 336, 1, 0
273999, 436, 1, 0
275000, 312, 1, 0
276000, 220, 1, 0
276999, 352, 1, 0
277999, 368, 1, 0
279000, 328, 1, 0
279999, 336, 1, 0
280999, 268, 1, 0
282000, 272, 1, 0
283000, 308, 1, 0
283999, 324, 1, 0
285000, 288, 1, 0
286000, 384, 1, 0
286999, 268, 1, 0
287999, 320, 1, 0
289000, 364, 1, 0
290000, 292, 1, 0
290999, 376, 1, 0
292000, 336, 1, 0
293000, 184, 1, 0
293999, 364, 1, 0
294999, 400, 1, 0
296000, 320, 1, 0
296999, 320, 1, 0
297999, 476, 1, 0
299000, 236, 1, 0
300000, 324, 1, 0
300999, 280, 1, 0
301999, 428, 1, 0
303000, 324, 1, 0
304000, 284, 1, 0
304999, 352, 1, 0
306000, 212, 1, 0
307000, 332, 1, 0
307999, 508, 1, 0
308999, 284, 1, 0
310000, 276, 1, 0
311000, 364, 1, 0
311999, 308, 1, 0
313000, 312, 1, 0
314000, 156, 1, 0
314999, 244, 1, 0
315999, 312, 1, 0
317000, 316, 1, 0
317999, 344, 1, 0
318999, 388, 1, 0
320000, 268, 1, 0
321000, 276, 1, 0
321999, 308, 1, 0
322999, 300, 1, 0
324000, 296, 1, 0
324999, 400, 1, 0
325999, 444, 1, 0
327000, 288, 1, 0
328000, 316, 1, 0
328999, 448, 1, 0
329999, 224, 1, 0
331000, 416, 1, 0
331999, 480, 1, 0
332999, 300, 1, 0
334000, 248, 1, 0
335000, 352, 1, 0
335999, 256, 1, 0
337000, 276, 1, 0
338000, 388, 1, 0
338999, 388, 1, 0
340000, 244, 1, 0
341000, 372, 1, 0
341999, 328, 1, 0
342999, 336, 1, 0
344000, 296, 1, 0
345000, 300, 1, 0
345999, 296, 1, 0
347000, 284, 1, 0
348000, 300, 1, 0
348999, 288, 1, 0
349999, 276, 1, 0
351000, 296, 1, 0
352000, 376, 1, 0
352999, 312, 1, 0
353999, 304, 1, 0
355000, 312, 1, 0
355999, 496, 1, 0
356999, 356, 1, 0
358000, 340, 1, 0
359000, 208, 1, 0
359999, 344, 1, 0
361000, 348, 1, 0
362000, 232, 1, 0
362999, 204, 1, 0
363999, 288, 1, 0
365000, 376, 1, 0
366000, 284, 1, 0
366999, 348, 1, 0
368000, 320, 1, 0
369000, 256, 1, 0
369999, 248, 1, 0
370999, 300, 1, 0
372000, 288, 1, 0
372999, 348, 1, 0
373999, 332, 1, 0
375000, 368, 1, 0
376000, 344, 1, 0
376999, 408, 1, 0
377999, 332, 1, 0
379000, 348, 1, 0
379999, 268, 1, 0
380999, 244, 1, 0
382000, 272, 1, 0
383000, 260, 1, 0
383999, 340, 1, 0
385000, 248, 1, 0
386000, 296, 1, 0
386999, 316, 1, 0
388000, 252, 1, 0
389000, 388, 1, 0
389999, 340, 1, 0
390999, 284, 1, 0
392000, 368, 1, 0
393000, 336, 1, 0
393999, 316, 1, 0
395000, 296, 1, 0
396000, 304, 1, 0
396999, 244, 1, 0
398000, 228, 1, 0
399000, 312, 1, 0
399999, 192, 1, 0
400999, 324, 1, 0
402000, 296, 1, 0
403000, 200, 1, 0
403999, 340, 1, 0
404999, 256, 1, 0
406000, 324, 1, 0
406999, 400, 1, 0
407999, 348, 1, 0
409000, 364, 1, 0
410000, 228, 1, 0
410999, 256, 1, 0
412000, 328, 1, 0
413000, 360, 1, 0
413999, 216, 1, 0
414999, 296, 1, 0
416000, 172, 1, 0
416999, 308, 1, 0
417999, 188, 1, 0
419000, 312, 1, 0
420000, 260, 1, 0
420999, 308, 1, 0
421999, 184, 1, 0
422999, 324, 1, 0
424000, 304, 1, 0
424999, 284, 1, 0
426000, 288, 1, 0
427000, 296, 1, 0
427999, 332, 1, 0
428999, 308, 1, 0
430000, 120, 1, 0
430999, 308, 1, 0
431999, 276, 1, 0
433000, 332, 1, 0
434000, 320, 1, 0
434999, 188, 1, 0
436000, 316, 1, 0
437000, 280, 1, 0
438000, 224, 1, 0
438999, 336, 1, 0
440000, 272, 1, 0
441000, 328, 1, 0
441999, 252, 1, 0
442999, 328, 1, 0
444000, 228, 1, 0
445000, 416, 1, 0
445999, 276, 1, 0
447000, 336, 1, 0
448000, 468, 1, 0
448999, 312, 1, 0
449999, 300, 1, 0
451000, 272, 1, 0
451999, 284, 1, 0
452999, 328, 1, 0
454000, 248, 1, 0
455000, 200, 1, 0
455999, 300, 1, 0
456999, 296, 1, 0
458000, 344, 1, 0
458999, 296, 1, 0
459999, 324, 1, 0
461000, 212, 1, 0
462000, 272, 1, 0
462999, 348, 1, 0
464000, 344, 1, 0
465000, 304, 1, 0
465999, 312, 1, 0
466999, 280, 1, 0
468000, 276, 1, 0
468999, 288, 1, 0
469999, 288, 1, 0
471000, 328, 1, 0
472000, 436, 1, 0
472999, 216, 1, 0
474000, 308, 1, 0
475000, 412, 1, 0
475999, 368, 1, 0
477000, 312, 1, 0
478000, 212, 1, 0
478999, 436, 1, 0
479999, 304, 1, 0
481000, 348, 1, 0
481999, 332, 1, 0
482999, 316, 1, 0
484000, 296, 1, 0
485000, 320, 1, 0
485999, 276, 1, 0
486999, 404, 1, 0
488000, 240, 1, 0
489000, 240, 1, 0
489999, 364, 1, 0
490999, 340, 1, 0
492000, 332, 1, 0
493000, 304, 1, 0
493999, 308, 1, 0
494999, 224, 1, 0
496000, 312, 1, 0
496999, 272, 1, 0
497999, 372, 1, 0
499000, 272, 1, 0
500000, 296, 1, 0
500999, 236, 1, 0
501999, 136, 1, 0
503000, 272, 1, 0
504000, 260, 1, 0
504999, 252, 1, 0
505999, 264, 1, 0
507000, 244, 1, 0
508000, 324, 1, 0
508999, 248, 1, 0
510000, 240, 1, 0
511000, 332, 1, 0
511999, 388, 1, 0
512999, 192, 1, 0
514000, 168, 1, 0
514999, 344, 1, 0
515999, 252, 1, 0
517000, 344, 1, 0
518000, 312, 1, 0
519001, 411, 1, 0
520000, 232, 1, 0
521000, 292, 1, 0
522000, 204, 1, 0
523000, 320, 1, 0
524000, 252, 1, 0
525000, 284, 1, 0
526000, 300, 1, 0
527000, 216, 1, 0
528000, 252, 1, 0
529000, 296, 1, 0
530001, 304, 1, 0
531000, 264, 1, 0
532000, 208, 1, 0
533000, 188, 1, 0
534000, 304, 1, 0
535000, 248, 1, 0
536000, 304, 1, 0
537000, 208, 1, 0
538000, 324, 1, 0
539000, 260, 1, 0
540000, 300, 1, 0
541000, 464, 1, 0
542000, 352, 1, 0
543000, 348, 1, 0
544000, 208, 1, 0
545000, 232, 1, 0
546001, 179, 1, 0
547000, 324, 1, 0
548000, 268, 1, 0
549000, 204, 1, 0
550000, 208, 1, 0
551001, 311, 1, 0
552000, 272, 1, 0
553000, 256, 1, 0
554000, 260, 1, 0
555000, 276, 1, 0
556001, 295, 1, 0
557000, 304, 1, 0
558000, 456, 1, 0
559000, 352, 1, 0
560000, 352, 1, 0
560999, 280, 1, 0
562000, 408, 1, 0
563000, 252, 1, 0
563999, 280, 1, 0
564999, 440, 1, 0
565999, 224, 1, 0
566998, 292, 1, 0
567999, 352, 1, 0
568998, 176, 1, 0
569998, 352, 1, 0
570998, 292, 1, 0
571997, 337, 1, 0
572998, 264, 1, 0
573997, 304, 1, 0
574997, 256, 1, 0
575996, 289, 1, 0
576996, 265, 1, 0
577997, 308, 1, 0
578996, 349, 1, 0
579996, 321, 1, 0
580995, 225, 1, 0
581995, 329, 1, 0
582995, 313, 1, 0
583995, 385, 1, 0
584995, 333, 1, 0
585995, 474, 1, 0
586994, 414, 1, 0
587994, 406, 1, 0
588994, 293, 1, 0
589994, 253, 1, 0
590994, 293, 1, 0
591993, 390, 1, 0
592993, 261, 1, 0
593992, 322, 1, 0
594992, 169, 1, 0
595992, 274, 1, 0
596992, 258, 1, 0
597992, 221, 1, 0
598991, 415, 1, 0
599992, 306, 1, 0
