1000, 225305, 1, 0
2000, 161479, 1, 0
3000, 146502, 1, 0
4000, 153629, 1, 0
5000, 131921, 1, 0
6000, 146092, 1, 0
7000, 146115, 1, 0
8000, 159689, 1, 0
9000, 159584, 1, 0
10000, 150186, 1, 0
11000, 154360, 1, 0
12000, 140167, 1, 0
13000, 154985, 1, 0
14000, 172060, 1, 0
15000, 236806, 1, 0
16000, 152267, 1, 0
17000, 147037, 1, 0
18000, 144372, 1, 0
19000, 140337, 1, 0
20000, 140263, 1, 0
21000, 172698, 1, 0
22000, 152898, 1, 0
23000, 144261, 1, 0
24000, 175319, 1, 0
25000, 148598, 1, 0
26000, 149869, 1, 0
27000, 140310, 1, 0
28000, 139182, 1, 0
29000, 146634, 1, 0
30000, 146967, 1, 0
31000, 147965, 1, 0
32000, 146310, 1, 0
33000, 142034, 1, 0
34000, 149710, 1, 0
35000, 164657, 1, 0
36000, 2547739, 1, 0
37000, 122749, 1, 0
38000, 106713, 1, 0
39000, 157283, 1, 0
40000, 156760, 1, 0
41000, 137758, 1, 0
42000, 140076, 1, 0
43000, 136192, 1, 0
44000, 139955, 1, 0
45000, 116512, 1, 0
46000, 124069, 1, 0
47000, 110807, 1, 0
48000, 114661, 1, 0
49000, 124610, 1, 0
50000, 115872, 1, 0
51000, 124580, 1, 0
52000, 117152, 1, 0
53000, 125334, 1, 0
54000, 112151, 1, 0
55000, 115153, 1, 0
56000, 129904, 1, 0
57000, 2363275, 1, 0
58000, 132589, 1, 0
59000, 141793, 1, 0
60000, 136852, 1, 0
61000, 124315, 1, 0
62000, 121935, 1, 0
63000, 125109, 1, 0
64000, 130177, 1, 0
65000, 140977, 1, 0
66000, 139734, 1, 0
67000, 139343, 1, 0
68000, 118052, 1, 0
69000, 115143, 1, 0
70000, 115312, 1, 0
71000, 118762, 1, 0
72000, 141905, 1, 0
73004, 140668, 1, 0
74000, 125495, 1, 0
75000, 120485, 1, 0
76000, 116923, 1, 0
77000, 127535, 1, 0
78000, 121498, 1, 0
79000, 8439451, 1, 0
80000, 135589, 1, 0
81000, 141990, 1, 0
82000, 145777, 1, 0
83000, 176870, 1, 0
84000, 152245, 1, 0
85000, 152940, 1, 0
86000, 140564, 1, 0
87000, 131443, 1, 0
88000, 124454, 1, 0
89000, 125742, 1, 0
90000, 136297, 1, 0
91000, 128782, 1, 0
92000, 114524, 1, 0
93000, 110853, 1, 0
94000, 132163, 1, 0
95000, 132752, 1, 0
96000, 139848, 1, 0
97000, 139952, 1, 0
98000, 124569, 1, 0
99000, 145985, 1, 0
100000, 728839, 1, 0
101000, 2562640, 1, 0
102000, 113235, 1, 0
103000, 116151, 1, 0
104000, 122663, 1, 0
105000, 111643, 1, 0
106000, 113789, 1, 0
107000, 122229, 1, 0
108000, 112180, 1, 0
109000, 155036, 1, 0
110000, 131952, 1, 0
111000, 123561, 1, 0
112000, 138704, 1, 0
113000, 144944, 1, 0
114000, 137856, 1, 0
115000, 123903, 1, 0
116000, 118107, 1, 0
117000, 131674, 1, 0
118000, 151408, 1, 0
119000, 135778, 1, 0
120002, 146570, 1, 0
121000, 130351, 1, 0
122000, 8371749, 1, 0
123000, 139879, 1, 0
124000, 131600, 1, 0
125000, 135616, 1, 0
126000, 153313, 1, 0
127000, 135828, 1, 0
128000, 119467, 1, 0
129000, 141250, 1, 0
130000, 132649, 1, 0
131000, 125984, 1, 0
132000, 130753, 1, 0
133000, 141580, 1, 0
134000, 131602, 1, 0
135000, 128762, 1, 0
136000, 146633, 1, 0
137000, 148681, 1, 0
138000, 138220, 1, 0
139000, 124931, 1, 0
140000, 118466, 1, 0
141000, 119831, 1, 0
142000, 128569, 1, 0
143000, 120742, 1, 0
144006, 10772128, 1, 0
145000, 142670, 1, 0
146000, 132291, 1, 0
147000, 135892, 1, 0
148000, 118535, 1, 0
149000, 130282, 1, 0
150000, 140341, 1, 0
151000, 128480, 1, 0
152000, 128507, 1, 0
153000, 142368, 1, 0
154000, 139375, 1, 0
155000, 122708, 1, 0
156000, 144032, 1, 0
157000, 155102, 1, 0
158000, 133783, 1, 0
159000, 132698, 1, 0
160000, 141683, 1, 0
161000, 115055, 1, 0
162000, 133588, 1, 0
163000, 132375, 1, 0
164000, 138673, 1, 0
165033, 3449761, 1, 0
166000, 10321445, 1, 0
167000, 114870, 1, 0
168000, 118834, 1, 0
169000, 143467, 1, 0
170000, 147243, 1, 0
171000, 145518, 1, 0
172000, 141341, 1, 0
173000, 152233, 1, 0
174000, 137217, 1, 0
175004, 153450, 1, 0
176000, 132047, 1, 0
177000, 126058, 1, 0
178000, 148903, 1, 0
179000, 165209, 1, 0
180000, 125814, 1, 0
181000, 150738, 1, 0
182000, 126349, 1, 0
183000, 128886, 1, 0
184000, 146615, 1, 0
185000, 135002, 1, 0
186000, 122162, 1, 0
187000, 2587110, 1, 0
188000, 5141054, 1, 0
189000, 153143, 1, 0
190000, 140382, 1, 0
191000, 150961, 1, 0
192000, 116665, 1, 0
193000, 132690, 1, 0
194000, 156833, 1, 0
195000, 125008, 1, 0
196000, 135611, 1, 0
197000, 130040, 1, 0
198000, 138162, 1, 0
199000, 138066, 1, 0
200000, 127671, 1, 0
201000, 131308, 1, 0
202000, 131663, 1, 0
203000, 141851, 1, 0
204000, 134649, 1, 0
205000, 119953, 1, 0
206000, 126004, 1, 0
207000, 140120, 1, 0
208000, 129547, 1, 0
209000, 147517, 1, 0
210000, 11685223, 1, 0
211000, 422561, 1, 0
212000, 112664, 1, 0
213000, 135929, 1, 0
214000, 137630, 1, 0
215000, 121083, 1, 0
216000, 133204, 1, 0
217000, 136067, 1, 0
218000, 124039, 1, 0
219000, 129637, 1, 0
220000, 145707, 1, 0
221000, 124885, 1, 0
222000, 120725, 1, 0
223000, 137444, 1, 0
224000, 145494, 1, 0
225000, 125250, 1, 0
226000, 135869, 1, 0
227000, 124881, 1, 0
228000, 120816, 1, 0
229000, 148337, 1, 0
230000, 119453, 1, 0
231000, 123743, 1, 0
232229, 8932235, 1, 0
233000, 13350671, 1, 0
234000, 147129, 1, 0
235000, 131030, 1, 0
236483, 7950910, 1, 0
237121, 779435603, 1, 0
238007, 779320475, 1, 0
239055, 651924672, 1, 0
240028, 805804402, 1, 0
241026, 765766866, 1, 0
242055, 804402400, 1, 0
243045, 986681937, 1, 0
244076, 991590084, 1, 0
245122, 686151238, 1, 0
246002, 727300576, 1, 0
247083, 601191924, 1, 0
248047, 635481686, 1, 0
249013, 673760270, 1, 0
250064, 671270398, 1, 0
251023, 725576101, 1, 0
252058, 690039434, 1, 0
253075, 809038625, 1, 0
254125, 998882086, 1, 0
255227, 741963141, 1, 0
256065, 643311469, 1, 0
257027, 813355143, 1, 0
258019, 724151626, 1, 0
259191, 747867198, 1, 0
260002, 647628270, 1, 0
261069, 868575020, 1, 0
262226, 747737870, 1, 0
263086, 778343883, 1, 0
264033, 645269023, 1, 0
265022, 859622349, 1, 0
266014, 847574359, 1, 0
267064, 770369880, 1, 0
268013, 1009526074, 1, 0
269008, 776550006, 1, 0
270043, 687355101, 1, 0
271122, 807090389, 1, 0
272171, 845914037, 1, 0
273003, 829089031, 1, 0
274123, 593862465, 1, 0
275058, 839862691, 1, 0
276005, 914148969, 1, 0
277014, 776309890, 1, 0
278045, 777037079, 1, 0
279004, 676307906, 1, 0
280061, 836005643, 1, 0
281087, 635067934, 1, 0
282091, 1163543909, 1, 0
283099, 933509215, 1, 0
284006, 859272825, 1, 0
285103, 720617044, 1, 0
286017, 693215711, 1, 0
287143, 921872264, 1, 0
288000, 833538864, 1, 0
289018, 693706731, 1, 0
290024, 867744355, 1, 0
291139, 784861476, 1, 0
292040, 572454361, 1, 0
293015, 979109271, 1, 0
294005, 1009984329, 1, 0
295231, 771420730, 1, 0
296003, 690054213, 1, 0
297071, 803229742, 1, 0
298227, 529565530, 1, 0
299020, 910213243, 1, 0
300234, 857538734, 1, 0
301010, 898149626, 1, 0
302138, 674056844, 1, 0
303042, 680505297, 1, 0
304001, 847631382, 1, 0
305140, 824648899, 1, 0
306086, 986827207, 1, 0
307017, 872611527, 1, 0
308020, 503796162, 1, 0
309086, 813527130, 1, 0
310002, 1088012927, 1, 0
311016, 726827381, 1, 0
312058, 775291659, 1, 0
313135, 753666421, 1, 0
314070, 1064186263, 1, 0
315015, 1307780543, 1, 0
316186, 996758170, 1, 0
317168, 808751507, 1, 0
318053, 713217293, 1, 0
319056, 682458223, 1, 0
320044, 821264241, 1, 0
321053, 828545007, 1, 0
322065, 899663480, 1, 0
323037, 978158265, 1, 0
324004, 963224022, 1, 0
325071, 647019335, 1, 0
326050, 551476947, 1, 0
327023, 688727663, 1, 0
328091, 795313171, 1, 0
329224, 720007520, 1, 0
330001, 905079957, 1, 0
331171, 731886543, 1, 0
332029, 602539186, 1, 0
333178, 697089943, 1, 0
334017, 842923751, 1, 0
335202, 919734044, 1, 0
336064, 754478156, 1, 0
337063, 935034686, 1, 0
338004, 788772228, 1, 0
339014, 718161812, 1, 0
340093, 655188072, 1, 0
341130, 786052485, 1, 0
342047, 846588749, 1, 0
343161, 712622731, 1, 0
344141, 899119895, 1, 0
345072, 858132169, 1, 0
346026, 786417572, 1, 0
347062, 935866312, 1, 0
348128, 961311723, 1, 0
349058, 766251564, 1, 0
350086, 892240208, 1, 0
351004, 831440341, 1, 0
352198, 794442666, 1, 0
353100, 762043626, 1, 0
354013, 757829597, 1, 0
355060, 884856157, 1, 0
356027, 614462166, 1, 0
357185, 656915087, 1, 0
358193, 727220972, 1, 0
359029, 946214781, 1, 0
360015, 877126811, 1, 0
361062, 801411806, 1, 0
362122, 857949131, 1, 0
363137, 1197127339, 1, 0
364130, 1106354331, 1, 0
365015, 759201274, 1, 0
366062, 698851831, 1, 0
367152, 778324756, 1, 0
368055, 857994029, 1, 0
369001, 768046371, 1, 0
370194, 1050046914, 1, 0
371178, 994720288, 1, 0
372061, 724739074, 1, 0
373076, 835531736, 1, 0
374003, 721445160, 1, 0
375209, 769800026, 1, 0
376056, 770170313, 1, 0
377024, 735234783, 1, 0
378043, 703008957, 1, 0
379039, 573650393, 1, 0
380202, 1039141002, 1, 0
381012, 910614209, 1, 0
382005, 1006899341, 1, 0
383180, 947347394, 1, 0
384135, 896751819, 1, 0
385126, 768571318, 1, 0
386063, 1073564614, 1, 0
387125, 774567891, 1, 0
388034, 823983204, 1, 0
389020, 716835742, 1, 0
390026, 763015896, 1, 0
391004, 968180414, 1, 0
392036, 681919601, 1, 0
393064, 711636245, 1, 0
394054, 849231504, 1, 0
395143, 780362643, 1, 0
396114, 818871699, 1, 0
397128, 1047939258, 1, 0
398077, 1073257236, 1, 0
399025, 861833639, 1, 0
400112, 999277099, 1, 0
401200, 1169694406, 1, 0
402189, 779484974, 1, 0
403017, 959203937, 1, 0
404014, 1011979963, 1, 0
405065, 814228966, 1, 0
406128, 815534627, 1, 0
407007, 668759859, 1, 0
408012, 750485698, 1, 0
409053, 762417564, 1, 0
410152, 822348231, 1, 0
411017, 1057503410, 1, 0
412217, 1019382274, 1, 0
413060, 687578040, 1, 0
414058, 836225412, 1, 0
415133, 976406075, 1, 0
416053, 1072877936, 1, 0
417087, 1055264163, 1, 0
418026, 1077704972, 1, 0
419001, 969286773, 1, 0
420131, 969668465, 1, 0
421043, 899207786, 1, 0
422019, 1021246557, 1, 0
423011, 909772284, 1, 0
424054, 916248236, 1, 0
425059, 817785004, 1, 0
426006, 957397575, 1, 0
427080, 724664901, 1, 0
428059, 883510635, 1, 0
429218, 868750054, 1, 0
430106, 1238331527, 1, 0
431255, 1160586682, 1, 0
432009, 854282757, 1, 0
433092, 833919501, 1, 0
434253, 913226074, 1, 0
435047, 1000424113, 1, 0
436201, 941930675, 1, 0
437030, 907435267, 1, 0
438046, 902838683, 1, 0
439000, 871396418, 1, 0
440050, 946710094, 1, 0
441078, 880020338, 1, 0
442013, 815134502, 1, 0
443122, 863632110, 1, 0
444086, 967708624, 1, 0
445212, 844911483, 1, 0
446034, 760884661, 1, 0
447001, 767280886, 1, 0
448236, 578871676, 1, 0
449140, 772352537, 1, 0
450235, 866661398, 1, 0
451118, 783470266, 1, 0
452009, 989172790, 1, 0
453165, 820012771, 1, 0
454058, 973156144, 1, 0
455048, 1042739555, 1, 0
456046, 983978490, 1, 0
457073, 846716607, 1, 0
458097, 757877197, 1, 0
459001, 882536654, 1, 0
460147, 822632722, 1, 0
461090, 938004649, 1, 0
462047, 1180741395, 1, 0
463031, 798497078, 1, 0
464017, 701137281, 1, 0
465074, 738661610, 1, 0
466205, 909745161, 1, 0
467068, 804191554, 1, 0
468013, 950405082, 1, 0
469048, 940613419, 1, 0
470104, 761639885, 1, 0
471196, 921493907, 1, 0
472256, 662110478, 1, 0
473007, 841947379, 1, 0
474059, 816870470, 1, 0
475177, 810285164, 1, 0
476050, 616708978, 1, 0
477127, 777409698, 1, 0
478136, 966337439, 1, 0
479184, 826060933, 1, 0
480028, 705202340, 1, 0
481104, 607068719, 1, 0
482003, 816950856, 1, 0
483222, 849656897, 1, 0
484113, 893148398, 1, 0
485030, 677270555, 1, 0
486042, 910584993, 1, 0
487174, 761352554, 1, 0
488085, 848711369, 1, 0
489011, 1032166206, 1, 0
490030, 898693131, 1, 0
491044, 773846124, 1, 0
492106, 764305202, 1, 0
493006, 844133134, 1, 0
494049, 769066867, 1, 0
495048, 934790836, 1, 0
496080, 981950064, 1, 0
497060, 747732378, 1, 0
498004, 754215139, 1, 0
499180, 906939687, 1, 0
500065, 943153589, 1, 0
501199, 924672791, 1, 0
502131, 1365003189, 1, 0
503054, 1167457538, 1, 0
504117, 1050278143, 1, 0
505019, 1006998918, 1, 0
506035, 899791530, 1, 0
507080, 1131916451, 1, 0
508175, 810743438, 1, 0
509011, 907164503, 1, 0
510070, 1181813695, 1, 0
511165, 909954853, 1, 0
512044, 587578473, 1, 0
513076, 1105489888, 1, 0
514007, 1266596983, 1, 0
515194, 1056523363, 1, 0
516045, 851157741, 1, 0
517031, 792846066, 1, 0
518120, 759407050, 1, 0
519011, 773395537, 1, 0
520152, 817001298, 1, 0
521121, 1010234644, 1, 0
522053, 1069334660, 1, 0
523019, 887832506, 1, 0
524053, 869264943, 1, 0
525117, 1061911683, 1, 0
526208, 900545018, 1, 0
527016, 811722826, 1, 0
528091, 1026587225, 1, 0
529031, 1030050660, 1, 0
530043, 834700198, 1, 0
531036, 898298630, 1, 0
532133, 1098876485, 1, 0
533073, 1275447335, 1, 0
534017, 1103223894, 1, 0
535021, 884608425, 1, 0
536106, 1055030841, 1, 0
537044, 938814709, 1, 0
538056, 833182911, 1, 0
539019, 1021886485, 1, 0
540005, 890201244, 1, 0
541117, 632474091, 1, 0
542088, 658630603, 1, 0
543045, 765741490, 1, 0
544090, 725640714, 1, 0
545125, 1251812263, 1, 0
546221, 1207592427, 1, 0
547044, 1114245425, 1, 0
548244, 917425912, 1, 0
549020, 933719852, 1, 0
550058, 998903308, 1, 0
551052, 1097376933, 1, 0
552045, 958120408, 1, 0
553058, 906009875, 1, 0
554064, 1032683520, 1, 0
555018, 922895162, 1, 0
556080, 928711507, 1, 0
557051, 827808988, 1, 0
558201, 614661916, 1, 0
559069, 672390167, 1, 0
560069, 863171559, 1, 0
561013, 809398111, 1, 0
562029, 673869299, 1, 0
563062, 876011391, 1, 0
564156, 754129020, 1, 0
565015, 837314157, 1, 0
566070, 625587864, 1, 0
567023, 970242602, 1, 0
568191, 791588468, 1, 0
569012, 1064387030, 1, 0
570176, 980492207, 1, 0
571072, 699147456, 1, 0
572034, 862819923, 1, 0
573103, 862212261, 1, 0
574044, 902783404, 1, 0
575165, 943958778, 1, 0
576008, 973509906, 1, 0
577098, 872730935, 1, 0
578007, 899014978, 1, 0
579099, 693543352, 1, 0
580123, 962434536, 1, 0
581121, 812788197, 1, 0
582044, 956514119, 1, 0
583073, 795127259, 1, 0
584202, 682260974, 1, 0
585182, 722680731, 1, 0
586130, 587991543, 1, 0
587238, 680951672, 1, 0
588043, 551551795, 1, 0
589083, 912472739, 1, 0
590104, 882630709, 1, 0
591032, 851518696, 1, 0
592196, 677291137, 1, 0
593015, 1026454044, 1, 0
594054, 825196039, 1, 0
595008, 983229835, 1, 0
596012, 1094056299, 1, 0
597098, 1064271464, 1, 0
598012, 965417500, 1, 0
599103, 796143925, 1, 0
600018, 927803618, 1, 0
600270, 548770678, 1, 0
