1000, 182065, 1, 0
2000, 114610, 1, 0
3000, 100488, 1, 0
4000, 111266, 1, 0
5000, 96569, 1, 0
6000, 66563, 1, 0
7000, 96225, 1, 0
8000, 109119, 1, 0
9000, 116272, 1, 0
10000, 105265, 1, 0
11000, 117971, 1, 0
12000, 95188, 1, 0
13000, 113185, 1, 0
14000, 123992, 1, 0
15000, 193430, 1, 0
16000, 104544, 1, 0
17000, 95854, 1, 0
18000, 100241, 1, 0
19000, 97431, 1, 0
20000, 94636, 1, 0
21000, 122842, 1, 0
22000, 112747, 1, 0
23000, 98782, 1, 0
24000, 138564, 1, 0
25000, 103382, 1, 0
26000, 103645, 1, 0
27000, 99261, 1, 0
28000, 97921, 1, 0
29000, 108124, 1, 0
30000, 96705, 1, 0
31000, 101858, 1, 0
32000, 95017, 1, 0
33000, 98308, 1, 0
34000, 105547, 1, 0
35000, 120512, 1, 0
36000, 2580643, 1, 0
37000, 111091, 1, 0
38000, 104124, 1, 0
39000, 135244, 1, 0
40000, 113816, 1, 0
41000, 96935, 1, 0
42000, 98829, 1, 0
43000, 100516, 1, 0
44000, 97383, 1, 0
45000, 76949, 1, 0
46000, 86200, 1, 0
47000, 72629, 1, 0
48000, 84450, 1, 0
49000, 91216, 1, 0
50000, 81408, 1, 0
51000, 91906, 1, 0
52000, 80982, 1, 0
53000, 90556, 1, 0
54000, 76828, 1, 0
55000, 79303, 1, 0
56000, 84774, 1, 0
57000, 2394746, 1, 0
58000, 93178, 1, 0
59000, 106563, 1, 0
60000, 94399, 1, 0
61000, 80441, 1, 0
62000, 80145, 1, 0
63000, 90860, 1, 0
64000, 92788, 1, 0
65000, 104044, 1, 0
66000, 103580, 1, 0
67000, 112310, 1, 0
68000, 90691, 1, 0
69000, 77430, 1, 0
70000, 70256, 1, 0
71000, 93192, 1, 0
72000, 109777, 1, 0
73004, 102935, 1, 0
74000, 82875, 1, 0
75000, 91871, 1, 0
76000, 84224, 1, 0
77000, 101324, 1, 0
78000, 88584, 1, 0
79000, 8364094, 1, 0
80000, 90155, 1, 0
81000, 101627, 1, 0
82000, 102608, 1, 0
83000, 135171, 1, 0
84000, 115502, 1, 0
85000, 113099, 1, 0
86000, 98010, 1, 0
87000, 93265, 1, 0
88000, 88425, 1, 0
89000, 82088, 1, 0
90000, 100391, 1, 0
91000, 84279, 1, 0
92000, 78043, 1, 0
93000, 76131, 1, 0
94000, 97333, 1, 0
95000, 95599, 1, 0
96000, 100119, 1, 0
97000, 99031, 1, 0
98000, 85831, 1, 0
99000, 99848, 1, 0
100000, 706135, 1, 0
101000, 2607458, 1, 0
102000, 84285, 1, 0
103000, 90154, 1, 0
104000, 92991, 1, 0
105000, 90300, 1, 0
106000, 94102, 1, 0
107000, 105722, 1, 0
108000, 89350, 1, 0
109000, 126987, 1, 0
110000, 96014, 1, 0
111000, 83817, 1, 0
112000, 95882, 1, 0
113000, 103449, 1, 0
114000, 108119, 1, 0
115000, 86511, 1, 0
116000, 87489, 1, 0
117000, 88254, 1, 0
118000, 107922, 1, 0
119000, 102797, 1, 0
120002, 111715, 1, 0
121000, 99600, 1, 0
122000, 7848110, 1, 0
123000, 95492, 1, 0
124000, 88449, 1, 0
125000, 98927, 1, 0
126000, 100464, 1, 0
127000, 91722, 1, 0
128000, 81750, 1, 0
129000, 91744, 1, 0
130000, 87897, 1, 0
131000, 89933, 1, 0
132000, 86821, 1, 0
133000, 97377, 1, 0
134000, 92014, 1, 0
135000, 86189, 1, 0
136000, 82941, 1, 0
137000, 114144, 1, 0
138000, 101598, 1, 0
139000, 87372, 1, 0
140000, 80239, 1, 0
141000, 88625, 1, 0
142000, 90341, 1, 0
143000, 87975, 1, 0
144006, 10697799, 1, 0
145000, 98350, 1, 0
146000, 96254, 1, 0
147000, 99695, 1, 0
148000, 72808, 1, 0
149000, 90892, 1, 0
150000, 101130, 1, 0
151000, 93344, 1, 0
152000, 85367, 1, 0
153000, 94734, 1, 0
154000, 106172, 1, 0
155000, 76718, 1, 0
156000, 101036, 1, 0
157000, 116728, 1, 0
158000, 99375, 1, 0
159000, 103221, 1, 0
160000, 102544, 1, 0
161000, 77075, 1, 0
162000, 96664, 1, 0
163000, 95519, 1, 0
164000, 102187, 1, 0
165033, 3313639, 1, 0
166000, 10331430, 1, 0
167000, 83174, 1, 0
168000, 84321, 1, 0
169000, 103279, 1, 0
170000, 105826, 1, 0
171000, 109961, 1, 0
172000, 90264, 1, 0
173000, 110974, 1, 0
174000, 97884, 1, 0
175004, 122148, 1, 0
176000, 85823, 1, 0
177000, 86621, 1, 0
178000, 102841, 1, 0
179000, 131356, 1, 0
180000, 88652, 1, 0
181000, 106937, 1, 0
182000, 94770, 1, 0
183000, 86884, 1, 0
184000, 99354, 1, 0
185000, 96942, 1, 0
186000, 85462, 1, 0
187000, 2519033, 1, 0
188000, 5225565, 1, 0
189000, 117716, 1, 0
190000, 105347, 1, 0
191000, 113843, 1, 0
192000, 88977, 1, 0
193000, 88932, 1, 0
194000, 120294, 1, 0
195000, 91354, 1, 0
196000, 84768, 1, 0
197000, 83948, 1, 0
198000, 96841, 1, 0
199000, 95818, 1, 0
200000, 89214, 1, 0
201000, 96923, 1, 0
202000, 92571, 1, 0
203000, 96339, 1, 0
204000, 93668, 1, 0
205000, 81296, 1, 0
206000, 85478, 1, 0
207000, 104157, 1, 0
208000, 88272, 1, 0
209000, 106524, 1, 0
210000, 8237150, 1, 0
211000, 374734, 1, 0
212000, 79756, 1, 0
213000, 100118, 1, 0
214000, 94921, 1, 0
215000, 85090, 1, 0
216000, 108002, 1, 0
217000, 96349, 1, 0
218000, 87430, 1, 0
219000, 98056, 1, 0
220000, 114646, 1, 0
221000, 83830, 1, 0
222000, 83626, 1, 0
223000, 93549, 1, 0
224000, 91955, 1, 0
225000, 96716, 1, 0
226000, 102128, 1, 0
227000, 84230, 1, 0
228000, 84243, 1, 0
229000, 93273, 1, 0
230000, 89022, 1, 0
231000, 83601, 1, 0
232000, 8039896, 1, 0
233000, 1078542, 1, 0
234000, 104809, 1, 0
235000, 92129, 1, 0
236216, 2968497, 1, 0
237044, 559804150, 1, 0
238038, 687212417, 1, 0
239016, 997507260, 1, 0
240028, 737676002, 1, 0
241071, 741986995, 1, 0
242002, 746804192, 1, 0
243026, 587112476, 1, 0
244007, 836046880, 1, 0
245117, 761592045, 1, 0
246061, 946254432, 1, 0
247083, 894579514, 1, 0
248072, 985265786, 1, 0
249051, 1125139955, 1, 0
250039, 867134270, 1, 0
251084, 666057701, 1, 0
252080, 665271227, 1, 0
253031, 960929152, 1, 0
254126, 752718679, 1, 0
255076, 791227384, 1, 0
256056, 1239778969, 1, 0
257079, 704736438, 1, 0
258090, 668638298, 1, 0
259197, 1029816272, 1, 0
260113, 712632910, 1, 0
261076, 706652606, 1, 0
262049, 755626883, 1, 0
263061, 701280446, 1, 0
264003, 651525415, 1, 0
265023, 651766830, 1, 0
266033, 854938440, 1, 0
267031, 812091217, 1, 0
268053, 708353772, 1, 0
269029, 766781249, 1, 0
270016, 641689360, 1, 0
271161, 568065940, 1, 0
272190, 690653551, 1, 0
273025, 827004148, 1, 0
274094, 683910156, 1, 0
275079, 891921978, 1, 0
276053, 741184273, 1, 0
277036, 729916805, 1, 0
278062, 654597834, 1, 0
279062, 835060948, 1, 0
280034, 985170308, 1, 0
281109, 885261937, 1, 0
282065, 715338115, 1, 0
283044, 798323661, 1, 0
284116, 824197083, 1, 0
285079, 1013547267, 1, 0
286090, 798339423, 1, 0
287124, 913597359, 1, 0
288027, 919917784, 1, 0
289143, 850354702, 1, 0
290023, 919894760, 1, 0
291178, 711813381, 1, 0
292013, 801636079, 1, 0
293004, 620188329, 1, 0
294045, 675175148, 1, 0
295035, 1108671114, 1, 0
296003, 920061904, 1, 0
297043, 1105488660, 1, 0
298178, 954705926, 1, 0
299041, 575139501, 1, 0
300175, 749478787, 1, 0
301079, 690941720, 1, 0
302120, 912598441, 1, 0
303050, 802343079, 1, 0
304001, 894172080, 1, 0
305094, 851083170, 1, 0
306081, 792718399, 1, 0
307034, 838533401, 1, 0
308065, 763061339, 1, 0
309105, 614416320, 1, 0
310217, 784527575, 1, 0
311228, 942699835, 1, 0
312034, 1090203661, 1, 0
313135, 568904004, 1, 0
314097, 536082848, 1, 0
315028, 695421516, 1, 0
316169, 988733850, 1, 0
317191, 857575984, 1, 0
318009, 874499658, 1, 0
319033, 823492548, 1, 0
320038, 623694299, 1, 0
321025, 719819788, 1, 0
322029, 1045992659, 1, 0
323016, 764139385, 1, 0
324023, 506011014, 1, 0
325006, 932189655, 1, 0
326012, 920510773, 1, 0
327001, 691909564, 1, 0
328091, 696520151, 1, 0
329176, 653644655, 1, 0
330001, 646237484, 1, 0
331131, 830355706, 1, 0
332005, 842172514, 1, 0
333129, 798562430, 1, 0
334017, 808931478, 1, 0
335046, 780128527, 1, 0
336039, 681780115, 1, 0
337013, 719183070, 1, 0
338240, 804714403, 1, 0
339014, 928201083, 1, 0
340119, 890970120, 1, 0
341122, 880554473, 1, 0
342046, 676506764, 1, 0
343126, 954197163, 1, 0
344158, 761385903, 1, 0
345154, 836873525, 1, 0
346190, 718090696, 1, 0
347078, 785436161, 1, 0
348094, 814383586, 1, 0
349042, 770597869, 1, 0
350014, 864369562, 1, 0
351004, 903005705, 1, 0
352041, 857466789, 1, 0
353021, 689961822, 1, 0
354125, 844057606, 1, 0
355060, 811212329, 1, 0
356094, 816706192, 1, 0
357202, 970800266, 1, 0
358192, 690986086, 1, 0
359041, 740929279, 1, 0
360015, 714251416, 1, 0
361037, 1105550166, 1, 0
362024, 741729491, 1, 0
363097, 608433808, 1, 0
364085, 715531762, 1, 0
365088, 734014518, 1, 0
366107, 973232267, 1, 0
367151, 710951569, 1, 0
368001, 883508984, 1, 0
369002, 769063400, 1, 0
370241, 738355501, 1, 0
371179, 957420968, 1, 0
372101, 867005379, 1, 0
373141, 770346046, 1, 0
374004, 1063875066, 1, 0
375145, 1022317853, 1, 0
376101, 740186602, 1, 0
377006, 941834378, 1, 0
378133, 855071689, 1, 0
379065, 797191094, 1, 0
380008, 943703697, 1, 0
381012, 978895180, 1, 0
382056, 1133630295, 1, 0
383295, 950967676, 1, 0
384111, 1031559345, 1, 0
385165, 761167114, 1, 0
386105, 614155228, 1, 0
387042, 836111095, 1, 0
388036, 906497585, 1, 0
389021, 998041629, 1, 0
390081, 1151458024, 1, 0
391111, 862883387, 1, 0
392082, 935942907, 1, 0
393095, 805990736, 1, 0
394041, 728624881, 1, 0
395071, 732301110, 1, 0
396136, 874390570, 1, 0
397040, 626469795, 1, 0
398124, 775449536, 1, 0
399046, 889474449, 1, 0
400027, 783104426, 1, 0
401000, 741569077, 1, 0
402174, 721740895, 1, 0
403017, 879367394, 1, 0
404066, 992571160, 1, 0
405026, 856101037, 1, 0
406179, 869890610, 1, 0
407176, 982301210, 1, 0
408042, 753721953, 1, 0
409002, 920781350, 1, 0
410207, 927151851, 1, 0
411017, 871571093, 1, 0
412194, 838944314, 1, 0
413038, 902946498, 1, 0
414018, 586697725, 1, 0
415118, 724100282, 1, 0
416007, 917173866, 1, 0
417012, 969112240, 1, 0
418001, 818803547, 1, 0
419025, 762258035, 1, 0
420193, 806391044, 1, 0
421285, 842236499, 1, 0
422071, 1280472013, 1, 0
423011, 975278614, 1, 0
424007, 1109663028, 1, 0
425036, 1096578162, 1, 0
426006, 723723596, 1, 0
427005, 882244900, 1, 0
428006, 1094938082, 1, 0
429100, 890178616, 1, 0
430083, 732058665, 1, 0
431273, 904327396, 1, 0
432045, 1163919213, 1, 0
433109, 1098125422, 1, 0
434119, 645971519, 1, 0
435040, 649980670, 1, 0
436035, 735585046, 1, 0
437008, 874525633, 1, 0
438028, 866923142, 1, 0
439018, 1172512874, 1, 0
440031, 756856290, 1, 0
441096, 867896484, 1, 0
442012, 944064297, 1, 0
443104, 809272224, 1, 0
444068, 739185593, 1, 0
445180, 686278694, 1, 0
446008, 829197180, 1, 0
447087, 845453728, 1, 0
448214, 963618006, 1, 0
449069, 934885152, 1, 0
450236, 799843233, 1, 0
451095, 871964231, 1, 0
452098, 886386459, 1, 0
453220, 703988093, 1, 0
454078, 895311561, 1, 0
455000, 749626562, 1, 0
456046, 821431850, 1, 0
457044, 990591890, 1, 0
458073, 877692926, 1, 0
459043, 782553498, 1, 0
460119, 767939406, 1, 0
461087, 706708562, 1, 0
462116, 1051189529, 1, 0
463008, 1336124896, 1, 0
464098, 1108773606, 1, 0
465021, 919282100, 1, 0
466049, 728181580, 1, 0
467064, 956766187, 1, 0
468114, 754759893, 1, 0
469030, 952394557, 1, 0
470032, 848235801, 1, 0
471139, 770946921, 1, 0
472220, 762540492, 1, 0
473034, 890533922, 1, 0
474084, 812979979, 1, 0
475116, 933106078, 1, 0
476098, 943118820, 1, 0
477157, 813154351, 1, 0
478151, 664762275, 1, 0
479007, 780733318, 1, 0
480028, 766318185, 1, 0
481146, 740677142, 1, 0
482002, 789113915, 1, 0
483150, 789863488, 1, 0
484102, 835384059, 1, 0
485030, 1194400593, 1, 0
486014, 955600239, 1, 0
487132, 835929087, 1, 0
488023, 851850395, 1, 0
489010, 731651998, 1, 0
490002, 909630351, 1, 0
491066, 1075504755, 1, 0
492061, 917829856, 1, 0
493032, 601662004, 1, 0
494221, 794522087, 1, 0
495004, 725162901, 1, 0
496049, 976476562, 1, 0
497060, 810125488, 1, 0
498025, 1107516438, 1, 0
499173, 1233784281, 1, 0
500022, 713242681, 1, 0
501191, 721504202, 1, 0
502050, 875693257, 1, 0
503074, 704933434, 1, 0
504124, 610092507, 1, 0
505003, 751748538, 1, 0
506053, 761584190, 1, 0
507063, 685579580, 1, 0
508096, 812125745, 1, 0
509268, 1091747125, 1, 0
510110, 872497065, 1, 0
511271, 714200800, 1, 0
512009, 821377166, 1, 0
513118, 817084965, 1, 0
514007, 1096913644, 1, 0
515193, 793333325, 1, 0
516006, 1062563535, 1, 0
517088, 962939029, 1, 0
518120, 1065054951, 1, 0
519080, 986566558, 1, 0
520155, 922355520, 1, 0
521102, 1058070245, 1, 0
522032, 807472346, 1, 0
523019, 845306626, 1, 0
524026, 845321352, 1, 0
525022, 681102642, 1, 0
526008, 875120200, 1, 0
527043, 722457945, 1, 0
528002, 728358305, 1, 0
529090, 662608816, 1, 0
530010, 809788879, 1, 0
531035, 1000104982, 1, 0
532107, 892978890, 1, 0
533073, 731746719, 1, 0
534032, 963065217, 1, 0
535044, 811648043, 1, 0
536011, 685772839, 1, 0
537063, 568364314, 1, 0
538026, 856173566, 1, 0
539019, 898782905, 1, 0
540103, 743175613, 1, 0
541097, 1091894996, 1, 0
542043, 1063207793, 1, 0
543017, 881287119, 1, 0
544119, 899939928, 1, 0
545007, 588741245, 1, 0
546147, 732249758, 1, 0
547026, 720618724, 1, 0
548025, 585391366, 1, 0
549020, 909994861, 1, 0
550084, 772755461, 1, 0
551133, 1012486201, 1, 0
552007, 942536584, 1, 0
553043, 795634351, 1, 0
554097, 771846659, 1, 0
555064, 775925059, 1, 0
556097, 1073597665, 1, 0
557117, 1154161039, 1, 0
558158, 1032346179, 1, 0
559069, 856791442, 1, 0
560093, 834248739, 1, 0
561068, 1072925170, 1, 0
562010, 845764209, 1, 0
563034, 972961131, 1, 0
564206, 712047605, 1, 0
565095, 912184103, 1, 0
566046, 1016234947, 1, 0
567036, 1067221896, 1, 0
568242, 822184963, 1, 0
569054, 927986813, 1, 0
570246, 1063698308, 1, 0
571001, 1074999428, 1, 0
572034, 944225080, 1, 0
573026, 841805056, 1, 0
574004, 657235431, 1, 0
575090, 868537252, 1, 0
576065, 748688905, 1, 0
577050, 878511177, 1, 0
578193, 817194411, 1, 0
579091, 703521349, 1, 0
580052, 823012807, 1, 0
581159, 873416967, 1, 0
582009, 895999856, 1, 0
583091, 873281344, 1, 0
584153, 767463481, 1, 0
585123, 1020251078, 1, 0
586147, 1060482904, 1, 0
587005, 950857353, 1, 0
588014, 976960518, 1, 0
589110, 958593873, 1, 0
590151, 1104208931, 1, 0
591019, 795790862, 1, 0
592127, 751830167, 1, 0
593129, 826702672, 1, 0
594308, 1005768690, 1, 0
595007, 950445298, 1, 0
596013, 726087030, 1, 0
597040, 921074388, 1, 0
598055, 893917974, 1, 0
599014, 787774336, 1, 0
600206, 789956501, 1, 0
600271, 665401959, 1, 0
