1000, 3072, 1, 0
1999, 3075, 1, 0
2999, 3075, 1, 0
4000, 3072, 1, 0
5000, 3076, 1, 0
5999, 3071, 1, 0
6999, 3075, 1, 0
7999, 3075, 1, 0
9000, 3072, 1, 0
9999, 3075, 1, 0
10999, 3075, 1, 0
11999, 3075, 1, 0
13000, 3072, 1, 0
14000, 3076, 1, 0
14999, 3071, 1, 0
15999, 3075, 1, 0
17000, 3072, 1, 0
18000, 3072, 1, 0
18999, 3075, 1, 0
19999, 3075, 1, 0
20999, 3075, 1, 0
22000, 3072, 1, 0
23000, 3076, 1, 0
23999, 3071, 1, 0
24999, 3075, 1, 0
25999, 3075, 1, 0
27000, 3076, 1, 0
27999, 3071, 1, 0
28999, 3075, 1, 0
29999, 3075, 1, 0
31000, 3072, 1, 0
32000, 3072, 1, 0
32999, 3075, 1, 0
33999, 3075, 1, 0
34999, 3075, 1, 0
36000, 3072, 1, 0
37000, 3076, 1, 0
37999, 3071, 1, 0
38999, 3075, 1, 0
40000, 3072, 1, 0
41000, 3076, 1, 0
41999, 3071, 1, 0
42999, 3075, 1, 0
43999, 3075, 1, 0
45000, 3072, 1, 0
46000, 3076, 1, 0
46999, 3071, 1, 0
47999, 3075, 1, 0
48999, 3075, 1, 0
49999, 3075, 1, 0
51000, 3072, 1, 0
52000, 3076, 1, 0
52999, 3071, 1, 0
53999, 3075, 1, 0
54999, 3075, 1, 0
55999, 3075, 1, 0
57000, 3072, 1, 0
58000, 3076, 1, 0
59000, 3072, 1, 0
59999, 3071, 1, 0
60999, 3075, 1, 0
61999, 3075, 1, 0
62999, 3075, 1, 0
63999, 3075, 1, 0
65000, 3072, 1, 0
66000, 3076, 1, 0
66999, 3071, 1, 0
67999, 3075, 1, 0
68999, 3075, 1, 0
69999, 3075, 1, 0
71000, 3072, 1, 0
72000, 3076, 1, 0
72999, 3071, 1, 0
73999, 3075, 1, 0
74999, 3075, 1, 0
75999, 3075, 1, 0
77000, 3072, 1, 0
78000, 3076, 1, 0
78999, 3071, 1, 0
79999, 3075, 1, 0
80999, 3075, 1, 0
81999, 3075, 1, 0
83000, 3076, 1, 0
83999, 3071, 1, 0
84999, 3075, 1, 0
85999, 3075, 1, 0
86999, 3075, 1, 0
88000, 3072, 1, 0
89000, 3076, 1, 0
89999, 3071, 1, 0
90999, 3075, 1, 0
91999, 3075, 1, 0
92999, 3075, 1, 0
94000, 3072, 1, 0
95000, 3076, 1, 0
95999, 3071, 1, 0
96999, 3075, 1, 0
97999, 3075, 1, 0
99000, 3072, 1, 0
100000, 3072, 1, 0
101000, 3076, 1, 0
101999, 3071, 1, 0
102999, 3075, 1, 0
103999, 3075, 1, 0
104999, 3075, 1, 0
106000, 3072, 1, 0
107000, 3072, 1, 0
107999, 3075, 1, 0
108999, 3075, 1, 0
109999, 3075, 1, 0
110999, 3075, 1, 0
111999, 3075, 1, 0
113000, 3072, 1, 0
114000, 3076, 1, 0
114999, 3071, 1, 0
115999, 3075, 1, 0
116999, 3075, 1, 0
117999, 3075, 1, 0
119000, 3072, 1, 0
120000, 3064, 1, 0
120999, 3083, 1, 0
122000, 3076, 1, 0
122999, 3071, 1, 0
123999, 3075, 1, 0
125000, 3072, 1, 0
126000, 3076, 1, 0
126999, 3071, 1, 0
127999, 3075, 1, 0
128999, 3075, 1, 0
129999, 3075, 1, 0
131000, 3072, 1, 0
132000, 3076, 1, 0
133000, 3072, 1, 0
133999, 3071, 1, 0
134999, 3075, 1, 0
135999, 3075, 1, 0
136999, 3075, 1, 0
138000, 3072, 1, 0
139000, 3072, 1, 0
140000, 3076, 1, 0
141000, 3072, 1, 0
141999, 3071, 1, 0
142999, 3075, 1, 0
143999, 3075, 1, 0
145000, 3072, 1, 0
146000, 3076, 1, 0
146999, 3071, 1, 0
147999, 3075, 1, 0
148999, 3075, 1, 0
149999, 3075, 1, 0
151000, 3072, 1, 0
152000, 3072, 1, 0
152999, 3075, 1, 0
153999, 3075, 1, 0
154999, 3075, 1, 0
155999, 3075, 1, 0
156999, 3075, 1, 0
158000, 3076, 1, 0
159000, 3072, 1, 0
159999, 3071, 1, 0
160999, 3075, 1, 0
161999, 3075, 1, 0
162999, 3075, 1, 0
164000, 3072, 1, 0
165000, 2856, 1, 0
165999, 3291, 1, 0
166999, 3075, 1, 0
167999, 3075, 1, 0
168999, 3075, 1, 0
169999, 3075, 1, 0
171000, 3072, 1, 0
172000, 3076, 1, 0
172999, 3071, 1, 0
173999, 3075, 1, 0
174999, 3075, 1, 0
175999, 3075, 1, 0
177000, 3072, 1, 0
178000, 3076, 1, 0
178999, 3071, 1, 0
179999, 3075, 1, 0
180999, 3075, 1, 0
181999, 3075, 1, 0
183000, 3072, 1, 0
184000, 3072, 1, 0
185000, 3076, 1, 0
185999, 3071, 1, 0
187000, 3076, 1, 0
187999, 3071, 1, 0
188999, 3075, 1, 0
190000, 3072, 1, 0
191000, 3076, 1, 0
191999, 3071, 1, 0
192999, 3075, 1, 0
193999, 3075, 1, 0
194999, 3075, 1, 0
196000, 3072, 1, 0
197000, 3076, 1, 0
197999, 3071, 1, 0
198999, 3075, 1, 0
199999, 3075, 1, 0
200999, 3075, 1, 0
202000, 3072, 1, 0
203000, 3076, 1, 0
204000, 3072, 1, 0
204999, 3071, 1, 0
205999, 3075, 1, 0
206999, 3075, 1, 0
207999, 3075, 1, 0
208999, 3075, 1, 0
210000, 3072, 1, 0
211000, 3076, 1, 0
211999, 3071, 1, 0
212999, 3075, 1, 0
213999, 3075, 1, 0
214999, 3075, 1, 0
216000, 3072, 1, 0
217000, 3068, 1, 0
218000, 3080, 1, 0
218999, 3071, 1, 0
219999, 3075, 1, 0
220999, 3075, 1, 0
221999, 3075, 1, 0
223000, 3072, 1, 0
224000, 3076, 1, 0
225000, 3072, 1, 0
225999, 3071, 1, 0
226999, 3075, 1, 0
227999, 3075, 1, 0
229000, 3072, 1, 0
230000, 3076, 1, 0
230999, 3071, 1, 0
231999, 3075, 1, 0
232999, 3075, 1, 0
233999, 3075, 1, 0
235000, 3072, 1, 0
236000, 1616, 1, 0
236999, 52, 1, 0
237999, 372, 1, 0
239000, 300, 1, 0
239999, 232, 1, 0
240999, 248, 1, 0
242000, 172, 1, 0
242999, 348, 1, 0
243999, 288, 1, 0
245000, 368, 1, 0
246000, 220, 1, 0
246999, 336, 1, 0
247999, 284, 1, 0
249000, 380, 1, 0
249999, 384, 1, 0
250999, 208, 1, 0
252000, 328, 1, 0
253000, 316, 1, 0
253999, 372, 1, 0
254999, 288, 1, 0
256000, 252, 1, 0
257000, 448, 1, 0
257999, 268, 1, 0
258999, 340, 1, 0
260000, 408, 1, 0
260999, 312, 1, 0
261999, 308, 1, 0
263000, 368, 1, 0
263999, 288, 1, 0
264999, 208, 1, 0
266000, 408, 1, 0
266999, 248, 1, 0
267999, 276, 1, 0
269000, 212, 1, 0
270000, 352, 1, 0
270999, 152, 1, 0
272000, 368, 1, 0
273000, 300, 1, 0
273999, 440, 1, 0
274999, 272, 1, 0
276000, 388, 1, 0
276999, 260, 1, 0
277999, 232, 1, 0
279000, 336, 1, 0
279999, 408, 1, 0
280999, 308, 1, 0
282000, 264, 1, 0
283000, 360, 1, 0
283999, 296, 1, 0
284999, 232, 1, 0
286000, 332, 1, 0
286999, 340, 1, 0
287999, 476, 1, 0
289000, 232, 1, 0
290000, 388, 1, 0
290999, 300, 1, 0
291999, 316, 1, 0
293000, 324, 1, 0
293999, 356, 1, 0
294999, 228, 1, 0
296000, 280, 1, 0
296999, 376, 1, 0
297999, 324, 1, 0
298999, 380, 1, 0
300000, 276, 1, 0
300999, 292, 1, 0
301999, 256, 1, 0
303000, 276, 1, 0
304000, 264, 1, 0
304999, 264, 1, 0
305999, 284, 1, 0
307000, 352, 1, 0
307999, 320, 1, 0
308999, 412, 1, 0
310000, 236, 1, 0
311000, 312, 1, 0
311999, 368, 1, 0
312999, 348, 1, 0
314000, 328, 1, 0
314999, 308, 1, 0
315999, 324, 1, 0
317000, 376, 1, 0
317999, 304, 1, 0
318999, 232, 1, 0
320000, 336, 1, 0
321000, 340, 1, 0
321999, 212, 1, 0
322999, 236, 1, 0
324000, 336, 1, 0
324999, 224, 1, 0
325999, 332, 1, 0
327000, 288, 1, 0
328000, 440, 1, 0
328999, 348, 1, 0
329999, 220, 1, 0
331000, 364, 1, 0
331999, 392, 1, 0
332999, 308, 1, 0
334000, 436, 1, 0
335000, 256, 1, 0
335999, 228, 1, 0
336999, 276, 1, 0
338000, 272, 1, 0
338999, 280, 1, 0
339999, 276, 1, 0
341000, 348, 1, 0
341999, 288, 1, 0
342999, 368, 1, 0
344000, 340, 1, 0
345000, 288, 1, 0
345999, 312, 1, 0
346999, 324, 1, 0
348000, 296, 1, 0
348999, 296, 1, 0
349999, 220, 1, 0
351000, 344, 1, 0
352000, 312, 1, 0
352999, 316, 1, 0
353999, 228, 1, 0
355000, 212, 1, 0
355999, 244, 1, 0
356999, 256, 1, 0
358000, 364, 1, 0
359000, 288, 1, 0
359999, 312, 1, 0
360999, 300, 1, 0
362000, 248, 1, 0
362999, 340, 1, 0
363999, 284, 1, 0
365000, 340, 1, 0
366000, 288, 1, 0
366999, 396, 1, 0
367999, 268, 1, 0
369000, 352, 1, 0
369999, 272, 1, 0
370999, 360, 1, 0
372000, 292, 1, 0
372999, 340, 1, 0
373999, 312, 1, 0
374999, 228, 1, 0
376000, 376, 1, 0
376999, 244, 1, 0
377999, 232, 1, 0
379000, 324, 1, 0
379999, 324, 1, 0
380999, 252, 1, 0
382000, 260, 1, 0
383000, 216, 1, 0
383999, 260, 1, 0
385000, 356, 1, 0
386000, 224, 1, 0
386999, 256, 1, 0
387999, 260, 1, 0
389000, 332, 1, 0
389999, 232, 1, 0
390999, 428, 1, 0
392000, 176, 1, 0
393000, 376, 1, 0
393999, 232, 1, 0
395000, 292, 1, 0
396000, 264, 1, 0
396999, 288, 1, 0
397999, 248, 1, 0
399000, 188, 1, 0
399999, 256, 1, 0
400999, 240, 1, 0
402000, 252, 1, 0
403000, 316, 1, 0
403999, 272, 1, 0
404999, 184, 1, 0
406000, 272, 1, 0
406999, 240, 1, 0
407999, 256, 1, 0
409000, 280, 1, 0
410000, 380, 1, 0
410999, 304, 1, 0
411999, 300, 1, 0
413000, 304, 1, 0
413999, 252, 1, 0
414999, 296, 1, 0
416000, 368, 1, 0
416999, 232, 1, 0
417999, 444, 1, 0
419000, 352, 1, 0
420000, 276, 1, 0
420999, 300, 1, 0
421999, 288, 1, 0
422999, 200, 1, 0
424000, 224, 1, 0
424999, 228, 1, 0
425999, 348, 1, 0
427000, 240, 1, 0
427999, 244, 1, 0
428999, 248, 1, 0
430000, 272, 1, 0
430999, 304, 1, 0
431999, 200, 1, 0
433000, 240, 1, 0
434000, 316, 1, 0
434999, 316, 1, 0
435999, 256, 1, 0
437000, 308, 1, 0
438000, 344, 1, 0
438999, 400, 1, 0
439999, 288, 1, 0
441000, 256, 1, 0
441999, 360, 1, 0
442999, 268, 1, 0
444000, 244, 1, 0
445000, 300, 1, 0
445999, 284, 1, 0
447000, 260, 1, 0
448000, 264, 1, 0
448999, 288, 1, 0
449999, 360, 1, 0
451000, 244, 1, 0
451999, 216, 1, 0
452999, 368, 1, 0
454000, 272, 1, 0
455000, 248, 1, 0
455999, 376, 1, 0
456999, 316, 1, 0
458000, 312, 1, 0
458999, 216, 1, 0
459999, 332, 1, 0
461000, 208, 1, 0
462000, 360, 1, 0
462999, 184, 1, 0
463999, 404, 1, 0
465000, 256, 1, 0
465999, 352, 1, 0
466999, 364, 1, 0
468000, 256, 1, 0
468999, 288, 1, 0
469999, 284, 1, 0
471000, 280, 1, 0
472000, 264, 1, 0
472999, 416, 1, 0
474000, 336, 1, 0
475000, 124, 1, 0
475999, 292, 1, 0
476999, 240, 1, 0
478000, 300, 1, 0
478999, 344, 1, 0
479999, 184, 1, 0
481000, 376, 1, 0
481999, 300, 1, 0
482999, 404, 1, 0
484000, 312, 1, 0
485000, 332, 1, 0
485999, 216, 1, 0
486999, 264, 1, 0
488000, 260, 1, 0
489000, 248, 1, 0
489999, 324, 1, 0
490999, 392, 1, 0
492000, 232, 1, 0
493000, 328, 1, 0
493999, 312, 1, 0
494999, 220, 1, 0
496000, 200, 1, 0
496999, 300, 1, 0
497999, 280, 1, 0
499000, 316, 1, 0
500000, 148, 1, 0
500999, 360, 1, 0
501999, 360, 1, 0
503000, 368, 1, 0
504000, 308, 1, 0
504999, 400, 1, 0
505999, 208, 1, 0
507000, 268, 1, 0
508000, 312, 1, 0
508999, 280, 1, 0
509999, 416, 1, 0
511000, 168, 1, 0
511999, 376, 1, 0
512999, 364, 1, 0
514000, 264, 1, 0
514999, 236, 1, 0
515999, 424, 1, 0
517000, 304, 1, 0
518000, 464, 1, 0
519000, 256, 1, 0
520000, 272, 1, 0
521000, 348, 1, 0
522000, 288, 1, 0
523000, 428, 1, 0
524000, 324, 1, 0
525000, 268, 1, 0
526000, 392, 1, 0
527000, 316, 1, 0
528000, 448, 1, 0
529000, 300, 1, 0
530000, 148, 1, 0
531000, 224, 1, 0
532000, 288, 1, 0
533000, 388, 1, 0
534000, 344, 1, 0
534999, 252, 1, 0
536000, 256, 1, 0
537000, 316, 1, 0
538000, 320, 1, 0
539000, 252, 1, 0
540000, 320, 1, 0
541000, 268, 1, 0
542000, 336, 1, 0
543000, 372, 1, 0
544000, 268, 1, 0
545000, 344, 1, 0
546000, 324, 1, 0
547000, 392, 1, 0
548000, 268, 1, 0
549000, 204, 1, 0
550000, 260, 1, 0
551000, 432, 1, 0
552000, 264, 1, 0
553000, 304, 1, 0
554000, 188, 1, 0
555000, 328, 1, 0
556000, 352, 1, 0
557000, 184, 1, 0
558000, 392, 1, 0
559000, 244, 1, 0
560000, 240, 1, 0
560999, 284, 1, 0
562000, 312, 1, 0
563000, 368, 1, 0
563999, 248, 1, 0
564999, 284, 1, 0
565999, 268, 1, 0
566998, 280, 1, 0
567999, 288, 1, 0
568998, 448, 1, 0
569998, 300, 1, 0
570998, 272, 1, 0
571997, 304, 1, 0
572998, 292, 1, 0
573997, 349, 1, 0
574997, 332, 1, 0
575996, 317, 1, 0
576996, 353, 1, 0
577996, 289, 1, 0
578996, 269, 1, 0
579996, 265, 1, 0
580995, 305, 1, 0
581995, 385, 1, 0
582995, 164, 1, 0
583995, 353, 1, 0
584995, 369, 1, 0
585995, 373, 1, 0
586994, 305, 1, 0
587994, 426, 1, 0
588993, 326, 1, 0
589994, 342, 1, 0
590994, 334, 1, 0
591993, 306, 1, 0
592993, 334, 1, 0
593992, 350, 1, 0
594992, 193, 1, 0
595992, 314, 1, 0
596992, 233, 1, 0
597992, 362, 1, 0
598991, 298, 1, 0
599991, 242, 1, 0
