1001, 187812, 1, 0
2000, 125424, 1, 0
3000, 97212, 1, 0
4000, 110213, 1, 0
5000, 102855, 1, 0
6000, 101444, 1, 0
7004, 99563, 1, 0
8000, 99445, 1, 0
9000, 99732, 1, 0
10000, 86431, 1, 0
11000, 113059, 1, 0
12000, 94197, 1, 0
13000, 116383, 1, 0
14000, 120462, 1, 0
15000, 192393, 1, 0
16000, 101365, 1, 0
17004, 109546, 1, 0
18000, 102349, 1, 0
19000, 84468, 1, 0
20000, 108479, 1, 0
21000, 120650, 1, 0
22000, 106245, 1, 0
23000, 89104, 1, 0
24000, 146171, 1, 0
25000, 91450, 1, 0
26000, 95849, 1, 0
27000, 82453, 1, 0
28000, 83711, 1, 0
29000, 92591, 1, 0
30000, 87333, 1, 0
31000, 98839, 1, 0
32000, 85853, 1, 0
33000, 88465, 1, 0
34000, 99356, 1, 0
35000, 120523, 1, 0
36000, 2488101, 1, 0
37000, 101876, 1, 0
38000, 99537, 1, 0
39000, 130433, 1, 0
40000, 114583, 1, 0
41000, 93112, 1, 0
42004, 99355, 1, 0
43000, 95995, 1, 0
44000, 95623, 1, 0
45000, 77338, 1, 0
46000, 79258, 1, 0
47000, 71783, 1, 0
48000, 83184, 1, 0
49000, 94438, 1, 0
50000, 82776, 1, 0
51000, 93267, 1, 0
52000, 90727, 1, 0
53000, 89949, 1, 0
54000, 81375, 1, 0
55000, 77302, 1, 0
56000, 88894, 1, 0
57000, 2508768, 1, 0
58000, 91556, 1, 0
59000, 102990, 1, 0
60000, 93507, 1, 0
61000, 84788, 1, 0
62004, 78565, 1, 0
63000, 86577, 1, 0
64000, 91129, 1, 0
65000, 97859, 1, 0
66000, 102190, 1, 0
67000, 107658, 1, 0
68000, 91257, 1, 0
69000, 82568, 1, 0
70000, 77826, 1, 0
71000, 87025, 1, 0
72000, 100208, 1, 0
73003, 108580, 1, 0
74000, 83126, 1, 0
75000, 86406, 1, 0
76000, 84495, 1, 0
77000, 95716, 1, 0
78000, 80123, 1, 0
79000, 8380909, 1, 0
80000, 90279, 1, 0
81000, 83315, 1, 0
82000, 90499, 1, 0
83000, 135448, 1, 0
84000, 106053, 1, 0
85000, 105315, 1, 0
86000, 96963, 1, 0
87000, 92507, 1, 0
88000, 86686, 1, 0
89000, 83272, 1, 0
90000, 93180, 1, 0
91000, 88096, 1, 0
92000, 79702, 1, 0
93000, 75840, 1, 0
94000, 88660, 1, 0
95000, 92268, 1, 0
96000, 98004, 1, 0
97000, 96973, 1, 0
98000, 82008, 1, 0
99000, 95214, 1, 0
100000, 698668, 1, 0
101000, 2262771, 1, 0
102000, 84894, 1, 0
103000, 92423, 1, 0
104000, 98881, 1, 0
105000, 93289, 1, 0
106000, 87031, 1, 0
107000, 104968, 1, 0
108000, 83942, 1, 0
109000, 119197, 1, 0
110000, 96113, 1, 0
111000, 79919, 1, 0
112000, 95604, 1, 0
113000, 100135, 1, 0
114000, 103279, 1, 0
115000, 82187, 1, 0
116000, 79146, 1, 0
117000, 88742, 1, 0
118004, 118245, 1, 0
119000, 98164, 1, 0
120002, 105043, 1, 0
121000, 97867, 1, 0
122000, 6823456, 1, 0
123000, 99252, 1, 0
124000, 87766, 1, 0
125000, 90533, 1, 0
126000, 98400, 1, 0
127000, 87158, 1, 0
128000, 75258, 1, 0
129000, 92748, 1, 0
130000, 83385, 1, 0
131000, 83845, 1, 0
132000, 94215, 1, 0
133000, 92210, 1, 0
134000, 90998, 1, 0
135000, 82483, 1, 0
136000, 99257, 1, 0
137000, 107567, 1, 0
138000, 97500, 1, 0
139000, 76404, 1, 0
140000, 80530, 1, 0
141000, 88165, 1, 0
142000, 88078, 1, 0
143000, 76262, 1, 0
144006, 11007496, 1, 0
145000, 102460, 1, 0
146000, 78703, 1, 0
147000, 97639, 1, 0
148000, 69848, 1, 0
149000, 90711, 1, 0
150000, 101938, 1, 0
151000, 93982, 1, 0
152000, 82253, 1, 0
153000, 91905, 1, 0
154000, 99612, 1, 0
155000, 78150, 1, 0
156000, 94438, 1, 0
157000, 112184, 1, 0
158000, 97813, 1, 0
159000, 99753, 1, 0
160000, 99037, 1, 0
161000, 75596, 1, 0
162000, 85101, 1, 0
163000, 82832, 1, 0
164000, 97267, 1, 0
165033, 3315357, 1, 0
166000, 10313151, 1, 0
167000, 79278, 1, 0
168000, 89880, 1, 0
169000, 100362, 1, 0
170000, 99663, 1, 0
171000, 105298, 1, 0
172000, 92265, 1, 0
173000, 108809, 1, 0
174000, 90731, 1, 0
175004, 123091, 1, 0
176000, 77487, 1, 0
177000, 85556, 1, 0
178000, 107833, 1, 0
179000, 120446, 1, 0
180000, 92734, 1, 0
181000, 110414, 1, 0
182000, 87352, 1, 0
183000, 82194, 1, 0
184000, 96038, 1, 0
185004, 88692, 1, 0
186000, 86302, 1, 0
187000, 2552372, 1, 0
188000, 5037827, 1, 0
189000, 118073, 1, 0
190000, 100100, 1, 0
191000, 109705, 1, 0
192000, 82450, 1, 0
193000, 90535, 1, 0
194004, 120514, 1, 0
195000, 83385, 1, 0
196000, 87291, 1, 0
197000, 79618, 1, 0
198000, 96214, 1, 0
199000, 96691, 1, 0
200000, 86637, 1, 0
201000, 96330, 1, 0
202000, 96486, 1, 0
203000, 96818, 1, 0
204000, 101928, 1, 0
205000, 82898, 1, 0
206000, 90331, 1, 0
207000, 102522, 1, 0
208000, 89347, 1, 0
209000, 103923, 1, 0
210000, 11309375, 1, 0
211000, 375438, 1, 0
212000, 61915, 1, 0
213000, 100856, 1, 0
214000, 101683, 1, 0
215000, 83665, 1, 0
216000, 103811, 1, 0
217000, 94871, 1, 0
218000, 86361, 1, 0
219000, 94854, 1, 0
220000, 102095, 1, 0
221000, 81732, 1, 0
222000, 87442, 1, 0
223000, 89748, 1, 0
224000, 99501, 1, 0
225000, 90868, 1, 0
226000, 104151, 1, 0
227000, 86979, 1, 0
228000, 80384, 1, 0
229000, 99301, 1, 0
230000, 85132, 1, 0
231000, 91945, 1, 0
232231, 8015395, 1, 0
233000, 1105331, 1, 0
234000, 107390, 1, 0
235000, 101789, 1, 0
236025, 2317283, 1, 0
237079, 679379759, 1, 0
238068, 929553738, 1, 0
239037, 687359094, 1, 0
240028, 743634345, 1, 0
241115, 966583048, 1, 0
242020, 812192838, 1, 0
243063, 729725655, 1, 0
244050, 969048894, 1, 0
245110, 756767749, 1, 0
246061, 693409017, 1, 0
247058, 788293424, 1, 0
248094, 745588558, 1, 0
249186, 634223549, 1, 0
250006, 884591619, 1, 0
251098, 757123682, 1, 0
252022, 976670434, 1, 0
253013, 576353749, 1, 0
254094, 713912033, 1, 0
255277, 656790858, 1, 0
256040, 830806884, 1, 0
257118, 798771538, 1, 0
258017, 916713457, 1, 0
259158, 742535776, 1, 0
260035, 681919780, 1, 0
261068, 808872308, 1, 0
262025, 868629094, 1, 0
263077, 827564540, 1, 0
264052, 755766914, 1, 0
265004, 741100980, 1, 0
266013, 748292409, 1, 0
267012, 868333402, 1, 0
268013, 668492852, 1, 0
269069, 1056576926, 1, 0
270047, 850854863, 1, 0
271129, 774220882, 1, 0
272212, 939958216, 1, 0
273166, 815638458, 1, 0
274122, 735687369, 1, 0
275058, 630790092, 1, 0
276077, 799747468, 1, 0
277036, 989411134, 1, 0
278012, 718292393, 1, 0
279004, 791723362, 1, 0
280061, 710073711, 1, 0
281133, 736512246, 1, 0
282091, 715239645, 1, 0
283063, 753781211, 1, 0
284029, 693616820, 1, 0
285123, 699249045, 1, 0
286053, 790865545, 1, 0
287104, 723565490, 1, 0
288023, 716628148, 1, 0
289186, 950753094, 1, 0
290000, 762766812, 1, 0
291177, 774942190, 1, 0
292069, 662902908, 1, 0
293004, 946077461, 1, 0
294045, 812329882, 1, 0
295011, 953630982, 1, 0
296015, 925606704, 1, 0
297070, 784367480, 1, 0
298011, 694872647, 1, 0
299041, 966625235, 1, 0
300152, 633095982, 1, 0
301104, 742044572, 1, 0
302139, 1036338252, 1, 0
303050, 874118248, 1, 0
304001, 570432895, 1, 0
305125, 656867752, 1, 0
306132, 786711644, 1, 0
307046, 796934766, 1, 0
308047, 813187508, 1, 0
309000, 900339714, 1, 0
310023, 628765770, 1, 0
311037, 677352166, 1, 0
312009, 752978811, 1, 0
313127, 743582103, 1, 0
314014, 750733622, 1, 0
315013, 906386723, 1, 0
316185, 708416947, 1, 0
317017, 633398944, 1, 0
318035, 952463543, 1, 0
319012, 751712574, 1, 0
320006, 869298363, 1, 0
321052, 1021322163, 1, 0
322028, 648688771, 1, 0
323075, 677984145, 1, 0
324052, 770213987, 1, 0
325027, 769735987, 1, 0
326068, 635248295, 1, 0
327057, 809610921, 1, 0
328117, 609861304, 1, 0
329221, 942262707, 1, 0
330069, 766395630, 1, 0
331172, 811686139, 1, 0
332005, 842762646, 1, 0
333110, 763481256, 1, 0
334068, 841707274, 1, 0
335000, 708295224, 1, 0
336078, 672227768, 1, 0
337113, 765206762, 1, 0
338146, 720833422, 1, 0
339035, 768981564, 1, 0
340042, 698465247, 1, 0
341070, 663670640, 1, 0
342047, 787333690, 1, 0
343160, 934567234, 1, 0
344141, 753817823, 1, 0
345096, 772230131, 1, 0
346171, 687135329, 1, 0
347036, 776597822, 1, 0
348181, 779892844, 1, 0
349008, 768376747, 1, 0
350035, 609086311, 1, 0
351032, 770785595, 1, 0
352249, 841415216, 1, 0
353046, 745472180, 1, 0
354074, 757567914, 1, 0
355038, 814917917, 1, 0
356116, 846110672, 1, 0
357018, 787187213, 1, 0
358167, 807324334, 1, 0
359050, 1076235502, 1, 0
360063, 959422839, 1, 0
361012, 791490605, 1, 0
362102, 805692270, 1, 0
363059, 577304484, 1, 0
364039, 631292187, 1, 0
365051, 822097399, 1, 0
366042, 742760689, 1, 0
367064, 769043545, 1, 0
368276, 846554624, 1, 0
369001, 1120185362, 1, 0
370148, 872533725, 1, 0
371139, 574375594, 1, 0
372085, 733157582, 1, 0
373140, 965582934, 1, 0
374002, 909283498, 1, 0
375211, 579166212, 1, 0
376078, 628485049, 1, 0
377006, 780302239, 1, 0
378020, 704888676, 1, 0
379114, 1024552968, 1, 0
380029, 839048705, 1, 0
381011, 889585565, 1, 0
382072, 652870183, 1, 0
383180, 879159484, 1, 0
384161, 729739410, 1, 0
385074, 939737241, 1, 0
386009, 1009750679, 1, 0
387070, 753646046, 1, 0
388014, 1108212597, 1, 0
389020, 946230496, 1, 0
390006, 745331712, 1, 0
391030, 781199571, 1, 0
392009, 885271412, 1, 0
393095, 793066628, 1, 0
394041, 964572578, 1, 0
395129, 847879328, 1, 0
396083, 913014490, 1, 0
397150, 824493213, 1, 0
398123, 1059406854, 1, 0
399105, 732222591, 1, 0
400078, 914439220, 1, 0
401038, 898885079, 1, 0
402198, 645492123, 1, 0
403134, 761114552, 1, 0
404014, 955295873, 1, 0
405044, 1105773933, 1, 0
406173, 787329786, 1, 0
407260, 852657686, 1, 0
408060, 1089734327, 1, 0
409002, 944193108, 1, 0
410175, 733421321, 1, 0
411059, 802384181, 1, 0
412169, 933609533, 1, 0
413110, 821121937, 1, 0
414037, 1204914518, 1, 0
415089, 798740525, 1, 0
416123, 736696160, 1, 0
417043, 712857117, 1, 0
418001, 860776117, 1, 0
419001, 844243884, 1, 0
420154, 944875967, 1, 0
421000, 843315199, 1, 0
422079, 807344352, 1, 0
423027, 691105633, 1, 0
424033, 835475719, 1, 0
425014, 714802474, 1, 0
426020, 703971876, 1, 0
427031, 744614609, 1, 0
428024, 836387197, 1, 0
429140, 714944371, 1, 0
430107, 931038225, 1, 0
431272, 907855120, 1, 0
432045, 1172113248, 1, 0
433051, 863691620, 1, 0
434142, 1173669416, 1, 0
435046, 1007725800, 1, 0
436186, 826935815, 1, 0
437008, 732447351, 1, 0
438144, 868583910, 1, 0
439059, 960952770, 1, 0
440226, 833843657, 1, 0
441023, 942827610, 1, 0
442014, 673679363, 1, 0
443039, 1229887194, 1, 0
444047, 988350898, 1, 0
445204, 812804200, 1, 0
446007, 921539373, 1, 0
447064, 730895490, 1, 0
448150, 983839892, 1, 0
449140, 962591202, 1, 0
450184, 745329332, 1, 0
451094, 985580167, 1, 0
452036, 821073198, 1, 0
453138, 834063454, 1, 0
454017, 862429907, 1, 0
455028, 845959243, 1, 0
456066, 1044680873, 1, 0
457122, 667637120, 1, 0
458046, 1122294091, 1, 0
459001, 840570735, 1, 0
460090, 963703478, 1, 0
461036, 1037129610, 1, 0
462072, 852184965, 1, 0
463031, 725995639, 1, 0
464062, 843419683, 1, 0
465063, 693432599, 1, 0
466007, 647018030, 1, 0
467069, 786823329, 1, 0
468033, 818170761, 1, 0
469080, 756668480, 1, 0
470081, 977419777, 1, 0
471165, 627068932, 1, 0
472164, 864678200, 1, 0
473033, 726136953, 1, 0
474084, 816195434, 1, 0
475116, 665097558, 1, 0
476005, 653499902, 1, 0
477062, 637037423, 1, 0
478121, 924086295, 1, 0
479158, 672098329, 1, 0
480047, 769085623, 1, 0
481084, 819292358, 1, 0
482003, 782061093, 1, 0
483222, 708077643, 1, 0
484119, 878055664, 1, 0
485030, 623088921, 1, 0
486092, 519300298, 1, 0
487157, 906546551, 1, 0
488052, 630034277, 1, 0
489011, 685585243, 1, 0
490229, 704767684, 1, 0
491023, 918903397, 1, 0
492020, 791388650, 1, 0
493214, 947687394, 1, 0
494262, 867306028, 1, 0
495053, 756519672, 1, 0
496069, 762760866, 1, 0
497106, 1053359248, 1, 0
498070, 1068252516, 1, 0
499151, 789461574, 1, 0
500087, 808597900, 1, 0
501199, 642092830, 1, 0
502050, 723913733, 1, 0
503075, 643738401, 1, 0
504072, 797059343, 1, 0
505003, 734145594, 1, 0
506081, 889659286, 1, 0
507134, 764323823, 1, 0
508050, 807278095, 1, 0
509210, 765919966, 1, 0
510151, 718866756, 1, 0
511141, 854840146, 1, 0
512044, 751886773, 1, 0
513003, 650572122, 1, 0
514004, 625934933, 1, 0
515092, 892119646, 1, 0
516006, 606952436, 1, 0
517123, 708912488, 1, 0
518144, 929922849, 1, 0
519033, 1028333309, 1, 0
520089, 1069979169, 1, 0
521121, 596622642, 1, 0
522067, 700642667, 1, 0
523041, 900043123, 1, 0
524080, 838335080, 1, 0
525050, 937044570, 1, 0
526182, 958744676, 1, 0
527105, 952706937, 1, 0
528079, 786989132, 1, 0
529050, 1112304122, 1, 0
530116, 926532685, 1, 0
531014, 828475189, 1, 0
532184, 723530070, 1, 0
533117, 817511321, 1, 0
534033, 581575534, 1, 0
535003, 886567724, 1, 0
536035, 788811057, 1, 0
537011, 794319536, 1, 0
538054, 647287965, 1, 0
539060, 891846846, 1, 0
540064, 884663603, 1, 0
541002, 891187995, 1, 0
542004, 684014649, 1, 0
543098, 833156229, 1, 0
544119, 721637062, 1, 0
545125, 1050855110, 1, 0
546247, 860893750, 1, 0
547026, 1043460225, 1, 0
548002, 1028249814, 1, 0
549037, 649726073, 1, 0
550124, 824745113, 1, 0
551034, 897210496, 1, 0
552112, 912566805, 1, 0
553057, 1157416220, 1, 0
554018, 1137754571, 1, 0
555235, 901015657, 1, 0
556079, 791672648, 1, 0
557157, 1116443701, 1, 0
558158, 992858038, 1, 0
559110, 629426330, 1, 0
560009, 889410486, 1, 0
561050, 726255365, 1, 0
562060, 1098712791, 1, 0
563062, 1006408569, 1, 0
564128, 862328790, 1, 0
565115, 829684630, 1, 0
566032, 819255576, 1, 0
567023, 729004366, 1, 0
568245, 748556285, 1, 0
569031, 1029525274, 1, 0
570246, 865078031, 1, 0
571020, 934409454, 1, 0
572017, 820964967, 1, 0
573078, 847641499, 1, 0
574004, 1150360624, 1, 0
575140, 1035402017, 1, 0
576044, 1070468694, 1, 0
577099, 1114122972, 1, 0
578177, 996166115, 1, 0
579053, 986238562, 1, 0
580092, 720702996, 1, 0
581138, 1088480985, 1, 0
582082, 1193489734, 1, 0
583128, 1476944144, 1, 0
584093, 1412818242, 1, 0
585193, 964565762, 1, 0
586146, 812979759, 1, 0
587176, 724741619, 1, 0
588014, 792186441, 1, 0
589083, 852907081, 1, 0
590146, 856754419, 1, 0
591010, 957511764, 1, 0
592241, 1275107054, 1, 0
593041, 1124229987, 1, 0
594007, 944865220, 1, 0
595007, 668604827, 1, 0
596005, 840679425, 1, 0
597020, 616109386, 1, 0
598033, 814916911, 1, 0
599079, 713885670, 1, 0
600018, 763386463, 1, 0
600271, 722091404, 1, 0
