1017, 8006944, 0, 0
2007, 8830818, 0, 0
3078, 8915591, 0, 0
4017, 8689451, 0, 0
5030, 9040748, 0, 0
6004, 8612228, 0, 0
7034, 8510901, 0, 0
8033, 8913444, 0, 0
9015, 8762056, 0, 0
10035, 9093147, 0, 0
11018, 8774356, 0, 0
12053, 8618893, 0, 0
13024, 8583085, 0, 0
14006, 8685682, 0, 0
15042, 8557770, 0, 0
16023, 8668869, 0, 0
17064, 8599962, 0, 0
18058, 8207249, 0, 0
19023, 8611651, 0, 0
20061, 8497503, 0, 0
21000, 8607538, 0, 0
22009, 9993088, 0, 0
23068, 8666253, 0, 0
24071, 9549635, 0, 0
25044, 8683641, 0, 0
26052, 8832039, 0, 0
27041, 8821804, 0, 0
28008, 8551004, 0, 0
29036, 8561820, 0, 0
30052, 8252433, 0, 0
31042, 8535375, 0, 0
32071, 8565935, 0, 0
33044, 9259029, 0, 0
34020, 8627885, 0, 0
35067, 8645396, 0, 0
36025, 8398752, 0, 0
37008, 8542509, 0, 0
38014, 8242889, 0, 0
39043, 8496243, 0, 0
40011, 8555257, 0, 0
41050, 8652470, 0, 0
42053, 9029425, 0, 0
43015, 8434983, 0, 0
44000, 8711496, 0, 0
45008, 8834001, 0, 0
46061, 8621331, 0, 0
47021, 9223873, 0, 0
48001, 8591946, 0, 0
49003, 8862348, 0, 0
50041, 8361111, 0, 0
51056, 8251040, 0, 0
52058, 8705137, 0, 0
53060, 8709320, 0, 0
54055, 8639867, 0, 0
55011, 8456546, 0, 0
56030, 8146474, 0, 0
57047, 8399134, 0, 0
58031, 8698996, 0, 0
59049, 8341409, 0, 0
60000, 8185149, 0, 0
61035, 8478817, 0, 0
62008, 8610774, 0, 0
63051, 8613004, 0, 0
64021, 8571093, 0, 0
65065, 8555719, 0, 0
66036, 8436266, 0, 0
67014, 8570650, 0, 0
68047, 8818989, 0, 0
69063, 8911585, 0, 0
70016, 8203860, 0, 0
71038, 8881100, 0, 0
72033, 8289174, 0, 0
73025, 8546015, 0, 0
74022, 8582916, 0, 0
75041, 8151032, 0, 0
76051, 8696347, 0, 0
77038, 8652907, 0, 0
78061, 8971525, 0, 0
79046, 8269129, 0, 0
80042, 8507892, 0, 0
81007, 8603033, 0, 0
82035, 8494097, 0, 0
83006, 9066331, 0, 0
84019, 9463561, 0, 0
85022, 8635632, 0, 0
86060, 8231667, 0, 0
87034, 8321362, 0, 0
88032, 8597998, 0, 0
89056, 8052349, 0, 0
90048, 8619265, 0, 0
91028, 8593179, 0, 0
92011, 8465213, 0, 0
93024, 8096027, 0, 0
94004, 8370458, 0, 0
95057, 8624462, 0, 0
96060, 8084129, 0, 0
97059, 8836527, 0, 0
98041, 8531772, 0, 0
99059, 8405733, 0, 0
100010, 8341365, 0, 0
101066, 8720923, 0, 0
102055, 8370825, 0, 0
103065, 8341366, 0, 0
104083, 8620922, 0, 0
105035, 8128924, 0, 0
106012, 8204526, 0, 0
107028, 8119562, 0, 0
108035, 8599821, 0, 0
109017, 8762034, 0, 0
110011, 8787970, 0, 0
111036, 8332595, 0, 0
112069, 9051575, 0, 0
113022, 8141046, 0, 0
114001, 8971845, 0, 0
115020, 8701233, 0, 0
116048, 8856123, 0, 0
117009, 8280337, 0, 0
118017, 8254141, 0, 0
119026, 8001215, 0, 0
120068, 8331446, 0, 0
121032, 7765830, 0, 0
122065, 7761880, 0, 0
123044, 8089837, 0, 0
124037, 8621814, 0, 0
125060, 8380491, 0, 0
126013, 8070331, 0, 0
127070, 8249330, 0, 0
128044, 8250266, 0, 0
129045, 8263956, 0, 0
130021, 8408859, 0, 0
131038, 8690651, 0, 0
132008, 8207369, 0, 0
133041, 8068121, 0, 0
134056, 8671049, 0, 0
135045, 8304099, 0, 0
136016, 7757190, 0, 0
137064, 8449716, 0, 0
138043, 8014226, 0, 0
139038, 8354241, 0, 0
140021, 8052189, 0, 0
141008, 8355806, 0, 0
142015, 8679624, 0, 0
143066, 8139642, 0, 0
144026, 7925099, 0, 0
145059, 8130945, 0, 0
146035, 8121078, 0, 0
147022, 8291681, 0, 0
148060, 8570474, 0, 0
149009, 7968523, 0, 0
150069, 8408046, 0, 0
151056, 8505967, 0, 0
152038, 8101884, 0, 0
153009, 8091731, 0, 0
154012, 7953703, 0, 0
155042, 8794711, 0, 0
156005, 7696235, 0, 0
157049, 7965656, 0, 0
158033, 8057269, 0, 0
159021, 8297003, 0, 0
160040, 8418839, 0, 0
161013, 8101498, 0, 0
162033, 8352195, 0, 0
163027, 8348499, 0, 0
164068, 8190510, 0, 0
165073, 8580757, 0, 0
166021, 8023150, 0, 0
167063, 7952656, 0, 0
168033, 8278090, 0, 0
169048, 7924506, 0, 0
170036, 8232290, 0, 0
171010, 7723288, 0, 0
172044, 7949053, 0, 0
173042, 6510676, 0, 0
174058, 7813838, 0, 0
175046, 8226667, 0, 0
176027, 8237232, 0, 0
177052, 8604194, 0, 0
178051, 8317562, 0, 0
179017, 8255254, 0, 0
180042, 7995117, 0, 0
181001, 7607295, 0, 0
182059, 6866761, 0, 0
183036, 8001873, 0, 0
184015, 8017007, 0, 0
185054, 7981564, 0, 0
186033, 7829934, 0, 0
187038, 8032766, 0, 0
188026, 8089919, 0, 0
189026, 8189225, 0, 0
190045, 8412528, 0, 0
191024, 7829485, 0, 0
192013, 8664577, 0, 0
193054, 8128151, 0, 0
194022, 8338801, 0, 0
195029, 8456688, 0, 0
196081, 8213259, 0, 0
197027, 8076127, 0, 0
198050, 7864400, 0, 0
199027, 7937803, 0, 0
200049, 8512408, 0, 0
201068, 8551434, 0, 0
202025, 8036361, 0, 0
203011, 8569362, 0, 0
204064, 8223188, 0, 0
205019, 7449834, 0, 0
206062, 8209769, 0, 0
207043, 8309094, 0, 0
208011, 8190317, 0, 0
209061, 8073534, 0, 0
210044, 7986196, 0, 0
211073, 7448001, 0, 0
212000, 7986730, 0, 0
213024, 7992066, 0, 0
214050, 8336943, 0, 0
215034, 8264034, 0, 0
216013, 8018442, 0, 0
217021, 7572505, 0, 0
218059, 7978048, 0, 0
219018, 8331635, 0, 0
220044, 7821575, 0, 0
221051, 8252052, 0, 0
222015, 7707217, 0, 0
223009, 8206780, 0, 0
224056, 8044237, 0, 0
225018, 8148588, 0, 0
226027, 7753101, 0, 0
227052, 7761885, 0, 0
228003, 7305815, 0, 0
229001, 8174505, 0, 0
230070, 8414944, 0, 0
231032, 8139018, 0, 0
232020, 8226221, 0, 0
233032, 7606509, 0, 0
234063, 8113824, 0, 0
235054, 7793059, 0, 0
236032, 7821355, 0, 0
237069, 8351399, 0, 0
238038, 7809079, 0, 0
239037, 7622138, 0, 0
240044, 8179233, 0, 0
241060, 7629342, 0, 0
242044, 8062670, 0, 0
243040, 8359899, 0, 0
244038, 7978390, 0, 0
245007, 8143346, 0, 0
246004, 7907387, 0, 0
247045, 8056974, 0, 0
248041, 8433440, 0, 0
249051, 8628560, 0, 0
250057, 7389768, 0, 0
251005, 7700497, 0, 0
252062, 7941813, 0, 0
253058, 7964865, 0, 0
254017, 8052582, 0, 0
255019, 7582608, 0, 0
256019, 7746122, 0, 0
257055, 7558672, 0, 0
258044, 8374722, 0, 0
259044, 8118821, 0, 0
260066, 7737784, 0, 0
261031, 7654475, 0, 0
262006, 7733354, 0, 0
263070, 7759569, 0, 0
264066, 7897222, 0, 0
265008, 7908477, 0, 0
266052, 8150691, 0, 0
267058, 7387493, 0, 0
268011, 7499270, 0, 0
269013, 8274137, 0, 0
270004, 8052439, 0, 0
271011, 7738925, 0, 0
272002, 8116033, 0, 0
273034, 8388455, 0, 0
274007, 8162563, 0, 0
275046, 7212759, 0, 0
276056, 7311397, 0, 0
277033, 7627968, 0, 0
278001, 7798257, 0, 0
279068, 7956775, 0, 0
280047, 7952999, 0, 0
281049, 7468662, 0, 0
282060, 7216263, 0, 0
283002, 7295397, 0, 0
284047, 7972287, 0, 0
285010, 7578745, 0, 0
286027, 7810918, 0, 0
287044, 7817977, 0, 0
288018, 7160998, 0, 0
289036, 8264025, 0, 0
290004, 7862830, 0, 0
291021, 8066383, 0, 0
292066, 7568552, 0, 0
293009, 7850716, 0, 0
294015, 7126812, 0, 0
295048, 7762843, 0, 0
296062, 7502607, 0, 0
297031, 7508998, 0, 0
298072, 7648361, 0, 0
299007, 7917449, 0, 0
300018, 7710187, 0, 0
301010, 7619271, 0, 0
302000, 7728355, 0, 0
303034, 7488480, 0, 0
304007, 8382294, 0, 0
305043, 7615375, 0, 0
306035, 7676683, 0, 0
307000, 7531976, 0, 0
308076, 7911040, 0, 0
309057, 8165469, 0, 0
310045, 7837189, 0, 0
311019, 7850542, 0, 0
312011, 7679886, 0, 0
313050, 7745453, 0, 0
314022, 8308440, 0, 0
315012, 7725900, 0, 0
316029, 7359466, 0, 0
317030, 7579181, 0, 0
318078, 7873509, 0, 0
319063, 7753315, 0, 0
320019, 8300965, 0, 0
321066, 7749493, 0, 0
322031, 7780218, 0, 0
323019, 7474506, 0, 0
324008, 7778562, 0, 0
325037, 7093090, 0, 0
326001, 7963870, 0, 0
327047, 7680033, 0, 0
328041, 7582136, 0, 0
329013, 7651783, 0, 0
330001, 7589363, 0, 0
331033, 8315077, 0, 0
332028, 7478839, 0, 0
333062, 7829564, 0, 0
334036, 7723669, 0, 0
335029, 7456816, 0, 0
336013, 7563290, 0, 0
337018, 7275833, 0, 0
338050, 7692892, 0, 0
339032, 7382567, 0, 0
340048, 8120929, 0, 0
341034, 7463404, 0, 0
342023, 7374331, 0, 0
343033, 7645077, 0, 0
344001, 7441382, 0, 0
345009, 7863304, 0, 0
346003, 7255120, 0, 0
347041, 7678806, 0, 0
348065, 7578843, 0, 0
349022, 7296921, 0, 0
350051, 7734377, 0, 0
351020, 7448719, 0, 0
352043, 7456447, 0, 0
353066, 7352262, 0, 0
354044, 7819167, 0, 0
355007, 7638465, 0, 0
356056, 7434422, 0, 0
357007, 7361990, 0, 0
358058, 7723624, 0, 0
359027, 7563941, 0, 0
360070, 7774093, 0, 0
361047, 7399379, 0, 0
362039, 7128106, 0, 0
363062, 7459380, 0, 0
364037, 7494598, 0, 0
365011, 7322416, 0, 0
366022, 7477066, 0, 0
367039, 7586461, 0, 0
368029, 7435211, 0, 0
369045, 7519152, 0, 0
370044, 7451705, 0, 0
371018, 7487112, 0, 0
372022, 7777188, 0, 0
373073, 7603863, 0, 0
374003, 7811833, 0, 0
375027, 7411749, 0, 0
376024, 7276846, 0, 0
377055, 7683230, 0, 0
378012, 7774094, 0, 0
379033, 7389774, 0, 0
380056, 7574908, 0, 0
381020, 7580901, 0, 0
382025, 7606772, 0, 0
383046, 7395598, 0, 0
384001, 7887470, 0, 0
385006, 7070587, 0, 0
386035, 7342586, 0, 0
387057, 6946158, 0, 0
388008, 6834668, 0, 0
389049, 7536811, 0, 0
390058, 7820651, 0, 0
391044, 7520660, 0, 0
392029, 7506965, 0, 0
393020, 7859189, 0, 0
394054, 7595372, 0, 0
395028, 6622275, 0, 0
396062, 7074053, 0, 0
397019, 6830243, 0, 0
398071, 7053616, 0, 0
399053, 7610876, 0, 0
400001, 7511933, 0, 0
401031, 6906497, 0, 0
402025, 7643615, 0, 0
403011, 7518681, 0, 0
404017, 6834442, 0, 0
405022, 7386011, 0, 0
406013, 7389662, 0, 0
407001, 7315102, 0, 0
408000, 6973909, 0, 0
409060, 7259666, 0, 0
410039, 7519206, 0, 0
411059, 8493334, 0, 0
412077, 7321885, 0, 0
413018, 7228083, 0, 0
414053, 7235136, 0, 0
415046, 6888675, 0, 0
416026, 7194892, 0, 0
417043, 7421555, 0, 0
418018, 7005698, 0, 0
419039, 7556655, 0, 0
420007, 7803488, 0, 0
421061, 7914781, 0, 0
422067, 7850135, 0, 0
423062, 7418760, 0, 0
424061, 7288051, 0, 0
425007, 6949490, 0, 0
426033, 7170291, 0, 0
427015, 7106900, 0, 0
428056, 7430790, 0, 0
429056, 7235594, 0, 0
430010, 6961642, 0, 0
431042, 7472014, 0, 0
432046, 6961491, 0, 0
433014, 7060234, 0, 0
434014, 7870287, 0, 0
435056, 7601841, 0, 0
436052, 7711667, 0, 0
437002, 6685355, 0, 0
438052, 7235656, 0, 0
439008, 7406985, 0, 0
440071, 7033688, 0, 0
441027, 6915199, 0, 0
442062, 7233449, 0, 0
443043, 7842419, 0, 0
444010, 7319534, 0, 0
445040, 7563453, 0, 0
446051, 6520872, 0, 0
447065, 7506388, 0, 0
448034, 7171676, 0, 0
449048, 7975181, 0, 0
450016, 7216050, 0, 0
451052, 6724265, 0, 0
452057, 7376542, 0, 0
453050, 7189120, 0, 0
454022, 7095056, 0, 0
455064, 7228179, 0, 0
456004, 7508023, 0, 0
457039, 6719033, 0, 0
458059, 6885096, 0, 0
459066, 7082363, 0, 0
460002, 7857414, 0, 0
461028, 6533904, 0, 0
462050, 6893548, 0, 0
463014, 7188054, 0, 0
464043, 6854152, 0, 0
465008, 6884126, 0, 0
466009, 6902255, 0, 0
467034, 7111849, 0, 0
468025, 7172654, 0, 0
469036, 7653285, 0, 0
470001, 6467965, 0, 0
471039, 7356433, 0, 0
472064, 7165312, 0, 0
473049, 7563119, 0, 0
474044, 7712318, 0, 0
475038, 7697898, 0, 0
476061, 7046788, 0, 0
477019, 7980887, 0, 0
478052, 6877280, 0, 0
479048, 6959586, 0, 0
480006, 6785803, 0, 0
481003, 7607275, 0, 0
482057, 7064747, 0, 0
483055, 7673792, 0, 0
484068, 7785218, 0, 0
485000, 7105697, 0, 0
486028, 6419929, 0, 0
487066, 6776841, 0, 0
488008, 7237987, 0, 0
489043, 6804956, 0, 0
490066, 7459819, 0, 0
491016, 7141163, 0, 0
492006, 7271241, 0, 0
493056, 7086056, 0, 0
494011, 6820010, 0, 0
495002, 7172946, 0, 0
496046, 6684177, 0, 0
497027, 6758656, 0, 0
498015, 7152113, 0, 0
499062, 7530239, 0, 0
500050, 6903722, 0, 0
501048, 7380503, 0, 0
502022, 7004184, 0, 0
503091, 7853514, 0, 0
504052, 6353995, 0, 0
505072, 7228969, 0, 0
506048, 7681855, 0, 0
507011, 6872929, 0, 0
508018, 7033248, 0, 0
509029, 7062728, 0, 0
510006, 6595195, 0, 0
511049, 7044429, 0, 0
512012, 7180383, 0, 0
513012, 7031558, 0, 0
514025, 7131763, 0, 0
515018, 7688406, 0, 0
516063, 7509244, 0, 0
517006, 6502050, 0, 0
518040, 6933416, 0, 0
519000, 6563263, 0, 0
520055, 7588961, 0, 0
521038, 6961407, 0, 0
522063, 6924962, 0, 0
523009, 6948712, 0, 0
524061, 7243001, 0, 0
525067, 6706064, 0, 0
526020, 6700044, 0, 0
527051, 8379179, 0, 0
528014, 6589020, 0, 0
529010, 6417115, 0, 0
530042, 6829860, 0, 0
531061, 6657132, 0, 0
532041, 6230089, 0, 0
533014, 7202072, 0, 0
534033, 7022524, 0, 0
535073, 7120530, 0, 0
536048, 7156535, 0, 0
537030, 7059902, 0, 0
538002, 6748606, 0, 0
539032, 6594080, 0, 0
540009, 7123520, 0, 0
541011, 6589419, 0, 0
542004, 7037034, 0, 0
543035, 7053135, 0, 0
544014, 7406354, 0, 0
545014, 7193698, 0, 0
546034, 7490054, 0, 0
547009, 6366516, 0, 0
548060, 6603829, 0, 0
549022, 6162529, 0, 0
550059, 6811778, 0, 0
551021, 6816428, 0, 0
552008, 6945815, 0, 0
553066, 6647281, 0, 0
554040, 6010895, 0, 0
555007, 6998397, 0, 0
556008, 6753930, 0, 0
557045, 6600713, 0, 0
558008, 6368343, 0, 0
559000, 6840920, 0, 0
560015, 7397688, 0, 0
561000, 6981732, 0, 0
562060, 6497046, 0, 0
563038, 7349206, 0, 0
564051, 7175863, 0, 0
565046, 6583757, 0, 0
566019, 6745658, 0, 0
567029, 6819070, 0, 0
568064, 6847268, 0, 0
569048, 6557176, 0, 0
570012, 6463436, 0, 0
571037, 7157741, 0, 0
572052, 6628444, 0, 0
573068, 6595402, 0, 0
574027, 6262200, 0, 0
575016, 6717066, 0, 0
576034, 7111317, 0, 0
577065, 6282533, 0, 0
578014, 6496197, 0, 0
579045, 6867735, 0, 0
580015, 6871623, 0, 0
581007, 6353552, 0, 0
582045, 6732956, 0, 0
583055, 6464201, 0, 0
584070, 7193154, 0, 0
585054, 6779582, 0, 0
586049, 6767179, 0, 0
587029, 6570095, 0, 0
588013, 6968726, 0, 0
589049, 6639499, 0, 0
590047, 6226405, 0, 0
591060, 6839498, 0, 0
592021, 6861308, 0, 0
593067, 6921054, 0, 0
594042, 6856744, 0, 0
595047, 6649228, 0, 0
596022, 7732937, 0, 0
597037, 6586581, 0, 0
598062, 6357052, 0, 0
599030, 6814282, 0, 0
600022, 6475090, 0, 0
601003, 6850771, 0, 0
602047, 6521757, 0, 0
603069, 6626268, 0, 0
604070, 6456981, 0, 0
605005, 6350290, 0, 0
606030, 7165320, 0, 0
607009, 7243566, 0, 0
608024, 6994562, 0, 0
609019, 6996424, 0, 0
610054, 6305014, 0, 0
611053, 6164613, 0, 0
612037, 6299318, 0, 0
613055, 6356995, 0, 0
614022, 6850325, 0, 0
615033, 6436326, 0, 0
616046, 6700360, 0, 0
617038, 6738745, 0, 0
618063, 7422042, 0, 0
619003, 6301609, 0, 0
620032, 6768985, 0, 0
621032, 7345831, 0, 0
622046, 7030212, 0, 0
623020, 6199568, 0, 0
624052, 6651088, 0, 0
625011, 7095011, 0, 0
626047, 6201577, 0, 0
627008, 6273953, 0, 0
628019, 6868098, 0, 0
629003, 6601566, 0, 0
630030, 6661695, 0, 0
631011, 7000158, 0, 0
632007, 6503206, 0, 0
633011, 6426892, 0, 0
634017, 6980684, 0, 0
635017, 6408442, 0, 0
636054, 6392591, 0, 0
637016, 6966121, 0, 0
638034, 6275697, 0, 0
639013, 6308757, 0, 0
640018, 6435857, 0, 0
641044, 6288548, 0, 0
642024, 7200624, 0, 0
643068, 6518279, 0, 0
644010, 5601577, 0, 0
645010, 6404384, 0, 0
646009, 6882433, 0, 0
647007, 6476776, 0, 0
648020, 6930759, 0, 0
649056, 6468510, 0, 0
650043, 6358779, 0, 0
651012, 6286159, 0, 0
652034, 5903386, 0, 0
653057, 6081595, 0, 0
654005, 6969051, 0, 0
655056, 6324794, 0, 0
656068, 6434775, 0, 0
657048, 5933900, 0, 0
658012, 6059420, 0, 0
659006, 6800294, 0, 0
660049, 6126230, 0, 0
661026, 7074312, 0, 0
662005, 6270970, 0, 0
663013, 6067850, 0, 0
664018, 6738521, 0, 0
665045, 6703611, 0, 0
666056, 5644618, 0, 0
667036, 6752938, 0, 0
668016, 6616029, 0, 0
669000, 6637773, 0, 0
670083, 7025223, 0, 0
671000, 7514054, 0, 0
672041, 6498775, 0, 0
673026, 6694971, 0, 0
674069, 7496509, 0, 0
675048, 6890916, 0, 0
676047, 6926821, 0, 0
677064, 6911071, 0, 0
678026, 6321905, 0, 0
679024, 6193747, 0, 0
680087, 6034141, 0, 0
681062, 6539419, 0, 0
682022, 6309449, 0, 0
683039, 6427857, 0, 0
684019, 6397892, 0, 0
685010, 6308044, 0, 0
686059, 6675773, 0, 0
687055, 6462952, 0, 0
688040, 6109731, 0, 0
689031, 6970145, 0, 0
690059, 6586892, 0, 0
691026, 5961831, 0, 0
692065, 6488233, 0, 0
693030, 6834054, 0, 0
694056, 6612664, 0, 0
695029, 6568702, 0, 0
696068, 6251991, 0, 0
697038, 5983660, 0, 0
698039, 6537788, 0, 0
699021, 5903886, 0, 0
700047, 6331628, 0, 0
701016, 6409596, 0, 0
702025, 6461211, 0, 0
703009, 6596935, 0, 0
704058, 6201470, 0, 0
705019, 5783119, 0, 0
706071, 7003271, 0, 0
707051, 6043123, 0, 0
708009, 6340563, 0, 0
709050, 6379693, 0, 0
710045, 6328766, 0, 0
711045, 6170430, 0, 0
712009, 6979789, 0, 0
713035, 6137812, 0, 0
714002, 6658939, 0, 0
715024, 6003749, 0, 0
716033, 7310089, 0, 0
717028, 6332247, 0, 0
718032, 6038208, 0, 0
719067, 6943410, 0, 0
720040, 6073952, 0, 0
721017, 6547328, 0, 0
722060, 5955186, 0, 0
723049, 5918923, 0, 0
724020, 6337515, 0, 0
725050, 6471304, 0, 0
726044, 6285035, 0, 0
727010, 6108147, 0, 0
728026, 6151466, 0, 0
729006, 6040553, 0, 0
730067, 6057492, 0, 0
731034, 5890177, 0, 0
732063, 6508109, 0, 0
733045, 5872347, 0, 0
734078, 6106139, 0, 0
735059, 6950378, 0, 0
736016, 6207400, 0, 0
737060, 6561664, 0, 0
738021, 5712942, 0, 0
739033, 6695847, 0, 0
740058, 5985667, 0, 0
741046, 6622062, 0, 0
742053, 6063824, 0, 0
743051, 6352236, 0, 0
744056, 6044517, 0, 0
745039, 6252813, 0, 0
746060, 6455493, 0, 0
747050, 6427551, 0, 0
748059, 5962459, 0, 0
749049, 6258715, 0, 0
750023, 6081625, 0, 0
751078, 6270784, 0, 0
752024, 6660399, 0, 0
753012, 6014419, 0, 0
754098, 6616244, 0, 0
755025, 6218585, 0, 0
756001, 5835856, 0, 0
757045, 6438101, 0, 0
758034, 5953935, 0, 0
759028, 6490138, 0, 0
760057, 6383283, 0, 0
761000, 6629430, 0, 0
762009, 6426230, 0, 0
763006, 6821044, 0, 0
764030, 6687574, 0, 0
765056, 6061785, 0, 0
766057, 6171819, 0, 0
767060, 6816134, 0, 0
768060, 6127007, 0, 0
769121, 6711997, 0, 0
770020, 6806472, 0, 0
771044, 6235001, 0, 0
772043, 6274835, 0, 0
773054, 7012876, 0, 0
774036, 5804520, 0, 0
775002, 5847989, 0, 0
776064, 6435184, 0, 0
777037, 5997705, 0, 0
778030, 6522376, 0, 0
779049, 5956090, 0, 0
780065, 6902028, 0, 0
781039, 6807407, 0, 0
782002, 6414592, 0, 0
783062, 7054601, 0, 0
784004, 6628479, 0, 0
785034, 5850349, 0, 0
786050, 6300226, 0, 0
787043, 6397794, 0, 0
788038, 5617965, 0, 0
789009, 6058731, 0, 0
790015, 5810951, 0, 0
791055, 6492291, 0, 0
792014, 6520334, 0, 0
793029, 6894506, 0, 0
794040, 6477090, 0, 0
795041, 6753707, 0, 0
796025, 6185920, 0, 0
797040, 5927488, 0, 0
798025, 6830282, 0, 0
799056, 6564088, 0, 0
800023, 6112606, 0, 0
801055, 6740533, 0, 0
802045, 5813979, 0, 0
803037, 6316584, 0, 0
804060, 6225722, 0, 0
805015, 6362818, 0, 0
806029, 6212396, 0, 0
807064, 6048512, 0, 0
808045, 6365191, 0, 0
809026, 6366055, 0, 0
810016, 6026324, 0, 0
811035, 6245007, 0, 0
812006, 5880346, 0, 0
813046, 6575831, 0, 0
814065, 6521223, 0, 0
815064, 5980520, 0, 0
816035, 7237452, 0, 0
817009, 6527879, 0, 0
818037, 5834452, 0, 0
819012, 6864185, 0, 0
820046, 6112265, 0, 0
821023, 6252059, 0, 0
822030, 6753092, 0, 0
823032, 6542017, 0, 0
824028, 6682940, 0, 0
825022, 6167468, 0, 0
826077, 6200336, 0, 0
827050, 6070213, 0, 0
828018, 6534574, 0, 0
829052, 6335748, 0, 0
830005, 6903629, 0, 0
831015, 6467195, 0, 0
832052, 6475945, 0, 0
833048, 6376516, 0, 0
834042, 6662840, 0, 0
835042, 6055942, 0, 0
836033, 5929294, 0, 0
837047, 6616581, 0, 0
838049, 6257412, 0, 0
839011, 5933070, 0, 0
840069, 6256248, 0, 0
841000, 6594860, 0, 0
842040, 6257803, 0, 0
843017, 6777351, 0, 0
844034, 6644263, 0, 0
845063, 5802420, 0, 0
846073, 6233574, 0, 0
847021, 6310113, 0, 0
848011, 6181229, 0, 0
849050, 6370870, 0, 0
850001, 6206822, 0, 0
851066, 6185842, 0, 0
852052, 6193300, 0, 0
853030, 6694180, 0, 0
854028, 6780092, 0, 0
855035, 6096531, 0, 0
856042, 5684791, 0, 0
857051, 6628214, 0, 0
858042, 6037413, 0, 0
859056, 6495959, 0, 0
860002, 6177052, 0, 0
861048, 6491024, 0, 0
862002, 6071297, 0, 0
863064, 5701300, 0, 0
864003, 7326502, 0, 0
865058, 6313353, 0, 0
866016, 5941274, 0, 0
867034, 6438728, 0, 0
868045, 6233319, 0, 0
869032, 6804921, 0, 0
870010, 6219984, 0, 0
871048, 6441821, 0, 0
872018, 6052135, 0, 0
873001, 6553411, 0, 0
874062, 6619453, 0, 0
875000, 7157590, 0, 0
876016, 6188962, 0, 0
877043, 6793697, 0, 0
878009, 5610842, 0, 0
879014, 6396009, 0, 0
880058, 6514105, 0, 0
881008, 6506293, 0, 0
882014, 6786782, 0, 0
883019, 5976651, 0, 0
884006, 6123376, 0, 0
885042, 6468162, 0, 0
886053, 6738212, 0, 0
887056, 6904931, 0, 0
888051, 6454972, 0, 0
889030, 5968264, 0, 0
890056, 6697619, 0, 0
891045, 6134126, 0, 0
892012, 5460023, 0, 0
893010, 5600692, 0, 0
894050, 6145687, 0, 0
895005, 6278143, 0, 0
896012, 6022893, 0, 0
897004, 6352820, 0, 0
898052, 6193136, 0, 0
899014, 6582584, 0, 0
900035, 7131976, 0, 0
901058, 5810181, 0, 0
902028, 6375232, 0, 0
903026, 5966337, 0, 0
904044, 6240916, 0, 0
905006, 6199620, 0, 0
906045, 6873320, 0, 0
907028, 6335022, 0, 0
908012, 6185082, 0, 0
909026, 6618063, 0, 0
910034, 6584900, 0, 0
911000, 6349839, 0, 0
912024, 7150882, 0, 0
913062, 6031242, 0, 0
914001, 5453864, 0, 0
915021, 6135050, 0, 0
916051, 6235150, 0, 0
917078, 6538377, 0, 0
918038, 5990947, 0, 0
919004, 6268742, 0, 0
920002, 5866332, 0, 0
921037, 5803123, 0, 0
922022, 5723746, 0, 0
923003, 6804131, 0, 0
924041, 6363082, 0, 0
925021, 6572949, 0, 0
926008, 5762216, 0, 0
927002, 6623299, 0, 0
928054, 6290723, 0, 0
929014, 6394070, 0, 0
930011, 6035694, 0, 0
931006, 6333194, 0, 0
932068, 6673630, 0, 0
933001, 6471184, 0, 0
934075, 6460896, 0, 0
935071, 6104024, 0, 0
936003, 6471778, 0, 0
937006, 6815447, 0, 0
938041, 6419821, 0, 0
939003, 6326332, 0, 0
940067, 6764753, 0, 0
941043, 6132628, 0, 0
942022, 6523256, 0, 0
943071, 5754685, 0, 0
944003, 6514001, 0, 0
945058, 6238286, 0, 0
946034, 6629123, 0, 0
947005, 6177696, 0, 0
948060, 6351625, 0, 0
949045, 6649362, 0, 0
950072, 6749374, 0, 0
951050, 6740032, 0, 0
952039, 6096355, 0, 0
953050, 6120079, 0, 0
954068, 6398494, 0, 0
955011, 6453466, 0, 0
956032, 6255065, 0, 0
957003, 6179899, 0, 0
958052, 5487041, 0, 0
959047, 6252356, 0, 0
960003, 6584990, 0, 0
961062, 6567092, 0, 0
962029, 6042351, 0, 0
963006, 6292381, 0, 0
964022, 6305956, 0, 0
965005, 6173475, 0, 0
966023, 5747968, 0, 0
967051, 6001517, 0, 0
968022, 6695337, 0, 0
969025, 5820895, 0, 0
970010, 6270289, 0, 0
971032, 5866681, 0, 0
972062, 6597690, 0, 0
973035, 6226527, 0, 0
974002, 6358519, 0, 0
975044, 6089702, 0, 0
976023, 6265203, 0, 0
977013, 6466367, 0, 0
978052, 6180684, 0, 0
979033, 5629557, 0, 0
980005, 6028205, 0, 0
981026, 6624311, 0, 0
982002, 6636825, 0, 0
983044, 6264959, 0, 0
984027, 5954044, 0, 0
985013, 5596512, 0, 0
986015, 5559984, 0, 0
987061, 6111642, 0, 0
988038, 6175140, 0, 0
989009, 6736754, 0, 0
990018, 6262121, 0, 0
991053, 6464119, 0, 0
992009, 6536996, 0, 0
993022, 6932420, 0, 0
994068, 6004242, 0, 0
995048, 5896592, 0, 0
996039, 6558834, 0, 0
997043, 6777455, 0, 0
998028, 6475361, 0, 0
999006, 5954186, 0, 0
1000007, 5651586, 0, 0
1001015, 6180148, 0, 0
1002033, 5556305, 0, 0
1003042, 6032514, 0, 0
1004013, 6064435, 0, 0
1005076, 6172288, 0, 0
1006052, 7620518, 0, 0
1007034, 6211210, 0, 0
1008003, 6281144, 0, 0
1009067, 6485010, 0, 0
1010053, 6743995, 0, 0
1011027, 6575598, 0, 0
1012009, 6247622, 0, 0
1013040, 6055856, 0, 0
1014050, 6307907, 0, 0
1015020, 5945601, 0, 0
1016009, 6586177, 0, 0
1017055, 6112720, 0, 0
1018061, 6566649, 0, 0
1019072, 6691988, 0, 0
1020006, 6139130, 0, 0
1021001, 6411979, 0, 0
1022018, 6230328, 0, 0
1023045, 5999737, 0, 0
1024047, 6260313, 0, 0
1025045, 5759687, 0, 0
1026060, 5791091, 0, 0
1027053, 5767002, 0, 0
1028034, 6494487, 0, 0
1029031, 5855975, 0, 0
1030006, 6411128, 0, 0
1031015, 6258347, 0, 0
1032051, 6990287, 0, 0
1033006, 5390289, 0, 0
1034045, 6254006, 0, 0
1035019, 6276878, 0, 0
1036053, 6296875, 0, 0
1037046, 6087170, 0, 0
1038020, 5659182, 0, 0
1039001, 5729921, 0, 0
1040048, 5908628, 0, 0
1041004, 5824677, 0, 0
1042009, 6390919, 0, 0
1043071, 6313460, 0, 0
1044028, 6130128, 0, 0
1045018, 5854216, 0, 0
1046011, 6357478, 0, 0
1047005, 6057072, 0, 0
1048043, 6098033, 0, 0
1049041, 6687232, 0, 0
1050009, 6044597, 0, 0
1051060, 6955959, 0, 0
1052008, 5884597, 0, 0
1053053, 6321295, 0, 0
1054002, 6500166, 0, 0
1055033, 5951368, 0, 0
1056006, 6657501, 0, 0
1057063, 6246967, 0, 0
1058015, 6560489, 0, 0
1059027, 6691792, 0, 0
1060047, 6537776, 0, 0
1061048, 6021897, 0, 0
1062068, 5992550, 0, 0
1063046, 6690330, 0, 0
1064032, 6840849, 0, 0
1065033, 6101777, 0, 0
1066049, 6464157, 0, 0
1067016, 7003402, 0, 0
1068068, 6604311, 0, 0
1069000, 5645675, 0, 0
1070040, 6413533, 0, 0
1071049, 6809830, 0, 0
1072049, 6054465, 0, 0
1073008, 5989225, 0, 0
1074073, 6605274, 0, 0
1075017, 6506510, 0, 0
1076011, 6488877, 0, 0
1077066, 6199639, 0, 0
1078009, 5412522, 0, 0
1079026, 6311238, 0, 0
1080041, 5763277, 0, 0
1081030, 6172871, 0, 0
1082030, 6571328, 0, 0
1083009, 6656966, 0, 0
1084066, 6356657, 0, 0
1085032, 6110290, 0, 0
1086016, 6303160, 0, 0
1087036, 6172256, 0, 0
1088042, 6361912, 0, 0
1089002, 6068479, 0, 0
1090005, 6225414, 0, 0
1091030, 6607876, 0, 0
1092072, 6628376, 0, 0
1093040, 6362362, 0, 0
1094014, 6574522, 0, 0
1095009, 6538506, 0, 0
1096012, 6728442, 0, 0
1097074, 6884977, 0, 0
1098057, 6460898, 0, 0
1099015, 5980901, 0, 0
1100053, 6564090, 0, 0
1101027, 6903487, 0, 0
1102010, 5673661, 0, 0
1103072, 6244964, 0, 0
1104067, 6668110, 0, 0
1105062, 6454266, 0, 0
1106061, 5941987, 0, 0
1107038, 5946599, 0, 0
1108010, 6391254, 0, 0
1109069, 6010424, 0, 0
1110053, 6643724, 0, 0
1111045, 6561795, 0, 0
1112035, 6106955, 0, 0
1113001, 5741689, 0, 0
1114062, 6311278, 0, 0
1115015, 6303437, 0, 0
1116053, 6912128, 0, 0
1117070, 5974780, 0, 0
1118003, 6520706, 0, 0
1119030, 5545662, 0, 0
1120068, 5994911, 0, 0
1121003, 6579724, 0, 0
1122059, 6094009, 0, 0
1123011, 6798220, 0, 0
1124070, 6332040, 0, 0
1125068, 6649029, 0, 0
1126025, 5936517, 0, 0
1127064, 6406689, 0, 0
1128048, 6068564, 0, 0
1129066, 6478662, 0, 0
1130067, 6095983, 0, 0
1131042, 6123978, 0, 0
1132046, 6388833, 0, 0
1133051, 6010997, 0, 0
1134000, 5964808, 0, 0
1135007, 6571635, 0, 0
1136062, 6629713, 0, 0
1137011, 5613926, 0, 0
1138058, 5941482, 0, 0
1139037, 6309500, 0, 0
1140024, 6707570, 0, 0
1141047, 6469639, 0, 0
1142030, 5879614, 0, 0
1143039, 6217256, 0, 0
1144024, 6041468, 0, 0
1145059, 6078646, 0, 0
1146020, 6762395, 0, 0
1147065, 6486971, 0, 0
1148009, 6500313, 0, 0
1149006, 5827030, 0, 0
1150053, 6617710, 0, 0
1151039, 6941367, 0, 0
1152000, 6036394, 0, 0
1153023, 6812974, 0, 0
1154038, 6544867, 0, 0
1155058, 6656837, 0, 0
1156011, 6103782, 0, 0
1157067, 6354748, 0, 0
1158041, 6618396, 0, 0
1159014, 6797065, 0, 0
1160040, 5823212, 0, 0
1161058, 6054758, 0, 0
1162033, 6581971, 0, 0
1163017, 5646822, 0, 0
1164046, 5978367, 0, 0
1165044, 5936385, 0, 0
1166024, 6271283, 0, 0
1167023, 6839150, 0, 0
1168008, 6782181, 0, 0
1169051, 6512677, 0, 0
1170016, 6144262, 0, 0
1171051, 7079689, 0, 0
1172022, 5988484, 0, 0
1173034, 6608118, 0, 0
1174019, 6226112, 0, 0
1175010, 6471064, 0, 0
1176063, 5812586, 0, 0
1177035, 5918979, 0, 0
1178033, 5765988, 0, 0
1179060, 6576190, 0, 0
1180063, 6461742, 0, 0
1181057, 6249295, 0, 0
1182027, 6462393, 0, 0
1183016, 6247407, 0, 0
1184012, 6382266, 0, 0
1185051, 7014066, 0, 0
1186012, 6484811, 0, 0
1187020, 6853672, 0, 0
1188021, 6447349, 0, 0
1189070, 6472698, 0, 0
1190001, 6454449, 0, 0
1191048, 6305718, 0, 0
1192014, 6386894, 0, 0
1193059, 6255854, 0, 0
1194065, 6525432, 0, 0
1195031, 6226321, 0, 0
1196067, 7237824, 0, 0
1197037, 6015861, 0, 0
1198005, 5968752, 0, 0
1199010, 7224927, 0, 0
1200036, 5892538, 0, 0
1201023, 6360228, 0, 0
1202054, 6357411, 0, 0
1203027, 6522022, 0, 0
1204050, 6154693, 0, 0
1205069, 7074724, 0, 0
1206056, 5538831, 0, 0
1207025, 6814570, 0, 0
1208065, 6075570, 0, 0
1209069, 5968054, 0, 0
1210003, 6526071, 0, 0
1211039, 6428593, 0, 0
1212008, 6047781, 0, 0
1213055, 6227023, 0, 0
1214003, 6716571, 0, 0
1215001, 6563086, 0, 0
1216062, 5694617, 0, 0
1217019, 6170949, 0, 0
1218063, 6205674, 0, 0
1219033, 5701829, 0, 0
1220001, 6116356, 0, 0
1221078, 6259740, 0, 0
1222030, 6605410, 0, 0
1223024, 6406564, 0, 0
1224047, 5801010, 0, 0
1225010, 5795894, 0, 0
1226040, 6316298, 0, 0
1227029, 6540866, 0, 0
1228053, 6198955, 0, 0
1229019, 5959071, 0, 0
1230047, 5736143, 0, 0
1231052, 6396311, 0, 0
1232040, 6324283, 0, 0
1233022, 6544464, 0, 0
1234032, 6812835, 0, 0
1235039, 6248333, 0, 0
1236036, 6077563, 0, 0
1237064, 6072417, 0, 0
1238049, 6560108, 0, 0
1239006, 6464390, 0, 0
1240001, 5881311, 0, 0
1241067, 6654440, 0, 0
1242053, 6235630, 0, 0
1243054, 6097811, 0, 0
1244006, 6017411, 0, 0
1245033, 6574650, 0, 0
1246048, 5695978, 0, 0
1247018, 6297521, 0, 0
1248047, 6945384, 0, 0
1249004, 6287867, 0, 0
1250048, 5823753, 0, 0
1251058, 6552987, 0, 0
1252021, 6591909, 0, 0
1253037, 5863255, 0, 0
1254062, 6098915, 0, 0
1255046, 6729152, 0, 0
1256046, 6091731, 0, 0
1257035, 5988173, 0, 0
1258020, 5789761, 0, 0
1259019, 6357107, 0, 0
1260027, 6802093, 0, 0
1261041, 6253314, 0, 0
1262044, 6772718, 0, 0
1263022, 6735220, 0, 0
1264041, 6022284, 0, 0
1265000, 5911522, 0, 0
1266020, 6334105, 0, 0
1267024, 6554550, 0, 0
1268051, 6620217, 0, 0
1269027, 6052331, 0, 0
1270035, 5628540, 0, 0
1271036, 6449295, 0, 0
1272026, 6547760, 0, 0
1273043, 6517558, 0, 0
1274000, 5975373, 0, 0
1275002, 6211961, 0, 0
1276053, 6402411, 0, 0
1277032, 6077917, 0, 0
1278001, 6047495, 0, 0
1279017, 5833887, 0, 0
1280041, 5781858, 0, 0
1281027, 6700776, 0, 0
1282028, 6754513, 0, 0
1283034, 6240761, 0, 0
1284015, 6712386, 0, 0
1285059, 6175937, 0, 0
1286047, 6242309, 0, 0
1287000, 6350409, 0, 0
1288054, 6193455, 0, 0
1289067, 5383796, 0, 0
1290028, 5961008, 0, 0
1291021, 6318556, 0, 0
1292062, 5974680, 0, 0
1293077, 6854714, 0, 0
1294041, 5868240, 0, 0
1295011, 6420359, 0, 0
1296008, 6072195, 0, 0
1297041, 6329726, 0, 0
1298020, 6564569, 0, 0
1299070, 5827764, 0, 0
1300057, 6571416, 0, 0
1301013, 5932226, 0, 0
1302048, 6195649, 0, 0
1303011, 5899121, 0, 0
1304005, 5772763, 0, 0
1305007, 7048817, 0, 0
1306055, 6125099, 0, 0
1307035, 6195050, 0, 0
1308067, 6288522, 0, 0
1309013, 6054677, 0, 0
1310052, 6180731, 0, 0
1311044, 6308829, 0, 0
1312017, 6483782, 0, 0
1313003, 6653548, 0, 0
1314047, 6209722, 0, 0
1315011, 6336729, 0, 0
1316042, 6353912, 0, 0
1317010, 6583095, 0, 0
1318044, 6255086, 0, 0
1319053, 5730501, 0, 0
1320028, 6047310, 0, 0
1321029, 5715615, 0, 0
1322077, 5979668, 0, 0
1323045, 5690064, 0, 0
1324018, 6943938, 0, 0
1325028, 6384471, 0, 0
1326008, 6042340, 0, 0
1327059, 6604141, 0, 0
1328009, 6205033, 0, 0
1329052, 6721731, 0, 0
1330004, 5870738, 0, 0
1331037, 5964743, 0, 0
1332027, 6380501, 0, 0
1333006, 6033354, 0, 0
1334013, 5714726, 0, 0
1335025, 6526488, 0, 0
1336024, 7445890, 0, 0
1337000, 6459585, 0, 0
1338039, 7058834, 0, 0
1339056, 6390468, 0, 0
1340048, 6159159, 0, 0
1341068, 6098249, 0, 0
1342016, 5845915, 0, 0
1343043, 6451813, 0, 0
1344060, 6775387, 0, 0
1345009, 6921095, 0, 0
1346049, 5379219, 0, 0
1347067, 6129299, 0, 0
1348021, 6226433, 0, 0
1349046, 6567233, 0, 0
1350018, 6305299, 0, 0
1351009, 5531936, 0, 0
1352037, 6377745, 0, 0
1353044, 6056178, 0, 0
1354062, 6128193, 0, 0
1355039, 5879768, 0, 0
1356022, 5916370, 0, 0
1357007, 6883668, 0, 0
1358064, 5928157, 0, 0
1359058, 6623567, 0, 0
1360045, 6240958, 0, 0
1361062, 6957655, 0, 0
1362031, 6544006, 0, 0
1363046, 7185503, 0, 0
1364006, 6268339, 0, 0
1365031, 6209221, 0, 0
1366028, 6039267, 0, 0
1367047, 6695564, 0, 0
1368028, 5904831, 0, 0
1369076, 6887435, 0, 0
1370045, 6010903, 0, 0
1371027, 6015714, 0, 0
1372007, 6662749, 0, 0
1373056, 6757861, 0, 0
1374033, 6064838, 0, 0
1375042, 6221901, 0, 0
1376028, 6436037, 0, 0
1377002, 6159325, 0, 0
1378019, 6275329, 0, 0
1379011, 6001805, 0, 0
1380022, 6563451, 0, 0
1381063, 6222343, 0, 0
1382031, 5588593, 0, 0
1383038, 6407468, 0, 0
1384057, 5592343, 0, 0
1385053, 6637799, 0, 0
1386017, 5982472, 0, 0
1387010, 6436486, 0, 0
1388025, 5860746, 0, 0
1389008, 5990746, 0, 0
1390000, 6115855, 0, 0
1391024, 6397674, 0, 0
1392025, 6285152, 0, 0
1393004, 6745053, 0, 0
1394000, 6340067, 0, 0
1395009, 6587969, 0, 0
1396001, 6196051, 0, 0
1397045, 6642814, 0, 0
1398004, 7039733, 0, 0
1399018, 6254228, 0, 0
1400033, 6462499, 0, 0
1401045, 6202307, 0, 0
1402018, 6108087, 0, 0
1403047, 6637014, 0, 0
1404016, 5692864, 0, 0
1405057, 6300536, 0, 0
1406029, 5886569, 0, 0
1407014, 5823044, 0, 0
1408006, 6607053, 0, 0
1409027, 6664482, 0, 0
1410062, 6420893, 0, 0
1411044, 6055422, 0, 0
1412050, 6055486, 0, 0
1413029, 5960692, 0, 0
1414005, 6254955, 0, 0
1415053, 6458697, 0, 0
1416032, 5756066, 0, 0
1417047, 6459529, 0, 0
1418002, 6318760, 0, 0
1419029, 5929523, 0, 0
1420034, 5940040, 0, 0
1421004, 5666001, 0, 0
1422039, 6798018, 0, 0
1423069, 6473484, 0, 0
1424027, 6138256, 0, 0
1425063, 5981742, 0, 0
1426000, 6282862, 0, 0
1427039, 5830522, 0, 0
1428018, 5889329, 0, 0
1429001, 6217741, 0, 0
1430055, 6083013, 0, 0
1431019, 6645207, 0, 0
1432050, 5786650, 0, 0
1433020, 5532168, 0, 0
1434046, 6704084, 0, 0
1435027, 6083090, 0, 0
1436066, 5864372, 0, 0
1437045, 5821660, 0, 0
1438024, 6476870, 0, 0
1439023, 6126913, 0, 0
1440008, 6035204, 0, 0
1441031, 6267264, 0, 0
1442054, 6080719, 0, 0
1443034, 6660695, 0, 0
1444033, 6398593, 0, 0
1445055, 6856076, 0, 0
1446057, 6538528, 0, 0
1447042, 6606367, 0, 0
1448040, 6194972, 0, 0
1449046, 5776086, 0, 0
1450014, 6279732, 0, 0
1451065, 6031844, 0, 0
1452003, 6208035, 0, 0
1453049, 6490730, 0, 0
1454013, 5943973, 0, 0
1455073, 5847249, 0, 0
1456038, 6386733, 0, 0
1457008, 6248931, 0, 0
1458049, 6045009, 0, 0
1459036, 6325646, 0, 0
1460059, 6304615, 0, 0
1461015, 5757189, 0, 0
1462050, 6343379, 0, 0
1463023, 6147346, 0, 0
1464029, 5878296, 0, 0
1465058, 6120671, 0, 0
1466035, 6174258, 0, 0
1467028, 5943627, 0, 0
1468037, 6222060, 0, 0
1469053, 5967599, 0, 0
1470044, 6345391, 0, 0
1471026, 6411691, 0, 0
1472001, 6243392, 0, 0
1473024, 5710049, 0, 0
1474003, 6389902, 0, 0
1475029, 6366484, 0, 0
1476025, 6503137, 0, 0
1477013, 7004179, 0, 0
1478047, 6376574, 0, 0
1479023, 6634499, 0, 0
1480002, 6608766, 0, 0
1481004, 6216916, 0, 0
1482019, 6669982, 0, 0
1483053, 6260193, 0, 0
1484031, 5990300, 0, 0
1485013, 5875561, 0, 0
1486048, 5909026, 0, 0
1487063, 6897986, 0, 0
1488008, 6554271, 0, 0
1489051, 6634547, 0, 0
1490041, 6032681, 0, 0
1491035, 6056736, 0, 0
1492054, 6129282, 0, 0
1493078, 5912213, 0, 0
1494026, 5541860, 0, 0
1495022, 6500289, 0, 0
1496014, 6116360, 0, 0
1497028, 5890582, 0, 0
1498017, 6020912, 0, 0
1499027, 6309144, 0, 0
1500002, 6203191, 0, 0
1501033, 6646632, 0, 0
1502059, 6175797, 0, 0
1503002, 6679961, 0, 0
1504052, 6356261, 0, 0
1505023, 6175625, 0, 0
1506012, 6377132, 0, 0
1507063, 6440210, 0, 0
1508003, 6385397, 0, 0
1509029, 5964297, 0, 0
1510040, 6045463, 0, 0
1511049, 6259610, 0, 0
1512007, 6339863, 0, 0
1513066, 7198082, 0, 0
1514052, 6841592, 0, 0
1515065, 5747127, 0, 0
1516047, 5980185, 0, 0
1517009, 6536454, 0, 0
1518057, 5785938, 0, 0
1519014, 6828666, 0, 0
1520043, 7040273, 0, 0
1521057, 6254788, 0, 0
1522013, 6587263, 0, 0
1523048, 5972640, 0, 0
1524040, 6313043, 0, 0
1525047, 6845684, 0, 0
1526047, 6485076, 0, 0
1527046, 5544353, 0, 0
1528016, 6132307, 0, 0
1529056, 6410905, 0, 0
1530055, 6440975, 0, 0
1531002, 6025810, 0, 0
1532038, 6549966, 0, 0
1533028, 6217619, 0, 0
1534065, 6244090, 0, 0
1535071, 6164234, 0, 0
1536007, 6775591, 0, 0
1537018, 7893901, 0, 0
1538046, 6224069, 0, 0
1539052, 6360589, 0, 0
1540042, 6545888, 0, 0
1541015, 6357408, 0, 0
1542007, 6002940, 0, 0
1543040, 6290837, 0, 0
1544022, 6249718, 0, 0
1545051, 6116667, 0, 0
1546018, 6488515, 0, 0
1547007, 6248408, 0, 0
1548021, 6215443, 0, 0
1549036, 5861975, 0, 0
1550003, 6397996, 0, 0
1551049, 6074580, 0, 0
1552033, 6224666, 0, 0
1553026, 6608394, 0, 0
1554047, 6299515, 0, 0
1555001, 5537561, 0, 0
1556065, 6484426, 0, 0
1557000, 6968689, 0, 0
1558055, 5889788, 0, 0
1559053, 6824304, 0, 0
1560002, 6453552, 0, 0
1561054, 7005729, 0, 0
1562023, 7280027, 0, 0
1563060, 5659419, 0, 0
1564007, 6525153, 0, 0
1565045, 6137462, 0, 0
1566045, 7133629, 0, 0
1567040, 5988398, 0, 0
1568061, 5895924, 0, 0
1569018, 5976181, 0, 0
1570057, 6736046, 0, 0
1571028, 5949631, 0, 0
1572048, 5694359, 0, 0
1573057, 6297456, 0, 0
1574009, 5731686, 0, 0
1575021, 6014489, 0, 0
1576050, 5810739, 0, 0
1577020, 6092719, 0, 0
1578059, 6250518, 0, 0
1579008, 5924920, 0, 0
1580060, 6611534, 0, 0
1581019, 5913103, 0, 0
1582035, 6383510, 0, 0
1583055, 6252044, 0, 0
1584011, 5788780, 0, 0
1585064, 6188548, 0, 0
1586059, 7204639, 0, 0
1587025, 6517677, 0, 0
1588006, 6086840, 0, 0
1589068, 5894810, 0, 0
1590062, 6446619, 0, 0
1591029, 5786752, 0, 0
1592060, 5593920, 0, 0
1593056, 6030253, 0, 0
1594043, 6446471, 0, 0
1595035, 5795875, 0, 0
1596066, 6203122, 0, 0
1597034, 5684787, 0, 0
1598040, 6794446, 0, 0
1599036, 6029417, 0, 0
1600003, 5926473, 0, 0
1601020, 6011790, 0, 0
1602074, 6578105, 0, 0
1603010, 6982408, 0, 0
1604063, 6455739, 0, 0
1605062, 6835687, 0, 0
1606033, 6097718, 0, 0
1607013, 6709559, 0, 0
1608049, 6087954, 0, 0
1609015, 6604682, 0, 0
1610025, 6192001, 0, 0
1611055, 6198965, 0, 0
1612008, 6179049, 0, 0
1613061, 6836423, 0, 0
1614025, 6248257, 0, 0
1615008, 6219222, 0, 0
1616020, 6280890, 0, 0
1617001, 6007905, 0, 0
1618038, 5888843, 0, 0
1619044, 6317572, 0, 0
1620013, 6086787, 0, 0
1621032, 6485564, 0, 0
1622008, 6250522, 0, 0
1623059, 6601660, 0, 0
1624004, 6650867, 0, 0
1625003, 6609748, 0, 0
1626001, 6782569, 0, 0
1627055, 6420288, 0, 0
1628006, 6172431, 0, 0
1629001, 6249376, 0, 0
1630007, 6441499, 0, 0
1631008, 6497454, 0, 0
1632000, 5823951, 0, 0
1633056, 6516068, 0, 0
1634018, 7170740, 0, 0
1635039, 5542042, 0, 0
1636049, 6957159, 0, 0
1637009, 6353227, 0, 0
1638041, 5758762, 0, 0
1639009, 6622007, 0, 0
1640035, 6745718, 0, 0
1641023, 6326910, 0, 0
1642021, 6270542, 0, 0
1643031, 6192402, 0, 0
1644044, 6699867, 0, 0
1645022, 6143182, 0, 0
1646007, 6350562, 0, 0
1647008, 6800974, 0, 0
1648028, 6451520, 0, 0
1649037, 6807322, 0, 0
1650054, 6476389, 0, 0
1651001, 6388747, 0, 0
1652037, 6127844, 0, 0
1653026, 6372435, 0, 0
1654018, 6830380, 0, 0
1655005, 6449745, 0, 0
1656049, 6026774, 0, 0
1657040, 6037486, 0, 0
1658016, 6371863, 0, 0
1659031, 7512384, 0, 0
1660044, 6094386, 0, 0
1661067, 6346087, 0, 0
1662060, 6659606, 0, 0
1663012, 5982752, 0, 0
1664008, 6030234, 0, 0
1665021, 6525590, 0, 0
1666036, 6075382, 0, 0
1667013, 6731508, 0, 0
1668013, 5906332, 0, 0
1669029, 6510862, 0, 0
1670051, 6036964, 0, 0
1671002, 6376190, 0, 0
1672029, 6619269, 0, 0
1673026, 6383783, 0, 0
1674020, 6059026, 0, 0
1675009, 6673457, 0, 0
1676042, 6488117, 0, 0
1677046, 5834730, 0, 0
1678048, 6135603, 0, 0
1679055, 5919205, 0, 0
1680063, 6942368, 0, 0
1681037, 6448672, 0, 0
1682065, 5767848, 0, 0
1683017, 5907075, 0, 0
1684004, 6664488, 0, 0
1685057, 6007616, 0, 0
1686015, 5729313, 0, 0
1687003, 5705890, 0, 0
1688059, 5831435, 0, 0
1689049, 6679084, 0, 0
1690065, 6191509, 0, 0
1691009, 6685293, 0, 0
1692018, 6342287, 0, 0
1693031, 6057467, 0, 0
1694034, 6511297, 0, 0
1695002, 6079603, 0, 0
1696053, 6398387, 0, 0
1697042, 6213570, 0, 0
1698007, 5992380, 0, 0
1699022, 6455750, 0, 0
1700009, 6243761, 0, 0
1701054, 7004255, 0, 0
1702046, 6886453, 0, 0
1703029, 6093585, 0, 0
1704054, 5790033, 0, 0
1705057, 6185026, 0, 0
1706061, 6386637, 0, 0
1707062, 6368851, 0, 0
1708038, 6210263, 0, 0
1709016, 6032446, 0, 0
1710056, 6004552, 0, 0
1711038, 6367358, 0, 0
1712004, 6266690, 0, 0
1713049, 5583889, 0, 0
1714041, 6233503, 0, 0
1715031, 6214997, 0, 0
1716057, 7325938, 0, 0
1717013, 5895598, 0, 0
1718055, 6423368, 0, 0
1719027, 5849061, 0, 0
1720060, 6657589, 0, 0
1721028, 6580185, 0, 0
1722044, 5833989, 0, 0
1723013, 5691903, 0, 0
1724007, 7249260, 0, 0
1725010, 6074058, 0, 0
1726053, 5660332, 0, 0
1727001, 6625279, 0, 0
1728024, 5807965, 0, 0
1729056, 6604187, 0, 0
1730010, 7006526, 0, 0
1731012, 5926199, 0, 0
1732025, 6363518, 0, 0
1733064, 6067619, 0, 0
1734034, 5985977, 0, 0
1735021, 6708045, 0, 0
1736042, 6537750, 0, 0
1737011, 6242063, 0, 0
1738017, 6571647, 0, 0
1739001, 6643591, 0, 0
1740011, 6040194, 0, 0
1741051, 5971782, 0, 0
1742062, 6231540, 0, 0
1743039, 6139597, 0, 0
1744039, 6402244, 0, 0
1745030, 6185078, 0, 0
1746012, 6585431, 0, 0
1747030, 6020043, 0, 0
1748000, 6289346, 0, 0
1749028, 6150866, 0, 0
1750014, 6233618, 0, 0
1751052, 6097754, 0, 0
1752035, 6918251, 0, 0
1753059, 6124032, 0, 0
1754027, 6363338, 0, 0
1755094, 7157526, 0, 0
1756018, 5805180, 0, 0
1757061, 6508235, 0, 0
1758044, 5914735, 0, 0
1759054, 6470980, 0, 0
1760063, 6261985, 0, 0
1761055, 6520336, 0, 0
1762030, 6048459, 0, 0
1763026, 6099576, 0, 0
1764016, 6970003, 0, 0
1765023, 6245346, 0, 0
1766017, 5548802, 0, 0
1767019, 6335651, 0, 0
1768015, 6863159, 0, 0
1769057, 6625699, 0, 0
1770027, 6094993, 0, 0
1771031, 6311406, 0, 0
1772075, 6396055, 0, 0
1773028, 5952857, 0, 0
1774066, 6242340, 0, 0
1775032, 6108255, 0, 0
1776010, 6741777, 0, 0
1777016, 5941880, 0, 0
1778020, 5973618, 0, 0
1779022, 5322618, 0, 0
1780008, 6399598, 0, 0
1781029, 6492443, 0, 0
1782035, 5746698, 0, 0
1783017, 6449417, 0, 0
1784033, 5769690, 0, 0
1785022, 6020307, 0, 0
1786061, 6002978, 0, 0
1787049, 5980947, 0, 0
1788062, 6024508, 0, 0
1789016, 6183773, 0, 0
1790052, 5505706, 0, 0
1791029, 5514784, 0, 0
1792056, 6182044, 0, 0
1793051, 5951338, 0, 0
1794044, 6608996, 0, 0
1795052, 6106798, 0, 0
1796003, 6980549, 0, 0
1797003, 7515657, 0, 0
1798049, 6741786, 0, 0
1799057, 6217702, 0, 0
1800004, 6346013, 0, 0
