1059, 523395712, 0, 0
2040, 564918396, 0, 0
3022, 557567311, 0, 0
4044, 599940730, 0, 0
5018, 570436550, 0, 0
6002, 551594770, 0, 0
7027, 621484503, 0, 0
8042, 545365950, 0, 0
9013, 541031970, 0, 0
10023, 583058199, 0, 0
11033, 560149585, 0, 0
12016, 581767417, 0, 0
13053, 571011812, 0, 0
14036, 581178643, 0, 0
15068, 542241114, 0, 0
16060, 560560059, 0, 0
17058, 576893786, 0, 0
18017, 543159774, 0, 0
19008, 534041532, 0, 0
20009, 549472132, 0, 0
21005, 579934093, 0, 0
22004, 564841840, 0, 0
23035, 550466981, 0, 0
24055, 521884984, 0, 0
25044, 543852802, 0, 0
26062, 558853355, 0, 0
27019, 583372744, 0, 0
28036, 589327487, 0, 0
29058, 544165932, 0, 0
30064, 454716092, 0, 0
31018, 535598568, 0, 0
32007, 559101984, 0, 0
33075, 546866422, 0, 0
34047, 556689025, 0, 0
35014, 555876448, 0, 0
36002, 556620397, 0, 0
37056, 527969075, 0, 0
38051, 548835080, 0, 0
39017, 551076646, 0, 0
40039, 546021514, 0, 0
41026, 548400232, 0, 0
42015, 581945671, 0, 0
43037, 529867172, 0, 0
44067, 581756786, 0, 0
45034, 556029474, 0, 0
46009, 542837186, 0, 0
47037, 546006931, 0, 0
48008, 540127790, 0, 0
49053, 537868323, 0, 0
50005, 528597596, 0, 0
51006, 562291692, 0, 0
52021, 559116676, 0, 0
53001, 572236219, 0, 0
54046, 558352324, 0, 0
55045, 592204823, 0, 0
56059, 538059318, 0, 0
57062, 548770719, 0, 0
58044, 555652341, 0, 0
59010, 549319256, 0, 0
60053, 544735710, 0, 0
61057, 556305507, 0, 0
62049, 538415881, 0, 0
63000, 530855896, 0, 0
64054, 523934964, 0, 0
65000, 549465018, 0, 0
66046, 535432481, 0, 0
67007, 536940738, 0, 0
68063, 533717906, 0, 0
69037, 558129804, 0, 0
70069, 531101365, 0, 0
71059, 559775977, 0, 0
72065, 571689980, 0, 0
73025, 569200580, 0, 0
74010, 550765853, 0, 0
75019, 544850038, 0, 0
76009, 548804749, 0, 0
77045, 580472654, 0, 0
78013, 542933390, 0, 0
79044, 538126899, 0, 0
80079, 533613789, 0, 0
81022, 567682036, 0, 0
82020, 570077010, 0, 0
83048, 550395658, 0, 0
84001, 550977930, 0, 0
85048, 558052128, 0, 0
86018, 528766433, 0, 0
87030, 551317022, 0, 0
88063, 551214418, 0, 0
89046, 545161379, 0, 0
90009, 570272660, 0, 0
91065, 513437945, 0, 0
92033, 546975245, 0, 0
93060, 528745221, 0, 0
94027, 541864340, 0, 0
95064, 541146908, 0, 0
96028, 530485655, 0, 0
97029, 504774316, 0, 0
98026, 545629062, 0, 0
99005, 525244100, 0, 0
100057, 561204858, 0, 0
101013, 566258943, 0, 0
102046, 530933868, 0, 0
103028, 553078025, 0, 0
104033, 557883447, 0, 0
105059, 543330496, 0, 0
106038, 527280300, 0, 0
107011, 549494604, 0, 0
108018, 544888481, 0, 0
109034, 560320366, 0, 0
110057, 541118240, 0, 0
111022, 551306128, 0, 0
112011, 533574331, 0, 0
113007, 522572200, 0, 0
114064, 549073330, 0, 0
115055, 542898779, 0, 0
116045, 557483660, 0, 0
117016, 526143262, 0, 0
118044, 515884893, 0, 0
119014, 521069373, 0, 0
120043, 499871852, 0, 0
121002, 556290746, 0, 0
122021, 569254809, 0, 0
123064, 540005720, 0, 0
124046, 520045068, 0, 0
125019, 578601408, 0, 0
126045, 559604445, 0, 0
127012, 541253407, 0, 0
128012, 498878063, 0, 0
129021, 515696805, 0, 0
130047, 544095397, 0, 0
131014, 547496048, 0, 0
132045, 562571889, 0, 0
133058, 541680057, 0, 0
134005, 497783254, 0, 0
135036, 512666312, 0, 0
136010, 523792805, 0, 0
137020, 519811855, 0, 0
138013, 530019693, 0, 0
139044, 523386358, 0, 0
140046, 475127674, 0, 0
141006, 497239123, 0, 0
142012, 547384844, 0, 0
143017, 504080636, 0, 0
144026, 500840978, 0, 0
145022, 536309561, 0, 0
146000, 515438272, 0, 0
147023, 524748249, 0, 0
148050, 531773002, 0, 0
149029, 523448630, 0, 0
150033, 524795147, 0, 0
151028, 530419601, 0, 0
152046, 507377522, 0, 0
153004, 524452614, 0, 0
154046, 500410358, 0, 0
155041, 523362402, 0, 0
156032, 506759786, 0, 0
157006, 510274338, 0, 0
158009, 517967899, 0, 0
159031, 567050480, 0, 0
160024, 514487650, 0, 0
161008, 535076163, 0, 0
162038, 509007601, 0, 0
163070, 517314745, 0, 0
164053, 533818198, 0, 0
165065, 536672348, 0, 0
166032, 538500115, 0, 0
167033, 469433754, 0, 0
168001, 514044152, 0, 0
169041, 530227474, 0, 0
170082, 522497358, 0, 0
171031, 518344601, 0, 0
172065, 503125502, 0, 0
173066, 517329751, 0, 0
174068, 545818914, 0, 0
175061, 522125951, 0, 0
176046, 523103900, 0, 0
177033, 533895242, 0, 0
178018, 527375187, 0, 0
179012, 530712433, 0, 0
180006, 531411653, 0, 0
181010, 540445166, 0, 0
182041, 491721540, 0, 0
183018, 507580879, 0, 0
184037, 523398085, 0, 0
185068, 540354677, 0, 0
186048, 510053422, 0, 0
187032, 516283649, 0, 0
188019, 517412624, 0, 0
189059, 507662296, 0, 0
190024, 514820609, 0, 0
191024, 498049398, 0, 0
192018, 546019490, 0, 0
193047, 521472714, 0, 0
194049, 549590593, 0, 0
195016, 520104245, 0, 0
196069, 503779270, 0, 0
197028, 530768093, 0, 0
198055, 507185914, 0, 0
199008, 524942443, 0, 0
200072, 536649520, 0, 0
201026, 526669263, 0, 0
202067, 527384506, 0, 0
203079, 531750015, 0, 0
204028, 550864515, 0, 0
205005, 543022175, 0, 0
206013, 498746384, 0, 0
207051, 520979361, 0, 0
208043, 500194448, 0, 0
209027, 553544289, 0, 0
210010, 522453242, 0, 0
211001, 508411036, 0, 0
212028, 536173692, 0, 0
213073, 531353114, 0, 0
214019, 501867251, 0, 0
215034, 518472131, 0, 0
216058, 491219618, 0, 0
217046, 506867271, 0, 0
218056, 520247299, 0, 0
219005, 515701576, 0, 0
220057, 515680459, 0, 0
221053, 526906312, 0, 0
222056, 518938554, 0, 0
223010, 510214899, 0, 0
224041, 508957671, 0, 0
225041, 546981421, 0, 0
226011, 546864541, 0, 0
227057, 518684872, 0, 0
228027, 510840876, 0, 0
229031, 525394036, 0, 0
230062, 501371414, 0, 0
231051, 508702332, 0, 0
232025, 519487292, 0, 0
233048, 504326033, 0, 0
234047, 523846007, 0, 0
235040, 519738608, 0, 0
236023, 508590205, 0, 0
237077, 497166560, 0, 0
238062, 510940225, 0, 0
239029, 504606473, 0, 0
240038, 502163632, 0, 0
241032, 520404550, 0, 0
242046, 530602667, 0, 0
243039, 477673494, 0, 0
244040, 480253438, 0, 0
245057, 494214047, 0, 0
246060, 513323989, 0, 0
247039, 483656073, 0, 0
248016, 506371919, 0, 0
249034, 533893382, 0, 0
250025, 528991287, 0, 0
251058, 489228104, 0, 0
252003, 474131401, 0, 0
253048, 528488162, 0, 0
254035, 478721558, 0, 0
255024, 485209841, 0, 0
256024, 499097933, 0, 0
257076, 473011671, 0, 0
258022, 467775664, 0, 0
259004, 512517454, 0, 0
260014, 503127384, 0, 0
261017, 519584332, 0, 0
262046, 510764107, 0, 0
263079, 512140587, 0, 0
264059, 519389735, 0, 0
265006, 496971756, 0, 0
266053, 497671041, 0, 0
267050, 500138831, 0, 0
268051, 494671493, 0, 0
269004, 489712131, 0, 0
270072, 494016175, 0, 0
271049, 539461096, 0, 0
272007, 486311082, 0, 0
273026, 512779302, 0, 0
274011, 481629057, 0, 0
275041, 466450963, 0, 0
276019, 477837580, 0, 0
277025, 495616240, 0, 0
278000, 500705926, 0, 0
279045, 509803894, 0, 0
280052, 477098480, 0, 0
281008, 533273294, 0, 0
282013, 525025802, 0, 0
283028, 515407188, 0, 0
284002, 527331187, 0, 0
285034, 499321811, 0, 0
286009, 505015884, 0, 0
287056, 531734247, 0, 0
288034, 574872800, 0, 0
289007, 518113154, 0, 0
290058, 501192010, 0, 0
291000, 472137739, 0, 0
292021, 495842953, 0, 0
293007, 485217838, 0, 0
294018, 475257557, 0, 0
295029, 481391294, 0, 0
296041, 480301402, 0, 0
297011, 500800585, 0, 0
298048, 477518495, 0, 0
299003, 472881867, 0, 0
300016, 491175483, 0, 0
301012, 510881855, 0, 0
302057, 481774493, 0, 0
303036, 489280167, 0, 0
304014, 510585169, 0, 0
305057, 497822309, 0, 0
306028, 491559870, 0, 0
307063, 466828732, 0, 0
308030, 487490911, 0, 0
309080, 436971604, 0, 0
310056, 476559462, 0, 0
311017, 476723260, 0, 0
312047, 499437184, 0, 0
313030, 518194512, 0, 0
314000, 513283698, 0, 0
315004, 512617844, 0, 0
316029, 490260106, 0, 0
317054, 491286694, 0, 0
318000, 493426748, 0, 0
319026, 514925265, 0, 0
320052, 489992915, 0, 0
321015, 448705465, 0, 0
322017, 485098086, 0, 0
323014, 523220334, 0, 0
324059, 491445466, 0, 0
325007, 519478793, 0, 0
326033, 549395741, 0, 0
327045, 602486394, 0, 0
328062, 569363831, 0, 0
329045, 492709775, 0, 0
330056, 492842925, 0, 0
331057, 497087316, 0, 0
332078, 457935538, 0, 0
333020, 487588736, 0, 0
334002, 501770117, 0, 0
335037, 469727580, 0, 0
336029, 496669778, 0, 0
337033, 494083909, 0, 0
338022, 495434640, 0, 0
339044, 456904462, 0, 0
340024, 501944057, 0, 0
341033, 462950599, 0, 0
342010, 494899319, 0, 0
343051, 464484468, 0, 0
344022, 487466184, 0, 0
345033, 488369309, 0, 0
346023, 486484329, 0, 0
347012, 491720165, 0, 0
348045, 468140461, 0, 0
349023, 526010814, 0, 0
350045, 450262532, 0, 0
351067, 456072640, 0, 0
352007, 515698678, 0, 0
353015, 493812770, 0, 0
354052, 499624224, 0, 0
355044, 497206899, 0, 0
356002, 473410739, 0, 0
357060, 487240289, 0, 0
358041, 505656411, 0, 0
359012, 474978343, 0, 0
360016, 469457141, 0, 0
361000, 471477717, 0, 0
362046, 462640005, 0, 0
363031, 502595247, 0, 0
364018, 454900095, 0, 0
365039, 490354536, 0, 0
366063, 492165534, 0, 0
367026, 508101977, 0, 0
368066, 475435139, 0, 0
369036, 440485703, 0, 0
370031, 440382745, 0, 0
371043, 487914818, 0, 0
372055, 509239182, 0, 0
373024, 459611331, 0, 0
374019, 461718232, 0, 0
375003, 476739506, 0, 0
376020, 478021406, 0, 0
377085, 481194026, 0, 0
378063, 485273209, 0, 0
379039, 492148744, 0, 0
380005, 463978178, 0, 0
381052, 468071512, 0, 0
382022, 491919307, 0, 0
383055, 535766457, 0, 0
384034, 551445760, 0, 0
385055, 481465646, 0, 0
386020, 451352540, 0, 0
387047, 466929591, 0, 0
388018, 488004952, 0, 0
389000, 437274277, 0, 0
390061, 489161690, 0, 0
391051, 480086711, 0, 0
392011, 472100762, 0, 0
393066, 461664319, 0, 0
394018, 468857401, 0, 0
395053, 452680535, 0, 0
396046, 482687754, 0, 0
397040, 450425276, 0, 0
398001, 513216696, 0, 0
399026, 482774933, 0, 0
400042, 448914745, 0, 0
401061, 474129484, 0, 0
402017, 529149458, 0, 0
403002, 527687790, 0, 0
404012, 471870148, 0, 0
405011, 468572369, 0, 0
406002, 498987287, 0, 0
407007, 488565841, 0, 0
408036, 507302556, 0, 0
409003, 470980259, 0, 0
410068, 487867779, 0, 0
411047, 468854464, 0, 0
412104, 477972646, 0, 0
413066, 529965439, 0, 0
414015, 496833509, 0, 0
415041, 441795050, 0, 0
416034, 469246410, 0, 0
417028, 445406564, 0, 0
418024, 443516885, 0, 0
419015, 472079770, 0, 0
420042, 443697273, 0, 0
421051, 443436096, 0, 0
422045, 438513986, 0, 0
423011, 426207962, 0, 0
424036, 468147012, 0, 0
425005, 420446307, 0, 0
426045, 461469971, 0, 0
427038, 458207958, 0, 0
428014, 498511730, 0, 0
429035, 451180126, 0, 0
430063, 445507126, 0, 0
431060, 473551260, 0, 0
432045, 474075735, 0, 0
433012, 489935899, 0, 0
434039, 455582344, 0, 0
435041, 447330404, 0, 0
436063, 435160979, 0, 0
437017, 483515147, 0, 0
438048, 458304583, 0, 0
439074, 424676065, 0, 0
440053, 446188618, 0, 0
441057, 454961038, 0, 0
442000, 474137999, 0, 0
443034, 455074569, 0, 0
444030, 469500220, 0, 0
445064, 474274191, 0, 0
446009, 443372368, 0, 0
447059, 461577252, 0, 0
448031, 452815720, 0, 0
449009, 444847402, 0, 0
450034, 486043987, 0, 0
451048, 450980441, 0, 0
452061, 487742349, 0, 0
453072, 479969491, 0, 0
454004, 463279139, 0, 0
455003, 486707819, 0, 0
456064, 459512710, 0, 0
457041, 502810876, 0, 0
458060, 438300802, 0, 0
459018, 475330613, 0, 0
460011, 477465175, 0, 0
461052, 460726687, 0, 0
462051, 466557367, 0, 0
463043, 489895738, 0, 0
464009, 452256387, 0, 0
465053, 466620570, 0, 0
466044, 464097269, 0, 0
467053, 467755478, 0, 0
468056, 479218582, 0, 0
469015, 460716122, 0, 0
470012, 457739051, 0, 0
471069, 460682565, 0, 0
472052, 533710979, 0, 0
473056, 465927291, 0, 0
474006, 485304622, 0, 0
475053, 485282969, 0, 0
476030, 448321197, 0, 0
477006, 456746262, 0, 0
478058, 442317615, 0, 0
479050, 526202323, 0, 0
480047, 445411988, 0, 0
481026, 424222612, 0, 0
482053, 466880956, 0, 0
483008, 472369974, 0, 0
484011, 448950695, 0, 0
485015, 451448175, 0, 0
486033, 451168601, 0, 0
487065, 505990287, 0, 0
488057, 453166118, 0, 0
489029, 517928060, 0, 0
490029, 492583367, 0, 0
491042, 425651369, 0, 0
492026, 465831611, 0, 0
493035, 474569296, 0, 0
494002, 478382719, 0, 0
495054, 466714399, 0, 0
496066, 472361491, 0, 0
497056, 489607101, 0, 0
498073, 482973274, 0, 0
499059, 470787407, 0, 0
500013, 441715985, 0, 0
501036, 463956316, 0, 0
502004, 451360632, 0, 0
503075, 447761079, 0, 0
504061, 448165913, 0, 0
505051, 450319306, 0, 0
506027, 478377402, 0, 0
507044, 449470392, 0, 0
508029, 468816800, 0, 0
509044, 454626250, 0, 0
510031, 441445612, 0, 0
511021, 472730838, 0, 0
512035, 435505590, 0, 0
513004, 424563157, 0, 0
514024, 497272396, 0, 0
515029, 454454863, 0, 0
516027, 471098685, 0, 0
517018, 425664983, 0, 0
518039, 471265195, 0, 0
519039, 464432615, 0, 0
520070, 464132540, 0, 0
521039, 454139004, 0, 0
522038, 452394312, 0, 0
523036, 450889999, 0, 0
524047, 461523281, 0, 0
525040, 481114517, 0, 0
526009, 467083443, 0, 0
527023, 461887146, 0, 0
528022, 448208362, 0, 0
529055, 433460682, 0, 0
530006, 411278002, 0, 0
531019, 461609343, 0, 0
532033, 432851054, 0, 0
533015, 464577242, 0, 0
534064, 431975714, 0, 0
535068, 455640191, 0, 0
536071, 448171388, 0, 0
537064, 410267602, 0, 0
538062, 474286403, 0, 0
539039, 449557351, 0, 0
540010, 448636241, 0, 0
541046, 432180792, 0, 0
542050, 451167135, 0, 0
543020, 428798385, 0, 0
544032, 421009511, 0, 0
545060, 413425519, 0, 0
546035, 462516295, 0, 0
547029, 460316171, 0, 0
548043, 446853966, 0, 0
549016, 428028253, 0, 0
550049, 424692564, 0, 0
551032, 439225816, 0, 0
552045, 412660523, 0, 0
553044, 466447445, 0, 0
554064, 443323687, 0, 0
555050, 455410753, 0, 0
556013, 446798188, 0, 0
557000, 445536157, 0, 0
558054, 451757247, 0, 0
559040, 432635097, 0, 0
560023, 463220386, 0, 0
561066, 401872821, 0, 0
562055, 442113343, 0, 0
563017, 440614841, 0, 0
564012, 400381892, 0, 0
565035, 410859564, 0, 0
566017, 432420505, 0, 0
567073, 464773807, 0, 0
568049, 453547194, 0, 0
569009, 416434996, 0, 0
570017, 469260649, 0, 0
571000, 426197087, 0, 0
572055, 461497471, 0, 0
573015, 409929429, 0, 0
574011, 422868277, 0, 0
575065, 501560493, 0, 0
576014, 466653513, 0, 0
577050, 459274904, 0, 0
578023, 469429181, 0, 0
579010, 447649780, 0, 0
580028, 463992340, 0, 0
581047, 457869489, 0, 0
582003, 448963056, 0, 0
583007, 406452422, 0, 0
584015, 429107814, 0, 0
585059, 425825735, 0, 0
586051, 429839958, 0, 0
587056, 415728278, 0, 0
588009, 404645033, 0, 0
589027, 482801339, 0, 0
590062, 410201067, 0, 0
591024, 442352120, 0, 0
592062, 451540673, 0, 0
593041, 434193075, 0, 0
594029, 436430131, 0, 0
595016, 397691839, 0, 0
596054, 511570204, 0, 0
597046, 443945412, 0, 0
598041, 450173452, 0, 0
599070, 403346852, 0, 0
600028, 433345754, 0, 0
601072, 419515326, 0, 0
602030, 394555495, 0, 0
603081, 453251700, 0, 0
604025, 423320548, 0, 0
605020, 442391545, 0, 0
606059, 424762297, 0, 0
607015, 428654335, 0, 0
608023, 417537240, 0, 0
609003, 450829592, 0, 0
610055, 447852556, 0, 0
611054, 431933362, 0, 0
612046, 431068882, 0, 0
613023, 432551410, 0, 0
614033, 428793644, 0, 0
615002, 449317481, 0, 0
616030, 478735788, 0, 0
617065, 460904629, 0, 0
618031, 423603470, 0, 0
619018, 394447623, 0, 0
620016, 420953478, 0, 0
621045, 434340348, 0, 0
622035, 463448437, 0, 0
623023, 450439301, 0, 0
624033, 400940368, 0, 0
625009, 413578671, 0, 0
626024, 401612921, 0, 0
627059, 419281092, 0, 0
628062, 422320667, 0, 0
629022, 426493031, 0, 0
630053, 395703880, 0, 0
631017, 418493767, 0, 0
632046, 395929258, 0, 0
633008, 387676366, 0, 0
634070, 415334693, 0, 0
635028, 464867157, 0, 0
636043, 417442626, 0, 0
637039, 443273062, 0, 0
638030, 440321556, 0, 0
639003, 439568794, 0, 0
640051, 454126366, 0, 0
641028, 376892905, 0, 0
642035, 408925092, 0, 0
643033, 450805298, 0, 0
644005, 490997028, 0, 0
645018, 413469352, 0, 0
646032, 434820560, 0, 0
647086, 475245106, 0, 0
648055, 391833858, 0, 0
649021, 421357870, 0, 0
650063, 435047554, 0, 0
651028, 423907631, 0, 0
652034, 412214101, 0, 0
653048, 411885245, 0, 0
654007, 399858831, 0, 0
655011, 453134225, 0, 0
656061, 388229858, 0, 0
657069, 405952359, 0, 0
658046, 445767996, 0, 0
659066, 408124320, 0, 0
660043, 398997832, 0, 0
661040, 398512839, 0, 0
662020, 391658184, 0, 0
663008, 445443681, 0, 0
664061, 434789922, 0, 0
665011, 371954822, 0, 0
666007, 398646594, 0, 0
667014, 456170656, 0, 0
668045, 442958445, 0, 0
669046, 435738171, 0, 0
670036, 414764502, 0, 0
671000, 437472109, 0, 0
672063, 420004042, 0, 0
673037, 420381989, 0, 0
674053, 431566123, 0, 0
675044, 409911667, 0, 0
676014, 416294013, 0, 0
677024, 440790087, 0, 0
678054, 425288833, 0, 0
679053, 426443132, 0, 0
680042, 411192242, 0, 0
681011, 404631520, 0, 0
682063, 386701772, 0, 0
683058, 427421496, 0, 0
684014, 404360849, 0, 0
685001, 391630204, 0, 0
686035, 424033885, 0, 0
687051, 417724627, 0, 0
688042, 448223376, 0, 0
689008, 428843230, 0, 0
690074, 443312303, 0, 0
691046, 443122740, 0, 0
692029, 407752469, 0, 0
693001, 417011056, 0, 0
694011, 423268618, 0, 0
695053, 431601186, 0, 0
696064, 426399528, 0, 0
697028, 400884962, 0, 0
698016, 460726637, 0, 0
699000, 398572177, 0, 0
700022, 390819922, 0, 0
701014, 415813489, 0, 0
702029, 369253232, 0, 0
703014, 411176398, 0, 0
704041, 375784050, 0, 0
705044, 409467874, 0, 0
706014, 412362423, 0, 0
707045, 357463141, 0, 0
708011, 380537265, 0, 0
709016, 405265803, 0, 0
710042, 412124504, 0, 0
711038, 406454569, 0, 0
712034, 392921628, 0, 0
713018, 362286181, 0, 0
714070, 377896038, 0, 0
715065, 448347410, 0, 0
716051, 419097856, 0, 0
717003, 402023165, 0, 0
718066, 403323459, 0, 0
719008, 423854175, 0, 0
720015, 393768115, 0, 0
721013, 406707113, 0, 0
722028, 407143174, 0, 0
723008, 384072516, 0, 0
724062, 354790488, 0, 0
725057, 386136120, 0, 0
726058, 398211609, 0, 0
727038, 410741371, 0, 0
728013, 388928783, 0, 0
729019, 416411414, 0, 0
730021, 337353171, 0, 0
731051, 387085837, 0, 0
732010, 396806835, 0, 0
733055, 422512580, 0, 0
734061, 388740172, 0, 0
735030, 378711601, 0, 0
736022, 443608299, 0, 0
737049, 420153321, 0, 0
738009, 373928745, 0, 0
739042, 413663119, 0, 0
740022, 411783610, 0, 0
741015, 398011056, 0, 0
742009, 415077534, 0, 0
743046, 390432019, 0, 0
744041, 404685623, 0, 0
745030, 420365762, 0, 0
746001, 412927943, 0, 0
747018, 406359845, 0, 0
748058, 402343795, 0, 0
749058, 373993038, 0, 0
750004, 406074995, 0, 0
751024, 395852808, 0, 0
752044, 358633283, 0, 0
753035, 396529902, 0, 0
754030, 401561418, 0, 0
755064, 418051216, 0, 0
756030, 387519773, 0, 0
757016, 389004083, 0, 0
758023, 382881571, 0, 0
759053, 399688514, 0, 0
760031, 352119678, 0, 0
761003, 380362693, 0, 0
762047, 398743596, 0, 0
763017, 423921456, 0, 0
764028, 440572218, 0, 0
765056, 432149180, 0, 0
766046, 440838267, 0, 0
767014, 405649158, 0, 0
768036, 361645127, 0, 0
769019, 402319985, 0, 0
770085, 398123132, 0, 0
771063, 381285228, 0, 0
772054, 395864873, 0, 0
773023, 374323993, 0, 0
774060, 414218443, 0, 0
775014, 393104205, 0, 0
776014, 412578499, 0, 0
777064, 426991192, 0, 0
778048, 419539949, 0, 0
779061, 378139056, 0, 0
780064, 395279155, 0, 0
781053, 395403096, 0, 0
782005, 398792793, 0, 0
783035, 448947653, 0, 0
784025, 371994940, 0, 0
785006, 389040232, 0, 0
786059, 405612638, 0, 0
787029, 396685875, 0, 0
788017, 440739441, 0, 0
789048, 384661891, 0, 0
790067, 414919215, 0, 0
791001, 407100139, 0, 0
792032, 423581602, 0, 0
793059, 429133209, 0, 0
794010, 407474780, 0, 0
795069, 376789264, 0, 0
796004, 443215925, 0, 0
797041, 390824223, 0, 0
798054, 415329900, 0, 0
799016, 396593904, 0, 0
800007, 365823596, 0, 0
801049, 362309401, 0, 0
802015, 404260775, 0, 0
803004, 378151004, 0, 0
804063, 386272927, 0, 0
805003, 402011372, 0, 0
806047, 431386569, 0, 0
807008, 448301815, 0, 0
808054, 382768391, 0, 0
809031, 401151200, 0, 0
810019, 403559621, 0, 0
811043, 380521626, 0, 0
812016, 370070881, 0, 0
813020, 373677611, 0, 0
814049, 434678950, 0, 0
815037, 406664761, 0, 0
816051, 370412132, 0, 0
817020, 416329523, 0, 0
818004, 363775876, 0, 0
819065, 417950411, 0, 0
820033, 408084819, 0, 0
821068, 401913833, 0, 0
822046, 414855348, 0, 0
823065, 397088759, 0, 0
824052, 398519757, 0, 0
825047, 407768148, 0, 0
826024, 438048864, 0, 0
827068, 392471634, 0, 0
828056, 410004779, 0, 0
829041, 412502738, 0, 0
830014, 362471304, 0, 0
831003, 388834028, 0, 0
832087, 405815744, 0, 0
833072, 432493585, 0, 0
834017, 380234986, 0, 0
835024, 402730539, 0, 0
836016, 351879319, 0, 0
837067, 398001656, 0, 0
838056, 391656281, 0, 0
839042, 423720893, 0, 0
840031, 408869274, 0, 0
841059, 415272286, 0, 0
842023, 407100260, 0, 0
843044, 427112277, 0, 0
844067, 397754383, 0, 0
845068, 428510476, 0, 0
846057, 412199181, 0, 0
847053, 410057073, 0, 0
848032, 415476526, 0, 0
849055, 349863059, 0, 0
850004, 399431617, 0, 0
851062, 377953272, 0, 0
852036, 408437499, 0, 0
853066, 388793380, 0, 0
854061, 418910335, 0, 0
855017, 409986465, 0, 0
856008, 417312909, 0, 0
857005, 354860451, 0, 0
858071, 370690933, 0, 0
859009, 438407156, 0, 0
860006, 375443613, 0, 0
861020, 408660874, 0, 0
862046, 374980757, 0, 0
863031, 345748008, 0, 0
864018, 444348824, 0, 0
865012, 421931766, 0, 0
866012, 403894307, 0, 0
867008, 383756082, 0, 0
868032, 436436863, 0, 0
869066, 408886802, 0, 0
870032, 359744756, 0, 0
871044, 400616463, 0, 0
872061, 397352288, 0, 0
873016, 375748203, 0, 0
874040, 368801337, 0, 0
875039, 414884191, 0, 0
876047, 344169640, 0, 0
877020, 399177112, 0, 0
878046, 403096303, 0, 0
879065, 389762934, 0, 0
880063, 377918405, 0, 0
881014, 395982927, 0, 0
882022, 385671729, 0, 0
883064, 420531876, 0, 0
884014, 399949218, 0, 0
885019, 392017508, 0, 0
886032, 376398320, 0, 0
887042, 384532209, 0, 0
888086, 402556060, 0, 0
889031, 412335583, 0, 0
890002, 402050991, 0, 0
891009, 410361750, 0, 0
892016, 397699934, 0, 0
893032, 410295471, 0, 0
894061, 397254250, 0, 0
895072, 397218037, 0, 0
896019, 456717251, 0, 0
897035, 386867212, 0, 0
898052, 407509621, 0, 0
899020, 412586428, 0, 0
900062, 369390315, 0, 0
901017, 382455862, 0, 0
902001, 375081629, 0, 0
903044, 402081433, 0, 0
904071, 448063643, 0, 0
905025, 360432038, 0, 0
906064, 378135848, 0, 0
907031, 425203194, 0, 0
908043, 402404406, 0, 0
909026, 397607153, 0, 0
910037, 404960745, 0, 0
911068, 424275087, 0, 0
912032, 444150873, 0, 0
913051, 360061813, 0, 0
914031, 406465109, 0, 0
915009, 405562922, 0, 0
916065, 405800733, 0, 0
917052, 387414963, 0, 0
918019, 369370150, 0, 0
919006, 406732785, 0, 0
920052, 398743667, 0, 0
921022, 398073665, 0, 0
922015, 366966309, 0, 0
923000, 388803284, 0, 0
924035, 368726476, 0, 0
925006, 386131929, 0, 0
926037, 417532018, 0, 0
927033, 405361917, 0, 0
928004, 390570869, 0, 0
929038, 436789490, 0, 0
930057, 388807696, 0, 0
931046, 438658939, 0, 0
932070, 409846461, 0, 0
933028, 393995240, 0, 0
934019, 413294774, 0, 0
935019, 383559083, 0, 0
936012, 444220796, 0, 0
937003, 416236752, 0, 0
938049, 394749669, 0, 0
939049, 418088120, 0, 0
940010, 374626679, 0, 0
941028, 387853043, 0, 0
942057, 425567752, 0, 0
943054, 398620158, 0, 0
944009, 382924695, 0, 0
945033, 410151686, 0, 0
946050, 430279139, 0, 0
947021, 405907486, 0, 0
948039, 394818429, 0, 0
949038, 383603444, 0, 0
950054, 400935204, 0, 0
951004, 396434796, 0, 0
952000, 388320897, 0, 0
953053, 381158960, 0, 0
954020, 407452614, 0, 0
955025, 410054534, 0, 0
956038, 364942636, 0, 0
957066, 410575569, 0, 0
958024, 399607519, 0, 0
959011, 415414176, 0, 0
960032, 434612728, 0, 0
961055, 397586607, 0, 0
962050, 377595671, 0, 0
963027, 419808225, 0, 0
964019, 351317449, 0, 0
965063, 382146212, 0, 0
966022, 366511280, 0, 0
967035, 407864088, 0, 0
968035, 431951192, 0, 0
969017, 433077166, 0, 0
970055, 425559600, 0, 0
971009, 446067314, 0, 0
972050, 412832864, 0, 0
973068, 405697672, 0, 0
974049, 398073661, 0, 0
975004, 398825468, 0, 0
976013, 411809646, 0, 0
977005, 398923572, 0, 0
978004, 401064278, 0, 0
979011, 354745082, 0, 0
980012, 415340976, 0, 0
981046, 431329145, 0, 0
982048, 404710410, 0, 0
983010, 379551788, 0, 0
984027, 411308294, 0, 0
985022, 413330594, 0, 0
986054, 398622885, 0, 0
987077, 381818854, 0, 0
988002, 397136449, 0, 0
989057, 363376795, 0, 0
990036, 374998760, 0, 0
991009, 418766235, 0, 0
992050, 438255874, 0, 0
993040, 416718664, 0, 0
994059, 411759194, 0, 0
995053, 373237189, 0, 0
996022, 415986375, 0, 0
997011, 436739095, 0, 0
998004, 446410149, 0, 0
999015, 406178196, 0, 0
1000028, 407497781, 0, 0
1001001, 425638556, 0, 0
1002039, 404519261, 0, 0
1003067, 388630569, 0, 0
1004008, 385096491, 0, 0
1005012, 398131278, 0, 0
1006041, 436486381, 0, 0
1007039, 386108981, 0, 0
1008032, 415624168, 0, 0
1009026, 368871532, 0, 0
1010018, 391776643, 0, 0
1011061, 405949899, 0, 0
1012015, 420034454, 0, 0
1013053, 405643467, 0, 0
1014038, 397594515, 0, 0
1015002, 379606901, 0, 0
1016015, 390826418, 0, 0
1017038, 372401940, 0, 0
1018013, 389056908, 0, 0
1019062, 386173416, 0, 0
1020019, 393892341, 0, 0
1021053, 396357217, 0, 0
1022038, 390795438, 0, 0
1023055, 405404485, 0, 0
1024034, 423630672, 0, 0
1025031, 407941457, 0, 0
1026053, 419902676, 0, 0
1027031, 401001328, 0, 0
1028033, 363071456, 0, 0
1029040, 446110861, 0, 0
1030015, 425349016, 0, 0
1031040, 405013142, 0, 0
1032000, 428189409, 0, 0
1033009, 394033882, 0, 0
1034033, 440854911, 0, 0
1035059, 401733212, 0, 0
1036012, 352558284, 0, 0
1037047, 407177506, 0, 0
1038033, 428047467, 0, 0
1039045, 377706468, 0, 0
1040041, 407587072, 0, 0
1041048, 406062106, 0, 0
1042024, 429787499, 0, 0
1043035, 382783948, 0, 0
1044042, 413125486, 0, 0
1045034, 421997276, 0, 0
1046060, 409347811, 0, 0
1047008, 397089998, 0, 0
1048016, 383439977, 0, 0
1049055, 381734539, 0, 0
1050027, 370387397, 0, 0
1051031, 396528221, 0, 0
1052014, 378434500, 0, 0
1053013, 432263737, 0, 0
1054066, 355776866, 0, 0
1055037, 370828656, 0, 0
1056006, 396195295, 0, 0
1057065, 448544697, 0, 0
1058057, 384556167, 0, 0
1059068, 411172240, 0, 0
1060027, 367797948, 0, 0
1061034, 386488596, 0, 0
1062036, 382547289, 0, 0
1063017, 421850374, 0, 0
1064009, 397253557, 0, 0
1065052, 414585582, 0, 0
1066018, 377969434, 0, 0
1067025, 399188356, 0, 0
1068020, 421831909, 0, 0
1069042, 346743858, 0, 0
1070031, 418668968, 0, 0
1071010, 456767891, 0, 0
1072003, 424687674, 0, 0
1073038, 415730506, 0, 0
1074021, 376661680, 0, 0
1075016, 416587956, 0, 0
1076036, 369841083, 0, 0
1077068, 398834428, 0, 0
1078058, 431894951, 0, 0
1079012, 359104696, 0, 0
1080065, 411554510, 0, 0
1081047, 386347772, 0, 0
1082046, 395809940, 0, 0
1083017, 465097382, 0, 0
1084048, 419130546, 0, 0
1085049, 374460285, 0, 0
1086034, 408541107, 0, 0
1087007, 381898068, 0, 0
1088029, 404272314, 0, 0
1089045, 388690078, 0, 0
1090023, 397572502, 0, 0
1091020, 398069815, 0, 0
1092060, 409891622, 0, 0
1093014, 399483405, 0, 0
1094014, 396022166, 0, 0
1095052, 423856942, 0, 0
1096012, 382065415, 0, 0
1097045, 403439597, 0, 0
1098030, 355418781, 0, 0
1099049, 398609526, 0, 0
1100071, 413358522, 0, 0
1101006, 417767709, 0, 0
1102003, 398020323, 0, 0
1103063, 409416008, 0, 0
1104067, 389480542, 0, 0
1105078, 415066271, 0, 0
1106014, 416385203, 0, 0
1107046, 393627708, 0, 0
1108031, 429193466, 0, 0
1109039, 402891204, 0, 0
1110055, 417176428, 0, 0
1111047, 405295204, 0, 0
1112056, 396322230, 0, 0
1113038, 446119476, 0, 0
1114031, 422735813, 0, 0
1115020, 400279816, 0, 0
1116035, 415383505, 0, 0
1117004, 401762502, 0, 0
1118028, 386409684, 0, 0
1119018, 425194765, 0, 0
1120050, 408164738, 0, 0
1121060, 391130019, 0, 0
1122027, 399880957, 0, 0
1123028, 441534087, 0, 0
1124044, 378489776, 0, 0
1125041, 410522870, 0, 0
1126051, 422450903, 0, 0
1127026, 393568927, 0, 0
1128066, 401338340, 0, 0
1129065, 390082540, 0, 0
1130042, 382250113, 0, 0
1131034, 413180356, 0, 0
1132023, 380696302, 0, 0
1133023, 375224705, 0, 0
1134069, 442388157, 0, 0
1135001, 411414870, 0, 0
1136027, 373212149, 0, 0
1137008, 390809166, 0, 0
1138032, 365323586, 0, 0
1139022, 406764532, 0, 0
1140007, 388259656, 0, 0
1141065, 367355528, 0, 0
1142021, 365313902, 0, 0
1143001, 396190466, 0, 0
1144033, 401209783, 0, 0
1145049, 395293093, 0, 0
1146047, 426664422, 0, 0
1147000, 406074747, 0, 0
1148021, 415355435, 0, 0
1149030, 412196654, 0, 0
1150023, 430233718, 0, 0
1151006, 410722158, 0, 0
1152002, 402574370, 0, 0
1153080, 393078143, 0, 0
1154043, 462255776, 0, 0
1155039, 406408892, 0, 0
1156050, 379524194, 0, 0
1157015, 390719918, 0, 0
1158063, 410530759, 0, 0
1159034, 417666715, 0, 0
1160022, 401482592, 0, 0
1161066, 381112391, 0, 0
1162044, 362944358, 0, 0
1163074, 452430302, 0, 0
1164064, 438497994, 0, 0
1165075, 377825009, 0, 0
1166009, 381124429, 0, 0
1167052, 393119372, 0, 0
1168024, 402993946, 0, 0
1169037, 392212578, 0, 0
1170050, 413654973, 0, 0
1171021, 388540808, 0, 0
1172036, 371502833, 0, 0
1173031, 423051812, 0, 0
1174015, 384934110, 0, 0
1175060, 361770531, 0, 0
1176056, 408033918, 0, 0
1177054, 405509538, 0, 0
1178012, 369239530, 0, 0
1179066, 425338530, 0, 0
1180061, 400070195, 0, 0
1181007, 461972682, 0, 0
1182023, 412149831, 0, 0
1183006, 385437418, 0, 0
1184078, 360029113, 0, 0
1185017, 426791593, 0, 0
1186042, 387307352, 0, 0
1187034, 414267325, 0, 0
1188010, 397151223, 0, 0
1189049, 391474387, 0, 0
1190021, 345795153, 0, 0
1191035, 358424611, 0, 0
1192045, 413102693, 0, 0
1193011, 436036772, 0, 0
1194063, 382126086, 0, 0
1195020, 428922079, 0, 0
1196060, 431126624, 0, 0
1197007, 423254154, 0, 0
1198042, 422485045, 0, 0
1199043, 415644774, 0, 0
1200035, 390563013, 0, 0
1201063, 400091694, 0, 0
1202018, 411461149, 0, 0
1203026, 403876569, 0, 0
1204044, 397329725, 0, 0
1205074, 420005719, 0, 0
1206028, 375213279, 0, 0
1207024, 389337510, 0, 0
1208075, 399728845, 0, 0
1209068, 399048702, 0, 0
1210018, 364801126, 0, 0
1211050, 396729897, 0, 0
1212021, 401007173, 0, 0
1213046, 381080106, 0, 0
1214011, 381476762, 0, 0
1215017, 416193191, 0, 0
1216065, 390733031, 0, 0
1217034, 373393385, 0, 0
1218001, 427909631, 0, 0
1219039, 410459064, 0, 0
1220035, 395240324, 0, 0
1221004, 401540601, 0, 0
1222002, 423774184, 0, 0
1223034, 378505084, 0, 0
1224016, 386426959, 0, 0
1225037, 399660922, 0, 0
1226060, 405714879, 0, 0
1227046, 389500775, 0, 0
1228037, 385857262, 0, 0
1229028, 393317537, 0, 0
1230013, 444421432, 0, 0
1231014, 374654162, 0, 0
1232049, 402032474, 0, 0
1233071, 388215792, 0, 0
1234068, 386556177, 0, 0
1235040, 377923970, 0, 0
1236023, 399909804, 0, 0
1237066, 367421282, 0, 0
1238036, 396702822, 0, 0
1239011, 419660468, 0, 0
1240010, 423758488, 0, 0
1241049, 380083240, 0, 0
1242048, 425509073, 0, 0
1243058, 436218110, 0, 0
1244052, 440323785, 0, 0
1245055, 446196665, 0, 0
1246012, 391048436, 0, 0
1247010, 404249332, 0, 0
1248060, 406284989, 0, 0
1249034, 432055180, 0, 0
1250041, 438603358, 0, 0
1251020, 401913703, 0, 0
1252044, 399630463, 0, 0
1253003, 387422554, 0, 0
1254031, 406877214, 0, 0
1255034, 425698106, 0, 0
1256041, 370112669, 0, 0
1257003, 390916197, 0, 0
1258010, 398227928, 0, 0
1259071, 413627055, 0, 0
1260026, 399545385, 0, 0
1261017, 407991366, 0, 0
1262055, 399157679, 0, 0
1263031, 415879426, 0, 0
1264047, 393238905, 0, 0
1265012, 405740427, 0, 0
1266006, 410704113, 0, 0
1267004, 397293876, 0, 0
1268040, 421427188, 0, 0
1269000, 382317277, 0, 0
1270031, 372871720, 0, 0
1271033, 400188333, 0, 0
1272018, 441983018, 0, 0
1273012, 391794681, 0, 0
1274057, 412339502, 0, 0
1275036, 382541653, 0, 0
1276030, 386150587, 0, 0
1277019, 406234088, 0, 0
1278065, 393022082, 0, 0
1279044, 382797994, 0, 0
1280044, 419808448, 0, 0
1281016, 378162896, 0, 0
1282040, 345736503, 0, 0
1283058, 428885177, 0, 0
1284015, 442353155, 0, 0
1285024, 447563731, 0, 0
1286061, 410147710, 0, 0
1287022, 424878314, 0, 0
1288006, 400890348, 0, 0
1289012, 375351665, 0, 0
1290012, 390149183, 0, 0
1291038, 424443574, 0, 0
1292007, 377299189, 0, 0
1293022, 432287325, 0, 0
1294059, 403826042, 0, 0
1295027, 424583676, 0, 0
1296038, 419703016, 0, 0
1297057, 433196733, 0, 0
1298029, 411705538, 0, 0
1299015, 395167977, 0, 0
1300047, 370144120, 0, 0
1301000, 473324142, 0, 0
1302036, 447660749, 0, 0
1303068, 376319173, 0, 0
1304007, 387691773, 0, 0
1305050, 396262705, 0, 0
1306014, 382345295, 0, 0
1307050, 424549780, 0, 0
1308020, 366721768, 0, 0
1309068, 388862326, 0, 0
1310031, 407294459, 0, 0
1311060, 402027034, 0, 0
1312056, 418059637, 0, 0
1313083, 422888768, 0, 0
1314017, 425628621, 0, 0
1315061, 422624237, 0, 0
1316048, 394838430, 0, 0
1317018, 410270249, 0, 0
1318043, 401875023, 0, 0
1319016, 382216030, 0, 0
1320023, 387880836, 0, 0
1321019, 367087198, 0, 0
1322007, 415879593, 0, 0
1323033, 399858766, 0, 0
1324032, 443604073, 0, 0
1325062, 405780872, 0, 0
1326051, 404814909, 0, 0
1327051, 394613506, 0, 0
1328006, 362466647, 0, 0
1329013, 448070595, 0, 0
1330003, 446847237, 0, 0
1331042, 428993090, 0, 0
1332020, 434910348, 0, 0
1333039, 407598528, 0, 0
1334055, 364687574, 0, 0
1335009, 402625423, 0, 0
1336034, 409990959, 0, 0
1337035, 391750697, 0, 0
1338006, 454199448, 0, 0
1339017, 420900623, 0, 0
1340013, 407060175, 0, 0
1341019, 417314700, 0, 0
1342007, 404191065, 0, 0
1343054, 404830991, 0, 0
1344002, 401685847, 0, 0
1345028, 423922353, 0, 0
1346033, 373954452, 0, 0
1347008, 404821825, 0, 0
1348037, 369688773, 0, 0
1349081, 389120717, 0, 0
1350055, 391049193, 0, 0
1351051, 370423061, 0, 0
1352024, 391256146, 0, 0
1353037, 414547167, 0, 0
1354073, 357856203, 0, 0
1355012, 418772067, 0, 0
1356066, 404132225, 0, 0
1357032, 419778982, 0, 0
1358003, 380735908, 0, 0
1359001, 391152522, 0, 0
1360067, 433813281, 0, 0
1361012, 399951870, 0, 0
1362033, 393475505, 0, 0
1363022, 382917867, 0, 0
1364046, 436574080, 0, 0
1365017, 365431375, 0, 0
1366014, 402946191, 0, 0
1367010, 380319956, 0, 0
1368028, 402627860, 0, 0
1369031, 389697349, 0, 0
1370048, 407107896, 0, 0
1371031, 424147063, 0, 0
1372024, 402729735, 0, 0
1373002, 405031559, 0, 0
1374059, 388220566, 0, 0
1375014, 400015332, 0, 0
1376048, 409501089, 0, 0
1377090, 433319558, 0, 0
1378035, 446220830, 0, 0
1379014, 401801760, 0, 0
1380007, 376502994, 0, 0
1381027, 412020023, 0, 0
1382052, 380044920, 0, 0
1383032, 393543257, 0, 0
1384060, 386732339, 0, 0
1385018, 404073320, 0, 0
1386049, 401922354, 0, 0
1387012, 393355064, 0, 0
1388008, 402455056, 0, 0
1389048, 422271952, 0, 0
1390052, 453573182, 0, 0
1391024, 375073920, 0, 0
1392041, 420867900, 0, 0
1393045, 432760664, 0, 0
1394068, 391497448, 0, 0
1395047, 374666676, 0, 0
1396010, 409426045, 0, 0
1397002, 389665963, 0, 0
1398072, 442491340, 0, 0
1399064, 435142775, 0, 0
1400061, 372080672, 0, 0
1401027, 403331473, 0, 0
1402067, 406606323, 0, 0
1403099, 415042774, 0, 0
1404001, 461500380, 0, 0
1405039, 374512043, 0, 0
1406060, 397438709, 0, 0
1407004, 373401454, 0, 0
1408018, 351454648, 0, 0
1409043, 399490310, 0, 0
1410042, 408896748, 0, 0
1411003, 429139562, 0, 0
1412047, 413487628, 0, 0
1413029, 390522454, 0, 0
1414049, 410574107, 0, 0
1415053, 448239009, 0, 0
1416033, 369111047, 0, 0
1417048, 433743027, 0, 0
1418009, 371260376, 0, 0
1419022, 386046512, 0, 0
1420056, 414892200, 0, 0
1421030, 377441988, 0, 0
1422013, 421566475, 0, 0
1423054, 396055992, 0, 0
1424037, 371683675, 0, 0
1425052, 427287691, 0, 0
1426060, 444670670, 0, 0
1427021, 409367162, 0, 0
1428041, 417800437, 0, 0
1429021, 412055569, 0, 0
1430003, 392164885, 0, 0
1431035, 390443725, 0, 0
1432018, 391348871, 0, 0
1433032, 404233180, 0, 0
1434016, 398756849, 0, 0
1435048, 399268064, 0, 0
1436051, 390358818, 0, 0
1437037, 367736516, 0, 0
1438014, 406371272, 0, 0
1439055, 390858993, 0, 0
1440032, 418806088, 0, 0
1441043, 436170906, 0, 0
1442066, 400962692, 0, 0
1443038, 422366732, 0, 0
1444072, 391990028, 0, 0
1445009, 414382446, 0, 0
1446016, 418732364, 0, 0
1447061, 427457673, 0, 0
1448028, 449680196, 0, 0
1449077, 436585112, 0, 0
1450019, 405234252, 0, 0
1451001, 429067639, 0, 0
1452025, 405129157, 0, 0
1453003, 398964336, 0, 0
1454026, 420953499, 0, 0
1455020, 366134041, 0, 0
1456025, 428290643, 0, 0
1457030, 455196741, 0, 0
1458006, 452674451, 0, 0
1459033, 372902937, 0, 0
1460003, 392185221, 0, 0
1461069, 406430332, 0, 0
1462041, 414149606, 0, 0
1463032, 404233660, 0, 0
1464008, 383088017, 0, 0
1465064, 414677074, 0, 0
1466014, 388929815, 0, 0
1467017, 383731737, 0, 0
1468025, 368368048, 0, 0
1469057, 407158615, 0, 0
1470014, 436548684, 0, 0
1471042, 447704836, 0, 0
1472035, 437144564, 0, 0
1473031, 426974718, 0, 0
1474015, 381355044, 0, 0
1475007, 398078163, 0, 0
1476001, 401718316, 0, 0
1477048, 397975996, 0, 0
1478037, 396550468, 0, 0
1479044, 386568784, 0, 0
1480018, 379726435, 0, 0
1481024, 418255148, 0, 0
1482001, 385823480, 0, 0
1483053, 415626778, 0, 0
1484008, 421891201, 0, 0
1485047, 380559614, 0, 0
1486045, 413851721, 0, 0
1487046, 426841331, 0, 0
1488057, 433608708, 0, 0
1489062, 438132408, 0, 0
1490064, 418513769, 0, 0
1491043, 398067544, 0, 0
1492039, 410594743, 0, 0
1493006, 397616299, 0, 0
1494001, 366504092, 0, 0
1495003, 422396059, 0, 0
1496014, 428376931, 0, 0
1497064, 406977353, 0, 0
1498017, 417193297, 0, 0
1499026, 379111099, 0, 0
1500024, 373380216, 0, 0
1501024, 407340879, 0, 0
1502056, 353024676, 0, 0
1503028, 410312909, 0, 0
1504042, 401838687, 0, 0
1505058, 393678951, 0, 0
1506003, 396395089, 0, 0
1507034, 441180801, 0, 0
1508063, 399593282, 0, 0
1509055, 383309623, 0, 0
1510041, 368649530, 0, 0
1511046, 407880851, 0, 0
1512047, 413558271, 0, 0
1513022, 437997924, 0, 0
1514046, 388520039, 0, 0
1515015, 381701090, 0, 0
1516007, 394611237, 0, 0
1517010, 411839555, 0, 0
1518027, 392393950, 0, 0
1519060, 370977121, 0, 0
1520025, 411336580, 0, 0
1521021, 379015432, 0, 0
1522021, 404020423, 0, 0
1523043, 373941949, 0, 0
1524051, 377918303, 0, 0
1525054, 402657553, 0, 0
1526023, 402342195, 0, 0
1527026, 397779917, 0, 0
1528010, 401435576, 0, 0
1529034, 413204529, 0, 0
1530000, 389202217, 0, 0
1531006, 416098324, 0, 0
1532058, 403269685, 0, 0
1533034, 414703255, 0, 0
1534045, 383020435, 0, 0
1535050, 402610725, 0, 0
1536015, 408241425, 0, 0
1537018, 390517875, 0, 0
1538052, 415680835, 0, 0
1539009, 448150080, 0, 0
1540046, 387573689, 0, 0
1541016, 449671466, 0, 0
1542003, 403252188, 0, 0
1543016, 405359523, 0, 0
1544038, 438817012, 0, 0
1545036, 385576543, 0, 0
1546040, 367843065, 0, 0
1547037, 398680878, 0, 0
1548025, 362121500, 0, 0
1549000, 410942167, 0, 0
1550040, 425523557, 0, 0
1551032, 420452541, 0, 0
1552054, 395747248, 0, 0
1553039, 426930058, 0, 0
1554006, 425306949, 0, 0
1555046, 410246129, 0, 0
1556035, 434025292, 0, 0
1557010, 388081732, 0, 0
1558026, 418334115, 0, 0
1559018, 391810507, 0, 0
1560038, 394019224, 0, 0
1561040, 412392687, 0, 0
1562049, 390765538, 0, 0
1563038, 381363510, 0, 0
1564033, 431642523, 0, 0
1565036, 412234628, 0, 0
1566033, 424360399, 0, 0
1567057, 462854091, 0, 0
1568060, 409088939, 0, 0
1569009, 431120025, 0, 0
1570008, 385596095, 0, 0
1571043, 390203766, 0, 0
1572043, 374988528, 0, 0
1573049, 421218471, 0, 0
1574046, 398672254, 0, 0
1575036, 392072227, 0, 0
1576006, 419769410, 0, 0
1577038, 420259367, 0, 0
1578019, 400231407, 0, 0
1579048, 415167862, 0, 0
1580013, 410948500, 0, 0
1581050, 409063084, 0, 0
1582064, 389039618, 0, 0
1583035, 372290234, 0, 0
1584021, 426900137, 0, 0
1585003, 440436878, 0, 0
1586004, 448501309, 0, 0
1587027, 396952297, 0, 0
1588014, 453031786, 0, 0
1589014, 384754288, 0, 0
1590015, 432713453, 0, 0
1591000, 434465079, 0, 0
1592083, 397526248, 0, 0
1593051, 396195070, 0, 0
1594019, 391031621, 0, 0
1595052, 381623567, 0, 0
1596042, 382899184, 0, 0
1597034, 423053196, 0, 0
1598027, 397477456, 0, 0
1599013, 437819289, 0, 0
1600000, 394700348, 0, 0
1601046, 388923518, 0, 0
1602005, 421859780, 0, 0
1603035, 410268044, 0, 0
1604038, 372666309, 0, 0
1605035, 408865961, 0, 0
1606012, 404229971, 0, 0
1607044, 356487441, 0, 0
1608040, 408603630, 0, 0
1609048, 396877617, 0, 0
1610006, 443735882, 0, 0
1611050, 402930172, 0, 0
1612042, 428615839, 0, 0
1613016, 415425390, 0, 0
1614029, 395795718, 0, 0
1615038, 426626231, 0, 0
1616043, 377369360, 0, 0
1617053, 411459102, 0, 0
1618061, 377158634, 0, 0
1619019, 379380476, 0, 0
1620003, 381325869, 0, 0
1621038, 394799051, 0, 0
1622033, 379100479, 0, 0
1623018, 407925953, 0, 0
1624048, 375457265, 0, 0
1625034, 396863637, 0, 0
1626067, 422803132, 0, 0
1627053, 411527492, 0, 0
1628022, 408478317, 0, 0
1629050, 440257149, 0, 0
1630006, 394242137, 0, 0
1631049, 415437469, 0, 0
1632014, 402318292, 0, 0
1633025, 407645095, 0, 0
1634071, 366447192, 0, 0
1635031, 407312757, 0, 0
1636023, 370935412, 0, 0
1637060, 364668420, 0, 0
1638025, 412749240, 0, 0
1639013, 411675713, 0, 0
1640051, 401993729, 0, 0
1641025, 385239054, 0, 0
1642018, 423859589, 0, 0
1643042, 426243844, 0, 0
1644011, 395773464, 0, 0
1645007, 402249921, 0, 0
1646024, 422074790, 0, 0
1647026, 374990277, 0, 0
1648072, 390313773, 0, 0
1649034, 396439291, 0, 0
1650023, 416827936, 0, 0
1651020, 397156148, 0, 0
1652065, 396983434, 0, 0
1653048, 424284746, 0, 0
1654021, 390592529, 0, 0
1655088, 386181810, 0, 0
1656071, 370035064, 0, 0
1657046, 425044533, 0, 0
1658016, 373703145, 0, 0
1659000, 423167727, 0, 0
1660004, 379279501, 0, 0
1661002, 394210715, 0, 0
1662012, 395013050, 0, 0
1663000, 377210188, 0, 0
1664033, 390211426, 0, 0
1665047, 404374077, 0, 0
1666038, 415513913, 0, 0
1667005, 393528911, 0, 0
1668047, 403577338, 0, 0
1669072, 447344493, 0, 0
1670011, 441848475, 0, 0
1671037, 392512745, 0, 0
1672023, 410572265, 0, 0
1673049, 410056162, 0, 0
1674018, 428735754, 0, 0
1675058, 407603280, 0, 0
1676030, 409725788, 0, 0
1677007, 416369960, 0, 0
1678066, 413616481, 0, 0
1679071, 414846614, 0, 0
1680052, 371250148, 0, 0
1681073, 362614450, 0, 0
1682018, 441533064, 0, 0
1683058, 394804202, 0, 0
1684044, 410644962, 0, 0
1685039, 444065339, 0, 0
1686032, 441662848, 0, 0
1687020, 394721712, 0, 0
1688082, 394953134, 0, 0
1689006, 443327930, 0, 0
1690034, 381552107, 0, 0
1691035, 421610240, 0, 0
1692007, 378533548, 0, 0
1693054, 413457991, 0, 0
1694005, 357719208, 0, 0
1695054, 392926358, 0, 0
1696016, 399667020, 0, 0
1697022, 435303471, 0, 0
1698033, 407822106, 0, 0
1699013, 420622804, 0, 0
1700021, 431771676, 0, 0
1701000, 363529427, 0, 0
1702076, 430763269, 0, 0
1703029, 408320747, 0, 0
1704007, 406436784, 0, 0
1705031, 412294219, 0, 0
1706042, 432782454, 0, 0
1707043, 415264258, 0, 0
1708024, 426014474, 0, 0
1709013, 445343620, 0, 0
1710000, 374080476, 0, 0
1711002, 401539070, 0, 0
1712036, 433333465, 0, 0
1713052, 427941812, 0, 0
1714063, 392078517, 0, 0
1715004, 395982058, 0, 0
1716067, 368085609, 0, 0
1717017, 425332559, 0, 0
1718027, 457485591, 0, 0
1719070, 423005571, 0, 0
1720003, 430445037, 0, 0
1721023, 418305199, 0, 0
1722053, 383944745, 0, 0
1723075, 382671919, 0, 0
1724029, 444929742, 0, 0
1725015, 389753995, 0, 0
1726004, 367838770, 0, 0
1727027, 391033189, 0, 0
1728057, 412620589, 0, 0
1729026, 405161435, 0, 0
1730016, 489078953, 0, 0
1731022, 431629106, 0, 0
1732015, 437812773, 0, 0
1733018, 450987433, 0, 0
1734000, 411246418, 0, 0
1735039, 390871015, 0, 0
1736025, 389095648, 0, 0
1737040, 388215421, 0, 0
1738026, 396884484, 0, 0
1739059, 385579711, 0, 0
1740017, 394302289, 0, 0
1741025, 385449837, 0, 0
1742052, 396540552, 0, 0
1743064, 379329056, 0, 0
1744032, 384603463, 0, 0
1745012, 381393207, 0, 0
1746019, 399746015, 0, 0
1747066, 404068860, 0, 0
1748031, 408014926, 0, 0
1749025, 364523936, 0, 0
1750021, 428448358, 0, 0
1751013, 391755861, 0, 0
1752008, 402805370, 0, 0
1753064, 386088943, 0, 0
1754055, 408193228, 0, 0
1755043, 434171821, 0, 0
1756005, 432804103, 0, 0
1757002, 427941696, 0, 0
1758049, 407137711, 0, 0
1759054, 400241470, 0, 0
1760063, 430683639, 0, 0
1761050, 387512143, 0, 0
1762042, 408414787, 0, 0
1763060, 384937863, 0, 0
1764043, 418882986, 0, 0
1765016, 424138997, 0, 0
1766045, 421742166, 0, 0
1767004, 398162454, 0, 0
1768006, 399784579, 0, 0
1769049, 378543054, 0, 0
1770047, 449570833, 0, 0
1771066, 460883789, 0, 0
1772036, 409114105, 0, 0
1773031, 393001268, 0, 0
1774027, 410590372, 0, 0
1775025, 396598905, 0, 0
1776074, 390495445, 0, 0
1777005, 391895111, 0, 0
1778005, 446366581, 0, 0
1779047, 414882220, 0, 0
1780024, 443991268, 0, 0
1781033, 407689670, 0, 0
1782097, 409334674, 0, 0
1783046, 394941435, 0, 0
1784023, 382274136, 0, 0
1785052, 442007187, 0, 0
1786017, 400967573, 0, 0
1787025, 384965750, 0, 0
1788045, 399424397, 0, 0
1789004, 386444098, 0, 0
1790004, 410652873, 0, 0
1791026, 405615666, 0, 0
1792031, 374167631, 0, 0
1793031, 406548035, 0, 0
1794009, 400159048, 0, 0
1795035, 408102820, 0, 0
1796022, 453292200, 0, 0
1797036, 498131392, 0, 0
1798000, 400194031, 0, 0
1799010, 422911447, 0, 0
1800001, 437283977, 0, 0
1800130, 421012858, 0, 0
