1000, 264, 0, 0
1999, 448, 0, 0
3000, 448, 0, 0
4000, 436, 0, 0
5000, 448, 0, 0
5999, 420, 0, 0
6999, 448, 0, 0
8000, 480, 0, 0
9000, 448, 0, 0
9999, 448, 0, 0
11000, 456, 0, 0
12000, 452, 0, 0
12999, 448, 0, 0
13999, 448, 0, 0
15000, 480, 0, 0
16000, 452, 0, 0
16999, 448, 0, 0
18000, 448, 0, 0
19000, 484, 0, 0
19999, 448, 0, 0
20999, 452, 0, 0
22000, 448, 0, 0
22999, 484, 0, 0
23999, 488, 0, 0
25000, 484, 0, 0
26000, 448, 0, 0
27000, 420, 0, 0
27999, 452, 0, 0
29000, 488, 0, 0
30000, 552, 0, 0
30999, 456, 0, 0
31999, 456, 0, 0
33000, 492, 0, 0
33999, 448, 0, 0
34999, 452, 0, 0
36000, 456, 0, 0
37000, 516, 0, 0
37999, 456, 0, 0
38999, 452, 0, 0
40000, 484, 0, 0
40999, 448, 0, 0
41999, 448, 0, 0
43000, 484, 0, 0
44000, 448, 0, 0
44999, 460, 0, 0
45999, 456, 0, 0
47000, 484, 0, 0
48000, 456, 0, 0
48999, 500, 0, 0
50000, 456, 0, 0
50999, 452, 0, 0
51999, 460, 0, 0
53000, 452, 0, 0
54000, 460, 0, 0
54999, 448, 0, 0
55999, 480, 0, 0
57000, 456, 0, 0
58000, 464, 0, 0
58999, 448, 0, 0
59999, 492, 0, 0
61000, 468, 0, 0
62000, 468, 0, 0
63000, 504, 0, 0
63999, 460, 0, 0
65000, 452, 0, 0
65999, 504, 0, 0
66999, 452, 0, 0
68000, 504, 0, 0
69000, 456, 0, 0
69999, 484, 0, 0
71000, 452, 0, 0
72000, 452, 0, 0
72999, 436, 0, 0
73999, 456, 0, 0
75000, 472, 0, 0
75999, 464, 0, 0
76999, 452, 0, 0
78000, 460, 0, 0
79000, 496, 0, 0
79999, 492, 0, 0
80999, 420, 0, 0
82000, 448, 0, 0
83000, 472, 0, 0
83999, 484, 0, 0
85000, 464, 0, 0
86000, 460, 0, 0
86999, 460, 0, 0
87999, 488, 0, 0
89000, 460, 0, 0
90000, 428, 0, 0
90999, 540, 0, 0
91999, 456, 0, 0
92999, 492, 0, 0
94000, 456, 0, 0
95000, 488, 0, 0
95999, 472, 0, 0
96999, 504, 0, 0
98000, 468, 0, 0
99000, 460, 0, 0
99999, 500, 0, 0
100999, 432, 0, 0
102000, 484, 0, 0
102999, 460, 0, 0
103999, 460, 0, 0
105000, 496, 0, 0
106000, 460, 0, 0
106999, 464, 0, 0
108000, 460, 0, 0
108999, 464, 0, 0
109999, 480, 0, 0
111000, 464, 0, 0
112000, 460, 0, 0
112999, 488, 0, 0
113999, 508, 0, 0
115000, 460, 0, 0
115999, 456, 0, 0
117000, 476, 0, 0
118000, 508, 0, 0
118999, 480, 0, 0
120000, 524, 0, 0
121000, 436, 0, 0
121999, 464, 0, 0
123000, 496, 0, 0
124000, 472, 0, 0
124999, 432, 0, 0
126000, 472, 0, 0
127000, 460, 0, 0
127999, 524, 0, 0
128999, 492, 0, 0
130000, 472, 0, 0
130999, 464, 0, 0
132000, 464, 0, 0
133000, 472, 0, 0
133999, 500, 0, 0
134999, 520, 0, 0
135999, 472, 0, 0
137000, 500, 0, 0
138000, 472, 0, 0
138999, 504, 0, 0
139999, 568, 0, 0
141000, 468, 0, 0
142000, 476, 0, 0
142999, 504, 0, 0
143999, 512, 0, 0
145000, 488, 0, 0
145999, 480, 0, 0
146999, 508, 0, 0
148000, 476, 0, 0
148999, 496, 0, 0
149999, 492, 0, 0
151000, 476, 0, 0
151999, 516, 0, 0
152999, 468, 0, 0
154000, 528, 0, 0
155000, 476, 0, 0
155999, 512, 0, 0
156999, 496, 0, 0
158000, 480, 0, 0
159000, 464, 0, 0
159999, 488, 0, 0
160999, 480, 0, 0
162000, 520, 0, 0
163000, 508, 0, 0
163999, 472, 0, 0
164999, 468, 0, 0
166000, 488, 0, 0
167000, 544, 0, 0
167999, 464, 0, 0
169000, 508, 0, 0
170000, 512, 0, 0
170999, 472, 0, 0
171999, 520, 0, 0
172999, 480, 0, 0
174000, 488, 0, 0
175000, 484, 0, 0
175999, 476, 0, 0
176999, 476, 0, 0
178000, 476, 0, 0
179000, 472, 0, 0
179999, 488, 0, 0
180999, 480, 0, 0
182000, 548, 0, 0
182999, 476, 0, 0
183999, 488, 0, 0
184999, 512, 0, 0
186000, 484, 0, 0
187000, 488, 0, 0
187999, 488, 0, 0
189000, 524, 0, 0
190000, 492, 0, 0
190999, 492, 0, 0
191999, 480, 0, 0
193000, 480, 0, 0
193999, 492, 0, 0
194999, 476, 0, 0
196000, 536, 0, 0
197000, 428, 0, 0
197999, 540, 0, 0
199000, 472, 0, 0
200000, 500, 0, 0
200999, 472, 0, 0
202000, 492, 0, 0
203000, 488, 0, 0
203999, 440, 0, 0
204999, 472, 0, 0
206000, 520, 0, 0
207000, 504, 0, 0
207999, 520, 0, 0
209000, 432, 0, 0
210000, 504, 0, 0
210999, 484, 0, 0
212000, 488, 0, 0
213000, 516, 0, 0
213999, 488, 0, 0
215000, 500, 0, 0
216000, 528, 0, 0
216999, 504, 0, 0
217999, 484, 0, 0
219000, 476, 0, 0
219999, 520, 0, 0
220999, 500, 0, 0
222000, 472, 0, 0
223000, 496, 0, 0
223999, 508, 0, 0
225000, 476, 0, 0
225999, 444, 0, 0
226999, 524, 0, 0
228000, 484, 0, 0
228999, 492, 0, 0
229999, 524, 0, 0
231000, 496, 0, 0
231999, 496, 0, 0
232999, 500, 0, 0
234000, 500, 0, 0
234999, 472, 0, 0
236000, 508, 0, 0
237000, 544, 0, 0
237999, 500, 0, 0
238999, 488, 0, 0
240000, 504, 0, 0
240999, 492, 0, 0
241999, 484, 0, 0
243000, 552, 0, 0
243999, 532, 0, 0
245000, 516, 0, 0
246000, 516, 0, 0
246999, 504, 0, 0
248000, 492, 0, 0
249000, 496, 0, 0
249999, 476, 0, 0
250999, 540, 0, 0
252000, 512, 0, 0
252999, 508, 0, 0
253999, 540, 0, 0
255000, 488, 0, 0
255999, 540, 0, 0
256999, 560, 0, 0
258000, 496, 0, 0
258999, 512, 0, 0
259999, 520, 0, 0
261000, 468, 0, 0
261999, 520, 0, 0
263000, 524, 0, 0
264000, 472, 0, 0
264999, 500, 0, 0
265999, 540, 0, 0
267000, 508, 0, 0
267999, 528, 0, 0
268999, 492, 0, 0
270000, 532, 0, 0
271000, 484, 0, 0
271999, 500, 0, 0
273000, 520, 0, 0
273999, 536, 0, 0
274999, 556, 0, 0
276000, 528, 0, 0
277000, 496, 0, 0
277999, 504, 0, 0
278999, 540, 0, 0
280000, 520, 0, 0
280999, 452, 0, 0
281999, 496, 0, 0
283000, 500, 0, 0
283999, 484, 0, 0
284999, 512, 0, 0
286000, 516, 0, 0
287000, 472, 0, 0
287999, 452, 0, 0
289000, 504, 0, 0
290000, 520, 0, 0
290999, 524, 0, 0
291999, 520, 0, 0
293000, 540, 0, 0
294000, 532, 0, 0
294999, 536, 0, 0
295999, 544, 0, 0
297000, 480, 0, 0
297999, 560, 0, 0
298999, 540, 0, 0
300000, 504, 0, 0
301000, 500, 0, 0
302000, 548, 0, 0
302999, 516, 0, 0
304000, 500, 0, 0
305000, 536, 0, 0
305999, 500, 0, 0
306999, 572, 0, 0
308000, 524, 0, 0
308999, 596, 0, 0
309999, 516, 0, 0
310999, 524, 0, 0
312000, 500, 0, 0
313000, 492, 0, 0
313999, 508, 0, 0
315000, 492, 0, 0
316000, 536, 0, 0
316999, 532, 0, 0
317999, 484, 0, 0
319000, 528, 0, 0
319999, 540, 0, 0
320999, 544, 0, 0
322000, 508, 0, 0
323000, 504, 0, 0
323999, 532, 0, 0
325000, 476, 0, 0
326000, 444, 0, 0
326999, 412, 0, 0
328000, 504, 0, 0
329000, 512, 0, 0
329999, 536, 0, 0
330999, 516, 0, 0
332000, 552, 0, 0
333000, 512, 0, 0
333999, 504, 0, 0
334999, 552, 0, 0
336000, 508, 0, 0
336999, 536, 0, 0
337999, 520, 0, 0
339000, 552, 0, 0
340000, 500, 0, 0
340999, 572, 0, 0
341999, 500, 0, 0
343000, 588, 0, 0
344000, 496, 0, 0
344999, 516, 0, 0
346000, 524, 0, 0
347000, 524, 0, 0
347999, 564, 0, 0
348999, 492, 0, 0
350000, 568, 0, 0
350999, 536, 0, 0
351999, 492, 0, 0
353000, 512, 0, 0
353999, 532, 0, 0
354999, 536, 0, 0
356000, 516, 0, 0
357000, 548, 0, 0
357999, 496, 0, 0
359000, 516, 0, 0
360000, 576, 0, 0
360999, 524, 0, 0
362000, 572, 0, 0
363000, 512, 0, 0
363999, 544, 0, 0
364999, 532, 0, 0
366000, 520, 0, 0
367000, 504, 0, 0
367999, 556, 0, 0
369000, 564, 0, 0
370000, 584, 0, 0
370999, 500, 0, 0
371999, 540, 0, 0
373000, 528, 0, 0
373999, 556, 0, 0
374999, 512, 0, 0
376000, 564, 0, 0
377000, 548, 0, 0
377999, 528, 0, 0
379000, 516, 0, 0
380000, 532, 0, 0
380999, 552, 0, 0
382000, 524, 0, 0
383000, 440, 0, 0
383999, 480, 0, 0
385000, 564, 0, 0
386000, 556, 0, 0
386999, 560, 0, 0
388000, 516, 0, 0
389000, 560, 0, 0
389999, 568, 0, 0
390999, 500, 0, 0
392000, 552, 0, 0
393000, 572, 0, 0
394000, 532, 0, 0
394999, 560, 0, 0
396000, 552, 0, 0
397000, 552, 0, 0
397999, 472, 0, 0
399000, 564, 0, 0
400000, 568, 0, 0
400999, 552, 0, 0
402000, 464, 0, 0
403000, 476, 0, 0
403999, 548, 0, 0
405000, 532, 0, 0
406000, 516, 0, 0
406999, 520, 0, 0
407999, 524, 0, 0
409000, 532, 0, 0
409999, 564, 0, 0
411000, 524, 0, 0
412000, 528, 0, 0
412999, 488, 0, 0
414000, 508, 0, 0
415000, 600, 0, 0
415999, 540, 0, 0
417000, 580, 0, 0
418000, 556, 0, 0
418999, 540, 0, 0
420000, 596, 0, 0
421000, 592, 0, 0
421999, 592, 0, 0
423000, 544, 0, 0
424000, 568, 0, 0
424999, 604, 0, 0
426000, 572, 0, 0
427000, 548, 0, 0
427999, 500, 0, 0
429000, 588, 0, 0
430000, 576, 0, 0
430999, 556, 0, 0
431999, 520, 0, 0
433000, 516, 0, 0
433999, 580, 0, 0
434999, 576, 0, 0
436000, 596, 0, 0
436999, 504, 0, 0
437999, 592, 0, 0
439000, 588, 0, 0
440000, 560, 0, 0
440999, 552, 0, 0
442000, 552, 0, 0
443000, 544, 0, 0
443999, 560, 0, 0
445000, 540, 0, 0
446000, 560, 0, 0
446999, 568, 0, 0
448000, 572, 0, 0
449000, 552, 0, 0
449999, 540, 0, 0
451000, 584, 0, 0
452000, 512, 0, 0
452999, 540, 0, 0
454000, 532, 0, 0
455000, 516, 0, 0
455999, 600, 0, 0
457000, 504, 0, 0
458000, 568, 0, 0
458999, 532, 0, 0
459999, 540, 0, 0
461000, 588, 0, 0
461999, 512, 0, 0
462999, 536, 0, 0
464000, 548, 0, 0
465000, 564, 0, 0
465999, 552, 0, 0
466999, 548, 0, 0
468000, 540, 0, 0
468999, 544, 0, 0
469999, 564, 0, 0
471000, 568, 0, 0
471999, 468, 0, 0
472999, 572, 0, 0
474000, 484, 0, 0
475000, 564, 0, 0
475999, 552, 0, 0
477000, 552, 0, 0
478000, 592, 0, 0
478999, 496, 0, 0
479999, 588, 0, 0
481000, 572, 0, 0
481999, 564, 0, 0
482999, 532, 0, 0
484000, 572, 0, 0
484999, 540, 0, 0
485999, 592, 0, 0
487000, 516, 0, 0
488000, 540, 0, 0
488999, 500, 0, 0
489999, 524, 0, 0
491000, 612, 0, 0
491999, 520, 0, 0
492999, 548, 0, 0
494000, 540, 0, 0
495000, 552, 0, 0
495999, 552, 0, 0
497000, 516, 0, 0
498000, 536, 0, 0
498999, 568, 0, 0
500000, 548, 0, 0
501000, 544, 0, 0
501999, 568, 0, 0
503000, 592, 0, 0
504000, 576, 0, 0
504999, 548, 0, 0
506000, 540, 0, 0
507000, 572, 0, 0
507999, 544, 0, 0
509000, 564, 0, 0
510000, 572, 0, 0
510999, 544, 0, 0
512000, 592, 0, 0
513000, 580, 0, 0
513999, 520, 0, 0
515000, 580, 0, 0
515999, 552, 0, 0
516999, 580, 0, 0
518000, 536, 0, 0
519000, 548, 0, 0
519999, 584, 0, 0
521000, 548, 0, 0
521999, 560, 0, 0
522999, 548, 0, 0
524000, 584, 0, 0
524999, 528, 0, 0
525999, 560, 0, 0
527000, 560, 0, 0
527999, 544, 0, 0
528999, 628, 0, 0
530000, 588, 0, 0
530999, 544, 0, 0
531999, 616, 0, 0
533000, 540, 0, 0
533999, 612, 0, 0
534999, 552, 0, 0
536000, 608, 0, 0
536999, 580, 0, 0
537999, 564, 0, 0
539000, 564, 0, 0
539999, 548, 0, 0
540999, 628, 0, 0
542000, 544, 0, 0
542999, 584, 0, 0
543999, 636, 0, 0
545000, 596, 0, 0
545999, 552, 0, 0
547000, 556, 0, 0
548000, 588, 0, 0
548999, 588, 0, 0
549999, 600, 0, 0
551000, 592, 0, 0
551999, 600, 0, 0
552999, 564, 0, 0
554000, 588, 0, 0
554999, 548, 0, 0
556000, 576, 0, 0
557000, 596, 0, 0
557999, 568, 0, 0
559000, 560, 0, 0
560000, 560, 0, 0
560999, 644, 0, 0
561999, 572, 0, 0
563000, 580, 0, 0
563999, 640, 0, 0
564999, 620, 0, 0
566000, 584, 0, 0
566999, 576, 0, 0
567999, 552, 0, 0
569000, 592, 0, 0
569999, 548, 0, 0
570999, 604, 0, 0
572000, 584, 0, 0
572999, 596, 0, 0
573999, 596, 0, 0
575000, 532, 0, 0
575999, 524, 0, 0
576999, 572, 0, 0
578000, 540, 0, 0
578999, 556, 0, 0
579999, 560, 0, 0
581000, 572, 0, 0
581999, 564, 0, 0
583000, 628, 0, 0
584000, 596, 0, 0
584999, 628, 0, 0
586000, 596, 0, 0
587000, 612, 0, 0
587999, 608, 0, 0
589000, 524, 0, 0
590000, 672, 0, 0
590999, 536, 0, 0
592000, 584, 0, 0
593000, 608, 0, 0
593999, 568, 0, 0
595000, 628, 0, 0
595999, 536, 0, 0
596999, 548, 0, 0
598000, 572, 0, 0
598999, 676, 0, 0
599999, 536, 0, 0
601000, 656, 0, 0
601999, 612, 0, 0
603000, 576, 0, 0
604000, 604, 0, 0
605000, 560, 0, 0
606000, 628, 0, 0
607000, 580, 0, 0
608000, 632, 0, 0
609000, 544, 0, 0
610001, 567, 0, 0
611000, 608, 0, 0
612000, 604, 0, 0
613000, 572, 0, 0
614001, 583, 0, 0
615000, 592, 0, 0
616000, 520, 0, 0
617000, 588, 0, 0
618001, 587, 0, 0
619000, 632, 0, 0
620000, 596, 0, 0
621000, 616, 0, 0
622000, 556, 0, 0
623000, 564, 0, 0
624000, 652, 0, 0
625000, 620, 0, 0
626000, 600, 0, 0
627000, 652, 0, 0
628000, 600, 0, 0
629000, 604, 0, 0
630000, 644, 0, 0
631000, 600, 0, 0
632000, 648, 0, 0
633000, 636, 0, 0
634000, 640, 0, 0
635000, 564, 0, 0
636000, 592, 0, 0
637000, 588, 0, 0
638000, 572, 0, 0
639000, 548, 0, 0
640000, 624, 0, 0
641000, 652, 0, 0
642000, 612, 0, 0
643000, 556, 0, 0
644000, 528, 0, 0
645000, 632, 0, 0
646000, 572, 0, 0
647000, 596, 0, 0
648000, 616, 0, 0
649000, 596, 0, 0
650000, 616, 0, 0
651000, 580, 0, 0
652000, 632, 0, 0
653000, 628, 0, 0
653999, 612, 0, 0
655000, 572, 0, 0
655999, 676, 0, 0
656999, 628, 0, 0
657999, 572, 0, 0
658998, 633, 0, 0
659999, 640, 0, 0
660998, 649, 0, 0
661998, 629, 0, 0
662998, 557, 0, 0
663997, 625, 0, 0
664997, 678, 0, 0
665998, 613, 0, 0
666997, 565, 0, 0
667997, 581, 0, 0
668996, 630, 0, 0
669996, 614, 0, 0
670997, 505, 0, 0
671996, 646, 0, 0
672996, 638, 0, 0
673995, 627, 0, 0
674995, 594, 0, 0
675996, 618, 0, 0
676995, 586, 0, 0
677995, 615, 0, 0
678994, 599, 0, 0
679995, 631, 0, 0
680995, 623, 0, 0
681994, 643, 0, 0
682994, 635, 0, 0
683994, 623, 0, 0
684994, 655, 0, 0
685994, 591, 0, 0
686993, 644, 0, 0
687993, 572, 0, 0
688992, 584, 0, 0
689993, 572, 0, 0
690993, 620, 0, 0
691992, 612, 0, 0
692992, 604, 0, 0
693992, 592, 0, 0
694992, 665, 0, 0
695992, 552, 0, 0
696991, 657, 0, 0
697991, 565, 0, 0
698991, 605, 0, 0
699991, 698, 0, 0
700991, 629, 0, 0
702000, 704, 0, 0
703000, 596, 0, 0
703999, 704, 0, 0
704999, 616, 0, 0
706000, 640, 0, 0
706999, 724, 0, 0
707999, 632, 0, 0
709000, 640, 0, 0
710000, 644, 0, 0
710999, 632, 0, 0
712000, 652, 0, 0
713000, 704, 0, 0
713999, 636, 0, 0
715000, 620, 0, 0
716000, 604, 0, 0
716999, 608, 0, 0
718000, 700, 0, 0
719000, 560, 0, 0
719999, 632, 0, 0
721000, 636, 0, 0
722000, 632, 0, 0
722999, 660, 0, 0
724000, 764, 0, 0
725000, 648, 0, 0
725999, 636, 0, 0
727000, 636, 0, 0
728000, 612, 0, 0
728999, 656, 0, 0
729999, 724, 0, 0
731000, 688, 0, 0
731999, 604, 0, 0
732999, 632, 0, 0
734000, 700, 0, 0
734999, 620, 0, 0
735999, 568, 0, 0
737000, 640, 0, 0
738000, 664, 0, 0
738999, 632, 0, 0
740000, 604, 0, 0
741000, 640, 0, 0
741999, 620, 0, 0
743000, 688, 0, 0
744000, 632, 0, 0
744999, 592, 0, 0
746000, 588, 0, 0
747000, 656, 0, 0
747999, 668, 0, 0
749000, 668, 0, 0
750000, 620, 0, 0
750999, 656, 0, 0
752000, 740, 0, 0
753000, 608, 0, 0
753999, 644, 0, 0
755000, 640, 0, 0
755999, 644, 0, 0
756999, 620, 0, 0
758000, 692, 0, 0
759000, 672, 0, 0
759999, 692, 0, 0
761000, 672, 0, 0
762000, 672, 0, 0
762999, 568, 0, 0
764000, 592, 0, 0
765000, 596, 0, 0
765999, 584, 0, 0
767000, 644, 0, 0
768000, 704, 0, 0
768999, 608, 0, 0
770000, 688, 0, 0
771000, 652, 0, 0
771999, 672, 0, 0
773000, 616, 0, 0
774000, 676, 0, 0
774999, 616, 0, 0
776000, 588, 0, 0
776999, 624, 0, 0
777999, 652, 0, 0
779000, 648, 0, 0
780000, 660, 0, 0
780999, 624, 0, 0
782000, 628, 0, 0
783000, 600, 0, 0
783999, 656, 0, 0
785000, 636, 0, 0
786000, 676, 0, 0
786999, 640, 0, 0
788000, 552, 0, 0
789000, 704, 0, 0
789999, 616, 0, 0
791000, 576, 0, 0
792000, 652, 0, 0
792999, 608, 0, 0
794000, 604, 0, 0
795000, 704, 0, 0
795999, 536, 0, 0
797000, 680, 0, 0
798000, 640, 0, 0
798999, 616, 0, 0
800000, 688, 0, 0
801000, 740, 0, 0
801999, 620, 0, 0
803000, 644, 0, 0
804000, 732, 0, 0
804999, 572, 0, 0
806000, 600, 0, 0
807000, 580, 0, 0
807999, 680, 0, 0
809000, 624, 0, 0
810000, 672, 0, 0
810999, 676, 0, 0
811999, 680, 0, 0
813000, 664, 0, 0
813999, 580, 0, 0
815000, 648, 0, 0
816000, 708, 0, 0
816999, 604, 0, 0
818000, 644, 0, 0
819000, 672, 0, 0
819999, 596, 0, 0
821000, 652, 0, 0
822000, 604, 0, 0
822999, 676, 0, 0
824000, 640, 0, 0
825000, 604, 0, 0
825999, 584, 0, 0
826999, 708, 0, 0
828000, 596, 0, 0
828999, 600, 0, 0
830000, 712, 0, 0
830999, 644, 0, 0
831999, 656, 0, 0
833000, 580, 0, 0
833999, 668, 0, 0
834999, 640, 0, 0
836000, 716, 0, 0
836999, 672, 0, 0
837999, 640, 0, 0
839000, 588, 0, 0
839999, 636, 0, 0
840999, 636, 0, 0
842000, 612, 0, 0
843000, 584, 0, 0
843999, 696, 0, 0
845000, 568, 0, 0
846000, 656, 0, 0
846999, 612, 0, 0
848000, 596, 0, 0
849000, 760, 0, 0
849999, 592, 0, 0
850999, 712, 0, 0
852000, 620, 0, 0
852999, 680, 0, 0
854000, 588, 0, 0
855000, 596, 0, 0
855999, 636, 0, 0
856999, 724, 0, 0
858000, 684, 0, 0
858999, 580, 0, 0
859999, 688, 0, 0
861000, 628, 0, 0
861999, 720, 0, 0
862999, 688, 0, 0
864000, 548, 0, 0
865000, 640, 0, 0
865999, 624, 0, 0
867000, 668, 0, 0
868000, 600, 0, 0
868999, 672, 0, 0
870000, 644, 0, 0
871000, 676, 0, 0
871999, 656, 0, 0
873000, 648, 0, 0
874000, 700, 0, 0
874999, 640, 0, 0
876000, 728, 0, 0
877000, 608, 0, 0
877999, 680, 0, 0
879000, 656, 0, 0
880000, 672, 0, 0
880999, 620, 0, 0
882000, 648, 0, 0
883000, 652, 0, 0
883999, 608, 0, 0
885000, 644, 0, 0
886000, 700, 0, 0
886999, 696, 0, 0
888000, 616, 0, 0
889000, 616, 0, 0
889999, 604, 0, 0
890999, 632, 0, 0
892000, 616, 0, 0
892999, 648, 0, 0
893999, 700, 0, 0
895000, 596, 0, 0
895999, 548, 0, 0
897000, 684, 0, 0
898000, 640, 0, 0
898999, 612, 0, 0
900000, 728, 0, 0
900999, 628, 0, 0
901999, 660, 0, 0
903000, 652, 0, 0
903999, 600, 0, 0
904999, 720, 0, 0
906000, 676, 0, 0
906999, 600, 0, 0
907999, 604, 0, 0
909000, 640, 0, 0
910000, 640, 0, 0
910999, 632, 0, 0
912000, 576, 0, 0
913000, 668, 0, 0
913999, 664, 0, 0
915000, 608, 0, 0
916000, 668, 0, 0
916999, 648, 0, 0
918000, 656, 0, 0
919000, 636, 0, 0
919999, 612, 0, 0
921000, 684, 0, 0
922000, 700, 0, 0
922999, 632, 0, 0
924000, 712, 0, 0
925000, 624, 0, 0
925999, 652, 0, 0
927000, 652, 0, 0
928000, 568, 0, 0
928999, 644, 0, 0
929999, 680, 0, 0
931000, 580, 0, 0
932000, 640, 0, 0
932999, 604, 0, 0
934000, 632, 0, 0
935000, 644, 0, 0
935999, 576, 0, 0
937000, 628, 0, 0
938000, 692, 0, 0
938999, 632, 0, 0
940000, 624, 0, 0
940999, 636, 0, 0
941999, 632, 0, 0
943000, 648, 0, 0
943999, 656, 0, 0
944999, 616, 0, 0
946000, 608, 0, 0
946999, 632, 0, 0
947999, 656, 0, 0
949000, 652, 0, 0
950000, 664, 0, 0
950999, 608, 0, 0
951999, 652, 0, 0
953000, 700, 0, 0
953999, 612, 0, 0
954999, 628, 0, 0
956000, 704, 0, 0
957000, 652, 0, 0
957999, 604, 0, 0
959000, 596, 0, 0
960000, 604, 0, 0
960999, 664, 0, 0
962000, 672, 0, 0
963000, 604, 0, 0
963999, 744, 0, 0
965000, 684, 0, 0
966000, 676, 0, 0
966999, 600, 0, 0
968000, 604, 0, 0
968999, 576, 0, 0
969999, 604, 0, 0
971000, 588, 0, 0
972000, 632, 0, 0
972999, 652, 0, 0
974000, 632, 0, 0
975000, 612, 0, 0
975999, 632, 0, 0
976999, 644, 0, 0
978000, 640, 0, 0
978999, 728, 0, 0
979999, 588, 0, 0
981000, 616, 0, 0
982000, 664, 0, 0
982999, 636, 0, 0
983999, 624, 0, 0
985000, 596, 0, 0
986000, 708, 0, 0
986999, 648, 0, 0
987999, 608, 0, 0
989000, 772, 0, 0
990000, 644, 0, 0
990999, 568, 0, 0
992000, 616, 0, 0
993000, 648, 0, 0
993999, 632, 0, 0
994999, 652, 0, 0
996000, 620, 0, 0
997000, 544, 0, 0
997999, 580, 0, 0
999000, 648, 0, 0
1000000, 628, 0, 0
1000999, 588, 0, 0
1001999, 660, 0, 0
1003000, 704, 0, 0
1004000, 608, 0, 0
1004999, 628, 0, 0
1006000, 604, 0, 0
1007000, 660, 0, 0
1007999, 628, 0, 0
1009000, 676, 0, 0
1010000, 652, 0, 0
1010999, 644, 0, 0
1011999, 588, 0, 0
1013000, 652, 0, 0
1014000, 652, 0, 0
1014999, 652, 0, 0
1016000, 644, 0, 0
1017000, 740, 0, 0
1017999, 644, 0, 0
1019000, 680, 0, 0
1020000, 612, 0, 0
1020999, 652, 0, 0
1022000, 672, 0, 0
1023000, 620, 0, 0
1023999, 592, 0, 0
1025000, 632, 0, 0
1026000, 624, 0, 0
1026999, 652, 0, 0
1028000, 656, 0, 0
1029000, 592, 0, 0
1029999, 588, 0, 0
1030999, 648, 0, 0
1032000, 596, 0, 0
1032999, 644, 0, 0
1033999, 596, 0, 0
1035000, 656, 0, 0
1036000, 648, 0, 0
1036999, 660, 0, 0
1038000, 608, 0, 0
1039000, 692, 0, 0
1039999, 608, 0, 0
1041000, 648, 0, 0
1041999, 576, 0, 0
1042999, 668, 0, 0
1044000, 636, 0, 0
1044999, 580, 0, 0
1045999, 676, 0, 0
1047000, 600, 0, 0
1047999, 700, 0, 0
1048999, 676, 0, 0
1050000, 660, 0, 0
1050999, 640, 0, 0
1051999, 680, 0, 0
1053000, 612, 0, 0
1053999, 728, 0, 0
1054999, 688, 0, 0
1056000, 592, 0, 0
1057000, 624, 0, 0
1057999, 656, 0, 0
1059000, 604, 0, 0
1059999, 700, 0, 0
1060999, 644, 0, 0
1062000, 696, 0, 0
1062999, 588, 0, 0
1064000, 624, 0, 0
1065000, 668, 0, 0
1065999, 676, 0, 0
1066999, 616, 0, 0
1068000, 612, 0, 0
1068999, 740, 0, 0
1070000, 572, 0, 0
1071000, 576, 0, 0
1071999, 580, 0, 0
1073000, 680, 0, 0
1074000, 656, 0, 0
1074999, 612, 0, 0
1076000, 712, 0, 0
1077000, 660, 0, 0
1077999, 604, 0, 0
1078999, 656, 0, 0
1080000, 664, 0, 0
1081000, 632, 0, 0
1081999, 620, 0, 0
1083000, 532, 0, 0
1084000, 672, 0, 0
1084999, 648, 0, 0
1086000, 652, 0, 0
1087000, 628, 0, 0
1087999, 664, 0, 0
1089000, 656, 0, 0
1090000, 644, 0, 0
1090999, 616, 0, 0
1092000, 668, 0, 0
1093000, 620, 0, 0
1093999, 600, 0, 0
1094999, 664, 0, 0
1096000, 640, 0, 0
1096999, 664, 0, 0
1097999, 696, 0, 0
1099000, 652, 0, 0
1099999, 608, 0, 0
1100999, 612, 0, 0
1102000, 644, 0, 0
1103000, 636, 0, 0
1103999, 576, 0, 0
1105000, 696, 0, 0
1105999, 592, 0, 0
1106999, 636, 0, 0
1108000, 616, 0, 0
1109000, 660, 0, 0
1109999, 600, 0, 0
1111000, 644, 0, 0
1112000, 632, 0, 0
1112999, 572, 0, 0
1113999, 636, 0, 0
1115000, 588, 0, 0
1115999, 628, 0, 0
1116999, 612, 0, 0
1118000, 692, 0, 0
1119000, 600, 0, 0
1119999, 656, 0, 0
1121000, 644, 0, 0
1122000, 636, 0, 0
1122999, 564, 0, 0
1124000, 700, 0, 0
1125000, 612, 0, 0
1125999, 608, 0, 0
1126999, 640, 0, 0
1128000, 684, 0, 0
1129000, 644, 0, 0
1129999, 648, 0, 0
1131000, 628, 0, 0
1132000, 660, 0, 0
1132999, 672, 0, 0
1134000, 592, 0, 0
1135000, 580, 0, 0
1135999, 736, 0, 0
1136999, 652, 0, 0
1138000, 708, 0, 0
1138999, 616, 0, 0
1139999, 632, 0, 0
1141000, 780, 0, 0
1141999, 632, 0, 0
1142999, 644, 0, 0
1144000, 628, 0, 0
1144999, 684, 0, 0
1145999, 604, 0, 0
1147000, 600, 0, 0
1148000, 608, 0, 0
1148999, 624, 0, 0
1150000, 596, 0, 0
1151000, 624, 0, 0
1151999, 640, 0, 0
1153000, 684, 0, 0
1154000, 536, 0, 0
1154999, 648, 0, 0
1156000, 652, 0, 0
1157000, 668, 0, 0
1157999, 636, 0, 0
1159000, 596, 0, 0
1160000, 632, 0, 0
1160999, 696, 0, 0
1161999, 688, 0, 0
1163000, 564, 0, 0
1164000, 592, 0, 0
1164999, 696, 0, 0
1166000, 624, 0, 0
1167000, 696, 0, 0
1167999, 596, 0, 0
1169000, 660, 0, 0
1170000, 644, 0, 0
1170999, 660, 0, 0
1172000, 676, 0, 0
1172999, 600, 0, 0
1173999, 644, 0, 0
1175000, 772, 0, 0
1176000, 596, 0, 0
1176999, 652, 0, 0
1178000, 640, 0, 0
1179000, 620, 0, 0
1179999, 660, 0, 0
1180999, 504, 0, 0
1182000, 664, 0, 0
1182999, 664, 0, 0
1183999, 712, 0, 0
1185000, 596, 0, 0
1185999, 652, 0, 0
1186999, 640, 0, 0
1188000, 616, 0, 0
1188999, 664, 0, 0
1189999, 744, 0, 0
1191000, 712, 0, 0
1192000, 608, 0, 0
1192999, 592, 0, 0
1193999, 704, 0, 0
1195000, 556, 0, 0
1195999, 616, 0, 0
1197000, 568, 0, 0
1198000, 656, 0, 0
1198999, 628, 0, 0
1200000, 652, 0, 0
1201000, 636, 0, 0
1201999, 600, 0, 0
1203000, 648, 0, 0
1204000, 608, 0, 0
1204999, 660, 0, 0
1205999, 648, 0, 0
1207000, 632, 0, 0
1207999, 704, 0, 0
1208999, 616, 0, 0
1210000, 700, 0, 0
1210999, 640, 0, 0
1211999, 632, 0, 0
1213000, 676, 0, 0
1214000, 668, 0, 0
1214999, 600, 0, 0
1216000, 700, 0, 0
1217000, 676, 0, 0
1217999, 544, 0, 0
1218999, 656, 0, 0
1220000, 656, 0, 0
1220999, 628, 0, 0
1221999, 608, 0, 0
1223000, 696, 0, 0
1223999, 640, 0, 0
1225000, 636, 0, 0
1226000, 656, 0, 0
1226999, 672, 0, 0
1227999, 612, 0, 0
1229000, 652, 0, 0
1229999, 568, 0, 0
1230999, 696, 0, 0
1232000, 672, 0, 0
1232999, 680, 0, 0
1233999, 644, 0, 0
1235000, 672, 0, 0
1235999, 640, 0, 0
1237000, 692, 0, 0
1238000, 648, 0, 0
1238999, 592, 0, 0
1240000, 588, 0, 0
1241000, 672, 0, 0
1241999, 624, 0, 0
1242999, 576, 0, 0
1244000, 604, 0, 0
1244999, 556, 0, 0
1245999, 648, 0, 0
1247000, 608, 0, 0
1247999, 680, 0, 0
1248999, 572, 0, 0
1250000, 572, 0, 0
1250999, 636, 0, 0
1251999, 672, 0, 0
1253000, 604, 0, 0
1254000, 680, 0, 0
1254999, 596, 0, 0
1256000, 684, 0, 0
1257000, 664, 0, 0
1257999, 612, 0, 0
1259000, 656, 0, 0
1260000, 632, 0, 0
1260999, 604, 0, 0
1262000, 680, 0, 0
1263000, 596, 0, 0
1263999, 656, 0, 0
1265000, 612, 0, 0
1266000, 620, 0, 0
1266999, 636, 0, 0
1268000, 656, 0, 0
1269000, 696, 0, 0
1269999, 616, 0, 0
1271000, 664, 0, 0
1272000, 556, 0, 0
1272999, 660, 0, 0
1274000, 660, 0, 0
1275000, 628, 0, 0
1275999, 680, 0, 0
1277000, 616, 0, 0
1278000, 688, 0, 0
1278999, 644, 0, 0
1280000, 632, 0, 0
1281000, 624, 0, 0
1281999, 772, 0, 0
1283000, 596, 0, 0
1283999, 556, 0, 0
1284999, 592, 0, 0
1286000, 636, 0, 0
1287000, 592, 0, 0
1287999, 628, 0, 0
1289000, 668, 0, 0
1290000, 660, 0, 0
1290999, 620, 0, 0
1292000, 660, 0, 0
1293000, 588, 0, 0
1293999, 672, 0, 0
1295000, 600, 0, 0
1296000, 592, 0, 0
1296999, 620, 0, 0
1298000, 584, 0, 0
1299000, 660, 0, 0
1299999, 684, 0, 0
1301000, 504, 0, 0
1302000, 620, 0, 0
1302999, 684, 0, 0
1304000, 640, 0, 0
1305000, 684, 0, 0
1305999, 640, 0, 0
1307000, 632, 0, 0
1308000, 692, 0, 0
1308999, 664, 0, 0
1310000, 616, 0, 0
1311000, 656, 0, 0
1311999, 580, 0, 0
1313000, 608, 0, 0
1314000, 600, 0, 0
1314999, 620, 0, 0
1316000, 652, 0, 0
1317000, 596, 0, 0
1317999, 656, 0, 0
1319000, 684, 0, 0
1320000, 628, 0, 0
1320999, 704, 0, 0
1322000, 620, 0, 0
1323000, 628, 0, 0
1323999, 572, 0, 0
1324999, 664, 0, 0
1326000, 628, 0, 0
1326999, 668, 0, 0
1327999, 664, 0, 0
1329000, 560, 0, 0
1329999, 576, 0, 0
1330999, 600, 0, 0
1332000, 600, 0, 0
1333000, 664, 0, 0
1333999, 676, 0, 0
1335000, 624, 0, 0
1335999, 648, 0, 0
1336999, 628, 0, 0
1338000, 552, 0, 0
1338999, 580, 0, 0
1339999, 676, 0, 0
1341000, 572, 0, 0
1341999, 652, 0, 0
1343000, 660, 0, 0
1344000, 628, 0, 0
1344999, 612, 0, 0
1346000, 680, 0, 0
1347000, 608, 0, 0
1347999, 716, 0, 0
1349000, 684, 0, 0
1349999, 664, 0, 0
1350999, 688, 0, 0
1352000, 620, 0, 0
1353000, 624, 0, 0
1353999, 732, 0, 0
1355000, 572, 0, 0
1355999, 664, 0, 0
1356999, 616, 0, 0
1358000, 644, 0, 0
1358999, 648, 0, 0
1359999, 612, 0, 0
1361000, 608, 0, 0
1361999, 680, 0, 0
1362999, 660, 0, 0
1364000, 604, 0, 0
1364999, 660, 0, 0
1365999, 660, 0, 0
1367000, 624, 0, 0
1368000, 664, 0, 0
1368999, 684, 0, 0
1370000, 612, 0, 0
1371000, 596, 0, 0
1371999, 644, 0, 0
1373000, 624, 0, 0
1374000, 696, 0, 0
1374999, 612, 0, 0
1376000, 648, 0, 0
1377000, 564, 0, 0
1377999, 592, 0, 0
1379000, 636, 0, 0
1380000, 652, 0, 0
1380999, 636, 0, 0
1382000, 692, 0, 0
1383000, 632, 0, 0
1383999, 692, 0, 0
1385000, 596, 0, 0
1386000, 672, 0, 0
1386999, 608, 0, 0
1388000, 652, 0, 0
1389000, 608, 0, 0
1389999, 564, 0, 0
1391000, 696, 0, 0
1392000, 592, 0, 0
1392999, 612, 0, 0
1393999, 656, 0, 0
1395000, 652, 0, 0
1396000, 620, 0, 0
1396999, 644, 0, 0
1398000, 624, 0, 0
1399000, 588, 0, 0
1399999, 696, 0, 0
1400999, 588, 0, 0
1402000, 660, 0, 0
1403000, 604, 0, 0
1403999, 544, 0, 0
1405000, 688, 0, 0
1406000, 692, 0, 0
1406999, 660, 0, 0
1408000, 716, 0, 0
1409000, 644, 0, 0
1409999, 628, 0, 0
1411000, 564, 0, 0
1412000, 652, 0, 0
1412999, 648, 0, 0
1414000, 596, 0, 0
1415000, 612, 0, 0
1415999, 688, 0, 0
1417000, 584, 0, 0
1418000, 676, 0, 0
1418999, 680, 0, 0
1419999, 624, 0, 0
1421000, 652, 0, 0
1421999, 628, 0, 0
1422999, 676, 0, 0
1424000, 660, 0, 0
1424999, 600, 0, 0
1425999, 572, 0, 0
1427000, 604, 0, 0
1428000, 644, 0, 0
1428999, 604, 0, 0
1430000, 628, 0, 0
1431000, 684, 0, 0
1431999, 628, 0, 0
1433000, 636, 0, 0
1434000, 668, 0, 0
1434999, 648, 0, 0
1436000, 664, 0, 0
1437000, 684, 0, 0
1437999, 608, 0, 0
1439000, 668, 0, 0
1440000, 608, 0, 0
1440999, 620, 0, 0
1441999, 584, 0, 0
1443000, 648, 0, 0
1443999, 648, 0, 0
1444999, 588, 0, 0
1446000, 592, 0, 0
1446999, 624, 0, 0
1447999, 560, 0, 0
1449000, 632, 0, 0
1450000, 568, 0, 0
1450999, 612, 0, 0
1452000, 652, 0, 0
1453000, 624, 0, 0
1453999, 624, 0, 0
1455000, 676, 0, 0
1456000, 600, 0, 0
1456999, 560, 0, 0
1457999, 580, 0, 0
1459000, 684, 0, 0
1459999, 632, 0, 0
1460999, 664, 0, 0
1462000, 604, 0, 0
1462999, 632, 0, 0
1463999, 636, 0, 0
1465000, 668, 0, 0
1465999, 632, 0, 0
1466999, 668, 0, 0
1468000, 696, 0, 0
1468999, 648, 0, 0
1469999, 536, 0, 0
1471000, 620, 0, 0
1472000, 588, 0, 0
1472999, 572, 0, 0
1474000, 648, 0, 0
1475000, 656, 0, 0
1475999, 632, 0, 0
1477000, 680, 0, 0
1478000, 652, 0, 0
1478999, 648, 0, 0
1480000, 684, 0, 0
1481000, 592, 0, 0
1481999, 632, 0, 0
1483000, 656, 0, 0
1484000, 604, 0, 0
1484999, 684, 0, 0
1486000, 608, 0, 0
1487000, 612, 0, 0
1487999, 604, 0, 0
1488999, 544, 0, 0
1490000, 636, 0, 0
1490999, 636, 0, 0
1491999, 636, 0, 0
1493000, 632, 0, 0
1493999, 680, 0, 0
1494999, 604, 0, 0
1496000, 572, 0, 0
1496999, 692, 0, 0
1497999, 584, 0, 0
1499000, 708, 0, 0
1499999, 656, 0, 0
1500999, 624, 0, 0
1502000, 748, 0, 0
1502999, 628, 0, 0
1503999, 620, 0, 0
1505000, 676, 0, 0
1505999, 592, 0, 0
1506999, 604, 0, 0
1508000, 676, 0, 0
1509000, 648, 0, 0
1509999, 688, 0, 0
1511000, 620, 0, 0
1511999, 620, 0, 0
1512999, 584, 0, 0
1514000, 680, 0, 0
1515000, 628, 0, 0
1515999, 644, 0, 0
1517000, 648, 0, 0
1518000, 648, 0, 0
1518999, 712, 0, 0
1520000, 608, 0, 0
1521000, 632, 0, 0
1521999, 664, 0, 0
1522999, 720, 0, 0
1524000, 668, 0, 0
1524999, 612, 0, 0
1526000, 664, 0, 0
1527000, 620, 0, 0
1527999, 640, 0, 0
1529000, 624, 0, 0
1530000, 692, 0, 0
1530999, 536, 0, 0
1532000, 684, 0, 0
1533000, 592, 0, 0
1533999, 696, 0, 0
1534999, 648, 0, 0
1536000, 620, 0, 0
1536999, 556, 0, 0
1537999, 712, 0, 0
1539000, 548, 0, 0
1539999, 672, 0, 0
1540999, 568, 0, 0
1542000, 624, 0, 0
1542999, 628, 0, 0
1543999, 596, 0, 0
1545000, 668, 0, 0
1546000, 688, 0, 0
1546999, 640, 0, 0
1548000, 700, 0, 0
1549000, 612, 0, 0
1549999, 624, 0, 0
1551000, 616, 0, 0
1552000, 636, 0, 0
1552999, 604, 0, 0
1554000, 588, 0, 0
1555000, 660, 0, 0
1555999, 588, 0, 0
1557000, 608, 0, 0
1558000, 660, 0, 0
1558999, 616, 0, 0
1560000, 676, 0, 0
1561000, 628, 0, 0
1561999, 632, 0, 0
1562999, 672, 0, 0
1564000, 604, 0, 0
1564999, 616, 0, 0
1566000, 572, 0, 0
1567000, 584, 0, 0
1567999, 644, 0, 0
1569000, 544, 0, 0
1570000, 688, 0, 0
1570999, 684, 0, 0
1571999, 668, 0, 0
1573000, 644, 0, 0
1573999, 580, 0, 0
1574999, 692, 0, 0
1576000, 576, 0, 0
1576999, 624, 0, 0
1577999, 628, 0, 0
1579000, 640, 0, 0
1579999, 596, 0, 0
1580999, 672, 0, 0
1582000, 648, 0, 0
1583000, 664, 0, 0
1583999, 584, 0, 0
1585000, 568, 0, 0
1586000, 572, 0, 0
1586999, 644, 0, 0
1588000, 584, 0, 0
1589000, 640, 0, 0
1589999, 600, 0, 0
1591000, 620, 0, 0
1592000, 684, 0, 0
1592999, 632, 0, 0
1594000, 636, 0, 0
1595000, 688, 0, 0
1595999, 620, 0, 0
1597000, 628, 0, 0
1598000, 636, 0, 0
1598999, 584, 0, 0
1599999, 628, 0, 0
1601000, 676, 0, 0
1601999, 596, 0, 0
1602999, 644, 0, 0
1604000, 696, 0, 0
1605000, 616, 0, 0
1605999, 624, 0, 0
1607000, 756, 0, 0
1608000, 604, 0, 0
1608999, 644, 0, 0
1610000, 564, 0, 0
1610999, 664, 0, 0
1611999, 592, 0, 0
1613000, 576, 0, 0
1614000, 652, 0, 0
1614999, 644, 0, 0
1616000, 684, 0, 0
1617000, 604, 0, 0
1617999, 708, 0, 0
1619000, 632, 0, 0
1620000, 660, 0, 0
1620999, 680, 0, 0
1622000, 676, 0, 0
1623000, 620, 0, 0
1623999, 696, 0, 0
1624999, 620, 0, 0
1626000, 624, 0, 0
1626999, 596, 0, 0
1628000, 640, 0, 0
1629000, 556, 0, 0
1629999, 676, 0, 0
1630999, 632, 0, 0
1632000, 604, 0, 0
1632999, 636, 0, 0
1633999, 736, 0, 0
1635000, 612, 0, 0
1636000, 680, 0, 0
1636999, 716, 0, 0
1637999, 608, 0, 0
1639000, 608, 0, 0
1640000, 684, 0, 0
1640999, 616, 0, 0
1642000, 604, 0, 0
1643000, 632, 0, 0
1643999, 632, 0, 0
1645000, 612, 0, 0
1646000, 628, 0, 0
1647000, 676, 0, 0
1647999, 664, 0, 0
1649000, 640, 0, 0
1650000, 628, 0, 0
1650999, 632, 0, 0
1651999, 636, 0, 0
1653000, 604, 0, 0
1654000, 652, 0, 0
1654999, 708, 0, 0
1655999, 660, 0, 0
1657000, 612, 0, 0
1658000, 660, 0, 0
1658999, 604, 0, 0
1659999, 664, 0, 0
1661000, 648, 0, 0
1661999, 660, 0, 0
1662999, 648, 0, 0
1664000, 692, 0, 0
1665000, 656, 0, 0
1665999, 596, 0, 0
1667000, 640, 0, 0
1668000, 640, 0, 0
1668999, 588, 0, 0
1670000, 564, 0, 0
1671000, 668, 0, 0
1671999, 604, 0, 0
1673000, 636, 0, 0
1674000, 604, 0, 0
1674999, 616, 0, 0
1676000, 644, 0, 0
1677000, 588, 0, 0
1677999, 632, 0, 0
1678999, 620, 0, 0
1680000, 708, 0, 0
1680999, 704, 0, 0
1681999, 560, 0, 0
1683000, 644, 0, 0
1684000, 632, 0, 0
1684999, 568, 0, 0
1686000, 588, 0, 0
1686999, 644, 0, 0
1687999, 660, 0, 0
1689000, 544, 0, 0
1690000, 708, 0, 0
1690999, 584, 0, 0
1692000, 648, 0, 0
1693000, 696, 0, 0
1693999, 640, 0, 0
1695000, 708, 0, 0
1696000, 596, 0, 0
1696999, 576, 0, 0
1698000, 644, 0, 0
1699000, 608, 0, 0
1699999, 608, 0, 0
1701000, 688, 0, 0
1702000, 628, 0, 0
1702999, 608, 0, 0
1704000, 604, 0, 0
1705000, 620, 0, 0
1705999, 612, 0, 0
1706999, 612, 0, 0
1708000, 592, 0, 0
1709000, 592, 0, 0
1709999, 640, 0, 0
1711000, 632, 0, 0
1711999, 640, 0, 0
1712999, 600, 0, 0
1714000, 656, 0, 0
1715000, 636, 0, 0
1715999, 716, 0, 0
1717000, 560, 0, 0
1718000, 560, 0, 0
1718999, 632, 0, 0
1720000, 560, 0, 0
1720999, 640, 0, 0
1721999, 668, 0, 0
1723000, 700, 0, 0
1724000, 548, 0, 0
1724999, 636, 0, 0
1726000, 704, 0, 0
1727000, 660, 0, 0
1727999, 636, 0, 0
1728999, 628, 0, 0
1730000, 500, 0, 0
1731000, 608, 0, 0
1731999, 564, 0, 0
1733000, 580, 0, 0
1734000, 584, 0, 0
1734999, 708, 0, 0
1736000, 656, 0, 0
1737000, 676, 0, 0
1737999, 652, 0, 0
1739000, 652, 0, 0
1740000, 656, 0, 0
1740999, 660, 0, 0
1742000, 640, 0, 0
1743000, 708, 0, 0
1743999, 640, 0, 0
1745000, 640, 0, 0
1746000, 648, 0, 0
1746999, 664, 0, 0
1748000, 624, 0, 0
1749000, 656, 0, 0
1749999, 620, 0, 0
1751000, 652, 0, 0
1752000, 616, 0, 0
1752999, 720, 0, 0
1754000, 588, 0, 0
1754999, 588, 0, 0
1755999, 572, 0, 0
1757000, 616, 0, 0
1758000, 648, 0, 0
1758999, 628, 0, 0
1760000, 624, 0, 0
1760999, 644, 0, 0
1761999, 612, 0, 0
1763000, 688, 0, 0
1763999, 592, 0, 0
1764999, 600, 0, 0
1766000, 616, 0, 0
1766999, 620, 0, 0
1768000, 652, 0, 0
1769000, 692, 0, 0
1769999, 548, 0, 0
1771000, 604, 0, 0
1772000, 604, 0, 0
1772999, 652, 0, 0
1773999, 604, 0, 0
1775000, 636, 0, 0
1775999, 688, 0, 0
1777000, 596, 0, 0
1778000, 568, 0, 0
1778999, 676, 0, 0
1779999, 564, 0, 0
1781000, 628, 0, 0
1781999, 636, 0, 0
1782999, 660, 0, 0
1784000, 640, 0, 0
1784999, 600, 0, 0
1785999, 612, 0, 0
1787000, 648, 0, 0
1788000, 684, 0, 0
1788999, 612, 0, 0
1790000, 628, 0, 0
1791000, 668, 0, 0
1791999, 664, 0, 0
1793000, 640, 0, 0
1794000, 624, 0, 0
1794999, 624, 0, 0
1795999, 552, 0, 0
1797000, 528, 0, 0
1797999, 628, 0, 0
1798999, 588, 0, 0
1800000, 580, 0, 0
