2034, 390194, 0, 0
2034, 32003, 0, 0
3000, 21898, 0, 0
4000, 20983, 0, 0
5000, 21584, 0, 0
6000, 17447, 0, 0
7000, 17810, 0, 0
8000, 19251, 0, 0
9000, 16963, 0, 0
10001, 18298, 0, 0
11000, 17311, 0, 0
12000, 19089, 0, 0
13000, 19747, 0, 0
14000, 16880, 0, 0
15000, 19832, 0, 0
16000, 18215, 0, 0
17000, 19747, 0, 0
18000, 17405, 0, 0
19000, 25561, 0, 0
20000, 17231, 0, 0
21000, 17077, 0, 0
22000, 21145, 0, 0
23000, 18475, 0, 0
24000, 17548, 0, 0
25000, 17282, 0, 0
26000, 17040, 0, 0
27000, 19588, 0, 0
28000, 16817, 0, 0
29000, 17287, 0, 0
30000, 16876, 0, 0
31000, 16730, 0, 0
32000, 17924, 0, 0
33000, 20038, 0, 0
34000, 18496, 0, 0
35000, 17456, 0, 0
36000, 19177, 0, 0
37000, 17155, 0, 0
38000, 17067, 0, 0
39000, 18787, 0, 0
40000, 17168, 0, 0
41006, 19613, 0, 0
42000, 17935, 0, 0
43000, 17954, 0, 0
44000, 17496, 0, 0
45000, 17343, 0, 0
46000, 17393, 0, 0
47000, 18110, 0, 0
48000, 17633, 0, 0
49000, 17973, 0, 0
50000, 18412, 0, 0
51000, 17597, 0, 0
52000, 17327, 0, 0
53000, 16701, 0, 0
54000, 18532, 0, 0
55000, 16846, 0, 0
56000, 17879, 0, 0
57000, 18464, 0, 0
58000, 17560, 0, 0
59000, 20900, 0, 0
60000, 17536, 0, 0
61000, 17233, 0, 0
62000, 16854, 0, 0
63000, 17848, 0, 0
64000, 17015, 0, 0
65000, 16970, 0, 0
66000, 16684, 0, 0
67000, 18264, 0, 0
68000, 18997, 0, 0
69000, 19982, 0, 0
70000, 18532, 0, 0
71000, 19925, 0, 0
72000, 18824, 0, 0
73000, 18849, 0, 0
74000, 22162, 0, 0
75000, 18670, 0, 0
76000, 19118, 0, 0
77000, 17910, 0, 0
78000, 17625, 0, 0
79000, 17667, 0, 0
80000, 18477, 0, 0
81000, 18258, 0, 0
82000, 17905, 0, 0
83000, 20853, 0, 0
84000, 17656, 0, 0
85000, 17592, 0, 0
86000, 18794, 0, 0
87000, 17974, 0, 0
88000, 20515, 0, 0
89000, 19834, 0, 0
90000, 17386, 0, 0
91000, 18190, 0, 0
92000, 17908, 0, 0
93000, 17806, 0, 0
94000, 17524, 0, 0
95000, 16701, 0, 0
96000, 18697, 0, 0
97000, 22126, 0, 0
98000, 17295, 0, 0
99000, 18450, 0, 0
100000, 16994, 0, 0
101000, 17282, 0, 0
102000, 17251, 0, 0
103000, 18153, 0, 0
104000, 25040, 0, 0
105000, 22399, 0, 0
106000, 18880, 0, 0
107000, 17722, 0, 0
108000, 19916, 0, 0
109000, 19738, 0, 0
110000, 18093, 0, 0
111000, 19180, 0, 0
112000, 19536, 0, 0
113000, 19204, 0, 0
114000, 21656, 0, 0
115000, 19367, 0, 0
116000, 20739, 0, 0
117000, 20240, 0, 0
118000, 18495, 0, 0
119000, 20639, 0, 0
120000, 24827, 0, 0
121000, 18415, 0, 0
122000, 23436, 0, 0
123000, 22625, 0, 0
124000, 23110, 0, 0
125000, 22099, 0, 0
126000, 33856, 0, 0
127000, 23966, 0, 0
128000, 26102, 0, 0
129000, 20394, 0, 0
130000, 20386, 0, 0
131000, 19567, 0, 0
132000, 21888, 0, 0
133000, 26427, 0, 0
134000, 22644, 0, 0
135000, 19255, 0, 0
136000, 20526, 0, 0
137000, 20605, 0, 0
138000, 19775, 0, 0
139000, 21898, 0, 0
140000, 22331, 0, 0
141000, 18114, 0, 0
142000, 26928, 0, 0
143000, 23765, 0, 0
144000, 21592, 0, 0
145000, 19404, 0, 0
146000, 20759, 0, 0
147000, 22071, 0, 0
148000, 23264, 0, 0
149000, 20325, 0, 0
150000, 16886, 0, 0
151000, 20447, 0, 0
152000, 18710, 0, 0
153000, 22208, 0, 0
154000, 17644, 0, 0
155000, 20155, 0, 0
156000, 18693, 0, 0
157000, 18851, 0, 0
158000, 18772, 0, 0
159000, 20728, 0, 0
160000, 23182, 0, 0
161000, 22261, 0, 0
162000, 23790, 0, 0
163000, 22758, 0, 0
164000, 21248, 0, 0
165000, 24225, 0, 0
166000, 23838, 0, 0
167000, 24825, 0, 0
168000, 25049, 0, 0
169000, 21608, 0, 0
170000, 23854, 0, 0
171000, 21169, 0, 0
172000, 25188, 0, 0
173000, 22083, 0, 0
174000, 24480, 0, 0
175000, 23009, 0, 0
176000, 28818, 0, 0
177000, 38525, 0, 0
178000, 24251, 0, 0
179000, 23184, 0, 0
180000, 21892, 0, 0
181000, 23306, 0, 0
182000, 23090, 0, 0
183000, 26326, 0, 0
184000, 31724, 0, 0
185000, 23806, 0, 0
186000, 21046, 0, 0
187000, 22951, 0, 0
188000, 21946, 0, 0
189000, 25414, 0, 0
190000, 21404, 0, 0
191000, 22640, 0, 0
192000, 22956, 0, 0
193000, 23432, 0, 0
194000, 23787, 0, 0
195000, 22664, 0, 0
196000, 22694, 0, 0
197000, 21440, 0, 0
198000, 25204, 0, 0
199000, 21676, 0, 0
200000, 20304, 0, 0
201000, 20937, 0, 0
202000, 21375, 0, 0
203000, 21831, 0, 0
204000, 23058, 0, 0
205000, 22726, 0, 0
206000, 24538, 0, 0
207000, 22425, 0, 0
208000, 23676, 0, 0
209000, 21960, 0, 0
210000, 20971, 0, 0
211000, 22284, 0, 0
212000, 23315, 0, 0
213000, 21465, 0, 0
214000, 23913, 0, 0
215000, 21707, 0, 0
216000, 22289, 0, 0
217000, 21514, 0, 0
218000, 22606, 0, 0
219000, 21582, 0, 0
220000, 21340, 0, 0
221000, 32667, 0, 0
222000, 24770, 0, 0
223000, 22631, 0, 0
224000, 22205, 0, 0
225000, 21102, 0, 0
226000, 21319, 0, 0
227000, 20821, 0, 0
228000, 23245, 0, 0
229000, 22778, 0, 0
230000, 22661, 0, 0
231000, 21570, 0, 0
232000, 22677, 0, 0
233000, 22733, 0, 0
234000, 21407, 0, 0
235000, 25628, 0, 0
236000, 22494, 0, 0
237000, 22980, 0, 0
238000, 20641, 0, 0
239000, 23147, 0, 0
240000, 22530, 0, 0
241000, 21306, 0, 0
242000, 24903, 0, 0
243000, 22203, 0, 0
244000, 20425, 0, 0
245000, 23318, 0, 0
246000, 22805, 0, 0
247000, 22622, 0, 0
248000, 23918, 0, 0
249000, 23068, 0, 0
250000, 24382, 0, 0
251000, 24145, 0, 0
252000, 22688, 0, 0
253000, 22700, 0, 0
254000, 22679, 0, 0
255000, 24521, 0, 0
256000, 22570, 0, 0
257000, 23197, 0, 0
258000, 21949, 0, 0
259000, 21530, 0, 0
260000, 21826, 0, 0
261000, 24086, 0, 0
262001, 22901, 0, 0
263000, 22853, 0, 0
264000, 23982, 0, 0
265000, 30858, 0, 0
266000, 23091, 0, 0
267000, 24019, 0, 0
268000, 23544, 0, 0
269000, 24841, 0, 0
270000, 23828, 0, 0
271000, 22647, 0, 0
272000, 23562, 0, 0
273000, 23484, 0, 0
274000, 25359, 0, 0
275000, 24198, 0, 0
276000, 24228, 0, 0
277000, 23840, 0, 0
278000, 22331, 0, 0
279000, 22377, 0, 0
280000, 24066, 0, 0
281000, 22568, 0, 0
282000, 21271, 0, 0
283000, 22825, 0, 0
284000, 23314, 0, 0
285000, 22688, 0, 0
286000, 24189, 0, 0
287000, 22299, 0, 0
288000, 21486, 0, 0
289000, 22074, 0, 0
290005, 22602, 0, 0
291000, 37934, 0, 0
292000, 22081, 0, 0
293000, 23362, 0, 0
294000, 21017, 0, 0
295000, 21285, 0, 0
296000, 22952, 0, 0
297000, 21237, 0, 0
298000, 25253, 0, 0
299000, 22323, 0, 0
300000, 23053, 0, 0
301000, 23003, 0, 0
302000, 23157, 0, 0
303000, 23930, 0, 0
304000, 23493, 0, 0
305000, 26569, 0, 0
306000, 22371, 0, 0
307000, 22997, 0, 0
308000, 24699, 0, 0
309000, 26436, 0, 0
310000, 37660, 0, 0
311000, 20797, 0, 0
312000, 21637, 0, 0
313000, 25873, 0, 0
314000, 22387, 0, 0
315000, 22329, 0, 0
316000, 22487, 0, 0
317000, 22654, 0, 0
318000, 20312, 0, 0
319000, 23399, 0, 0
320000, 21496, 0, 0
321000, 20390, 0, 0
322000, 22981, 0, 0
323000, 21719, 0, 0
324000, 21381, 0, 0
325000, 21184, 0, 0
326000, 24855, 0, 0
327000, 22800, 0, 0
328000, 22758, 0, 0
329000, 22187, 0, 0
330000, 22813, 0, 0
331000, 22022, 0, 0
332000, 23883, 0, 0
333000, 22203, 0, 0
334000, 22585, 0, 0
335000, 21001, 0, 0
336000, 20866, 0, 0
337000, 21110, 0, 0
338000, 22812, 0, 0
339000, 23914, 0, 0
340000, 22336, 0, 0
341000, 23094, 0, 0
342000, 21150, 0, 0
343000, 22005, 0, 0
344000, 21574, 0, 0
345000, 23650, 0, 0
346000, 21356, 0, 0
347000, 24040, 0, 0
348000, 21771, 0, 0
349000, 22596, 0, 0
350000, 22696, 0, 0
351000, 22018, 0, 0
352000, 20772, 0, 0
353000, 22092, 0, 0
354000, 32351, 0, 0
355000, 21484, 0, 0
356000, 23517, 0, 0
357000, 21964, 0, 0
358000, 22750, 0, 0
359000, 22161, 0, 0
360000, 22851, 0, 0
361000, 24072, 0, 0
362000, 21351, 0, 0
363000, 20648, 0, 0
364000, 24161, 0, 0
365000, 21552, 0, 0
366000, 24816, 0, 0
367000, 23119, 0, 0
368000, 21912, 0, 0
369000, 21773, 0, 0
370000, 22203, 0, 0
371000, 21150, 0, 0
372000, 21998, 0, 0
373000, 21943, 0, 0
374000, 22089, 0, 0
375000, 21762, 0, 0
376000, 21318, 0, 0
377000, 21713, 0, 0
378000, 23752, 0, 0
379000, 21709, 0, 0
380000, 21219, 0, 0
381000, 21413, 0, 0
382000, 22361, 0, 0
383000, 24007, 0, 0
384000, 23373, 0, 0
385000, 23476, 0, 0
386000, 23801, 0, 0
387000, 26373, 0, 0
388000, 21744, 0, 0
389000, 25945, 0, 0
390000, 22932, 0, 0
391000, 21516, 0, 0
392000, 23516, 0, 0
393000, 24017, 0, 0
394000, 21209, 0, 0
395000, 22599, 0, 0
396000, 22339, 0, 0
397000, 24128, 0, 0
398000, 29628, 0, 0
399000, 43822, 0, 0
400000, 22082, 0, 0
401000, 25164, 0, 0
402000, 23336, 0, 0
403000, 23433, 0, 0
404000, 23366, 0, 0
405000, 24787, 0, 0
406000, 23603, 0, 0
407000, 22971, 0, 0
408000, 24122, 0, 0
409000, 22447, 0, 0
410000, 24768, 0, 0
411000, 23711, 0, 0
412000, 23649, 0, 0
413000, 22227, 0, 0
414000, 25323, 0, 0
415000, 23898, 0, 0
416000, 24261, 0, 0
417000, 25149, 0, 0
418000, 24586, 0, 0
419000, 22539, 0, 0
420000, 22318, 0, 0
421000, 24241, 0, 0
422000, 23450, 0, 0
423000, 24026, 0, 0
424000, 25728, 0, 0
425000, 22123, 0, 0
426000, 26904, 0, 0
427000, 24349, 0, 0
428000, 23931, 0, 0
429000, 22187, 0, 0
430000, 23613, 0, 0
431000, 27211, 0, 0
432000, 27799, 0, 0
433000, 25810, 0, 0
434000, 23351, 0, 0
435000, 25370, 0, 0
436000, 23958, 0, 0
437000, 26815, 0, 0
438000, 23839, 0, 0
439000, 28864, 0, 0
440000, 22213, 0, 0
441000, 23086, 0, 0
442000, 23035, 0, 0
443000, 63627, 0, 0
444000, 21861, 0, 0
445000, 23205, 0, 0
446000, 24453, 0, 0
447000, 23235, 0, 0
448000, 24539, 0, 0
449000, 23758, 0, 0
450000, 24675, 0, 0
451000, 26592, 0, 0
452000, 27887, 0, 0
453000, 22116, 0, 0
454000, 28198, 0, 0
455000, 24114, 0, 0
456000, 25509, 0, 0
457000, 24244, 0, 0
458000, 27164, 0, 0
459000, 28082, 0, 0
460000, 24161, 0, 0
461000, 25895, 0, 0
462000, 23156, 0, 0
463000, 22482, 0, 0
464000, 27841, 0, 0
465000, 24107, 0, 0
466000, 25416, 0, 0
467000, 19996, 0, 0
468000, 24980, 0, 0
469000, 27697, 0, 0
470000, 27489, 0, 0
471000, 29077, 0, 0
472000, 27076, 0, 0
473000, 26549, 0, 0
474000, 28371, 0, 0
475000, 24102, 0, 0
476000, 24704, 0, 0
477000, 26686, 0, 0
478000, 21334, 0, 0
479000, 24155, 0, 0
480000, 28923, 0, 0
481000, 22589, 0, 0
482000, 26053, 0, 0
483000, 31756, 0, 0
484000, 29399, 0, 0
485000, 26249, 0, 0
486000, 25696, 0, 0
487002, 40331, 0, 0
488000, 40022, 0, 0
489000, 26661, 0, 0
490000, 22108, 0, 0
491000, 21291, 0, 0
492000, 27548, 0, 0
493000, 21259, 0, 0
494000, 25624, 0, 0
495000, 29767, 0, 0
496000, 26713, 0, 0
497000, 24264, 0, 0
498018, 29068, 0, 0
499000, 25983, 0, 0
500000, 25184, 0, 0
501000, 25756, 0, 0
502000, 22549, 0, 0
503000, 26361, 0, 0
504000, 27842, 0, 0
505000, 26014, 0, 0
506000, 23563, 0, 0
507000, 26175, 0, 0
508000, 26776, 0, 0
509000, 24344, 0, 0
510000, 20175, 0, 0
511000, 21323, 0, 0
512000, 21525, 0, 0
513000, 19646, 0, 0
514000, 20810, 0, 0
515000, 20987, 0, 0
516000, 20139, 0, 0
517000, 19934, 0, 0
518003, 20888, 0, 0
519000, 24546, 0, 0
520000, 22887, 0, 0
521000, 22286, 0, 0
522000, 20622, 0, 0
523000, 29587, 0, 0
524000, 21647, 0, 0
525000, 21844, 0, 0
526000, 20328, 0, 0
527000, 21041, 0, 0
528000, 19453, 0, 0
529000, 20655, 0, 0
530000, 20875, 0, 0
531000, 18891, 0, 0
532008, 52257, 0, 0
533000, 31581, 0, 0
534000, 19895, 0, 0
535000, 19911, 0, 0
536000, 21467, 0, 0
537000, 21501, 0, 0
538000, 30424, 0, 0
539000, 21471, 0, 0
540000, 17397, 0, 0
541000, 19469, 0, 0
542000, 20568, 0, 0
543000, 20535, 0, 0
544000, 19908, 0, 0
545000, 19166, 0, 0
546000, 20414, 0, 0
547000, 18366, 0, 0
548000, 19802, 0, 0
549000, 20750, 0, 0
550000, 19542, 0, 0
551000, 19717, 0, 0
552000, 20066, 0, 0
553000, 18814, 0, 0
554000, 21006, 0, 0
555000, 20541, 0, 0
556000, 20531, 0, 0
557000, 19269, 0, 0
558000, 24276, 0, 0
559000, 23588, 0, 0
560000, 23435, 0, 0
561000, 18980, 0, 0
562000, 19617, 0, 0
563000, 20855, 0, 0
564000, 24357, 0, 0
565000, 18581, 0, 0
566000, 19462, 0, 0
567000, 22678, 0, 0
568000, 21007, 0, 0
569000, 20654, 0, 0
570000, 20413, 0, 0
571000, 19241, 0, 0
572000, 21392, 0, 0
573000, 20113, 0, 0
574000, 19644, 0, 0
575000, 21822, 0, 0
576000, 19912, 0, 0
577000, 74039, 0, 0
578000, 22399, 0, 0
579000, 21026, 0, 0
580000, 23194, 0, 0
581000, 20604, 0, 0
582000, 22847, 0, 0
583000, 25771, 0, 0
584000, 21900, 0, 0
585000, 18271, 0, 0
586000, 20250, 0, 0
587000, 22194, 0, 0
588000, 22445, 0, 0
589000, 20323, 0, 0
590000, 19393, 0, 0
591000, 18242, 0, 0
592000, 22122, 0, 0
593000, 20467, 0, 0
594000, 19884, 0, 0
595000, 19360, 0, 0
596000, 20677, 0, 0
597000, 23250, 0, 0
598000, 20667, 0, 0
599000, 21702, 0, 0
600000, 19906, 0, 0
601000, 20271, 0, 0
602000, 21541, 0, 0
603000, 19935, 0, 0
604000, 21784, 0, 0
605000, 20836, 0, 0
606000, 19434, 0, 0
607000, 20489, 0, 0
608000, 19412, 0, 0
609000, 21458, 0, 0
610000, 20262, 0, 0
611000, 21161, 0, 0
612000, 18535, 0, 0
613000, 19585, 0, 0
614000, 18857, 0, 0
615000, 20516, 0, 0
616000, 21091, 0, 0
617000, 21558, 0, 0
618000, 20200, 0, 0
619000, 20694, 0, 0
620000, 20437, 0, 0
621000, 21665, 0, 0
622000, 73964, 0, 0
623000, 20974, 0, 0
624000, 21022, 0, 0
625000, 18631, 0, 0
626000, 20548, 0, 0
627000, 21359, 0, 0
628000, 20289, 0, 0
629000, 19949, 0, 0
630000, 23100, 0, 0
631000, 21719, 0, 0
632000, 19426, 0, 0
633000, 23639, 0, 0
634000, 22049, 0, 0
635000, 23120, 0, 0
636000, 23297, 0, 0
637000, 22529, 0, 0
638000, 17991, 0, 0
639000, 19401, 0, 0
640000, 20277, 0, 0
641000, 22634, 0, 0
642000, 19629, 0, 0
643000, 20044, 0, 0
644000, 19404, 0, 0
645000, 20844, 0, 0
646000, 20859, 0, 0
647000, 21978, 0, 0
648000, 22959, 0, 0
649000, 20465, 0, 0
650000, 19767, 0, 0
651000, 21754, 0, 0
652000, 20606, 0, 0
653000, 21311, 0, 0
654000, 24207, 0, 0
655000, 21225, 0, 0
656000, 19654, 0, 0
657000, 21214, 0, 0
658000, 20981, 0, 0
659000, 21580, 0, 0
660000, 23734, 0, 0
661000, 18327, 0, 0
662000, 20257, 0, 0
663000, 19854, 0, 0
664000, 22950, 0, 0
665000, 20903, 0, 0
666019, 45497, 0, 0
667000, 35180, 0, 0
668000, 19547, 0, 0
669000, 20530, 0, 0
670000, 19828, 0, 0
671000, 22293, 0, 0
672000, 18237, 0, 0
673000, 19449, 0, 0
674000, 19503, 0, 0
675000, 19429, 0, 0
676000, 21118, 0, 0
677000, 21821, 0, 0
678000, 20032, 0, 0
679000, 22800, 0, 0
680000, 22113, 0, 0
681000, 19763, 0, 0
682000, 19696, 0, 0
683000, 19086, 0, 0
684000, 22205, 0, 0
685000, 20900, 0, 0
686000, 20737, 0, 0
687000, 22350, 0, 0
688000, 21712, 0, 0
689000, 20016, 0, 0
690000, 24120, 0, 0
691000, 22769, 0, 0
692000, 22784, 0, 0
693000, 25279, 0, 0
694000, 19464, 0, 0
695000, 24382, 0, 0
696000, 22470, 0, 0
697000, 23879, 0, 0
698000, 22290, 0, 0
699000, 20706, 0, 0
700000, 22764, 0, 0
701000, 21690, 0, 0
702000, 22558, 0, 0
703000, 21063, 0, 0
704000, 22765, 0, 0
705000, 23903, 0, 0
706000, 23091, 0, 0
707000, 22522, 0, 0
708000, 24023, 0, 0
709000, 21943, 0, 0
710000, 24435, 0, 0
711000, 105913, 0, 0
712000, 22976, 0, 0
713000, 22167, 0, 0
714000, 24150, 0, 0
715001, 24620, 0, 0
716000, 27673, 0, 0
717000, 22891, 0, 0
718001, 24532, 0, 0
719000, 22922, 0, 0
720000, 22354, 0, 0
721000, 23869, 0, 0
722000, 33365, 0, 0
723000, 22835, 0, 0
724000, 24407, 0, 0
725000, 24614, 0, 0
726000, 22159, 0, 0
727000, 23721, 0, 0
728000, 23067, 0, 0
729000, 25318, 0, 0
730000, 27522, 0, 0
731000, 23612, 0, 0
732000, 27289, 0, 0
733000, 22124, 0, 0
734000, 24303, 0, 0
735000, 25109, 0, 0
736000, 23782, 0, 0
737000, 22922, 0, 0
738000, 22374, 0, 0
739000, 27483, 0, 0
740000, 22500, 0, 0
741000, 23500, 0, 0
742000, 22949, 0, 0
743000, 21716, 0, 0
744000, 23219, 0, 0
745000, 22488, 0, 0
746000, 21515, 0, 0
747000, 24908, 0, 0
748000, 24047, 0, 0
749001, 24120, 0, 0
750000, 23344, 0, 0
751000, 22168, 0, 0
752000, 24548, 0, 0
753000, 24900, 0, 0
754000, 24649, 0, 0
755004, 55282, 0, 0
756000, 58417, 0, 0
757000, 22960, 0, 0
758000, 24391, 0, 0
759000, 24766, 0, 0
760000, 23907, 0, 0
761000, 24110, 0, 0
762000, 21344, 0, 0
763000, 22754, 0, 0
764000, 23165, 0, 0
765000, 26253, 0, 0
766000, 20580, 0, 0
767001, 22484, 0, 0
768000, 25015, 0, 0
769000, 19980, 0, 0
770000, 24897, 0, 0
771000, 21267, 0, 0
772001, 20675, 0, 0
773000, 22443, 0, 0
774000, 20227, 0, 0
775000, 23950, 0, 0
776001, 27829, 0, 0
777000, 21136, 0, 0
778000, 20501, 0, 0
779000, 22903, 0, 0
780000, 20882, 0, 0
781000, 24152, 0, 0
782001, 21078, 0, 0
783000, 25716, 0, 0
784000, 21582, 0, 0
785000, 23788, 0, 0
786000, 22608, 0, 0
787000, 21204, 0, 0
788000, 24958, 0, 0
789001, 22235, 0, 0
790000, 23596, 0, 0
791000, 22708, 0, 0
792000, 22075, 0, 0
793000, 22622, 0, 0
794000, 23773, 0, 0
795000, 23706, 0, 0
796000, 25131, 0, 0
797000, 23587, 0, 0
798000, 21872, 0, 0
799000, 20626, 0, 0
800000, 83558, 0, 0
801000, 26207, 0, 0
802000, 21946, 0, 0
803000, 21507, 0, 0
804000, 23110, 0, 0
805000, 23062, 0, 0
806000, 22499, 0, 0
807000, 28631, 0, 0
808000, 23816, 0, 0
809000, 22870, 0, 0
810000, 22301, 0, 0
811000, 21392, 0, 0
812000, 22592, 0, 0
813000, 22003, 0, 0
814000, 25099, 0, 0
815000, 21735, 0, 0
816000, 23981, 0, 0
817000, 23721, 0, 0
818000, 23009, 0, 0
819000, 22496, 0, 0
820000, 22644, 0, 0
821000, 22478, 0, 0
822000, 22114, 0, 0
823000, 21449, 0, 0
824000, 21271, 0, 0
825000, 21544, 0, 0
826000, 20674, 0, 0
827001, 22112, 0, 0
828000, 24016, 0, 0
829000, 20414, 0, 0
830000, 23093, 0, 0
831000, 20425, 0, 0
832000, 23669, 0, 0
833000, 25500, 0, 0
834000, 21519, 0, 0
835000, 23830, 0, 0
836000, 22507, 0, 0
837000, 23165, 0, 0
838000, 21763, 0, 0
839000, 25060, 0, 0
840000, 20941, 0, 0
841000, 23948, 0, 0
842000, 23847, 0, 0
843000, 22610, 0, 0
844007, 25936, 0, 0
845000, 79499, 0, 0
846000, 23588, 0, 0
847000, 23006, 0, 0
848000, 22949, 0, 0
849000, 25871, 0, 0
850000, 22766, 0, 0
851000, 24064, 0, 0
852000, 24404, 0, 0
853000, 25448, 0, 0
854000, 21734, 0, 0
855000, 23378, 0, 0
856000, 25761, 0, 0
857000, 21594, 0, 0
858000, 23109, 0, 0
859000, 23562, 0, 0
860000, 23282, 0, 0
861000, 23105, 0, 0
862000, 22547, 0, 0
863000, 21448, 0, 0
864000, 23069, 0, 0
865000, 25194, 0, 0
866000, 22082, 0, 0
867000, 24177, 0, 0
868000, 21535, 0, 0
869000, 23822, 0, 0
870000, 23990, 0, 0
871000, 22538, 0, 0
872000, 21612, 0, 0
873000, 25370, 0, 0
874000, 23881, 0, 0
875000, 22235, 0, 0
876000, 23426, 0, 0
877000, 21768, 0, 0
878000, 22776, 0, 0
879000, 24106, 0, 0
880000, 21949, 0, 0
881000, 23092, 0, 0
882000, 23620, 0, 0
883000, 21669, 0, 0
884000, 21216, 0, 0
885000, 23529, 0, 0
886000, 22806, 0, 0
887000, 23929, 0, 0
888000, 24675, 0, 0
889014, 47117, 0, 0
890000, 38746, 0, 0
891000, 21549, 0, 0
892000, 22479, 0, 0
893000, 22276, 0, 0
894000, 23906, 0, 0
895000, 24120, 0, 0
896000, 23837, 0, 0
897000, 23303, 0, 0
898000, 24474, 0, 0
899000, 23168, 0, 0
900000, 25596, 0, 0
901000, 23523, 0, 0
902000, 22921, 0, 0
903000, 22546, 0, 0
904000, 22346, 0, 0
905000, 20502, 0, 0
906000, 25370, 0, 0
907000, 26466, 0, 0
908000, 22965, 0, 0
909000, 22569, 0, 0
910000, 24182, 0, 0
911000, 25332, 0, 0
912000, 22890, 0, 0
913000, 24017, 0, 0
914000, 21831, 0, 0
915000, 25217, 0, 0
916000, 23103, 0, 0
917000, 24091, 0, 0
918000, 24035, 0, 0
919000, 27361, 0, 0
920000, 26285, 0, 0
921000, 27257, 0, 0
922000, 26349, 0, 0
923000, 25354, 0, 0
924000, 23218, 0, 0
925000, 22725, 0, 0
926000, 24390, 0, 0
927000, 25156, 0, 0
928000, 23349, 0, 0
929000, 25708, 0, 0
930000, 23302, 0, 0
931000, 21622, 0, 0
932000, 21958, 0, 0
933000, 24406, 0, 0
934000, 86764, 0, 0
935000, 23275, 0, 0
936000, 28990, 0, 0
937000, 24793, 0, 0
938000, 24875, 0, 0
939001, 24770, 0, 0
940000, 25484, 0, 0
941000, 30422, 0, 0
942000, 26212, 0, 0
943000, 21404, 0, 0
944000, 23225, 0, 0
945000, 22448, 0, 0
946000, 23079, 0, 0
947000, 23981, 0, 0
948000, 23065, 0, 0
949000, 26197, 0, 0
950000, 24798, 0, 0
951000, 24791, 0, 0
952000, 25089, 0, 0
953000, 22439, 0, 0
954000, 21777, 0, 0
955000, 25023, 0, 0
956000, 23792, 0, 0
957000, 21702, 0, 0
958000, 23998, 0, 0
959000, 22187, 0, 0
960000, 23182, 0, 0
961000, 21226, 0, 0
962000, 23173, 0, 0
963000, 27293, 0, 0
964000, 26175, 0, 0
965000, 24138, 0, 0
966000, 23612, 0, 0
967000, 21324, 0, 0
968000, 25982, 0, 0
969000, 25275, 0, 0
970000, 24277, 0, 0
971000, 24233, 0, 0
972000, 20961, 0, 0
973000, 25300, 0, 0
974000, 24704, 0, 0
975000, 24647, 0, 0
976000, 24609, 0, 0
977000, 24477, 0, 0
978000, 37580, 0, 0
979000, 40835, 0, 0
980000, 23110, 0, 0
981000, 25726, 0, 0
982000, 23373, 0, 0
983000, 26022, 0, 0
984000, 21348, 0, 0
985000, 22356, 0, 0
986000, 27132, 0, 0
987000, 24918, 0, 0
988000, 23176, 0, 0
989000, 24373, 0, 0
990000, 21218, 0, 0
991000, 21237, 0, 0
992000, 23147, 0, 0
993000, 25143, 0, 0
994000, 22010, 0, 0
995000, 20365, 0, 0
996000, 22609, 0, 0
997000, 24247, 0, 0
998000, 23442, 0, 0
999000, 20934, 0, 0
1000000, 24332, 0, 0
1001000, 23911, 0, 0
1002000, 26984, 0, 0
1003000, 26280, 0, 0
1004000, 21834, 0, 0
1005000, 23964, 0, 0
1006000, 23961, 0, 0
1007000, 22626, 0, 0
1008000, 25788, 0, 0
1009000, 24454, 0, 0
1010000, 21519, 0, 0
1011000, 26238, 0, 0
1012000, 24345, 0, 0
1013000, 24141, 0, 0
1014000, 22599, 0, 0
1015000, 25467, 0, 0
1016000, 22564, 0, 0
1017000, 23849, 0, 0
1018000, 25963, 0, 0
1019000, 25483, 0, 0
1020000, 24237, 0, 0
1021000, 22737, 0, 0
1022000, 21845, 0, 0
1023000, 43581, 0, 0
1024000, 33044, 0, 0
1025000, 22245, 0, 0
1026000, 25607, 0, 0
1027000, 22330, 0, 0
1028000, 22378, 0, 0
1029000, 27647, 0, 0
1030000, 21614, 0, 0
1031000, 25943, 0, 0
1032000, 23053, 0, 0
1033000, 24316, 0, 0
1034000, 21094, 0, 0
1035000, 22200, 0, 0
1036000, 20980, 0, 0
1037000, 24976, 0, 0
1038000, 22367, 0, 0
1039000, 25329, 0, 0
1040000, 24923, 0, 0
1041000, 24674, 0, 0
1042000, 25435, 0, 0
1043000, 26668, 0, 0
1044000, 23990, 0, 0
1045000, 22402, 0, 0
1046000, 24186, 0, 0
1047000, 23829, 0, 0
1048000, 25082, 0, 0
1049000, 23343, 0, 0
1050000, 25304, 0, 0
1051000, 21243, 0, 0
1052000, 25297, 0, 0
1053000, 24686, 0, 0
1054000, 21782, 0, 0
1055000, 22222, 0, 0
1056000, 23495, 0, 0
1057000, 23886, 0, 0
1058000, 22705, 0, 0
1059000, 24133, 0, 0
1060000, 25375, 0, 0
1061000, 21573, 0, 0
1062000, 22108, 0, 0
1063000, 20426, 0, 0
1064000, 21247, 0, 0
1065000, 25967, 0, 0
1066000, 21191, 0, 0
1067000, 25454, 0, 0
1068000, 61096, 0, 0
1069000, 23456, 0, 0
1070000, 23743, 0, 0
1071000, 22752, 0, 0
1072000, 24997, 0, 0
1073000, 22564, 0, 0
1074000, 21696, 0, 0
1075000, 23092, 0, 0
1076000, 23532, 0, 0
1077000, 21933, 0, 0
1078000, 24999, 0, 0
1079000, 22964, 0, 0
1080000, 25528, 0, 0
1081000, 24902, 0, 0
1082000, 25874, 0, 0
1083000, 27916, 0, 0
1084000, 21225, 0, 0
1085000, 21672, 0, 0
1086000, 21764, 0, 0
1087000, 22670, 0, 0
1088000, 24912, 0, 0
1089000, 20794, 0, 0
1090000, 20486, 0, 0
1091000, 20202, 0, 0
1092000, 23922, 0, 0
1093000, 21473, 0, 0
1094000, 23346, 0, 0
1095000, 20339, 0, 0
1096000, 22111, 0, 0
1097000, 19518, 0, 0
1098000, 20468, 0, 0
1099000, 19612, 0, 0
1100000, 18338, 0, 0
1101000, 19538, 0, 0
1102000, 19223, 0, 0
1103000, 20444, 0, 0
1104000, 19219, 0, 0
1105000, 17972, 0, 0
1106000, 19127, 0, 0
1107000, 19069, 0, 0
1108000, 17359, 0, 0
1109000, 19697, 0, 0
1110000, 19883, 0, 0
1111000, 17566, 0, 0
1112000, 17943, 0, 0
1113000, 44457, 0, 0
1114000, 17490, 0, 0
1115000, 20693, 0, 0
1116000, 19230, 0, 0
1117000, 18221, 0, 0
1118000, 18781, 0, 0
1119000, 20363, 0, 0
1120000, 18251, 0, 0
1121000, 24713, 0, 0
1122000, 22757, 0, 0
1123000, 21856, 0, 0
1124000, 23244, 0, 0
1125000, 21012, 0, 0
1126000, 21321, 0, 0
1127000, 24322, 0, 0
1128000, 27354, 0, 0
1129000, 26221, 0, 0
1130000, 24223, 0, 0
1131000, 22715, 0, 0
1132000, 23121, 0, 0
1133000, 23247, 0, 0
1134000, 23546, 0, 0
1135000, 25338, 0, 0
1136000, 23779, 0, 0
1137000, 23001, 0, 0
1138000, 23289, 0, 0
1139000, 20623, 0, 0
1140000, 25438, 0, 0
1141000, 22603, 0, 0
1142000, 22765, 0, 0
1143000, 23406, 0, 0
1144000, 22439, 0, 0
1145000, 23732, 0, 0
1146000, 22208, 0, 0
1147000, 23688, 0, 0
1148000, 19948, 0, 0
1149000, 24466, 0, 0
1150000, 27849, 0, 0
1151000, 25920, 0, 0
1152000, 23652, 0, 0
1153000, 24451, 0, 0
1154000, 23133, 0, 0
1155000, 24659, 0, 0
1156000, 24857, 0, 0
1157000, 49512, 0, 0
1158000, 35474, 0, 0
1159000, 21925, 0, 0
1160000, 24145, 0, 0
1161006, 23389, 0, 0
1162000, 23715, 0, 0
1163000, 24452, 0, 0
1164000, 25014, 0, 0
1165000, 23566, 0, 0
1166000, 26881, 0, 0
1167000, 23844, 0, 0
1168000, 21626, 0, 0
1169000, 24129, 0, 0
1170000, 26740, 0, 0
1171000, 24671, 0, 0
1172000, 26022, 0, 0
1173000, 21677, 0, 0
1174000, 23565, 0, 0
1175000, 22987, 0, 0
1176000, 22390, 0, 0
1177000, 25224, 0, 0
1178000, 21365, 0, 0
1179000, 23025, 0, 0
1180000, 25322, 0, 0
1181000, 25064, 0, 0
1182000, 24810, 0, 0
1183000, 21612, 0, 0
1184000, 20692, 0, 0
1185000, 25228, 0, 0
1186001, 26098, 0, 0
1187000, 23523, 0, 0
1188000, 27356, 0, 0
1189000, 24193, 0, 0
1190000, 25251, 0, 0
1191000, 26344, 0, 0
1192000, 25279, 0, 0
1193001, 23744, 0, 0
1194000, 21521, 0, 0
1195000, 22816, 0, 0
1196000, 25238, 0, 0
1197000, 24004, 0, 0
1198000, 22654, 0, 0
1199000, 21700, 0, 0
1200000, 21753, 0, 0
1201000, 22532, 0, 0
1202000, 88305, 0, 0
1203000, 28196, 0, 0
1204000, 22728, 0, 0
1205000, 23262, 0, 0
1206000, 23380, 0, 0
1207000, 24117, 0, 0
1208000, 22097, 0, 0
1209000, 23274, 0, 0
1210000, 25640, 0, 0
1211000, 22362, 0, 0
1212000, 25489, 0, 0
1213000, 24735, 0, 0
1214000, 23011, 0, 0
1215000, 24500, 0, 0
1216000, 24323, 0, 0
1217000, 23129, 0, 0
1218000, 24014, 0, 0
1219000, 24075, 0, 0
1220000, 24222, 0, 0
1221000, 25844, 0, 0
1222000, 24485, 0, 0
1223000, 24350, 0, 0
1224000, 22561, 0, 0
1225000, 21409, 0, 0
1226000, 24353, 0, 0
1227000, 20903, 0, 0
1228000, 23820, 0, 0
1229000, 22418, 0, 0
1230000, 23545, 0, 0
1231000, 25813, 0, 0
1232000, 20922, 0, 0
1233000, 23970, 0, 0
1234000, 22936, 0, 0
1235000, 22803, 0, 0
1236000, 23710, 0, 0
1237000, 24146, 0, 0
1238000, 20548, 0, 0
1239000, 23046, 0, 0
1240000, 22338, 0, 0
1241000, 22960, 0, 0
1242000, 24745, 0, 0
1243000, 20360, 0, 0
1244000, 24380, 0, 0
1245000, 20763, 0, 0
1246000, 22072, 0, 0
1247000, 55268, 0, 0
1248000, 22505, 0, 0
1249000, 27069, 0, 0
1250000, 25638, 0, 0
1251000, 22467, 0, 0
1252000, 20384, 0, 0
1253000, 21793, 0, 0
1254000, 23063, 0, 0
1255000, 25920, 0, 0
1256000, 24163, 0, 0
1257000, 25397, 0, 0
1258000, 24850, 0, 0
1259000, 19527, 0, 0
1260000, 22252, 0, 0
1261000, 24133, 0, 0
1262000, 25418, 0, 0
1263000, 25306, 0, 0
1264000, 21641, 0, 0
1265000, 23447, 0, 0
1266000, 24079, 0, 0
1267000, 26083, 0, 0
1268000, 24478, 0, 0
1269000, 23263, 0, 0
1270000, 26157, 0, 0
1271001, 27242, 0, 0
1272000, 23176, 0, 0
1273000, 26817, 0, 0
1274000, 24761, 0, 0
1275000, 24744, 0, 0
1276000, 21605, 0, 0
1277000, 22577, 0, 0
1278000, 20724, 0, 0
1279000, 24989, 0, 0
1280000, 26834, 0, 0
1281000, 22986, 0, 0
1282000, 25921, 0, 0
1283000, 24822, 0, 0
1284000, 21806, 0, 0
1285000, 25673, 0, 0
1286000, 23741, 0, 0
1287000, 22231, 0, 0
1288000, 22235, 0, 0
1289000, 22148, 0, 0
1290000, 25622, 0, 0
1291000, 41916, 0, 0
1292000, 30192, 0, 0
1293000, 20929, 0, 0
1294000, 26097, 0, 0
1295000, 20473, 0, 0
1296000, 21280, 0, 0
1297000, 22629, 0, 0
1298000, 22072, 0, 0
1299000, 23413, 0, 0
1300000, 25754, 0, 0
1301000, 21041, 0, 0
1302000, 22029, 0, 0
1303000, 21854, 0, 0
1304000, 21289, 0, 0
1305000, 22976, 0, 0
1306000, 25087, 0, 0
1307000, 23966, 0, 0
1308000, 23036, 0, 0
1309000, 25412, 0, 0
1310000, 24064, 0, 0
1311000, 24693, 0, 0
1312000, 25665, 0, 0
1313000, 25359, 0, 0
1314000, 23288, 0, 0
1315000, 24116, 0, 0
1316000, 24723, 0, 0
1317000, 22517, 0, 0
1318000, 21111, 0, 0
1319000, 24939, 0, 0
1320000, 21501, 0, 0
1321000, 21760, 0, 0
1322000, 23240, 0, 0
1323000, 27315, 0, 0
1324000, 25206, 0, 0
1325000, 20721, 0, 0
1326000, 24218, 0, 0
1327000, 21193, 0, 0
1328000, 23668, 0, 0
1329000, 24437, 0, 0
1330000, 22161, 0, 0
1331001, 23173, 0, 0
1332000, 22411, 0, 0
1333000, 23879, 0, 0
1334000, 23215, 0, 0
1335000, 24782, 0, 0
1336000, 52958, 0, 0
1337000, 23072, 0, 0
1338000, 24090, 0, 0
1339000, 22943, 0, 0
1340000, 24893, 0, 0
1341000, 21724, 0, 0
1342000, 25283, 0, 0
1343000, 21571, 0, 0
1344000, 22822, 0, 0
1345000, 23834, 0, 0
1346000, 21420, 0, 0
1347000, 27229, 0, 0
1348000, 27724, 0, 0
1349000, 20244, 0, 0
1350000, 24035, 0, 0
1351000, 24463, 0, 0
1352000, 23663, 0, 0
1353000, 28818, 0, 0
1354000, 23677, 0, 0
1355000, 21949, 0, 0
1356000, 21924, 0, 0
1357000, 22708, 0, 0
1358000, 22226, 0, 0
1359000, 23039, 0, 0
1360000, 23594, 0, 0
1361000, 23066, 0, 0
1362000, 23018, 0, 0
1363000, 25524, 0, 0
1364000, 20872, 0, 0
1365000, 20953, 0, 0
1366000, 23346, 0, 0
1367000, 25969, 0, 0
1368000, 21802, 0, 0
1369000, 26598, 0, 0
1370000, 24914, 0, 0
1371001, 23133, 0, 0
1372000, 24250, 0, 0
1373000, 21166, 0, 0
1374000, 20621, 0, 0
1375000, 21937, 0, 0
1376000, 20350, 0, 0
1377000, 26192, 0, 0
1378000, 26252, 0, 0
1379000, 25104, 0, 0
1380000, 42544, 0, 0
1381000, 35724, 0, 0
1382000, 22592, 0, 0
1383000, 22924, 0, 0
1384000, 23504, 0, 0
1385000, 22021, 0, 0
1386000, 24465, 0, 0
1387000, 21204, 0, 0
1388000, 23976, 0, 0
1389000, 22887, 0, 0
1390000, 23412, 0, 0
1391000, 21709, 0, 0
1392000, 20624, 0, 0
1393000, 23558, 0, 0
1394000, 23238, 0, 0
1395000, 24348, 0, 0
1396000, 31206, 0, 0
1397000, 24485, 0, 0
1398000, 19828, 0, 0
1399000, 23488, 0, 0
1400000, 20881, 0, 0
1401000, 22869, 0, 0
1402000, 23594, 0, 0
1403000, 26920, 0, 0
1404000, 22673, 0, 0
1405000, 20728, 0, 0
1406000, 23944, 0, 0
1407000, 25363, 0, 0
1408000, 21323, 0, 0
1409000, 23867, 0, 0
1410000, 21946, 0, 0
1411000, 26118, 0, 0
1412000, 22968, 0, 0
1413000, 21229, 0, 0
1414000, 23303, 0, 0
1415000, 25421, 0, 0
1416000, 21094, 0, 0
1417000, 21044, 0, 0
1418000, 23281, 0, 0
1419000, 21152, 0, 0
1420000, 22452, 0, 0
1421000, 22298, 0, 0
1422000, 23127, 0, 0
1423000, 22386, 0, 0
1424000, 24784, 0, 0
1425000, 53723, 0, 0
1426000, 24314, 0, 0
1427000, 21068, 0, 0
1428000, 21932, 0, 0
1429000, 22359, 0, 0
1430000, 20826, 0, 0
1431000, 24941, 0, 0
1432000, 25158, 0, 0
1433000, 21344, 0, 0
1434000, 21822, 0, 0
1435000, 21067, 0, 0
1436000, 21295, 0, 0
1437000, 21461, 0, 0
1438000, 23029, 0, 0
1439000, 25144, 0, 0
1440000, 21811, 0, 0
1441000, 24889, 0, 0
1442000, 22659, 0, 0
1443000, 21262, 0, 0
1444000, 23489, 0, 0
1445000, 20697, 0, 0
1446000, 21000, 0, 0
1447000, 25372, 0, 0
1448000, 23347, 0, 0
1449000, 24570, 0, 0
1450000, 23490, 0, 0
1451000, 22134, 0, 0
1452000, 24858, 0, 0
1453000, 22371, 0, 0
1454000, 25333, 0, 0
1455000, 23054, 0, 0
1456000, 20494, 0, 0
1457000, 21538, 0, 0
1458000, 24252, 0, 0
1459000, 25794, 0, 0
1460000, 23496, 0, 0
1461000, 21731, 0, 0
1462000, 21881, 0, 0
1463000, 22837, 0, 0
1464000, 20538, 0, 0
1465000, 23818, 0, 0
1466000, 23922, 0, 0
1467000, 23517, 0, 0
1468000, 22987, 0, 0
1469027, 28273, 0, 0
1470000, 66107, 0, 0
1471000, 23607, 0, 0
1472000, 22893, 0, 0
1473000, 24153, 0, 0
1474000, 24518, 0, 0
1475000, 22603, 0, 0
1476000, 27810, 0, 0
1477000, 26440, 0, 0
1478000, 22107, 0, 0
1479000, 20783, 0, 0
1480000, 20718, 0, 0
1481000, 22065, 0, 0
1482000, 24268, 0, 0
1483000, 21972, 0, 0
1484000, 24730, 0, 0
1485000, 22370, 0, 0
1486000, 23636, 0, 0
1487000, 22614, 0, 0
1488000, 21743, 0, 0
1489000, 22009, 0, 0
1490000, 21880, 0, 0
1491000, 21998, 0, 0
1492000, 23019, 0, 0
1493000, 24292, 0, 0
1494000, 21042, 0, 0
1495000, 25092, 0, 0
1496000, 24208, 0, 0
1497000, 22941, 0, 0
1498000, 25789, 0, 0
1499000, 25499, 0, 0
1500000, 23579, 0, 0
1501000, 22434, 0, 0
1502000, 24107, 0, 0
1503000, 20900, 0, 0
1504000, 23590, 0, 0
1505000, 21411, 0, 0
1506000, 21008, 0, 0
1507000, 20817, 0, 0
1508000, 22277, 0, 0
1509000, 24322, 0, 0
1510000, 21718, 0, 0
1511000, 24663, 0, 0
1512000, 22237, 0, 0
1513000, 23361, 0, 0
1514002, 42967, 0, 0
1515000, 29479, 0, 0
1516000, 23118, 0, 0
1517000, 22979, 0, 0
1518000, 21734, 0, 0
1519000, 24512, 0, 0
1520000, 24085, 0, 0
1521000, 22405, 0, 0
1522000, 22439, 0, 0
1523000, 22696, 0, 0
1524000, 24312, 0, 0
1525000, 23225, 0, 0
1526000, 23324, 0, 0
1527000, 22651, 0, 0
1528000, 22979, 0, 0
1529000, 22657, 0, 0
1530000, 24318, 0, 0
1531000, 23277, 0, 0
1532000, 25471, 0, 0
1533000, 22865, 0, 0
1534000, 23924, 0, 0
1535000, 22891, 0, 0
1536000, 20985, 0, 0
1537000, 22798, 0, 0
1538000, 21877, 0, 0
1539000, 24305, 0, 0
1540000, 22860, 0, 0
1541000, 23812, 0, 0
1542000, 20639, 0, 0
1543000, 23379, 0, 0
1544000, 21690, 0, 0
1545000, 21468, 0, 0
1546002, 24017, 0, 0
1547000, 24265, 0, 0
1548000, 23210, 0, 0
1549000, 22843, 0, 0
1550000, 22326, 0, 0
1551000, 22056, 0, 0
1552000, 24542, 0, 0
1553000, 21096, 0, 0
1554000, 23360, 0, 0
1555000, 22721, 0, 0
1556000, 21569, 0, 0
1557000, 24873, 0, 0
1558000, 26791, 0, 0
1559000, 57549, 0, 0
1560000, 23477, 0, 0
1561000, 24016, 0, 0
1562000, 28104, 0, 0
1563000, 24981, 0, 0
1564000, 25385, 0, 0
1565000, 23279, 0, 0
1566000, 27448, 0, 0
1567000, 26117, 0, 0
1568000, 24640, 0, 0
1569000, 25319, 0, 0
1570000, 21894, 0, 0
1571000, 22268, 0, 0
1572000, 22079, 0, 0
1573000, 22283, 0, 0
1574000, 21508, 0, 0
1575000, 24376, 0, 0
1576000, 24473, 0, 0
1577000, 23242, 0, 0
1578000, 22066, 0, 0
1579000, 23873, 0, 0
1580000, 23452, 0, 0
1581000, 25934, 0, 0
1582000, 22741, 0, 0
1583000, 24314, 0, 0
1584000, 23340, 0, 0
1585000, 25897, 0, 0
1586000, 22182, 0, 0
1587000, 22383, 0, 0
1588000, 25208, 0, 0
1589000, 25895, 0, 0
1590000, 21369, 0, 0
1591000, 23571, 0, 0
1592000, 23427, 0, 0
1593000, 20926, 0, 0
1594000, 26339, 0, 0
1595000, 21808, 0, 0
1596000, 23327, 0, 0
1597000, 21733, 0, 0
1598000, 21323, 0, 0
1599000, 22113, 0, 0
1600000, 22057, 0, 0
1601000, 22023, 0, 0
1602000, 22943, 0, 0
1603000, 22863, 0, 0
1604000, 64031, 0, 0
1605000, 21350, 0, 0
1606000, 22333, 0, 0
1607000, 22948, 0, 0
1608000, 20135, 0, 0
1609000, 22622, 0, 0
1610000, 22538, 0, 0
1611000, 24007, 0, 0
1612000, 21055, 0, 0
1613000, 19970, 0, 0
1614000, 23457, 0, 0
1615000, 24176, 0, 0
1616000, 21692, 0, 0
1617000, 19939, 0, 0
1618000, 22405, 0, 0
1619000, 20689, 0, 0
1620001, 21946, 0, 0
1621000, 21739, 0, 0
1622000, 21283, 0, 0
1623000, 22271, 0, 0
1624000, 21764, 0, 0
1625000, 21263, 0, 0
1626000, 23101, 0, 0
1627000, 21341, 0, 0
1628000, 22844, 0, 0
1629000, 23636, 0, 0
1630000, 24182, 0, 0
1631000, 21442, 0, 0
1632000, 22216, 0, 0
1633000, 23089, 0, 0
1634000, 22886, 0, 0
1635000, 21280, 0, 0
1636000, 23376, 0, 0
1637000, 23915, 0, 0
1638000, 21277, 0, 0
1639000, 24500, 0, 0
1640000, 24838, 0, 0
1641000, 23520, 0, 0
1642000, 24652, 0, 0
1643000, 21908, 0, 0
1644000, 23956, 0, 0
1645000, 21226, 0, 0
1646000, 21035, 0, 0
1647000, 25068, 0, 0
1648000, 21839, 0, 0
1649000, 55102, 0, 0
1650001, 23834, 0, 0
1651000, 24464, 0, 0
1652000, 23567, 0, 0
1653000, 22356, 0, 0
1654000, 22695, 0, 0
1655000, 20622, 0, 0
1656000, 21229, 0, 0
1657000, 21900, 0, 0
1658000, 23167, 0, 0
1659000, 22326, 0, 0
1660000, 22528, 0, 0
1661000, 23699, 0, 0
1662000, 24150, 0, 0
1663000, 21326, 0, 0
1664000, 19368, 0, 0
1665000, 23391, 0, 0
1666000, 22266, 0, 0
1667000, 28708, 0, 0
1668000, 22749, 0, 0
1669000, 21669, 0, 0
1670000, 24785, 0, 0
1671000, 22023, 0, 0
1672000, 21963, 0, 0
1673000, 24034, 0, 0
1674000, 22882, 0, 0
1675000, 22119, 0, 0
1676000, 23159, 0, 0
1677000, 20426, 0, 0
1678000, 25736, 0, 0
1679000, 23166, 0, 0
1680002, 21873, 0, 0
1681000, 20851, 0, 0
1682000, 22300, 0, 0
1683000, 24871, 0, 0
1684000, 25653, 0, 0
1685000, 25878, 0, 0
1686000, 23937, 0, 0
1687000, 23697, 0, 0
1688000, 22009, 0, 0
1689000, 22734, 0, 0
1690000, 22783, 0, 0
1691000, 22783, 0, 0
1692000, 23608, 0, 0
1693081, 52445, 0, 0
1694000, 24314, 0, 0
1695000, 21401, 0, 0
1696000, 21439, 0, 0
1697000, 21173, 0, 0
1698000, 21610, 0, 0
1699000, 21565, 0, 0
1700000, 21915, 0, 0
1701000, 22572, 0, 0
1702000, 22863, 0, 0
1703000, 23132, 0, 0
1704000, 25125, 0, 0
1705000, 23245, 0, 0
1706000, 23543, 0, 0
1707000, 22100, 0, 0
1708000, 21642, 0, 0
1709000, 23601, 0, 0
1710000, 22518, 0, 0
1711000, 23367, 0, 0
1712000, 21643, 0, 0
1713000, 24519, 0, 0
1714000, 24593, 0, 0
1715000, 23479, 0, 0
1716000, 22751, 0, 0
1717000, 22516, 0, 0
1718000, 21797, 0, 0
1719000, 23033, 0, 0
1720000, 22695, 0, 0
1721000, 23018, 0, 0
1722000, 22241, 0, 0
1723000, 20690, 0, 0
1724000, 24535, 0, 0
1725000, 20562, 0, 0
1726000, 20002, 0, 0
1727000, 23517, 0, 0
1728000, 24311, 0, 0
1729000, 22437, 0, 0
1730000, 22758, 0, 0
1731000, 24579, 0, 0
1732000, 23566, 0, 0
1733000, 22781, 0, 0
1734000, 26255, 0, 0
1735000, 23967, 0, 0
1736000, 24997, 0, 0
1737000, 22122, 0, 0
1738000, 49565, 0, 0
1739000, 24348, 0, 0
1740000, 25338, 0, 0
1741000, 21554, 0, 0
1742000, 23777, 0, 0
1743000, 22347, 0, 0
1744000, 24755, 0, 0
1745000, 24950, 0, 0
1746000, 25536, 0, 0
1747000, 23097, 0, 0
1748000, 22438, 0, 0
1749000, 26005, 0, 0
1750000, 25150, 0, 0
1751000, 24699, 0, 0
1752000, 21669, 0, 0
1753000, 23100, 0, 0
1754000, 25338, 0, 0
1755000, 26149, 0, 0
1756000, 21924, 0, 0
1757000, 21234, 0, 0
1758000, 25486, 0, 0
1759000, 23948, 0, 0
1760000, 26105, 0, 0
1761000, 23047, 0, 0
1762000, 26643, 0, 0
1763000, 22207, 0, 0
1764000, 25114, 0, 0
1765000, 21671, 0, 0
1766000, 22336, 0, 0
1767000, 24609, 0, 0
1768000, 22791, 0, 0
1769000, 24932, 0, 0
1770000, 24561, 0, 0
1771000, 20868, 0, 0
1772000, 21194, 0, 0
1773000, 21229, 0, 0
1774000, 23350, 0, 0
1775000, 26985, 0, 0
1776000, 26833, 0, 0
1777000, 20645, 0, 0
1778000, 23552, 0, 0
1779000, 22672, 0, 0
1780000, 22789, 0, 0
1781000, 23372, 0, 0
1782000, 21138, 0, 0
1783000, 48788, 0, 0
1784000, 20377, 0, 0
1785000, 23176, 0, 0
1786000, 21223, 0, 0
1787000, 21216, 0, 0
1788000, 24542, 0, 0
1789000, 23006, 0, 0
1790000, 22493, 0, 0
1791000, 23115, 0, 0
1792000, 20124, 0, 0
1793000, 21341, 0, 0
1794000, 24746, 0, 0
1795000, 23768, 0, 0
1796000, 24103, 0, 0
1797000, 22492, 0, 0
1798000, 21757, 0, 0
1799000, 22436, 0, 0
1800000, 24494, 0, 0
