1001, 515537838, 0, 0
2080, 529831071, 0, 0
3043, 525659793, 0, 0
4064, 497642566, 0, 0
5067, 522724894, 0, 0
6055, 508651220, 0, 0
7006, 509914534, 0, 0
8013, 499783174, 0, 0
9059, 506563713, 0, 0
10055, 493958993, 0, 0
11013, 497806643, 0, 0
12017, 496405741, 0, 0
13051, 499626511, 0, 0
14013, 498578535, 0, 0
15061, 513377969, 0, 0
16061, 490453639, 0, 0
17058, 493623820, 0, 0
18059, 483462925, 0, 0
19019, 512079557, 0, 0
20039, 528231352, 0, 0
21052, 492127868, 0, 0
22012, 509459575, 0, 0
23033, 490636063, 0, 0
24007, 518688653, 0, 0
25001, 483032123, 0, 0
26074, 511090096, 0, 0
27032, 517404899, 0, 0
28029, 486688739, 0, 0
29012, 486155487, 0, 0
30047, 493517701, 0, 0
31048, 489516320, 0, 0
32018, 497854856, 0, 0
33063, 504449876, 0, 0
34026, 507950495, 0, 0
35047, 496395710, 0, 0
36018, 485330821, 0, 0
37010, 495007098, 0, 0
38063, 482475046, 0, 0
39040, 496076153, 0, 0
40026, 508785579, 0, 0
41060, 490696242, 0, 0
42029, 507723336, 0, 0
43006, 484599600, 0, 0
44003, 500965349, 0, 0
45057, 474610408, 0, 0
46032, 502436149, 0, 0
47003, 488169464, 0, 0
48007, 496155837, 0, 0
49005, 480124031, 0, 0
50017, 529965937, 0, 0
51010, 473691027, 0, 0
52025, 477321118, 0, 0
53050, 490036495, 0, 0
54048, 482599546, 0, 0
55042, 474019093, 0, 0
56000, 493600875, 0, 0
57042, 490202710, 0, 0
58020, 504610740, 0, 0
59046, 483372707, 0, 0
60022, 483661275, 0, 0
61005, 486729160, 0, 0
62056, 518801685, 0, 0
63051, 482573400, 0, 0
64051, 484641795, 0, 0
65011, 475108532, 0, 0
66027, 492191603, 0, 0
67065, 484968802, 0, 0
68046, 505261239, 0, 0
69010, 493219349, 0, 0
70048, 493893956, 0, 0
71009, 504284040, 0, 0
72028, 483001441, 0, 0
73040, 498959858, 0, 0
74075, 499924294, 0, 0
75057, 512775034, 0, 0
76019, 504480131, 0, 0
77005, 468694171, 0, 0
78018, 476605731, 0, 0
79049, 505641568, 0, 0
80028, 492857656, 0, 0
81042, 481980168, 0, 0
82066, 470336583, 0, 0
83032, 491173430, 0, 0
84011, 490035401, 0, 0
85039, 479309962, 0, 0
86051, 489694099, 0, 0
87063, 486368242, 0, 0
88012, 462163988, 0, 0
89054, 477291879, 0, 0
90003, 467378699, 0, 0
91009, 491420412, 0, 0
92032, 480522905, 0, 0
93048, 476649040, 0, 0
94023, 472315302, 0, 0
95038, 487912002, 0, 0
96017, 499134105, 0, 0
97058, 506317327, 0, 0
98066, 477785669, 0, 0
99007, 490454542, 0, 0
100035, 482958891, 0, 0
101020, 465688602, 0, 0
102035, 447624034, 0, 0
103035, 490218735, 0, 0
104042, 470857676, 0, 0
105037, 478277345, 0, 0
106021, 499609807, 0, 0
107042, 488853534, 0, 0
108020, 492470177, 0, 0
109041, 489861844, 0, 0
110083, 478500713, 0, 0
111041, 497373290, 0, 0
112037, 471564523, 0, 0
113000, 469628083, 0, 0
114029, 473959744, 0, 0
115011, 493361036, 0, 0
116006, 485064368, 0, 0
117049, 455156772, 0, 0
118033, 495133729, 0, 0
119038, 505063099, 0, 0
120020, 498192110, 0, 0
121021, 463556369, 0, 0
122062, 477383319, 0, 0
123008, 489752457, 0, 0
124024, 483399585, 0, 0
125045, 475350924, 0, 0
126040, 475500616, 0, 0
127026, 480809848, 0, 0
128037, 486325874, 0, 0
129001, 470004891, 0, 0
130058, 483925885, 0, 0
131072, 462108196, 0, 0
132025, 474047155, 0, 0
133045, 463365147, 0, 0
134038, 476564324, 0, 0
135052, 454397806, 0, 0
136047, 500952445, 0, 0
137006, 484648461, 0, 0
138006, 481472988, 0, 0
139029, 501064280, 0, 0
140045, 474423949, 0, 0
141052, 468788465, 0, 0
142031, 464468361, 0, 0
143052, 439425009, 0, 0
144060, 462334510, 0, 0
145005, 472035228, 0, 0
146028, 484877951, 0, 0
147045, 474020659, 0, 0
148006, 481814941, 0, 0
149046, 480980286, 0, 0
150068, 467162789, 0, 0
151015, 507268870, 0, 0
152012, 480592413, 0, 0
153042, 461693436, 0, 0
154000, 452939714, 0, 0
155040, 479544924, 0, 0
156045, 476658473, 0, 0
157001, 451151168, 0, 0
158001, 437389946, 0, 0
159041, 473215525, 0, 0
160037, 478113652, 0, 0
161020, 466749511, 0, 0
162044, 473182818, 0, 0
163044, 441436609, 0, 0
164009, 464829932, 0, 0
165029, 461313184, 0, 0
166044, 454814305, 0, 0
167069, 452075626, 0, 0
168022, 440303659, 0, 0
169035, 436403926, 0, 0
170037, 449682163, 0, 0
171026, 448329870, 0, 0
172028, 455084299, 0, 0
173052, 460948437, 0, 0
174055, 501601276, 0, 0
175057, 448567902, 0, 0
176011, 455269936, 0, 0
177056, 472257692, 0, 0
178023, 473452453, 0, 0
179025, 476561889, 0, 0
180049, 475825689, 0, 0
181007, 444919028, 0, 0
182024, 469472320, 0, 0
183018, 455391122, 0, 0
184019, 441908363, 0, 0
185035, 465528656, 0, 0
186015, 471572436, 0, 0
187031, 460155178, 0, 0
188054, 449609225, 0, 0
189042, 437117482, 0, 0
190059, 443805740, 0, 0
191047, 459372684, 0, 0
192009, 468016664, 0, 0
193030, 447646575, 0, 0
194010, 461249282, 0, 0
195043, 467944332, 0, 0
196055, 456269682, 0, 0
197004, 461972293, 0, 0
198039, 463964253, 0, 0
199023, 466301539, 0, 0
200057, 451640301, 0, 0
201041, 460653852, 0, 0
202031, 470372724, 0, 0
203040, 473742182, 0, 0
204054, 463916909, 0, 0
205067, 440431777, 0, 0
206005, 468056163, 0, 0
207054, 475561837, 0, 0
208042, 472109351, 0, 0
209000, 454143230, 0, 0
210018, 441574084, 0, 0
211040, 449301088, 0, 0
212027, 471694172, 0, 0
213044, 445022110, 0, 0
214014, 473286169, 0, 0
215030, 423891878, 0, 0
216041, 464664025, 0, 0
217063, 452248866, 0, 0
218005, 468361652, 0, 0
219043, 454655007, 0, 0
220012, 449204379, 0, 0
221016, 402255130, 0, 0
222054, 421062027, 0, 0
223038, 470837413, 0, 0
224000, 431414871, 0, 0
225039, 446763704, 0, 0
226027, 465158495, 0, 0
227030, 504494738, 0, 0
228065, 466515944, 0, 0
229059, 453453379, 0, 0
230061, 455183465, 0, 0
231030, 482961320, 0, 0
232022, 448440541, 0, 0
233051, 441885742, 0, 0
234011, 442503347, 0, 0
235020, 458684251, 0, 0
236015, 434758248, 0, 0
237043, 455551563, 0, 0
238056, 447640349, 0, 0
239001, 455046973, 0, 0
240053, 439795176, 0, 0
241056, 435158103, 0, 0
242069, 453011338, 0, 0
243030, 447967528, 0, 0
244013, 460297284, 0, 0
245005, 461497205, 0, 0
246006, 442643239, 0, 0
247031, 450649134, 0, 0
248010, 456498594, 0, 0
249058, 426472440, 0, 0
250037, 434733112, 0, 0
251047, 428362640, 0, 0
252000, 455591330, 0, 0
253042, 426391186, 0, 0
254029, 417134456, 0, 0
255038, 454852870, 0, 0
256043, 432108804, 0, 0
257052, 440471273, 0, 0
258047, 430388685, 0, 0
259044, 411762440, 0, 0
260059, 435096260, 0, 0
261032, 471872225, 0, 0
262049, 445862285, 0, 0
263042, 455344625, 0, 0
264029, 441093861, 0, 0
265027, 444497280, 0, 0
266024, 418156798, 0, 0
267051, 433346670, 0, 0
268026, 449455122, 0, 0
269053, 476346752, 0, 0
270031, 436731566, 0, 0
271062, 464790696, 0, 0
272011, 415300808, 0, 0
273057, 430578803, 0, 0
274020, 428550244, 0, 0
275046, 449228933, 0, 0
276039, 426123884, 0, 0
277056, 433410695, 0, 0
278054, 451287383, 0, 0
279026, 434770372, 0, 0
280030, 451281378, 0, 0
281055, 453235108, 0, 0
282021, 440032266, 0, 0
283040, 442883208, 0, 0
284055, 424110698, 0, 0
285027, 470734526, 0, 0
286061, 444597045, 0, 0
287035, 431969243, 0, 0
288053, 441417439, 0, 0
289064, 425015297, 0, 0
290017, 442557012, 0, 0
291048, 457795750, 0, 0
292012, 435278405, 0, 0
293018, 438863552, 0, 0
294038, 417445091, 0, 0
295059, 423107632, 0, 0
296021, 448476237, 0, 0
297017, 435052273, 0, 0
298040, 442032176, 0, 0
299033, 430519084, 0, 0
300048, 425617867, 0, 0
301035, 446451558, 0, 0
302013, 432287812, 0, 0
303053, 450402222, 0, 0
304009, 428855290, 0, 0
305057, 477358256, 0, 0
306021, 464426087, 0, 0
307028, 438328075, 0, 0
308007, 401037797, 0, 0
309006, 419581702, 0, 0
310010, 435072683, 0, 0
311044, 476043978, 0, 0
312060, 434572817, 0, 0
313039, 440180530, 0, 0
314017, 428310322, 0, 0
315062, 431632182, 0, 0
316055, 444211832, 0, 0
317047, 420859868, 0, 0
318066, 438919948, 0, 0
319049, 467943992, 0, 0
320048, 448255080, 0, 0
321051, 458618518, 0, 0
322066, 401550102, 0, 0
323042, 435959164, 0, 0
324055, 445024232, 0, 0
325029, 399032653, 0, 0
326008, 430219079, 0, 0
327032, 436424227, 0, 0
328058, 418222567, 0, 0
329007, 427614606, 0, 0
330025, 436872916, 0, 0
331041, 435890365, 0, 0
332027, 439449761, 0, 0
333032, 475103941, 0, 0
334034, 425083064, 0, 0
335043, 429124927, 0, 0
336011, 429327138, 0, 0
337061, 431988640, 0, 0
338031, 410803441, 0, 0
339024, 430488656, 0, 0
340038, 426428899, 0, 0
341050, 427514046, 0, 0
342035, 403295327, 0, 0
343013, 442702093, 0, 0
344046, 409347416, 0, 0
345024, 412048583, 0, 0
346039, 422701988, 0, 0
347035, 408635935, 0, 0
348045, 439883384, 0, 0
349014, 458515536, 0, 0
350003, 407777852, 0, 0
351019, 445628203, 0, 0
352053, 401799349, 0, 0
353049, 435844801, 0, 0
354039, 396735621, 0, 0
355054, 448293181, 0, 0
356007, 425965164, 0, 0
357020, 418768914, 0, 0
358055, 430274853, 0, 0
359043, 408169229, 0, 0
360012, 401398102, 0, 0
361050, 437190785, 0, 0
362005, 392958238, 0, 0
363015, 426610326, 0, 0
364046, 417552366, 0, 0
365043, 401625539, 0, 0
366044, 405669591, 0, 0
367058, 401428455, 0, 0
368031, 433546615, 0, 0
369031, 414690421, 0, 0
370007, 409925872, 0, 0
371025, 425637561, 0, 0
372014, 431911045, 0, 0
373037, 385660360, 0, 0
374025, 406399494, 0, 0
375011, 377045213, 0, 0
376026, 426055926, 0, 0
377022, 400018017, 0, 0
378003, 444581796, 0, 0
379039, 441699345, 0, 0
380009, 406837016, 0, 0
381022, 420653627, 0, 0
382023, 386255837, 0, 0
383036, 391139122, 0, 0
384022, 393508696, 0, 0
385062, 414530441, 0, 0
386001, 394829803, 0, 0
387031, 432282273, 0, 0
388034, 435772212, 0, 0
389027, 418337382, 0, 0
390006, 404848949, 0, 0
391000, 428209394, 0, 0
392039, 411211708, 0, 0
393013, 433560791, 0, 0
394019, 406903979, 0, 0
395008, 387886805, 0, 0
396044, 395845312, 0, 0
397061, 387780706, 0, 0
398056, 394899847, 0, 0
399000, 436025344, 0, 0
400064, 432572644, 0, 0
401039, 440939223, 0, 0
402003, 391122984, 0, 0
403001, 401739650, 0, 0
404011, 397881029, 0, 0
405013, 373272256, 0, 0
406045, 418091876, 0, 0
407020, 408235691, 0, 0
408005, 394157560, 0, 0
409059, 375154804, 0, 0
410042, 410883476, 0, 0
411051, 377423888, 0, 0
412000, 400505839, 0, 0
413019, 385839464, 0, 0
414061, 398877095, 0, 0
415000, 377769068, 0, 0
416060, 395975586, 0, 0
417055, 385035963, 0, 0
418051, 427792484, 0, 0
419030, 378117161, 0, 0
420045, 374007738, 0, 0
421049, 398582908, 0, 0
422026, 405133921, 0, 0
423030, 394329577, 0, 0
424038, 426347331, 0, 0
425001, 415900263, 0, 0
426053, 393941295, 0, 0
427035, 373867265, 0, 0
428005, 360796001, 0, 0
429011, 364311208, 0, 0
430027, 407670032, 0, 0
431052, 405981322, 0, 0
432016, 390088998, 0, 0
433002, 415313026, 0, 0
434054, 415325353, 0, 0
435046, 371273330, 0, 0
436045, 385898661, 0, 0
437002, 376746189, 0, 0
438001, 380536859, 0, 0
439059, 370574732, 0, 0
440030, 399982963, 0, 0
441021, 372566126, 0, 0
442056, 402451293, 0, 0
443038, 347808385, 0, 0
444043, 381888271, 0, 0
445052, 377685323, 0, 0
446025, 383442881, 0, 0
447014, 412998301, 0, 0
448026, 381655953, 0, 0
449025, 390233400, 0, 0
450015, 418580018, 0, 0
451042, 424816894, 0, 0
452006, 396501191, 0, 0
453027, 380298551, 0, 0
454055, 399611647, 0, 0
455014, 373787107, 0, 0
456058, 390466627, 0, 0
457000, 390386094, 0, 0
458053, 365318053, 0, 0
459056, 374872097, 0, 0
460040, 413973110, 0, 0
461037, 376312014, 0, 0
462005, 393322017, 0, 0
463048, 390456741, 0, 0
464055, 408928815, 0, 0
465046, 366661681, 0, 0
466007, 405008787, 0, 0
467056, 397471331, 0, 0
468034, 386159142, 0, 0
469044, 422185488, 0, 0
470059, 414436282, 0, 0
471004, 415953790, 0, 0
472025, 390720903, 0, 0
473022, 439253831, 0, 0
474049, 422020471, 0, 0
475053, 376063452, 0, 0
476016, 390467084, 0, 0
477056, 355237412, 0, 0
478045, 371901340, 0, 0
479017, 393889457, 0, 0
480012, 338124756, 0, 0
481020, 355628813, 0, 0
482045, 384055308, 0, 0
483031, 398179588, 0, 0
484018, 423071054, 0, 0
485010, 402424626, 0, 0
486031, 355682620, 0, 0
487003, 371745171, 0, 0
488032, 384358206, 0, 0
489056, 368105676, 0, 0
490031, 368211337, 0, 0
491040, 386434076, 0, 0
492033, 381665540, 0, 0
493047, 402303797, 0, 0
494002, 403259830, 0, 0
495051, 454118542, 0, 0
496058, 471698526, 0, 0
497037, 402771283, 0, 0
498064, 381046016, 0, 0
499059, 390871824, 0, 0
500009, 374587851, 0, 0
501028, 340900964, 0, 0
502021, 380084117, 0, 0
503044, 345505598, 0, 0
504012, 389002879, 0, 0
505025, 399054686, 0, 0
506047, 389116825, 0, 0
507053, 376144523, 0, 0
508054, 364065508, 0, 0
509053, 370333357, 0, 0
510023, 377171243, 0, 0
511002, 404792823, 0, 0
512031, 427593719, 0, 0
513023, 371341021, 0, 0
514028, 395632889, 0, 0
515008, 372140867, 0, 0
516026, 383328687, 0, 0
517004, 357349359, 0, 0
518011, 379248509, 0, 0
519048, 355247582, 0, 0
520013, 394870290, 0, 0
521009, 375341365, 0, 0
522075, 344827958, 0, 0
523020, 370337419, 0, 0
524032, 349537219, 0, 0
525002, 382505515, 0, 0
526024, 362090592, 0, 0
527025, 356495835, 0, 0
528042, 372677076, 0, 0
529000, 338290828, 0, 0
530017, 392878806, 0, 0
531031, 376171471, 0, 0
532043, 377494598, 0, 0
533049, 346587938, 0, 0
534053, 378034025, 0, 0
535011, 378291829, 0, 0
536034, 360278153, 0, 0
537056, 372169026, 0, 0
538047, 371207173, 0, 0
539024, 371073235, 0, 0
540038, 356603904, 0, 0
541022, 395401406, 0, 0
542016, 379258193, 0, 0
543014, 391033692, 0, 0
544001, 401634994, 0, 0
545016, 367755917, 0, 0
546011, 358604226, 0, 0
547028, 369680892, 0, 0
548051, 370586949, 0, 0
549011, 367612115, 0, 0
550011, 361491081, 0, 0
551018, 382579997, 0, 0
552037, 391293029, 0, 0
553062, 357881350, 0, 0
554012, 403340587, 0, 0
555065, 372975834, 0, 0
556050, 367046508, 0, 0
557062, 367261257, 0, 0
558010, 373001260, 0, 0
559060, 378100941, 0, 0
560050, 355690279, 0, 0
561038, 361665664, 0, 0
562060, 358284706, 0, 0
563001, 383112688, 0, 0
564026, 319817034, 0, 0
565016, 353390058, 0, 0
566019, 388008320, 0, 0
567050, 355682105, 0, 0
568046, 384314552, 0, 0
569044, 354332065, 0, 0
570007, 377529452, 0, 0
571021, 339826258, 0, 0
572030, 364901673, 0, 0
573041, 349777189, 0, 0
574047, 380619562, 0, 0
575002, 335412549, 0, 0
576032, 369688919, 0, 0
577178, 390152850, 0, 0
578041, 426675562, 0, 0
579062, 360078507, 0, 0
580021, 384458867, 0, 0
581052, 343907045, 0, 0
582026, 349382683, 0, 0
583001, 315346667, 0, 0
584008, 375969767, 0, 0
585014, 355561009, 0, 0
586057, 403180166, 0, 0
587068, 351113694, 0, 0
588021, 374827000, 0, 0
589013, 368338615, 0, 0
590012, 338943815, 0, 0
591008, 337186768, 0, 0
592015, 337091966, 0, 0
593031, 362833497, 0, 0
594051, 363468532, 0, 0
595001, 322714894, 0, 0
596057, 363695371, 0, 0
597030, 325541069, 0, 0
598040, 327864346, 0, 0
599027, 319916013, 0, 0
600041, 331919268, 0, 0
601014, 349676279, 0, 0
602022, 328079351, 0, 0
603028, 334704126, 0, 0
604053, 325155854, 0, 0
605062, 335609304, 0, 0
606016, 362588479, 0, 0
607054, 371895853, 0, 0
608042, 359404612, 0, 0
609003, 368600178, 0, 0
610026, 357783667, 0, 0
611016, 343412962, 0, 0
612046, 331993589, 0, 0
613034, 348310312, 0, 0
614048, 368733961, 0, 0
615029, 386390772, 0, 0
616032, 339994258, 0, 0
617029, 335347660, 0, 0
618054, 334199191, 0, 0
619024, 331575293, 0, 0
620021, 323692592, 0, 0
621019, 343858719, 0, 0
622043, 404897264, 0, 0
623032, 373279580, 0, 0
624009, 340485258, 0, 0
625021, 352306454, 0, 0
626052, 338316291, 0, 0
627013, 367545076, 0, 0
628059, 310344048, 0, 0
629054, 337589513, 0, 0
630049, 334343154, 0, 0
631016, 350124711, 0, 0
632010, 337368506, 0, 0
633031, 305638819, 0, 0
634006, 343611890, 0, 0
635048, 323106124, 0, 0
636051, 317916168, 0, 0
637024, 344355703, 0, 0
638053, 334999925, 0, 0
639037, 330657432, 0, 0
640054, 337116109, 0, 0
641008, 334146392, 0, 0
642049, 345174078, 0, 0
643062, 301531988, 0, 0
644056, 336581191, 0, 0
645014, 361062011, 0, 0
646016, 338251487, 0, 0
647036, 377298249, 0, 0
648023, 317570591, 0, 0
649036, 326887636, 0, 0
650039, 336936877, 0, 0
651025, 339740303, 0, 0
652019, 329853874, 0, 0
653056, 340205265, 0, 0
654015, 344089561, 0, 0
655038, 329619855, 0, 0
656058, 326837498, 0, 0
657045, 326642767, 0, 0
658045, 317244342, 0, 0
659034, 367927226, 0, 0
660056, 315174397, 0, 0
661065, 357513385, 0, 0
662040, 315436662, 0, 0
663004, 332121182, 0, 0
664008, 348184704, 0, 0
665006, 368721808, 0, 0
666019, 316316922, 0, 0
667037, 332565214, 0, 0
668008, 343684089, 0, 0
669008, 335843342, 0, 0
670022, 321586058, 0, 0
671023, 312998758, 0, 0
672022, 362630905, 0, 0
673050, 332046573, 0, 0
674037, 329924702, 0, 0
675069, 356596012, 0, 0
676030, 313865694, 0, 0
677064, 335521629, 0, 0
678040, 333972226, 0, 0
679007, 301987767, 0, 0
680006, 308743578, 0, 0
681018, 318363589, 0, 0
682004, 341216874, 0, 0
683064, 301349432, 0, 0
684013, 333115502, 0, 0
685030, 329730663, 0, 0
686027, 344999830, 0, 0
687024, 306476848, 0, 0
688028, 342684405, 0, 0
689052, 358733369, 0, 0
690061, 323808664, 0, 0
691038, 344220547, 0, 0
692043, 340998701, 0, 0
693063, 321135609, 0, 0
694015, 345506301, 0, 0
695002, 316010397, 0, 0
696034, 324402030, 0, 0
697038, 343245921, 0, 0
698062, 324326920, 0, 0
699041, 360608001, 0, 0
700059, 339421030, 0, 0
701012, 325449099, 0, 0
702032, 357289359, 0, 0
703029, 325275990, 0, 0
704007, 343133989, 0, 0
705015, 343653280, 0, 0
706028, 307779607, 0, 0
707036, 321524339, 0, 0
708051, 320695188, 0, 0
709048, 302452676, 0, 0
710024, 321282379, 0, 0
711043, 398849520, 0, 0
712020, 354591334, 0, 0
713010, 343659166, 0, 0
714023, 325641173, 0, 0
715062, 324220167, 0, 0
716051, 335950850, 0, 0
717039, 297491421, 0, 0
718051, 333506822, 0, 0
719051, 297906734, 0, 0
720029, 344884488, 0, 0
721051, 304302838, 0, 0
722002, 334877293, 0, 0
723029, 342058671, 0, 0
724009, 343749390, 0, 0
725012, 323298376, 0, 0
726025, 314628872, 0, 0
727027, 347028139, 0, 0
728015, 329961086, 0, 0
729028, 331750181, 0, 0
730014, 342958313, 0, 0
731026, 301795650, 0, 0
732055, 322078398, 0, 0
733010, 312635327, 0, 0
734047, 324352099, 0, 0
735046, 315672848, 0, 0
736025, 343871523, 0, 0
737056, 332357655, 0, 0
738007, 312300386, 0, 0
739047, 310015849, 0, 0
740047, 317783365, 0, 0
741015, 336712751, 0, 0
742009, 341332973, 0, 0
743004, 323881676, 0, 0
744009, 296226237, 0, 0
745013, 298898400, 0, 0
746048, 302997884, 0, 0
747064, 321300856, 0, 0
748001, 319639063, 0, 0
749031, 320600888, 0, 0
750032, 307835856, 0, 0
751048, 313593608, 0, 0
752040, 296685412, 0, 0
753044, 299624487, 0, 0
754011, 353734759, 0, 0
755005, 331695382, 0, 0
756037, 272665686, 0, 0
757053, 301281191, 0, 0
758013, 319715082, 0, 0
759024, 319318496, 0, 0
760060, 394150302, 0, 0
761000, 302988474, 0, 0
762027, 308440523, 0, 0
763033, 300237014, 0, 0
764036, 297074702, 0, 0
765045, 345329302, 0, 0
766046, 297159417, 0, 0
767030, 322629477, 0, 0
768043, 322936634, 0, 0
769022, 336898180, 0, 0
770057, 314622188, 0, 0
771031, 319546535, 0, 0
772041, 350680735, 0, 0
773000, 296294951, 0, 0
774041, 349208670, 0, 0
775026, 314539213, 0, 0
776035, 301885878, 0, 0
777053, 314862670, 0, 0
778046, 308960691, 0, 0
779032, 275926679, 0, 0
780052, 299362068, 0, 0
781021, 349884799, 0, 0
782023, 298166724, 0, 0
783054, 340401836, 0, 0
784019, 344781416, 0, 0
785024, 307162439, 0, 0
786060, 313365236, 0, 0
787026, 327439756, 0, 0
788055, 329198120, 0, 0
789061, 313877710, 0, 0
790014, 333649913, 0, 0
791045, 316019672, 0, 0
792023, 335846710, 0, 0
793033, 287727514, 0, 0
794038, 316921571, 0, 0
795062, 319429172, 0, 0
796065, 333859749, 0, 0
797020, 358731764, 0, 0
798046, 322731479, 0, 0
799050, 336349989, 0, 0
800004, 353550607, 0, 0
801026, 334682177, 0, 0
802026, 298717902, 0, 0
803029, 304624762, 0, 0
804052, 337213712, 0, 0
805017, 325355208, 0, 0
806042, 311155476, 0, 0
807002, 300599997, 0, 0
808018, 301470418, 0, 0
809046, 305796717, 0, 0
810001, 326918711, 0, 0
811015, 324233510, 0, 0
812054, 321785799, 0, 0
813032, 308777641, 0, 0
814008, 310922157, 0, 0
815015, 312388323, 0, 0
816001, 310476238, 0, 0
817017, 327257067, 0, 0
818032, 326519710, 0, 0
819022, 321041522, 0, 0
820015, 310964798, 0, 0
821001, 312344136, 0, 0
822037, 329212159, 0, 0
823012, 312755277, 0, 0
824034, 341725241, 0, 0
825064, 326155039, 0, 0
826045, 337571378, 0, 0
827047, 316389485, 0, 0
828035, 327215638, 0, 0
829003, 312589438, 0, 0
830051, 352126674, 0, 0
831009, 303834551, 0, 0
832031, 318413141, 0, 0
833002, 308141550, 0, 0
834005, 305733734, 0, 0
835039, 298794642, 0, 0
836005, 326291779, 0, 0
837006, 327245582, 0, 0
838058, 339411504, 0, 0
839005, 350794930, 0, 0
840026, 318855984, 0, 0
841059, 323572437, 0, 0
842021, 318618478, 0, 0
843028, 325466211, 0, 0
844005, 319289826, 0, 0
845021, 278593505, 0, 0
846047, 328107839, 0, 0
847032, 274569323, 0, 0
848065, 313336382, 0, 0
849012, 278261318, 0, 0
850035, 308911418, 0, 0
851048, 333823680, 0, 0
852000, 322313184, 0, 0
853015, 314887496, 0, 0
854007, 332432271, 0, 0
855017, 294646738, 0, 0
856002, 317748645, 0, 0
857009, 305430020, 0, 0
858048, 305146734, 0, 0
859063, 315758019, 0, 0
860016, 317452544, 0, 0
861034, 327817453, 0, 0
862003, 331678769, 0, 0
863042, 306521462, 0, 0
864067, 297428826, 0, 0
865027, 307989390, 0, 0
866042, 315236252, 0, 0
867024, 307203795, 0, 0
868011, 316721700, 0, 0
869015, 312663880, 0, 0
870051, 340204842, 0, 0
871025, 292095107, 0, 0
872017, 314784075, 0, 0
873029, 292864801, 0, 0
874062, 321464327, 0, 0
875010, 290164421, 0, 0
876032, 332966167, 0, 0
877004, 326261975, 0, 0
878038, 332145946, 0, 0
879036, 271116937, 0, 0
880001, 323866568, 0, 0
881017, 314875787, 0, 0
882053, 274636865, 0, 0
883008, 323101588, 0, 0
884062, 290222543, 0, 0
885053, 289778143, 0, 0
886052, 293846761, 0, 0
887056, 298932247, 0, 0
888039, 345349433, 0, 0
889015, 321946064, 0, 0
890043, 334083258, 0, 0
891050, 311348038, 0, 0
892011, 306557972, 0, 0
893030, 293520238, 0, 0
894059, 313758700, 0, 0
895044, 321962982, 0, 0
896038, 301107866, 0, 0
897025, 265347153, 0, 0
898013, 326463558, 0, 0
899028, 312157424, 0, 0
900019, 317805782, 0, 0
901050, 322670948, 0, 0
902021, 302581162, 0, 0
903019, 298930857, 0, 0
904003, 320163243, 0, 0
905027, 330821781, 0, 0
906035, 324865702, 0, 0
907045, 307559060, 0, 0
908004, 322516167, 0, 0
909048, 311626644, 0, 0
910052, 321642720, 0, 0
911008, 270733795, 0, 0
912043, 303252382, 0, 0
913048, 336627150, 0, 0
914001, 312631422, 0, 0
915039, 319607800, 0, 0
916006, 328556417, 0, 0
917031, 310263634, 0, 0
918054, 317314680, 0, 0
919034, 341993627, 0, 0
920009, 303800205, 0, 0
921064, 315645593, 0, 0
922015, 335689877, 0, 0
923039, 293104948, 0, 0
924011, 306240893, 0, 0
925053, 302775058, 0, 0
926022, 292803958, 0, 0
927009, 308018802, 0, 0
928001, 331442215, 0, 0
929029, 276590443, 0, 0
930016, 308905698, 0, 0
931026, 283899973, 0, 0
932048, 300219005, 0, 0
933023, 329792622, 0, 0
934037, 321510880, 0, 0
935059, 319811012, 0, 0
936000, 339232140, 0, 0
937017, 306110927, 0, 0
938039, 306926060, 0, 0
939024, 319408199, 0, 0
940003, 320357393, 0, 0
941037, 303962718, 0, 0
942056, 309152217, 0, 0
943040, 329384248, 0, 0
944051, 294304139, 0, 0
945034, 304188532, 0, 0
946008, 315093395, 0, 0
947023, 325090144, 0, 0
948049, 301284740, 0, 0
949015, 299213563, 0, 0
950044, 312869753, 0, 0
951057, 355717870, 0, 0
952002, 336621762, 0, 0
953024, 307171234, 0, 0
954026, 315321964, 0, 0
955063, 318518704, 0, 0
956038, 286886521, 0, 0
957047, 302085632, 0, 0
958014, 324683942, 0, 0
959046, 314574020, 0, 0
960007, 320644022, 0, 0
961013, 283275992, 0, 0
962057, 294431690, 0, 0
963021, 304235670, 0, 0
964054, 324173459, 0, 0
965028, 336424673, 0, 0
966004, 296104508, 0, 0
967008, 317628440, 0, 0
968036, 309171515, 0, 0
969060, 327551419, 0, 0
970028, 360902496, 0, 0
971024, 331657179, 0, 0
972051, 317261634, 0, 0
973022, 308755448, 0, 0
974053, 304135336, 0, 0
975017, 297605255, 0, 0
976028, 320979161, 0, 0
977035, 308935156, 0, 0
978057, 327233363, 0, 0
979015, 267219405, 0, 0
980036, 281239577, 0, 0
981008, 317476915, 0, 0
982061, 313557016, 0, 0
983009, 312846459, 0, 0
984012, 319936801, 0, 0
985030, 327243667, 0, 0
986008, 301404898, 0, 0
987026, 295080386, 0, 0
988042, 288627224, 0, 0
989011, 280971142, 0, 0
990027, 333621540, 0, 0
991018, 299813658, 0, 0
992000, 298606363, 0, 0
993008, 285943378, 0, 0
994007, 313112354, 0, 0
995005, 295664752, 0, 0
996033, 312106035, 0, 0
997006, 311745139, 0, 0
998029, 299601953, 0, 0
999032, 280838163, 0, 0
1000018, 340786744, 0, 0
1001032, 324721043, 0, 0
1002054, 306648808, 0, 0
1003059, 295767321, 0, 0
1004006, 338496984, 0, 0
1005053, 325250861, 0, 0
1006019, 333810725, 0, 0
1007045, 308858118, 0, 0
1008007, 308203914, 0, 0
1009028, 331048950, 0, 0
1010044, 290163168, 0, 0
1011009, 319314084, 0, 0
1012061, 300609596, 0, 0
1013020, 336972440, 0, 0
1014001, 291355143, 0, 0
1015025, 326797124, 0, 0
1016004, 325516577, 0, 0
1017018, 292108611, 0, 0
1018031, 294079864, 0, 0
1019017, 319952082, 0, 0
1020028, 302762230, 0, 0
1021023, 286285403, 0, 0
1022083, 343338135, 0, 0
1023062, 347909869, 0, 0
1024053, 324424010, 0, 0
1025014, 320527327, 0, 0
1026020, 264296158, 0, 0
1027019, 313367700, 0, 0
1028065, 335413684, 0, 0
1029036, 317987131, 0, 0
1030035, 331499446, 0, 0
1031058, 322058196, 0, 0
1032010, 322331489, 0, 0
1033048, 311857787, 0, 0
1034002, 279403855, 0, 0
1035038, 321913938, 0, 0
1036054, 327011082, 0, 0
1037034, 286352747, 0, 0
1038061, 323687673, 0, 0
1039001, 306900895, 0, 0
1040052, 303112370, 0, 0
1041046, 306078701, 0, 0
1042041, 314946930, 0, 0
1043059, 303188505, 0, 0
1044013, 314897971, 0, 0
1045043, 315611157, 0, 0
1046035, 302785149, 0, 0
1047046, 324362550, 0, 0
1048065, 301110020, 0, 0
1049052, 316025639, 0, 0
1050050, 340098411, 0, 0
1051009, 324461777, 0, 0
1052001, 338136977, 0, 0
1053000, 327644837, 0, 0
1054026, 311091172, 0, 0
1055045, 276426631, 0, 0
1056057, 308653941, 0, 0
1057004, 322826467, 0, 0
1058049, 298022595, 0, 0
1059008, 322404218, 0, 0
1060022, 302805377, 0, 0
1061007, 291611159, 0, 0
1062019, 300694207, 0, 0
1063065, 291807518, 0, 0
1064050, 319050598, 0, 0
1065046, 322022798, 0, 0
1066002, 306421468, 0, 0
1067061, 318820152, 0, 0
1068022, 292717244, 0, 0
1069045, 310985529, 0, 0
1070031, 308707437, 0, 0
1071050, 299031205, 0, 0
1072004, 324990944, 0, 0
1073035, 310284871, 0, 0
1074004, 284754073, 0, 0
1075052, 295772909, 0, 0
1076051, 335964210, 0, 0
1077061, 319853257, 0, 0
1078043, 294647390, 0, 0
1079051, 312783016, 0, 0
1080007, 313429547, 0, 0
1081008, 346220719, 0, 0
1082006, 318191886, 0, 0
1083020, 297551189, 0, 0
1084004, 293919336, 0, 0
1085028, 335145578, 0, 0
1086025, 298239682, 0, 0
1087065, 351384619, 0, 0
1088053, 312918907, 0, 0
1089038, 321490334, 0, 0
1090042, 302531925, 0, 0
1091058, 278888503, 0, 0
1092022, 292412121, 0, 0
1093051, 310507352, 0, 0
1094005, 291539596, 0, 0
1095046, 289795700, 0, 0
1096058, 297931952, 0, 0
1097020, 307549706, 0, 0
1098059, 320033743, 0, 0
1099046, 339419720, 0, 0
1100026, 310786240, 0, 0
1101039, 300549868, 0, 0
1102071, 292661559, 0, 0
1103047, 288812574, 0, 0
1104001, 276027324, 0, 0
1105020, 276176139, 0, 0
1106019, 310240108, 0, 0
1107048, 325654999, 0, 0
1108039, 273283199, 0, 0
1109044, 299285960, 0, 0
1110045, 334891239, 0, 0
1111065, 366251247, 0, 0
1112013, 331816888, 0, 0
1113045, 320552646, 0, 0
1114055, 306596096, 0, 0
1115013, 309331736, 0, 0
1116041, 314514488, 0, 0
1117059, 316166428, 0, 0
1118037, 365538315, 0, 0
1119039, 328302454, 0, 0
1120012, 274996727, 0, 0
1121035, 312987956, 0, 0
1122052, 330871406, 0, 0
1123018, 328475363, 0, 0
1124016, 283123332, 0, 0
1125005, 280686356, 0, 0
1126040, 279189826, 0, 0
1127040, 301733403, 0, 0
1128043, 279983049, 0, 0
1129068, 294784212, 0, 0
1130052, 283369306, 0, 0
1131002, 301294957, 0, 0
1132014, 276800425, 0, 0
1133038, 292367582, 0, 0
1134052, 310163493, 0, 0
1135049, 302003971, 0, 0
1136005, 331331373, 0, 0
1137002, 328098042, 0, 0
1138020, 296440734, 0, 0
1139059, 282497013, 0, 0
1140021, 306433504, 0, 0
1141069, 312669229, 0, 0
1142065, 284062930, 0, 0
1143014, 326667814, 0, 0
1144016, 335231351, 0, 0
1145008, 304242004, 0, 0
1146060, 355928969, 0, 0
1147027, 326217023, 0, 0
1148029, 279653501, 0, 0
1149057, 301054832, 0, 0
1150044, 301547229, 0, 0
1151020, 297133585, 0, 0
1152034, 311379379, 0, 0
1153023, 308854615, 0, 0
1154026, 305387875, 0, 0
1155022, 301721541, 0, 0
1156022, 296328484, 0, 0
1157019, 315743305, 0, 0
1158023, 285669350, 0, 0
1159042, 295491730, 0, 0
1160005, 279152283, 0, 0
1161060, 298120235, 0, 0
1162018, 295948962, 0, 0
1163004, 329678746, 0, 0
1164031, 304726674, 0, 0
1165035, 284510929, 0, 0
1166010, 318850874, 0, 0
1167037, 298829251, 0, 0
1168037, 291792883, 0, 0
1169012, 312515621, 0, 0
1170047, 300205392, 0, 0
1171038, 287834092, 0, 0
1172058, 287442388, 0, 0
1173037, 295202380, 0, 0
1174050, 305690294, 0, 0
1175060, 285687512, 0, 0
1176020, 286001403, 0, 0
1177039, 302581738, 0, 0
1178052, 307043199, 0, 0
1179059, 305441418, 0, 0
1180028, 287015553, 0, 0
1181011, 311949021, 0, 0
1182015, 278701299, 0, 0
1183007, 298422453, 0, 0
1184021, 320196474, 0, 0
1185052, 292210053, 0, 0
1186020, 301595313, 0, 0
1187070, 298710716, 0, 0
1188015, 274634829, 0, 0
1189039, 313422983, 0, 0
1190044, 320475486, 0, 0
1191063, 327373778, 0, 0
1192002, 289751897, 0, 0
1193038, 286362730, 0, 0
1194037, 348928883, 0, 0
1195044, 291218598, 0, 0
1196025, 290659162, 0, 0
1197006, 305121045, 0, 0
1198051, 303104302, 0, 0
1199057, 298242462, 0, 0
1200016, 302465254, 0, 0
1201051, 302405768, 0, 0
1202000, 333093692, 0, 0
1203013, 292536191, 0, 0
1204042, 310450980, 0, 0
1205025, 283806816, 0, 0
1206059, 288092354, 0, 0
1207014, 335737491, 0, 0
1208002, 296916754, 0, 0
1209039, 282479542, 0, 0
1210024, 288026587, 0, 0
1211036, 287548494, 0, 0
1212016, 286381440, 0, 0
1213002, 307071107, 0, 0
1214030, 311835140, 0, 0
1215053, 316267949, 0, 0
1216023, 315845292, 0, 0
1217016, 302849200, 0, 0
1218052, 313363832, 0, 0
1219038, 314303024, 0, 0
1220029, 325418494, 0, 0
1221021, 274212625, 0, 0
1222056, 306253594, 0, 0
1223042, 305929381, 0, 0
1224034, 285609839, 0, 0
1225061, 294490745, 0, 0
1226027, 318417957, 0, 0
1227000, 274643936, 0, 0
1228025, 325599965, 0, 0
1229043, 308043748, 0, 0
1230037, 330115467, 0, 0
1231000, 303885747, 0, 0
1232045, 320765504, 0, 0
1233052, 286248827, 0, 0
1234004, 292963257, 0, 0
1235056, 335423617, 0, 0
1236047, 289484145, 0, 0
1237059, 317130089, 0, 0
1238053, 278908039, 0, 0
1239060, 297674780, 0, 0
1240057, 263058496, 0, 0
1241035, 281796173, 0, 0
1242052, 301215994, 0, 0
1243045, 310321587, 0, 0
1244047, 319725569, 0, 0
1245037, 314771427, 0, 0
1246055, 281961918, 0, 0
1247039, 306151043, 0, 0
1248055, 296153310, 0, 0
1249014, 267265765, 0, 0
1250054, 293279215, 0, 0
1251046, 308958961, 0, 0
1252041, 285710158, 0, 0
1253037, 271833754, 0, 0
1254071, 284312793, 0, 0
1255008, 302401577, 0, 0
1256071, 296570698, 0, 0
1257052, 327259621, 0, 0
1258027, 335820027, 0, 0
1259002, 306392734, 0, 0
1260015, 303493805, 0, 0
1261039, 309798634, 0, 0
1262007, 281261644, 0, 0
1263000, 294225027, 0, 0
1264049, 311242328, 0, 0
1265002, 299090159, 0, 0
1266003, 264923838, 0, 0
1267028, 326941132, 0, 0
1268036, 285749855, 0, 0
1269051, 288732313, 0, 0
1270026, 298422618, 0, 0
1271047, 285138755, 0, 0
1272032, 295369004, 0, 0
1273008, 326333496, 0, 0
1274029, 313052941, 0, 0
1275007, 284676404, 0, 0
1276051, 281602153, 0, 0
1277016, 280689885, 0, 0
1278040, 333750972, 0, 0
1279002, 310960863, 0, 0
1280008, 272119965, 0, 0
1281058, 307898218, 0, 0
1282018, 311595835, 0, 0
1283000, 316817929, 0, 0
1284020, 287468167, 0, 0
1285033, 293329835, 0, 0
1286020, 296340204, 0, 0
1287053, 283300750, 0, 0
1288060, 345359229, 0, 0
1289026, 323354620, 0, 0
1290035, 294159818, 0, 0
1291044, 312236442, 0, 0
1292005, 328294272, 0, 0
1293007, 270726127, 0, 0
1294038, 310041842, 0, 0
1295007, 314513728, 0, 0
1296048, 312507450, 0, 0
1297023, 279280637, 0, 0
1298051, 274778505, 0, 0
1299036, 295099395, 0, 0
1300043, 287750654, 0, 0
1301048, 290851759, 0, 0
1302000, 304661901, 0, 0
1303026, 285824671, 0, 0
1304025, 274993525, 0, 0
1305066, 283277722, 0, 0
1306013, 288754166, 0, 0
1307036, 306885643, 0, 0
1308036, 277754080, 0, 0
1309035, 284463627, 0, 0
1310016, 296257741, 0, 0
1311039, 284399434, 0, 0
1312050, 306217382, 0, 0
1313034, 284593031, 0, 0
1314024, 302390217, 0, 0
1315038, 304495048, 0, 0
1316025, 276505087, 0, 0
1317030, 268934147, 0, 0
1318041, 313935410, 0, 0
1319069, 317899960, 0, 0
1320060, 303729976, 0, 0
1321043, 290593110, 0, 0
1322025, 303596922, 0, 0
1323046, 304135699, 0, 0
1324055, 332955416, 0, 0
1325030, 282480108, 0, 0
1326058, 299477498, 0, 0
1327062, 303071625, 0, 0
1328027, 284850408, 0, 0
1329005, 307697715, 0, 0
1330006, 256690962, 0, 0
1331006, 265988364, 0, 0
1332059, 302151953, 0, 0
1333043, 308415652, 0, 0
1334057, 281355090, 0, 0
1335022, 301050050, 0, 0
1336021, 316876146, 0, 0
1337053, 289974264, 0, 0
1338032, 302875703, 0, 0
1339031, 261210334, 0, 0
1340040, 280398328, 0, 0
1341045, 292367214, 0, 0
1342050, 298512112, 0, 0
1343026, 314917310, 0, 0
1344061, 285020412, 0, 0
1345043, 308357607, 0, 0
1346029, 303478409, 0, 0
1347042, 297165039, 0, 0
1348024, 296379858, 0, 0
1349051, 283013198, 0, 0
1350047, 271762224, 0, 0
1351059, 292122622, 0, 0
1352048, 293336062, 0, 0
1353035, 346836383, 0, 0
1354033, 284892978, 0, 0
1355046, 295522921, 0, 0
1356008, 311052180, 0, 0
1357004, 280771206, 0, 0
1358008, 275183991, 0, 0
1359026, 299689208, 0, 0
1360079, 306520170, 0, 0
1361023, 282057094, 0, 0
1362055, 295820612, 0, 0
1363017, 313319709, 0, 0
1364034, 278126916, 0, 0
1365055, 292145650, 0, 0
1366039, 300871101, 0, 0
1367065, 293472955, 0, 0
1368025, 286409574, 0, 0
1369021, 274571977, 0, 0
1370034, 271852193, 0, 0
1371009, 255184438, 0, 0
1372014, 296655778, 0, 0
1373057, 332807271, 0, 0
1374059, 305183536, 0, 0
1375054, 326292255, 0, 0
1376008, 277226238, 0, 0
1377017, 273614035, 0, 0
1378051, 326388787, 0, 0
1379005, 285989822, 0, 0
1380031, 324603251, 0, 0
1381039, 293418469, 0, 0
1382007, 277011130, 0, 0
1383013, 281504879, 0, 0
1384045, 298773526, 0, 0
1385033, 298165780, 0, 0
1386028, 295924177, 0, 0
1387043, 267614468, 0, 0
1388008, 262171995, 0, 0
1389012, 276017402, 0, 0
1390054, 284637900, 0, 0
1391007, 302369190, 0, 0
1392028, 287127364, 0, 0
1393040, 294964849, 0, 0
1394020, 292400345, 0, 0
1395055, 261647275, 0, 0
1396043, 328891463, 0, 0
1397012, 302423540, 0, 0
1398052, 292538707, 0, 0
1399036, 275631231, 0, 0
1400060, 291588541, 0, 0
1401053, 295961411, 0, 0
1402009, 248299459, 0, 0
1403042, 301275298, 0, 0
1404001, 275730514, 0, 0
1405025, 311622882, 0, 0
1406038, 315585275, 0, 0
1407034, 297951205, 0, 0
1408060, 285433975, 0, 0
1409008, 300129116, 0, 0
1410003, 284496409, 0, 0
1411024, 277813627, 0, 0
1412046, 308814008, 0, 0
1413019, 284775981, 0, 0
1414044, 290256229, 0, 0
1415033, 323362577, 0, 0
1416024, 317450359, 0, 0
1417036, 285220636, 0, 0
1418000, 293036126, 0, 0
1419046, 292277393, 0, 0
1420000, 270095811, 0, 0
1421021, 271743576, 0, 0
1422050, 313002848, 0, 0
1423012, 307092778, 0, 0
1424005, 288043350, 0, 0
1425047, 390508839, 0, 0
1426061, 295144412, 0, 0
1427057, 289239920, 0, 0
1428003, 256367048, 0, 0
1429044, 283650178, 0, 0
1430050, 307563821, 0, 0
1431022, 272167354, 0, 0
1432060, 275428956, 0, 0
1433040, 301573734, 0, 0
1434054, 279766704, 0, 0
1435049, 285136825, 0, 0
1436024, 297349864, 0, 0
1437030, 279666311, 0, 0
1438000, 295894463, 0, 0
1439010, 273298566, 0, 0
1440037, 258497235, 0, 0
1441028, 265205547, 0, 0
1442045, 288408192, 0, 0
1443010, 284436202, 0, 0
1444009, 293184185, 0, 0
1445051, 273261561, 0, 0
1446002, 331020368, 0, 0
1447004, 281085058, 0, 0
1448058, 287700703, 0, 0
1449057, 275411592, 0, 0
1450000, 272132304, 0, 0
1451026, 296427683, 0, 0
1452051, 279531749, 0, 0
1453022, 296574634, 0, 0
1454025, 267999200, 0, 0
1455004, 279519022, 0, 0
1456010, 270317739, 0, 0
1457010, 295805559, 0, 0
1458000, 299339254, 0, 0
1459059, 294635039, 0, 0
1460053, 275519123, 0, 0
1461050, 305671853, 0, 0
1462005, 302178797, 0, 0
1463035, 291107301, 0, 0
1464042, 284868552, 0, 0
1465065, 310294128, 0, 0
1466028, 305668005, 0, 0
1467001, 295580095, 0, 0
1468013, 272840724, 0, 0
1469028, 274372539, 0, 0
1470043, 316126638, 0, 0
1471033, 267538776, 0, 0
1472008, 269287681, 0, 0
1473022, 306375146, 0, 0
1474032, 292862384, 0, 0
1475021, 304796917, 0, 0
1476064, 281845349, 0, 0
1477023, 277607507, 0, 0
1478027, 262630705, 0, 0
1479057, 302827775, 0, 0
1480063, 298383738, 0, 0
1481016, 286645110, 0, 0
1482029, 269597034, 0, 0
1483009, 268931488, 0, 0
1484044, 272857691, 0, 0
1485013, 330494713, 0, 0
1486030, 311346744, 0, 0
1487042, 298282894, 0, 0
1488007, 290698566, 0, 0
1489013, 273006357, 0, 0
1490022, 260624043, 0, 0
1491023, 277277229, 0, 0
1492022, 304567251, 0, 0
1493050, 275001540, 0, 0
1494001, 294528188, 0, 0
1495004, 258810992, 0, 0
1496064, 288971379, 0, 0
1497013, 287886817, 0, 0
1498023, 287449050, 0, 0
1499035, 310999805, 0, 0
1500017, 286889329, 0, 0
1501052, 290063431, 0, 0
1502021, 300651901, 0, 0
1503019, 278974068, 0, 0
1504021, 290444269, 0, 0
1505063, 270130155, 0, 0
1506017, 300366800, 0, 0
1507034, 259326511, 0, 0
1508029, 272526608, 0, 0
1509057, 310415694, 0, 0
1510057, 266832848, 0, 0
1511041, 263464647, 0, 0
1512094, 279615976, 0, 0
1513036, 285334715, 0, 0
1514036, 277748767, 0, 0
1515020, 291998191, 0, 0
1516034, 267005321, 0, 0
1517007, 270703258, 0, 0
1518048, 284550344, 0, 0
1519003, 326395616, 0, 0
1520026, 278524993, 0, 0
1521028, 271763558, 0, 0
1522027, 282537154, 0, 0
1523049, 316848571, 0, 0
1524013, 272975667, 0, 0
1525000, 268442803, 0, 0
1526001, 273758963, 0, 0
1527014, 266262859, 0, 0
1528028, 280691961, 0, 0
1529056, 304153203, 0, 0
1530007, 263108330, 0, 0
1531042, 296160425, 0, 0
1532008, 273738685, 0, 0
1533025, 279385556, 0, 0
1534036, 267963955, 0, 0
1535008, 292917515, 0, 0
1536010, 298406928, 0, 0
1537022, 294299619, 0, 0
1538036, 246307665, 0, 0
1539039, 280039768, 0, 0
1540011, 309345955, 0, 0
1541033, 332779902, 0, 0
1542068, 287239339, 0, 0
1543036, 270947360, 0, 0
1544002, 297238457, 0, 0
1545047, 256471317, 0, 0
1546046, 270796341, 0, 0
1547008, 300095346, 0, 0
1548039, 317256986, 0, 0
1549005, 284462468, 0, 0
1550018, 289761539, 0, 0
1551021, 281111088, 0, 0
1552060, 286566785, 0, 0
1553056, 287928502, 0, 0
1554011, 291789232, 0, 0
1555020, 267393094, 0, 0
1556049, 287220345, 0, 0
1557014, 289118836, 0, 0
1558061, 247551219, 0, 0
1559042, 276807784, 0, 0
1560006, 286355608, 0, 0
1561058, 321660511, 0, 0
1562072, 266764153, 0, 0
1563054, 299230829, 0, 0
1564019, 290944415, 0, 0
1565025, 293361784, 0, 0
1566037, 315346792, 0, 0
1567053, 309147965, 0, 0
1568058, 282635014, 0, 0
1569005, 277730488, 0, 0
1570053, 294500921, 0, 0
1571015, 283977501, 0, 0
1572030, 307026383, 0, 0
1573063, 272668094, 0, 0
1574030, 278033876, 0, 0
1575040, 285242236, 0, 0
1576068, 293966980, 0, 0
1577016, 295516474, 0, 0
1578018, 243629629, 0, 0
1579045, 287087091, 0, 0
1580005, 272908507, 0, 0
1581053, 263984306, 0, 0
1582017, 285472159, 0, 0
1583040, 288446720, 0, 0
1584030, 296187822, 0, 0
1585002, 266776806, 0, 0
1586044, 293556310, 0, 0
1587041, 293395260, 0, 0
1588005, 279244133, 0, 0
1589019, 260035032, 0, 0
1590035, 274823597, 0, 0
1591020, 302854520, 0, 0
1592005, 286910138, 0, 0
1593063, 325745059, 0, 0
1594008, 272402003, 0, 0
1595042, 324514364, 0, 0
1596059, 282212951, 0, 0
1597018, 284821307, 0, 0
1598023, 276167672, 0, 0
1599030, 317539490, 0, 0
1600043, 290944690, 0, 0
1601033, 298652878, 0, 0
1602046, 275013801, 0, 0
1603005, 276534580, 0, 0
1604054, 289499293, 0, 0
1605028, 283984526, 0, 0
1606034, 277994638, 0, 0
1607001, 269948407, 0, 0
1608010, 274726792, 0, 0
1609001, 266726316, 0, 0
1610047, 301476045, 0, 0
1611048, 307831148, 0, 0
1612032, 313447054, 0, 0
1613047, 322348921, 0, 0
1614057, 264089752, 0, 0
1615059, 282982531, 0, 0
1616025, 258052240, 0, 0
1617030, 264699109, 0, 0
1618027, 265216127, 0, 0
1619032, 293724143, 0, 0
1620051, 292421669, 0, 0
1621007, 260784668, 0, 0
1622015, 265974072, 0, 0
1623037, 279442376, 0, 0
1624044, 301780679, 0, 0
1625054, 259309809, 0, 0
1626061, 284395641, 0, 0
1627005, 283773018, 0, 0
1628002, 279572861, 0, 0
1629053, 292037389, 0, 0
1630056, 262817561, 0, 0
1631029, 258467192, 0, 0
1632007, 277038782, 0, 0
1633006, 282155236, 0, 0
1634059, 255619501, 0, 0
1635023, 239494260, 0, 0
1636050, 298316372, 0, 0
1637011, 288999801, 0, 0
1638063, 296737123, 0, 0
1639010, 285899121, 0, 0
1640023, 275085509, 0, 0
1641021, 287465638, 0, 0
1642006, 287489605, 0, 0
1643037, 277987417, 0, 0
1644015, 289622807, 0, 0
1645021, 286177256, 0, 0
1646068, 258475751, 0, 0
1647055, 294301948, 0, 0
1648060, 280106003, 0, 0
1649031, 333524852, 0, 0
1650036, 276037112, 0, 0
1651066, 296227004, 0, 0
1652004, 283056725, 0, 0
1653006, 282543990, 0, 0
1654034, 274661621, 0, 0
1655060, 280836258, 0, 0
1656011, 283640080, 0, 0
1657018, 283225590, 0, 0
1658045, 266043390, 0, 0
1659018, 256649137, 0, 0
1660049, 288480419, 0, 0
1661059, 271234232, 0, 0
1662057, 283553906, 0, 0
1663026, 257000963, 0, 0
1664060, 286759523, 0, 0
1665008, 287378587, 0, 0
1666002, 313856564, 0, 0
1667011, 241608769, 0, 0
1668039, 251599079, 0, 0
1669051, 295224179, 0, 0
1670002, 274536880, 0, 0
1671040, 278086757, 0, 0
1672016, 247171288, 0, 0
1673021, 289992102, 0, 0
1674037, 269575114, 0, 0
1675044, 269791998, 0, 0
1676029, 277000426, 0, 0
1677053, 303217230, 0, 0
1678053, 257637350, 0, 0
1679022, 261332360, 0, 0
1680005, 292530237, 0, 0
1681033, 275182227, 0, 0
1682038, 289850144, 0, 0
1683029, 294539841, 0, 0
1684039, 262400836, 0, 0
1685037, 271682968, 0, 0
1686019, 290671555, 0, 0
1687034, 276311047, 0, 0
1688028, 265685514, 0, 0
1689058, 271305225, 0, 0
1690049, 296044094, 0, 0
1691012, 281759669, 0, 0
1692060, 309618202, 0, 0
1693037, 329423973, 0, 0
1694030, 294588621, 0, 0
1695026, 273829941, 0, 0
1696019, 259651777, 0, 0
1697041, 271380669, 0, 0
1698005, 253656496, 0, 0
1699006, 274376903, 0, 0
1700057, 292962705, 0, 0
1701060, 311214248, 0, 0
1702037, 271411771, 0, 0
1703056, 290181442, 0, 0
1704023, 302154114, 0, 0
1705026, 269119405, 0, 0
1706008, 259861547, 0, 0
1707054, 275301439, 0, 0
1708038, 287827875, 0, 0
1709045, 267055279, 0, 0
1710003, 244379749, 0, 0
1711032, 296576216, 0, 0
1712017, 284200935, 0, 0
1713058, 287197665, 0, 0
1714001, 258940811, 0, 0
1715009, 247538709, 0, 0
1716028, 289697082, 0, 0
1717007, 280271876, 0, 0
1718035, 307216972, 0, 0
1719030, 304782495, 0, 0
1720043, 281216546, 0, 0
1721027, 242377171, 0, 0
1722010, 261103569, 0, 0
1723014, 260785169, 0, 0
1724051, 323246309, 0, 0
1725011, 320144842, 0, 0
1726053, 289260048, 0, 0
1727004, 258764610, 0, 0
1728048, 270677973, 0, 0
1729000, 270465228, 0, 0
1730057, 249201559, 0, 0
1731002, 290358969, 0, 0
1732003, 242461825, 0, 0
1733023, 256166277, 0, 0
1734028, 263343840, 0, 0
1735050, 278576344, 0, 0
1736040, 258673019, 0, 0
1737055, 270376122, 0, 0
1738055, 272212101, 0, 0
1739063, 263239446, 0, 0
1740039, 276907037, 0, 0
1741013, 268795531, 0, 0
1742017, 249641772, 0, 0
1743034, 287531825, 0, 0
1744055, 281250560, 0, 0
1745001, 262474801, 0, 0
1746040, 275335995, 0, 0
1747049, 251206343, 0, 0
1748050, 262093368, 0, 0
1749054, 272804213, 0, 0
1750059, 242205149, 0, 0
1751042, 266514901, 0, 0
1752041, 273695225, 0, 0
1753033, 285871322, 0, 0
1754040, 267455892, 0, 0
1755068, 258948340, 0, 0
1756023, 275659041, 0, 0
1757019, 268656617, 0, 0
1758052, 278920513, 0, 0
1759010, 269538981, 0, 0
1760015, 276321814, 0, 0
1761049, 284983926, 0, 0
1762041, 253138473, 0, 0
1763009, 303130587, 0, 0
1764000, 270339633, 0, 0
1765054, 264557001, 0, 0
1766049, 276923408, 0, 0
1767020, 256975430, 0, 0
1768003, 279626923, 0, 0
1769037, 274876660, 0, 0
1770038, 266259549, 0, 0
1771005, 265062942, 0, 0
1772050, 281492880, 0, 0
1773013, 256919303, 0, 0
1774026, 289887634, 0, 0
1775050, 282051679, 0, 0
1776014, 303434278, 0, 0
1777006, 246769141, 0, 0
1778010, 270024393, 0, 0
1779021, 356756676, 0, 0
1780033, 264137893, 0, 0
1781049, 236180439, 0, 0
1782027, 288265479, 0, 0
1783017, 275817907, 0, 0
1784009, 284811536, 0, 0
1785019, 234270772, 0, 0
1786012, 238113380, 0, 0
1787017, 234063841, 0, 0
1788043, 224244930, 0, 0
1789007, 274461859, 0, 0
1790028, 275350308, 0, 0
1791012, 264357407, 0, 0
1792016, 250327151, 0, 0
1793041, 272648457, 0, 0
1794054, 280767436, 0, 0
1795041, 251536932, 0, 0
1796050, 242017388, 0, 0
1797045, 268565392, 0, 0
1798000, 283097382, 0, 0
1799042, 268980604, 0, 0
1800009, 301673976, 0, 0
1800135, 323625538, 0, 0
