2236, 2232737742, 0, 0
2236, 2233451032, 0, 0
3000, 1357497, 0, 0
4000, 161132, 0, 0
5000, 157082, 0, 0
6000, 159442, 0, 0
7000, 161913, 0, 0
8000, 143507, 0, 0
9000, 142495, 0, 0
10000, 142776, 0, 0
11000, 153773, 0, 0
12001, 141438, 0, 0
13000, 144241, 0, 0
14000, 147651, 0, 0
15000, 145039, 0, 0
16000, 145151, 0, 0
17000, 159135, 0, 0
18000, 141768, 0, 0
19000, 144994, 0, 0
20000, 151797, 0, 0
21000, 145347, 0, 0
22000, 171790, 0, 0
23000, 144014, 0, 0
24000, 143940, 0, 0
25000, 141274, 0, 0
26000, 144342, 0, 0
27000, 144132, 0, 0
28000, 142004, 0, 0
29000, 140380, 0, 0
30000, 144631, 0, 0
31000, 145448, 0, 0
32001, 153888, 0, 0
33000, 147238, 0, 0
34000, 156509, 0, 0
35000, 148756, 0, 0
36000, 142457, 0, 0
37000, 179200, 0, 0
38000, 143702, 0, 0
39000, 147596, 0, 0
40000, 150319, 0, 0
41006, 144481, 0, 0
42000, 151090, 0, 0
43001, 145572, 0, 0
44000, 144040, 0, 0
45000, 153875, 0, 0
46000, 145620, 0, 0
47000, 149948, 0, 0
48000, 151004, 0, 0
49000, 157545, 0, 0
50000, 144991, 0, 0
51000, 160924, 0, 0
52000, 148454, 0, 0
53000, 140710, 0, 0
54000, 143441, 0, 0
55000, 155480, 0, 0
56000, 141216, 0, 0
57000, 145483, 0, 0
58000, 143432, 0, 0
59000, 144743, 0, 0
60000, 146332, 0, 0
61000, 147211, 0, 0
62000, 142407, 0, 0
63000, 159187, 0, 0
64000, 146697, 0, 0
65000, 158573, 0, 0
66000, 146257, 0, 0
67000, 144824, 0, 0
68000, 167676, 0, 0
69000, 150629, 0, 0
70000, 153634, 0, 0
71000, 148777, 0, 0
72000, 147703, 0, 0
73000, 141913, 0, 0
74000, 161084, 0, 0
75000, 156188, 0, 0
76000, 143159, 0, 0
77000, 142471, 0, 0
78000, 144824, 0, 0
79000, 155555, 0, 0
80000, 142884, 0, 0
81000, 145031, 0, 0
82000, 141647, 0, 0
83000, 143131, 0, 0
84000, 139346, 0, 0
85000, 140568, 0, 0
86000, 160071, 0, 0
87000, 140541, 0, 0
88000, 142760, 0, 0
89000, 180362, 0, 0
90000, 142128, 0, 0
91000, 146644, 0, 0
92000, 145627, 0, 0
93000, 144305, 0, 0
94000, 143451, 0, 0
95000, 143081, 0, 0
96000, 152422, 0, 0
97000, 142569, 0, 0
98000, 154849, 0, 0
99000, 150776, 0, 0
100000, 159225, 0, 0
101000, 154725, 0, 0
102000, 140373, 0, 0
103000, 141859, 0, 0
104000, 142104, 0, 0
105000, 137540, 0, 0
106000, 142740, 0, 0
107000, 139825, 0, 0
108000, 139255, 0, 0
109000, 143028, 0, 0
110000, 147233, 0, 0
111000, 161542, 0, 0
112000, 162461, 0, 0
113000, 151610, 0, 0
114000, 144180, 0, 0
115000, 142518, 0, 0
116000, 141677, 0, 0
117000, 152844, 0, 0
118000, 140360, 0, 0
119000, 140315, 0, 0
120000, 146277, 0, 0
121000, 163223, 0, 0
122000, 162480, 0, 0
123000, 178198, 0, 0
124000, 144729, 0, 0
125000, 143884, 0, 0
126000, 145276, 0, 0
127000, 145381, 0, 0
128000, 142769, 0, 0
129000, 138946, 0, 0
130000, 138770, 0, 0
131000, 139783, 0, 0
132000, 138602, 0, 0
133000, 149517, 0, 0
134000, 146808, 0, 0
135000, 139055, 0, 0
136000, 141454, 0, 0
137000, 141270, 0, 0
138000, 141171, 0, 0
139000, 144944, 0, 0
140000, 143306, 0, 0
141000, 148517, 0, 0
142000, 136540, 0, 0
143000, 148013, 0, 0
144000, 140970, 0, 0
145000, 140396, 0, 0
146000, 147116, 0, 0
147000, 146116, 0, 0
148000, 145231, 0, 0
149000, 138839, 0, 0
150000, 140105, 0, 0
151000, 140225, 0, 0
152000, 137630, 0, 0
153000, 149512, 0, 0
154000, 141505, 0, 0
155000, 241675, 0, 0
156000, 810072, 0, 0
157000, 825460, 0, 0
158000, 856855, 0, 0
159001, 857792, 0, 0
160000, 978580, 0, 0
161000, 794449, 0, 0
162000, 786150, 0, 0
163000, 814083, 0, 0
164000, 806303, 0, 0
165000, 785475, 0, 0
166000, 794735, 0, 0
167000, 804292, 0, 0
168000, 785698, 0, 0
169000, 759607, 0, 0
170000, 794191, 0, 0
171000, 794474, 0, 0
172000, 798690, 0, 0
173000, 764040, 0, 0
174000, 773200, 0, 0
175000, 774154, 0, 0
176000, 769963, 0, 0
177000, 787318, 0, 0
178000, 792486, 0, 0
179001, 776483, 0, 0
180000, 778323, 0, 0
181000, 777468, 0, 0
182000, 766592, 0, 0
183000, 790464, 0, 0
184000, 802528, 0, 0
185000, 772175, 0, 0
186001, 784519, 0, 0
187000, 792897, 0, 0
188000, 771940, 0, 0
189000, 791338, 0, 0
190000, 788715, 0, 0
191000, 650107, 0, 0
192000, 628078, 0, 0
193000, 708313, 0, 0
194000, 682345, 0, 0
195000, 812166, 0, 0
196000, 653950, 0, 0
197001, 664641, 0, 0
198000, 642678, 0, 0
199000, 643289, 0, 0
200000, 673190, 0, 0
201000, 686789, 0, 0
202000, 690956, 0, 0
203001, 715569, 0, 0
204000, 662450, 0, 0
205000, 696457, 0, 0
206000, 615353, 0, 0
207001, 614342, 0, 0
208000, 632292, 0, 0
209000, 657023, 0, 0
210001, 659743, 0, 0
211000, 640746, 0, 0
212001, 679788, 0, 0
213000, 655717, 0, 0
214000, 677989, 0, 0
215000, 647772, 0, 0
216000, 700231, 0, 0
217000, 644096, 0, 0
218000, 689082, 0, 0
219000, 638719, 0, 0
220000, 693725, 0, 0
221000, 701060, 0, 0
222000, 688837, 0, 0
223000, 670380, 0, 0
224000, 646938, 0, 0
225000, 701928, 0, 0
226000, 668023, 0, 0
227000, 670445, 0, 0
228000, 668343, 0, 0
229000, 685098, 0, 0
230000, 682547, 0, 0
231000, 670522, 0, 0
232000, 653837, 0, 0
233000, 636799, 0, 0
234000, 685602, 0, 0
235001, 666142, 0, 0
236001, 675352, 0, 0
237000, 679224, 0, 0
238000, 660124, 0, 0
239000, 658481, 0, 0
240001, 698894, 0, 0
241000, 670294, 0, 0
242000, 766246, 0, 0
243000, 675238, 0, 0
244000, 661960, 0, 0
245000, 657307, 0, 0
246000, 667020, 0, 0
247000, 649349, 0, 0
248000, 661588, 0, 0
249000, 702124, 0, 0
250000, 657312, 0, 0
251000, 691618, 0, 0
252000, 663342, 0, 0
253000, 676762, 0, 0
254000, 646573, 0, 0
255000, 632832, 0, 0
256001, 656607, 0, 0
257000, 683046, 0, 0
258000, 629338, 0, 0
259000, 645886, 0, 0
260000, 660592, 0, 0
261000, 708313, 0, 0
262000, 660709, 0, 0
263000, 683293, 0, 0
264000, 682395, 0, 0
265000, 676136, 0, 0
266000, 676777, 0, 0
267000, 668176, 0, 0
268000, 731680, 0, 0
269001, 685562, 0, 0
270000, 714674, 0, 0
271000, 667245, 0, 0
272001, 679926, 0, 0
273000, 718345, 0, 0
274000, 639840, 0, 0
275000, 617868, 0, 0
276000, 652841, 0, 0
277000, 658346, 0, 0
278000, 680031, 0, 0
279000, 682164, 0, 0
280000, 633608, 0, 0
281000, 634949, 0, 0
282001, 655122, 0, 0
283000, 986727, 0, 0
284000, 687159, 0, 0
285000, 687889, 0, 0
286000, 708813, 0, 0
287000, 646345, 0, 0
288000, 632215, 0, 0
289000, 673378, 0, 0
290000, 698707, 0, 0
291000, 632580, 0, 0
292000, 653929, 0, 0
293000, 713149, 0, 0
294000, 660469, 0, 0
295000, 606473, 0, 0
296000, 639513, 0, 0
297000, 638439, 0, 0
298000, 718179, 0, 0
299000, 663232, 0, 0
300000, 653169, 0, 0
301000, 626135, 0, 0
302000, 615324, 0, 0
303000, 697826, 0, 0
304000, 668279, 0, 0
305000, 712903, 0, 0
306000, 712275, 0, 0
307000, 667370, 0, 0
308000, 679616, 0, 0
309000, 696330, 0, 0
310000, 692175, 0, 0
311001, 688119, 0, 0
312000, 676946, 0, 0
313000, 666071, 0, 0
314000, 656053, 0, 0
315000, 680591, 0, 0
316000, 661296, 0, 0
317000, 694200, 0, 0
318001, 708207, 0, 0
319000, 702798, 0, 0
320000, 663377, 0, 0
321000, 676828, 0, 0
322001, 652817, 0, 0
323000, 671685, 0, 0
324000, 668433, 0, 0
325000, 667897, 0, 0
326000, 634746, 0, 0
327000, 729725, 0, 0
328000, 640425, 0, 0
329000, 672107, 0, 0
330000, 623057, 0, 0
331000, 634530, 0, 0
332000, 709830, 0, 0
333000, 650983, 0, 0
334000, 643666, 0, 0
335000, 585329, 0, 0
336000, 619922, 0, 0
337000, 679186, 0, 0
338000, 662075, 0, 0
339000, 668088, 0, 0
340000, 640615, 0, 0
341001, 637362, 0, 0
342000, 713198, 0, 0
343000, 656161, 0, 0
344000, 679054, 0, 0
345000, 648401, 0, 0
346000, 683396, 0, 0
347000, 647167, 0, 0
348000, 660012, 0, 0
349000, 661679, 0, 0
350000, 644722, 0, 0
351000, 657084, 0, 0
352000, 659821, 0, 0
353000, 677986, 0, 0
354000, 834194, 0, 0
355000, 700193, 0, 0
356000, 664480, 0, 0
357000, 677624, 0, 0
358000, 669166, 0, 0
359000, 595853, 0, 0
360000, 349767, 0, 0
361000, 327066, 0, 0
362000, 333357, 0, 0
363000, 338491, 0, 0
364000, 345581, 0, 0
365000, 327104, 0, 0
366000, 326441, 0, 0
367000, 334017, 0, 0
368000, 333960, 0, 0
369000, 345848, 0, 0
370000, 341560, 0, 0
371000, 327561, 0, 0
372000, 336136, 0, 0
373000, 341019, 0, 0
374000, 348313, 0, 0
375000, 338181, 0, 0
376000, 345569, 0, 0
377000, 322558, 0, 0
378000, 348392, 0, 0
379000, 326338, 0, 0
380000, 350022, 0, 0
381000, 342074, 0, 0
382000, 342564, 0, 0
383000, 343311, 0, 0
384000, 336415, 0, 0
385000, 334408, 0, 0
386000, 331959, 0, 0
387000, 332250, 0, 0
388000, 392676, 0, 0
389000, 340753, 0, 0
390000, 334524, 0, 0
391000, 342060, 0, 0
392000, 332733, 0, 0
393000, 340142, 0, 0
394000, 340736, 0, 0
395000, 344358, 0, 0
396000, 332472, 0, 0
397000, 334906, 0, 0
398000, 353721, 0, 0
399000, 361198, 0, 0
400000, 329038, 0, 0
401000, 333333, 0, 0
402000, 326328, 0, 0
403000, 341891, 0, 0
404000, 331385, 0, 0
405000, 340057, 0, 0
406000, 531176, 0, 0
407000, 336686, 0, 0
408000, 606570, 0, 0
409000, 334182, 0, 0
410000, 338783, 0, 0
411000, 333270, 0, 0
412000, 332412, 0, 0
413000, 362298, 0, 0
414000, 340225, 0, 0
415000, 348056, 0, 0
416000, 336735, 0, 0
417000, 339620, 0, 0
418000, 341467, 0, 0
419000, 344751, 0, 0
420000, 329847, 0, 0
421000, 339918, 0, 0
422000, 337486, 0, 0
423000, 363226, 0, 0
424000, 376250, 0, 0
425000, 382492, 0, 0
426000, 377379, 0, 0
427000, 369131, 0, 0
428000, 362886, 0, 0
429000, 377184, 0, 0
430000, 373035, 0, 0
431000, 372567, 0, 0
432000, 396152, 0, 0
433000, 356413, 0, 0
434000, 312335, 0, 0
435000, 301898, 0, 0
436000, 300883, 0, 0
437000, 310452, 0, 0
438000, 305134, 0, 0
439000, 323012, 0, 0
440000, 303398, 0, 0
441000, 313387, 0, 0
442000, 305143, 0, 0
443000, 374995, 0, 0
444000, 300957, 0, 0
445000, 304401, 0, 0
446000, 307205, 0, 0
447000, 304416, 0, 0
448000, 303857, 0, 0
449000, 304368, 0, 0
450000, 314233, 0, 0
451000, 313417, 0, 0
452000, 299999, 0, 0
453000, 318385, 0, 0
454000, 302216, 0, 0
455000, 299217, 0, 0
456000, 303897, 0, 0
457000, 310162, 0, 0
458000, 298319, 0, 0
459000, 304997, 0, 0
460000, 309312, 0, 0
461000, 302437, 0, 0
462000, 308466, 0, 0
463000, 302353, 0, 0
464000, 321614, 0, 0
465000, 301976, 0, 0
466000, 314029, 0, 0
467000, 301527, 0, 0
468000, 305901, 0, 0
469000, 287180, 0, 0
470000, 224364, 0, 0
471000, 181189, 0, 0
472000, 177714, 0, 0
473000, 174817, 0, 0
474004, 202924, 0, 0
475000, 238390, 0, 0
476000, 167686, 0, 0
477000, 181486, 0, 0
478000, 171532, 0, 0
479000, 178247, 0, 0
480000, 202064, 0, 0
481000, 169404, 0, 0
482000, 176257, 0, 0
483000, 190046, 0, 0
484000, 176566, 0, 0
485000, 179991, 0, 0
486000, 183125, 0, 0
487112, 188906, 0, 0
488000, 235348, 0, 0
489000, 175597, 0, 0
490000, 176906, 0, 0
491001, 172901, 0, 0
492000, 170816, 0, 0
493000, 181588, 0, 0
494000, 176443, 0, 0
495000, 178254, 0, 0
496000, 176553, 0, 0
497000, 167231, 0, 0
498018, 191138, 0, 0
499000, 177837, 0, 0
500000, 171518, 0, 0
501000, 168844, 0, 0
502000, 177523, 0, 0
503000, 185989, 0, 0
504000, 177707, 0, 0
505000, 183124, 0, 0
506000, 172748, 0, 0
507000, 171515, 0, 0
508000, 171154, 0, 0
509000, 165758, 0, 0
510000, 182704, 0, 0
511000, 184864, 0, 0
512000, 213834, 0, 0
513000, 321939, 0, 0
514000, 329184, 0, 0
515000, 309090, 0, 0
516000, 306586, 0, 0
517000, 321372, 0, 0
518003, 307673, 0, 0
519000, 327378, 0, 0
520000, 309039, 0, 0
521000, 319309, 0, 0
522000, 306915, 0, 0
523000, 355769, 0, 0
524000, 443637, 0, 0
525000, 320564, 0, 0
526000, 308749, 0, 0
527000, 307223, 0, 0
528000, 317997, 0, 0
529000, 311824, 0, 0
530000, 296296, 0, 0
531000, 333107, 0, 0
532009, 346861, 0, 0
533000, 321974, 0, 0
534000, 308503, 0, 0
535000, 311126, 0, 0
536000, 307600, 0, 0
537000, 308671, 0, 0
538000, 368813, 0, 0
539000, 316558, 0, 0
540000, 304261, 0, 0
541000, 326070, 0, 0
542000, 312784, 0, 0
543000, 324981, 0, 0
544000, 315568, 0, 0
545000, 319574, 0, 0
546000, 465402, 0, 0
547000, 566034, 0, 0
548000, 547209, 0, 0
549000, 574564, 0, 0
550000, 566934, 0, 0
551000, 555620, 0, 0
552000, 552337, 0, 0
553000, 578590, 0, 0
554000, 567247, 0, 0
555000, 566304, 0, 0
556000, 578390, 0, 0
557000, 570170, 0, 0
558000, 568831, 0, 0
559000, 574584, 0, 0
560000, 568506, 0, 0
561000, 555781, 0, 0
562000, 567700, 0, 0
563000, 563560, 0, 0
564000, 565289, 0, 0
565000, 560432, 0, 0
566000, 588665, 0, 0
567000, 563980, 0, 0
568000, 560334, 0, 0
569000, 576666, 0, 0
570000, 555613, 0, 0
571000, 619450, 0, 0
572000, 554847, 0, 0
573000, 560558, 0, 0
574000, 650528, 0, 0
575000, 592409, 0, 0
576000, 572082, 0, 0
577000, 600787, 0, 0
578000, 563152, 0, 0
579000, 545540, 0, 0
580000, 568918, 0, 0
581000, 584075, 0, 0
582000, 560284, 0, 0
583000, 578693, 0, 0
584000, 571267, 0, 0
585000, 589185, 0, 0
586000, 579882, 0, 0
587000, 563581, 0, 0
588000, 571057, 0, 0
589000, 551636, 0, 0
590000, 545435, 0, 0
591000, 552721, 0, 0
592000, 604980, 0, 0
593000, 563113, 0, 0
594000, 549841, 0, 0
595000, 549789, 0, 0
596000, 562187, 0, 0
597000, 603108, 0, 0
598000, 604116, 0, 0
599000, 607438, 0, 0
600000, 596653, 0, 0
601000, 598458, 0, 0
602000, 616253, 0, 0
603000, 585207, 0, 0
604000, 606526, 0, 0
605000, 597875, 0, 0
606000, 630830, 0, 0
607000, 595233, 0, 0
608000, 588657, 0, 0
609000, 596700, 0, 0
610000, 636557, 0, 0
611000, 599970, 0, 0
612000, 618933, 0, 0
613000, 576931, 0, 0
614000, 608011, 0, 0
615002, 620434, 0, 0
616000, 604483, 0, 0
617000, 652447, 0, 0
618000, 600389, 0, 0
619000, 612304, 0, 0
620000, 607956, 0, 0
621001, 606442, 0, 0
622000, 711104, 0, 0
623000, 591568, 0, 0
624000, 635831, 0, 0
625000, 605641, 0, 0
626000, 616948, 0, 0
627000, 624037, 0, 0
628001, 632709, 0, 0
629000, 631645, 0, 0
630000, 618718, 0, 0
631000, 643735, 0, 0
632000, 713102, 0, 0
633000, 640572, 0, 0
634000, 616466, 0, 0
635000, 594750, 0, 0
636000, 595380, 0, 0
637000, 582091, 0, 0
638000, 601909, 0, 0
639000, 561702, 0, 0
640000, 608298, 0, 0
641000, 587068, 0, 0
642000, 600693, 0, 0
643000, 591405, 0, 0
644000, 624071, 0, 0
645000, 524390, 0, 0
646000, 369083, 0, 0
647000, 369556, 0, 0
648000, 366651, 0, 0
649000, 357747, 0, 0
650000, 343482, 0, 0
651000, 368130, 0, 0
652000, 352666, 0, 0
653000, 355917, 0, 0
654000, 375700, 0, 0
655000, 347149, 0, 0
656000, 352435, 0, 0
657000, 350705, 0, 0
658000, 361620, 0, 0
659000, 343331, 0, 0
660000, 350664, 0, 0
661000, 355878, 0, 0
662006, 486607, 0, 0
663000, 369761, 0, 0
664000, 358286, 0, 0
665000, 358736, 0, 0
666034, 392904, 0, 0
667000, 471282, 0, 0
668000, 362242, 0, 0
669000, 341452, 0, 0
670000, 343908, 0, 0
671000, 372083, 0, 0
672000, 340485, 0, 0
673000, 355309, 0, 0
674000, 364601, 0, 0
675000, 349865, 0, 0
676000, 339938, 0, 0
677000, 350806, 0, 0
678000, 365990, 0, 0
679000, 351822, 0, 0
680000, 348391, 0, 0
681000, 351713, 0, 0
682000, 354811, 0, 0
683000, 363585, 0, 0
684000, 418368, 0, 0
685000, 368635, 0, 0
686000, 345033, 0, 0
687000, 355088, 0, 0
688000, 360956, 0, 0
689000, 341986, 0, 0
690003, 361329, 0, 0
691000, 374351, 0, 0
692000, 355296, 0, 0
693000, 353403, 0, 0
694000, 358061, 0, 0
695000, 343431, 0, 0
696000, 351557, 0, 0
697000, 358995, 0, 0
698000, 349879, 0, 0
699000, 335558, 0, 0
700000, 357351, 0, 0
701000, 359862, 0, 0
702000, 516155, 0, 0
703000, 507229, 0, 0
704000, 518910, 0, 0
705000, 864631, 0, 0
706000, 916982, 0, 0
707000, 894560, 0, 0
708001, 892741, 0, 0
709001, 891267, 0, 0
710001, 898607, 0, 0
711000, 1080281, 0, 0
712000, 905357, 0, 0
713000, 907890, 0, 0
714000, 947311, 0, 0
715000, 913153, 0, 0
716000, 928694, 0, 0
717000, 902015, 0, 0
718000, 908648, 0, 0
719001, 883654, 0, 0
720000, 929737, 0, 0
721000, 867348, 0, 0
722000, 935856, 0, 0
723000, 875015, 0, 0
724001, 910626, 0, 0
725000, 947378, 0, 0
726000, 931405, 0, 0
727000, 920459, 0, 0
728000, 872872, 0, 0
729000, 927259, 0, 0
730000, 926692, 0, 0
731000, 932139, 0, 0
732000, 926178, 0, 0
733001, 944635, 0, 0
734000, 889205, 0, 0
735000, 934114, 0, 0
736000, 923474, 0, 0
737000, 865800, 0, 0
738000, 917938, 0, 0
739000, 914202, 0, 0
740000, 875825, 0, 0
741000, 905059, 0, 0
742000, 936007, 0, 0
743000, 917616, 0, 0
744001, 939643, 0, 0
745000, 906701, 0, 0
746000, 861701, 0, 0
747000, 919094, 0, 0
748000, 976709, 0, 0
749000, 890881, 0, 0
750001, 905900, 0, 0
751000, 907774, 0, 0
752000, 943301, 0, 0
753001, 940339, 0, 0
754000, 909673, 0, 0
755005, 942490, 0, 0
756000, 944260, 0, 0
757000, 919910, 0, 0
758000, 933495, 0, 0
759000, 931060, 0, 0
760000, 997115, 0, 0
761000, 975909, 0, 0
762000, 1002817, 0, 0
763000, 1007115, 0, 0
764000, 1019015, 0, 0
765001, 989842, 0, 0
766000, 974813, 0, 0
767000, 1000248, 0, 0
768000, 997943, 0, 0
769000, 1021474, 0, 0
770000, 992570, 0, 0
771001, 1008860, 0, 0
772000, 1001337, 0, 0
773000, 1002747, 0, 0
774000, 965672, 0, 0
775000, 1029466, 0, 0
776000, 1273527, 0, 0
777000, 1016706, 0, 0
778000, 996894, 0, 0
779000, 1058205, 0, 0
780000, 957099, 0, 0
781000, 995869, 0, 0
782001, 954630, 0, 0
783000, 976725, 0, 0
784000, 977113, 0, 0
785001, 992663, 0, 0
786000, 972218, 0, 0
787000, 984471, 0, 0
788000, 784488, 0, 0
789000, 770177, 0, 0
790000, 767948, 0, 0
791000, 945634, 0, 0
792000, 836712, 0, 0
793000, 779431, 0, 0
794000, 776346, 0, 0
795000, 793786, 0, 0
796000, 791612, 0, 0
797000, 748462, 0, 0
798000, 764049, 0, 0
799000, 757327, 0, 0
800000, 790421, 0, 0
801000, 770553, 0, 0
802000, 787127, 0, 0
803000, 788950, 0, 0
804000, 774985, 0, 0
805000, 784789, 0, 0
806000, 786588, 0, 0
807000, 808674, 0, 0
808000, 704743, 0, 0
809000, 751158, 0, 0
810000, 725517, 0, 0
811000, 687704, 0, 0
812000, 685405, 0, 0
813000, 697677, 0, 0
814000, 710362, 0, 0
815000, 678815, 0, 0
816000, 698702, 0, 0
817000, 685659, 0, 0
818000, 710005, 0, 0
819000, 671407, 0, 0
820000, 692280, 0, 0
821000, 689064, 0, 0
822000, 677815, 0, 0
823000, 676884, 0, 0
824000, 694592, 0, 0
825000, 695138, 0, 0
826000, 686647, 0, 0
827000, 675293, 0, 0
828000, 694802, 0, 0
829000, 650630, 0, 0
830000, 707850, 0, 0
831000, 706406, 0, 0
832000, 719372, 0, 0
833000, 726016, 0, 0
834000, 711357, 0, 0
835000, 684280, 0, 0
836000, 707851, 0, 0
837000, 700367, 0, 0
838000, 658654, 0, 0
839000, 683776, 0, 0
840000, 687128, 0, 0
841000, 686851, 0, 0
842000, 700228, 0, 0
843000, 691334, 0, 0
844008, 708087, 0, 0
845000, 680723, 0, 0
846000, 672991, 0, 0
847000, 678832, 0, 0
848000, 586612, 0, 0
849000, 721286, 0, 0
850000, 690639, 0, 0
851000, 717279, 0, 0
852000, 648529, 0, 0
853000, 652460, 0, 0
854000, 674252, 0, 0
855000, 700304, 0, 0
856000, 697683, 0, 0
857000, 670090, 0, 0
858000, 692129, 0, 0
859000, 677132, 0, 0
860000, 665368, 0, 0
861000, 709582, 0, 0
862000, 723826, 0, 0
863000, 719389, 0, 0
864000, 690094, 0, 0
865000, 710151, 0, 0
866000, 682563, 0, 0
867000, 713204, 0, 0
868000, 713330, 0, 0
869000, 716439, 0, 0
870000, 709099, 0, 0
871000, 700590, 0, 0
872000, 690849, 0, 0
873000, 698423, 0, 0
874000, 678935, 0, 0
875000, 705541, 0, 0
876000, 699604, 0, 0
877000, 715988, 0, 0
878000, 717775, 0, 0
879000, 701941, 0, 0
880000, 695870, 0, 0
881000, 691545, 0, 0
882000, 706888, 0, 0
883000, 681192, 0, 0
884000, 672408, 0, 0
885000, 708437, 0, 0
886000, 688493, 0, 0
887000, 702184, 0, 0
888000, 722154, 0, 0
889041, 686889, 0, 0
890000, 691861, 0, 0
891000, 713668, 0, 0
892000, 691211, 0, 0
893000, 682009, 0, 0
894000, 690875, 0, 0
895000, 673481, 0, 0
896000, 684592, 0, 0
897000, 698428, 0, 0
898000, 705712, 0, 0
899001, 692786, 0, 0
900000, 696685, 0, 0
901000, 704408, 0, 0
902000, 684925, 0, 0
903000, 701326, 0, 0
904001, 711217, 0, 0
905000, 612084, 0, 0
906000, 523679, 0, 0
907000, 547074, 0, 0
908000, 481586, 0, 0
909000, 410815, 0, 0
910000, 412418, 0, 0
911000, 399642, 0, 0
912000, 392848, 0, 0
913000, 411334, 0, 0
914000, 398183, 0, 0
915000, 414664, 0, 0
916002, 488555, 0, 0
917000, 477690, 0, 0
918000, 436752, 0, 0
919000, 401729, 0, 0
920000, 412105, 0, 0
921000, 399185, 0, 0
922000, 420133, 0, 0
923000, 414103, 0, 0
924000, 391447, 0, 0
925000, 325277, 0, 0
926000, 284286, 0, 0
927000, 280038, 0, 0
928000, 280665, 0, 0
929000, 291650, 0, 0
930000, 278680, 0, 0
931000, 307671, 0, 0
932000, 286365, 0, 0
933000, 296550, 0, 0
934000, 328943, 0, 0
935000, 296263, 0, 0
936000, 304408, 0, 0
937000, 277388, 0, 0
938000, 279445, 0, 0
939000, 285089, 0, 0
940000, 295976, 0, 0
941000, 320740, 0, 0
942000, 278790, 0, 0
943000, 283045, 0, 0
944000, 293872, 0, 0
945000, 291118, 0, 0
946000, 299502, 0, 0
947000, 294304, 0, 0
948000, 279689, 0, 0
949000, 294069, 0, 0
950000, 298667, 0, 0
951000, 281693, 0, 0
952000, 277943, 0, 0
953000, 288683, 0, 0
954000, 290149, 0, 0
955000, 272625, 0, 0
956000, 283202, 0, 0
957001, 481082, 0, 0
958000, 385729, 0, 0
959000, 293752, 0, 0
960000, 274313, 0, 0
961000, 301051, 0, 0
962000, 293614, 0, 0
963000, 283345, 0, 0
964000, 275920, 0, 0
965000, 281916, 0, 0
966000, 299071, 0, 0
967000, 288578, 0, 0
968000, 296273, 0, 0
969000, 304419, 0, 0
970000, 294445, 0, 0
971000, 289908, 0, 0
972000, 287507, 0, 0
973000, 308762, 0, 0
974000, 275990, 0, 0
975000, 294454, 0, 0
976000, 319672, 0, 0
977000, 347372, 0, 0
978000, 407290, 0, 0
979000, 475624, 0, 0
980000, 388461, 0, 0
981000, 380317, 0, 0
982000, 373666, 0, 0
983000, 369889, 0, 0
984000, 374380, 0, 0
985000, 379758, 0, 0
986000, 381685, 0, 0
987000, 384840, 0, 0
988000, 368983, 0, 0
989000, 369304, 0, 0
990000, 391041, 0, 0
991000, 386346, 0, 0
992000, 372172, 0, 0
993000, 376813, 0, 0
994000, 372614, 0, 0
995000, 371351, 0, 0
996000, 364648, 0, 0
997000, 368671, 0, 0
998000, 374624, 0, 0
999000, 372113, 0, 0
1000000, 374886, 0, 0
1001000, 377691, 0, 0
1002000, 375167, 0, 0
1003000, 371150, 0, 0
1004000, 370924, 0, 0
1005000, 371357, 0, 0
1006000, 382521, 0, 0
1007000, 377605, 0, 0
1008000, 369056, 0, 0
1009000, 372761, 0, 0
1010000, 364605, 0, 0
1011000, 370293, 0, 0
1012000, 379087, 0, 0
1013000, 365955, 0, 0
1014000, 387756, 0, 0
1015000, 357678, 0, 0
1016000, 379237, 0, 0
1017000, 366272, 0, 0
1018000, 367714, 0, 0
1019000, 380738, 0, 0
1020000, 367061, 0, 0
1021000, 385322, 0, 0
1022000, 377132, 0, 0
1023000, 366006, 0, 0
1024000, 395364, 0, 0
1025000, 359354, 0, 0
1026000, 372276, 0, 0
1027000, 366914, 0, 0
1028000, 369444, 0, 0
1029000, 362177, 0, 0
1030000, 381340, 0, 0
1031000, 380124, 0, 0
1032000, 373686, 0, 0
1033000, 361067, 0, 0
1034000, 368313, 0, 0
1035000, 510317, 0, 0
1036000, 401607, 0, 0
1037000, 379195, 0, 0
1038000, 384538, 0, 0
1039000, 380780, 0, 0
1040000, 378658, 0, 0
1041001, 393195, 0, 0
1042000, 442396, 0, 0
1043000, 426454, 0, 0
1044000, 404215, 0, 0
1045000, 401622, 0, 0
1046000, 412474, 0, 0
1047000, 389382, 0, 0
1048000, 396178, 0, 0
1049000, 386623, 0, 0
1050000, 393530, 0, 0
1051000, 397405, 0, 0
1052000, 399501, 0, 0
1053000, 400585, 0, 0
1054000, 408536, 0, 0
1055000, 404250, 0, 0
1056000, 401036, 0, 0
1057000, 394050, 0, 0
1058000, 412874, 0, 0
1059000, 401468, 0, 0
1060000, 396039, 0, 0
1061000, 390733, 0, 0
1062000, 398707, 0, 0
1063000, 386348, 0, 0
1064000, 395724, 0, 0
1065000, 391949, 0, 0
1066000, 403809, 0, 0
1067000, 401712, 0, 0
1068000, 506408, 0, 0
1069000, 413115, 0, 0
1070000, 395139, 0, 0
1071000, 390948, 0, 0
1072000, 403604, 0, 0
1073000, 394258, 0, 0
1074000, 401023, 0, 0
1075000, 402569, 0, 0
1076000, 411572, 0, 0
1077000, 393053, 0, 0
1078000, 404016, 0, 0
1079000, 396355, 0, 0
1080000, 395832, 0, 0
1081000, 411953, 0, 0
1082000, 398429, 0, 0
1083000, 374976, 0, 0
1084000, 304030, 0, 0
1085000, 308746, 0, 0
1086000, 333724, 0, 0
1087000, 305676, 0, 0
1088000, 314833, 0, 0
1089000, 316994, 0, 0
1090000, 301537, 0, 0
1091000, 308305, 0, 0
1092000, 302185, 0, 0
1093000, 307449, 0, 0
1094000, 294243, 0, 0
1095000, 297636, 0, 0
1096000, 315722, 0, 0
1097000, 325975, 0, 0
1098000, 320879, 0, 0
1099000, 322771, 0, 0
1100000, 327328, 0, 0
1101000, 308909, 0, 0
1102000, 316061, 0, 0
1103000, 334292, 0, 0
1104000, 325036, 0, 0
1105000, 325507, 0, 0
1106000, 320279, 0, 0
1107000, 325094, 0, 0
1108000, 331109, 0, 0
1109000, 327383, 0, 0
1110000, 322935, 0, 0
1111000, 428860, 0, 0
1112000, 358191, 0, 0
1113000, 374866, 0, 0
1114000, 326136, 0, 0
1115000, 324525, 0, 0
1116000, 325087, 0, 0
1117000, 329077, 0, 0
1118000, 333991, 0, 0
1119000, 325985, 0, 0
1120000, 285070, 0, 0
1121000, 275755, 0, 0
1122000, 285810, 0, 0
1123000, 307413, 0, 0
1124000, 272695, 0, 0
1125000, 279144, 0, 0
1126000, 288370, 0, 0
1127000, 276805, 0, 0
1128000, 304630, 0, 0
1129000, 287537, 0, 0
1130000, 301715, 0, 0
1131000, 268063, 0, 0
1132000, 261201, 0, 0
1133000, 270334, 0, 0
1134000, 270594, 0, 0
1135000, 271208, 0, 0
1136000, 260699, 0, 0
1137000, 275261, 0, 0
1138000, 266434, 0, 0
1139000, 303602, 0, 0
1140000, 268223, 0, 0
1141000, 333243, 0, 0
1142000, 275439, 0, 0
1143000, 280793, 0, 0
1144000, 272001, 0, 0
1145000, 283304, 0, 0
1146000, 279424, 0, 0
1147000, 288899, 0, 0
1148000, 276065, 0, 0
1149000, 271198, 0, 0
1150000, 286790, 0, 0
1151000, 311499, 0, 0
1152000, 267191, 0, 0
1153000, 271971, 0, 0
1154000, 276119, 0, 0
1155000, 291966, 0, 0
1156000, 279271, 0, 0
1157000, 285952, 0, 0
1158001, 280046, 0, 0
1159000, 278829, 0, 0
1160000, 455353, 0, 0
1161000, 312252, 0, 0
1162000, 294370, 0, 0
1163000, 282509, 0, 0
1164000, 282336, 0, 0
1165000, 269008, 0, 0
1166000, 263561, 0, 0
1167000, 273640, 0, 0
1168000, 262075, 0, 0
1169000, 264072, 0, 0
1170000, 311218, 0, 0
1171000, 276264, 0, 0
1172000, 292679, 0, 0
1173000, 262656, 0, 0
1174000, 275153, 0, 0
1175000, 266414, 0, 0
1176000, 275410, 0, 0
1177000, 275163, 0, 0
1178000, 270339, 0, 0
1179000, 273629, 0, 0
1180000, 286400, 0, 0
1181000, 274774, 0, 0
1182000, 282989, 0, 0
1183000, 301662, 0, 0
1184000, 287916, 0, 0
1185000, 271143, 0, 0
1186000, 292734, 0, 0
1187000, 291457, 0, 0
1188000, 304343, 0, 0
1189000, 270793, 0, 0
1190000, 296581, 0, 0
1191000, 286967, 0, 0
1192000, 284173, 0, 0
1193000, 272422, 0, 0
1194000, 270192, 0, 0
1195000, 266517, 0, 0
1196000, 269770, 0, 0
1197000, 279227, 0, 0
1198000, 270554, 0, 0
1199000, 275116, 0, 0
1200000, 269775, 0, 0
1201000, 270208, 0, 0
1202000, 371048, 0, 0
1203000, 264267, 0, 0
1204000, 269986, 0, 0
1205000, 280761, 0, 0
1206000, 288696, 0, 0
1207000, 289141, 0, 0
1208000, 277479, 0, 0
1209000, 271364, 0, 0
1210000, 276993, 0, 0
1211000, 273725, 0, 0
1212000, 278274, 0, 0
1213000, 266348, 0, 0
1214000, 287090, 0, 0
1215000, 276389, 0, 0
1216000, 283531, 0, 0
1217000, 279667, 0, 0
1218000, 277542, 0, 0
1219000, 294241, 0, 0
1220000, 277238, 0, 0
1221000, 301409, 0, 0
1222000, 287244, 0, 0
1223000, 275454, 0, 0
1224000, 277645, 0, 0
1225000, 279735, 0, 0
1226000, 279079, 0, 0
1227000, 277525, 0, 0
1228000, 277840, 0, 0
1229000, 277872, 0, 0
1230000, 270342, 0, 0
1231000, 333785, 0, 0
1232000, 276519, 0, 0
1233000, 260428, 0, 0
1234000, 264705, 0, 0
1235000, 281479, 0, 0
1236000, 293512, 0, 0
1237000, 279315, 0, 0
1238000, 271255, 0, 0
1239000, 273920, 0, 0
1240000, 278335, 0, 0
1241000, 261910, 0, 0
1242000, 288865, 0, 0
1243000, 277310, 0, 0
1244000, 283138, 0, 0
1245000, 286051, 0, 0
1246000, 273530, 0, 0
1247000, 346099, 0, 0
1248000, 270476, 0, 0
1249000, 293696, 0, 0
1250000, 270662, 0, 0
1251000, 277274, 0, 0
1252000, 276166, 0, 0
1253000, 286621, 0, 0
1254000, 465862, 0, 0
1255000, 289373, 0, 0
1256000, 280904, 0, 0
1257000, 272953, 0, 0
1258000, 280974, 0, 0
1259000, 260962, 0, 0
1260000, 270525, 0, 0
1261000, 272067, 0, 0
1262000, 270272, 0, 0
1263000, 274594, 0, 0
1264000, 270094, 0, 0
1265000, 285775, 0, 0
1266000, 287621, 0, 0
1267000, 278427, 0, 0
1268000, 276623, 0, 0
1269000, 288247, 0, 0
1270000, 276224, 0, 0
1271000, 292441, 0, 0
1272000, 278069, 0, 0
1273000, 283962, 0, 0
1274000, 300736, 0, 0
1275000, 295394, 0, 0
1276000, 272820, 0, 0
1277000, 279298, 0, 0
1278000, 272202, 0, 0
1279000, 274648, 0, 0
1280000, 283560, 0, 0
1281000, 439242, 0, 0
1282000, 276834, 0, 0
1283000, 278920, 0, 0
1284000, 294439, 0, 0
1285000, 282207, 0, 0
1286000, 279061, 0, 0
1287000, 262186, 0, 0
1288000, 264433, 0, 0
1289000, 277544, 0, 0
1290000, 277284, 0, 0
1291000, 324970, 0, 0
1292000, 298450, 0, 0
1293000, 287413, 0, 0
1294000, 281822, 0, 0
1295000, 283591, 0, 0
1296000, 275729, 0, 0
1297000, 270775, 0, 0
1298000, 287316, 0, 0
1299000, 287815, 0, 0
1300000, 279115, 0, 0
1301000, 296372, 0, 0
1302000, 281549, 0, 0
1303000, 269716, 0, 0
1304000, 300097, 0, 0
1305000, 271873, 0, 0
1306000, 275009, 0, 0
1307000, 284381, 0, 0
1308000, 297837, 0, 0
1309000, 299408, 0, 0
1310000, 314746, 0, 0
1311000, 286138, 0, 0
1312000, 308858, 0, 0
1313000, 289588, 0, 0
1314000, 299547, 0, 0
1315000, 274318, 0, 0
1316000, 267670, 0, 0
1317000, 276784, 0, 0
1318000, 269305, 0, 0
1319000, 277678, 0, 0
1320000, 285247, 0, 0
1321000, 279398, 0, 0
1322000, 349636, 0, 0
1323000, 347556, 0, 0
1324000, 377353, 0, 0
1325000, 391418, 0, 0
1326000, 389060, 0, 0
1327000, 393625, 0, 0
1328000, 394559, 0, 0
1329000, 383198, 0, 0
1330000, 407011, 0, 0
1331000, 397025, 0, 0
1332000, 392651, 0, 0
1333001, 374533, 0, 0
1334000, 384086, 0, 0
1335000, 386087, 0, 0
1336000, 452643, 0, 0
1337000, 405837, 0, 0
1338000, 384225, 0, 0
1339000, 382044, 0, 0
1340000, 421316, 0, 0
1341000, 386675, 0, 0
1342000, 395932, 0, 0
1343000, 383011, 0, 0
1344000, 384322, 0, 0
1345000, 373383, 0, 0
1346000, 397213, 0, 0
1347000, 372240, 0, 0
1348000, 410765, 0, 0
1349000, 379299, 0, 0
1350000, 361938, 0, 0
1351000, 387068, 0, 0
1352000, 391053, 0, 0
1353000, 375179, 0, 0
1354000, 385002, 0, 0
1355000, 372606, 0, 0
1356000, 393916, 0, 0
1357000, 386096, 0, 0
1358000, 385904, 0, 0
1359000, 370428, 0, 0
1360000, 415749, 0, 0
1361000, 402044, 0, 0
1362000, 387826, 0, 0
1363000, 359435, 0, 0
1364000, 377912, 0, 0
1365000, 367442, 0, 0
1366000, 372886, 0, 0
1367000, 436628, 0, 0
1368000, 438592, 0, 0
1369000, 394061, 0, 0
1370000, 388726, 0, 0
1371000, 387368, 0, 0
1372000, 395393, 0, 0
1373000, 366058, 0, 0
1374000, 379169, 0, 0
1375000, 372936, 0, 0
1376000, 384230, 0, 0
1377000, 386131, 0, 0
1378000, 386122, 0, 0
1379000, 359986, 0, 0
1380000, 476837, 0, 0
1381000, 468606, 0, 0
1382000, 384363, 0, 0
1383000, 366623, 0, 0
1384000, 394445, 0, 0
1385000, 394187, 0, 0
1386000, 394444, 0, 0
1387000, 391334, 0, 0
1388000, 393821, 0, 0
1389000, 387036, 0, 0
1390000, 416117, 0, 0
1391000, 401461, 0, 0
1392000, 375704, 0, 0
1393000, 383477, 0, 0
1394000, 374982, 0, 0
1395000, 377308, 0, 0
1396000, 398016, 0, 0
1397000, 373319, 0, 0
1398000, 392997, 0, 0
1399000, 375260, 0, 0
1400000, 392959, 0, 0
1401000, 403989, 0, 0
1402000, 370545, 0, 0
1403000, 638363, 0, 0
1404000, 388829, 0, 0
1405000, 358099, 0, 0
1406000, 385861, 0, 0
1407000, 387729, 0, 0
1408000, 400841, 0, 0
1409000, 392089, 0, 0
1410000, 383520, 0, 0
1411000, 402657, 0, 0
1412000, 393745, 0, 0
1413000, 472109, 0, 0
1414000, 371892, 0, 0
1415000, 400968, 0, 0
1416000, 364627, 0, 0
1417000, 382028, 0, 0
1418000, 394506, 0, 0
1419000, 329553, 0, 0
1420000, 331790, 0, 0
1421000, 324883, 0, 0
1422000, 327526, 0, 0
1423000, 330453, 0, 0
1424000, 258883, 0, 0
1425000, 372661, 0, 0
1426000, 273619, 0, 0
1427000, 276355, 0, 0
1428000, 258489, 0, 0
1429000, 271115, 0, 0
1430000, 257573, 0, 0
1431000, 260725, 0, 0
1432000, 271029, 0, 0
1433000, 254041, 0, 0
1434000, 257238, 0, 0
1435000, 342108, 0, 0
1436000, 307730, 0, 0
1437000, 262802, 0, 0
1438000, 254452, 0, 0
1439000, 252924, 0, 0
1440000, 256708, 0, 0
1441000, 256515, 0, 0
1442000, 263907, 0, 0
1443000, 256352, 0, 0
1444000, 258220, 0, 0
1445000, 254457, 0, 0
1446000, 254638, 0, 0
1447000, 256173, 0, 0
1448000, 252723, 0, 0
1449000, 257340, 0, 0
1450000, 260548, 0, 0
1451000, 252675, 0, 0
1452000, 261547, 0, 0
1453000, 258186, 0, 0
1454000, 263531, 0, 0
1455000, 249532, 0, 0
1456000, 250373, 0, 0
1457000, 250542, 0, 0
1458000, 251197, 0, 0
1459000, 254766, 0, 0
1460000, 270493, 0, 0
1461000, 258761, 0, 0
1462000, 259146, 0, 0
1463000, 254830, 0, 0
1464000, 257356, 0, 0
1465000, 257216, 0, 0
1466000, 297135, 0, 0
1467000, 299890, 0, 0
1468000, 265334, 0, 0
1469028, 252411, 0, 0
1470000, 288271, 0, 0
1471000, 265615, 0, 0
1472000, 267797, 0, 0
1473000, 247699, 0, 0
1474000, 265328, 0, 0
1475000, 254041, 0, 0
1476000, 260239, 0, 0
1477000, 279442, 0, 0
1478000, 262168, 0, 0
1479000, 255946, 0, 0
1480000, 252871, 0, 0
1481000, 281227, 0, 0
1482000, 260173, 0, 0
1483000, 251412, 0, 0
1484000, 257606, 0, 0
1485000, 259767, 0, 0
1486000, 252408, 0, 0
1487000, 259930, 0, 0
1488000, 247050, 0, 0
1489000, 263048, 0, 0
1490000, 256400, 0, 0
1491000, 253359, 0, 0
1492000, 260334, 0, 0
1493000, 251104, 0, 0
1494000, 261603, 0, 0
1495000, 249359, 0, 0
1496002, 256532, 0, 0
1497000, 256573, 0, 0
1498000, 249102, 0, 0
1499001, 318595, 0, 0
1500000, 280750, 0, 0
1501000, 250018, 0, 0
1502000, 255244, 0, 0
1503000, 272696, 0, 0
1504000, 268843, 0, 0
1505000, 252482, 0, 0
1506000, 249749, 0, 0
1507000, 264125, 0, 0
1508000, 246365, 0, 0
1509000, 264727, 0, 0
1510000, 245799, 0, 0
1511000, 266977, 0, 0
1512000, 276644, 0, 0
1513000, 269580, 0, 0
1514002, 339921, 0, 0
1515000, 263539, 0, 0
1516001, 259193, 0, 0
1517000, 262198, 0, 0
1518000, 252570, 0, 0
1519000, 268617, 0, 0
1520000, 327865, 0, 0
1521000, 344491, 0, 0
1522000, 266761, 0, 0
1523000, 447548, 0, 0
1524000, 260117, 0, 0
1525000, 252160, 0, 0
1526000, 255457, 0, 0
1527000, 250214, 0, 0
1528000, 263922, 0, 0
1529000, 252141, 0, 0
1530000, 261305, 0, 0
1531000, 262977, 0, 0
1532000, 257317, 0, 0
1533000, 251327, 0, 0
1534000, 254199, 0, 0
1535000, 246901, 0, 0
1536000, 248708, 0, 0
1537000, 270079, 0, 0
1538000, 251983, 0, 0
1539000, 263601, 0, 0
1540000, 273676, 0, 0
1541000, 276924, 0, 0
1542000, 250246, 0, 0
1543000, 267352, 0, 0
1544000, 236909, 0, 0
1545000, 245725, 0, 0
1546000, 259468, 0, 0
1547000, 227792, 0, 0
1548000, 230455, 0, 0
1549000, 240435, 0, 0
1550000, 250300, 0, 0
1551000, 236660, 0, 0
1552000, 222474, 0, 0
1553000, 236436, 0, 0
1554000, 226439, 0, 0
1555000, 255312, 0, 0
1556000, 237368, 0, 0
1557000, 300922, 0, 0
1558000, 387857, 0, 0
1559000, 452532, 0, 0
1560000, 388920, 0, 0
1561000, 408317, 0, 0
1562000, 379721, 0, 0
1563000, 389091, 0, 0
1564000, 380711, 0, 0
1565000, 397863, 0, 0
1566000, 384472, 0, 0
1567000, 418024, 0, 0
1568000, 381822, 0, 0
1569000, 383700, 0, 0
1570000, 392301, 0, 0
1571000, 384251, 0, 0
1572000, 393811, 0, 0
1573000, 413150, 0, 0
1574000, 404555, 0, 0
1575000, 383700, 0, 0
1576000, 394682, 0, 0
1577000, 411688, 0, 0
1578000, 378931, 0, 0
1579000, 370576, 0, 0
1580000, 397628, 0, 0
1581000, 381163, 0, 0
1582000, 410066, 0, 0
1583000, 394496, 0, 0
1584000, 392480, 0, 0
1585001, 906260, 0, 0
1586000, 1093270, 0, 0
1587000, 1172573, 0, 0
1588000, 1244524, 0, 0
1589000, 1191935, 0, 0
1590001, 1155873, 0, 0
1591000, 1233764, 0, 0
1592000, 1224715, 0, 0
1593000, 1118686, 0, 0
1594000, 1170832, 0, 0
1595000, 1099654, 0, 0
1596001, 1190561, 0, 0
1597000, 1114275, 0, 0
1598000, 1178353, 0, 0
1599000, 1081837, 0, 0
1600001, 1177951, 0, 0
1601000, 1176741, 0, 0
1602000, 1105847, 0, 0
1603001, 1152642, 0, 0
1604001, 1379234, 0, 0
1605001, 1500779, 0, 0
1606000, 1081917, 0, 0
1607000, 1108105, 0, 0
1608001, 1237742, 0, 0
1609001, 1153414, 0, 0
1610001, 1145849, 0, 0
1611001, 1226076, 0, 0
1612001, 1068987, 0, 0
1613000, 1182240, 0, 0
1614000, 998801, 0, 0
1615002, 1120027, 0, 0
1616001, 1125037, 0, 0
1617001, 1191791, 0, 0
1618000, 1154305, 0, 0
1619000, 1194747, 0, 0
1620000, 1148813, 0, 0
1621001, 1144255, 0, 0
1622001, 1377953, 0, 0
1623001, 1190141, 0, 0
1624000, 1177933, 0, 0
1625001, 1083142, 0, 0
1626001, 1177076, 0, 0
1627000, 1135598, 0, 0
1628000, 1109147, 0, 0
1629000, 1139054, 0, 0
1630001, 1121472, 0, 0
1631001, 1030670, 0, 0
1632000, 1136587, 0, 0
1633000, 1157584, 0, 0
1634000, 1053565, 0, 0
1635000, 1076748, 0, 0
1636001, 1136342, 0, 0
1637000, 1199090, 0, 0
1638001, 1246425, 0, 0
1639000, 1172403, 0, 0
1640000, 1212649, 0, 0
1641000, 1166072, 0, 0
1642000, 1079589, 0, 0
1643000, 984743, 0, 0
1644001, 1118721, 0, 0
1645000, 1164763, 0, 0
1646000, 1131230, 0, 0
1647001, 1192005, 0, 0
1648001, 1129991, 0, 0
1649000, 1472725, 0, 0
1650000, 1119163, 0, 0
1651001, 1106555, 0, 0
1652000, 1108171, 0, 0
1653000, 1094870, 0, 0
1654001, 1168607, 0, 0
1655000, 1305561, 0, 0
1656000, 1219075, 0, 0
1657000, 1217754, 0, 0
1658000, 1124891, 0, 0
1659000, 1088168, 0, 0
1660000, 1227772, 0, 0
1661000, 1140505, 0, 0
1662001, 1068113, 0, 0
1663001, 1141229, 0, 0
1664000, 1228938, 0, 0
1665001, 1160366, 0, 0
1666000, 1150504, 0, 0
1667000, 1178493, 0, 0
1668001, 1206868, 0, 0
1669001, 1077730, 0, 0
1670001, 1175077, 0, 0
1671000, 1035090, 0, 0
1672000, 1086865, 0, 0
1673000, 994221, 0, 0
1674001, 1094599, 0, 0
1675000, 1143862, 0, 0
1676001, 1208242, 0, 0
1677000, 1126553, 0, 0
1678000, 437561, 0, 0
1679000, 411605, 0, 0
1680002, 415947, 0, 0
1681000, 412914, 0, 0
1682000, 426578, 0, 0
1683000, 395933, 0, 0
1684000, 410089, 0, 0
1685000, 418502, 0, 0
1686000, 420750, 0, 0
1687000, 427076, 0, 0
1688000, 423573, 0, 0
1689000, 428675, 0, 0
1690000, 412246, 0, 0
1691000, 385452, 0, 0
1692000, 431709, 0, 0
1693081, 466165, 0, 0
1694000, 481572, 0, 0
1695000, 400270, 0, 0
1696000, 413082, 0, 0
1697000, 408898, 0, 0
1698000, 412451, 0, 0
1699000, 411564, 0, 0
1700000, 392102, 0, 0
1701000, 396014, 0, 0
1702000, 419652, 0, 0
1703000, 419652, 0, 0
1704000, 397997, 0, 0
1705000, 426936, 0, 0
1706000, 407903, 0, 0
1707000, 410370, 0, 0
1708000, 433636, 0, 0
1709000, 405767, 0, 0
1710000, 420413, 0, 0
1711000, 430023, 0, 0
1712000, 407334, 0, 0
1713000, 397137, 0, 0
1714000, 429300, 0, 0
1715000, 433466, 0, 0
1716000, 434065, 0, 0
1717000, 417583, 0, 0
1718000, 436121, 0, 0
1719000, 430327, 0, 0
1720000, 397384, 0, 0
1721000, 394621, 0, 0
1722000, 401894, 0, 0
1723000, 401851, 0, 0
1724000, 379390, 0, 0
1725000, 412957, 0, 0
1726000, 431002, 0, 0
1727000, 414759, 0, 0
1728000, 409261, 0, 0
1729000, 407993, 0, 0
1730000, 395390, 0, 0
1731000, 410340, 0, 0
1732000, 401606, 0, 0
1733000, 405619, 0, 0
1734000, 380664, 0, 0
1735000, 413793, 0, 0
1736000, 404711, 0, 0
1737000, 407670, 0, 0
1738000, 496344, 0, 0
1739000, 393134, 0, 0
1740000, 416349, 0, 0
1741000, 402616, 0, 0
1742000, 418849, 0, 0
1743000, 406777, 0, 0
1744000, 397517, 0, 0
1745000, 388223, 0, 0
1746000, 425197, 0, 0
1747000, 410374, 0, 0
1748000, 389127, 0, 0
1749000, 425855, 0, 0
1750000, 406519, 0, 0
1751000, 378577, 0, 0
1752000, 396623, 0, 0
1753000, 380570, 0, 0
1754000, 417887, 0, 0
1755000, 421546, 0, 0
1756000, 383024, 0, 0
1757000, 389636, 0, 0
1758000, 421679, 0, 0
1759000, 415713, 0, 0
1760000, 413836, 0, 0
1761000, 389610, 0, 0
1762001, 407227, 0, 0
1763000, 407150, 0, 0
1764000, 420066, 0, 0
1765000, 412128, 0, 0
1766000, 422841, 0, 0
1767000, 423839, 0, 0
1768000, 410166, 0, 0
1769000, 418840, 0, 0
1770000, 427349, 0, 0
1771000, 376915, 0, 0
1772000, 384137, 0, 0
1773000, 402742, 0, 0
1774000, 387434, 0, 0
1775000, 502043, 0, 0
1776000, 411785, 0, 0
1777000, 404896, 0, 0
1778000, 413734, 0, 0
1779000, 391118, 0, 0
1780000, 416492, 0, 0
1781000, 373159, 0, 0
1782000, 396377, 0, 0
1783000, 515286, 0, 0
1784000, 423090, 0, 0
1785000, 402193, 0, 0
1786000, 411983, 0, 0
1787000, 394911, 0, 0
1788000, 446799, 0, 0
1789000, 403596, 0, 0
1790000, 410999, 0, 0
1791000, 412668, 0, 0
1792000, 400225, 0, 0
1793000, 394713, 0, 0
1794000, 396073, 0, 0
1795000, 412549, 0, 0
1796000, 413921, 0, 0
1797000, 386977, 0, 0
1798000, 402478, 0, 0
1799000, 409361, 0, 0
1800000, 418421, 0, 0
