1000, 8693218, 0, 0
2080, 8990403, 0, 0
3050, 8079871, 0, 0
4014, 8528960, 0, 0
5031, 7999327, 0, 0
6040, 7815854, 0, 0
7048, 8535679, 0, 0
8049, 8264931, 0, 0
9043, 8274546, 0, 0
10004, 8008510, 0, 0
11007, 8283552, 0, 0
12057, 8130821, 0, 0
13060, 7773389, 0, 0
14012, 7857560, 0, 0
15005, 7759234, 0, 0
16010, 8226095, 0, 0
17027, 7942098, 0, 0
18048, 7849143, 0, 0
19014, 9195568, 0, 0
20016, 8280261, 0, 0
21017, 7576336, 0, 0
22018, 8338605, 0, 0
23047, 7292593, 0, 0
24007, 7930047, 0, 0
25041, 7884742, 0, 0
26020, 8020820, 0, 0
27009, 8748951, 0, 0
28057, 7933795, 0, 0
29004, 7826709, 0, 0
30051, 8171262, 0, 0
31054, 8148735, 0, 0
32028, 8046462, 0, 0
33028, 8127985, 0, 0
34030, 7822544, 0, 0
35026, 8226985, 0, 0
36010, 8060888, 0, 0
37037, 7835131, 0, 0
38025, 8093949, 0, 0
39014, 8230528, 0, 0
40060, 8166844, 0, 0
41022, 7883688, 0, 0
42060, 6961446, 0, 0
43008, 7762453, 0, 0
44005, 8105181, 0, 0
45017, 7719512, 0, 0
46011, 8205794, 0, 0
47023, 7720827, 0, 0
48036, 7732668, 0, 0
49047, 8277868, 0, 0
50038, 7736008, 0, 0
51003, 8040944, 0, 0
52020, 7758944, 0, 0
53034, 7558683, 0, 0
54050, 7526556, 0, 0
55021, 8015229, 0, 0
56025, 7545430, 0, 0
57037, 7659814, 0, 0
58019, 7913440, 0, 0
59039, 7445157, 0, 0
60011, 8027775, 0, 0
61051, 7697770, 0, 0
62035, 7684319, 0, 0
63038, 8209140, 0, 0
64064, 7544239, 0, 0
65042, 8011038, 0, 0
66002, 8335724, 0, 0
67044, 7891951, 0, 0
68048, 8089791, 0, 0
69034, 8077498, 0, 0
70019, 7810878, 0, 0
71040, 7674757, 0, 0
72066, 7651556, 0, 0
73003, 8075386, 0, 0
74013, 7885231, 0, 0
75049, 7721465, 0, 0
76031, 7788765, 0, 0
77002, 8520131, 0, 0
78058, 7873247, 0, 0
79027, 7747676, 0, 0
80008, 7970672, 0, 0
81018, 7821165, 0, 0
82009, 8053159, 0, 0
83025, 7867556, 0, 0
84026, 7821278, 0, 0
85029, 7886576, 0, 0
86026, 7911540, 0, 0
87046, 8284496, 0, 0
88001, 7633874, 0, 0
89065, 8180621, 0, 0
90044, 7767773, 0, 0
91023, 8149237, 0, 0
92025, 8145269, 0, 0
93016, 7989550, 0, 0
94028, 8216758, 0, 0
95038, 8079005, 0, 0
96057, 7487778, 0, 0
97040, 7853423, 0, 0
98009, 7812834, 0, 0
99000, 7922227, 0, 0
100000, 7927312, 0, 0
101034, 7600069, 0, 0
102010, 7802802, 0, 0
103033, 8180137, 0, 0
104026, 7633538, 0, 0
105020, 7758088, 0, 0
106031, 7484611, 0, 0
107020, 7976172, 0, 0
108015, 7830991, 0, 0
109055, 7699519, 0, 0
110029, 7540412, 0, 0
111051, 7620487, 0, 0
112054, 8023959, 0, 0
113011, 7360208, 0, 0
114033, 8037962, 0, 0
115017, 7508456, 0, 0
116037, 8354599, 0, 0
117044, 7799978, 0, 0
118039, 7827901, 0, 0
119015, 7560293, 0, 0
120047, 7640211, 0, 0
121013, 8117249, 0, 0
122060, 7749589, 0, 0
123041, 7968192, 0, 0
124028, 8022395, 0, 0
125021, 7877409, 0, 0
126008, 7705987, 0, 0
127040, 8183918, 0, 0
128021, 7721234, 0, 0
129011, 7851431, 0, 0
130030, 8144685, 0, 0
131012, 7664242, 0, 0
132028, 7259381, 0, 0
133053, 7696059, 0, 0
134036, 7680881, 0, 0
135031, 7887143, 0, 0
136006, 7737140, 0, 0
137033, 7657731, 0, 0
138000, 7432164, 0, 0
139077, 7911832, 0, 0
140002, 8181321, 0, 0
141008, 8043129, 0, 0
142014, 7915229, 0, 0
143005, 7623817, 0, 0
144027, 7346812, 0, 0
145027, 7572788, 0, 0
146011, 7742817, 0, 0
147051, 7421184, 0, 0
148053, 7827125, 0, 0
149020, 7427840, 0, 0
150009, 7551040, 0, 0
151010, 7937507, 0, 0
152043, 7430362, 0, 0
153006, 7181465, 0, 0
154025, 8208324, 0, 0
155055, 7251479, 0, 0
156063, 8054267, 0, 0
157011, 8033761, 0, 0
158004, 8407311, 0, 0
159068, 7767461, 0, 0
160038, 8077034, 0, 0
161049, 7268851, 0, 0
162039, 8039038, 0, 0
163046, 7746706, 0, 0
164037, 7384815, 0, 0
165043, 6843334, 0, 0
166010, 7490525, 0, 0
167016, 7851225, 0, 0
168065, 7383002, 0, 0
169015, 7654626, 0, 0
170053, 7258928, 0, 0
171045, 7564208, 0, 0
172022, 7745228, 0, 0
173064, 7659258, 0, 0
174007, 7365767, 0, 0
175046, 7519456, 0, 0
176029, 7621233, 0, 0
177000, 8085529, 0, 0
178051, 7611852, 0, 0
179016, 7356770, 0, 0
180054, 7685555, 0, 0
181058, 8030586, 0, 0
182012, 7686989, 0, 0
183047, 7959114, 0, 0
184007, 7860541, 0, 0
185026, 6745458, 0, 0
186003, 7397189, 0, 0
187043, 7869130, 0, 0
188013, 7402137, 0, 0
189030, 7760937, 0, 0
190010, 7647944, 0, 0
191045, 7663737, 0, 0
192045, 7992384, 0, 0
193045, 7295670, 0, 0
194010, 7363866, 0, 0
195029, 7484163, 0, 0
196017, 7717972, 0, 0
197038, 7611763, 0, 0
198004, 7147875, 0, 0
199033, 7622353, 0, 0
200073, 7639370, 0, 0
201050, 7453700, 0, 0
202035, 7398378, 0, 0
203006, 7353795, 0, 0
204018, 7026244, 0, 0
205017, 7615676, 0, 0
206026, 7309427, 0, 0
207044, 7647018, 0, 0
208005, 7562160, 0, 0
209038, 7481416, 0, 0
210041, 6957158, 0, 0
211060, 7657196, 0, 0
212038, 7294378, 0, 0
213064, 7829184, 0, 0
214024, 7267774, 0, 0
215039, 7350308, 0, 0
216050, 7264664, 0, 0
217004, 7228444, 0, 0
218006, 7641443, 0, 0
219015, 7528663, 0, 0
220040, 7109085, 0, 0
221030, 6970120, 0, 0
222009, 7353111, 0, 0
223005, 7540829, 0, 0
224044, 7258730, 0, 0
225008, 7303028, 0, 0
226032, 7256744, 0, 0
227004, 7245084, 0, 0
228050, 7164244, 0, 0
229015, 7772634, 0, 0
230007, 6887344, 0, 0
231055, 6888262, 0, 0
232038, 7336141, 0, 0
233024, 7579203, 0, 0
234012, 7477939, 0, 0
235050, 6959177, 0, 0
236005, 7175791, 0, 0
237035, 7409179, 0, 0
238001, 6797133, 0, 0
239032, 7523091, 0, 0
240017, 7513081, 0, 0
241044, 6842678, 0, 0
242005, 7109329, 0, 0
243022, 7266246, 0, 0
244051, 7339846, 0, 0
245015, 7030688, 0, 0
246001, 7194186, 0, 0
247019, 7162554, 0, 0
248040, 7345879, 0, 0
249037, 7543027, 0, 0
250025, 7656748, 0, 0
251057, 6832322, 0, 0
252052, 7420092, 0, 0
253052, 6838529, 0, 0
254039, 6999862, 0, 0
255065, 7536845, 0, 0
256050, 7133938, 0, 0
257006, 7029198, 0, 0
258042, 7445113, 0, 0
259052, 6771354, 0, 0
260050, 7074815, 0, 0
261053, 7316916, 0, 0
262052, 8319649, 0, 0
263036, 6829041, 0, 0
264036, 6796247, 0, 0
265010, 8048724, 0, 0
266048, 7052072, 0, 0
267003, 7231603, 0, 0
268029, 6656913, 0, 0
269005, 7280620, 0, 0
270077, 7388509, 0, 0
271016, 6385250, 0, 0
272041, 7010549, 0, 0
273049, 7575496, 0, 0
274012, 7180639, 0, 0
275061, 7281574, 0, 0
276040, 6987834, 0, 0
277058, 7535634, 0, 0
278039, 7158392, 0, 0
279038, 7026909, 0, 0
280043, 7501166, 0, 0
281054, 7536676, 0, 0
282039, 7135187, 0, 0
283041, 7001835, 0, 0
284036, 6717526, 0, 0
285026, 6968431, 0, 0
286007, 7052048, 0, 0
287014, 7242888, 0, 0
288039, 7108546, 0, 0
289048, 7414287, 0, 0
290051, 7013822, 0, 0
291006, 6816588, 0, 0
292046, 7116428, 0, 0
293044, 7069309, 0, 0
294020, 7121505, 0, 0
295023, 7591430, 0, 0
296005, 7064126, 0, 0
297040, 6985571, 0, 0
298040, 7514408, 0, 0
299044, 6779716, 0, 0
300053, 6589058, 0, 0
301027, 6952398, 0, 0
302009, 6865874, 0, 0
303049, 7117779, 0, 0
304015, 6995479, 0, 0
305023, 7144940, 0, 0
306048, 7311812, 0, 0
307026, 6430676, 0, 0
308053, 6751970, 0, 0
309041, 7371995, 0, 0
310055, 7396240, 0, 0
311031, 7010241, 0, 0
312013, 6587152, 0, 0
313009, 6820983, 0, 0
314004, 7529586, 0, 0
315015, 7600980, 0, 0
316057, 7130395, 0, 0
317006, 6722424, 0, 0
318033, 6539094, 0, 0
319044, 6476397, 0, 0
320023, 7304011, 0, 0
321049, 6928087, 0, 0
322049, 7033956, 0, 0
323029, 7254573, 0, 0
324058, 7089856, 0, 0
325043, 7348726, 0, 0
326010, 6900508, 0, 0
327070, 6703667, 0, 0
328026, 7234170, 0, 0
329031, 7499316, 0, 0
330022, 6784175, 0, 0
331053, 6864674, 0, 0
332045, 7185746, 0, 0
333056, 7270743, 0, 0
334013, 7584157, 0, 0
335023, 7884797, 0, 0
336050, 7030522, 0, 0
337043, 6746867, 0, 0
338029, 7043912, 0, 0
339024, 6996974, 0, 0
340005, 7102687, 0, 0
341034, 6589823, 0, 0
342057, 7358355, 0, 0
343029, 6515353, 0, 0
344009, 7310961, 0, 0
345039, 6948522, 0, 0
346055, 6555793, 0, 0
347003, 7574681, 0, 0
348059, 7384625, 0, 0
349040, 6953017, 0, 0
350012, 6888887, 0, 0
351031, 6613184, 0, 0
352034, 6105099, 0, 0
353012, 6934265, 0, 0
354000, 6998191, 0, 0
355027, 6581533, 0, 0
356048, 7080664, 0, 0
357012, 6509478, 0, 0
358056, 6910634, 0, 0
359037, 6951352, 0, 0
360055, 6735691, 0, 0
361047, 6702550, 0, 0
362004, 6369727, 0, 0
363046, 6852319, 0, 0
364046, 6845031, 0, 0
365031, 6826171, 0, 0
366037, 7084536, 0, 0
367065, 7181236, 0, 0
368000, 6871280, 0, 0
369039, 6370993, 0, 0
370027, 7200979, 0, 0
371005, 6561117, 0, 0
372027, 6631987, 0, 0
373012, 6227726, 0, 0
374027, 7196356, 0, 0
375033, 7851170, 0, 0
376051, 6358921, 0, 0
377029, 6558043, 0, 0
378065, 6901209, 0, 0
379000, 6025156, 0, 0
380052, 6652586, 0, 0
381025, 6852039, 0, 0
382017, 6738779, 0, 0
383008, 6696946, 0, 0
384003, 6758998, 0, 0
385009, 6748472, 0, 0
386038, 6808502, 0, 0
387024, 6520565, 0, 0
388047, 6683809, 0, 0
389015, 6910272, 0, 0
390016, 6060979, 0, 0
391040, 6642979, 0, 0
392021, 6450996, 0, 0
393037, 6550296, 0, 0
394033, 6863233, 0, 0
395012, 7043365, 0, 0
396046, 6536626, 0, 0
397027, 7102669, 0, 0
398038, 6354196, 0, 0
399034, 6722996, 0, 0
400059, 6444483, 0, 0
401032, 6479742, 0, 0
402028, 6501072, 0, 0
403015, 6993904, 0, 0
404007, 6478214, 0, 0
405040, 6147362, 0, 0
406059, 6129550, 0, 0
407044, 6933584, 0, 0
408000, 6242153, 0, 0
409011, 6352167, 0, 0
410058, 6498535, 0, 0
411056, 6431912, 0, 0
412052, 5924200, 0, 0
413018, 6893810, 0, 0
414021, 6553939, 0, 0
415037, 6902590, 0, 0
416024, 6283795, 0, 0
417032, 5995948, 0, 0
418035, 6384686, 0, 0
419017, 6716985, 0, 0
420015, 6653817, 0, 0
421054, 6214937, 0, 0
422050, 6301307, 0, 0
423003, 6142540, 0, 0
424039, 6680019, 0, 0
425057, 6053552, 0, 0
426035, 5994210, 0, 0
427040, 6875886, 0, 0
428060, 6578753, 0, 0
429047, 6282508, 0, 0
430009, 6363974, 0, 0
431044, 6266875, 0, 0
432011, 6359139, 0, 0
433005, 6452390, 0, 0
434045, 6411735, 0, 0
435034, 6547477, 0, 0
436041, 6248620, 0, 0
437027, 6612552, 0, 0
438032, 6561681, 0, 0
439052, 6530674, 0, 0
440019, 6118782, 0, 0
441001, 6861629, 0, 0
442042, 6339395, 0, 0
443019, 5883434, 0, 0
444033, 6939775, 0, 0
445013, 6706733, 0, 0
446027, 6254230, 0, 0
447045, 6320650, 0, 0
448055, 6385511, 0, 0
449005, 6779924, 0, 0
450038, 6882402, 0, 0
451062, 6163710, 0, 0
452002, 6140808, 0, 0
453010, 6897741, 0, 0
454000, 6598932, 0, 0
455040, 6255697, 0, 0
456010, 6639954, 0, 0
457046, 6353109, 0, 0
458018, 6514605, 0, 0
459014, 6816193, 0, 0
460049, 6469367, 0, 0
461020, 5984276, 0, 0
462051, 5422511, 0, 0
463038, 6620194, 0, 0
464011, 6152573, 0, 0
465021, 6911776, 0, 0
466053, 6407319, 0, 0
467017, 6377874, 0, 0
468050, 6575042, 0, 0
469027, 6342908, 0, 0
470069, 6234977, 0, 0
471034, 7084522, 0, 0
472002, 6496577, 0, 0
473023, 6535580, 0, 0
474031, 5858280, 0, 0
475047, 6041892, 0, 0
476054, 6575644, 0, 0
477048, 5947616, 0, 0
478025, 6636320, 0, 0
479004, 6310748, 0, 0
480044, 6147207, 0, 0
481015, 5915144, 0, 0
482053, 6694175, 0, 0
483020, 6237186, 0, 0
484056, 6310864, 0, 0
485012, 6725890, 0, 0
486011, 6051233, 0, 0
487005, 6411351, 0, 0
488052, 7019209, 0, 0
489031, 6352795, 0, 0
490007, 6332990, 0, 0
491033, 5924634, 0, 0
492013, 6273034, 0, 0
493042, 6159481, 0, 0
494043, 6331638, 0, 0
495035, 6836368, 0, 0
496048, 6287267, 0, 0
497025, 6023049, 0, 0
498010, 6345918, 0, 0
499004, 6130882, 0, 0
500037, 6220220, 0, 0
501013, 6414569, 0, 0
502012, 6837949, 0, 0
503011, 6566508, 0, 0
504006, 6178365, 0, 0
505019, 5750388, 0, 0
506016, 6222322, 0, 0
507042, 6533581, 0, 0
508046, 6152656, 0, 0
509065, 6245462, 0, 0
510006, 5879204, 0, 0
511046, 6185031, 0, 0
512006, 6268238, 0, 0
513001, 6251051, 0, 0
514064, 6320227, 0, 0
515007, 6199938, 0, 0
516033, 5604564, 0, 0
517012, 6147644, 0, 0
518045, 6412983, 0, 0
519007, 6164582, 0, 0
520064, 6244167, 0, 0
521068, 6645103, 0, 0
522037, 6049714, 0, 0
523002, 6182167, 0, 0
524025, 5906207, 0, 0
525012, 6088484, 0, 0
526023, 6084789, 0, 0
527037, 6033304, 0, 0
528016, 5688259, 0, 0
529055, 5605653, 0, 0
530010, 6004061, 0, 0
531059, 6851337, 0, 0
532029, 5803762, 0, 0
533056, 5762432, 0, 0
534034, 5613618, 0, 0
535026, 6085665, 0, 0
536014, 6168152, 0, 0
537038, 6015636, 0, 0
538063, 5751308, 0, 0
539060, 5860108, 0, 0
540026, 5424913, 0, 0
541040, 5925538, 0, 0
542027, 6400970, 0, 0
543023, 6223908, 0, 0
544014, 6391508, 0, 0
545046, 5888857, 0, 0
546051, 6438115, 0, 0
547058, 6209090, 0, 0
548040, 5484368, 0, 0
549014, 5691831, 0, 0
550048, 5380800, 0, 0
551041, 5606085, 0, 0
552024, 5773265, 0, 0
553012, 6371524, 0, 0
554038, 5889777, 0, 0
555015, 6383470, 0, 0
556019, 5661633, 0, 0
557054, 6196615, 0, 0
558061, 6133950, 0, 0
559037, 5945707, 0, 0
560017, 5896647, 0, 0
561060, 5723579, 0, 0
562056, 6464733, 0, 0
563047, 5859771, 0, 0
564018, 5842564, 0, 0
565049, 5993551, 0, 0
566016, 6314128, 0, 0
567021, 5907825, 0, 0
568056, 5469723, 0, 0
569064, 5725739, 0, 0
570036, 6028421, 0, 0
571041, 6126129, 0, 0
572014, 6353730, 0, 0
573008, 6015733, 0, 0
574032, 6200390, 0, 0
575015, 6340984, 0, 0
576052, 5919769, 0, 0
577097, 6520486, 0, 0
578004, 5810061, 0, 0
579045, 5564259, 0, 0
580032, 6238436, 0, 0
581034, 6106482, 0, 0
582025, 5825335, 0, 0
583022, 5105328, 0, 0
584042, 5569481, 0, 0
585054, 6091299, 0, 0
586075, 5667498, 0, 0
587046, 6558036, 0, 0
588040, 6129630, 0, 0
589009, 5764789, 0, 0
590004, 6950541, 0, 0
591054, 5551829, 0, 0
592055, 5679614, 0, 0
593032, 5847654, 0, 0
594056, 5811368, 0, 0
595005, 5781160, 0, 0
596016, 5553504, 0, 0
597009, 5636135, 0, 0
598026, 5205584, 0, 0
599050, 5414086, 0, 0
600068, 5356324, 0, 0
601048, 5349789, 0, 0
602014, 5921475, 0, 0
603053, 5293263, 0, 0
604000, 6104395, 0, 0
605069, 5561031, 0, 0
606014, 5369050, 0, 0
607066, 5202454, 0, 0
608016, 6003362, 0, 0
609000, 5920886, 0, 0
610040, 5589140, 0, 0
611025, 5437974, 0, 0
612023, 5601469, 0, 0
613064, 5197030, 0, 0
614048, 5889989, 0, 0
615044, 6141299, 0, 0
616026, 5608853, 0, 0
617048, 5316127, 0, 0
618042, 5740512, 0, 0
619003, 5452254, 0, 0
620040, 5206304, 0, 0
621034, 5676610, 0, 0
622018, 5488085, 0, 0
623001, 5143963, 0, 0
624004, 5793963, 0, 0
625065, 5549734, 0, 0
626057, 5386229, 0, 0
627055, 5506281, 0, 0
628051, 5292303, 0, 0
629026, 5834395, 0, 0
630055, 5440035, 0, 0
631014, 6138957, 0, 0
632007, 5839791, 0, 0
633012, 5606684, 0, 0
634054, 5230616, 0, 0
635050, 5717979, 0, 0
636007, 5590221, 0, 0
637008, 5351866, 0, 0
638063, 5404560, 0, 0
639039, 6209962, 0, 0
640015, 5700132, 0, 0
641008, 5394912, 0, 0
642003, 5338951, 0, 0
643016, 5190178, 0, 0
644058, 5206421, 0, 0
645018, 5328691, 0, 0
646014, 5102065, 0, 0
647004, 5745828, 0, 0
648066, 5148563, 0, 0
649050, 5683622, 0, 0
650044, 4914337, 0, 0
651060, 5428803, 0, 0
652054, 5227486, 0, 0
653038, 6024847, 0, 0
654021, 5810959, 0, 0
655009, 5394003, 0, 0
656031, 5703926, 0, 0
657034, 6070784, 0, 0
658014, 5696623, 0, 0
659003, 4637142, 0, 0
660040, 5258471, 0, 0
661045, 5253805, 0, 0
662074, 5529851, 0, 0
663052, 5615962, 0, 0
664044, 5186769, 0, 0
665028, 5552964, 0, 0
666019, 6432044, 0, 0
667059, 5220046, 0, 0
668024, 4967071, 0, 0
669007, 5394019, 0, 0
670001, 5549070, 0, 0
671007, 5431806, 0, 0
672022, 5174118, 0, 0
673046, 4940543, 0, 0
674047, 5811755, 0, 0
675052, 5343321, 0, 0
676047, 5097892, 0, 0
677006, 4762774, 0, 0
678002, 5438930, 0, 0
679053, 4908455, 0, 0
680049, 5292295, 0, 0
681020, 5079738, 0, 0
682047, 4724397, 0, 0
683026, 5589112, 0, 0
684026, 4993933, 0, 0
685019, 4770068, 0, 0
686025, 5743476, 0, 0
687011, 5696204, 0, 0
688031, 5564697, 0, 0
689001, 4681500, 0, 0
690022, 5096836, 0, 0
691029, 5471123, 0, 0
692015, 5291869, 0, 0
693008, 5486130, 0, 0
694039, 5421160, 0, 0
695054, 5224721, 0, 0
696030, 5670626, 0, 0
697025, 5552731, 0, 0
698015, 5317131, 0, 0
699003, 5059847, 0, 0
700002, 5453861, 0, 0
701033, 5073652, 0, 0
702004, 5843074, 0, 0
703052, 5234350, 0, 0
704001, 5294773, 0, 0
705042, 5150324, 0, 0
706029, 5272236, 0, 0
707014, 5406082, 0, 0
708051, 5175261, 0, 0
709029, 5492822, 0, 0
710026, 5561636, 0, 0
711018, 5970171, 0, 0
712021, 5823045, 0, 0
713066, 5865771, 0, 0
714004, 5516183, 0, 0
715034, 4944134, 0, 0
716052, 6087251, 0, 0
717019, 5617778, 0, 0
718012, 4702560, 0, 0
719035, 4706981, 0, 0
720009, 4677214, 0, 0
721039, 5199729, 0, 0
722033, 5705428, 0, 0
723067, 4451336, 0, 0
724034, 5491872, 0, 0
725015, 4999757, 0, 0
726020, 5310778, 0, 0
727053, 5293027, 0, 0
728051, 5759651, 0, 0
729050, 5226996, 0, 0
730040, 5651795, 0, 0
731027, 5482605, 0, 0
732037, 6006873, 0, 0
733056, 5414286, 0, 0
734006, 5387880, 0, 0
735004, 5478201, 0, 0
736036, 5155402, 0, 0
737041, 5227964, 0, 0
738044, 5477370, 0, 0
739015, 5053444, 0, 0
740018, 5506120, 0, 0
741041, 5467788, 0, 0
742052, 5368766, 0, 0
743025, 4744875, 0, 0
744053, 5349311, 0, 0
745003, 5356886, 0, 0
746037, 5118181, 0, 0
747071, 5610139, 0, 0
748060, 5255034, 0, 0
749000, 5190047, 0, 0
750049, 5293568, 0, 0
751008, 5699907, 0, 0
752014, 5523906, 0, 0
753015, 5348212, 0, 0
754041, 5728432, 0, 0
755005, 5942285, 0, 0
756038, 4429419, 0, 0
757018, 5466721, 0, 0
758064, 5022097, 0, 0
759045, 5213772, 0, 0
760035, 4991727, 0, 0
761028, 5395828, 0, 0
762004, 4897027, 0, 0
763000, 5407542, 0, 0
764052, 5253758, 0, 0
765000, 5040350, 0, 0
766032, 5509469, 0, 0
767006, 5261664, 0, 0
768052, 5503222, 0, 0
769021, 5405375, 0, 0
770018, 5214423, 0, 0
771035, 5464822, 0, 0
772014, 5345573, 0, 0
773025, 5576437, 0, 0
774060, 5591939, 0, 0
775056, 4852482, 0, 0
776032, 5212593, 0, 0
777066, 5439459, 0, 0
778056, 5617439, 0, 0
779038, 5451017, 0, 0
780002, 5700783, 0, 0
781024, 5002333, 0, 0
782040, 4833991, 0, 0
783010, 4969084, 0, 0
784070, 4791281, 0, 0
785062, 5185792, 0, 0
786035, 5821179, 0, 0
787029, 5314144, 0, 0
788062, 5233541, 0, 0
789048, 5832294, 0, 0
790030, 4606235, 0, 0
791057, 5232298, 0, 0
792001, 4864189, 0, 0
793019, 5082113, 0, 0
794006, 5479027, 0, 0
795055, 5267204, 0, 0
796024, 4631183, 0, 0
797025, 5492998, 0, 0
798026, 5527452, 0, 0
799000, 4910632, 0, 0
800027, 5108910, 0, 0
801026, 5280352, 0, 0
802042, 5457317, 0, 0
803020, 5142590, 0, 0
804066, 4995736, 0, 0
805023, 5144401, 0, 0
806035, 5983258, 0, 0
807053, 5982868, 0, 0
808019, 5300115, 0, 0
809054, 5327941, 0, 0
810036, 5675962, 0, 0
811019, 5059482, 0, 0
812005, 5022648, 0, 0
813060, 5608765, 0, 0
814041, 5472765, 0, 0
815060, 5560101, 0, 0
816029, 5410690, 0, 0
817051, 5607241, 0, 0
818019, 4888270, 0, 0
819036, 5261963, 0, 0
820027, 5076555, 0, 0
821029, 4910348, 0, 0
822004, 5152521, 0, 0
823049, 5550105, 0, 0
824000, 5309995, 0, 0
825067, 5825396, 0, 0
826008, 5166417, 0, 0
827007, 5011677, 0, 0
828000, 6013109, 0, 0
829002, 4836330, 0, 0
830034, 4816799, 0, 0
831043, 5041564, 0, 0
832011, 5115723, 0, 0
833048, 5756526, 0, 0
834015, 5818587, 0, 0
835003, 4443409, 0, 0
836030, 5672610, 0, 0
837043, 5294583, 0, 0
838069, 5339519, 0, 0
839031, 5623308, 0, 0
840039, 5562177, 0, 0
841026, 5480446, 0, 0
842007, 5264843, 0, 0
843057, 5437220, 0, 0
844079, 5374073, 0, 0
845048, 5116810, 0, 0
846024, 5054536, 0, 0
847060, 5419996, 0, 0
848016, 5617010, 0, 0
849062, 5122435, 0, 0
850017, 5075256, 0, 0
851028, 5978457, 0, 0
852042, 5388158, 0, 0
853031, 5309490, 0, 0
854055, 5501096, 0, 0
855019, 5985852, 0, 0
856024, 5427171, 0, 0
857055, 6132237, 0, 0
858006, 5367527, 0, 0
859021, 5664928, 0, 0
860027, 5434046, 0, 0
861038, 5284086, 0, 0
862027, 4390507, 0, 0
863033, 5054107, 0, 0
864064, 5627529, 0, 0
865044, 4918623, 0, 0
866014, 5294765, 0, 0
867058, 4966051, 0, 0
868057, 5707130, 0, 0
869034, 6137864, 0, 0
870014, 5560642, 0, 0
871006, 5764405, 0, 0
872055, 5238559, 0, 0
873007, 4854633, 0, 0
874025, 5499232, 0, 0
875013, 5874096, 0, 0
876055, 5656336, 0, 0
877001, 4975759, 0, 0
878021, 5046451, 0, 0
879048, 5635821, 0, 0
880055, 4701140, 0, 0
881049, 5066589, 0, 0
882022, 5251571, 0, 0
883021, 5364843, 0, 0
884019, 4984422, 0, 0
885039, 4974620, 0, 0
886020, 4972353, 0, 0
887043, 5557780, 0, 0
888038, 4944249, 0, 0
889015, 5545435, 0, 0
890030, 5173237, 0, 0
891004, 5092589, 0, 0
892032, 5262767, 0, 0
893054, 5132001, 0, 0
894005, 5077353, 0, 0
895010, 5254683, 0, 0
896003, 5038663, 0, 0
897027, 5012946, 0, 0
898007, 5211011, 0, 0
899015, 5717774, 0, 0
900051, 5951274, 0, 0
901037, 5594673, 0, 0
902046, 5479537, 0, 0
903042, 5403561, 0, 0
904038, 5406962, 0, 0
905025, 5737339, 0, 0
906039, 5114767, 0, 0
907036, 5894104, 0, 0
908053, 5490931, 0, 0
909036, 5643377, 0, 0
910058, 6118031, 0, 0
911031, 5250468, 0, 0
912061, 5146376, 0, 0
913029, 5114333, 0, 0
914071, 5631773, 0, 0
915018, 4633716, 0, 0
916018, 5523640, 0, 0
917047, 4870205, 0, 0
918061, 5687930, 0, 0
919046, 5348739, 0, 0
920051, 5205501, 0, 0
921030, 5399352, 0, 0
922007, 5333548, 0, 0
923023, 5739987, 0, 0
924033, 5040428, 0, 0
925017, 5316471, 0, 0
926005, 5546669, 0, 0
927013, 4862876, 0, 0
928052, 5086618, 0, 0
929041, 4939384, 0, 0
930040, 5172945, 0, 0
931011, 4945501, 0, 0
932044, 5160181, 0, 0
933028, 5585111, 0, 0
934036, 5923447, 0, 0
935060, 5587891, 0, 0
936004, 5125206, 0, 0
937059, 4878709, 0, 0
938026, 5588830, 0, 0
939013, 5505544, 0, 0
940028, 5367062, 0, 0
941001, 5251742, 0, 0
942029, 5269292, 0, 0
943002, 5585732, 0, 0
944040, 5290168, 0, 0
945009, 5695277, 0, 0
946037, 4775509, 0, 0
947011, 5492480, 0, 0
948051, 5193889, 0, 0
949018, 5087728, 0, 0
950006, 5218252, 0, 0
951006, 5371077, 0, 0
952048, 5450237, 0, 0
953041, 6048945, 0, 0
954000, 4672102, 0, 0
955022, 5263900, 0, 0
956043, 5398145, 0, 0
957036, 5481169, 0, 0
958014, 5115150, 0, 0
959000, 5265930, 0, 0
960046, 4751247, 0, 0
961028, 5358178, 0, 0
962028, 5550543, 0, 0
963002, 4991055, 0, 0
964014, 5052976, 0, 0
965063, 5607640, 0, 0
966009, 5429988, 0, 0
967054, 4900399, 0, 0
968007, 5065306, 0, 0
969012, 5545681, 0, 0
970054, 5102748, 0, 0
971004, 5716431, 0, 0
972076, 4757044, 0, 0
973051, 5565834, 0, 0
974000, 5123353, 0, 0
975026, 5336133, 0, 0
976030, 5364654, 0, 0
977008, 5781746, 0, 0
978071, 5254417, 0, 0
979023, 5086560, 0, 0
980015, 4585008, 0, 0
981006, 5292980, 0, 0
982016, 5635263, 0, 0
983083, 5466756, 0, 0
984012, 5011498, 0, 0
985014, 5111992, 0, 0
986019, 6119328, 0, 0
987007, 4861318, 0, 0
988032, 4855615, 0, 0
989022, 5176039, 0, 0
990039, 5130846, 0, 0
991012, 4906647, 0, 0
992013, 5351542, 0, 0
993012, 5800315, 0, 0
994033, 4766762, 0, 0
995024, 5688367, 0, 0
996012, 5335719, 0, 0
997012, 5369776, 0, 0
998047, 5355508, 0, 0
999051, 5767225, 0, 0
1000001, 5679020, 0, 0
1001060, 5110983, 0, 0
1002047, 4980815, 0, 0
1003061, 5591936, 0, 0
1004030, 5799189, 0, 0
1005025, 5462514, 0, 0
1006053, 5580064, 0, 0
1007027, 5594472, 0, 0
1008016, 5581514, 0, 0
1009041, 5816149, 0, 0
1010013, 5056408, 0, 0
1011014, 4878619, 0, 0
1012051, 5369476, 0, 0
1013049, 5356214, 0, 0
1014011, 5461406, 0, 0
1015011, 5344408, 0, 0
1016016, 4964808, 0, 0
1017024, 5470521, 0, 0
1018063, 4989491, 0, 0
1019063, 5709133, 0, 0
1020054, 5658020, 0, 0
1021019, 5326017, 0, 0
1022049, 5171841, 0, 0
1023018, 5434293, 0, 0
1024016, 5163493, 0, 0
1025017, 5710779, 0, 0
1026004, 4809770, 0, 0
1027086, 6216460, 0, 0
1028005, 5878468, 0, 0
1029013, 6258321, 0, 0
1030058, 5219452, 0, 0
1031044, 5474006, 0, 0
1032013, 4988094, 0, 0
1033012, 5425482, 0, 0
1034041, 5297346, 0, 0
1035015, 5043434, 0, 0
1036016, 5404035, 0, 0
1037059, 5543855, 0, 0
1038035, 5509181, 0, 0
1039014, 5173898, 0, 0
1040037, 5190127, 0, 0
1041011, 6044459, 0, 0
1042019, 4858697, 0, 0
1043024, 5427416, 0, 0
1044000, 5478977, 0, 0
1045050, 4922835, 0, 0
1046001, 5558595, 0, 0
1047036, 5066498, 0, 0
1048007, 4556093, 0, 0
1049059, 5529133, 0, 0
1050010, 5079081, 0, 0
1051038, 5581028, 0, 0
1052050, 5350790, 0, 0
1053004, 5845071, 0, 0
1054015, 5344891, 0, 0
1055013, 4912707, 0, 0
1056046, 4937981, 0, 0
1057012, 5643118, 0, 0
1058042, 5300853, 0, 0
1059069, 5132542, 0, 0
1060050, 5352384, 0, 0
1061058, 4844346, 0, 0
1062054, 5289286, 0, 0
1063009, 4697520, 0, 0
1064005, 4829796, 0, 0
1065029, 4918695, 0, 0
1066035, 5262101, 0, 0
1067005, 5324536, 0, 0
1068036, 6061079, 0, 0
1069046, 5040725, 0, 0
1070043, 4982712, 0, 0
1071010, 5136664, 0, 0
1072040, 5500187, 0, 0
1073011, 5004523, 0, 0
1074023, 5908008, 0, 0
1075007, 5260318, 0, 0
1076028, 4923496, 0, 0
1077040, 4957977, 0, 0
1078046, 5373810, 0, 0
1079049, 5565384, 0, 0
1080058, 4939129, 0, 0
1081020, 5793673, 0, 0
1082013, 4981688, 0, 0
1083024, 4741280, 0, 0
1084058, 5189677, 0, 0
1085001, 5815086, 0, 0
1086039, 5316426, 0, 0
1087059, 4672217, 0, 0
1088055, 5354073, 0, 0
1089021, 5075518, 0, 0
1090011, 5435988, 0, 0
1091051, 4992792, 0, 0
1092025, 5233894, 0, 0
1093051, 5856896, 0, 0
1094024, 5583891, 0, 0
1095022, 5010747, 0, 0
1096059, 5663056, 0, 0
1097003, 5325673, 0, 0
1098015, 5557892, 0, 0
1099033, 5617527, 0, 0
1100048, 5763895, 0, 0
1101046, 5244892, 0, 0
1102007, 5215877, 0, 0
1103042, 5120626, 0, 0
1104054, 5490051, 0, 0
1105049, 5681721, 0, 0
1106041, 5244566, 0, 0
1107019, 5309731, 0, 0
1108014, 5345538, 0, 0
1109026, 5320186, 0, 0
1110046, 5568587, 0, 0
1111046, 5773404, 0, 0
1112017, 5108190, 0, 0
1113034, 5639421, 0, 0
1114049, 5119874, 0, 0
1115008, 4994153, 0, 0
1116042, 5238414, 0, 0
1117058, 5206395, 0, 0
1118027, 4988322, 0, 0
1119052, 5197600, 0, 0
1120039, 5603505, 0, 0
1121006, 5490334, 0, 0
1122026, 5334759, 0, 0
1123051, 5089833, 0, 0
1124016, 5297733, 0, 0
1125021, 5770496, 0, 0
1126050, 5413665, 0, 0
1127033, 5190693, 0, 0
1128048, 5511774, 0, 0
1129060, 4836728, 0, 0
1130020, 5297900, 0, 0
1131019, 5516152, 0, 0
1132047, 5266460, 0, 0
1133013, 5055196, 0, 0
1134034, 5569829, 0, 0
1135028, 5094501, 0, 0
1136018, 5406194, 0, 0
1137006, 5513153, 0, 0
1138061, 5016885, 0, 0
1139034, 5062426, 0, 0
1140039, 5126671, 0, 0
1141054, 5894140, 0, 0
1142027, 4628220, 0, 0
1143028, 4740092, 0, 0
1144042, 5723117, 0, 0
1145052, 5833733, 0, 0
1146037, 5258605, 0, 0
1147056, 5503474, 0, 0
1148061, 5176777, 0, 0
1149030, 5348141, 0, 0
1150056, 5334966, 0, 0
1151020, 4745577, 0, 0
1152057, 4957839, 0, 0
1153043, 5126777, 0, 0
1154014, 5186840, 0, 0
1155060, 5470768, 0, 0
1156056, 5155509, 0, 0
1157017, 5054030, 0, 0
1158004, 5109596, 0, 0
1159002, 5598419, 0, 0
1160060, 5309326, 0, 0
1161013, 4786300, 0, 0
1162032, 5193095, 0, 0
1163004, 5645406, 0, 0
1164054, 5269167, 0, 0
1165052, 4723053, 0, 0
1166025, 5170969, 0, 0
1167057, 4912534, 0, 0
1168032, 5264436, 0, 0
1169037, 5042897, 0, 0
1170034, 5269281, 0, 0
1171047, 5085689, 0, 0
1172041, 5707280, 0, 0
1173021, 5533210, 0, 0
1174012, 5501589, 0, 0
1175022, 5120362, 0, 0
1176034, 5103325, 0, 0
1177008, 5660381, 0, 0
1178035, 5997734, 0, 0
1179066, 5364719, 0, 0
1180037, 5709746, 0, 0
1181032, 5916644, 0, 0
1182052, 5305683, 0, 0
1183004, 5118191, 0, 0
1184052, 5284307, 0, 0
1185015, 5935670, 0, 0
1186040, 5421366, 0, 0
1187006, 5418882, 0, 0
1188002, 5623306, 0, 0
1189028, 5451923, 0, 0
1190050, 4886977, 0, 0
1191009, 5288331, 0, 0
1192048, 5462678, 0, 0
1193005, 4830921, 0, 0
1194059, 5486254, 0, 0
1195049, 5711864, 0, 0
1196017, 5144407, 0, 0
1197038, 4679949, 0, 0
1198013, 5410882, 0, 0
1199049, 5716412, 0, 0
1200035, 5265630, 0, 0
1201001, 5304490, 0, 0
1202020, 6325500, 0, 0
1203041, 5602324, 0, 0
1204013, 5029526, 0, 0
1205023, 5370617, 0, 0
1206039, 5148730, 0, 0
1207043, 5540700, 0, 0
1208040, 5445073, 0, 0
1209030, 5555635, 0, 0
1210032, 5594651, 0, 0
1211020, 5163226, 0, 0
1212005, 5557886, 0, 0
1213063, 5594534, 0, 0
1214057, 5843147, 0, 0
1215044, 5415305, 0, 0
1216046, 6035287, 0, 0
1217031, 5493266, 0, 0
1218024, 5452269, 0, 0
1219001, 5674509, 0, 0
1220058, 5708217, 0, 0
1221032, 5796461, 0, 0
1222053, 5308334, 0, 0
1223031, 5652408, 0, 0
1224000, 5288660, 0, 0
1225002, 5622608, 0, 0
1226050, 5105769, 0, 0
1227006, 5427405, 0, 0
1228049, 5487435, 0, 0
1229009, 5356748, 0, 0
1230000, 5153261, 0, 0
1231058, 5904959, 0, 0
1232038, 5503356, 0, 0
1233055, 5183118, 0, 0
1234005, 5613960, 0, 0
1235057, 5498736, 0, 0
1236002, 5018678, 0, 0
1237045, 5108365, 0, 0
1238041, 5687827, 0, 0
1239037, 5959181, 0, 0
1240004, 5680595, 0, 0
1241012, 5353828, 0, 0
1242005, 5638544, 0, 0
1243040, 5442608, 0, 0
1244034, 5367692, 0, 0
1245040, 4923410, 0, 0
1246010, 5603007, 0, 0
1247030, 5386079, 0, 0
1248006, 5329058, 0, 0
1249022, 5701942, 0, 0
1250025, 5478102, 0, 0
1251029, 5572011, 0, 0
1252039, 5283924, 0, 0
1253008, 5095101, 0, 0
1254012, 5331400, 0, 0
1255042, 6090582, 0, 0
1256030, 5609563, 0, 0
1257050, 5018187, 0, 0
1258027, 5706596, 0, 0
1259023, 5380997, 0, 0
1260014, 5129960, 0, 0
1261006, 5664048, 0, 0
1262062, 5170117, 0, 0
1263011, 5544449, 0, 0
1264039, 5082380, 0, 0
1265007, 5592602, 0, 0
1266044, 5509416, 0, 0
1267053, 5828978, 0, 0
1268022, 4861598, 0, 0
1269041, 5505040, 0, 0
1270007, 5298566, 0, 0
1271042, 5248458, 0, 0
1272041, 5574435, 0, 0
1273010, 6053181, 0, 0
1274030, 5506551, 0, 0
1275054, 5527755, 0, 0
1276016, 5369249, 0, 0
1277036, 5281109, 0, 0
1278025, 5226186, 0, 0
1279001, 5769156, 0, 0
1280031, 5564628, 0, 0
1281014, 5390280, 0, 0
1282051, 5428230, 0, 0
1283058, 5267573, 0, 0
1284014, 5104993, 0, 0
1285044, 5563159, 0, 0
1286041, 5057041, 0, 0
1287041, 5737150, 0, 0
1288028, 5668067, 0, 0
1289019, 5182252, 0, 0
1290031, 5265627, 0, 0
1291010, 5553146, 0, 0
1292030, 5823961, 0, 0
1293012, 5740331, 0, 0
1294018, 5234589, 0, 0
1295027, 5191128, 0, 0
1296032, 5705259, 0, 0
1297014, 5738402, 0, 0
1298026, 5433802, 0, 0
1299023, 5440688, 0, 0
1300062, 5165034, 0, 0
1301054, 5383091, 0, 0
1302052, 5194522, 0, 0
1303046, 5037954, 0, 0
1304034, 5247854, 0, 0
1305065, 5337962, 0, 0
1306049, 5226461, 0, 0
1307045, 5856987, 0, 0
1308039, 5251793, 0, 0
1309051, 4910127, 0, 0
1310033, 5636169, 0, 0
1311019, 5349340, 0, 0
1312007, 5517605, 0, 0
1313012, 5041265, 0, 0
1314025, 5356802, 0, 0
1315056, 6094465, 0, 0
1316025, 4863354, 0, 0
1317056, 4768084, 0, 0
1318005, 5743435, 0, 0
1319046, 4771890, 0, 0
1320058, 5346444, 0, 0
1321028, 4705900, 0, 0
1322033, 5119181, 0, 0
1323043, 5173362, 0, 0
1324048, 5429716, 0, 0
1325037, 5550696, 0, 0
1326044, 5104277, 0, 0
1327014, 5240546, 0, 0
1328042, 5344776, 0, 0
1329060, 5529105, 0, 0
1330018, 5318749, 0, 0
1331023, 6158220, 0, 0
1332065, 5255827, 0, 0
1333061, 4853254, 0, 0
1334017, 5304031, 0, 0
1335054, 5007262, 0, 0
1336052, 5791335, 0, 0
1337000, 5442567, 0, 0
1338047, 5717096, 0, 0
1339023, 5604329, 0, 0
1340021, 5509300, 0, 0
1341055, 5491481, 0, 0
1342052, 5566226, 0, 0
1343030, 5368587, 0, 0
1344044, 4824355, 0, 0
1345002, 5087594, 0, 0
1346027, 5850843, 0, 0
1347020, 5736567, 0, 0
1348065, 5242009, 0, 0
1349001, 5810837, 0, 0
1350005, 5424260, 0, 0
1351045, 4828560, 0, 0
1352043, 5009094, 0, 0
1353035, 5447958, 0, 0
1354031, 5882950, 0, 0
1355032, 5155522, 0, 0
1356047, 5070123, 0, 0
1357004, 5722683, 0, 0
1358009, 5149071, 0, 0
1359048, 5296924, 0, 0
1360007, 5378463, 0, 0
1361042, 5023403, 0, 0
1362020, 5193161, 0, 0
1363040, 5662104, 0, 0
1364006, 5361144, 0, 0
1365026, 5362402, 0, 0
1366006, 5533036, 0, 0
1367053, 5358937, 0, 0
1368020, 5308881, 0, 0
1369035, 5121475, 0, 0
1370017, 5217089, 0, 0
1371041, 5439354, 0, 0
1372022, 5598831, 0, 0
1373013, 5133167, 0, 0
1374061, 5027397, 0, 0
1375021, 5048506, 0, 0
1376004, 5427897, 0, 0
1377019, 5044066, 0, 0
1378044, 4969203, 0, 0
1379021, 5453193, 0, 0
1380033, 5028697, 0, 0
1381054, 4552763, 0, 0
1382053, 5450446, 0, 0
1383056, 5087928, 0, 0
1384004, 5477709, 0, 0
1385046, 4976755, 0, 0
1386007, 5244743, 0, 0
1387000, 5165285, 0, 0
1388060, 5067353, 0, 0
1389006, 5221472, 0, 0
1390052, 5590867, 0, 0
1391042, 5649722, 0, 0
1392051, 5197231, 0, 0
1393029, 5747155, 0, 0
1394015, 5475011, 0, 0
1395044, 5166959, 0, 0
1396015, 4551788, 0, 0
1397034, 5383813, 0, 0
1398048, 5660853, 0, 0
1399038, 6067201, 0, 0
1400009, 5360794, 0, 0
1401052, 6020609, 0, 0
1402055, 5539246, 0, 0
1403000, 5581651, 0, 0
1404061, 5520782, 0, 0
1405008, 5317862, 0, 0
1406013, 5767566, 0, 0
1407000, 5390778, 0, 0
1408050, 4637506, 0, 0
1409043, 5252966, 0, 0
1410032, 5711802, 0, 0
1411009, 5273572, 0, 0
1412000, 5377185, 0, 0
1413029, 5220622, 0, 0
1414015, 5689248, 0, 0
1415007, 5507183, 0, 0
1416017, 5544138, 0, 0
1417046, 4963836, 0, 0
1418066, 5480149, 0, 0
1419046, 5627195, 0, 0
1420007, 5302984, 0, 0
1421056, 5572101, 0, 0
1422011, 5817528, 0, 0
1423033, 5348982, 0, 0
1424022, 5514645, 0, 0
1425022, 6168448, 0, 0
1426013, 5293649, 0, 0
1427021, 6106714, 0, 0
1428011, 5522765, 0, 0
1429055, 5324902, 0, 0
1430003, 5440476, 0, 0
1431066, 5474326, 0, 0
1432023, 4903124, 0, 0
1433030, 5349431, 0, 0
1434034, 5394323, 0, 0
1435023, 5813287, 0, 0
1436013, 6503525, 0, 0
1437033, 5364320, 0, 0
1438015, 4906303, 0, 0
1439011, 5852113, 0, 0
1440058, 5392503, 0, 0
1441002, 5647339, 0, 0
1442036, 5216280, 0, 0
1443006, 5411185, 0, 0
1444035, 5778186, 0, 0
1445050, 5759172, 0, 0
1446029, 5753201, 0, 0
1447062, 5672225, 0, 0
1448034, 5745216, 0, 0
1449055, 5480484, 0, 0
1450038, 6064781, 0, 0
1451030, 5693878, 0, 0
1452044, 5629109, 0, 0
1453017, 5144177, 0, 0
1454061, 5133924, 0, 0
1455022, 4876270, 0, 0
1456054, 5511230, 0, 0
1457005, 5425366, 0, 0
1458036, 5790420, 0, 0
1459053, 5459594, 0, 0
1460021, 5197506, 0, 0
1461043, 5404235, 0, 0
1462000, 5492959, 0, 0
1463029, 5217915, 0, 0
1464042, 5355974, 0, 0
1465066, 5846197, 0, 0
1466004, 6006331, 0, 0
1467004, 5737385, 0, 0
1468033, 5943790, 0, 0
1469028, 5231319, 0, 0
1470026, 5414091, 0, 0
1471030, 6274098, 0, 0
1472003, 5487773, 0, 0
1473029, 5540648, 0, 0
1474004, 5731207, 0, 0
1475055, 5493644, 0, 0
1476053, 5765835, 0, 0
1477023, 5151863, 0, 0
1478014, 5688735, 0, 0
1479056, 5394425, 0, 0
1480001, 5654463, 0, 0
1481038, 5721850, 0, 0
1482046, 5086578, 0, 0
1483039, 5450952, 0, 0
1484015, 5214480, 0, 0
1485003, 5425812, 0, 0
1486019, 5637966, 0, 0
1487010, 5894532, 0, 0
1488022, 5551989, 0, 0
1489011, 5554332, 0, 0
1490049, 5573164, 0, 0
1491061, 5290985, 0, 0
1492072, 5943339, 0, 0
1493066, 5673607, 0, 0
1494038, 5615722, 0, 0
1495037, 6012202, 0, 0
1496012, 4992531, 0, 0
1497021, 5824032, 0, 0
1498014, 5704698, 0, 0
1499047, 5962948, 0, 0
1500025, 5365507, 0, 0
1501000, 5131048, 0, 0
1502012, 6123651, 0, 0
1503043, 5788487, 0, 0
1504044, 5686338, 0, 0
1505069, 5689779, 0, 0
1506061, 5862802, 0, 0
1507029, 5524841, 0, 0
1508013, 5889189, 0, 0
1509046, 6179580, 0, 0
1510035, 5610263, 0, 0
1511022, 5764967, 0, 0
1512052, 5225338, 0, 0
1513031, 5961561, 0, 0
1514030, 5605230, 0, 0
1515021, 4851555, 0, 0
1516057, 5783276, 0, 0
1517045, 5455463, 0, 0
1518017, 5080980, 0, 0
1519020, 5860673, 0, 0
1520028, 5499394, 0, 0
1521055, 5607046, 0, 0
1522031, 5607708, 0, 0
1523017, 6986505, 0, 0
1524001, 4747040, 0, 0
1525042, 5305868, 0, 0
1526022, 5760441, 0, 0
1527023, 5648315, 0, 0
1528031, 5476443, 0, 0
1529019, 5449613, 0, 0
1530043, 5165004, 0, 0
1531038, 4993554, 0, 0
1532044, 6056749, 0, 0
1533020, 5635897, 0, 0
1534010, 6506355, 0, 0
1535034, 5143172, 0, 0
1536057, 5433836, 0, 0
1537059, 5528385, 0, 0
1538056, 5628728, 0, 0
1539010, 5016711, 0, 0
1540062, 6330336, 0, 0
1541011, 6325190, 0, 0
1542053, 5595242, 0, 0
1543063, 5544383, 0, 0
1544055, 5414917, 0, 0
1545017, 6003165, 0, 0
1546012, 5464020, 0, 0
1547020, 5655838, 0, 0
1548029, 5505943, 0, 0
1549009, 5656975, 0, 0
1550052, 5345690, 0, 0
1551012, 5152966, 0, 0
1552053, 5655893, 0, 0
1553050, 5755427, 0, 0
1554047, 5824920, 0, 0
1555044, 5726656, 0, 0
1556036, 5695658, 0, 0
1557020, 5618527, 0, 0
1558015, 5713094, 0, 0
1559055, 5554640, 0, 0
1560007, 5767751, 0, 0
1561060, 6111614, 0, 0
1562021, 5964481, 0, 0
1563062, 5561764, 0, 0
1564004, 5260654, 0, 0
1565064, 5571754, 0, 0
1566036, 5519457, 0, 0
1567006, 5018853, 0, 0
1568042, 5307743, 0, 0
1569056, 5821167, 0, 0
1570006, 6373363, 0, 0
1571033, 5863650, 0, 0
1572049, 6344186, 0, 0
1573006, 5654658, 0, 0
1574029, 5270201, 0, 0
1575027, 5732435, 0, 0
1576053, 5961131, 0, 0
1577030, 5880323, 0, 0
1578006, 5443341, 0, 0
1579039, 5970406, 0, 0
1580027, 5701858, 0, 0
1581045, 5271573, 0, 0
1582023, 5484747, 0, 0
1583010, 5771465, 0, 0
1584053, 5632846, 0, 0
1585045, 5793207, 0, 0
1586030, 5759832, 0, 0
1587012, 6582982, 0, 0
1588047, 5329160, 0, 0
1589006, 5320769, 0, 0
1590064, 5748412, 0, 0
1591031, 5549822, 0, 0
1592054, 6051913, 0, 0
1593030, 4948688, 0, 0
1594049, 5949985, 0, 0
1595040, 6151577, 0, 0
1596031, 6074182, 0, 0
1597011, 5691260, 0, 0
1598055, 5488500, 0, 0
1599015, 6273402, 0, 0
1600009, 5279482, 0, 0
1601051, 5753084, 0, 0
1602021, 5737713, 0, 0
1603062, 5416483, 0, 0
1604026, 5502184, 0, 0
1605023, 5690126, 0, 0
1606025, 6030390, 0, 0
1607017, 5187040, 0, 0
1608019, 5783002, 0, 0
1609010, 6117599, 0, 0
1610065, 5662502, 0, 0
1611039, 6358387, 0, 0
1612025, 5538297, 0, 0
1613059, 5217473, 0, 0
1614032, 5998899, 0, 0
1615033, 5988106, 0, 0
1616029, 6104748, 0, 0
1617035, 5432756, 0, 0
1618011, 5666998, 0, 0
1619049, 5860934, 0, 0
1620062, 5563367, 0, 0
1621050, 5575963, 0, 0
1622090, 6255897, 0, 0
1623010, 5820352, 0, 0
1624055, 5245498, 0, 0
1625013, 5947566, 0, 0
1626054, 5620117, 0, 0
1627053, 6200441, 0, 0
1628058, 5312571, 0, 0
1629005, 5768870, 0, 0
1630030, 5536846, 0, 0
1631029, 4962960, 0, 0
1632069, 6150516, 0, 0
1633055, 6039779, 0, 0
1634017, 5934908, 0, 0
1635014, 5566903, 0, 0
1636042, 5264513, 0, 0
1637018, 5699324, 0, 0
1638043, 5690333, 0, 0
1639015, 5850483, 0, 0
1640062, 5652947, 0, 0
1641012, 5860875, 0, 0
1642056, 5402863, 0, 0
1643011, 6236111, 0, 0
1644019, 5788974, 0, 0
1645043, 6055978, 0, 0
1646057, 5444272, 0, 0
1647014, 6012682, 0, 0
1648065, 5798468, 0, 0
1649057, 5936657, 0, 0
1650050, 6357185, 0, 0
1651023, 5719755, 0, 0
1652018, 6292326, 0, 0
1653035, 5770731, 0, 0
1654012, 5135574, 0, 0
1655057, 6109487, 0, 0
1656034, 6174673, 0, 0
1657049, 5125476, 0, 0
1658041, 5931413, 0, 0
1659007, 5923036, 0, 0
1660019, 5979474, 0, 0
1661058, 4944459, 0, 0
1662014, 5519894, 0, 0
1663043, 5872909, 0, 0
1664029, 5731372, 0, 0
1665067, 5208384, 0, 0
1666039, 5711501, 0, 0
1667050, 5907004, 0, 0
1668032, 5514869, 0, 0
1669020, 6204212, 0, 0
1670040, 6033737, 0, 0
1671048, 5469948, 0, 0
1672070, 4704582, 0, 0
1673015, 6094245, 0, 0
1674002, 5798498, 0, 0
1675002, 5679592, 0, 0
1676044, 5846001, 0, 0
1677011, 5586359, 0, 0
1678019, 5381989, 0, 0
1679011, 5506929, 0, 0
1680017, 6245554, 0, 0
1681056, 5966774, 0, 0
1682031, 6085405, 0, 0
1683066, 5806270, 0, 0
1684018, 5376983, 0, 0
1685051, 5032089, 0, 0
1686007, 5651718, 0, 0
1687044, 5395561, 0, 0
1688009, 5537084, 0, 0
1689032, 5528295, 0, 0
1690034, 6104393, 0, 0
1691035, 5618333, 0, 0
1692021, 5593048, 0, 0
1693019, 5796702, 0, 0
1694013, 6015011, 0, 0
1695019, 5847350, 0, 0
1696053, 5494924, 0, 0
1697023, 5261183, 0, 0
1698052, 5845755, 0, 0
1699023, 6101108, 0, 0
1700004, 5728970, 0, 0
1701021, 5873881, 0, 0
1702016, 5811832, 0, 0
1703009, 5509085, 0, 0
1704005, 5959291, 0, 0
1705006, 5375151, 0, 0
1706000, 5875072, 0, 0
1707059, 5949201, 0, 0
1708050, 5819328, 0, 0
1709007, 6055653, 0, 0
1710049, 5448393, 0, 0
1711050, 5954391, 0, 0
1712038, 5910670, 0, 0
1713012, 5689680, 0, 0
1714062, 5764021, 0, 0
1715056, 5875431, 0, 0
1716018, 5719509, 0, 0
1717002, 6222742, 0, 0
1718008, 5098757, 0, 0
1719046, 5235841, 0, 0
1720043, 5722897, 0, 0
1721066, 5645712, 0, 0
1722067, 5850728, 0, 0
1723034, 5715211, 0, 0
1724034, 5705558, 0, 0
1725031, 5476362, 0, 0
1726012, 5937379, 0, 0
1727003, 5755399, 0, 0
1728060, 5527847, 0, 0
1729003, 6004033, 0, 0
1730050, 5978030, 0, 0
1731002, 5903936, 0, 0
1732025, 6388191, 0, 0
1733064, 5766807, 0, 0
1734022, 5836249, 0, 0
1735035, 5593998, 0, 0
1736020, 5434486, 0, 0
1737060, 5871652, 0, 0
1738024, 5232284, 0, 0
1739006, 5671059, 0, 0
1740068, 5497519, 0, 0
1741033, 5670539, 0, 0
1742024, 6111158, 0, 0
1743043, 5559304, 0, 0
1744018, 5503997, 0, 0
1745047, 5380363, 0, 0
1746047, 6164112, 0, 0
1747035, 6250851, 0, 0
1748041, 5842797, 0, 0
1749039, 5661397, 0, 0
1750058, 6098245, 0, 0
1751061, 6002963, 0, 0
1752003, 5568685, 0, 0
1753037, 5644327, 0, 0
1754007, 6291936, 0, 0
1755050, 6131401, 0, 0
1756003, 5808707, 0, 0
1757021, 5584903, 0, 0
1758051, 5361738, 0, 0
1759007, 6364594, 0, 0
1760025, 5589586, 0, 0
1761040, 6001398, 0, 0
1762039, 5396598, 0, 0
1763071, 5823621, 0, 0
1764052, 6083386, 0, 0
1765031, 5793130, 0, 0
1766025, 5547730, 0, 0
1767022, 6106418, 0, 0
1768011, 6104405, 0, 0
1769003, 5536353, 0, 0
1770013, 5670382, 0, 0
1771045, 5049846, 0, 0
1772008, 5662883, 0, 0
1773036, 5607113, 0, 0
1774012, 5417193, 0, 0
1775063, 5773172, 0, 0
1776065, 5716160, 0, 0
1777039, 5826645, 0, 0
1778001, 6770296, 0, 0
1779026, 6871250, 0, 0
1780057, 5599754, 0, 0
1781022, 5604716, 0, 0
1782041, 5991506, 0, 0
1783040, 6316981, 0, 0
1784004, 5439363, 0, 0
1785028, 6275438, 0, 0
1786060, 5666201, 0, 0
1787000, 5332758, 0, 0
1788070, 6182410, 0, 0
1789034, 5763085, 0, 0
1790001, 5825061, 0, 0
1791049, 5537038, 0, 0
1792009, 5071857, 0, 0
1793058, 6058941, 0, 0
1794021, 5764138, 0, 0
1795013, 6230033, 0, 0
1796019, 5840600, 0, 0
1797078, 5540877, 0, 0
1798041, 6370954, 0, 0
1799032, 5823457, 0, 0
1800025, 5943300, 0, 0
