1048, 1047953250, 0, 0
2000, 220336, 0, 0
3000, 74143, 0, 0
4000, 71830, 0, 0
5000, 86773, 0, 0
6000, 88784, 0, 0
7000, 81795, 0, 0
8000, 78157, 0, 0
9000, 78177, 0, 0
10000, 76834, 0, 0
11000, 76685, 0, 0
12000, 78688, 0, 0
13000, 78019, 0, 0
14000, 72364, 0, 0
15000, 71789, 0, 0
16000, 71673, 0, 0
17000, 72991, 0, 0
18000, 72284, 0, 0
19000, 82587, 0, 0
20000, 71026, 0, 0
21000, 75486, 0, 0
22000, 84784, 0, 0
23000, 73837, 0, 0
24000, 74381, 0, 0
25000, 75296, 0, 0
26000, 71660, 0, 0
27000, 73424, 0, 0
28000, 72617, 0, 0
29000, 75096, 0, 0
30000, 73811, 0, 0
31000, 72335, 0, 0
32000, 71420, 0, 0
33000, 73486, 0, 0
34000, 72069, 0, 0
35000, 73361, 0, 0
36000, 74488, 0, 0
37000, 76225, 0, 0
38000, 75602, 0, 0
39000, 73934, 0, 0
40000, 72557, 0, 0
41006, 72014, 0, 0
42000, 73535, 0, 0
43000, 71489, 0, 0
44000, 75015, 0, 0
45000, 74374, 0, 0
46000, 72853, 0, 0
47000, 71543, 0, 0
48000, 73580, 0, 0
49000, 70261, 0, 0
50000, 73071, 0, 0
51000, 70949, 0, 0
52000, 73813, 0, 0
53000, 71777, 0, 0
54000, 71026, 0, 0
55000, 74962, 0, 0
56000, 77737, 0, 0
57000, 72344, 0, 0
58000, 73111, 0, 0
59000, 76600, 0, 0
60000, 74083, 0, 0
61000, 71202, 0, 0
62000, 71127, 0, 0
63000, 74990, 0, 0
64000, 73472, 0, 0
65000, 73410, 0, 0
66000, 75478, 0, 0
67000, 74693, 0, 0
68000, 72558, 0, 0
69000, 71673, 0, 0
70000, 75053, 0, 0
71000, 72084, 0, 0
72000, 75710, 0, 0
73000, 72513, 0, 0
74000, 73603, 0, 0
75000, 72675, 0, 0
76000, 73601, 0, 0
77000, 71925, 0, 0
78000, 73364, 0, 0
79000, 70315, 0, 0
80000, 76183, 0, 0
81000, 70756, 0, 0
82000, 70405, 0, 0
83000, 73094, 0, 0
84000, 73151, 0, 0
85000, 71187, 0, 0
86000, 72752, 0, 0
87000, 69787, 0, 0
88000, 74805, 0, 0
89000, 89417, 0, 0
90000, 79497, 0, 0
91000, 80705, 0, 0
92000, 78844, 0, 0
93000, 79214, 0, 0
94000, 80079, 0, 0
95000, 81163, 0, 0
96000, 78029, 0, 0
97000, 90750, 0, 0
98000, 79604, 0, 0
99000, 81669, 0, 0
100000, 81579, 0, 0
101000, 82365, 0, 0
102000, 82230, 0, 0
103000, 590337, 0, 0
104000, 785515, 0, 0
105000, 807737, 0, 0
106000, 811259, 0, 0
107000, 813926, 0, 0
108000, 778310, 0, 0
109000, 774010, 0, 0
110000, 784755, 0, 0
111000, 766775, 0, 0
112000, 774614, 0, 0
113000, 761457, 0, 0
114000, 782670, 0, 0
115000, 766011, 0, 0
116000, 781666, 0, 0
117000, 772216, 0, 0
118000, 785521, 0, 0
119000, 763110, 0, 0
120000, 762838, 0, 0
121000, 763508, 0, 0
122000, 773042, 0, 0
123000, 758639, 0, 0
124000, 766771, 0, 0
125000, 768158, 0, 0
126000, 861605, 0, 0
127000, 780256, 0, 0
128000, 761278, 0, 0
129000, 778070, 0, 0
130000, 763475, 0, 0
131000, 763381, 0, 0
132000, 777073, 0, 0
133000, 814764, 0, 0
134000, 768494, 0, 0
135000, 778218, 0, 0
136000, 775907, 0, 0
137000, 766782, 0, 0
138000, 762683, 0, 0
139000, 782114, 0, 0
140000, 776743, 0, 0
141000, 786895, 0, 0
142000, 760961, 0, 0
143000, 768023, 0, 0
144000, 776553, 0, 0
145000, 765543, 0, 0
146000, 764194, 0, 0
147000, 765819, 0, 0
148000, 776388, 0, 0
149000, 775916, 0, 0
150000, 772262, 0, 0
151000, 769954, 0, 0
152000, 788155, 0, 0
153000, 782562, 0, 0
154000, 784901, 0, 0
155000, 767384, 0, 0
156000, 774209, 0, 0
157000, 771949, 0, 0
158000, 768199, 0, 0
159000, 773169, 0, 0
160000, 777011, 0, 0
161000, 777198, 0, 0
162000, 768943, 0, 0
163000, 759467, 0, 0
164000, 779364, 0, 0
165000, 770986, 0, 0
166000, 759730, 0, 0
167000, 772809, 0, 0
168000, 772133, 0, 0
169000, 777798, 0, 0
170000, 776945, 0, 0
171000, 764913, 0, 0
172000, 775923, 0, 0
173000, 772423, 0, 0
174000, 772068, 0, 0
175000, 784183, 0, 0
176000, 772505, 0, 0
177000, 823029, 0, 0
178000, 777792, 0, 0
179000, 773761, 0, 0
180000, 767428, 0, 0
181000, 778411, 0, 0
182000, 773538, 0, 0
183000, 775369, 0, 0
184000, 786904, 0, 0
185000, 761894, 0, 0
186000, 773357, 0, 0
187000, 776272, 0, 0
188000, 775643, 0, 0
189000, 769740, 0, 0
190001, 779258, 0, 0
191000, 772270, 0, 0
192000, 766981, 0, 0
193000, 771505, 0, 0
194000, 771494, 0, 0
195000, 759849, 0, 0
196000, 718911, 0, 0
197000, 380011, 0, 0
198000, 371842, 0, 0
199000, 379692, 0, 0
200000, 380167, 0, 0
201000, 388322, 0, 0
202000, 378995, 0, 0
203000, 384798, 0, 0
204000, 377850, 0, 0
205000, 379795, 0, 0
206000, 374904, 0, 0
207000, 380267, 0, 0
208000, 374203, 0, 0
209000, 387822, 0, 0
210000, 387001, 0, 0
211000, 378544, 0, 0
212000, 388144, 0, 0
213000, 390003, 0, 0
214000, 385265, 0, 0
215000, 380988, 0, 0
216000, 381997, 0, 0
217000, 381743, 0, 0
218000, 376164, 0, 0
219000, 385357, 0, 0
220000, 382877, 0, 0
221000, 429855, 0, 0
222000, 375624, 0, 0
223000, 378024, 0, 0
224000, 367303, 0, 0
225000, 378490, 0, 0
226000, 371798, 0, 0
227000, 377507, 0, 0
228000, 369570, 0, 0
229000, 373737, 0, 0
230000, 381321, 0, 0
231000, 381834, 0, 0
232000, 381357, 0, 0
233000, 382144, 0, 0
234000, 390973, 0, 0
235000, 379485, 0, 0
236000, 383903, 0, 0
237000, 383921, 0, 0
238000, 384389, 0, 0
239000, 380021, 0, 0
240000, 382616, 0, 0
241000, 379136, 0, 0
242000, 382840, 0, 0
243000, 384603, 0, 0
244000, 381485, 0, 0
245000, 380974, 0, 0
246000, 378437, 0, 0
247000, 378290, 0, 0
248000, 373899, 0, 0
249000, 388456, 0, 0
250000, 377474, 0, 0
251000, 372334, 0, 0
252000, 371633, 0, 0
253000, 380330, 0, 0
254000, 377978, 0, 0
255000, 375784, 0, 0
256000, 380705, 0, 0
257000, 379866, 0, 0
258000, 375423, 0, 0
259000, 375219, 0, 0
260000, 372632, 0, 0
261000, 380664, 0, 0
262000, 385980, 0, 0
263000, 380235, 0, 0
264000, 362021, 0, 0
265000, 405695, 0, 0
266000, 380736, 0, 0
267000, 372163, 0, 0
268000, 385366, 0, 0
269000, 374232, 0, 0
270000, 382531, 0, 0
271000, 383617, 0, 0
272000, 384892, 0, 0
273000, 376738, 0, 0
274000, 378105, 0, 0
275000, 384071, 0, 0
276000, 376414, 0, 0
277000, 381130, 0, 0
278000, 386301, 0, 0
279000, 383009, 0, 0
280000, 377629, 0, 0
281000, 387585, 0, 0
282000, 378790, 0, 0
283000, 372097, 0, 0
284000, 388300, 0, 0
285000, 375863, 0, 0
286000, 375478, 0, 0
287000, 376209, 0, 0
288000, 384486, 0, 0
289000, 373495, 0, 0
290000, 339385, 0, 0
291000, 340635, 0, 0
292000, 373742, 0, 0
293000, 370826, 0, 0
294000, 383263, 0, 0
295000, 378582, 0, 0
296000, 386872, 0, 0
297000, 379373, 0, 0
298000, 364729, 0, 0
299000, 371403, 0, 0
300000, 380437, 0, 0
301000, 384453, 0, 0
302000, 380713, 0, 0
303000, 379323, 0, 0
304000, 373974, 0, 0
305000, 371156, 0, 0
306000, 382902, 0, 0
307000, 371348, 0, 0
308000, 384310, 0, 0
309000, 376292, 0, 0
310000, 440137, 0, 0
311000, 375498, 0, 0
312000, 382283, 0, 0
313000, 367550, 0, 0
314000, 385308, 0, 0
315000, 381879, 0, 0
316000, 378343, 0, 0
317000, 384330, 0, 0
318000, 301257, 0, 0
319000, 104915, 0, 0
320000, 88672, 0, 0
321000, 78212, 0, 0
322000, 79673, 0, 0
323000, 78885, 0, 0
324000, 80320, 0, 0
325000, 81182, 0, 0
326000, 78832, 0, 0
327000, 83371, 0, 0
328000, 82935, 0, 0
329000, 78165, 0, 0
330000, 82549, 0, 0
331000, 80606, 0, 0
332000, 82092, 0, 0
333000, 80112, 0, 0
334000, 81032, 0, 0
335000, 79186, 0, 0
336000, 85213, 0, 0
337000, 83941, 0, 0
338000, 82922, 0, 0
339000, 82854, 0, 0
340000, 82340, 0, 0
341000, 81712, 0, 0
342000, 78776, 0, 0
343000, 79923, 0, 0
344000, 78586, 0, 0
345000, 84337, 0, 0
346000, 86512, 0, 0
347000, 81539, 0, 0
348000, 81208, 0, 0
349000, 83022, 0, 0
350000, 83930, 0, 0
351000, 80718, 0, 0
352000, 90387, 0, 0
353000, 79660, 0, 0
354000, 95187, 0, 0
355000, 78411, 0, 0
356000, 79057, 0, 0
357000, 79830, 0, 0
358000, 82529, 0, 0
359000, 81020, 0, 0
360000, 81618, 0, 0
361000, 81678, 0, 0
362000, 84061, 0, 0
363000, 79019, 0, 0
364000, 89495, 0, 0
365000, 82765, 0, 0
366000, 79053, 0, 0
367000, 93583, 0, 0
368000, 83572, 0, 0
369000, 87750, 0, 0
370000, 86361, 0, 0
371000, 84151, 0, 0
372000, 82088, 0, 0
373000, 82894, 0, 0
374000, 78602, 0, 0
375000, 79479, 0, 0
376000, 79619, 0, 0
377000, 84061, 0, 0
378000, 79744, 0, 0
379000, 84362, 0, 0
380000, 81984, 0, 0
381000, 89714, 0, 0
382000, 185787, 0, 0
383000, 791315, 0, 0
384000, 775100, 0, 0
385000, 774693, 0, 0
386000, 775035, 0, 0
387000, 770677, 0, 0
388000, 768606, 0, 0
389000, 774118, 0, 0
390000, 775953, 0, 0
391000, 785314, 0, 0
392000, 752744, 0, 0
393000, 776805, 0, 0
394000, 772609, 0, 0
395000, 782234, 0, 0
396000, 782336, 0, 0
397000, 764497, 0, 0
398000, 800594, 0, 0
399000, 823297, 0, 0
400000, 772896, 0, 0
401000, 779862, 0, 0
402000, 767761, 0, 0
403000, 761239, 0, 0
404000, 770899, 0, 0
405000, 770288, 0, 0
406000, 776789, 0, 0
407000, 783048, 0, 0
408000, 769381, 0, 0
409000, 767205, 0, 0
410000, 773042, 0, 0
411000, 781639, 0, 0
412000, 777084, 0, 0
413000, 771721, 0, 0
414000, 785114, 0, 0
415000, 788276, 0, 0
416000, 763773, 0, 0
417000, 766127, 0, 0
418000, 777653, 0, 0
419000, 786465, 0, 0
420000, 789324, 0, 0
421000, 782767, 0, 0
422000, 758139, 0, 0
423000, 781694, 0, 0
424000, 778058, 0, 0
425000, 765736, 0, 0
426000, 769037, 0, 0
427000, 778966, 0, 0
428000, 773316, 0, 0
429000, 765096, 0, 0
430000, 773099, 0, 0
431000, 763685, 0, 0
432000, 780247, 0, 0
433000, 780736, 0, 0
434000, 780130, 0, 0
435000, 768968, 0, 0
436000, 765549, 0, 0
437000, 765001, 0, 0
438000, 780807, 0, 0
439000, 766959, 0, 0
440000, 775648, 0, 0
441000, 774886, 0, 0
442000, 778811, 0, 0
443000, 927848, 0, 0
444000, 776680, 0, 0
445000, 783627, 0, 0
446000, 783637, 0, 0
447000, 770328, 0, 0
448000, 773833, 0, 0
449000, 767994, 0, 0
450000, 755368, 0, 0
451000, 771620, 0, 0
452000, 773651, 0, 0
453000, 775754, 0, 0
454000, 772633, 0, 0
455000, 763464, 0, 0
456000, 768508, 0, 0
457000, 773724, 0, 0
458000, 775760, 0, 0
459000, 781668, 0, 0
460000, 778089, 0, 0
461000, 769895, 0, 0
462000, 764172, 0, 0
463000, 765042, 0, 0
464000, 770079, 0, 0
465000, 776076, 0, 0
466000, 772516, 0, 0
467000, 775491, 0, 0
468000, 769818, 0, 0
469000, 660638, 0, 0
470000, 783876, 0, 0
471000, 779989, 0, 0
472000, 772665, 0, 0
473000, 771248, 0, 0
474000, 765574, 0, 0
475000, 778488, 0, 0
476000, 776918, 0, 0
477000, 774768, 0, 0
478000, 782925, 0, 0
479000, 775268, 0, 0
480000, 767450, 0, 0
481000, 785120, 0, 0
482000, 773680, 0, 0
483000, 773138, 0, 0
484000, 766670, 0, 0
485000, 775708, 0, 0
486000, 780329, 0, 0
487042, 856391, 0, 0
488000, 848042, 0, 0
489000, 768906, 0, 0
490000, 783773, 0, 0
491000, 772126, 0, 0
492000, 694688, 0, 0
493000, 670157, 0, 0
494000, 775612, 0, 0
495000, 768493, 0, 0
496000, 762732, 0, 0
497000, 770278, 0, 0
498018, 778756, 0, 0
499000, 785179, 0, 0
500000, 779339, 0, 0
501000, 744995, 0, 0
502000, 782124, 0, 0
503000, 779571, 0, 0
504000, 777987, 0, 0
505000, 774030, 0, 0
506000, 782817, 0, 0
507000, 764902, 0, 0
508000, 771331, 0, 0
509000, 780552, 0, 0
510000, 774913, 0, 0
511000, 767221, 0, 0
512001, 761915, 0, 0
513000, 778661, 0, 0
514000, 786240, 0, 0
515000, 784305, 0, 0
516000, 795188, 0, 0
517000, 792797, 0, 0
518000, 792347, 0, 0
519000, 778625, 0, 0
520000, 778265, 0, 0
521000, 786152, 0, 0
522000, 775979, 0, 0
523000, 816692, 0, 0
524000, 776173, 0, 0
525000, 783157, 0, 0
526000, 768037, 0, 0
527000, 793077, 0, 0
528000, 794947, 0, 0
529000, 786471, 0, 0
530000, 781886, 0, 0
531000, 789596, 0, 0
532009, 906973, 0, 0
533000, 818468, 0, 0
534000, 794512, 0, 0
535000, 796144, 0, 0
536000, 805847, 0, 0
537000, 797726, 0, 0
538000, 824763, 0, 0
539000, 804954, 0, 0
540000, 785641, 0, 0
541000, 794743, 0, 0
542000, 776805, 0, 0
543000, 797522, 0, 0
544000, 811240, 0, 0
545000, 800156, 0, 0
546000, 774134, 0, 0
547000, 783387, 0, 0
548000, 792076, 0, 0
549000, 777412, 0, 0
550000, 786589, 0, 0
551000, 777516, 0, 0
552000, 782220, 0, 0
553000, 790199, 0, 0
554000, 783024, 0, 0
555000, 788004, 0, 0
556000, 784190, 0, 0
557000, 774788, 0, 0
558000, 773686, 0, 0
559000, 783051, 0, 0
560000, 776041, 0, 0
561000, 774413, 0, 0
562000, 786021, 0, 0
563000, 778670, 0, 0
564000, 778295, 0, 0
565000, 781014, 0, 0
566000, 789034, 0, 0
567000, 787804, 0, 0
568000, 778087, 0, 0
569000, 787710, 0, 0
570000, 780344, 0, 0
571000, 784538, 0, 0
572000, 785031, 0, 0
573000, 791710, 0, 0
574000, 782606, 0, 0
575000, 782907, 0, 0
576000, 784215, 0, 0
577000, 943588, 0, 0
578000, 789245, 0, 0
579000, 790396, 0, 0
580000, 767467, 0, 0
581000, 778344, 0, 0
582000, 780075, 0, 0
583000, 789991, 0, 0
584000, 784755, 0, 0
585000, 775978, 0, 0
586000, 793103, 0, 0
587000, 791505, 0, 0
588000, 783308, 0, 0
589000, 669482, 0, 0
590000, 337710, 0, 0
591000, 327760, 0, 0
592000, 330207, 0, 0
593000, 333415, 0, 0
594000, 335409, 0, 0
595000, 339867, 0, 0
596000, 340551, 0, 0
597000, 363682, 0, 0
598000, 382726, 0, 0
599000, 336456, 0, 0
600000, 336474, 0, 0
601000, 343435, 0, 0
602000, 326901, 0, 0
603000, 321513, 0, 0
604000, 332523, 0, 0
605000, 345855, 0, 0
606000, 332730, 0, 0
607000, 344030, 0, 0
608000, 333419, 0, 0
609000, 318134, 0, 0
610000, 334140, 0, 0
611000, 319780, 0, 0
612000, 327655, 0, 0
613000, 322379, 0, 0
614000, 334320, 0, 0
615000, 302465, 0, 0
616000, 324030, 0, 0
617000, 315436, 0, 0
618000, 323162, 0, 0
619000, 316046, 0, 0
620000, 322020, 0, 0
621000, 310893, 0, 0
622000, 498334, 0, 0
623000, 329949, 0, 0
624000, 320875, 0, 0
625000, 327769, 0, 0
626000, 310737, 0, 0
627000, 313745, 0, 0
628000, 319806, 0, 0
629000, 316521, 0, 0
630000, 319554, 0, 0
631000, 329846, 0, 0
632000, 290834, 0, 0
633000, 313024, 0, 0
634000, 302441, 0, 0
635000, 318030, 0, 0
636000, 297287, 0, 0
637000, 304674, 0, 0
638000, 293352, 0, 0
639000, 307054, 0, 0
640000, 298607, 0, 0
641000, 303649, 0, 0
642000, 316695, 0, 0
643000, 288385, 0, 0
644000, 288574, 0, 0
645000, 331994, 0, 0
646000, 304232, 0, 0
647000, 314435, 0, 0
648000, 312434, 0, 0
649000, 287933, 0, 0
650000, 294656, 0, 0
651000, 308713, 0, 0
652000, 311794, 0, 0
653000, 296147, 0, 0
654000, 303779, 0, 0
655000, 318021, 0, 0
656000, 291773, 0, 0
657000, 298262, 0, 0
658000, 301086, 0, 0
659000, 301898, 0, 0
660000, 297157, 0, 0
661000, 314183, 0, 0
662000, 310642, 0, 0
663000, 305486, 0, 0
664000, 285890, 0, 0
665000, 284233, 0, 0
666030, 384122, 0, 0
667000, 352256, 0, 0
668000, 283661, 0, 0
669000, 316626, 0, 0
670000, 298851, 0, 0
671000, 296367, 0, 0
672000, 286399, 0, 0
673000, 280905, 0, 0
674000, 286866, 0, 0
675000, 303358, 0, 0
676000, 307035, 0, 0
677000, 296968, 0, 0
678000, 290264, 0, 0
679000, 302528, 0, 0
680000, 296180, 0, 0
681000, 289307, 0, 0
682000, 296429, 0, 0
683000, 354959, 0, 0
684000, 312138, 0, 0
685000, 245430, 0, 0
686000, 241557, 0, 0
687000, 246036, 0, 0
688000, 246439, 0, 0
689000, 249101, 0, 0
690000, 245205, 0, 0
691000, 249874, 0, 0
692000, 248556, 0, 0
693000, 241680, 0, 0
694000, 242417, 0, 0
695000, 243315, 0, 0
696000, 251667, 0, 0
697000, 243321, 0, 0
698000, 246207, 0, 0
699000, 245763, 0, 0
700000, 254352, 0, 0
701000, 246614, 0, 0
702000, 253846, 0, 0
703000, 256553, 0, 0
704000, 253967, 0, 0
705000, 260990, 0, 0
706000, 250241, 0, 0
707000, 244208, 0, 0
708000, 253258, 0, 0
709000, 250352, 0, 0
710000, 250675, 0, 0
711000, 353481, 0, 0
712000, 241295, 0, 0
713000, 250549, 0, 0
714000, 244082, 0, 0
715000, 249634, 0, 0
716000, 240390, 0, 0
717000, 247465, 0, 0
718000, 252931, 0, 0
719000, 244348, 0, 0
720000, 246677, 0, 0
721000, 250796, 0, 0
722000, 251557, 0, 0
723000, 247492, 0, 0
724000, 246331, 0, 0
725000, 262336, 0, 0
726000, 243951, 0, 0
727000, 250782, 0, 0
728000, 243590, 0, 0
729000, 248898, 0, 0
730000, 243632, 0, 0
731000, 250658, 0, 0
732000, 244153, 0, 0
733000, 246520, 0, 0
734000, 246449, 0, 0
735000, 243597, 0, 0
736000, 246000, 0, 0
737000, 250394, 0, 0
738000, 245068, 0, 0
739000, 245417, 0, 0
740000, 244062, 0, 0
741000, 238884, 0, 0
742000, 242776, 0, 0
743000, 250880, 0, 0
744000, 253386, 0, 0
745000, 244833, 0, 0
746000, 241066, 0, 0
747000, 245378, 0, 0
748000, 241510, 0, 0
749000, 244702, 0, 0
750000, 244289, 0, 0
751000, 261773, 0, 0
752000, 250723, 0, 0
753000, 244094, 0, 0
754000, 248782, 0, 0
755004, 286520, 0, 0
756000, 336013, 0, 0
757000, 252521, 0, 0
758000, 293083, 0, 0
759000, 674350, 0, 0
760000, 697574, 0, 0
761000, 705557, 0, 0
762000, 695701, 0, 0
763000, 681313, 0, 0
764000, 667228, 0, 0
765000, 677662, 0, 0
766000, 686680, 0, 0
767000, 671953, 0, 0
768000, 690096, 0, 0
769000, 702143, 0, 0
770000, 699783, 0, 0
771000, 687030, 0, 0
772000, 686498, 0, 0
773000, 706804, 0, 0
774000, 713635, 0, 0
775000, 684238, 0, 0
776000, 692472, 0, 0
777000, 684573, 0, 0
778000, 697264, 0, 0
779000, 702154, 0, 0
780000, 696764, 0, 0
781000, 698350, 0, 0
782000, 694650, 0, 0
783000, 703885, 0, 0
784000, 691337, 0, 0
785000, 688981, 0, 0
786000, 670548, 0, 0
787000, 681789, 0, 0
788000, 773400, 0, 0
789000, 783497, 0, 0
790000, 770359, 0, 0
791000, 771079, 0, 0
792000, 783380, 0, 0
793000, 772578, 0, 0
794000, 766756, 0, 0
795000, 778264, 0, 0
796000, 770151, 0, 0
797000, 779919, 0, 0
798000, 782272, 0, 0
799000, 769562, 0, 0
800000, 843072, 0, 0
801000, 755912, 0, 0
802000, 771075, 0, 0
803000, 771459, 0, 0
804000, 753757, 0, 0
805000, 777535, 0, 0
806000, 761460, 0, 0
807000, 765951, 0, 0
808000, 806731, 0, 0
809000, 763578, 0, 0
810000, 809079, 0, 0
811000, 831559, 0, 0
812000, 819446, 0, 0
813000, 816675, 0, 0
814000, 811072, 0, 0
815000, 820231, 0, 0
816000, 807576, 0, 0
817000, 794561, 0, 0
818000, 807632, 0, 0
819000, 817108, 0, 0
820000, 805088, 0, 0
821000, 807992, 0, 0
822001, 800011, 0, 0
823000, 812042, 0, 0
824000, 832948, 0, 0
825000, 825369, 0, 0
826000, 828597, 0, 0
827001, 829306, 0, 0
828000, 825253, 0, 0
829000, 829207, 0, 0
830000, 808561, 0, 0
831000, 815978, 0, 0
832000, 805817, 0, 0
833000, 780328, 0, 0
834000, 802470, 0, 0
835000, 827116, 0, 0
836000, 827013, 0, 0
837000, 821296, 0, 0
838000, 807425, 0, 0
839000, 811036, 0, 0
840000, 812256, 0, 0
841000, 808678, 0, 0
842000, 808307, 0, 0
843000, 816395, 0, 0
844008, 824778, 0, 0
845000, 955034, 0, 0
846000, 809578, 0, 0
847000, 796935, 0, 0
848000, 821455, 0, 0
849000, 799532, 0, 0
850000, 820648, 0, 0
851000, 807649, 0, 0
852000, 808867, 0, 0
853000, 798652, 0, 0
854000, 812080, 0, 0
855001, 809063, 0, 0
856000, 810585, 0, 0
857000, 821015, 0, 0
858001, 819998, 0, 0
859000, 819081, 0, 0
860000, 803598, 0, 0
861000, 828203, 0, 0
862000, 809578, 0, 0
863000, 820436, 0, 0
864000, 802899, 0, 0
865000, 793705, 0, 0
866000, 815294, 0, 0
867000, 821862, 0, 0
868000, 817352, 0, 0
869000, 799229, 0, 0
870000, 812038, 0, 0
871000, 811263, 0, 0
872000, 805778, 0, 0
873000, 802587, 0, 0
874000, 808624, 0, 0
875000, 798058, 0, 0
876000, 799060, 0, 0
877000, 809309, 0, 0
878000, 819607, 0, 0
879000, 786804, 0, 0
880000, 815632, 0, 0
881000, 802119, 0, 0
882000, 819682, 0, 0
883000, 823418, 0, 0
884000, 815782, 0, 0
885000, 797178, 0, 0
886000, 823319, 0, 0
887000, 805500, 0, 0
888000, 805524, 0, 0
889015, 867932, 0, 0
890000, 880468, 0, 0
891000, 817444, 0, 0
892000, 803726, 0, 0
893000, 820518, 0, 0
894000, 805928, 0, 0
895000, 811675, 0, 0
896000, 806609, 0, 0
897000, 816482, 0, 0
898000, 810324, 0, 0
899000, 832178, 0, 0
900000, 818500, 0, 0
901000, 807272, 0, 0
902000, 812105, 0, 0
903000, 813324, 0, 0
904000, 825433, 0, 0
905000, 823525, 0, 0
906000, 815966, 0, 0
907000, 826858, 0, 0
908000, 827940, 0, 0
909000, 828441, 0, 0
910000, 827774, 0, 0
911000, 838426, 0, 0
912000, 841604, 0, 0
913000, 835272, 0, 0
914000, 840514, 0, 0
915000, 827537, 0, 0
916000, 829679, 0, 0
917000, 826896, 0, 0
918000, 829659, 0, 0
919000, 843303, 0, 0
920000, 837794, 0, 0
921000, 835038, 0, 0
922000, 816538, 0, 0
923000, 826551, 0, 0
924000, 834171, 0, 0
925000, 837651, 0, 0
926000, 854141, 0, 0
927000, 851284, 0, 0
928000, 852262, 0, 0
929000, 858839, 0, 0
930000, 860663, 0, 0
931000, 841025, 0, 0
932000, 840345, 0, 0
933000, 836102, 0, 0
934000, 1027906, 0, 0
935000, 843883, 0, 0
936000, 849813, 0, 0
937000, 857903, 0, 0
938000, 845846, 0, 0
939000, 838751, 0, 0
940000, 839245, 0, 0
941000, 923484, 0, 0
942000, 851867, 0, 0
943000, 857531, 0, 0
944000, 847656, 0, 0
945000, 848306, 0, 0
946000, 847215, 0, 0
947000, 843145, 0, 0
948000, 845325, 0, 0
949000, 843914, 0, 0
950000, 852904, 0, 0
951000, 838101, 0, 0
952000, 845995, 0, 0
953000, 840437, 0, 0
954000, 843922, 0, 0
955000, 852252, 0, 0
956000, 846558, 0, 0
957000, 887368, 0, 0
958000, 848209, 0, 0
959000, 849062, 0, 0
960000, 846418, 0, 0
961000, 849914, 0, 0
962000, 849343, 0, 0
963000, 833532, 0, 0
964000, 842449, 0, 0
965000, 851126, 0, 0
966000, 847618, 0, 0
967000, 839785, 0, 0
968000, 847665, 0, 0
969000, 835453, 0, 0
970000, 847089, 0, 0
971000, 852844, 0, 0
972000, 828326, 0, 0
973000, 842254, 0, 0
974000, 853496, 0, 0
975000, 834526, 0, 0
976000, 373539, 0, 0
977000, 465941, 0, 0
978000, 474069, 0, 0
979000, 466066, 0, 0
980000, 417474, 0, 0
981000, 393370, 0, 0
982000, 411429, 0, 0
983000, 389658, 0, 0
984000, 395893, 0, 0
985000, 400644, 0, 0
986000, 367055, 0, 0
987000, 393162, 0, 0
988000, 377059, 0, 0
989000, 404634, 0, 0
990000, 365984, 0, 0
991000, 373181, 0, 0
992000, 403085, 0, 0
993000, 397563, 0, 0
994000, 390443, 0, 0
995000, 394269, 0, 0
996000, 414685, 0, 0
997000, 414326, 0, 0
998000, 384011, 0, 0
999000, 385854, 0, 0
1000000, 365072, 0, 0
1001000, 416681, 0, 0
1002000, 380269, 0, 0
1003000, 383636, 0, 0
1004000, 387948, 0, 0
1005000, 394101, 0, 0
1006000, 382145, 0, 0
1007000, 370892, 0, 0
1008000, 399035, 0, 0
1009000, 393417, 0, 0
1010000, 399640, 0, 0
1011000, 384500, 0, 0
1012000, 415809, 0, 0
1013000, 377921, 0, 0
1014000, 391240, 0, 0
1015000, 404982, 0, 0
1016000, 391206, 0, 0
1017000, 395034, 0, 0
1018000, 379796, 0, 0
1019000, 389079, 0, 0
1020000, 400212, 0, 0
1021000, 393944, 0, 0
1022000, 384524, 0, 0
1023000, 476846, 0, 0
1024000, 395313, 0, 0
1025000, 389752, 0, 0
1026000, 381387, 0, 0
1027000, 380854, 0, 0
1028000, 395925, 0, 0
1029000, 388407, 0, 0
1030000, 393549, 0, 0
1031000, 395109, 0, 0
1032000, 411782, 0, 0
1033000, 407526, 0, 0
1034000, 421587, 0, 0
1035000, 409326, 0, 0
1036001, 397762, 0, 0
1037000, 357887, 0, 0
1038000, 412991, 0, 0
1039000, 396590, 0, 0
1040000, 387757, 0, 0
1041001, 411516, 0, 0
1042000, 410936, 0, 0
1043000, 426038, 0, 0
1044000, 403358, 0, 0
1045000, 442325, 0, 0
1046000, 437540, 0, 0
1047000, 429062, 0, 0
1048000, 459025, 0, 0
1049000, 472105, 0, 0
1050000, 452905, 0, 0
1051000, 480917, 0, 0
1052000, 459561, 0, 0
1053000, 468246, 0, 0
1054000, 464356, 0, 0
1055000, 439762, 0, 0
1056000, 448962, 0, 0
1057000, 439179, 0, 0
1058000, 458734, 0, 0
1059000, 437668, 0, 0
1060000, 415587, 0, 0
1061000, 453128, 0, 0
1062000, 466763, 0, 0
1063000, 473728, 0, 0
1064000, 457124, 0, 0
1065000, 441640, 0, 0
1066000, 473813, 0, 0
1067000, 462784, 0, 0
1068000, 531063, 0, 0
1069000, 442516, 0, 0
1070000, 456273, 0, 0
1071000, 441700, 0, 0
1072000, 432957, 0, 0
1073000, 458002, 0, 0
1074000, 446658, 0, 0
1075000, 453322, 0, 0
1076000, 466083, 0, 0
1077000, 444641, 0, 0
1078000, 461106, 0, 0
1079000, 249157, 0, 0
1080000, 181978, 0, 0
1081000, 135942, 0, 0
1082000, 81886, 0, 0
1083000, 92035, 0, 0
1084000, 86586, 0, 0
1085000, 84371, 0, 0
1086000, 87664, 0, 0
1087000, 85096, 0, 0
1088000, 85215, 0, 0
1089000, 83271, 0, 0
1090000, 81266, 0, 0
1091000, 82045, 0, 0
1092000, 81926, 0, 0
1093000, 90907, 0, 0
1094000, 83247, 0, 0
1095000, 87377, 0, 0
1096000, 77350, 0, 0
1097000, 81190, 0, 0
1098000, 78150, 0, 0
1099000, 79091, 0, 0
1100000, 77152, 0, 0
1101000, 74942, 0, 0
1102000, 75977, 0, 0
1103000, 76757, 0, 0
1104000, 79273, 0, 0
1105000, 78891, 0, 0
1106000, 78771, 0, 0
1107000, 78889, 0, 0
1108000, 81146, 0, 0
1109000, 80349, 0, 0
1110000, 76149, 0, 0
1111000, 84120, 0, 0
1112000, 78503, 0, 0
1113000, 126139, 0, 0
1114000, 74740, 0, 0
1115000, 76275, 0, 0
1116000, 80202, 0, 0
1117000, 78090, 0, 0
1118000, 82237, 0, 0
1119000, 329209, 0, 0
1120000, 683578, 0, 0
1121000, 679882, 0, 0
1122000, 687337, 0, 0
1123000, 664756, 0, 0
1124000, 673988, 0, 0
1125000, 674247, 0, 0
1126000, 682667, 0, 0
1127000, 670045, 0, 0
1128000, 675130, 0, 0
1129000, 669521, 0, 0
1130000, 671517, 0, 0
1131000, 672703, 0, 0
1132000, 678108, 0, 0
1133000, 664007, 0, 0
1134000, 676617, 0, 0
1135000, 669355, 0, 0
1136000, 678057, 0, 0
1137000, 674512, 0, 0
1138000, 669343, 0, 0
1139000, 661582, 0, 0
1140000, 681123, 0, 0
1141000, 667996, 0, 0
1142000, 667747, 0, 0
1143000, 670798, 0, 0
1144000, 681075, 0, 0
1145000, 665649, 0, 0
1146000, 676111, 0, 0
1147000, 690156, 0, 0
1148000, 670563, 0, 0
1149000, 684139, 0, 0
1150000, 681032, 0, 0
1151000, 678831, 0, 0
1152000, 676275, 0, 0
1153000, 673658, 0, 0
1154000, 678018, 0, 0
1155000, 666480, 0, 0
1156000, 681026, 0, 0
1157000, 806469, 0, 0
1158000, 714266, 0, 0
1159000, 677638, 0, 0
1160000, 667304, 0, 0
1161000, 686761, 0, 0
1162000, 637082, 0, 0
1163000, 663037, 0, 0
1164000, 674871, 0, 0
1165000, 677094, 0, 0
1166000, 676668, 0, 0
1167000, 682208, 0, 0
1168000, 683765, 0, 0
1169000, 682343, 0, 0
1170000, 673862, 0, 0
1171000, 681517, 0, 0
1172000, 670806, 0, 0
1173000, 664636, 0, 0
1174000, 691196, 0, 0
1175000, 674764, 0, 0
1176000, 673002, 0, 0
1177000, 563043, 0, 0
1178000, 659375, 0, 0
1179000, 677550, 0, 0
1180000, 678067, 0, 0
1181000, 678963, 0, 0
1182000, 678230, 0, 0
1183000, 670633, 0, 0
1184000, 682228, 0, 0
1185000, 671116, 0, 0
1186000, 671744, 0, 0
1187000, 665066, 0, 0
1188000, 662159, 0, 0
1189000, 674737, 0, 0
1190000, 674671, 0, 0
1191000, 678200, 0, 0
1192000, 681498, 0, 0
1193001, 677271, 0, 0
1194000, 688806, 0, 0
1195000, 683408, 0, 0
1196000, 679258, 0, 0
1197000, 679690, 0, 0
1198000, 664765, 0, 0
1199000, 680444, 0, 0
1200000, 670738, 0, 0
1201000, 669262, 0, 0
1202000, 844473, 0, 0
1203000, 674688, 0, 0
1204000, 682743, 0, 0
1205000, 689346, 0, 0
1206000, 666881, 0, 0
1207000, 663762, 0, 0
1208000, 669325, 0, 0
1209000, 679122, 0, 0
1210000, 670342, 0, 0
1211000, 664459, 0, 0
1212000, 681879, 0, 0
1213000, 675528, 0, 0
1214000, 670784, 0, 0
1215000, 673840, 0, 0
1216000, 671027, 0, 0
1217000, 671024, 0, 0
1218000, 682120, 0, 0
1219000, 666485, 0, 0
1220000, 668960, 0, 0
1221000, 676410, 0, 0
1222000, 667314, 0, 0
1223000, 682628, 0, 0
1224000, 676472, 0, 0
1225000, 453912, 0, 0
1226000, 368791, 0, 0
1227000, 374978, 0, 0
1228000, 380117, 0, 0
1229000, 370140, 0, 0
1230000, 283330, 0, 0
1231000, 283869, 0, 0
1232000, 303179, 0, 0
1233000, 295453, 0, 0
1234000, 283908, 0, 0
1235000, 304389, 0, 0
1236000, 301584, 0, 0
1237000, 301894, 0, 0
1238000, 312138, 0, 0
1239000, 296929, 0, 0
1240000, 292964, 0, 0
1241000, 292137, 0, 0
1242000, 293060, 0, 0
1243000, 294030, 0, 0
1244000, 293490, 0, 0
1245001, 306926, 0, 0
1246000, 299673, 0, 0
1247000, 388259, 0, 0
1248000, 296075, 0, 0
1249000, 286907, 0, 0
1250000, 288455, 0, 0
1251000, 297950, 0, 0
1252000, 290717, 0, 0
1253000, 307758, 0, 0
1254000, 293643, 0, 0
1255000, 288816, 0, 0
1256000, 283083, 0, 0
1257000, 295858, 0, 0
1258000, 298554, 0, 0
1259000, 296832, 0, 0
1260000, 297370, 0, 0
1261000, 293967, 0, 0
1262000, 299164, 0, 0
1263000, 289216, 0, 0
1264000, 302071, 0, 0
1265000, 293166, 0, 0
1266000, 288244, 0, 0
1267000, 281508, 0, 0
1268000, 302408, 0, 0
1269000, 291162, 0, 0
1270000, 287886, 0, 0
1271000, 279109, 0, 0
1272000, 289545, 0, 0
1273000, 294494, 0, 0
1274000, 292736, 0, 0
1275000, 290244, 0, 0
1276000, 303537, 0, 0
1277000, 291397, 0, 0
1278000, 290300, 0, 0
1279000, 291130, 0, 0
1280000, 290738, 0, 0
1281000, 286103, 0, 0
1282000, 290505, 0, 0
1283000, 295048, 0, 0
1284000, 296039, 0, 0
1285000, 303463, 0, 0
1286000, 309699, 0, 0
1287000, 294461, 0, 0
1288000, 285512, 0, 0
1289000, 287933, 0, 0
1290000, 299012, 0, 0
1291000, 330664, 0, 0
1292000, 314668, 0, 0
1293000, 298943, 0, 0
1294000, 285986, 0, 0
1295000, 292742, 0, 0
1296000, 300987, 0, 0
1297000, 284986, 0, 0
1298000, 306602, 0, 0
1299000, 293632, 0, 0
1300000, 271249, 0, 0
1301000, 292961, 0, 0
1302000, 293181, 0, 0
1303000, 300873, 0, 0
1304000, 306513, 0, 0
1305000, 279317, 0, 0
1306000, 292983, 0, 0
1307000, 291674, 0, 0
1308000, 287506, 0, 0
1309000, 285172, 0, 0
1310000, 274033, 0, 0
1311000, 294818, 0, 0
1312000, 282851, 0, 0
1313000, 283431, 0, 0
1314000, 286267, 0, 0
1315000, 292397, 0, 0
1316000, 288131, 0, 0
1317000, 293434, 0, 0
1318000, 297884, 0, 0
1319000, 294213, 0, 0
1320000, 299425, 0, 0
1321000, 297987, 0, 0
1322000, 283889, 0, 0
1323000, 279916, 0, 0
1324000, 296643, 0, 0
1325000, 297585, 0, 0
1326000, 289703, 0, 0
1327000, 301723, 0, 0
1328000, 294590, 0, 0
1329000, 288706, 0, 0
1330000, 294782, 0, 0
1331000, 284343, 0, 0
1332000, 287280, 0, 0
1333000, 291432, 0, 0
1334000, 276398, 0, 0
1335000, 291140, 0, 0
1336000, 404899, 0, 0
1337000, 290385, 0, 0
1338000, 286871, 0, 0
1339000, 290983, 0, 0
1340000, 280575, 0, 0
1341000, 282719, 0, 0
1342000, 284880, 0, 0
1343000, 282995, 0, 0
1344000, 288656, 0, 0
1345000, 281556, 0, 0
1346000, 288650, 0, 0
1347000, 282782, 0, 0
1348000, 281254, 0, 0
1349000, 297936, 0, 0
1350000, 290792, 0, 0
1351000, 295814, 0, 0
1352000, 301586, 0, 0
1353000, 262491, 0, 0
1354000, 286773, 0, 0
1355000, 289991, 0, 0
1356000, 283320, 0, 0
1357000, 306552, 0, 0
1358000, 286734, 0, 0
1359000, 295023, 0, 0
1360000, 294440, 0, 0
1361000, 307888, 0, 0
1362000, 292259, 0, 0
1363000, 289546, 0, 0
1364000, 297850, 0, 0
1365000, 298640, 0, 0
1366000, 279813, 0, 0
1367000, 311079, 0, 0
1368000, 366036, 0, 0
1369000, 281612, 0, 0
1370000, 233623, 0, 0
1371000, 275703, 0, 0
1372000, 278815, 0, 0
1373000, 292354, 0, 0
1374000, 294397, 0, 0
1375000, 306079, 0, 0
1376000, 291564, 0, 0
1377000, 289090, 0, 0
1378000, 289294, 0, 0
1379000, 281893, 0, 0
1380000, 341815, 0, 0
1381000, 318815, 0, 0
1382000, 294725, 0, 0
1383000, 288551, 0, 0
1384000, 293667, 0, 0
1385000, 300417, 0, 0
1386000, 282382, 0, 0
1387000, 291745, 0, 0
1388000, 291367, 0, 0
1389000, 304618, 0, 0
1390000, 290774, 0, 0
1391000, 295955, 0, 0
1392000, 305134, 0, 0
1393000, 296200, 0, 0
1394000, 292393, 0, 0
1395000, 285363, 0, 0
1396000, 309021, 0, 0
1397000, 291604, 0, 0
1398000, 302942, 0, 0
1399000, 294797, 0, 0
1400000, 286436, 0, 0
1401000, 294566, 0, 0
1402000, 299913, 0, 0
1403000, 289296, 0, 0
1404000, 291554, 0, 0
1405000, 302179, 0, 0
1406000, 295230, 0, 0
1407000, 305699, 0, 0
1408000, 306588, 0, 0
1409000, 290933, 0, 0
1410000, 285376, 0, 0
1411001, 339899, 0, 0
1412000, 382915, 0, 0
1413000, 286260, 0, 0
1414000, 289746, 0, 0
1415000, 291015, 0, 0
1416000, 294900, 0, 0
1417000, 282667, 0, 0
1418000, 299789, 0, 0
1419000, 295739, 0, 0
1420000, 297981, 0, 0
1421000, 287062, 0, 0
1422000, 295907, 0, 0
1423000, 274716, 0, 0
1424000, 293443, 0, 0
1425000, 409084, 0, 0
1426000, 292260, 0, 0
1427000, 301256, 0, 0
1428000, 295626, 0, 0
1429000, 298161, 0, 0
1430000, 297964, 0, 0
1431000, 296462, 0, 0
1432000, 286792, 0, 0
1433000, 298462, 0, 0
1434000, 283057, 0, 0
1435000, 283137, 0, 0
1436000, 292272, 0, 0
1437000, 297186, 0, 0
1438000, 293106, 0, 0
1439000, 286472, 0, 0
1440000, 285595, 0, 0
1441000, 283528, 0, 0
1442000, 292488, 0, 0
1443000, 287513, 0, 0
1444000, 277726, 0, 0
1445000, 302164, 0, 0
1446000, 287190, 0, 0
1447000, 277164, 0, 0
1448000, 297297, 0, 0
1449000, 295488, 0, 0
1450000, 289978, 0, 0
1451000, 298829, 0, 0
1452000, 293816, 0, 0
1453000, 280333, 0, 0
1454000, 292260, 0, 0
1455000, 299288, 0, 0
1456000, 303467, 0, 0
1457000, 287319, 0, 0
1458000, 293689, 0, 0
1459000, 292693, 0, 0
1460000, 291813, 0, 0
1461000, 299166, 0, 0
1462000, 289705, 0, 0
1463000, 290974, 0, 0
1464000, 296482, 0, 0
1465000, 292489, 0, 0
1466000, 279007, 0, 0
1467000, 290528, 0, 0
1468000, 300622, 0, 0
1469028, 309335, 0, 0
1470000, 405323, 0, 0
1471000, 279803, 0, 0
1472000, 298970, 0, 0
1473000, 297521, 0, 0
1474000, 300936, 0, 0
1475000, 285386, 0, 0
1476001, 294211, 0, 0
1477000, 292377, 0, 0
1478000, 288191, 0, 0
1479000, 302869, 0, 0
1480000, 313264, 0, 0
1481000, 294893, 0, 0
1482000, 287810, 0, 0
1483000, 284042, 0, 0
1484000, 293328, 0, 0
1485000, 304155, 0, 0
1486000, 295993, 0, 0
1487000, 296502, 0, 0
1488000, 290519, 0, 0
1489000, 282819, 0, 0
1490000, 293303, 0, 0
1491000, 305230, 0, 0
1492000, 299907, 0, 0
1493000, 291352, 0, 0
1494000, 296288, 0, 0
1495000, 295527, 0, 0
1496000, 294276, 0, 0
1497000, 304968, 0, 0
1498000, 277651, 0, 0
1499000, 273129, 0, 0
1500000, 281915, 0, 0
1501000, 290203, 0, 0
1502000, 295309, 0, 0
1503000, 295705, 0, 0
1504000, 296006, 0, 0
1505000, 304129, 0, 0
1506000, 302075, 0, 0
1507000, 300962, 0, 0
1508000, 290953, 0, 0
1509000, 297332, 0, 0
1510000, 295297, 0, 0
1511000, 287672, 0, 0
1512000, 295316, 0, 0
1513000, 302008, 0, 0
1514002, 347310, 0, 0
1515000, 323335, 0, 0
1516000, 297606, 0, 0
1517000, 279424, 0, 0
1518000, 295632, 0, 0
1519000, 297701, 0, 0
1520000, 282154, 0, 0
1521000, 284579, 0, 0
1522000, 299303, 0, 0
1523000, 284196, 0, 0
1524000, 286517, 0, 0
1525000, 280513, 0, 0
1526000, 271963, 0, 0
1527000, 276515, 0, 0
1528000, 306042, 0, 0
1529000, 288038, 0, 0
1530000, 270646, 0, 0
1531000, 270328, 0, 0
1532000, 278493, 0, 0
1533000, 289358, 0, 0
1534000, 295207, 0, 0
1535000, 289228, 0, 0
1536000, 297580, 0, 0
1537000, 288944, 0, 0
1538000, 301511, 0, 0
1539000, 284952, 0, 0
1540000, 290793, 0, 0
1541000, 278107, 0, 0
1542000, 294424, 0, 0
1543000, 274320, 0, 0
1544000, 297283, 0, 0
1545000, 279933, 0, 0
1546000, 256896, 0, 0
1547000, 254210, 0, 0
1548001, 296103, 0, 0
1549000, 290031, 0, 0
1550000, 293674, 0, 0
1551000, 290666, 0, 0
1552000, 277429, 0, 0
1553000, 286870, 0, 0
1554000, 290961, 0, 0
1555000, 292298, 0, 0
1556000, 284227, 0, 0
1557000, 275660, 0, 0
1558000, 269841, 0, 0
1559000, 399072, 0, 0
1560000, 269496, 0, 0
1561000, 276577, 0, 0
1562000, 266241, 0, 0
1563000, 272790, 0, 0
1564000, 274899, 0, 0
1565000, 272245, 0, 0
1566000, 257255, 0, 0
1567000, 285011, 0, 0
1568000, 280991, 0, 0
1569000, 267579, 0, 0
1570000, 286464, 0, 0
1571000, 286540, 0, 0
1572000, 281260, 0, 0
1573000, 288380, 0, 0
1574000, 285481, 0, 0
1575000, 257957, 0, 0
1576000, 286206, 0, 0
1577000, 280664, 0, 0
1578000, 281334, 0, 0
1579000, 270997, 0, 0
1580000, 275257, 0, 0
1581000, 265675, 0, 0
1582000, 277163, 0, 0
1583000, 277088, 0, 0
1584000, 277546, 0, 0
1585000, 256447, 0, 0
1586000, 270379, 0, 0
1587000, 290959, 0, 0
1588000, 279279, 0, 0
1589000, 268732, 0, 0
1590000, 274686, 0, 0
1591000, 258241, 0, 0
1592001, 280674, 0, 0
1593000, 287091, 0, 0
1594000, 284854, 0, 0
1595000, 288530, 0, 0
1596000, 275947, 0, 0
1597000, 294306, 0, 0
1598000, 295137, 0, 0
1599000, 287311, 0, 0
1600000, 286583, 0, 0
1601000, 285220, 0, 0
1602000, 272809, 0, 0
1603000, 295264, 0, 0
1604000, 397261, 0, 0
1605000, 272557, 0, 0
1606000, 275487, 0, 0
1607000, 292988, 0, 0
1608000, 290101, 0, 0
1609000, 279960, 0, 0
1610000, 302651, 0, 0
1611000, 294885, 0, 0
1612000, 297106, 0, 0
1613000, 322083, 0, 0
1614000, 285881, 0, 0
1615000, 289154, 0, 0
1616000, 297727, 0, 0
1617000, 297715, 0, 0
1618000, 301654, 0, 0
1619000, 311501, 0, 0
1620000, 278313, 0, 0
1621000, 295715, 0, 0
1622000, 289363, 0, 0
1623000, 288054, 0, 0
1624000, 301707, 0, 0
1625000, 307784, 0, 0
1626000, 308280, 0, 0
1627000, 295084, 0, 0
1628000, 295744, 0, 0
1629000, 277454, 0, 0
1630000, 284258, 0, 0
1631000, 286397, 0, 0
1632000, 298906, 0, 0
1633000, 296918, 0, 0
1634000, 283313, 0, 0
1635000, 291678, 0, 0
1636000, 294696, 0, 0
1637000, 268599, 0, 0
1638000, 291129, 0, 0
1639000, 278766, 0, 0
1640000, 298637, 0, 0
1641000, 290982, 0, 0
1642000, 296221, 0, 0
1643000, 296354, 0, 0
1644000, 288450, 0, 0
1645000, 285187, 0, 0
1646000, 305405, 0, 0
1647000, 293308, 0, 0
1648000, 295021, 0, 0
1649000, 356004, 0, 0
1650000, 299933, 0, 0
1651000, 297680, 0, 0
1652000, 298766, 0, 0
1653000, 288489, 0, 0
1654000, 293474, 0, 0
1655000, 300967, 0, 0
1656000, 295431, 0, 0
1657000, 303253, 0, 0
1658000, 306056, 0, 0
1659000, 305016, 0, 0
1660000, 444775, 0, 0
1661000, 294487, 0, 0
1662000, 316068, 0, 0
1663000, 303610, 0, 0
1664000, 304487, 0, 0
1665000, 296882, 0, 0
1666000, 311992, 0, 0
1667000, 280258, 0, 0
1668000, 296742, 0, 0
1669000, 300623, 0, 0
1670000, 291005, 0, 0
1671000, 293235, 0, 0
1672000, 292159, 0, 0
1673000, 285102, 0, 0
1674000, 285117, 0, 0
1675000, 283692, 0, 0
1676000, 299954, 0, 0
1677000, 304220, 0, 0
1678000, 290638, 0, 0
1679000, 295642, 0, 0
1680002, 280985, 0, 0
1681000, 303118, 0, 0
1682000, 291380, 0, 0
1683000, 281295, 0, 0
1684000, 291652, 0, 0
1685000, 296535, 0, 0
1686000, 299918, 0, 0
1687000, 294676, 0, 0
1688000, 286673, 0, 0
1689000, 295729, 0, 0
1690000, 291438, 0, 0
1691000, 284913, 0, 0
1692000, 292811, 0, 0
1693081, 345318, 0, 0
1694000, 292590, 0, 0
1695000, 296472, 0, 0
1696000, 287656, 0, 0
1697000, 292797, 0, 0
1698000, 301903, 0, 0
1699000, 290212, 0, 0
1700000, 300894, 0, 0
1701000, 292307, 0, 0
1702000, 283279, 0, 0
1703000, 281594, 0, 0
1704000, 283046, 0, 0
1705000, 288904, 0, 0
1706000, 291341, 0, 0
1707000, 288477, 0, 0
1708000, 301566, 0, 0
1709000, 292107, 0, 0
1710000, 294943, 0, 0
1711000, 288112, 0, 0
1712000, 283618, 0, 0
1713000, 283374, 0, 0
1714000, 279305, 0, 0
1715000, 293276, 0, 0
1716000, 285745, 0, 0
1717000, 278448, 0, 0
1718000, 297848, 0, 0
1719000, 301410, 0, 0
1720000, 294327, 0, 0
1721000, 276462, 0, 0
1722000, 279202, 0, 0
1723000, 230847, 0, 0
1724000, 282592, 0, 0
1725000, 302639, 0, 0
1726000, 295448, 0, 0
1727000, 282919, 0, 0
1728000, 290663, 0, 0
1729000, 288656, 0, 0
1730000, 281919, 0, 0
1731000, 291795, 0, 0
1732000, 292435, 0, 0
1733000, 290576, 0, 0
1734000, 287636, 0, 0
1735000, 292345, 0, 0
1736000, 295753, 0, 0
1737000, 296008, 0, 0
1738000, 357130, 0, 0
1739000, 285764, 0, 0
1740000, 281771, 0, 0
1741000, 292966, 0, 0
1742000, 288057, 0, 0
1743000, 298648, 0, 0
1744000, 291153, 0, 0
1745000, 292911, 0, 0
1746000, 288387, 0, 0
1747000, 278447, 0, 0
1748000, 288325, 0, 0
1749000, 293496, 0, 0
1750000, 294164, 0, 0
1751000, 289381, 0, 0
1752000, 288157, 0, 0
1753000, 284314, 0, 0
1754000, 291599, 0, 0
1755000, 289061, 0, 0
1756000, 287399, 0, 0
1757000, 305524, 0, 0
1758000, 294220, 0, 0
1759000, 298532, 0, 0
1760000, 285628, 0, 0
1761000, 289816, 0, 0
1762000, 292675, 0, 0
1763001, 292733, 0, 0
1764000, 267931, 0, 0
1765000, 293709, 0, 0
1766000, 279820, 0, 0
1767000, 289834, 0, 0
1768000, 293924, 0, 0
1769000, 291395, 0, 0
1770000, 290331, 0, 0
1771000, 286102, 0, 0
1772000, 299742, 0, 0
1773000, 287997, 0, 0
1774000, 286297, 0, 0
1775000, 275995, 0, 0
1776000, 293739, 0, 0
1777000, 298624, 0, 0
1778000, 279029, 0, 0
1779000, 283827, 0, 0
1780000, 286555, 0, 0
1781000, 288571, 0, 0
1782000, 289342, 0, 0
1783000, 388518, 0, 0
1784000, 285603, 0, 0
1785000, 285748, 0, 0
1786001, 292316, 0, 0
1787000, 291540, 0, 0
1788000, 300397, 0, 0
1789000, 285051, 0, 0
1790000, 304990, 0, 0
1791000, 295060, 0, 0
1792000, 302450, 0, 0
1793000, 305300, 0, 0
1794000, 292371, 0, 0
1795000, 288001, 0, 0
1796000, 283307, 0, 0
1797000, 293044, 0, 0
1798000, 289033, 0, 0
1799000, 282951, 0, 0
1800000, 289700, 0, 0
1800000, 280814, 0, 0
