1000, 61, 0, 0
1999, 120, 0, 0
2999, 121, 0, 0
4000, 127, 0, 0
5000, 120, 0, 0
6000, 120, 0, 0
7000, 128, 0, 0
7999, 128, 0, 0
9000, 122, 0, 0
9999, 128, 0, 0
10999, 129, 0, 0
11999, 129, 0, 0
12999, 120, 0, 0
14000, 128, 0, 0
15000, 120, 0, 0
16000, 128, 0, 0
17000, 129, 0, 0
17999, 128, 0, 0
18999, 121, 0, 0
19999, 128, 0, 0
20999, 129, 0, 0
21999, 121, 0, 0
22999, 128, 0, 0
24000, 120, 0, 0
25000, 130, 0, 0
26000, 122, 0, 0
27000, 128, 0, 0
28000, 131, 0, 0
28999, 133, 0, 0
29999, 121, 0, 0
30999, 137, 0, 0
31999, 120, 0, 0
33000, 122, 0, 0
34000, 130, 0, 0
35000, 130, 0, 0
36000, 123, 0, 0
37000, 129, 0, 0
37999, 129, 0, 0
38999, 131, 0, 0
39999, 122, 0, 0
41000, 124, 0, 0
42000, 130, 0, 0
43000, 132, 0, 0
44000, 121, 0, 0
44999, 130, 0, 0
45999, 134, 0, 0
46999, 124, 0, 0
47999, 129, 0, 0
49000, 131, 0, 0
50000, 131, 0, 0
51000, 131, 0, 0
52000, 132, 0, 0
53000, 121, 0, 0
54000, 128, 0, 0
55000, 131, 0, 0
55999, 130, 0, 0
56999, 120, 0, 0
57999, 131, 0, 0
59000, 122, 0, 0
60000, 131, 0, 0
61000, 126, 0, 0
62000, 123, 0, 0
63000, 130, 0, 0
63999, 133, 0, 0
65000, 132, 0, 0
65999, 130, 0, 0
66999, 124, 0, 0
67999, 120, 0, 0
68999, 123, 0, 0
69999, 121, 0, 0
70999, 132, 0, 0
71999, 131, 0, 0
72999, 135, 0, 0
74000, 123, 0, 0
75000, 125, 0, 0
76000, 139, 0, 0
77000, 131, 0, 0
77999, 134, 0, 0
78999, 130, 0, 0
79999, 124, 0, 0
80999, 134, 0, 0
82000, 130, 0, 0
83000, 136, 0, 0
84000, 123, 0, 0
84999, 134, 0, 0
86000, 130, 0, 0
86999, 127, 0, 0
87999, 135, 0, 0
88999, 126, 0, 0
90000, 134, 0, 0
91000, 134, 0, 0
92000, 124, 0, 0
93000, 136, 0, 0
94000, 131, 0, 0
95000, 126, 0, 0
95999, 135, 0, 0
96999, 138, 0, 0
97999, 131, 0, 0
98999, 138, 0, 0
100000, 132, 0, 0
101000, 135, 0, 0
102000, 134, 0, 0
103000, 124, 0, 0
104000, 137, 0, 0
105000, 136, 0, 0
106000, 129, 0, 0
107000, 136, 0, 0
107999, 127, 0, 0
108999, 131, 0, 0
110000, 125, 0, 0
111000, 134, 0, 0
112000, 138, 0, 0
113000, 126, 0, 0
114000, 140, 0, 0
114999, 132, 0, 0
115999, 141, 0, 0
116999, 134, 0, 0
118000, 132, 0, 0
119000, 129, 0, 0
120000, 127, 0, 0
121000, 136, 0, 0
122000, 118, 0, 0
122999, 135, 0, 0
123999, 133, 0, 0
124999, 135, 0, 0
126000, 145, 0, 0
127000, 130, 0, 0
128000, 137, 0, 0
129000, 126, 0, 0
130000, 137, 0, 0
130999, 137, 0, 0
131999, 129, 0, 0
132999, 136, 0, 0
133999, 136, 0, 0
135000, 125, 0, 0
136000, 126, 0, 0
137000, 135, 0, 0
137999, 124, 0, 0
139000, 124, 0, 0
139999, 136, 0, 0
140999, 134, 0, 0
142000, 135, 0, 0
143000, 125, 0, 0
144000, 140, 0, 0
145000, 138, 0, 0
145999, 136, 0, 0
146999, 128, 0, 0
147999, 141, 0, 0
149000, 140, 0, 0
150000, 132, 0, 0
151000, 129, 0, 0
152000, 134, 0, 0
153000, 124, 0, 0
153999, 135, 0, 0
154999, 140, 0, 0
155999, 143, 0, 0
157000, 128, 0, 0
158000, 125, 0, 0
159000, 125, 0, 0
160000, 129, 0, 0
161000, 141, 0, 0
161999, 128, 0, 0
162999, 137, 0, 0
163999, 145, 0, 0
165000, 136, 0, 0
166000, 127, 0, 0
167000, 141, 0, 0
168000, 136, 0, 0
168999, 133, 0, 0
169999, 149, 0, 0
171000, 141, 0, 0
172000, 140, 0, 0
173000, 132, 0, 0
174000, 129, 0, 0
175000, 137, 0, 0
175999, 141, 0, 0
176999, 146, 0, 0
178000, 140, 0, 0
179000, 138, 0, 0
180000, 132, 0, 0
181000, 140, 0, 0
181999, 136, 0, 0
182999, 139, 0, 0
183999, 132, 0, 0
185000, 140, 0, 0
186000, 133, 0, 0
187000, 137, 0, 0
187999, 132, 0, 0
188999, 142, 0, 0
189999, 130, 0, 0
190999, 134, 0, 0
192000, 128, 0, 0
193000, 144, 0, 0
194000, 126, 0, 0
195000, 135, 0, 0
195999, 136, 0, 0
196999, 137, 0, 0
197999, 143, 0, 0
198999, 137, 0, 0
199999, 130, 0, 0
201000, 144, 0, 0
202000, 137, 0, 0
203000, 131, 0, 0
204000, 139, 0, 0
204999, 144, 0, 0
205999, 141, 0, 0
206999, 129, 0, 0
208000, 143, 0, 0
209000, 141, 0, 0
210000, 150, 0, 0
210999, 148, 0, 0
211999, 135, 0, 0
212999, 147, 0, 0
214000, 139, 0, 0
215000, 149, 0, 0
216000, 142, 0, 0
217000, 133, 0, 0
217999, 151, 0, 0
218999, 139, 0, 0
219999, 146, 0, 0
221000, 135, 0, 0
222000, 138, 0, 0
223000, 135, 0, 0
224000, 146, 0, 0
225000, 128, 0, 0
225999, 143, 0, 0
226999, 120, 0, 0
227999, 135, 0, 0
229000, 140, 0, 0
230000, 133, 0, 0
231000, 132, 0, 0
231999, 153, 0, 0
232999, 134, 0, 0
233999, 140, 0, 0
234999, 142, 0, 0
236000, 133, 0, 0
237000, 131, 0, 0
238000, 151, 0, 0
239000, 136, 0, 0
239999, 144, 0, 0
240999, 139, 0, 0
241999, 147, 0, 0
242999, 148, 0, 0
244000, 136, 0, 0
245000, 143, 0, 0
246000, 130, 0, 0
247000, 152, 0, 0
248000, 127, 0, 0
248999, 147, 0, 0
249999, 140, 0, 0
250999, 148, 0, 0
251999, 143, 0, 0
253000, 131, 0, 0
254000, 147, 0, 0
255000, 132, 0, 0
256000, 147, 0, 0
257000, 140, 0, 0
258000, 144, 0, 0
258999, 148, 0, 0
259999, 143, 0, 0
260999, 138, 0, 0
262000, 138, 0, 0
263000, 146, 0, 0
264000, 141, 0, 0
265000, 154, 0, 0
266000, 156, 0, 0
267000, 132, 0, 0
267999, 151, 0, 0
268999, 147, 0, 0
269999, 147, 0, 0
270999, 135, 0, 0
272000, 147, 0, 0
273000, 141, 0, 0
274000, 154, 0, 0
275000, 142, 0, 0
276000, 157, 0, 0
276999, 123, 0, 0
277999, 138, 0, 0
278999, 142, 0, 0
279999, 149, 0, 0
281000, 142, 0, 0
282000, 147, 0, 0
283000, 142, 0, 0
284000, 144, 0, 0
284999, 130, 0, 0
285999, 144, 0, 0
286999, 155, 0, 0
287999, 129, 0, 0
289000, 148, 0, 0
290000, 144, 0, 0
291000, 136, 0, 0
292000, 148, 0, 0
292999, 150, 0, 0
293999, 147, 0, 0
294999, 152, 0, 0
295999, 135, 0, 0
297000, 148, 0, 0
298000, 150, 0, 0
299000, 146, 0, 0
300000, 153, 0, 0
301000, 143, 0, 0
302000, 152, 0, 0
303000, 146, 0, 0
303999, 155, 0, 0
304999, 135, 0, 0
306000, 140, 0, 0
307000, 154, 0, 0
308000, 148, 0, 0
309000, 157, 0, 0
310000, 147, 0, 0
311000, 128, 0, 0
311999, 158, 0, 0
312999, 138, 0, 0
313999, 148, 0, 0
315000, 148, 0, 0
316000, 145, 0, 0
317000, 144, 0, 0
318000, 150, 0, 0
319000, 144, 0, 0
319999, 139, 0, 0
320999, 148, 0, 0
321999, 149, 0, 0
322999, 140, 0, 0
324000, 152, 0, 0
325000, 159, 0, 0
326000, 145, 0, 0
327000, 139, 0, 0
328000, 155, 0, 0
328999, 151, 0, 0
329999, 166, 0, 0
330999, 139, 0, 0
332000, 164, 0, 0
333000, 134, 0, 0
334000, 151, 0, 0
335000, 158, 0, 0
336000, 149, 0, 0
337000, 142, 0, 0
337999, 148, 0, 0
338999, 157, 0, 0
339999, 143, 0, 0
341000, 156, 0, 0
342000, 142, 0, 0
343000, 157, 0, 0
344000, 137, 0, 0
344999, 167, 0, 0
345999, 152, 0, 0
346999, 146, 0, 0
348000, 139, 0, 0
349000, 158, 0, 0
349999, 143, 0, 0
351000, 149, 0, 0
352000, 136, 0, 0
352999, 137, 0, 0
353999, 160, 0, 0
354999, 153, 0, 0
355999, 150, 0, 0
357000, 156, 0, 0
358000, 141, 0, 0
359000, 154, 0, 0
360000, 156, 0, 0
361000, 152, 0, 0
361999, 148, 0, 0
362999, 138, 0, 0
364000, 151, 0, 0
365000, 153, 0, 0
365999, 145, 0, 0
367000, 163, 0, 0
367999, 146, 0, 0
368999, 154, 0, 0
369999, 152, 0, 0
370999, 151, 0, 0
372000, 158, 0, 0
373000, 151, 0, 0
374000, 152, 0, 0
374999, 161, 0, 0
375999, 145, 0, 0
376999, 166, 0, 0
377999, 156, 0, 0
378999, 141, 0, 0
380000, 165, 0, 0
381000, 151, 0, 0
382000, 158, 0, 0
383000, 159, 0, 0
384000, 160, 0, 0
384999, 160, 0, 0
385999, 153, 0, 0
386999, 141, 0, 0
387999, 158, 0, 0
389000, 141, 0, 0
390000, 153, 0, 0
391000, 154, 0, 0
392000, 146, 0, 0
392999, 159, 0, 0
393999, 148, 0, 0
394999, 173, 0, 0
396000, 153, 0, 0
397000, 158, 0, 0
398000, 143, 0, 0
399000, 158, 0, 0
400000, 152, 0, 0
400999, 155, 0, 0
401999, 161, 0, 0
402999, 145, 0, 0
403999, 159, 0, 0
404999, 159, 0, 0
406000, 157, 0, 0
407000, 164, 0, 0
408000, 169, 0, 0
409000, 141, 0, 0
409999, 162, 0, 0
410999, 161, 0, 0
411999, 159, 0, 0
412999, 156, 0, 0
413999, 163, 0, 0
415000, 152, 0, 0
416000, 160, 0, 0
417000, 158, 0, 0
418000, 149, 0, 0
419000, 162, 0, 0
419999, 161, 0, 0
420999, 156, 0, 0
421999, 156, 0, 0
422999, 158, 0, 0
424000, 143, 0, 0
425000, 168, 0, 0
426000, 153, 0, 0
427000, 158, 0, 0
428000, 171, 0, 0
428999, 161, 0, 0
429999, 154, 0, 0
430999, 153, 0, 0
431999, 161, 0, 0
433000, 154, 0, 0
434000, 164, 0, 0
435000, 148, 0, 0
435999, 175, 0, 0
437000, 169, 0, 0
437999, 167, 0, 0
438999, 153, 0, 0
439999, 140, 0, 0
440999, 166, 0, 0
441999, 164, 0, 0
443000, 152, 0, 0
444000, 162, 0, 0
445000, 164, 0, 0
446000, 158, 0, 0
447000, 170, 0, 0
447999, 156, 0, 0
448999, 152, 0, 0
449999, 167, 0, 0
450999, 172, 0, 0
452000, 176, 0, 0
453000, 145, 0, 0
454000, 166, 0, 0
455000, 177, 0, 0
456000, 149, 0, 0
457000, 162, 0, 0
458000, 153, 0, 0
459000, 161, 0, 0
460000, 163, 0, 0
461000, 172, 0, 0
461999, 167, 0, 0
463000, 164, 0, 0
464000, 148, 0, 0
465000, 180, 0, 0
466000, 166, 0, 0
467000, 172, 0, 0
468000, 162, 0, 0
469000, 169, 0, 0
470000, 165, 0, 0
471000, 152, 0, 0
472000, 162, 0, 0
473000, 156, 0, 0
474000, 163, 0, 0
475000, 150, 0, 0
476000, 167, 0, 0
477000, 151, 0, 0
478000, 183, 0, 0
479000, 172, 0, 0
480000, 193, 0, 0
481000, 161, 0, 0
482000, 186, 0, 0
483000, 159, 0, 0
484000, 163, 0, 0
485001, 151, 0, 0
486000, 181, 0, 0
487000, 158, 0, 0
488001, 177, 0, 0
489000, 171, 0, 0
489999, 166, 0, 0
490999, 162, 0, 0
491999, 161, 0, 0
492999, 160, 0, 0
493999, 141, 0, 0
494999, 139, 0, 0
495999, 133, 0, 0
497000, 161, 0, 0
498000, 179, 0, 0
499000, 172, 0, 0
500000, 165, 0, 0
501000, 175, 0, 0
502000, 173, 0, 0
502999, 158, 0, 0
503999, 177, 0, 0
504999, 164, 0, 0
505998, 162, 0, 0
506998, 171, 0, 0
507998, 175, 0, 0
508998, 170, 0, 0
509997, 174, 0, 0
510997, 166, 0, 0
511997, 151, 0, 0
512997, 182, 0, 0
513996, 155, 0, 0
514996, 153, 0, 0
515996, 156, 0, 0
516997, 173, 0, 0
517995, 179, 0, 0
518995, 158, 0, 0
519996, 181, 0, 0
520996, 176, 0, 0
521995, 171, 0, 0
522995, 176, 0, 0
523995, 170, 0, 0
524994, 152, 0, 0
525994, 168, 0, 0
526994, 181, 0, 0
527994, 146, 0, 0
528993, 187, 0, 0
529993, 176, 0, 0
530993, 184, 0, 0
531993, 167, 0, 0
532992, 179, 0, 0
533992, 180, 0, 0
534992, 188, 0, 0
535992, 170, 0, 0
536991, 166, 0, 0
537992, 172, 0, 0
538991, 179, 0, 0
539991, 166, 0, 0
540991, 165, 0, 0
542000, 184, 0, 0
543000, 168, 0, 0
544000, 156, 0, 0
545000, 192, 0, 0
545999, 190, 0, 0
546999, 184, 0, 0
547999, 171, 0, 0
548999, 190, 0, 0
549999, 183, 0, 0
551000, 178, 0, 0
552000, 177, 0, 0
553000, 167, 0, 0
554000, 166, 0, 0
555000, 168, 0, 0
555999, 176, 0, 0
556999, 180, 0, 0
557999, 188, 0, 0
559000, 172, 0, 0
560000, 175, 0, 0
561000, 189, 0, 0
562000, 171, 0, 0
563000, 176, 0, 0
563999, 168, 0, 0
564999, 180, 0, 0
565999, 170, 0, 0
566999, 178, 0, 0
567999, 166, 0, 0
568999, 178, 0, 0
570000, 167, 0, 0
571000, 179, 0, 0
572000, 158, 0, 0
573000, 180, 0, 0
574000, 181, 0, 0
575000, 174, 0, 0
575999, 178, 0, 0
576999, 179, 0, 0
577999, 142, 0, 0
578999, 182, 0, 0
580000, 190, 0, 0
581000, 161, 0, 0
582000, 185, 0, 0
583000, 175, 0, 0
584000, 173, 0, 0
585000, 196, 0, 0
585999, 165, 0, 0
586999, 183, 0, 0
587999, 153, 0, 0
589000, 195, 0, 0
590000, 175, 0, 0
591000, 183, 0, 0
592000, 180, 0, 0
593000, 174, 0, 0
593999, 172, 0, 0
594999, 186, 0, 0
595999, 184, 0, 0
596999, 170, 0, 0
598000, 192, 0, 0
599000, 186, 0, 0
600000, 188, 0, 0
601000, 181, 0, 0
602000, 183, 0, 0
602999, 173, 0, 0
603999, 197, 0, 0
604999, 181, 0, 0
605999, 177, 0, 0
607000, 181, 0, 0
608000, 174, 0, 0
609000, 183, 0, 0
610000, 175, 0, 0
610999, 179, 0, 0
612000, 172, 0, 0
612999, 190, 0, 0
613999, 197, 0, 0
614999, 182, 0, 0
616000, 168, 0, 0
617000, 211, 0, 0
618000, 192, 0, 0
619000, 185, 0, 0
620000, 187, 0, 0
621000, 180, 0, 0
621999, 203, 0, 0
622999, 184, 0, 0
623999, 181, 0, 0
625000, 167, 0, 0
626000, 184, 0, 0
627000, 177, 0, 0
628000, 189, 0, 0
629000, 188, 0, 0
629999, 190, 0, 0
630999, 174, 0, 0
631999, 191, 0, 0
632999, 189, 0, 0
634000, 192, 0, 0
635000, 177, 0, 0
636000, 184, 0, 0
637000, 190, 0, 0
638000, 171, 0, 0
638999, 186, 0, 0
639999, 181, 0, 0
640999, 181, 0, 0
641999, 173, 0, 0
642999, 183, 0, 0
644000, 194, 0, 0
645000, 184, 0, 0
646000, 172, 0, 0
647000, 166, 0, 0
648000, 187, 0, 0
648999, 180, 0, 0
649999, 205, 0, 0
650999, 177, 0, 0
651999, 191, 0, 0
653000, 208, 0, 0
654000, 188, 0, 0
655000, 168, 0, 0
656000, 211, 0, 0
656999, 170, 0, 0
657999, 195, 0, 0
658999, 173, 0, 0
659999, 202, 0, 0
660999, 207, 0, 0
662000, 196, 0, 0
663000, 196, 0, 0
664000, 192, 0, 0
665000, 170, 0, 0
666000, 160, 0, 0
666999, 198, 0, 0
667999, 190, 0, 0
668999, 207, 0, 0
669999, 200, 0, 0
671000, 195, 0, 0
672000, 175, 0, 0
673000, 180, 0, 0
674000, 173, 0, 0
675000, 200, 0, 0
675999, 202, 0, 0
676999, 225, 0, 0
677999, 214, 0, 0
679000, 201, 0, 0
680000, 196, 0, 0
681000, 192, 0, 0
682000, 209, 0, 0
682999, 212, 0, 0
684000, 219, 0, 0
684999, 175, 0, 0
685999, 199, 0, 0
686999, 214, 0, 0
688000, 190, 0, 0
689000, 201, 0, 0
690000, 190, 0, 0
691000, 165, 0, 0
691999, 188, 0, 0
692999, 193, 0, 0
693999, 188, 0, 0
694999, 204, 0, 0
695999, 187, 0, 0
697000, 211, 0, 0
698000, 187, 0, 0
699000, 176, 0, 0
700000, 194, 0, 0
700999, 207, 0, 0
701999, 199, 0, 0
702999, 213, 0, 0
703999, 188, 0, 0
705000, 186, 0, 0
706000, 195, 0, 0
707000, 200, 0, 0
708000, 197, 0, 0
709000, 191, 0, 0
709999, 180, 0, 0
710999, 177, 0, 0
712000, 174, 0, 0
713000, 177, 0, 0
714000, 188, 0, 0
715000, 184, 0, 0
716000, 182, 0, 0
716999, 197, 0, 0
717999, 187, 0, 0
718999, 199, 0, 0
719999, 196, 0, 0
721000, 180, 0, 0
722000, 193, 0, 0
723000, 193, 0, 0
724000, 170, 0, 0
724999, 201, 0, 0
726000, 201, 0, 0
726999, 183, 0, 0
727999, 177, 0, 0
728999, 201, 0, 0
729999, 183, 0, 0
731000, 200, 0, 0
732000, 174, 0, 0
733000, 180, 0, 0
734000, 211, 0, 0
735000, 195, 0, 0
735999, 221, 0, 0
736999, 180, 0, 0
738000, 205, 0, 0
739000, 199, 0, 0
740000, 190, 0, 0
741000, 191, 0, 0
741999, 209, 0, 0
743000, 214, 0, 0
743999, 212, 0, 0
744999, 207, 0, 0
745999, 184, 0, 0
747000, 193, 0, 0
748000, 202, 0, 0
749000, 197, 0, 0
750000, 195, 0, 0
750999, 183, 0, 0
751999, 226, 0, 0
752999, 198, 0, 0
753999, 189, 0, 0
755000, 183, 0, 0
756000, 195, 0, 0
757000, 199, 0, 0
758000, 197, 0, 0
758999, 189, 0, 0
759999, 197, 0, 0
760999, 216, 0, 0
761999, 189, 0, 0
762999, 193, 0, 0
764000, 220, 0, 0
765000, 187, 0, 0
766000, 201, 0, 0
766999, 186, 0, 0
768000, 218, 0, 0
768999, 186, 0, 0
769999, 206, 0, 0
771000, 188, 0, 0
772000, 227, 0, 0
773000, 215, 0, 0
773999, 195, 0, 0
774999, 171, 0, 0
775999, 196, 0, 0
776999, 210, 0, 0
777999, 209, 0, 0
779000, 203, 0, 0
780000, 212, 0, 0
781000, 189, 0, 0
782000, 198, 0, 0
782999, 209, 0, 0
784000, 215, 0, 0
784999, 192, 0, 0
785999, 207, 0, 0
786999, 215, 0, 0
788000, 196, 0, 0
789000, 194, 0, 0
790000, 194, 0, 0
791000, 200, 0, 0
792000, 193, 0, 0
793000, 220, 0, 0
793999, 195, 0, 0
794999, 177, 0, 0
795999, 189, 0, 0
797000, 205, 0, 0
798000, 183, 0, 0
798999, 200, 0, 0
799999, 173, 0, 0
800999, 169, 0, 0
801999, 197, 0, 0
802999, 176, 0, 0
804000, 211, 0, 0
805000, 214, 0, 0
806000, 198, 0, 0
806999, 202, 0, 0
807999, 178, 0, 0
808999, 197, 0, 0
809999, 207, 0, 0
810999, 183, 0, 0
811999, 200, 0, 0
813000, 199, 0, 0
814000, 210, 0, 0
815000, 213, 0, 0
816000, 194, 0, 0
816999, 176, 0, 0
817999, 208, 0, 0
818999, 190, 0, 0
819999, 199, 0, 0
821000, 204, 0, 0
822000, 194, 0, 0
823000, 218, 0, 0
824000, 195, 0, 0
825000, 203, 0, 0
826000, 188, 0, 0
826999, 206, 0, 0
827999, 198, 0, 0
828999, 213, 0, 0
830000, 189, 0, 0
831000, 190, 0, 0
832000, 188, 0, 0
833000, 191, 0, 0
834000, 200, 0, 0
834999, 190, 0, 0
835999, 194, 0, 0
836999, 196, 0, 0
838000, 218, 0, 0
839000, 231, 0, 0
840000, 199, 0, 0
840999, 200, 0, 0
842000, 189, 0, 0
842999, 199, 0, 0
843999, 173, 0, 0
844999, 191, 0, 0
845999, 214, 0, 0
847000, 208, 0, 0
848000, 195, 0, 0
849000, 213, 0, 0
850000, 191, 0, 0
850999, 210, 0, 0
851999, 204, 0, 0
852999, 190, 0, 0
854000, 166, 0, 0
855000, 185, 0, 0
856000, 200, 0, 0
857000, 201, 0, 0
857999, 205, 0, 0
858999, 203, 0, 0
859999, 182, 0, 0
860999, 206, 0, 0
862000, 185, 0, 0
863000, 179, 0, 0
864000, 206, 0, 0
865000, 207, 0, 0
865999, 195, 0, 0
866999, 201, 0, 0
867999, 199, 0, 0
868999, 204, 0, 0
870000, 195, 0, 0
871000, 184, 0, 0
872000, 200, 0, 0
873000, 187, 0, 0
873999, 211, 0, 0
874999, 199, 0, 0
875999, 183, 0, 0
877000, 198, 0, 0
878000, 193, 0, 0
879000, 199, 0, 0
880000, 207, 0, 0
881000, 210, 0, 0
881999, 181, 0, 0
882999, 205, 0, 0
883999, 215, 0, 0
884999, 174, 0, 0
886000, 204, 0, 0
887000, 207, 0, 0
888000, 179, 0, 0
889000, 159, 0, 0
889999, 181, 0, 0
890999, 199, 0, 0
891999, 201, 0, 0
892999, 185, 0, 0
894000, 206, 0, 0
895000, 175, 0, 0
896000, 209, 0, 0
897000, 217, 0, 0
898000, 201, 0, 0
898999, 214, 0, 0
899999, 208, 0, 0
900999, 202, 0, 0
901999, 200, 0, 0
902999, 207, 0, 0
904000, 169, 0, 0
905000, 191, 0, 0
906000, 195, 0, 0
907000, 217, 0, 0
907999, 201, 0, 0
908999, 193, 0, 0
909999, 188, 0, 0
910999, 191, 0, 0
912000, 218, 0, 0
913000, 199, 0, 0
913999, 221, 0, 0
915000, 176, 0, 0
915999, 212, 0, 0
916999, 228, 0, 0
917999, 204, 0, 0
918999, 216, 0, 0
920000, 222, 0, 0
921000, 196, 0, 0
922000, 187, 0, 0
923000, 208, 0, 0
923999, 210, 0, 0
924999, 216, 0, 0
925999, 218, 0, 0
926999, 209, 0, 0
928000, 188, 0, 0
929000, 195, 0, 0
930000, 194, 0, 0
931000, 223, 0, 0
931999, 191, 0, 0
933000, 202, 0, 0
933999, 209, 0, 0
934999, 210, 0, 0
936000, 218, 0, 0
937000, 199, 0, 0
938000, 200, 0, 0
939000, 194, 0, 0
940000, 243, 0, 0
940999, 206, 0, 0
942000, 203, 0, 0
942999, 175, 0, 0
943999, 194, 0, 0
944999, 180, 0, 0
946000, 225, 0, 0
947000, 196, 0, 0
947999, 209, 0, 0
948999, 195, 0, 0
949999, 207, 0, 0
950999, 191, 0, 0
951999, 194, 0, 0
953000, 174, 0, 0
954000, 218, 0, 0
955000, 195, 0, 0
955999, 190, 0, 0
957000, 194, 0, 0
957999, 205, 0, 0
958999, 204, 0, 0
959999, 197, 0, 0
961000, 190, 0, 0
962000, 214, 0, 0
963000, 185, 0, 0
964000, 214, 0, 0
965000, 193, 0, 0
965999, 201, 0, 0
966999, 199, 0, 0
967999, 201, 0, 0
969000, 198, 0, 0
970000, 195, 0, 0
971000, 194, 0, 0
971999, 205, 0, 0
972999, 204, 0, 0
973999, 189, 0, 0
974999, 191, 0, 0
976000, 200, 0, 0
977000, 202, 0, 0
978000, 198, 0, 0
979000, 208, 0, 0
980000, 206, 0, 0
980999, 183, 0, 0
981999, 215, 0, 0
982999, 216, 0, 0
984000, 204, 0, 0
985000, 196, 0, 0
986000, 214, 0, 0
987000, 186, 0, 0
988000, 187, 0, 0
988999, 202, 0, 0
989999, 185, 0, 0
990999, 215, 0, 0
992000, 180, 0, 0
993000, 201, 0, 0
994000, 211, 0, 0
994999, 204, 0, 0
996000, 203, 0, 0
996999, 182, 0, 0
997999, 209, 0, 0
998999, 206, 0, 0
1000000, 194, 0, 0
1001000, 217, 0, 0
1002000, 178, 0, 0
1002999, 194, 0, 0
1003999, 208, 0, 0
1004999, 194, 0, 0
1005999, 209, 0, 0
1006999, 190, 0, 0
1008000, 195, 0, 0
1009000, 212, 0, 0
1010000, 229, 0, 0
1011000, 200, 0, 0
1011999, 191, 0, 0
1012999, 202, 0, 0
1014000, 179, 0, 0
1015000, 201, 0, 0
1016000, 199, 0, 0
1016999, 203, 0, 0
1018000, 204, 0, 0
1018999, 189, 0, 0
1019999, 218, 0, 0
1021000, 195, 0, 0
1022000, 196, 0, 0
1023000, 200, 0, 0
1024000, 186, 0, 0
1025000, 198, 0, 0
1025999, 171, 0, 0
1026999, 195, 0, 0
1027999, 215, 0, 0
1028999, 180, 0, 0
1030000, 212, 0, 0
1031000, 212, 0, 0
1032000, 192, 0, 0
1033000, 202, 0, 0
1034000, 193, 0, 0
1034999, 191, 0, 0
1035999, 216, 0, 0
1037000, 207, 0, 0
1038000, 211, 0, 0
1039000, 221, 0, 0
1039999, 208, 0, 0
1040999, 214, 0, 0
1041999, 205, 0, 0
1042999, 199, 0, 0
1043999, 201, 0, 0
1045000, 236, 0, 0
1046000, 213, 0, 0
1047000, 207, 0, 0
1048000, 196, 0, 0
1048999, 198, 0, 0
1049999, 175, 0, 0
1050999, 224, 0, 0
1052000, 197, 0, 0
1053000, 205, 0, 0
1054000, 225, 0, 0
1055000, 192, 0, 0
1055999, 206, 0, 0
1057000, 202, 0, 0
1057999, 199, 0, 0
1058999, 167, 0, 0
1059999, 203, 0, 0
1061000, 202, 0, 0
1062000, 183, 0, 0
1063000, 197, 0, 0
1064000, 185, 0, 0
1065000, 205, 0, 0
1066000, 195, 0, 0
1066999, 224, 0, 0
1067999, 196, 0, 0
1069000, 213, 0, 0
1070000, 216, 0, 0
1071000, 211, 0, 0
1072000, 197, 0, 0
1072999, 211, 0, 0
1073999, 219, 0, 0
1074999, 205, 0, 0
1075999, 181, 0, 0
1076999, 186, 0, 0
1077999, 220, 0, 0
1079000, 196, 0, 0
1080000, 216, 0, 0
1081000, 193, 0, 0
1082000, 215, 0, 0
1082999, 193, 0, 0
1083999, 243, 0, 0
1084999, 202, 0, 0
1086000, 190, 0, 0
1087000, 186, 0, 0
1088000, 196, 0, 0
1089000, 189, 0, 0
1090000, 192, 0, 0
1090999, 217, 0, 0
1091999, 213, 0, 0
1092999, 200, 0, 0
1094000, 217, 0, 0
1095000, 207, 0, 0
1096000, 199, 0, 0
1096999, 210, 0, 0
1098000, 187, 0, 0
1099000, 187, 0, 0
1099999, 225, 0, 0
1100999, 190, 0, 0
1101999, 225, 0, 0
1103000, 198, 0, 0
1104000, 199, 0, 0
1105000, 220, 0, 0
1105999, 202, 0, 0
1107000, 206, 0, 0
1107999, 226, 0, 0
1108999, 205, 0, 0
1110000, 209, 0, 0
1111000, 205, 0, 0
1112000, 195, 0, 0
1112999, 179, 0, 0
1114000, 224, 0, 0
1114999, 208, 0, 0
1115999, 190, 0, 0
1116999, 222, 0, 0
1117999, 202, 0, 0
1118999, 197, 0, 0
1120000, 206, 0, 0
1121000, 198, 0, 0
1122000, 194, 0, 0
1123000, 177, 0, 0
1123999, 198, 0, 0
1124999, 222, 0, 0
1125999, 210, 0, 0
1127000, 210, 0, 0
1128000, 219, 0, 0
1129000, 195, 0, 0
1130000, 185, 0, 0
1130999, 219, 0, 0
1132000, 210, 0, 0
1132999, 210, 0, 0
1133999, 191, 0, 0
1134999, 224, 0, 0
1136000, 209, 0, 0
1137000, 209, 0, 0
1138000, 208, 0, 0
1139000, 212, 0, 0
1139999, 193, 0, 0
1140999, 215, 0, 0
1141999, 210, 0, 0
1143000, 234, 0, 0
1144000, 185, 0, 0
1145000, 201, 0, 0
1146000, 197, 0, 0
1147000, 213, 0, 0
1147999, 220, 0, 0
1148999, 189, 0, 0
1149999, 220, 0, 0
1150999, 202, 0, 0
1152000, 191, 0, 0
1153000, 201, 0, 0
1153999, 206, 0, 0
1154999, 214, 0, 0
1155999, 211, 0, 0
1156999, 208, 0, 0
1157999, 230, 0, 0
1159000, 221, 0, 0
1160000, 213, 0, 0
1161000, 190, 0, 0
1162000, 220, 0, 0
1163000, 225, 0, 0
1163999, 205, 0, 0
1164999, 213, 0, 0
1165999, 220, 0, 0
1167000, 182, 0, 0
1168000, 198, 0, 0
1169000, 229, 0, 0
1170000, 199, 0, 0
1170999, 218, 0, 0
1171999, 227, 0, 0
1172999, 199, 0, 0
1173999, 198, 0, 0
1175000, 221, 0, 0
1176000, 218, 0, 0
1177000, 217, 0, 0
1178000, 181, 0, 0
1178999, 218, 0, 0
1179999, 230, 0, 0
1180999, 233, 0, 0
1181999, 203, 0, 0
1183000, 226, 0, 0
1184000, 208, 0, 0
1185000, 226, 0, 0
1186000, 202, 0, 0
1187000, 232, 0, 0
1188000, 201, 0, 0
1188999, 209, 0, 0
1189999, 201, 0, 0
1190999, 223, 0, 0
1191999, 190, 0, 0
1193000, 186, 0, 0
1194000, 184, 0, 0
1195000, 222, 0, 0
1196000, 208, 0, 0
1197000, 211, 0, 0
1198000, 231, 0, 0
1198999, 209, 0, 0
1199999, 216, 0, 0
1200999, 222, 0, 0
1202000, 203, 0, 0
1203000, 202, 0, 0
1204000, 199, 0, 0
1204999, 200, 0, 0
1206000, 208, 0, 0
1206999, 218, 0, 0
1207999, 224, 0, 0
1208999, 230, 0, 0
1210000, 190, 0, 0
1211000, 222, 0, 0
1212000, 212, 0, 0
1213000, 247, 0, 0
1213999, 204, 0, 0
1214999, 192, 0, 0
1215999, 225, 0, 0
1216999, 212, 0, 0
1218000, 194, 0, 0
1219000, 187, 0, 0
1220000, 210, 0, 0
1221000, 194, 0, 0
1222000, 207, 0, 0
1222999, 198, 0, 0
1223999, 202, 0, 0
1224999, 205, 0, 0
1225999, 193, 0, 0
1227000, 208, 0, 0
1228000, 233, 0, 0
1229000, 193, 0, 0
1230000, 186, 0, 0
1230999, 208, 0, 0
1231999, 193, 0, 0
1232999, 207, 0, 0
1233999, 190, 0, 0
1235000, 209, 0, 0
1236000, 201, 0, 0
1237000, 199, 0, 0
1238000, 226, 0, 0
1238999, 205, 0, 0
1239999, 212, 0, 0
1240999, 219, 0, 0
1242000, 233, 0, 0
1243000, 218, 0, 0
1243999, 209, 0, 0
1245000, 199, 0, 0
1246000, 217, 0, 0
1247000, 184, 0, 0
1247999, 232, 0, 0
1248999, 219, 0, 0
1250000, 196, 0, 0
1251000, 205, 0, 0
1252000, 235, 0, 0
1253000, 203, 0, 0
1254000, 209, 0, 0
1254999, 207, 0, 0
1255999, 191, 0, 0
1256999, 206, 0, 0
1257999, 225, 0, 0
1259000, 221, 0, 0
1260000, 204, 0, 0
1261000, 190, 0, 0
1262000, 215, 0, 0
1262999, 207, 0, 0
1263999, 231, 0, 0
1264999, 207, 0, 0
1265999, 218, 0, 0
1266999, 202, 0, 0
1267999, 213, 0, 0
1269000, 197, 0, 0
1270000, 200, 0, 0
1271000, 207, 0, 0
1271999, 195, 0, 0
1272999, 213, 0, 0
1273999, 212, 0, 0
1274999, 209, 0, 0
1276000, 210, 0, 0
1277000, 204, 0, 0
1278000, 198, 0, 0
1279000, 205, 0, 0
1280000, 217, 0, 0
1281000, 197, 0, 0
1281999, 209, 0, 0
1282999, 225, 0, 0
1283999, 219, 0, 0
1285000, 197, 0, 0
1286000, 227, 0, 0
1287000, 230, 0, 0
1288000, 191, 0, 0
1288999, 216, 0, 0
1289999, 195, 0, 0
1290999, 188, 0, 0
1292000, 208, 0, 0
1293000, 231, 0, 0
1294000, 200, 0, 0
1295000, 198, 0, 0
1295999, 206, 0, 0
1296999, 216, 0, 0
1297999, 221, 0, 0
1298999, 226, 0, 0
1300000, 210, 0, 0
1301000, 210, 0, 0
1301999, 217, 0, 0
1302999, 221, 0, 0
1304000, 226, 0, 0
1304999, 211, 0, 0
1305999, 198, 0, 0
1306999, 220, 0, 0
1307999, 230, 0, 0
1309000, 199, 0, 0
1310000, 200, 0, 0
1311000, 221, 0, 0
1312000, 188, 0, 0
1313000, 218, 0, 0
1314000, 213, 0, 0
1314999, 225, 0, 0
1315999, 222, 0, 0
1316999, 211, 0, 0
1318000, 226, 0, 0
1319000, 192, 0, 0
1320000, 185, 0, 0
1320999, 237, 0, 0
1322000, 197, 0, 0
1322999, 206, 0, 0
1323999, 218, 0, 0
1324999, 225, 0, 0
1326000, 199, 0, 0
1327000, 223, 0, 0
1328000, 204, 0, 0
1329000, 203, 0, 0
1329999, 205, 0, 0
1330999, 232, 0, 0
1331999, 202, 0, 0
1333000, 224, 0, 0
1334000, 212, 0, 0
1335000, 215, 0, 0
1336000, 195, 0, 0
1336999, 196, 0, 0
1337999, 218, 0, 0
1338999, 204, 0, 0
1339999, 227, 0, 0
1341000, 179, 0, 0
1342000, 208, 0, 0
1343000, 210, 0, 0
1344000, 199, 0, 0
1345000, 238, 0, 0
1345999, 201, 0, 0
1346999, 189, 0, 0
1347999, 210, 0, 0
1348999, 196, 0, 0
1350000, 227, 0, 0
1351000, 220, 0, 0
1352000, 234, 0, 0
1353000, 201, 0, 0
1353999, 232, 0, 0
1354999, 273, 0, 0
1355999, 216, 0, 0
1356999, 219, 0, 0
1358000, 224, 0, 0
1359000, 216, 0, 0
1360000, 195, 0, 0
1360999, 193, 0, 0
1361999, 207, 0, 0
1362999, 200, 0, 0
1363999, 242, 0, 0
1364999, 210, 0, 0
1366000, 204, 0, 0
1367000, 224, 0, 0
1368000, 208, 0, 0
1368999, 226, 0, 0
1369999, 214, 0, 0
1370999, 203, 0, 0
1371999, 226, 0, 0
1372999, 206, 0, 0
1374000, 218, 0, 0
1375000, 210, 0, 0
1375999, 214, 0, 0
1377000, 224, 0, 0
1377999, 217, 0, 0
1378999, 229, 0, 0
1379999, 202, 0, 0
1380999, 248, 0, 0
1382000, 198, 0, 0
1383000, 225, 0, 0
1384000, 214, 0, 0
1385000, 207, 0, 0
1385999, 203, 0, 0
1386999, 223, 0, 0
1387999, 224, 0, 0
1389000, 210, 0, 0
1390000, 222, 0, 0
1391000, 221, 0, 0
1391999, 233, 0, 0
1392999, 200, 0, 0
1393999, 200, 0, 0
1394999, 221, 0, 0
1395999, 236, 0, 0
1396999, 205, 0, 0
1398000, 220, 0, 0
1399000, 224, 0, 0
1400000, 223, 0, 0
1401000, 237, 0, 0
1401999, 217, 0, 0
1402999, 247, 0, 0
1403999, 200, 0, 0
1405000, 204, 0, 0
1406000, 201, 0, 0
1407000, 211, 0, 0
1408000, 204, 0, 0
1408999, 211, 0, 0
1409999, 223, 0, 0
1410999, 223, 0, 0
1411999, 201, 0, 0
1413000, 193, 0, 0
1414000, 225, 0, 0
1415000, 205, 0, 0
1416000, 236, 0, 0
1417000, 228, 0, 0
1417999, 219, 0, 0
1418999, 205, 0, 0
1419999, 209, 0, 0
1420999, 226, 0, 0
1421999, 201, 0, 0
1423000, 238, 0, 0
1424000, 209, 0, 0
1425000, 194, 0, 0
1426000, 227, 0, 0
1427000, 250, 0, 0
1427999, 216, 0, 0
1428999, 195, 0, 0
1429999, 213, 0, 0
1431000, 235, 0, 0
1432000, 217, 0, 0
1433000, 218, 0, 0
1434000, 230, 0, 0
1435000, 215, 0, 0
1435999, 241, 0, 0
1436999, 243, 0, 0
1437999, 222, 0, 0
1438999, 227, 0, 0
1439999, 215, 0, 0
1441000, 221, 0, 0
1442000, 210, 0, 0
1443000, 213, 0, 0
1444000, 224, 0, 0
1445000, 219, 0, 0
1446000, 233, 0, 0
1446999, 226, 0, 0
1447999, 206, 0, 0
1448999, 220, 0, 0
1449999, 211, 0, 0
1451000, 237, 0, 0
1452000, 220, 0, 0
1453000, 234, 0, 0
1453999, 211, 0, 0
1455000, 212, 0, 0
1455999, 226, 0, 0
1456999, 223, 0, 0
1457999, 210, 0, 0
1458999, 226, 0, 0
1460000, 215, 0, 0
1461000, 215, 0, 0
1462000, 226, 0, 0
1463000, 211, 0, 0
1464000, 238, 0, 0
1464999, 209, 0, 0
1465999, 239, 0, 0
1466999, 192, 0, 0
1468000, 260, 0, 0
1469000, 226, 0, 0
1470000, 220, 0, 0
1471000, 228, 0, 0
1471999, 239, 0, 0
1472999, 230, 0, 0
1473999, 188, 0, 0
1474999, 222, 0, 0
1476000, 183, 0, 0
1477000, 253, 0, 0
1478000, 223, 0, 0
1479000, 198, 0, 0
1479999, 202, 0, 0
1480999, 243, 0, 0
1481999, 224, 0, 0
1483000, 211, 0, 0
1484000, 213, 0, 0
1484999, 244, 0, 0
1486000, 218, 0, 0
1487000, 241, 0, 0
1487999, 213, 0, 0
1488999, 210, 0, 0
1489999, 213, 0, 0
1491000, 225, 0, 0
1492000, 219, 0, 0
1493000, 224, 0, 0
1494000, 229, 0, 0
1495000, 222, 0, 0
1495999, 211, 0, 0
1496999, 223, 0, 0
1497999, 239, 0, 0
1499000, 228, 0, 0
1500000, 228, 0, 0
1500999, 201, 0, 0
1501999, 209, 0, 0
1503000, 246, 0, 0
1503999, 242, 0, 0
1504999, 216, 0, 0
1505999, 218, 0, 0
1506999, 219, 0, 0
1508000, 259, 0, 0
1509000, 237, 0, 0
1510000, 221, 0, 0
1511000, 250, 0, 0
1511999, 228, 0, 0
1512999, 210, 0, 0
1513999, 256, 0, 0
1514999, 201, 0, 0
1515999, 220, 0, 0
1517000, 242, 0, 0
1518000, 241, 0, 0
1518999, 227, 0, 0
1519999, 214, 0, 0
1521000, 228, 0, 0
1521999, 225, 0, 0
1522999, 181, 0, 0
1523999, 245, 0, 0
1525000, 246, 0, 0
1526000, 214, 0, 0
1527000, 230, 0, 0
1528000, 236, 0, 0
1528999, 226, 0, 0
1529999, 242, 0, 0
1530999, 247, 0, 0
1531999, 233, 0, 0
1533000, 248, 0, 0
1534000, 250, 0, 0
1535000, 214, 0, 0
1536000, 226, 0, 0
1536999, 211, 0, 0
1537999, 214, 0, 0
1538999, 246, 0, 0
1540000, 196, 0, 0
1541000, 252, 0, 0
1542000, 203, 0, 0
1543000, 229, 0, 0
1544000, 204, 0, 0
1544999, 223, 0, 0
1545999, 232, 0, 0
1546999, 233, 0, 0
1548000, 227, 0, 0
1549000, 244, 0, 0
1550000, 215, 0, 0
1551000, 225, 0, 0
1552000, 234, 0, 0
1552999, 235, 0, 0
1553999, 233, 0, 0
1554999, 232, 0, 0
1556000, 194, 0, 0
1557000, 256, 0, 0
1557999, 222, 0, 0
1559000, 208, 0, 0
1559999, 212, 0, 0
1560999, 206, 0, 0
1561999, 233, 0, 0
1562999, 223, 0, 0
1564000, 212, 0, 0
1565000, 212, 0, 0
1566000, 186, 0, 0
1567000, 243, 0, 0
1567999, 235, 0, 0
1568999, 244, 0, 0
1569999, 208, 0, 0
1570999, 243, 0, 0
1571999, 234, 0, 0
1573000, 237, 0, 0
1574000, 212, 0, 0
1575000, 221, 0, 0
1576000, 245, 0, 0
1577000, 222, 0, 0
1577999, 230, 0, 0
1578999, 216, 0, 0
1579999, 227, 0, 0
1580999, 209, 0, 0
1582000, 278, 0, 0
1583000, 201, 0, 0
1584000, 244, 0, 0
1584999, 211, 0, 0
1585999, 200, 0, 0
1587000, 227, 0, 0
1587999, 236, 0, 0
1588999, 231, 0, 0
1589999, 206, 0, 0
1591000, 215, 0, 0
1592000, 214, 0, 0
1593000, 218, 0, 0
1594000, 216, 0, 0
1595000, 188, 0, 0
1595999, 245, 0, 0
1596999, 235, 0, 0
1597999, 239, 0, 0
1598999, 263, 0, 0
1600000, 241, 0, 0
1601000, 214, 0, 0
1602000, 232, 0, 0
1603000, 220, 0, 0
1604000, 203, 0, 0
1604999, 227, 0, 0
1605999, 275, 0, 0
1606999, 236, 0, 0
1607999, 226, 0, 0
1608999, 204, 0, 0
1609999, 209, 0, 0
1611000, 226, 0, 0
1612000, 224, 0, 0
1613000, 236, 0, 0
1614000, 238, 0, 0
1615000, 223, 0, 0
1616000, 244, 0, 0
1617000, 229, 0, 0
1617999, 250, 0, 0
1618999, 247, 0, 0
1619999, 225, 0, 0
1620999, 239, 0, 0
1622000, 236, 0, 0
1623000, 239, 0, 0
1624000, 226, 0, 0
1625000, 223, 0, 0
1626000, 226, 0, 0
1627000, 248, 0, 0
1628000, 235, 0, 0
1629000, 206, 0, 0
1630000, 252, 0, 0
1631000, 235, 0, 0
1632000, 233, 0, 0
1633000, 262, 0, 0
1634000, 219, 0, 0
1635000, 220, 0, 0
1636000, 243, 0, 0
1637000, 241, 0, 0
1638000, 226, 0, 0
1639000, 228, 0, 0
1639999, 244, 0, 0
1640999, 207, 0, 0
1642000, 247, 0, 0
1643000, 219, 0, 0
1644000, 271, 0, 0
1645000, 232, 0, 0
1646000, 212, 0, 0
1647000, 229, 0, 0
1648000, 202, 0, 0
1649000, 240, 0, 0
1650000, 249, 0, 0
1651000, 231, 0, 0
1652000, 212, 0, 0
1653000, 223, 0, 0
1654000, 265, 0, 0
1655000, 245, 0, 0
1655999, 259, 0, 0
1657000, 250, 0, 0
1657999, 234, 0, 0
1658999, 235, 0, 0
1659999, 230, 0, 0
1660999, 250, 0, 0
1661999, 240, 0, 0
1662999, 247, 0, 0
1663998, 217, 0, 0
1664998, 214, 0, 0
1665998, 209, 0, 0
1666997, 235, 0, 0
1667997, 244, 0, 0
1668997, 240, 0, 0
1669997, 232, 0, 0
1670996, 217, 0, 0
1671996, 236, 0, 0
1672996, 219, 0, 0
1673996, 241, 0, 0
1674995, 236, 0, 0
1675995, 223, 0, 0
1676996, 236, 0, 0
1677995, 252, 0, 0
1678995, 219, 0, 0
1679995, 255, 0, 0
1680995, 238, 0, 0
1681994, 241, 0, 0
1682994, 232, 0, 0
1683994, 226, 0, 0
1684993, 224, 0, 0
1685993, 222, 0, 0
1686993, 240, 0, 0
1687993, 254, 0, 0
1688992, 214, 0, 0
1689992, 265, 0, 0
1690992, 219, 0, 0
1691992, 218, 0, 0
1692991, 239, 0, 0
1693992, 226, 0, 0
1694992, 241, 0, 0
1695991, 241, 0, 0
1696991, 246, 0, 0
1697991, 235, 0, 0
1699000, 245, 0, 0
1700000, 238, 0, 0
1700991, 248, 0, 0
1701999, 215, 0, 0
1702999, 236, 0, 0
1703999, 245, 0, 0
1704999, 229, 0, 0
1706000, 256, 0, 0
1707000, 242, 0, 0
1708000, 201, 0, 0
1708999, 245, 0, 0
1709999, 224, 0, 0
1710999, 220, 0, 0
1711999, 234, 0, 0
1713000, 226, 0, 0
1714000, 227, 0, 0
1715000, 249, 0, 0
1716000, 224, 0, 0
1717000, 240, 0, 0
1717999, 222, 0, 0
1719000, 237, 0, 0
1719999, 235, 0, 0
1721000, 263, 0, 0
1722000, 210, 0, 0
1723000, 246, 0, 0
1724000, 249, 0, 0
1724999, 233, 0, 0
1726000, 226, 0, 0
1726999, 222, 0, 0
1727999, 228, 0, 0
1729000, 248, 0, 0
1730000, 261, 0, 0
1731000, 237, 0, 0
1732000, 261, 0, 0
1733000, 232, 0, 0
1733999, 221, 0, 0
1734999, 233, 0, 0
1735999, 249, 0, 0
1737000, 262, 0, 0
1738000, 237, 0, 0
1739000, 247, 0, 0
1739999, 222, 0, 0
1740999, 191, 0, 0
1741999, 236, 0, 0
1742999, 234, 0, 0
1744000, 229, 0, 0
1745000, 244, 0, 0
1746000, 217, 0, 0
1747000, 229, 0, 0
1748000, 241, 0, 0
1748999, 222, 0, 0
1749999, 246, 0, 0
1750999, 232, 0, 0
1751999, 209, 0, 0
1753000, 225, 0, 0
1754000, 224, 0, 0
1755000, 242, 0, 0
1756000, 239, 0, 0
1756999, 224, 0, 0
1757999, 237, 0, 0
1758999, 248, 0, 0
1760000, 185, 0, 0
1761000, 248, 0, 0
1762000, 270, 0, 0
1763000, 235, 0, 0
1764000, 219, 0, 0
1764999, 244, 0, 0
1765999, 203, 0, 0
1766999, 268, 0, 0
1767999, 219, 0, 0
1769000, 239, 0, 0
1770000, 237, 0, 0
1771000, 248, 0, 0
1772000, 231, 0, 0
1773000, 245, 0, 0
1773999, 206, 0, 0
1774999, 231, 0, 0
1775999, 221, 0, 0
1777000, 261, 0, 0
1778000, 238, 0, 0
1779000, 199, 0, 0
1780000, 258, 0, 0
1780999, 247, 0, 0
1781999, 216, 0, 0
1782999, 214, 0, 0
1783999, 268, 0, 0
1785000, 246, 0, 0
1786000, 248, 0, 0
1787000, 243, 0, 0
1788000, 243, 0, 0
1789000, 224, 0, 0
1789999, 247, 0, 0
1790999, 225, 0, 0
1792000, 246, 0, 0
1793000, 273, 0, 0
1794000, 232, 0, 0
1795000, 248, 0, 0
1796000, 224, 0, 0
1796999, 265, 0, 0
1797999, 197, 0, 0
1798999, 265, 0, 0
1800000, 217, 0, 0
