1000, 47, 0, 0
1999, 121, 0, 0
2999, 112, 0, 0
3999, 128, 0, 0
4999, 120, 0, 0
5999, 129, 0, 0
7000, 130, 0, 0
7999, 128, 0, 0
9000, 120, 0, 0
9999, 129, 0, 0
10999, 120, 0, 0
11999, 128, 0, 0
12999, 120, 0, 0
13999, 121, 0, 0
14999, 128, 0, 0
15999, 129, 0, 0
17000, 129, 0, 0
17999, 122, 0, 0
18999, 129, 0, 0
19999, 123, 0, 0
20999, 138, 0, 0
21999, 122, 0, 0
22999, 130, 0, 0
23999, 120, 0, 0
24999, 121, 0, 0
25999, 130, 0, 0
27000, 128, 0, 0
28000, 120, 0, 0
28999, 133, 0, 0
29999, 131, 0, 0
30999, 121, 0, 0
31999, 128, 0, 0
32999, 130, 0, 0
33999, 122, 0, 0
34999, 137, 0, 0
36000, 123, 0, 0
37000, 131, 0, 0
37999, 130, 0, 0
38999, 131, 0, 0
39999, 119, 0, 0
40999, 130, 0, 0
41999, 130, 0, 0
42999, 132, 0, 0
44000, 134, 0, 0
44999, 130, 0, 0
45999, 126, 0, 0
46999, 129, 0, 0
47999, 125, 0, 0
48999, 121, 0, 0
49999, 132, 0, 0
50999, 132, 0, 0
52000, 130, 0, 0
53000, 130, 0, 0
54000, 123, 0, 0
55000, 131, 0, 0
55999, 136, 0, 0
56999, 128, 0, 0
57999, 121, 0, 0
58999, 129, 0, 0
59999, 131, 0, 0
60999, 135, 0, 0
61999, 122, 0, 0
63000, 125, 0, 0
63999, 133, 0, 0
65000, 127, 0, 0
65999, 133, 0, 0
66999, 115, 0, 0
67999, 130, 0, 0
68999, 127, 0, 0
69999, 120, 0, 0
70999, 124, 0, 0
71999, 130, 0, 0
72999, 131, 0, 0
73999, 133, 0, 0
74999, 131, 0, 0
76000, 138, 0, 0
77000, 129, 0, 0
77999, 135, 0, 0
78999, 128, 0, 0
79999, 130, 0, 0
80999, 130, 0, 0
81999, 125, 0, 0
82999, 132, 0, 0
84000, 122, 0, 0
84999, 131, 0, 0
86000, 134, 0, 0
86999, 132, 0, 0
87999, 137, 0, 0
88999, 134, 0, 0
89999, 133, 0, 0
90999, 131, 0, 0
91999, 131, 0, 0
93000, 139, 0, 0
94000, 128, 0, 0
95000, 135, 0, 0
95999, 137, 0, 0
96999, 134, 0, 0
97999, 126, 0, 0
98999, 134, 0, 0
99999, 133, 0, 0
100999, 124, 0, 0
101999, 135, 0, 0
103000, 135, 0, 0
104000, 133, 0, 0
105000, 139, 0, 0
106000, 132, 0, 0
107000, 128, 0, 0
107999, 135, 0, 0
108999, 135, 0, 0
109999, 135, 0, 0
110999, 123, 0, 0
112000, 137, 0, 0
113000, 127, 0, 0
114000, 144, 0, 0
114999, 127, 0, 0
115999, 146, 0, 0
116999, 129, 0, 0
117999, 140, 0, 0
118999, 138, 0, 0
119999, 130, 0, 0
121000, 137, 0, 0
122000, 133, 0, 0
122999, 135, 0, 0
123999, 125, 0, 0
124999, 127, 0, 0
125999, 137, 0, 0
126999, 136, 0, 0
127999, 124, 0, 0
129000, 127, 0, 0
130000, 135, 0, 0
130999, 140, 0, 0
131999, 125, 0, 0
132999, 139, 0, 0
133999, 127, 0, 0
134999, 139, 0, 0
135999, 133, 0, 0
137000, 127, 0, 0
137999, 136, 0, 0
139000, 142, 0, 0
139999, 132, 0, 0
140999, 134, 0, 0
141999, 139, 0, 0
142999, 136, 0, 0
143999, 132, 0, 0
145000, 126, 0, 0
145999, 140, 0, 0
146999, 126, 0, 0
147999, 128, 0, 0
148999, 138, 0, 0
149999, 141, 0, 0
150999, 136, 0, 0
152000, 138, 0, 0
153000, 146, 0, 0
153999, 131, 0, 0
154999, 139, 0, 0
155999, 139, 0, 0
156999, 125, 0, 0
157999, 124, 0, 0
158999, 129, 0, 0
160000, 138, 0, 0
161000, 125, 0, 0
161999, 130, 0, 0
162999, 142, 0, 0
163999, 128, 0, 0
164999, 143, 0, 0
165999, 132, 0, 0
167000, 137, 0, 0
168000, 139, 0, 0
168999, 129, 0, 0
169999, 139, 0, 0
170999, 143, 0, 0
171999, 135, 0, 0
173000, 132, 0, 0
174000, 123, 0, 0
175000, 139, 0, 0
175999, 135, 0, 0
176999, 135, 0, 0
177999, 143, 0, 0
178999, 128, 0, 0
180000, 143, 0, 0
181000, 147, 0, 0
181999, 135, 0, 0
182999, 139, 0, 0
183999, 128, 0, 0
184999, 144, 0, 0
185999, 145, 0, 0
187000, 140, 0, 0
187999, 142, 0, 0
188999, 144, 0, 0
189999, 135, 0, 0
190999, 127, 0, 0
191999, 133, 0, 0
192999, 130, 0, 0
193999, 139, 0, 0
195000, 132, 0, 0
195999, 139, 0, 0
196999, 144, 0, 0
197999, 129, 0, 0
198999, 138, 0, 0
199999, 141, 0, 0
200999, 141, 0, 0
201999, 138, 0, 0
203000, 137, 0, 0
204000, 145, 0, 0
204999, 136, 0, 0
205999, 141, 0, 0
206999, 129, 0, 0
207999, 146, 0, 0
208999, 139, 0, 0
210000, 138, 0, 0
210999, 136, 0, 0
211999, 147, 0, 0
212999, 138, 0, 0
213999, 134, 0, 0
214999, 144, 0, 0
215999, 134, 0, 0
217000, 148, 0, 0
217999, 143, 0, 0
218999, 138, 0, 0
219999, 134, 0, 0
220999, 136, 0, 0
221999, 131, 0, 0
223000, 130, 0, 0
224000, 136, 0, 0
225000, 137, 0, 0
225999, 152, 0, 0
226999, 143, 0, 0
227999, 128, 0, 0
228999, 135, 0, 0
229999, 130, 0, 0
230999, 146, 0, 0
231999, 132, 0, 0
232999, 149, 0, 0
233999, 137, 0, 0
234999, 144, 0, 0
235999, 143, 0, 0
236999, 147, 0, 0
237999, 131, 0, 0
239000, 142, 0, 0
239999, 142, 0, 0
240999, 135, 0, 0
241999, 142, 0, 0
242999, 138, 0, 0
243999, 136, 0, 0
244999, 144, 0, 0
246000, 142, 0, 0
247000, 141, 0, 0
248000, 151, 0, 0
248999, 141, 0, 0
249999, 142, 0, 0
250999, 134, 0, 0
251999, 155, 0, 0
252999, 145, 0, 0
253999, 139, 0, 0
254999, 139, 0, 0
256000, 138, 0, 0
257000, 144, 0, 0
258000, 139, 0, 0
258999, 145, 0, 0
259999, 147, 0, 0
260999, 135, 0, 0
261999, 152, 0, 0
262999, 145, 0, 0
263999, 141, 0, 0
265000, 147, 0, 0
266000, 143, 0, 0
267000, 137, 0, 0
267999, 141, 0, 0
268999, 144, 0, 0
269999, 143, 0, 0
270999, 124, 0, 0
271999, 164, 0, 0
272999, 143, 0, 0
273999, 135, 0, 0
274999, 145, 0, 0
276000, 145, 0, 0
276999, 144, 0, 0
277999, 146, 0, 0
278999, 137, 0, 0
279999, 151, 0, 0
280999, 147, 0, 0
281999, 145, 0, 0
282999, 154, 0, 0
284000, 148, 0, 0
284999, 142, 0, 0
285999, 139, 0, 0
286999, 148, 0, 0
287999, 149, 0, 0
288999, 133, 0, 0
289999, 150, 0, 0
290999, 130, 0, 0
292000, 150, 0, 0
292999, 153, 0, 0
293999, 164, 0, 0
294999, 144, 0, 0
295999, 150, 0, 0
296999, 142, 0, 0
297999, 139, 0, 0
298999, 149, 0, 0
299999, 144, 0, 0
301000, 146, 0, 0
302000, 146, 0, 0
303000, 146, 0, 0
303999, 135, 0, 0
304999, 148, 0, 0
305999, 137, 0, 0
306999, 140, 0, 0
307999, 145, 0, 0
308999, 142, 0, 0
310000, 146, 0, 0
311000, 139, 0, 0
311999, 152, 0, 0
312999, 146, 0, 0
313999, 145, 0, 0
314999, 148, 0, 0
315999, 145, 0, 0
316999, 141, 0, 0
318000, 150, 0, 0
319000, 153, 0, 0
319999, 151, 0, 0
320999, 144, 0, 0
321999, 152, 0, 0
322999, 153, 0, 0
323999, 165, 0, 0
324999, 155, 0, 0
325999, 154, 0, 0
327000, 161, 0, 0
328000, 148, 0, 0
328999, 142, 0, 0
329999, 147, 0, 0
330999, 144, 0, 0
331999, 156, 0, 0
332999, 151, 0, 0
333999, 144, 0, 0
335000, 143, 0, 0
336000, 156, 0, 0
337000, 149, 0, 0
337999, 166, 0, 0
338999, 147, 0, 0
339999, 134, 0, 0
340999, 148, 0, 0
341999, 153, 0, 0
343000, 149, 0, 0
344000, 162, 0, 0
344999, 153, 0, 0
345999, 154, 0, 0
346999, 156, 0, 0
347999, 143, 0, 0
348999, 148, 0, 0
349999, 149, 0, 0
351000, 155, 0, 0
352000, 152, 0, 0
352999, 154, 0, 0
353999, 156, 0, 0
354999, 145, 0, 0
355999, 153, 0, 0
356999, 158, 0, 0
357999, 156, 0, 0
358999, 149, 0, 0
360000, 166, 0, 0
361000, 158, 0, 0
361999, 162, 0, 0
362999, 165, 0, 0
363999, 132, 0, 0
364999, 154, 0, 0
365998, 142, 0, 0
367000, 151, 0, 0
367999, 140, 0, 0
368999, 159, 0, 0
369999, 157, 0, 0
370999, 152, 0, 0
371999, 145, 0, 0
372999, 159, 0, 0
374000, 165, 0, 0
374999, 150, 0, 0
375999, 143, 0, 0
376999, 167, 0, 0
377999, 142, 0, 0
378999, 164, 0, 0
379999, 155, 0, 0
380999, 146, 0, 0
381999, 154, 0, 0
383000, 155, 0, 0
384000, 155, 0, 0
384999, 146, 0, 0
385999, 151, 0, 0
386999, 152, 0, 0
387999, 154, 0, 0
388999, 158, 0, 0
389999, 155, 0, 0
391000, 156, 0, 0
392000, 157, 0, 0
392999, 153, 0, 0
393999, 166, 0, 0
394999, 152, 0, 0
395999, 149, 0, 0
396999, 161, 0, 0
397999, 148, 0, 0
399000, 156, 0, 0
400000, 158, 0, 0
400999, 157, 0, 0
401999, 149, 0, 0
402999, 156, 0, 0
403999, 152, 0, 0
404999, 156, 0, 0
405999, 151, 0, 0
406999, 166, 0, 0
407999, 155, 0, 0
409000, 163, 0, 0
409999, 156, 0, 0
410999, 152, 0, 0
411999, 154, 0, 0
412999, 161, 0, 0
413999, 143, 0, 0
414999, 161, 0, 0
415999, 173, 0, 0
416999, 153, 0, 0
418000, 157, 0, 0
419000, 152, 0, 0
419999, 163, 0, 0
420999, 158, 0, 0
421999, 148, 0, 0
422999, 159, 0, 0
423999, 159, 0, 0
424999, 150, 0, 0
426000, 164, 0, 0
427000, 167, 0, 0
428000, 160, 0, 0
428999, 150, 0, 0
429999, 151, 0, 0
430999, 172, 0, 0
431999, 156, 0, 0
432999, 154, 0, 0
433999, 154, 0, 0
434999, 167, 0, 0
435999, 163, 0, 0
437000, 169, 0, 0
437999, 150, 0, 0
438999, 166, 0, 0
439999, 161, 0, 0
440999, 152, 0, 0
441999, 154, 0, 0
442999, 184, 0, 0
443999, 168, 0, 0
444999, 157, 0, 0
446000, 155, 0, 0
447000, 180, 0, 0
447999, 169, 0, 0
448999, 161, 0, 0
449999, 170, 0, 0
450999, 169, 0, 0
451999, 161, 0, 0
452999, 164, 0, 0
454000, 163, 0, 0
455000, 158, 0, 0
456000, 156, 0, 0
457000, 167, 0, 0
458000, 156, 0, 0
459000, 162, 0, 0
460000, 170, 0, 0
460999, 188, 0, 0
461999, 168, 0, 0
463000, 174, 0, 0
463999, 170, 0, 0
464999, 160, 0, 0
466000, 174, 0, 0
466999, 175, 0, 0
467999, 154, 0, 0
469000, 142, 0, 0
470000, 158, 0, 0
470999, 172, 0, 0
472000, 156, 0, 0
473000, 169, 0, 0
474000, 163, 0, 0
475000, 165, 0, 0
476000, 150, 0, 0
477000, 170, 0, 0
478000, 160, 0, 0
479000, 165, 0, 0
480000, 161, 0, 0
481000, 178, 0, 0
482000, 155, 0, 0
483000, 162, 0, 0
484000, 168, 0, 0
485000, 161, 0, 0
486000, 167, 0, 0
487000, 151, 0, 0
488000, 166, 0, 0
489000, 166, 0, 0
489999, 167, 0, 0
490999, 181, 0, 0
491999, 162, 0, 0
492999, 171, 0, 0
493999, 162, 0, 0
494999, 162, 0, 0
495999, 171, 0, 0
496999, 165, 0, 0
497999, 170, 0, 0
498999, 159, 0, 0
500000, 154, 0, 0
500999, 160, 0, 0
501999, 161, 0, 0
502998, 180, 0, 0
503998, 180, 0, 0
504999, 180, 0, 0
505998, 171, 0, 0
506998, 154, 0, 0
507998, 170, 0, 0
508998, 161, 0, 0
509997, 158, 0, 0
510997, 181, 0, 0
511997, 158, 0, 0
512997, 159, 0, 0
513996, 154, 0, 0
514996, 151, 0, 0
515996, 157, 0, 0
516996, 151, 0, 0
517995, 167, 0, 0
518995, 156, 0, 0
519995, 166, 0, 0
520995, 168, 0, 0
521994, 175, 0, 0
522994, 169, 0, 0
523994, 157, 0, 0
524993, 181, 0, 0
525994, 161, 0, 0
526994, 188, 0, 0
527993, 165, 0, 0
528993, 182, 0, 0
529993, 188, 0, 0
530993, 184, 0, 0
531993, 182, 0, 0
532992, 151, 0, 0
533992, 173, 0, 0
534992, 187, 0, 0
535992, 161, 0, 0
536991, 175, 0, 0
537991, 173, 0, 0
539000, 183, 0, 0
539991, 168, 0, 0
540991, 170, 0, 0
541999, 168, 0, 0
542999, 179, 0, 0
544000, 176, 0, 0
545000, 161, 0, 0
545999, 196, 0, 0
546999, 167, 0, 0
547999, 200, 0, 0
548999, 194, 0, 0
549999, 179, 0, 0
550999, 174, 0, 0
551999, 163, 0, 0
552999, 174, 0, 0
554000, 169, 0, 0
555000, 162, 0, 0
555999, 175, 0, 0
556999, 175, 0, 0
557999, 164, 0, 0
558999, 192, 0, 0
559999, 177, 0, 0
560999, 175, 0, 0
562000, 169, 0, 0
563000, 182, 0, 0
563999, 180, 0, 0
564999, 167, 0, 0
565999, 197, 0, 0
566999, 158, 0, 0
567999, 184, 0, 0
568999, 176, 0, 0
569999, 169, 0, 0
570999, 181, 0, 0
572000, 179, 0, 0
573000, 182, 0, 0
574000, 194, 0, 0
575000, 182, 0, 0
575999, 177, 0, 0
576999, 181, 0, 0
577999, 166, 0, 0
578999, 158, 0, 0
579999, 164, 0, 0
580999, 175, 0, 0
581999, 160, 0, 0
583000, 206, 0, 0
584000, 188, 0, 0
585000, 182, 0, 0
585999, 187, 0, 0
586999, 177, 0, 0
587999, 171, 0, 0
588999, 178, 0, 0
589999, 162, 0, 0
590999, 166, 0, 0
592000, 180, 0, 0
593000, 173, 0, 0
593999, 198, 0, 0
594999, 192, 0, 0
595999, 178, 0, 0
596999, 179, 0, 0
597999, 185, 0, 0
598999, 175, 0, 0
599999, 158, 0, 0
600999, 177, 0, 0
602000, 199, 0, 0
602999, 183, 0, 0
603999, 189, 0, 0
604999, 163, 0, 0
605999, 174, 0, 0
606999, 202, 0, 0
607999, 182, 0, 0
608999, 182, 0, 0
610000, 190, 0, 0
610999, 186, 0, 0
612000, 213, 0, 0
612999, 180, 0, 0
613999, 195, 0, 0
614999, 173, 0, 0
615999, 156, 0, 0
616999, 181, 0, 0
617999, 169, 0, 0
619000, 179, 0, 0
620000, 169, 0, 0
621000, 171, 0, 0
621999, 208, 0, 0
622999, 158, 0, 0
623999, 170, 0, 0
624999, 178, 0, 0
625999, 178, 0, 0
627000, 205, 0, 0
628000, 179, 0, 0
629000, 184, 0, 0
629999, 193, 0, 0
630999, 200, 0, 0
631999, 192, 0, 0
632999, 195, 0, 0
633999, 192, 0, 0
634999, 191, 0, 0
635999, 190, 0, 0
637000, 188, 0, 0
638000, 192, 0, 0
638999, 191, 0, 0
639999, 195, 0, 0
640999, 195, 0, 0
641999, 180, 0, 0
642999, 161, 0, 0
643999, 178, 0, 0
644999, 199, 0, 0
645999, 179, 0, 0
647000, 200, 0, 0
648000, 191, 0, 0
648999, 200, 0, 0
649999, 190, 0, 0
650999, 193, 0, 0
651999, 175, 0, 0
652999, 206, 0, 0
653999, 192, 0, 0
654999, 198, 0, 0
656000, 190, 0, 0
656999, 205, 0, 0
657999, 192, 0, 0
658999, 193, 0, 0
659999, 199, 0, 0
660999, 189, 0, 0
661999, 177, 0, 0
662999, 180, 0, 0
663999, 179, 0, 0
665000, 200, 0, 0
666000, 136, 0, 0
666999, 219, 0, 0
667999, 197, 0, 0
668999, 203, 0, 0
669999, 183, 0, 0
670999, 188, 0, 0
671999, 164, 0, 0
673000, 196, 0, 0
674000, 198, 0, 0
675000, 175, 0, 0
675999, 185, 0, 0
676999, 207, 0, 0
677999, 176, 0, 0
678999, 187, 0, 0
679999, 194, 0, 0
680999, 196, 0, 0
682000, 209, 0, 0
682999, 219, 0, 0
684000, 178, 0, 0
684999, 190, 0, 0
685999, 178, 0, 0
686999, 195, 0, 0
687999, 190, 0, 0
688999, 224, 0, 0
690000, 201, 0, 0
691000, 204, 0, 0
691999, 186, 0, 0
692999, 197, 0, 0
693999, 178, 0, 0
694999, 207, 0, 0
695999, 191, 0, 0
696999, 188, 0, 0
697999, 201, 0, 0
699000, 201, 0, 0
700000, 186, 0, 0
700999, 175, 0, 0
701999, 206, 0, 0
702999, 198, 0, 0
703999, 216, 0, 0
704999, 208, 0, 0
705999, 211, 0, 0
706999, 175, 0, 0
708000, 223, 0, 0
709000, 175, 0, 0
709999, 182, 0, 0
710999, 158, 0, 0
711999, 198, 0, 0
712999, 182, 0, 0
713999, 218, 0, 0
714999, 183, 0, 0
716000, 217, 0, 0
716999, 198, 0, 0
717999, 188, 0, 0
718999, 198, 0, 0
719999, 213, 0, 0
720999, 215, 0, 0
721999, 202, 0, 0
722999, 188, 0, 0
723999, 210, 0, 0
724999, 198, 0, 0
726000, 199, 0, 0
726999, 193, 0, 0
727999, 196, 0, 0
728999, 200, 0, 0
729999, 200, 0, 0
730999, 208, 0, 0
731999, 186, 0, 0
733000, 214, 0, 0
734000, 202, 0, 0
735000, 180, 0, 0
735999, 201, 0, 0
736999, 207, 0, 0
737999, 193, 0, 0
738999, 204, 0, 0
739999, 193, 0, 0
741000, 190, 0, 0
741999, 217, 0, 0
743000, 189, 0, 0
743999, 206, 0, 0
744999, 200, 0, 0
745999, 216, 0, 0
746999, 214, 0, 0
747999, 183, 0, 0
749000, 195, 0, 0
750000, 209, 0, 0
750999, 194, 0, 0
751999, 194, 0, 0
752999, 176, 0, 0
753999, 202, 0, 0
754999, 167, 0, 0
755999, 221, 0, 0
756999, 206, 0, 0
758000, 187, 0, 0
758999, 195, 0, 0
759999, 207, 0, 0
760999, 191, 0, 0
761999, 213, 0, 0
762999, 194, 0, 0
763999, 207, 0, 0
764999, 198, 0, 0
766000, 206, 0, 0
766999, 206, 0, 0
768000, 187, 0, 0
768999, 194, 0, 0
769999, 206, 0, 0
770999, 187, 0, 0
771999, 207, 0, 0
772999, 167, 0, 0
773999, 186, 0, 0
774999, 205, 0, 0
775999, 188, 0, 0
776999, 199, 0, 0
777999, 185, 0, 0
778999, 177, 0, 0
779999, 188, 0, 0
780999, 225, 0, 0
781999, 175, 0, 0
782999, 195, 0, 0
784000, 188, 0, 0
784999, 195, 0, 0
785999, 182, 0, 0
786999, 195, 0, 0
787999, 195, 0, 0
788999, 203, 0, 0
789999, 170, 0, 0
791000, 180, 0, 0
792000, 222, 0, 0
793000, 207, 0, 0
793999, 181, 0, 0
794999, 190, 0, 0
795999, 190, 0, 0
796999, 206, 0, 0
797999, 205, 0, 0
798999, 200, 0, 0
799999, 169, 0, 0
800999, 221, 0, 0
801999, 195, 0, 0
802999, 217, 0, 0
803999, 199, 0, 0
804999, 203, 0, 0
805999, 187, 0, 0
806999, 180, 0, 0
807999, 190, 0, 0
808999, 167, 0, 0
809999, 209, 0, 0
810999, 214, 0, 0
811999, 205, 0, 0
812999, 209, 0, 0
813999, 185, 0, 0
815000, 200, 0, 0
816000, 195, 0, 0
816999, 202, 0, 0
817999, 198, 0, 0
818999, 189, 0, 0
819999, 199, 0, 0
820999, 185, 0, 0
821999, 204, 0, 0
822999, 186, 0, 0
824000, 176, 0, 0
825000, 216, 0, 0
826000, 192, 0, 0
826999, 185, 0, 0
827999, 196, 0, 0
828999, 209, 0, 0
829999, 177, 0, 0
830999, 204, 0, 0
831999, 199, 0, 0
833000, 206, 0, 0
834000, 206, 0, 0
834999, 209, 0, 0
835999, 203, 0, 0
836999, 185, 0, 0
837999, 188, 0, 0
838999, 222, 0, 0
839999, 203, 0, 0
840999, 190, 0, 0
842000, 189, 0, 0
842999, 205, 0, 0
843999, 177, 0, 0
844999, 174, 0, 0
845999, 209, 0, 0
846999, 195, 0, 0
847999, 192, 0, 0
848999, 168, 0, 0
850000, 189, 0, 0
850999, 207, 0, 0
851999, 192, 0, 0
852999, 192, 0, 0
853999, 186, 0, 0
854999, 197, 0, 0
856000, 193, 0, 0
857000, 203, 0, 0
857999, 188, 0, 0
858999, 204, 0, 0
859999, 192, 0, 0
860999, 200, 0, 0
861999, 211, 0, 0
862999, 196, 0, 0
864000, 201, 0, 0
865000, 195, 0, 0
865999, 194, 0, 0
866999, 212, 0, 0
867999, 201, 0, 0
868999, 195, 0, 0
869999, 194, 0, 0
870999, 189, 0, 0
872000, 202, 0, 0
873000, 205, 0, 0
873999, 220, 0, 0
874999, 196, 0, 0
875999, 204, 0, 0
876999, 201, 0, 0
877999, 191, 0, 0
878999, 171, 0, 0
880000, 204, 0, 0
881000, 194, 0, 0
881999, 207, 0, 0
882999, 213, 0, 0
883999, 203, 0, 0
884999, 188, 0, 0
885999, 194, 0, 0
886999, 208, 0, 0
887999, 192, 0, 0
889000, 183, 0, 0
889999, 220, 0, 0
890999, 204, 0, 0
891999, 187, 0, 0
892999, 181, 0, 0
893999, 196, 0, 0
894999, 204, 0, 0
895999, 185, 0, 0
897000, 214, 0, 0
898000, 192, 0, 0
898999, 214, 0, 0
899999, 209, 0, 0
900999, 197, 0, 0
901999, 197, 0, 0
902999, 164, 0, 0
903999, 220, 0, 0
904999, 224, 0, 0
906000, 195, 0, 0
907000, 213, 0, 0
907999, 208, 0, 0
908999, 203, 0, 0
909999, 198, 0, 0
910999, 218, 0, 0
911999, 226, 0, 0
912999, 176, 0, 0
913999, 197, 0, 0
915000, 194, 0, 0
915999, 206, 0, 0
916999, 203, 0, 0
917999, 200, 0, 0
918999, 211, 0, 0
919999, 209, 0, 0
920999, 222, 0, 0
922000, 202, 0, 0
923000, 217, 0, 0
923999, 190, 0, 0
924999, 201, 0, 0
925999, 177, 0, 0
926999, 210, 0, 0
927999, 222, 0, 0
928999, 186, 0, 0
929999, 204, 0, 0
931000, 187, 0, 0
931999, 192, 0, 0
933000, 189, 0, 0
933999, 196, 0, 0
934999, 178, 0, 0
935999, 221, 0, 0
936999, 188, 0, 0
937999, 206, 0, 0
939000, 198, 0, 0
940000, 204, 0, 0
940999, 206, 0, 0
942000, 205, 0, 0
942999, 191, 0, 0
943999, 198, 0, 0
944999, 227, 0, 0
945999, 195, 0, 0
946999, 223, 0, 0
947999, 192, 0, 0
948999, 195, 0, 0
949999, 173, 0, 0
950999, 193, 0, 0
951999, 196, 0, 0
952999, 217, 0, 0
953999, 209, 0, 0
954999, 197, 0, 0
955999, 177, 0, 0
957000, 195, 0, 0
957999, 228, 0, 0
958999, 208, 0, 0
959999, 180, 0, 0
960999, 195, 0, 0
961999, 208, 0, 0
963000, 193, 0, 0
964000, 195, 0, 0
965000, 194, 0, 0
965999, 200, 0, 0
966999, 195, 0, 0
967999, 186, 0, 0
968999, 205, 0, 0
969999, 202, 0, 0
971000, 201, 0, 0
971999, 212, 0, 0
972999, 227, 0, 0
973999, 212, 0, 0
974999, 223, 0, 0
975999, 185, 0, 0
976999, 196, 0, 0
977999, 174, 0, 0
979000, 205, 0, 0
980000, 171, 0, 0
980999, 207, 0, 0
981999, 209, 0, 0
982999, 198, 0, 0
983999, 193, 0, 0
984999, 224, 0, 0
985999, 202, 0, 0
987000, 199, 0, 0
988000, 210, 0, 0
988999, 209, 0, 0
989999, 210, 0, 0
990999, 207, 0, 0
991999, 216, 0, 0
992999, 186, 0, 0
993999, 212, 0, 0
994999, 215, 0, 0
996000, 216, 0, 0
996999, 227, 0, 0
997999, 205, 0, 0
998999, 182, 0, 0
999999, 203, 0, 0
1000999, 202, 0, 0
1002000, 207, 0, 0
1002999, 196, 0, 0
1003999, 196, 0, 0
1004999, 218, 0, 0
1005999, 198, 0, 0
1006999, 203, 0, 0
1007999, 203, 0, 0
1008999, 222, 0, 0
1010000, 182, 0, 0
1011000, 189, 0, 0
1011999, 223, 0, 0
1012999, 210, 0, 0
1013999, 202, 0, 0
1014999, 218, 0, 0
1015999, 193, 0, 0
1016999, 193, 0, 0
1018000, 187, 0, 0
1018999, 215, 0, 0
1019999, 194, 0, 0
1020999, 198, 0, 0
1021999, 206, 0, 0
1022999, 196, 0, 0
1024000, 213, 0, 0
1025000, 204, 0, 0
1025999, 229, 0, 0
1026999, 203, 0, 0
1027999, 213, 0, 0
1028999, 202, 0, 0
1029999, 166, 0, 0
1030999, 207, 0, 0
1032000, 218, 0, 0
1033000, 175, 0, 0
1034000, 190, 0, 0
1034999, 211, 0, 0
1035999, 250, 0, 0
1036999, 215, 0, 0
1037999, 196, 0, 0
1038999, 194, 0, 0
1039999, 203, 0, 0
1040999, 186, 0, 0
1041999, 193, 0, 0
1042999, 205, 0, 0
1043999, 206, 0, 0
1044999, 197, 0, 0
1045999, 179, 0, 0
1047000, 218, 0, 0
1048000, 215, 0, 0
1048999, 211, 0, 0
1049999, 206, 0, 0
1050999, 207, 0, 0
1051999, 191, 0, 0
1052999, 199, 0, 0
1053999, 196, 0, 0
1055000, 201, 0, 0
1055999, 207, 0, 0
1057000, 213, 0, 0
1057999, 209, 0, 0
1058999, 213, 0, 0
1059999, 184, 0, 0
1060999, 212, 0, 0
1061999, 182, 0, 0
1062999, 209, 0, 0
1064000, 204, 0, 0
1065000, 231, 0, 0
1066000, 208, 0, 0
1066999, 216, 0, 0
1067999, 171, 0, 0
1068999, 205, 0, 0
1069999, 231, 0, 0
1071000, 184, 0, 0
1072000, 191, 0, 0
1072999, 234, 0, 0
1073999, 198, 0, 0
1074999, 182, 0, 0
1075999, 202, 0, 0
1076999, 207, 0, 0
1077999, 202, 0, 0
1078999, 211, 0, 0
1079999, 210, 0, 0
1080999, 211, 0, 0
1082000, 200, 0, 0
1082999, 233, 0, 0
1083999, 216, 0, 0
1084999, 232, 0, 0
1085999, 206, 0, 0
1086999, 200, 0, 0
1087999, 228, 0, 0
1089000, 207, 0, 0
1090000, 203, 0, 0
1090999, 185, 0, 0
1091999, 198, 0, 0
1092999, 214, 0, 0
1093999, 193, 0, 0
1094999, 235, 0, 0
1095999, 198, 0, 0
1096999, 230, 0, 0
1098000, 202, 0, 0
1099000, 185, 0, 0
1099999, 212, 0, 0
1100999, 212, 0, 0
1101999, 199, 0, 0
1102999, 219, 0, 0
1103999, 203, 0, 0
1104999, 223, 0, 0
1105999, 203, 0, 0
1107000, 203, 0, 0
1107999, 217, 0, 0
1108999, 211, 0, 0
1109999, 197, 0, 0
1110999, 219, 0, 0
1111999, 193, 0, 0
1112999, 181, 0, 0
1114000, 212, 0, 0
1114999, 202, 0, 0
1115999, 195, 0, 0
1116999, 218, 0, 0
1117999, 209, 0, 0
1118999, 189, 0, 0
1119999, 211, 0, 0
1120999, 203, 0, 0
1121999, 180, 0, 0
1123000, 223, 0, 0
1123999, 187, 0, 0
1124999, 194, 0, 0
1125999, 219, 0, 0
1126999, 180, 0, 0
1127999, 236, 0, 0
1128999, 211, 0, 0
1130000, 192, 0, 0
1130999, 217, 0, 0
1132000, 205, 0, 0
1132999, 215, 0, 0
1133999, 212, 0, 0
1134999, 203, 0, 0
1135999, 189, 0, 0
1136999, 211, 0, 0
1138000, 167, 0, 0
1139000, 228, 0, 0
1139999, 189, 0, 0
1140999, 222, 0, 0
1141999, 208, 0, 0
1142999, 234, 0, 0
1143999, 193, 0, 0
1144999, 228, 0, 0
1146000, 188, 0, 0
1147000, 209, 0, 0
1147999, 191, 0, 0
1148999, 195, 0, 0
1149999, 179, 0, 0
1150999, 168, 0, 0
1151999, 219, 0, 0
1152999, 215, 0, 0
1153999, 223, 0, 0
1154999, 209, 0, 0
1155999, 226, 0, 0
1156999, 204, 0, 0
1157999, 231, 0, 0
1158999, 201, 0, 0
1159999, 220, 0, 0
1161000, 194, 0, 0
1162000, 189, 0, 0
1163000, 220, 0, 0
1163999, 197, 0, 0
1164999, 227, 0, 0
1165999, 204, 0, 0
1166999, 216, 0, 0
1167999, 214, 0, 0
1169000, 184, 0, 0
1170000, 200, 0, 0
1170999, 229, 0, 0
1171999, 191, 0, 0
1172999, 199, 0, 0
1173999, 215, 0, 0
1174999, 215, 0, 0
1175999, 214, 0, 0
1177000, 214, 0, 0
1178000, 198, 0, 0
1178999, 202, 0, 0
1179999, 219, 0, 0
1180999, 205, 0, 0
1181999, 218, 0, 0
1182999, 218, 0, 0
1183999, 197, 0, 0
1184999, 214, 0, 0
1186000, 205, 0, 0
1187000, 222, 0, 0
1188000, 189, 0, 0
1188999, 204, 0, 0
1189999, 252, 0, 0
1190999, 206, 0, 0
1191999, 196, 0, 0
1192999, 201, 0, 0
1193999, 232, 0, 0
1194999, 212, 0, 0
1196000, 202, 0, 0
1197000, 217, 0, 0
1198000, 201, 0, 0
1198999, 220, 0, 0
1199999, 216, 0, 0
1200999, 228, 0, 0
1201999, 203, 0, 0
1202999, 232, 0, 0
1204000, 198, 0, 0
1204999, 208, 0, 0
1206000, 223, 0, 0
1206999, 206, 0, 0
1207999, 186, 0, 0
1208999, 207, 0, 0
1209999, 213, 0, 0
1210999, 185, 0, 0
1212000, 215, 0, 0
1213000, 205, 0, 0
1213999, 218, 0, 0
1214999, 180, 0, 0
1215999, 211, 0, 0
1216999, 199, 0, 0
1217999, 204, 0, 0
1218999, 200, 0, 0
1219999, 218, 0, 0
1221000, 225, 0, 0
1222000, 229, 0, 0
1222999, 184, 0, 0
1223999, 202, 0, 0
1224999, 199, 0, 0
1225999, 221, 0, 0
1226999, 220, 0, 0
1227999, 208, 0, 0
1229000, 223, 0, 0
1230000, 219, 0, 0
1230999, 196, 0, 0
1231999, 193, 0, 0
1232999, 208, 0, 0
1233999, 192, 0, 0
1234999, 232, 0, 0
1235999, 205, 0, 0
1237000, 224, 0, 0
1238000, 214, 0, 0
1238999, 227, 0, 0
1239999, 205, 0, 0
1240999, 223, 0, 0
1241999, 224, 0, 0
1242999, 225, 0, 0
1243998, 210, 0, 0
1245000, 230, 0, 0
1246000, 207, 0, 0
1247000, 183, 0, 0
1247999, 217, 0, 0
1248999, 208, 0, 0
1249999, 212, 0, 0
1250999, 244, 0, 0
1251999, 234, 0, 0
1253000, 223, 0, 0
1254000, 197, 0, 0
1254999, 205, 0, 0
1255999, 208, 0, 0
1256999, 208, 0, 0
1257999, 213, 0, 0
1258999, 208, 0, 0
1259999, 190, 0, 0
1260999, 235, 0, 0
1262000, 208, 0, 0
1262999, 209, 0, 0
1263999, 218, 0, 0
1264999, 206, 0, 0
1265999, 186, 0, 0
1266999, 211, 0, 0
1267999, 221, 0, 0
1268999, 202, 0, 0
1269999, 192, 0, 0
1271000, 231, 0, 0
1271999, 193, 0, 0
1272999, 216, 0, 0
1273999, 220, 0, 0
1274999, 221, 0, 0
1275999, 208, 0, 0
1276999, 213, 0, 0
1277999, 210, 0, 0
1279000, 211, 0, 0
1280000, 220, 0, 0
1281000, 225, 0, 0
1281999, 216, 0, 0
1282999, 190, 0, 0
1283999, 244, 0, 0
1284999, 211, 0, 0
1285999, 230, 0, 0
1287000, 220, 0, 0
1288000, 210, 0, 0
1288999, 226, 0, 0
1289999, 227, 0, 0
1290999, 227, 0, 0
1291999, 220, 0, 0
1292999, 228, 0, 0
1293999, 217, 0, 0
1295000, 213, 0, 0
1295999, 214, 0, 0
1296999, 224, 0, 0
1297999, 234, 0, 0
1298999, 216, 0, 0
1299999, 220, 0, 0
1300999, 236, 0, 0
1301999, 229, 0, 0
1302999, 189, 0, 0
1304000, 212, 0, 0
1304999, 209, 0, 0
1305999, 195, 0, 0
1306999, 196, 0, 0
1307999, 214, 0, 0
1308999, 194, 0, 0
1309999, 190, 0, 0
1310999, 211, 0, 0
1311999, 196, 0, 0
1312999, 178, 0, 0
1314000, 187, 0, 0
1314999, 214, 0, 0
1315999, 218, 0, 0
1316999, 210, 0, 0
1317999, 217, 0, 0
1318999, 218, 0, 0
1319999, 220, 0, 0
1320999, 210, 0, 0
1322000, 210, 0, 0
1322999, 201, 0, 0
1323999, 219, 0, 0
1324999, 246, 0, 0
1325999, 211, 0, 0
1326999, 203, 0, 0
1327999, 208, 0, 0
1329000, 217, 0, 0
1329999, 225, 0, 0
1330999, 198, 0, 0
1331999, 225, 0, 0
1332999, 187, 0, 0
1333999, 206, 0, 0
1335000, 217, 0, 0
1336000, 210, 0, 0
1336999, 213, 0, 0
1337999, 233, 0, 0
1338999, 192, 0, 0
1339999, 242, 0, 0
1340999, 219, 0, 0
1341999, 223, 0, 0
1342999, 207, 0, 0
1343999, 202, 0, 0
1345000, 224, 0, 0
1345999, 225, 0, 0
1346999, 214, 0, 0
1347999, 213, 0, 0
1348999, 229, 0, 0
1349999, 214, 0, 0
1350999, 205, 0, 0
1351999, 217, 0, 0
1353000, 222, 0, 0
1353999, 232, 0, 0
1354999, 199, 0, 0
1355999, 207, 0, 0
1356999, 211, 0, 0
1357999, 217, 0, 0
1358999, 209, 0, 0
1360000, 216, 0, 0
1360999, 247, 0, 0
1361999, 210, 0, 0
1362999, 225, 0, 0
1363999, 209, 0, 0
1364999, 205, 0, 0
1365999, 215, 0, 0
1366999, 232, 0, 0
1368000, 216, 0, 0
1368999, 197, 0, 0
1369999, 227, 0, 0
1370999, 198, 0, 0
1371999, 197, 0, 0
1372999, 212, 0, 0
1373999, 234, 0, 0
1374999, 228, 0, 0
1375999, 240, 0, 0
1377000, 239, 0, 0
1377999, 197, 0, 0
1378999, 194, 0, 0
1379999, 216, 0, 0
1380999, 217, 0, 0
1381999, 221, 0, 0
1382999, 220, 0, 0
1384000, 226, 0, 0
1385000, 209, 0, 0
1385999, 208, 0, 0
1386999, 235, 0, 0
1387999, 195, 0, 0
1388999, 229, 0, 0
1389999, 231, 0, 0
1390999, 205, 0, 0
1391999, 227, 0, 0
1392999, 217, 0, 0
1393999, 229, 0, 0
1394999, 223, 0, 0
1395999, 196, 0, 0
1396999, 199, 0, 0
1397999, 215, 0, 0
1398999, 203, 0, 0
1400000, 213, 0, 0
1401000, 217, 0, 0
1401999, 185, 0, 0
1402999, 211, 0, 0
1403999, 220, 0, 0
1404999, 209, 0, 0
1405999, 210, 0, 0
1406999, 223, 0, 0
1408000, 210, 0, 0
1408999, 251, 0, 0
1409999, 203, 0, 0
1410999, 204, 0, 0
1411999, 219, 0, 0
1412999, 225, 0, 0
1413999, 204, 0, 0
1414999, 232, 0, 0
1415999, 226, 0, 0
1417000, 213, 0, 0
1417999, 221, 0, 0
1418999, 204, 0, 0
1419999, 219, 0, 0
1420999, 230, 0, 0
1421999, 218, 0, 0
1422999, 211, 0, 0
1423999, 199, 0, 0
1424999, 209, 0, 0
1426000, 212, 0, 0
1427000, 201, 0, 0
1427999, 212, 0, 0
1428999, 199, 0, 0
1429999, 226, 0, 0
1430999, 203, 0, 0
1431999, 204, 0, 0
1432999, 240, 0, 0
1434000, 212, 0, 0
1435000, 190, 0, 0
1435999, 213, 0, 0
1436999, 192, 0, 0
1437999, 242, 0, 0
1438999, 182, 0, 0
1439999, 199, 0, 0
1440999, 204, 0, 0
1441999, 218, 0, 0
1442999, 194, 0, 0
1444000, 233, 0, 0
1445000, 235, 0, 0
1446000, 218, 0, 0
1446999, 205, 0, 0
1447999, 211, 0, 0
1448999, 225, 0, 0
1449999, 230, 0, 0
1450999, 255, 0, 0
1451999, 190, 0, 0
1452999, 210, 0, 0
1453999, 204, 0, 0
1455000, 217, 0, 0
1455999, 218, 0, 0
1456999, 228, 0, 0
1457999, 207, 0, 0
1458999, 211, 0, 0
1459999, 230, 0, 0
1460999, 229, 0, 0
1461999, 220, 0, 0
1463000, 205, 0, 0
1464000, 197, 0, 0
1464999, 210, 0, 0
1465999, 226, 0, 0
1466999, 216, 0, 0
1467999, 216, 0, 0
1468999, 219, 0, 0
1470000, 215, 0, 0
1471000, 199, 0, 0
1471999, 240, 0, 0
1472999, 215, 0, 0
1473999, 202, 0, 0
1474999, 212, 0, 0
1475999, 218, 0, 0
1476999, 218, 0, 0
1477999, 226, 0, 0
1479000, 220, 0, 0
1479999, 226, 0, 0
1480999, 209, 0, 0
1481999, 203, 0, 0
1482999, 236, 0, 0
1483999, 226, 0, 0
1484998, 233, 0, 0
1486000, 232, 0, 0
1487000, 197, 0, 0
1487999, 223, 0, 0
1488999, 196, 0, 0
1489999, 216, 0, 0
1490999, 209, 0, 0
1491999, 210, 0, 0
1492999, 252, 0, 0
1494000, 231, 0, 0
1495000, 221, 0, 0
1495999, 244, 0, 0
1496999, 219, 0, 0
1497999, 190, 0, 0
1498999, 223, 0, 0
1499999, 204, 0, 0
1500998, 209, 0, 0
1501999, 202, 0, 0
1503000, 236, 0, 0
1503999, 229, 0, 0
1504999, 183, 0, 0
1505999, 199, 0, 0
1506999, 227, 0, 0
1507999, 212, 0, 0
1508999, 207, 0, 0
1509999, 185, 0, 0
1511000, 244, 0, 0
1511999, 201, 0, 0
1512999, 219, 0, 0
1513999, 194, 0, 0
1514999, 225, 0, 0
1515999, 195, 0, 0
1516999, 211, 0, 0
1517999, 227, 0, 0
1518999, 237, 0, 0
1519999, 241, 0, 0
1521000, 191, 0, 0
1521999, 216, 0, 0
1522999, 224, 0, 0
1523999, 202, 0, 0
1524999, 212, 0, 0
1525999, 226, 0, 0
1527000, 244, 0, 0
1528000, 212, 0, 0
1528999, 221, 0, 0
1529999, 198, 0, 0
1530999, 220, 0, 0
1531999, 260, 0, 0
1532999, 198, 0, 0
1533999, 236, 0, 0
1534999, 196, 0, 0
1536000, 237, 0, 0
1536999, 229, 0, 0
1537999, 205, 0, 0
1538999, 216, 0, 0
1539999, 217, 0, 0
1540999, 215, 0, 0
1541999, 206, 0, 0
1543000, 212, 0, 0
1544000, 222, 0, 0
1544999, 207, 0, 0
1545999, 204, 0, 0
1546999, 205, 0, 0
1547999, 228, 0, 0
1548999, 235, 0, 0
1549999, 229, 0, 0
1551000, 223, 0, 0
1552000, 200, 0, 0
1552999, 219, 0, 0
1553999, 214, 0, 0
1554999, 234, 0, 0
1555999, 221, 0, 0
1556999, 199, 0, 0
1557999, 232, 0, 0
1559000, 197, 0, 0
1559999, 222, 0, 0
1560999, 209, 0, 0
1561999, 219, 0, 0
1562999, 204, 0, 0
1563999, 244, 0, 0
1564999, 222, 0, 0
1566000, 226, 0, 0
1567000, 217, 0, 0
1567999, 194, 0, 0
1568999, 225, 0, 0
1569999, 210, 0, 0
1570999, 249, 0, 0
1571999, 215, 0, 0
1572999, 206, 0, 0
1573999, 240, 0, 0
1574999, 217, 0, 0
1576000, 219, 0, 0
1577000, 223, 0, 0
1577999, 219, 0, 0
1578999, 208, 0, 0
1579999, 204, 0, 0
1580999, 208, 0, 0
1581999, 203, 0, 0
1582999, 205, 0, 0
1583999, 230, 0, 0
1584998, 237, 0, 0
1585999, 200, 0, 0
1587000, 227, 0, 0
1587999, 197, 0, 0
1588999, 217, 0, 0
1589999, 221, 0, 0
1590999, 231, 0, 0
1591999, 233, 0, 0
1592999, 222, 0, 0
1594000, 243, 0, 0
1595000, 203, 0, 0
1595999, 211, 0, 0
1596999, 235, 0, 0
1597999, 231, 0, 0
1598999, 227, 0, 0
1599999, 228, 0, 0
1600999, 218, 0, 0
1601999, 249, 0, 0
1603000, 212, 0, 0
1604000, 234, 0, 0
1604999, 222, 0, 0
1605999, 220, 0, 0
1606999, 207, 0, 0
1607999, 216, 0, 0
1608999, 208, 0, 0
1609999, 196, 0, 0
1611000, 218, 0, 0
1612000, 225, 0, 0
1613000, 210, 0, 0
1614000, 194, 0, 0
1615000, 222, 0, 0
1616000, 227, 0, 0
1617000, 230, 0, 0
1617999, 216, 0, 0
1618999, 224, 0, 0
1619999, 216, 0, 0
1620999, 213, 0, 0
1621999, 192, 0, 0
1622999, 228, 0, 0
1624000, 192, 0, 0
1624999, 220, 0, 0
1626000, 215, 0, 0
1627000, 241, 0, 0
1628000, 192, 0, 0
1629000, 265, 0, 0
1630000, 205, 0, 0
1631000, 235, 0, 0
1632000, 215, 0, 0
1633000, 218, 0, 0
1634000, 263, 0, 0
1635000, 205, 0, 0
1636000, 231, 0, 0
1637000, 236, 0, 0
1638000, 217, 0, 0
1639000, 221, 0, 0
1639999, 223, 0, 0
1640999, 208, 0, 0
1641999, 200, 0, 0
1642999, 235, 0, 0
1643999, 203, 0, 0
1645000, 216, 0, 0
1645999, 235, 0, 0
1646999, 202, 0, 0
1647999, 212, 0, 0
1649000, 213, 0, 0
1650000, 230, 0, 0
1651000, 207, 0, 0
1652000, 219, 0, 0
1653000, 215, 0, 0
1654000, 226, 0, 0
1655000, 216, 0, 0
1655999, 221, 0, 0
1656999, 208, 0, 0
1657999, 215, 0, 0
1658999, 237, 0, 0
1659998, 197, 0, 0
1660998, 229, 0, 0
1661998, 214, 0, 0
1662998, 213, 0, 0
1663997, 211, 0, 0
1664997, 201, 0, 0
1665998, 255, 0, 0
1666997, 234, 0, 0
1667997, 237, 0, 0
1668997, 232, 0, 0
1669997, 227, 0, 0
1670996, 216, 0, 0
1671996, 212, 0, 0
1672996, 253, 0, 0
1673995, 190, 0, 0
1674995, 226, 0, 0
1675995, 215, 0, 0
1676995, 276, 0, 0
1677994, 220, 0, 0
1678994, 226, 0, 0
1679994, 205, 0, 0
1680994, 228, 0, 0
1681994, 225, 0, 0
1682994, 240, 0, 0
1683994, 209, 0, 0
1684993, 241, 0, 0
1685993, 217, 0, 0
1686993, 236, 0, 0
1687993, 216, 0, 0
1688992, 208, 0, 0
1689992, 226, 0, 0
1690992, 201, 0, 0
1691992, 222, 0, 0
1692991, 224, 0, 0
1693991, 231, 0, 0
1694992, 242, 0, 0
1696000, 247, 0, 0
1696991, 231, 0, 0
1697991, 250, 0, 0
1699000, 216, 0, 0
1700000, 238, 0, 0
1701000, 220, 0, 0
1701999, 210, 0, 0
1702999, 233, 0, 0
1703999, 216, 0, 0
1704999, 227, 0, 0
1705999, 245, 0, 0
1706999, 218, 0, 0
1708000, 204, 0, 0
1708999, 237, 0, 0
1709999, 242, 0, 0
1710999, 210, 0, 0
1711999, 227, 0, 0
1712999, 236, 0, 0
1713999, 225, 0, 0
1714999, 241, 0, 0
1716000, 221, 0, 0
1717000, 235, 0, 0
1717999, 230, 0, 0
1719000, 226, 0, 0
1719999, 222, 0, 0
1720999, 205, 0, 0
1721999, 214, 0, 0
1722999, 213, 0, 0
1724000, 224, 0, 0
1724999, 193, 0, 0
1726000, 231, 0, 0
1726999, 260, 0, 0
1727999, 213, 0, 0
1728999, 256, 0, 0
1729999, 219, 0, 0
1730999, 242, 0, 0
1732000, 190, 0, 0
1733000, 192, 0, 0
1733999, 172, 0, 0
1734999, 225, 0, 0
1735999, 225, 0, 0
1736999, 201, 0, 0
1737999, 196, 0, 0
1739000, 224, 0, 0
1739999, 251, 0, 0
1740999, 239, 0, 0
1741999, 220, 0, 0
1742999, 250, 0, 0
1743999, 221, 0, 0
1744999, 205, 0, 0
1745999, 212, 0, 0
1747000, 208, 0, 0
1748000, 211, 0, 0
1748999, 233, 0, 0
1749999, 201, 0, 0
1750999, 223, 0, 0
1751999, 211, 0, 0
1752999, 222, 0, 0
1753999, 252, 0, 0
1755000, 236, 0, 0
1756000, 228, 0, 0
1756999, 226, 0, 0
1757999, 217, 0, 0
1758999, 232, 0, 0
1759999, 228, 0, 0
1760999, 205, 0, 0
1761999, 246, 0, 0
1763000, 216, 0, 0
1764000, 267, 0, 0
1764999, 195, 0, 0
1765999, 220, 0, 0
1766999, 257, 0, 0
1767999, 206, 0, 0
1768999, 245, 0, 0
1769999, 222, 0, 0
1770999, 226, 0, 0
1772000, 201, 0, 0
1773000, 208, 0, 0
1773999, 215, 0, 0
1774999, 198, 0, 0
1775999, 252, 0, 0
1776999, 221, 0, 0
1777999, 233, 0, 0
1778999, 185, 0, 0
1780000, 234, 0, 0
1780999, 204, 0, 0
1781999, 224, 0, 0
1782999, 202, 0, 0
1783999, 250, 0, 0
1784999, 236, 0, 0
1785999, 220, 0, 0
1786999, 200, 0, 0
1788000, 201, 0, 0
1789000, 217, 0, 0
1789999, 222, 0, 0
1790999, 200, 0, 0
1791999, 212, 0, 0
1792999, 225, 0, 0
1793999, 205, 0, 0
1795000, 234, 0, 0
1796000, 223, 0, 0
1796999, 236, 0, 0
1797999, 227, 0, 0
1798999, 223, 0, 0
1799999, 207, 0, 0
