1000, 52516, 0, 0
2000, 43305, 0, 0
3000, 46197, 0, 0
4000, 48049, 0, 0
5000, 46860, 0, 0
6000, 46414, 0, 0
7000, 47329, 0, 0
8000, 47946, 0, 0
9000, 46514, 0, 0
10000, 46801, 0, 0
11000, 46806, 0, 0
12000, 47388, 0, 0
13000, 47055, 0, 0
14000, 47331, 0, 0
15000, 48312, 0, 0
16000, 46957, 0, 0
17000, 48410, 0, 0
18000, 47216, 0, 0
19000, 47095, 0, 0
20000, 47736, 0, 0
21000, 47360, 0, 0
22000, 46691, 0, 0
23000, 47942, 0, 0
24000, 48029, 0, 0
25000, 46792, 0, 0
26000, 46842, 0, 0
27000, 48062, 0, 0
28000, 47157, 0, 0
29000, 46923, 0, 0
30000, 47083, 0, 0
31000, 46819, 0, 0
32000, 47927, 0, 0
33000, 46987, 0, 0
34000, 48376, 0, 0
35000, 47046, 0, 0
36000, 47136, 0, 0
37000, 47496, 0, 0
38000, 46904, 0, 0
39000, 47768, 0, 0
40000, 47918, 0, 0
41006, 47443, 0, 0
42000, 48172, 0, 0
43000, 46997, 0, 0
44000, 47262, 0, 0
45000, 48612, 0, 0
46000, 48429, 0, 0
47000, 47047, 0, 0
48000, 47349, 0, 0
49000, 48714, 0, 0
50000, 47640, 0, 0
51000, 47342, 0, 0
52000, 47675, 0, 0
53000, 48632, 0, 0
54000, 47320, 0, 0
55000, 46982, 0, 0
56000, 47715, 0, 0
57000, 48623, 0, 0
58000, 47190, 0, 0
59000, 48304, 0, 0
60000, 48162, 0, 0
61000, 48215, 0, 0
62000, 47894, 0, 0
63001, 47796, 0, 0
64000, 47326, 0, 0
65000, 48824, 0, 0
66000, 47626, 0, 0
67000, 47105, 0, 0
68000, 47516, 0, 0
69000, 47698, 0, 0
70000, 47738, 0, 0
71000, 47197, 0, 0
72000, 47037, 0, 0
73000, 47787, 0, 0
74000, 47268, 0, 0
75000, 48174, 0, 0
76001, 46949, 0, 0
77000, 47624, 0, 0
78000, 47353, 0, 0
79000, 48107, 0, 0
80000, 47795, 0, 0
81000, 47531, 0, 0
82000, 47657, 0, 0
83000, 47793, 0, 0
84000, 47371, 0, 0
85000, 47460, 0, 0
86000, 47162, 0, 0
87000, 47373, 0, 0
88000, 48554, 0, 0
89000, 49690, 0, 0
90000, 49204, 0, 0
91000, 50220, 0, 0
92000, 50838, 0, 0
93000, 49757, 0, 0
94000, 49804, 0, 0
95000, 50183, 0, 0
96000, 49891, 0, 0
97000, 48810, 0, 0
98000, 49679, 0, 0
99000, 49971, 0, 0
100000, 49546, 0, 0
101000, 50073, 0, 0
102000, 49878, 0, 0
103000, 45654, 0, 0
104000, 44570, 0, 0
105000, 44167, 0, 0
106000, 44875, 0, 0
107000, 44645, 0, 0
108000, 44339, 0, 0
109000, 43983, 0, 0
110000, 44516, 0, 0
111000, 44302, 0, 0
112000, 44020, 0, 0
113000, 43856, 0, 0
114000, 44149, 0, 0
115000, 44970, 0, 0
116000, 44314, 0, 0
117000, 44060, 0, 0
118000, 44608, 0, 0
119000, 43966, 0, 0
120000, 43858, 0, 0
121000, 44018, 0, 0
122000, 44447, 0, 0
123000, 44480, 0, 0
124000, 44437, 0, 0
125000, 44250, 0, 0
126000, 44705, 0, 0
127000, 44565, 0, 0
128000, 44333, 0, 0
129000, 44166, 0, 0
130000, 44154, 0, 0
131000, 44191, 0, 0
132000, 44021, 0, 0
133000, 44444, 0, 0
134000, 44947, 0, 0
135000, 44020, 0, 0
136000, 44101, 0, 0
137000, 45028, 0, 0
138000, 44088, 0, 0
139000, 44700, 0, 0
140000, 45318, 0, 0
141000, 44820, 0, 0
142000, 45157, 0, 0
143000, 43930, 0, 0
144000, 44590, 0, 0
145000, 43802, 0, 0
146000, 43760, 0, 0
147000, 44623, 0, 0
148000, 44229, 0, 0
149000, 43850, 0, 0
150000, 91129, 0, 0
151000, 511521, 0, 0
152000, 556605, 0, 0
153000, 514119, 0, 0
154000, 499482, 0, 0
155000, 511529, 0, 0
156000, 522743, 0, 0
157000, 507773, 0, 0
158000, 498016, 0, 0
159000, 565070, 0, 0
160000, 536960, 0, 0
161000, 530786, 0, 0
162000, 541497, 0, 0
163000, 526457, 0, 0
164000, 545168, 0, 0
165000, 536204, 0, 0
166000, 527136, 0, 0
167000, 519486, 0, 0
168000, 533578, 0, 0
169000, 529703, 0, 0
170000, 545261, 0, 0
171000, 539991, 0, 0
172000, 507650, 0, 0
173000, 527947, 0, 0
174000, 537715, 0, 0
175000, 532837, 0, 0
176000, 536935, 0, 0
177000, 526624, 0, 0
178000, 545754, 0, 0
179000, 515057, 0, 0
180000, 522905, 0, 0
181000, 532983, 0, 0
182000, 549845, 0, 0
183000, 522013, 0, 0
184000, 528955, 0, 0
185000, 497315, 0, 0
186000, 528152, 0, 0
187000, 522834, 0, 0
188000, 556521, 0, 0
189000, 539509, 0, 0
190000, 526450, 0, 0
191000, 445072, 0, 0
192000, 442255, 0, 0
193000, 443879, 0, 0
194000, 434839, 0, 0
195000, 444540, 0, 0
196000, 432566, 0, 0
197000, 501089, 0, 0
198000, 527931, 0, 0
199000, 521738, 0, 0
200000, 521791, 0, 0
201000, 489871, 0, 0
202000, 499755, 0, 0
203000, 491055, 0, 0
204000, 511878, 0, 0
205000, 502968, 0, 0
206000, 504704, 0, 0
207000, 513542, 0, 0
208000, 515087, 0, 0
209000, 507651, 0, 0
210000, 498937, 0, 0
211000, 516149, 0, 0
212000, 496389, 0, 0
213000, 508475, 0, 0
214000, 508175, 0, 0
215000, 510769, 0, 0
216000, 524090, 0, 0
217000, 516175, 0, 0
218000, 523745, 0, 0
219000, 494323, 0, 0
220000, 515066, 0, 0
221000, 512451, 0, 0
222000, 501152, 0, 0
223000, 512986, 0, 0
224000, 522088, 0, 0
225001, 506838, 0, 0
226000, 514921, 0, 0
227000, 505189, 0, 0
228000, 512995, 0, 0
229000, 493549, 0, 0
230000, 512888, 0, 0
231000, 516537, 0, 0
232000, 518399, 0, 0
233000, 518850, 0, 0
234000, 513794, 0, 0
235000, 515704, 0, 0
236000, 517208, 0, 0
237000, 499267, 0, 0
238000, 496520, 0, 0
239000, 516684, 0, 0
240000, 514307, 0, 0
241000, 498430, 0, 0
242000, 486771, 0, 0
243000, 511850, 0, 0
244000, 499151, 0, 0
245000, 503965, 0, 0
246000, 521079, 0, 0
247000, 518795, 0, 0
248000, 512157, 0, 0
249000, 531452, 0, 0
250000, 519484, 0, 0
251000, 512556, 0, 0
252000, 521396, 0, 0
253000, 516100, 0, 0
254000, 516380, 0, 0
255000, 512966, 0, 0
256000, 526980, 0, 0
257000, 502069, 0, 0
258000, 516328, 0, 0
259000, 517162, 0, 0
260000, 515319, 0, 0
261000, 500739, 0, 0
262000, 497367, 0, 0
263000, 509487, 0, 0
264000, 519633, 0, 0
265000, 516596, 0, 0
266000, 517285, 0, 0
267000, 524705, 0, 0
268000, 491901, 0, 0
269000, 513835, 0, 0
270000, 496636, 0, 0
271000, 503877, 0, 0
272000, 514568, 0, 0
273000, 500648, 0, 0
274000, 496677, 0, 0
275000, 521552, 0, 0
276000, 516355, 0, 0
277000, 498145, 0, 0
278000, 500954, 0, 0
279000, 507783, 0, 0
280000, 528710, 0, 0
281000, 511312, 0, 0
282000, 525113, 0, 0
283000, 527827, 0, 0
284000, 516879, 0, 0
285000, 515666, 0, 0
286000, 497655, 0, 0
287000, 511816, 0, 0
288000, 525033, 0, 0
289000, 516929, 0, 0
290000, 434905, 0, 0
291000, 456481, 0, 0
292000, 503861, 0, 0
293000, 538220, 0, 0
294000, 505430, 0, 0
295000, 534000, 0, 0
296000, 497249, 0, 0
297000, 509214, 0, 0
298000, 522188, 0, 0
299000, 522809, 0, 0
300000, 509391, 0, 0
301000, 524875, 0, 0
302000, 523814, 0, 0
303000, 503044, 0, 0
304000, 514291, 0, 0
305000, 501833, 0, 0
306000, 507487, 0, 0
307000, 503713, 0, 0
308000, 501683, 0, 0
309000, 508253, 0, 0
310000, 495232, 0, 0
311000, 522370, 0, 0
312000, 512950, 0, 0
313000, 517322, 0, 0
314000, 517337, 0, 0
315000, 509988, 0, 0
316000, 515568, 0, 0
317000, 505997, 0, 0
318000, 503943, 0, 0
319000, 502128, 0, 0
320000, 522455, 0, 0
321000, 508064, 0, 0
322000, 520077, 0, 0
323000, 503182, 0, 0
324000, 512317, 0, 0
325000, 493393, 0, 0
326000, 515350, 0, 0
327000, 499331, 0, 0
328000, 492597, 0, 0
329000, 515650, 0, 0
330000, 515215, 0, 0
331000, 525331, 0, 0
332000, 503582, 0, 0
333000, 510593, 0, 0
334000, 472277, 0, 0
335000, 525822, 0, 0
336000, 520941, 0, 0
337000, 515086, 0, 0
338000, 531874, 0, 0
339000, 530087, 0, 0
340000, 262771, 0, 0
341000, 228561, 0, 0
342000, 222904, 0, 0
343000, 220718, 0, 0
344000, 228627, 0, 0
345000, 222272, 0, 0
346000, 223323, 0, 0
347000, 220980, 0, 0
348000, 218611, 0, 0
349000, 221061, 0, 0
350000, 222327, 0, 0
351000, 222821, 0, 0
352000, 220985, 0, 0
353000, 218625, 0, 0
354000, 219006, 0, 0
355000, 224736, 0, 0
356000, 222075, 0, 0
357000, 227199, 0, 0
358000, 225957, 0, 0
359000, 223211, 0, 0
360000, 223190, 0, 0
361000, 222490, 0, 0
362000, 221542, 0, 0
363000, 218466, 0, 0
364000, 220370, 0, 0
365000, 226213, 0, 0
366000, 218529, 0, 0
367000, 224940, 0, 0
368000, 223337, 0, 0
369000, 229581, 0, 0
370000, 221233, 0, 0
371000, 220214, 0, 0
372000, 218602, 0, 0
373000, 228834, 0, 0
374000, 215809, 0, 0
375000, 224066, 0, 0
376000, 217322, 0, 0
377000, 221062, 0, 0
378000, 220137, 0, 0
379000, 227583, 0, 0
380000, 223025, 0, 0
381000, 222178, 0, 0
382000, 210382, 0, 0
383000, 196025, 0, 0
384000, 199495, 0, 0
385000, 191062, 0, 0
386000, 192752, 0, 0
387000, 194349, 0, 0
388001, 208719, 0, 0
389000, 192574, 0, 0
390000, 195423, 0, 0
391000, 195411, 0, 0
392000, 194578, 0, 0
393000, 190176, 0, 0
394000, 193271, 0, 0
395000, 196039, 0, 0
396000, 193832, 0, 0
397000, 197239, 0, 0
398000, 197132, 0, 0
399000, 197767, 0, 0
400000, 191221, 0, 0
401001, 193109, 0, 0
402000, 192602, 0, 0
403000, 193039, 0, 0
404000, 195561, 0, 0
405000, 190380, 0, 0
406000, 196299, 0, 0
407000, 193626, 0, 0
408000, 207634, 0, 0
409000, 201107, 0, 0
410000, 194669, 0, 0
411000, 195598, 0, 0
412000, 194446, 0, 0
413000, 194745, 0, 0
414000, 194360, 0, 0
415000, 194786, 0, 0
416000, 193554, 0, 0
417000, 190844, 0, 0
418000, 192916, 0, 0
419000, 193339, 0, 0
420000, 196007, 0, 0
421000, 196400, 0, 0
422000, 198973, 0, 0
423000, 211120, 0, 0
424000, 270759, 0, 0
425000, 232321, 0, 0
426000, 260069, 0, 0
427000, 264093, 0, 0
428000, 249013, 0, 0
429000, 253906, 0, 0
430000, 260436, 0, 0
431000, 258757, 0, 0
432000, 235275, 0, 0
433000, 244221, 0, 0
434000, 254420, 0, 0
435000, 269975, 0, 0
436000, 269243, 0, 0
437000, 268913, 0, 0
438000, 238273, 0, 0
439000, 249352, 0, 0
440000, 257936, 0, 0
441000, 263830, 0, 0
442000, 251140, 0, 0
443000, 249547, 0, 0
444000, 254825, 0, 0
445000, 250525, 0, 0
446000, 255717, 0, 0
447000, 272958, 0, 0
448000, 247690, 0, 0
449000, 274836, 0, 0
450000, 271046, 0, 0
451000, 266687, 0, 0
452000, 266322, 0, 0
453000, 105626, 0, 0
454000, 45122, 0, 0
455000, 45376, 0, 0
456000, 47534, 0, 0
457000, 47343, 0, 0
458000, 46967, 0, 0
459000, 47182, 0, 0
460000, 46421, 0, 0
461000, 46521, 0, 0
462000, 46939, 0, 0
463000, 47195, 0, 0
464000, 45856, 0, 0
465000, 45586, 0, 0
466000, 47688, 0, 0
467000, 45772, 0, 0
468000, 46156, 0, 0
469000, 48263, 0, 0
470000, 47034, 0, 0
471000, 46581, 0, 0
472000, 46443, 0, 0
473000, 48209, 0, 0
474000, 49184, 0, 0
475000, 49738, 0, 0
476000, 46013, 0, 0
477000, 46262, 0, 0
478000, 45459, 0, 0
479000, 47233, 0, 0
480000, 46203, 0, 0
481000, 46298, 0, 0
482000, 48261, 0, 0
483000, 47295, 0, 0
484000, 45863, 0, 0
485000, 46165, 0, 0
486000, 45607, 0, 0
487002, 47296, 0, 0
488000, 48698, 0, 0
489000, 45848, 0, 0
490000, 47122, 0, 0
491000, 47177, 0, 0
492000, 47765, 0, 0
493000, 45772, 0, 0
494000, 46476, 0, 0
495000, 46119, 0, 0
496000, 47081, 0, 0
497000, 46588, 0, 0
498018, 45875, 0, 0
499000, 45967, 0, 0
500000, 45306, 0, 0
501000, 48382, 0, 0
502000, 45054, 0, 0
503000, 46745, 0, 0
504000, 47830, 0, 0
505000, 47302, 0, 0
506000, 46138, 0, 0
507000, 47536, 0, 0
508000, 48680, 0, 0
509000, 45987, 0, 0
510000, 189730, 0, 0
511000, 523151, 0, 0
512000, 525757, 0, 0
513000, 527400, 0, 0
514000, 497243, 0, 0
515000, 513620, 0, 0
516000, 501476, 0, 0
517000, 502965, 0, 0
518000, 495302, 0, 0
519000, 512981, 0, 0
520000, 498027, 0, 0
521000, 518870, 0, 0
522000, 492916, 0, 0
523000, 513150, 0, 0
524000, 517086, 0, 0
525000, 501782, 0, 0
526000, 460454, 0, 0
527000, 363937, 0, 0
528000, 340214, 0, 0
529000, 353260, 0, 0
530000, 366845, 0, 0
531000, 362467, 0, 0
532008, 378090, 0, 0
533000, 366413, 0, 0
534000, 360460, 0, 0
535000, 354209, 0, 0
536000, 342900, 0, 0
537000, 373338, 0, 0
538000, 374293, 0, 0
539000, 353632, 0, 0
540000, 350713, 0, 0
541000, 360674, 0, 0
542000, 358397, 0, 0
543000, 359105, 0, 0
544000, 363011, 0, 0
545000, 359733, 0, 0
546000, 341061, 0, 0
547000, 347558, 0, 0
548000, 367963, 0, 0
549000, 365244, 0, 0
550000, 370368, 0, 0
551000, 359749, 0, 0
552000, 356172, 0, 0
553000, 356618, 0, 0
554000, 357197, 0, 0
555000, 361021, 0, 0
556000, 354064, 0, 0
557000, 362808, 0, 0
558000, 351191, 0, 0
559000, 361801, 0, 0
560000, 365171, 0, 0
561000, 356541, 0, 0
562000, 364725, 0, 0
563001, 366957, 0, 0
564000, 356399, 0, 0
565000, 367924, 0, 0
566000, 360654, 0, 0
567000, 360530, 0, 0
568000, 357189, 0, 0
569000, 348791, 0, 0
570000, 365666, 0, 0
571000, 368235, 0, 0
572000, 367449, 0, 0
573000, 364884, 0, 0
574000, 375714, 0, 0
575000, 366542, 0, 0
576000, 350694, 0, 0
577000, 355396, 0, 0
578000, 357904, 0, 0
579000, 373295, 0, 0
580000, 365996, 0, 0
581000, 370336, 0, 0
582000, 362409, 0, 0
583000, 368833, 0, 0
584000, 383144, 0, 0
585000, 357678, 0, 0
586000, 371426, 0, 0
587000, 360236, 0, 0
588000, 365500, 0, 0
589000, 385950, 0, 0
590000, 444612, 0, 0
591000, 458003, 0, 0
592000, 461043, 0, 0
593000, 447365, 0, 0
594000, 449292, 0, 0
595000, 454029, 0, 0
596000, 447700, 0, 0
597000, 430917, 0, 0
598000, 433398, 0, 0
599000, 436931, 0, 0
600000, 458609, 0, 0
601000, 432266, 0, 0
602000, 445189, 0, 0
603000, 458029, 0, 0
604000, 457402, 0, 0
605000, 437866, 0, 0
606000, 457393, 0, 0
607000, 445521, 0, 0
608000, 464507, 0, 0
609000, 458015, 0, 0
610000, 467258, 0, 0
611000, 444637, 0, 0
612000, 469493, 0, 0
613000, 476682, 0, 0
614000, 460947, 0, 0
615000, 482518, 0, 0
616000, 466985, 0, 0
617000, 480277, 0, 0
618000, 449183, 0, 0
619000, 469492, 0, 0
620000, 461009, 0, 0
621000, 481390, 0, 0
622000, 479368, 0, 0
623000, 471592, 0, 0
624000, 488049, 0, 0
625000, 461165, 0, 0
626000, 483420, 0, 0
627000, 477989, 0, 0
628000, 484815, 0, 0
629000, 479356, 0, 0
630000, 476256, 0, 0
631000, 464198, 0, 0
632000, 564636, 0, 0
633000, 501079, 0, 0
634000, 516865, 0, 0
635000, 515572, 0, 0
636000, 515182, 0, 0
637000, 503802, 0, 0
638000, 527096, 0, 0
639000, 509481, 0, 0
640000, 493271, 0, 0
641001, 515718, 0, 0
642000, 487837, 0, 0
643000, 518461, 0, 0
644000, 509911, 0, 0
645000, 532283, 0, 0
646000, 529194, 0, 0
647000, 495786, 0, 0
648000, 510782, 0, 0
649000, 513318, 0, 0
650000, 520765, 0, 0
651000, 514723, 0, 0
652001, 524291, 0, 0
653000, 509511, 0, 0
654000, 497760, 0, 0
655000, 515778, 0, 0
656000, 508038, 0, 0
657000, 518743, 0, 0
658000, 516323, 0, 0
659000, 498095, 0, 0
660000, 520127, 0, 0
661000, 493825, 0, 0
662000, 512362, 0, 0
663000, 508154, 0, 0
664000, 513096, 0, 0
665000, 530652, 0, 0
666019, 517959, 0, 0
667000, 508837, 0, 0
668000, 515514, 0, 0
669000, 486654, 0, 0
670000, 515288, 0, 0
671000, 499095, 0, 0
672000, 521932, 0, 0
673000, 527193, 0, 0
674000, 498495, 0, 0
675000, 511995, 0, 0
676000, 502821, 0, 0
677000, 521679, 0, 0
678000, 511641, 0, 0
679000, 502860, 0, 0
680000, 517629, 0, 0
681000, 521604, 0, 0
682000, 507133, 0, 0
683000, 497881, 0, 0
684000, 495180, 0, 0
685000, 521684, 0, 0
686000, 495395, 0, 0
687000, 506927, 0, 0
688000, 510386, 0, 0
689000, 509498, 0, 0
690000, 506147, 0, 0
691000, 504265, 0, 0
692000, 498465, 0, 0
693000, 511286, 0, 0
694000, 526563, 0, 0
695000, 514962, 0, 0
696000, 506165, 0, 0
697000, 494012, 0, 0
698000, 509330, 0, 0
699000, 515556, 0, 0
700000, 439840, 0, 0
701000, 338001, 0, 0
702000, 454950, 0, 0
703000, 522248, 0, 0
704000, 527762, 0, 0
705000, 845404, 0, 0
706000, 976732, 0, 0
707000, 967288, 0, 0
708000, 981399, 0, 0
709001, 976903, 0, 0
710001, 952605, 0, 0
711000, 937497, 0, 0
712000, 975610, 0, 0
713000, 988784, 0, 0
714000, 1013431, 0, 0
715000, 943519, 0, 0
716000, 992264, 0, 0
717000, 941678, 0, 0
718001, 954086, 0, 0
719000, 972584, 0, 0
720000, 1008486, 0, 0
721000, 931503, 0, 0
722000, 903404, 0, 0
723000, 952369, 0, 0
724000, 989876, 0, 0
725001, 1012463, 0, 0
726000, 995711, 0, 0
727000, 990688, 0, 0
728000, 977830, 0, 0
729001, 984896, 0, 0
730000, 967201, 0, 0
731001, 949379, 0, 0
732000, 986608, 0, 0
733001, 1005074, 0, 0
734000, 970427, 0, 0
735000, 992427, 0, 0
736000, 998906, 0, 0
737000, 959286, 0, 0
738000, 972740, 0, 0
739000, 913724, 0, 0
740001, 944592, 0, 0
741000, 987238, 0, 0
742000, 1013233, 0, 0
743000, 1017427, 0, 0
744000, 996680, 0, 0
745000, 1010316, 0, 0
746000, 992806, 0, 0
747000, 958821, 0, 0
748000, 994010, 0, 0
749000, 944237, 0, 0
750000, 953682, 0, 0
751000, 985149, 0, 0
752000, 963559, 0, 0
753000, 954604, 0, 0
754000, 929660, 0, 0
755004, 990473, 0, 0
756001, 890654, 0, 0
757000, 977109, 0, 0
758000, 983193, 0, 0
759000, 979926, 0, 0
760000, 1065898, 0, 0
761000, 1026287, 0, 0
762000, 1111889, 0, 0
763000, 1075031, 0, 0
764000, 1080156, 0, 0
765001, 1022706, 0, 0
766000, 1081267, 0, 0
767000, 1079709, 0, 0
768000, 1060530, 0, 0
769000, 1116305, 0, 0
770000, 1049306, 0, 0
771000, 1090127, 0, 0
772001, 1110321, 0, 0
773000, 1061386, 0, 0
774000, 1085466, 0, 0
775000, 1067954, 0, 0
776001, 852854, 0, 0
777000, 1087067, 0, 0
778000, 1086594, 0, 0
779001, 946772, 0, 0
780001, 1064573, 0, 0
781000, 1063151, 0, 0
782001, 1045266, 0, 0
783000, 1058707, 0, 0
784000, 1071036, 0, 0
785000, 1055842, 0, 0
786000, 1046351, 0, 0
787000, 1085173, 0, 0
788000, 845633, 0, 0
789001, 868222, 0, 0
790000, 850418, 0, 0
791000, 757664, 0, 0
792000, 836014, 0, 0
793000, 885279, 0, 0
794000, 867704, 0, 0
795000, 867532, 0, 0
796000, 858713, 0, 0
797000, 839032, 0, 0
798000, 860541, 0, 0
799001, 859771, 0, 0
800000, 852522, 0, 0
801001, 849281, 0, 0
802000, 874139, 0, 0
803000, 844372, 0, 0
804001, 872038, 0, 0
805000, 876704, 0, 0
806000, 871720, 0, 0
807000, 804694, 0, 0
808000, 658747, 0, 0
809000, 689079, 0, 0
810000, 628679, 0, 0
811000, 539376, 0, 0
812000, 529070, 0, 0
813000, 535611, 0, 0
814000, 519355, 0, 0
815000, 525585, 0, 0
816000, 532923, 0, 0
817000, 539654, 0, 0
818000, 543991, 0, 0
819000, 525117, 0, 0
820000, 537712, 0, 0
821000, 543223, 0, 0
822000, 511880, 0, 0
823000, 523927, 0, 0
824000, 555913, 0, 0
825000, 543988, 0, 0
826000, 520514, 0, 0
827000, 524457, 0, 0
828000, 530495, 0, 0
829000, 515160, 0, 0
830000, 546265, 0, 0
831000, 536125, 0, 0
832000, 544369, 0, 0
833000, 542789, 0, 0
834000, 555006, 0, 0
835000, 544880, 0, 0
836000, 539710, 0, 0
837000, 532516, 0, 0
838000, 536259, 0, 0
839000, 526605, 0, 0
840000, 539574, 0, 0
841000, 530478, 0, 0
842000, 534156, 0, 0
843000, 534770, 0, 0
844007, 550995, 0, 0
845000, 523898, 0, 0
846000, 512714, 0, 0
847000, 516296, 0, 0
848000, 418732, 0, 0
849000, 540974, 0, 0
850000, 518063, 0, 0
851000, 556897, 0, 0
852000, 525067, 0, 0
853000, 490114, 0, 0
854000, 541952, 0, 0
855000, 534161, 0, 0
856000, 530384, 0, 0
857000, 501163, 0, 0
858000, 526574, 0, 0
859000, 517541, 0, 0
860000, 513814, 0, 0
861000, 554203, 0, 0
862000, 546607, 0, 0
863000, 554882, 0, 0
864000, 535263, 0, 0
865000, 537460, 0, 0
866000, 547436, 0, 0
867000, 528312, 0, 0
868000, 555998, 0, 0
869000, 551934, 0, 0
870000, 526336, 0, 0
871000, 457413, 0, 0
872000, 525079, 0, 0
873000, 520971, 0, 0
874000, 510480, 0, 0
875000, 540908, 0, 0
876000, 538781, 0, 0
877000, 564630, 0, 0
878000, 555213, 0, 0
879000, 525180, 0, 0
880000, 533073, 0, 0
881000, 525442, 0, 0
882000, 533871, 0, 0
883000, 541011, 0, 0
884000, 540022, 0, 0
885000, 537933, 0, 0
886000, 535799, 0, 0
887000, 537617, 0, 0
888000, 535585, 0, 0
889014, 532612, 0, 0
890000, 486148, 0, 0
891000, 561550, 0, 0
892000, 526521, 0, 0
893000, 513409, 0, 0
894000, 524221, 0, 0
895000, 503864, 0, 0
896000, 516298, 0, 0
897000, 553034, 0, 0
898000, 525398, 0, 0
899000, 524173, 0, 0
900000, 532061, 0, 0
901000, 535595, 0, 0
902000, 508235, 0, 0
903000, 544724, 0, 0
904000, 551685, 0, 0
905000, 478495, 0, 0
906000, 391586, 0, 0
907000, 404589, 0, 0
908000, 358936, 0, 0
909000, 309478, 0, 0
910000, 327050, 0, 0
911000, 319470, 0, 0
912000, 321337, 0, 0
913000, 307986, 0, 0
914000, 316970, 0, 0
915000, 316119, 0, 0
916000, 288862, 0, 0
917000, 308999, 0, 0
918000, 313660, 0, 0
919000, 323985, 0, 0
920000, 305975, 0, 0
921000, 303772, 0, 0
922000, 309454, 0, 0
923000, 306740, 0, 0
924000, 306990, 0, 0
925000, 243919, 0, 0
926000, 220295, 0, 0
927000, 216818, 0, 0
928000, 210256, 0, 0
929000, 216857, 0, 0
930000, 217510, 0, 0
931000, 215065, 0, 0
932000, 210057, 0, 0
933000, 211614, 0, 0
934000, 211072, 0, 0
935000, 213384, 0, 0
936000, 215968, 0, 0
937000, 213438, 0, 0
938000, 212241, 0, 0
939000, 210744, 0, 0
940000, 219732, 0, 0
941000, 239017, 0, 0
942000, 220059, 0, 0
943000, 221985, 0, 0
944000, 211061, 0, 0
945000, 208939, 0, 0
946000, 211783, 0, 0
947000, 212798, 0, 0
948000, 218443, 0, 0
949000, 213187, 0, 0
950000, 215838, 0, 0
951000, 213763, 0, 0
952000, 208716, 0, 0
953000, 211123, 0, 0
954000, 221313, 0, 0
955000, 214285, 0, 0
956000, 221548, 0, 0
957000, 212244, 0, 0
958000, 199949, 0, 0
959000, 214227, 0, 0
960000, 220017, 0, 0
961000, 214959, 0, 0
962000, 209027, 0, 0
963000, 211963, 0, 0
964000, 216550, 0, 0
965000, 213665, 0, 0
966000, 213893, 0, 0
967000, 213072, 0, 0
968000, 216571, 0, 0
969000, 214495, 0, 0
970000, 213460, 0, 0
971000, 219254, 0, 0
972000, 219062, 0, 0
973000, 214306, 0, 0
974000, 211759, 0, 0
975000, 212827, 0, 0
976000, 226323, 0, 0
977000, 262342, 0, 0
978000, 287711, 0, 0
979000, 290075, 0, 0
980000, 76716, 0, 0
981000, 47557, 0, 0
982000, 49130, 0, 0
983000, 47637, 0, 0
984000, 48389, 0, 0
985000, 49365, 0, 0
986000, 48670, 0, 0
987000, 48702, 0, 0
988000, 48189, 0, 0
989000, 47814, 0, 0
990000, 47853, 0, 0
991000, 49582, 0, 0
992000, 48509, 0, 0
993000, 48551, 0, 0
994000, 48005, 0, 0
995000, 48016, 0, 0
996000, 48209, 0, 0
997000, 48654, 0, 0
998000, 48468, 0, 0
999000, 49145, 0, 0
1000000, 49553, 0, 0
1001000, 47620, 0, 0
1002000, 47885, 0, 0
1003000, 48262, 0, 0
1004000, 48235, 0, 0
1005000, 48848, 0, 0
1006000, 49249, 0, 0
1007000, 49026, 0, 0
1008000, 49193, 0, 0
1009000, 48548, 0, 0
1010000, 48345, 0, 0
1011000, 47965, 0, 0
1012000, 48930, 0, 0
1013000, 48208, 0, 0
1014000, 48633, 0, 0
1015000, 47645, 0, 0
1016000, 48415, 0, 0
1017000, 49372, 0, 0
1018000, 47638, 0, 0
1019000, 49485, 0, 0
1020000, 48086, 0, 0
1021000, 48061, 0, 0
1022000, 48198, 0, 0
1023000, 48703, 0, 0
1024000, 49282, 0, 0
1025000, 48797, 0, 0
1026000, 48527, 0, 0
1027000, 48059, 0, 0
1028000, 47308, 0, 0
1029000, 50378, 0, 0
1030000, 48074, 0, 0
1031000, 47746, 0, 0
1032000, 47636, 0, 0
1033000, 47649, 0, 0
1034000, 49139, 0, 0
1035000, 48210, 0, 0
1036000, 48569, 0, 0
1037000, 48143, 0, 0
1038001, 47799, 0, 0
1039000, 49207, 0, 0
1040000, 47832, 0, 0
1041000, 48617, 0, 0
1042000, 50299, 0, 0
1043000, 49933, 0, 0
1044000, 51150, 0, 0
1045000, 49785, 0, 0
1046001, 50628, 0, 0
1047000, 49042, 0, 0
1048000, 49294, 0, 0
1049000, 49496, 0, 0
1050000, 50419, 0, 0
1051000, 49796, 0, 0
1052000, 49026, 0, 0
1053000, 49443, 0, 0
1054000, 49906, 0, 0
1055000, 49154, 0, 0
1056000, 49426, 0, 0
1057000, 50970, 0, 0
1058000, 49928, 0, 0
1059000, 49895, 0, 0
1060000, 50605, 0, 0
1061000, 50689, 0, 0
1062000, 49883, 0, 0
1063000, 49624, 0, 0
1064000, 50427, 0, 0
1065000, 51400, 0, 0
1066000, 50203, 0, 0
1067000, 50176, 0, 0
1068000, 49264, 0, 0
1069000, 49675, 0, 0
1070000, 49347, 0, 0
1071000, 51890, 0, 0
1072000, 51081, 0, 0
1073000, 50112, 0, 0
1074000, 49551, 0, 0
1075000, 49824, 0, 0
1076000, 49725, 0, 0
1077000, 49075, 0, 0
1078000, 50190, 0, 0
1079000, 48695, 0, 0
1080000, 48995, 0, 0
1081000, 48733, 0, 0
1082000, 49212, 0, 0
1083000, 53000, 0, 0
1084000, 50820, 0, 0
1085000, 53714, 0, 0
1086000, 51008, 0, 0
1087000, 50941, 0, 0
1088000, 50691, 0, 0
1089000, 50779, 0, 0
1090000, 51379, 0, 0
1091000, 51263, 0, 0
1092000, 50330, 0, 0
1093000, 50769, 0, 0
1094000, 50342, 0, 0
1095000, 50073, 0, 0
1096000, 52088, 0, 0
1097000, 51472, 0, 0
1098000, 50350, 0, 0
1099000, 50910, 0, 0
1100000, 51379, 0, 0
1101000, 52349, 0, 0
1102000, 52533, 0, 0
1103000, 51700, 0, 0
1104000, 51893, 0, 0
1105000, 51583, 0, 0
1106000, 51368, 0, 0
1107000, 50914, 0, 0
1108000, 52228, 0, 0
1109000, 51792, 0, 0
1110000, 52229, 0, 0
1111000, 51127, 0, 0
1112000, 51561, 0, 0
1113000, 51391, 0, 0
1114000, 51765, 0, 0
1115000, 51979, 0, 0
1116000, 53684, 0, 0
1117000, 50730, 0, 0
1118000, 52480, 0, 0
1119000, 53794, 0, 0
1120000, 48099, 0, 0
1121000, 48287, 0, 0
1122000, 48233, 0, 0
1123000, 46919, 0, 0
1124000, 47934, 0, 0
1125000, 47681, 0, 0
1126000, 48211, 0, 0
1127000, 48663, 0, 0
1128000, 47651, 0, 0
1129000, 48574, 0, 0
1130000, 47629, 0, 0
1131000, 47641, 0, 0
1132000, 47683, 0, 0
1133000, 49999, 0, 0
1134000, 47963, 0, 0
1135000, 48376, 0, 0
1136000, 48771, 0, 0
1137000, 48183, 0, 0
1138000, 48716, 0, 0
1139000, 46896, 0, 0
1140000, 47639, 0, 0
1141000, 47373, 0, 0
1142000, 48374, 0, 0
1143000, 47954, 0, 0
1144000, 47604, 0, 0
1145000, 48580, 0, 0
1146000, 48260, 0, 0
1147000, 47763, 0, 0
1148000, 48631, 0, 0
1149000, 47600, 0, 0
1150000, 47861, 0, 0
1151000, 48314, 0, 0
1152000, 47976, 0, 0
1153000, 48796, 0, 0
1154000, 48023, 0, 0
1155000, 47452, 0, 0
1156000, 47883, 0, 0
1157000, 48104, 0, 0
1158000, 48188, 0, 0
1159000, 48672, 0, 0
1160000, 47917, 0, 0
1161000, 54665, 0, 0
1162000, 58619, 0, 0
1163000, 48236, 0, 0
1164000, 47718, 0, 0
1165000, 48326, 0, 0
1166000, 49207, 0, 0
1167000, 48268, 0, 0
1168000, 47862, 0, 0
1169000, 48797, 0, 0
1170000, 47788, 0, 0
1171000, 49650, 0, 0
1172000, 47703, 0, 0
1173000, 48245, 0, 0
1174000, 47582, 0, 0
1175000, 47573, 0, 0
1176000, 49340, 0, 0
1177000, 49154, 0, 0
1178000, 48593, 0, 0
1179000, 48084, 0, 0
1180000, 48570, 0, 0
1181000, 48482, 0, 0
1182000, 48211, 0, 0
1183000, 48121, 0, 0
1184000, 48306, 0, 0
1185000, 48620, 0, 0
1186000, 47913, 0, 0
1187000, 48538, 0, 0
1188000, 46603, 0, 0
1189000, 47978, 0, 0
1190001, 49409, 0, 0
1191000, 48385, 0, 0
1192000, 49584, 0, 0
1193000, 48510, 0, 0
1194000, 48009, 0, 0
1195000, 47967, 0, 0
1196000, 48017, 0, 0
1197000, 47354, 0, 0
1198000, 47813, 0, 0
1199000, 48695, 0, 0
1200000, 48825, 0, 0
1201000, 48717, 0, 0
1202000, 48859, 0, 0
1203000, 48500, 0, 0
1204000, 48144, 0, 0
1205000, 48965, 0, 0
1206000, 49331, 0, 0
1207000, 47930, 0, 0
1208000, 48498, 0, 0
1209000, 48763, 0, 0
1210000, 48426, 0, 0
1211000, 47968, 0, 0
1212000, 49732, 0, 0
1213000, 47882, 0, 0
1214000, 48645, 0, 0
1215000, 48841, 0, 0
1216000, 49881, 0, 0
1217000, 48203, 0, 0
1218000, 47794, 0, 0
1219000, 48067, 0, 0
1220000, 48842, 0, 0
1221000, 47947, 0, 0
1222000, 47772, 0, 0
1223000, 47750, 0, 0
1224000, 49039, 0, 0
1225000, 47819, 0, 0
1226000, 48781, 0, 0
1227000, 48579, 0, 0
1228000, 47258, 0, 0
1229000, 47618, 0, 0
1230000, 48474, 0, 0
1231000, 47328, 0, 0
1232000, 47168, 0, 0
1233000, 47366, 0, 0
1234000, 49235, 0, 0
1235000, 47058, 0, 0
1236000, 49632, 0, 0
1237000, 48685, 0, 0
1238000, 47346, 0, 0
1239000, 48025, 0, 0
1240000, 48215, 0, 0
1241000, 47528, 0, 0
1242000, 49260, 0, 0
1243000, 47747, 0, 0
1244000, 47943, 0, 0
1245000, 48021, 0, 0
1246000, 48179, 0, 0
1247000, 48929, 0, 0
1248000, 48008, 0, 0
1249000, 48020, 0, 0
1250000, 48164, 0, 0
1251000, 47665, 0, 0
1252000, 48571, 0, 0
1253000, 48389, 0, 0
1254000, 52654, 0, 0
1255000, 48095, 0, 0
1256000, 48703, 0, 0
1257000, 47868, 0, 0
1258000, 47810, 0, 0
1259000, 47979, 0, 0
1260000, 47645, 0, 0
1261000, 49027, 0, 0
1262000, 47941, 0, 0
1263000, 47481, 0, 0
1264000, 49329, 0, 0
1265000, 47852, 0, 0
1266000, 48279, 0, 0
1267000, 48696, 0, 0
1268000, 48126, 0, 0
1269000, 48023, 0, 0
1270000, 49250, 0, 0
1271000, 48442, 0, 0
1272000, 48471, 0, 0
1273000, 48160, 0, 0
1274000, 49727, 0, 0
1275000, 48977, 0, 0
1276000, 48979, 0, 0
1277000, 47760, 0, 0
1278000, 48526, 0, 0
1279000, 48476, 0, 0
1280000, 48819, 0, 0
1281000, 48745, 0, 0
1282000, 48127, 0, 0
1283000, 48661, 0, 0
1284000, 49409, 0, 0
1285000, 48511, 0, 0
1286000, 47760, 0, 0
1287000, 47839, 0, 0
1288000, 48864, 0, 0
1289000, 48065, 0, 0
1290000, 48717, 0, 0
1291000, 48926, 0, 0
1292000, 47823, 0, 0
1293000, 47887, 0, 0
1294000, 48810, 0, 0
1295000, 48506, 0, 0
1296000, 48171, 0, 0
1297000, 48859, 0, 0
1298000, 47499, 0, 0
1299000, 48036, 0, 0
1300000, 48495, 0, 0
1301000, 47257, 0, 0
1302000, 47895, 0, 0
1303000, 48178, 0, 0
1304000, 49147, 0, 0
1305000, 48738, 0, 0
1306000, 49043, 0, 0
1307000, 48011, 0, 0
1308000, 48096, 0, 0
1309000, 104209, 0, 0
1310000, 74168, 0, 0
1311000, 48892, 0, 0
1312000, 48052, 0, 0
1313000, 48612, 0, 0
1314000, 47851, 0, 0
1315000, 49015, 0, 0
1316000, 47229, 0, 0
1317000, 48406, 0, 0
1318000, 48046, 0, 0
1319000, 48836, 0, 0
1320000, 47732, 0, 0
1321000, 47967, 0, 0
1322000, 48060, 0, 0
1323000, 51247, 0, 0
1324000, 52352, 0, 0
1325000, 47851, 0, 0
1326000, 46607, 0, 0
1327000, 47101, 0, 0
1328000, 47838, 0, 0
1329000, 46576, 0, 0
1330000, 46836, 0, 0
1331000, 46935, 0, 0
1332000, 46678, 0, 0
1333000, 46113, 0, 0
1334000, 46987, 0, 0
1335000, 47142, 0, 0
1336000, 47148, 0, 0
1337000, 46256, 0, 0
1338000, 47792, 0, 0
1339000, 47038, 0, 0
1340000, 46474, 0, 0
1341000, 47414, 0, 0
1342000, 46440, 0, 0
1343000, 46515, 0, 0
1344000, 45971, 0, 0
1345000, 46690, 0, 0
1346000, 46655, 0, 0
1347000, 46911, 0, 0
1348000, 48742, 0, 0
1349000, 46472, 0, 0
1350000, 47296, 0, 0
1351000, 46539, 0, 0
1352000, 46169, 0, 0
1353000, 47954, 0, 0
1354000, 46892, 0, 0
1355000, 46077, 0, 0
1356000, 48120, 0, 0
1357000, 46632, 0, 0
1358000, 46531, 0, 0
1359000, 45892, 0, 0
1360000, 46149, 0, 0
1361000, 46088, 0, 0
1362000, 46451, 0, 0
1363000, 46481, 0, 0
1364000, 46721, 0, 0
1365000, 46858, 0, 0
1366000, 46524, 0, 0
1367000, 47225, 0, 0
1368000, 46371, 0, 0
1369000, 47086, 0, 0
1370000, 48122, 0, 0
1371000, 46785, 0, 0
1372000, 46074, 0, 0
1373000, 46431, 0, 0
1374000, 46524, 0, 0
1375000, 48366, 0, 0
1376000, 46745, 0, 0
1377000, 46773, 0, 0
1378000, 46499, 0, 0
1379000, 47772, 0, 0
1380000, 47261, 0, 0
1381000, 46410, 0, 0
1382000, 46360, 0, 0
1383000, 46714, 0, 0
1384000, 47878, 0, 0
1385000, 46873, 0, 0
1386000, 46665, 0, 0
1387000, 46497, 0, 0
1388000, 46820, 0, 0
1389000, 45827, 0, 0
1390000, 45787, 0, 0
1391000, 47195, 0, 0
1392000, 46387, 0, 0
1393000, 46292, 0, 0
1394000, 47604, 0, 0
1395000, 46169, 0, 0
1396000, 46285, 0, 0
1397000, 46525, 0, 0
1398000, 47323, 0, 0
1399000, 46276, 0, 0
1400000, 46827, 0, 0
1401000, 46208, 0, 0
1402000, 46934, 0, 0
1403000, 48141, 0, 0
1404000, 46509, 0, 0
1405000, 45657, 0, 0
1406000, 47190, 0, 0
1407000, 46126, 0, 0
1408000, 46421, 0, 0
1409000, 46374, 0, 0
1410000, 47456, 0, 0
1411000, 53343, 0, 0
1412000, 49765, 0, 0
1413000, 46482, 0, 0
1414000, 46105, 0, 0
1415000, 45838, 0, 0
1416000, 46595, 0, 0
1417000, 46059, 0, 0
1418000, 46472, 0, 0
1419000, 46487, 0, 0
1420000, 47321, 0, 0
1421000, 46560, 0, 0
1422000, 47674, 0, 0
1423000, 46321, 0, 0
1424000, 47355, 0, 0
1425000, 46762, 0, 0
1426000, 46745, 0, 0
1427000, 47483, 0, 0
1428000, 46580, 0, 0
1429000, 47757, 0, 0
1430000, 45868, 0, 0
1431000, 46509, 0, 0
1432000, 47293, 0, 0
1433000, 46172, 0, 0
1434001, 46925, 0, 0
1435000, 45808, 0, 0
1436000, 45997, 0, 0
1437000, 46291, 0, 0
1438000, 46189, 0, 0
1439000, 47756, 0, 0
1440000, 48277, 0, 0
1441000, 46340, 0, 0
1442000, 46704, 0, 0
1443000, 45631, 0, 0
1444000, 45705, 0, 0
1445000, 46448, 0, 0
1446001, 45973, 0, 0
1447000, 47149, 0, 0
1448000, 47307, 0, 0
1449000, 48675, 0, 0
1450000, 48177, 0, 0
1451000, 46102, 0, 0
1452000, 46646, 0, 0
1453000, 45896, 0, 0
1454002, 46728, 0, 0
1455000, 46238, 0, 0
1456000, 46718, 0, 0
1457000, 46298, 0, 0
1458000, 46393, 0, 0
1459000, 46188, 0, 0
1460000, 46791, 0, 0
1461000, 46838, 0, 0
1462000, 47334, 0, 0
1463000, 46186, 0, 0
1464000, 46373, 0, 0
1465000, 46263, 0, 0
1466000, 47822, 0, 0
1467000, 46520, 0, 0
1468000, 46303, 0, 0
1469027, 46243, 0, 0
1470000, 47527, 0, 0
1471000, 46051, 0, 0
1472000, 46553, 0, 0
1473000, 45849, 0, 0
1474000, 46316, 0, 0
1475000, 46273, 0, 0
1476000, 46513, 0, 0
1477000, 45985, 0, 0
1478000, 46734, 0, 0
1479000, 45935, 0, 0
1480000, 46669, 0, 0
1481001, 47470, 0, 0
1482000, 47020, 0, 0
1483000, 47389, 0, 0
1484000, 46031, 0, 0
1485000, 47301, 0, 0
1486000, 46078, 0, 0
1487000, 46872, 0, 0
1488000, 46438, 0, 0
1489000, 48199, 0, 0
1490000, 47073, 0, 0
1491000, 46831, 0, 0
1492000, 46072, 0, 0
1493000, 46633, 0, 0
1494000, 46059, 0, 0
1495000, 46463, 0, 0
1496000, 46345, 0, 0
1497000, 49061, 0, 0
1498000, 52776, 0, 0
1499000, 46429, 0, 0
1500000, 46055, 0, 0
1501000, 46590, 0, 0
1502000, 46680, 0, 0
1503000, 46164, 0, 0
1504000, 46397, 0, 0
1505000, 46134, 0, 0
1506000, 45912, 0, 0
1507000, 45898, 0, 0
1508000, 45949, 0, 0
1509000, 46645, 0, 0
1510000, 46381, 0, 0
1511000, 46642, 0, 0
1512000, 46995, 0, 0
1513000, 47166, 0, 0
1514001, 46200, 0, 0
1515000, 46160, 0, 0
1516000, 45916, 0, 0
1517000, 46341, 0, 0
1518000, 46209, 0, 0
1519000, 46416, 0, 0
1520000, 48452, 0, 0
1521000, 47325, 0, 0
1522000, 46336, 0, 0
1523000, 47293, 0, 0
1524000, 46646, 0, 0
1525000, 46449, 0, 0
1526000, 47896, 0, 0
1527000, 46853, 0, 0
1528000, 47586, 0, 0
1529000, 46923, 0, 0
1530000, 47347, 0, 0
1531000, 46356, 0, 0
1532000, 47202, 0, 0
1533000, 46497, 0, 0
1534000, 46676, 0, 0
1535000, 47593, 0, 0
1536000, 46448, 0, 0
1537000, 45914, 0, 0
1538000, 46418, 0, 0
1539000, 46701, 0, 0
1540000, 46196, 0, 0
1541000, 47490, 0, 0
1542000, 45689, 0, 0
1543000, 45949, 0, 0
1544000, 46404, 0, 0
1545000, 45654, 0, 0
1546000, 46466, 0, 0
1547000, 46357, 0, 0
1548000, 45946, 0, 0
1549000, 46831, 0, 0
1550000, 46404, 0, 0
1551000, 46342, 0, 0
1552000, 46770, 0, 0
1553000, 46534, 0, 0
1554000, 46409, 0, 0
1555000, 47095, 0, 0
1556000, 47295, 0, 0
1557000, 48402, 0, 0
1558000, 46759, 0, 0
1559000, 46759, 0, 0
1560000, 46225, 0, 0
1561000, 46570, 0, 0
1562000, 46824, 0, 0
1563000, 45884, 0, 0
1564000, 46239, 0, 0
1565000, 45952, 0, 0
1566000, 46046, 0, 0
1567000, 46609, 0, 0
1568000, 47637, 0, 0
1569000, 45630, 0, 0
1570000, 46214, 0, 0
1571000, 46643, 0, 0
1572000, 45847, 0, 0
1573000, 46784, 0, 0
1574000, 46401, 0, 0
1575000, 46871, 0, 0
1576000, 46395, 0, 0
1577000, 46055, 0, 0
1578000, 46721, 0, 0
1579000, 45769, 0, 0
1580000, 45838, 0, 0
1581000, 47075, 0, 0
1582000, 46382, 0, 0
1583000, 47122, 0, 0
1584000, 47204, 0, 0
1585000, 47795, 0, 0
1586000, 46912, 0, 0
1587000, 46524, 0, 0
1588000, 46313, 0, 0
1589000, 47670, 0, 0
1590000, 45644, 0, 0
1591000, 46006, 0, 0
1592000, 46130, 0, 0
1593000, 46414, 0, 0
1594000, 46160, 0, 0
1595000, 46646, 0, 0
1596000, 46236, 0, 0
1597000, 45762, 0, 0
1598000, 47356, 0, 0
1599000, 46781, 0, 0
1600000, 46276, 0, 0
1601000, 45485, 0, 0
1602000, 46979, 0, 0
1603000, 45825, 0, 0
1604000, 48242, 0, 0
1605000, 46753, 0, 0
1606000, 46025, 0, 0
1607000, 45913, 0, 0
1608000, 46266, 0, 0
1609000, 45634, 0, 0
1610000, 45760, 0, 0
1611000, 46181, 0, 0
1612000, 46560, 0, 0
1613000, 46680, 0, 0
1614000, 46425, 0, 0
1615000, 45888, 0, 0
1616000, 46438, 0, 0
1617000, 46237, 0, 0
1618000, 45570, 0, 0
1619000, 45811, 0, 0
1620000, 46308, 0, 0
1621000, 46090, 0, 0
1622000, 47203, 0, 0
1623000, 47555, 0, 0
1624000, 46497, 0, 0
1625000, 46075, 0, 0
1626000, 46062, 0, 0
1627000, 45361, 0, 0
1628000, 46302, 0, 0
1629000, 46985, 0, 0
1630000, 47152, 0, 0
1631000, 45532, 0, 0
1632000, 47306, 0, 0
1633000, 45635, 0, 0
1634000, 46331, 0, 0
1635000, 46577, 0, 0
1636000, 47474, 0, 0
1637000, 51716, 0, 0
1638000, 46471, 0, 0
1639000, 45215, 0, 0
1640000, 45762, 0, 0
1641000, 46004, 0, 0
1642000, 113147, 0, 0
1643000, 48195, 0, 0
1644000, 45810, 0, 0
1645000, 45318, 0, 0
1646000, 46177, 0, 0
1647000, 45492, 0, 0
1648000, 45091, 0, 0
1649000, 47244, 0, 0
1650000, 46306, 0, 0
1651000, 46317, 0, 0
1652000, 45498, 0, 0
1653000, 45210, 0, 0
1654000, 46729, 0, 0
1655000, 45832, 0, 0
1656000, 45661, 0, 0
1657000, 45261, 0, 0
1658000, 45965, 0, 0
1659000, 46160, 0, 0
1660000, 56770, 0, 0
1661000, 46303, 0, 0
1662000, 54839, 0, 0
1663000, 45596, 0, 0
1664000, 46354, 0, 0
1665000, 45878, 0, 0
1666000, 46053, 0, 0
1667000, 45807, 0, 0
1668000, 45941, 0, 0
1669000, 45471, 0, 0
1670000, 46364, 0, 0
1671000, 45793, 0, 0
1672000, 46513, 0, 0
1673000, 46135, 0, 0
1674000, 45553, 0, 0
1675000, 46217, 0, 0
1676000, 45597, 0, 0
1677000, 45727, 0, 0
1678000, 46235, 0, 0
1679000, 46029, 0, 0
1680002, 47346, 0, 0
1681000, 46032, 0, 0
1682000, 46847, 0, 0
1683000, 47268, 0, 0
1684000, 45739, 0, 0
1685000, 46032, 0, 0
1686000, 45323, 0, 0
1687000, 45451, 0, 0
1688000, 46364, 0, 0
1689000, 46541, 0, 0
1690000, 46352, 0, 0
1691000, 46339, 0, 0
1692000, 45889, 0, 0
1693081, 45824, 0, 0
1694000, 47889, 0, 0
1695000, 45921, 0, 0
1696000, 45441, 0, 0
1697000, 46183, 0, 0
1698000, 46171, 0, 0
1699000, 45352, 0, 0
1700000, 46288, 0, 0
1701000, 47510, 0, 0
1702000, 46665, 0, 0
1703000, 46188, 0, 0
1704000, 45440, 0, 0
1705000, 47990, 0, 0
1706000, 45202, 0, 0
1707000, 46262, 0, 0
1708000, 46508, 0, 0
1709000, 45835, 0, 0
1710000, 47444, 0, 0
1711000, 46451, 0, 0
1712000, 46340, 0, 0
1713000, 46402, 0, 0
1714000, 46125, 0, 0
1715000, 46157, 0, 0
1716000, 45337, 0, 0
1717000, 46024, 0, 0
1718000, 45658, 0, 0
1719000, 46698, 0, 0
1720000, 47326, 0, 0
1721000, 46524, 0, 0
1722000, 45944, 0, 0
1723000, 46645, 0, 0
1724000, 46245, 0, 0
1725000, 45783, 0, 0
1726000, 45671, 0, 0
1727000, 46202, 0, 0
1728000, 46720, 0, 0
1729000, 46859, 0, 0
1730000, 46218, 0, 0
1731000, 45499, 0, 0
1732000, 45947, 0, 0
1733000, 45979, 0, 0
1734000, 46800, 0, 0
1735000, 46293, 0, 0
1736000, 46035, 0, 0
1737000, 45841, 0, 0
1738000, 46689, 0, 0
1739000, 45321, 0, 0
1740000, 46877, 0, 0
1741000, 46297, 0, 0
1742000, 46369, 0, 0
1743000, 46971, 0, 0
1744000, 45626, 0, 0
1745000, 46667, 0, 0
1746000, 46367, 0, 0
1747000, 46656, 0, 0
1748000, 45539, 0, 0
1749000, 45753, 0, 0
1750000, 45586, 0, 0
1751000, 45450, 0, 0
1752000, 45913, 0, 0
1753000, 46323, 0, 0
1754000, 46293, 0, 0
1755000, 45907, 0, 0
1756000, 45600, 0, 0
1757000, 45839, 0, 0
1758000, 46008, 0, 0
1759000, 46132, 0, 0
1760000, 46447, 0, 0
1761000, 46078, 0, 0
1762000, 45619, 0, 0
1763000, 45294, 0, 0
1764000, 46000, 0, 0
1765000, 46495, 0, 0
1766000, 46741, 0, 0
1767000, 45988, 0, 0
1768000, 45915, 0, 0
1769000, 45959, 0, 0
1770000, 45462, 0, 0
1771000, 46381, 0, 0
1772000, 45451, 0, 0
1773000, 45377, 0, 0
1774000, 46156, 0, 0
1775000, 48365, 0, 0
1776000, 45745, 0, 0
1777000, 45847, 0, 0
1778000, 45728, 0, 0
1779000, 46204, 0, 0
1780000, 45198, 0, 0
1781000, 45856, 0, 0
1782000, 46593, 0, 0
1783000, 46225, 0, 0
1784000, 45826, 0, 0
1785000, 46684, 0, 0
1786000, 45894, 0, 0
1787000, 46641, 0, 0
1788000, 47869, 0, 0
1789000, 46170, 0, 0
1790000, 46378, 0, 0
1791000, 45625, 0, 0
1792000, 46608, 0, 0
1793000, 46316, 0, 0
1794000, 45741, 0, 0
1795000, 46670, 0, 0
1796000, 46507, 0, 0
1797000, 45832, 0, 0
1798000, 45694, 0, 0
1799000, 46185, 0, 0
1800000, 46556, 0, 0
