2999, 87647, 0, 0
3999, 94454, 0, 0
4999, 105305, 0, 0
5999, 102702, 0, 0
6999, 104744, 0, 0
7998, 106973, 0, 0
8999, 105665, 0, 0
9998, 104809, 0, 0
10998, 102284, 0, 0
11999, 103023, 0, 0
12999, 110590, 0, 0
13999, 115515, 0, 0
14999, 111231, 0, 0
15999, 110870, 0, 0
16999, 111951, 0, 0
17998, 116833, 0, 0
18998, 112665, 0, 0
19998, 113146, 0, 0
20998, 114789, 0, 0
21999, 99899, 0, 0
22999, 107587, 0, 0
23999, 107427, 0, 0
24999, 113913, 0, 0
25999, 113753, 0, 0
26999, 116756, 0, 0
27999, 108988, 0, 0
28998, 116633, 0, 0
29998, 108136, 0, 0
30998, 113947, 0, 0
31999, 122642, 0, 0
32999, 120760, 0, 0
33999, 115395, 0, 0
34999, 119239, 0, 0
35999, 118118, 0, 0
36999, 123003, 0, 0
37998, 110460, 0, 0
38998, 119599, 0, 0
39999, 118638, 0, 0
40999, 113553, 0, 0
41999, 119839, 0, 0
42999, 117957, 0, 0
43999, 115235, 0, 0
44998, 116593, 0, 0
45998, 116913, 0, 0
46999, 118078, 0, 0
47999, 114794, 0, 0
48999, 111911, 0, 0
49999, 109589, 0, 0
50999, 118478, 0, 0
51999, 109509, 0, 0
52999, 115795, 0, 0
53999, 112072, 0, 0
54999, 113193, 0, 0
55998, 112384, 0, 0
56998, 115030, 0, 0
57999, 118078, 0, 0
58999, 115755, 0, 0
59999, 119319, 0, 0
60999, 120120, 0, 0
61999, 117517, 0, 0
62999, 114194, 0, 0
63998, 117635, 0, 0
64999, 105545, 0, 0
65998, 107975, 0, 0
66998, 111462, 0, 0
67998, 116553, 0, 0
68998, 116272, 0, 0
69998, 119959, 0, 0
70999, 124809, 0, 0
71999, 120840, 0, 0
72999, 122122, 0, 0
73999, 124844, 0, 0
74999, 128688, 0, 0
75999, 127487, 0, 0
76999, 124644, 0, 0
77998, 122925, 0, 0
78998, 128617, 0, 0
79999, 126366, 0, 0
80999, 120880, 0, 0
81999, 131611, 0, 0
82999, 125485, 0, 0
83999, 125765, 0, 0
84998, 127535, 0, 0
85999, 128488, 0, 0
86998, 122605, 0, 0
87998, 119358, 0, 0
88999, 113073, 0, 0
89999, 123443, 0, 0
90999, 122002, 0, 0
91999, 128808, 0, 0
92999, 127527, 0, 0
93999, 115475, 0, 0
94999, 126566, 0, 0
95998, 125731, 0, 0
96998, 123126, 0, 0
97999, 115475, 0, 0
98999, 126446, 0, 0
99999, 127327, 0, 0
100999, 123523, 0, 0
101999, 122002, 0, 0
102999, 126206, 0, 0
103999, 115995, 0, 0
104999, 130210, 0, 0
105999, 121001, 0, 0
106999, 122802, 0, 0
107998, 98276, 0, 0
108999, 106426, 0, 0
109999, 102742, 0, 0
110999, 106506, 0, 0
111999, 105625, 0, 0
112999, 102782, 0, 0
113999, 103823, 0, 0
114998, 108697, 0, 0
115999, 109549, 0, 0
116999, 106466, 0, 0
117999, 110710, 0, 0
118999, 109869, 0, 0
119999, 103063, 0, 0
120999, 100980, 0, 0
121999, 104304, 0, 0
122998, 88617, 0, 0
123998, 103767, 0, 0
124999, 106346, 0, 0
125999, 92372, 0, 0
126999, 106466, 0, 0
127999, 108868, 0, 0
128999, 107627, 0, 0
129999, 106346, 0, 0
130998, 107855, 0, 0
131998, 104649, 0, 0
132998, 101923, 0, 0
133999, 105065, 0, 0
134999, 109549, 0, 0
135999, 100340, 0, 0
136999, 102862, 0, 0
137998, 97915, 0, 0
138999, 103943, 0, 0
139998, 108817, 0, 0
140999, 110430, 0, 0
141999, 108308, 0, 0
142999, 98578, 0, 0
143999, 105545, 0, 0
144999, 109589, 0, 0
145998, 98156, 0, 0
146998, 108937, 0, 0
147999, 105625, 0, 0
148999, 101261, 0, 0
149999, 102422, 0, 0
150999, 102982, 0, 0
151999, 108988, 0, 0
152999, 104704, 0, 0
153998, 98677, 0, 0
154998, 100721, 0, 0
155999, 103983, 0, 0
156999, 102902, 0, 0
157999, 106186, 0, 0
158999, 98338, 0, 0
159999, 83763, 0, 0
160999, 108708, 0, 0
161998, 107254, 0, 0
162999, 105785, 0, 0
163999, 105705, 0, 0
164999, 106026, 0, 0
165999, 109229, 0, 0
166999, 108268, 0, 0
167999, 106026, 0, 0
168998, 108617, 0, 0
169999, 96056, 0, 0
170999, 98258, 0, 0
171999, 105745, 0, 0
172999, 107347, 0, 0
173999, 96736, 0, 0
174999, 100060, 0, 0
175998, 98717, 0, 0
176999, 95695, 0, 0
177999, 108628, 0, 0
178999, 103103, 0, 0
179999, 109029, 0, 0
180999, 105265, 0, 0
181998, 109458, 0, 0
182998, 110180, 0, 0
183999, 93493, 0, 0
184999, 92252, 0, 0
185999, 107187, 0, 0
186999, 102422, 0, 0
187998, 104488, 0, 0
188998, 106973, 0, 0
189998, 91623, 0, 0
190999, 102702, 0, 0
191999, 100860, 0, 0
192999, 92492, 0, 0
193999, 107267, 0, 0
194999, 83883, 0, 0
195998, 100480, 0, 0
196998, 100200, 0, 0
197998, 108537, 0, 0
198999, 102502, 0, 0
199999, 108108, 0, 0
200999, 106506, 0, 0
201999, 103183, 0, 0
202999, 107467, 0, 0
203999, 105065, 0, 0
204998, 107975, 0, 0
205998, 103887, 0, 0
206999, 105385, 0, 0
207999, 101661, 0, 0
208999, 102582, 0, 0
209999, 104704, 0, 0
210998, 102044, 0, 0
211998, 104248, 0, 0
212999, 108228, 0, 0
213999, 110110, 0, 0
214999, 110550, 0, 0
215999, 107947, 0, 0
216999, 111511, 0, 0
217998, 105050, 0, 0
218998, 104368, 0, 0
219999, 105385, 0, 0
220999, 92932, 0, 0
221999, 101821, 0, 0
222999, 106426, 0, 0
223999, 99539, 0, 0
224999, 97337, 0, 0
225998, 101643, 0, 0
226999, 112592, 0, 0
227999, 108348, 0, 0
228999, 101341, 0, 0
229999, 108748, 0, 0
230999, 111071, 0, 0
231998, 100000, 0, 0
232998, 98757, 0, 0
233998, 111302, 0, 0
234999, 109109, 0, 0
235999, 109989, 0, 0
236999, 109549, 0, 0
237999, 110510, 0, 0
238999, 105905, 0, 0
239998, 109539, 0, 0
240998, 110340, 0, 0
241998, 111743, 0, 0
242999, 107507, 0, 0
243999, 107827, 0, 0
244999, 109469, 0, 0
245999, 111391, 0, 0
246999, 106866, 0, 0
247999, 109309, 0, 0
248998, 110941, 0, 0
249998, 105010, 0, 0
250999, 101941, 0, 0
251999, 102422, 0, 0
252999, 105425, 0, 0
253999, 104864, 0, 0
254999, 111271, 0, 0
255999, 111071, 0, 0
256999, 110550, 0, 0
257999, 96816, 0, 0
258998, 103006, 0, 0
259998, 103362, 0, 0
260999, 110430, 0, 0
261999, 109669, 0, 0
262999, 104024, 0, 0
263999, 108788, 0, 0
264999, 90850, 0, 0
265999, 107067, 0, 0
266999, 101541, 0, 0
267998, 102324, 0, 0
268998, 107334, 0, 0
269999, 105425, 0, 0
270999, 109949, 0, 0
271999, 105105, 0, 0
272999, 108148, 0, 0
273999, 106546, 0, 0
274999, 110430, 0, 0
275999, 104824, 0, 0
276998, 109378, 0, 0
277998, 110420, 0, 0
278998, 107454, 0, 0
279999, 109109, 0, 0
280999, 108628, 0, 0
281999, 107547, 0, 0
282999, 93533, 0, 0
283999, 105745, 0, 0
284998, 110581, 0, 0
285998, 109699, 0, 0
286998, 96553, 0, 0
287999, 104624, 0, 0
288999, 99179, 0, 0
289999, 92092, 0, 0
290999, 81761, 0, 0
291999, 106186, 0, 0
292998, 97875, 0, 0
293998, 108897, 0, 0
294998, 101402, 0, 0
295999, 109589, 0, 0
296999, 99099, 0, 0
297999, 103423, 0, 0
298999, 110190, 0, 0
299999, 106986, 0, 0
300999, 108548, 0, 0
301999, 108228, 0, 0
302999, 107627, 0, 0
303998, 106813, 0, 0
304999, 98498, 0, 0
305999, 102862, 0, 0
306999, 101221, 0, 0
307999, 109149, 0, 0
308999, 103383, 0, 0
309999, 85045, 0, 0
310999, 103263, 0, 0
311998, 106092, 0, 0
312998, 108136, 0, 0
313999, 107147, 0, 0
314999, 105705, 0, 0
315999, 104264, 0, 0
316999, 103663, 0, 0
317999, 105985, 0, 0
318999, 109789, 0, 0
319998, 100400, 0, 0
320998, 110060, 0, 0
321999, 102364, 0, 0
322999, 106066, 0, 0
323999, 104824, 0, 0
324999, 106186, 0, 0
325999, 104344, 0, 0
326999, 106426, 0, 0
327999, 104544, 0, 0
328998, 104569, 0, 0
329998, 104448, 0, 0
330999, 109029, 0, 0
331999, 109789, 0, 0
332999, 109069, 0, 0
333999, 109829, 0, 0
334999, 109829, 0, 0
335999, 109949, 0, 0
336999, 105985, 0, 0
337998, 110260, 0, 0
338998, 108096, 0, 0
339999, 107747, 0, 0
340999, 108068, 0, 0
341999, 108788, 0, 0
342999, 110510, 0, 0
343999, 109309, 0, 0
344998, 109458, 0, 0
345998, 108777, 0, 0
346999, 108788, 0, 0
347999, 101621, 0, 0
348999, 109469, 0, 0
349998, 107494, 0, 0
350999, 109709, 0, 0
351999, 108548, 0, 0
352998, 102805, 0, 0
353998, 92264, 0, 0
354999, 108108, 0, 0
355999, 110270, 0, 0
356999, 108708, 0, 0
357999, 109389, 0, 0
358999, 105905, 0, 0
359999, 102502, 0, 0
360999, 100380, 0, 0
361998, 106853, 0, 0
362999, 108937, 0, 0
363999, 103983, 0, 0
364999, 104824, 0, 0
365998, 104088, 0, 0
366999, 108308, 0, 0
367998, 111142, 0, 0
368998, 107254, 0, 0
369999, 107054, 0, 0
370999, 99779, 0, 0
371999, 105465, 0, 0
372999, 106106, 0, 0
373999, 101141, 0, 0
374998, 106733, 0, 0
375998, 103967, 0, 0
376998, 107374, 0, 0
377999, 108788, 0, 0
378999, 109189, 0, 0
379999, 107267, 0, 0
380999, 110750, 0, 0
381999, 105945, 0, 0
382999, 100740, 0, 0
383999, 101701, 0, 0
384998, 107615, 0, 0
385998, 101402, 0, 0
386999, 109669, 0, 0
387999, 96016, 0, 0
388999, 104504, 0, 0
389999, 106586, 0, 0
390999, 108708, 0, 0
391999, 101301, 0, 0
392998, 91863, 0, 0
393999, 106186, 0, 0
394999, 106906, 0, 0
395999, 105505, 0, 0
396999, 104704, 0, 0
397999, 99979, 0, 0
398999, 89809, 0, 0
399999, 104064, 0, 0
400998, 111302, 0, 0
401998, 101883, 0, 0
402998, 106813, 0, 0
403998, 110380, 0, 0
404999, 106146, 0, 0
405999, 102382, 0, 0
406999, 109509, 0, 0
407999, 91571, 0, 0
408999, 103743, 0, 0
409998, 100040, 0, 0
410998, 101963, 0, 0
411998, 101723, 0, 0
412999, 102004, 0, 0
413999, 102342, 0, 0
414999, 105505, 0, 0
415999, 99699, 0, 0
416999, 100260, 0, 0
417999, 100660, 0, 0
418999, 111191, 0, 0
419998, 110701, 0, 0
420998, 111062, 0, 0
421999, 102142, 0, 0
422999, 109389, 0, 0
423999, 105345, 0, 0
424999, 104384, 0, 0
425999, 100940, 0, 0
426999, 108948, 0, 0
427999, 103383, 0, 0
428998, 99719, 0, 0
429998, 94989, 0, 0
430998, 100320, 0, 0
431999, 107987, 0, 0
432999, 106626, 0, 0
433999, 99819, 0, 0
434999, 109469, 0, 0
435998, 100320, 0, 0
436999, 97817, 0, 0
437998, 110340, 0, 0
438998, 103647, 0, 0
439999, 108988, 0, 0
440999, 100220, 0, 0
441999, 108588, 0, 0
442999, 79679, 0, 0
443999, 108308, 0, 0
444999, 108828, 0, 0
445999, 108148, 0, 0
446999, 104424, 0, 0
447998, 102965, 0, 0
448998, 99318, 0, 0
449999, 108668, 0, 0
450999, 103359, 0, 0
451999, 110530, 0, 0
452999, 109989, 0, 0
453999, 108548, 0, 0
454999, 109069, 0, 0
455999, 108148, 0, 0
456999, 109269, 0, 0
457999, 104864, 0, 0
459000, 100080, 0, 0
460000, 99600, 0, 0
460999, 106386, 0, 0
461999, 105625, 0, 0
462999, 106426, 0, 0
463999, 95975, 0, 0
464999, 105425, 0, 0
465999, 106546, 0, 0
466999, 102542, 0, 0
467999, 107667, 0, 0
468999, 71431, 0, 0
469999, 79439, 0, 0
470999, 72872, 0, 0
471999, 78958, 0, 0
472999, 78158, 0, 0
473999, 73193, 0, 0
474999, 75075, 0, 0
475999, 72432, 0, 0
476999, 73393, 0, 0
477999, 74434, 0, 0
478999, 72992, 0, 0
480000, 72080, 0, 0
480999, 75075, 0, 0
481999, 78478, 0, 0
482999, 73153, 0, 0
483999, 77797, 0, 0
485000, 76720, 0, 0
485999, 78918, 0, 0
487000, 70600, 0, 0
488000, 69280, 0, 0
489000, 78400, 0, 0
489999, 79639, 0, 0
490999, 79118, 0, 0
491999, 71111, 0, 0
492999, 68456, 0, 0
493999, 81001, 0, 0
494999, 80520, 0, 0
495999, 74514, 0, 0
496999, 81401, 0, 0
497999, 79759, 0, 0
498999, 78318, 0, 0
499999, 80160, 0, 0
500999, 79959, 0, 0
501999, 74154, 0, 0
502998, 78757, 0, 0
503998, 74869, 0, 0
504998, 72384, 0, 0
505997, 76108, 0, 0
506997, 78435, 0, 0
507997, 78475, 0, 0
508997, 72417, 0, 0
509996, 67951, 0, 0
510996, 59799, 0, 0
511996, 59919, 0, 0
512996, 60080, 0, 0
513996, 62730, 0, 0
514995, 60140, 0, 0
515996, 61325, 0, 0
516996, 61004, 0, 0
517995, 57969, 0, 0
518995, 60663, 0, 0
519995, 61346, 0, 0
520995, 59296, 0, 0
521994, 62052, 0, 0
522994, 54124, 0, 0
523994, 54647, 0, 0
524993, 59133, 0, 0
525993, 60704, 0, 0
526993, 71983, 0, 0
527993, 70412, 0, 0
528992, 71048, 0, 0
529992, 70080, 0, 0
530992, 75080, 0, 0
531992, 56612, 0, 0
532992, 65564, 0, 0
533991, 74954, 0, 0
534992, 71612, 0, 0
535991, 74026, 0, 0
536991, 67729, 0, 0
537991, 63451, 0, 0
538999, 71671, 0, 0
540000, 73880, 0, 0
541000, 75960, 0, 0
541999, 69269, 0, 0
542999, 73753, 0, 0
543999, 74274, 0, 0
544999, 70270, 0, 0
545998, 70941, 0, 0
546998, 72424, 0, 0
547998, 71022, 0, 0
548998, 73266, 0, 0
549999, 71631, 0, 0
550999, 72272, 0, 0
551999, 68628, 0, 0
552999, 75235, 0, 0
553999, 72312, 0, 0
554999, 70830, 0, 0
555998, 73026, 0, 0
556998, 73587, 0, 0
557999, 73993, 0, 0
558999, 71151, 0, 0
559999, 71551, 0, 0
560999, 73873, 0, 0
561999, 73113, 0, 0
562999, 73153, 0, 0
563998, 69418, 0, 0
564998, 71503, 0, 0
565998, 72985, 0, 0
566998, 75030, 0, 0
567999, 67467, 0, 0
568999, 71111, 0, 0
569999, 71671, 0, 0
570999, 73433, 0, 0
571999, 70430, 0, 0
572999, 74874, 0, 0
573999, 66106, 0, 0
574999, 77557, 0, 0
575998, 76553, 0, 0
576998, 50661, 0, 0
577999, 77357, 0, 0
578999, 76916, 0, 0
579999, 78398, 0, 0
580999, 76996, 0, 0
581999, 74714, 0, 0
582999, 71631, 0, 0
583999, 73593, 0, 0
584999, 78318, 0, 0
585998, 74909, 0, 0
586998, 75110, 0, 0
587999, 74634, 0, 0
588999, 73273, 0, 0
589999, 67827, 0, 0
590999, 67507, 0, 0
591999, 65305, 0, 0
592999, 67747, 0, 0
593998, 65851, 0, 0
594998, 67655, 0, 0
595999, 66786, 0, 0
596999, 67707, 0, 0
597999, 68748, 0, 0
598999, 66986, 0, 0
599999, 66906, 0, 0
600999, 69469, 0, 0
601999, 66066, 0, 0
602998, 65330, 0, 0
603998, 67775, 0, 0
604999, 66573, 0, 0
605999, 66266, 0, 0
606999, 67267, 0, 0
607999, 67187, 0, 0
608999, 66106, 0, 0
609999, 65345, 0, 0
610998, 67014, 0, 0
611999, 64624, 0, 0
612998, 64609, 0, 0
613998, 66092, 0, 0
614999, 63303, 0, 0
615999, 64824, 0, 0
616999, 63463, 0, 0
617999, 67947, 0, 0
618999, 65665, 0, 0
619999, 65265, 0, 0
620999, 64864, 0, 0
621998, 40200, 0, 0
622998, 65330, 0, 0
623999, 63103, 0, 0
624999, 65225, 0, 0
625999, 62702, 0, 0
626999, 64264, 0, 0
627999, 62342, 0, 0
628999, 64104, 0, 0
629998, 63927, 0, 0
630999, 64889, 0, 0
631999, 56176, 0, 0
632999, 61141, 0, 0
633999, 59939, 0, 0
634999, 59699, 0, 0
635999, 59619, 0, 0
636999, 61301, 0, 0
637999, 59779, 0, 0
638998, 61002, 0, 0
639998, 61482, 0, 0
640998, 58637, 0, 0
641999, 62302, 0, 0
642999, 59819, 0, 0
643999, 61221, 0, 0
644999, 58578, 0, 0
645999, 58698, 0, 0
646999, 61661, 0, 0
647999, 60300, 0, 0
648998, 60681, 0, 0
649998, 59358, 0, 0
650999, 59959, 0, 0
651999, 58178, 0, 0
652999, 61141, 0, 0
653999, 61661, 0, 0
654999, 60140, 0, 0
655999, 61421, 0, 0
656998, 60801, 0, 0
657998, 61042, 0, 0
658998, 61482, 0, 0
659999, 60360, 0, 0
660999, 62422, 0, 0
661999, 53373, 0, 0
662999, 60220, 0, 0
663999, 60620, 0, 0
664999, 59579, 0, 0
665999, 48168, 0, 0
666998, 50901, 0, 0
667998, 61202, 0, 0
668998, 63166, 0, 0
669999, 61141, 0, 0
670999, 62222, 0, 0
671999, 59899, 0, 0
672999, 59619, 0, 0
673999, 61221, 0, 0
674999, 60940, 0, 0
675998, 62124, 0, 0
676998, 60400, 0, 0
677999, 60980, 0, 0
678999, 61221, 0, 0
679999, 60300, 0, 0
680999, 59979, 0, 0
681999, 60500, 0, 0
682998, 61202, 0, 0
683999, 55335, 0, 0
684998, 60120, 0, 0
685999, 62324, 0, 0
686999, 61541, 0, 0
687999, 60940, 0, 0
688999, 61501, 0, 0
689999, 60500, 0, 0
690999, 60700, 0, 0
691998, 61242, 0, 0
692998, 60641, 0, 0
693998, 59438, 0, 0
694999, 59659, 0, 0
695999, 61381, 0, 0
696999, 62662, 0, 0
697999, 60780, 0, 0
698999, 60500, 0, 0
699999, 65545, 0, 0
700998, 77034, 0, 0
701998, 75470, 0, 0
702999, 97097, 0, 0
703999, 102622, 0, 0
704999, 96616, 0, 0
705999, 107907, 0, 0
706999, 106466, 0, 0
707999, 101181, 0, 0
708999, 107467, 0, 0
709998, 103286, 0, 0
710999, 66306, 0, 0
711999, 102342, 0, 0
712999, 104424, 0, 0
713999, 106426, 0, 0
714999, 102262, 0, 0
715999, 105145, 0, 0
716998, 106212, 0, 0
717998, 107254, 0, 0
718998, 109458, 0, 0
719999, 100700, 0, 0
720999, 103623, 0, 0
721999, 102582, 0, 0
722999, 98898, 0, 0
723999, 107387, 0, 0
724998, 99759, 0, 0
725999, 107707, 0, 0
726998, 101963, 0, 0
727998, 106092, 0, 0
728999, 97937, 0, 0
729999, 100860, 0, 0
730999, 106386, 0, 0
731999, 104944, 0, 0
732999, 98578, 0, 0
733999, 103463, 0, 0
734999, 103023, 0, 0
735998, 105731, 0, 0
736999, 101181, 0, 0
737999, 91811, 0, 0
738999, 105345, 0, 0
739999, 105705, 0, 0
740999, 106986, 0, 0
741998, 97955, 0, 0
742999, 104024, 0, 0
743998, 95991, 0, 0
744999, 104904, 0, 0
745999, 106426, 0, 0
746999, 105465, 0, 0
747999, 105785, 0, 0
748999, 100820, 0, 0
749999, 109949, 0, 0
750998, 106452, 0, 0
751998, 104849, 0, 0
752998, 101482, 0, 0
753999, 105825, 0, 0
754999, 79639, 0, 0
755999, 80800, 0, 0
756999, 101781, 0, 0
757999, 104664, 0, 0
758998, 97955, 0, 0
759998, 104769, 0, 0
760998, 99959, 0, 0
761999, 105225, 0, 0
762999, 105025, 0, 0
763999, 104904, 0, 0
764999, 105225, 0, 0
765999, 100500, 0, 0
766998, 105531, 0, 0
767999, 105625, 0, 0
768998, 98597, 0, 0
769999, 94974, 0, 0
770999, 105225, 0, 0
771999, 104584, 0, 0
772999, 109669, 0, 0
773998, 106332, 0, 0
774998, 98196, 0, 0
775998, 97474, 0, 0
776998, 102725, 0, 0
777999, 106306, 0, 0
778999, 94854, 0, 0
779999, 100860, 0, 0
780999, 101781, 0, 0
781999, 99219, 0, 0
782998, 106853, 0, 0
783999, 104944, 0, 0
784998, 108016, 0, 0
785999, 104408, 0, 0
786999, 107707, 0, 0
787999, 107747, 0, 0
788999, 107307, 0, 0
789999, 106386, 0, 0
790999, 91931, 0, 0
791999, 96136, 0, 0
792999, 105065, 0, 0
793998, 101563, 0, 0
794999, 109498, 0, 0
795999, 101541, 0, 0
796999, 101581, 0, 0
797999, 101581, 0, 0
798998, 99198, 0, 0
799998, 70380, 0, 0
800998, 100961, 0, 0
801998, 107334, 0, 0
802999, 102822, 0, 0
803999, 101301, 0, 0
804999, 99259, 0, 0
805999, 102062, 0, 0
806998, 101643, 0, 0
807998, 107254, 0, 0
808998, 101242, 0, 0
809998, 105410, 0, 0
810999, 108148, 0, 0
811999, 99819, 0, 0
812999, 105305, 0, 0
813999, 107267, 0, 0
814999, 96812, 0, 0
815999, 108028, 0, 0
816998, 104288, 0, 0
817998, 102925, 0, 0
818999, 102222, 0, 0
819999, 92612, 0, 0
820999, 99059, 0, 0
821999, 99139, 0, 0
822999, 93213, 0, 0
823999, 105305, 0, 0
824999, 106986, 0, 0
825999, 103503, 0, 0
826998, 98997, 0, 0
827998, 102765, 0, 0
828999, 103063, 0, 0
829999, 102902, 0, 0
830999, 98338, 0, 0
831999, 105425, 0, 0
832999, 103703, 0, 0
833999, 93293, 0, 0
834998, 96833, 0, 0
835998, 99278, 0, 0
836999, 96056, 0, 0
837999, 103343, 0, 0
838999, 106666, 0, 0
839999, 101181, 0, 0
840998, 99318, 0, 0
841999, 102942, 0, 0
842998, 97755, 0, 0
843998, 103567, 0, 0
844998, 69138, 0, 0
845999, 105225, 0, 0
846999, 104944, 0, 0
847999, 105745, 0, 0
848999, 105945, 0, 0
849999, 104384, 0, 0
850998, 101322, 0, 0
851998, 99358, 0, 0
852999, 99379, 0, 0
853999, 106066, 0, 0
854999, 105785, 0, 0
855999, 98938, 0, 0
856999, 105185, 0, 0
857998, 107094, 0, 0
858998, 102044, 0, 0
859998, 102044, 0, 0
860999, 95535, 0, 0
861999, 101021, 0, 0
862999, 105785, 0, 0
863999, 106106, 0, 0
864999, 106666, 0, 0
865998, 103286, 0, 0
866998, 102845, 0, 0
867999, 101581, 0, 0
868999, 103983, 0, 0
869999, 104304, 0, 0
870999, 90570, 0, 0
871999, 102462, 0, 0
872999, 99539, 0, 0
873998, 96633, 0, 0
874998, 106372, 0, 0
875999, 105825, 0, 0
876999, 101101, 0, 0
877999, 102542, 0, 0
878999, 104904, 0, 0
879999, 96696, 0, 0
880999, 102142, 0, 0
881998, 107815, 0, 0
882998, 106132, 0, 0
883998, 105210, 0, 0
884999, 102782, 0, 0
885999, 101461, 0, 0
886999, 99059, 0, 0
887999, 101301, 0, 0
888999, 84124, 0, 0
889998, 87494, 0, 0
890998, 97715, 0, 0
891998, 92625, 0, 0
892999, 103783, 0, 0
893999, 94254, 0, 0
894999, 102942, 0, 0
895999, 105945, 0, 0
896999, 101101, 0, 0
897999, 103783, 0, 0
898998, 99519, 0, 0
899998, 93306, 0, 0
900998, 95390, 0, 0
901999, 105025, 0, 0
902999, 101301, 0, 0
903999, 96656, 0, 0
904999, 99859, 0, 0
905999, 106826, 0, 0
906999, 101381, 0, 0
907998, 97154, 0, 0
908998, 94669, 0, 0
909998, 105010, 0, 0
910999, 103423, 0, 0
911999, 97417, 0, 0
912999, 103503, 0, 0
913998, 104408, 0, 0
914999, 90610, 0, 0
915998, 89899, 0, 0
916998, 96673, 0, 0
917999, 92692, 0, 0
918999, 99179, 0, 0
919999, 101781, 0, 0
920999, 96816, 0, 0
921999, 106066, 0, 0
922999, 96776, 0, 0
923998, 96312, 0, 0
924998, 104849, 0, 0
925998, 104368, 0, 0
926999, 103903, 0, 0
927999, 98458, 0, 0
928999, 99219, 0, 0
929999, 105705, 0, 0
930999, 106986, 0, 0
931998, 101563, 0, 0
932999, 97857, 0, 0
933998, 61122, 0, 0
934999, 107507, 0, 0
935999, 97497, 0, 0
936999, 103343, 0, 0
937999, 99219, 0, 0
938999, 102022, 0, 0
939999, 105425, 0, 0
940998, 88737, 0, 0
941999, 99659, 0, 0
942998, 107294, 0, 0
943999, 106546, 0, 0
944999, 104944, 0, 0
945999, 97577, 0, 0
946999, 105905, 0, 0
947998, 101563, 0, 0
948998, 107210, 0, 0
949998, 105490, 0, 0
950998, 104969, 0, 0
951999, 105225, 0, 0
952999, 103343, 0, 0
953999, 96176, 0, 0
954999, 100700, 0, 0
955998, 107374, 0, 0
956999, 95615, 0, 0
957998, 82885, 0, 0
958998, 97795, 0, 0
959999, 100940, 0, 0
960999, 103063, 0, 0
961999, 104304, 0, 0
962999, 101461, 0, 0
963999, 103103, 0, 0
964999, 93893, 0, 0
965998, 96112, 0, 0
966999, 107587, 0, 0
967999, 103623, 0, 0
968999, 105745, 0, 0
969999, 105625, 0, 0
970999, 105025, 0, 0
971998, 104168, 0, 0
972998, 92625, 0, 0
973998, 105050, 0, 0
974999, 97737, 0, 0
975999, 77237, 0, 0
976999, 90730, 0, 0
977999, 90930, 0, 0
978999, 77997, 0, 0
979999, 99779, 0, 0
980998, 105210, 0, 0
981998, 105931, 0, 0
982999, 106706, 0, 0
983999, 93333, 0, 0
984999, 104784, 0, 0
985999, 100700, 0, 0
986999, 100940, 0, 0
987999, 106226, 0, 0
988998, 97955, 0, 0
989999, 107094, 0, 0
990999, 102462, 0, 0
991999, 101501, 0, 0
992999, 104024, 0, 0
993999, 100500, 0, 0
994998, 106573, 0, 0
995999, 103263, 0, 0
996998, 107775, 0, 0
997999, 101101, 0, 0
998999, 101181, 0, 0
999999, 104224, 0, 0
1000999, 104184, 0, 0
1001999, 99979, 0, 0
1002998, 103887, 0, 0
1003998, 95551, 0, 0
1004998, 104008, 0, 0
1005999, 102102, 0, 0
1006999, 105225, 0, 0
1007999, 101301, 0, 0
1008999, 105945, 0, 0
1009999, 100740, 0, 0
1010999, 105625, 0, 0
1011998, 102204, 0, 0
1012999, 100140, 0, 0
1013999, 105105, 0, 0
1014999, 106906, 0, 0
1015999, 105625, 0, 0
1016998, 98316, 0, 0
1017999, 104344, 0, 0
1018998, 101683, 0, 0
1019999, 105345, 0, 0
1020999, 102062, 0, 0
1021999, 95095, 0, 0
1022999, 81361, 0, 0
1023999, 92572, 0, 0
1024999, 101181, 0, 0
1025998, 103607, 0, 0
1026999, 96152, 0, 0
1027999, 93893, 0, 0
1028999, 107347, 0, 0
1029999, 100420, 0, 0
1030999, 99899, 0, 0
1031999, 100980, 0, 0
1032999, 99779, 0, 0
1033999, 93773, 0, 0
1034998, 93266, 0, 0
1035999, 95375, 0, 0
1036999, 103063, 0, 0
1037999, 102222, 0, 0
1038999, 104624, 0, 0
1039998, 103927, 0, 0
1040998, 90300, 0, 0
1041998, 68697, 0, 0
1042999, 64464, 0, 0
1043999, 55575, 0, 0
1044999, 68908, 0, 0
1045999, 71711, 0, 0
1046999, 73793, 0, 0
1047999, 75635, 0, 0
1048998, 71142, 0, 0
1049998, 74308, 0, 0
1050999, 76116, 0, 0
1051999, 73233, 0, 0
1052999, 74074, 0, 0
1053999, 73193, 0, 0
1054999, 75435, 0, 0
1055998, 76513, 0, 0
1056999, 69989, 0, 0
1057998, 71342, 0, 0
1058999, 73753, 0, 0
1059999, 76596, 0, 0
1060999, 75035, 0, 0
1061999, 73673, 0, 0
1062999, 75075, 0, 0
1063999, 72872, 0, 0
1064999, 71631, 0, 0
1065999, 69469, 0, 0
1066998, 74428, 0, 0
1067999, 50850, 0, 0
1068999, 73913, 0, 0
1069999, 75635, 0, 0
1070999, 70510, 0, 0
1071999, 66826, 0, 0
1072998, 74829, 0, 0
1073998, 74068, 0, 0
1074998, 76192, 0, 0
1075998, 77915, 0, 0
1076999, 70510, 0, 0
1077999, 71871, 0, 0
1078999, 72552, 0, 0
1079999, 73113, 0, 0
1080999, 74434, 0, 0
1081999, 74394, 0, 0
1082998, 69623, 0, 0
1083998, 69691, 0, 0
1084999, 72432, 0, 0
1085999, 72552, 0, 0
1086999, 72312, 0, 0
1087999, 73153, 0, 0
1088999, 68668, 0, 0
1089999, 71031, 0, 0
1090998, 68136, 0, 0
1091999, 70340, 0, 0
1092999, 72752, 0, 0
1093999, 70630, 0, 0
1094999, 68948, 0, 0
1095999, 70070, 0, 0
1096998, 72304, 0, 0
1097999, 71751, 0, 0
1098999, 73113, 0, 0
1099998, 71342, 0, 0
1100998, 64849, 0, 0
1101999, 67907, 0, 0
1102999, 67987, 0, 0
1103999, 72032, 0, 0
1104999, 72512, 0, 0
1105998, 71583, 0, 0
1106999, 69389, 0, 0
1107998, 72945, 0, 0
1108999, 74034, 0, 0
1109999, 69549, 0, 0
1110999, 70310, 0, 0
1111999, 71711, 0, 0
1112998, 50621, 0, 0
1113999, 71351, 0, 0
1114998, 70821, 0, 0
1115998, 67414, 0, 0
1116998, 70340, 0, 0
1117999, 70430, 0, 0
1118999, 69349, 0, 0
1119999, 75755, 0, 0
1120999, 75675, 0, 0
1121999, 79039, 0, 0
1122999, 72952, 0, 0
1123998, 74749, 0, 0
1124998, 74228, 0, 0
1125999, 76716, 0, 0
1126999, 75955, 0, 0
1127999, 70790, 0, 0
1128999, 72032, 0, 0
1129999, 76516, 0, 0
1130998, 82645, 0, 0
1131999, 81441, 0, 0
1132998, 78917, 0, 0
1133999, 78238, 0, 0
1134999, 85885, 0, 0
1135999, 84084, 0, 0
1136999, 87287, 0, 0
1137999, 85605, 0, 0
1138999, 86686, 0, 0
1139998, 78476, 0, 0
1140998, 72745, 0, 0
1141999, 81161, 0, 0
1142999, 81401, 0, 0
1143999, 84764, 0, 0
1144999, 83843, 0, 0
1145999, 86678, 0, 0
1146999, 84168, 0, 0
1147998, 80280, 0, 0
1148998, 82444, 0, 0
1149998, 82164, 0, 0
1150999, 81841, 0, 0
1151999, 86606, 0, 0
1152999, 82122, 0, 0
1153998, 85410, 0, 0
1154998, 80240, 0, 0
1155998, 81442, 0, 0
1156998, 65210, 0, 0
1157999, 75915, 0, 0
1158999, 86726, 0, 0
1159999, 71271, 0, 0
1160999, 81321, 0, 0
1161999, 75675, 0, 0
1162999, 83283, 0, 0
1163998, 86052, 0, 0
1164998, 81843, 0, 0
1165999, 80480, 0, 0
1166999, 83083, 0, 0
1167999, 87527, 0, 0
1168999, 81801, 0, 0
1169999, 83003, 0, 0
1170998, 85490, 0, 0
1171998, 88016, 0, 0
1172999, 80240, 0, 0
1173999, 85965, 0, 0
1174999, 83523, 0, 0
1175999, 84724, 0, 0
1176999, 65785, 0, 0
1177999, 82282, 0, 0
1178998, 85891, 0, 0
1179998, 76873, 0, 0
1180998, 83206, 0, 0
1181999, 82202, 0, 0
1182999, 80840, 0, 0
1183999, 87007, 0, 0
1184999, 82882, 0, 0
1185999, 86406, 0, 0
1186999, 82562, 0, 0
1187999, 82482, 0, 0
1188998, 81643, 0, 0
1189998, 76833, 0, 0
1190999, 88568, 0, 0
1191999, 87727, 0, 0
1192999, 84524, 0, 0
1193999, 81801, 0, 0
1194999, 82642, 0, 0
1195999, 81601, 0, 0
1196999, 80680, 0, 0
1197999, 85365, 0, 0
1198998, 83647, 0, 0
1199999, 89209, 0, 0
1200999, 83683, 0, 0
1201999, 51411, 0, 0
1202999, 78398, 0, 0
1203999, 74754, 0, 0
1204998, 83206, 0, 0
1205999, 87687, 0, 0
1206998, 86372, 0, 0
1207998, 85010, 0, 0
1208999, 79559, 0, 0
1209999, 80200, 0, 0
1210999, 83843, 0, 0
1211999, 85005, 0, 0
1212999, 83123, 0, 0
1213998, 82565, 0, 0
1214998, 81843, 0, 0
1215998, 83286, 0, 0
1216999, 82682, 0, 0
1217999, 84844, 0, 0
1218999, 86446, 0, 0
1219999, 84564, 0, 0
1220999, 83523, 0, 0
1221999, 83083, 0, 0
1222998, 79919, 0, 0
1223998, 84689, 0, 0
1224999, 86326, 0, 0
1225999, 87247, 0, 0
1226999, 80080, 0, 0
1227999, 85605, 0, 0
1228999, 83243, 0, 0
1229999, 76116, 0, 0
1230998, 71062, 0, 0
1231998, 84248, 0, 0
1232998, 82765, 0, 0
1233999, 79799, 0, 0
1234999, 83123, 0, 0
1235999, 84004, 0, 0
1236999, 89209, 0, 0
1237999, 82162, 0, 0
1238998, 80320, 0, 0
1239998, 86733, 0, 0
1240999, 81921, 0, 0
1241999, 77797, 0, 0
1242999, 86006, 0, 0
1243998, 86452, 0, 0
1244999, 85485, 0, 0
1245999, 85125, 0, 0
1246999, 56496, 0, 0
1247998, 84569, 0, 0
1248999, 84684, 0, 0
1249999, 84644, 0, 0
1250999, 87327, 0, 0
1251999, 85165, 0, 0
1252999, 85125, 0, 0
1253999, 59259, 0, 0
1254998, 85130, 0, 0
1255998, 86733, 0, 0
1256999, 79839, 0, 0
1257999, 82202, 0, 0
1258999, 84764, 0, 0
1259999, 82282, 0, 0
1260999, 86606, 0, 0
1261999, 82162, 0, 0
1262998, 77234, 0, 0
1263998, 86853, 0, 0
1264998, 82725, 0, 0
1265998, 82244, 0, 0
1266999, 81883, 0, 0
1267999, 78718, 0, 0
1268999, 80600, 0, 0
1269999, 81041, 0, 0
1270999, 82002, 0, 0
1271998, 79158, 0, 0
1272998, 86332, 0, 0
1273998, 85651, 0, 0
1274999, 83603, 0, 0
1275999, 81481, 0, 0
1276999, 80880, 0, 0
1277999, 86286, 0, 0
1278999, 79439, 0, 0
1279999, 84964, 0, 0
1280999, 71951, 0, 0
1281998, 77755, 0, 0
1282998, 78717, 0, 0
1283999, 85685, 0, 0
1284999, 86046, 0, 0
1285999, 84244, 0, 0
1286999, 83643, 0, 0
1287999, 79359, 0, 0
1288998, 82565, 0, 0
1289998, 85090, 0, 0
1290999, 67907, 0, 0
1291999, 73673, 0, 0
1292999, 83643, 0, 0
1293999, 81441, 0, 0
1294999, 87567, 0, 0
1295998, 84288, 0, 0
1296998, 84529, 0, 0
1297999, 84004, 0, 0
1298999, 76716, 0, 0
1299999, 77877, 0, 0
1300999, 84404, 0, 0
1301998, 85691, 0, 0
1302998, 84128, 0, 0
1303999, 85965, 0, 0
1304998, 75671, 0, 0
1305998, 81523, 0, 0
1306999, 79279, 0, 0
1307999, 82402, 0, 0
1308999, 78838, 0, 0
1309999, 79959, 0, 0
1310999, 82962, 0, 0
1311999, 82282, 0, 0
1312999, 85445, 0, 0
1313999, 87567, 0, 0
1314998, 83687, 0, 0
1315998, 85450, 0, 0
1316999, 83043, 0, 0
1317999, 80880, 0, 0
1318999, 83723, 0, 0
1319999, 85685, 0, 0
1320998, 86693, 0, 0
1321999, 76996, 0, 0
1322998, 76913, 0, 0
1323999, 68537, 0, 0
1324999, 91651, 0, 0
1325999, 102302, 0, 0
1326999, 102902, 0, 0
1327999, 101061, 0, 0
1328999, 97977, 0, 0
1329998, 99799, 0, 0
1330998, 101482, 0, 0
1331999, 95495, 0, 0
1332999, 97537, 0, 0
1333999, 99019, 0, 0
1334999, 96096, 0, 0
1335999, 74354, 0, 0
1336998, 100000, 0, 0
1337998, 94148, 0, 0
1338998, 96152, 0, 0
1339999, 105945, 0, 0
1340999, 98978, 0, 0
1341999, 100940, 0, 0
1342999, 93373, 0, 0
1343999, 98298, 0, 0
1344999, 103423, 0, 0
1345998, 103006, 0, 0
1346998, 99318, 0, 0
1347998, 94669, 0, 0
1348999, 101861, 0, 0
1349999, 99499, 0, 0
1350999, 94534, 0, 0
1351999, 98018, 0, 0
1352999, 98218, 0, 0
1353998, 101002, 0, 0
1354998, 103046, 0, 0
1355999, 102942, 0, 0
1356999, 99459, 0, 0
1357999, 99579, 0, 0
1358999, 98018, 0, 0
1359999, 101061, 0, 0
1360998, 99118, 0, 0
1361998, 100921, 0, 0
1362998, 101763, 0, 0
1363999, 95135, 0, 0
1364999, 103503, 0, 0
1365999, 99099, 0, 0
1366999, 80640, 0, 0
1367999, 87847, 0, 0
1368998, 100040, 0, 0
1369998, 74108, 0, 0
1370998, 93266, 0, 0
1371999, 97297, 0, 0
1372999, 100460, 0, 0
1373999, 97257, 0, 0
1374999, 95055, 0, 0
1375998, 95270, 0, 0
1376999, 98418, 0, 0
1377998, 100000, 0, 0
1378998, 95190, 0, 0
1379999, 63383, 0, 0
1380999, 81881, 0, 0
1381999, 91451, 0, 0
1382999, 94854, 0, 0
1383999, 96376, 0, 0
1384999, 93053, 0, 0
1385998, 89819, 0, 0
1386999, 104048, 0, 0
1387999, 97377, 0, 0
1388999, 95055, 0, 0
1389999, 95975, 0, 0
1390999, 93493, 0, 0
1391998, 98597, 0, 0
1392998, 93426, 0, 0
1393998, 101563, 0, 0
1394998, 100961, 0, 0
1395999, 83323, 0, 0
1396999, 89249, 0, 0
1397999, 92692, 0, 0
1398999, 99179, 0, 0
1399999, 95295, 0, 0
1400999, 98898, 0, 0
1401998, 86893, 0, 0
1402998, 73306, 0, 0
1403999, 93573, 0, 0
1404999, 90490, 0, 0
1405999, 100700, 0, 0
1406999, 96816, 0, 0
1407999, 94654, 0, 0
1408998, 87414, 0, 0
1409998, 97194, 0, 0
1410998, 88216, 0, 0
1411999, 92612, 0, 0
1412999, 83443, 0, 0
1413999, 89729, 0, 0
1414999, 98578, 0, 0
1415999, 97217, 0, 0
1416999, 95135, 0, 0
1417998, 95751, 0, 0
1418998, 95591, 0, 0
1419998, 103006, 0, 0
1420999, 93213, 0, 0
1421999, 83083, 0, 0
1422999, 88768, 0, 0
1423999, 94574, 0, 0
1424999, 63583, 0, 0
1425999, 93293, 0, 0
1426999, 91051, 0, 0
1427998, 87695, 0, 0
1428998, 96272, 0, 0
1429999, 91971, 0, 0
1430999, 90970, 0, 0
1431999, 96656, 0, 0
1432999, 87247, 0, 0
1433999, 86966, 0, 0
1434999, 87487, 0, 0
1435998, 91382, 0, 0
1436998, 95631, 0, 0
1437998, 93146, 0, 0
1438998, 94709, 0, 0
1439999, 95255, 0, 0
1440999, 88728, 0, 0
1441999, 95455, 0, 0
1442999, 92292, 0, 0
1443999, 93413, 0, 0
1444999, 88768, 0, 0
1445999, 90490, 0, 0
1446998, 93306, 0, 0
1447998, 90581, 0, 0
1448999, 92892, 0, 0
1449999, 92252, 0, 0
1450999, 86126, 0, 0
1451999, 80760, 0, 0
1452999, 85285, 0, 0
1453998, 90661, 0, 0
1454999, 95815, 0, 0
1455998, 95390, 0, 0
1456998, 90380, 0, 0
1457998, 89258, 0, 0
1458999, 91251, 0, 0
1459999, 98578, 0, 0
1460999, 87327, 0, 0
1461999, 94134, 0, 0
1462999, 95375, 0, 0
1463999, 96656, 0, 0
1464998, 97755, 0, 0
1465999, 90180, 0, 0
1466999, 97497, 0, 0
1467999, 85445, 0, 0
1468999, 86606, 0, 0
1469999, 55415, 0, 0
1470999, 93093, 0, 0
1471998, 100040, 0, 0
1472998, 91903, 0, 0
1473999, 95695, 0, 0
1474999, 95655, 0, 0
1475999, 96536, 0, 0
1476999, 90370, 0, 0
1477999, 91891, 0, 0
1478999, 98258, 0, 0
1479998, 92585, 0, 0
1480998, 101482, 0, 0
1481999, 93933, 0, 0
1482999, 96016, 0, 0
1483999, 96976, 0, 0
1484998, 95030, 0, 0
1485999, 90970, 0, 0
1486999, 92212, 0, 0
1487998, 98356, 0, 0
1488998, 93867, 0, 0
1489999, 91091, 0, 0
1490999, 94614, 0, 0
1491999, 90730, 0, 0
1492999, 91811, 0, 0
1493999, 92572, 0, 0
1494999, 96736, 0, 0
1495998, 93507, 0, 0
1496999, 89889, 0, 0
1497999, 87367, 0, 0
1498999, 80480, 0, 0
1499999, 92612, 0, 0
1500998, 99038, 0, 0
1501998, 89258, 0, 0
1502999, 89369, 0, 0
1503998, 100521, 0, 0
1504998, 94509, 0, 0
1505998, 91863, 0, 0
1506999, 97737, 0, 0
1507999, 92292, 0, 0
1508999, 97977, 0, 0
1509999, 96176, 0, 0
1510999, 90810, 0, 0
1511998, 90941, 0, 0
1512998, 98837, 0, 0
1513998, 73507, 0, 0
1514998, 88256, 0, 0
1515999, 96976, 0, 0
1516999, 98658, 0, 0
1517999, 96656, 0, 0
1518998, 98116, 0, 0
1519998, 91903, 0, 0
1520999, 93173, 0, 0
1521998, 83527, 0, 0
1522999, 79559, 0, 0
1523999, 94414, 0, 0
1524999, 89729, 0, 0
1525999, 98858, 0, 0
1526999, 95375, 0, 0
1527999, 96816, 0, 0
1528998, 92505, 0, 0
1529998, 93426, 0, 0
1530999, 87327, 0, 0
1531999, 96616, 0, 0
1532999, 93733, 0, 0
1533999, 97977, 0, 0
1534999, 96656, 0, 0
1535999, 94614, 0, 0
1536998, 90420, 0, 0
1537998, 90501, 0, 0
1538999, 86846, 0, 0
1539999, 91651, 0, 0
1540999, 93693, 0, 0
1541999, 92012, 0, 0
1542999, 96736, 0, 0
1543999, 95935, 0, 0
1544998, 97114, 0, 0
1545998, 85851, 0, 0
1546999, 87607, 0, 0
1547999, 98858, 0, 0
1548999, 100020, 0, 0
1549999, 97657, 0, 0
1550999, 95255, 0, 0
1551999, 100500, 0, 0
1552998, 96432, 0, 0
1553998, 97955, 0, 0
1554999, 95295, 0, 0
1555999, 99619, 0, 0
1556999, 92052, 0, 0
1557998, 80921, 0, 0
1558999, 61701, 0, 0
1559998, 101643, 0, 0
1560998, 95350, 0, 0
1561999, 94713, 0, 0
1562999, 87323, 0, 0
1563999, 98498, 0, 0
1564999, 94294, 0, 0
1565999, 93133, 0, 0
1566999, 97577, 0, 0
1567998, 94509, 0, 0
1568998, 87454, 0, 0
1569998, 97795, 0, 0
1570998, 91823, 0, 0
1571999, 91131, 0, 0
1572999, 94734, 0, 0
1573999, 90890, 0, 0
1574999, 94414, 0, 0
1575999, 91611, 0, 0
1576999, 91371, 0, 0
1577998, 89859, 0, 0
1578998, 94709, 0, 0
1579999, 95335, 0, 0
1580999, 97937, 0, 0
1581999, 95215, 0, 0
1582999, 90730, 0, 0
1583999, 96936, 0, 0
1584998, 98236, 0, 0
1585998, 98396, 0, 0
1586999, 94614, 0, 0
1587998, 79078, 0, 0
1588999, 90260, 0, 0
1589999, 90130, 0, 0
1590999, 102262, 0, 0
1591999, 93773, 0, 0
1592999, 95895, 0, 0
1593999, 95135, 0, 0
1594999, 97417, 0, 0
1595998, 100000, 0, 0
1596998, 100400, 0, 0
1597998, 91983, 0, 0
1598999, 95175, 0, 0
1599999, 97297, 0, 0
1600999, 97657, 0, 0
1601999, 93213, 0, 0
1602999, 92932, 0, 0
1603999, 52292, 0, 0
1604998, 93146, 0, 0
1605998, 96112, 0, 0
1606999, 95831, 0, 0
1607999, 101221, 0, 0
1608999, 96416, 0, 0
1609999, 95495, 0, 0
1610999, 97617, 0, 0
1611999, 95255, 0, 0
1612999, 98058, 0, 0
1613999, 97337, 0, 0
1614999, 97657, 0, 0
1615999, 93693, 0, 0
1616999, 88968, 0, 0
1617998, 96905, 0, 0
1618998, 89583, 0, 0
1619999, 96656, 0, 0
1620999, 94414, 0, 0
1621999, 82162, 0, 0
1622999, 78358, 0, 0
1623999, 92572, 0, 0
1624999, 94774, 0, 0
1625999, 98218, 0, 0
1626999, 95495, 0, 0
1627999, 99539, 0, 0
1628999, 100660, 0, 0
1629999, 98258, 0, 0
1630999, 101101, 0, 0
1631999, 98818, 0, 0
1632999, 98298, 0, 0
1633999, 97457, 0, 0
1634999, 95935, 0, 0
1636000, 100200, 0, 0
1637000, 92440, 0, 0
1637999, 87367, 0, 0
1638999, 99539, 0, 0
1639999, 96536, 0, 0
1640999, 91491, 0, 0
1641999, 91687, 0, 0
1642999, 90010, 0, 0
1643999, 95355, 0, 0
1644999, 99595, 0, 0
1645999, 104784, 0, 0
1646999, 101101, 0, 0
1647999, 99499, 0, 0
1648999, 52212, 0, 0
1649999, 103583, 0, 0
1650999, 91491, 0, 0
1651999, 99979, 0, 0
1653000, 101360, 0, 0
1654000, 101440, 0, 0
1654999, 104304, 0, 0
1655998, 96673, 0, 0
1656999, 92412, 0, 0
1657999, 99659, 0, 0
1658999, 97257, 0, 0
1659998, 89098, 0, 0
1660998, 102605, 0, 0
1661998, 90821, 0, 0
1662998, 99278, 0, 0
1663997, 98014, 0, 0
1664997, 93400, 0, 0
1665997, 98094, 0, 0
1666996, 90562, 0, 0
1667996, 95823, 0, 0
1668996, 100843, 0, 0
1669996, 101566, 0, 0
1670996, 101686, 0, 0
1671996, 98514, 0, 0
1672996, 100240, 0, 0
1673995, 95396, 0, 0
1674995, 97246, 0, 0
1675995, 96040, 0, 0
1676995, 97286, 0, 0
1677994, 93601, 0, 0
1678994, 90663, 0, 0
1679994, 90865, 0, 0
1680994, 94808, 0, 0
1681993, 99697, 0, 0
1682993, 99778, 0, 0
1683993, 94340, 0, 0
1684992, 95282, 0, 0
1685992, 102298, 0, 0
1686992, 94314, 0, 0
1687993, 95871, 0, 0
1688991, 99858, 0, 0
1689992, 101733, 0, 0
1690992, 98629, 0, 0
1691992, 99475, 0, 0
1692991, 67164, 0, 0
1693991, 73864, 0, 0
1694991, 94490, 0, 0
1696000, 95640, 0, 0
1697000, 94000, 0, 0
1698000, 98720, 0, 0
1698999, 93013, 0, 0
1699999, 86966, 0, 0
1700999, 100020, 0, 0
1701998, 93226, 0, 0
1702998, 91743, 0, 0
1703998, 94949, 0, 0
1704999, 87247, 0, 0
1705999, 90094, 0, 0
1706999, 99771, 0, 0
1707999, 96656, 0, 0
1708998, 94388, 0, 0
1709998, 98316, 0, 0
1710998, 90741, 0, 0
1711999, 91411, 0, 0
1712999, 97697, 0, 0
1713999, 95615, 0, 0
1714999, 91811, 0, 0
1715999, 90730, 0, 0
1716999, 95455, 0, 0
1717998, 92825, 0, 0
1718999, 96056, 0, 0
1719999, 89529, 0, 0
1720999, 100620, 0, 0
1721999, 92172, 0, 0
1722999, 78558, 0, 0
1723999, 99379, 0, 0
1724998, 94509, 0, 0
1725999, 95895, 0, 0
1726998, 91943, 0, 0
1727999, 95430, 0, 0
1728999, 99019, 0, 0
1729999, 93573, 0, 0
1730999, 88608, 0, 0
1731999, 99579, 0, 0
1732999, 97217, 0, 0
1733998, 95751, 0, 0
1734999, 89049, 0, 0
1735999, 85205, 0, 0
1736999, 94934, 0, 0
1737999, 67547, 0, 0
1738999, 91251, 0, 0
1739998, 96032, 0, 0
1740998, 92985, 0, 0
1741999, 98036, 0, 0
1742999, 102182, 0, 0
1743999, 96336, 0, 0
1744999, 99899, 0, 0
1745999, 92692, 0, 0
1746999, 97057, 0, 0
1747999, 98218, 0, 0
1748998, 100601, 0, 0
1749998, 98036, 0, 0
1750999, 94629, 0, 0
1751999, 93413, 0, 0
1752999, 92732, 0, 0
1753999, 96416, 0, 0
1754999, 97057, 0, 0
1755999, 97097, 0, 0
1756998, 102605, 0, 0
1757999, 102925, 0, 0
1758999, 92452, 0, 0
1759999, 89609, 0, 0
1760999, 99299, 0, 0
1761999, 94094, 0, 0
1762999, 98018, 0, 0
1763999, 94614, 0, 0
1764998, 92785, 0, 0
1765998, 100521, 0, 0
1766999, 93507, 0, 0
1767999, 99299, 0, 0
1768999, 91651, 0, 0
1769999, 91931, 0, 0
1770999, 93013, 0, 0
1771999, 94174, 0, 0
1772999, 92132, 0, 0
1773998, 94308, 0, 0
1774999, 71991, 0, 0
1775999, 89009, 0, 0
1776999, 93453, 0, 0
1777999, 91651, 0, 0
1778999, 92972, 0, 0
1779999, 100020, 0, 0
1780998, 105450, 0, 0
1781998, 92264, 0, 0
1782998, 58476, 0, 0
1783999, 85165, 0, 0
1784999, 103263, 0, 0
1785999, 97977, 0, 0
1786999, 90090, 0, 0
1787999, 86766, 0, 0
1788999, 94542, 0, 0
1789998, 94216, 0, 0
1790999, 96936, 0, 0
1791999, 93933, 0, 0
1792999, 95815, 0, 0
1793999, 93773, 0, 0
1794999, 96416, 0, 0
1795999, 99579, 0, 0
1796998, 98557, 0, 0
1797999, 97897, 0, 0
1798999, 96536, 0, 0
1799999, 100020, 0, 0
