1000, 69, 0, 0
1999, 120, 0, 0
2999, 120, 0, 0
4000, 128, 0, 0
5000, 120, 0, 0
6000, 122, 0, 0
7000, 128, 0, 0
7999, 128, 0, 0
9000, 120, 0, 0
9999, 128, 0, 0
10999, 130, 0, 0
11999, 120, 0, 0
12999, 129, 0, 0
14000, 128, 0, 0
15000, 120, 0, 0
16000, 129, 0, 0
17000, 129, 0, 0
17999, 131, 0, 0
18999, 144, 0, 0
19999, 128, 0, 0
20999, 121, 0, 0
21999, 124, 0, 0
22999, 121, 0, 0
24000, 132, 0, 0
25000, 128, 0, 0
26000, 122, 0, 0
27000, 120, 0, 0
28000, 130, 0, 0
28999, 136, 0, 0
29999, 120, 0, 0
30999, 128, 0, 0
31999, 122, 0, 0
33000, 130, 0, 0
34000, 121, 0, 0
35000, 130, 0, 0
36000, 121, 0, 0
37000, 138, 0, 0
37999, 129, 0, 0
38999, 121, 0, 0
39999, 126, 0, 0
41000, 132, 0, 0
42000, 122, 0, 0
43000, 141, 0, 0
44000, 121, 0, 0
44999, 122, 0, 0
45999, 121, 0, 0
46999, 131, 0, 0
47999, 131, 0, 0
49000, 131, 0, 0
50000, 133, 0, 0
51000, 139, 0, 0
52000, 122, 0, 0
53000, 128, 0, 0
54000, 133, 0, 0
55000, 132, 0, 0
55999, 128, 0, 0
56999, 123, 0, 0
57999, 123, 0, 0
59000, 130, 0, 0
60000, 126, 0, 0
61000, 130, 0, 0
62000, 120, 0, 0
63000, 129, 0, 0
63999, 132, 0, 0
65000, 131, 0, 0
65999, 122, 0, 0
66999, 131, 0, 0
67999, 122, 0, 0
68999, 133, 0, 0
69999, 125, 0, 0
70999, 130, 0, 0
71999, 134, 0, 0
72999, 121, 0, 0
74000, 139, 0, 0
75000, 123, 0, 0
76000, 121, 0, 0
77000, 139, 0, 0
77999, 132, 0, 0
78999, 126, 0, 0
79999, 124, 0, 0
80999, 134, 0, 0
82000, 135, 0, 0
83000, 126, 0, 0
84000, 130, 0, 0
84999, 125, 0, 0
86000, 132, 0, 0
86999, 134, 0, 0
87999, 131, 0, 0
88999, 132, 0, 0
90000, 133, 0, 0
91000, 136, 0, 0
92000, 135, 0, 0
93000, 131, 0, 0
94000, 127, 0, 0
95000, 133, 0, 0
95999, 126, 0, 0
96999, 134, 0, 0
97999, 129, 0, 0
98999, 131, 0, 0
100000, 124, 0, 0
101000, 133, 0, 0
102000, 130, 0, 0
103000, 124, 0, 0
104000, 131, 0, 0
105000, 137, 0, 0
106000, 126, 0, 0
107000, 135, 0, 0
107999, 126, 0, 0
108999, 136, 0, 0
110000, 132, 0, 0
111000, 127, 0, 0
112000, 133, 0, 0
113000, 134, 0, 0
114000, 124, 0, 0
114999, 134, 0, 0
115999, 137, 0, 0
116999, 136, 0, 0
118000, 129, 0, 0
119000, 124, 0, 0
120000, 128, 0, 0
121000, 136, 0, 0
122000, 133, 0, 0
122999, 135, 0, 0
123999, 125, 0, 0
124999, 143, 0, 0
126000, 126, 0, 0
127000, 127, 0, 0
128000, 139, 0, 0
129000, 131, 0, 0
130000, 134, 0, 0
130999, 135, 0, 0
131999, 127, 0, 0
132999, 134, 0, 0
133999, 135, 0, 0
135000, 140, 0, 0
136000, 125, 0, 0
137000, 138, 0, 0
137999, 128, 0, 0
139000, 117, 0, 0
139999, 129, 0, 0
140999, 136, 0, 0
142000, 127, 0, 0
143000, 132, 0, 0
144000, 136, 0, 0
145000, 142, 0, 0
145999, 124, 0, 0
146999, 142, 0, 0
147999, 137, 0, 0
149000, 130, 0, 0
150000, 137, 0, 0
151000, 117, 0, 0
152000, 145, 0, 0
153000, 125, 0, 0
153999, 135, 0, 0
154999, 132, 0, 0
155999, 142, 0, 0
157000, 141, 0, 0
158000, 128, 0, 0
159000, 133, 0, 0
160000, 124, 0, 0
161000, 128, 0, 0
161999, 135, 0, 0
162999, 137, 0, 0
163999, 137, 0, 0
165000, 128, 0, 0
166000, 138, 0, 0
167000, 139, 0, 0
168000, 126, 0, 0
168999, 135, 0, 0
169999, 139, 0, 0
171000, 143, 0, 0
172000, 138, 0, 0
173000, 140, 0, 0
174000, 133, 0, 0
175000, 140, 0, 0
175999, 147, 0, 0
176999, 131, 0, 0
178000, 128, 0, 0
179000, 141, 0, 0
180000, 142, 0, 0
181000, 140, 0, 0
181999, 129, 0, 0
182999, 140, 0, 0
183999, 130, 0, 0
185000, 135, 0, 0
186000, 135, 0, 0
187000, 131, 0, 0
187999, 143, 0, 0
188999, 129, 0, 0
189999, 140, 0, 0
190999, 133, 0, 0
192000, 138, 0, 0
193000, 128, 0, 0
194000, 138, 0, 0
195000, 140, 0, 0
195999, 136, 0, 0
196999, 140, 0, 0
197999, 134, 0, 0
198999, 129, 0, 0
199999, 143, 0, 0
201000, 134, 0, 0
202000, 124, 0, 0
203000, 129, 0, 0
204000, 139, 0, 0
204999, 144, 0, 0
205999, 129, 0, 0
206999, 135, 0, 0
208000, 125, 0, 0
209000, 137, 0, 0
210000, 130, 0, 0
210999, 137, 0, 0
211999, 130, 0, 0
212999, 134, 0, 0
214000, 136, 0, 0
215000, 144, 0, 0
216000, 150, 0, 0
217000, 141, 0, 0
217999, 139, 0, 0
218999, 137, 0, 0
219999, 140, 0, 0
221000, 134, 0, 0
222000, 148, 0, 0
223000, 137, 0, 0
224000, 148, 0, 0
225000, 141, 0, 0
225999, 133, 0, 0
226999, 133, 0, 0
227999, 142, 0, 0
229000, 130, 0, 0
230000, 134, 0, 0
231000, 133, 0, 0
231999, 137, 0, 0
232999, 140, 0, 0
233999, 141, 0, 0
234999, 132, 0, 0
236000, 141, 0, 0
237000, 136, 0, 0
238000, 137, 0, 0
239000, 139, 0, 0
239999, 147, 0, 0
240999, 141, 0, 0
241999, 139, 0, 0
242999, 138, 0, 0
244000, 145, 0, 0
245000, 143, 0, 0
246000, 139, 0, 0
247000, 137, 0, 0
248000, 141, 0, 0
248999, 143, 0, 0
249999, 139, 0, 0
250999, 148, 0, 0
251999, 145, 0, 0
253000, 131, 0, 0
254000, 145, 0, 0
255000, 144, 0, 0
256000, 137, 0, 0
257000, 147, 0, 0
258000, 135, 0, 0
258999, 147, 0, 0
259999, 144, 0, 0
260999, 161, 0, 0
262000, 136, 0, 0
263000, 147, 0, 0
264000, 143, 0, 0
265000, 147, 0, 0
266000, 151, 0, 0
267000, 150, 0, 0
267999, 140, 0, 0
268999, 152, 0, 0
269999, 131, 0, 0
270999, 143, 0, 0
272000, 143, 0, 0
273000, 136, 0, 0
274000, 128, 0, 0
275000, 154, 0, 0
276000, 152, 0, 0
276999, 133, 0, 0
277999, 143, 0, 0
278999, 138, 0, 0
279999, 140, 0, 0
281000, 138, 0, 0
282000, 139, 0, 0
283000, 154, 0, 0
284000, 149, 0, 0
284999, 128, 0, 0
285999, 146, 0, 0
286999, 143, 0, 0
287999, 155, 0, 0
289000, 157, 0, 0
290000, 141, 0, 0
291000, 163, 0, 0
292000, 149, 0, 0
292999, 143, 0, 0
293999, 155, 0, 0
294999, 138, 0, 0
295999, 143, 0, 0
297000, 147, 0, 0
298000, 143, 0, 0
299000, 144, 0, 0
300000, 140, 0, 0
301000, 150, 0, 0
302000, 141, 0, 0
303000, 133, 0, 0
303999, 141, 0, 0
304999, 133, 0, 0
306000, 159, 0, 0
307000, 148, 0, 0
308000, 154, 0, 0
309000, 150, 0, 0
310000, 156, 0, 0
311000, 133, 0, 0
311999, 147, 0, 0
312999, 128, 0, 0
313999, 147, 0, 0
315000, 156, 0, 0
316000, 132, 0, 0
317000, 163, 0, 0
318000, 153, 0, 0
319000, 139, 0, 0
319999, 140, 0, 0
320999, 150, 0, 0
321999, 164, 0, 0
322999, 153, 0, 0
324000, 142, 0, 0
325000, 162, 0, 0
326000, 135, 0, 0
327000, 148, 0, 0
328000, 134, 0, 0
328999, 165, 0, 0
329999, 152, 0, 0
330999, 144, 0, 0
332000, 139, 0, 0
333000, 151, 0, 0
334000, 148, 0, 0
335000, 147, 0, 0
336000, 144, 0, 0
337000, 149, 0, 0
337999, 145, 0, 0
338999, 160, 0, 0
339999, 149, 0, 0
341000, 140, 0, 0
342000, 142, 0, 0
343000, 148, 0, 0
344000, 160, 0, 0
344999, 149, 0, 0
345999, 160, 0, 0
346999, 154, 0, 0
348000, 147, 0, 0
349000, 139, 0, 0
349999, 145, 0, 0
351000, 150, 0, 0
352000, 147, 0, 0
352999, 137, 0, 0
353999, 151, 0, 0
354999, 150, 0, 0
355999, 152, 0, 0
357000, 136, 0, 0
358000, 150, 0, 0
359000, 162, 0, 0
360000, 160, 0, 0
361000, 146, 0, 0
361999, 148, 0, 0
362999, 149, 0, 0
364000, 136, 0, 0
365000, 151, 0, 0
365999, 153, 0, 0
367000, 160, 0, 0
367999, 142, 0, 0
368999, 166, 0, 0
369999, 161, 0, 0
370999, 143, 0, 0
372000, 141, 0, 0
373000, 151, 0, 0
374000, 147, 0, 0
374999, 160, 0, 0
375999, 153, 0, 0
376999, 162, 0, 0
377999, 140, 0, 0
378999, 152, 0, 0
380000, 142, 0, 0
381000, 151, 0, 0
382000, 158, 0, 0
383000, 163, 0, 0
384000, 157, 0, 0
384999, 144, 0, 0
385999, 159, 0, 0
386999, 163, 0, 0
387999, 157, 0, 0
389000, 149, 0, 0
390000, 157, 0, 0
391000, 150, 0, 0
392000, 160, 0, 0
392999, 148, 0, 0
393999, 152, 0, 0
394999, 160, 0, 0
396000, 166, 0, 0
397000, 147, 0, 0
398000, 161, 0, 0
399000, 152, 0, 0
400000, 155, 0, 0
400999, 158, 0, 0
401999, 151, 0, 0
402999, 155, 0, 0
403999, 152, 0, 0
404999, 160, 0, 0
406000, 150, 0, 0
407000, 147, 0, 0
408000, 163, 0, 0
409000, 162, 0, 0
409999, 190, 0, 0
410999, 155, 0, 0
411999, 162, 0, 0
412999, 161, 0, 0
413999, 153, 0, 0
415000, 167, 0, 0
416000, 161, 0, 0
417000, 159, 0, 0
418000, 175, 0, 0
419000, 151, 0, 0
419999, 164, 0, 0
420999, 164, 0, 0
421999, 165, 0, 0
422999, 148, 0, 0
424000, 150, 0, 0
425000, 154, 0, 0
426000, 164, 0, 0
427000, 178, 0, 0
428000, 163, 0, 0
428999, 161, 0, 0
429999, 159, 0, 0
430999, 156, 0, 0
431999, 154, 0, 0
433000, 146, 0, 0
434000, 172, 0, 0
435000, 152, 0, 0
435999, 161, 0, 0
437000, 163, 0, 0
437999, 153, 0, 0
438999, 160, 0, 0
439999, 169, 0, 0
440999, 165, 0, 0
441999, 149, 0, 0
443000, 175, 0, 0
444000, 169, 0, 0
445000, 150, 0, 0
446000, 183, 0, 0
447000, 157, 0, 0
447999, 176, 0, 0
448999, 153, 0, 0
449999, 165, 0, 0
450999, 167, 0, 0
452000, 156, 0, 0
453000, 165, 0, 0
454000, 165, 0, 0
455000, 169, 0, 0
456000, 167, 0, 0
457000, 167, 0, 0
458000, 157, 0, 0
459000, 161, 0, 0
460000, 173, 0, 0
461000, 160, 0, 0
461999, 154, 0, 0
463000, 160, 0, 0
464000, 141, 0, 0
465000, 162, 0, 0
466000, 170, 0, 0
467000, 165, 0, 0
468000, 159, 0, 0
469000, 170, 0, 0
470000, 162, 0, 0
471000, 161, 0, 0
472000, 166, 0, 0
473000, 160, 0, 0
474000, 156, 0, 0
475000, 159, 0, 0
476000, 165, 0, 0
477000, 166, 0, 0
478000, 162, 0, 0
479000, 179, 0, 0
480000, 160, 0, 0
481000, 165, 0, 0
482000, 142, 0, 0
483000, 175, 0, 0
484000, 170, 0, 0
485001, 157, 0, 0
486000, 155, 0, 0
487000, 167, 0, 0
488001, 162, 0, 0
489000, 156, 0, 0
489999, 172, 0, 0
490999, 165, 0, 0
491999, 166, 0, 0
492999, 141, 0, 0
493999, 150, 0, 0
494999, 131, 0, 0
495999, 129, 0, 0
497000, 146, 0, 0
498000, 157, 0, 0
499000, 174, 0, 0
500000, 172, 0, 0
501000, 170, 0, 0
502000, 171, 0, 0
502999, 170, 0, 0
503999, 169, 0, 0
504999, 163, 0, 0
505998, 170, 0, 0
506998, 170, 0, 0
507998, 185, 0, 0
508998, 169, 0, 0
509997, 145, 0, 0
510997, 175, 0, 0
511997, 159, 0, 0
512997, 184, 0, 0
513996, 159, 0, 0
514996, 155, 0, 0
515996, 169, 0, 0
516997, 169, 0, 0
517995, 160, 0, 0
518995, 170, 0, 0
519996, 172, 0, 0
520996, 169, 0, 0
521995, 168, 0, 0
522995, 183, 0, 0
523995, 180, 0, 0
524994, 160, 0, 0
525994, 150, 0, 0
526994, 181, 0, 0
527994, 162, 0, 0
528993, 164, 0, 0
529993, 179, 0, 0
530993, 158, 0, 0
531993, 162, 0, 0
532992, 175, 0, 0
533992, 177, 0, 0
534992, 167, 0, 0
535992, 181, 0, 0
536991, 181, 0, 0
537992, 175, 0, 0
538991, 183, 0, 0
539991, 186, 0, 0
540991, 166, 0, 0
542000, 182, 0, 0
543000, 168, 0, 0
544000, 171, 0, 0
545000, 178, 0, 0
545999, 188, 0, 0
546999, 165, 0, 0
547999, 186, 0, 0
548999, 185, 0, 0
549999, 179, 0, 0
551000, 152, 0, 0
552000, 186, 0, 0
553000, 181, 0, 0
554000, 161, 0, 0
555000, 172, 0, 0
555999, 174, 0, 0
556999, 189, 0, 0
557999, 185, 0, 0
559000, 156, 0, 0
560000, 168, 0, 0
561000, 170, 0, 0
562000, 179, 0, 0
563000, 172, 0, 0
563999, 182, 0, 0
564999, 166, 0, 0
565999, 186, 0, 0
566999, 176, 0, 0
567999, 166, 0, 0
568999, 171, 0, 0
570000, 180, 0, 0
571000, 175, 0, 0
572000, 176, 0, 0
573000, 193, 0, 0
574000, 158, 0, 0
575000, 180, 0, 0
575999, 187, 0, 0
576999, 184, 0, 0
577999, 152, 0, 0
578999, 178, 0, 0
580000, 191, 0, 0
581000, 163, 0, 0
582000, 171, 0, 0
583000, 168, 0, 0
584000, 191, 0, 0
585000, 197, 0, 0
585999, 181, 0, 0
586999, 200, 0, 0
587999, 186, 0, 0
589000, 193, 0, 0
590000, 190, 0, 0
591000, 187, 0, 0
592000, 202, 0, 0
593000, 182, 0, 0
593999, 170, 0, 0
594999, 173, 0, 0
595999, 167, 0, 0
596999, 185, 0, 0
598000, 201, 0, 0
599000, 177, 0, 0
600000, 192, 0, 0
601000, 180, 0, 0
602000, 179, 0, 0
602999, 188, 0, 0
603999, 178, 0, 0
604999, 188, 0, 0
605999, 189, 0, 0
607000, 177, 0, 0
608000, 169, 0, 0
609000, 183, 0, 0
610000, 164, 0, 0
610999, 187, 0, 0
612000, 186, 0, 0
612999, 192, 0, 0
613999, 186, 0, 0
614999, 182, 0, 0
616000, 188, 0, 0
617000, 197, 0, 0
618000, 179, 0, 0
619000, 174, 0, 0
620000, 175, 0, 0
621000, 189, 0, 0
621999, 189, 0, 0
622999, 177, 0, 0
623999, 203, 0, 0
625000, 192, 0, 0
626000, 167, 0, 0
627000, 195, 0, 0
628000, 186, 0, 0
629000, 186, 0, 0
629999, 184, 0, 0
630999, 185, 0, 0
631999, 178, 0, 0
632999, 182, 0, 0
634000, 191, 0, 0
635000, 170, 0, 0
636000, 185, 0, 0
637000, 182, 0, 0
638000, 174, 0, 0
638999, 173, 0, 0
639999, 200, 0, 0
640999, 173, 0, 0
641999, 184, 0, 0
642999, 207, 0, 0
644000, 176, 0, 0
645000, 183, 0, 0
646000, 192, 0, 0
647000, 184, 0, 0
648000, 197, 0, 0
648999, 165, 0, 0
649999, 208, 0, 0
650999, 199, 0, 0
651999, 185, 0, 0
653000, 183, 0, 0
654000, 188, 0, 0
655000, 178, 0, 0
656000, 196, 0, 0
656999, 184, 0, 0
657999, 213, 0, 0
658999, 187, 0, 0
659999, 206, 0, 0
660999, 180, 0, 0
662000, 187, 0, 0
663000, 189, 0, 0
664000, 185, 0, 0
665000, 191, 0, 0
666000, 162, 0, 0
666999, 233, 0, 0
667999, 189, 0, 0
668999, 200, 0, 0
669999, 207, 0, 0
671000, 178, 0, 0
672000, 194, 0, 0
673000, 205, 0, 0
674000, 203, 0, 0
675000, 182, 0, 0
675999, 199, 0, 0
676999, 171, 0, 0
677999, 220, 0, 0
679000, 197, 0, 0
680000, 193, 0, 0
681000, 221, 0, 0
682000, 191, 0, 0
682999, 183, 0, 0
684000, 210, 0, 0
684999, 206, 0, 0
685999, 179, 0, 0
686999, 189, 0, 0
688000, 181, 0, 0
689000, 178, 0, 0
690000, 198, 0, 0
691000, 206, 0, 0
691999, 197, 0, 0
692999, 192, 0, 0
693999, 202, 0, 0
694999, 183, 0, 0
695999, 213, 0, 0
697000, 198, 0, 0
698000, 182, 0, 0
699000, 197, 0, 0
700000, 196, 0, 0
700999, 191, 0, 0
701999, 223, 0, 0
702999, 189, 0, 0
703999, 191, 0, 0
705000, 191, 0, 0
706000, 213, 0, 0
707000, 197, 0, 0
708000, 194, 0, 0
709000, 205, 0, 0
709999, 196, 0, 0
710999, 191, 0, 0
712000, 168, 0, 0
713000, 180, 0, 0
714000, 204, 0, 0
715000, 199, 0, 0
716000, 177, 0, 0
716999, 181, 0, 0
717999, 196, 0, 0
718999, 215, 0, 0
719999, 190, 0, 0
721000, 176, 0, 0
722000, 203, 0, 0
723000, 218, 0, 0
724000, 199, 0, 0
724999, 199, 0, 0
726000, 202, 0, 0
726999, 211, 0, 0
727999, 209, 0, 0
728999, 225, 0, 0
729999, 181, 0, 0
731000, 191, 0, 0
732000, 181, 0, 0
733000, 195, 0, 0
734000, 170, 0, 0
735000, 184, 0, 0
735999, 206, 0, 0
736999, 194, 0, 0
738000, 203, 0, 0
739000, 203, 0, 0
740000, 211, 0, 0
741000, 198, 0, 0
741999, 186, 0, 0
743000, 191, 0, 0
743999, 224, 0, 0
744999, 186, 0, 0
745999, 199, 0, 0
747000, 200, 0, 0
748000, 197, 0, 0
749000, 206, 0, 0
750000, 171, 0, 0
750999, 199, 0, 0
751999, 204, 0, 0
752999, 203, 0, 0
753999, 196, 0, 0
755000, 175, 0, 0
756000, 205, 0, 0
757000, 207, 0, 0
758000, 197, 0, 0
758999, 201, 0, 0
759999, 165, 0, 0
760999, 210, 0, 0
761999, 190, 0, 0
762999, 203, 0, 0
764000, 208, 0, 0
765000, 214, 0, 0
766000, 191, 0, 0
766999, 177, 0, 0
768000, 212, 0, 0
768999, 212, 0, 0
769999, 201, 0, 0
771000, 204, 0, 0
772000, 191, 0, 0
773000, 198, 0, 0
773999, 201, 0, 0
774999, 194, 0, 0
775999, 180, 0, 0
776999, 165, 0, 0
777999, 221, 0, 0
779000, 220, 0, 0
780000, 173, 0, 0
781000, 181, 0, 0
782000, 207, 0, 0
782999, 192, 0, 0
784000, 191, 0, 0
784999, 205, 0, 0
785999, 195, 0, 0
786999, 191, 0, 0
788000, 179, 0, 0
789000, 213, 0, 0
790000, 170, 0, 0
791000, 193, 0, 0
792000, 201, 0, 0
793000, 195, 0, 0
793999, 194, 0, 0
794999, 219, 0, 0
795999, 188, 0, 0
797000, 214, 0, 0
798000, 205, 0, 0
798999, 188, 0, 0
799999, 155, 0, 0
800999, 195, 0, 0
801999, 210, 0, 0
802999, 172, 0, 0
804000, 206, 0, 0
805000, 201, 0, 0
806000, 202, 0, 0
806999, 192, 0, 0
807999, 206, 0, 0
808999, 187, 0, 0
809999, 193, 0, 0
810999, 209, 0, 0
811999, 193, 0, 0
813000, 210, 0, 0
814000, 191, 0, 0
815000, 236, 0, 0
816000, 187, 0, 0
816999, 202, 0, 0
817999, 221, 0, 0
818999, 202, 0, 0
819999, 180, 0, 0
821000, 199, 0, 0
822000, 194, 0, 0
823000, 208, 0, 0
824000, 208, 0, 0
825000, 198, 0, 0
826000, 166, 0, 0
826999, 205, 0, 0
827999, 193, 0, 0
828999, 193, 0, 0
830000, 185, 0, 0
831000, 204, 0, 0
832000, 211, 0, 0
833000, 186, 0, 0
834000, 204, 0, 0
834999, 205, 0, 0
835999, 214, 0, 0
836999, 211, 0, 0
838000, 180, 0, 0
839000, 189, 0, 0
840000, 208, 0, 0
840999, 195, 0, 0
842000, 204, 0, 0
842999, 209, 0, 0
843999, 200, 0, 0
844999, 201, 0, 0
845999, 190, 0, 0
847000, 193, 0, 0
848000, 221, 0, 0
849000, 211, 0, 0
850000, 185, 0, 0
850999, 184, 0, 0
851999, 177, 0, 0
852999, 196, 0, 0
854000, 190, 0, 0
855000, 207, 0, 0
856000, 188, 0, 0
857000, 188, 0, 0
857999, 197, 0, 0
858999, 200, 0, 0
859999, 196, 0, 0
860999, 230, 0, 0
862000, 182, 0, 0
863000, 184, 0, 0
864000, 198, 0, 0
865000, 204, 0, 0
865999, 197, 0, 0
866999, 212, 0, 0
867999, 201, 0, 0
868999, 208, 0, 0
870000, 185, 0, 0
871000, 202, 0, 0
872000, 186, 0, 0
873000, 204, 0, 0
873999, 175, 0, 0
874999, 191, 0, 0
875999, 225, 0, 0
877000, 207, 0, 0
878000, 187, 0, 0
879000, 205, 0, 0
880000, 201, 0, 0
881000, 186, 0, 0
881999, 197, 0, 0
882999, 222, 0, 0
883999, 192, 0, 0
884999, 200, 0, 0
886000, 201, 0, 0
887000, 185, 0, 0
888000, 186, 0, 0
889000, 204, 0, 0
889999, 169, 0, 0
890999, 217, 0, 0
891999, 215, 0, 0
892999, 179, 0, 0
894000, 213, 0, 0
895000, 178, 0, 0
896000, 211, 0, 0
897000, 197, 0, 0
898000, 207, 0, 0
898999, 183, 0, 0
899999, 195, 0, 0
900999, 205, 0, 0
901999, 192, 0, 0
902999, 206, 0, 0
904000, 199, 0, 0
905000, 202, 0, 0
906000, 194, 0, 0
907000, 210, 0, 0
907999, 196, 0, 0
908999, 209, 0, 0
909999, 192, 0, 0
910999, 196, 0, 0
912000, 220, 0, 0
913000, 211, 0, 0
913999, 214, 0, 0
915000, 192, 0, 0
915999, 211, 0, 0
916999, 200, 0, 0
917999, 222, 0, 0
918999, 195, 0, 0
920000, 205, 0, 0
921000, 189, 0, 0
922000, 184, 0, 0
923000, 208, 0, 0
923999, 211, 0, 0
924999, 210, 0, 0
925999, 194, 0, 0
926999, 209, 0, 0
928000, 190, 0, 0
929000, 192, 0, 0
930000, 198, 0, 0
931000, 215, 0, 0
931999, 187, 0, 0
933000, 209, 0, 0
933999, 181, 0, 0
934999, 198, 0, 0
936000, 210, 0, 0
937000, 184, 0, 0
938000, 211, 0, 0
939000, 186, 0, 0
940000, 213, 0, 0
940999, 216, 0, 0
942000, 191, 0, 0
942999, 204, 0, 0
943999, 203, 0, 0
944999, 198, 0, 0
946000, 197, 0, 0
947000, 215, 0, 0
947999, 190, 0, 0
948999, 199, 0, 0
949999, 197, 0, 0
950999, 192, 0, 0
951999, 202, 0, 0
953000, 191, 0, 0
954000, 226, 0, 0
955000, 183, 0, 0
955999, 212, 0, 0
957000, 201, 0, 0
957999, 203, 0, 0
958999, 205, 0, 0
959999, 171, 0, 0
961000, 206, 0, 0
962000, 209, 0, 0
963000, 216, 0, 0
964000, 200, 0, 0
965000, 199, 0, 0
965999, 195, 0, 0
966999, 202, 0, 0
967999, 227, 0, 0
969000, 182, 0, 0
970000, 215, 0, 0
971000, 206, 0, 0
971999, 199, 0, 0
972999, 192, 0, 0
973999, 174, 0, 0
974999, 182, 0, 0
976000, 200, 0, 0
977000, 202, 0, 0
978000, 213, 0, 0
979000, 199, 0, 0
980000, 178, 0, 0
980999, 199, 0, 0
981999, 194, 0, 0
982999, 204, 0, 0
984000, 199, 0, 0
985000, 167, 0, 0
986000, 231, 0, 0
987000, 188, 0, 0
988000, 199, 0, 0
988999, 179, 0, 0
989999, 188, 0, 0
990999, 206, 0, 0
992000, 211, 0, 0
993000, 226, 0, 0
994000, 207, 0, 0
994999, 214, 0, 0
996000, 194, 0, 0
996999, 197, 0, 0
997999, 206, 0, 0
998999, 237, 0, 0
1000000, 216, 0, 0
1001000, 169, 0, 0
1002000, 199, 0, 0
1002999, 192, 0, 0
1003999, 189, 0, 0
1004999, 188, 0, 0
1005999, 186, 0, 0
1006999, 214, 0, 0
1008000, 206, 0, 0
1009000, 187, 0, 0
1010000, 211, 0, 0
1011000, 229, 0, 0
1011999, 209, 0, 0
1012999, 180, 0, 0
1014000, 203, 0, 0
1015000, 198, 0, 0
1016000, 219, 0, 0
1016999, 209, 0, 0
1018000, 232, 0, 0
1018999, 194, 0, 0
1019999, 200, 0, 0
1021000, 221, 0, 0
1022000, 186, 0, 0
1023000, 167, 0, 0
1024000, 186, 0, 0
1025000, 187, 0, 0
1025999, 226, 0, 0
1026999, 196, 0, 0
1027999, 202, 0, 0
1028999, 212, 0, 0
1030000, 222, 0, 0
1031000, 196, 0, 0
1032000, 191, 0, 0
1033000, 193, 0, 0
1034000, 225, 0, 0
1034999, 206, 0, 0
1035999, 212, 0, 0
1037000, 210, 0, 0
1038000, 220, 0, 0
1039000, 216, 0, 0
1039999, 198, 0, 0
1040999, 235, 0, 0
1041999, 213, 0, 0
1042999, 212, 0, 0
1043999, 198, 0, 0
1045000, 196, 0, 0
1046000, 202, 0, 0
1047000, 225, 0, 0
1048000, 203, 0, 0
1048999, 204, 0, 0
1049999, 206, 0, 0
1050999, 196, 0, 0
1052000, 207, 0, 0
1053000, 202, 0, 0
1054000, 189, 0, 0
1055000, 223, 0, 0
1055999, 201, 0, 0
1057000, 213, 0, 0
1057999, 196, 0, 0
1058999, 192, 0, 0
1059999, 191, 0, 0
1061000, 227, 0, 0
1062000, 198, 0, 0
1063000, 233, 0, 0
1064000, 199, 0, 0
1065000, 196, 0, 0
1066000, 200, 0, 0
1066999, 220, 0, 0
1067999, 197, 0, 0
1069000, 213, 0, 0
1070000, 228, 0, 0
1071000, 185, 0, 0
1072000, 222, 0, 0
1072999, 195, 0, 0
1073999, 210, 0, 0
1074999, 198, 0, 0
1075999, 209, 0, 0
1076999, 173, 0, 0
1077999, 205, 0, 0
1079000, 218, 0, 0
1080000, 224, 0, 0
1081000, 185, 0, 0
1082000, 207, 0, 0
1082999, 201, 0, 0
1083999, 209, 0, 0
1084999, 214, 0, 0
1086000, 233, 0, 0
1087000, 211, 0, 0
1088000, 219, 0, 0
1089000, 201, 0, 0
1090000, 212, 0, 0
1090999, 196, 0, 0
1091999, 205, 0, 0
1092999, 204, 0, 0
1094000, 215, 0, 0
1095000, 184, 0, 0
1096000, 214, 0, 0
1096999, 189, 0, 0
1098000, 191, 0, 0
1099000, 193, 0, 0
1099999, 190, 0, 0
1100999, 207, 0, 0
1101999, 224, 0, 0
1103000, 199, 0, 0
1104000, 216, 0, 0
1105000, 196, 0, 0
1105999, 197, 0, 0
1107000, 207, 0, 0
1107999, 217, 0, 0
1108999, 217, 0, 0
1110000, 198, 0, 0
1111000, 206, 0, 0
1112000, 188, 0, 0
1112999, 180, 0, 0
1114000, 192, 0, 0
1114999, 202, 0, 0
1115999, 223, 0, 0
1116999, 205, 0, 0
1117999, 203, 0, 0
1118999, 202, 0, 0
1120000, 208, 0, 0
1121000, 210, 0, 0
1122000, 208, 0, 0
1123000, 204, 0, 0
1123999, 204, 0, 0
1124999, 220, 0, 0
1125999, 247, 0, 0
1127000, 198, 0, 0
1128000, 202, 0, 0
1129000, 206, 0, 0
1130000, 192, 0, 0
1130999, 212, 0, 0
1132000, 215, 0, 0
1132999, 221, 0, 0
1133999, 205, 0, 0
1134999, 204, 0, 0
1136000, 201, 0, 0
1137000, 192, 0, 0
1138000, 227, 0, 0
1139000, 204, 0, 0
1139999, 217, 0, 0
1140999, 231, 0, 0
1141999, 216, 0, 0
1143000, 239, 0, 0
1144000, 237, 0, 0
1145000, 204, 0, 0
1146000, 219, 0, 0
1147000, 198, 0, 0
1147999, 199, 0, 0
1148999, 213, 0, 0
1149999, 206, 0, 0
1150999, 199, 0, 0
1152000, 208, 0, 0
1153000, 200, 0, 0
1153999, 205, 0, 0
1154999, 191, 0, 0
1155999, 199, 0, 0
1156999, 194, 0, 0
1157999, 202, 0, 0
1159000, 225, 0, 0
1160000, 226, 0, 0
1161000, 192, 0, 0
1162000, 182, 0, 0
1163000, 214, 0, 0
1163999, 203, 0, 0
1164999, 191, 0, 0
1165999, 219, 0, 0
1167000, 204, 0, 0
1168000, 215, 0, 0
1169000, 208, 0, 0
1170000, 200, 0, 0
1170999, 214, 0, 0
1171999, 224, 0, 0
1172999, 197, 0, 0
1173999, 188, 0, 0
1175000, 212, 0, 0
1176000, 203, 0, 0
1177000, 197, 0, 0
1178000, 183, 0, 0
1178999, 227, 0, 0
1179999, 237, 0, 0
1180999, 206, 0, 0
1181999, 225, 0, 0
1183000, 216, 0, 0
1184000, 201, 0, 0
1185000, 202, 0, 0
1186000, 218, 0, 0
1187000, 206, 0, 0
1188000, 203, 0, 0
1188999, 198, 0, 0
1189999, 197, 0, 0
1190999, 265, 0, 0
1191999, 209, 0, 0
1193000, 199, 0, 0
1194000, 222, 0, 0
1195000, 231, 0, 0
1196000, 221, 0, 0
1197000, 210, 0, 0
1198000, 220, 0, 0
1198999, 211, 0, 0
1199999, 198, 0, 0
1200999, 217, 0, 0
1202000, 237, 0, 0
1203000, 214, 0, 0
1204000, 185, 0, 0
1204999, 245, 0, 0
1206000, 208, 0, 0
1206999, 210, 0, 0
1207999, 214, 0, 0
1208999, 210, 0, 0
1210000, 217, 0, 0
1211000, 194, 0, 0
1212000, 242, 0, 0
1213000, 215, 0, 0
1213999, 203, 0, 0
1214999, 224, 0, 0
1215999, 219, 0, 0
1216999, 203, 0, 0
1218000, 186, 0, 0
1219000, 226, 0, 0
1220000, 190, 0, 0
1221000, 217, 0, 0
1222000, 188, 0, 0
1222999, 220, 0, 0
1223999, 230, 0, 0
1224999, 188, 0, 0
1225999, 211, 0, 0
1227000, 221, 0, 0
1228000, 195, 0, 0
1229000, 190, 0, 0
1230000, 234, 0, 0
1230999, 205, 0, 0
1231999, 221, 0, 0
1232999, 194, 0, 0
1233999, 197, 0, 0
1235000, 200, 0, 0
1236000, 217, 0, 0
1237000, 206, 0, 0
1238000, 209, 0, 0
1238999, 235, 0, 0
1239999, 212, 0, 0
1240999, 199, 0, 0
1242000, 223, 0, 0
1243000, 239, 0, 0
1243999, 207, 0, 0
1245000, 232, 0, 0
1246000, 211, 0, 0
1247000, 182, 0, 0
1247999, 229, 0, 0
1248999, 204, 0, 0
1250000, 195, 0, 0
1251000, 207, 0, 0
1252000, 229, 0, 0
1253000, 215, 0, 0
1254000, 220, 0, 0
1254999, 213, 0, 0
1255999, 186, 0, 0
1256999, 214, 0, 0
1257999, 211, 0, 0
1259000, 206, 0, 0
1260000, 195, 0, 0
1261000, 186, 0, 0
1262000, 214, 0, 0
1262999, 207, 0, 0
1263999, 231, 0, 0
1264999, 212, 0, 0
1265999, 221, 0, 0
1266999, 191, 0, 0
1267999, 195, 0, 0
1269000, 238, 0, 0
1270000, 215, 0, 0
1271000, 195, 0, 0
1271999, 222, 0, 0
1272999, 209, 0, 0
1273999, 203, 0, 0
1274999, 214, 0, 0
1276000, 221, 0, 0
1277000, 198, 0, 0
1278000, 204, 0, 0
1279000, 225, 0, 0
1280000, 203, 0, 0
1281000, 186, 0, 0
1281999, 222, 0, 0
1282999, 197, 0, 0
1283999, 214, 0, 0
1285000, 208, 0, 0
1286000, 257, 0, 0
1287000, 174, 0, 0
1288000, 194, 0, 0
1288999, 222, 0, 0
1289999, 199, 0, 0
1290999, 204, 0, 0
1292000, 222, 0, 0
1293000, 224, 0, 0
1294000, 196, 0, 0
1295000, 206, 0, 0
1295999, 217, 0, 0
1296999, 187, 0, 0
1297999, 218, 0, 0
1298999, 222, 0, 0
1300000, 198, 0, 0
1301000, 216, 0, 0
1301999, 215, 0, 0
1302999, 191, 0, 0
1304000, 237, 0, 0
1304999, 235, 0, 0
1305999, 223, 0, 0
1306999, 203, 0, 0
1307999, 226, 0, 0
1309000, 191, 0, 0
1310000, 197, 0, 0
1311000, 236, 0, 0
1312000, 203, 0, 0
1313000, 234, 0, 0
1314000, 221, 0, 0
1314999, 214, 0, 0
1315999, 236, 0, 0
1316999, 214, 0, 0
1318000, 225, 0, 0
1319000, 208, 0, 0
1320000, 214, 0, 0
1320999, 206, 0, 0
1322000, 211, 0, 0
1322999, 214, 0, 0
1323999, 226, 0, 0
1324999, 212, 0, 0
1326000, 225, 0, 0
1327000, 209, 0, 0
1328000, 185, 0, 0
1329000, 210, 0, 0
1329999, 230, 0, 0
1330999, 224, 0, 0
1331999, 205, 0, 0
1333000, 218, 0, 0
1334000, 227, 0, 0
1335000, 192, 0, 0
1336000, 217, 0, 0
1336999, 236, 0, 0
1337999, 204, 0, 0
1338999, 214, 0, 0
1339999, 235, 0, 0
1341000, 196, 0, 0
1342000, 196, 0, 0
1343000, 209, 0, 0
1344000, 228, 0, 0
1345000, 223, 0, 0
1345999, 210, 0, 0
1346999, 209, 0, 0
1347999, 231, 0, 0
1348999, 211, 0, 0
1350000, 209, 0, 0
1351000, 224, 0, 0
1352000, 213, 0, 0
1353000, 193, 0, 0
1353999, 228, 0, 0
1354999, 204, 0, 0
1355999, 243, 0, 0
1356999, 215, 0, 0
1358000, 216, 0, 0
1359000, 225, 0, 0
1360000, 210, 0, 0
1360999, 238, 0, 0
1361999, 202, 0, 0
1362999, 221, 0, 0
1363999, 207, 0, 0
1364999, 226, 0, 0
1366000, 218, 0, 0
1367000, 197, 0, 0
1368000, 218, 0, 0
1368999, 218, 0, 0
1369999, 209, 0, 0
1370999, 247, 0, 0
1371999, 227, 0, 0
1372999, 223, 0, 0
1374000, 225, 0, 0
1375000, 214, 0, 0
1375999, 228, 0, 0
1377000, 232, 0, 0
1377999, 218, 0, 0
1378999, 216, 0, 0
1379999, 213, 0, 0
1380999, 210, 0, 0
1382000, 247, 0, 0
1383000, 215, 0, 0
1384000, 203, 0, 0
1385000, 221, 0, 0
1385999, 233, 0, 0
1386999, 228, 0, 0
1387999, 232, 0, 0
1389000, 220, 0, 0
1390000, 225, 0, 0
1391000, 205, 0, 0
1391999, 231, 0, 0
1392999, 241, 0, 0
1393999, 215, 0, 0
1394999, 262, 0, 0
1395999, 221, 0, 0
1396999, 208, 0, 0
1398000, 190, 0, 0
1399000, 179, 0, 0
1400000, 241, 0, 0
1401000, 217, 0, 0
1401999, 214, 0, 0
1402999, 190, 0, 0
1403999, 208, 0, 0
1405000, 186, 0, 0
1406000, 213, 0, 0
1407000, 217, 0, 0
1408000, 223, 0, 0
1408999, 230, 0, 0
1409999, 240, 0, 0
1410999, 208, 0, 0
1411999, 229, 0, 0
1413000, 228, 0, 0
1414000, 220, 0, 0
1415000, 210, 0, 0
1416000, 213, 0, 0
1417000, 231, 0, 0
1417999, 217, 0, 0
1418999, 243, 0, 0
1419999, 255, 0, 0
1420999, 214, 0, 0
1421999, 208, 0, 0
1423000, 246, 0, 0
1424000, 217, 0, 0
1425000, 178, 0, 0
1426000, 238, 0, 0
1427000, 234, 0, 0
1427999, 199, 0, 0
1428999, 244, 0, 0
1429999, 194, 0, 0
1431000, 204, 0, 0
1432000, 214, 0, 0
1433000, 245, 0, 0
1434000, 187, 0, 0
1435000, 213, 0, 0
1435999, 225, 0, 0
1436999, 208, 0, 0
1437999, 204, 0, 0
1438999, 211, 0, 0
1439999, 237, 0, 0
1441000, 234, 0, 0
1442000, 213, 0, 0
1443000, 204, 0, 0
1444000, 195, 0, 0
1445000, 193, 0, 0
1446000, 207, 0, 0
1446999, 248, 0, 0
1447999, 181, 0, 0
1448999, 228, 0, 0
1449999, 209, 0, 0
1451000, 217, 0, 0
1452000, 195, 0, 0
1453000, 232, 0, 0
1453999, 221, 0, 0
1455000, 212, 0, 0
1455999, 250, 0, 0
1456999, 227, 0, 0
1457999, 193, 0, 0
1458999, 207, 0, 0
1460000, 250, 0, 0
1461000, 203, 0, 0
1462000, 216, 0, 0
1463000, 205, 0, 0
1464000, 213, 0, 0
1464999, 199, 0, 0
1465999, 237, 0, 0
1466999, 197, 0, 0
1468000, 205, 0, 0
1469000, 209, 0, 0
1470000, 211, 0, 0
1471000, 237, 0, 0
1471999, 209, 0, 0
1472999, 230, 0, 0
1473999, 223, 0, 0
1474999, 203, 0, 0
1476000, 228, 0, 0
1477000, 224, 0, 0
1478000, 218, 0, 0
1479000, 222, 0, 0
1479999, 215, 0, 0
1480999, 232, 0, 0
1481999, 233, 0, 0
1483000, 247, 0, 0
1484000, 224, 0, 0
1484999, 225, 0, 0
1486000, 235, 0, 0
1487000, 209, 0, 0
1487999, 234, 0, 0
1488999, 225, 0, 0
1489999, 228, 0, 0
1491000, 239, 0, 0
1492000, 226, 0, 0
1493000, 217, 0, 0
1494000, 220, 0, 0
1495000, 232, 0, 0
1495999, 230, 0, 0
1496999, 237, 0, 0
1497999, 215, 0, 0
1499000, 215, 0, 0
1500000, 216, 0, 0
1500999, 227, 0, 0
1501999, 224, 0, 0
1503000, 205, 0, 0
1503999, 210, 0, 0
1504999, 247, 0, 0
1505999, 211, 0, 0
1506999, 222, 0, 0
1508000, 239, 0, 0
1509000, 215, 0, 0
1510000, 220, 0, 0
1511000, 234, 0, 0
1511999, 244, 0, 0
1512999, 196, 0, 0
1513999, 208, 0, 0
1514999, 193, 0, 0
1515999, 203, 0, 0
1517000, 224, 0, 0
1518000, 200, 0, 0
1518999, 224, 0, 0
1519999, 225, 0, 0
1521000, 235, 0, 0
1521999, 236, 0, 0
1522999, 193, 0, 0
1523999, 235, 0, 0
1525000, 239, 0, 0
1526000, 211, 0, 0
1527000, 233, 0, 0
1528000, 208, 0, 0
1528999, 206, 0, 0
1529999, 217, 0, 0
1530999, 195, 0, 0
1531999, 219, 0, 0
1533000, 213, 0, 0
1534000, 232, 0, 0
1535000, 221, 0, 0
1536000, 231, 0, 0
1536999, 234, 0, 0
1537999, 215, 0, 0
1538999, 238, 0, 0
1540000, 227, 0, 0
1541000, 213, 0, 0
1542000, 233, 0, 0
1543000, 204, 0, 0
1544000, 223, 0, 0
1544999, 223, 0, 0
1545999, 261, 0, 0
1546999, 235, 0, 0
1548000, 241, 0, 0
1549000, 208, 0, 0
1550000, 219, 0, 0
1551000, 236, 0, 0
1552000, 214, 0, 0
1552999, 247, 0, 0
1553999, 242, 0, 0
1554999, 206, 0, 0
1556000, 213, 0, 0
1557000, 210, 0, 0
1557999, 246, 0, 0
1559000, 217, 0, 0
1559999, 240, 0, 0
1560999, 221, 0, 0
1561999, 227, 0, 0
1562999, 209, 0, 0
1564000, 227, 0, 0
1565000, 228, 0, 0
1566000, 209, 0, 0
1567000, 207, 0, 0
1567999, 190, 0, 0
1568999, 220, 0, 0
1569999, 229, 0, 0
1570999, 235, 0, 0
1571999, 227, 0, 0
1573000, 227, 0, 0
1574000, 246, 0, 0
1575000, 226, 0, 0
1576000, 217, 0, 0
1577000, 216, 0, 0
1577999, 255, 0, 0
1578999, 244, 0, 0
1579999, 234, 0, 0
1580999, 220, 0, 0
1582000, 223, 0, 0
1583000, 252, 0, 0
1584000, 205, 0, 0
1584999, 239, 0, 0
1585999, 211, 0, 0
1587000, 239, 0, 0
1587999, 224, 0, 0
1588999, 231, 0, 0
1589999, 217, 0, 0
1591000, 221, 0, 0
1592000, 203, 0, 0
1593000, 200, 0, 0
1594000, 216, 0, 0
1595000, 202, 0, 0
1595999, 229, 0, 0
1596999, 241, 0, 0
1597999, 252, 0, 0
1598999, 234, 0, 0
1600000, 240, 0, 0
1601000, 231, 0, 0
1602000, 220, 0, 0
1603000, 227, 0, 0
1604000, 256, 0, 0
1604999, 235, 0, 0
1605999, 227, 0, 0
1606999, 236, 0, 0
1607999, 241, 0, 0
1608999, 202, 0, 0
1609999, 223, 0, 0
1611000, 232, 0, 0
1612000, 228, 0, 0
1613000, 209, 0, 0
1614000, 227, 0, 0
1615000, 193, 0, 0
1616000, 238, 0, 0
1617000, 197, 0, 0
1617999, 225, 0, 0
1618999, 209, 0, 0
1619999, 239, 0, 0
1620999, 230, 0, 0
1622000, 238, 0, 0
1623000, 225, 0, 0
1624000, 229, 0, 0
1625000, 218, 0, 0
1626000, 246, 0, 0
1627000, 228, 0, 0
1628000, 260, 0, 0
1629000, 218, 0, 0
1630000, 237, 0, 0
1631000, 227, 0, 0
1632000, 229, 0, 0
1633000, 239, 0, 0
1634000, 229, 0, 0
1635000, 248, 0, 0
1636000, 228, 0, 0
1637000, 262, 0, 0
1638000, 214, 0, 0
1639000, 232, 0, 0
1639999, 250, 0, 0
1640999, 202, 0, 0
1642000, 256, 0, 0
1643000, 224, 0, 0
1644000, 234, 0, 0
1645000, 235, 0, 0
1646000, 187, 0, 0
1647000, 221, 0, 0
1648000, 212, 0, 0
1649000, 219, 0, 0
1650000, 258, 0, 0
1651000, 245, 0, 0
1652000, 235, 0, 0
1653000, 225, 0, 0
1654000, 211, 0, 0
1655000, 247, 0, 0
1655999, 227, 0, 0
1657000, 205, 0, 0
1657999, 226, 0, 0
1658999, 212, 0, 0
1659999, 237, 0, 0
1660999, 232, 0, 0
1661999, 243, 0, 0
1662999, 248, 0, 0
1663998, 226, 0, 0
1664998, 192, 0, 0
1665998, 198, 0, 0
1666997, 248, 0, 0
1667997, 198, 0, 0
1668997, 211, 0, 0
1669997, 212, 0, 0
1670996, 221, 0, 0
1671996, 246, 0, 0
1672996, 216, 0, 0
1673996, 238, 0, 0
1674995, 238, 0, 0
1675995, 205, 0, 0
1676996, 234, 0, 0
1677995, 235, 0, 0
1678995, 253, 0, 0
1679995, 250, 0, 0
1680995, 178, 0, 0
1681994, 246, 0, 0
1682994, 197, 0, 0
1683994, 246, 0, 0
1684993, 222, 0, 0
1685993, 219, 0, 0
1686993, 246, 0, 0
1687993, 239, 0, 0
1688992, 206, 0, 0
1689992, 244, 0, 0
1690992, 216, 0, 0
1691992, 228, 0, 0
1692991, 242, 0, 0
1693992, 213, 0, 0
1694992, 256, 0, 0
1695991, 250, 0, 0
1696991, 256, 0, 0
1697991, 246, 0, 0
1699000, 249, 0, 0
1700000, 211, 0, 0
1700991, 247, 0, 0
1701999, 217, 0, 0
1702999, 256, 0, 0
1703999, 223, 0, 0
1704999, 210, 0, 0
1706000, 223, 0, 0
1707000, 217, 0, 0
1708000, 219, 0, 0
1708999, 215, 0, 0
1709999, 236, 0, 0
1710999, 212, 0, 0
1711999, 247, 0, 0
1713000, 232, 0, 0
1714000, 219, 0, 0
1715000, 249, 0, 0
1716000, 247, 0, 0
1717000, 253, 0, 0
1717999, 228, 0, 0
1719000, 229, 0, 0
1719999, 225, 0, 0
1721000, 269, 0, 0
1722000, 242, 0, 0
1723000, 247, 0, 0
1724000, 227, 0, 0
1724999, 224, 0, 0
1726000, 227, 0, 0
1726999, 237, 0, 0
1727999, 226, 0, 0
1729000, 272, 0, 0
1730000, 259, 0, 0
1731000, 255, 0, 0
1732000, 247, 0, 0
1733000, 243, 0, 0
1733999, 254, 0, 0
1734999, 252, 0, 0
1735999, 244, 0, 0
1737000, 209, 0, 0
1738000, 260, 0, 0
1739000, 241, 0, 0
1739999, 254, 0, 0
1740999, 251, 0, 0
1741999, 240, 0, 0
1742999, 199, 0, 0
1744000, 250, 0, 0
1745000, 270, 0, 0
1746000, 235, 0, 0
1747000, 267, 0, 0
1748000, 264, 0, 0
1748999, 241, 0, 0
1749999, 226, 0, 0
1750999, 236, 0, 0
1751999, 235, 0, 0
1753000, 221, 0, 0
1754000, 225, 0, 0
1755000, 232, 0, 0
1756000, 231, 0, 0
1756999, 249, 0, 0
1757999, 251, 0, 0
1758999, 230, 0, 0
1760000, 197, 0, 0
1761000, 207, 0, 0
1762000, 256, 0, 0
1763000, 224, 0, 0
1764000, 246, 0, 0
1764999, 252, 0, 0
1765999, 235, 0, 0
1766999, 262, 0, 0
1767999, 223, 0, 0
1769000, 255, 0, 0
1770000, 223, 0, 0
1771000, 233, 0, 0
1772000, 237, 0, 0
1773000, 245, 0, 0
1773999, 261, 0, 0
1774999, 224, 0, 0
1775999, 230, 0, 0
1777000, 245, 0, 0
1778000, 217, 0, 0
1779000, 190, 0, 0
1780000, 244, 0, 0
1780999, 242, 0, 0
1781999, 238, 0, 0
1782999, 263, 0, 0
1783999, 282, 0, 0
1785000, 239, 0, 0
1786000, 278, 0, 0
1787000, 242, 0, 0
1788000, 237, 0, 0
1789000, 224, 0, 0
1789999, 229, 0, 0
1790999, 226, 0, 0
1792000, 241, 0, 0
1793000, 257, 0, 0
1794000, 206, 0, 0
1795000, 246, 0, 0
1796000, 230, 0, 0
1796999, 221, 0, 0
1797999, 236, 0, 0
1798999, 233, 0, 0
1800000, 231, 0, 0
