1003, 184462, 1, 0
2000, 102670, 1, 0
3000, 106035, 1, 0
4000, 94895, 1, 0
5000, 96632, 1, 0
6000, 98911, 1, 0
7000, 104361, 1, 0
8000, 196870, 1, 0
9000, 90099, 1, 0
10000, 90516, 1, 0
11000, 106304, 1, 0
12000, 108292, 1, 0
13000, 94093, 1, 0
14000, 87753, 1, 0
15000, 86715, 1, 0
16000, 94843, 1, 0
17000, 96382, 1, 0
18000, 3200955, 1, 0
19000, 115692, 1, 0
20000, 93681, 1, 0
21000, 100739, 1, 0
22000, 102851, 1, 0
23000, 92511, 1, 0
24000, 87934, 1, 0
25000, 84832, 1, 0
26000, 101040, 1, 0
27000, 90754, 1, 0
28000, 103214, 1, 0
29000, 1833645, 1, 0
30000, 105112, 1, 0
31000, 160741, 1, 0
32000, 96177, 1, 0
33000, 108308, 1, 0
34000, 113019, 1, 0
35000, 90763, 1, 0
36000, 100560, 1, 0
37000, 89184, 1, 0
38000, 101602, 1, 0
39000, 100097, 1, 0
40000, 632734, 1, 0
41000, 101429, 1, 0
42000, 93821, 1, 0
43000, 99974, 1, 0
44000, 103211, 1, 0
45002, 118136, 1, 0
46000, 114987, 1, 0
47000, 101324, 1, 0
48000, 97658, 1, 0
49000, 102809, 1, 0
50000, 97745, 1, 0
51000, 6200418, 1, 0
52000, 118887, 1, 0
53000, 130533, 1, 0
54000, 98954, 1, 0
55000, 104741, 1, 0
56000, 114271, 1, 0
57000, 97075, 1, 0
58000, 99405, 1, 0
59000, 112948, 1, 0
60000, 96797, 1, 0
61000, 109988, 1, 0
62000, 7337044, 1, 0
63000, 100235, 1, 0
64000, 92572, 1, 0
65000, 101213, 1, 0
66000, 88580, 1, 0
67000, 96296, 1, 0
68000, 95876, 1, 0
69000, 101378, 1, 0
70000, 96361, 1, 0
71000, 95349, 1, 0
72000, 98419, 1, 0
73000, 4409808, 1, 0
74000, 106630, 1, 0
75000, 91727, 1, 0
76000, 131844, 1, 0
77000, 118836, 1, 0
78000, 107669, 1, 0
79000, 98766, 1, 0
80000, 98481, 1, 0
81000, 104624, 1, 0
82000, 125987, 1, 0
83000, 91758, 1, 0
84000, 10377997, 1, 0
85000, 87573, 1, 0
86000, 147167, 1, 0
87000, 109453, 1, 0
88000, 118043, 1, 0
89000, 105016, 1, 0
90000, 104416, 1, 0
91000, 96386, 1, 0
92000, 87242, 1, 0
93000, 89699, 1, 0
94000, 97218, 1, 0
95006, 6398356, 1, 0
96000, 4056342, 1, 0
97000, 117049, 1, 0
98000, 110598, 1, 0
99000, 89105, 1, 0
100000, 106178, 1, 0
101000, 78373, 1, 0
102000, 106694, 1, 0
103000, 98924, 1, 0
104000, 98415, 1, 0
105000, 95621, 1, 0
106082, 2536687, 1, 0
107000, 10166382, 1, 0
108000, 83444, 1, 0
109000, 85249, 1, 0
110000, 82142, 1, 0
111000, 86615, 1, 0
112000, 96086, 1, 0
113000, 102696, 1, 0
114000, 101551, 1, 0
115000, 98221, 1, 0
116000, 120072, 1, 0
117000, 118680, 1, 0
118105, 24602695, 1, 0
119182, 486546435, 1, 0
120047, 906119175, 1, 0
121060, 644854037, 1, 0
122118, 872367725, 1, 0
123069, 639910054, 1, 0
124024, 789756299, 1, 0
125009, 967058997, 1, 0
126134, 961794719, 1, 0
127046, 1027172634, 1, 0
128062, 1158420755, 1, 0
129172, 927116987, 1, 0
130020, 871809953, 1, 0
131063, 659578570, 1, 0
132107, 723601174, 1, 0
133038, 774553161, 1, 0
134003, 649908983, 1, 0
135147, 658596389, 1, 0
136065, 711180147, 1, 0
137152, 696218952, 1, 0
138016, 764459509, 1, 0
139019, 654279126, 1, 0
140118, 859640307, 1, 0
141217, 1080221383, 1, 0
142134, 908350035, 1, 0
143029, 797092218, 1, 0
144046, 868554959, 1, 0
145100, 794159791, 1, 0
146053, 701721357, 1, 0
147028, 772122990, 1, 0
148037, 869300335, 1, 0
149146, 788447146, 1, 0
150025, 760848827, 1, 0
151009, 808447378, 1, 0
152035, 825926768, 1, 0
153107, 633324959, 1, 0
154113, 623121087, 1, 0
155019, 844619928, 1, 0
156029, 896004625, 1, 0
157129, 818449875, 1, 0
158084, 1041496842, 1, 0
159157, 821462676, 1, 0
160002, 705856232, 1, 0
161052, 862576118, 1, 0
162068, 834762165, 1, 0
163013, 927463742, 1, 0
164115, 796411980, 1, 0
165051, 776941409, 1, 0
166047, 1016981712, 1, 0
167139, 751172672, 1, 0
168157, 744297971, 1, 0
169131, 960591812, 1, 0
170033, 895875002, 1, 0
171061, 907743359, 1, 0
172031, 1006950866, 1, 0
173083, 746255029, 1, 0
174089, 768753048, 1, 0
175003, 653101749, 1, 0
176032, 755675702, 1, 0
177116, 1113543668, 1, 0
178008, 923574200, 1, 0
179134, 831153925, 1, 0
180017, 903317308, 1, 0
181076, 810446199, 1, 0
182015, 841497980, 1, 0
183173, 778845999, 1, 0
184154, 883793019, 1, 0
185010, 836503323, 1, 0
186074, 575579191, 1, 0
187025, 591053637, 1, 0
188035, 768959214, 1, 0
189161, 574805456, 1, 0
190082, 584907292, 1, 0
191241, 672115520, 1, 0
192169, 788576832, 1, 0
193026, 710352719, 1, 0
194024, 691506791, 1, 0
195185, 831383245, 1, 0
196089, 939746489, 1, 0
197019, 936079991, 1, 0
198023, 802368791, 1, 0
199093, 818416304, 1, 0
200038, 850458098, 1, 0
201068, 616551969, 1, 0
202044, 626066633, 1, 0
203008, 870366829, 1, 0
204027, 594471027, 1, 0
205079, 508552034, 1, 0
206016, 797635891, 1, 0
207172, 718448334, 1, 0
208091, 684319255, 1, 0
209016, 856452332, 1, 0
210016, 857537199, 1, 0
211051, 944082081, 1, 0
212039, 803001962, 1, 0
213020, 692762898, 1, 0
214090, 587805157, 1, 0
215066, 569830806, 1, 0
216021, 694498719, 1, 0
217025, 784507437, 1, 0
218072, 858309907, 1, 0
219000, 727865612, 1, 0
220000, 576214238, 1, 0
221052, 676373962, 1, 0
222117, 695313581, 1, 0
223182, 726545262, 1, 0
224009, 723235625, 1, 0
225030, 708988530, 1, 0
226118, 764384417, 1, 0
227022, 714819712, 1, 0
228056, 699124947, 1, 0
229017, 911564017, 1, 0
230076, 1009267630, 1, 0
231083, 817535474, 1, 0
232214, 895101917, 1, 0
233014, 1074844256, 1, 0
234027, 657914631, 1, 0
235039, 759309605, 1, 0
236021, 742353981, 1, 0
237019, 689789099, 1, 0
238023, 752423392, 1, 0
239029, 853948166, 1, 0
240024, 781348781, 1, 0
241112, 558938067, 1, 0
242010, 753657427, 1, 0
243044, 573556336, 1, 0
244005, 945943332, 1, 0
245069, 880870298, 1, 0
246007, 810986914, 1, 0
247002, 657367564, 1, 0
248048, 711887799, 1, 0
249218, 865830173, 1, 0
250000, 631898730, 1, 0
251113, 608414281, 1, 0
252037, 782411701, 1, 0
253127, 916017703, 1, 0
254027, 610164700, 1, 0
255057, 849536457, 1, 0
256048, 809439574, 1, 0
257070, 658514447, 1, 0
258084, 711046851, 1, 0
259112, 568538050, 1, 0
260049, 1126555435, 1, 0
261073, 935272598, 1, 0
262008, 765569083, 1, 0
263143, 858149351, 1, 0
264085, 777739075, 1, 0
265009, 796638949, 1, 0
266098, 773510955, 1, 0
267058, 956458596, 1, 0
268074, 960900192, 1, 0
269047, 675464006, 1, 0
270086, 839024163, 1, 0
271047, 837410756, 1, 0
272034, 960208464, 1, 0
273104, 760690002, 1, 0
274014, 794183435, 1, 0
275054, 731799241, 1, 0
276051, 1080432340, 1, 0
277168, 1169705868, 1, 0
278106, 866574281, 1, 0
279039, 735832128, 1, 0
280094, 501166761, 1, 0
281093, 672933144, 1, 0
282187, 843667788, 1, 0
283076, 710810110, 1, 0
284075, 715060745, 1, 0
285037, 825057736, 1, 0
286087, 756350652, 1, 0
287013, 696477868, 1, 0
288074, 610244828, 1, 0
289031, 727076795, 1, 0
290003, 639587999, 1, 0
291065, 660309555, 1, 0
292058, 864576846, 1, 0
293109, 886353881, 1, 0
294067, 615636461, 1, 0
295035, 1104273248, 1, 0
296001, 1230077382, 1, 0
297082, 894472923, 1, 0
298188, 947965403, 1, 0
299024, 857961077, 1, 0
300128, 815026100, 1, 0
301059, 780252676, 1, 0
302207, 666648700, 1, 0
303018, 665085798, 1, 0
304034, 1086902532, 1, 0
305044, 742445881, 1, 0
306041, 1002493932, 1, 0
307063, 980581340, 1, 0
308070, 816950869, 1, 0
309104, 825055680, 1, 0
310136, 893953335, 1, 0
311012, 813918700, 1, 0
312054, 614111123, 1, 0
313151, 927227352, 1, 0
314042, 783986406, 1, 0
315128, 779345861, 1, 0
316022, 766919221, 1, 0
317233, 706200449, 1, 0
318050, 754557896, 1, 0
319108, 637753385, 1, 0
320071, 875097261, 1, 0
321234, 921177683, 1, 0
322045, 957661507, 1, 0
323135, 1009346616, 1, 0
324115, 667654119, 1, 0
325010, 663539059, 1, 0
326021, 721571239, 1, 0
327180, 819234225, 1, 0
328027, 718568436, 1, 0
329108, 810264908, 1, 0
330213, 696558563, 1, 0
331001, 1126487837, 1, 0
332045, 794514321, 1, 0
333205, 793457256, 1, 0
334016, 649357931, 1, 0
335000, 911711746, 1, 0
336114, 791176350, 1, 0
337043, 1012722397, 1, 0
338196, 795680935, 1, 0
339000, 934631478, 1, 0
340099, 798331315, 1, 0
341057, 918270139, 1, 0
342086, 732251035, 1, 0
343184, 861321667, 1, 0
344033, 625488650, 1, 0
345158, 732188282, 1, 0
346157, 751109210, 1, 0
347229, 850078700, 1, 0
348035, 1122998824, 1, 0
349182, 675946730, 1, 0
350154, 769663984, 1, 0
351049, 814031499, 1, 0
352165, 826340498, 1, 0
353185, 880662128, 1, 0
354019, 968019289, 1, 0
355115, 874702705, 1, 0
356008, 673042879, 1, 0
357102, 749846352, 1, 0
358088, 820085146, 1, 0
359004, 792113350, 1, 0
360046, 769494484, 1, 0
361045, 771467393, 1, 0
362050, 936332007, 1, 0
363156, 945050424, 1, 0
364246, 857031162, 1, 0
365123, 778041910, 1, 0
366106, 853013151, 1, 0
367065, 1039887890, 1, 0
368016, 855903720, 1, 0
369012, 873432753, 1, 0
370043, 884478120, 1, 0
371231, 832382625, 1, 0
372001, 988060508, 1, 0
373054, 877841160, 1, 0
374089, 739355779, 1, 0
375005, 942777292, 1, 0
376167, 754285738, 1, 0
377013, 890465660, 1, 0
378194, 1078595565, 1, 0
379180, 943187806, 1, 0
380008, 648205597, 1, 0
381012, 733456226, 1, 0
382027, 856155051, 1, 0
383078, 723626683, 1, 0
384069, 962651300, 1, 0
385004, 737747030, 1, 0
386024, 504673415, 1, 0
387054, 682330861, 1, 0
388111, 728083983, 1, 0
389094, 863194100, 1, 0
390103, 737945197, 1, 0
391055, 722280620, 1, 0
392090, 946902246, 1, 0
393058, 1069671129, 1, 0
394059, 841390195, 1, 0
395026, 674096157, 1, 0
396202, 797218370, 1, 0
397069, 571927269, 1, 0
398003, 646485230, 1, 0
399007, 726708246, 1, 0
400011, 646829469, 1, 0
401009, 1080227022, 1, 0
402029, 887486522, 1, 0
403058, 858913931, 1, 0
404191, 771215219, 1, 0
405124, 857157204, 1, 0
406000, 773954738, 1, 0
407111, 669671575, 1, 0
408069, 1142068143, 1, 0
409002, 790628296, 1, 0
410076, 694166384, 1, 0
411116, 1053883016, 1, 0
412053, 789470052, 1, 0
413082, 998972422, 1, 0
414063, 603651333, 1, 0
415146, 704984117, 1, 0
416017, 896388970, 1, 0
417000, 824152602, 1, 0
418006, 705173794, 1, 0
419010, 649348156, 1, 0
420001, 529790965, 1, 0
421190, 883857249, 1, 0
422043, 1113819121, 1, 0
423004, 1171857724, 1, 0
424122, 640018931, 1, 0
425015, 842088208, 1, 0
426040, 814386089, 1, 0
427133, 726243114, 1, 0
428023, 857960735, 1, 0
429176, 784159797, 1, 0
430114, 947976433, 1, 0
431177, 814998596, 1, 0
432021, 976548345, 1, 0
433005, 717944534, 1, 0
434132, 631897421, 1, 0
435013, 836974395, 1, 0
436014, 722433494, 1, 0
437004, 890090818, 1, 0
438096, 664529977, 1, 0
439018, 778189931, 1, 0
440039, 715141553, 1, 0
441162, 756941101, 1, 0
442007, 905056759, 1, 0
443069, 741752689, 1, 0
444012, 959541941, 1, 0
445026, 823067682, 1, 0
446209, 930971063, 1, 0
447106, 1012148260, 1, 0
448232, 724784093, 1, 0
449113, 783095791, 1, 0
450080, 916773888, 1, 0
451219, 919291352, 1, 0
452264, 1084936546, 1, 0
453033, 845218074, 1, 0
454007, 806947045, 1, 0
455010, 815004836, 1, 0
456034, 713656204, 1, 0
457109, 627381611, 1, 0
458005, 616882485, 1, 0
459050, 670691365, 1, 0
460196, 634235308, 1, 0
461108, 894580224, 1, 0
462001, 689292409, 1, 0
463033, 687709855, 1, 0
464005, 799486502, 1, 0
465141, 803374318, 1, 0
466000, 783764037, 1, 0
467048, 937589399, 1, 0
468023, 742900887, 1, 0
469185, 767671257, 1, 0
470020, 1110012924, 1, 0
471194, 803714469, 1, 0
472040, 713960604, 1, 0
473156, 739584315, 1, 0
474154, 1148663411, 1, 0
475049, 981471120, 1, 0
476024, 1082053698, 1, 0
477037, 964622555, 1, 0
478054, 933913937, 1, 0
479030, 738307530, 1, 0
480097, 895337470, 1, 0
481180, 613129009, 1, 0
482010, 904161448, 1, 0
483067, 821489692, 1, 0
484006, 678462445, 1, 0
485127, 770827709, 1, 0
486155, 786158927, 1, 0
487018, 731729576, 1, 0
488009, 819659284, 1, 0
489020, 674026130, 1, 0
490011, 637648101, 1, 0
491054, 708891664, 1, 0
492015, 516094561, 1, 0
493107, 810972785, 1, 0
494011, 827116862, 1, 0
495058, 1037836923, 1, 0
496127, 1004808003, 1, 0
497043, 1117024016, 1, 0
498034, 957260044, 1, 0
499048, 809792115, 1, 0
500135, 876208414, 1, 0
501075, 848912607, 1, 0
502037, 841485851, 1, 0
503220, 904227406, 1, 0
504060, 1051084115, 1, 0
505068, 781115256, 1, 0
506203, 702827928, 1, 0
507024, 781510607, 1, 0
508008, 874683437, 1, 0
509104, 655533665, 1, 0
510025, 619915948, 1, 0
511091, 868475705, 1, 0
512006, 1009758731, 1, 0
513199, 587605024, 1, 0
514026, 675304074, 1, 0
515005, 705722853, 1, 0
516029, 725352689, 1, 0
517136, 631015951, 1, 0
518027, 820566477, 1, 0
519039, 891880767, 1, 0
520046, 894313206, 1, 0
521118, 957716169, 1, 0
522058, 965292805, 1, 0
523011, 889945276, 1, 0
524025, 892540319, 1, 0
525108, 995894484, 1, 0
526091, 1008378328, 1, 0
527000, 779972945, 1, 0
528008, 605418950, 1, 0
529244, 684301416, 1, 0
530071, 796308471, 1, 0
531206, 768329164, 1, 0
532088, 901196897, 1, 0
533065, 949283437, 1, 0
534019, 764608742, 1, 0
535045, 994009670, 1, 0
536231, 835570170, 1, 0
537034, 932025607, 1, 0
538086, 692903086, 1, 0
539102, 614957087, 1, 0
540008, 769230088, 1, 0
541229, 704372427, 1, 0
542156, 847002739, 1, 0
543040, 1039080170, 1, 0
544014, 1097864893, 1, 0
545190, 531500660, 1, 0
546062, 883397048, 1, 0
547152, 607102388, 1, 0
548114, 782450281, 1, 0
549000, 718929109, 1, 0
550020, 614164905, 1, 0
551021, 770167430, 1, 0
552192, 715827561, 1, 0
553000, 734523238, 1, 0
554013, 922776041, 1, 0
555122, 817315643, 1, 0
556145, 876337461, 1, 0
557051, 820207036, 1, 0
558015, 1041609406, 1, 0
559006, 860808480, 1, 0
560009, 961652072, 1, 0
561026, 923124580, 1, 0
562004, 1135792710, 1, 0
563213, 1067651189, 1, 0
564257, 998494006, 1, 0
565033, 1079813633, 1, 0
566017, 703809519, 1, 0
567033, 967011051, 1, 0
568160, 1063214910, 1, 0
569053, 742776360, 1, 0
570116, 748960672, 1, 0
571105, 952187979, 1, 0
572038, 728224128, 1, 0
573043, 789924692, 1, 0
574033, 771271508, 1, 0
575054, 1068341150, 1, 0
576004, 838694328, 1, 0
577001, 653364259, 1, 0
578029, 737725204, 1, 0
579093, 1029472751, 1, 0
580188, 791833808, 1, 0
581015, 729544574, 1, 0
582168, 731031227, 1, 0
583008, 956587592, 1, 0
584042, 694917679, 1, 0
585113, 881848007, 1, 0
586032, 773884825, 1, 0
587152, 860011048, 1, 0
588152, 874805077, 1, 0
589089, 972205561, 1, 0
590160, 886486221, 1, 0
591066, 771340423, 1, 0
592026, 1190213475, 1, 0
593124, 967519689, 1, 0
594109, 889168300, 1, 0
595103, 855741931, 1, 0
596020, 994750692, 1, 0
597014, 851833824, 1, 0
598068, 687313802, 1, 0
599148, 895723283, 1, 0
600152, 643098652, 1, 0
600154, 571473678, 1, 0
