1004, 178052, 1, 0
2000, 77900, 1, 0
3000, 79405, 1, 0
4000, 70966, 1, 0
5000, 76250, 1, 0
6000, 67294, 1, 0
7000, 80135, 1, 0
8000, 161159, 1, 0
9000, 74906, 1, 0
10000, 68655, 1, 0
11000, 84294, 1, 0
12000, 94798, 1, 0
13000, 82326, 1, 0
14000, 66114, 1, 0
15000, 62469, 1, 0
16000, 71258, 1, 0
17000, 77395, 1, 0
18000, 3177863, 1, 0
19000, 91623, 1, 0
20000, 74544, 1, 0
21000, 80053, 1, 0
22000, 79685, 1, 0
23000, 65596, 1, 0
24000, 62825, 1, 0
25000, 79747, 1, 0
26000, 75328, 1, 0
27000, 76663, 1, 0
28000, 81868, 1, 0
29000, 1841473, 1, 0
30000, 81228, 1, 0
31000, 129483, 1, 0
32000, 69500, 1, 0
33000, 88462, 1, 0
34000, 81398, 1, 0
35000, 68066, 1, 0
36005, 76927, 1, 0
37000, 64980, 1, 0
38000, 70628, 1, 0
39000, 70871, 1, 0
40000, 631238, 1, 0
41000, 70709, 1, 0
42000, 67232, 1, 0
43000, 78996, 1, 0
44000, 83952, 1, 0
45002, 103539, 1, 0
46000, 96210, 1, 0
47000, 87014, 1, 0
48000, 78808, 1, 0
49000, 104096, 1, 0
50000, 76270, 1, 0
51000, 6176275, 1, 0
52000, 110703, 1, 0
53000, 114874, 1, 0
54000, 79782, 1, 0
55000, 83604, 1, 0
56000, 80052, 1, 0
57000, 70508, 1, 0
58000, 80956, 1, 0
59000, 91725, 1, 0
60000, 89851, 1, 0
61000, 86381, 1, 0
62000, 7400242, 1, 0
63000, 82113, 1, 0
64000, 75739, 1, 0
65000, 90071, 1, 0
66000, 73375, 1, 0
67000, 84144, 1, 0
68000, 82084, 1, 0
69000, 76794, 1, 0
70000, 78116, 1, 0
71000, 85377, 1, 0
72000, 85939, 1, 0
73000, 4317883, 1, 0
74000, 95953, 1, 0
75000, 76556, 1, 0
76000, 100617, 1, 0
77000, 92263, 1, 0
78000, 86279, 1, 0
79000, 86235, 1, 0
80000, 94348, 1, 0
81000, 87245, 1, 0
82000, 110095, 1, 0
83000, 78424, 1, 0
84000, 10459530, 1, 0
85000, 67173, 1, 0
86000, 127387, 1, 0
87000, 90333, 1, 0
88000, 99117, 1, 0
89000, 86804, 1, 0
90000, 92127, 1, 0
91000, 72247, 1, 0
92000, 67611, 1, 0
93000, 68913, 1, 0
94000, 85800, 1, 0
95004, 6027679, 1, 0
96000, 3079736, 1, 0
97000, 85448, 1, 0
98000, 84066, 1, 0
99000, 69999, 1, 0
100000, 88580, 1, 0
101000, 60504, 1, 0
102000, 83766, 1, 0
103000, 87059, 1, 0
104000, 77357, 1, 0
105000, 76441, 1, 0
106082, 2532981, 1, 0
107000, 19021052, 1, 0
108000, 69954, 1, 0
109000, 72958, 1, 0
110000, 67055, 1, 0
111000, 68503, 1, 0
112000, 78501, 1, 0
113000, 103633, 1, 0
114000, 90443, 1, 0
115000, 88712, 1, 0
116000, 103049, 1, 0
117000, 92146, 1, 0
118104, 28108133, 1, 0
119071, 579579417, 1, 0
120119, 612340065, 1, 0
121110, 859944389, 1, 0
122144, 769730284, 1, 0
123149, 856281748, 1, 0
124051, 717259065, 1, 0
125009, 677667705, 1, 0
126000, 887565314, 1, 0
127017, 734530881, 1, 0
128006, 578828234, 1, 0
129135, 695092251, 1, 0
130058, 583378834, 1, 0
131012, 824639454, 1, 0
132030, 772498992, 1, 0
133037, 609203992, 1, 0
134044, 686540411, 1, 0
135010, 677228333, 1, 0
136044, 732145651, 1, 0
137176, 632572996, 1, 0
138043, 715691299, 1, 0
139062, 856486663, 1, 0
140028, 739237962, 1, 0
141009, 601646793, 1, 0
142172, 589091273, 1, 0
143056, 660208867, 1, 0
144010, 681772521, 1, 0
145058, 884154871, 1, 0
146030, 870105714, 1, 0
147068, 593453850, 1, 0
148077, 521351231, 1, 0
149212, 774269683, 1, 0
150005, 693111175, 1, 0
151057, 591583390, 1, 0
152055, 826808053, 1, 0
153042, 861844687, 1, 0
154154, 911566855, 1, 0
155187, 1003252470, 1, 0
156002, 846032842, 1, 0
157084, 815675250, 1, 0
158068, 732878308, 1, 0
159176, 624886283, 1, 0
160002, 832039664, 1, 0
161090, 1068129236, 1, 0
162129, 653080995, 1, 0
163040, 883741223, 1, 0
164162, 795756130, 1, 0
165050, 880827736, 1, 0
166010, 717261864, 1, 0
167138, 654695505, 1, 0
168077, 718324894, 1, 0
169135, 751103866, 1, 0
170086, 890705436, 1, 0
171218, 588218567, 1, 0
172229, 793878003, 1, 0
173031, 525670599, 1, 0
174145, 759026954, 1, 0
175258, 679372588, 1, 0
176008, 867597383, 1, 0
177101, 606202887, 1, 0
178008, 559000635, 1, 0
179010, 569417574, 1, 0
180068, 690880417, 1, 0
181039, 775045027, 1, 0
182198, 690902201, 1, 0
183193, 606346146, 1, 0
184096, 1011205215, 1, 0
185012, 772999003, 1, 0
186159, 879249237, 1, 0
187088, 1022835779, 1, 0
188035, 772084586, 1, 0
189113, 770101944, 1, 0
190130, 810417608, 1, 0
191189, 733878636, 1, 0
192113, 903279221, 1, 0
193006, 747707287, 1, 0
194064, 833111805, 1, 0
195124, 766952767, 1, 0
196012, 782459842, 1, 0
197061, 726586819, 1, 0
198001, 599018596, 1, 0
199140, 828194813, 1, 0
200091, 768618383, 1, 0
201045, 817162918, 1, 0
202035, 962599206, 1, 0
203034, 589038323, 1, 0
204049, 832971597, 1, 0
205079, 733792530, 1, 0
206091, 814003040, 1, 0
207006, 792095565, 1, 0
208071, 726525671, 1, 0
209016, 747160930, 1, 0
210044, 794582235, 1, 0
211052, 791575710, 1, 0
212091, 635355605, 1, 0
213034, 758228363, 1, 0
214011, 898500326, 1, 0
215113, 583852435, 1, 0
216061, 797344447, 1, 0
217024, 617950197, 1, 0
218090, 585943741, 1, 0
219049, 906289397, 1, 0
220019, 803777160, 1, 0
221030, 708828389, 1, 0
222163, 809924097, 1, 0
223182, 646805472, 1, 0
224054, 683829981, 1, 0
225070, 661108762, 1, 0
226096, 989744928, 1, 0
227068, 768992149, 1, 0
228081, 1091782149, 1, 0
229039, 804181818, 1, 0
230008, 861120436, 1, 0
231005, 657535162, 1, 0
232188, 708168390, 1, 0
233032, 742125250, 1, 0
234045, 717380534, 1, 0
235064, 745429739, 1, 0
236044, 755931013, 1, 0
237158, 976844374, 1, 0
238051, 875675724, 1, 0
239011, 942623831, 1, 0
240053, 698321835, 1, 0
241203, 938124277, 1, 0
242012, 1270769462, 1, 0
243008, 825431769, 1, 0
244025, 551300331, 1, 0
245001, 650311401, 1, 0
246073, 605033323, 1, 0
247009, 874760496, 1, 0
248019, 711515499, 1, 0
249175, 699359402, 1, 0
250069, 665803421, 1, 0
251054, 689274327, 1, 0
252024, 705285271, 1, 0
253093, 708266111, 1, 0
254004, 960584707, 1, 0
255153, 788062776, 1, 0
256010, 920775310, 1, 0
257099, 843783679, 1, 0
258111, 738421022, 1, 0
259083, 709930558, 1, 0
260196, 577326493, 1, 0
261110, 748379970, 1, 0
262003, 950812796, 1, 0
263206, 689139686, 1, 0
264128, 658969304, 1, 0
265031, 693329033, 1, 0
266098, 757140402, 1, 0
267039, 839267710, 1, 0
268074, 875241215, 1, 0
269222, 633918656, 1, 0
270033, 800969307, 1, 0
271001, 722046580, 1, 0
272034, 654173900, 1, 0
273069, 692900103, 1, 0
274014, 651999098, 1, 0
275125, 646595499, 1, 0
276071, 714730530, 1, 0
277088, 656558109, 1, 0
278084, 837819702, 1, 0
279079, 1015944775, 1, 0
280124, 994858899, 1, 0
281040, 779021541, 1, 0
282031, 609171877, 1, 0
283178, 543919264, 1, 0
284074, 614646691, 1, 0
285060, 684655541, 1, 0
286064, 685586669, 1, 0
287050, 663689554, 1, 0
288075, 839383046, 1, 0
289006, 794883833, 1, 0
290039, 688841782, 1, 0
291065, 605484615, 1, 0
292057, 525480658, 1, 0
293153, 770553382, 1, 0
294009, 630130475, 1, 0
295093, 693250473, 1, 0
296001, 811554669, 1, 0
297033, 640701665, 1, 0
298166, 1055035526, 1, 0
299106, 1036554112, 1, 0
300088, 822476765, 1, 0
301084, 967657427, 1, 0
302237, 656046128, 1, 0
303029, 887938245, 1, 0
304055, 945264490, 1, 0
305044, 868899829, 1, 0
306016, 713382996, 1, 0
307027, 639864963, 1, 0
308030, 809585388, 1, 0
309036, 833887819, 1, 0
310099, 843596075, 1, 0
311055, 857956198, 1, 0
312004, 708215078, 1, 0
313178, 775107907, 1, 0
314005, 924839059, 1, 0
315060, 683464439, 1, 0
316002, 838297930, 1, 0
317161, 785242026, 1, 0
318028, 893701184, 1, 0
319090, 824525123, 1, 0
320040, 682090771, 1, 0
321141, 831151834, 1, 0
322045, 839414544, 1, 0
323205, 806748002, 1, 0
324115, 983858204, 1, 0
325031, 629157682, 1, 0
326021, 779732531, 1, 0
327016, 854082295, 1, 0
328008, 783376610, 1, 0
329202, 637737285, 1, 0
330010, 902739837, 1, 0
331000, 678995400, 1, 0
332012, 596984149, 1, 0
333015, 655618069, 1, 0
334034, 836247678, 1, 0
335075, 976605104, 1, 0
336066, 1035415681, 1, 0
337022, 863283078, 1, 0
338157, 769296901, 1, 0
339013, 625709412, 1, 0
340150, 767357622, 1, 0
341108, 897404252, 1, 0
342010, 677828747, 1, 0
343158, 631471382, 1, 0
344081, 1035713530, 1, 0
345158, 750161797, 1, 0
346013, 795778565, 1, 0
347048, 644249441, 1, 0
348161, 883759321, 1, 0
349183, 796216242, 1, 0
350192, 765740422, 1, 0
351076, 794092176, 1, 0
352207, 930641712, 1, 0
353115, 831739142, 1, 0
354025, 601012530, 1, 0
355115, 996104266, 1, 0
356091, 881989858, 1, 0
357008, 1052182836, 1, 0
358081, 662965207, 1, 0
359004, 783935959, 1, 0
360067, 842613259, 1, 0
361020, 1124414567, 1, 0
362088, 856813151, 1, 0
363204, 615468796, 1, 0
364072, 869330515, 1, 0
365076, 982641223, 1, 0
366114, 860920121, 1, 0
367029, 840540170, 1, 0
368052, 588516557, 1, 0
369035, 670106150, 1, 0
370005, 855575962, 1, 0
371204, 878018402, 1, 0
372027, 775704928, 1, 0
373055, 696110537, 1, 0
374089, 836346599, 1, 0
375006, 873455200, 1, 0
376247, 766247504, 1, 0
377022, 839259611, 1, 0
378108, 711632406, 1, 0
379135, 819224616, 1, 0
380162, 651250539, 1, 0
381012, 624956236, 1, 0
382027, 967463014, 1, 0
383048, 756952470, 1, 0
384086, 701599528, 1, 0
385021, 924423323, 1, 0
386059, 796653980, 1, 0
387012, 635362816, 1, 0
388090, 636697109, 1, 0
389072, 945655365, 1, 0
390104, 1165402142, 1, 0
391001, 718008071, 1, 0
392173, 815608342, 1, 0
393108, 780778679, 1, 0
394010, 795662289, 1, 0
395114, 835406064, 1, 0
396215, 945281088, 1, 0
397069, 895160794, 1, 0
398042, 819846481, 1, 0
399013, 644797192, 1, 0
400034, 913036985, 1, 0
401190, 747532189, 1, 0
402051, 881845170, 1, 0
403005, 778128236, 1, 0
404003, 581774124, 1, 0
405125, 624556322, 1, 0
406017, 970399696, 1, 0
407001, 811102259, 1, 0
408131, 656032312, 1, 0
409053, 1033481686, 1, 0
410051, 1008753032, 1, 0
411170, 781517617, 1, 0
412013, 807002047, 1, 0
413081, 768901166, 1, 0
414051, 939200740, 1, 0
415099, 791546118, 1, 0
416185, 737037506, 1, 0
417000, 588960774, 1, 0
418040, 813850949, 1, 0
419088, 888469654, 1, 0
420024, 1173019604, 1, 0
421182, 956192399, 1, 0
422017, 597907939, 1, 0
423005, 760116238, 1, 0
424079, 881986357, 1, 0
425002, 786804844, 1, 0
426040, 665127845, 1, 0
427086, 1041880600, 1, 0
428023, 634668157, 1, 0
429128, 735415596, 1, 0
430032, 811869077, 1, 0
431036, 786119555, 1, 0
432022, 632326700, 1, 0
433044, 788057408, 1, 0
434158, 929358602, 1, 0
435093, 734249122, 1, 0
436013, 880308045, 1, 0
437003, 928947477, 1, 0
438058, 594169174, 1, 0
439000, 667224225, 1, 0
440013, 764375743, 1, 0
441161, 850507384, 1, 0
442007, 1091101944, 1, 0
443092, 610795898, 1, 0
444012, 700467271, 1, 0
445004, 642826259, 1, 0
446097, 742430310, 1, 0
447070, 634190881, 1, 0
448014, 825310723, 1, 0
449161, 674106189, 1, 0
450180, 858328010, 1, 0
451259, 868284903, 1, 0
452010, 938580179, 1, 0
453077, 780661242, 1, 0
454006, 687670295, 1, 0
455010, 626098226, 1, 0
456012, 800583559, 1, 0
457110, 859243264, 1, 0
458056, 994331162, 1, 0
459004, 1118534440, 1, 0
460099, 740292649, 1, 0
461075, 856014783, 1, 0
462012, 803822376, 1, 0
463070, 723503208, 1, 0
464024, 811830519, 1, 0
465146, 864475258, 1, 0
466100, 884135173, 1, 0
467064, 987307718, 1, 0
468005, 739276908, 1, 0
469211, 775447607, 1, 0
470020, 818174232, 1, 0
471188, 765019207, 1, 0
472067, 961220694, 1, 0
473127, 1021742137, 1, 0
474138, 666099595, 1, 0
475076, 841058265, 1, 0
476019, 1020238977, 1, 0
477055, 808071599, 1, 0
478103, 915596029, 1, 0
479052, 847016083, 1, 0
480075, 666635883, 1, 0
481109, 920759889, 1, 0
482036, 584345551, 1, 0
483095, 864113532, 1, 0
484072, 1219826755, 1, 0
485173, 788815569, 1, 0
486126, 842903122, 1, 0
487013, 743289531, 1, 0
488094, 947429246, 1, 0
489041, 840723433, 1, 0
490011, 894310956, 1, 0
491062, 859481423, 1, 0
492038, 848236165, 1, 0
493029, 962295408, 1, 0
494047, 965411644, 1, 0
495057, 742867797, 1, 0
496127, 831673108, 1, 0
497042, 687916208, 1, 0
498000, 678419876, 1, 0
499026, 1005929321, 1, 0
500206, 706085888, 1, 0
501103, 829050737, 1, 0
502079, 947283804, 1, 0
503180, 719594029, 1, 0
504102, 834176132, 1, 0
505004, 848422957, 1, 0
506152, 755883173, 1, 0
507005, 800781322, 1, 0
508040, 798160632, 1, 0
509077, 696264832, 1, 0
510005, 902834529, 1, 0
511070, 712744764, 1, 0
512007, 716657295, 1, 0
513196, 893565977, 1, 0
514208, 950175835, 1, 0
515026, 930631216, 1, 0
516089, 881752702, 1, 0
517142, 929034074, 1, 0
518051, 627666682, 1, 0
519018, 911837980, 1, 0
520064, 639238870, 1, 0
521087, 631858246, 1, 0
522003, 802682010, 1, 0
523010, 681784034, 1, 0
524024, 782823360, 1, 0
525170, 740763336, 1, 0
526089, 677740377, 1, 0
527027, 842725543, 1, 0
528058, 994598412, 1, 0
529000, 719071064, 1, 0
530038, 947360416, 1, 0
531223, 1004351486, 1, 0
532071, 902909667, 1, 0
533083, 780840346, 1, 0
534045, 768500542, 1, 0
535103, 852644690, 1, 0
536003, 779724008, 1, 0
537071, 830591353, 1, 0
538034, 835230182, 1, 0
539067, 708303992, 1, 0
540008, 887290536, 1, 0
541171, 764797216, 1, 0
542130, 693190661, 1, 0
543114, 987263511, 1, 0
544225, 1048668134, 1, 0
545161, 945651415, 1, 0
546042, 1177653969, 1, 0
547007, 890953140, 1, 0
548075, 722197483, 1, 0
549001, 737643040, 1, 0
550001, 813899275, 1, 0
551021, 633296092, 1, 0
552128, 839519395, 1, 0
553154, 798663610, 1, 0
554033, 801048681, 1, 0
555089, 768907320, 1, 0
556145, 670140114, 1, 0
557011, 713192536, 1, 0
558015, 693217621, 1, 0
559070, 794943355, 1, 0
560059, 784747476, 1, 0
561007, 770730655, 1, 0
562060, 789707285, 1, 0
563148, 655444253, 1, 0
564237, 676121597, 1, 0
565056, 766700445, 1, 0
566036, 780860466, 1, 0
567020, 710835435, 1, 0
568198, 648078918, 1, 0
569052, 922479352, 1, 0
570141, 919213511, 1, 0
571104, 765260756, 1, 0
572038, 646443731, 1, 0
573078, 816075817, 1, 0
574116, 969281063, 1, 0
575220, 786769210, 1, 0
576005, 892066321, 1, 0
577002, 888427810, 1, 0
578012, 780713075, 1, 0
579142, 978967238, 1, 0
580207, 904539143, 1, 0
581015, 799116615, 1, 0
582028, 813504389, 1, 0
583141, 675730754, 1, 0
584025, 926719168, 1, 0
585087, 787336736, 1, 0
586055, 871286586, 1, 0
587006, 645382475, 1, 0
588001, 908960051, 1, 0
589069, 864244351, 1, 0
590177, 955292098, 1, 0
591043, 754676088, 1, 0
592046, 689844525, 1, 0
593079, 914067458, 1, 0
594096, 748321317, 1, 0
595129, 955286391, 1, 0
596006, 1064204183, 1, 0
597014, 690905751, 1, 0
598047, 914614451, 1, 0
599050, 824577422, 1, 0
600126, 750345824, 1, 0
600154, 496504027, 1, 0
