999, 1535, 1, 0
1999, 1539, 1, 0
3000, 1536, 1, 0
3999, 1536, 1, 0
4999, 1538, 1, 0
5999, 1537, 1, 0
7000, 1536, 1, 0
8000, 1537, 1, 0
8999, 1536, 1, 0
9999, 1537, 1, 0
10999, 1537, 1, 0
12000, 1536, 1, 0
12999, 1536, 1, 0
13999, 1538, 1, 0
14999, 1537, 1, 0
15999, 1537, 1, 0
17000, 1536, 1, 0
17999, 1536, 1, 0
18999, 1537, 1, 0
19999, 1538, 1, 0
21000, 1536, 1, 0
22000, 1537, 1, 0
22999, 1536, 1, 0
23999, 1537, 1, 0
24999, 1537, 1, 0
26000, 1536, 1, 0
26999, 1536, 1, 0
27999, 1537, 1, 0
28999, 1538, 1, 0
30000, 1536, 1, 0
31000, 1537, 1, 0
31999, 1535, 1, 0
32999, 1538, 1, 0
33999, 1537, 1, 0
35000, 1536, 1, 0
36000, 1537, 1, 0
36999, 1535, 1, 0
37999, 1538, 1, 0
38999, 1537, 1, 0
40000, 1536, 1, 0
41000, 1537, 1, 0
41999, 1535, 1, 0
42999, 1538, 1, 0
43999, 1537, 1, 0
45000, 1530, 1, 0
45999, 1542, 1, 0
46999, 1538, 1, 0
47999, 1537, 1, 0
49000, 1536, 1, 0
50000, 1537, 1, 0
50999, 1536, 1, 0
51999, 1537, 1, 0
52999, 1537, 1, 0
54000, 1536, 1, 0
54999, 1536, 1, 0
55999, 1538, 1, 0
56999, 1537, 1, 0
57999, 1537, 1, 0
59000, 1536, 1, 0
59999, 1536, 1, 0
60999, 1538, 1, 0
61999, 1537, 1, 0
62999, 1537, 1, 0
64000, 1536, 1, 0
65000, 1537, 1, 0
65999, 1535, 1, 0
66999, 1538, 1, 0
67999, 1537, 1, 0
69000, 1536, 1, 0
69999, 1536, 1, 0
70999, 1538, 1, 0
71999, 1537, 1, 0
72999, 1537, 1, 0
74000, 1537, 1, 0
74999, 1535, 1, 0
75999, 1538, 1, 0
76999, 1537, 1, 0
77999, 1537, 1, 0
79000, 1537, 1, 0
79999, 1535, 1, 0
80999, 1538, 1, 0
81999, 1537, 1, 0
82999, 1537, 1, 0
84000, 1537, 1, 0
84999, 1535, 1, 0
85999, 1538, 1, 0
86999, 1537, 1, 0
87999, 1537, 1, 0
89000, 1536, 1, 0
90000, 1537, 1, 0
90999, 1536, 1, 0
91999, 1537, 1, 0
92999, 1537, 1, 0
94000, 1536, 1, 0
95000, 1443, 1, 0
95999, 1630, 1, 0
96999, 1537, 1, 0
97999, 1537, 1, 0
99000, 1537, 1, 0
99999, 1535, 1, 0
100999, 1538, 1, 0
101999, 1537, 1, 0
102999, 1537, 1, 0
104000, 1536, 1, 0
104999, 1528, 1, 0
105999, 1464, 1, 0
106999, 1619, 1, 0
108000, 1536, 1, 0
108999, 1536, 1, 0
109999, 1537, 1, 0
110999, 1538, 1, 0
111999, 1537, 1, 0
113000, 1536, 1, 0
113999, 1536, 1, 0
114999, 1538, 1, 0
115999, 1537, 1, 0
117000, 1536, 1, 0
117999, 904, 1, 0
118999, 98, 1, 0
120000, 87, 1, 0
121000, 83, 1, 0
121999, 60, 1, 0
123000, 123, 1, 0
123999, 58, 1, 0
124999, 43, 1, 0
126000, 73, 1, 0
126999, 101, 1, 0
127999, 99, 1, 0
129000, 55, 1, 0
129999, 59, 1, 0
131000, 53, 1, 0
131999, 105, 1, 0
132999, 86, 1, 0
134000, 94, 1, 0
134999, 71, 1, 0
135999, 47, 1, 0
137000, 87, 1, 0
137999, 91, 1, 0
138999, 99, 1, 0
140000, 76, 1, 0
140999, 65, 1, 0
142000, 68, 1, 0
142999, 61, 1, 0
143999, 124, 1, 0
145000, 80, 1, 0
145999, 103, 1, 0
146999, 88, 1, 0
148000, 77, 1, 0
148999, 109, 1, 0
149999, 87, 1, 0
150999, 82, 1, 0
152000, 74, 1, 0
152999, 86, 1, 0
153999, 77, 1, 0
154999, 79, 1, 0
156000, 87, 1, 0
156999, 81, 1, 0
157999, 69, 1, 0
159000, 70, 1, 0
159999, 96, 1, 0
160999, 105, 1, 0
162000, 90, 1, 0
162999, 67, 1, 0
163999, 74, 1, 0
165000, 82, 1, 0
165999, 71, 1, 0
167000, 65, 1, 0
167999, 87, 1, 0
168999, 88, 1, 0
170000, 106, 1, 0
170999, 106, 1, 0
171999, 65, 1, 0
173000, 65, 1, 0
173999, 60, 1, 0
174999, 73, 1, 0
176000, 73, 1, 0
176999, 77, 1, 0
177999, 72, 1, 0
179000, 85, 1, 0
179999, 69, 1, 0
180999, 71, 1, 0
182000, 88, 1, 0
182999, 81, 1, 0
183999, 77, 1, 0
185000, 91, 1, 0
185999, 74, 1, 0
186999, 111, 1, 0
188000, 99, 1, 0
188999, 88, 1, 0
189999, 69, 1, 0
191000, 82, 1, 0
191999, 81, 1, 0
192999, 84, 1, 0
194000, 91, 1, 0
194999, 65, 1, 0
195999, 84, 1, 0
197000, 66, 1, 0
197999, 115, 1, 0
198999, 78, 1, 0
200000, 90, 1, 0
200999, 93, 1, 0
202000, 59, 1, 0
202999, 70, 1, 0
203999, 73, 1, 0
205000, 97, 1, 0
205999, 87, 1, 0
206999, 79, 1, 0
208000, 72, 1, 0
208999, 74, 1, 0
209999, 87, 1, 0
211000, 115, 1, 0
211999, 81, 1, 0
212999, 138, 1, 0
214000, 56, 1, 0
214999, 97, 1, 0
216000, 59, 1, 0
216999, 92, 1, 0
217999, 122, 1, 0
219000, 88, 1, 0
219999, 60, 1, 0
220999, 66, 1, 0
222000, 89, 1, 0
222999, 78, 1, 0
223999, 91, 1, 0
225000, 76, 1, 0
225999, 83, 1, 0
226999, 91, 1, 0
228000, 82, 1, 0
229000, 96, 1, 0
229999, 116, 1, 0
231000, 68, 1, 0
231999, 81, 1, 0
232999, 48, 1, 0
234000, 77, 1, 0
234999, 70, 1, 0
235999, 86, 1, 0
237000, 82, 1, 0
237999, 84, 1, 0
238999, 86, 1, 0
240000, 66, 1, 0
240999, 70, 1, 0
241999, 67, 1, 0
243000, 50, 1, 0
243999, 72, 1, 0
244999, 71, 1, 0
246000, 87, 1, 0
246999, 54, 1, 0
247999, 60, 1, 0
249000, 109, 1, 0
249999, 90, 1, 0
250999, 81, 1, 0
252000, 81, 1, 0
252999, 58, 1, 0
254000, 82, 1, 0
254999, 89, 1, 0
255999, 74, 1, 0
257000, 99, 1, 0
257999, 83, 1, 0
258999, 103, 1, 0
260000, 57, 1, 0
260999, 90, 1, 0
261999, 114, 1, 0
263000, 55, 1, 0
263999, 55, 1, 0
265000, 100, 1, 0
265999, 73, 1, 0
266999, 67, 1, 0
268000, 65, 1, 0
268999, 85, 1, 0
269999, 79, 1, 0
270999, 74, 1, 0
271999, 61, 1, 0
273000, 87, 1, 0
273999, 84, 1, 0
274999, 78, 1, 0
276000, 74, 1, 0
276999, 70, 1, 0
277999, 58, 1, 0
279000, 92, 1, 0
279999, 52, 1, 0
280999, 95, 1, 0
282000, 70, 1, 0
282999, 91, 1, 0
284000, 66, 1, 0
284999, 63, 1, 0
285999, 62, 1, 0
287000, 55, 1, 0
287999, 95, 1, 0
288999, 79, 1, 0
290000, 71, 1, 0
291000, 81, 1, 0
291999, 80, 1, 0
293000, 86, 1, 0
293999, 108, 1, 0
294999, 76, 1, 0
296000, 71, 1, 0
296999, 84, 1, 0
297999, 68, 1, 0
299000, 79, 1, 0
299999, 83, 1, 0
300999, 90, 1, 0
302000, 90, 1, 0
302999, 65, 1, 0
303999, 81, 1, 0
305000, 58, 1, 0
305999, 51, 1, 0
307000, 58, 1, 0
307999, 82, 1, 0
308999, 63, 1, 0
310000, 51, 1, 0
310999, 62, 1, 0
311999, 86, 1, 0
313000, 100, 1, 0
313999, 62, 1, 0
314999, 82, 1, 0
316000, 74, 1, 0
316999, 53, 1, 0
317999, 77, 1, 0
318999, 58, 1, 0
319999, 61, 1, 0
321000, 82, 1, 0
321999, 83, 1, 0
322999, 85, 1, 0
324000, 88, 1, 0
324999, 108, 1, 0
325999, 103, 1, 0
327000, 89, 1, 0
327999, 58, 1, 0
328999, 94, 1, 0
329999, 51, 1, 0
330999, 75, 1, 0
332000, 99, 1, 0
332999, 109, 1, 0
333999, 63, 1, 0
335000, 98, 1, 0
335999, 66, 1, 0
336999, 88, 1, 0
338000, 80, 1, 0
338999, 88, 1, 0
339999, 72, 1, 0
341000, 76, 1, 0
341999, 83, 1, 0
343000, 63, 1, 0
343999, 54, 1, 0
344999, 72, 1, 0
346000, 76, 1, 0
346999, 94, 1, 0
347999, 71, 1, 0
349000, 88, 1, 0
349999, 48, 1, 0
350999, 91, 1, 0
352000, 67, 1, 0
352999, 91, 1, 0
353999, 93, 1, 0
355000, 57, 1, 0
355999, 77, 1, 0
356999, 59, 1, 0
358000, 87, 1, 0
358999, 61, 1, 0
359999, 97, 1, 0
361000, 110, 1, 0
361999, 102, 1, 0
363000, 59, 1, 0
364000, 94, 1, 0
364999, 78, 1, 0
366000, 41, 1, 0
366999, 75, 1, 0
367999, 63, 1, 0
369000, 53, 1, 0
369999, 92, 1, 0
370999, 84, 1, 0
372000, 76, 1, 0
372999, 83, 1, 0
373999, 72, 1, 0
375000, 71, 1, 0
375999, 58, 1, 0
376999, 87, 1, 0
378000, 89, 1, 0
378999, 59, 1, 0
379999, 91, 1, 0
381000, 68, 1, 0
381999, 54, 1, 0
382999, 55, 1, 0
383999, 77, 1, 0
384999, 85, 1, 0
386000, 86, 1, 0
386999, 88, 1, 0
387999, 74, 1, 0
389000, 77, 1, 0
389999, 82, 1, 0
390999, 68, 1, 0
392000, 76, 1, 0
392999, 85, 1, 0
393999, 91, 1, 0
395000, 68, 1, 0
395999, 62, 1, 0
396999, 64, 1, 0
398000, 58, 1, 0
398999, 82, 1, 0
399999, 60, 1, 0
401000, 99, 1, 0
401999, 79, 1, 0
402999, 87, 1, 0
404000, 98, 1, 0
404999, 74, 1, 0
405999, 96, 1, 0
407000, 69, 1, 0
407999, 83, 1, 0
408999, 68, 1, 0
410000, 82, 1, 0
410999, 74, 1, 0
411999, 63, 1, 0
413000, 63, 1, 0
413999, 79, 1, 0
414999, 72, 1, 0
416000, 88, 1, 0
416999, 71, 1, 0
418000, 100, 1, 0
419000, 54, 1, 0
419999, 83, 1, 0
421000, 93, 1, 0
421999, 76, 1, 0
422999, 54, 1, 0
424000, 77, 1, 0
424999, 110, 1, 0
425999, 61, 1, 0
427000, 94, 1, 0
427999, 81, 1, 0
428999, 113, 1, 0
430000, 66, 1, 0
430999, 112, 1, 0
431999, 75, 1, 0
433000, 73, 1, 0
433999, 76, 1, 0
434999, 105, 1, 0
436000, 75, 1, 0
436999, 76, 1, 0
437999, 77, 1, 0
439000, 81, 1, 0
439999, 93, 1, 0
440999, 105, 1, 0
442000, 69, 1, 0
442999, 87, 1, 0
444000, 79, 1, 0
444999, 103, 1, 0
445999, 69, 1, 0
447000, 91, 1, 0
447999, 50, 1, 0
448999, 62, 1, 0
450000, 60, 1, 0
450999, 84, 1, 0
451999, 81, 1, 0
453000, 57, 1, 0
453999, 88, 1, 0
454999, 80, 1, 0
456000, 37, 1, 0
456999, 90, 1, 0
457999, 50, 1, 0
459000, 82, 1, 0
459999, 98, 1, 0
460999, 75, 1, 0
462000, 105, 1, 0
462999, 95, 1, 0
463999, 54, 1, 0
465000, 76, 1, 0
465999, 86, 1, 0
467000, 57, 1, 0
468000, 81, 1, 0
468999, 42, 1, 0
470000, 94, 1, 0
470999, 92, 1, 0
471999, 59, 1, 0
473000, 90, 1, 0
473999, 82, 1, 0
474999, 76, 1, 0
476000, 61, 1, 0
476999, 85, 1, 0
477999, 98, 1, 0
479000, 91, 1, 0
479999, 88, 1, 0
480999, 79, 1, 0
482000, 63, 1, 0
482999, 80, 1, 0
484000, 91, 1, 0
485000, 69, 1, 0
485999, 58, 1, 0
487000, 61, 1, 0
487999, 56, 1, 0
488999, 47, 1, 0
490000, 50, 1, 0
490999, 79, 1, 0
491999, 66, 1, 0
493000, 86, 1, 0
493999, 49, 1, 0
495000, 82, 1, 0
496000, 69, 1, 0
496999, 84, 1, 0
497999, 87, 1, 0
499000, 68, 1, 0
499999, 44, 1, 0
501000, 104, 1, 0
501999, 84, 1, 0
502999, 82, 1, 0
504000, 75, 1, 0
505000, 72, 1, 0
505999, 94, 1, 0
507000, 59, 1, 0
507999, 102, 1, 0
508999, 80, 1, 0
510000, 87, 1, 0
510999, 71, 1, 0
511999, 68, 1, 0
513000, 54, 1, 0
513999, 75, 1, 0
514999, 84, 1, 0
516000, 50, 1, 0
516999, 76, 1, 0
518000, 54, 1, 0
518999, 77, 1, 0
519999, 67, 1, 0
521000, 72, 1, 0
521999, 109, 1, 0
522999, 63, 1, 0
524000, 86, 1, 0
524999, 54, 1, 0
525999, 65, 1, 0
527000, 67, 1, 0
527999, 80, 1, 0
528999, 96, 1, 0
530000, 74, 1, 0
530999, 59, 1, 0
531999, 73, 1, 0
533000, 71, 1, 0
533999, 53, 1, 0
535000, 96, 1, 0
536000, 70, 1, 0
536999, 76, 1, 0
538000, 79, 1, 0
538999, 71, 1, 0
539999, 73, 1, 0
541000, 108, 1, 0
541999, 60, 1, 0
542999, 91, 1, 0
544000, 85, 1, 0
544999, 82, 1, 0
545999, 63, 1, 0
547000, 41, 1, 0
547999, 69, 1, 0
548999, 80, 1, 0
550000, 87, 1, 0
550999, 88, 1, 0
551999, 56, 1, 0
553000, 75, 1, 0
553999, 88, 1, 0
554999, 62, 1, 0
556000, 77, 1, 0
556999, 81, 1, 0
557999, 85, 1, 0
559000, 54, 1, 0
559999, 50, 1, 0
561000, 61, 1, 0
561999, 97, 1, 0
562999, 105, 1, 0
564000, 80, 1, 0
564999, 53, 1, 0
565999, 63, 1, 0
567000, 81, 1, 0
567999, 55, 1, 0
568999, 69, 1, 0
570000, 57, 1, 0
570999, 77, 1, 0
571999, 92, 1, 0
573000, 71, 1, 0
573999, 75, 1, 0
575000, 76, 1, 0
575999, 71, 1, 0
576999, 66, 1, 0
578000, 71, 1, 0
578999, 77, 1, 0
579999, 96, 1, 0
581000, 76, 1, 0
581999, 81, 1, 0
582999, 62, 1, 0
584000, 82, 1, 0
584999, 70, 1, 0
586000, 78, 1, 0
586999, 54, 1, 0
587999, 112, 1, 0
589000, 84, 1, 0
589999, 77, 1, 0
590999, 103, 1, 0
592000, 73, 1, 0
592999, 100, 1, 0
593999, 61, 1, 0
595000, 67, 1, 0
596000, 101, 1, 0
596999, 72, 1, 0
598000, 76, 1, 0
598999, 73, 1, 0
599999, 82, 1, 0
