999, 1535, 1, 0
1999, 1539, 1, 0
3000, 1536, 1, 0
3999, 1536, 1, 0
4999, 1538, 1, 0
5999, 1537, 1, 0
7000, 1536, 1, 0
8000, 1537, 1, 0
8999, 1536, 1, 0
9999, 1537, 1, 0
10999, 1537, 1, 0
12000, 1537, 1, 0
12999, 1535, 1, 0
13999, 1538, 1, 0
14999, 1537, 1, 0
15999, 1537, 1, 0
17000, 1536, 1, 0
17999, 1536, 1, 0
18999, 1538, 1, 0
19999, 1537, 1, 0
21000, 1536, 1, 0
22000, 1537, 1, 0
22999, 1535, 1, 0
23999, 1538, 1, 0
25000, 1537, 1, 0
26000, 1537, 1, 0
26999, 1535, 1, 0
27999, 1538, 1, 0
28999, 1537, 1, 0
30000, 1536, 1, 0
31000, 1537, 1, 0
31999, 1536, 1, 0
32999, 1537, 1, 0
33999, 1537, 1, 0
35000, 1536, 1, 0
36000, 1536, 1, 0
36999, 1536, 1, 0
37999, 1538, 1, 0
38999, 1537, 1, 0
40000, 1536, 1, 0
41000, 1537, 1, 0
41999, 1536, 1, 0
42999, 1537, 1, 0
43999, 1537, 1, 0
45000, 1530, 1, 0
45999, 1542, 1, 0
46999, 1538, 1, 0
47999, 1537, 1, 0
49000, 1536, 1, 0
50000, 1537, 1, 0
50999, 1536, 1, 0
51999, 1537, 1, 0
52999, 1537, 1, 0
54000, 1537, 1, 0
54999, 1535, 1, 0
55999, 1538, 1, 0
56999, 1537, 1, 0
57999, 1537, 1, 0
59000, 1536, 1, 0
59999, 1536, 1, 0
60999, 1538, 1, 0
61999, 1536, 1, 0
62999, 1538, 1, 0
64000, 1536, 1, 0
65000, 1537, 1, 0
65999, 1536, 1, 0
66999, 1537, 1, 0
67999, 1537, 1, 0
69000, 1537, 1, 0
69999, 1535, 1, 0
70999, 1538, 1, 0
71999, 1537, 1, 0
73000, 1537, 1, 0
74000, 1537, 1, 0
74999, 1536, 1, 0
75999, 1537, 1, 0
76999, 1537, 1, 0
78000, 1536, 1, 0
79000, 1537, 1, 0
79999, 1535, 1, 0
80999, 1538, 1, 0
81999, 1537, 1, 0
82999, 1537, 1, 0
84000, 1537, 1, 0
84999, 1535, 1, 0
85999, 1538, 1, 0
86999, 1537, 1, 0
87999, 1537, 1, 0
89000, 1537, 1, 0
90000, 1536, 1, 0
90999, 1536, 1, 0
91999, 1537, 1, 0
92999, 1537, 1, 0
94000, 1536, 1, 0
95000, 1354, 1, 0
95999, 1719, 1, 0
96999, 1537, 1, 0
97999, 1537, 1, 0
99000, 1536, 1, 0
99999, 1536, 1, 0
100999, 1538, 1, 0
101999, 1537, 1, 0
103000, 1536, 1, 0
104000, 1537, 1, 0
104999, 1527, 1, 0
105999, 1464, 1, 0
106999, 1619, 1, 0
108000, 1536, 1, 0
108999, 1536, 1, 0
109999, 1538, 1, 0
110999, 1537, 1, 0
111999, 1537, 1, 0
113000, 1537, 1, 0
113999, 1535, 1, 0
114999, 1537, 1, 0
115999, 1538, 1, 0
117000, 1536, 1, 0
117999, 1138, 1, 0
118999, 90, 1, 0
120000, 71, 1, 0
121000, 88, 1, 0
121999, 81, 1, 0
123000, 101, 1, 0
123999, 111, 1, 0
124999, 104, 1, 0
126000, 60, 1, 0
126999, 74, 1, 0
127999, 86, 1, 0
129000, 92, 1, 0
129999, 63, 1, 0
131000, 64, 1, 0
131999, 92, 1, 0
132999, 75, 1, 0
134000, 82, 1, 0
134999, 95, 1, 0
135999, 74, 1, 0
137000, 54, 1, 0
137999, 63, 1, 0
138999, 94, 1, 0
140000, 73, 1, 0
140999, 99, 1, 0
142000, 81, 1, 0
142999, 78, 1, 0
143999, 92, 1, 0
145000, 95, 1, 0
145999, 90, 1, 0
146999, 56, 1, 0
148000, 81, 1, 0
148999, 75, 1, 0
149999, 74, 1, 0
151000, 93, 1, 0
152000, 84, 1, 0
152999, 50, 1, 0
153999, 108, 1, 0
154999, 97, 1, 0
156000, 67, 1, 0
156999, 58, 1, 0
157999, 106, 1, 0
159000, 91, 1, 0
159999, 88, 1, 0
160999, 109, 1, 0
162000, 109, 1, 0
162999, 102, 1, 0
164000, 88, 1, 0
165000, 62, 1, 0
165999, 84, 1, 0
167000, 74, 1, 0
167999, 60, 1, 0
168999, 129, 1, 0
170000, 107, 1, 0
170999, 85, 1, 0
171999, 79, 1, 0
173000, 80, 1, 0
173999, 104, 1, 0
174999, 78, 1, 0
176000, 70, 1, 0
176999, 89, 1, 0
177999, 88, 1, 0
179000, 70, 1, 0
179999, 85, 1, 0
180999, 70, 1, 0
182000, 89, 1, 0
182999, 99, 1, 0
183999, 69, 1, 0
185000, 84, 1, 0
185999, 76, 1, 0
186999, 77, 1, 0
188000, 73, 1, 0
188999, 94, 1, 0
189999, 74, 1, 0
191000, 89, 1, 0
191999, 98, 1, 0
192999, 66, 1, 0
194000, 78, 1, 0
194999, 84, 1, 0
195999, 104, 1, 0
197000, 63, 1, 0
197999, 86, 1, 0
199000, 96, 1, 0
200000, 96, 1, 0
200999, 74, 1, 0
202000, 55, 1, 0
202999, 68, 1, 0
203999, 77, 1, 0
205000, 79, 1, 0
205999, 108, 1, 0
206999, 84, 1, 0
208000, 48, 1, 0
208999, 83, 1, 0
209999, 105, 1, 0
211000, 74, 1, 0
211999, 91, 1, 0
213000, 86, 1, 0
214000, 87, 1, 0
214999, 57, 1, 0
216000, 105, 1, 0
216999, 66, 1, 0
217999, 79, 1, 0
219000, 74, 1, 0
219999, 93, 1, 0
220999, 72, 1, 0
222000, 99, 1, 0
222999, 55, 1, 0
223999, 99, 1, 0
225000, 66, 1, 0
225999, 105, 1, 0
226999, 94, 1, 0
228000, 75, 1, 0
229000, 133, 1, 0
229999, 85, 1, 0
231000, 98, 1, 0
231999, 100, 1, 0
232999, 72, 1, 0
234000, 80, 1, 0
234999, 71, 1, 0
235999, 85, 1, 0
237000, 86, 1, 0
237999, 65, 1, 0
238999, 88, 1, 0
240000, 73, 1, 0
240999, 52, 1, 0
241999, 119, 1, 0
243000, 78, 1, 0
243999, 66, 1, 0
244999, 101, 1, 0
246000, 77, 1, 0
246999, 90, 1, 0
248000, 90, 1, 0
249000, 82, 1, 0
249999, 57, 1, 0
251000, 93, 1, 0
252000, 91, 1, 0
252999, 91, 1, 0
254000, 81, 1, 0
254999, 89, 1, 0
255999, 78, 1, 0
257000, 94, 1, 0
257999, 71, 1, 0
258999, 91, 1, 0
260000, 96, 1, 0
260999, 80, 1, 0
262000, 112, 1, 0
263000, 72, 1, 0
263999, 77, 1, 0
265000, 93, 1, 0
265999, 62, 1, 0
266999, 102, 1, 0
268000, 89, 1, 0
268999, 81, 1, 0
270000, 92, 1, 0
270999, 104, 1, 0
271999, 98, 1, 0
273000, 100, 1, 0
273999, 85, 1, 0
274999, 95, 1, 0
276000, 97, 1, 0
276999, 66, 1, 0
277999, 119, 1, 0
279000, 91, 1, 0
279999, 63, 1, 0
280999, 79, 1, 0
282000, 94, 1, 0
282999, 67, 1, 0
284000, 53, 1, 0
284999, 76, 1, 0
285999, 91, 1, 0
287000, 71, 1, 0
287999, 61, 1, 0
288999, 69, 1, 0
290000, 72, 1, 0
291000, 44, 1, 0
291999, 77, 1, 0
293000, 100, 1, 0
293999, 68, 1, 0
294999, 88, 1, 0
296000, 61, 1, 0
296999, 75, 1, 0
297999, 116, 1, 0
299000, 83, 1, 0
299999, 81, 1, 0
300999, 82, 1, 0
302000, 71, 1, 0
302999, 47, 1, 0
304000, 79, 1, 0
305000, 96, 1, 0
305999, 68, 1, 0
307000, 85, 1, 0
307999, 79, 1, 0
308999, 86, 1, 0
310000, 85, 1, 0
310999, 88, 1, 0
311999, 70, 1, 0
313000, 111, 1, 0
313999, 53, 1, 0
314999, 65, 1, 0
316000, 73, 1, 0
316999, 119, 1, 0
317999, 95, 1, 0
318999, 52, 1, 0
319999, 101, 1, 0
321000, 74, 1, 0
321999, 86, 1, 0
322999, 57, 1, 0
324000, 56, 1, 0
324999, 93, 1, 0
325999, 92, 1, 0
327000, 102, 1, 0
327999, 85, 1, 0
329000, 83, 1, 0
329999, 89, 1, 0
330999, 76, 1, 0
332000, 88, 1, 0
332999, 51, 1, 0
333999, 65, 1, 0
335000, 78, 1, 0
335999, 85, 1, 0
336999, 86, 1, 0
338000, 76, 1, 0
338999, 81, 1, 0
340000, 96, 1, 0
341000, 84, 1, 0
341999, 89, 1, 0
343000, 84, 1, 0
343999, 75, 1, 0
344999, 111, 1, 0
346000, 62, 1, 0
346999, 105, 1, 0
347999, 92, 1, 0
349000, 72, 1, 0
349999, 105, 1, 0
350999, 73, 1, 0
352000, 81, 1, 0
352999, 74, 1, 0
353999, 48, 1, 0
355000, 91, 1, 0
355999, 91, 1, 0
356999, 69, 1, 0
358000, 83, 1, 0
358999, 98, 1, 0
359999, 114, 1, 0
361000, 63, 1, 0
361999, 73, 1, 0
363000, 58, 1, 0
364000, 118, 1, 0
364999, 101, 1, 0
366000, 75, 1, 0
366999, 75, 1, 0
367999, 61, 1, 0
369000, 85, 1, 0
369999, 114, 1, 0
370999, 101, 1, 0
372000, 70, 1, 0
372999, 64, 1, 0
373999, 100, 1, 0
375000, 90, 1, 0
375999, 88, 1, 0
377000, 57, 1, 0
378000, 91, 1, 0
378999, 83, 1, 0
380000, 77, 1, 0
381000, 74, 1, 0
381999, 88, 1, 0
383000, 76, 1, 0
383999, 115, 1, 0
384999, 79, 1, 0
386000, 59, 1, 0
386999, 84, 1, 0
387999, 69, 1, 0
389000, 87, 1, 0
389999, 76, 1, 0
390999, 87, 1, 0
392000, 83, 1, 0
392999, 99, 1, 0
393999, 88, 1, 0
395000, 101, 1, 0
395999, 81, 1, 0
396999, 94, 1, 0
398000, 77, 1, 0
398999, 65, 1, 0
399999, 86, 1, 0
401000, 82, 1, 0
401999, 63, 1, 0
402999, 96, 1, 0
404000, 91, 1, 0
404999, 81, 1, 0
405999, 86, 1, 0
407000, 90, 1, 0
407999, 95, 1, 0
408999, 60, 1, 0
410000, 116, 1, 0
410999, 72, 1, 0
411999, 67, 1, 0
413000, 79, 1, 0
413999, 102, 1, 0
414999, 97, 1, 0
416000, 77, 1, 0
416999, 81, 1, 0
418000, 71, 1, 0
419000, 60, 1, 0
419999, 81, 1, 0
421000, 56, 1, 0
421999, 77, 1, 0
422999, 97, 1, 0
424000, 59, 1, 0
424999, 68, 1, 0
425999, 64, 1, 0
427000, 98, 1, 0
427999, 94, 1, 0
428999, 76, 1, 0
430000, 68, 1, 0
430999, 76, 1, 0
431999, 76, 1, 0
433000, 59, 1, 0
433999, 83, 1, 0
434999, 115, 1, 0
436000, 68, 1, 0
436999, 110, 1, 0
437999, 86, 1, 0
439000, 66, 1, 0
439999, 64, 1, 0
440999, 103, 1, 0
442000, 75, 1, 0
442999, 30, 1, 0
444000, 100, 1, 0
444999, 73, 1, 0
445999, 91, 1, 0
447000, 59, 1, 0
447999, 101, 1, 0
448999, 70, 1, 0
450000, 72, 1, 0
450999, 78, 1, 0
451999, 80, 1, 0
453000, 70, 1, 0
453999, 80, 1, 0
454999, 85, 1, 0
456000, 79, 1, 0
456999, 59, 1, 0
457999, 94, 1, 0
459000, 100, 1, 0
459999, 63, 1, 0
460999, 69, 1, 0
462000, 76, 1, 0
462999, 77, 1, 0
463999, 87, 1, 0
465000, 70, 1, 0
465999, 75, 1, 0
467000, 103, 1, 0
468000, 57, 1, 0
468999, 69, 1, 0
470000, 72, 1, 0
470999, 89, 1, 0
471999, 77, 1, 0
473000, 74, 1, 0
473999, 81, 1, 0
474999, 71, 1, 0
476000, 135, 1, 0
476999, 119, 1, 0
477999, 49, 1, 0
479000, 87, 1, 0
479999, 60, 1, 0
481000, 67, 1, 0
482000, 64, 1, 0
482999, 108, 1, 0
484000, 72, 1, 0
485000, 83, 1, 0
485999, 72, 1, 0
487000, 63, 1, 0
487999, 72, 1, 0
488999, 97, 1, 0
490000, 80, 1, 0
490999, 93, 1, 0
491999, 74, 1, 0
493000, 115, 1, 0
493999, 98, 1, 0
495000, 89, 1, 0
496000, 86, 1, 0
496999, 59, 1, 0
498000, 82, 1, 0
499000, 97, 1, 0
499999, 51, 1, 0
501000, 74, 1, 0
501999, 68, 1, 0
502999, 126, 1, 0
504000, 87, 1, 0
505000, 64, 1, 0
505999, 94, 1, 0
507000, 56, 1, 0
507999, 83, 1, 0
508999, 68, 1, 0
510000, 86, 1, 0
510999, 64, 1, 0
511999, 48, 1, 0
513000, 95, 1, 0
513999, 83, 1, 0
514999, 62, 1, 0
516000, 64, 1, 0
516999, 76, 1, 0
518000, 55, 1, 0
518999, 75, 1, 0
519999, 80, 1, 0
521000, 60, 1, 0
521999, 81, 1, 0
522999, 79, 1, 0
524000, 78, 1, 0
524999, 109, 1, 0
525999, 74, 1, 0
527000, 75, 1, 0
527999, 69, 1, 0
528999, 86, 1, 0
530000, 90, 1, 0
530999, 77, 1, 0
531999, 76, 1, 0
533000, 89, 1, 0
533999, 100, 1, 0
535000, 78, 1, 0
536000, 77, 1, 0
536999, 121, 1, 0
538000, 58, 1, 0
538999, 85, 1, 0
539999, 66, 1, 0
541000, 89, 1, 0
541999, 50, 1, 0
542999, 102, 1, 0
544000, 86, 1, 0
544999, 48, 1, 0
545999, 72, 1, 0
547000, 58, 1, 0
547999, 75, 1, 0
548999, 72, 1, 0
550000, 68, 1, 0
550999, 40, 1, 0
551999, 101, 1, 0
553000, 76, 1, 0
553999, 88, 1, 0
554999, 57, 1, 0
556000, 93, 1, 0
556999, 69, 1, 0
557999, 113, 1, 0
559000, 71, 1, 0
559999, 67, 1, 0
561000, 93, 1, 0
561999, 95, 1, 0
562999, 69, 1, 0
564000, 83, 1, 0
564999, 70, 1, 0
565999, 71, 1, 0
567000, 98, 1, 0
567999, 80, 1, 0
568999, 70, 1, 0
570000, 87, 1, 0
570999, 78, 1, 0
572000, 82, 1, 0
573000, 82, 1, 0
573999, 33, 1, 0
575000, 71, 1, 0
575999, 63, 1, 0
576999, 65, 1, 0
578000, 95, 1, 0
578999, 87, 1, 0
579999, 85, 1, 0
581000, 68, 1, 0
581999, 94, 1, 0
582999, 74, 1, 0
584000, 73, 1, 0
584999, 99, 1, 0
586000, 54, 1, 0
586999, 89, 1, 0
587999, 61, 1, 0
589000, 67, 1, 0
589999, 99, 1, 0
590999, 44, 1, 0
592000, 98, 1, 0
592999, 58, 1, 0
593999, 57, 1, 0
595000, 82, 1, 0
596000, 73, 1, 0
596999, 73, 1, 0
598000, 66, 1, 0
598999, 69, 1, 0
599999, 63, 1, 0
