999, 256, 0, 0
1999, 448, 0, 0
3000, 448, 0, 0
3999, 480, 0, 0
4999, 452, 0, 0
5999, 448, 0, 0
6999, 484, 0, 0
8000, 448, 0, 0
8999, 448, 0, 0
9999, 444, 0, 0
11000, 400, 0, 0
11999, 492, 0, 0
12999, 436, 0, 0
14000, 448, 0, 0
14999, 448, 0, 0
15999, 416, 0, 0
17000, 484, 0, 0
18000, 428, 0, 0
18999, 452, 0, 0
19999, 448, 0, 0
21000, 456, 0, 0
21999, 448, 0, 0
22999, 448, 0, 0
24000, 416, 0, 0
25000, 452, 0, 0
25999, 448, 0, 0
26999, 492, 0, 0
28000, 480, 0, 0
28999, 452, 0, 0
29999, 448, 0, 0
31000, 496, 0, 0
31999, 420, 0, 0
32999, 452, 0, 0
34000, 448, 0, 0
34999, 460, 0, 0
35999, 420, 0, 0
37000, 448, 0, 0
37999, 452, 0, 0
38999, 452, 0, 0
39999, 460, 0, 0
41000, 448, 0, 0
41999, 420, 0, 0
42999, 480, 0, 0
44000, 528, 0, 0
44999, 456, 0, 0
45999, 448, 0, 0
47000, 452, 0, 0
48000, 436, 0, 0
48999, 488, 0, 0
50000, 432, 0, 0
50999, 456, 0, 0
51999, 456, 0, 0
53000, 456, 0, 0
53999, 492, 0, 0
54999, 448, 0, 0
56000, 468, 0, 0
56999, 424, 0, 0
57999, 484, 0, 0
59000, 420, 0, 0
59999, 452, 0, 0
60999, 456, 0, 0
62000, 432, 0, 0
62999, 496, 0, 0
63999, 452, 0, 0
65000, 420, 0, 0
66000, 484, 0, 0
66999, 448, 0, 0
67999, 460, 0, 0
69000, 452, 0, 0
69999, 448, 0, 0
70999, 448, 0, 0
72000, 448, 0, 0
73000, 424, 0, 0
73999, 488, 0, 0
74999, 456, 0, 0
76000, 472, 0, 0
76999, 424, 0, 0
77999, 452, 0, 0
78999, 500, 0, 0
80000, 452, 0, 0
80999, 480, 0, 0
81999, 432, 0, 0
82999, 428, 0, 0
84000, 460, 0, 0
84999, 488, 0, 0
85999, 484, 0, 0
86999, 464, 0, 0
88000, 452, 0, 0
89000, 448, 0, 0
89999, 476, 0, 0
90999, 452, 0, 0
92000, 484, 0, 0
92999, 456, 0, 0
93999, 472, 0, 0
95000, 456, 0, 0
95999, 440, 0, 0
96999, 500, 0, 0
98000, 472, 0, 0
99000, 468, 0, 0
99999, 460, 0, 0
100999, 472, 0, 0
101999, 504, 0, 0
103000, 428, 0, 0
103999, 468, 0, 0
104999, 460, 0, 0
106000, 456, 0, 0
106999, 468, 0, 0
107999, 492, 0, 0
109000, 472, 0, 0
109999, 464, 0, 0
110999, 476, 0, 0
112000, 460, 0, 0
112999, 496, 0, 0
113999, 440, 0, 0
115000, 456, 0, 0
115999, 468, 0, 0
116999, 420, 0, 0
118000, 464, 0, 0
118999, 504, 0, 0
119999, 428, 0, 0
121000, 516, 0, 0
122000, 472, 0, 0
122999, 464, 0, 0
124000, 476, 0, 0
125000, 500, 0, 0
125999, 432, 0, 0
126999, 468, 0, 0
128000, 520, 0, 0
129000, 476, 0, 0
129999, 468, 0, 0
130999, 472, 0, 0
132000, 520, 0, 0
132999, 472, 0, 0
134000, 484, 0, 0
135000, 464, 0, 0
135999, 428, 0, 0
136999, 472, 0, 0
138000, 516, 0, 0
139000, 500, 0, 0
139999, 472, 0, 0
141000, 464, 0, 0
142000, 484, 0, 0
142999, 488, 0, 0
143999, 496, 0, 0
145000, 456, 0, 0
145999, 468, 0, 0
146999, 492, 0, 0
148000, 468, 0, 0
148999, 476, 0, 0
149999, 464, 0, 0
151000, 468, 0, 0
151999, 524, 0, 0
152999, 488, 0, 0
154000, 464, 0, 0
155000, 512, 0, 0
155999, 484, 0, 0
156999, 476, 0, 0
158000, 452, 0, 0
158999, 480, 0, 0
159999, 480, 0, 0
161000, 472, 0, 0
161999, 480, 0, 0
162999, 476, 0, 0
164000, 468, 0, 0
164999, 472, 0, 0
166000, 460, 0, 0
166999, 468, 0, 0
167999, 484, 0, 0
168999, 480, 0, 0
170000, 516, 0, 0
170999, 480, 0, 0
171999, 520, 0, 0
173000, 484, 0, 0
174000, 484, 0, 0
174999, 468, 0, 0
175999, 500, 0, 0
177000, 452, 0, 0
177999, 484, 0, 0
179000, 468, 0, 0
180000, 436, 0, 0
180999, 548, 0, 0
181999, 452, 0, 0
183000, 476, 0, 0
184000, 480, 0, 0
184999, 472, 0, 0
186000, 476, 0, 0
187000, 492, 0, 0
187999, 484, 0, 0
189000, 476, 0, 0
190000, 472, 0, 0
190999, 520, 0, 0
191999, 484, 0, 0
193000, 524, 0, 0
193999, 476, 0, 0
194999, 508, 0, 0
196000, 476, 0, 0
196999, 484, 0, 0
197999, 472, 0, 0
199000, 512, 0, 0
199999, 504, 0, 0
200999, 468, 0, 0
202000, 480, 0, 0
202999, 532, 0, 0
203999, 516, 0, 0
205000, 444, 0, 0
205999, 476, 0, 0
206999, 476, 0, 0
208000, 488, 0, 0
209000, 464, 0, 0
209999, 484, 0, 0
210999, 420, 0, 0
212000, 484, 0, 0
212999, 472, 0, 0
213999, 492, 0, 0
215000, 488, 0, 0
216000, 504, 0, 0
216999, 492, 0, 0
218000, 492, 0, 0
219000, 476, 0, 0
219999, 456, 0, 0
220999, 460, 0, 0
222000, 520, 0, 0
222999, 468, 0, 0
223999, 464, 0, 0
225000, 500, 0, 0
225999, 500, 0, 0
226999, 504, 0, 0
228000, 504, 0, 0
228999, 540, 0, 0
229999, 452, 0, 0
231000, 476, 0, 0
232000, 472, 0, 0
232999, 484, 0, 0
233999, 528, 0, 0
235000, 484, 0, 0
235999, 476, 0, 0
236999, 468, 0, 0
238000, 532, 0, 0
238999, 484, 0, 0
239999, 504, 0, 0
241000, 492, 0, 0
241999, 492, 0, 0
242999, 480, 0, 0
244000, 500, 0, 0
244999, 512, 0, 0
245999, 448, 0, 0
247000, 532, 0, 0
248000, 468, 0, 0
248999, 512, 0, 0
249999, 520, 0, 0
251000, 480, 0, 0
251999, 468, 0, 0
252999, 492, 0, 0
254000, 476, 0, 0
255000, 492, 0, 0
255999, 500, 0, 0
257000, 528, 0, 0
258000, 484, 0, 0
258999, 516, 0, 0
259999, 540, 0, 0
261000, 484, 0, 0
261999, 540, 0, 0
262999, 504, 0, 0
264000, 528, 0, 0
264999, 524, 0, 0
265999, 504, 0, 0
267000, 472, 0, 0
267999, 532, 0, 0
268999, 504, 0, 0
270000, 504, 0, 0
271000, 488, 0, 0
271999, 488, 0, 0
272999, 516, 0, 0
274000, 476, 0, 0
274999, 500, 0, 0
275999, 528, 0, 0
277000, 480, 0, 0
277999, 504, 0, 0
278999, 460, 0, 0
280000, 488, 0, 0
281000, 492, 0, 0
281999, 528, 0, 0
282999, 512, 0, 0
284000, 508, 0, 0
284999, 516, 0, 0
285999, 480, 0, 0
287000, 548, 0, 0
287999, 516, 0, 0
288999, 488, 0, 0
289999, 548, 0, 0
290999, 460, 0, 0
291999, 480, 0, 0
292999, 476, 0, 0
294000, 488, 0, 0
294999, 532, 0, 0
295999, 512, 0, 0
297000, 532, 0, 0
298000, 468, 0, 0
298999, 516, 0, 0
300000, 480, 0, 0
301000, 564, 0, 0
301999, 476, 0, 0
303000, 516, 0, 0
304000, 500, 0, 0
304999, 528, 0, 0
306000, 508, 0, 0
306999, 508, 0, 0
307999, 528, 0, 0
308999, 476, 0, 0
310000, 496, 0, 0
310999, 508, 0, 0
311999, 504, 0, 0
313000, 460, 0, 0
314000, 516, 0, 0
314999, 476, 0, 0
315999, 532, 0, 0
317000, 528, 0, 0
317999, 508, 0, 0
318999, 496, 0, 0
320000, 492, 0, 0
320999, 448, 0, 0
321999, 560, 0, 0
323000, 476, 0, 0
323999, 508, 0, 0
324999, 496, 0, 0
326000, 504, 0, 0
326999, 488, 0, 0
328000, 532, 0, 0
329000, 508, 0, 0
329999, 496, 0, 0
330999, 512, 0, 0
332000, 512, 0, 0
332999, 536, 0, 0
333999, 528, 0, 0
335000, 524, 0, 0
335999, 568, 0, 0
336999, 508, 0, 0
338000, 484, 0, 0
338999, 524, 0, 0
339999, 520, 0, 0
341000, 496, 0, 0
342000, 508, 0, 0
342999, 512, 0, 0
343999, 540, 0, 0
345000, 504, 0, 0
345999, 552, 0, 0
346999, 512, 0, 0
347999, 488, 0, 0
349000, 488, 0, 0
349999, 532, 0, 0
350999, 496, 0, 0
352000, 496, 0, 0
353000, 532, 0, 0
353999, 500, 0, 0
354999, 500, 0, 0
356000, 484, 0, 0
356999, 572, 0, 0
357999, 504, 0, 0
359000, 508, 0, 0
360000, 472, 0, 0
360999, 528, 0, 0
362000, 468, 0, 0
363000, 548, 0, 0
363999, 412, 0, 0
364999, 500, 0, 0
366000, 472, 0, 0
366999, 500, 0, 0
367999, 536, 0, 0
368999, 536, 0, 0
370000, 516, 0, 0
370999, 504, 0, 0
371999, 548, 0, 0
373000, 480, 0, 0
374000, 516, 0, 0
374999, 504, 0, 0
376000, 544, 0, 0
377000, 488, 0, 0
377999, 572, 0, 0
379000, 548, 0, 0
380000, 500, 0, 0
380999, 528, 0, 0
381999, 516, 0, 0
383000, 520, 0, 0
383999, 556, 0, 0
384999, 500, 0, 0
386000, 504, 0, 0
387000, 548, 0, 0
387999, 568, 0, 0
389000, 536, 0, 0
390000, 520, 0, 0
390999, 572, 0, 0
391999, 476, 0, 0
393000, 528, 0, 0
393999, 544, 0, 0
395000, 524, 0, 0
396000, 504, 0, 0
396999, 560, 0, 0
397999, 544, 0, 0
399000, 556, 0, 0
399999, 492, 0, 0
401000, 472, 0, 0
402000, 528, 0, 0
402999, 516, 0, 0
404000, 488, 0, 0
405000, 556, 0, 0
405999, 524, 0, 0
406999, 544, 0, 0
408000, 556, 0, 0
408999, 504, 0, 0
409999, 564, 0, 0
411000, 504, 0, 0
412000, 536, 0, 0
412999, 520, 0, 0
414000, 488, 0, 0
414999, 512, 0, 0
415999, 520, 0, 0
416999, 528, 0, 0
418000, 528, 0, 0
418999, 556, 0, 0
419999, 496, 0, 0
421000, 520, 0, 0
421999, 528, 0, 0
422999, 568, 0, 0
424000, 488, 0, 0
424999, 528, 0, 0
425999, 496, 0, 0
427000, 580, 0, 0
427999, 588, 0, 0
428999, 556, 0, 0
430000, 540, 0, 0
430999, 552, 0, 0
431999, 548, 0, 0
433000, 500, 0, 0
434000, 508, 0, 0
434999, 492, 0, 0
436000, 472, 0, 0
436999, 524, 0, 0
437999, 524, 0, 0
439000, 520, 0, 0
439999, 496, 0, 0
440999, 524, 0, 0
442000, 508, 0, 0
442999, 544, 0, 0
443999, 528, 0, 0
445000, 544, 0, 0
446000, 484, 0, 0
446999, 584, 0, 0
448000, 532, 0, 0
448999, 544, 0, 0
449999, 544, 0, 0
451000, 524, 0, 0
452000, 580, 0, 0
452999, 548, 0, 0
454000, 560, 0, 0
454999, 556, 0, 0
455999, 540, 0, 0
457000, 532, 0, 0
457999, 548, 0, 0
458999, 548, 0, 0
460000, 540, 0, 0
460999, 476, 0, 0
461999, 528, 0, 0
463000, 596, 0, 0
463999, 516, 0, 0
464999, 500, 0, 0
466000, 528, 0, 0
466999, 532, 0, 0
468000, 516, 0, 0
469000, 508, 0, 0
469999, 552, 0, 0
470999, 560, 0, 0
472000, 560, 0, 0
472999, 536, 0, 0
473999, 544, 0, 0
475000, 492, 0, 0
476000, 528, 0, 0
476999, 524, 0, 0
478000, 572, 0, 0
478999, 556, 0, 0
479999, 520, 0, 0
480999, 544, 0, 0
482000, 584, 0, 0
482999, 480, 0, 0
483999, 520, 0, 0
485000, 528, 0, 0
485999, 544, 0, 0
486999, 580, 0, 0
488000, 576, 0, 0
488999, 532, 0, 0
489999, 524, 0, 0
491000, 540, 0, 0
491999, 544, 0, 0
492999, 560, 0, 0
494000, 572, 0, 0
494999, 476, 0, 0
495999, 512, 0, 0
497000, 512, 0, 0
498000, 540, 0, 0
498999, 552, 0, 0
499999, 568, 0, 0
501000, 512, 0, 0
501999, 544, 0, 0
502999, 576, 0, 0
504000, 512, 0, 0
504999, 536, 0, 0
505999, 592, 0, 0
507000, 552, 0, 0
507999, 548, 0, 0
508999, 616, 0, 0
510000, 536, 0, 0
510999, 576, 0, 0
511999, 600, 0, 0
513000, 552, 0, 0
514000, 592, 0, 0
514999, 544, 0, 0
516000, 508, 0, 0
517000, 580, 0, 0
517999, 548, 0, 0
518999, 548, 0, 0
520000, 532, 0, 0
520999, 516, 0, 0
521999, 492, 0, 0
523000, 580, 0, 0
524000, 552, 0, 0
524999, 604, 0, 0
525999, 560, 0, 0
527000, 560, 0, 0
527999, 588, 0, 0
528999, 536, 0, 0
530000, 548, 0, 0
530999, 512, 0, 0
531999, 512, 0, 0
533000, 572, 0, 0
533999, 544, 0, 0
534999, 588, 0, 0
536000, 548, 0, 0
537000, 508, 0, 0
537999, 572, 0, 0
538999, 576, 0, 0
540000, 544, 0, 0
540999, 544, 0, 0
541999, 608, 0, 0
543000, 568, 0, 0
543999, 512, 0, 0
544999, 528, 0, 0
546000, 564, 0, 0
547000, 548, 0, 0
547999, 552, 0, 0
548999, 540, 0, 0
550000, 560, 0, 0
550999, 616, 0, 0
551999, 536, 0, 0
553000, 560, 0, 0
553999, 524, 0, 0
554999, 600, 0, 0
556000, 528, 0, 0
556999, 572, 0, 0
557999, 560, 0, 0
559000, 568, 0, 0
559999, 560, 0, 0
560999, 568, 0, 0
561999, 568, 0, 0
563000, 564, 0, 0
563999, 496, 0, 0
564999, 568, 0, 0
566000, 484, 0, 0
566999, 520, 0, 0
567999, 528, 0, 0
569000, 608, 0, 0
569999, 532, 0, 0
571000, 472, 0, 0
572000, 576, 0, 0
573000, 588, 0, 0
574000, 560, 0, 0
575000, 592, 0, 0
576000, 616, 0, 0
577000, 540, 0, 0
578000, 596, 0, 0
579000, 612, 0, 0
579999, 516, 0, 0
581000, 556, 0, 0
582000, 512, 0, 0
583000, 676, 0, 0
584000, 544, 0, 0
585000, 568, 0, 0
586000, 544, 0, 0
587000, 536, 0, 0
588000, 548, 0, 0
589000, 536, 0, 0
590000, 580, 0, 0
591000, 600, 0, 0
592000, 516, 0, 0
593000, 612, 0, 0
594000, 532, 0, 0
595000, 588, 0, 0
596000, 468, 0, 0
596999, 584, 0, 0
598000, 588, 0, 0
599000, 584, 0, 0
600000, 588, 0, 0
601000, 564, 0, 0
602000, 592, 0, 0
603000, 664, 0, 0
604000, 600, 0, 0
605000, 584, 0, 0
606000, 576, 0, 0
607000, 512, 0, 0
608000, 624, 0, 0
609000, 556, 0, 0
610000, 568, 0, 0
611000, 580, 0, 0
612000, 616, 0, 0
613000, 540, 0, 0
614000, 552, 0, 0
615000, 592, 0, 0
616000, 592, 0, 0
617000, 512, 0, 0
618000, 576, 0, 0
619000, 652, 0, 0
619999, 584, 0, 0
620999, 636, 0, 0
621999, 544, 0, 0
622999, 588, 0, 0
623999, 608, 0, 0
624998, 553, 0, 0
625998, 605, 0, 0
626998, 629, 0, 0
627998, 557, 0, 0
628998, 657, 0, 0
629997, 589, 0, 0
630998, 537, 0, 0
631997, 561, 0, 0
632997, 625, 0, 0
633996, 594, 0, 0
634997, 581, 0, 0
635996, 534, 0, 0
636996, 554, 0, 0
637996, 546, 0, 0
638995, 631, 0, 0
639996, 590, 0, 0
640996, 542, 0, 0
641995, 562, 0, 0
642995, 667, 0, 0
643994, 531, 0, 0
644995, 566, 0, 0
645995, 615, 0, 0
646994, 579, 0, 0
647994, 599, 0, 0
648993, 559, 0, 0
649993, 592, 0, 0
650993, 580, 0, 0
651993, 600, 0, 0
652993, 531, 0, 0
653993, 600, 0, 0
654992, 608, 0, 0
655992, 584, 0, 0
656992, 576, 0, 0
657992, 560, 0, 0
658992, 588, 0, 0
659991, 601, 0, 0
660991, 569, 0, 0
661991, 678, 0, 0
663000, 596, 0, 0
663991, 573, 0, 0
664991, 609, 0, 0
665999, 564, 0, 0
667000, 624, 0, 0
668000, 608, 0, 0
668999, 536, 0, 0
669999, 564, 0, 0
671000, 568, 0, 0
672000, 576, 0, 0
672999, 604, 0, 0
674000, 568, 0, 0
675000, 572, 0, 0
675999, 572, 0, 0
676999, 592, 0, 0
678000, 624, 0, 0
678999, 584, 0, 0
679999, 528, 0, 0
681000, 636, 0, 0
681999, 572, 0, 0
682999, 592, 0, 0
684000, 608, 0, 0
685000, 544, 0, 0
685999, 568, 0, 0
686999, 596, 0, 0
688000, 596, 0, 0
688999, 552, 0, 0
689999, 664, 0, 0
691000, 560, 0, 0
692000, 544, 0, 0
692999, 624, 0, 0
693999, 656, 0, 0
695000, 640, 0, 0
695999, 588, 0, 0
696999, 628, 0, 0
698000, 616, 0, 0
698999, 532, 0, 0
699999, 628, 0, 0
701000, 624, 0, 0
702000, 592, 0, 0
702999, 604, 0, 0
704000, 584, 0, 0
705000, 644, 0, 0
705999, 628, 0, 0
706999, 612, 0, 0
708000, 656, 0, 0
709000, 576, 0, 0
709999, 528, 0, 0
710999, 600, 0, 0
712000, 584, 0, 0
712999, 572, 0, 0
713999, 632, 0, 0
715000, 628, 0, 0
715999, 624, 0, 0
716999, 608, 0, 0
718000, 572, 0, 0
719000, 568, 0, 0
719999, 644, 0, 0
720999, 588, 0, 0
722000, 604, 0, 0
722999, 572, 0, 0
723999, 660, 0, 0
725000, 616, 0, 0
725999, 672, 0, 0
726999, 628, 0, 0
728000, 624, 0, 0
729000, 536, 0, 0
729999, 600, 0, 0
730999, 684, 0, 0
732000, 560, 0, 0
733000, 600, 0, 0
733999, 660, 0, 0
735000, 588, 0, 0
735999, 652, 0, 0
736999, 584, 0, 0
738000, 624, 0, 0
739000, 648, 0, 0
739999, 628, 0, 0
740999, 584, 0, 0
741999, 600, 0, 0
743000, 636, 0, 0
744000, 588, 0, 0
744999, 624, 0, 0
745999, 644, 0, 0
747000, 620, 0, 0
747999, 664, 0, 0
748999, 536, 0, 0
750000, 604, 0, 0
750999, 624, 0, 0
751999, 612, 0, 0
753000, 580, 0, 0
754000, 620, 0, 0
754999, 636, 0, 0
755999, 644, 0, 0
757000, 568, 0, 0
757999, 640, 0, 0
758999, 664, 0, 0
760000, 536, 0, 0
761000, 600, 0, 0
761999, 648, 0, 0
763000, 528, 0, 0
764000, 636, 0, 0
764999, 628, 0, 0
765999, 648, 0, 0
767000, 548, 0, 0
768000, 696, 0, 0
768999, 604, 0, 0
770000, 632, 0, 0
771000, 572, 0, 0
771999, 584, 0, 0
772999, 620, 0, 0
774000, 536, 0, 0
774999, 608, 0, 0
775999, 592, 0, 0
776999, 628, 0, 0
778000, 548, 0, 0
778999, 632, 0, 0
779999, 624, 0, 0
781000, 576, 0, 0
782000, 600, 0, 0
782999, 592, 0, 0
784000, 564, 0, 0
785000, 592, 0, 0
785999, 596, 0, 0
787000, 632, 0, 0
788000, 640, 0, 0
788999, 616, 0, 0
789999, 680, 0, 0
791000, 588, 0, 0
791999, 560, 0, 0
792999, 576, 0, 0
794000, 648, 0, 0
794999, 592, 0, 0
795999, 664, 0, 0
797000, 536, 0, 0
798000, 612, 0, 0
798999, 652, 0, 0
799999, 632, 0, 0
801000, 648, 0, 0
801999, 552, 0, 0
802999, 632, 0, 0
804000, 608, 0, 0
804999, 600, 0, 0
805999, 620, 0, 0
807000, 620, 0, 0
807999, 536, 0, 0
808999, 616, 0, 0
810000, 608, 0, 0
810999, 664, 0, 0
811999, 660, 0, 0
813000, 584, 0, 0
813999, 656, 0, 0
814999, 612, 0, 0
816000, 644, 0, 0
816999, 636, 0, 0
817999, 608, 0, 0
819000, 656, 0, 0
820000, 612, 0, 0
820999, 612, 0, 0
821999, 592, 0, 0
823000, 624, 0, 0
823999, 572, 0, 0
824999, 564, 0, 0
826000, 604, 0, 0
826999, 516, 0, 0
827999, 652, 0, 0
829000, 720, 0, 0
830000, 580, 0, 0
830999, 532, 0, 0
832000, 592, 0, 0
833000, 660, 0, 0
833999, 632, 0, 0
834999, 588, 0, 0
836000, 520, 0, 0
836999, 588, 0, 0
837999, 640, 0, 0
839000, 528, 0, 0
839999, 620, 0, 0
840999, 572, 0, 0
842000, 588, 0, 0
843000, 612, 0, 0
843999, 652, 0, 0
845000, 524, 0, 0
846000, 596, 0, 0
846999, 636, 0, 0
847999, 584, 0, 0
849000, 560, 0, 0
849999, 532, 0, 0
850999, 612, 0, 0
852000, 508, 0, 0
852999, 692, 0, 0
853999, 664, 0, 0
855000, 588, 0, 0
855999, 592, 0, 0
856999, 632, 0, 0
858000, 596, 0, 0
858999, 576, 0, 0
859999, 680, 0, 0
861000, 580, 0, 0
862000, 644, 0, 0
862999, 588, 0, 0
864000, 608, 0, 0
865000, 560, 0, 0
865999, 608, 0, 0
867000, 592, 0, 0
867999, 644, 0, 0
868999, 604, 0, 0
869999, 644, 0, 0
871000, 628, 0, 0
871999, 640, 0, 0
872999, 604, 0, 0
874000, 552, 0, 0
875000, 592, 0, 0
875999, 652, 0, 0
876999, 592, 0, 0
878000, 640, 0, 0
878999, 592, 0, 0
879999, 568, 0, 0
880999, 524, 0, 0
881999, 608, 0, 0
882999, 644, 0, 0
884000, 580, 0, 0
885000, 616, 0, 0
885999, 608, 0, 0
887000, 604, 0, 0
887999, 608, 0, 0
888999, 640, 0, 0
889999, 620, 0, 0
891000, 568, 0, 0
891999, 612, 0, 0
892999, 612, 0, 0
894000, 620, 0, 0
895000, 584, 0, 0
895999, 568, 0, 0
896999, 632, 0, 0
898000, 636, 0, 0
898999, 600, 0, 0
899999, 572, 0, 0
901000, 628, 0, 0
901999, 616, 0, 0
902999, 584, 0, 0
904000, 612, 0, 0
905000, 624, 0, 0
905999, 564, 0, 0
907000, 576, 0, 0
908000, 568, 0, 0
908999, 652, 0, 0
909999, 692, 0, 0
911000, 640, 0, 0
911999, 600, 0, 0
912999, 652, 0, 0
914000, 580, 0, 0
915000, 596, 0, 0
915999, 636, 0, 0
916999, 648, 0, 0
918000, 628, 0, 0
918999, 584, 0, 0
919999, 692, 0, 0
921000, 540, 0, 0
922000, 672, 0, 0
922999, 580, 0, 0
923999, 616, 0, 0
925000, 620, 0, 0
925999, 576, 0, 0
926999, 588, 0, 0
928000, 660, 0, 0
928999, 612, 0, 0
929999, 540, 0, 0
931000, 600, 0, 0
931999, 628, 0, 0
932999, 600, 0, 0
934000, 608, 0, 0
935000, 624, 0, 0
935999, 672, 0, 0
937000, 576, 0, 0
938000, 616, 0, 0
938999, 564, 0, 0
939999, 584, 0, 0
941000, 680, 0, 0
941999, 600, 0, 0
943000, 536, 0, 0
944000, 600, 0, 0
944999, 636, 0, 0
946000, 620, 0, 0
946999, 616, 0, 0
947999, 592, 0, 0
949000, 628, 0, 0
950000, 620, 0, 0
950999, 580, 0, 0
951999, 668, 0, 0
953000, 620, 0, 0
953999, 604, 0, 0
954999, 576, 0, 0
955999, 668, 0, 0
956999, 648, 0, 0
957999, 612, 0, 0
959000, 568, 0, 0
959999, 620, 0, 0
960999, 640, 0, 0
962000, 624, 0, 0
963000, 576, 0, 0
963999, 616, 0, 0
965000, 672, 0, 0
966000, 616, 0, 0
966999, 728, 0, 0
968000, 636, 0, 0
968999, 628, 0, 0
969999, 624, 0, 0
971000, 600, 0, 0
972000, 600, 0, 0
972999, 616, 0, 0
974000, 648, 0, 0
975000, 660, 0, 0
975999, 604, 0, 0
976999, 636, 0, 0
978000, 588, 0, 0
978999, 684, 0, 0
979999, 608, 0, 0
981000, 600, 0, 0
981999, 664, 0, 0
983000, 640, 0, 0
984000, 648, 0, 0
984999, 608, 0, 0
986000, 520, 0, 0
987000, 648, 0, 0
987999, 616, 0, 0
989000, 596, 0, 0
989999, 616, 0, 0
990999, 624, 0, 0
992000, 596, 0, 0
993000, 576, 0, 0
993999, 580, 0, 0
995000, 632, 0, 0
996000, 684, 0, 0
996999, 580, 0, 0
998000, 600, 0, 0
999000, 640, 0, 0
999999, 656, 0, 0
1000999, 524, 0, 0
1002000, 612, 0, 0
1002999, 568, 0, 0
1003999, 652, 0, 0
1005000, 572, 0, 0
1005999, 564, 0, 0
1006999, 508, 0, 0
1008000, 680, 0, 0
1009000, 660, 0, 0
1009999, 576, 0, 0
1011000, 644, 0, 0
1012000, 668, 0, 0
1012999, 592, 0, 0
1014000, 600, 0, 0
1015000, 576, 0, 0
1015999, 596, 0, 0
1017000, 612, 0, 0
1018000, 612, 0, 0
1018999, 540, 0, 0
1019999, 660, 0, 0
1021000, 608, 0, 0
1021999, 604, 0, 0
1022999, 632, 0, 0
1024000, 564, 0, 0
1025000, 580, 0, 0
1025999, 632, 0, 0
1026999, 592, 0, 0
1028000, 604, 0, 0
1029000, 556, 0, 0
1029999, 604, 0, 0
1031000, 636, 0, 0
1032000, 576, 0, 0
1032999, 552, 0, 0
1033999, 632, 0, 0
1035000, 576, 0, 0
1035999, 676, 0, 0
1036999, 588, 0, 0
1038000, 640, 0, 0
1038999, 652, 0, 0
1039999, 624, 0, 0
1040999, 648, 0, 0
1042000, 568, 0, 0
1042999, 548, 0, 0
1043999, 692, 0, 0
1045000, 556, 0, 0
1045999, 620, 0, 0
1046999, 640, 0, 0
1048000, 568, 0, 0
1049000, 616, 0, 0
1049999, 532, 0, 0
1051000, 628, 0, 0
1052000, 584, 0, 0
1052999, 628, 0, 0
1054000, 624, 0, 0
1055000, 572, 0, 0
1055999, 616, 0, 0
1056999, 592, 0, 0
1058000, 664, 0, 0
1058999, 692, 0, 0
1059999, 584, 0, 0
1061000, 664, 0, 0
1061999, 644, 0, 0
1062999, 608, 0, 0
1064000, 576, 0, 0
1065000, 592, 0, 0
1065999, 680, 0, 0
1066999, 624, 0, 0
1068000, 664, 0, 0
1068999, 616, 0, 0
1069999, 732, 0, 0
1071000, 556, 0, 0
1071999, 660, 0, 0
1072999, 576, 0, 0
1074000, 628, 0, 0
1075000, 580, 0, 0
1075999, 644, 0, 0
1077000, 556, 0, 0
1078000, 684, 0, 0
1078999, 632, 0, 0
1080000, 660, 0, 0
1080999, 600, 0, 0
1081999, 580, 0, 0
1083000, 564, 0, 0
1084000, 604, 0, 0
1084999, 620, 0, 0
1085999, 596, 0, 0
1087000, 608, 0, 0
1087999, 520, 0, 0
1088999, 604, 0, 0
1090000, 580, 0, 0
1091000, 560, 0, 0
1091999, 628, 0, 0
1093000, 576, 0, 0
1094000, 656, 0, 0
1094999, 604, 0, 0
1095999, 596, 0, 0
1097000, 624, 0, 0
1097999, 640, 0, 0
1098999, 692, 0, 0
1100000, 592, 0, 0
1100999, 568, 0, 0
1101999, 576, 0, 0
1102999, 628, 0, 0
1104000, 668, 0, 0
1104999, 588, 0, 0
1105999, 636, 0, 0
1107000, 648, 0, 0
1108000, 628, 0, 0
1108999, 616, 0, 0
1109999, 568, 0, 0
1111000, 640, 0, 0
1111999, 632, 0, 0
1112999, 528, 0, 0
1114000, 608, 0, 0
1115000, 632, 0, 0
1115999, 596, 0, 0
1117000, 572, 0, 0
1118000, 620, 0, 0
1118999, 584, 0, 0
1119999, 584, 0, 0
1121000, 700, 0, 0
1121999, 592, 0, 0
1122999, 612, 0, 0
1124000, 596, 0, 0
1125000, 616, 0, 0
1125999, 580, 0, 0
1126999, 564, 0, 0
1128000, 644, 0, 0
1128999, 660, 0, 0
1129999, 572, 0, 0
1131000, 584, 0, 0
1131999, 712, 0, 0
1132999, 532, 0, 0
1134000, 572, 0, 0
1134999, 608, 0, 0
1135999, 604, 0, 0
1137000, 624, 0, 0
1138000, 644, 0, 0
1138999, 616, 0, 0
1140000, 568, 0, 0
1141000, 716, 0, 0
1141999, 672, 0, 0
1142999, 536, 0, 0
1144000, 680, 0, 0
1144999, 568, 0, 0
1145999, 660, 0, 0
1147000, 612, 0, 0
1148000, 528, 0, 0
1148999, 692, 0, 0
1149999, 608, 0, 0
1151000, 632, 0, 0
1151999, 588, 0, 0
1152999, 628, 0, 0
1154000, 544, 0, 0
1155000, 652, 0, 0
1155999, 600, 0, 0
1157000, 604, 0, 0
1158000, 604, 0, 0
1158999, 552, 0, 0
1159999, 600, 0, 0
1161000, 588, 0, 0
1161999, 680, 0, 0
1162999, 564, 0, 0
1164000, 564, 0, 0
1165000, 652, 0, 0
1165999, 592, 0, 0
1167000, 500, 0, 0
1168000, 572, 0, 0
1168999, 668, 0, 0
1169999, 564, 0, 0
1171000, 672, 0, 0
1171999, 624, 0, 0
1172999, 568, 0, 0
1174000, 608, 0, 0
1175000, 616, 0, 0
1175999, 624, 0, 0
1176999, 616, 0, 0
1178000, 596, 0, 0
1178999, 664, 0, 0
1179999, 684, 0, 0
1181000, 612, 0, 0
1181999, 568, 0, 0
1182999, 624, 0, 0
1184000, 640, 0, 0
1185000, 632, 0, 0
1185999, 576, 0, 0
1186999, 608, 0, 0
1188000, 648, 0, 0
1189000, 652, 0, 0
1189999, 516, 0, 0
1191000, 564, 0, 0
1192000, 636, 0, 0
1192999, 596, 0, 0
1193999, 628, 0, 0
1195000, 592, 0, 0
1195999, 460, 0, 0
1196999, 640, 0, 0
1198000, 620, 0, 0
1198999, 660, 0, 0
1199999, 596, 0, 0
1201000, 620, 0, 0
1201999, 636, 0, 0
1202999, 648, 0, 0
1204000, 596, 0, 0
1204999, 620, 0, 0
1205999, 680, 0, 0
1207000, 616, 0, 0
1207999, 640, 0, 0
1208999, 600, 0, 0
1210000, 548, 0, 0
1210999, 608, 0, 0
1211999, 640, 0, 0
1213000, 620, 0, 0
1213999, 564, 0, 0
1214999, 572, 0, 0
1216000, 624, 0, 0
1216999, 620, 0, 0
1217999, 608, 0, 0
1219000, 592, 0, 0
1220000, 636, 0, 0
1220999, 636, 0, 0
1221999, 660, 0, 0
1223000, 604, 0, 0
1223999, 636, 0, 0
1224999, 524, 0, 0
1226000, 520, 0, 0
1226999, 532, 0, 0
1227999, 520, 0, 0
1229000, 672, 0, 0
1230000, 552, 0, 0
1230999, 648, 0, 0
1232000, 616, 0, 0
1232999, 508, 0, 0
1233999, 560, 0, 0
1235000, 616, 0, 0
1236000, 588, 0, 0
1236999, 684, 0, 0
1238000, 620, 0, 0
1239000, 556, 0, 0
1239999, 636, 0, 0
1240999, 596, 0, 0
1242000, 628, 0, 0
1242999, 652, 0, 0
1243999, 620, 0, 0
1245000, 544, 0, 0
1245999, 628, 0, 0
1246999, 536, 0, 0
1248000, 648, 0, 0
1249000, 552, 0, 0
1249999, 560, 0, 0
1251000, 616, 0, 0
1252000, 664, 0, 0
1252999, 576, 0, 0
1254000, 652, 0, 0
1255000, 672, 0, 0
1255999, 604, 0, 0
1256999, 676, 0, 0
1258000, 632, 0, 0
1259000, 616, 0, 0
1259999, 608, 0, 0
1261000, 696, 0, 0
1261999, 612, 0, 0
1262999, 644, 0, 0
1264000, 604, 0, 0
1265000, 648, 0, 0
1265999, 588, 0, 0
1266999, 564, 0, 0
1268000, 620, 0, 0
1268999, 640, 0, 0
1269999, 464, 0, 0
1271000, 596, 0, 0
1271999, 568, 0, 0
1273000, 612, 0, 0
1274000, 652, 0, 0
1274999, 696, 0, 0
1275999, 572, 0, 0
1277000, 648, 0, 0
1277999, 600, 0, 0
1278999, 656, 0, 0
1280000, 612, 0, 0
1280999, 612, 0, 0
1281999, 596, 0, 0
1283000, 596, 0, 0
1283999, 608, 0, 0
1284999, 556, 0, 0
1286000, 584, 0, 0
1287000, 608, 0, 0
1287999, 628, 0, 0
1289000, 668, 0, 0
1289999, 648, 0, 0
1290999, 604, 0, 0
1292000, 628, 0, 0
1293000, 584, 0, 0
1293999, 580, 0, 0
1295000, 624, 0, 0
1296000, 640, 0, 0
1296999, 528, 0, 0
1297999, 644, 0, 0
1299000, 664, 0, 0
1299999, 656, 0, 0
1300999, 632, 0, 0
1302000, 528, 0, 0
1302999, 564, 0, 0
1303999, 636, 0, 0
1304999, 656, 0, 0
1305999, 560, 0, 0
1307000, 544, 0, 0
1307999, 604, 0, 0
1308999, 560, 0, 0
1310000, 588, 0, 0
1311000, 588, 0, 0
1311999, 636, 0, 0
1313000, 596, 0, 0
1314000, 652, 0, 0
1314999, 572, 0, 0
1315999, 664, 0, 0
1317000, 600, 0, 0
1318000, 644, 0, 0
1318999, 596, 0, 0
1319999, 648, 0, 0
1321000, 568, 0, 0
1321999, 540, 0, 0
1322999, 576, 0, 0
1324000, 648, 0, 0
1325000, 596, 0, 0
1325999, 652, 0, 0
1326999, 596, 0, 0
1328000, 600, 0, 0
1328999, 596, 0, 0
1329999, 688, 0, 0
1331000, 612, 0, 0
1331999, 612, 0, 0
1332999, 616, 0, 0
1334000, 748, 0, 0
1335000, 580, 0, 0
1335999, 608, 0, 0
1336999, 644, 0, 0
1338000, 568, 0, 0
1338999, 620, 0, 0
1339999, 628, 0, 0
1341000, 688, 0, 0
1341999, 592, 0, 0
1343000, 628, 0, 0
1344000, 608, 0, 0
1344999, 628, 0, 0
1345999, 584, 0, 0
1347000, 620, 0, 0
1347999, 560, 0, 0
1348999, 604, 0, 0
1350000, 676, 0, 0
1350999, 640, 0, 0
1351999, 604, 0, 0
1353000, 556, 0, 0
1353999, 644, 0, 0
1354999, 620, 0, 0
1356000, 576, 0, 0
1357000, 616, 0, 0
1357999, 572, 0, 0
1359000, 656, 0, 0
1360000, 652, 0, 0
1360999, 596, 0, 0
1362000, 580, 0, 0
1363000, 672, 0, 0
1363999, 624, 0, 0
1364999, 540, 0, 0
1366000, 624, 0, 0
1366999, 652, 0, 0
1367999, 592, 0, 0
1369000, 708, 0, 0
1369999, 644, 0, 0
1370999, 688, 0, 0
1372000, 628, 0, 0
1372999, 604, 0, 0
1373999, 572, 0, 0
1375000, 632, 0, 0
1376000, 672, 0, 0
1376999, 580, 0, 0
1377999, 636, 0, 0
1379000, 588, 0, 0
1379999, 580, 0, 0
1380999, 592, 0, 0
1382000, 604, 0, 0
1382999, 592, 0, 0
1383999, 588, 0, 0
1385000, 664, 0, 0
1386000, 612, 0, 0
1386999, 568, 0, 0
1388000, 552, 0, 0
1389000, 668, 0, 0
1389999, 572, 0, 0
1390999, 608, 0, 0
1392000, 568, 0, 0
1392999, 612, 0, 0
1393999, 628, 0, 0
1395000, 576, 0, 0
1396000, 628, 0, 0
1396999, 596, 0, 0
1398000, 572, 0, 0
1398999, 568, 0, 0
1399999, 592, 0, 0
1401000, 560, 0, 0
1402000, 612, 0, 0
1402999, 696, 0, 0
1403999, 580, 0, 0
1405000, 668, 0, 0
1405999, 580, 0, 0
1406999, 604, 0, 0
1408000, 560, 0, 0
1408999, 604, 0, 0
1409999, 576, 0, 0
1411000, 600, 0, 0
1412000, 584, 0, 0
1412999, 568, 0, 0
1414000, 556, 0, 0
1415000, 600, 0, 0
1415999, 588, 0, 0
1416999, 580, 0, 0
1418000, 660, 0, 0
1418999, 580, 0, 0
1419999, 584, 0, 0
1421000, 592, 0, 0
1421999, 624, 0, 0
1422999, 716, 0, 0
1424000, 644, 0, 0
1424999, 712, 0, 0
1425999, 616, 0, 0
1427000, 620, 0, 0
1427999, 656, 0, 0
1428999, 652, 0, 0
1430000, 612, 0, 0
1430999, 640, 0, 0
1431999, 604, 0, 0
1433000, 600, 0, 0
1433999, 620, 0, 0
1434999, 632, 0, 0
1436000, 596, 0, 0
1437000, 648, 0, 0
1437999, 604, 0, 0
1438999, 636, 0, 0
1440000, 592, 0, 0
1440999, 640, 0, 0
1441999, 712, 0, 0
1443000, 640, 0, 0
1443999, 716, 0, 0
1444999, 584, 0, 0
1446000, 648, 0, 0
1446999, 556, 0, 0
1447999, 604, 0, 0
1449000, 584, 0, 0
1450000, 612, 0, 0
1450999, 600, 0, 0
1451999, 580, 0, 0
1453000, 536, 0, 0
1453999, 600, 0, 0
1454999, 688, 0, 0
1456000, 568, 0, 0
1456999, 552, 0, 0
1457999, 576, 0, 0
1459000, 664, 0, 0
1459999, 640, 0, 0
1460999, 560, 0, 0
1462000, 708, 0, 0
1463000, 572, 0, 0
1463999, 604, 0, 0
1464999, 588, 0, 0
1466000, 620, 0, 0
1467000, 624, 0, 0
1467999, 632, 0, 0
1469000, 584, 0, 0
1470000, 652, 0, 0
1470999, 632, 0, 0
1471999, 644, 0, 0
1473000, 648, 0, 0
1473999, 588, 0, 0
1474999, 600, 0, 0
1475999, 596, 0, 0
1477000, 660, 0, 0
1477999, 612, 0, 0
1478999, 612, 0, 0
1480000, 684, 0, 0
1481000, 640, 0, 0
1481999, 632, 0, 0
1483000, 604, 0, 0
1484000, 692, 0, 0
1484999, 668, 0, 0
1485999, 624, 0, 0
1487000, 576, 0, 0
1487999, 576, 0, 0
1488999, 656, 0, 0
1490000, 548, 0, 0
1490999, 600, 0, 0
1491999, 636, 0, 0
1493000, 636, 0, 0
1493999, 628, 0, 0
1494999, 604, 0, 0
1496000, 516, 0, 0
1497000, 636, 0, 0
1497999, 576, 0, 0
1498999, 644, 0, 0
1500000, 600, 0, 0
1500999, 656, 0, 0
1501999, 612, 0, 0
1503000, 568, 0, 0
1503999, 704, 0, 0
1504999, 568, 0, 0
1506000, 596, 0, 0
1506999, 640, 0, 0
1507999, 668, 0, 0
1509000, 504, 0, 0
1510000, 632, 0, 0
1510999, 632, 0, 0
1512000, 580, 0, 0
1513000, 588, 0, 0
1513999, 600, 0, 0
1514999, 676, 0, 0
1516000, 532, 0, 0
1516999, 660, 0, 0
1517999, 584, 0, 0
1519000, 576, 0, 0
1519999, 596, 0, 0
1520999, 584, 0, 0
1522000, 648, 0, 0
1523000, 608, 0, 0
1523999, 644, 0, 0
1524999, 648, 0, 0
1526000, 652, 0, 0
1526999, 608, 0, 0
1527999, 668, 0, 0
1529000, 588, 0, 0
1529999, 496, 0, 0
1530999, 644, 0, 0
1531999, 596, 0, 0
1533000, 572, 0, 0
1533999, 604, 0, 0
1534999, 608, 0, 0
1536000, 620, 0, 0
1536999, 664, 0, 0
1537999, 652, 0, 0
1539000, 608, 0, 0
1540000, 596, 0, 0
1540999, 624, 0, 0
1541999, 580, 0, 0
1543000, 564, 0, 0
1543999, 664, 0, 0
1545000, 664, 0, 0
1546000, 628, 0, 0
1546999, 628, 0, 0
1547999, 596, 0, 0
1549000, 632, 0, 0
1549999, 660, 0, 0
1550999, 632, 0, 0
1552000, 592, 0, 0
1553000, 656, 0, 0
1553999, 632, 0, 0
1555000, 652, 0, 0
1556000, 616, 0, 0
1556999, 660, 0, 0
1557999, 580, 0, 0
1559000, 576, 0, 0
1560000, 624, 0, 0
1560999, 632, 0, 0
1562000, 632, 0, 0
1563000, 608, 0, 0
1563999, 564, 0, 0
1564999, 584, 0, 0
1566000, 620, 0, 0
1566999, 536, 0, 0
1567999, 724, 0, 0
1569000, 588, 0, 0
1570000, 652, 0, 0
1570999, 584, 0, 0
1571999, 564, 0, 0
1573000, 668, 0, 0
1573999, 568, 0, 0
1574999, 640, 0, 0
1576000, 576, 0, 0
1576999, 544, 0, 0
1577999, 576, 0, 0
1579000, 588, 0, 0
1580000, 612, 0, 0
1580999, 636, 0, 0
1582000, 592, 0, 0
1583000, 592, 0, 0
1583999, 588, 0, 0
1584999, 636, 0, 0
1586000, 676, 0, 0
1586999, 700, 0, 0
1587999, 596, 0, 0
1589000, 628, 0, 0
1589999, 660, 0, 0
1590999, 524, 0, 0
1592000, 628, 0, 0
1592999, 608, 0, 0
1593999, 608, 0, 0
1595000, 568, 0, 0
1596000, 648, 0, 0
1596999, 592, 0, 0
1598000, 592, 0, 0
1599000, 656, 0, 0
1599999, 528, 0, 0
1600999, 544, 0, 0
1602000, 632, 0, 0
1602999, 588, 0, 0
1603999, 684, 0, 0
1605000, 616, 0, 0
1605999, 608, 0, 0
1606999, 648, 0, 0
1608000, 592, 0, 0
1609000, 616, 0, 0
1609999, 624, 0, 0
1610999, 708, 0, 0
1612000, 636, 0, 0
1612999, 676, 0, 0
1613999, 552, 0, 0
1614999, 608, 0, 0
1616000, 612, 0, 0
1616999, 580, 0, 0
1617999, 692, 0, 0
1619000, 596, 0, 0
1619999, 700, 0, 0
1620999, 552, 0, 0
1622000, 604, 0, 0
1623000, 648, 0, 0
1623999, 564, 0, 0
1625000, 596, 0, 0
1626000, 668, 0, 0
1626999, 592, 0, 0
1627999, 612, 0, 0
1629000, 616, 0, 0
1629999, 568, 0, 0
1630999, 636, 0, 0
1632000, 596, 0, 0
1632999, 560, 0, 0
1633999, 616, 0, 0
1635000, 632, 0, 0
1636000, 528, 0, 0
1636999, 608, 0, 0
1637999, 604, 0, 0
1639000, 564, 0, 0
1639999, 584, 0, 0
1641000, 656, 0, 0
1642000, 604, 0, 0
1642999, 688, 0, 0
1643999, 572, 0, 0
1645000, 628, 0, 0
1645999, 592, 0, 0
1646999, 592, 0, 0
1648000, 608, 0, 0
1648999, 596, 0, 0
1649999, 616, 0, 0
1651000, 592, 0, 0
1651999, 648, 0, 0
1652999, 616, 0, 0
1654000, 664, 0, 0
1655000, 592, 0, 0
1655999, 600, 0, 0
1656999, 624, 0, 0
1658000, 592, 0, 0
1658999, 652, 0, 0
1659999, 532, 0, 0
1661000, 636, 0, 0
1661999, 604, 0, 0
1662999, 604, 0, 0
1663999, 584, 0, 0
1665000, 560, 0, 0
1665999, 620, 0, 0
1666999, 604, 0, 0
1668000, 648, 0, 0
1668999, 620, 0, 0
1669999, 608, 0, 0
1670999, 716, 0, 0
1671999, 576, 0, 0
1672999, 548, 0, 0
1674000, 588, 0, 0
1674999, 592, 0, 0
1675999, 588, 0, 0
1677000, 572, 0, 0
1678000, 592, 0, 0
1678999, 660, 0, 0
1679999, 552, 0, 0
1681000, 600, 0, 0
1681999, 556, 0, 0
1682999, 600, 0, 0
1684000, 580, 0, 0
1684999, 640, 0, 0
1685999, 584, 0, 0
1686999, 552, 0, 0
1688000, 640, 0, 0
1688999, 608, 0, 0
1689999, 600, 0, 0
1691000, 572, 0, 0
1692000, 648, 0, 0
1692999, 620, 0, 0
1693999, 556, 0, 0
1695000, 620, 0, 0
1695999, 640, 0, 0
1696999, 616, 0, 0
1698000, 588, 0, 0
1699000, 640, 0, 0
1699999, 572, 0, 0
1700999, 664, 0, 0
1702000, 568, 0, 0
1702999, 584, 0, 0
1703999, 576, 0, 0
1705000, 644, 0, 0
1706000, 616, 0, 0
1706999, 616, 0, 0
1707999, 536, 0, 0
1709000, 608, 0, 0
1710000, 728, 0, 0
1710999, 648, 0, 0
1711999, 668, 0, 0
1713000, 632, 0, 0
1713999, 624, 0, 0
1714999, 684, 0, 0
1716000, 580, 0, 0
1716999, 592, 0, 0
1717999, 528, 0, 0
1719000, 624, 0, 0
1720000, 596, 0, 0
1720999, 608, 0, 0
1721999, 644, 0, 0
1723000, 624, 0, 0
1724000, 620, 0, 0
1724999, 616, 0, 0
1725999, 600, 0, 0
1727000, 592, 0, 0
1727999, 664, 0, 0
1728999, 608, 0, 0
1730000, 620, 0, 0
1731000, 576, 0, 0
1731999, 592, 0, 0
1732999, 692, 0, 0
1734000, 620, 0, 0
1734999, 604, 0, 0
1735999, 672, 0, 0
1737000, 596, 0, 0
1738000, 644, 0, 0
1738999, 592, 0, 0
1739999, 628, 0, 0
1741000, 584, 0, 0
1741999, 688, 0, 0
1742999, 604, 0, 0
1744000, 588, 0, 0
1744999, 692, 0, 0
1745999, 552, 0, 0
1747000, 616, 0, 0
1747999, 528, 0, 0
1748999, 596, 0, 0
1750000, 560, 0, 0
1751000, 664, 0, 0
1751999, 640, 0, 0
1753000, 628, 0, 0
1754000, 604, 0, 0
1754999, 628, 0, 0
1755999, 636, 0, 0
1757000, 628, 0, 0
1757999, 712, 0, 0
1758999, 684, 0, 0
1760000, 596, 0, 0
1761000, 644, 0, 0
1761999, 508, 0, 0
1762999, 604, 0, 0
1763999, 536, 0, 0
1765000, 620, 0, 0
1765999, 612, 0, 0
1766999, 640, 0, 0
1768000, 724, 0, 0
1769000, 584, 0, 0
1769999, 636, 0, 0
1770999, 600, 0, 0
1772000, 600, 0, 0
1772999, 652, 0, 0
1773999, 676, 0, 0
1775000, 652, 0, 0
1776000, 604, 0, 0
1776999, 616, 0, 0
1777999, 616, 0, 0
1779000, 648, 0, 0
1779999, 556, 0, 0
1780999, 652, 0, 0
1782000, 632, 0, 0
1782999, 628, 0, 0
1783999, 704, 0, 0
1785000, 588, 0, 0
1786000, 636, 0, 0
1786999, 664, 0, 0
1787999, 616, 0, 0
1789000, 608, 0, 0
1789999, 616, 0, 0
1790999, 584, 0, 0
1792000, 656, 0, 0
1792999, 604, 0, 0
1793999, 596, 0, 0
1795000, 612, 0, 0
1795999, 600, 0, 0
1796999, 632, 0, 0
1798000, 628, 0, 0
1799000, 608, 0, 0
1799999, 632, 0, 0
