999, 260, 0, 0
1999, 448, 0, 0
3000, 448, 0, 0
3999, 476, 0, 0
4999, 480, 0, 0
5999, 448, 0, 0
6999, 452, 0, 0
8000, 448, 0, 0
8999, 448, 0, 0
9999, 448, 0, 0
11000, 480, 0, 0
11999, 452, 0, 0
12999, 448, 0, 0
14000, 448, 0, 0
14999, 448, 0, 0
15999, 448, 0, 0
17000, 448, 0, 0
18000, 412, 0, 0
18999, 480, 0, 0
19999, 456, 0, 0
21000, 452, 0, 0
21999, 480, 0, 0
22999, 420, 0, 0
24000, 452, 0, 0
25000, 448, 0, 0
25999, 456, 0, 0
26999, 440, 0, 0
28000, 452, 0, 0
28999, 448, 0, 0
29999, 452, 0, 0
31000, 492, 0, 0
31999, 428, 0, 0
32999, 448, 0, 0
34000, 448, 0, 0
34999, 448, 0, 0
35999, 492, 0, 0
37000, 452, 0, 0
37999, 484, 0, 0
38999, 452, 0, 0
39999, 484, 0, 0
41000, 452, 0, 0
41999, 452, 0, 0
42999, 476, 0, 0
44000, 468, 0, 0
44999, 496, 0, 0
45999, 420, 0, 0
47000, 488, 0, 0
48000, 424, 0, 0
48999, 456, 0, 0
50000, 484, 0, 0
50999, 452, 0, 0
51999, 464, 0, 0
53000, 456, 0, 0
53999, 468, 0, 0
54999, 464, 0, 0
56000, 456, 0, 0
56999, 452, 0, 0
57999, 456, 0, 0
59000, 488, 0, 0
59999, 464, 0, 0
60999, 468, 0, 0
62000, 484, 0, 0
62999, 452, 0, 0
63999, 460, 0, 0
65000, 484, 0, 0
66000, 464, 0, 0
66999, 456, 0, 0
67999, 460, 0, 0
69000, 488, 0, 0
69999, 452, 0, 0
70999, 464, 0, 0
72000, 460, 0, 0
73000, 460, 0, 0
73999, 492, 0, 0
74999, 432, 0, 0
76000, 460, 0, 0
76999, 488, 0, 0
77999, 424, 0, 0
78999, 464, 0, 0
80000, 460, 0, 0
80999, 504, 0, 0
81999, 468, 0, 0
82999, 468, 0, 0
84000, 420, 0, 0
84999, 508, 0, 0
85999, 464, 0, 0
86999, 464, 0, 0
88000, 464, 0, 0
89000, 468, 0, 0
89999, 480, 0, 0
90999, 464, 0, 0
92000, 468, 0, 0
92999, 472, 0, 0
93999, 460, 0, 0
95000, 496, 0, 0
95999, 428, 0, 0
96999, 504, 0, 0
97999, 512, 0, 0
99000, 500, 0, 0
99999, 432, 0, 0
100999, 496, 0, 0
101999, 464, 0, 0
103000, 496, 0, 0
103999, 464, 0, 0
104999, 484, 0, 0
106000, 452, 0, 0
106999, 548, 0, 0
107999, 488, 0, 0
109000, 500, 0, 0
109999, 448, 0, 0
110999, 456, 0, 0
112000, 468, 0, 0
112999, 468, 0, 0
113999, 488, 0, 0
115000, 468, 0, 0
115999, 464, 0, 0
116999, 504, 0, 0
118000, 464, 0, 0
118999, 496, 0, 0
119999, 472, 0, 0
121000, 464, 0, 0
122000, 460, 0, 0
122999, 472, 0, 0
124000, 456, 0, 0
125000, 460, 0, 0
125999, 428, 0, 0
126999, 512, 0, 0
128000, 480, 0, 0
129000, 476, 0, 0
129999, 488, 0, 0
130999, 428, 0, 0
132000, 460, 0, 0
132999, 436, 0, 0
133999, 472, 0, 0
135000, 496, 0, 0
135999, 468, 0, 0
136999, 468, 0, 0
138000, 480, 0, 0
139000, 456, 0, 0
139999, 468, 0, 0
140999, 512, 0, 0
142000, 456, 0, 0
142999, 424, 0, 0
143999, 472, 0, 0
145000, 472, 0, 0
145999, 484, 0, 0
146999, 472, 0, 0
148000, 520, 0, 0
148999, 480, 0, 0
149999, 440, 0, 0
151000, 464, 0, 0
151999, 480, 0, 0
152999, 468, 0, 0
154000, 512, 0, 0
155000, 460, 0, 0
155999, 504, 0, 0
156999, 472, 0, 0
158000, 472, 0, 0
158999, 464, 0, 0
159999, 500, 0, 0
161000, 480, 0, 0
161999, 468, 0, 0
162999, 464, 0, 0
164000, 504, 0, 0
164999, 484, 0, 0
166000, 472, 0, 0
166999, 464, 0, 0
167999, 468, 0, 0
168999, 508, 0, 0
170000, 516, 0, 0
170999, 492, 0, 0
171999, 448, 0, 0
173000, 500, 0, 0
174000, 472, 0, 0
174999, 484, 0, 0
175999, 456, 0, 0
177000, 540, 0, 0
177999, 472, 0, 0
179000, 480, 0, 0
180000, 428, 0, 0
180999, 516, 0, 0
181999, 428, 0, 0
182999, 432, 0, 0
184000, 484, 0, 0
184999, 532, 0, 0
186000, 488, 0, 0
187000, 476, 0, 0
187999, 532, 0, 0
188999, 500, 0, 0
190000, 500, 0, 0
190999, 440, 0, 0
191999, 476, 0, 0
193000, 508, 0, 0
193999, 528, 0, 0
194999, 480, 0, 0
196000, 484, 0, 0
196999, 516, 0, 0
197999, 476, 0, 0
199000, 516, 0, 0
199999, 508, 0, 0
200999, 476, 0, 0
202000, 476, 0, 0
202999, 476, 0, 0
203999, 484, 0, 0
205000, 500, 0, 0
205999, 480, 0, 0
206999, 472, 0, 0
208000, 484, 0, 0
209000, 488, 0, 0
209999, 488, 0, 0
210999, 496, 0, 0
212000, 456, 0, 0
212999, 544, 0, 0
213999, 472, 0, 0
215000, 464, 0, 0
216000, 488, 0, 0
216999, 476, 0, 0
218000, 488, 0, 0
219000, 484, 0, 0
219999, 480, 0, 0
220999, 508, 0, 0
222000, 528, 0, 0
222999, 524, 0, 0
223999, 476, 0, 0
225000, 492, 0, 0
225999, 476, 0, 0
226999, 500, 0, 0
228000, 480, 0, 0
228999, 492, 0, 0
229999, 496, 0, 0
231000, 480, 0, 0
232000, 480, 0, 0
232999, 468, 0, 0
233999, 480, 0, 0
235000, 472, 0, 0
235999, 476, 0, 0
236999, 484, 0, 0
238000, 512, 0, 0
238999, 496, 0, 0
239999, 516, 0, 0
241000, 476, 0, 0
241999, 484, 0, 0
242999, 464, 0, 0
244000, 496, 0, 0
244999, 536, 0, 0
245999, 508, 0, 0
247000, 512, 0, 0
248000, 500, 0, 0
248999, 504, 0, 0
249999, 504, 0, 0
251000, 516, 0, 0
251999, 492, 0, 0
252999, 488, 0, 0
254000, 496, 0, 0
255000, 440, 0, 0
255999, 480, 0, 0
257000, 484, 0, 0
258000, 488, 0, 0
258999, 480, 0, 0
259999, 488, 0, 0
261000, 532, 0, 0
261999, 480, 0, 0
262999, 520, 0, 0
264000, 488, 0, 0
264999, 472, 0, 0
265999, 484, 0, 0
267000, 532, 0, 0
267999, 484, 0, 0
268999, 480, 0, 0
270000, 488, 0, 0
271000, 500, 0, 0
271999, 512, 0, 0
272999, 516, 0, 0
274000, 528, 0, 0
274999, 492, 0, 0
275999, 480, 0, 0
277000, 524, 0, 0
277999, 484, 0, 0
278999, 516, 0, 0
280000, 512, 0, 0
281000, 528, 0, 0
281999, 520, 0, 0
282999, 504, 0, 0
284000, 496, 0, 0
284999, 496, 0, 0
285999, 480, 0, 0
287000, 496, 0, 0
287999, 524, 0, 0
288999, 500, 0, 0
289999, 480, 0, 0
290999, 504, 0, 0
291999, 472, 0, 0
292999, 484, 0, 0
294000, 512, 0, 0
294999, 452, 0, 0
295999, 528, 0, 0
297000, 492, 0, 0
298000, 504, 0, 0
298999, 552, 0, 0
299999, 508, 0, 0
301000, 500, 0, 0
301999, 484, 0, 0
303000, 500, 0, 0
304000, 572, 0, 0
304999, 520, 0, 0
306000, 520, 0, 0
306999, 472, 0, 0
307999, 496, 0, 0
308999, 520, 0, 0
310000, 508, 0, 0
310999, 524, 0, 0
311999, 508, 0, 0
312999, 544, 0, 0
314000, 528, 0, 0
314999, 520, 0, 0
315999, 512, 0, 0
317000, 540, 0, 0
317999, 496, 0, 0
318999, 500, 0, 0
320000, 536, 0, 0
320999, 580, 0, 0
321999, 464, 0, 0
323000, 552, 0, 0
323999, 496, 0, 0
324999, 508, 0, 0
326000, 496, 0, 0
326999, 572, 0, 0
327999, 516, 0, 0
329000, 496, 0, 0
329999, 516, 0, 0
330999, 480, 0, 0
332000, 468, 0, 0
332999, 564, 0, 0
333999, 508, 0, 0
335000, 556, 0, 0
335999, 496, 0, 0
336999, 496, 0, 0
338000, 516, 0, 0
338999, 508, 0, 0
339999, 536, 0, 0
341000, 500, 0, 0
342000, 484, 0, 0
342999, 552, 0, 0
343999, 528, 0, 0
345000, 512, 0, 0
345999, 488, 0, 0
346999, 508, 0, 0
347999, 552, 0, 0
349000, 500, 0, 0
349999, 484, 0, 0
350999, 544, 0, 0
352000, 512, 0, 0
353000, 548, 0, 0
353999, 556, 0, 0
354999, 520, 0, 0
356000, 556, 0, 0
356999, 512, 0, 0
357999, 536, 0, 0
359000, 512, 0, 0
360000, 528, 0, 0
360999, 512, 0, 0
362000, 508, 0, 0
363000, 500, 0, 0
363999, 492, 0, 0
364999, 548, 0, 0
366000, 520, 0, 0
366999, 544, 0, 0
367999, 504, 0, 0
368999, 548, 0, 0
370000, 492, 0, 0
370999, 508, 0, 0
371999, 508, 0, 0
373000, 572, 0, 0
374000, 516, 0, 0
374999, 468, 0, 0
376000, 524, 0, 0
377000, 556, 0, 0
377999, 572, 0, 0
379000, 448, 0, 0
380000, 496, 0, 0
380999, 496, 0, 0
381999, 540, 0, 0
383000, 520, 0, 0
383999, 532, 0, 0
384999, 552, 0, 0
386000, 584, 0, 0
387000, 512, 0, 0
387999, 504, 0, 0
389000, 468, 0, 0
390000, 504, 0, 0
390999, 568, 0, 0
391999, 524, 0, 0
393000, 516, 0, 0
393999, 548, 0, 0
394999, 520, 0, 0
396000, 532, 0, 0
396999, 560, 0, 0
397999, 496, 0, 0
399000, 536, 0, 0
399999, 508, 0, 0
401000, 548, 0, 0
402000, 532, 0, 0
402999, 548, 0, 0
404000, 504, 0, 0
405000, 528, 0, 0
405999, 548, 0, 0
406999, 524, 0, 0
408000, 564, 0, 0
408999, 544, 0, 0
409999, 544, 0, 0
411000, 512, 0, 0
412000, 524, 0, 0
412999, 520, 0, 0
414000, 504, 0, 0
414999, 548, 0, 0
415999, 544, 0, 0
416999, 532, 0, 0
418000, 548, 0, 0
418999, 540, 0, 0
419999, 500, 0, 0
421000, 632, 0, 0
421999, 484, 0, 0
422999, 496, 0, 0
424000, 564, 0, 0
424999, 532, 0, 0
425999, 488, 0, 0
427000, 532, 0, 0
427999, 596, 0, 0
428999, 524, 0, 0
430000, 504, 0, 0
430999, 516, 0, 0
431999, 532, 0, 0
433000, 528, 0, 0
434000, 504, 0, 0
434999, 528, 0, 0
436000, 596, 0, 0
436999, 536, 0, 0
437999, 532, 0, 0
439000, 500, 0, 0
439999, 544, 0, 0
440999, 536, 0, 0
442000, 592, 0, 0
442999, 572, 0, 0
443999, 520, 0, 0
445000, 536, 0, 0
446000, 580, 0, 0
446999, 560, 0, 0
448000, 508, 0, 0
448999, 512, 0, 0
449999, 532, 0, 0
451000, 552, 0, 0
452000, 532, 0, 0
452999, 552, 0, 0
454000, 464, 0, 0
454999, 516, 0, 0
455999, 528, 0, 0
457000, 520, 0, 0
457999, 560, 0, 0
458999, 548, 0, 0
460000, 548, 0, 0
460999, 564, 0, 0
461999, 568, 0, 0
463000, 568, 0, 0
463999, 580, 0, 0
464999, 528, 0, 0
466000, 580, 0, 0
466999, 500, 0, 0
467999, 564, 0, 0
469000, 572, 0, 0
469999, 544, 0, 0
470999, 528, 0, 0
472000, 544, 0, 0
472999, 576, 0, 0
473999, 556, 0, 0
475000, 516, 0, 0
476000, 504, 0, 0
476999, 572, 0, 0
478000, 616, 0, 0
478999, 576, 0, 0
479999, 576, 0, 0
480999, 552, 0, 0
482000, 516, 0, 0
482999, 540, 0, 0
483999, 512, 0, 0
485000, 496, 0, 0
485999, 528, 0, 0
486999, 568, 0, 0
488000, 532, 0, 0
488999, 572, 0, 0
489999, 492, 0, 0
491000, 540, 0, 0
491999, 524, 0, 0
492999, 556, 0, 0
494000, 532, 0, 0
494999, 572, 0, 0
495999, 548, 0, 0
497000, 564, 0, 0
498000, 560, 0, 0
498999, 572, 0, 0
499999, 572, 0, 0
501000, 528, 0, 0
501999, 568, 0, 0
502999, 572, 0, 0
504000, 536, 0, 0
504999, 584, 0, 0
505999, 608, 0, 0
507000, 552, 0, 0
507999, 572, 0, 0
508999, 536, 0, 0
510000, 536, 0, 0
510999, 568, 0, 0
511999, 528, 0, 0
513000, 608, 0, 0
514000, 596, 0, 0
514999, 544, 0, 0
516000, 544, 0, 0
517000, 560, 0, 0
517999, 652, 0, 0
518999, 556, 0, 0
520000, 556, 0, 0
520999, 548, 0, 0
521999, 536, 0, 0
523000, 516, 0, 0
524000, 544, 0, 0
524999, 624, 0, 0
525999, 516, 0, 0
527000, 544, 0, 0
527999, 552, 0, 0
528999, 556, 0, 0
530000, 576, 0, 0
530999, 632, 0, 0
531999, 488, 0, 0
533000, 568, 0, 0
533999, 508, 0, 0
534999, 564, 0, 0
536000, 488, 0, 0
537000, 584, 0, 0
537999, 528, 0, 0
538999, 488, 0, 0
540000, 592, 0, 0
540999, 584, 0, 0
541999, 588, 0, 0
543000, 552, 0, 0
543999, 524, 0, 0
544999, 556, 0, 0
546000, 580, 0, 0
547000, 560, 0, 0
547999, 592, 0, 0
548999, 544, 0, 0
550000, 592, 0, 0
550999, 600, 0, 0
551999, 524, 0, 0
553000, 580, 0, 0
553999, 584, 0, 0
554999, 556, 0, 0
556000, 584, 0, 0
556999, 540, 0, 0
557999, 568, 0, 0
559000, 584, 0, 0
559999, 560, 0, 0
560999, 548, 0, 0
561999, 568, 0, 0
563000, 588, 0, 0
563999, 516, 0, 0
564999, 620, 0, 0
566000, 572, 0, 0
566999, 544, 0, 0
567999, 576, 0, 0
569000, 560, 0, 0
569999, 552, 0, 0
571000, 580, 0, 0
572000, 580, 0, 0
573000, 600, 0, 0
574000, 592, 0, 0
574999, 548, 0, 0
576000, 556, 0, 0
577000, 544, 0, 0
578000, 556, 0, 0
579000, 544, 0, 0
579999, 580, 0, 0
581000, 528, 0, 0
582000, 508, 0, 0
583000, 684, 0, 0
584000, 572, 0, 0
585000, 604, 0, 0
586000, 568, 0, 0
587000, 488, 0, 0
588000, 568, 0, 0
589000, 528, 0, 0
590000, 592, 0, 0
591000, 548, 0, 0
592000, 592, 0, 0
593000, 496, 0, 0
594000, 588, 0, 0
595000, 532, 0, 0
596000, 488, 0, 0
596999, 620, 0, 0
598000, 484, 0, 0
599000, 552, 0, 0
600000, 520, 0, 0
601000, 616, 0, 0
602000, 572, 0, 0
603000, 612, 0, 0
604000, 552, 0, 0
605000, 580, 0, 0
606000, 560, 0, 0
607000, 576, 0, 0
608000, 588, 0, 0
609000, 548, 0, 0
610000, 584, 0, 0
611000, 620, 0, 0
612000, 608, 0, 0
613000, 556, 0, 0
614000, 664, 0, 0
615000, 568, 0, 0
616000, 572, 0, 0
617000, 588, 0, 0
618000, 656, 0, 0
619000, 524, 0, 0
619999, 584, 0, 0
620999, 592, 0, 0
621999, 568, 0, 0
622999, 556, 0, 0
623999, 564, 0, 0
624998, 549, 0, 0
625998, 605, 0, 0
626998, 613, 0, 0
627998, 569, 0, 0
628998, 609, 0, 0
629997, 577, 0, 0
630998, 545, 0, 0
631997, 605, 0, 0
632997, 593, 0, 0
633996, 574, 0, 0
634997, 561, 0, 0
635996, 514, 0, 0
636996, 554, 0, 0
637996, 554, 0, 0
638995, 598, 0, 0
639996, 586, 0, 0
640996, 574, 0, 0
641995, 574, 0, 0
642995, 679, 0, 0
643994, 563, 0, 0
644995, 615, 0, 0
645995, 586, 0, 0
646994, 559, 0, 0
647994, 615, 0, 0
648993, 596, 0, 0
649993, 604, 0, 0
650993, 600, 0, 0
651993, 592, 0, 0
652993, 580, 0, 0
653993, 559, 0, 0
654992, 653, 0, 0
655992, 592, 0, 0
656992, 584, 0, 0
657992, 600, 0, 0
658992, 596, 0, 0
659991, 565, 0, 0
660991, 597, 0, 0
661991, 573, 0, 0
663000, 552, 0, 0
663991, 597, 0, 0
664991, 581, 0, 0
665999, 620, 0, 0
666999, 584, 0, 0
668000, 600, 0, 0
668999, 600, 0, 0
669999, 672, 0, 0
670999, 552, 0, 0
672000, 592, 0, 0
672999, 560, 0, 0
674000, 624, 0, 0
675000, 680, 0, 0
675999, 564, 0, 0
676999, 584, 0, 0
678000, 556, 0, 0
678999, 576, 0, 0
679999, 552, 0, 0
681000, 620, 0, 0
681999, 616, 0, 0
682999, 592, 0, 0
684000, 608, 0, 0
685000, 600, 0, 0
685999, 568, 0, 0
686999, 584, 0, 0
688000, 564, 0, 0
688999, 536, 0, 0
689999, 624, 0, 0
691000, 556, 0, 0
692000, 556, 0, 0
692999, 656, 0, 0
693999, 576, 0, 0
695000, 656, 0, 0
695999, 616, 0, 0
696999, 600, 0, 0
698000, 572, 0, 0
698999, 572, 0, 0
699999, 596, 0, 0
701000, 592, 0, 0
702000, 588, 0, 0
702999, 620, 0, 0
703999, 612, 0, 0
705000, 568, 0, 0
705999, 588, 0, 0
706999, 544, 0, 0
707999, 624, 0, 0
709000, 616, 0, 0
709999, 640, 0, 0
710999, 636, 0, 0
712000, 648, 0, 0
712999, 564, 0, 0
713999, 600, 0, 0
715000, 592, 0, 0
715999, 616, 0, 0
716999, 596, 0, 0
718000, 448, 0, 0
719000, 584, 0, 0
719999, 584, 0, 0
720999, 708, 0, 0
722000, 584, 0, 0
722999, 640, 0, 0
723999, 592, 0, 0
725000, 604, 0, 0
725999, 640, 0, 0
726999, 608, 0, 0
728000, 588, 0, 0
729000, 516, 0, 0
729999, 556, 0, 0
730999, 620, 0, 0
732000, 632, 0, 0
733000, 596, 0, 0
733999, 608, 0, 0
735000, 536, 0, 0
735999, 652, 0, 0
736999, 592, 0, 0
738000, 692, 0, 0
739000, 564, 0, 0
739999, 592, 0, 0
740999, 608, 0, 0
741999, 592, 0, 0
743000, 580, 0, 0
744000, 652, 0, 0
744999, 596, 0, 0
745999, 700, 0, 0
747000, 588, 0, 0
747999, 628, 0, 0
748999, 608, 0, 0
750000, 604, 0, 0
750999, 636, 0, 0
751999, 600, 0, 0
753000, 640, 0, 0
754000, 604, 0, 0
754999, 596, 0, 0
755999, 656, 0, 0
757000, 580, 0, 0
757999, 604, 0, 0
758999, 616, 0, 0
760000, 612, 0, 0
761000, 640, 0, 0
761999, 644, 0, 0
763000, 668, 0, 0
764000, 640, 0, 0
764999, 636, 0, 0
765999, 696, 0, 0
767000, 620, 0, 0
768000, 640, 0, 0
768999, 576, 0, 0
770000, 720, 0, 0
771000, 608, 0, 0
771999, 544, 0, 0
772999, 584, 0, 0
774000, 636, 0, 0
774999, 616, 0, 0
775999, 588, 0, 0
776999, 624, 0, 0
778000, 612, 0, 0
778999, 588, 0, 0
779999, 588, 0, 0
781000, 640, 0, 0
782000, 616, 0, 0
782999, 668, 0, 0
784000, 556, 0, 0
785000, 692, 0, 0
785999, 624, 0, 0
787000, 644, 0, 0
788000, 644, 0, 0
788999, 596, 0, 0
789999, 652, 0, 0
791000, 616, 0, 0
791999, 544, 0, 0
792999, 676, 0, 0
794000, 612, 0, 0
794999, 544, 0, 0
795999, 616, 0, 0
797000, 660, 0, 0
798000, 672, 0, 0
798999, 752, 0, 0
799999, 600, 0, 0
801000, 624, 0, 0
801999, 544, 0, 0
802999, 652, 0, 0
804000, 676, 0, 0
804999, 616, 0, 0
805999, 564, 0, 0
807000, 624, 0, 0
807999, 612, 0, 0
808999, 644, 0, 0
810000, 620, 0, 0
810999, 632, 0, 0
811999, 592, 0, 0
813000, 636, 0, 0
813999, 620, 0, 0
814999, 720, 0, 0
816000, 580, 0, 0
816999, 624, 0, 0
817999, 620, 0, 0
819000, 584, 0, 0
820000, 584, 0, 0
820999, 632, 0, 0
821999, 636, 0, 0
823000, 556, 0, 0
823999, 544, 0, 0
824999, 676, 0, 0
826000, 596, 0, 0
826999, 552, 0, 0
827999, 652, 0, 0
829000, 656, 0, 0
830000, 572, 0, 0
830999, 616, 0, 0
832000, 624, 0, 0
833000, 628, 0, 0
833999, 644, 0, 0
834999, 628, 0, 0
836000, 648, 0, 0
836999, 612, 0, 0
837999, 600, 0, 0
839000, 604, 0, 0
839999, 592, 0, 0
840999, 700, 0, 0
842000, 684, 0, 0
843000, 700, 0, 0
843999, 564, 0, 0
845000, 648, 0, 0
846000, 652, 0, 0
846999, 628, 0, 0
847999, 680, 0, 0
849000, 556, 0, 0
849999, 628, 0, 0
850999, 492, 0, 0
852000, 592, 0, 0
852999, 600, 0, 0
853999, 624, 0, 0
855000, 644, 0, 0
855999, 556, 0, 0
856999, 688, 0, 0
858000, 652, 0, 0
858999, 596, 0, 0
859999, 632, 0, 0
861000, 580, 0, 0
862000, 604, 0, 0
862999, 584, 0, 0
864000, 680, 0, 0
865000, 580, 0, 0
865999, 616, 0, 0
867000, 636, 0, 0
867999, 572, 0, 0
868999, 572, 0, 0
869999, 576, 0, 0
871000, 612, 0, 0
871999, 596, 0, 0
872999, 628, 0, 0
874000, 676, 0, 0
875000, 552, 0, 0
875999, 652, 0, 0
876999, 572, 0, 0
878000, 680, 0, 0
878999, 608, 0, 0
879999, 560, 0, 0
880999, 620, 0, 0
881999, 608, 0, 0
882999, 588, 0, 0
884000, 632, 0, 0
885000, 608, 0, 0
885999, 696, 0, 0
887000, 576, 0, 0
887999, 596, 0, 0
888999, 592, 0, 0
889999, 656, 0, 0
891000, 604, 0, 0
891999, 600, 0, 0
892999, 652, 0, 0
894000, 588, 0, 0
895000, 636, 0, 0
895999, 572, 0, 0
896999, 596, 0, 0
898000, 664, 0, 0
898999, 608, 0, 0
899999, 592, 0, 0
901000, 636, 0, 0
901999, 652, 0, 0
902999, 600, 0, 0
904000, 612, 0, 0
905000, 616, 0, 0
905999, 640, 0, 0
906999, 700, 0, 0
908000, 700, 0, 0
908999, 588, 0, 0
909999, 572, 0, 0
911000, 552, 0, 0
911999, 696, 0, 0
912999, 608, 0, 0
914000, 564, 0, 0
915000, 640, 0, 0
915999, 576, 0, 0
916999, 608, 0, 0
918000, 672, 0, 0
918999, 588, 0, 0
919999, 568, 0, 0
921000, 612, 0, 0
922000, 652, 0, 0
922999, 540, 0, 0
923999, 588, 0, 0
925000, 620, 0, 0
925999, 644, 0, 0
926999, 536, 0, 0
928000, 600, 0, 0
928999, 656, 0, 0
929999, 584, 0, 0
931000, 596, 0, 0
931999, 600, 0, 0
932999, 660, 0, 0
934000, 628, 0, 0
935000, 556, 0, 0
935999, 636, 0, 0
937000, 648, 0, 0
938000, 636, 0, 0
938999, 548, 0, 0
939999, 656, 0, 0
941000, 536, 0, 0
941999, 708, 0, 0
943000, 600, 0, 0
944000, 644, 0, 0
944999, 652, 0, 0
946000, 628, 0, 0
946999, 584, 0, 0
947999, 612, 0, 0
949000, 628, 0, 0
950000, 640, 0, 0
950999, 660, 0, 0
951999, 580, 0, 0
953000, 620, 0, 0
953999, 592, 0, 0
954999, 620, 0, 0
955999, 628, 0, 0
956999, 576, 0, 0
957999, 628, 0, 0
959000, 584, 0, 0
959999, 648, 0, 0
960999, 620, 0, 0
962000, 612, 0, 0
963000, 660, 0, 0
963999, 608, 0, 0
964999, 720, 0, 0
966000, 596, 0, 0
966999, 652, 0, 0
967999, 564, 0, 0
968999, 560, 0, 0
969999, 608, 0, 0
971000, 708, 0, 0
972000, 572, 0, 0
972999, 652, 0, 0
974000, 592, 0, 0
975000, 620, 0, 0
975999, 692, 0, 0
976999, 604, 0, 0
978000, 632, 0, 0
978999, 604, 0, 0
979999, 564, 0, 0
981000, 616, 0, 0
981999, 700, 0, 0
983000, 672, 0, 0
984000, 600, 0, 0
984999, 624, 0, 0
986000, 636, 0, 0
987000, 632, 0, 0
987999, 720, 0, 0
989000, 548, 0, 0
989999, 596, 0, 0
990999, 644, 0, 0
992000, 616, 0, 0
993000, 604, 0, 0
993999, 660, 0, 0
995000, 652, 0, 0
996000, 604, 0, 0
996999, 660, 0, 0
997999, 600, 0, 0
999000, 596, 0, 0
999999, 600, 0, 0
1000999, 612, 0, 0
1002000, 544, 0, 0
1002999, 664, 0, 0
1003999, 624, 0, 0
1005000, 636, 0, 0
1005999, 616, 0, 0
1006999, 636, 0, 0
1008000, 636, 0, 0
1009000, 580, 0, 0
1009999, 568, 0, 0
1011000, 584, 0, 0
1012000, 596, 0, 0
1012999, 644, 0, 0
1014000, 656, 0, 0
1015000, 608, 0, 0
1015999, 568, 0, 0
1017000, 640, 0, 0
1018000, 572, 0, 0
1018999, 604, 0, 0
1019999, 648, 0, 0
1021000, 600, 0, 0
1021999, 592, 0, 0
1022999, 580, 0, 0
1024000, 580, 0, 0
1025000, 652, 0, 0
1025999, 608, 0, 0
1026999, 592, 0, 0
1028000, 628, 0, 0
1029000, 584, 0, 0
1029999, 596, 0, 0
1031000, 612, 0, 0
1032000, 592, 0, 0
1032999, 600, 0, 0
1033999, 660, 0, 0
1035000, 616, 0, 0
1035999, 644, 0, 0
1036999, 612, 0, 0
1038000, 576, 0, 0
1038999, 596, 0, 0
1039999, 668, 0, 0
1040999, 608, 0, 0
1042000, 596, 0, 0
1042999, 576, 0, 0
1043999, 604, 0, 0
1045000, 640, 0, 0
1045999, 624, 0, 0
1046999, 576, 0, 0
1048000, 644, 0, 0
1049000, 660, 0, 0
1049999, 612, 0, 0
1051000, 592, 0, 0
1052000, 620, 0, 0
1052999, 628, 0, 0
1053999, 608, 0, 0
1055000, 592, 0, 0
1055999, 612, 0, 0
1056999, 612, 0, 0
1058000, 636, 0, 0
1058999, 604, 0, 0
1059999, 652, 0, 0
1061000, 604, 0, 0
1061999, 580, 0, 0
1062999, 640, 0, 0
1064000, 624, 0, 0
1065000, 676, 0, 0
1065999, 612, 0, 0
1066999, 652, 0, 0
1068000, 608, 0, 0
1068999, 628, 0, 0
1069999, 604, 0, 0
1071000, 576, 0, 0
1071999, 624, 0, 0
1072999, 588, 0, 0
1074000, 656, 0, 0
1075000, 592, 0, 0
1075999, 704, 0, 0
1077000, 540, 0, 0
1078000, 612, 0, 0
1078999, 644, 0, 0
1080000, 580, 0, 0
1080999, 760, 0, 0
1081999, 604, 0, 0
1083000, 648, 0, 0
1084000, 700, 0, 0
1084999, 612, 0, 0
1085999, 580, 0, 0
1087000, 632, 0, 0
1087999, 584, 0, 0
1088999, 620, 0, 0
1090000, 624, 0, 0
1091000, 608, 0, 0
1091999, 664, 0, 0
1093000, 536, 0, 0
1094000, 612, 0, 0
1094999, 628, 0, 0
1095999, 608, 0, 0
1097000, 660, 0, 0
1097999, 644, 0, 0
1098999, 616, 0, 0
1100000, 540, 0, 0
1100999, 604, 0, 0
1101999, 580, 0, 0
1102999, 632, 0, 0
1104000, 580, 0, 0
1104999, 616, 0, 0
1105999, 632, 0, 0
1107000, 608, 0, 0
1108000, 680, 0, 0
1108999, 616, 0, 0
1109999, 628, 0, 0
1111000, 660, 0, 0
1111999, 632, 0, 0
1112999, 556, 0, 0
1114000, 612, 0, 0
1115000, 588, 0, 0
1115999, 664, 0, 0
1117000, 636, 0, 0
1118000, 648, 0, 0
1118999, 600, 0, 0
1119999, 704, 0, 0
1121000, 604, 0, 0
1121999, 624, 0, 0
1122999, 628, 0, 0
1124000, 640, 0, 0
1125000, 604, 0, 0
1125999, 644, 0, 0
1126999, 604, 0, 0
1128000, 600, 0, 0
1128999, 620, 0, 0
1129999, 652, 0, 0
1131000, 652, 0, 0
1131999, 604, 0, 0
1132999, 648, 0, 0
1134000, 572, 0, 0
1134999, 576, 0, 0
1135999, 640, 0, 0
1137000, 572, 0, 0
1138000, 540, 0, 0
1138999, 600, 0, 0
1140000, 624, 0, 0
1141000, 548, 0, 0
1141999, 588, 0, 0
1142999, 688, 0, 0
1144000, 552, 0, 0
1144999, 688, 0, 0
1145999, 600, 0, 0
1146999, 648, 0, 0
1148000, 696, 0, 0
1148999, 592, 0, 0
1149999, 616, 0, 0
1151000, 648, 0, 0
1151999, 580, 0, 0
1152999, 532, 0, 0
1154000, 624, 0, 0
1155000, 636, 0, 0
1155999, 592, 0, 0
1157000, 580, 0, 0
1158000, 600, 0, 0
1158999, 664, 0, 0
1159999, 576, 0, 0
1161000, 580, 0, 0
1161999, 696, 0, 0
1162999, 628, 0, 0
1164000, 584, 0, 0
1165000, 680, 0, 0
1165999, 592, 0, 0
1166999, 612, 0, 0
1168000, 536, 0, 0
1168999, 640, 0, 0
1169999, 668, 0, 0
1171000, 704, 0, 0
1171999, 596, 0, 0
1172999, 556, 0, 0
1174000, 568, 0, 0
1175000, 640, 0, 0
1175999, 604, 0, 0
1176999, 620, 0, 0
1178000, 588, 0, 0
1178999, 588, 0, 0
1179999, 636, 0, 0
1181000, 612, 0, 0
1181999, 620, 0, 0
1182999, 592, 0, 0
1184000, 604, 0, 0
1185000, 596, 0, 0
1185999, 672, 0, 0
1186999, 632, 0, 0
1188000, 632, 0, 0
1189000, 672, 0, 0
1189999, 604, 0, 0
1191000, 712, 0, 0
1192000, 608, 0, 0
1192999, 596, 0, 0
1193999, 620, 0, 0
1195000, 536, 0, 0
1195999, 468, 0, 0
1196999, 632, 0, 0
1198000, 580, 0, 0
1198999, 688, 0, 0
1199999, 576, 0, 0
1201000, 576, 0, 0
1201999, 644, 0, 0
1202999, 624, 0, 0
1204000, 568, 0, 0
1204999, 612, 0, 0
1205999, 628, 0, 0
1207000, 620, 0, 0
1207999, 732, 0, 0
1208999, 576, 0, 0
1210000, 616, 0, 0
1210999, 556, 0, 0
1211999, 548, 0, 0
1213000, 596, 0, 0
1213999, 632, 0, 0
1214999, 632, 0, 0
1216000, 536, 0, 0
1216999, 532, 0, 0
1217999, 608, 0, 0
1219000, 612, 0, 0
1220000, 584, 0, 0
1220999, 604, 0, 0
1221999, 636, 0, 0
1223000, 552, 0, 0
1223999, 632, 0, 0
1224999, 632, 0, 0
1226000, 568, 0, 0
1226999, 604, 0, 0
1227999, 644, 0, 0
1229000, 588, 0, 0
1230000, 656, 0, 0
1230999, 584, 0, 0
1232000, 664, 0, 0
1232999, 624, 0, 0
1233999, 580, 0, 0
1235000, 612, 0, 0
1236000, 656, 0, 0
1236999, 608, 0, 0
1238000, 616, 0, 0
1239000, 592, 0, 0
1239999, 696, 0, 0
1240999, 644, 0, 0
1242000, 596, 0, 0
1242999, 580, 0, 0
1243999, 648, 0, 0
1245000, 588, 0, 0
1245999, 620, 0, 0
1246999, 644, 0, 0
1248000, 592, 0, 0
1249000, 640, 0, 0
1249999, 580, 0, 0
1251000, 612, 0, 0
1252000, 576, 0, 0
1252999, 600, 0, 0
1254000, 608, 0, 0
1255000, 548, 0, 0
1255999, 616, 0, 0
1256999, 592, 0, 0
1258000, 704, 0, 0
1259000, 608, 0, 0
1259999, 672, 0, 0
1261000, 608, 0, 0
1261999, 608, 0, 0
1262999, 648, 0, 0
1263999, 648, 0, 0
1265000, 580, 0, 0
1265999, 548, 0, 0
1266999, 652, 0, 0
1268000, 552, 0, 0
1268999, 608, 0, 0
1269999, 596, 0, 0
1271000, 588, 0, 0
1271999, 616, 0, 0
1273000, 644, 0, 0
1274000, 628, 0, 0
1274999, 636, 0, 0
1275999, 616, 0, 0
1277000, 688, 0, 0
1277999, 616, 0, 0
1278999, 680, 0, 0
1280000, 556, 0, 0
1280999, 596, 0, 0
1281999, 644, 0, 0
1283000, 604, 0, 0
1283999, 640, 0, 0
1284999, 636, 0, 0
1286000, 588, 0, 0
1287000, 548, 0, 0
1287999, 624, 0, 0
1289000, 560, 0, 0
1289999, 668, 0, 0
1290999, 564, 0, 0
1292000, 632, 0, 0
1293000, 576, 0, 0
1293999, 660, 0, 0
1295000, 648, 0, 0
1296000, 628, 0, 0
1296999, 616, 0, 0
1297999, 580, 0, 0
1299000, 628, 0, 0
1299999, 588, 0, 0
1300999, 668, 0, 0
1302000, 584, 0, 0
1302999, 604, 0, 0
1303999, 660, 0, 0
1304999, 668, 0, 0
1305999, 600, 0, 0
1307000, 636, 0, 0
1307999, 628, 0, 0
1308999, 688, 0, 0
1310000, 664, 0, 0
1311000, 648, 0, 0
1311999, 632, 0, 0
1313000, 716, 0, 0
1314000, 576, 0, 0
1314999, 552, 0, 0
1315999, 656, 0, 0
1317000, 536, 0, 0
1318000, 556, 0, 0
1318999, 576, 0, 0
1319999, 580, 0, 0
1321000, 640, 0, 0
1321999, 624, 0, 0
1322999, 596, 0, 0
1324000, 628, 0, 0
1325000, 588, 0, 0
1325999, 604, 0, 0
1326999, 580, 0, 0
1328000, 664, 0, 0
1328999, 632, 0, 0
1329999, 644, 0, 0
1331000, 556, 0, 0
1331999, 632, 0, 0
1332999, 628, 0, 0
1334000, 532, 0, 0
1335000, 552, 0, 0
1335999, 604, 0, 0
1336999, 616, 0, 0
1338000, 636, 0, 0
1338999, 624, 0, 0
1339999, 592, 0, 0
1341000, 580, 0, 0
1341999, 588, 0, 0
1343000, 548, 0, 0
1344000, 636, 0, 0
1344999, 600, 0, 0
1345999, 596, 0, 0
1347000, 556, 0, 0
1347999, 532, 0, 0
1348999, 644, 0, 0
1350000, 656, 0, 0
1350999, 592, 0, 0
1351999, 652, 0, 0
1353000, 660, 0, 0
1353999, 716, 0, 0
1354999, 548, 0, 0
1356000, 688, 0, 0
1357000, 632, 0, 0
1357999, 688, 0, 0
1359000, 588, 0, 0
1360000, 664, 0, 0
1360999, 624, 0, 0
1362000, 664, 0, 0
1363000, 508, 0, 0
1363999, 664, 0, 0
1364999, 608, 0, 0
1366000, 688, 0, 0
1366999, 592, 0, 0
1367999, 592, 0, 0
1369000, 568, 0, 0
1369999, 596, 0, 0
1370999, 604, 0, 0
1372000, 732, 0, 0
1372999, 580, 0, 0
1373999, 596, 0, 0
1375000, 660, 0, 0
1376000, 652, 0, 0
1376999, 628, 0, 0
1377999, 648, 0, 0
1379000, 624, 0, 0
1379999, 660, 0, 0
1380999, 552, 0, 0
1382000, 652, 0, 0
1382999, 608, 0, 0
1383999, 584, 0, 0
1385000, 568, 0, 0
1386000, 584, 0, 0
1386999, 624, 0, 0
1388000, 628, 0, 0
1389000, 620, 0, 0
1389999, 668, 0, 0
1390999, 616, 0, 0
1392000, 684, 0, 0
1392999, 532, 0, 0
1393999, 652, 0, 0
1395000, 528, 0, 0
1396000, 632, 0, 0
1396999, 616, 0, 0
1398000, 608, 0, 0
1398999, 640, 0, 0
1399999, 616, 0, 0
1401000, 660, 0, 0
1402000, 548, 0, 0
1402999, 624, 0, 0
1403999, 620, 0, 0
1405000, 608, 0, 0
1405999, 612, 0, 0
1406999, 608, 0, 0
1408000, 612, 0, 0
1408999, 584, 0, 0
1409999, 608, 0, 0
1411000, 672, 0, 0
1412000, 552, 0, 0
1412999, 612, 0, 0
1414000, 636, 0, 0
1415000, 588, 0, 0
1415999, 604, 0, 0
1416999, 552, 0, 0
1418000, 688, 0, 0
1418999, 620, 0, 0
1419999, 596, 0, 0
1421000, 612, 0, 0
1421999, 556, 0, 0
1422999, 632, 0, 0
1424000, 580, 0, 0
1424999, 644, 0, 0
1425999, 620, 0, 0
1427000, 612, 0, 0
1427999, 640, 0, 0
1428999, 588, 0, 0
1430000, 612, 0, 0
1430999, 600, 0, 0
1431999, 616, 0, 0
1433000, 632, 0, 0
1433999, 640, 0, 0
1434999, 652, 0, 0
1436000, 544, 0, 0
1437000, 652, 0, 0
1437999, 644, 0, 0
1438999, 536, 0, 0
1440000, 692, 0, 0
1440999, 580, 0, 0
1441999, 652, 0, 0
1443000, 568, 0, 0
1443999, 628, 0, 0
1444999, 576, 0, 0
1446000, 628, 0, 0
1446999, 616, 0, 0
1447999, 628, 0, 0
1448999, 612, 0, 0
1450000, 572, 0, 0
1450999, 656, 0, 0
1451999, 548, 0, 0
1453000, 628, 0, 0
1453999, 564, 0, 0
1454999, 632, 0, 0
1456000, 548, 0, 0
1456999, 648, 0, 0
1457999, 628, 0, 0
1459000, 660, 0, 0
1459999, 604, 0, 0
1460999, 444, 0, 0
1462000, 624, 0, 0
1463000, 604, 0, 0
1463999, 596, 0, 0
1464999, 632, 0, 0
1466000, 608, 0, 0
1467000, 612, 0, 0
1467999, 652, 0, 0
1468999, 652, 0, 0
1470000, 628, 0, 0
1470999, 692, 0, 0
1471999, 620, 0, 0
1473000, 656, 0, 0
1473999, 556, 0, 0
1474999, 660, 0, 0
1475999, 592, 0, 0
1477000, 556, 0, 0
1477999, 588, 0, 0
1478999, 616, 0, 0
1480000, 580, 0, 0
1481000, 696, 0, 0
1481999, 648, 0, 0
1483000, 648, 0, 0
1484000, 620, 0, 0
1484999, 588, 0, 0
1485999, 668, 0, 0
1487000, 628, 0, 0
1487999, 564, 0, 0
1488999, 672, 0, 0
1490000, 672, 0, 0
1490999, 572, 0, 0
1491999, 592, 0, 0
1493000, 608, 0, 0
1493999, 568, 0, 0
1494999, 608, 0, 0
1496000, 616, 0, 0
1497000, 568, 0, 0
1497999, 680, 0, 0
1498999, 544, 0, 0
1500000, 644, 0, 0
1500999, 592, 0, 0
1501999, 628, 0, 0
1503000, 684, 0, 0
1503999, 612, 0, 0
1504999, 700, 0, 0
1506000, 540, 0, 0
1506999, 652, 0, 0
1507999, 556, 0, 0
1509000, 612, 0, 0
1510000, 668, 0, 0
1510999, 656, 0, 0
1511999, 592, 0, 0
1513000, 624, 0, 0
1513999, 612, 0, 0
1514999, 596, 0, 0
1516000, 652, 0, 0
1516999, 600, 0, 0
1517999, 656, 0, 0
1519000, 616, 0, 0
1519999, 608, 0, 0
1520999, 648, 0, 0
1522000, 616, 0, 0
1523000, 672, 0, 0
1523999, 644, 0, 0
1524999, 700, 0, 0
1526000, 628, 0, 0
1526999, 624, 0, 0
1527999, 676, 0, 0
1529000, 544, 0, 0
1529999, 628, 0, 0
1530999, 648, 0, 0
1531999, 680, 0, 0
1533000, 624, 0, 0
1533999, 604, 0, 0
1534999, 628, 0, 0
1536000, 604, 0, 0
1536999, 604, 0, 0
1537999, 576, 0, 0
1539000, 588, 0, 0
1540000, 640, 0, 0
1540999, 628, 0, 0
1541999, 624, 0, 0
1543000, 624, 0, 0
1543999, 628, 0, 0
1544999, 596, 0, 0
1546000, 624, 0, 0
1546999, 608, 0, 0
1547999, 580, 0, 0
1549000, 624, 0, 0
1549999, 592, 0, 0
1550999, 584, 0, 0
1552000, 656, 0, 0
1553000, 652, 0, 0
1553999, 604, 0, 0
1554999, 536, 0, 0
1556000, 576, 0, 0
1556999, 652, 0, 0
1557999, 604, 0, 0
1559000, 580, 0, 0
1560000, 596, 0, 0
1560999, 608, 0, 0
1562000, 580, 0, 0
1563000, 668, 0, 0
1563999, 572, 0, 0
1564999, 628, 0, 0
1566000, 632, 0, 0
1566999, 584, 0, 0
1567999, 636, 0, 0
1569000, 568, 0, 0
1570000, 612, 0, 0
1570999, 624, 0, 0
1571999, 716, 0, 0
1573000, 604, 0, 0
1573999, 508, 0, 0
1574999, 620, 0, 0
1576000, 608, 0, 0
1576999, 628, 0, 0
1577999, 588, 0, 0
1579000, 616, 0, 0
1580000, 704, 0, 0
1580999, 652, 0, 0
1582000, 568, 0, 0
1583000, 688, 0, 0
1583999, 632, 0, 0
1584999, 652, 0, 0
1586000, 544, 0, 0
1586999, 600, 0, 0
1587999, 628, 0, 0
1589000, 620, 0, 0
1589999, 656, 0, 0
1590999, 556, 0, 0
1592000, 624, 0, 0
1592999, 608, 0, 0
1593999, 628, 0, 0
1595000, 656, 0, 0
1596000, 580, 0, 0
1596999, 580, 0, 0
1598000, 600, 0, 0
1599000, 652, 0, 0
1599999, 616, 0, 0
1600999, 604, 0, 0
1602000, 640, 0, 0
1602999, 580, 0, 0
1603999, 624, 0, 0
1605000, 596, 0, 0
1605999, 568, 0, 0
1606999, 532, 0, 0
1607999, 596, 0, 0
1609000, 564, 0, 0
1609999, 592, 0, 0
1610999, 676, 0, 0
1612000, 592, 0, 0
1612999, 644, 0, 0
1613999, 528, 0, 0
1614999, 516, 0, 0
1616000, 612, 0, 0
1616999, 676, 0, 0
1617999, 620, 0, 0
1619000, 672, 0, 0
1619999, 596, 0, 0
1620999, 620, 0, 0
1622000, 620, 0, 0
1623000, 536, 0, 0
1623999, 624, 0, 0
1625000, 592, 0, 0
1626000, 608, 0, 0
1626999, 556, 0, 0
1627999, 588, 0, 0
1629000, 608, 0, 0
1629999, 592, 0, 0
1630999, 644, 0, 0
1632000, 576, 0, 0
1632999, 604, 0, 0
1633999, 728, 0, 0
1635000, 604, 0, 0
1636000, 580, 0, 0
1636999, 636, 0, 0
1637999, 608, 0, 0
1639000, 612, 0, 0
1639999, 608, 0, 0
1641000, 576, 0, 0
1642000, 644, 0, 0
1642999, 604, 0, 0
1643999, 680, 0, 0
1645000, 584, 0, 0
1645999, 624, 0, 0
1646999, 592, 0, 0
1648000, 648, 0, 0
1648999, 628, 0, 0
1649999, 668, 0, 0
1651000, 656, 0, 0
1651999, 604, 0, 0
1652999, 600, 0, 0
1654000, 592, 0, 0
1655000, 612, 0, 0
1655999, 592, 0, 0
1656999, 620, 0, 0
1658000, 592, 0, 0
1658999, 540, 0, 0
1659999, 584, 0, 0
1661000, 620, 0, 0
1661999, 604, 0, 0
1662999, 628, 0, 0
1663999, 588, 0, 0
1665000, 624, 0, 0
1665999, 608, 0, 0
1666999, 664, 0, 0
1668000, 632, 0, 0
1668999, 580, 0, 0
1669999, 644, 0, 0
1670999, 612, 0, 0
1671999, 636, 0, 0
1672999, 580, 0, 0
1674000, 576, 0, 0
1674999, 560, 0, 0
1675999, 612, 0, 0
1677000, 640, 0, 0
1678000, 548, 0, 0
1678999, 620, 0, 0
1679999, 604, 0, 0
1681000, 568, 0, 0
1681999, 636, 0, 0
1682999, 600, 0, 0
1684000, 604, 0, 0
1684999, 604, 0, 0
1685999, 652, 0, 0
1686999, 592, 0, 0
1688000, 596, 0, 0
1688999, 640, 0, 0
1689999, 560, 0, 0
1691000, 644, 0, 0
1692000, 600, 0, 0
1692999, 616, 0, 0
1693999, 584, 0, 0
1695000, 664, 0, 0
1695999, 564, 0, 0
1696999, 636, 0, 0
1698000, 568, 0, 0
1699000, 568, 0, 0
1699999, 644, 0, 0
1700999, 624, 0, 0
1702000, 600, 0, 0
1702999, 644, 0, 0
1703999, 584, 0, 0
1704999, 620, 0, 0
1706000, 616, 0, 0
1706999, 556, 0, 0
1707999, 628, 0, 0
1709000, 640, 0, 0
1710000, 680, 0, 0
1710999, 608, 0, 0
1711999, 596, 0, 0
1713000, 628, 0, 0
1713999, 608, 0, 0
1714999, 600, 0, 0
1716000, 640, 0, 0
1716999, 600, 0, 0
1717999, 560, 0, 0
1718999, 600, 0, 0
1720000, 648, 0, 0
1720999, 604, 0, 0
1721999, 620, 0, 0
1723000, 620, 0, 0
1724000, 644, 0, 0
1724999, 620, 0, 0
1725999, 544, 0, 0
1727000, 640, 0, 0
1727999, 600, 0, 0
1728999, 656, 0, 0
1730000, 588, 0, 0
1731000, 644, 0, 0
1731999, 612, 0, 0
1732999, 644, 0, 0
1734000, 668, 0, 0
1734999, 608, 0, 0
1735999, 692, 0, 0
1737000, 568, 0, 0
1738000, 596, 0, 0
1738999, 600, 0, 0
1739999, 660, 0, 0
1741000, 500, 0, 0
1741999, 668, 0, 0
1742999, 576, 0, 0
1744000, 588, 0, 0
1744999, 616, 0, 0
1745999, 544, 0, 0
1747000, 592, 0, 0
1747999, 648, 0, 0
1748999, 672, 0, 0
1750000, 600, 0, 0
1751000, 620, 0, 0
1751999, 636, 0, 0
1753000, 596, 0, 0
1754000, 568, 0, 0
1754999, 628, 0, 0
1755999, 644, 0, 0
1757000, 616, 0, 0
1757999, 620, 0, 0
1758999, 592, 0, 0
1760000, 620, 0, 0
1761000, 604, 0, 0
1761999, 584, 0, 0
1762999, 608, 0, 0
1763999, 616, 0, 0
1765000, 628, 0, 0
1765999, 644, 0, 0
1766999, 568, 0, 0
1768000, 592, 0, 0
1769000, 584, 0, 0
1769999, 608, 0, 0
1770999, 608, 0, 0
1772000, 588, 0, 0
1772999, 640, 0, 0
1773999, 632, 0, 0
1775000, 624, 0, 0
1776000, 652, 0, 0
1776999, 640, 0, 0
1777999, 660, 0, 0
1779000, 668, 0, 0
1779999, 620, 0, 0
1780999, 672, 0, 0
1782000, 584, 0, 0
1782999, 616, 0, 0
1783999, 644, 0, 0
1785000, 620, 0, 0
1786000, 588, 0, 0
1786999, 592, 0, 0
1787999, 576, 0, 0
1789000, 696, 0, 0
1789999, 620, 0, 0
1790999, 632, 0, 0
1792000, 620, 0, 0
1792999, 664, 0, 0
1793999, 560, 0, 0
1795000, 596, 0, 0
1795999, 600, 0, 0
1796999, 492, 0, 0
1798000, 608, 0, 0
1799000, 708, 0, 0
1799999, 660, 0, 0
