999, 65, 0, 0
1999, 112, 0, 0
3000, 112, 0, 0
3999, 119, 0, 0
4999, 120, 0, 0
5999, 112, 0, 0
6999, 113, 0, 0
8000, 112, 0, 0
8999, 112, 0, 0
9999, 112, 0, 0
11000, 120, 0, 0
11999, 113, 0, 0
12999, 112, 0, 0
14000, 112, 0, 0
14999, 112, 0, 0
15999, 112, 0, 0
17000, 112, 0, 0
18000, 103, 0, 0
18999, 120, 0, 0
19999, 114, 0, 0
21000, 113, 0, 0
21999, 120, 0, 0
22999, 105, 0, 0
24000, 113, 0, 0
25000, 112, 0, 0
25999, 114, 0, 0
26999, 110, 0, 0
28000, 113, 0, 0
28999, 112, 0, 0
29999, 113, 0, 0
31000, 123, 0, 0
31999, 107, 0, 0
32999, 112, 0, 0
34000, 112, 0, 0
34999, 112, 0, 0
35999, 123, 0, 0
37000, 113, 0, 0
37999, 121, 0, 0
38999, 113, 0, 0
39999, 121, 0, 0
41000, 113, 0, 0
41999, 113, 0, 0
42999, 119, 0, 0
44000, 117, 0, 0
44999, 124, 0, 0
45999, 105, 0, 0
47000, 122, 0, 0
48000, 106, 0, 0
48999, 114, 0, 0
50000, 121, 0, 0
50999, 113, 0, 0
51999, 116, 0, 0
53000, 114, 0, 0
53999, 117, 0, 0
54999, 116, 0, 0
56000, 114, 0, 0
56999, 113, 0, 0
57999, 114, 0, 0
59000, 122, 0, 0
59999, 116, 0, 0
60999, 117, 0, 0
62000, 121, 0, 0
62999, 113, 0, 0
63999, 115, 0, 0
65000, 121, 0, 0
66000, 116, 0, 0
66999, 114, 0, 0
67999, 115, 0, 0
69000, 122, 0, 0
69999, 113, 0, 0
70999, 116, 0, 0
72000, 115, 0, 0
73000, 115, 0, 0
73999, 123, 0, 0
74999, 108, 0, 0
76000, 115, 0, 0
76999, 122, 0, 0
77999, 106, 0, 0
78999, 116, 0, 0
80000, 115, 0, 0
80999, 126, 0, 0
81999, 117, 0, 0
82999, 117, 0, 0
84000, 105, 0, 0
84999, 127, 0, 0
85999, 116, 0, 0
86999, 116, 0, 0
88000, 116, 0, 0
89000, 117, 0, 0
89999, 120, 0, 0
90999, 116, 0, 0
92000, 117, 0, 0
92999, 118, 0, 0
93999, 115, 0, 0
95000, 124, 0, 0
95999, 107, 0, 0
96999, 126, 0, 0
97999, 128, 0, 0
99000, 125, 0, 0
99999, 108, 0, 0
100999, 124, 0, 0
101999, 116, 0, 0
103000, 124, 0, 0
103999, 116, 0, 0
104999, 121, 0, 0
106000, 113, 0, 0
106999, 137, 0, 0
107999, 122, 0, 0
109000, 125, 0, 0
109999, 112, 0, 0
110999, 114, 0, 0
112000, 117, 0, 0
112999, 117, 0, 0
113999, 122, 0, 0
115000, 117, 0, 0
115999, 116, 0, 0
116999, 126, 0, 0
118000, 116, 0, 0
118999, 124, 0, 0
119999, 118, 0, 0
121000, 116, 0, 0
122000, 115, 0, 0
122999, 118, 0, 0
124000, 114, 0, 0
125000, 115, 0, 0
125999, 107, 0, 0
126999, 128, 0, 0
128000, 120, 0, 0
129000, 119, 0, 0
129999, 122, 0, 0
130999, 107, 0, 0
132000, 115, 0, 0
132999, 109, 0, 0
133999, 118, 0, 0
135000, 124, 0, 0
135999, 117, 0, 0
136999, 117, 0, 0
138000, 120, 0, 0
139000, 114, 0, 0
139999, 117, 0, 0
141000, 128, 0, 0
142000, 114, 0, 0
142999, 106, 0, 0
143999, 118, 0, 0
145000, 118, 0, 0
145999, 121, 0, 0
146999, 118, 0, 0
148000, 130, 0, 0
148999, 120, 0, 0
149999, 110, 0, 0
151000, 116, 0, 0
151999, 120, 0, 0
152999, 117, 0, 0
154000, 128, 0, 0
155000, 115, 0, 0
155999, 126, 0, 0
156999, 118, 0, 0
158000, 118, 0, 0
158999, 116, 0, 0
159999, 125, 0, 0
161000, 120, 0, 0
161999, 117, 0, 0
162999, 116, 0, 0
164000, 126, 0, 0
164999, 121, 0, 0
166000, 118, 0, 0
166999, 116, 0, 0
167999, 117, 0, 0
168999, 127, 0, 0
170000, 129, 0, 0
170999, 123, 0, 0
171999, 112, 0, 0
173000, 125, 0, 0
174000, 118, 0, 0
174999, 121, 0, 0
175999, 114, 0, 0
177000, 135, 0, 0
177999, 118, 0, 0
179000, 120, 0, 0
180000, 107, 0, 0
180999, 129, 0, 0
181999, 107, 0, 0
182999, 108, 0, 0
184000, 121, 0, 0
184999, 133, 0, 0
186000, 122, 0, 0
187000, 119, 0, 0
187999, 133, 0, 0
188999, 125, 0, 0
190000, 125, 0, 0
190999, 110, 0, 0
191999, 119, 0, 0
193000, 127, 0, 0
193999, 132, 0, 0
194999, 120, 0, 0
196000, 121, 0, 0
196999, 129, 0, 0
197999, 119, 0, 0
199000, 129, 0, 0
199999, 127, 0, 0
200999, 119, 0, 0
202000, 119, 0, 0
202999, 119, 0, 0
203999, 121, 0, 0
205000, 125, 0, 0
205999, 120, 0, 0
206999, 118, 0, 0
208000, 121, 0, 0
209000, 122, 0, 0
209999, 122, 0, 0
210999, 124, 0, 0
212000, 114, 0, 0
212999, 136, 0, 0
213999, 118, 0, 0
215000, 116, 0, 0
216000, 122, 0, 0
216999, 119, 0, 0
218000, 122, 0, 0
219000, 121, 0, 0
219999, 120, 0, 0
220999, 127, 0, 0
222000, 132, 0, 0
222999, 131, 0, 0
223999, 119, 0, 0
225000, 123, 0, 0
225999, 119, 0, 0
226999, 125, 0, 0
228000, 120, 0, 0
228999, 123, 0, 0
229999, 124, 0, 0
231000, 120, 0, 0
232000, 120, 0, 0
232999, 117, 0, 0
233999, 120, 0, 0
235000, 118, 0, 0
235999, 119, 0, 0
236999, 121, 0, 0
238000, 128, 0, 0
238999, 124, 0, 0
239999, 129, 0, 0
241000, 119, 0, 0
241999, 121, 0, 0
242999, 116, 0, 0
244000, 124, 0, 0
244999, 134, 0, 0
245999, 127, 0, 0
247000, 128, 0, 0
248000, 125, 0, 0
248999, 126, 0, 0
249999, 126, 0, 0
251000, 129, 0, 0
251999, 123, 0, 0
252999, 122, 0, 0
254000, 124, 0, 0
255000, 110, 0, 0
255999, 120, 0, 0
257000, 121, 0, 0
258000, 122, 0, 0
258999, 120, 0, 0
259999, 122, 0, 0
261000, 133, 0, 0
261999, 120, 0, 0
262999, 130, 0, 0
264000, 122, 0, 0
264999, 118, 0, 0
265999, 121, 0, 0
267000, 133, 0, 0
267999, 121, 0, 0
268999, 120, 0, 0
270000, 122, 0, 0
271000, 125, 0, 0
271999, 128, 0, 0
272999, 129, 0, 0
274000, 132, 0, 0
274999, 123, 0, 0
275999, 120, 0, 0
277000, 131, 0, 0
277999, 121, 0, 0
278999, 129, 0, 0
280000, 128, 0, 0
281000, 132, 0, 0
281999, 130, 0, 0
282999, 126, 0, 0
284000, 124, 0, 0
284999, 124, 0, 0
285999, 120, 0, 0
287000, 124, 0, 0
287999, 131, 0, 0
288999, 125, 0, 0
289999, 120, 0, 0
290999, 126, 0, 0
291999, 118, 0, 0
292999, 121, 0, 0
294000, 128, 0, 0
294999, 113, 0, 0
295999, 132, 0, 0
297000, 123, 0, 0
298000, 126, 0, 0
298999, 138, 0, 0
299999, 127, 0, 0
301000, 125, 0, 0
301999, 121, 0, 0
303000, 125, 0, 0
304000, 143, 0, 0
304999, 130, 0, 0
306000, 130, 0, 0
306999, 118, 0, 0
307999, 124, 0, 0
308999, 130, 0, 0
310000, 127, 0, 0
310999, 131, 0, 0
311999, 127, 0, 0
312999, 136, 0, 0
314000, 132, 0, 0
314999, 130, 0, 0
315999, 128, 0, 0
317000, 135, 0, 0
317999, 124, 0, 0
318999, 125, 0, 0
320000, 134, 0, 0
320999, 145, 0, 0
321999, 116, 0, 0
323000, 138, 0, 0
323999, 124, 0, 0
324999, 127, 0, 0
326000, 124, 0, 0
326999, 143, 0, 0
327999, 129, 0, 0
329000, 124, 0, 0
329999, 129, 0, 0
330999, 120, 0, 0
332000, 117, 0, 0
332999, 141, 0, 0
333999, 127, 0, 0
335000, 139, 0, 0
335999, 124, 0, 0
336999, 124, 0, 0
338000, 129, 0, 0
338999, 127, 0, 0
339999, 134, 0, 0
341000, 125, 0, 0
342000, 121, 0, 0
342999, 138, 0, 0
343999, 132, 0, 0
345000, 128, 0, 0
345999, 122, 0, 0
346999, 127, 0, 0
347999, 138, 0, 0
349000, 125, 0, 0
349999, 121, 0, 0
350999, 136, 0, 0
352000, 128, 0, 0
353000, 137, 0, 0
353999, 139, 0, 0
354999, 130, 0, 0
356000, 139, 0, 0
356999, 128, 0, 0
357999, 134, 0, 0
359000, 128, 0, 0
360000, 132, 0, 0
360999, 128, 0, 0
362000, 127, 0, 0
363000, 125, 0, 0
363999, 123, 0, 0
364999, 137, 0, 0
366000, 130, 0, 0
366999, 136, 0, 0
367999, 126, 0, 0
368999, 137, 0, 0
370000, 123, 0, 0
370999, 127, 0, 0
371999, 127, 0, 0
373000, 143, 0, 0
374000, 129, 0, 0
374999, 117, 0, 0
376000, 131, 0, 0
377000, 139, 0, 0
377999, 143, 0, 0
379000, 112, 0, 0
380000, 124, 0, 0
380999, 124, 0, 0
381999, 135, 0, 0
383000, 130, 0, 0
383999, 133, 0, 0
384999, 138, 0, 0
386000, 146, 0, 0
387000, 128, 0, 0
387999, 126, 0, 0
389000, 117, 0, 0
390000, 126, 0, 0
390999, 142, 0, 0
391999, 131, 0, 0
393000, 129, 0, 0
393999, 137, 0, 0
394999, 130, 0, 0
396000, 133, 0, 0
396999, 140, 0, 0
397999, 124, 0, 0
399000, 134, 0, 0
399999, 127, 0, 0
401000, 137, 0, 0
402000, 133, 0, 0
402999, 137, 0, 0
404000, 126, 0, 0
405000, 132, 0, 0
405999, 137, 0, 0
406999, 131, 0, 0
408000, 141, 0, 0
408999, 136, 0, 0
409999, 136, 0, 0
411000, 128, 0, 0
412000, 131, 0, 0
412999, 130, 0, 0
414000, 126, 0, 0
414999, 137, 0, 0
415999, 136, 0, 0
416999, 133, 0, 0
418000, 137, 0, 0
418999, 135, 0, 0
419999, 125, 0, 0
421000, 158, 0, 0
421999, 121, 0, 0
422999, 124, 0, 0
424000, 141, 0, 0
424999, 133, 0, 0
425999, 122, 0, 0
427000, 133, 0, 0
427999, 149, 0, 0
428999, 131, 0, 0
430000, 126, 0, 0
430999, 129, 0, 0
431999, 133, 0, 0
433000, 132, 0, 0
434000, 126, 0, 0
434999, 132, 0, 0
436000, 149, 0, 0
436999, 134, 0, 0
437999, 133, 0, 0
439000, 125, 0, 0
439999, 136, 0, 0
440999, 134, 0, 0
442000, 148, 0, 0
442999, 143, 0, 0
443999, 130, 0, 0
445000, 134, 0, 0
446000, 145, 0, 0
446999, 140, 0, 0
448000, 127, 0, 0
448999, 128, 0, 0
449999, 133, 0, 0
451000, 138, 0, 0
452000, 133, 0, 0
452999, 138, 0, 0
454000, 116, 0, 0
454999, 129, 0, 0
455999, 132, 0, 0
457000, 130, 0, 0
457999, 140, 0, 0
458999, 137, 0, 0
460000, 137, 0, 0
460999, 141, 0, 0
461999, 142, 0, 0
463000, 142, 0, 0
463999, 145, 0, 0
464999, 132, 0, 0
466000, 145, 0, 0
466999, 125, 0, 0
467999, 141, 0, 0
469000, 143, 0, 0
469999, 136, 0, 0
470999, 132, 0, 0
472000, 136, 0, 0
472999, 144, 0, 0
473999, 139, 0, 0
475000, 129, 0, 0
476000, 126, 0, 0
476999, 143, 0, 0
478000, 154, 0, 0
478999, 144, 0, 0
479999, 144, 0, 0
480999, 138, 0, 0
482000, 129, 0, 0
482999, 135, 0, 0
483999, 128, 0, 0
485000, 124, 0, 0
485999, 132, 0, 0
486999, 142, 0, 0
488000, 133, 0, 0
488999, 143, 0, 0
489999, 123, 0, 0
491000, 135, 0, 0
491999, 131, 0, 0
492999, 139, 0, 0
494000, 133, 0, 0
494999, 143, 0, 0
495999, 137, 0, 0
497000, 141, 0, 0
498000, 140, 0, 0
498999, 143, 0, 0
499999, 143, 0, 0
501000, 132, 0, 0
501999, 142, 0, 0
502999, 143, 0, 0
504000, 134, 0, 0
504999, 146, 0, 0
505999, 152, 0, 0
507000, 138, 0, 0
507999, 143, 0, 0
508999, 134, 0, 0
510000, 134, 0, 0
510999, 142, 0, 0
511999, 132, 0, 0
513000, 152, 0, 0
514000, 149, 0, 0
514999, 136, 0, 0
516000, 136, 0, 0
517000, 140, 0, 0
517999, 163, 0, 0
518999, 139, 0, 0
520000, 139, 0, 0
520999, 137, 0, 0
521999, 134, 0, 0
523000, 129, 0, 0
524000, 136, 0, 0
524999, 156, 0, 0
525999, 129, 0, 0
527000, 136, 0, 0
527999, 138, 0, 0
528999, 139, 0, 0
530000, 144, 0, 0
530999, 158, 0, 0
531999, 122, 0, 0
533000, 142, 0, 0
533999, 127, 0, 0
534999, 141, 0, 0
536000, 122, 0, 0
537000, 146, 0, 0
537999, 132, 0, 0
538999, 122, 0, 0
540000, 148, 0, 0
540999, 146, 0, 0
541999, 147, 0, 0
543000, 138, 0, 0
543999, 131, 0, 0
544999, 139, 0, 0
546000, 145, 0, 0
547000, 140, 0, 0
547999, 148, 0, 0
548999, 136, 0, 0
550000, 148, 0, 0
550999, 150, 0, 0
551999, 131, 0, 0
553000, 145, 0, 0
553999, 146, 0, 0
554999, 139, 0, 0
556000, 146, 0, 0
556999, 135, 0, 0
557999, 142, 0, 0
559000, 146, 0, 0
559999, 140, 0, 0
560999, 137, 0, 0
561999, 142, 0, 0
563000, 147, 0, 0
563999, 129, 0, 0
564999, 155, 0, 0
566000, 143, 0, 0
566999, 136, 0, 0
567999, 144, 0, 0
569000, 140, 0, 0
569999, 138, 0, 0
571000, 145, 0, 0
572000, 145, 0, 0
573000, 150, 0, 0
574000, 148, 0, 0
574999, 137, 0, 0
576000, 139, 0, 0
577000, 136, 0, 0
578000, 139, 0, 0
579000, 136, 0, 0
579999, 145, 0, 0
581000, 132, 0, 0
582000, 127, 0, 0
583000, 171, 0, 0
584000, 143, 0, 0
585000, 151, 0, 0
586000, 142, 0, 0
587000, 122, 0, 0
588000, 142, 0, 0
589000, 132, 0, 0
590000, 148, 0, 0
591000, 137, 0, 0
592000, 148, 0, 0
593000, 124, 0, 0
594000, 147, 0, 0
595000, 133, 0, 0
596000, 122, 0, 0
596999, 155, 0, 0
598000, 121, 0, 0
599000, 138, 0, 0
600000, 130, 0, 0
601000, 154, 0, 0
602000, 143, 0, 0
603000, 153, 0, 0
604000, 138, 0, 0
605000, 145, 0, 0
606000, 140, 0, 0
607000, 144, 0, 0
608000, 147, 0, 0
609000, 137, 0, 0
610000, 146, 0, 0
611000, 155, 0, 0
612000, 152, 0, 0
613000, 139, 0, 0
614000, 166, 0, 0
615000, 142, 0, 0
616000, 143, 0, 0
617000, 147, 0, 0
618000, 164, 0, 0
619000, 131, 0, 0
619999, 146, 0, 0
620999, 148, 0, 0
621999, 142, 0, 0
622999, 139, 0, 0
623999, 141, 0, 0
624998, 137, 0, 0
625998, 151, 0, 0
626998, 153, 0, 0
627998, 142, 0, 0
628998, 152, 0, 0
629997, 144, 0, 0
630998, 136, 0, 0
631997, 151, 0, 0
632997, 148, 0, 0
633996, 143, 0, 0
634997, 140, 0, 0
635996, 128, 0, 0
636996, 138, 0, 0
637996, 138, 0, 0
638995, 149, 0, 0
639996, 146, 0, 0
640996, 143, 0, 0
641995, 143, 0, 0
642995, 169, 0, 0
643994, 140, 0, 0
644995, 153, 0, 0
645995, 146, 0, 0
646994, 139, 0, 0
647994, 153, 0, 0
648993, 149, 0, 0
649993, 151, 0, 0
650993, 150, 0, 0
651993, 148, 0, 0
652993, 145, 0, 0
653993, 139, 0, 0
654992, 163, 0, 0
655992, 148, 0, 0
656992, 146, 0, 0
657992, 150, 0, 0
658992, 149, 0, 0
659991, 141, 0, 0
660991, 149, 0, 0
661991, 143, 0, 0
663000, 138, 0, 0
663991, 149, 0, 0
664991, 145, 0, 0
665999, 155, 0, 0
666999, 146, 0, 0
668000, 150, 0, 0
668999, 150, 0, 0
669999, 168, 0, 0
670999, 138, 0, 0
672000, 148, 0, 0
672999, 140, 0, 0
674000, 156, 0, 0
675000, 170, 0, 0
675999, 141, 0, 0
676999, 146, 0, 0
678000, 139, 0, 0
678999, 144, 0, 0
679999, 138, 0, 0
681000, 155, 0, 0
681999, 154, 0, 0
682999, 148, 0, 0
684000, 152, 0, 0
685000, 150, 0, 0
685999, 142, 0, 0
686999, 146, 0, 0
688000, 141, 0, 0
688999, 134, 0, 0
689999, 156, 0, 0
691000, 139, 0, 0
692000, 139, 0, 0
692999, 164, 0, 0
693999, 144, 0, 0
695000, 164, 0, 0
695999, 154, 0, 0
696999, 150, 0, 0
698000, 143, 0, 0
698999, 143, 0, 0
699999, 149, 0, 0
701000, 148, 0, 0
702000, 147, 0, 0
702999, 155, 0, 0
703999, 153, 0, 0
705000, 142, 0, 0
705999, 147, 0, 0
706999, 136, 0, 0
707999, 156, 0, 0
709000, 154, 0, 0
709999, 160, 0, 0
710999, 159, 0, 0
712000, 162, 0, 0
712999, 141, 0, 0
713999, 150, 0, 0
715000, 148, 0, 0
715999, 154, 0, 0
716999, 149, 0, 0
718000, 112, 0, 0
719000, 146, 0, 0
719999, 146, 0, 0
720999, 177, 0, 0
722000, 146, 0, 0
722999, 160, 0, 0
723999, 148, 0, 0
725000, 151, 0, 0
725999, 160, 0, 0
726999, 152, 0, 0
728000, 147, 0, 0
729000, 129, 0, 0
729999, 139, 0, 0
730999, 155, 0, 0
732000, 158, 0, 0
733000, 149, 0, 0
733999, 152, 0, 0
735000, 134, 0, 0
735999, 163, 0, 0
736999, 148, 0, 0
738000, 173, 0, 0
739000, 141, 0, 0
739999, 148, 0, 0
740999, 152, 0, 0
741999, 148, 0, 0
743000, 145, 0, 0
744000, 163, 0, 0
744999, 149, 0, 0
745999, 175, 0, 0
747000, 147, 0, 0
747999, 157, 0, 0
748999, 152, 0, 0
750000, 151, 0, 0
750999, 159, 0, 0
751999, 150, 0, 0
753000, 160, 0, 0
754000, 151, 0, 0
754999, 149, 0, 0
755999, 164, 0, 0
757000, 145, 0, 0
757999, 151, 0, 0
758999, 154, 0, 0
760000, 153, 0, 0
761000, 160, 0, 0
761999, 161, 0, 0
763000, 167, 0, 0
764000, 160, 0, 0
764999, 159, 0, 0
765999, 174, 0, 0
767000, 155, 0, 0
768000, 160, 0, 0
768999, 144, 0, 0
770000, 180, 0, 0
771000, 152, 0, 0
771999, 136, 0, 0
772999, 146, 0, 0
774000, 159, 0, 0
774999, 154, 0, 0
775999, 147, 0, 0
776999, 156, 0, 0
778000, 153, 0, 0
778999, 147, 0, 0
779999, 147, 0, 0
781000, 160, 0, 0
782000, 154, 0, 0
782999, 167, 0, 0
784000, 139, 0, 0
785000, 173, 0, 0
785999, 156, 0, 0
787000, 161, 0, 0
788000, 161, 0, 0
788999, 149, 0, 0
789999, 163, 0, 0
791000, 154, 0, 0
791999, 136, 0, 0
792999, 169, 0, 0
794000, 153, 0, 0
794999, 136, 0, 0
795999, 154, 0, 0
797000, 165, 0, 0
798000, 168, 0, 0
798999, 188, 0, 0
799999, 150, 0, 0
801000, 156, 0, 0
801999, 136, 0, 0
802999, 163, 0, 0
804000, 169, 0, 0
804999, 154, 0, 0
805999, 141, 0, 0
807000, 156, 0, 0
807999, 153, 0, 0
808999, 161, 0, 0
810000, 155, 0, 0
810999, 158, 0, 0
811999, 148, 0, 0
813000, 159, 0, 0
813999, 155, 0, 0
814999, 180, 0, 0
816000, 145, 0, 0
816999, 156, 0, 0
817999, 155, 0, 0
819000, 146, 0, 0
820000, 146, 0, 0
820999, 158, 0, 0
821999, 159, 0, 0
823000, 139, 0, 0
823999, 136, 0, 0
824999, 169, 0, 0
826000, 149, 0, 0
826999, 138, 0, 0
827999, 163, 0, 0
829000, 164, 0, 0
830000, 143, 0, 0
830999, 154, 0, 0
832000, 156, 0, 0
833000, 157, 0, 0
833999, 161, 0, 0
834999, 157, 0, 0
836000, 162, 0, 0
836999, 153, 0, 0
837999, 150, 0, 0
839000, 151, 0, 0
839999, 148, 0, 0
840999, 175, 0, 0
842000, 171, 0, 0
843000, 175, 0, 0
843999, 141, 0, 0
845000, 162, 0, 0
846000, 163, 0, 0
846999, 157, 0, 0
847999, 170, 0, 0
849000, 139, 0, 0
849999, 157, 0, 0
850999, 123, 0, 0
852000, 148, 0, 0
852999, 150, 0, 0
853999, 156, 0, 0
855000, 161, 0, 0
855999, 139, 0, 0
856999, 172, 0, 0
858000, 163, 0, 0
858999, 149, 0, 0
859999, 158, 0, 0
861000, 145, 0, 0
862000, 151, 0, 0
862999, 146, 0, 0
864000, 170, 0, 0
865000, 145, 0, 0
865999, 154, 0, 0
867000, 159, 0, 0
867999, 143, 0, 0
868999, 143, 0, 0
869999, 144, 0, 0
871000, 153, 0, 0
871999, 149, 0, 0
872999, 157, 0, 0
874000, 169, 0, 0
875000, 138, 0, 0
875999, 163, 0, 0
876999, 143, 0, 0
878000, 170, 0, 0
878999, 152, 0, 0
879999, 140, 0, 0
880999, 155, 0, 0
881999, 152, 0, 0
882999, 147, 0, 0
884000, 158, 0, 0
885000, 152, 0, 0
885999, 174, 0, 0
887000, 144, 0, 0
887999, 149, 0, 0
888999, 148, 0, 0
889999, 164, 0, 0
891000, 151, 0, 0
891999, 150, 0, 0
892999, 163, 0, 0
894000, 147, 0, 0
895000, 159, 0, 0
895999, 143, 0, 0
896999, 149, 0, 0
898000, 166, 0, 0
898999, 152, 0, 0
899999, 148, 0, 0
901000, 159, 0, 0
901999, 163, 0, 0
902999, 150, 0, 0
904000, 153, 0, 0
905000, 154, 0, 0
905999, 160, 0, 0
906999, 175, 0, 0
908000, 175, 0, 0
908999, 147, 0, 0
909999, 143, 0, 0
911000, 138, 0, 0
911999, 174, 0, 0
912999, 152, 0, 0
914000, 141, 0, 0
915000, 160, 0, 0
915999, 144, 0, 0
916999, 152, 0, 0
918000, 168, 0, 0
918999, 147, 0, 0
919999, 142, 0, 0
921000, 153, 0, 0
922000, 163, 0, 0
922999, 135, 0, 0
923999, 147, 0, 0
925000, 155, 0, 0
925999, 161, 0, 0
926999, 134, 0, 0
928000, 150, 0, 0
928999, 164, 0, 0
929999, 146, 0, 0
931000, 149, 0, 0
931999, 150, 0, 0
932999, 165, 0, 0
934000, 157, 0, 0
935000, 139, 0, 0
935999, 159, 0, 0
937000, 162, 0, 0
938000, 159, 0, 0
938999, 137, 0, 0
939999, 164, 0, 0
941000, 134, 0, 0
941999, 177, 0, 0
943000, 150, 0, 0
944000, 161, 0, 0
944999, 163, 0, 0
946000, 157, 0, 0
946999, 146, 0, 0
947999, 153, 0, 0
949000, 157, 0, 0
950000, 160, 0, 0
950999, 165, 0, 0
951999, 145, 0, 0
953000, 155, 0, 0
953999, 148, 0, 0
954999, 155, 0, 0
955999, 157, 0, 0
956999, 144, 0, 0
957999, 157, 0, 0
959000, 146, 0, 0
959999, 162, 0, 0
960999, 155, 0, 0
962000, 153, 0, 0
963000, 165, 0, 0
963999, 152, 0, 0
964999, 180, 0, 0
966000, 149, 0, 0
966999, 163, 0, 0
967999, 141, 0, 0
968999, 140, 0, 0
969999, 152, 0, 0
971000, 177, 0, 0
972000, 143, 0, 0
972999, 163, 0, 0
974000, 148, 0, 0
975000, 155, 0, 0
975999, 173, 0, 0
976999, 151, 0, 0
978000, 158, 0, 0
978999, 151, 0, 0
979999, 141, 0, 0
981000, 154, 0, 0
981999, 175, 0, 0
983000, 168, 0, 0
984000, 150, 0, 0
984999, 156, 0, 0
986000, 159, 0, 0
987000, 158, 0, 0
987999, 180, 0, 0
989000, 137, 0, 0
989999, 149, 0, 0
990999, 161, 0, 0
992000, 154, 0, 0
993000, 151, 0, 0
993999, 165, 0, 0
995000, 163, 0, 0
996000, 151, 0, 0
996999, 165, 0, 0
997999, 150, 0, 0
999000, 149, 0, 0
999999, 150, 0, 0
1000999, 153, 0, 0
1002000, 136, 0, 0
1002999, 166, 0, 0
1003999, 156, 0, 0
1005000, 159, 0, 0
1005999, 154, 0, 0
1006999, 159, 0, 0
1008000, 159, 0, 0
1009000, 145, 0, 0
1009999, 142, 0, 0
1011000, 146, 0, 0
1012000, 149, 0, 0
1012999, 161, 0, 0
1014000, 164, 0, 0
1015000, 152, 0, 0
1015999, 142, 0, 0
1017000, 160, 0, 0
1018000, 143, 0, 0
1018999, 151, 0, 0
1019999, 162, 0, 0
1021000, 150, 0, 0
1021999, 148, 0, 0
1022999, 145, 0, 0
1024000, 145, 0, 0
1025000, 163, 0, 0
1025999, 152, 0, 0
1026999, 148, 0, 0
1028000, 157, 0, 0
1029000, 146, 0, 0
1029999, 149, 0, 0
1031000, 153, 0, 0
1032000, 148, 0, 0
1032999, 150, 0, 0
1033999, 165, 0, 0
1035000, 154, 0, 0
1035999, 161, 0, 0
1036999, 153, 0, 0
1038000, 144, 0, 0
1038999, 149, 0, 0
1039999, 167, 0, 0
1040999, 152, 0, 0
1042000, 149, 0, 0
1042999, 144, 0, 0
1043999, 151, 0, 0
1045000, 160, 0, 0
1045999, 156, 0, 0
1046999, 144, 0, 0
1048000, 161, 0, 0
1049000, 165, 0, 0
1049999, 153, 0, 0
1051000, 148, 0, 0
1052000, 155, 0, 0
1052999, 157, 0, 0
1053999, 152, 0, 0
1055000, 148, 0, 0
1055999, 153, 0, 0
1056999, 153, 0, 0
1058000, 159, 0, 0
1058999, 151, 0, 0
1059999, 163, 0, 0
1061000, 151, 0, 0
1061999, 145, 0, 0
1062999, 160, 0, 0
1064000, 156, 0, 0
1065000, 169, 0, 0
1065999, 153, 0, 0
1066999, 163, 0, 0
1068000, 152, 0, 0
1068999, 157, 0, 0
1069999, 151, 0, 0
1071000, 144, 0, 0
1071999, 156, 0, 0
1072999, 147, 0, 0
1074000, 164, 0, 0
1075000, 148, 0, 0
1075999, 176, 0, 0
1077000, 135, 0, 0
1078000, 153, 0, 0
1078999, 161, 0, 0
1080000, 145, 0, 0
1080999, 190, 0, 0
1081999, 151, 0, 0
1083000, 162, 0, 0
1084000, 175, 0, 0
1084999, 153, 0, 0
1085999, 145, 0, 0
1087000, 158, 0, 0
1087999, 146, 0, 0
1088999, 155, 0, 0
1090000, 156, 0, 0
1091000, 152, 0, 0
1091999, 166, 0, 0
1093000, 134, 0, 0
1094000, 153, 0, 0
1094999, 157, 0, 0
1095999, 152, 0, 0
1097000, 165, 0, 0
1097999, 161, 0, 0
1098999, 154, 0, 0
1100000, 135, 0, 0
1100999, 151, 0, 0
1101999, 145, 0, 0
1102999, 158, 0, 0
1104000, 145, 0, 0
1104999, 154, 0, 0
1105999, 158, 0, 0
1107000, 152, 0, 0
1108000, 170, 0, 0
1108999, 154, 0, 0
1109999, 157, 0, 0
1111000, 165, 0, 0
1111999, 158, 0, 0
1112999, 139, 0, 0
1114000, 153, 0, 0
1115000, 147, 0, 0
1115999, 166, 0, 0
1117000, 159, 0, 0
1118000, 162, 0, 0
1118999, 150, 0, 0
1119999, 176, 0, 0
1121000, 151, 0, 0
1121999, 156, 0, 0
1122999, 157, 0, 0
1124000, 160, 0, 0
1125000, 151, 0, 0
1125999, 161, 0, 0
1126999, 151, 0, 0
1128000, 150, 0, 0
1128999, 155, 0, 0
1129999, 163, 0, 0
1131000, 163, 0, 0
1131999, 151, 0, 0
1132999, 162, 0, 0
1134000, 143, 0, 0
1134999, 144, 0, 0
1135999, 160, 0, 0
1137000, 143, 0, 0
1138000, 135, 0, 0
1138999, 150, 0, 0
1140000, 156, 0, 0
1141000, 137, 0, 0
1141999, 147, 0, 0
1142999, 172, 0, 0
1144000, 138, 0, 0
1144999, 172, 0, 0
1145999, 150, 0, 0
1146999, 162, 0, 0
1148000, 174, 0, 0
1148999, 148, 0, 0
1149999, 154, 0, 0
1151000, 162, 0, 0
1151999, 145, 0, 0
1152999, 133, 0, 0
1154000, 156, 0, 0
1155000, 159, 0, 0
1155999, 148, 0, 0
1157000, 145, 0, 0
1158000, 150, 0, 0
1158999, 166, 0, 0
1159999, 144, 0, 0
1161000, 145, 0, 0
1161999, 174, 0, 0
1162999, 157, 0, 0
1164000, 146, 0, 0
1165000, 170, 0, 0
1165999, 148, 0, 0
1167000, 153, 0, 0
1168000, 134, 0, 0
1168999, 160, 0, 0
1169999, 167, 0, 0
1171000, 176, 0, 0
1171999, 149, 0, 0
1172999, 139, 0, 0
1174000, 142, 0, 0
1175000, 160, 0, 0
1175999, 151, 0, 0
1176999, 155, 0, 0
1178000, 147, 0, 0
1178999, 147, 0, 0
1179999, 159, 0, 0
1181000, 153, 0, 0
1181999, 155, 0, 0
1182999, 148, 0, 0
1184000, 151, 0, 0
1185000, 149, 0, 0
1185999, 168, 0, 0
1186999, 158, 0, 0
1188000, 158, 0, 0
1189000, 168, 0, 0
1189999, 151, 0, 0
1191000, 178, 0, 0
1192000, 152, 0, 0
1192999, 149, 0, 0
1193999, 155, 0, 0
1195000, 134, 0, 0
1195999, 117, 0, 0
1196999, 158, 0, 0
1198000, 145, 0, 0
1198999, 172, 0, 0
1199999, 144, 0, 0
1201000, 144, 0, 0
1201999, 161, 0, 0
1202999, 156, 0, 0
1204000, 142, 0, 0
1204999, 153, 0, 0
1205999, 157, 0, 0
1207000, 155, 0, 0
1207999, 183, 0, 0
1208999, 144, 0, 0
1210000, 154, 0, 0
1210999, 139, 0, 0
1211999, 137, 0, 0
1213000, 149, 0, 0
1213999, 158, 0, 0
1214999, 158, 0, 0
1216000, 134, 0, 0
1216999, 133, 0, 0
1217999, 152, 0, 0
1219000, 153, 0, 0
1220000, 146, 0, 0
1220999, 151, 0, 0
1221999, 159, 0, 0
1223000, 138, 0, 0
1223999, 158, 0, 0
1224999, 158, 0, 0
1226000, 142, 0, 0
1226999, 151, 0, 0
1227999, 161, 0, 0
1229000, 147, 0, 0
1230000, 164, 0, 0
1230999, 146, 0, 0
1232000, 166, 0, 0
1232999, 156, 0, 0
1233999, 145, 0, 0
1235000, 153, 0, 0
1236000, 164, 0, 0
1236999, 152, 0, 0
1238000, 154, 0, 0
1239000, 148, 0, 0
1239999, 174, 0, 0
1240999, 161, 0, 0
1242000, 149, 0, 0
1242999, 145, 0, 0
1243999, 162, 0, 0
1245000, 147, 0, 0
1245999, 155, 0, 0
1246999, 161, 0, 0
1248000, 148, 0, 0
1249000, 160, 0, 0
1249999, 145, 0, 0
1251000, 153, 0, 0
1252000, 144, 0, 0
1252999, 150, 0, 0
1254000, 152, 0, 0
1255000, 137, 0, 0
1255999, 154, 0, 0
1256999, 148, 0, 0
1258000, 176, 0, 0
1259000, 152, 0, 0
1259999, 168, 0, 0
1261000, 152, 0, 0
1261999, 152, 0, 0
1262999, 162, 0, 0
1263999, 162, 0, 0
1265000, 145, 0, 0
1265999, 137, 0, 0
1266999, 163, 0, 0
1268000, 138, 0, 0
1268999, 152, 0, 0
1269999, 149, 0, 0
1271000, 147, 0, 0
1271999, 154, 0, 0
1273000, 161, 0, 0
1274000, 157, 0, 0
1274999, 159, 0, 0
1275999, 154, 0, 0
1277000, 172, 0, 0
1277999, 154, 0, 0
1278999, 170, 0, 0
1280000, 139, 0, 0
1280999, 149, 0, 0
1281999, 161, 0, 0
1283000, 151, 0, 0
1283999, 160, 0, 0
1284999, 159, 0, 0
1286000, 147, 0, 0
1287000, 137, 0, 0
1287999, 156, 0, 0
1289000, 140, 0, 0
1289999, 167, 0, 0
1290999, 141, 0, 0
1292000, 158, 0, 0
1293000, 144, 0, 0
1293999, 165, 0, 0
1295000, 162, 0, 0
1296000, 157, 0, 0
1296999, 154, 0, 0
1297999, 145, 0, 0
1299000, 157, 0, 0
1299999, 147, 0, 0
1300999, 167, 0, 0
1302000, 146, 0, 0
1302999, 151, 0, 0
1303999, 165, 0, 0
1304999, 167, 0, 0
1305999, 150, 0, 0
1307000, 159, 0, 0
1307999, 157, 0, 0
1308999, 172, 0, 0
1310000, 166, 0, 0
1311000, 162, 0, 0
1311999, 158, 0, 0
1313000, 179, 0, 0
1314000, 144, 0, 0
1314999, 138, 0, 0
1315999, 164, 0, 0
1317000, 134, 0, 0
1318000, 139, 0, 0
1318999, 144, 0, 0
1319999, 145, 0, 0
1321000, 160, 0, 0
1321999, 156, 0, 0
1322999, 149, 0, 0
1324000, 157, 0, 0
1325000, 147, 0, 0
1325999, 151, 0, 0
1326999, 145, 0, 0
1328000, 166, 0, 0
1328999, 158, 0, 0
1329999, 161, 0, 0
1331000, 139, 0, 0
1331999, 158, 0, 0
1332999, 157, 0, 0
1334000, 133, 0, 0
1335000, 138, 0, 0
1335999, 151, 0, 0
1336999, 154, 0, 0
1338000, 159, 0, 0
1338999, 156, 0, 0
1339999, 148, 0, 0
1341000, 145, 0, 0
1341999, 147, 0, 0
1343000, 137, 0, 0
1344000, 159, 0, 0
1344999, 150, 0, 0
1345999, 149, 0, 0
1347000, 139, 0, 0
1347999, 133, 0, 0
1348999, 161, 0, 0
1350000, 164, 0, 0
1350999, 148, 0, 0
1351999, 163, 0, 0
1353000, 165, 0, 0
1353999, 179, 0, 0
1354999, 137, 0, 0
1356000, 172, 0, 0
1357000, 158, 0, 0
1357999, 172, 0, 0
1359000, 147, 0, 0
1360000, 166, 0, 0
1360999, 156, 0, 0
1362000, 166, 0, 0
1363000, 127, 0, 0
1363999, 166, 0, 0
1364999, 152, 0, 0
1366000, 172, 0, 0
1366999, 148, 0, 0
1367999, 148, 0, 0
1369000, 142, 0, 0
1369999, 149, 0, 0
1370999, 151, 0, 0
1372000, 183, 0, 0
1372999, 145, 0, 0
1373999, 149, 0, 0
1375000, 165, 0, 0
1376000, 163, 0, 0
1376999, 157, 0, 0
1377999, 162, 0, 0
1379000, 156, 0, 0
1379999, 165, 0, 0
1380999, 138, 0, 0
1382000, 163, 0, 0
1382999, 152, 0, 0
1383999, 146, 0, 0
1385000, 142, 0, 0
1386000, 146, 0, 0
1386999, 156, 0, 0
1388000, 157, 0, 0
1389000, 155, 0, 0
1389999, 167, 0, 0
1390999, 154, 0, 0
1392000, 171, 0, 0
1392999, 133, 0, 0
1393999, 163, 0, 0
1395000, 132, 0, 0
1396000, 158, 0, 0
1396999, 154, 0, 0
1398000, 152, 0, 0
1398999, 160, 0, 0
1399999, 154, 0, 0
1401000, 165, 0, 0
1402000, 137, 0, 0
1402999, 156, 0, 0
1403999, 155, 0, 0
1405000, 152, 0, 0
1405999, 153, 0, 0
1406999, 152, 0, 0
1408000, 153, 0, 0
1408999, 146, 0, 0
1409999, 152, 0, 0
1411000, 168, 0, 0
1412000, 138, 0, 0
1412999, 153, 0, 0
1414000, 159, 0, 0
1415000, 147, 0, 0
1415999, 151, 0, 0
1416999, 138, 0, 0
1418000, 172, 0, 0
1418999, 155, 0, 0
1419999, 149, 0, 0
1421000, 153, 0, 0
1421999, 139, 0, 0
1422999, 158, 0, 0
1424000, 145, 0, 0
1424999, 161, 0, 0
1425999, 155, 0, 0
1427000, 153, 0, 0
1427999, 160, 0, 0
1428999, 147, 0, 0
1430000, 153, 0, 0
1430999, 150, 0, 0
1431999, 154, 0, 0
1433000, 158, 0, 0
1433999, 160, 0, 0
1434999, 163, 0, 0
1436000, 136, 0, 0
1437000, 163, 0, 0
1437999, 161, 0, 0
1438999, 134, 0, 0
1440000, 173, 0, 0
1440999, 145, 0, 0
1441999, 163, 0, 0
1443000, 142, 0, 0
1443999, 157, 0, 0
1444999, 144, 0, 0
1446000, 157, 0, 0
1446999, 154, 0, 0
1447999, 157, 0, 0
1448999, 153, 0, 0
1450000, 143, 0, 0
1450999, 164, 0, 0
1451999, 137, 0, 0
1453000, 157, 0, 0
1453999, 141, 0, 0
1454999, 158, 0, 0
1456000, 137, 0, 0
1456999, 162, 0, 0
1457999, 157, 0, 0
1459000, 165, 0, 0
1459999, 151, 0, 0
1460999, 111, 0, 0
1462000, 156, 0, 0
1463000, 151, 0, 0
1463999, 149, 0, 0
1464999, 158, 0, 0
1466000, 152, 0, 0
1467000, 153, 0, 0
1467999, 163, 0, 0
1468999, 163, 0, 0
1470000, 157, 0, 0
1470999, 173, 0, 0
1471999, 155, 0, 0
1473000, 164, 0, 0
1473999, 139, 0, 0
1474999, 165, 0, 0
1475999, 148, 0, 0
1477000, 139, 0, 0
1477999, 147, 0, 0
1478999, 154, 0, 0
1480000, 145, 0, 0
1481000, 174, 0, 0
1481999, 162, 0, 0
1483000, 162, 0, 0
1484000, 155, 0, 0
1484999, 147, 0, 0
1485999, 167, 0, 0
1487000, 157, 0, 0
1487999, 141, 0, 0
1488999, 168, 0, 0
1490000, 168, 0, 0
1490999, 143, 0, 0
1491999, 148, 0, 0
1493000, 152, 0, 0
1493999, 142, 0, 0
1494999, 152, 0, 0
1496000, 154, 0, 0
1497000, 142, 0, 0
1497999, 170, 0, 0
1498999, 136, 0, 0
1500000, 161, 0, 0
1500999, 148, 0, 0
1501999, 157, 0, 0
1503000, 171, 0, 0
1503999, 153, 0, 0
1504999, 175, 0, 0
1506000, 135, 0, 0
1506999, 163, 0, 0
1507999, 139, 0, 0
1509000, 153, 0, 0
1510000, 167, 0, 0
1510999, 164, 0, 0
1511999, 148, 0, 0
1513000, 156, 0, 0
1513999, 153, 0, 0
1514999, 149, 0, 0
1516000, 163, 0, 0
1516999, 150, 0, 0
1517999, 164, 0, 0
1519000, 154, 0, 0
1519999, 152, 0, 0
1520999, 162, 0, 0
1522000, 154, 0, 0
1523000, 168, 0, 0
1523999, 161, 0, 0
1524999, 175, 0, 0
1526000, 157, 0, 0
1526999, 156, 0, 0
1527999, 169, 0, 0
1529000, 136, 0, 0
1529999, 157, 0, 0
1530999, 162, 0, 0
1531999, 170, 0, 0
1533000, 156, 0, 0
1533999, 151, 0, 0
1534999, 157, 0, 0
1536000, 151, 0, 0
1536999, 151, 0, 0
1537999, 144, 0, 0
1539000, 147, 0, 0
1540000, 160, 0, 0
1540999, 157, 0, 0
1541999, 156, 0, 0
1543000, 156, 0, 0
1543999, 157, 0, 0
1544999, 149, 0, 0
1546000, 156, 0, 0
1546999, 152, 0, 0
1547999, 145, 0, 0
1549000, 156, 0, 0
1549999, 148, 0, 0
1550999, 146, 0, 0
1552000, 164, 0, 0
1553000, 163, 0, 0
1553999, 151, 0, 0
1554999, 134, 0, 0
1556000, 144, 0, 0
1556999, 163, 0, 0
1557999, 151, 0, 0
1559000, 145, 0, 0
1560000, 149, 0, 0
1560999, 152, 0, 0
1562000, 145, 0, 0
1563000, 167, 0, 0
1563999, 143, 0, 0
1564999, 157, 0, 0
1566000, 158, 0, 0
1566999, 146, 0, 0
1567999, 159, 0, 0
1569000, 142, 0, 0
1570000, 153, 0, 0
1570999, 156, 0, 0
1571999, 179, 0, 0
1573000, 151, 0, 0
1573999, 127, 0, 0
1574999, 155, 0, 0
1576000, 152, 0, 0
1576999, 157, 0, 0
1577999, 147, 0, 0
1579000, 154, 0, 0
1580000, 176, 0, 0
1580999, 163, 0, 0
1582000, 142, 0, 0
1583000, 172, 0, 0
1583999, 158, 0, 0
1584999, 163, 0, 0
1586000, 136, 0, 0
1586999, 150, 0, 0
1587999, 157, 0, 0
1589000, 155, 0, 0
1589999, 164, 0, 0
1590999, 139, 0, 0
1592000, 156, 0, 0
1592999, 152, 0, 0
1593999, 157, 0, 0
1595000, 164, 0, 0
1596000, 145, 0, 0
1596999, 145, 0, 0
1598000, 150, 0, 0
1599000, 163, 0, 0
1599999, 154, 0, 0
1600999, 151, 0, 0
1602000, 160, 0, 0
1602999, 145, 0, 0
1603999, 156, 0, 0
1605000, 149, 0, 0
1605999, 142, 0, 0
1606999, 133, 0, 0
1607999, 149, 0, 0
1609000, 141, 0, 0
1609999, 148, 0, 0
1610999, 169, 0, 0
1612000, 148, 0, 0
1612999, 161, 0, 0
1613999, 132, 0, 0
1614999, 129, 0, 0
1616000, 153, 0, 0
1616999, 169, 0, 0
1617999, 155, 0, 0
1619000, 168, 0, 0
1619999, 149, 0, 0
1620999, 155, 0, 0
1622000, 155, 0, 0
1623000, 134, 0, 0
1623999, 156, 0, 0
1625000, 148, 0, 0
1626000, 152, 0, 0
1626999, 139, 0, 0
1627999, 147, 0, 0
1629000, 152, 0, 0
1629999, 148, 0, 0
1630999, 161, 0, 0
1632000, 144, 0, 0
1632999, 151, 0, 0
1633999, 182, 0, 0
1635000, 151, 0, 0
1636000, 145, 0, 0
1636999, 159, 0, 0
1637999, 152, 0, 0
1639000, 153, 0, 0
1639999, 152, 0, 0
1641000, 144, 0, 0
1642000, 161, 0, 0
1642999, 151, 0, 0
1643999, 170, 0, 0
1645000, 146, 0, 0
1645999, 156, 0, 0
1646999, 148, 0, 0
1648000, 162, 0, 0
1648999, 157, 0, 0
1649999, 167, 0, 0
1651000, 164, 0, 0
1651999, 151, 0, 0
1652999, 150, 0, 0
1654000, 148, 0, 0
1655000, 153, 0, 0
1655999, 148, 0, 0
1656999, 155, 0, 0
1658000, 148, 0, 0
1658999, 135, 0, 0
1659999, 146, 0, 0
1661000, 155, 0, 0
1661999, 151, 0, 0
1662999, 157, 0, 0
1663999, 147, 0, 0
1665000, 156, 0, 0
1665999, 152, 0, 0
1666999, 166, 0, 0
1668000, 158, 0, 0
1668999, 145, 0, 0
1669999, 161, 0, 0
1670999, 153, 0, 0
1671999, 159, 0, 0
1672999, 145, 0, 0
1674000, 144, 0, 0
1674999, 140, 0, 0
1675999, 153, 0, 0
1677000, 160, 0, 0
1678000, 137, 0, 0
1678999, 155, 0, 0
1679999, 151, 0, 0
1681000, 142, 0, 0
1681999, 159, 0, 0
1682999, 150, 0, 0
1684000, 151, 0, 0
1684999, 151, 0, 0
1685999, 163, 0, 0
1686999, 148, 0, 0
1688000, 149, 0, 0
1688999, 160, 0, 0
1689999, 140, 0, 0
1691000, 161, 0, 0
1692000, 150, 0, 0
1692999, 154, 0, 0
1693999, 146, 0, 0
1695000, 166, 0, 0
1695999, 141, 0, 0
1696999, 159, 0, 0
1698000, 142, 0, 0
1699000, 142, 0, 0
1699999, 161, 0, 0
1700999, 156, 0, 0
1702000, 150, 0, 0
1702999, 161, 0, 0
1703999, 146, 0, 0
1704999, 155, 0, 0
1706000, 154, 0, 0
1706999, 139, 0, 0
1707999, 157, 0, 0
1709000, 160, 0, 0
1710000, 170, 0, 0
1710999, 152, 0, 0
1711999, 149, 0, 0
1713000, 157, 0, 0
1713999, 152, 0, 0
1714999, 150, 0, 0
1716000, 160, 0, 0
1716999, 150, 0, 0
1717999, 140, 0, 0
1718999, 150, 0, 0
1720000, 162, 0, 0
1720999, 151, 0, 0
1721999, 155, 0, 0
1723000, 155, 0, 0
1724000, 161, 0, 0
1724999, 155, 0, 0
1725999, 136, 0, 0
1727000, 160, 0, 0
1727999, 150, 0, 0
1728999, 164, 0, 0
1730000, 147, 0, 0
1731000, 161, 0, 0
1731999, 153, 0, 0
1732999, 161, 0, 0
1734000, 167, 0, 0
1734999, 152, 0, 0
1735999, 173, 0, 0
1737000, 142, 0, 0
1738000, 149, 0, 0
1738999, 150, 0, 0
1739999, 165, 0, 0
1741000, 125, 0, 0
1741999, 167, 0, 0
1742999, 144, 0, 0
1744000, 147, 0, 0
1744999, 154, 0, 0
1745999, 136, 0, 0
1747000, 148, 0, 0
1747999, 162, 0, 0
1748999, 168, 0, 0
1750000, 150, 0, 0
1751000, 155, 0, 0
1751999, 159, 0, 0
1753000, 149, 0, 0
1754000, 142, 0, 0
1754999, 157, 0, 0
1755999, 161, 0, 0
1757000, 154, 0, 0
1757999, 155, 0, 0
1758999, 148, 0, 0
1760000, 155, 0, 0
1761000, 151, 0, 0
1761999, 146, 0, 0
1762999, 152, 0, 0
1763999, 154, 0, 0
1765000, 157, 0, 0
1765999, 161, 0, 0
1766999, 142, 0, 0
1768000, 148, 0, 0
1769000, 146, 0, 0
1769999, 152, 0, 0
1770999, 152, 0, 0
1772000, 147, 0, 0
1772999, 160, 0, 0
1773999, 158, 0, 0
1775000, 156, 0, 0
1776000, 163, 0, 0
1776999, 160, 0, 0
1777999, 165, 0, 0
1779000, 167, 0, 0
1779999, 155, 0, 0
1780999, 168, 0, 0
1782000, 146, 0, 0
1782999, 154, 0, 0
1783999, 161, 0, 0
1785000, 155, 0, 0
1786000, 147, 0, 0
1786999, 148, 0, 0
1787999, 144, 0, 0
1789000, 174, 0, 0
1789999, 155, 0, 0
1790999, 158, 0, 0
1792000, 155, 0, 0
1792999, 166, 0, 0
1793999, 140, 0, 0
1795000, 149, 0, 0
1795999, 150, 0, 0
1796999, 123, 0, 0
1798000, 152, 0, 0
1799000, 177, 0, 0
1799999, 165, 0, 0
