1084, 8464611, 0, 0
2051, 8633211, 0, 0
3015, 8600701, 0, 0
4027, 8420346, 0, 0
5015, 8736261, 0, 0
6019, 8960428, 0, 0
7045, 8478536, 0, 0
8064, 9093511, 0, 0
9054, 8830887, 0, 0
10041, 8880383, 0, 0
11000, 9586885, 0, 0
12035, 8404278, 0, 0
13051, 9321789, 0, 0
14068, 9069479, 0, 0
15058, 8830315, 0, 0
16004, 9093432, 0, 0
17020, 8388521, 0, 0
18022, 9364361, 0, 0
19024, 8861418, 0, 0
20061, 9246175, 0, 0
21039, 8573939, 0, 0
22044, 8965344, 0, 0
23052, 8992720, 0, 0
24007, 9176001, 0, 0
25039, 9128416, 0, 0
26023, 8782097, 0, 0
27026, 8143589, 0, 0
28057, 8589725, 0, 0
29045, 8736430, 0, 0
30037, 8846536, 0, 0
31073, 8355870, 0, 0
32008, 8895139, 0, 0
33013, 8887093, 0, 0
34020, 8983693, 0, 0
35017, 8662707, 0, 0
36003, 9388051, 0, 0
37028, 9141056, 0, 0
38062, 9141071, 0, 0
39060, 8830915, 0, 0
40054, 8634413, 0, 0
41061, 8984285, 0, 0
42008, 9012171, 0, 0
43073, 8865945, 0, 0
44043, 7344609, 0, 0
45048, 8808687, 0, 0
46019, 8659011, 0, 0
47018, 8834484, 0, 0
48003, 9029768, 0, 0
49048, 8558275, 0, 0
50025, 9042314, 0, 0
51002, 8569308, 0, 0
52007, 8803478, 0, 0
53000, 8702334, 0, 0
54053, 8558221, 0, 0
55045, 8853363, 0, 0
56053, 8602777, 0, 0
57001, 8936786, 0, 0
58039, 8576839, 0, 0
59009, 9232456, 0, 0
60006, 8811197, 0, 0
61053, 9178148, 0, 0
62007, 8827274, 0, 0
63044, 8357288, 0, 0
64041, 8812684, 0, 0
65004, 9174722, 0, 0
66045, 8595804, 0, 0
67044, 8910265, 0, 0
68024, 8512338, 0, 0
69027, 8869592, 0, 0
70011, 8785090, 0, 0
71055, 9314177, 0, 0
72046, 8840700, 0, 0
73050, 9468926, 0, 0
74070, 8352667, 0, 0
75066, 8725529, 0, 0
76065, 8462015, 0, 0
77025, 9053162, 0, 0
78009, 8698205, 0, 0
79032, 8175133, 0, 0
80000, 8560829, 0, 0
81045, 8706744, 0, 0
82052, 9310292, 0, 0
83033, 9162452, 0, 0
84033, 8689943, 0, 0
85058, 8396471, 0, 0
86008, 7843761, 0, 0
87059, 9056285, 0, 0
88073, 8967337, 0, 0
89016, 8412192, 0, 0
90005, 8307212, 0, 0
91034, 9091468, 0, 0
92063, 8503421, 0, 0
93064, 8471588, 0, 0
94057, 8710742, 0, 0
95000, 8261659, 0, 0
96013, 9199092, 0, 0
97035, 8171560, 0, 0
98058, 8665148, 0, 0
99018, 8197408, 0, 0
100044, 8919302, 0, 0
101004, 8130886, 0, 0
102050, 8294067, 0, 0
103037, 9215141, 0, 0
104052, 8670084, 0, 0
105034, 8533348, 0, 0
106054, 8942553, 0, 0
107009, 8155313, 0, 0
108061, 8547069, 0, 0
109031, 8209687, 0, 0
110019, 8510719, 0, 0
111015, 8366445, 0, 0
112011, 8652613, 0, 0
113022, 8146648, 0, 0
114020, 9071224, 0, 0
115028, 8834892, 0, 0
116013, 8406028, 0, 0
117026, 9647999, 0, 0
118011, 8480592, 0, 0
119054, 8272764, 0, 0
120007, 8905089, 0, 0
121032, 7932167, 0, 0
122001, 8208402, 0, 0
123024, 8816767, 0, 0
124017, 8332372, 0, 0
125083, 8523420, 0, 0
126038, 8837713, 0, 0
127035, 8510285, 0, 0
128063, 7909076, 0, 0
129046, 8253764, 0, 0
130008, 8214205, 0, 0
131010, 8482579, 0, 0
132058, 8052083, 0, 0
133070, 8573754, 0, 0
134066, 8222503, 0, 0
135067, 8625624, 0, 0
136016, 8861462, 0, 0
137017, 8474255, 0, 0
138042, 7945962, 0, 0
139069, 8203217, 0, 0
140061, 8401128, 0, 0
141027, 8327009, 0, 0
142038, 8348212, 0, 0
143032, 8136464, 0, 0
144039, 8119278, 0, 0
145063, 8972615, 0, 0
146047, 8402468, 0, 0
147030, 7982892, 0, 0
148029, 8536949, 0, 0
149024, 8351804, 0, 0
150003, 8434333, 0, 0
151006, 8564365, 0, 0
152022, 7749392, 0, 0
153007, 8067896, 0, 0
154001, 8567243, 0, 0
155052, 8199702, 0, 0
156033, 8103768, 0, 0
157018, 8270577, 0, 0
158060, 9213247, 0, 0
159032, 8096462, 0, 0
160043, 8422649, 0, 0
161024, 8305951, 0, 0
162036, 8425899, 0, 0
163038, 8409390, 0, 0
164013, 8329706, 0, 0
165032, 8633162, 0, 0
166048, 8825936, 0, 0
167027, 8355382, 0, 0
168011, 8129779, 0, 0
169017, 8376525, 0, 0
170027, 7820502, 0, 0
171025, 8313746, 0, 0
172046, 7849168, 0, 0
173007, 7930902, 0, 0
174048, 8600434, 0, 0
175036, 8433670, 0, 0
176056, 8152701, 0, 0
177020, 8528695, 0, 0
178056, 8553245, 0, 0
179064, 8613597, 0, 0
180003, 8601077, 0, 0
181073, 7807764, 0, 0
182032, 8475633, 0, 0
183013, 8240282, 0, 0
184026, 8431107, 0, 0
185056, 8729143, 0, 0
186074, 8544620, 0, 0
187047, 7906126, 0, 0
188002, 7884580, 0, 0
189004, 8412649, 0, 0
190018, 8591677, 0, 0
191032, 7791120, 0, 0
192003, 8015740, 0, 0
193048, 7975098, 0, 0
194001, 8000236, 0, 0
195035, 8132297, 0, 0
196027, 8331144, 0, 0
197030, 8283491, 0, 0
198001, 8218795, 0, 0
199020, 7959452, 0, 0
200048, 8147065, 0, 0
201006, 8181833, 0, 0
202024, 8484203, 0, 0
203038, 7614803, 0, 0
204079, 8060022, 0, 0
205053, 8772836, 0, 0
206056, 8421294, 0, 0
207046, 8309389, 0, 0
208010, 7895686, 0, 0
209050, 8964171, 0, 0
210065, 8381365, 0, 0
211011, 8998245, 0, 0
212020, 8331159, 0, 0
213028, 8538839, 0, 0
214059, 8376606, 0, 0
215049, 8109650, 0, 0
216028, 7763189, 0, 0
217015, 8013946, 0, 0
218075, 8610584, 0, 0
219063, 8300303, 0, 0
220002, 8226204, 0, 0
221063, 9221760, 0, 0
222028, 7417579, 0, 0
223009, 8378021, 0, 0
224040, 8883926, 0, 0
225041, 8002346, 0, 0
226030, 7907018, 0, 0
227042, 8018628, 0, 0
228013, 7699586, 0, 0
229066, 7795653, 0, 0
230029, 8518569, 0, 0
231018, 8299595, 0, 0
232029, 8568275, 0, 0
233002, 8035702, 0, 0
234052, 7946921, 0, 0
235029, 8070733, 0, 0
236016, 8287539, 0, 0
237047, 8799282, 0, 0
238063, 7636411, 0, 0
239058, 8218535, 0, 0
240018, 7610338, 0, 0
241033, 8242508, 0, 0
242051, 8270801, 0, 0
243024, 8104526, 0, 0
244025, 8000980, 0, 0
245070, 8160186, 0, 0
246003, 8324307, 0, 0
247055, 7896862, 0, 0
248016, 8212258, 0, 0
249064, 8180488, 0, 0
250053, 7599800, 0, 0
251058, 8369664, 0, 0
252012, 8150194, 0, 0
253015, 8147705, 0, 0
254007, 8329814, 0, 0
255008, 8130579, 0, 0
256020, 8085747, 0, 0
257005, 7457523, 0, 0
258027, 8440594, 0, 0
259000, 7534923, 0, 0
260030, 7622096, 0, 0
261034, 8297593, 0, 0
262063, 7616308, 0, 0
263006, 7477197, 0, 0
264047, 7876633, 0, 0
265049, 7641603, 0, 0
266021, 7710992, 0, 0
267021, 8464894, 0, 0
268043, 7681638, 0, 0
269037, 7883234, 0, 0
270037, 7930459, 0, 0
271028, 8114341, 0, 0
272040, 8287979, 0, 0
273049, 7813287, 0, 0
274013, 8098726, 0, 0
275009, 7962352, 0, 0
276068, 8013512, 0, 0
277046, 8144231, 0, 0
278008, 7627316, 0, 0
279001, 8632295, 0, 0
280037, 8486211, 0, 0
281012, 7922015, 0, 0
282064, 7959554, 0, 0
283048, 7680555, 0, 0
284033, 7753482, 0, 0
285058, 7936290, 0, 0
286002, 7860006, 0, 0
287047, 7624356, 0, 0
288040, 7688242, 0, 0
289016, 7994468, 0, 0
290053, 7564000, 0, 0
291066, 8796426, 0, 0
292068, 8348953, 0, 0
293031, 8086289, 0, 0
294002, 7953840, 0, 0
295049, 7867174, 0, 0
296038, 7714835, 0, 0
297069, 7744089, 0, 0
298022, 8143743, 0, 0
299073, 8138841, 0, 0
300005, 7763660, 0, 0
301055, 7440380, 0, 0
302004, 7969250, 0, 0
303029, 7933584, 0, 0
304002, 7775830, 0, 0
305062, 8028284, 0, 0
306023, 7556531, 0, 0
307010, 7768676, 0, 0
308027, 7696061, 0, 0
309050, 8588286, 0, 0
310041, 7987231, 0, 0
311060, 8019561, 0, 0
312046, 7819927, 0, 0
313010, 8373970, 0, 0
314041, 7986635, 0, 0
315030, 8300340, 0, 0
316024, 7471387, 0, 0
317048, 7747472, 0, 0
318033, 7749735, 0, 0
319034, 8072268, 0, 0
320064, 8362302, 0, 0
321017, 8506192, 0, 0
322051, 7381339, 0, 0
323047, 8362651, 0, 0
324025, 7694555, 0, 0
325001, 7863109, 0, 0
326042, 8253617, 0, 0
327011, 7940571, 0, 0
328017, 7554103, 0, 0
329045, 8088477, 0, 0
330017, 7833862, 0, 0
331016, 7800237, 0, 0
332045, 8030967, 0, 0
333026, 7314081, 0, 0
334029, 7590706, 0, 0
335006, 7451475, 0, 0
336067, 7467597, 0, 0
337061, 7821999, 0, 0
338026, 7967853, 0, 0
339018, 7565596, 0, 0
340012, 7639548, 0, 0
341022, 8135681, 0, 0
342009, 7764211, 0, 0
343029, 7967350, 0, 0
344038, 7466758, 0, 0
345022, 7799616, 0, 0
346039, 7363763, 0, 0
347058, 7956377, 0, 0
348004, 7742711, 0, 0
349007, 8222369, 0, 0
350053, 7857968, 0, 0
351036, 7921264, 0, 0
352036, 8056943, 0, 0
353040, 7542948, 0, 0
354062, 8164623, 0, 0
355060, 7983763, 0, 0
356013, 7870168, 0, 0
357055, 7278625, 0, 0
358016, 7618272, 0, 0
359057, 8187913, 0, 0
360006, 8040275, 0, 0
361065, 8017909, 0, 0
362011, 8073154, 0, 0
363070, 7724022, 0, 0
364005, 9070283, 0, 0
365007, 8012055, 0, 0
366003, 8436009, 0, 0
367009, 8042749, 0, 0
368006, 7429379, 0, 0
369050, 7785532, 0, 0
370059, 7819898, 0, 0
371030, 7696122, 0, 0
372053, 7463054, 0, 0
373063, 8403893, 0, 0
374024, 7442717, 0, 0
375023, 7922152, 0, 0
376059, 7615714, 0, 0
377002, 7722280, 0, 0
378019, 7104242, 0, 0
379060, 7591923, 0, 0
380005, 7557033, 0, 0
381054, 7936944, 0, 0
382036, 7603213, 0, 0
383027, 7621138, 0, 0
384027, 7184393, 0, 0
385044, 8133013, 0, 0
386039, 7892177, 0, 0
387027, 7204312, 0, 0
388011, 6923152, 0, 0
389004, 7403071, 0, 0
390017, 7789444, 0, 0
391076, 7395897, 0, 0
392032, 8026618, 0, 0
393015, 7442613, 0, 0
394064, 7708599, 0, 0
395052, 7528856, 0, 0
396035, 7797592, 0, 0
397067, 7368358, 0, 0
398071, 7377107, 0, 0
399063, 7125733, 0, 0
400056, 8070834, 0, 0
401020, 8161034, 0, 0
402004, 7444260, 0, 0
403016, 7838244, 0, 0
404009, 8134370, 0, 0
405019, 7260867, 0, 0
406038, 7772630, 0, 0
407006, 7112653, 0, 0
408073, 7671391, 0, 0
409013, 7453637, 0, 0
410034, 7232641, 0, 0
411008, 7727207, 0, 0
412068, 7899342, 0, 0
413061, 7637796, 0, 0
414010, 7770456, 0, 0
415008, 7785087, 0, 0
416049, 8006040, 0, 0
417053, 7599031, 0, 0
418015, 7277126, 0, 0
419053, 7461817, 0, 0
420058, 8101159, 0, 0
421037, 7524520, 0, 0
422014, 7395525, 0, 0
423045, 7253051, 0, 0
424009, 7898178, 0, 0
425039, 7792666, 0, 0
426036, 8032747, 0, 0
427010, 6714969, 0, 0
428076, 7247021, 0, 0
429024, 6813179, 0, 0
430004, 7247488, 0, 0
431053, 7597434, 0, 0
432063, 7366223, 0, 0
433030, 7732977, 0, 0
434035, 7905295, 0, 0
435070, 8407970, 0, 0
436010, 7954991, 0, 0
437023, 7731054, 0, 0
438056, 7878228, 0, 0
439043, 7588046, 0, 0
440013, 7811473, 0, 0
441016, 7652399, 0, 0
442064, 8243893, 0, 0
443027, 7071613, 0, 0
444048, 7734375, 0, 0
445079, 7575642, 0, 0
446028, 7831779, 0, 0
447040, 6926715, 0, 0
448047, 7566216, 0, 0
449021, 7150285, 0, 0
450061, 7641462, 0, 0
451024, 7349067, 0, 0
452063, 7156581, 0, 0
453032, 7065996, 0, 0
454019, 7046005, 0, 0
455012, 7132964, 0, 0
456002, 7330848, 0, 0
457060, 7947405, 0, 0
458048, 7201747, 0, 0
459047, 7288347, 0, 0
460038, 7330898, 0, 0
461003, 8101689, 0, 0
462017, 7677459, 0, 0
463063, 7017101, 0, 0
464060, 7721488, 0, 0
465006, 7556545, 0, 0
466024, 7709134, 0, 0
467020, 7484823, 0, 0
468008, 7646903, 0, 0
469010, 7885123, 0, 0
470033, 7404764, 0, 0
471035, 7152518, 0, 0
472036, 7146065, 0, 0
473057, 7609522, 0, 0
474031, 7154778, 0, 0
475002, 7886431, 0, 0
476017, 7685755, 0, 0
477005, 7537626, 0, 0
478054, 7324420, 0, 0
479029, 7012917, 0, 0
480025, 7649786, 0, 0
481043, 7483736, 0, 0
482039, 6814056, 0, 0
483009, 8078020, 0, 0
484021, 7774494, 0, 0
485034, 7672269, 0, 0
486029, 7310320, 0, 0
487033, 6917597, 0, 0
488064, 7150945, 0, 0
489027, 7234520, 0, 0
490030, 7647256, 0, 0
491024, 7356666, 0, 0
492047, 7519446, 0, 0
493024, 6972483, 0, 0
494073, 7323849, 0, 0
495052, 8224075, 0, 0
496015, 7519205, 0, 0
497008, 7751962, 0, 0
498006, 7379704, 0, 0
499075, 7742559, 0, 0
500053, 6880318, 0, 0
501060, 7860470, 0, 0
502067, 7403637, 0, 0
503054, 6841549, 0, 0
504002, 7402602, 0, 0
505007, 7494877, 0, 0
506061, 7116953, 0, 0
507047, 7134075, 0, 0
508002, 6965960, 0, 0
509058, 6851986, 0, 0
510021, 7180967, 0, 0
511013, 6878233, 0, 0
512025, 6743918, 0, 0
513001, 7067625, 0, 0
514060, 7143502, 0, 0
515029, 7120178, 0, 0
516007, 7697274, 0, 0
517048, 7173290, 0, 0
518053, 7329563, 0, 0
519031, 7129880, 0, 0
520053, 7681237, 0, 0
521059, 7785821, 0, 0
522021, 7818395, 0, 0
523064, 7186524, 0, 0
524007, 6828995, 0, 0
525058, 6950338, 0, 0
526066, 7192796, 0, 0
527050, 7024711, 0, 0
528053, 6819324, 0, 0
529047, 7410891, 0, 0
530023, 7115553, 0, 0
531006, 7669955, 0, 0
532034, 8025982, 0, 0
533020, 6889202, 0, 0
534002, 7217933, 0, 0
535053, 7139963, 0, 0
536053, 7289682, 0, 0
537035, 7729228, 0, 0
538008, 6795581, 0, 0
539048, 7220318, 0, 0
540034, 7243694, 0, 0
541028, 7302644, 0, 0
542050, 6717180, 0, 0
543065, 7142276, 0, 0
544001, 7300209, 0, 0
545022, 7728744, 0, 0
546045, 7250382, 0, 0
547028, 7166037, 0, 0
548025, 7221285, 0, 0
549014, 7320380, 0, 0
550002, 7046437, 0, 0
551078, 6982088, 0, 0
552060, 7319681, 0, 0
553000, 7169300, 0, 0
554034, 7381919, 0, 0
555080, 6968031, 0, 0
556027, 7165662, 0, 0
557072, 6868964, 0, 0
558001, 7082179, 0, 0
559028, 7229070, 0, 0
560019, 7075756, 0, 0
561014, 6998970, 0, 0
562001, 6941900, 0, 0
563075, 7609830, 0, 0
564008, 7522927, 0, 0
565048, 7316368, 0, 0
566001, 7871079, 0, 0
567024, 7855332, 0, 0
568007, 7441766, 0, 0
569075, 7025200, 0, 0
570067, 7446357, 0, 0
571007, 7966285, 0, 0
572001, 6894154, 0, 0
573043, 7083763, 0, 0
574020, 6971153, 0, 0
575026, 6791615, 0, 0
576044, 6602122, 0, 0
577008, 7133806, 0, 0
578012, 6733499, 0, 0
579055, 6811468, 0, 0
580063, 7809521, 0, 0
581047, 7067843, 0, 0
582048, 7817622, 0, 0
583044, 5886058, 0, 0
584033, 7264790, 0, 0
585025, 6981558, 0, 0
586070, 7677120, 0, 0
587028, 7140422, 0, 0
588023, 7255296, 0, 0
589049, 7649683, 0, 0
590034, 6789412, 0, 0
591018, 6551288, 0, 0
592002, 7624911, 0, 0
593063, 6929709, 0, 0
594012, 7126382, 0, 0
595180, 7939541, 0, 0
596001, 7007464, 0, 0
597041, 7121232, 0, 0
598036, 6759380, 0, 0
599022, 6748135, 0, 0
600026, 6822335, 0, 0
601028, 7098554, 0, 0
602010, 6633968, 0, 0
603041, 6205094, 0, 0
604018, 6507727, 0, 0
605003, 6736384, 0, 0
606082, 7490407, 0, 0
607032, 7415972, 0, 0
608036, 6428408, 0, 0
609007, 6980276, 0, 0
610026, 7167454, 0, 0
611023, 6866409, 0, 0
612050, 6665450, 0, 0
613055, 7441426, 0, 0
614057, 7248034, 0, 0
615012, 6448238, 0, 0
616084, 7237960, 0, 0
617014, 7261299, 0, 0
618029, 7040224, 0, 0
619000, 6377165, 0, 0
620029, 6554345, 0, 0
621027, 6267761, 0, 0
622024, 7320152, 0, 0
623057, 7026856, 0, 0
624044, 6483272, 0, 0
625066, 7400994, 0, 0
626037, 6425893, 0, 0
627061, 6516807, 0, 0
628062, 6533239, 0, 0
629042, 6525669, 0, 0
630034, 6744869, 0, 0
631060, 7648551, 0, 0
632035, 6957131, 0, 0
633058, 6549702, 0, 0
634043, 6649177, 0, 0
635048, 6929086, 0, 0
636039, 7443025, 0, 0
637048, 7301793, 0, 0
638038, 7272871, 0, 0
639029, 6309599, 0, 0
640013, 6686658, 0, 0
641001, 7308577, 0, 0
642008, 7186505, 0, 0
643063, 6348279, 0, 0
644000, 7095751, 0, 0
645019, 7216882, 0, 0
646041, 6676377, 0, 0
647049, 6990927, 0, 0
648056, 6754414, 0, 0
649040, 7073413, 0, 0
650016, 6629567, 0, 0
651022, 6984299, 0, 0
652064, 6589903, 0, 0
653064, 7455197, 0, 0
654014, 6878218, 0, 0
655011, 6592346, 0, 0
656046, 7130543, 0, 0
657007, 6715730, 0, 0
658024, 7310133, 0, 0
659061, 6639768, 0, 0
660013, 6843804, 0, 0
661020, 7139426, 0, 0
662056, 6156846, 0, 0
663046, 6636375, 0, 0
664041, 6999992, 0, 0
665018, 6468647, 0, 0
666028, 7152859, 0, 0
667020, 6353893, 0, 0
668063, 6852511, 0, 0
669002, 7005416, 0, 0
670029, 7278697, 0, 0
671056, 7220242, 0, 0
672011, 6630861, 0, 0
673063, 6955876, 0, 0
674061, 7026116, 0, 0
675034, 6794273, 0, 0
676035, 6996853, 0, 0
677007, 6561874, 0, 0
678039, 6605180, 0, 0
679055, 6955801, 0, 0
680032, 7395199, 0, 0
681017, 6184100, 0, 0
682048, 7205172, 0, 0
683046, 6737892, 0, 0
684028, 6454127, 0, 0
685043, 7453888, 0, 0
686057, 7138185, 0, 0
687061, 6731396, 0, 0
688057, 6680179, 0, 0
689001, 6828020, 0, 0
690022, 6143991, 0, 0
691037, 7245546, 0, 0
692022, 7238188, 0, 0
693054, 6609404, 0, 0
694060, 6127435, 0, 0
695046, 6153192, 0, 0
696053, 6847924, 0, 0
697070, 6468853, 0, 0
698042, 6306080, 0, 0
699036, 7468810, 0, 0
700033, 6343020, 0, 0
701067, 6625427, 0, 0
702023, 6450742, 0, 0
703002, 6479454, 0, 0
704001, 6835093, 0, 0
705001, 6201848, 0, 0
706007, 6401785, 0, 0
707041, 6755202, 0, 0
708082, 6340521, 0, 0
709064, 6811716, 0, 0
710031, 7317185, 0, 0
711055, 6823867, 0, 0
712066, 6919648, 0, 0
713016, 6631751, 0, 0
714005, 6252656, 0, 0
715005, 6367098, 0, 0
716017, 6478792, 0, 0
717005, 6491027, 0, 0
718042, 7250465, 0, 0
719035, 6983272, 0, 0
720065, 6389808, 0, 0
721077, 6877963, 0, 0
722007, 6154355, 0, 0
723023, 7099664, 0, 0
724069, 6330414, 0, 0
725047, 6344824, 0, 0
726025, 5816503, 0, 0
727059, 6577534, 0, 0
728032, 6234374, 0, 0
729060, 7662644, 0, 0
730019, 6390488, 0, 0
731061, 6085540, 0, 0
732007, 6749741, 0, 0
733028, 6800888, 0, 0
734052, 6197181, 0, 0
735012, 6526955, 0, 0
736015, 6147055, 0, 0
737050, 7077782, 0, 0
738020, 6216064, 0, 0
739066, 6451084, 0, 0
740043, 6213640, 0, 0
741044, 6852138, 0, 0
742009, 6423159, 0, 0
743048, 6529505, 0, 0
744052, 6828050, 0, 0
745034, 6284051, 0, 0
746048, 6296058, 0, 0
747020, 6258543, 0, 0
748081, 6385170, 0, 0
749031, 7090382, 0, 0
750035, 6640226, 0, 0
751064, 6588494, 0, 0
752049, 6433463, 0, 0
753059, 6959723, 0, 0
754071, 6521061, 0, 0
755024, 5988761, 0, 0
756041, 6306653, 0, 0
757024, 6916269, 0, 0
758036, 6318224, 0, 0
759043, 6062044, 0, 0
760004, 7167676, 0, 0
761018, 6752363, 0, 0
762065, 6459475, 0, 0
763003, 7094461, 0, 0
764077, 6748316, 0, 0
765010, 5941688, 0, 0
766060, 6472528, 0, 0
767023, 7026222, 0, 0
768062, 5960705, 0, 0
769003, 6227844, 0, 0
770023, 6449786, 0, 0
771017, 6945972, 0, 0
772006, 6762550, 0, 0
773066, 6835608, 0, 0
774012, 7053363, 0, 0
775035, 6721542, 0, 0
776026, 6691430, 0, 0
777049, 6510164, 0, 0
778036, 7195497, 0, 0
779029, 6278415, 0, 0
780030, 6413799, 0, 0
781061, 7149989, 0, 0
782047, 6568036, 0, 0
783027, 6613766, 0, 0
784017, 7014289, 0, 0
785037, 6887293, 0, 0
786011, 6531747, 0, 0
787018, 6368048, 0, 0
788020, 6251800, 0, 0
789009, 6417689, 0, 0
790038, 6046389, 0, 0
791050, 6879237, 0, 0
792057, 7185787, 0, 0
793037, 6796769, 0, 0
794063, 6327765, 0, 0
795037, 6578911, 0, 0
796060, 6152549, 0, 0
797002, 7022557, 0, 0
798051, 6851148, 0, 0
799039, 6055890, 0, 0
800039, 6322500, 0, 0
801045, 6203633, 0, 0
802022, 7069640, 0, 0
803027, 6358995, 0, 0
804026, 6563801, 0, 0
805021, 6626907, 0, 0
806028, 6492626, 0, 0
807065, 6679956, 0, 0
808023, 7145933, 0, 0
809051, 6667969, 0, 0
810020, 6369399, 0, 0
811006, 5935906, 0, 0
812027, 6180754, 0, 0
813009, 6715510, 0, 0
814038, 6270670, 0, 0
815028, 6466504, 0, 0
816062, 6416867, 0, 0
817048, 6194787, 0, 0
818046, 6557572, 0, 0
819026, 5966817, 0, 0
820053, 6710119, 0, 0
821017, 6293747, 0, 0
822014, 6729898, 0, 0
823010, 6377050, 0, 0
824025, 7093011, 0, 0
825030, 7121424, 0, 0
826026, 6587770, 0, 0
827035, 7814789, 0, 0
828011, 5984299, 0, 0
829063, 5839174, 0, 0
830075, 6973972, 0, 0
831017, 7070941, 0, 0
832043, 6926957, 0, 0
833009, 5845886, 0, 0
834012, 6345284, 0, 0
835060, 7123715, 0, 0
836018, 7360384, 0, 0
837011, 6751599, 0, 0
838068, 6598916, 0, 0
839032, 7297396, 0, 0
840036, 6470920, 0, 0
841005, 6767661, 0, 0
842052, 7114193, 0, 0
843043, 6475364, 0, 0
844078, 6338416, 0, 0
845007, 7085653, 0, 0
846035, 6898166, 0, 0
847057, 6420421, 0, 0
848048, 6776730, 0, 0
849049, 7145599, 0, 0
850041, 7449296, 0, 0
851061, 6661181, 0, 0
852024, 7582611, 0, 0
853033, 5821165, 0, 0
854051, 6131008, 0, 0
855022, 6593567, 0, 0
856022, 6749898, 0, 0
857025, 6345292, 0, 0
858020, 6669232, 0, 0
859035, 7045738, 0, 0
860050, 5960297, 0, 0
861002, 6563981, 0, 0
862021, 6323760, 0, 0
863042, 6936428, 0, 0
864049, 6620253, 0, 0
865055, 7173909, 0, 0
866060, 6605775, 0, 0
867018, 6467140, 0, 0
868028, 6266037, 0, 0
869065, 6866684, 0, 0
870041, 6056101, 0, 0
871009, 6158033, 0, 0
872049, 6494373, 0, 0
873053, 6638355, 0, 0
874048, 7210124, 0, 0
875000, 6424788, 0, 0
876052, 6443289, 0, 0
877033, 6621812, 0, 0
878058, 6404330, 0, 0
879043, 6647181, 0, 0
880060, 7154498, 0, 0
881046, 7524064, 0, 0
882033, 6483740, 0, 0
883059, 6366021, 0, 0
884048, 6814189, 0, 0
885003, 6195493, 0, 0
886003, 6573269, 0, 0
887054, 6954236, 0, 0
888048, 6533125, 0, 0
889042, 6207567, 0, 0
890037, 6411030, 0, 0
891036, 7031076, 0, 0
892009, 6350551, 0, 0
893049, 6791174, 0, 0
894032, 6338056, 0, 0
895059, 7029340, 0, 0
896053, 6993128, 0, 0
897066, 6404561, 0, 0
898066, 6278394, 0, 0
899064, 6650618, 0, 0
900012, 6619457, 0, 0
901037, 6524966, 0, 0
902005, 6277586, 0, 0
903006, 6854063, 0, 0
904038, 6735183, 0, 0
905043, 6435767, 0, 0
906058, 7192032, 0, 0
907053, 6906253, 0, 0
908001, 6670381, 0, 0
909019, 6237049, 0, 0
910004, 5685971, 0, 0
911031, 6418195, 0, 0
912042, 6727453, 0, 0
913055, 6208865, 0, 0
914004, 6540430, 0, 0
915018, 6797842, 0, 0
916005, 6200428, 0, 0
917070, 6566628, 0, 0
918072, 6377949, 0, 0
919031, 6563944, 0, 0
920064, 5962678, 0, 0
921002, 6944223, 0, 0
922035, 6139522, 0, 0
923019, 6783982, 0, 0
924071, 6824834, 0, 0
925069, 6429167, 0, 0
926085, 7055733, 0, 0
927038, 6471834, 0, 0
928038, 6056532, 0, 0
929025, 6441133, 0, 0
930050, 7588269, 0, 0
931050, 6661332, 0, 0
932036, 6271880, 0, 0
933001, 6425921, 0, 0
934007, 6614051, 0, 0
935020, 6486233, 0, 0
936037, 6052219, 0, 0
937008, 6731994, 0, 0
938072, 6904002, 0, 0
939060, 7000159, 0, 0
940062, 6860232, 0, 0
941069, 5915092, 0, 0
942047, 6512020, 0, 0
943002, 7123480, 0, 0
944026, 6819567, 0, 0
945053, 6449779, 0, 0
946032, 6309773, 0, 0
947019, 6402769, 0, 0
948071, 7107182, 0, 0
949033, 6121042, 0, 0
950052, 6562407, 0, 0
951000, 6537069, 0, 0
952057, 6322542, 0, 0
953048, 6385353, 0, 0
954003, 6316451, 0, 0
955025, 7092431, 0, 0
956047, 6115137, 0, 0
957051, 6189430, 0, 0
958027, 6371609, 0, 0
959020, 6986985, 0, 0
960020, 6446407, 0, 0
961051, 6439781, 0, 0
962043, 6348788, 0, 0
963027, 6830390, 0, 0
964002, 6324480, 0, 0
965070, 6350567, 0, 0
966024, 6190248, 0, 0
967061, 5688345, 0, 0
968018, 6013077, 0, 0
969056, 6605077, 0, 0
970066, 6465449, 0, 0
971076, 6726869, 0, 0
972037, 6400625, 0, 0
973053, 6593416, 0, 0
974049, 6143399, 0, 0
975024, 5902881, 0, 0
976013, 6544872, 0, 0
977041, 6457109, 0, 0
978003, 6538121, 0, 0
979035, 6028715, 0, 0
980036, 6577006, 0, 0
981008, 6473510, 0, 0
982048, 6261137, 0, 0
983039, 6184928, 0, 0
984037, 6156416, 0, 0
985067, 6773553, 0, 0
986030, 7394881, 0, 0
987032, 6182196, 0, 0
988013, 6361076, 0, 0
989032, 6836989, 0, 0
990023, 6426206, 0, 0
991050, 6575549, 0, 0
992007, 6416513, 0, 0
993054, 7264512, 0, 0
994033, 6744686, 0, 0
995027, 6289659, 0, 0
996039, 5910219, 0, 0
997043, 6913680, 0, 0
998031, 6584349, 0, 0
999020, 6175292, 0, 0
1000060, 6335438, 0, 0
1001014, 7270287, 0, 0
1002008, 6491302, 0, 0
1003002, 6992727, 0, 0
1004056, 6461753, 0, 0
1005034, 6833367, 0, 0
1006044, 7159713, 0, 0
1007024, 7704036, 0, 0
1008007, 5776350, 0, 0
1009055, 6349032, 0, 0
1010024, 6722833, 0, 0
1011003, 6071594, 0, 0
1012054, 6287995, 0, 0
1013042, 6670377, 0, 0
1014026, 6557201, 0, 0
1015047, 7081781, 0, 0
1016058, 6778258, 0, 0
1017018, 6267139, 0, 0
1018069, 6865738, 0, 0
1019000, 6888675, 0, 0
1020044, 6322088, 0, 0
1021032, 6488811, 0, 0
1022008, 6457702, 0, 0
1023064, 6679388, 0, 0
1024001, 6637840, 0, 0
1025013, 6976025, 0, 0
1026054, 6580033, 0, 0
1027008, 6440329, 0, 0
1028005, 6595953, 0, 0
1029005, 7191917, 0, 0
1030021, 6717289, 0, 0
1031051, 6474313, 0, 0
1032041, 6869804, 0, 0
1033009, 7008488, 0, 0
1034002, 6278575, 0, 0
1035025, 7097434, 0, 0
1036019, 5872149, 0, 0
1037038, 6928080, 0, 0
1038064, 6404349, 0, 0
1039031, 5927457, 0, 0
1040049, 6521027, 0, 0
1041075, 6325951, 0, 0
1042019, 6639225, 0, 0
1043022, 7316844, 0, 0
1044063, 6012988, 0, 0
1045024, 6908443, 0, 0
1046028, 6466660, 0, 0
1047046, 6357007, 0, 0
1048034, 6954684, 0, 0
1049065, 6687370, 0, 0
1050008, 7082103, 0, 0
1051066, 6731889, 0, 0
1052000, 6394221, 0, 0
1053004, 6388266, 0, 0
1054038, 6619776, 0, 0
1055020, 6861837, 0, 0
1056065, 6779376, 0, 0
1057043, 6602326, 0, 0
1058026, 5913363, 0, 0
1059065, 6001562, 0, 0
1060042, 6686662, 0, 0
1061033, 5965742, 0, 0
1062052, 6317942, 0, 0
1063049, 6558707, 0, 0
1064012, 6675929, 0, 0
1065001, 6675684, 0, 0
1066015, 5960364, 0, 0
1067054, 6657091, 0, 0
1068060, 6053217, 0, 0
1069021, 6229735, 0, 0
1070042, 5574861, 0, 0
1071030, 7104816, 0, 0
1072036, 6085684, 0, 0
1073040, 6964634, 0, 0
1074062, 6507691, 0, 0
1075005, 6498395, 0, 0
1076063, 6565304, 0, 0
1077008, 6789376, 0, 0
1078065, 6175454, 0, 0
1079037, 6143283, 0, 0
1080016, 5927980, 0, 0
1081022, 6698740, 0, 0
1082049, 7081554, 0, 0
1083052, 7103752, 0, 0
1084046, 6574422, 0, 0
1085039, 6402308, 0, 0
1086042, 6722305, 0, 0
1087060, 6693636, 0, 0
1088015, 7341697, 0, 0
1089025, 6682777, 0, 0
1090025, 6887687, 0, 0
1091034, 7202548, 0, 0
1092074, 6616828, 0, 0
1093016, 6536487, 0, 0
1094062, 6372390, 0, 0
1095062, 6615784, 0, 0
1096044, 6584493, 0, 0
1097003, 6139385, 0, 0
1098009, 6284189, 0, 0
1099083, 6199369, 0, 0
1100034, 6422737, 0, 0
1101002, 6804295, 0, 0
1102054, 7300825, 0, 0
1103053, 6357915, 0, 0
1104039, 5895063, 0, 0
1105030, 6736441, 0, 0
1106009, 6153014, 0, 0
1107047, 6400774, 0, 0
1108051, 6388327, 0, 0
1109070, 6608604, 0, 0
1110004, 6575485, 0, 0
1111038, 6454345, 0, 0
1112015, 6179086, 0, 0
1113003, 7476297, 0, 0
1114060, 6948346, 0, 0
1115061, 6327474, 0, 0
1116036, 6539516, 0, 0
1117038, 6998382, 0, 0
1118034, 6424182, 0, 0
1119105, 7326919, 0, 0
1120014, 6221508, 0, 0
1121051, 5917156, 0, 0
1122060, 6809969, 0, 0
1123036, 6375182, 0, 0
1124000, 6460608, 0, 0
1125052, 6828212, 0, 0
1126023, 6688212, 0, 0
1127029, 7125674, 0, 0
1128026, 6188656, 0, 0
1129041, 6144733, 0, 0
1130028, 6899314, 0, 0
1131024, 6811201, 0, 0
1132071, 5874846, 0, 0
1133008, 7045055, 0, 0
1134019, 7062719, 0, 0
1135024, 6606040, 0, 0
1136032, 6666808, 0, 0
1137048, 6509148, 0, 0
1138060, 6277166, 0, 0
1139054, 6449037, 0, 0
1140015, 6762593, 0, 0
1141078, 5928890, 0, 0
1142060, 5842297, 0, 0
1143011, 7086038, 0, 0
1144063, 6184669, 0, 0
1145051, 6952530, 0, 0
1146041, 5989975, 0, 0
1147077, 6764355, 0, 0
1148015, 7105262, 0, 0
1149071, 6093450, 0, 0
1150040, 6368896, 0, 0
1151075, 6544626, 0, 0
1152051, 6633810, 0, 0
1153061, 6429928, 0, 0
1154003, 6921350, 0, 0
1155016, 6205639, 0, 0
1156000, 6551585, 0, 0
1157065, 7045816, 0, 0
1158048, 6508888, 0, 0
1159011, 6969654, 0, 0
1160017, 6697209, 0, 0
1161030, 6888551, 0, 0
1162053, 6007995, 0, 0
1163046, 7037576, 0, 0
1164004, 6788012, 0, 0
1165079, 6591576, 0, 0
1166069, 6681492, 0, 0
1167007, 7500045, 0, 0
1168037, 7195673, 0, 0
1169022, 5891331, 0, 0
1170007, 6977583, 0, 0
1171070, 6322454, 0, 0
1172018, 6071449, 0, 0
1173023, 7070403, 0, 0
1174049, 6745030, 0, 0
1175031, 6368439, 0, 0
1176015, 6302208, 0, 0
1177027, 6567296, 0, 0
1178003, 6537838, 0, 0
1179002, 6016327, 0, 0
1180004, 5852007, 0, 0
1181040, 6763288, 0, 0
1182003, 6772615, 0, 0
1183044, 6669905, 0, 0
1184049, 6273151, 0, 0
1185037, 6249675, 0, 0
1186041, 6963109, 0, 0
1187038, 6555718, 0, 0
1188045, 6205182, 0, 0
1189052, 6174777, 0, 0
1190006, 7390852, 0, 0
1191012, 7126514, 0, 0
1192036, 6432804, 0, 0
1193012, 6542719, 0, 0
1194036, 6517193, 0, 0
1195047, 6825545, 0, 0
1196001, 8284942, 0, 0
1197062, 6625026, 0, 0
1198026, 6213796, 0, 0
1199074, 6348065, 0, 0
1200042, 6488660, 0, 0
1201016, 6278108, 0, 0
1202041, 6437134, 0, 0
1203020, 6042179, 0, 0
1204015, 6669835, 0, 0
1205008, 6396787, 0, 0
1206024, 5973757, 0, 0
1207020, 6461350, 0, 0
1208020, 6243820, 0, 0
1209075, 7025159, 0, 0
1210047, 7091242, 0, 0
1211028, 6447409, 0, 0
1212009, 6121785, 0, 0
1213017, 6501285, 0, 0
1214014, 7064228, 0, 0
1215039, 7158743, 0, 0
1216035, 6379488, 0, 0
1217055, 6573144, 0, 0
1218067, 6654531, 0, 0
1219048, 6620472, 0, 0
1220005, 6014906, 0, 0
1221053, 6582565, 0, 0
1222046, 6013880, 0, 0
1223013, 6396855, 0, 0
1224004, 6226530, 0, 0
1225042, 7918403, 0, 0
1226051, 7754498, 0, 0
1227140, 8180134, 0, 0
1228008, 6672294, 0, 0
1229042, 6146286, 0, 0
1230005, 6973812, 0, 0
1231051, 6446824, 0, 0
1232063, 6570246, 0, 0
1233006, 7414121, 0, 0
1234010, 7163225, 0, 0
1235070, 6880989, 0, 0
1236035, 6555949, 0, 0
1237077, 6090027, 0, 0
1238068, 6381813, 0, 0
1239000, 6847319, 0, 0
1240031, 6361258, 0, 0
1241008, 6545817, 0, 0
1242041, 6576600, 0, 0
1243013, 5958273, 0, 0
1244036, 6589756, 0, 0
1245017, 7206387, 0, 0
1246050, 6573053, 0, 0
1247038, 7370335, 0, 0
1248036, 6151792, 0, 0
1249031, 7205073, 0, 0
1250050, 7271734, 0, 0
1251041, 6427148, 0, 0
1252063, 6154406, 0, 0
1253015, 6602592, 0, 0
1254050, 6345120, 0, 0
1255006, 5680216, 0, 0
1256020, 6713713, 0, 0
1257053, 6105354, 0, 0
1258065, 6398848, 0, 0
1259030, 6260946, 0, 0
1260046, 6677728, 0, 0
1261063, 5836043, 0, 0
1262080, 6644720, 0, 0
1263058, 6063716, 0, 0
1264048, 6549006, 0, 0
1265042, 6133552, 0, 0
1266037, 6759002, 0, 0
1267066, 7295149, 0, 0
1268024, 6172190, 0, 0
1269066, 6505041, 0, 0
1270001, 8055504, 0, 0
1271051, 7041561, 0, 0
1272029, 6879082, 0, 0
1273000, 6422115, 0, 0
1274064, 6442414, 0, 0
1275027, 5530328, 0, 0
1276034, 7034277, 0, 0
1277059, 6322387, 0, 0
1278052, 6615757, 0, 0
1279037, 5996955, 0, 0
1280022, 6434469, 0, 0
1281070, 6839811, 0, 0
1282023, 6390396, 0, 0
1283028, 6738061, 0, 0
1284025, 6555439, 0, 0
1285029, 7213256, 0, 0
1286034, 6882574, 0, 0
1287003, 6369256, 0, 0
1288005, 6373707, 0, 0
1289048, 6238264, 0, 0
1290018, 5982339, 0, 0
1291024, 6652279, 0, 0
1292023, 6357953, 0, 0
1293022, 6840700, 0, 0
1294030, 6939147, 0, 0
1295068, 6650936, 0, 0
1296067, 6236715, 0, 0
1297007, 7118745, 0, 0
1298029, 6340731, 0, 0
1299063, 6222509, 0, 0
1300038, 5936038, 0, 0
1301003, 6103937, 0, 0
1302008, 7610004, 0, 0
1303033, 7257932, 0, 0
1304003, 6093866, 0, 0
1305053, 6398585, 0, 0
1306068, 7240949, 0, 0
1307029, 7062658, 0, 0
1308050, 6751324, 0, 0
1309048, 7123374, 0, 0
1310040, 6746479, 0, 0
1311032, 6741871, 0, 0
1312062, 6471976, 0, 0
1313017, 6398435, 0, 0
1314056, 6367605, 0, 0
1315029, 6803910, 0, 0
1316066, 6240749, 0, 0
1317006, 6254206, 0, 0
1318023, 6313677, 0, 0
1319023, 6704984, 0, 0
1320082, 6524188, 0, 0
1321055, 6849154, 0, 0
1322042, 7304060, 0, 0
1323003, 6666098, 0, 0
1324056, 6490003, 0, 0
1325035, 6567851, 0, 0
1326016, 6009761, 0, 0
1327063, 7014858, 0, 0
1328063, 6663875, 0, 0
1329000, 6279318, 0, 0
1330050, 6098268, 0, 0
1331011, 6274857, 0, 0
1332026, 6626774, 0, 0
1333025, 6477163, 0, 0
1334056, 5508778, 0, 0
1335057, 6894606, 0, 0
1336015, 6292930, 0, 0
1337026, 6273610, 0, 0
1338047, 7183607, 0, 0
1339021, 6273684, 0, 0
1340005, 6264490, 0, 0
1341071, 6190372, 0, 0
1342058, 6659513, 0, 0
1343043, 6266023, 0, 0
1344032, 6497497, 0, 0
1345059, 6531970, 0, 0
1346014, 6539401, 0, 0
1347037, 6591643, 0, 0
1348018, 6995858, 0, 0
1349007, 6543901, 0, 0
1350049, 6159673, 0, 0
1351029, 6117496, 0, 0
1352019, 6546921, 0, 0
1353062, 7497733, 0, 0
1354023, 5962306, 0, 0
1355033, 6510494, 0, 0
1356044, 7018197, 0, 0
1357017, 6307136, 0, 0
1358002, 6885660, 0, 0
1359025, 6232878, 0, 0
1360071, 6405404, 0, 0
1361061, 6639103, 0, 0
1362001, 6475677, 0, 0
1363011, 6006680, 0, 0
1364026, 6498875, 0, 0
1365038, 7491088, 0, 0
1366017, 6272103, 0, 0
1367065, 6420657, 0, 0
1368001, 6315982, 0, 0
1369046, 5902008, 0, 0
1370070, 6352131, 0, 0
1371007, 5440717, 0, 0
1372011, 6385753, 0, 0
1373035, 6776764, 0, 0
1374016, 6852688, 0, 0
1375045, 6510366, 0, 0
1376052, 5986088, 0, 0
1377037, 6789417, 0, 0
1378073, 6505868, 0, 0
1379011, 6379587, 0, 0
1380064, 7253135, 0, 0
1381025, 6489496, 0, 0
1382042, 6723723, 0, 0
1383041, 6743045, 0, 0
1384025, 6691250, 0, 0
1385038, 6092294, 0, 0
1386024, 6438318, 0, 0
1387058, 7279709, 0, 0
1388026, 7009344, 0, 0
1389074, 6265480, 0, 0
1390041, 6754619, 0, 0
1391010, 6371099, 0, 0
1392012, 7047436, 0, 0
1393002, 6463843, 0, 0
1394033, 6566317, 0, 0
1395007, 6757360, 0, 0
1396002, 6327353, 0, 0
1397011, 6766386, 0, 0
1398066, 7374017, 0, 0
1399051, 6930413, 0, 0
1400037, 6651936, 0, 0
1401033, 7108547, 0, 0
1402023, 6463611, 0, 0
1403041, 5848810, 0, 0
1404000, 6604782, 0, 0
1405048, 6267534, 0, 0
1406055, 6940922, 0, 0
1407058, 6637396, 0, 0
1408000, 6721938, 0, 0
1409026, 6788565, 0, 0
1410007, 6804204, 0, 0
1411013, 6696070, 0, 0
1412035, 6996689, 0, 0
1413055, 7174788, 0, 0
1414041, 7089874, 0, 0
1415051, 6724331, 0, 0
1416000, 6453768, 0, 0
1417003, 6911223, 0, 0
1418050, 6340141, 0, 0
1419037, 6800161, 0, 0
1420041, 6871511, 0, 0
1421006, 6512488, 0, 0
1422021, 6496910, 0, 0
1423050, 5743867, 0, 0
1424018, 6003294, 0, 0
1425032, 5691736, 0, 0
1426029, 6471208, 0, 0
1427052, 6594226, 0, 0
1428037, 5994758, 0, 0
1429007, 5944485, 0, 0
1430055, 6846859, 0, 0
1431064, 6301460, 0, 0
1432013, 6279096, 0, 0
1433022, 6720471, 0, 0
1434036, 6531827, 0, 0
1435050, 6412783, 0, 0
1436017, 6486629, 0, 0
1437056, 6404530, 0, 0
1438034, 6470339, 0, 0
1439046, 6361757, 0, 0
1440003, 6456903, 0, 0
1441022, 6364737, 0, 0
1442006, 5521336, 0, 0
1443040, 6456221, 0, 0
1444061, 5694472, 0, 0
1445056, 6807084, 0, 0
1446050, 6133760, 0, 0
1447026, 7012065, 0, 0
1448045, 6743292, 0, 0
1449058, 6935926, 0, 0
1450036, 6384115, 0, 0
1451066, 6861885, 0, 0
1452074, 6946457, 0, 0
1453051, 7282284, 0, 0
1454014, 6412935, 0, 0
1455048, 6006564, 0, 0
1456051, 7055911, 0, 0
1457080, 7447543, 0, 0
1458004, 6409418, 0, 0
1459047, 6280505, 0, 0
1460052, 6275627, 0, 0
1461060, 7190819, 0, 0
1462063, 5663252, 0, 0
1463061, 6969684, 0, 0
1464041, 6484921, 0, 0
1465018, 6637274, 0, 0
1466063, 6737342, 0, 0
1467019, 6121835, 0, 0
1468024, 6355601, 0, 0
1469012, 6759493, 0, 0
1470039, 6295542, 0, 0
1471032, 6274873, 0, 0
1472018, 6121181, 0, 0
1473001, 6057118, 0, 0
1474064, 7225832, 0, 0
1475018, 6356448, 0, 0
1476015, 6683224, 0, 0
1477018, 6071833, 0, 0
1478010, 6480481, 0, 0
1479014, 6552678, 0, 0
1480056, 6088040, 0, 0
1481031, 6086333, 0, 0
1482036, 6357191, 0, 0
1483006, 6413654, 0, 0
1484025, 5884358, 0, 0
1485011, 5900779, 0, 0
1486050, 6650539, 0, 0
1487047, 6917983, 0, 0
1488036, 6864817, 0, 0
1489067, 6279445, 0, 0
1490016, 6921405, 0, 0
1491027, 6731451, 0, 0
1492019, 6234995, 0, 0
1493031, 6355903, 0, 0
1494016, 6271533, 0, 0
1495041, 6781756, 0, 0
1496014, 7532920, 0, 0
1497067, 6615763, 0, 0
1498051, 6830272, 0, 0
1499028, 6064474, 0, 0
1500037, 6719585, 0, 0
1501049, 6162588, 0, 0
1502050, 6533305, 0, 0
1503002, 6698146, 0, 0
1504052, 5959715, 0, 0
1505035, 6917164, 0, 0
1506066, 6914521, 0, 0
1507017, 5935332, 0, 0
1508063, 6257152, 0, 0
1509061, 7919656, 0, 0
1510065, 6347323, 0, 0
1511058, 6276156, 0, 0
1512021, 6632951, 0, 0
1513027, 6840985, 0, 0
1514033, 6699504, 0, 0
1515074, 6154286, 0, 0
1516009, 7021958, 0, 0
1517048, 6292245, 0, 0
1518005, 6543109, 0, 0
1519012, 6989711, 0, 0
1520004, 6650724, 0, 0
1521022, 6964389, 0, 0
1522049, 6336493, 0, 0
1523030, 6448833, 0, 0
1524025, 6174040, 0, 0
1525014, 6093499, 0, 0
1526042, 6302595, 0, 0
1527008, 6350983, 0, 0
1528054, 6258178, 0, 0
1529049, 6756190, 0, 0
1530014, 7776498, 0, 0
1531008, 6170763, 0, 0
1532052, 6999979, 0, 0
1533027, 6810951, 0, 0
1534026, 6609994, 0, 0
1535034, 6627907, 0, 0
1536001, 6231827, 0, 0
1537033, 6211555, 0, 0
1538055, 6262077, 0, 0
1539030, 6404281, 0, 0
1540036, 6745883, 0, 0
1541051, 6504601, 0, 0
1542072, 7030223, 0, 0
1543032, 6802070, 0, 0
1544059, 6184861, 0, 0
1545031, 5848482, 0, 0
1546033, 6373263, 0, 0
1547023, 6300627, 0, 0
1548012, 6630294, 0, 0
1549001, 6253610, 0, 0
1550026, 6204447, 0, 0
1551057, 6518539, 0, 0
1552004, 6396244, 0, 0
1553062, 6442693, 0, 0
1554044, 6208999, 0, 0
1555010, 5923354, 0, 0
1556005, 6450844, 0, 0
1557060, 6387440, 0, 0
1558078, 7016254, 0, 0
1559016, 6507377, 0, 0
1560012, 6379262, 0, 0
1561055, 6596724, 0, 0
1562058, 6338687, 0, 0
1563059, 6583568, 0, 0
1564013, 6759707, 0, 0
1565047, 7075524, 0, 0
1566036, 6374252, 0, 0
1567000, 7188672, 0, 0
1568054, 5814965, 0, 0
1569031, 6638132, 0, 0
1570029, 6119832, 0, 0
1571036, 6885972, 0, 0
1572004, 6862569, 0, 0
1573044, 6219740, 0, 0
1574010, 6801361, 0, 0
1575064, 6575767, 0, 0
1576026, 6679306, 0, 0
1577005, 7188236, 0, 0
1578002, 6918592, 0, 0
1579058, 7181223, 0, 0
1580007, 6191979, 0, 0
1581034, 6453800, 0, 0
1582053, 6880367, 0, 0
1583071, 6870548, 0, 0
1584030, 6519325, 0, 0
1585009, 6150740, 0, 0
1586075, 6298799, 0, 0
1587056, 5603553, 0, 0
1588017, 6441898, 0, 0
1589012, 6331162, 0, 0
1590070, 6404370, 0, 0
1591009, 7159027, 0, 0
1592015, 6405171, 0, 0
1593005, 6504188, 0, 0
1594009, 6596237, 0, 0
1595042, 7272785, 0, 0
1596043, 6169671, 0, 0
1597052, 6813230, 0, 0
1598017, 6514395, 0, 0
1599073, 6434351, 0, 0
1600035, 7279421, 0, 0
1601058, 7514814, 0, 0
1602044, 6233595, 0, 0
1603018, 6618069, 0, 0
1604050, 6028553, 0, 0
1605040, 6426071, 0, 0
1606053, 6656474, 0, 0
1607009, 5895521, 0, 0
1608018, 6812586, 0, 0
1609030, 6563636, 0, 0
1610006, 6250801, 0, 0
1611021, 5729424, 0, 0
1612004, 6172799, 0, 0
1613037, 6110676, 0, 0
1614063, 7427583, 0, 0
1615044, 6443437, 0, 0
1616059, 6632178, 0, 0
1617022, 6630138, 0, 0
1618036, 5856653, 0, 0
1619026, 6640421, 0, 0
1620045, 5818122, 0, 0
1621014, 7011701, 0, 0
1622062, 6933279, 0, 0
1623060, 6155350, 0, 0
1624016, 6775305, 0, 0
1625061, 7003918, 0, 0
1626059, 5971212, 0, 0
1627057, 6737907, 0, 0
1628067, 6594410, 0, 0
1629042, 6327660, 0, 0
1630033, 6972367, 0, 0
1631032, 6271713, 0, 0
1632050, 6829561, 0, 0
1633041, 7067150, 0, 0
1634035, 6452156, 0, 0
1635050, 6416920, 0, 0
1636003, 7211830, 0, 0
1637010, 6617528, 0, 0
1638006, 6592474, 0, 0
1639032, 7266727, 0, 0
1640075, 7139032, 0, 0
1641056, 5974536, 0, 0
1642012, 6330239, 0, 0
1643061, 6089276, 0, 0
1644019, 6697496, 0, 0
1645124, 7028370, 0, 0
1646027, 6093337, 0, 0
1647022, 6722618, 0, 0
1648023, 6576184, 0, 0
1649010, 6614165, 0, 0
1650036, 6659157, 0, 0
1651019, 6631900, 0, 0
1652002, 6064869, 0, 0
1653037, 6710728, 0, 0
1654054, 6123666, 0, 0
1655018, 6504204, 0, 0
1656042, 6826988, 0, 0
1657010, 6198723, 0, 0
1658013, 6767597, 0, 0
1659070, 6480562, 0, 0
1660010, 7061611, 0, 0
1661057, 6576623, 0, 0
1662038, 6489877, 0, 0
1663005, 6397930, 0, 0
1664030, 7012284, 0, 0
1665007, 6975482, 0, 0
1666020, 6526672, 0, 0
1667019, 6609772, 0, 0
1668025, 6207076, 0, 0
1669029, 6469042, 0, 0
1670017, 6491953, 0, 0
1671069, 5872506, 0, 0
1672020, 6598420, 0, 0
1673016, 7259664, 0, 0
1674023, 6846765, 0, 0
1675018, 6719167, 0, 0
1676037, 6919556, 0, 0
1677048, 7065106, 0, 0
1678046, 6735520, 0, 0
1679057, 6121999, 0, 0
1680005, 6865726, 0, 0
1681058, 7010562, 0, 0
1682017, 6897267, 0, 0
1683051, 6882088, 0, 0
1684032, 6762685, 0, 0
1685059, 6415139, 0, 0
1686011, 6511772, 0, 0
1687005, 7198800, 0, 0
1688028, 6381692, 0, 0
1689036, 6627574, 0, 0
1690028, 6606152, 0, 0
1691004, 6817762, 0, 0
1692063, 6535730, 0, 0
1693060, 6421224, 0, 0
1694001, 6764166, 0, 0
1695011, 6510319, 0, 0
1696035, 6392785, 0, 0
1697020, 6394728, 0, 0
1698046, 6971629, 0, 0
1699077, 6438772, 0, 0
1700072, 6946521, 0, 0
1701035, 5799946, 0, 0
1702003, 6809949, 0, 0
1703021, 6967879, 0, 0
1704012, 6871452, 0, 0
1705040, 6380305, 0, 0
1706071, 6686823, 0, 0
1707059, 6408944, 0, 0
1708035, 7276485, 0, 0
1709055, 6707361, 0, 0
1710037, 5388181, 0, 0
1711015, 6034702, 0, 0
1712026, 6043321, 0, 0
1713052, 6487108, 0, 0
1714044, 6354942, 0, 0
1715067, 5975957, 0, 0
1716054, 6798107, 0, 0
1717011, 6460844, 0, 0
1718038, 7774350, 0, 0
1719027, 6337957, 0, 0
1720046, 6827517, 0, 0
1721016, 6377184, 0, 0
1722056, 6455535, 0, 0
1723050, 6361029, 0, 0
1724041, 6391787, 0, 0
1725032, 6424609, 0, 0
1726023, 6598398, 0, 0
1727054, 6959990, 0, 0
1728037, 5920777, 0, 0
1729000, 6326980, 0, 0
1730035, 6670627, 0, 0
1731017, 6814343, 0, 0
1732040, 6907142, 0, 0
1733063, 5902786, 0, 0
1734030, 6237542, 0, 0
1735021, 6554339, 0, 0
1736035, 6027132, 0, 0
1737010, 6539032, 0, 0
1738040, 6392059, 0, 0
1739010, 6549946, 0, 0
1740016, 6400861, 0, 0
1741005, 6763460, 0, 0
1742064, 6153165, 0, 0
1743060, 6588657, 0, 0
1744061, 6804956, 0, 0
1745058, 5755945, 0, 0
1746069, 7317273, 0, 0
1747054, 6394039, 0, 0
1748005, 7197193, 0, 0
1749038, 6927090, 0, 0
1750023, 7030938, 0, 0
1751034, 6080947, 0, 0
1752024, 6182159, 0, 0
1753008, 6258984, 0, 0
1754002, 6578045, 0, 0
1755032, 6555047, 0, 0
1756029, 6264236, 0, 0
1757024, 6331316, 0, 0
1758031, 5652204, 0, 0
1759039, 5888176, 0, 0
1760008, 6494169, 0, 0
1761052, 6477342, 0, 0
1762042, 7795785, 0, 0
1763044, 6628829, 0, 0
1764020, 7277409, 0, 0
1765053, 6653417, 0, 0
1766051, 6517574, 0, 0
1767029, 6105755, 0, 0
1768060, 5694517, 0, 0
1769062, 6853316, 0, 0
1770063, 6290823, 0, 0
1771036, 6475773, 0, 0
1772069, 6881072, 0, 0
1773004, 5731378, 0, 0
1774049, 6177455, 0, 0
1775052, 6146171, 0, 0
1776027, 6451238, 0, 0
1777044, 6600335, 0, 0
1778045, 6492723, 0, 0
1779043, 6153777, 0, 0
1780043, 7185347, 0, 0
1781045, 6143371, 0, 0
1782051, 6363715, 0, 0
1783016, 6135847, 0, 0
1784041, 5821991, 0, 0
1785033, 6741449, 0, 0
1786037, 6306980, 0, 0
1787057, 6138227, 0, 0
1788027, 6292458, 0, 0
1789011, 6469044, 0, 0
1790013, 6497153, 0, 0
1791006, 6800390, 0, 0
1792061, 6423166, 0, 0
1793028, 6401763, 0, 0
1794069, 6978652, 0, 0
1795068, 6519252, 0, 0
1796018, 6330545, 0, 0
1797042, 6472503, 0, 0
1798054, 6440219, 0, 0
1799048, 6532148, 0, 0
1800065, 6433023, 0, 0
