1041, 531288964, 0, 0
2020, 551481178, 0, 0
3050, 540734292, 0, 0
4063, 535745804, 0, 0
5051, 539596002, 0, 0
6054, 568801111, 0, 0
7012, 536818816, 0, 0
8033, 556206812, 0, 0
9018, 557177851, 0, 0
10009, 561107164, 0, 0
11000, 552427821, 0, 0
12019, 543995030, 0, 0
13083, 605326590, 0, 0
14038, 626693661, 0, 0
15018, 558985373, 0, 0
16037, 568929231, 0, 0
17057, 539003663, 0, 0
18039, 526651032, 0, 0
19043, 538853267, 0, 0
20005, 582463959, 0, 0
21053, 538972472, 0, 0
22065, 566247305, 0, 0
23067, 566279506, 0, 0
24033, 566004167, 0, 0
25058, 590039906, 0, 0
26043, 550076170, 0, 0
27008, 574608983, 0, 0
28041, 540003823, 0, 0
29031, 527731204, 0, 0
30002, 566099446, 0, 0
31029, 537920821, 0, 0
32047, 551627070, 0, 0
33046, 568057657, 0, 0
34055, 568085780, 0, 0
35054, 544261098, 0, 0
36037, 580516549, 0, 0
37072, 595338917, 0, 0
38029, 549366642, 0, 0
39026, 568665643, 0, 0
40020, 547070853, 0, 0
41017, 567020021, 0, 0
42041, 554642546, 0, 0
43044, 547883099, 0, 0
44029, 597872936, 0, 0
45034, 560351314, 0, 0
46002, 547492714, 0, 0
47002, 540550027, 0, 0
48053, 518212616, 0, 0
49032, 580237761, 0, 0
50004, 571134694, 0, 0
51057, 552402684, 0, 0
52057, 553064726, 0, 0
53060, 548349710, 0, 0
54036, 541854235, 0, 0
55028, 546832489, 0, 0
56035, 548747395, 0, 0
57054, 563080250, 0, 0
58027, 543393221, 0, 0
59066, 564346608, 0, 0
60068, 562563115, 0, 0
61037, 549139141, 0, 0
62056, 568038243, 0, 0
63030, 545011905, 0, 0
64021, 531941769, 0, 0
65054, 583852375, 0, 0
66031, 539228522, 0, 0
67014, 539060526, 0, 0
68005, 544266569, 0, 0
69011, 551411176, 0, 0
70072, 537454892, 0, 0
71036, 557042492, 0, 0
72031, 546462653, 0, 0
73004, 511696470, 0, 0
74015, 505846694, 0, 0
75015, 557419273, 0, 0
76010, 543197206, 0, 0
77042, 559457652, 0, 0
78026, 549514250, 0, 0
79049, 537685233, 0, 0
80020, 515184365, 0, 0
81058, 567075666, 0, 0
82075, 574320980, 0, 0
83051, 579736642, 0, 0
84047, 560659718, 0, 0
85010, 525564909, 0, 0
86028, 519960604, 0, 0
87013, 577752483, 0, 0
88017, 551914387, 0, 0
89033, 568396210, 0, 0
90024, 543998626, 0, 0
91050, 575110231, 0, 0
92011, 561112615, 0, 0
93014, 553116376, 0, 0
94010, 547288322, 0, 0
95017, 532302748, 0, 0
96028, 571823536, 0, 0
97053, 558628189, 0, 0
98075, 579188245, 0, 0
99039, 529643588, 0, 0
100063, 553615782, 0, 0
101019, 533962070, 0, 0
102069, 537738731, 0, 0
103053, 573624213, 0, 0
104070, 557279293, 0, 0
105047, 523771221, 0, 0
106002, 532328774, 0, 0
107026, 548579145, 0, 0
108004, 501256924, 0, 0
109047, 529291512, 0, 0
110035, 537185293, 0, 0
111034, 525259456, 0, 0
112027, 523171699, 0, 0
113038, 514671598, 0, 0
114039, 542868701, 0, 0
115044, 552951114, 0, 0
116027, 538914775, 0, 0
117043, 549817891, 0, 0
118027, 557912297, 0, 0
119084, 527963242, 0, 0
120025, 507840743, 0, 0
121032, 532819214, 0, 0
122037, 562881798, 0, 0
123059, 526739470, 0, 0
124051, 541779815, 0, 0
125016, 514980390, 0, 0
126006, 551850971, 0, 0
127001, 540292891, 0, 0
128028, 531661860, 0, 0
129009, 516978403, 0, 0
130040, 523989262, 0, 0
131042, 532597801, 0, 0
132022, 537882059, 0, 0
133039, 535867863, 0, 0
134029, 553906380, 0, 0
135033, 510011280, 0, 0
136056, 521213757, 0, 0
137048, 544221101, 0, 0
138010, 514972050, 0, 0
139032, 490959391, 0, 0
140027, 532112186, 0, 0
141061, 524742979, 0, 0
142009, 524576516, 0, 0
143000, 539754801, 0, 0
144005, 524328438, 0, 0
145025, 551753384, 0, 0
146066, 526958874, 0, 0
147049, 552397497, 0, 0
148045, 520294676, 0, 0
149043, 549595203, 0, 0
150020, 531374661, 0, 0
151021, 526370289, 0, 0
152037, 501810122, 0, 0
153024, 543132504, 0, 0
154017, 538345830, 0, 0
155004, 530707458, 0, 0
156052, 531768052, 0, 0
157037, 540490745, 0, 0
158078, 538491671, 0, 0
159049, 526803381, 0, 0
160064, 551812186, 0, 0
161043, 529611169, 0, 0
162052, 531703251, 0, 0
163055, 518630550, 0, 0
164032, 526307736, 0, 0
165049, 539485982, 0, 0
166066, 548295315, 0, 0
167040, 511747290, 0, 0
168029, 505155313, 0, 0
169031, 512523847, 0, 0
170041, 524408047, 0, 0
171044, 526972603, 0, 0
172061, 502270780, 0, 0
173028, 494750902, 0, 0
174006, 564710592, 0, 0
175053, 521368503, 0, 0
176000, 544286587, 0, 0
177040, 556289871, 0, 0
178082, 517586231, 0, 0
179010, 547727511, 0, 0
180032, 551447030, 0, 0
181018, 513617072, 0, 0
182049, 526124607, 0, 0
183034, 518647034, 0, 0
184044, 526095322, 0, 0
185005, 539513635, 0, 0
186016, 559550663, 0, 0
187003, 521715518, 0, 0
188028, 508281245, 0, 0
189018, 545836008, 0, 0
190033, 533361525, 0, 0
191049, 518650980, 0, 0
192020, 500113806, 0, 0
193064, 489851989, 0, 0
194018, 534412101, 0, 0
195054, 546219612, 0, 0
196052, 508733036, 0, 0
197047, 535268198, 0, 0
198018, 518905622, 0, 0
199035, 469565714, 0, 0
200063, 500397452, 0, 0
201031, 511113916, 0, 0
202038, 492680380, 0, 0
203056, 500733297, 0, 0
204011, 501829959, 0, 0
205003, 534631672, 0, 0
206009, 532534973, 0, 0
207061, 526942820, 0, 0
208028, 517994157, 0, 0
209069, 556292981, 0, 0
210014, 542407306, 0, 0
211026, 549862521, 0, 0
212036, 535852580, 0, 0
213046, 490791760, 0, 0
214009, 529075697, 0, 0
215065, 498277265, 0, 0
216042, 499308639, 0, 0
217028, 497078981, 0, 0
218022, 515082321, 0, 0
219008, 506693314, 0, 0
220021, 509932839, 0, 0
221003, 566371788, 0, 0
222046, 537345785, 0, 0
223025, 495653455, 0, 0
224058, 519933165, 0, 0
225060, 494888210, 0, 0
226043, 509178468, 0, 0
227061, 498861249, 0, 0
228029, 503326563, 0, 0
229014, 498423303, 0, 0
230046, 505477733, 0, 0
231038, 507166623, 0, 0
232047, 525237620, 0, 0
233016, 515668863, 0, 0
234005, 501570136, 0, 0
235048, 518462008, 0, 0
236045, 509006774, 0, 0
237061, 528202224, 0, 0
238016, 488276212, 0, 0
239005, 515371149, 0, 0
240033, 490020446, 0, 0
241049, 519220377, 0, 0
242069, 521981507, 0, 0
243043, 521493741, 0, 0
244043, 522011591, 0, 0
245007, 513406194, 0, 0
246023, 512547347, 0, 0
247006, 535503092, 0, 0
248032, 519073183, 0, 0
249000, 503208850, 0, 0
250009, 539652585, 0, 0
251077, 493535743, 0, 0
252032, 552549972, 0, 0
253034, 499134029, 0, 0
254031, 503230100, 0, 0
255026, 516434773, 0, 0
256040, 533597292, 0, 0
257022, 528462787, 0, 0
258052, 502256482, 0, 0
259022, 495328618, 0, 0
260047, 478575714, 0, 0
261052, 499771265, 0, 0
262012, 478397431, 0, 0
263022, 514996622, 0, 0
264066, 496463976, 0, 0
265003, 494454331, 0, 0
266038, 512523968, 0, 0
267036, 484546684, 0, 0
268063, 502459978, 0, 0
269056, 501808897, 0, 0
270054, 541199513, 0, 0
271045, 515447222, 0, 0
272061, 506162774, 0, 0
273068, 509313605, 0, 0
274027, 516120914, 0, 0
275024, 533314218, 0, 0
276008, 494185898, 0, 0
277065, 514207667, 0, 0
278026, 484447728, 0, 0
279024, 533861769, 0, 0
280057, 520259034, 0, 0
281027, 511194844, 0, 0
282009, 482033767, 0, 0
283066, 515220897, 0, 0
284051, 490771750, 0, 0
285010, 504656667, 0, 0
286023, 533974619, 0, 0
287067, 508369285, 0, 0
288058, 484266544, 0, 0
289032, 484905296, 0, 0
290070, 477076291, 0, 0
291048, 488484543, 0, 0
292050, 489083065, 0, 0
293013, 516182839, 0, 0
294047, 499387058, 0, 0
295031, 471855473, 0, 0
296020, 476819299, 0, 0
297049, 482639173, 0, 0
298004, 532042316, 0, 0
299058, 477373521, 0, 0
300059, 520854198, 0, 0
301040, 500907353, 0, 0
302058, 493742276, 0, 0
303008, 513040932, 0, 0
304052, 503986621, 0, 0
305046, 486108223, 0, 0
306006, 470280541, 0, 0
307066, 477506056, 0, 0
308009, 506169552, 0, 0
309030, 502106920, 0, 0
310019, 505026071, 0, 0
311041, 498006567, 0, 0
312023, 506612770, 0, 0
313087, 517753855, 0, 0
314027, 518517139, 0, 0
315013, 555834644, 0, 0
316006, 501440576, 0, 0
317033, 478689520, 0, 0
318016, 501169820, 0, 0
319018, 458761483, 0, 0
320048, 500418123, 0, 0
321004, 466877290, 0, 0
322035, 488616005, 0, 0
323028, 487371296, 0, 0
324003, 469900409, 0, 0
325052, 480314286, 0, 0
326023, 511864712, 0, 0
327068, 506715312, 0, 0
328001, 502934490, 0, 0
329030, 523069423, 0, 0
330071, 491172569, 0, 0
331060, 510719747, 0, 0
332027, 503577183, 0, 0
333012, 500746463, 0, 0
334012, 505787591, 0, 0
335058, 474234345, 0, 0
336051, 495440476, 0, 0
337046, 465871814, 0, 0
338010, 468576822, 0, 0
339082, 479814033, 0, 0
340027, 516119466, 0, 0
341039, 516724263, 0, 0
342026, 484295224, 0, 0
343047, 462678197, 0, 0
344056, 500275292, 0, 0
345039, 468761216, 0, 0
346054, 444021202, 0, 0
347003, 497417757, 0, 0
348020, 493047158, 0, 0
349026, 512195680, 0, 0
350001, 477830508, 0, 0
351054, 490419989, 0, 0
352054, 480588951, 0, 0
353058, 468447547, 0, 0
354082, 497222156, 0, 0
355076, 501207273, 0, 0
356038, 494485737, 0, 0
357007, 484438730, 0, 0
358035, 465809753, 0, 0
359071, 494550647, 0, 0
360021, 523601574, 0, 0
361004, 493702540, 0, 0
362029, 497360111, 0, 0
363000, 468219183, 0, 0
364023, 510350870, 0, 0
365032, 518722711, 0, 0
366022, 535475971, 0, 0
367033, 500213069, 0, 0
368023, 503576663, 0, 0
369002, 505222817, 0, 0
370003, 460637746, 0, 0
371046, 456485808, 0, 0
372070, 476809634, 0, 0
373009, 499171545, 0, 0
374038, 494868051, 0, 0
375039, 486684066, 0, 0
376006, 484613178, 0, 0
377019, 490677717, 0, 0
378036, 458377401, 0, 0
379012, 486544435, 0, 0
380031, 465902001, 0, 0
381000, 507871867, 0, 0
382051, 508328354, 0, 0
383044, 470120867, 0, 0
384060, 460090912, 0, 0
385009, 508514829, 0, 0
386006, 516849014, 0, 0
387060, 507748830, 0, 0
388027, 512202808, 0, 0
389030, 472257790, 0, 0
390036, 473126222, 0, 0
391027, 491709449, 0, 0
392048, 483450720, 0, 0
393031, 492526476, 0, 0
394010, 490432386, 0, 0
395006, 487034624, 0, 0
396050, 485525013, 0, 0
397016, 481456617, 0, 0
398009, 474506217, 0, 0
399019, 509768993, 0, 0
400003, 498189722, 0, 0
401038, 489607993, 0, 0
402030, 472905880, 0, 0
403032, 483732229, 0, 0
404032, 475779467, 0, 0
405040, 466843230, 0, 0
406054, 489955421, 0, 0
407020, 437984262, 0, 0
408023, 459375165, 0, 0
409027, 487752363, 0, 0
410051, 473680862, 0, 0
411023, 443459156, 0, 0
412013, 489641185, 0, 0
413006, 471335584, 0, 0
414026, 481216691, 0, 0
415025, 497898415, 0, 0
416070, 515526861, 0, 0
417070, 478779786, 0, 0
418029, 423923867, 0, 0
419001, 467277710, 0, 0
420014, 510048429, 0, 0
421055, 456744436, 0, 0
422031, 490980363, 0, 0
423069, 462826354, 0, 0
424025, 506089460, 0, 0
425057, 471361693, 0, 0
426051, 447392344, 0, 0
427025, 457490533, 0, 0
428021, 450337400, 0, 0
429040, 456484216, 0, 0
430020, 469295240, 0, 0
431001, 465380313, 0, 0
432005, 483558342, 0, 0
433048, 490712459, 0, 0
434054, 499361335, 0, 0
435012, 555017656, 0, 0
436036, 472316558, 0, 0
437006, 511660516, 0, 0
438036, 453363208, 0, 0
439028, 478888654, 0, 0
440072, 426158991, 0, 0
441001, 486252569, 0, 0
442047, 476790612, 0, 0
443008, 441419860, 0, 0
444031, 509526103, 0, 0
445065, 501123833, 0, 0
446013, 465442706, 0, 0
447025, 458497522, 0, 0
448032, 459313025, 0, 0
449003, 436562972, 0, 0
450048, 494959502, 0, 0
451007, 415641686, 0, 0
452038, 456605166, 0, 0
453013, 453979728, 0, 0
454003, 470915571, 0, 0
455060, 468333389, 0, 0
456066, 458583335, 0, 0
457046, 482139976, 0, 0
458020, 449517156, 0, 0
459024, 477057231, 0, 0
460020, 458143601, 0, 0
461054, 502177418, 0, 0
462002, 471638720, 0, 0
463045, 485978369, 0, 0
464041, 497002651, 0, 0
465062, 475518784, 0, 0
466007, 504247880, 0, 0
467069, 471550272, 0, 0
468070, 473743714, 0, 0
469066, 473071829, 0, 0
470018, 476737109, 0, 0
471016, 419210351, 0, 0
472022, 434318140, 0, 0
473039, 476304377, 0, 0
474000, 465305898, 0, 0
475058, 507730375, 0, 0
476000, 460716534, 0, 0
477065, 456234892, 0, 0
478037, 459706577, 0, 0
479012, 428701134, 0, 0
480009, 434268364, 0, 0
481026, 469171520, 0, 0
482011, 484376799, 0, 0
483066, 479056612, 0, 0
484002, 492248675, 0, 0
485017, 466432392, 0, 0
486011, 468353202, 0, 0
487018, 418872573, 0, 0
488046, 455853723, 0, 0
489011, 476411309, 0, 0
490012, 458084116, 0, 0
491006, 494086469, 0, 0
492028, 451547986, 0, 0
493007, 432717010, 0, 0
494054, 472282302, 0, 0
495035, 508673960, 0, 0
496071, 481336729, 0, 0
497059, 474744002, 0, 0
498053, 414497443, 0, 0
499060, 511436398, 0, 0
500031, 490587584, 0, 0
501042, 479657017, 0, 0
502049, 460283354, 0, 0
503032, 457317603, 0, 0
504055, 467978858, 0, 0
505056, 437888750, 0, 0
506043, 490405632, 0, 0
507032, 473856748, 0, 0
508058, 464320757, 0, 0
509043, 453918147, 0, 0
510001, 449930590, 0, 0
511064, 456790378, 0, 0
512010, 436547943, 0, 0
513054, 451819155, 0, 0
514045, 429707000, 0, 0
515011, 430007724, 0, 0
516055, 429774888, 0, 0
517032, 476961540, 0, 0
518034, 483239872, 0, 0
519004, 435080408, 0, 0
520032, 433391371, 0, 0
521042, 469016552, 0, 0
522076, 480307084, 0, 0
523047, 473675153, 0, 0
524063, 479493639, 0, 0
525039, 414976842, 0, 0
526048, 427029988, 0, 0
527032, 471231253, 0, 0
528039, 466467094, 0, 0
529032, 449832336, 0, 0
530004, 461631802, 0, 0
531069, 447579944, 0, 0
532017, 462199772, 0, 0
533005, 463386731, 0, 0
534020, 527919925, 0, 0
535003, 457939881, 0, 0
536004, 430856106, 0, 0
537056, 462793347, 0, 0
538031, 474862289, 0, 0
539000, 464910500, 0, 0
540051, 447347389, 0, 0
541044, 462311362, 0, 0
542000, 451662163, 0, 0
543013, 453419998, 0, 0
544021, 456445954, 0, 0
545041, 490348865, 0, 0
546070, 480847407, 0, 0
547046, 445768585, 0, 0
548054, 440738151, 0, 0
549030, 442560307, 0, 0
550016, 460532190, 0, 0
551016, 442174309, 0, 0
552008, 471835296, 0, 0
553027, 478638120, 0, 0
554051, 475927250, 0, 0
555011, 445149632, 0, 0
556042, 469444617, 0, 0
557015, 476871294, 0, 0
558014, 418813181, 0, 0
559048, 446161869, 0, 0
560035, 455410889, 0, 0
561030, 484942607, 0, 0
562019, 460448406, 0, 0
563004, 453763421, 0, 0
564026, 462102716, 0, 0
565067, 476234993, 0, 0
566020, 439505498, 0, 0
567041, 490114282, 0, 0
568023, 459807931, 0, 0
569014, 453906924, 0, 0
570009, 446161104, 0, 0
571024, 459896663, 0, 0
572022, 446430027, 0, 0
573059, 461815068, 0, 0
574039, 450248311, 0, 0
575041, 449298194, 0, 0
576068, 445479229, 0, 0
577028, 443562513, 0, 0
578028, 446975060, 0, 0
579005, 412942423, 0, 0
580007, 416609764, 0, 0
581069, 439851588, 0, 0
582048, 445876997, 0, 0
583012, 497765990, 0, 0
584071, 446237110, 0, 0
585058, 464264142, 0, 0
586038, 488344556, 0, 0
587063, 456072810, 0, 0
588062, 427022222, 0, 0
589014, 479117081, 0, 0
590065, 441065889, 0, 0
591061, 421564439, 0, 0
592041, 428202653, 0, 0
593021, 447400130, 0, 0
594047, 450515340, 0, 0
595003, 452780897, 0, 0
596038, 496526921, 0, 0
597009, 421413055, 0, 0
598065, 437751920, 0, 0
599059, 440343244, 0, 0
600055, 415883001, 0, 0
601063, 428605986, 0, 0
602046, 424085322, 0, 0
603078, 437977721, 0, 0
604054, 438969916, 0, 0
605045, 433761751, 0, 0
606035, 451374242, 0, 0
607003, 442991286, 0, 0
608003, 459960852, 0, 0
609049, 430299501, 0, 0
610068, 445347875, 0, 0
611054, 439860124, 0, 0
612014, 456098929, 0, 0
613022, 448995931, 0, 0
614024, 419773689, 0, 0
615044, 405433216, 0, 0
616046, 455903128, 0, 0
617050, 445305764, 0, 0
618062, 426603763, 0, 0
619035, 412474772, 0, 0
620066, 405315817, 0, 0
621062, 446034212, 0, 0
622055, 413173099, 0, 0
623026, 409824837, 0, 0
624004, 413621902, 0, 0
625030, 417369873, 0, 0
626005, 421899477, 0, 0
627025, 442191912, 0, 0
628031, 417470709, 0, 0
629009, 424413105, 0, 0
630000, 431714778, 0, 0
631024, 432842468, 0, 0
632069, 393417715, 0, 0
633022, 441789489, 0, 0
634009, 412237525, 0, 0
635015, 410709244, 0, 0
636004, 447582979, 0, 0
637015, 446805484, 0, 0
638002, 424209883, 0, 0
639061, 406115513, 0, 0
640052, 412652598, 0, 0
641035, 399447381, 0, 0
642041, 439904895, 0, 0
643020, 414338895, 0, 0
644032, 426389358, 0, 0
645053, 479215110, 0, 0
646007, 427143697, 0, 0
647014, 432438171, 0, 0
648020, 461894293, 0, 0
649007, 451045398, 0, 0
650048, 429435225, 0, 0
651055, 439961000, 0, 0
652028, 439619876, 0, 0
653031, 403917941, 0, 0
654044, 458521289, 0, 0
655046, 434222138, 0, 0
656016, 448916060, 0, 0
657040, 420623955, 0, 0
658057, 421775108, 0, 0
659029, 397956951, 0, 0
660051, 438923683, 0, 0
661056, 426594856, 0, 0
662025, 462288022, 0, 0
663011, 444067892, 0, 0
664005, 451318271, 0, 0
665055, 442068617, 0, 0
666062, 434566001, 0, 0
667059, 459186833, 0, 0
668030, 437885176, 0, 0
669036, 421375928, 0, 0
670000, 439032138, 0, 0
671010, 443630204, 0, 0
672045, 402813230, 0, 0
673025, 398437734, 0, 0
674026, 435000750, 0, 0
675000, 441892682, 0, 0
676069, 410558189, 0, 0
677042, 418531202, 0, 0
678005, 438606382, 0, 0
679022, 426132283, 0, 0
680070, 443241442, 0, 0
681054, 438440074, 0, 0
682016, 388456992, 0, 0
683011, 393787902, 0, 0
684062, 423003970, 0, 0
685003, 442608974, 0, 0
686024, 429368174, 0, 0
687033, 381108911, 0, 0
688027, 444714211, 0, 0
689036, 410323118, 0, 0
690060, 403729320, 0, 0
691002, 456917367, 0, 0
692062, 475892711, 0, 0
693021, 442063886, 0, 0
694027, 421645176, 0, 0
695012, 426371611, 0, 0
696023, 402365716, 0, 0
697027, 410341760, 0, 0
698092, 419398515, 0, 0
699003, 443010992, 0, 0
700066, 453678105, 0, 0
701020, 475889397, 0, 0
702061, 459072020, 0, 0
703042, 423168274, 0, 0
704030, 406380142, 0, 0
705033, 422988405, 0, 0
706044, 430734200, 0, 0
707006, 405485584, 0, 0
708041, 390770069, 0, 0
709028, 453885554, 0, 0
710066, 469018287, 0, 0
711018, 426484025, 0, 0
712034, 426596010, 0, 0
713051, 416321655, 0, 0
714043, 417129590, 0, 0
715041, 406645099, 0, 0
716052, 443087050, 0, 0
717042, 420523693, 0, 0
718076, 449599267, 0, 0
719003, 436560845, 0, 0
720031, 412889461, 0, 0
721034, 404119487, 0, 0
722045, 410723158, 0, 0
723053, 437742108, 0, 0
724033, 378511981, 0, 0
725010, 406517209, 0, 0
726059, 403922785, 0, 0
727028, 428510055, 0, 0
728064, 398695691, 0, 0
729041, 433893906, 0, 0
730003, 350945403, 0, 0
731040, 424382882, 0, 0
732079, 442639885, 0, 0
733009, 443323704, 0, 0
734034, 403165426, 0, 0
735066, 397920500, 0, 0
736068, 371716374, 0, 0
737022, 438292117, 0, 0
738003, 412032412, 0, 0
739045, 394268960, 0, 0
740027, 409717605, 0, 0
741025, 424075481, 0, 0
742066, 431958030, 0, 0
743025, 454298162, 0, 0
744036, 414693904, 0, 0
745017, 432911352, 0, 0
746032, 393675462, 0, 0
747006, 417257645, 0, 0
748064, 456284183, 0, 0
749013, 435327041, 0, 0
750016, 412495027, 0, 0
751046, 390826321, 0, 0
752032, 421981142, 0, 0
753033, 399238254, 0, 0
754050, 438092086, 0, 0
755008, 423907765, 0, 0
756024, 434505262, 0, 0
757005, 379082499, 0, 0
758007, 428230720, 0, 0
759014, 430098514, 0, 0
760059, 458505584, 0, 0
761066, 417880578, 0, 0
762048, 418366720, 0, 0
763057, 389675524, 0, 0
764058, 425256894, 0, 0
765063, 427995899, 0, 0
766044, 441104018, 0, 0
767008, 406265110, 0, 0
768042, 421691170, 0, 0
769051, 375701684, 0, 0
770006, 429485129, 0, 0
771005, 399778032, 0, 0
772060, 433250703, 0, 0
773037, 387511956, 0, 0
774064, 390993485, 0, 0
775015, 410642597, 0, 0
776011, 421484584, 0, 0
777032, 380687700, 0, 0
778070, 378586404, 0, 0
779060, 405412238, 0, 0
780068, 421493116, 0, 0
781027, 400298479, 0, 0
782008, 400233021, 0, 0
783064, 443589806, 0, 0
784050, 435769668, 0, 0
785004, 444111120, 0, 0
786049, 411543585, 0, 0
787054, 409460002, 0, 0
788055, 424848639, 0, 0
789041, 407359808, 0, 0
790000, 384862721, 0, 0
791016, 402229687, 0, 0
792016, 412399475, 0, 0
793002, 439615982, 0, 0
794033, 422536557, 0, 0
795004, 404996386, 0, 0
796026, 397426717, 0, 0
797037, 429619560, 0, 0
798016, 377776484, 0, 0
799006, 413004246, 0, 0
800000, 384438771, 0, 0
801000, 389216078, 0, 0
802061, 461061702, 0, 0
803061, 408460945, 0, 0
804063, 397008969, 0, 0
805054, 436448578, 0, 0
806061, 420433591, 0, 0
807031, 422402778, 0, 0
808054, 424980701, 0, 0
809007, 397479206, 0, 0
810052, 403504914, 0, 0
811041, 408142540, 0, 0
812062, 383084226, 0, 0
813036, 440414181, 0, 0
814073, 410884675, 0, 0
815061, 394844970, 0, 0
816022, 453097921, 0, 0
817018, 406276349, 0, 0
818010, 400340814, 0, 0
819063, 420450849, 0, 0
820022, 430080432, 0, 0
821051, 427509199, 0, 0
822049, 386300903, 0, 0
823042, 386182658, 0, 0
824056, 406614200, 0, 0
825080, 419051008, 0, 0
826065, 409478795, 0, 0
827017, 498670947, 0, 0
828061, 368852938, 0, 0
829042, 403029572, 0, 0
830049, 411574839, 0, 0
831075, 433282215, 0, 0
832020, 461159931, 0, 0
833057, 403659965, 0, 0
834065, 413578636, 0, 0
835042, 447675598, 0, 0
836003, 421682903, 0, 0
837061, 368071905, 0, 0
838052, 385288017, 0, 0
839015, 423173714, 0, 0
840020, 421249461, 0, 0
841070, 394417678, 0, 0
842029, 424159871, 0, 0
843027, 386147161, 0, 0
844055, 437002025, 0, 0
845070, 421618285, 0, 0
846019, 423451849, 0, 0
847040, 445426997, 0, 0
848029, 417344972, 0, 0
849035, 416982003, 0, 0
850025, 423905515, 0, 0
851042, 434959226, 0, 0
852010, 422208453, 0, 0
853017, 374023134, 0, 0
854035, 382215060, 0, 0
855006, 415655534, 0, 0
856005, 391772813, 0, 0
857010, 405203175, 0, 0
858001, 423347240, 0, 0
859017, 415657339, 0, 0
860032, 397196111, 0, 0
861048, 387577024, 0, 0
862005, 385531120, 0, 0
863025, 412051044, 0, 0
864032, 442399582, 0, 0
865032, 409253946, 0, 0
866042, 421804306, 0, 0
867001, 396579731, 0, 0
868009, 380936417, 0, 0
869049, 397976654, 0, 0
870024, 409807681, 0, 0
871063, 405953625, 0, 0
872034, 420989960, 0, 0
873036, 400032746, 0, 0
874034, 418030649, 0, 0
875000, 406945515, 0, 0
876024, 454350623, 0, 0
877015, 430084143, 0, 0
878044, 399151169, 0, 0
879029, 392630505, 0, 0
880042, 442146309, 0, 0
881032, 447826462, 0, 0
882015, 418053004, 0, 0
883042, 404522468, 0, 0
884030, 398114281, 0, 0
885063, 429107596, 0, 0
886056, 388937833, 0, 0
887040, 404858398, 0, 0
888031, 428922117, 0, 0
889027, 431155255, 0, 0
890020, 413360175, 0, 0
891022, 410599235, 0, 0
892070, 385350323, 0, 0
893030, 460227617, 0, 0
894015, 423400539, 0, 0
895046, 416016049, 0, 0
896026, 432675061, 0, 0
897047, 436751400, 0, 0
898046, 398877727, 0, 0
899047, 424232745, 0, 0
900060, 450993694, 0, 0
901019, 449169471, 0, 0
902063, 417670637, 0, 0
903065, 397870877, 0, 0
904024, 406519579, 0, 0
905030, 395411282, 0, 0
906040, 418303804, 0, 0
907033, 405261989, 0, 0
908054, 416385193, 0, 0
909003, 407874627, 0, 0
910055, 386034867, 0, 0
911012, 426964302, 0, 0
912025, 415661252, 0, 0
913029, 383730857, 0, 0
914069, 418267199, 0, 0
915000, 419623645, 0, 0
916057, 430816654, 0, 0
917053, 421437570, 0, 0
918046, 394980633, 0, 0
919012, 451003822, 0, 0
920051, 369612144, 0, 0
921051, 418616556, 0, 0
922019, 416269858, 0, 0
923004, 408121217, 0, 0
924053, 463880568, 0, 0
925043, 423889391, 0, 0
926065, 377502297, 0, 0
927023, 440370620, 0, 0
928020, 412786263, 0, 0
929005, 403168618, 0, 0
930030, 418498055, 0, 0
931035, 420527315, 0, 0
932016, 420217890, 0, 0
933049, 446389834, 0, 0
934056, 420957568, 0, 0
935001, 425267866, 0, 0
936021, 402091762, 0, 0
937060, 392285405, 0, 0
938057, 425256839, 0, 0
939035, 396262906, 0, 0
940045, 420410712, 0, 0
941049, 393855807, 0, 0
942027, 400240454, 0, 0
943050, 425898265, 0, 0
944006, 389723119, 0, 0
945035, 415985248, 0, 0
946010, 415375699, 0, 0
947001, 385264556, 0, 0
948045, 422114347, 0, 0
949017, 378802995, 0, 0
950030, 411017600, 0, 0
951049, 391900959, 0, 0
952044, 411509724, 0, 0
953032, 417910868, 0, 0
954061, 456507785, 0, 0
955007, 425753780, 0, 0
956027, 483367384, 0, 0
957036, 393059085, 0, 0
958004, 424300944, 0, 0
959002, 404330002, 0, 0
960064, 432724097, 0, 0
961037, 414311742, 0, 0
962025, 387041147, 0, 0
963005, 392271759, 0, 0
964048, 405451299, 0, 0
965054, 416416212, 0, 0
966005, 371046447, 0, 0
967045, 463105018, 0, 0
968002, 381194058, 0, 0
969036, 374530461, 0, 0
970050, 396841202, 0, 0
971060, 399645929, 0, 0
972020, 357393038, 0, 0
973000, 380369396, 0, 0
974034, 363733587, 0, 0
975007, 441409296, 0, 0
976057, 379480270, 0, 0
977026, 379605391, 0, 0
978054, 374277369, 0, 0
979022, 405641611, 0, 0
980017, 395137770, 0, 0
981057, 382831396, 0, 0
982028, 386125806, 0, 0
983023, 400033387, 0, 0
984022, 422726847, 0, 0
985050, 410532383, 0, 0
986013, 413734646, 0, 0
987018, 423044237, 0, 0
988063, 405708638, 0, 0
989017, 435197168, 0, 0
990008, 422142115, 0, 0
991031, 391712855, 0, 0
992068, 393257452, 0, 0
993037, 400562191, 0, 0
994016, 385581254, 0, 0
995005, 397240054, 0, 0
996021, 390866308, 0, 0
997025, 414185399, 0, 0
998010, 411331967, 0, 0
999003, 452656102, 0, 0
1000043, 386631425, 0, 0
1001071, 415196480, 0, 0
1002059, 423725704, 0, 0
1003054, 391349469, 0, 0
1004038, 422261530, 0, 0
1005015, 395078003, 0, 0
1006025, 408947280, 0, 0
1007003, 469536762, 0, 0
1008059, 409115577, 0, 0
1009039, 403554058, 0, 0
1010008, 375037052, 0, 0
1011052, 445933548, 0, 0
1012035, 438346941, 0, 0
1013026, 417862618, 0, 0
1014011, 381279729, 0, 0
1015033, 428474353, 0, 0
1016039, 406004892, 0, 0
1017081, 374199003, 0, 0
1018050, 425846979, 0, 0
1019019, 401030423, 0, 0
1020059, 398271926, 0, 0
1021051, 386926495, 0, 0
1022038, 469070683, 0, 0
1023027, 399845182, 0, 0
1024039, 393486564, 0, 0
1025045, 394800539, 0, 0
1026021, 403157465, 0, 0
1027040, 371588150, 0, 0
1028041, 399774032, 0, 0
1029039, 396221339, 0, 0
1030055, 458221645, 0, 0
1031017, 414115796, 0, 0
1032004, 412970106, 0, 0
1033041, 372029262, 0, 0
1034032, 380394501, 0, 0
1035061, 431531425, 0, 0
1036052, 401022765, 0, 0
1037006, 415721133, 0, 0
1038028, 403585082, 0, 0
1039064, 410110869, 0, 0
1040085, 400070767, 0, 0
1041033, 398209338, 0, 0
1042054, 414400402, 0, 0
1043058, 410053718, 0, 0
1044028, 421895061, 0, 0
1045057, 413282426, 0, 0
1046061, 411236221, 0, 0
1047000, 363007790, 0, 0
1048068, 452234554, 0, 0
1049030, 448591560, 0, 0
1050042, 474814357, 0, 0
1051033, 431941827, 0, 0
1052040, 418749292, 0, 0
1053042, 438867496, 0, 0
1054003, 399509663, 0, 0
1055061, 450310677, 0, 0
1056029, 426064698, 0, 0
1057010, 397747393, 0, 0
1058057, 394924839, 0, 0
1059030, 404093353, 0, 0
1060007, 396193361, 0, 0
1061000, 409935780, 0, 0
1062008, 420265974, 0, 0
1063016, 423437180, 0, 0
1064046, 440623670, 0, 0
1065038, 396651487, 0, 0
1066046, 429423931, 0, 0
1067026, 382255011, 0, 0
1068023, 385400227, 0, 0
1069056, 440222692, 0, 0
1070005, 394954971, 0, 0
1071014, 430375418, 0, 0
1072021, 431144956, 0, 0
1073017, 412540962, 0, 0
1074035, 444413809, 0, 0
1075056, 383162239, 0, 0
1076049, 408057579, 0, 0
1077069, 410538475, 0, 0
1078043, 387309355, 0, 0
1079019, 411325072, 0, 0
1080002, 404640520, 0, 0
1081007, 443246790, 0, 0
1082026, 430728172, 0, 0
1083036, 381289313, 0, 0
1084030, 425923646, 0, 0
1085020, 419597213, 0, 0
1086026, 383824630, 0, 0
1087044, 403532747, 0, 0
1088073, 389121882, 0, 0
1089008, 397266514, 0, 0
1090008, 416390580, 0, 0
1091016, 443371632, 0, 0
1092055, 404148871, 0, 0
1093073, 432952680, 0, 0
1094044, 393031921, 0, 0
1095039, 425196153, 0, 0
1096026, 396624684, 0, 0
1097054, 389223195, 0, 0
1098062, 376334830, 0, 0
1099067, 413577110, 0, 0
1100015, 391645317, 0, 0
1101049, 455660095, 0, 0
1102039, 458950551, 0, 0
1103036, 408851613, 0, 0
1104019, 426770043, 0, 0
1105014, 376472917, 0, 0
1106062, 388965136, 0, 0
1107031, 413190283, 0, 0
1108026, 419337077, 0, 0
1109050, 383191903, 0, 0
1110050, 411864190, 0, 0
1111013, 386923428, 0, 0
1112070, 404231438, 0, 0
1113053, 460988345, 0, 0
1114045, 428746209, 0, 0
1115045, 439111688, 0, 0
1116019, 401477352, 0, 0
1117023, 398325400, 0, 0
1118018, 404175917, 0, 0
1119105, 375051672, 0, 0
1120057, 433030239, 0, 0
1121018, 394675239, 0, 0
1122027, 398396854, 0, 0
1123004, 430617028, 0, 0
1124031, 364205371, 0, 0
1125018, 433347948, 0, 0
1126054, 393149398, 0, 0
1127060, 419651279, 0, 0
1128062, 416084736, 0, 0
1129006, 423333109, 0, 0
1130060, 392717740, 0, 0
1131060, 418029935, 0, 0
1132032, 414374877, 0, 0
1133047, 418191835, 0, 0
1134054, 385760928, 0, 0
1135060, 425660581, 0, 0
1136062, 396654528, 0, 0
1137015, 442302983, 0, 0
1138016, 409452296, 0, 0
1139021, 435231746, 0, 0
1140053, 438930587, 0, 0
1141027, 381843649, 0, 0
1142027, 421065236, 0, 0
1143045, 442545209, 0, 0
1144023, 428548662, 0, 0
1145014, 434829344, 0, 0
1146006, 415832361, 0, 0
1147035, 425877523, 0, 0
1148049, 463305864, 0, 0
1149036, 375711894, 0, 0
1150070, 428484403, 0, 0
1151040, 429557512, 0, 0
1152017, 394184910, 0, 0
1153020, 391998250, 0, 0
1154039, 429645468, 0, 0
1155056, 419176485, 0, 0
1156028, 399239518, 0, 0
1157032, 420583113, 0, 0
1158016, 398163035, 0, 0
1159044, 395748832, 0, 0
1160053, 443658505, 0, 0
1161063, 431505119, 0, 0
1162018, 375675311, 0, 0
1163001, 379099358, 0, 0
1164038, 440454529, 0, 0
1165036, 388641067, 0, 0
1166020, 402734996, 0, 0
1167042, 438549655, 0, 0
1168028, 429629477, 0, 0
1169059, 405670937, 0, 0
1170040, 443932710, 0, 0
1171036, 405918546, 0, 0
1172060, 415107089, 0, 0
1173053, 398343118, 0, 0
1174016, 389274987, 0, 0
1175077, 398272036, 0, 0
1176048, 432771539, 0, 0
1177062, 463329804, 0, 0
1178043, 463092080, 0, 0
1179037, 386148701, 0, 0
1180036, 410850767, 0, 0
1181007, 470528858, 0, 0
1182037, 403032051, 0, 0
1183008, 440126858, 0, 0
1184018, 444954942, 0, 0
1185004, 475284715, 0, 0
1186010, 406613245, 0, 0
1187002, 428422476, 0, 0
1188009, 418690058, 0, 0
1189015, 427804540, 0, 0
1190034, 396575246, 0, 0
1191046, 408438642, 0, 0
1192074, 353606116, 0, 0
1193046, 385071624, 0, 0
1194003, 411133769, 0, 0
1195017, 422374068, 0, 0
1196030, 420974565, 0, 0
1197026, 451711767, 0, 0
1198062, 404980511, 0, 0
1199035, 374871329, 0, 0
1200002, 391354109, 0, 0
1201053, 413332052, 0, 0
1202009, 408567362, 0, 0
1203054, 389839564, 0, 0
1204063, 378285151, 0, 0
1205038, 369418789, 0, 0
1206061, 393195380, 0, 0
1207052, 430090913, 0, 0
1208052, 435634642, 0, 0
1209041, 383323081, 0, 0
1210015, 402800517, 0, 0
1211065, 422348677, 0, 0
1212044, 403363000, 0, 0
1213044, 426799938, 0, 0
1214051, 395703857, 0, 0
1215000, 441444118, 0, 0
1216004, 399800583, 0, 0
1217025, 483064759, 0, 0
1218028, 396440696, 0, 0
1219016, 404277283, 0, 0
1220040, 377808097, 0, 0
1221012, 380792166, 0, 0
1222013, 429297747, 0, 0
1223058, 435878689, 0, 0
1224046, 411540936, 0, 0
1225011, 407570705, 0, 0
1226086, 509650653, 0, 0
1227105, 498791197, 0, 0
1228053, 413576282, 0, 0
1229009, 381858133, 0, 0
1230040, 435309326, 0, 0
1231019, 419971429, 0, 0
1232026, 391578489, 0, 0
1233046, 394773565, 0, 0
1234052, 385323681, 0, 0
1235028, 424947134, 0, 0
1236004, 440108075, 0, 0
1237035, 363380733, 0, 0
1238033, 378733767, 0, 0
1239039, 425444888, 0, 0
1240069, 412310159, 0, 0
1241041, 416180918, 0, 0
1242002, 389346348, 0, 0
1243044, 420679320, 0, 0
1244004, 468540577, 0, 0
1245052, 451005696, 0, 0
1246018, 419316628, 0, 0
1247002, 465552129, 0, 0
1248005, 411528795, 0, 0
1249070, 393106942, 0, 0
1250016, 438257799, 0, 0
1251001, 410202189, 0, 0
1252029, 360696945, 0, 0
1253057, 378895747, 0, 0
1254008, 440756361, 0, 0
1255039, 415073196, 0, 0
1256057, 398954093, 0, 0
1257020, 361692464, 0, 0
1258034, 429228443, 0, 0
1259064, 417839115, 0, 0
1260007, 428802541, 0, 0
1261025, 395750652, 0, 0
1262043, 410674189, 0, 0
1263022, 410527586, 0, 0
1264015, 376318404, 0, 0
1265006, 422441628, 0, 0
1266061, 414400273, 0, 0
1267013, 422701095, 0, 0
1268041, 402089094, 0, 0
1269010, 384102721, 0, 0
1270018, 447371488, 0, 0
1271000, 443483659, 0, 0
1272047, 404083121, 0, 0
1273018, 362799721, 0, 0
1274011, 436494530, 0, 0
1275048, 396661153, 0, 0
1276051, 399459567, 0, 0
1277009, 412058549, 0, 0
1278000, 431866002, 0, 0
1279055, 391294735, 0, 0
1280039, 435572230, 0, 0
1281013, 414838055, 0, 0
1282039, 411855180, 0, 0
1283045, 391366022, 0, 0
1284043, 429801174, 0, 0
1285047, 388988133, 0, 0
1286049, 390077127, 0, 0
1287019, 401507887, 0, 0
1288020, 381506348, 0, 0
1289065, 440373560, 0, 0
1290040, 427288674, 0, 0
1291042, 419350038, 0, 0
1292040, 398914597, 0, 0
1293037, 397363911, 0, 0
1294047, 414786860, 0, 0
1295011, 426010784, 0, 0
1296007, 431853119, 0, 0
1297027, 427254371, 0, 0
1298048, 398774184, 0, 0
1299081, 406933743, 0, 0
1300056, 411946169, 0, 0
1301018, 426499719, 0, 0
1302021, 425720068, 0, 0
1303049, 467933724, 0, 0
1304020, 403684286, 0, 0
1305002, 440354654, 0, 0
1306086, 419973033, 0, 0
1307045, 436756389, 0, 0
1308068, 418762228, 0, 0
1309065, 412440322, 0, 0
1310067, 375258317, 0, 0
1311050, 438490153, 0, 0
1312010, 418734969, 0, 0
1313035, 382683304, 0, 0
1314006, 401878254, 0, 0
1315063, 406073960, 0, 0
1316032, 404346785, 0, 0
1317039, 414499214, 0, 0
1318061, 374280680, 0, 0
1319059, 409742277, 0, 0
1320029, 405928929, 0, 0
1321021, 424788169, 0, 0
1322079, 419789231, 0, 0
1323040, 427290540, 0, 0
1324011, 410308150, 0, 0
1325007, 437756596, 0, 0
1326052, 452634295, 0, 0
1327025, 422626253, 0, 0
1328027, 423361237, 0, 0
1329030, 393448454, 0, 0
1330010, 407247747, 0, 0
1331054, 426458338, 0, 0
1332063, 399374631, 0, 0
1333058, 421302987, 0, 0
1334021, 390570079, 0, 0
1335025, 399188641, 0, 0
1336047, 402151523, 0, 0
1337063, 402738989, 0, 0
1338010, 463300765, 0, 0
1339055, 417063746, 0, 0
1340038, 388138555, 0, 0
1341029, 439386612, 0, 0
1342016, 436897210, 0, 0
1343010, 399978737, 0, 0
1344069, 419306413, 0, 0
1345027, 391065477, 0, 0
1346044, 408594455, 0, 0
1347000, 432049206, 0, 0
1348050, 386567931, 0, 0
1349051, 418850420, 0, 0
1350019, 412114202, 0, 0
1351065, 388372548, 0, 0
1352057, 412207885, 0, 0
1353020, 411424141, 0, 0
1354068, 387337284, 0, 0
1355076, 430536202, 0, 0
1356006, 419246949, 0, 0
1357053, 396457351, 0, 0
1358034, 395037840, 0, 0
1359063, 396138329, 0, 0
1360025, 401010120, 0, 0
1361030, 385480035, 0, 0
1362033, 424789759, 0, 0
1363046, 406565813, 0, 0
1364044, 450885266, 0, 0
1365055, 401195396, 0, 0
1366056, 428103033, 0, 0
1367086, 438065068, 0, 0
1368020, 464533719, 0, 0
1369065, 406826560, 0, 0
1370010, 415828516, 0, 0
1371057, 389385845, 0, 0
1372060, 383942244, 0, 0
1373016, 414727488, 0, 0
1374076, 398270328, 0, 0
1375062, 400857046, 0, 0
1376071, 401923523, 0, 0
1377056, 398904072, 0, 0
1378007, 408153637, 0, 0
1379030, 431419835, 0, 0
1380010, 401930071, 0, 0
1381041, 409598278, 0, 0
1382059, 421948805, 0, 0
1383057, 426558270, 0, 0
1384040, 426614099, 0, 0
1385054, 374532604, 0, 0
1386042, 433197785, 0, 0
1387003, 433817875, 0, 0
1388041, 439426756, 0, 0
1389000, 408885539, 0, 0
1390059, 426337119, 0, 0
1391036, 398778087, 0, 0
1392041, 417436412, 0, 0
1393019, 404194399, 0, 0
1394050, 380273407, 0, 0
1395029, 402654001, 0, 0
1396019, 386578536, 0, 0
1397025, 382024327, 0, 0
1398018, 461923709, 0, 0
1399002, 417635221, 0, 0
1400022, 398887100, 0, 0
1401014, 390730085, 0, 0
1402006, 412439038, 0, 0
1403026, 363617907, 0, 0
1404053, 395092879, 0, 0
1405030, 378948726, 0, 0
1406040, 435959968, 0, 0
1407039, 427668089, 0, 0
1408054, 431162996, 0, 0
1409010, 432414239, 0, 0
1410057, 423673875, 0, 0
1411061, 401030552, 0, 0
1412021, 405823317, 0, 0
1413037, 411615832, 0, 0
1414026, 400108488, 0, 0
1415031, 423385285, 0, 0
1416058, 411153278, 0, 0
1417055, 414154270, 0, 0
1418036, 374174519, 0, 0
1419021, 412403050, 0, 0
1420023, 409355875, 0, 0
1421063, 406262792, 0, 0
1422003, 404611709, 0, 0
1423031, 409034074, 0, 0
1424062, 395362799, 0, 0
1425014, 419516306, 0, 0
1426010, 422026932, 0, 0
1427034, 397935028, 0, 0
1428017, 398151637, 0, 0
1429054, 402326378, 0, 0
1430031, 390873043, 0, 0
1431046, 424397112, 0, 0
1432063, 399096507, 0, 0
1433005, 391059730, 0, 0
1434004, 384866573, 0, 0
1435003, 366456786, 0, 0
1436048, 422660739, 0, 0
1437014, 443941470, 0, 0
1438002, 419575816, 0, 0
1439008, 425867890, 0, 0
1440037, 410677014, 0, 0
1441056, 419716015, 0, 0
1442046, 432564596, 0, 0
1443007, 384986082, 0, 0
1444030, 363435451, 0, 0
1445021, 407977829, 0, 0
1446018, 423906911, 0, 0
1447065, 430058612, 0, 0
1448005, 424219068, 0, 0
1449017, 397146454, 0, 0
1450003, 396433823, 0, 0
1451030, 427033897, 0, 0
1452037, 432725765, 0, 0
1453013, 454976840, 0, 0
1454050, 438816350, 0, 0
1455015, 410297917, 0, 0
1456018, 403065354, 0, 0
1457035, 419376134, 0, 0
1458040, 398166765, 0, 0
1459005, 441193881, 0, 0
1460022, 389571550, 0, 0
1461028, 391115605, 0, 0
1462030, 382526246, 0, 0
1463027, 422516246, 0, 0
1464007, 373305284, 0, 0
1465049, 423931409, 0, 0
1466023, 388274243, 0, 0
1467050, 408398107, 0, 0
1468063, 393956811, 0, 0
1469047, 389532467, 0, 0
1470005, 439414924, 0, 0
1471001, 379042032, 0, 0
1472051, 399453943, 0, 0
1473037, 402206507, 0, 0
1474026, 384847444, 0, 0
1475062, 416000038, 0, 0
1476053, 451810077, 0, 0
1477057, 400416532, 0, 0
1478048, 429187061, 0, 0
1479050, 383582286, 0, 0
1480023, 395665774, 0, 0
1481069, 386564968, 0, 0
1482003, 411302873, 0, 0
1483039, 436359031, 0, 0
1484056, 384644920, 0, 0
1485049, 401748130, 0, 0
1486017, 420813715, 0, 0
1487009, 420031547, 0, 0
1488004, 434488063, 0, 0
1489027, 394435090, 0, 0
1490059, 388877103, 0, 0
1491062, 433823405, 0, 0
1492053, 442954253, 0, 0
1493076, 447709299, 0, 0
1494061, 444700530, 0, 0
1495006, 451013366, 0, 0
1496051, 439699624, 0, 0
1497033, 397499136, 0, 0
1498016, 421057401, 0, 0
1499066, 404376529, 0, 0
1500072, 391466838, 0, 0
1501015, 428256575, 0, 0
1502013, 418917178, 0, 0
1503035, 420655161, 0, 0
1504019, 425880916, 0, 0
1505077, 432864119, 0, 0
1506029, 467669674, 0, 0
1507050, 414680930, 0, 0
1508028, 394192212, 0, 0
1509061, 390044303, 0, 0
1510017, 370658829, 0, 0
1511007, 384221804, 0, 0
1512049, 390725148, 0, 0
1513045, 412792844, 0, 0
1514055, 411733488, 0, 0
1515015, 408494512, 0, 0
1516027, 429375500, 0, 0
1517065, 398825662, 0, 0
1518021, 410989865, 0, 0
1519028, 440113015, 0, 0
1520023, 434362215, 0, 0
1521046, 400946841, 0, 0
1522000, 363227892, 0, 0
1523048, 386985207, 0, 0
1524044, 415133683, 0, 0
1525028, 407725832, 0, 0
1526061, 419663182, 0, 0
1527030, 387382078, 0, 0
1528009, 372423501, 0, 0
1529002, 435526366, 0, 0
1530029, 424458346, 0, 0
1531028, 432609038, 0, 0
1532069, 434208904, 0, 0
1533047, 404733099, 0, 0
1534040, 415752388, 0, 0
1535064, 428884184, 0, 0
1536021, 422943760, 0, 0
1537049, 406131559, 0, 0
1538009, 429799256, 0, 0
1539047, 417701904, 0, 0
1540052, 370793392, 0, 0
1541003, 406988877, 0, 0
1542014, 391869489, 0, 0
1543047, 457894767, 0, 0
1544006, 414342653, 0, 0
1545046, 431102761, 0, 0
1546049, 395374592, 0, 0
1547053, 412719919, 0, 0
1548035, 382427237, 0, 0
1549019, 415313037, 0, 0
1550041, 407484427, 0, 0
1551004, 413882519, 0, 0
1552019, 419013094, 0, 0
1553012, 398936460, 0, 0
1554059, 421060353, 0, 0
1555029, 401860639, 0, 0
1556024, 382982381, 0, 0
1557011, 418066391, 0, 0
1558057, 423228635, 0, 0
1559066, 413192926, 0, 0
1560062, 425363490, 0, 0
1561038, 401406810, 0, 0
1562041, 422326785, 0, 0
1563042, 423732445, 0, 0
1564070, 421720767, 0, 0
1565024, 449769714, 0, 0
1566018, 387237768, 0, 0
1567057, 441979950, 0, 0
1568035, 434900843, 0, 0
1569013, 405094730, 0, 0
1570014, 419817581, 0, 0
1571019, 426161763, 0, 0
1572053, 436641858, 0, 0
1573027, 418348244, 0, 0
1574062, 444847766, 0, 0
1575046, 427892924, 0, 0
1576003, 373889908, 0, 0
1577050, 444134783, 0, 0
1578055, 409672804, 0, 0
1579040, 464959541, 0, 0
1580065, 410400206, 0, 0
1581019, 389223995, 0, 0
1582036, 407381928, 0, 0
1583056, 436702428, 0, 0
1584013, 407129115, 0, 0
1585066, 413742843, 0, 0
1586061, 439454587, 0, 0
1587040, 415764906, 0, 0
1588067, 382215155, 0, 0
1589063, 395514692, 0, 0
1590053, 415219576, 0, 0
1591061, 427132089, 0, 0
1592069, 443898621, 0, 0
1593057, 401285957, 0, 0
1594057, 417723416, 0, 0
1595026, 417247273, 0, 0
1596027, 393669375, 0, 0
1597035, 396226033, 0, 0
1598001, 442315694, 0, 0
1599054, 417671951, 0, 0
1600018, 408086548, 0, 0
1601038, 448593704, 0, 0
1602029, 425619202, 0, 0
1603065, 424807735, 0, 0
1604036, 398444010, 0, 0
1605023, 405779791, 0, 0
1606027, 389560134, 0, 0
1607068, 431189348, 0, 0
1608001, 415291383, 0, 0
1609014, 416401274, 0, 0
1610051, 362943581, 0, 0
1611004, 426543473, 0, 0
1612054, 406859891, 0, 0
1613023, 408196810, 0, 0
1614047, 404259033, 0, 0
1615025, 376936843, 0, 0
1616039, 402166345, 0, 0
1617003, 433612237, 0, 0
1618020, 395009847, 0, 0
1619011, 405376376, 0, 0
1620023, 408380922, 0, 0
1621069, 405645793, 0, 0
1622043, 386643334, 0, 0
1623043, 427741707, 0, 0
1624000, 443707794, 0, 0
1625044, 391954427, 0, 0
1626042, 410141037, 0, 0
1627038, 403158786, 0, 0
1628050, 385295811, 0, 0
1629028, 421570269, 0, 0
1630016, 412000905, 0, 0
1631015, 403831082, 0, 0
1632032, 382814089, 0, 0
1633023, 394577195, 0, 0
1634020, 454816889, 0, 0
1635033, 444521312, 0, 0
1636059, 439398812, 0, 0
1637059, 416483868, 0, 0
1638052, 362250307, 0, 0
1639010, 418875576, 0, 0
1640055, 419418127, 0, 0
1641035, 446963610, 0, 0
1642070, 421572385, 0, 0
1643044, 370316764, 0, 0
1644005, 409090492, 0, 0
1645105, 418589284, 0, 0
1646010, 432030519, 0, 0
1647005, 393141180, 0, 0
1648005, 415106640, 0, 0
1649063, 406256421, 0, 0
1650019, 424428321, 0, 0
1651001, 434246908, 0, 0
1652054, 407470704, 0, 0
1653020, 418579993, 0, 0
1654037, 413395148, 0, 0
1655035, 416350807, 0, 0
1656027, 399639255, 0, 0
1657063, 357216945, 0, 0
1658068, 382951989, 0, 0
1659053, 421063243, 0, 0
1660064, 391586032, 0, 0
1661043, 418502552, 0, 0
1662022, 406020324, 0, 0
1663061, 397124734, 0, 0
1664012, 471511223, 0, 0
1665059, 415365517, 0, 0
1666003, 422749436, 0, 0
1667069, 418507287, 0, 0
1668011, 377449539, 0, 0
1669011, 392021105, 0, 0
1670000, 424841401, 0, 0
1671052, 407153729, 0, 0
1672000, 423104739, 0, 0
1673000, 446186715, 0, 0
1674006, 432802818, 0, 0
1675000, 429122187, 0, 0
1676016, 407929542, 0, 0
1677031, 438414690, 0, 0
1678032, 425680467, 0, 0
1679040, 358853999, 0, 0
1680062, 407134264, 0, 0
1681031, 413110017, 0, 0
1682000, 465976098, 0, 0
1683033, 432742419, 0, 0
1684015, 380875347, 0, 0
1685043, 390105696, 0, 0
1686064, 420492555, 0, 0
1687058, 420571033, 0, 0
1688008, 424548968, 0, 0
1689017, 426540910, 0, 0
1690011, 398220837, 0, 0
1691054, 413806104, 0, 0
1692044, 400633581, 0, 0
1693032, 409983819, 0, 0
1694050, 425946637, 0, 0
1695069, 417296523, 0, 0
1696019, 402715497, 0, 0
1697007, 427566680, 0, 0
1698031, 424018649, 0, 0
1699059, 434455204, 0, 0
1700055, 421021453, 0, 0
1701017, 378436349, 0, 0
1702066, 418924192, 0, 0
1703003, 415418376, 0, 0
1704027, 447777661, 0, 0
1705055, 406295051, 0, 0
1706012, 443085787, 0, 0
1707000, 385825983, 0, 0
1708049, 477024448, 0, 0
1709072, 431993529, 0, 0
1710067, 386668033, 0, 0
1711035, 431601500, 0, 0
1712043, 401235102, 0, 0
1713067, 429668330, 0, 0
1714058, 416665254, 0, 0
1715014, 402273406, 0, 0
1716007, 404118603, 0, 0
1717032, 415147540, 0, 0
1718057, 514757354, 0, 0
1719044, 417388463, 0, 0
1720063, 424518491, 0, 0
1721033, 420286277, 0, 0
1722005, 406241761, 0, 0
1723073, 386051440, 0, 0
1724059, 422645123, 0, 0
1725049, 414634406, 0, 0
1726038, 400752464, 0, 0
1727002, 405744245, 0, 0
1728053, 443578140, 0, 0
1729018, 367493917, 0, 0
1730055, 438596978, 0, 0
1731041, 432458665, 0, 0
1732055, 403132191, 0, 0
1733084, 406501875, 0, 0
1734049, 432032517, 0, 0
1735039, 408202649, 0, 0
1736054, 424064129, 0, 0
1737029, 398190866, 0, 0
1738057, 448167022, 0, 0
1739026, 394064784, 0, 0
1740035, 398298679, 0, 0
1741019, 389338881, 0, 0
1742010, 427745429, 0, 0
1743007, 431191179, 0, 0
1744010, 403514918, 0, 0
1745006, 425080624, 0, 0
1746007, 408376019, 0, 0
1747007, 423673333, 0, 0
1748019, 411872374, 0, 0
1749058, 424035585, 0, 0
1750041, 435274251, 0, 0
1751051, 412391759, 0, 0
1752040, 419158845, 0, 0
1753042, 416477237, 0, 0
1754040, 384203645, 0, 0
1755077, 405943185, 0, 0
1756047, 431752936, 0, 0
1757043, 419518365, 0, 0
1758047, 361511081, 0, 0
1759054, 366000199, 0, 0
1760034, 408222961, 0, 0
1761081, 406078192, 0, 0
1762062, 393700695, 0, 0
1763060, 413104312, 0, 0
1764037, 451027847, 0, 0
1765000, 417974998, 0, 0
1766000, 392149958, 0, 0
1767045, 419361732, 0, 0
1768010, 392461630, 0, 0
1769003, 379599086, 0, 0
1770009, 426103115, 0, 0
1771052, 455728958, 0, 0
1772086, 427366958, 0, 0
1773019, 368565976, 0, 0
1774066, 382329216, 0, 0
1775002, 432362271, 0, 0
1776047, 390487968, 0, 0
1777061, 396043912, 0, 0
1778058, 447117944, 0, 0
1779059, 366191007, 0, 0
1780061, 374201626, 0, 0
1781069, 427849697, 0, 0
1782002, 421551723, 0, 0
1783033, 396519610, 0, 0
1784060, 397994607, 0, 0
1785053, 393123538, 0, 0
1786055, 429420571, 0, 0
1787008, 379285142, 0, 0
1788044, 389866178, 0, 0
1789027, 397397241, 0, 0
1790031, 370953147, 0, 0
1791025, 406209576, 0, 0
1792011, 421596819, 0, 0
1793042, 413601973, 0, 0
1794005, 382728582, 0, 0
1795007, 411761549, 0, 0
1796035, 397870759, 0, 0
1797055, 488176610, 0, 0
1798000, 378443971, 0, 0
1799065, 403139834, 0, 0
1800083, 410691852, 0, 0
1800225, 435180031, 0, 0
