999, 256, 0, 0
2000, 448, 0, 0
3000, 480, 0, 0
3999, 484, 0, 0
4999, 448, 0, 0
5999, 448, 0, 0
6999, 480, 0, 0
8000, 420, 0, 0
8999, 448, 0, 0
9999, 480, 0, 0
11000, 400, 0, 0
11999, 452, 0, 0
12999, 544, 0, 0
14000, 416, 0, 0
14999, 448, 0, 0
15999, 452, 0, 0
17000, 480, 0, 0
18000, 436, 0, 0
18999, 448, 0, 0
19999, 416, 0, 0
21000, 488, 0, 0
21999, 424, 0, 0
22999, 452, 0, 0
24000, 448, 0, 0
25000, 420, 0, 0
25999, 480, 0, 0
26999, 452, 0, 0
28000, 452, 0, 0
28999, 480, 0, 0
29999, 528, 0, 0
31000, 456, 0, 0
31999, 460, 0, 0
32999, 448, 0, 0
34000, 452, 0, 0
34999, 448, 0, 0
35999, 424, 0, 0
37000, 448, 0, 0
37999, 420, 0, 0
38999, 452, 0, 0
39999, 452, 0, 0
41000, 484, 0, 0
41999, 416, 0, 0
42999, 456, 0, 0
44000, 420, 0, 0
44999, 424, 0, 0
45999, 488, 0, 0
47000, 456, 0, 0
48000, 456, 0, 0
48999, 480, 0, 0
50000, 460, 0, 0
50999, 464, 0, 0
51999, 448, 0, 0
53000, 456, 0, 0
53999, 468, 0, 0
54999, 456, 0, 0
56000, 456, 0, 0
56999, 460, 0, 0
57999, 464, 0, 0
59000, 448, 0, 0
59999, 452, 0, 0
60999, 424, 0, 0
62000, 460, 0, 0
62999, 484, 0, 0
63999, 452, 0, 0
65000, 460, 0, 0
66000, 460, 0, 0
66999, 488, 0, 0
67999, 464, 0, 0
69000, 468, 0, 0
69999, 456, 0, 0
70999, 436, 0, 0
72000, 464, 0, 0
73000, 528, 0, 0
73999, 500, 0, 0
74999, 460, 0, 0
76000, 464, 0, 0
76999, 420, 0, 0
77999, 492, 0, 0
78999, 460, 0, 0
80000, 492, 0, 0
80999, 424, 0, 0
81999, 432, 0, 0
82999, 432, 0, 0
84000, 468, 0, 0
84999, 492, 0, 0
85999, 500, 0, 0
86999, 436, 0, 0
88000, 452, 0, 0
89000, 460, 0, 0
89999, 476, 0, 0
91000, 428, 0, 0
92000, 476, 0, 0
92999, 464, 0, 0
93999, 468, 0, 0
95000, 488, 0, 0
95999, 444, 0, 0
96999, 440, 0, 0
98000, 460, 0, 0
99000, 452, 0, 0
99999, 456, 0, 0
100999, 512, 0, 0
102000, 456, 0, 0
103000, 428, 0, 0
103999, 452, 0, 0
104999, 480, 0, 0
106000, 460, 0, 0
106999, 488, 0, 0
107999, 472, 0, 0
109000, 464, 0, 0
109999, 468, 0, 0
110999, 512, 0, 0
112000, 468, 0, 0
112999, 464, 0, 0
113999, 432, 0, 0
115000, 460, 0, 0
115999, 508, 0, 0
116999, 408, 0, 0
118000, 504, 0, 0
118999, 460, 0, 0
119999, 448, 0, 0
121000, 484, 0, 0
122000, 476, 0, 0
122999, 460, 0, 0
124000, 460, 0, 0
125000, 484, 0, 0
125999, 452, 0, 0
126999, 460, 0, 0
128000, 460, 0, 0
129000, 496, 0, 0
129999, 456, 0, 0
130999, 472, 0, 0
132000, 464, 0, 0
132999, 480, 0, 0
134000, 460, 0, 0
135000, 468, 0, 0
135999, 464, 0, 0
136999, 468, 0, 0
138000, 488, 0, 0
139000, 460, 0, 0
139999, 484, 0, 0
141000, 516, 0, 0
142000, 460, 0, 0
142999, 468, 0, 0
143999, 504, 0, 0
145000, 428, 0, 0
145999, 468, 0, 0
146999, 496, 0, 0
148000, 476, 0, 0
148999, 472, 0, 0
149999, 464, 0, 0
151000, 468, 0, 0
151999, 504, 0, 0
152999, 468, 0, 0
154000, 468, 0, 0
155000, 488, 0, 0
155999, 532, 0, 0
156999, 480, 0, 0
158000, 456, 0, 0
158999, 516, 0, 0
159999, 436, 0, 0
161000, 496, 0, 0
161999, 456, 0, 0
163000, 480, 0, 0
164000, 520, 0, 0
164999, 472, 0, 0
166000, 440, 0, 0
166999, 516, 0, 0
167999, 456, 0, 0
169000, 468, 0, 0
170000, 512, 0, 0
170999, 476, 0, 0
171999, 492, 0, 0
173000, 516, 0, 0
174000, 460, 0, 0
174999, 508, 0, 0
176000, 456, 0, 0
177000, 484, 0, 0
177999, 440, 0, 0
179000, 476, 0, 0
180000, 480, 0, 0
180999, 488, 0, 0
181999, 488, 0, 0
183000, 492, 0, 0
184000, 484, 0, 0
184999, 432, 0, 0
186000, 476, 0, 0
187000, 480, 0, 0
187999, 540, 0, 0
189000, 488, 0, 0
190000, 476, 0, 0
190999, 484, 0, 0
191999, 512, 0, 0
193000, 488, 0, 0
193999, 472, 0, 0
194999, 476, 0, 0
196000, 512, 0, 0
196999, 500, 0, 0
197999, 500, 0, 0
199000, 496, 0, 0
199999, 488, 0, 0
200999, 532, 0, 0
202000, 488, 0, 0
202999, 464, 0, 0
203999, 524, 0, 0
205000, 472, 0, 0
205999, 496, 0, 0
206999, 464, 0, 0
208000, 524, 0, 0
209000, 456, 0, 0
209999, 480, 0, 0
210999, 468, 0, 0
212000, 488, 0, 0
212999, 468, 0, 0
213999, 488, 0, 0
215000, 488, 0, 0
216000, 516, 0, 0
216999, 468, 0, 0
218000, 496, 0, 0
219000, 480, 0, 0
219999, 464, 0, 0
220999, 456, 0, 0
222000, 512, 0, 0
222999, 484, 0, 0
223999, 452, 0, 0
225000, 500, 0, 0
225999, 504, 0, 0
226999, 544, 0, 0
228000, 520, 0, 0
228999, 472, 0, 0
229999, 488, 0, 0
231000, 476, 0, 0
232000, 500, 0, 0
232999, 508, 0, 0
233999, 472, 0, 0
235000, 536, 0, 0
235999, 492, 0, 0
236999, 456, 0, 0
238000, 508, 0, 0
238999, 480, 0, 0
239999, 540, 0, 0
241000, 496, 0, 0
241999, 448, 0, 0
242999, 488, 0, 0
244000, 488, 0, 0
244999, 504, 0, 0
245999, 476, 0, 0
247000, 496, 0, 0
248000, 488, 0, 0
248999, 488, 0, 0
250000, 492, 0, 0
251000, 496, 0, 0
251999, 468, 0, 0
252999, 496, 0, 0
254000, 484, 0, 0
255000, 476, 0, 0
255999, 480, 0, 0
257000, 472, 0, 0
258000, 476, 0, 0
258999, 508, 0, 0
260000, 528, 0, 0
261000, 488, 0, 0
261999, 488, 0, 0
262999, 484, 0, 0
264000, 484, 0, 0
264999, 476, 0, 0
265999, 524, 0, 0
267000, 496, 0, 0
267999, 488, 0, 0
268999, 528, 0, 0
270000, 448, 0, 0
271000, 528, 0, 0
271999, 436, 0, 0
272999, 500, 0, 0
274000, 500, 0, 0
274999, 516, 0, 0
275999, 500, 0, 0
277000, 476, 0, 0
277999, 524, 0, 0
278999, 456, 0, 0
280000, 496, 0, 0
281000, 500, 0, 0
281999, 492, 0, 0
282999, 504, 0, 0
284000, 480, 0, 0
284999, 548, 0, 0
285999, 488, 0, 0
287000, 512, 0, 0
287999, 504, 0, 0
288999, 532, 0, 0
289999, 500, 0, 0
290999, 476, 0, 0
291999, 480, 0, 0
292999, 508, 0, 0
294000, 500, 0, 0
294999, 540, 0, 0
295999, 524, 0, 0
297000, 488, 0, 0
298000, 492, 0, 0
298999, 508, 0, 0
300000, 528, 0, 0
301000, 484, 0, 0
301999, 512, 0, 0
303000, 492, 0, 0
304000, 532, 0, 0
304999, 496, 0, 0
306000, 532, 0, 0
306999, 536, 0, 0
307999, 488, 0, 0
308999, 488, 0, 0
310000, 504, 0, 0
310999, 484, 0, 0
311999, 544, 0, 0
313000, 460, 0, 0
314000, 492, 0, 0
314999, 488, 0, 0
315999, 528, 0, 0
317000, 544, 0, 0
317999, 496, 0, 0
318999, 520, 0, 0
320000, 460, 0, 0
320999, 508, 0, 0
321999, 476, 0, 0
323000, 536, 0, 0
323999, 504, 0, 0
324999, 492, 0, 0
326000, 516, 0, 0
326999, 520, 0, 0
328000, 496, 0, 0
329000, 448, 0, 0
329999, 532, 0, 0
330999, 504, 0, 0
332000, 540, 0, 0
332999, 520, 0, 0
333999, 496, 0, 0
335000, 552, 0, 0
335999, 476, 0, 0
336999, 532, 0, 0
338000, 540, 0, 0
338999, 524, 0, 0
339999, 552, 0, 0
341000, 476, 0, 0
342000, 532, 0, 0
342999, 512, 0, 0
343999, 500, 0, 0
345000, 528, 0, 0
345999, 560, 0, 0
346999, 496, 0, 0
348000, 488, 0, 0
349000, 512, 0, 0
349999, 496, 0, 0
350999, 496, 0, 0
352000, 512, 0, 0
353000, 532, 0, 0
353999, 512, 0, 0
355000, 540, 0, 0
356000, 540, 0, 0
356999, 484, 0, 0
357999, 544, 0, 0
359000, 488, 0, 0
360000, 512, 0, 0
360999, 520, 0, 0
362000, 524, 0, 0
363000, 500, 0, 0
363999, 516, 0, 0
364999, 508, 0, 0
366000, 488, 0, 0
366999, 516, 0, 0
367999, 548, 0, 0
368999, 512, 0, 0
370000, 500, 0, 0
370999, 540, 0, 0
371999, 536, 0, 0
373000, 560, 0, 0
374000, 488, 0, 0
374999, 524, 0, 0
376000, 556, 0, 0
377000, 524, 0, 0
377999, 496, 0, 0
379000, 532, 0, 0
380000, 552, 0, 0
380999, 496, 0, 0
381999, 480, 0, 0
383000, 516, 0, 0
383999, 564, 0, 0
384999, 528, 0, 0
386000, 528, 0, 0
387000, 520, 0, 0
387999, 544, 0, 0
389000, 512, 0, 0
390000, 548, 0, 0
390999, 516, 0, 0
392000, 524, 0, 0
393000, 540, 0, 0
393999, 520, 0, 0
395000, 536, 0, 0
396000, 556, 0, 0
396999, 516, 0, 0
397999, 520, 0, 0
399000, 516, 0, 0
399999, 552, 0, 0
401000, 524, 0, 0
402000, 528, 0, 0
402999, 528, 0, 0
404000, 532, 0, 0
405000, 532, 0, 0
405999, 472, 0, 0
406999, 556, 0, 0
408000, 524, 0, 0
408999, 512, 0, 0
409999, 564, 0, 0
411000, 524, 0, 0
412000, 516, 0, 0
412999, 540, 0, 0
414000, 548, 0, 0
414999, 544, 0, 0
415999, 472, 0, 0
417000, 540, 0, 0
418000, 572, 0, 0
418999, 488, 0, 0
419999, 532, 0, 0
421000, 488, 0, 0
421999, 540, 0, 0
422999, 492, 0, 0
424000, 524, 0, 0
424999, 508, 0, 0
425999, 552, 0, 0
427000, 536, 0, 0
427999, 548, 0, 0
428999, 572, 0, 0
430000, 552, 0, 0
430999, 504, 0, 0
431999, 532, 0, 0
433000, 488, 0, 0
434000, 500, 0, 0
434999, 556, 0, 0
436000, 512, 0, 0
436999, 524, 0, 0
437999, 488, 0, 0
439000, 600, 0, 0
439999, 512, 0, 0
440999, 540, 0, 0
442000, 496, 0, 0
442999, 552, 0, 0
443999, 568, 0, 0
445000, 492, 0, 0
446000, 512, 0, 0
446999, 540, 0, 0
448000, 576, 0, 0
448999, 512, 0, 0
449999, 528, 0, 0
451000, 552, 0, 0
452000, 520, 0, 0
452999, 604, 0, 0
454000, 556, 0, 0
454999, 540, 0, 0
455999, 540, 0, 0
457000, 488, 0, 0
457999, 580, 0, 0
458999, 524, 0, 0
460000, 552, 0, 0
460999, 524, 0, 0
461999, 524, 0, 0
463000, 528, 0, 0
463999, 524, 0, 0
464999, 512, 0, 0
466000, 488, 0, 0
466999, 532, 0, 0
468000, 536, 0, 0
469000, 540, 0, 0
469999, 564, 0, 0
470999, 556, 0, 0
472000, 556, 0, 0
472999, 500, 0, 0
473999, 564, 0, 0
475000, 492, 0, 0
476000, 512, 0, 0
476999, 552, 0, 0
478000, 572, 0, 0
478999, 540, 0, 0
479999, 552, 0, 0
481000, 556, 0, 0
482000, 576, 0, 0
482999, 452, 0, 0
483999, 540, 0, 0
485000, 488, 0, 0
485999, 540, 0, 0
486999, 528, 0, 0
488000, 592, 0, 0
488999, 572, 0, 0
489999, 580, 0, 0
491000, 492, 0, 0
491999, 504, 0, 0
492999, 572, 0, 0
494000, 556, 0, 0
494999, 508, 0, 0
495999, 596, 0, 0
497000, 528, 0, 0
498000, 536, 0, 0
498999, 476, 0, 0
500000, 536, 0, 0
501000, 520, 0, 0
501999, 508, 0, 0
502999, 520, 0, 0
504000, 556, 0, 0
504999, 548, 0, 0
505999, 520, 0, 0
507000, 556, 0, 0
507999, 604, 0, 0
508999, 536, 0, 0
510000, 596, 0, 0
510999, 524, 0, 0
511999, 600, 0, 0
513000, 568, 0, 0
514000, 500, 0, 0
514999, 540, 0, 0
516000, 588, 0, 0
517000, 624, 0, 0
517999, 552, 0, 0
518999, 616, 0, 0
520000, 500, 0, 0
520999, 588, 0, 0
521999, 544, 0, 0
523000, 560, 0, 0
524000, 540, 0, 0
524999, 556, 0, 0
525999, 532, 0, 0
527000, 556, 0, 0
527999, 580, 0, 0
528999, 544, 0, 0
530000, 588, 0, 0
530999, 500, 0, 0
531999, 572, 0, 0
533000, 544, 0, 0
533999, 504, 0, 0
534999, 504, 0, 0
536000, 544, 0, 0
537000, 608, 0, 0
537999, 616, 0, 0
538999, 548, 0, 0
540000, 596, 0, 0
540999, 552, 0, 0
541999, 580, 0, 0
543000, 556, 0, 0
543999, 532, 0, 0
544999, 540, 0, 0
546000, 528, 0, 0
547000, 548, 0, 0
547999, 592, 0, 0
548999, 608, 0, 0
550000, 520, 0, 0
550999, 576, 0, 0
551999, 508, 0, 0
553000, 580, 0, 0
553999, 504, 0, 0
554999, 608, 0, 0
556000, 488, 0, 0
556999, 608, 0, 0
557999, 584, 0, 0
559000, 532, 0, 0
559999, 560, 0, 0
560999, 556, 0, 0
561999, 628, 0, 0
563000, 564, 0, 0
563999, 564, 0, 0
564999, 544, 0, 0
566000, 576, 0, 0
566999, 492, 0, 0
567999, 600, 0, 0
569000, 544, 0, 0
569999, 552, 0, 0
571000, 560, 0, 0
572000, 564, 0, 0
573000, 516, 0, 0
574000, 552, 0, 0
575000, 592, 0, 0
576000, 560, 0, 0
577000, 580, 0, 0
578000, 596, 0, 0
579000, 540, 0, 0
579999, 584, 0, 0
581000, 516, 0, 0
582000, 488, 0, 0
583000, 584, 0, 0
584000, 560, 0, 0
585000, 572, 0, 0
586000, 548, 0, 0
587000, 572, 0, 0
588000, 584, 0, 0
589000, 540, 0, 0
590000, 600, 0, 0
591000, 580, 0, 0
592000, 624, 0, 0
593000, 580, 0, 0
594000, 568, 0, 0
595000, 516, 0, 0
596000, 536, 0, 0
596999, 596, 0, 0
598000, 540, 0, 0
599000, 576, 0, 0
600000, 616, 0, 0
601000, 564, 0, 0
602000, 604, 0, 0
603000, 540, 0, 0
604000, 576, 0, 0
605000, 600, 0, 0
606000, 532, 0, 0
607000, 588, 0, 0
608000, 544, 0, 0
609000, 620, 0, 0
610000, 540, 0, 0
611000, 568, 0, 0
612000, 596, 0, 0
613000, 552, 0, 0
614000, 564, 0, 0
615000, 620, 0, 0
616000, 540, 0, 0
617000, 532, 0, 0
618000, 520, 0, 0
619000, 584, 0, 0
619999, 528, 0, 0
620999, 592, 0, 0
621999, 568, 0, 0
622999, 640, 0, 0
623999, 568, 0, 0
624998, 565, 0, 0
625998, 617, 0, 0
626998, 653, 0, 0
627998, 589, 0, 0
628998, 617, 0, 0
629997, 601, 0, 0
630998, 561, 0, 0
631997, 601, 0, 0
632997, 573, 0, 0
633996, 590, 0, 0
634997, 577, 0, 0
635996, 642, 0, 0
636996, 610, 0, 0
637996, 574, 0, 0
638995, 538, 0, 0
639996, 598, 0, 0
640996, 626, 0, 0
641995, 619, 0, 0
642995, 627, 0, 0
643994, 603, 0, 0
644995, 598, 0, 0
645995, 623, 0, 0
646994, 559, 0, 0
647994, 579, 0, 0
648993, 604, 0, 0
649993, 616, 0, 0
650993, 559, 0, 0
651993, 559, 0, 0
652993, 608, 0, 0
653993, 547, 0, 0
654992, 544, 0, 0
655992, 588, 0, 0
656992, 580, 0, 0
657992, 588, 0, 0
658992, 588, 0, 0
659991, 649, 0, 0
660991, 617, 0, 0
661991, 557, 0, 0
663000, 624, 0, 0
663991, 573, 0, 0
664991, 621, 0, 0
665999, 540, 0, 0
667000, 588, 0, 0
668000, 556, 0, 0
668999, 592, 0, 0
669999, 560, 0, 0
671000, 532, 0, 0
672000, 600, 0, 0
672999, 608, 0, 0
674000, 580, 0, 0
675000, 640, 0, 0
675999, 584, 0, 0
676999, 592, 0, 0
678000, 600, 0, 0
678999, 548, 0, 0
679999, 536, 0, 0
681000, 540, 0, 0
681999, 584, 0, 0
682999, 632, 0, 0
684000, 556, 0, 0
685000, 588, 0, 0
685999, 572, 0, 0
687000, 616, 0, 0
688000, 588, 0, 0
688999, 604, 0, 0
689999, 568, 0, 0
691000, 624, 0, 0
692000, 628, 0, 0
692999, 588, 0, 0
693999, 548, 0, 0
695000, 612, 0, 0
695999, 544, 0, 0
696999, 696, 0, 0
698000, 616, 0, 0
698999, 540, 0, 0
699999, 580, 0, 0
701000, 588, 0, 0
702000, 604, 0, 0
702999, 656, 0, 0
704000, 548, 0, 0
705000, 632, 0, 0
705999, 584, 0, 0
706999, 640, 0, 0
708000, 572, 0, 0
709000, 548, 0, 0
709999, 588, 0, 0
710999, 572, 0, 0
712000, 616, 0, 0
712999, 648, 0, 0
713999, 568, 0, 0
715000, 652, 0, 0
715999, 604, 0, 0
716999, 616, 0, 0
718000, 592, 0, 0
719000, 600, 0, 0
719999, 628, 0, 0
720999, 632, 0, 0
722000, 536, 0, 0
722999, 588, 0, 0
723999, 552, 0, 0
725000, 668, 0, 0
725999, 644, 0, 0
726999, 608, 0, 0
728000, 576, 0, 0
729000, 532, 0, 0
729999, 600, 0, 0
730999, 644, 0, 0
732000, 628, 0, 0
733000, 640, 0, 0
733999, 660, 0, 0
735000, 732, 0, 0
735999, 600, 0, 0
736999, 568, 0, 0
738000, 676, 0, 0
739000, 596, 0, 0
739999, 560, 0, 0
740999, 584, 0, 0
741999, 600, 0, 0
743000, 552, 0, 0
744000, 588, 0, 0
744999, 612, 0, 0
745999, 620, 0, 0
747000, 664, 0, 0
747999, 568, 0, 0
748999, 644, 0, 0
750000, 568, 0, 0
750999, 568, 0, 0
751999, 612, 0, 0
753000, 572, 0, 0
754000, 624, 0, 0
754999, 644, 0, 0
756000, 604, 0, 0
757000, 636, 0, 0
757999, 628, 0, 0
758999, 608, 0, 0
760000, 556, 0, 0
761000, 608, 0, 0
761999, 636, 0, 0
763000, 648, 0, 0
764000, 604, 0, 0
764999, 624, 0, 0
765999, 596, 0, 0
767000, 676, 0, 0
768000, 604, 0, 0
768999, 644, 0, 0
770000, 592, 0, 0
771000, 616, 0, 0
771999, 640, 0, 0
773000, 596, 0, 0
774000, 616, 0, 0
774999, 560, 0, 0
775999, 660, 0, 0
776999, 644, 0, 0
778000, 616, 0, 0
778999, 628, 0, 0
779999, 556, 0, 0
781000, 556, 0, 0
782000, 628, 0, 0
782999, 628, 0, 0
784000, 632, 0, 0
785000, 580, 0, 0
785999, 628, 0, 0
787000, 576, 0, 0
788000, 668, 0, 0
788999, 644, 0, 0
789999, 564, 0, 0
791000, 604, 0, 0
791999, 632, 0, 0
792999, 612, 0, 0
794000, 664, 0, 0
794999, 612, 0, 0
795999, 656, 0, 0
797000, 660, 0, 0
798000, 600, 0, 0
798999, 608, 0, 0
799999, 596, 0, 0
801000, 612, 0, 0
801999, 564, 0, 0
802999, 592, 0, 0
804000, 652, 0, 0
804999, 532, 0, 0
805999, 592, 0, 0
807000, 676, 0, 0
807999, 556, 0, 0
808999, 660, 0, 0
810000, 580, 0, 0
810999, 712, 0, 0
811999, 600, 0, 0
813000, 632, 0, 0
813999, 588, 0, 0
814999, 596, 0, 0
816000, 612, 0, 0
816999, 608, 0, 0
817999, 572, 0, 0
819000, 596, 0, 0
820000, 600, 0, 0
820999, 512, 0, 0
821999, 612, 0, 0
823000, 580, 0, 0
823999, 592, 0, 0
824999, 648, 0, 0
826000, 564, 0, 0
826999, 636, 0, 0
827999, 620, 0, 0
829000, 624, 0, 0
830000, 584, 0, 0
830999, 628, 0, 0
832000, 620, 0, 0
833000, 628, 0, 0
833999, 632, 0, 0
834999, 548, 0, 0
836000, 572, 0, 0
836999, 592, 0, 0
837999, 624, 0, 0
839000, 588, 0, 0
839999, 648, 0, 0
840999, 540, 0, 0
842000, 620, 0, 0
843000, 572, 0, 0
843999, 596, 0, 0
845000, 624, 0, 0
846000, 612, 0, 0
846999, 572, 0, 0
847999, 604, 0, 0
849000, 572, 0, 0
849999, 600, 0, 0
850999, 608, 0, 0
852000, 568, 0, 0
852999, 600, 0, 0
853999, 572, 0, 0
855000, 688, 0, 0
855999, 628, 0, 0
856999, 552, 0, 0
858000, 600, 0, 0
858999, 640, 0, 0
859999, 628, 0, 0
861000, 596, 0, 0
862000, 652, 0, 0
862999, 640, 0, 0
864000, 620, 0, 0
865000, 624, 0, 0
865999, 540, 0, 0
867000, 712, 0, 0
867999, 680, 0, 0
868999, 620, 0, 0
870000, 636, 0, 0
871000, 568, 0, 0
871999, 668, 0, 0
872999, 628, 0, 0
874000, 628, 0, 0
875000, 576, 0, 0
875999, 652, 0, 0
876999, 560, 0, 0
878000, 652, 0, 0
878999, 656, 0, 0
879999, 552, 0, 0
880999, 576, 0, 0
881999, 596, 0, 0
882999, 580, 0, 0
884000, 656, 0, 0
885000, 624, 0, 0
885999, 584, 0, 0
887000, 632, 0, 0
887999, 632, 0, 0
888999, 644, 0, 0
889999, 640, 0, 0
891000, 612, 0, 0
891999, 532, 0, 0
892999, 552, 0, 0
894000, 648, 0, 0
895000, 568, 0, 0
895999, 616, 0, 0
897000, 540, 0, 0
898000, 564, 0, 0
898999, 628, 0, 0
899999, 604, 0, 0
901000, 600, 0, 0
901999, 604, 0, 0
902999, 584, 0, 0
904000, 604, 0, 0
905000, 580, 0, 0
905999, 596, 0, 0
907000, 572, 0, 0
908000, 660, 0, 0
908999, 624, 0, 0
909999, 620, 0, 0
911000, 648, 0, 0
911999, 612, 0, 0
912999, 592, 0, 0
914000, 576, 0, 0
915000, 564, 0, 0
915999, 620, 0, 0
917000, 660, 0, 0
918000, 584, 0, 0
918999, 588, 0, 0
919999, 620, 0, 0
921000, 556, 0, 0
922000, 652, 0, 0
922999, 608, 0, 0
924000, 600, 0, 0
925000, 616, 0, 0
925999, 596, 0, 0
926999, 556, 0, 0
928000, 612, 0, 0
928999, 660, 0, 0
929999, 572, 0, 0
931000, 632, 0, 0
931999, 692, 0, 0
932999, 572, 0, 0
934000, 608, 0, 0
935000, 644, 0, 0
935999, 584, 0, 0
937000, 736, 0, 0
938000, 644, 0, 0
938999, 620, 0, 0
940000, 620, 0, 0
941000, 672, 0, 0
941999, 584, 0, 0
943000, 552, 0, 0
944000, 612, 0, 0
944999, 592, 0, 0
946000, 624, 0, 0
946999, 600, 0, 0
947999, 580, 0, 0
949000, 636, 0, 0
950000, 612, 0, 0
950999, 644, 0, 0
952000, 572, 0, 0
953000, 568, 0, 0
953999, 608, 0, 0
954999, 548, 0, 0
955999, 532, 0, 0
956999, 648, 0, 0
957999, 652, 0, 0
959000, 648, 0, 0
959999, 588, 0, 0
960999, 612, 0, 0
962000, 620, 0, 0
963000, 676, 0, 0
963999, 628, 0, 0
965000, 632, 0, 0
966000, 712, 0, 0
966999, 580, 0, 0
968000, 668, 0, 0
968999, 548, 0, 0
969999, 560, 0, 0
971000, 608, 0, 0
972000, 632, 0, 0
972999, 644, 0, 0
974000, 560, 0, 0
975000, 660, 0, 0
975999, 636, 0, 0
977000, 600, 0, 0
978000, 596, 0, 0
978999, 612, 0, 0
980000, 588, 0, 0
981000, 660, 0, 0
981999, 580, 0, 0
983000, 608, 0, 0
984000, 536, 0, 0
984999, 604, 0, 0
986000, 656, 0, 0
987000, 544, 0, 0
987999, 596, 0, 0
989000, 624, 0, 0
989999, 616, 0, 0
990999, 576, 0, 0
992000, 628, 0, 0
993000, 584, 0, 0
993999, 664, 0, 0
995000, 612, 0, 0
996000, 592, 0, 0
996999, 592, 0, 0
998000, 688, 0, 0
999000, 632, 0, 0
999999, 596, 0, 0
1000999, 656, 0, 0
1002000, 636, 0, 0
1002999, 632, 0, 0
1003999, 588, 0, 0
1005000, 656, 0, 0
1005999, 576, 0, 0
1006999, 596, 0, 0
1008000, 600, 0, 0
1009000, 576, 0, 0
1009999, 620, 0, 0
1011000, 616, 0, 0
1012000, 624, 0, 0
1012999, 604, 0, 0
1014000, 668, 0, 0
1015000, 576, 0, 0
1015999, 572, 0, 0
1017000, 628, 0, 0
1018000, 544, 0, 0
1018999, 660, 0, 0
1019999, 520, 0, 0
1021000, 656, 0, 0
1021999, 568, 0, 0
1022999, 576, 0, 0
1024000, 668, 0, 0
1025000, 632, 0, 0
1025999, 660, 0, 0
1026999, 684, 0, 0
1028000, 620, 0, 0
1029000, 564, 0, 0
1029999, 556, 0, 0
1031000, 552, 0, 0
1032000, 596, 0, 0
1032999, 596, 0, 0
1033999, 560, 0, 0
1035000, 608, 0, 0
1035999, 600, 0, 0
1036999, 604, 0, 0
1038000, 644, 0, 0
1038999, 608, 0, 0
1039999, 604, 0, 0
1041000, 616, 0, 0
1042000, 632, 0, 0
1042999, 648, 0, 0
1043999, 592, 0, 0
1045000, 604, 0, 0
1045999, 572, 0, 0
1046999, 568, 0, 0
1048000, 520, 0, 0
1049000, 528, 0, 0
1049999, 596, 0, 0
1051000, 648, 0, 0
1052000, 596, 0, 0
1052999, 604, 0, 0
1054000, 628, 0, 0
1055000, 580, 0, 0
1055999, 532, 0, 0
1057000, 696, 0, 0
1058000, 668, 0, 0
1058999, 616, 0, 0
1059999, 732, 0, 0
1061000, 600, 0, 0
1061999, 636, 0, 0
1062999, 640, 0, 0
1064000, 648, 0, 0
1065000, 632, 0, 0
1065999, 564, 0, 0
1066999, 620, 0, 0
1068000, 640, 0, 0
1068999, 560, 0, 0
1069999, 668, 0, 0
1071000, 580, 0, 0
1071999, 592, 0, 0
1072999, 592, 0, 0
1074000, 612, 0, 0
1075000, 652, 0, 0
1075999, 612, 0, 0
1077000, 652, 0, 0
1078000, 640, 0, 0
1078999, 576, 0, 0
1080000, 676, 0, 0
1080999, 584, 0, 0
1081999, 592, 0, 0
1083000, 596, 0, 0
1084000, 536, 0, 0
1084999, 656, 0, 0
1086000, 560, 0, 0
1087000, 568, 0, 0
1087999, 648, 0, 0
1088999, 588, 0, 0
1090000, 656, 0, 0
1091000, 664, 0, 0
1091999, 536, 0, 0
1093000, 584, 0, 0
1094000, 620, 0, 0
1094999, 576, 0, 0
1095999, 608, 0, 0
1097000, 660, 0, 0
1097999, 604, 0, 0
1098999, 564, 0, 0
1100000, 592, 0, 0
1100999, 592, 0, 0
1101999, 592, 0, 0
1102999, 668, 0, 0
1104000, 680, 0, 0
1104999, 628, 0, 0
1105999, 588, 0, 0
1107000, 544, 0, 0
1108000, 588, 0, 0
1108999, 648, 0, 0
1109999, 632, 0, 0
1111000, 612, 0, 0
1111999, 628, 0, 0
1112999, 600, 0, 0
1114000, 516, 0, 0
1115000, 636, 0, 0
1115999, 672, 0, 0
1117000, 604, 0, 0
1118000, 616, 0, 0
1118999, 600, 0, 0
1119999, 656, 0, 0
1121000, 676, 0, 0
1121999, 640, 0, 0
1122999, 700, 0, 0
1124000, 680, 0, 0
1125000, 620, 0, 0
1125999, 580, 0, 0
1126999, 592, 0, 0
1128000, 580, 0, 0
1128999, 668, 0, 0
1129999, 592, 0, 0
1131000, 632, 0, 0
1131999, 684, 0, 0
1132999, 612, 0, 0
1134000, 572, 0, 0
1134999, 568, 0, 0
1135999, 624, 0, 0
1137000, 608, 0, 0
1138000, 612, 0, 0
1138999, 612, 0, 0
1140000, 628, 0, 0
1141000, 616, 0, 0
1141999, 576, 0, 0
1142999, 572, 0, 0
1144000, 544, 0, 0
1144999, 596, 0, 0
1145999, 576, 0, 0
1147000, 616, 0, 0
1148000, 604, 0, 0
1148999, 696, 0, 0
1149999, 572, 0, 0
1151000, 708, 0, 0
1151999, 652, 0, 0
1152999, 580, 0, 0
1154000, 632, 0, 0
1155000, 676, 0, 0
1155999, 680, 0, 0
1157000, 684, 0, 0
1158000, 556, 0, 0
1158999, 704, 0, 0
1159999, 644, 0, 0
1161000, 648, 0, 0
1161999, 672, 0, 0
1162999, 576, 0, 0
1164000, 688, 0, 0
1165000, 620, 0, 0
1165999, 616, 0, 0
1167000, 592, 0, 0
1168000, 508, 0, 0
1168999, 656, 0, 0
1169999, 648, 0, 0
1171000, 592, 0, 0
1171999, 576, 0, 0
1172999, 616, 0, 0
1174000, 612, 0, 0
1175000, 596, 0, 0
1175999, 636, 0, 0
1176999, 588, 0, 0
1178000, 620, 0, 0
1178999, 580, 0, 0
1179999, 620, 0, 0
1181000, 580, 0, 0
1181999, 608, 0, 0
1182999, 656, 0, 0
1184000, 640, 0, 0
1185000, 608, 0, 0
1185999, 612, 0, 0
1186999, 544, 0, 0
1188000, 584, 0, 0
1189000, 620, 0, 0
1189999, 596, 0, 0
1191000, 608, 0, 0
1192000, 620, 0, 0
1192999, 704, 0, 0
1193999, 592, 0, 0
1195000, 572, 0, 0
1195999, 500, 0, 0
1196999, 644, 0, 0
1198000, 588, 0, 0
1198999, 656, 0, 0
1199999, 588, 0, 0
1201000, 664, 0, 0
1201999, 568, 0, 0
1202999, 616, 0, 0
1204000, 660, 0, 0
1204999, 572, 0, 0
1205999, 620, 0, 0
1207000, 652, 0, 0
1207999, 596, 0, 0
1208999, 652, 0, 0
1210000, 620, 0, 0
1210999, 632, 0, 0
1211999, 656, 0, 0
1213000, 568, 0, 0
1213999, 652, 0, 0
1214999, 532, 0, 0
1216000, 556, 0, 0
1216999, 620, 0, 0
1217999, 620, 0, 0
1219000, 604, 0, 0
1220000, 664, 0, 0
1220999, 560, 0, 0
1221999, 628, 0, 0
1223000, 704, 0, 0
1223999, 648, 0, 0
1224999, 524, 0, 0
1226000, 588, 0, 0
1226999, 516, 0, 0
1227999, 600, 0, 0
1229000, 624, 0, 0
1230000, 572, 0, 0
1230999, 608, 0, 0
1232000, 588, 0, 0
1232999, 624, 0, 0
1233999, 668, 0, 0
1235000, 584, 0, 0
1236000, 608, 0, 0
1236999, 636, 0, 0
1238000, 628, 0, 0
1239000, 624, 0, 0
1239999, 544, 0, 0
1240999, 628, 0, 0
1242000, 568, 0, 0
1242999, 616, 0, 0
1243999, 568, 0, 0
1245000, 608, 0, 0
1245999, 564, 0, 0
1246999, 536, 0, 0
1248000, 596, 0, 0
1249000, 648, 0, 0
1249999, 592, 0, 0
1251000, 608, 0, 0
1252000, 624, 0, 0
1252999, 632, 0, 0
1254000, 556, 0, 0
1255000, 600, 0, 0
1255999, 576, 0, 0
1256999, 676, 0, 0
1258000, 624, 0, 0
1259000, 572, 0, 0
1259999, 588, 0, 0
1261000, 656, 0, 0
1261999, 596, 0, 0
1262999, 596, 0, 0
1264000, 612, 0, 0
1265000, 568, 0, 0
1265999, 556, 0, 0
1267000, 644, 0, 0
1268000, 580, 0, 0
1268999, 640, 0, 0
1269999, 544, 0, 0
1271000, 632, 0, 0
1271999, 588, 0, 0
1273000, 644, 0, 0
1274000, 584, 0, 0
1274999, 584, 0, 0
1275999, 596, 0, 0
1277000, 652, 0, 0
1277999, 596, 0, 0
1278999, 612, 0, 0
1280000, 548, 0, 0
1280999, 668, 0, 0
1281999, 616, 0, 0
1283000, 580, 0, 0
1283999, 628, 0, 0
1284999, 616, 0, 0
1286000, 640, 0, 0
1287000, 680, 0, 0
1287999, 596, 0, 0
1289000, 624, 0, 0
1289999, 676, 0, 0
1290999, 592, 0, 0
1292000, 596, 0, 0
1293000, 632, 0, 0
1293999, 624, 0, 0
1295000, 612, 0, 0
1296000, 608, 0, 0
1296999, 600, 0, 0
1298000, 628, 0, 0
1299000, 624, 0, 0
1299999, 608, 0, 0
1301000, 692, 0, 0
1302000, 616, 0, 0
1302999, 540, 0, 0
1304000, 672, 0, 0
1304999, 576, 0, 0
1305999, 668, 0, 0
1307000, 568, 0, 0
1307999, 612, 0, 0
1308999, 636, 0, 0
1310000, 592, 0, 0
1311000, 592, 0, 0
1311999, 584, 0, 0
1313000, 624, 0, 0
1314000, 600, 0, 0
1314999, 564, 0, 0
1315999, 600, 0, 0
1317000, 648, 0, 0
1318000, 648, 0, 0
1318999, 596, 0, 0
1319999, 656, 0, 0
1321000, 540, 0, 0
1321999, 608, 0, 0
1322999, 604, 0, 0
1324000, 692, 0, 0
1325000, 580, 0, 0
1325999, 592, 0, 0
1327000, 564, 0, 0
1328000, 588, 0, 0
1328999, 648, 0, 0
1329999, 620, 0, 0
1331000, 572, 0, 0
1331999, 624, 0, 0
1332999, 572, 0, 0
1334000, 604, 0, 0
1335000, 568, 0, 0
1335999, 632, 0, 0
1336999, 648, 0, 0
1338000, 620, 0, 0
1338999, 608, 0, 0
1339999, 584, 0, 0
1341000, 612, 0, 0
1341999, 636, 0, 0
1343000, 616, 0, 0
1344000, 576, 0, 0
1344999, 596, 0, 0
1345999, 628, 0, 0
1347000, 608, 0, 0
1347999, 576, 0, 0
1348999, 636, 0, 0
1350000, 596, 0, 0
1350999, 584, 0, 0
1351999, 624, 0, 0
1353000, 532, 0, 0
1353999, 668, 0, 0
1354999, 652, 0, 0
1356000, 584, 0, 0
1357000, 644, 0, 0
1357999, 624, 0, 0
1359000, 652, 0, 0
1360000, 584, 0, 0
1360999, 580, 0, 0
1362000, 612, 0, 0
1363000, 672, 0, 0
1363999, 644, 0, 0
1364999, 620, 0, 0
1366000, 612, 0, 0
1366999, 576, 0, 0
1367999, 584, 0, 0
1369000, 592, 0, 0
1369999, 660, 0, 0
1370999, 592, 0, 0
1372000, 528, 0, 0
1372999, 632, 0, 0
1373999, 628, 0, 0
1375000, 516, 0, 0
1376000, 672, 0, 0
1376999, 620, 0, 0
1378000, 616, 0, 0
1379000, 544, 0, 0
1379999, 552, 0, 0
1380999, 688, 0, 0
1382000, 604, 0, 0
1382999, 572, 0, 0
1383999, 624, 0, 0
1385000, 600, 0, 0
1386000, 612, 0, 0
1386999, 608, 0, 0
1388000, 584, 0, 0
1389000, 660, 0, 0
1389999, 636, 0, 0
1390999, 576, 0, 0
1392000, 624, 0, 0
1392999, 632, 0, 0
1393999, 592, 0, 0
1395000, 628, 0, 0
1396000, 652, 0, 0
1396999, 648, 0, 0
1398000, 580, 0, 0
1398999, 592, 0, 0
1399999, 620, 0, 0
1401000, 648, 0, 0
1402000, 608, 0, 0
1402999, 612, 0, 0
1404000, 604, 0, 0
1405000, 568, 0, 0
1405999, 632, 0, 0
1406999, 588, 0, 0
1408000, 592, 0, 0
1408999, 616, 0, 0
1409999, 636, 0, 0
1411000, 580, 0, 0
1412000, 484, 0, 0
1412999, 576, 0, 0
1414000, 556, 0, 0
1415000, 596, 0, 0
1415999, 648, 0, 0
1416999, 560, 0, 0
1418000, 600, 0, 0
1418999, 628, 0, 0
1419999, 612, 0, 0
1421000, 608, 0, 0
1421999, 612, 0, 0
1422999, 604, 0, 0
1424000, 648, 0, 0
1424999, 704, 0, 0
1425999, 604, 0, 0
1427000, 564, 0, 0
1427999, 552, 0, 0
1428999, 660, 0, 0
1430000, 608, 0, 0
1430999, 624, 0, 0
1431999, 608, 0, 0
1433000, 592, 0, 0
1433999, 600, 0, 0
1434999, 588, 0, 0
1436000, 696, 0, 0
1437000, 596, 0, 0
1437999, 612, 0, 0
1438999, 592, 0, 0
1440000, 656, 0, 0
1440999, 600, 0, 0
1441999, 612, 0, 0
1443000, 632, 0, 0
1443999, 640, 0, 0
1444999, 552, 0, 0
1446000, 576, 0, 0
1446999, 596, 0, 0
1447999, 676, 0, 0
1449000, 656, 0, 0
1450000, 596, 0, 0
1450999, 664, 0, 0
1451999, 644, 0, 0
1453000, 600, 0, 0
1453999, 616, 0, 0
1454999, 628, 0, 0
1456000, 624, 0, 0
1456999, 600, 0, 0
1457999, 592, 0, 0
1459000, 560, 0, 0
1459999, 608, 0, 0
1460999, 624, 0, 0
1462000, 668, 0, 0
1463000, 584, 0, 0
1463999, 644, 0, 0
1464999, 584, 0, 0
1466000, 616, 0, 0
1467000, 572, 0, 0
1467999, 648, 0, 0
1469000, 592, 0, 0
1470000, 520, 0, 0
1470999, 608, 0, 0
1471999, 576, 0, 0
1473000, 676, 0, 0
1473999, 640, 0, 0
1474999, 656, 0, 0
1475999, 576, 0, 0
1477000, 576, 0, 0
1477999, 628, 0, 0
1478999, 580, 0, 0
1480000, 592, 0, 0
1481000, 644, 0, 0
1481999, 676, 0, 0
1483000, 512, 0, 0
1484000, 608, 0, 0
1484999, 664, 0, 0
1485999, 632, 0, 0
1487000, 620, 0, 0
1487999, 648, 0, 0
1488999, 600, 0, 0
1490000, 632, 0, 0
1490999, 632, 0, 0
1491999, 580, 0, 0
1493000, 624, 0, 0
1493999, 652, 0, 0
1494999, 612, 0, 0
1496000, 600, 0, 0
1497000, 588, 0, 0
1497999, 640, 0, 0
1499000, 656, 0, 0
1500000, 656, 0, 0
1500999, 588, 0, 0
1501999, 688, 0, 0
1503000, 568, 0, 0
1503999, 616, 0, 0
1504999, 572, 0, 0
1506000, 536, 0, 0
1506999, 664, 0, 0
1507999, 656, 0, 0
1509000, 588, 0, 0
1510000, 644, 0, 0
1510999, 596, 0, 0
1512000, 712, 0, 0
1513000, 580, 0, 0
1513999, 640, 0, 0
1514999, 628, 0, 0
1516000, 648, 0, 0
1516999, 628, 0, 0
1517999, 632, 0, 0
1519000, 612, 0, 0
1519999, 624, 0, 0
1520999, 604, 0, 0
1522000, 616, 0, 0
1523000, 664, 0, 0
1523999, 624, 0, 0
1524999, 604, 0, 0
1526000, 600, 0, 0
1526999, 676, 0, 0
1527999, 644, 0, 0
1529000, 620, 0, 0
1529999, 588, 0, 0
1530999, 636, 0, 0
1531999, 556, 0, 0
1533000, 608, 0, 0
1533999, 588, 0, 0
1534999, 644, 0, 0
1536000, 636, 0, 0
1536999, 576, 0, 0
1537999, 616, 0, 0
1539000, 684, 0, 0
1540000, 600, 0, 0
1540999, 600, 0, 0
1542000, 580, 0, 0
1543000, 592, 0, 0
1543999, 640, 0, 0
1545000, 636, 0, 0
1546000, 544, 0, 0
1546999, 684, 0, 0
1547999, 628, 0, 0
1549000, 556, 0, 0
1549999, 592, 0, 0
1550999, 608, 0, 0
1552000, 688, 0, 0
1553000, 612, 0, 0
1553999, 612, 0, 0
1555000, 632, 0, 0
1556000, 636, 0, 0
1556999, 628, 0, 0
1557999, 656, 0, 0
1559000, 616, 0, 0
1560000, 548, 0, 0
1560999, 616, 0, 0
1562000, 584, 0, 0
1563000, 656, 0, 0
1563999, 688, 0, 0
1564999, 624, 0, 0
1566000, 648, 0, 0
1566999, 604, 0, 0
1567999, 632, 0, 0
1569000, 636, 0, 0
1570000, 656, 0, 0
1570999, 568, 0, 0
1572000, 564, 0, 0
1573000, 628, 0, 0
1573999, 564, 0, 0
1574999, 600, 0, 0
1576000, 588, 0, 0
1576999, 556, 0, 0
1577999, 612, 0, 0
1579000, 612, 0, 0
1580000, 676, 0, 0
1580999, 644, 0, 0
1582000, 596, 0, 0
1583000, 516, 0, 0
1583999, 616, 0, 0
1585000, 544, 0, 0
1586000, 624, 0, 0
1586999, 600, 0, 0
1587999, 632, 0, 0
1589000, 576, 0, 0
1589999, 656, 0, 0
1590999, 640, 0, 0
1592000, 660, 0, 0
1592999, 628, 0, 0
1593999, 564, 0, 0
1595000, 588, 0, 0
1596000, 668, 0, 0
1596999, 640, 0, 0
1598000, 572, 0, 0
1599000, 596, 0, 0
1599999, 560, 0, 0
1600999, 564, 0, 0
1602000, 628, 0, 0
1602999, 564, 0, 0
1603999, 648, 0, 0
1605000, 652, 0, 0
1605999, 644, 0, 0
1606999, 504, 0, 0
1608000, 584, 0, 0
1609000, 668, 0, 0
1609999, 644, 0, 0
1610999, 644, 0, 0
1612000, 644, 0, 0
1612999, 636, 0, 0
1613999, 592, 0, 0
1614999, 660, 0, 0
1616000, 596, 0, 0
1616999, 552, 0, 0
1617999, 684, 0, 0
1619000, 644, 0, 0
1619999, 616, 0, 0
1620999, 572, 0, 0
1622000, 576, 0, 0
1623000, 620, 0, 0
1623999, 596, 0, 0
1625000, 596, 0, 0
1626000, 576, 0, 0
1626999, 636, 0, 0
1627999, 568, 0, 0
1629000, 588, 0, 0
1629999, 672, 0, 0
1630999, 608, 0, 0
1632000, 664, 0, 0
1632999, 604, 0, 0
1633999, 604, 0, 0
1635000, 528, 0, 0
1636000, 624, 0, 0
1636999, 600, 0, 0
1638000, 664, 0, 0
1639000, 588, 0, 0
1639999, 588, 0, 0
1641000, 660, 0, 0
1642000, 584, 0, 0
1642999, 648, 0, 0
1643999, 584, 0, 0
1645000, 588, 0, 0
1645999, 616, 0, 0
1646999, 580, 0, 0
1648000, 568, 0, 0
1648999, 656, 0, 0
1649999, 636, 0, 0
1651000, 672, 0, 0
1651999, 620, 0, 0
1652999, 720, 0, 0
1654000, 612, 0, 0
1655000, 580, 0, 0
1655999, 608, 0, 0
1657000, 660, 0, 0
1658000, 616, 0, 0
1658999, 588, 0, 0
1659999, 628, 0, 0
1661000, 608, 0, 0
1661999, 636, 0, 0
1662999, 640, 0, 0
1664000, 660, 0, 0
1665000, 684, 0, 0
1665999, 588, 0, 0
1667000, 712, 0, 0
1668000, 676, 0, 0
1668999, 656, 0, 0
1669999, 600, 0, 0
1670999, 632, 0, 0
1671999, 564, 0, 0
1672999, 664, 0, 0
1674000, 548, 0, 0
1674999, 588, 0, 0
1675999, 532, 0, 0
1677000, 636, 0, 0
1678000, 600, 0, 0
1678999, 596, 0, 0
1679999, 608, 0, 0
1681000, 544, 0, 0
1681999, 572, 0, 0
1682999, 584, 0, 0
1684000, 652, 0, 0
1684999, 636, 0, 0
1685999, 604, 0, 0
1686999, 580, 0, 0
1688000, 664, 0, 0
1688999, 572, 0, 0
1689999, 640, 0, 0
1691000, 620, 0, 0
1692000, 636, 0, 0
1692999, 628, 0, 0
1693999, 604, 0, 0
1695000, 628, 0, 0
1695999, 644, 0, 0
1696999, 580, 0, 0
1698000, 540, 0, 0
1699000, 624, 0, 0
1699999, 600, 0, 0
1700999, 648, 0, 0
1702000, 636, 0, 0
1702999, 604, 0, 0
1703999, 576, 0, 0
1705000, 572, 0, 0
1706000, 632, 0, 0
1706999, 608, 0, 0
1707999, 604, 0, 0
1709000, 656, 0, 0
1710000, 664, 0, 0
1710999, 620, 0, 0
1711999, 636, 0, 0
1713000, 628, 0, 0
1713999, 584, 0, 0
1714999, 640, 0, 0
1716000, 620, 0, 0
1716999, 644, 0, 0
1717999, 500, 0, 0
1719000, 636, 0, 0
1720000, 600, 0, 0
1720999, 616, 0, 0
1721999, 588, 0, 0
1723000, 624, 0, 0
1724000, 580, 0, 0
1724999, 580, 0, 0
1725999, 608, 0, 0
1727000, 616, 0, 0
1727999, 580, 0, 0
1728999, 636, 0, 0
1730000, 560, 0, 0
1731000, 628, 0, 0
1731999, 616, 0, 0
1732999, 684, 0, 0
1734000, 596, 0, 0
1734999, 612, 0, 0
1735999, 596, 0, 0
1737000, 664, 0, 0
1738000, 592, 0, 0
1738999, 692, 0, 0
1739999, 600, 0, 0
1741000, 616, 0, 0
1741999, 612, 0, 0
1742999, 648, 0, 0
1744000, 688, 0, 0
1744999, 596, 0, 0
1745999, 612, 0, 0
1747000, 620, 0, 0
1747999, 620, 0, 0
1748999, 552, 0, 0
1750000, 576, 0, 0
1751000, 644, 0, 0
1751999, 608, 0, 0
1753000, 612, 0, 0
1754000, 620, 0, 0
1754999, 640, 0, 0
1755999, 696, 0, 0
1757000, 588, 0, 0
1757999, 616, 0, 0
1758999, 616, 0, 0
1760000, 684, 0, 0
1761000, 616, 0, 0
1761999, 512, 0, 0
1762999, 620, 0, 0
1764000, 612, 0, 0
1765000, 620, 0, 0
1765999, 584, 0, 0
1766999, 712, 0, 0
1768000, 640, 0, 0
1769000, 668, 0, 0
1769999, 616, 0, 0
1770999, 604, 0, 0
1772000, 560, 0, 0
1772999, 592, 0, 0
1773999, 588, 0, 0
1775000, 636, 0, 0
1776000, 648, 0, 0
1776999, 608, 0, 0
1777999, 584, 0, 0
1779000, 664, 0, 0
1779999, 596, 0, 0
1780999, 616, 0, 0
1782000, 640, 0, 0
1782999, 608, 0, 0
1783999, 556, 0, 0
1785000, 596, 0, 0
1786000, 616, 0, 0
1786999, 656, 0, 0
1787999, 668, 0, 0
1789000, 640, 0, 0
1789999, 580, 0, 0
1790999, 644, 0, 0
1792000, 564, 0, 0
1792999, 572, 0, 0
1793999, 612, 0, 0
1795000, 632, 0, 0
1795999, 616, 0, 0
1796999, 528, 0, 0
1798000, 568, 0, 0
1799000, 620, 0, 0
1799999, 652, 0, 0
