999, 67, 0, 0
1999, 112, 0, 0
3000, 113, 0, 0
3999, 120, 0, 0
4999, 112, 0, 0
5999, 112, 0, 0
6999, 120, 0, 0
8000, 114, 0, 0
8999, 112, 0, 0
9999, 112, 0, 0
11000, 98, 0, 0
11999, 113, 0, 0
12999, 120, 0, 0
14000, 112, 0, 0
14999, 114, 0, 0
15999, 101, 0, 0
17000, 112, 0, 0
18000, 112, 0, 0
18999, 121, 0, 0
19999, 121, 0, 0
21000, 114, 0, 0
21999, 112, 0, 0
22999, 105, 0, 0
24000, 120, 0, 0
25000, 113, 0, 0
25999, 113, 0, 0
26999, 114, 0, 0
28000, 113, 0, 0
28999, 113, 0, 0
29999, 113, 0, 0
31000, 110, 0, 0
31999, 113, 0, 0
32999, 113, 0, 0
34000, 101, 0, 0
34999, 116, 0, 0
35999, 112, 0, 0
37000, 123, 0, 0
37999, 103, 0, 0
38999, 115, 0, 0
39999, 113, 0, 0
41000, 105, 0, 0
41999, 122, 0, 0
42999, 105, 0, 0
44000, 105, 0, 0
44999, 114, 0, 0
45999, 114, 0, 0
47000, 121, 0, 0
48000, 139, 0, 0
48999, 110, 0, 0
50000, 121, 0, 0
50999, 113, 0, 0
51999, 113, 0, 0
53000, 113, 0, 0
53999, 113, 0, 0
54999, 113, 0, 0
56000, 129, 0, 0
56999, 114, 0, 0
57999, 115, 0, 0
59000, 114, 0, 0
59999, 115, 0, 0
60999, 105, 0, 0
62000, 124, 0, 0
62999, 113, 0, 0
63999, 124, 0, 0
65000, 114, 0, 0
66000, 116, 0, 0
66999, 117, 0, 0
67999, 113, 0, 0
69000, 115, 0, 0
69999, 114, 0, 0
70999, 121, 0, 0
72000, 104, 0, 0
73000, 115, 0, 0
73999, 122, 0, 0
74999, 115, 0, 0
76000, 114, 0, 0
76999, 117, 0, 0
77999, 112, 0, 0
78999, 123, 0, 0
80000, 116, 0, 0
80999, 116, 0, 0
81999, 110, 0, 0
82999, 116, 0, 0
84000, 123, 0, 0
84999, 115, 0, 0
85999, 117, 0, 0
86999, 126, 0, 0
88000, 107, 0, 0
89000, 116, 0, 0
89999, 120, 0, 0
90999, 117, 0, 0
92000, 113, 0, 0
92999, 124, 0, 0
93999, 117, 0, 0
95000, 115, 0, 0
95999, 117, 0, 0
96999, 124, 0, 0
97999, 107, 0, 0
99000, 117, 0, 0
99999, 121, 0, 0
100999, 118, 0, 0
101999, 117, 0, 0
103000, 126, 0, 0
103999, 116, 0, 0
104999, 125, 0, 0
106000, 106, 0, 0
106999, 124, 0, 0
107999, 119, 0, 0
109000, 118, 0, 0
109999, 116, 0, 0
110999, 125, 0, 0
112000, 119, 0, 0
112999, 122, 0, 0
113999, 113, 0, 0
115000, 113, 0, 0
115999, 115, 0, 0
116999, 115, 0, 0
118000, 125, 0, 0
118999, 113, 0, 0
119999, 119, 0, 0
121000, 117, 0, 0
122000, 116, 0, 0
122999, 120, 0, 0
124000, 126, 0, 0
125000, 108, 0, 0
125999, 119, 0, 0
126999, 127, 0, 0
128000, 128, 0, 0
129000, 116, 0, 0
129999, 123, 0, 0
130999, 120, 0, 0
132000, 116, 0, 0
132999, 108, 0, 0
133999, 125, 0, 0
135000, 117, 0, 0
135999, 121, 0, 0
136999, 129, 0, 0
138000, 120, 0, 0
139000, 120, 0, 0
139999, 117, 0, 0
141000, 115, 0, 0
142000, 119, 0, 0
142999, 114, 0, 0
143999, 114, 0, 0
145000, 116, 0, 0
145999, 126, 0, 0
146999, 121, 0, 0
148000, 116, 0, 0
148999, 118, 0, 0
149999, 120, 0, 0
151000, 109, 0, 0
151999, 119, 0, 0
152999, 118, 0, 0
154000, 117, 0, 0
155000, 117, 0, 0
155999, 124, 0, 0
156999, 119, 0, 0
158000, 123, 0, 0
158999, 127, 0, 0
159999, 123, 0, 0
161000, 120, 0, 0
161999, 119, 0, 0
162999, 120, 0, 0
164000, 121, 0, 0
164999, 127, 0, 0
166000, 118, 0, 0
166999, 126, 0, 0
167999, 119, 0, 0
168999, 123, 0, 0
170000, 126, 0, 0
170999, 116, 0, 0
171999, 111, 0, 0
173000, 126, 0, 0
174000, 129, 0, 0
174999, 119, 0, 0
175999, 118, 0, 0
177000, 120, 0, 0
177999, 120, 0, 0
179000, 119, 0, 0
180000, 122, 0, 0
180999, 128, 0, 0
181999, 118, 0, 0
182999, 127, 0, 0
184000, 119, 0, 0
184999, 124, 0, 0
186000, 127, 0, 0
187000, 119, 0, 0
187999, 113, 0, 0
188999, 117, 0, 0
190000, 129, 0, 0
190999, 118, 0, 0
191999, 128, 0, 0
193000, 114, 0, 0
193999, 123, 0, 0
194999, 122, 0, 0
196000, 133, 0, 0
196999, 127, 0, 0
197999, 120, 0, 0
199000, 122, 0, 0
199999, 117, 0, 0
200999, 115, 0, 0
202000, 131, 0, 0
202999, 113, 0, 0
203999, 124, 0, 0
205000, 116, 0, 0
205999, 117, 0, 0
206999, 116, 0, 0
208000, 125, 0, 0
209000, 118, 0, 0
209999, 125, 0, 0
210999, 121, 0, 0
212000, 131, 0, 0
212999, 120, 0, 0
213999, 122, 0, 0
215000, 124, 0, 0
216000, 122, 0, 0
216999, 121, 0, 0
218000, 121, 0, 0
219000, 118, 0, 0
219999, 122, 0, 0
220999, 123, 0, 0
222000, 119, 0, 0
222999, 124, 0, 0
223999, 127, 0, 0
225000, 110, 0, 0
225999, 118, 0, 0
226999, 117, 0, 0
228000, 118, 0, 0
228999, 130, 0, 0
229999, 117, 0, 0
231000, 124, 0, 0
232000, 123, 0, 0
232999, 120, 0, 0
233999, 132, 0, 0
235000, 132, 0, 0
235999, 124, 0, 0
236999, 122, 0, 0
238000, 122, 0, 0
238999, 120, 0, 0
239999, 120, 0, 0
241000, 139, 0, 0
241999, 126, 0, 0
242999, 109, 0, 0
244000, 130, 0, 0
244999, 127, 0, 0
245999, 125, 0, 0
247000, 112, 0, 0
248000, 121, 0, 0
248999, 129, 0, 0
249999, 122, 0, 0
251000, 131, 0, 0
251999, 117, 0, 0
252999, 121, 0, 0
254000, 118, 0, 0
255000, 119, 0, 0
255999, 131, 0, 0
257000, 130, 0, 0
258000, 119, 0, 0
258999, 124, 0, 0
259999, 124, 0, 0
261000, 124, 0, 0
261999, 114, 0, 0
262999, 132, 0, 0
264000, 124, 0, 0
264999, 131, 0, 0
265999, 123, 0, 0
267000, 125, 0, 0
267999, 119, 0, 0
268999, 132, 0, 0
270000, 120, 0, 0
271000, 124, 0, 0
271999, 120, 0, 0
272999, 130, 0, 0
274000, 119, 0, 0
274999, 134, 0, 0
275999, 126, 0, 0
277000, 113, 0, 0
277999, 125, 0, 0
278999, 121, 0, 0
280000, 121, 0, 0
281000, 135, 0, 0
281999, 121, 0, 0
282999, 111, 0, 0
284000, 123, 0, 0
284999, 124, 0, 0
285999, 125, 0, 0
287000, 128, 0, 0
287999, 127, 0, 0
288999, 131, 0, 0
289999, 116, 0, 0
290999, 126, 0, 0
291999, 129, 0, 0
292999, 132, 0, 0
294000, 127, 0, 0
294999, 123, 0, 0
295999, 127, 0, 0
297000, 123, 0, 0
298000, 130, 0, 0
298999, 122, 0, 0
300000, 120, 0, 0
301000, 121, 0, 0
301999, 132, 0, 0
303000, 120, 0, 0
304000, 134, 0, 0
304999, 127, 0, 0
306000, 127, 0, 0
306999, 122, 0, 0
307999, 135, 0, 0
308999, 125, 0, 0
310000, 125, 0, 0
310999, 131, 0, 0
311999, 115, 0, 0
312999, 140, 0, 0
314000, 124, 0, 0
314999, 104, 0, 0
315999, 131, 0, 0
317000, 127, 0, 0
317999, 133, 0, 0
318999, 114, 0, 0
320000, 121, 0, 0
320999, 123, 0, 0
321999, 131, 0, 0
323000, 141, 0, 0
323999, 120, 0, 0
324999, 136, 0, 0
326000, 127, 0, 0
326999, 130, 0, 0
327999, 115, 0, 0
329000, 130, 0, 0
329999, 127, 0, 0
330999, 132, 0, 0
332000, 124, 0, 0
332999, 123, 0, 0
333999, 130, 0, 0
335000, 130, 0, 0
335999, 132, 0, 0
336999, 121, 0, 0
338000, 126, 0, 0
338999, 125, 0, 0
339999, 135, 0, 0
341000, 130, 0, 0
342000, 130, 0, 0
342999, 134, 0, 0
343999, 119, 0, 0
345000, 132, 0, 0
345999, 127, 0, 0
346999, 124, 0, 0
347999, 132, 0, 0
349000, 150, 0, 0
349999, 128, 0, 0
350999, 132, 0, 0
352000, 129, 0, 0
353000, 147, 0, 0
353999, 143, 0, 0
354999, 142, 0, 0
356000, 121, 0, 0
356999, 123, 0, 0
357999, 139, 0, 0
359000, 132, 0, 0
360000, 127, 0, 0
360999, 130, 0, 0
362000, 129, 0, 0
363000, 127, 0, 0
363999, 120, 0, 0
364999, 131, 0, 0
366000, 138, 0, 0
366999, 136, 0, 0
367999, 132, 0, 0
368999, 135, 0, 0
370000, 127, 0, 0
370999, 124, 0, 0
371999, 134, 0, 0
373000, 145, 0, 0
374000, 134, 0, 0
374999, 128, 0, 0
376000, 124, 0, 0
377000, 122, 0, 0
377999, 138, 0, 0
379000, 140, 0, 0
380000, 132, 0, 0
380999, 128, 0, 0
381999, 144, 0, 0
383000, 127, 0, 0
383999, 129, 0, 0
384999, 125, 0, 0
386000, 120, 0, 0
387000, 131, 0, 0
387999, 121, 0, 0
389000, 131, 0, 0
390000, 133, 0, 0
390999, 131, 0, 0
391999, 129, 0, 0
393000, 125, 0, 0
393999, 136, 0, 0
394999, 139, 0, 0
396000, 120, 0, 0
396999, 125, 0, 0
397999, 125, 0, 0
399000, 137, 0, 0
399999, 124, 0, 0
401000, 126, 0, 0
402000, 132, 0, 0
402999, 146, 0, 0
404000, 131, 0, 0
405000, 125, 0, 0
405999, 129, 0, 0
406999, 141, 0, 0
408000, 135, 0, 0
408999, 136, 0, 0
409999, 137, 0, 0
411000, 124, 0, 0
412000, 151, 0, 0
412999, 125, 0, 0
414000, 148, 0, 0
414999, 131, 0, 0
415999, 152, 0, 0
416999, 126, 0, 0
418000, 134, 0, 0
418999, 127, 0, 0
419999, 138, 0, 0
421000, 136, 0, 0
421999, 142, 0, 0
422999, 140, 0, 0
424000, 125, 0, 0
424999, 150, 0, 0
425999, 154, 0, 0
427000, 130, 0, 0
427999, 136, 0, 0
428999, 138, 0, 0
430000, 125, 0, 0
430999, 129, 0, 0
431999, 121, 0, 0
433000, 126, 0, 0
434000, 130, 0, 0
434999, 130, 0, 0
436000, 143, 0, 0
436999, 143, 0, 0
437999, 131, 0, 0
439000, 127, 0, 0
439999, 135, 0, 0
440999, 133, 0, 0
442000, 139, 0, 0
442999, 136, 0, 0
443999, 140, 0, 0
445000, 135, 0, 0
446000, 135, 0, 0
446999, 137, 0, 0
448000, 137, 0, 0
448999, 136, 0, 0
449999, 130, 0, 0
451000, 117, 0, 0
452000, 139, 0, 0
452999, 131, 0, 0
454000, 137, 0, 0
454999, 147, 0, 0
455999, 128, 0, 0
457000, 132, 0, 0
457999, 151, 0, 0
458999, 133, 0, 0
460000, 146, 0, 0
460999, 144, 0, 0
461999, 143, 0, 0
463000, 127, 0, 0
463999, 144, 0, 0
464999, 130, 0, 0
466000, 152, 0, 0
466999, 145, 0, 0
467999, 134, 0, 0
469000, 128, 0, 0
469999, 136, 0, 0
470999, 150, 0, 0
472000, 135, 0, 0
472999, 135, 0, 0
473999, 145, 0, 0
475000, 131, 0, 0
476000, 143, 0, 0
476999, 149, 0, 0
478000, 138, 0, 0
478999, 144, 0, 0
479999, 135, 0, 0
480999, 130, 0, 0
482000, 137, 0, 0
482999, 130, 0, 0
483999, 149, 0, 0
485000, 143, 0, 0
485999, 130, 0, 0
486999, 124, 0, 0
488000, 148, 0, 0
488999, 139, 0, 0
489999, 126, 0, 0
491000, 132, 0, 0
491999, 136, 0, 0
492999, 149, 0, 0
494000, 139, 0, 0
494999, 136, 0, 0
495999, 141, 0, 0
497000, 124, 0, 0
498000, 136, 0, 0
498999, 131, 0, 0
499999, 136, 0, 0
501000, 127, 0, 0
501999, 144, 0, 0
502999, 142, 0, 0
504000, 147, 0, 0
504999, 137, 0, 0
505999, 132, 0, 0
507000, 134, 0, 0
507999, 145, 0, 0
508999, 149, 0, 0
510000, 131, 0, 0
510999, 141, 0, 0
511999, 140, 0, 0
513000, 143, 0, 0
514000, 149, 0, 0
514999, 134, 0, 0
516000, 143, 0, 0
517000, 140, 0, 0
517999, 145, 0, 0
518999, 146, 0, 0
520000, 134, 0, 0
520999, 134, 0, 0
521999, 131, 0, 0
523000, 131, 0, 0
524000, 145, 0, 0
524999, 149, 0, 0
525999, 132, 0, 0
527000, 132, 0, 0
527999, 152, 0, 0
528999, 140, 0, 0
530000, 136, 0, 0
530999, 132, 0, 0
531999, 130, 0, 0
533000, 144, 0, 0
533999, 133, 0, 0
534999, 122, 0, 0
536000, 147, 0, 0
537000, 138, 0, 0
537999, 141, 0, 0
538999, 149, 0, 0
540000, 141, 0, 0
540999, 139, 0, 0
541999, 149, 0, 0
543000, 145, 0, 0
543999, 144, 0, 0
544999, 140, 0, 0
546000, 148, 0, 0
547000, 149, 0, 0
547999, 146, 0, 0
548999, 149, 0, 0
550000, 141, 0, 0
550999, 135, 0, 0
551999, 141, 0, 0
553000, 149, 0, 0
553999, 143, 0, 0
554999, 141, 0, 0
556000, 146, 0, 0
556999, 145, 0, 0
557999, 148, 0, 0
559000, 131, 0, 0
559999, 132, 0, 0
560999, 139, 0, 0
561999, 152, 0, 0
563000, 126, 0, 0
563999, 132, 0, 0
564999, 152, 0, 0
566000, 144, 0, 0
566999, 140, 0, 0
567999, 154, 0, 0
569000, 143, 0, 0
569999, 132, 0, 0
571000, 150, 0, 0
572000, 152, 0, 0
573000, 144, 0, 0
574000, 148, 0, 0
575000, 137, 0, 0
576000, 134, 0, 0
577000, 144, 0, 0
578000, 149, 0, 0
579000, 142, 0, 0
579999, 130, 0, 0
581000, 158, 0, 0
582000, 124, 0, 0
583000, 161, 0, 0
584000, 142, 0, 0
585000, 139, 0, 0
586000, 168, 0, 0
587000, 123, 0, 0
588000, 138, 0, 0
589000, 154, 0, 0
590000, 133, 0, 0
591000, 143, 0, 0
592000, 136, 0, 0
593000, 139, 0, 0
594000, 148, 0, 0
595000, 142, 0, 0
596000, 124, 0, 0
596999, 137, 0, 0
598000, 143, 0, 0
599000, 144, 0, 0
600000, 128, 0, 0
601000, 146, 0, 0
602000, 144, 0, 0
603000, 151, 0, 0
604000, 144, 0, 0
605000, 157, 0, 0
606000, 137, 0, 0
607000, 144, 0, 0
608000, 132, 0, 0
609000, 148, 0, 0
610000, 132, 0, 0
611000, 144, 0, 0
612000, 141, 0, 0
613000, 147, 0, 0
614000, 158, 0, 0
615000, 142, 0, 0
616000, 158, 0, 0
617000, 154, 0, 0
618000, 151, 0, 0
619000, 150, 0, 0
619999, 156, 0, 0
620999, 139, 0, 0
621999, 143, 0, 0
622999, 132, 0, 0
623999, 149, 0, 0
624998, 123, 0, 0
625998, 146, 0, 0
626998, 150, 0, 0
627998, 160, 0, 0
628998, 144, 0, 0
629997, 153, 0, 0
630998, 142, 0, 0
631997, 141, 0, 0
632997, 156, 0, 0
633996, 129, 0, 0
634997, 153, 0, 0
635996, 141, 0, 0
636996, 147, 0, 0
637996, 141, 0, 0
638995, 137, 0, 0
639996, 131, 0, 0
640996, 158, 0, 0
641995, 145, 0, 0
642995, 133, 0, 0
643994, 147, 0, 0
644995, 154, 0, 0
645995, 146, 0, 0
646994, 148, 0, 0
647994, 150, 0, 0
648993, 139, 0, 0
649993, 148, 0, 0
650993, 149, 0, 0
651993, 160, 0, 0
652993, 144, 0, 0
653993, 162, 0, 0
654992, 144, 0, 0
655992, 141, 0, 0
656992, 166, 0, 0
657992, 144, 0, 0
658992, 147, 0, 0
659991, 148, 0, 0
660991, 133, 0, 0
661991, 139, 0, 0
663000, 153, 0, 0
663991, 154, 0, 0
664991, 149, 0, 0
665999, 163, 0, 0
666999, 145, 0, 0
668000, 154, 0, 0
668999, 150, 0, 0
669999, 148, 0, 0
670999, 159, 0, 0
672000, 149, 0, 0
672999, 153, 0, 0
674000, 153, 0, 0
675000, 147, 0, 0
675999, 149, 0, 0
676999, 177, 0, 0
678000, 166, 0, 0
678999, 149, 0, 0
679999, 169, 0, 0
681000, 154, 0, 0
681999, 143, 0, 0
682999, 144, 0, 0
684000, 149, 0, 0
685000, 160, 0, 0
685999, 150, 0, 0
686999, 143, 0, 0
688000, 155, 0, 0
688999, 152, 0, 0
689999, 156, 0, 0
691000, 149, 0, 0
692000, 142, 0, 0
692999, 143, 0, 0
693999, 152, 0, 0
695000, 171, 0, 0
695999, 143, 0, 0
696999, 150, 0, 0
698000, 152, 0, 0
698999, 146, 0, 0
699999, 150, 0, 0
701000, 152, 0, 0
702000, 154, 0, 0
702999, 144, 0, 0
704000, 158, 0, 0
705000, 156, 0, 0
705999, 156, 0, 0
706999, 137, 0, 0
708000, 156, 0, 0
709000, 148, 0, 0
709999, 158, 0, 0
710999, 143, 0, 0
712000, 157, 0, 0
712999, 152, 0, 0
713999, 166, 0, 0
715000, 157, 0, 0
715999, 165, 0, 0
716999, 154, 0, 0
718000, 161, 0, 0
719000, 173, 0, 0
719999, 158, 0, 0
720999, 147, 0, 0
722000, 141, 0, 0
722999, 142, 0, 0
723999, 160, 0, 0
725000, 165, 0, 0
725999, 147, 0, 0
726999, 162, 0, 0
728000, 147, 0, 0
729000, 183, 0, 0
729999, 157, 0, 0
730999, 164, 0, 0
732000, 135, 0, 0
733000, 145, 0, 0
733999, 149, 0, 0
735000, 166, 0, 0
735999, 153, 0, 0
736999, 181, 0, 0
738000, 165, 0, 0
739000, 150, 0, 0
739999, 162, 0, 0
740999, 154, 0, 0
741999, 171, 0, 0
743000, 161, 0, 0
744000, 149, 0, 0
744999, 146, 0, 0
745999, 172, 0, 0
747000, 147, 0, 0
747999, 126, 0, 0
748999, 166, 0, 0
750000, 143, 0, 0
750999, 135, 0, 0
751999, 153, 0, 0
753000, 174, 0, 0
754000, 138, 0, 0
754999, 159, 0, 0
755999, 147, 0, 0
757000, 138, 0, 0
757999, 151, 0, 0
758999, 155, 0, 0
760000, 140, 0, 0
761000, 170, 0, 0
761999, 149, 0, 0
763000, 138, 0, 0
764000, 147, 0, 0
764999, 159, 0, 0
765999, 147, 0, 0
767000, 169, 0, 0
768000, 143, 0, 0
768999, 151, 0, 0
770000, 154, 0, 0
771000, 154, 0, 0
771999, 163, 0, 0
772999, 151, 0, 0
774000, 163, 0, 0
774999, 151, 0, 0
775999, 148, 0, 0
776999, 167, 0, 0
778000, 144, 0, 0
778999, 158, 0, 0
779999, 141, 0, 0
781000, 159, 0, 0
782000, 166, 0, 0
782999, 155, 0, 0
784000, 159, 0, 0
785000, 133, 0, 0
785999, 156, 0, 0
787000, 147, 0, 0
788000, 140, 0, 0
788999, 156, 0, 0
789999, 131, 0, 0
791000, 153, 0, 0
791999, 142, 0, 0
792999, 165, 0, 0
794000, 160, 0, 0
794999, 145, 0, 0
795999, 151, 0, 0
797000, 153, 0, 0
798000, 142, 0, 0
798999, 143, 0, 0
799999, 165, 0, 0
801000, 148, 0, 0
801999, 147, 0, 0
802999, 160, 0, 0
804000, 148, 0, 0
804999, 164, 0, 0
805999, 160, 0, 0
807000, 158, 0, 0
807999, 150, 0, 0
808999, 156, 0, 0
810000, 150, 0, 0
810999, 153, 0, 0
811999, 145, 0, 0
813000, 153, 0, 0
813999, 150, 0, 0
814999, 164, 0, 0
816000, 157, 0, 0
816999, 144, 0, 0
817999, 173, 0, 0
819000, 149, 0, 0
820000, 151, 0, 0
820999, 151, 0, 0
821999, 148, 0, 0
823000, 151, 0, 0
823999, 155, 0, 0
824999, 150, 0, 0
826000, 171, 0, 0
826999, 131, 0, 0
827999, 164, 0, 0
829000, 171, 0, 0
830000, 150, 0, 0
830999, 141, 0, 0
832000, 165, 0, 0
833000, 143, 0, 0
833999, 163, 0, 0
834999, 160, 0, 0
836000, 163, 0, 0
836999, 145, 0, 0
837999, 162, 0, 0
839000, 158, 0, 0
839999, 169, 0, 0
840999, 152, 0, 0
842000, 154, 0, 0
843000, 165, 0, 0
843999, 153, 0, 0
845000, 152, 0, 0
846000, 123, 0, 0
846999, 171, 0, 0
847999, 150, 0, 0
849000, 176, 0, 0
849999, 153, 0, 0
850999, 143, 0, 0
852000, 153, 0, 0
852999, 153, 0, 0
853999, 152, 0, 0
855000, 156, 0, 0
855999, 153, 0, 0
856999, 142, 0, 0
858000, 161, 0, 0
858999, 143, 0, 0
859999, 150, 0, 0
861000, 125, 0, 0
862000, 166, 0, 0
862999, 145, 0, 0
864000, 158, 0, 0
865000, 143, 0, 0
865999, 173, 0, 0
867000, 153, 0, 0
867999, 152, 0, 0
868999, 166, 0, 0
869999, 161, 0, 0
871000, 166, 0, 0
871999, 164, 0, 0
872999, 154, 0, 0
874000, 161, 0, 0
875000, 151, 0, 0
875999, 151, 0, 0
876999, 173, 0, 0
878000, 152, 0, 0
878999, 150, 0, 0
879999, 158, 0, 0
880999, 154, 0, 0
881999, 158, 0, 0
882999, 153, 0, 0
884000, 180, 0, 0
885000, 141, 0, 0
885999, 135, 0, 0
887000, 146, 0, 0
887999, 153, 0, 0
888999, 154, 0, 0
889999, 151, 0, 0
891000, 157, 0, 0
891999, 151, 0, 0
892999, 141, 0, 0
894000, 155, 0, 0
895000, 158, 0, 0
895999, 164, 0, 0
896999, 169, 0, 0
898000, 148, 0, 0
898999, 134, 0, 0
899999, 169, 0, 0
901000, 169, 0, 0
901999, 164, 0, 0
902999, 162, 0, 0
904000, 157, 0, 0
905000, 160, 0, 0
905999, 156, 0, 0
906999, 144, 0, 0
908000, 161, 0, 0
908999, 153, 0, 0
909999, 160, 0, 0
911000, 157, 0, 0
911999, 165, 0, 0
912999, 152, 0, 0
914000, 150, 0, 0
915000, 169, 0, 0
915999, 149, 0, 0
916999, 146, 0, 0
918000, 147, 0, 0
918999, 151, 0, 0
919999, 158, 0, 0
921000, 149, 0, 0
922000, 153, 0, 0
922999, 166, 0, 0
923999, 136, 0, 0
925000, 170, 0, 0
925999, 144, 0, 0
926999, 161, 0, 0
928000, 159, 0, 0
928999, 167, 0, 0
929999, 146, 0, 0
931000, 148, 0, 0
931999, 154, 0, 0
932999, 137, 0, 0
934000, 151, 0, 0
935000, 164, 0, 0
935999, 155, 0, 0
937000, 147, 0, 0
938000, 132, 0, 0
938999, 118, 0, 0
939999, 150, 0, 0
941000, 151, 0, 0
941999, 170, 0, 0
943000, 161, 0, 0
944000, 167, 0, 0
944999, 149, 0, 0
946000, 151, 0, 0
946999, 139, 0, 0
947999, 144, 0, 0
949000, 152, 0, 0
950000, 167, 0, 0
950999, 158, 0, 0
951999, 153, 0, 0
953000, 155, 0, 0
953999, 168, 0, 0
954999, 162, 0, 0
955999, 151, 0, 0
956999, 168, 0, 0
957999, 164, 0, 0
959000, 154, 0, 0
959999, 130, 0, 0
960999, 157, 0, 0
962000, 145, 0, 0
963000, 160, 0, 0
963999, 162, 0, 0
964999, 154, 0, 0
966000, 153, 0, 0
966999, 163, 0, 0
967999, 155, 0, 0
968999, 143, 0, 0
969999, 170, 0, 0
971000, 137, 0, 0
972000, 147, 0, 0
972999, 159, 0, 0
974000, 171, 0, 0
975000, 142, 0, 0
975999, 149, 0, 0
976999, 156, 0, 0
978000, 161, 0, 0
978999, 158, 0, 0
979999, 156, 0, 0
981000, 172, 0, 0
981999, 157, 0, 0
983000, 150, 0, 0
984000, 176, 0, 0
984999, 163, 0, 0
986000, 153, 0, 0
987000, 149, 0, 0
987999, 159, 0, 0
989000, 163, 0, 0
989999, 149, 0, 0
990999, 158, 0, 0
992000, 164, 0, 0
993000, 135, 0, 0
993999, 153, 0, 0
995000, 167, 0, 0
996000, 145, 0, 0
996999, 146, 0, 0
997999, 150, 0, 0
999000, 160, 0, 0
999999, 152, 0, 0
1000999, 159, 0, 0
1002000, 173, 0, 0
1002999, 157, 0, 0
1003999, 146, 0, 0
1005000, 150, 0, 0
1005999, 160, 0, 0
1006999, 160, 0, 0
1008000, 151, 0, 0
1009000, 152, 0, 0
1009999, 153, 0, 0
1011000, 144, 0, 0
1012000, 161, 0, 0
1012999, 148, 0, 0
1014000, 161, 0, 0
1015000, 152, 0, 0
1015999, 160, 0, 0
1017000, 127, 0, 0
1018000, 158, 0, 0
1018999, 145, 0, 0
1019999, 157, 0, 0
1021000, 156, 0, 0
1021999, 133, 0, 0
1022999, 157, 0, 0
1024000, 156, 0, 0
1025000, 155, 0, 0
1025999, 156, 0, 0
1026999, 153, 0, 0
1028000, 176, 0, 0
1029000, 153, 0, 0
1029999, 143, 0, 0
1031000, 158, 0, 0
1032000, 148, 0, 0
1032999, 159, 0, 0
1033999, 154, 0, 0
1035000, 172, 0, 0
1035999, 144, 0, 0
1036999, 166, 0, 0
1038000, 150, 0, 0
1038999, 157, 0, 0
1039999, 161, 0, 0
1040999, 149, 0, 0
1042000, 184, 0, 0
1042999, 161, 0, 0
1043999, 153, 0, 0
1045000, 154, 0, 0
1045999, 141, 0, 0
1046999, 133, 0, 0
1048000, 157, 0, 0
1049000, 173, 0, 0
1049999, 160, 0, 0
1051000, 149, 0, 0
1052000, 149, 0, 0
1052999, 189, 0, 0
1053999, 154, 0, 0
1055000, 160, 0, 0
1055999, 168, 0, 0
1056999, 152, 0, 0
1058000, 164, 0, 0
1058999, 161, 0, 0
1059999, 141, 0, 0
1061000, 158, 0, 0
1061999, 150, 0, 0
1062999, 131, 0, 0
1064000, 173, 0, 0
1065000, 176, 0, 0
1065999, 142, 0, 0
1066999, 173, 0, 0
1068000, 159, 0, 0
1068999, 149, 0, 0
1069999, 150, 0, 0
1071000, 133, 0, 0
1071999, 171, 0, 0
1072999, 159, 0, 0
1074000, 152, 0, 0
1075000, 156, 0, 0
1075999, 158, 0, 0
1077000, 164, 0, 0
1078000, 163, 0, 0
1078999, 149, 0, 0
1080000, 160, 0, 0
1080999, 151, 0, 0
1081999, 166, 0, 0
1083000, 157, 0, 0
1084000, 148, 0, 0
1084999, 148, 0, 0
1085999, 149, 0, 0
1087000, 150, 0, 0
1087999, 149, 0, 0
1088999, 155, 0, 0
1090000, 149, 0, 0
1091000, 151, 0, 0
1091999, 167, 0, 0
1093000, 160, 0, 0
1094000, 146, 0, 0
1094999, 150, 0, 0
1095999, 139, 0, 0
1097000, 162, 0, 0
1097999, 148, 0, 0
1098999, 169, 0, 0
1100000, 159, 0, 0
1100999, 146, 0, 0
1101999, 157, 0, 0
1102999, 149, 0, 0
1104000, 153, 0, 0
1104999, 158, 0, 0
1105999, 153, 0, 0
1107000, 155, 0, 0
1108000, 166, 0, 0
1108999, 165, 0, 0
1109999, 156, 0, 0
1111000, 163, 0, 0
1111999, 158, 0, 0
1112999, 155, 0, 0
1114000, 170, 0, 0
1115000, 153, 0, 0
1115999, 145, 0, 0
1117000, 149, 0, 0
1118000, 174, 0, 0
1118999, 147, 0, 0
1119999, 172, 0, 0
1121000, 150, 0, 0
1121999, 154, 0, 0
1122999, 159, 0, 0
1124000, 137, 0, 0
1125000, 149, 0, 0
1125999, 148, 0, 0
1126999, 153, 0, 0
1128000, 160, 0, 0
1128999, 144, 0, 0
1129999, 152, 0, 0
1131000, 160, 0, 0
1131999, 154, 0, 0
1132999, 153, 0, 0
1134000, 153, 0, 0
1134999, 169, 0, 0
1135999, 172, 0, 0
1137000, 149, 0, 0
1138000, 131, 0, 0
1138999, 144, 0, 0
1140000, 164, 0, 0
1141000, 160, 0, 0
1141999, 161, 0, 0
1142999, 152, 0, 0
1144000, 148, 0, 0
1144999, 174, 0, 0
1145999, 156, 0, 0
1146999, 140, 0, 0
1148000, 157, 0, 0
1148999, 154, 0, 0
1149999, 154, 0, 0
1151000, 166, 0, 0
1151999, 159, 0, 0
1152999, 134, 0, 0
1154000, 155, 0, 0
1155000, 178, 0, 0
1155999, 154, 0, 0
1157000, 159, 0, 0
1158000, 155, 0, 0
1158999, 152, 0, 0
1159999, 165, 0, 0
1161000, 157, 0, 0
1161999, 135, 0, 0
1162999, 146, 0, 0
1164000, 142, 0, 0
1165000, 145, 0, 0
1165999, 141, 0, 0
1167000, 150, 0, 0
1168000, 132, 0, 0
1168999, 145, 0, 0
1169999, 164, 0, 0
1171000, 148, 0, 0
1171999, 148, 0, 0
1172999, 152, 0, 0
1174000, 152, 0, 0
1175000, 150, 0, 0
1175999, 158, 0, 0
1176999, 165, 0, 0
1178000, 154, 0, 0
1178999, 155, 0, 0
1179999, 166, 0, 0
1181000, 152, 0, 0
1181999, 156, 0, 0
1182999, 162, 0, 0
1184000, 155, 0, 0
1185000, 157, 0, 0
1185999, 159, 0, 0
1186999, 143, 0, 0
1188000, 162, 0, 0
1189000, 145, 0, 0
1189999, 158, 0, 0
1191000, 142, 0, 0
1192000, 153, 0, 0
1192999, 148, 0, 0
1193999, 157, 0, 0
1195000, 156, 0, 0
1195999, 134, 0, 0
1196999, 163, 0, 0
1198000, 151, 0, 0
1198999, 165, 0, 0
1199999, 150, 0, 0
1201000, 159, 0, 0
1201999, 150, 0, 0
1202999, 158, 0, 0
1204000, 153, 0, 0
1204999, 180, 0, 0
1205999, 144, 0, 0
1207000, 154, 0, 0
1207999, 166, 0, 0
1208999, 156, 0, 0
1210000, 165, 0, 0
1210999, 152, 0, 0
1211999, 143, 0, 0
1213000, 145, 0, 0
1213999, 165, 0, 0
1214999, 156, 0, 0
1216000, 160, 0, 0
1216999, 128, 0, 0
1217999, 144, 0, 0
1219000, 165, 0, 0
1220000, 157, 0, 0
1220999, 152, 0, 0
1221999, 158, 0, 0
1223000, 142, 0, 0
1223999, 158, 0, 0
1224999, 167, 0, 0
1226000, 162, 0, 0
1226999, 151, 0, 0
1227999, 157, 0, 0
1229000, 153, 0, 0
1230000, 161, 0, 0
1230999, 159, 0, 0
1232000, 155, 0, 0
1232999, 165, 0, 0
1233999, 145, 0, 0
1235000, 167, 0, 0
1236000, 160, 0, 0
1236999, 170, 0, 0
1238000, 153, 0, 0
1239000, 163, 0, 0
1239999, 160, 0, 0
1240999, 155, 0, 0
1242000, 164, 0, 0
1242999, 150, 0, 0
1243999, 164, 0, 0
1245000, 158, 0, 0
1245999, 163, 0, 0
1246999, 142, 0, 0
1248000, 166, 0, 0
1249000, 148, 0, 0
1249999, 147, 0, 0
1251000, 146, 0, 0
1252000, 162, 0, 0
1252999, 141, 0, 0
1254000, 172, 0, 0
1255000, 157, 0, 0
1255999, 136, 0, 0
1256999, 162, 0, 0
1258000, 151, 0, 0
1259000, 153, 0, 0
1259999, 150, 0, 0
1261000, 160, 0, 0
1261999, 149, 0, 0
1262999, 157, 0, 0
1263999, 160, 0, 0
1265000, 148, 0, 0
1265999, 156, 0, 0
1266999, 161, 0, 0
1268000, 163, 0, 0
1268999, 166, 0, 0
1269999, 159, 0, 0
1271000, 167, 0, 0
1271999, 150, 0, 0
1273000, 167, 0, 0
1274000, 155, 0, 0
1274999, 144, 0, 0
1275999, 150, 0, 0
1277000, 145, 0, 0
1277999, 147, 0, 0
1278999, 159, 0, 0
1280000, 159, 0, 0
1280999, 158, 0, 0
1281999, 158, 0, 0
1283000, 164, 0, 0
1283999, 158, 0, 0
1284999, 161, 0, 0
1286000, 143, 0, 0
1287000, 177, 0, 0
1287999, 160, 0, 0
1289000, 157, 0, 0
1289999, 169, 0, 0
1290999, 147, 0, 0
1292000, 162, 0, 0
1293000, 166, 0, 0
1293999, 171, 0, 0
1295000, 138, 0, 0
1296000, 160, 0, 0
1296999, 142, 0, 0
1297999, 167, 0, 0
1299000, 151, 0, 0
1299999, 161, 0, 0
1300999, 151, 0, 0
1302000, 143, 0, 0
1302999, 165, 0, 0
1303999, 151, 0, 0
1304999, 148, 0, 0
1305999, 151, 0, 0
1307000, 165, 0, 0
1307999, 146, 0, 0
1308999, 146, 0, 0
1310000, 158, 0, 0
1311000, 167, 0, 0
1311999, 145, 0, 0
1313000, 161, 0, 0
1314000, 148, 0, 0
1314999, 120, 0, 0
1315999, 163, 0, 0
1317000, 150, 0, 0
1318000, 154, 0, 0
1318999, 161, 0, 0
1319999, 164, 0, 0
1321000, 161, 0, 0
1321999, 163, 0, 0
1322999, 156, 0, 0
1324000, 151, 0, 0
1325000, 154, 0, 0
1325999, 169, 0, 0
1326999, 131, 0, 0
1328000, 157, 0, 0
1328999, 154, 0, 0
1329999, 157, 0, 0
1331000, 168, 0, 0
1331999, 164, 0, 0
1332999, 146, 0, 0
1334000, 149, 0, 0
1335000, 156, 0, 0
1335999, 150, 0, 0
1336999, 160, 0, 0
1338000, 153, 0, 0
1338999, 152, 0, 0
1339999, 148, 0, 0
1341000, 159, 0, 0
1341999, 151, 0, 0
1343000, 154, 0, 0
1344000, 164, 0, 0
1344999, 161, 0, 0
1345999, 156, 0, 0
1347000, 158, 0, 0
1347999, 160, 0, 0
1348999, 160, 0, 0
1350000, 140, 0, 0
1350999, 175, 0, 0
1351999, 161, 0, 0
1353000, 144, 0, 0
1353999, 157, 0, 0
1354999, 178, 0, 0
1356000, 135, 0, 0
1357000, 173, 0, 0
1357999, 145, 0, 0
1359000, 151, 0, 0
1360000, 176, 0, 0
1360999, 165, 0, 0
1362000, 121, 0, 0
1363000, 157, 0, 0
1363999, 165, 0, 0
1364999, 169, 0, 0
1366000, 166, 0, 0
1366999, 145, 0, 0
1367999, 176, 0, 0
1369000, 159, 0, 0
1369999, 160, 0, 0
1370999, 151, 0, 0
1372000, 177, 0, 0
1372999, 160, 0, 0
1373999, 147, 0, 0
1375000, 138, 0, 0
1376000, 146, 0, 0
1376999, 147, 0, 0
1377999, 164, 0, 0
1379000, 151, 0, 0
1379999, 166, 0, 0
1380999, 152, 0, 0
1382000, 158, 0, 0
1382999, 150, 0, 0
1383999, 153, 0, 0
1385000, 155, 0, 0
1386000, 147, 0, 0
1386999, 165, 0, 0
1388000, 140, 0, 0
1389000, 155, 0, 0
1389999, 155, 0, 0
1390999, 147, 0, 0
1392000, 158, 0, 0
1392999, 158, 0, 0
1393999, 167, 0, 0
1395000, 160, 0, 0
1396000, 164, 0, 0
1396999, 156, 0, 0
1398000, 166, 0, 0
1398999, 145, 0, 0
1399999, 142, 0, 0
1401000, 157, 0, 0
1402000, 165, 0, 0
1402999, 152, 0, 0
1403999, 175, 0, 0
1405000, 151, 0, 0
1405999, 167, 0, 0
1406999, 161, 0, 0
1408000, 158, 0, 0
1408999, 158, 0, 0
1409999, 160, 0, 0
1411000, 178, 0, 0
1412000, 166, 0, 0
1412999, 180, 0, 0
1414000, 144, 0, 0
1415000, 143, 0, 0
1415999, 135, 0, 0
1416999, 150, 0, 0
1418000, 170, 0, 0
1418999, 142, 0, 0
1419999, 146, 0, 0
1421000, 146, 0, 0
1421999, 154, 0, 0
1422999, 157, 0, 0
1424000, 165, 0, 0
1424999, 146, 0, 0
1425999, 147, 0, 0
1427000, 167, 0, 0
1427999, 171, 0, 0
1428999, 150, 0, 0
1430000, 158, 0, 0
1430999, 160, 0, 0
1431999, 148, 0, 0
1433000, 191, 0, 0
1433999, 151, 0, 0
1434999, 156, 0, 0
1436000, 166, 0, 0
1437000, 153, 0, 0
1437999, 153, 0, 0
1438999, 160, 0, 0
1440000, 147, 0, 0
1440999, 161, 0, 0
1441999, 153, 0, 0
1443000, 158, 0, 0
1443999, 149, 0, 0
1444999, 162, 0, 0
1446000, 157, 0, 0
1446999, 140, 0, 0
1447999, 158, 0, 0
1448999, 162, 0, 0
1450000, 164, 0, 0
1450999, 145, 0, 0
1451999, 156, 0, 0
1453000, 150, 0, 0
1453999, 148, 0, 0
1454999, 153, 0, 0
1456000, 136, 0, 0
1456999, 162, 0, 0
1457999, 155, 0, 0
1459000, 153, 0, 0
1459999, 154, 0, 0
1460999, 142, 0, 0
1462000, 154, 0, 0
1463000, 150, 0, 0
1463999, 148, 0, 0
1464999, 155, 0, 0
1466000, 144, 0, 0
1467000, 166, 0, 0
1467999, 153, 0, 0
1468999, 140, 0, 0
1470000, 156, 0, 0
1470999, 150, 0, 0
1471999, 148, 0, 0
1473000, 155, 0, 0
1473999, 153, 0, 0
1474999, 144, 0, 0
1475999, 146, 0, 0
1477000, 153, 0, 0
1477999, 146, 0, 0
1478999, 171, 0, 0
1480000, 151, 0, 0
1481000, 158, 0, 0
1481999, 153, 0, 0
1483000, 128, 0, 0
1484000, 152, 0, 0
1484999, 173, 0, 0
1485999, 157, 0, 0
1487000, 154, 0, 0
1487999, 154, 0, 0
1488999, 170, 0, 0
1490000, 131, 0, 0
1490999, 158, 0, 0
1491999, 150, 0, 0
1493000, 156, 0, 0
1493999, 164, 0, 0
1494999, 166, 0, 0
1496000, 157, 0, 0
1497000, 154, 0, 0
1497999, 168, 0, 0
1498999, 161, 0, 0
1500000, 148, 0, 0
1500999, 165, 0, 0
1501999, 146, 0, 0
1503000, 154, 0, 0
1503999, 159, 0, 0
1504999, 138, 0, 0
1506000, 164, 0, 0
1506999, 154, 0, 0
1507999, 180, 0, 0
1509000, 135, 0, 0
1510000, 161, 0, 0
1510999, 151, 0, 0
1511999, 160, 0, 0
1513000, 167, 0, 0
1513999, 154, 0, 0
1514999, 161, 0, 0
1516000, 155, 0, 0
1516999, 150, 0, 0
1517999, 146, 0, 0
1519000, 156, 0, 0
1519999, 159, 0, 0
1520999, 138, 0, 0
1522000, 163, 0, 0
1523000, 157, 0, 0
1523999, 162, 0, 0
1524999, 156, 0, 0
1526000, 143, 0, 0
1526999, 167, 0, 0
1527999, 158, 0, 0
1529000, 164, 0, 0
1529999, 166, 0, 0
1530999, 153, 0, 0
1531999, 149, 0, 0
1533000, 144, 0, 0
1533999, 138, 0, 0
1534999, 171, 0, 0
1536000, 174, 0, 0
1536999, 158, 0, 0
1537999, 163, 0, 0
1539000, 157, 0, 0
1540000, 178, 0, 0
1540999, 144, 0, 0
1541999, 171, 0, 0
1543000, 160, 0, 0
1543999, 161, 0, 0
1545000, 160, 0, 0
1546000, 159, 0, 0
1546999, 144, 0, 0
1547999, 176, 0, 0
1549000, 150, 0, 0
1549999, 161, 0, 0
1550999, 173, 0, 0
1552000, 140, 0, 0
1553000, 166, 0, 0
1553999, 159, 0, 0
1554999, 157, 0, 0
1556000, 139, 0, 0
1556999, 147, 0, 0
1557999, 138, 0, 0
1559000, 145, 0, 0
1560000, 166, 0, 0
1560999, 137, 0, 0
1562000, 162, 0, 0
1563000, 149, 0, 0
1563999, 170, 0, 0
1564999, 151, 0, 0
1566000, 160, 0, 0
1566999, 144, 0, 0
1567999, 165, 0, 0
1569000, 166, 0, 0
1570000, 158, 0, 0
1570999, 162, 0, 0
1571999, 153, 0, 0
1573000, 152, 0, 0
1573999, 163, 0, 0
1574999, 148, 0, 0
1576000, 146, 0, 0
1576999, 148, 0, 0
1577999, 160, 0, 0
1579000, 149, 0, 0
1580000, 140, 0, 0
1580999, 161, 0, 0
1582000, 163, 0, 0
1583000, 167, 0, 0
1583999, 152, 0, 0
1584999, 144, 0, 0
1586000, 153, 0, 0
1586999, 158, 0, 0
1587999, 163, 0, 0
1589000, 148, 0, 0
1589999, 166, 0, 0
1590999, 174, 0, 0
1592000, 145, 0, 0
1592999, 148, 0, 0
1593999, 151, 0, 0
1595000, 135, 0, 0
1596000, 151, 0, 0
1596999, 164, 0, 0
1598000, 151, 0, 0
1599000, 160, 0, 0
1599999, 159, 0, 0
1600999, 160, 0, 0
1602000, 168, 0, 0
1602999, 159, 0, 0
1603999, 138, 0, 0
1605000, 143, 0, 0
1605999, 147, 0, 0
1606999, 144, 0, 0
1607999, 147, 0, 0
1609000, 163, 0, 0
1609999, 153, 0, 0
1610999, 149, 0, 0
1612000, 157, 0, 0
1612999, 164, 0, 0
1613999, 161, 0, 0
1614999, 155, 0, 0
1616000, 152, 0, 0
1616999, 146, 0, 0
1617999, 155, 0, 0
1619000, 164, 0, 0
1619999, 144, 0, 0
1620999, 154, 0, 0
1622000, 142, 0, 0
1623000, 165, 0, 0
1623999, 149, 0, 0
1625000, 152, 0, 0
1626000, 184, 0, 0
1626999, 147, 0, 0
1627999, 156, 0, 0
1629000, 174, 0, 0
1629999, 166, 0, 0
1630999, 149, 0, 0
1632000, 155, 0, 0
1632999, 150, 0, 0
1633999, 154, 0, 0
1635000, 156, 0, 0
1636000, 153, 0, 0
1636999, 147, 0, 0
1637999, 166, 0, 0
1639000, 158, 0, 0
1639999, 143, 0, 0
1641000, 160, 0, 0
1642000, 160, 0, 0
1642999, 169, 0, 0
1643999, 156, 0, 0
1645000, 167, 0, 0
1645999, 140, 0, 0
1646999, 157, 0, 0
1648000, 152, 0, 0
1648999, 183, 0, 0
1649999, 147, 0, 0
1651000, 151, 0, 0
1651999, 149, 0, 0
1652999, 143, 0, 0
1654000, 166, 0, 0
1655000, 146, 0, 0
1655999, 150, 0, 0
1656999, 167, 0, 0
1658000, 151, 0, 0
1658999, 153, 0, 0
1659999, 165, 0, 0
1661000, 154, 0, 0
1661999, 152, 0, 0
1662999, 150, 0, 0
1663999, 151, 0, 0
1665000, 171, 0, 0
1665999, 152, 0, 0
1666999, 151, 0, 0
1668000, 154, 0, 0
1668999, 154, 0, 0
1669999, 157, 0, 0
1670999, 169, 0, 0
1671999, 166, 0, 0
1672999, 154, 0, 0
1674000, 149, 0, 0
1674999, 156, 0, 0
1675999, 180, 0, 0
1677000, 162, 0, 0
1678000, 149, 0, 0
1678999, 160, 0, 0
1679999, 149, 0, 0
1681000, 173, 0, 0
1681999, 175, 0, 0
1682999, 162, 0, 0
1684000, 144, 0, 0
1684999, 160, 0, 0
1685999, 155, 0, 0
1686999, 160, 0, 0
1688000, 179, 0, 0
1688999, 155, 0, 0
1689999, 162, 0, 0
1691000, 149, 0, 0
1692000, 151, 0, 0
1692999, 165, 0, 0
1693999, 161, 0, 0
1695000, 144, 0, 0
1695999, 178, 0, 0
1696999, 147, 0, 0
1698000, 165, 0, 0
1699000, 159, 0, 0
1699999, 158, 0, 0
1700999, 165, 0, 0
1702000, 148, 0, 0
1702999, 185, 0, 0
1703999, 165, 0, 0
1704999, 154, 0, 0
1706000, 149, 0, 0
1706999, 152, 0, 0
1707999, 151, 0, 0
1709000, 146, 0, 0
1710000, 166, 0, 0
1710999, 153, 0, 0
1711999, 149, 0, 0
1713000, 153, 0, 0
1713999, 178, 0, 0
1714999, 163, 0, 0
1716000, 147, 0, 0
1716999, 169, 0, 0
1717999, 125, 0, 0
1718999, 153, 0, 0
1720000, 147, 0, 0
1720999, 142, 0, 0
1721999, 146, 0, 0
1723000, 162, 0, 0
1724000, 142, 0, 0
1724999, 145, 0, 0
1725999, 154, 0, 0
1727000, 155, 0, 0
1727999, 137, 0, 0
1728999, 160, 0, 0
1730000, 141, 0, 0
1731000, 137, 0, 0
1731999, 156, 0, 0
1732999, 163, 0, 0
1734000, 137, 0, 0
1734999, 175, 0, 0
1735999, 163, 0, 0
1737000, 146, 0, 0
1738000, 162, 0, 0
1738999, 133, 0, 0
1739999, 167, 0, 0
1741000, 156, 0, 0
1741999, 160, 0, 0
1742999, 153, 0, 0
1744000, 149, 0, 0
1744999, 140, 0, 0
1745999, 173, 0, 0
1747000, 147, 0, 0
1747999, 145, 0, 0
1748999, 146, 0, 0
1750000, 169, 0, 0
1751000, 164, 0, 0
1751999, 150, 0, 0
1753000, 144, 0, 0
1754000, 135, 0, 0
1754999, 161, 0, 0
1755999, 161, 0, 0
1757000, 167, 0, 0
1757999, 172, 0, 0
1758999, 147, 0, 0
1760000, 163, 0, 0
1761000, 175, 0, 0
1761999, 159, 0, 0
1762999, 164, 0, 0
1763999, 151, 0, 0
1765000, 164, 0, 0
1765999, 152, 0, 0
1766999, 161, 0, 0
1768000, 153, 0, 0
1769000, 153, 0, 0
1769999, 152, 0, 0
1770999, 169, 0, 0
1772000, 171, 0, 0
1772999, 162, 0, 0
1773999, 147, 0, 0
1775000, 173, 0, 0
1776000, 140, 0, 0
1776999, 153, 0, 0
1777999, 146, 0, 0
1779000, 152, 0, 0
1779999, 153, 0, 0
1780999, 168, 0, 0
1782000, 162, 0, 0
1782999, 147, 0, 0
1783999, 146, 0, 0
1785000, 136, 0, 0
1786000, 159, 0, 0
1786999, 167, 0, 0
1787999, 150, 0, 0
1789000, 154, 0, 0
1789999, 161, 0, 0
1790999, 155, 0, 0
1792000, 147, 0, 0
1792999, 160, 0, 0
1793999, 170, 0, 0
1795000, 147, 0, 0
1795999, 154, 0, 0
1796999, 124, 0, 0
1798000, 164, 0, 0
1799000, 147, 0, 0
1799999, 146, 0, 0
