1011, 441134298, 0, 0
2031, 442727265, 0, 0
3009, 445967458, 0, 0
4000, 463307276, 0, 0
5035, 449434570, 0, 0
6039, 443671293, 0, 0
7001, 434662327, 0, 0
8004, 452238086, 0, 0
9004, 435343666, 0, 0
10015, 458135854, 0, 0
11051, 438595487, 0, 0
12013, 429782087, 0, 0
13044, 445881220, 0, 0
14032, 449649057, 0, 0
15057, 440152755, 0, 0
16013, 453006314, 0, 0
17050, 432175045, 0, 0
18024, 455783475, 0, 0
19010, 421014132, 0, 0
20047, 459933791, 0, 0
21018, 448971913, 0, 0
22059, 432144895, 0, 0
23047, 430572621, 0, 0
24021, 441445529, 0, 0
25017, 431528371, 0, 0
26043, 422195115, 0, 0
27036, 375071880, 0, 0
28029, 447727572, 0, 0
29017, 438070879, 0, 0
30012, 471898940, 0, 0
31022, 432101584, 0, 0
32006, 443766688, 0, 0
33007, 447032584, 0, 0
34029, 442933820, 0, 0
35030, 426450214, 0, 0
36044, 420971741, 0, 0
37024, 424472318, 0, 0
38006, 427647296, 0, 0
39044, 437597394, 0, 0
40051, 446108334, 0, 0
41030, 442421616, 0, 0
42006, 412078523, 0, 0
43014, 416625834, 0, 0
44057, 422405288, 0, 0
45033, 430725589, 0, 0
46015, 428339893, 0, 0
47061, 434926691, 0, 0
48041, 435313007, 0, 0
49028, 409881596, 0, 0
50035, 442495722, 0, 0
51028, 434721450, 0, 0
52034, 416190114, 0, 0
53048, 438562490, 0, 0
54004, 437370178, 0, 0
55022, 415228752, 0, 0
56048, 417291735, 0, 0
57004, 422212114, 0, 0
58039, 424478364, 0, 0
59040, 427035866, 0, 0
60038, 440377784, 0, 0
61039, 405823116, 0, 0
62039, 413970606, 0, 0
63027, 439496082, 0, 0
64020, 414022468, 0, 0
65045, 428906740, 0, 0
66022, 427524364, 0, 0
67052, 420049707, 0, 0
68017, 412050515, 0, 0
69036, 406054286, 0, 0
70010, 437017803, 0, 0
71038, 407567590, 0, 0
72050, 389088662, 0, 0
73030, 408709868, 0, 0
74045, 407516100, 0, 0
75009, 413123206, 0, 0
76012, 421534294, 0, 0
77038, 404261559, 0, 0
78045, 393876102, 0, 0
79059, 441878590, 0, 0
80041, 450252024, 0, 0
81038, 391089403, 0, 0
82044, 419558858, 0, 0
83014, 414835895, 0, 0
84037, 404839883, 0, 0
85003, 415190512, 0, 0
86022, 393969912, 0, 0
87052, 390683568, 0, 0
88040, 432316127, 0, 0
89001, 403979461, 0, 0
90000, 424364970, 0, 0
91036, 389186432, 0, 0
92005, 401596596, 0, 0
93017, 383960055, 0, 0
94004, 402982118, 0, 0
95030, 418350490, 0, 0
96004, 392723465, 0, 0
97009, 411245468, 0, 0
98021, 378857151, 0, 0
99003, 399065068, 0, 0
100044, 405286517, 0, 0
101026, 372319096, 0, 0
102025, 393975868, 0, 0
103019, 414326584, 0, 0
104024, 410262833, 0, 0
105048, 413846771, 0, 0
106057, 368443664, 0, 0
107033, 412606817, 0, 0
108016, 377095745, 0, 0
109023, 354663227, 0, 0
110009, 397120807, 0, 0
111012, 406270394, 0, 0
112023, 386139810, 0, 0
113004, 391795614, 0, 0
114050, 396571124, 0, 0
115015, 361110832, 0, 0
116011, 400564275, 0, 0
117024, 373179030, 0, 0
118023, 373731263, 0, 0
119043, 382298187, 0, 0
120000, 373928896, 0, 0
121003, 362315523, 0, 0
122044, 338471001, 0, 0
123017, 372392804, 0, 0
124032, 380641976, 0, 0
125036, 378379883, 0, 0
126010, 385890050, 0, 0
127041, 360119130, 0, 0
128023, 343852560, 0, 0
129021, 386259958, 0, 0
130032, 369465041, 0, 0
131014, 383965580, 0, 0
132002, 351551218, 0, 0
133024, 367249408, 0, 0
134010, 361421240, 0, 0
135034, 415066999, 0, 0
136044, 361396358, 0, 0
137025, 388230389, 0, 0
138053, 385793483, 0, 0
139004, 351405521, 0, 0
140004, 395529463, 0, 0
141022, 367320679, 0, 0
142021, 360499043, 0, 0
143006, 320475105, 0, 0
144012, 343835284, 0, 0
145015, 358690994, 0, 0
146049, 366722975, 0, 0
147052, 359262330, 0, 0
148052, 342628023, 0, 0
149050, 342489221, 0, 0
150000, 345252347, 0, 0
151001, 384727741, 0, 0
152023, 361269987, 0, 0
153048, 352000454, 0, 0
154007, 377128688, 0, 0
155045, 388016945, 0, 0
156024, 382332281, 0, 0
157004, 347521030, 0, 0
158021, 343905557, 0, 0
159032, 333158729, 0, 0
160052, 345966904, 0, 0
161055, 365321640, 0, 0
162024, 348176760, 0, 0
163035, 349064265, 0, 0
164019, 341927214, 0, 0
165007, 363801832, 0, 0
166021, 338540567, 0, 0
167003, 381151284, 0, 0
168042, 353726477, 0, 0
169018, 357636447, 0, 0
170001, 349448318, 0, 0
171011, 358917664, 0, 0
172045, 324643531, 0, 0
173049, 333746241, 0, 0
174000, 342810218, 0, 0
175031, 349074575, 0, 0
176035, 318482661, 0, 0
177027, 336311721, 0, 0
178046, 335288114, 0, 0
179002, 329787532, 0, 0
180030, 363802898, 0, 0
181041, 316898905, 0, 0
182031, 344035732, 0, 0
183042, 334327509, 0, 0
184016, 328864872, 0, 0
185049, 308636346, 0, 0
186040, 325576043, 0, 0
187006, 327749004, 0, 0
188005, 339312809, 0, 0
189012, 319169279, 0, 0
190003, 323594352, 0, 0
191009, 319145332, 0, 0
192026, 323460817, 0, 0
193005, 318507143, 0, 0
194011, 335677452, 0, 0
195016, 338857401, 0, 0
196025, 334510679, 0, 0
197047, 357795460, 0, 0
198046, 315090944, 0, 0
199034, 363018415, 0, 0
200045, 333425145, 0, 0
201038, 342339454, 0, 0
202006, 327992009, 0, 0
203013, 333065726, 0, 0
204039, 324274206, 0, 0
205000, 325143957, 0, 0
206055, 329227776, 0, 0
207039, 331951811, 0, 0
208042, 313601317, 0, 0
209014, 325146295, 0, 0
210049, 335680249, 0, 0
211000, 342893197, 0, 0
212058, 317090289, 0, 0
213003, 349957175, 0, 0
214001, 322828074, 0, 0
215019, 289915521, 0, 0
216015, 322800085, 0, 0
217055, 294537657, 0, 0
218056, 309634083, 0, 0
219026, 337007342, 0, 0
220040, 303599902, 0, 0
221054, 333405507, 0, 0
222003, 322577153, 0, 0
223011, 303543240, 0, 0
224040, 305596641, 0, 0
225041, 313031552, 0, 0
226045, 303563443, 0, 0
227003, 275490703, 0, 0
228052, 307964397, 0, 0
229040, 337721548, 0, 0
230026, 300232362, 0, 0
231065, 336085433, 0, 0
232044, 313891214, 0, 0
233019, 316123814, 0, 0
234036, 320937081, 0, 0
235005, 274625772, 0, 0
236052, 312482250, 0, 0
237006, 325012566, 0, 0
238037, 293833145, 0, 0
239031, 300709822, 0, 0
240052, 273606910, 0, 0
241022, 292788007, 0, 0
242000, 328943218, 0, 0
243036, 330176994, 0, 0
244008, 299690058, 0, 0
245035, 303025066, 0, 0
246002, 313704937, 0, 0
247035, 310164696, 0, 0
248047, 304265726, 0, 0
249000, 309898337, 0, 0
250026, 315888169, 0, 0
251005, 314368949, 0, 0
252042, 318720135, 0, 0
253023, 293063669, 0, 0
254000, 292841796, 0, 0
255029, 308774680, 0, 0
256019, 277573120, 0, 0
257035, 282828407, 0, 0
258035, 291896422, 0, 0
259054, 292600279, 0, 0
260000, 266514972, 0, 0
261044, 286928952, 0, 0
262050, 255109715, 0, 0
263039, 286912481, 0, 0
264018, 291703428, 0, 0
265048, 292428433, 0, 0
266027, 286009280, 0, 0
267003, 258649853, 0, 0
268036, 296726064, 0, 0
269042, 303863217, 0, 0
270030, 310867428, 0, 0
271015, 279681472, 0, 0
272003, 280236533, 0, 0
273041, 301562797, 0, 0
274048, 294116191, 0, 0
275044, 272134933, 0, 0
276010, 307813374, 0, 0
277036, 274732659, 0, 0
278050, 278691646, 0, 0
279049, 313380962, 0, 0
280022, 293879742, 0, 0
281006, 299809217, 0, 0
282057, 273133866, 0, 0
283053, 296078274, 0, 0
284027, 273628842, 0, 0
285028, 286254864, 0, 0
286054, 249755807, 0, 0
287032, 308056389, 0, 0
288050, 279453828, 0, 0
289017, 266298508, 0, 0
290018, 289708897, 0, 0
291047, 314837032, 0, 0
292034, 290054314, 0, 0
293038, 281506856, 0, 0
294042, 260479580, 0, 0
295000, 265580192, 0, 0
296024, 260505775, 0, 0
297014, 282320577, 0, 0
298060, 263283189, 0, 0
299001, 284882094, 0, 0
300034, 281839792, 0, 0
301054, 293805651, 0, 0
302041, 245466134, 0, 0
303047, 261595205, 0, 0
304012, 281298008, 0, 0
305021, 265039098, 0, 0
306000, 267331955, 0, 0
307014, 274457940, 0, 0
308031, 270788194, 0, 0
309016, 268330585, 0, 0
310034, 277351732, 0, 0
311002, 248896440, 0, 0
312012, 264606739, 0, 0
313019, 241550073, 0, 0
314028, 254634397, 0, 0
315015, 261369747, 0, 0
316008, 244096100, 0, 0
317037, 279489222, 0, 0
318019, 282359501, 0, 0
319050, 231947952, 0, 0
320044, 253361549, 0, 0
321060, 257494971, 0, 0
322039, 274877351, 0, 0
323021, 263848087, 0, 0
324025, 247800426, 0, 0
325001, 299518786, 0, 0
326028, 268410399, 0, 0
327039, 254492200, 0, 0
328021, 261600779, 0, 0
329028, 266727992, 0, 0
330002, 257850866, 0, 0
331011, 263382642, 0, 0
332006, 237091494, 0, 0
333016, 256078483, 0, 0
334045, 251143512, 0, 0
335012, 231701797, 0, 0
336017, 260349575, 0, 0
337009, 233812736, 0, 0
338036, 230863830, 0, 0
339046, 239804205, 0, 0
340006, 249246239, 0, 0
341024, 221030871, 0, 0
342000, 247334503, 0, 0
343032, 228069529, 0, 0
344048, 250112596, 0, 0
345027, 264436478, 0, 0
346052, 231293971, 0, 0
347010, 236028631, 0, 0
348049, 262085916, 0, 0
349055, 251249754, 0, 0
350061, 260209617, 0, 0
351008, 265993123, 0, 0
352036, 248668493, 0, 0
353043, 242595560, 0, 0
354048, 232824768, 0, 0
355023, 241405434, 0, 0
356056, 243520325, 0, 0
357028, 251219356, 0, 0
358043, 230715182, 0, 0
359021, 221632163, 0, 0
360054, 233458484, 0, 0
361050, 235102695, 0, 0
362016, 239624097, 0, 0
363024, 241879077, 0, 0
364022, 248770729, 0, 0
365004, 230573069, 0, 0
366029, 256793751, 0, 0
367016, 232311864, 0, 0
368021, 227631457, 0, 0
369042, 254833305, 0, 0
370008, 236067297, 0, 0
371014, 225986980, 0, 0
372011, 217040205, 0, 0
373017, 227758276, 0, 0
374015, 219320283, 0, 0
375000, 219110858, 0, 0
376016, 220427461, 0, 0
377042, 224038848, 0, 0
378010, 235815254, 0, 0
379056, 234109472, 0, 0
380003, 216331550, 0, 0
381032, 242659910, 0, 0
382053, 209449959, 0, 0
383043, 215058552, 0, 0
384042, 233305589, 0, 0
385043, 226773979, 0, 0
386007, 234038296, 0, 0
387048, 212015110, 0, 0
388024, 230203058, 0, 0
389016, 225739790, 0, 0
390010, 212001780, 0, 0
391019, 227643828, 0, 0
392039, 227499528, 0, 0
393025, 222752367, 0, 0
394033, 206404881, 0, 0
395002, 221572355, 0, 0
396021, 216149625, 0, 0
397031, 195780933, 0, 0
398004, 222049101, 0, 0
399012, 217506004, 0, 0
400027, 204304340, 0, 0
401010, 198987788, 0, 0
402021, 210558184, 0, 0
403005, 213312369, 0, 0
404020, 208288184, 0, 0
405043, 216211571, 0, 0
406025, 229952217, 0, 0
407032, 225984501, 0, 0
408015, 206737514, 0, 0
409025, 196449328, 0, 0
410002, 227527188, 0, 0
411039, 193417576, 0, 0
412040, 187939500, 0, 0
413004, 214995894, 0, 0
414052, 222534820, 0, 0
415021, 217114125, 0, 0
416021, 201173331, 0, 0
417040, 192818212, 0, 0
418056, 204309949, 0, 0
419031, 200441289, 0, 0
420007, 205570874, 0, 0
421016, 202079987, 0, 0
422013, 184766703, 0, 0
423027, 194491325, 0, 0
424040, 186672227, 0, 0
425030, 206718388, 0, 0
426026, 201713578, 0, 0
427019, 192692100, 0, 0
428022, 185529529, 0, 0
429057, 212166432, 0, 0
430026, 208334551, 0, 0
431006, 198510231, 0, 0
432033, 169853746, 0, 0
433022, 206487102, 0, 0
434022, 206431575, 0, 0
435048, 197186527, 0, 0
436024, 199015610, 0, 0
437026, 194059830, 0, 0
438040, 188706957, 0, 0
439007, 189863433, 0, 0
440020, 182714892, 0, 0
441048, 202098190, 0, 0
442032, 167977033, 0, 0
443030, 198944438, 0, 0
444050, 187727993, 0, 0
445022, 173761256, 0, 0
446032, 158299086, 0, 0
447024, 187461736, 0, 0
448031, 204653956, 0, 0
449040, 171156390, 0, 0
450004, 175777080, 0, 0
451011, 199652233, 0, 0
452010, 160156963, 0, 0
453036, 210987875, 0, 0
454000, 186416967, 0, 0
455001, 173067977, 0, 0
456000, 182819765, 0, 0
457022, 171099975, 0, 0
458038, 177340145, 0, 0
459018, 180672623, 0, 0
460012, 178820825, 0, 0
461045, 178083892, 0, 0
462023, 153791879, 0, 0
463049, 179315859, 0, 0
464015, 189954898, 0, 0
465013, 170358261, 0, 0
466050, 162215754, 0, 0
467011, 149157046, 0, 0
468006, 179211126, 0, 0
469024, 239809402, 0, 0
470038, 166043761, 0, 0
471005, 165603196, 0, 0
472017, 171448144, 0, 0
473039, 146210200, 0, 0
474000, 157367110, 0, 0
475041, 165166263, 0, 0
476036, 177337763, 0, 0
477046, 158243802, 0, 0
478048, 154469688, 0, 0
479004, 175698560, 0, 0
480048, 165229855, 0, 0
481034, 155399253, 0, 0
482050, 184374686, 0, 0
483023, 161025665, 0, 0
484002, 153553927, 0, 0
485001, 153679478, 0, 0
486015, 162612186, 0, 0
487020, 163065049, 0, 0
488033, 169226497, 0, 0
489045, 195868970, 0, 0
490021, 207232235, 0, 0
491027, 179634168, 0, 0
492020, 159380388, 0, 0
493025, 140982622, 0, 0
494005, 150316909, 0, 0
495048, 166852843, 0, 0
496010, 162385931, 0, 0
497009, 151012229, 0, 0
498012, 149500216, 0, 0
499025, 165802781, 0, 0
500060, 166335388, 0, 0
501043, 158539154, 0, 0
502059, 150201365, 0, 0
503010, 137730479, 0, 0
504014, 135687823, 0, 0
505045, 162206118, 0, 0
506047, 156670967, 0, 0
507032, 153447828, 0, 0
508043, 165022207, 0, 0
509017, 150525214, 0, 0
510027, 173567887, 0, 0
511050, 146658742, 0, 0
512041, 139031189, 0, 0
513005, 133805921, 0, 0
514064, 144631723, 0, 0
515023, 150563465, 0, 0
516047, 142898563, 0, 0
517034, 134184885, 0, 0
518020, 115404170, 0, 0
519022, 160960514, 0, 0
520032, 142329719, 0, 0
521008, 141039932, 0, 0
522015, 133403806, 0, 0
523050, 145508325, 0, 0
524026, 142953464, 0, 0
525043, 118314144, 0, 0
526044, 129700271, 0, 0
527004, 130993514, 0, 0
528046, 165000445, 0, 0
529016, 135431336, 0, 0
530023, 126361424, 0, 0
531017, 128178332, 0, 0
532025, 153267686, 0, 0
533049, 144325013, 0, 0
534033, 134801858, 0, 0
535054, 134671409, 0, 0
536016, 123947148, 0, 0
537043, 126951814, 0, 0
538026, 130679533, 0, 0
539044, 137075328, 0, 0
540001, 122218076, 0, 0
541014, 130651901, 0, 0
542022, 118584313, 0, 0
543002, 133414797, 0, 0
544030, 132908247, 0, 0
545057, 128795859, 0, 0
546031, 111813194, 0, 0
547015, 154563793, 0, 0
548035, 140585096, 0, 0
549028, 135286339, 0, 0
550057, 109461915, 0, 0
551011, 120273133, 0, 0
552025, 102529196, 0, 0
553037, 122026037, 0, 0
554000, 112289954, 0, 0
555023, 125208902, 0, 0
556043, 122714822, 0, 0
557019, 123210937, 0, 0
558045, 109599465, 0, 0
559053, 130044974, 0, 0
560019, 128664732, 0, 0
561044, 103771303, 0, 0
562035, 134153435, 0, 0
563043, 124766873, 0, 0
564049, 123810200, 0, 0
565029, 118224866, 0, 0
566053, 122652177, 0, 0
567046, 102928446, 0, 0
568005, 125361163, 0, 0
569039, 116931634, 0, 0
570008, 127640168, 0, 0
571039, 98054416, 0, 0
572054, 98283149, 0, 0
573012, 110003590, 0, 0
574040, 120323135, 0, 0
575012, 101257749, 0, 0
576053, 105990076, 0, 0
577048, 106184785, 0, 0
578026, 98564394, 0, 0
579018, 102080407, 0, 0
580002, 97323749, 0, 0
581001, 96787447, 0, 0
582051, 107642309, 0, 0
583057, 115967372, 0, 0
584018, 97939631, 0, 0
585049, 97392127, 0, 0
586033, 102463139, 0, 0
587028, 145877529, 0, 0
588038, 97724668, 0, 0
589035, 97889271, 0, 0
590018, 110701908, 0, 0
591005, 91949959, 0, 0
592054, 95267789, 0, 0
593000, 97770206, 0, 0
594021, 99688645, 0, 0
595017, 90780294, 0, 0
596006, 100176392, 0, 0
597022, 90446061, 0, 0
598018, 78876673, 0, 0
599054, 88060265, 0, 0
600035, 93158626, 0, 0
601057, 80809376, 0, 0
602015, 91738625, 0, 0
603048, 103902004, 0, 0
604009, 87840106, 0, 0
605010, 108504340, 0, 0
606032, 104368620, 0, 0
607052, 88239988, 0, 0
608011, 84343880, 0, 0
609028, 109418549, 0, 0
610005, 92040268, 0, 0
611040, 94748696, 0, 0
612007, 74407060, 0, 0
613013, 91262751, 0, 0
614008, 95024983, 0, 0
615048, 88427420, 0, 0
616028, 88511553, 0, 0
617034, 86081337, 0, 0
618014, 79908145, 0, 0
619032, 100119334, 0, 0
620051, 90498626, 0, 0
621021, 100197607, 0, 0
622032, 79417128, 0, 0
623028, 76751236, 0, 0
624003, 109425409, 0, 0
625037, 98153009, 0, 0
626016, 101207397, 0, 0
627048, 97877401, 0, 0
628005, 87409318, 0, 0
629010, 82149766, 0, 0
630028, 94406196, 0, 0
631029, 88233217, 0, 0
632006, 89665578, 0, 0
633081, 88193391, 0, 0
634027, 107244322, 0, 0
635003, 92924952, 0, 0
636045, 102814969, 0, 0
637044, 97539608, 0, 0
638038, 89090600, 0, 0
639041, 82116853, 0, 0
640019, 94333789, 0, 0
641038, 99708106, 0, 0
642043, 98662526, 0, 0
643016, 117442641, 0, 0
644004, 95470521, 0, 0
645012, 88294332, 0, 0
646023, 102614019, 0, 0
647045, 98442432, 0, 0
648025, 86756505, 0, 0
649023, 90792687, 0, 0
650011, 91434726, 0, 0
651006, 88007898, 0, 0
652022, 105233495, 0, 0
653042, 83970130, 0, 0
654012, 85417039, 0, 0
655005, 85279290, 0, 0
656035, 106823744, 0, 0
657024, 86262976, 0, 0
658033, 78589636, 0, 0
659087, 89009916, 0, 0
660030, 87888690, 0, 0
661028, 91995524, 0, 0
662013, 89551529, 0, 0
663041, 84239316, 0, 0
664029, 92598348, 0, 0
665025, 93165487, 0, 0
666000, 112906100, 0, 0
667032, 96063285, 0, 0
668023, 83996463, 0, 0
669026, 103721045, 0, 0
670029, 90209657, 0, 0
671052, 88666237, 0, 0
672051, 107344796, 0, 0
673033, 82050888, 0, 0
674048, 111787298, 0, 0
675004, 100856843, 0, 0
676051, 92397180, 0, 0
677035, 89899886, 0, 0
678047, 97354263, 0, 0
679059, 98145935, 0, 0
680062, 95561136, 0, 0
681007, 97659740, 0, 0
682007, 92021741, 0, 0
683028, 98988958, 0, 0
684040, 102782395, 0, 0
685046, 111021274, 0, 0
686039, 91667860, 0, 0
687049, 88831451, 0, 0
688036, 101518188, 0, 0
689062, 101148516, 0, 0
690024, 90581884, 0, 0
691085, 84935470, 0, 0
692033, 100468577, 0, 0
693044, 100187511, 0, 0
694023, 95492159, 0, 0
695037, 95823029, 0, 0
696033, 117411253, 0, 0
697000, 91967205, 0, 0
698017, 97631244, 0, 0
699008, 101685757, 0, 0
700014, 82388646, 0, 0
701044, 87670972, 0, 0
702006, 91845150, 0, 0
703010, 89898446, 0, 0
704039, 99835428, 0, 0
705022, 95389981, 0, 0
706025, 85242016, 0, 0
707024, 101958042, 0, 0
708031, 105432090, 0, 0
709011, 94286694, 0, 0
710054, 92897834, 0, 0
711041, 97047846, 0, 0
712001, 95868631, 0, 0
713050, 104290273, 0, 0
714037, 113343671, 0, 0
715017, 94365264, 0, 0
716002, 92927155, 0, 0
717014, 100145178, 0, 0
718045, 89419765, 0, 0
719049, 93517870, 0, 0
720046, 95169267, 0, 0
721051, 90831992, 0, 0
722020, 102063689, 0, 0
723030, 92409077, 0, 0
724014, 85920413, 0, 0
725049, 104267528, 0, 0
726031, 96469400, 0, 0
727026, 91642915, 0, 0
728046, 98501708, 0, 0
729016, 101155962, 0, 0
730054, 89285841, 0, 0
731012, 91352962, 0, 0
732000, 97283667, 0, 0
733034, 94029098, 0, 0
734033, 124231857, 0, 0
735005, 91472844, 0, 0
736032, 102558971, 0, 0
737054, 90394373, 0, 0
738037, 90511142, 0, 0
739007, 88981023, 0, 0
740059, 103989392, 0, 0
741002, 82391813, 0, 0
742022, 78691249, 0, 0
743037, 97503579, 0, 0
744051, 89520811, 0, 0
745027, 97283195, 0, 0
746044, 91978757, 0, 0
747034, 91741281, 0, 0
748025, 84009521, 0, 0
749044, 97711338, 0, 0
750024, 95680343, 0, 0
751027, 87181701, 0, 0
752045, 91299150, 0, 0
753034, 83250834, 0, 0
754005, 109926890, 0, 0
755016, 99738278, 0, 0
756006, 77585453, 0, 0
757000, 89831979, 0, 0
758003, 97196989, 0, 0
759017, 78525906, 0, 0
760032, 79296893, 0, 0
761013, 78373452, 0, 0
762047, 91592245, 0, 0
763002, 78167978, 0, 0
764043, 79945539, 0, 0
765054, 89091283, 0, 0
766031, 85015077, 0, 0
767022, 98984604, 0, 0
768041, 90023766, 0, 0
769041, 97273422, 0, 0
770022, 98458717, 0, 0
771048, 84756940, 0, 0
772043, 86754938, 0, 0
773040, 66629477, 0, 0
774056, 73016838, 0, 0
775020, 86088263, 0, 0
776013, 79380557, 0, 0
777001, 91704103, 0, 0
778039, 73498290, 0, 0
779030, 75277404, 0, 0
780035, 81030027, 0, 0
781000, 68140517, 0, 0
782000, 72859762, 0, 0
783059, 81319152, 0, 0
784048, 104707573, 0, 0
785046, 81132102, 0, 0
786000, 83955099, 0, 0
787010, 70101337, 0, 0
788033, 77766330, 0, 0
789002, 68171578, 0, 0
790037, 75811146, 0, 0
791017, 68100186, 0, 0
792048, 67904883, 0, 0
793009, 72809008, 0, 0
794001, 68188585, 0, 0
795000, 68154520, 0, 0
796011, 72817033, 0, 0
797015, 66650533, 0, 0
798078, 68530233, 0, 0
799077, 71819760, 0, 0
800007, 79197439, 0, 0
801002, 74755156, 0, 0
802022, 73584248, 0, 0
803007, 61653789, 0, 0
804039, 69989228, 0, 0
805011, 50254925, 0, 0
806036, 66748334, 0, 0
807033, 64953836, 0, 0
808044, 52340485, 0, 0
809050, 59456685, 0, 0
810002, 58345963, 0, 0
811028, 57369760, 0, 0
812036, 51406136, 0, 0
813012, 55391317, 0, 0
814038, 55866619, 0, 0
815037, 52247508, 0, 0
816023, 57542289, 0, 0
817020, 50737248, 0, 0
818038, 54341781, 0, 0
819026, 61725635, 0, 0
820025, 51164013, 0, 0
821020, 51171109, 0, 0
822021, 53151180, 0, 0
823052, 44206050, 0, 0
824051, 49159077, 0, 0
825030, 43051647, 0, 0
826025, 48949677, 0, 0
827005, 43580979, 0, 0
828032, 47233060, 0, 0
829015, 48713577, 0, 0
830026, 37483052, 0, 0
831019, 48287160, 0, 0
832040, 50679873, 0, 0
833035, 41014540, 0, 0
834032, 42484609, 0, 0
835037, 44517938, 0, 0
836035, 40916169, 0, 0
837017, 48868004, 0, 0
838049, 43180878, 0, 0
839025, 49875427, 0, 0
840034, 39704322, 0, 0
841017, 38811387, 0, 0
842031, 43235810, 0, 0
843025, 38367105, 0, 0
844010, 37238951, 0, 0
845037, 44396648, 0, 0
846027, 36370661, 0, 0
847028, 43121748, 0, 0
848024, 39902576, 0, 0
849019, 34652433, 0, 0
850051, 35676395, 0, 0
851031, 45707783, 0, 0
852023, 37619183, 0, 0
853045, 32525345, 0, 0
854033, 36734770, 0, 0
855029, 27291073, 0, 0
856039, 35031663, 0, 0
857035, 35803544, 0, 0
858053, 27888612, 0, 0
859026, 32221373, 0, 0
860053, 29310767, 0, 0
861015, 30158123, 0, 0
862011, 29661122, 0, 0
863042, 28249936, 0, 0
864051, 27256712, 0, 0
865031, 29314989, 0, 0
866048, 26451288, 0, 0
867031, 26225147, 0, 0
868022, 27225464, 0, 0
869049, 25972476, 0, 0
870004, 19968330, 0, 0
871008, 22513281, 0, 0
872055, 20768451, 0, 0
873000, 24537188, 0, 0
874044, 18800511, 0, 0
875033, 20118352, 0, 0
876024, 20413099, 0, 0
877051, 18867107, 0, 0
878026, 23185439, 0, 0
879048, 16423335, 0, 0
880005, 17419516, 0, 0
881030, 19248364, 0, 0
882014, 18579046, 0, 0
883000, 17347983, 0, 0
884045, 16808006, 0, 0
885024, 17340726, 0, 0
886053, 13991169, 0, 0
887043, 14153883, 0, 0
888049, 12030844, 0, 0
889047, 13499250, 0, 0
890039, 12267681, 0, 0
891038, 11374254, 0, 0
892007, 11025260, 0, 0
893027, 12537547, 0, 0
894011, 10021613, 0, 0
895027, 10602132, 0, 0
896041, 11748637, 0, 0
897044, 6566066, 0, 0
898017, 5021035, 0, 0
899015, 6112600, 0, 0
900026, 6542949, 0, 0
901027, 10101733, 0, 0
902048, 5012350, 0, 0
903005, 4282076, 0, 0
904015, 4508590, 0, 0
905041, 3006706, 0, 0
906000, 3338603, 0, 0
907000, 1894292, 0, 0
908020, 1861503, 0, 0
909000, 1178906, 0, 0
910000, 895688, 0, 0
911000, 842856, 0, 0
912000, 832760, 0, 0
913000, 831507, 0, 0
914000, 833244, 0, 0
915000, 836877, 0, 0
916000, 841343, 0, 0
917000, 835567, 0, 0
918000, 836108, 0, 0
919000, 835766, 0, 0
920000, 836634, 0, 0
921000, 835736, 0, 0
922000, 835455, 0, 0
923000, 831834, 0, 0
924000, 836693, 0, 0
925000, 835662, 0, 0
926000, 835719, 0, 0
927000, 836306, 0, 0
928000, 837921, 0, 0
929000, 839100, 0, 0
930000, 836734, 0, 0
931000, 835445, 0, 0
932000, 836792, 0, 0
933000, 835637, 0, 0
934000, 840143, 0, 0
935000, 836262, 0, 0
936000, 836823, 0, 0
937000, 837595, 0, 0
938000, 837064, 0, 0
939000, 833019, 0, 0
940000, 833545, 0, 0
941000, 837158, 0, 0
942000, 836396, 0, 0
943000, 831545, 0, 0
944000, 834711, 0, 0
945000, 834483, 0, 0
946000, 835728, 0, 0
947000, 834053, 0, 0
948000, 837689, 0, 0
949000, 836195, 0, 0
950000, 838303, 0, 0
951000, 835805, 0, 0
952000, 836007, 0, 0
953000, 835911, 0, 0
954000, 834163, 0, 0
955000, 837157, 0, 0
956000, 835620, 0, 0
957000, 838496, 0, 0
958000, 836074, 0, 0
959000, 838092, 0, 0
960000, 838125, 0, 0
961000, 835187, 0, 0
962000, 837364, 0, 0
963000, 836044, 0, 0
964000, 840891, 0, 0
965000, 839059, 0, 0
966000, 835894, 0, 0
967000, 835545, 0, 0
968000, 832387, 0, 0
969000, 837089, 0, 0
970000, 837578, 0, 0
971000, 832323, 0, 0
972000, 836074, 0, 0
973000, 835866, 0, 0
974000, 840179, 0, 0
975000, 836672, 0, 0
976000, 1058951, 0, 0
977000, 837075, 0, 0
978000, 834592, 0, 0
979000, 834947, 0, 0
980000, 836733, 0, 0
981000, 833974, 0, 0
982000, 836224, 0, 0
983000, 834148, 0, 0
984000, 838497, 0, 0
985000, 836598, 0, 0
986000, 837420, 0, 0
987000, 836963, 0, 0
988000, 835681, 0, 0
989000, 835078, 0, 0
990000, 835598, 0, 0
991000, 834255, 0, 0
992000, 834214, 0, 0
993000, 834633, 0, 0
994000, 835017, 0, 0
995000, 831972, 0, 0
996000, 834724, 0, 0
997000, 835042, 0, 0
998000, 834836, 0, 0
999000, 836632, 0, 0
1000000, 833732, 0, 0
1001000, 833338, 0, 0
1002000, 835171, 0, 0
1003000, 832506, 0, 0
1004000, 836801, 0, 0
1005000, 835062, 0, 0
1006000, 837159, 0, 0
1007000, 836728, 0, 0
1008000, 836023, 0, 0
1009000, 832106, 0, 0
1010000, 834995, 0, 0
1011000, 837346, 0, 0
1012000, 837446, 0, 0
1013000, 836276, 0, 0
1014000, 837428, 0, 0
1015000, 838650, 0, 0
1016000, 835893, 0, 0
1017000, 836417, 0, 0
1018000, 831887, 0, 0
1019000, 835105, 0, 0
1020000, 836577, 0, 0
1021000, 834448, 0, 0
1022000, 832715, 0, 0
1023000, 836368, 0, 0
1024000, 835051, 0, 0
1025000, 834502, 0, 0
1026000, 840669, 0, 0
1027000, 833310, 0, 0
1028000, 836052, 0, 0
1029000, 835019, 0, 0
1030000, 833126, 0, 0
1031000, 835703, 0, 0
1032000, 834075, 0, 0
1033000, 834098, 0, 0
1034000, 836185, 0, 0
1035000, 835544, 0, 0
1036000, 833167, 0, 0
1037000, 837038, 0, 0
1038000, 834891, 0, 0
1039000, 832042, 0, 0
1040000, 830979, 0, 0
1041000, 831964, 0, 0
1042000, 832572, 0, 0
1043000, 830315, 0, 0
1044000, 837848, 0, 0
1045000, 837339, 0, 0
1046000, 832758, 0, 0
1047000, 839487, 0, 0
1048000, 845774, 0, 0
1049000, 837081, 0, 0
1050000, 839924, 0, 0
1051000, 841634, 0, 0
1052000, 801246, 0, 0
1053000, 791890, 0, 0
1054000, 798247, 0, 0
1055000, 796645, 0, 0
1056000, 795941, 0, 0
1057000, 798054, 0, 0
1058000, 799810, 0, 0
1059000, 795832, 0, 0
1060000, 794925, 0, 0
1061000, 792564, 0, 0
1062000, 793473, 0, 0
1063000, 795271, 0, 0
1064000, 795996, 0, 0
1065000, 791699, 0, 0
1066000, 796675, 0, 0
1067000, 795115, 0, 0
1068000, 792869, 0, 0
1069000, 794766, 0, 0
1070000, 797693, 0, 0
1071000, 797014, 0, 0
1072000, 794987, 0, 0
1073000, 792325, 0, 0
1074000, 797629, 0, 0
1075000, 796317, 0, 0
1076000, 794342, 0, 0
1077000, 796194, 0, 0
1078000, 796036, 0, 0
1079000, 794912, 0, 0
1080000, 797431, 0, 0
1081000, 797720, 0, 0
1082000, 797362, 0, 0
1083000, 798391, 0, 0
1084000, 796046, 0, 0
1085000, 798787, 0, 0
1086000, 797332, 0, 0
1087000, 796435, 0, 0
1088000, 795272, 0, 0
1089000, 798751, 0, 0
1090000, 800028, 0, 0
1091000, 798641, 0, 0
1092000, 799751, 0, 0
1093000, 798737, 0, 0
1094000, 1016509, 0, 0
1095000, 800040, 0, 0
1096000, 799563, 0, 0
1097000, 798556, 0, 0
1098000, 798416, 0, 0
1099000, 799737, 0, 0
1100000, 797872, 0, 0
1101000, 797526, 0, 0
1102000, 800154, 0, 0
1103000, 799498, 0, 0
1104000, 800314, 0, 0
1105000, 798787, 0, 0
1106000, 805977, 0, 0
1107000, 799113, 0, 0
1108000, 799521, 0, 0
1109000, 800598, 0, 0
1110000, 798296, 0, 0
1111000, 805587, 0, 0
1112000, 801441, 0, 0
1113000, 800024, 0, 0
1114000, 799008, 0, 0
1115000, 801625, 0, 0
1116000, 803126, 0, 0
1117000, 799086, 0, 0
1118000, 800138, 0, 0
1119000, 802042, 0, 0
1120000, 800017, 0, 0
1121000, 800861, 0, 0
1122000, 800695, 0, 0
1123000, 799206, 0, 0
1124000, 802166, 0, 0
1125000, 801049, 0, 0
1126000, 798913, 0, 0
1127000, 802250, 0, 0
1128000, 802785, 0, 0
1129000, 800401, 0, 0
1130000, 801663, 0, 0
1131000, 801164, 0, 0
1132000, 800762, 0, 0
1133000, 799879, 0, 0
1134000, 803366, 0, 0
1135000, 803061, 0, 0
1136000, 802009, 0, 0
1137000, 801895, 0, 0
1138000, 803131, 0, 0
1139000, 800841, 0, 0
1140000, 802791, 0, 0
1141000, 801731, 0, 0
1142000, 801823, 0, 0
1143000, 805055, 0, 0
1144000, 802604, 0, 0
1145000, 800744, 0, 0
1146000, 811235, 0, 0
1147000, 802436, 0, 0
1148000, 804588, 0, 0
1149000, 803066, 0, 0
1150000, 807216, 0, 0
1151000, 803504, 0, 0
1152000, 805034, 0, 0
1153000, 803714, 0, 0
1154000, 801513, 0, 0
1155000, 804363, 0, 0
1156000, 804462, 0, 0
1157000, 801386, 0, 0
1158000, 800347, 0, 0
1159000, 804841, 0, 0
1160000, 806607, 0, 0
1161000, 802724, 0, 0
1162000, 802684, 0, 0
1163000, 804340, 0, 0
1164000, 805053, 0, 0
1165000, 803348, 0, 0
1166000, 804958, 0, 0
1167000, 803894, 0, 0
1168000, 803058, 0, 0
1169000, 801798, 0, 0
1170000, 803283, 0, 0
1171000, 803909, 0, 0
1172000, 804041, 0, 0
1173000, 804445, 0, 0
1174000, 803514, 0, 0
1175000, 804389, 0, 0
1176000, 805627, 0, 0
1177000, 805236, 0, 0
1178000, 802178, 0, 0
1179000, 805259, 0, 0
1180000, 807513, 0, 0
1181000, 805200, 0, 0
1182000, 803502, 0, 0
1183000, 804392, 0, 0
1184000, 807528, 0, 0
1185000, 805376, 0, 0
1186000, 808904, 0, 0
1187000, 806891, 0, 0
1188000, 805837, 0, 0
1189000, 807665, 0, 0
1190000, 804768, 0, 0
1191000, 803606, 0, 0
1192000, 805557, 0, 0
1193000, 805237, 0, 0
1194000, 807702, 0, 0
1195000, 803580, 0, 0
1196000, 804668, 0, 0
1197000, 804886, 0, 0
1198000, 803136, 0, 0
1199000, 805611, 0, 0
1200000, 806278, 0, 0
1201000, 807157, 0, 0
1202000, 808145, 0, 0
1203000, 805413, 0, 0
1204000, 808398, 0, 0
1205000, 805106, 0, 0
1206000, 805235, 0, 0
1207000, 806224, 0, 0
1208000, 806114, 0, 0
1209000, 805457, 0, 0
1210000, 806833, 0, 0
1211022, 807294, 0, 0
1212000, 982732, 0, 0
1213000, 808507, 0, 0
1214000, 806227, 0, 0
1215000, 805855, 0, 0
1216000, 807580, 0, 0
1217000, 805988, 0, 0
1218000, 807681, 0, 0
1219000, 806192, 0, 0
1220000, 806357, 0, 0
1221000, 803124, 0, 0
1222000, 806514, 0, 0
1223000, 808690, 0, 0
1224000, 805605, 0, 0
1225000, 805701, 0, 0
1226000, 807488, 0, 0
1227000, 807403, 0, 0
1228000, 807945, 0, 0
1229000, 806873, 0, 0
1230000, 805936, 0, 0
1231000, 809417, 0, 0
1232000, 807832, 0, 0
1233000, 806071, 0, 0
1234000, 810491, 0, 0
1235000, 808501, 0, 0
1236000, 809452, 0, 0
1237000, 808898, 0, 0
1238000, 808052, 0, 0
1239000, 808006, 0, 0
1240000, 810433, 0, 0
1241000, 805654, 0, 0
1242000, 808256, 0, 0
1243000, 808863, 0, 0
1244000, 808750, 0, 0
1245000, 809430, 0, 0
1246000, 809618, 0, 0
1247000, 806704, 0, 0
1248000, 810330, 0, 0
1249000, 806084, 0, 0
1250000, 809501, 0, 0
1251000, 810353, 0, 0
1252000, 810326, 0, 0
1253000, 809914, 0, 0
1254000, 808566, 0, 0
1255000, 807869, 0, 0
1256000, 807304, 0, 0
1257000, 810283, 0, 0
1258000, 810007, 0, 0
1259000, 808190, 0, 0
1260000, 809750, 0, 0
1261000, 807152, 0, 0
1262000, 808325, 0, 0
1263000, 808579, 0, 0
1264000, 808561, 0, 0
1265000, 808510, 0, 0
1266000, 810564, 0, 0
1267000, 809222, 0, 0
1268000, 808321, 0, 0
1269000, 807807, 0, 0
1270000, 809851, 0, 0
1271000, 810481, 0, 0
1272000, 807650, 0, 0
1273000, 809231, 0, 0
1274000, 810220, 0, 0
1275000, 809148, 0, 0
1276000, 808316, 0, 0
1277000, 808123, 0, 0
1278000, 810070, 0, 0
1279000, 811335, 0, 0
1280000, 811293, 0, 0
1281000, 808744, 0, 0
1282000, 809417, 0, 0
1283000, 808606, 0, 0
1284000, 809630, 0, 0
1285000, 809299, 0, 0
1286000, 809396, 0, 0
1287000, 811324, 0, 0
1288000, 811278, 0, 0
1289000, 808166, 0, 0
1290000, 808497, 0, 0
1291000, 810970, 0, 0
1292000, 810351, 0, 0
1293000, 809732, 0, 0
1294000, 810313, 0, 0
1295000, 810211, 0, 0
1296000, 810877, 0, 0
1297000, 811301, 0, 0
1298000, 808721, 0, 0
1299000, 810936, 0, 0
1300000, 813270, 0, 0
1301000, 811093, 0, 0
1302000, 807165, 0, 0
1303000, 809308, 0, 0
1304000, 812243, 0, 0
1305000, 810784, 0, 0
1306000, 810291, 0, 0
1307000, 808860, 0, 0
1308000, 809942, 0, 0
1309000, 811360, 0, 0
1310000, 814440, 0, 0
1311000, 814936, 0, 0
1312000, 815345, 0, 0
1313000, 811201, 0, 0
1314000, 815079, 0, 0
1315000, 813447, 0, 0
1316000, 812693, 0, 0
1317000, 814792, 0, 0
1318000, 815180, 0, 0
1319000, 813939, 0, 0
1320000, 812822, 0, 0
1321000, 810906, 0, 0
1322000, 812711, 0, 0
1323000, 811480, 0, 0
1324000, 815610, 0, 0
1325000, 810516, 0, 0
1326000, 811909, 0, 0
1327000, 813113, 0, 0
1328000, 814076, 0, 0
1329000, 958992, 0, 0
1330000, 811040, 0, 0
1331000, 811003, 0, 0
1332000, 812703, 0, 0
1333000, 811521, 0, 0
1334000, 810672, 0, 0
1335000, 812889, 0, 0
1336000, 813173, 0, 0
1337000, 813315, 0, 0
1338000, 811496, 0, 0
1339000, 810082, 0, 0
1340000, 814848, 0, 0
1341000, 813281, 0, 0
1342000, 811370, 0, 0
1343000, 812419, 0, 0
1344000, 813283, 0, 0
1345000, 813230, 0, 0
1346000, 811144, 0, 0
1347000, 812576, 0, 0
1348000, 814025, 0, 0
1349000, 814695, 0, 0
1350000, 811230, 0, 0
1351000, 812655, 0, 0
1352000, 813117, 0, 0
1353000, 813739, 0, 0
1354000, 815270, 0, 0
1355000, 811915, 0, 0
1356000, 812542, 0, 0
1357000, 810741, 0, 0
1358000, 813753, 0, 0
1359000, 814181, 0, 0
1360000, 812678, 0, 0
1361000, 812141, 0, 0
1362000, 815972, 0, 0
1363000, 814476, 0, 0
1364000, 811640, 0, 0
1365000, 811903, 0, 0
1366000, 815537, 0, 0
1367000, 815359, 0, 0
1368000, 814302, 0, 0
1369000, 812626, 0, 0
1370000, 813290, 0, 0
1371000, 814857, 0, 0
1372000, 812539, 0, 0
1373000, 814054, 0, 0
1374000, 813091, 0, 0
1375000, 815094, 0, 0
1376000, 816559, 0, 0
1377000, 818156, 0, 0
1378000, 817567, 0, 0
1379000, 814142, 0, 0
1380000, 814320, 0, 0
1381000, 816126, 0, 0
1382000, 815023, 0, 0
1383000, 811931, 0, 0
1384000, 812666, 0, 0
1385000, 814141, 0, 0
1386000, 814427, 0, 0
1387000, 814795, 0, 0
1388000, 813881, 0, 0
1389000, 813554, 0, 0
1390000, 815636, 0, 0
1391000, 815861, 0, 0
1392000, 812926, 0, 0
1393000, 814840, 0, 0
1394000, 816922, 0, 0
1395000, 818352, 0, 0
1396000, 815001, 0, 0
1397000, 813707, 0, 0
1398000, 816975, 0, 0
1399000, 817861, 0, 0
1400000, 816747, 0, 0
1401000, 816213, 0, 0
1402000, 816051, 0, 0
1403000, 816724, 0, 0
1404000, 818423, 0, 0
1405000, 815439, 0, 0
1406000, 816904, 0, 0
1407000, 816241, 0, 0
1408000, 814751, 0, 0
1409000, 816772, 0, 0
1410000, 814442, 0, 0
1411000, 819778, 0, 0
1412000, 819719, 0, 0
1413000, 818604, 0, 0
1414000, 816245, 0, 0
1415000, 816438, 0, 0
1416000, 813529, 0, 0
1417000, 815916, 0, 0
1418000, 815653, 0, 0
1419000, 816788, 0, 0
1420000, 816713, 0, 0
1421000, 818434, 0, 0
1422000, 816768, 0, 0
1423000, 815130, 0, 0
1424000, 815851, 0, 0
1425000, 815968, 0, 0
1426000, 817956, 0, 0
1427000, 817513, 0, 0
1428000, 815647, 0, 0
1429000, 813931, 0, 0
1430000, 818112, 0, 0
1431000, 816487, 0, 0
1432000, 815193, 0, 0
1433000, 817174, 0, 0
1434000, 815219, 0, 0
1435000, 817401, 0, 0
1436000, 816874, 0, 0
1437000, 816438, 0, 0
1438000, 816084, 0, 0
1439000, 817595, 0, 0
1440000, 816731, 0, 0
1441000, 814846, 0, 0
1442000, 816095, 0, 0
1443000, 820216, 0, 0
1444000, 820016, 0, 0
1445000, 818776, 0, 0
1446000, 965058, 0, 0
1447000, 816811, 0, 0
1448000, 816756, 0, 0
1449000, 818552, 0, 0
1450000, 818611, 0, 0
1451000, 820153, 0, 0
1452000, 817245, 0, 0
1453000, 818559, 0, 0
1454000, 815518, 0, 0
1455000, 817549, 0, 0
1456000, 817769, 0, 0
1457000, 817526, 0, 0
1458000, 817711, 0, 0
1459000, 818404, 0, 0
1460000, 819420, 0, 0
1461000, 818839, 0, 0
1462000, 817954, 0, 0
1463000, 818392, 0, 0
1464000, 817437, 0, 0
1465000, 819318, 0, 0
1466000, 815162, 0, 0
1467000, 813958, 0, 0
1468000, 818025, 0, 0
1469000, 818548, 0, 0
1470000, 819179, 0, 0
1471000, 817179, 0, 0
1472000, 817575, 0, 0
1473000, 818493, 0, 0
1474000, 818674, 0, 0
1475000, 816128, 0, 0
1476000, 817388, 0, 0
1477000, 818248, 0, 0
1478000, 819748, 0, 0
1479000, 816727, 0, 0
1480000, 817937, 0, 0
1481000, 820450, 0, 0
1482000, 819956, 0, 0
1483000, 820274, 0, 0
1484000, 818966, 0, 0
1485000, 817850, 0, 0
1486000, 816779, 0, 0
1487000, 821434, 0, 0
1488000, 819516, 0, 0
1489000, 818937, 0, 0
1490000, 818270, 0, 0
1491000, 819818, 0, 0
1492000, 818156, 0, 0
1493000, 820475, 0, 0
1494000, 818685, 0, 0
1495000, 817504, 0, 0
1496000, 820604, 0, 0
1497000, 819117, 0, 0
1498000, 819025, 0, 0
1499000, 820448, 0, 0
1500000, 818448, 0, 0
1501000, 819415, 0, 0
1502000, 822929, 0, 0
1503000, 821781, 0, 0
1504000, 818691, 0, 0
1505000, 819882, 0, 0
1506000, 819272, 0, 0
1507000, 818497, 0, 0
1508000, 820328, 0, 0
1509000, 818285, 0, 0
1510000, 819487, 0, 0
1511000, 822470, 0, 0
1512000, 822289, 0, 0
1513000, 821070, 0, 0
1514000, 819303, 0, 0
1515000, 818851, 0, 0
1516000, 819784, 0, 0
1517000, 820654, 0, 0
1518000, 820161, 0, 0
1519000, 819544, 0, 0
1520000, 820460, 0, 0
1521000, 821139, 0, 0
1522000, 822046, 0, 0
1523000, 820979, 0, 0
1524000, 822144, 0, 0
1525000, 821084, 0, 0
1526000, 819311, 0, 0
1527000, 820168, 0, 0
1528000, 820597, 0, 0
1529000, 821661, 0, 0
1530000, 821244, 0, 0
1531000, 822377, 0, 0
1532000, 821835, 0, 0
1533000, 821973, 0, 0
1534000, 820202, 0, 0
1535000, 824267, 0, 0
1536000, 826486, 0, 0
1537000, 822993, 0, 0
1538000, 823920, 0, 0
1539000, 823440, 0, 0
1540000, 824504, 0, 0
1541000, 823287, 0, 0
1542000, 824375, 0, 0
1543000, 823571, 0, 0
1544000, 823657, 0, 0
1545000, 824909, 0, 0
1546000, 827466, 0, 0
1547000, 824023, 0, 0
1548000, 827198, 0, 0
1549000, 821549, 0, 0
1550000, 825349, 0, 0
1551000, 826548, 0, 0
1552000, 825285, 0, 0
1553000, 824492, 0, 0
1554000, 825231, 0, 0
1555000, 824846, 0, 0
1556000, 824110, 0, 0
1557000, 824936, 0, 0
1558000, 825905, 0, 0
1559000, 825092, 0, 0
1560000, 825819, 0, 0
1561000, 826854, 0, 0
1562000, 824272, 0, 0
1563000, 932550, 0, 0
1564000, 864664, 0, 0
1565000, 824628, 0, 0
1566000, 834260, 0, 0
1567000, 823572, 0, 0
1568000, 826267, 0, 0
1569000, 826373, 0, 0
1570000, 826386, 0, 0
1571000, 826378, 0, 0
1572000, 826747, 0, 0
1573000, 824774, 0, 0
1574000, 826018, 0, 0
1575000, 826994, 0, 0
1576000, 826018, 0, 0
1577000, 828350, 0, 0
1578000, 828046, 0, 0
1579000, 829611, 0, 0
1580000, 826996, 0, 0
1581000, 827499, 0, 0
1582000, 827212, 0, 0
1583000, 827145, 0, 0
1584000, 827880, 0, 0
1585000, 830494, 0, 0
1586000, 833275, 0, 0
1587000, 826869, 0, 0
1588000, 826968, 0, 0
1589000, 827934, 0, 0
1590000, 827060, 0, 0
1591000, 827570, 0, 0
1592000, 827303, 0, 0
1593000, 827451, 0, 0
1594000, 828524, 0, 0
1595000, 827331, 0, 0
1596000, 826597, 0, 0
1597000, 825320, 0, 0
1598000, 829091, 0, 0
1599000, 828909, 0, 0
1600000, 830223, 0, 0
1601000, 827667, 0, 0
1602000, 826654, 0, 0
1603000, 826615, 0, 0
1604000, 828716, 0, 0
1605000, 824811, 0, 0
1606000, 829438, 0, 0
1607000, 826854, 0, 0
1608000, 827732, 0, 0
1609000, 828974, 0, 0
1610000, 827085, 0, 0
1611000, 827858, 0, 0
1612000, 830275, 0, 0
1613000, 828358, 0, 0
1614000, 828188, 0, 0
1615000, 828275, 0, 0
1616000, 828041, 0, 0
1617000, 827443, 0, 0
1618000, 828532, 0, 0
1619000, 826661, 0, 0
1620000, 829647, 0, 0
1621000, 830101, 0, 0
1622000, 828476, 0, 0
1623000, 827869, 0, 0
1624000, 826523, 0, 0
1625000, 829036, 0, 0
1626000, 829984, 0, 0
1627000, 828311, 0, 0
1628000, 827040, 0, 0
1629000, 827700, 0, 0
1630000, 827507, 0, 0
1631000, 830384, 0, 0
1632000, 826754, 0, 0
1633000, 825794, 0, 0
1634000, 829492, 0, 0
1635000, 826427, 0, 0
1636000, 829911, 0, 0
1637000, 826895, 0, 0
1638000, 826229, 0, 0
1639000, 829277, 0, 0
1640000, 831313, 0, 0
1641000, 827756, 0, 0
1642000, 828090, 0, 0
1643000, 829967, 0, 0
1644000, 828621, 0, 0
1645000, 832209, 0, 0
1646000, 829105, 0, 0
1647000, 828246, 0, 0
1648000, 831293, 0, 0
1649000, 830553, 0, 0
1650000, 830597, 0, 0
1651000, 829549, 0, 0
1652000, 829043, 0, 0
1653000, 829826, 0, 0
1654000, 829083, 0, 0
1655000, 829543, 0, 0
1656000, 828164, 0, 0
1657000, 828879, 0, 0
1658000, 829088, 0, 0
1659000, 830767, 0, 0
1660000, 832437, 0, 0
1661000, 829468, 0, 0
1662000, 828161, 0, 0
1663000, 827442, 0, 0
1664000, 829885, 0, 0
1665000, 829363, 0, 0
1666000, 829624, 0, 0
1667000, 829924, 0, 0
1668000, 828321, 0, 0
1669000, 831149, 0, 0
1670000, 830294, 0, 0
1671000, 831858, 0, 0
1672000, 830637, 0, 0
1673000, 830261, 0, 0
1674000, 831374, 0, 0
1675000, 829421, 0, 0
1676000, 830533, 0, 0
1677000, 831204, 0, 0
1678000, 829250, 0, 0
1679000, 829940, 0, 0
1680000, 831749, 0, 0
1681000, 980098, 0, 0
1682000, 830770, 0, 0
1683000, 829231, 0, 0
1684000, 832234, 0, 0
1685000, 833672, 0, 0
1686000, 829938, 0, 0
1687000, 829748, 0, 0
1688000, 829618, 0, 0
1689000, 829464, 0, 0
1690000, 829859, 0, 0
1691000, 832896, 0, 0
1692000, 831349, 0, 0
1693000, 829472, 0, 0
1694000, 830312, 0, 0
1695000, 831469, 0, 0
1696000, 828435, 0, 0
1697000, 831529, 0, 0
1698000, 829236, 0, 0
1699000, 828158, 0, 0
1700000, 830634, 0, 0
1701000, 830796, 0, 0
1702000, 831558, 0, 0
1703000, 830200, 0, 0
1704000, 828161, 0, 0
1705000, 830486, 0, 0
1706000, 830348, 0, 0
1707000, 833167, 0, 0
1708000, 833170, 0, 0
1709000, 832463, 0, 0
1710000, 829192, 0, 0
1711000, 829682, 0, 0
1712000, 832736, 0, 0
1713000, 835019, 0, 0
1714000, 834329, 0, 0
1715000, 828801, 0, 0
1716000, 844288, 0, 0
1717000, 833112, 0, 0
1718000, 832131, 0, 0
1719000, 829595, 0, 0
1720000, 830368, 0, 0
1721000, 832737, 0, 0
1722000, 831180, 0, 0
1723000, 832631, 0, 0
1724000, 829103, 0, 0
1725000, 832019, 0, 0
1726000, 831076, 0, 0
1727000, 830172, 0, 0
1728000, 832781, 0, 0
1729000, 833925, 0, 0
1730000, 830875, 0, 0
1731000, 830142, 0, 0
1732000, 831156, 0, 0
1733000, 830074, 0, 0
1734000, 832194, 0, 0
1735000, 833462, 0, 0
1736000, 831020, 0, 0
1737000, 832306, 0, 0
1738000, 833865, 0, 0
1739000, 833798, 0, 0
1740000, 833464, 0, 0
1741000, 834986, 0, 0
1742000, 832724, 0, 0
1743000, 830778, 0, 0
1744000, 833735, 0, 0
1745000, 833802, 0, 0
1746000, 837323, 0, 0
1747000, 833484, 0, 0
1748000, 832767, 0, 0
1749000, 830920, 0, 0
1750000, 833861, 0, 0
1751000, 834729, 0, 0
1752000, 831667, 0, 0
1753000, 831990, 0, 0
1754000, 834278, 0, 0
1755000, 832843, 0, 0
1756000, 832496, 0, 0
1757000, 832603, 0, 0
1758000, 835261, 0, 0
1759000, 832620, 0, 0
1760000, 831776, 0, 0
1761000, 835189, 0, 0
1762000, 833512, 0, 0
1763000, 832180, 0, 0
1764000, 834693, 0, 0
1765000, 831742, 0, 0
1766000, 833819, 0, 0
1767000, 833069, 0, 0
1768000, 834442, 0, 0
1769000, 831816, 0, 0
1770000, 831165, 0, 0
1771000, 832066, 0, 0
1772000, 832997, 0, 0
1773000, 833660, 0, 0
1774000, 832236, 0, 0
1775000, 831422, 0, 0
1776000, 833528, 0, 0
1777000, 832380, 0, 0
1778000, 834280, 0, 0
1779000, 833082, 0, 0
1780000, 834829, 0, 0
1781000, 832302, 0, 0
1782000, 833621, 0, 0
1783000, 835802, 0, 0
1784000, 833885, 0, 0
1785000, 835184, 0, 0
1786000, 834175, 0, 0
1787000, 835936, 0, 0
1788000, 833657, 0, 0
1789000, 834115, 0, 0
1790000, 834621, 0, 0
1791000, 833050, 0, 0
1792000, 833676, 0, 0
1793000, 834704, 0, 0
1794000, 834135, 0, 0
1795000, 833617, 0, 0
1796000, 834456, 0, 0
1797000, 833745, 0, 0
1798000, 990711, 0, 0
1799000, 833870, 0, 0
1800000, 834065, 0, 0
1800000, 1383172, 0, 0
