1041, 7652876, 0, 0
2058, 7878725, 0, 0
3012, 7943761, 0, 0
4049, 8490254, 0, 0
5031, 7667211, 0, 0
6006, 8120222, 0, 0
7042, 8021714, 0, 0
8032, 8241511, 0, 0
9084, 8767961, 0, 0
10047, 8014400, 0, 0
11080, 8065615, 0, 0
12028, 7889427, 0, 0
13054, 7884191, 0, 0
14012, 7981459, 0, 0
15008, 8220234, 0, 0
16056, 8660347, 0, 0
17022, 7976486, 0, 0
18035, 7780325, 0, 0
19071, 8562716, 0, 0
20038, 8049476, 0, 0
21001, 8019946, 0, 0
22052, 8601931, 0, 0
23020, 8064066, 0, 0
24051, 8049015, 0, 0
25047, 7770687, 0, 0
26048, 7814852, 0, 0
27020, 7964776, 0, 0
28010, 8107676, 0, 0
29000, 7544518, 0, 0
30055, 8505938, 0, 0
31036, 8030873, 0, 0
32002, 8045582, 0, 0
33018, 8255394, 0, 0
34002, 7990122, 0, 0
35040, 7921268, 0, 0
36012, 8024975, 0, 0
37023, 8350666, 0, 0
38061, 7854501, 0, 0
39014, 7868009, 0, 0
40054, 8379867, 0, 0
41006, 8274635, 0, 0
42031, 7820725, 0, 0
43063, 7746725, 0, 0
44042, 7958156, 0, 0
45022, 7961468, 0, 0
46022, 7623302, 0, 0
47050, 7961345, 0, 0
48012, 7752917, 0, 0
49061, 7765205, 0, 0
50021, 8492549, 0, 0
51035, 8305246, 0, 0
52021, 7815984, 0, 0
53044, 7806006, 0, 0
54006, 7874697, 0, 0
55022, 8320277, 0, 0
56063, 7999891, 0, 0
57012, 7465890, 0, 0
58037, 7589867, 0, 0
59017, 7827998, 0, 0
60010, 8071333, 0, 0
61051, 7815948, 0, 0
62004, 7616399, 0, 0
63012, 7873794, 0, 0
64040, 7842522, 0, 0
65019, 7577237, 0, 0
66029, 7590214, 0, 0
67043, 7501914, 0, 0
68023, 7899411, 0, 0
69041, 7647798, 0, 0
70048, 7924398, 0, 0
71048, 8054685, 0, 0
72009, 7683264, 0, 0
73026, 8003781, 0, 0
74044, 7591464, 0, 0
75015, 7881168, 0, 0
76010, 7892749, 0, 0
77061, 7895466, 0, 0
78027, 7602006, 0, 0
79045, 8339529, 0, 0
80048, 7885464, 0, 0
81036, 7838287, 0, 0
82025, 7370737, 0, 0
83033, 8124613, 0, 0
84034, 7579629, 0, 0
85038, 7834648, 0, 0
86055, 7471030, 0, 0
87060, 7665310, 0, 0
88033, 7840566, 0, 0
89007, 7727712, 0, 0
90058, 8009713, 0, 0
91038, 7904072, 0, 0
92000, 7386843, 0, 0
93068, 7624631, 0, 0
94040, 7771175, 0, 0
95012, 7707605, 0, 0
96057, 7569190, 0, 0
97043, 7460267, 0, 0
98004, 7617865, 0, 0
99007, 8283590, 0, 0
100022, 8113775, 0, 0
101039, 7472023, 0, 0
102018, 7767468, 0, 0
103053, 7599120, 0, 0
104060, 7985959, 0, 0
105038, 7575891, 0, 0
106042, 7061810, 0, 0
107069, 8015875, 0, 0
108050, 7905148, 0, 0
109026, 7744777, 0, 0
110033, 7856490, 0, 0
111058, 7698155, 0, 0
112017, 7608748, 0, 0
113024, 7857258, 0, 0
114057, 8608608, 0, 0
115002, 7202881, 0, 0
116033, 7574635, 0, 0
117061, 7498217, 0, 0
118057, 7777582, 0, 0
119051, 7943650, 0, 0
120034, 7553838, 0, 0
121039, 7380684, 0, 0
122002, 7402788, 0, 0
123036, 7714296, 0, 0
124008, 7585974, 0, 0
125015, 7343807, 0, 0
126003, 7963906, 0, 0
127021, 7163457, 0, 0
128045, 7253541, 0, 0
129061, 7302565, 0, 0
130034, 7779897, 0, 0
131002, 7268027, 0, 0
132048, 7462535, 0, 0
133048, 7632401, 0, 0
134067, 7374737, 0, 0
135066, 7619474, 0, 0
136056, 7607464, 0, 0
137033, 7573513, 0, 0
138033, 7804269, 0, 0
139024, 7735256, 0, 0
140009, 8128327, 0, 0
141008, 7399861, 0, 0
142037, 7614376, 0, 0
143030, 7630651, 0, 0
144068, 7304187, 0, 0
145019, 7663536, 0, 0
146018, 7333836, 0, 0
147024, 7505907, 0, 0
148009, 7230932, 0, 0
149074, 7549666, 0, 0
150049, 7383720, 0, 0
151013, 7240410, 0, 0
152037, 7466666, 0, 0
153027, 7219467, 0, 0
154021, 7638431, 0, 0
155000, 7242613, 0, 0
156056, 7085895, 0, 0
157009, 7210471, 0, 0
158018, 7100203, 0, 0
159002, 7335941, 0, 0
160008, 7284858, 0, 0
161029, 6938094, 0, 0
162018, 7482408, 0, 0
163019, 7412855, 0, 0
164026, 7293197, 0, 0
165039, 6974188, 0, 0
166050, 6562921, 0, 0
167032, 7543344, 0, 0
168060, 7338805, 0, 0
169031, 7079808, 0, 0
170048, 7010625, 0, 0
171027, 7406076, 0, 0
172018, 6970441, 0, 0
173001, 7500937, 0, 0
174001, 7236290, 0, 0
175044, 7092712, 0, 0
176035, 7671679, 0, 0
177014, 6889116, 0, 0
178045, 7154264, 0, 0
179022, 7339188, 0, 0
180022, 7137156, 0, 0
181009, 7359199, 0, 0
182041, 7309023, 0, 0
183012, 7524357, 0, 0
184052, 6972861, 0, 0
185044, 7337469, 0, 0
186051, 7566903, 0, 0
187008, 7771586, 0, 0
188023, 6901154, 0, 0
189067, 7192180, 0, 0
190028, 7327615, 0, 0
191062, 7275186, 0, 0
192039, 7232532, 0, 0
193038, 6978419, 0, 0
194037, 7563227, 0, 0
195047, 7159039, 0, 0
196043, 7264615, 0, 0
197023, 7306882, 0, 0
198053, 7507662, 0, 0
199053, 6658592, 0, 0
200002, 7406470, 0, 0
201012, 7420278, 0, 0
202030, 7165712, 0, 0
203000, 7122546, 0, 0
204038, 6917998, 0, 0
205000, 7016151, 0, 0
206060, 7840155, 0, 0
207060, 7294164, 0, 0
208021, 7618950, 0, 0
209072, 6957429, 0, 0
210041, 7171040, 0, 0
211002, 6527809, 0, 0
212014, 7381969, 0, 0
213008, 6848868, 0, 0
214041, 7070123, 0, 0
215052, 6781559, 0, 0
216015, 6675854, 0, 0
217040, 7065908, 0, 0
218044, 7217195, 0, 0
219051, 6982934, 0, 0
220006, 6813829, 0, 0
221050, 7345336, 0, 0
222054, 6829363, 0, 0
223033, 7085775, 0, 0
224023, 7111016, 0, 0
225043, 7285010, 0, 0
226008, 7413709, 0, 0
227019, 7061166, 0, 0
228035, 6811129, 0, 0
229054, 6930569, 0, 0
230048, 7246132, 0, 0
231017, 6969378, 0, 0
232060, 6239126, 0, 0
233055, 7201631, 0, 0
234048, 7037716, 0, 0
235009, 7112890, 0, 0
236062, 7304038, 0, 0
237028, 7420441, 0, 0
238029, 6579660, 0, 0
239000, 7191131, 0, 0
240054, 6833516, 0, 0
241005, 7092671, 0, 0
242030, 7761601, 0, 0
243067, 7784517, 0, 0
244022, 6629021, 0, 0
245063, 6710604, 0, 0
246052, 6959712, 0, 0
247069, 7411610, 0, 0
248058, 7060996, 0, 0
249007, 7834531, 0, 0
250026, 7071739, 0, 0
251031, 7017090, 0, 0
252052, 6944765, 0, 0
253025, 6892061, 0, 0
254064, 7360447, 0, 0
255056, 6355037, 0, 0
256027, 6975419, 0, 0
257014, 6619849, 0, 0
258026, 6828252, 0, 0
259009, 6546180, 0, 0
260063, 6883775, 0, 0
261030, 7053186, 0, 0
262037, 6847362, 0, 0
263048, 6471458, 0, 0
264011, 6592078, 0, 0
265033, 6944405, 0, 0
266036, 7103987, 0, 0
267042, 6615550, 0, 0
268008, 6749953, 0, 0
269039, 6732804, 0, 0
270057, 7011538, 0, 0
271014, 6501046, 0, 0
272046, 7214326, 0, 0
273064, 7314214, 0, 0
274043, 6747315, 0, 0
275002, 7546007, 0, 0
276039, 6812950, 0, 0
277016, 6598464, 0, 0
278022, 6441042, 0, 0
279046, 6688753, 0, 0
280023, 6728272, 0, 0
281037, 6254395, 0, 0
282015, 6975922, 0, 0
283059, 7001376, 0, 0
284026, 6402799, 0, 0
285028, 6994794, 0, 0
286024, 7057598, 0, 0
287060, 7046997, 0, 0
288007, 7001271, 0, 0
289002, 6416897, 0, 0
290019, 6233595, 0, 0
291005, 6479077, 0, 0
292059, 6884838, 0, 0
293029, 6820672, 0, 0
294025, 6913700, 0, 0
295009, 6100797, 0, 0
296012, 7373144, 0, 0
297047, 6261915, 0, 0
298020, 6803147, 0, 0
299032, 6353582, 0, 0
300053, 6460261, 0, 0
301034, 6901594, 0, 0
302022, 7101180, 0, 0
303000, 6689444, 0, 0
304001, 6411827, 0, 0
305036, 6844656, 0, 0
306020, 6514438, 0, 0
307041, 6453655, 0, 0
308001, 6615879, 0, 0
309017, 6546229, 0, 0
310037, 6617950, 0, 0
311054, 7010254, 0, 0
312033, 6838131, 0, 0
313011, 6645787, 0, 0
314015, 6779099, 0, 0
315046, 6202757, 0, 0
316030, 6553789, 0, 0
317023, 6659350, 0, 0
318018, 6672089, 0, 0
319003, 6787709, 0, 0
320024, 5789865, 0, 0
321068, 6403382, 0, 0
322046, 6221302, 0, 0
323024, 6598282, 0, 0
324024, 6801600, 0, 0
325025, 6579702, 0, 0
326004, 6349513, 0, 0
327039, 6892940, 0, 0
328009, 6289975, 0, 0
329018, 6264284, 0, 0
330001, 6100338, 0, 0
331035, 6294914, 0, 0
332048, 6489827, 0, 0
333015, 6356415, 0, 0
334029, 6799245, 0, 0
335053, 6959003, 0, 0
336009, 7178075, 0, 0
337049, 6112747, 0, 0
338015, 6798137, 0, 0
339049, 6005819, 0, 0
340027, 6263559, 0, 0
341041, 6290711, 0, 0
342008, 6229070, 0, 0
343049, 6842334, 0, 0
344014, 6605719, 0, 0
345057, 6554209, 0, 0
346008, 6011804, 0, 0
347067, 6295692, 0, 0
348051, 6467737, 0, 0
349004, 6517495, 0, 0
350011, 6621720, 0, 0
351039, 6990115, 0, 0
352054, 6257391, 0, 0
353045, 6147887, 0, 0
354051, 6524279, 0, 0
355006, 6406220, 0, 0
356038, 6065102, 0, 0
357034, 6297145, 0, 0
358006, 6429840, 0, 0
359065, 6915230, 0, 0
360030, 6135817, 0, 0
361043, 6324829, 0, 0
362031, 6288343, 0, 0
363004, 6440499, 0, 0
364062, 6179860, 0, 0
365051, 6415991, 0, 0
366049, 6387200, 0, 0
367047, 6602310, 0, 0
368037, 6423873, 0, 0
369051, 6142590, 0, 0
370014, 6866588, 0, 0
371027, 6410093, 0, 0
372011, 7070833, 0, 0
373053, 6266736, 0, 0
374038, 6192727, 0, 0
375052, 6136323, 0, 0
376000, 5709033, 0, 0
377036, 6546517, 0, 0
378035, 6240936, 0, 0
379055, 6329489, 0, 0
380045, 6255770, 0, 0
381042, 6734813, 0, 0
382036, 6245522, 0, 0
383017, 6574422, 0, 0
384038, 6623972, 0, 0
385011, 6073246, 0, 0
386011, 6129205, 0, 0
387050, 6108043, 0, 0
388018, 6197688, 0, 0
389014, 6591318, 0, 0
390038, 5977460, 0, 0
391038, 6660671, 0, 0
392022, 6145749, 0, 0
393057, 5940387, 0, 0
394032, 6763860, 0, 0
395046, 6177075, 0, 0
396013, 6313522, 0, 0
397000, 6015058, 0, 0
398031, 6318046, 0, 0
399003, 6267112, 0, 0
400055, 6000519, 0, 0
401016, 6961753, 0, 0
402006, 6821720, 0, 0
403052, 6216746, 0, 0
404014, 6631306, 0, 0
405043, 6308128, 0, 0
406024, 6242144, 0, 0
407030, 6016346, 0, 0
408051, 7034644, 0, 0
409009, 5559713, 0, 0
410036, 5640327, 0, 0
411064, 6221731, 0, 0
412034, 6210488, 0, 0
413040, 6529393, 0, 0
414050, 6635276, 0, 0
415023, 6273475, 0, 0
416061, 6518568, 0, 0
417065, 6309898, 0, 0
418023, 6425170, 0, 0
419048, 5818374, 0, 0
420000, 6016690, 0, 0
421005, 6395194, 0, 0
422038, 6001044, 0, 0
423017, 6391002, 0, 0
424049, 6136926, 0, 0
425038, 6331965, 0, 0
426012, 5826669, 0, 0
427052, 6412222, 0, 0
428047, 5952217, 0, 0
429056, 6107442, 0, 0
430000, 6505256, 0, 0
431041, 6192306, 0, 0
432037, 6375461, 0, 0
433036, 6200010, 0, 0
434005, 5974277, 0, 0
435009, 5669798, 0, 0
436038, 6424143, 0, 0
437036, 6430763, 0, 0
438040, 6078319, 0, 0
439060, 5959023, 0, 0
440049, 5674845, 0, 0
441051, 6627819, 0, 0
442043, 6275164, 0, 0
443077, 6375391, 0, 0
444043, 6069413, 0, 0
445012, 6538639, 0, 0
446041, 6010277, 0, 0
447025, 6069642, 0, 0
448047, 6344309, 0, 0
449054, 6934942, 0, 0
450011, 6207752, 0, 0
451046, 5651855, 0, 0
452010, 5664196, 0, 0
453025, 6071351, 0, 0
454008, 5840562, 0, 0
455034, 5825765, 0, 0
456004, 5769077, 0, 0
457008, 5762068, 0, 0
458025, 5770976, 0, 0
459044, 6168048, 0, 0
460009, 5877346, 0, 0
461067, 5748083, 0, 0
462009, 5991083, 0, 0
463068, 5814845, 0, 0
464025, 6008853, 0, 0
465083, 6184663, 0, 0
466057, 6359898, 0, 0
467060, 5471446, 0, 0
468038, 5429142, 0, 0
469017, 5998705, 0, 0
470054, 5481552, 0, 0
471016, 5715797, 0, 0
472012, 6634020, 0, 0
473012, 6249288, 0, 0
474026, 6174298, 0, 0
475058, 6173573, 0, 0
476050, 6041050, 0, 0
477003, 5634702, 0, 0
478064, 5918991, 0, 0
479040, 5540663, 0, 0
480061, 6180388, 0, 0
481015, 5238000, 0, 0
482018, 6222672, 0, 0
483032, 5787344, 0, 0
484016, 5849346, 0, 0
485036, 5336305, 0, 0
486046, 5638238, 0, 0
487062, 5667734, 0, 0
488016, 5995689, 0, 0
489002, 5793110, 0, 0
490036, 6931331, 0, 0
491043, 5918268, 0, 0
492007, 6053710, 0, 0
493037, 5947121, 0, 0
494017, 6157961, 0, 0
495056, 6001831, 0, 0
496027, 5573006, 0, 0
497023, 6103444, 0, 0
498026, 5757747, 0, 0
499013, 5570891, 0, 0
500039, 5722535, 0, 0
501041, 5443490, 0, 0
502049, 6252229, 0, 0
503028, 5720590, 0, 0
504041, 6093159, 0, 0
505014, 5967045, 0, 0
506033, 5813600, 0, 0
507061, 5677025, 0, 0
508020, 5840287, 0, 0
509014, 5481915, 0, 0
510042, 5644818, 0, 0
511032, 5680981, 0, 0
512047, 5044855, 0, 0
513020, 6153086, 0, 0
514047, 5285562, 0, 0
515003, 6285300, 0, 0
516023, 5690319, 0, 0
517004, 6323220, 0, 0
518053, 5788592, 0, 0
519031, 5521726, 0, 0
520059, 5577986, 0, 0
521049, 6067137, 0, 0
522028, 5931053, 0, 0
523043, 6103240, 0, 0
524058, 5047677, 0, 0
525041, 5771206, 0, 0
526005, 6213855, 0, 0
527029, 5191233, 0, 0
528021, 5794894, 0, 0
529036, 5731970, 0, 0
530054, 5648883, 0, 0
531033, 6111667, 0, 0
532060, 5454369, 0, 0
533003, 5713044, 0, 0
534047, 6026294, 0, 0
535045, 6042872, 0, 0
536008, 5557053, 0, 0
537047, 5299333, 0, 0
538014, 5713136, 0, 0
539056, 6158100, 0, 0
540006, 5242072, 0, 0
541008, 5003833, 0, 0
542039, 5228836, 0, 0
543062, 5187148, 0, 0
544025, 5401121, 0, 0
545052, 5400953, 0, 0
546045, 5835248, 0, 0
547033, 5363656, 0, 0
548019, 4901856, 0, 0
549052, 5261747, 0, 0
550094, 6851151, 0, 0
551016, 5793510, 0, 0
552024, 5056704, 0, 0
553059, 5093930, 0, 0
554040, 5021412, 0, 0
555010, 5767293, 0, 0
556030, 6068601, 0, 0
557059, 5804664, 0, 0
558046, 5447957, 0, 0
559044, 5866378, 0, 0
560014, 5535737, 0, 0
561021, 5683325, 0, 0
562045, 5468827, 0, 0
563005, 5448403, 0, 0
564036, 5784604, 0, 0
565036, 6207114, 0, 0
566054, 5291133, 0, 0
567006, 5342376, 0, 0
568057, 4954012, 0, 0
569062, 5735286, 0, 0
570026, 5697937, 0, 0
571046, 5418233, 0, 0
572048, 5188209, 0, 0
573049, 5461227, 0, 0
574043, 5577205, 0, 0
575002, 5206964, 0, 0
576042, 6008178, 0, 0
577008, 5674003, 0, 0
578062, 5342827, 0, 0
579042, 4945417, 0, 0
580050, 5888101, 0, 0
581017, 5246365, 0, 0
582012, 5344983, 0, 0
583013, 5950159, 0, 0
584023, 6114154, 0, 0
585002, 5402331, 0, 0
586004, 4765545, 0, 0
587032, 5492456, 0, 0
588042, 4872689, 0, 0
589007, 5130140, 0, 0
590022, 5419313, 0, 0
591051, 5351334, 0, 0
592028, 5678656, 0, 0
593054, 5149078, 0, 0
594028, 5259878, 0, 0
595021, 5538608, 0, 0
596064, 6593083, 0, 0
597011, 4827799, 0, 0
598043, 5104537, 0, 0
599017, 5462883, 0, 0
600001, 5121117, 0, 0
601003, 4975463, 0, 0
602046, 4961944, 0, 0
603029, 5394017, 0, 0
604047, 4886005, 0, 0
605056, 5604290, 0, 0
606002, 5079381, 0, 0
607054, 5250465, 0, 0
608020, 5219007, 0, 0
609041, 5022465, 0, 0
610010, 5624914, 0, 0
611036, 5229782, 0, 0
612026, 5260201, 0, 0
613001, 4992920, 0, 0
614024, 5406835, 0, 0
615042, 4818151, 0, 0
616024, 5161707, 0, 0
617059, 5742565, 0, 0
618036, 5916839, 0, 0
619037, 4975525, 0, 0
620007, 4915479, 0, 0
621050, 5788617, 0, 0
622009, 5600023, 0, 0
623055, 5280399, 0, 0
624029, 5404253, 0, 0
625001, 5361410, 0, 0
626037, 5124808, 0, 0
627024, 4379361, 0, 0
628017, 5513167, 0, 0
629068, 4579952, 0, 0
630021, 4557503, 0, 0
631016, 5313772, 0, 0
632009, 5599826, 0, 0
633042, 5346447, 0, 0
634037, 5781239, 0, 0
635000, 5140126, 0, 0
636046, 5682847, 0, 0
637041, 5231476, 0, 0
638023, 4874955, 0, 0
639057, 5063099, 0, 0
640052, 4560808, 0, 0
641029, 5452220, 0, 0
642048, 4823584, 0, 0
643074, 4972566, 0, 0
644037, 5032988, 0, 0
645043, 5180280, 0, 0
646012, 4722725, 0, 0
647048, 5362733, 0, 0
648010, 4923912, 0, 0
649036, 4903682, 0, 0
650019, 4176324, 0, 0
651024, 5372067, 0, 0
652010, 4920430, 0, 0
653004, 5369522, 0, 0
654040, 4971580, 0, 0
655025, 5266297, 0, 0
656049, 5137756, 0, 0
657021, 5160991, 0, 0
658031, 5366908, 0, 0
659040, 4643695, 0, 0
660054, 4940995, 0, 0
661009, 5451074, 0, 0
662013, 5308127, 0, 0
663038, 5015360, 0, 0
664001, 4715583, 0, 0
665019, 4774333, 0, 0
666060, 4747890, 0, 0
667037, 4975878, 0, 0
668024, 4343973, 0, 0
669019, 5284454, 0, 0
670004, 5122119, 0, 0
671051, 4755277, 0, 0
672054, 4981946, 0, 0
673048, 4940767, 0, 0
674023, 5728776, 0, 0
675036, 5084561, 0, 0
676044, 4933442, 0, 0
677000, 4921608, 0, 0
678019, 4963352, 0, 0
679058, 4922409, 0, 0
680068, 4462013, 0, 0
681029, 4944702, 0, 0
682002, 4376520, 0, 0
683062, 4751005, 0, 0
684041, 4960004, 0, 0
685016, 5352602, 0, 0
686059, 5263922, 0, 0
687019, 5413372, 0, 0
688003, 5316034, 0, 0
689037, 4803526, 0, 0
690065, 4793864, 0, 0
691029, 5016741, 0, 0
692053, 5014837, 0, 0
693030, 5134748, 0, 0
694005, 5631673, 0, 0
695015, 4478792, 0, 0
696028, 5270590, 0, 0
697017, 5459532, 0, 0
698060, 5009879, 0, 0
699050, 4334963, 0, 0
700043, 4836665, 0, 0
701003, 4843957, 0, 0
702048, 4478753, 0, 0
703029, 4899576, 0, 0
704041, 4571453, 0, 0
705060, 4939945, 0, 0
706034, 4841969, 0, 0
707021, 4854100, 0, 0
708052, 4458039, 0, 0
709036, 5281994, 0, 0
710038, 5351119, 0, 0
711064, 5047527, 0, 0
712027, 4908880, 0, 0
713026, 4965707, 0, 0
714023, 5054604, 0, 0
715016, 5386524, 0, 0
716060, 4722377, 0, 0
717033, 5166922, 0, 0
718021, 4908847, 0, 0
719042, 4412132, 0, 0
720008, 4804360, 0, 0
721020, 4528517, 0, 0
722060, 5092577, 0, 0
723033, 4985180, 0, 0
724006, 4542012, 0, 0
725031, 4735764, 0, 0
726010, 4680743, 0, 0
727054, 4917000, 0, 0
728028, 4653037, 0, 0
729032, 5067500, 0, 0
730002, 4865487, 0, 0
731017, 4805475, 0, 0
732002, 5123268, 0, 0
733036, 4848587, 0, 0
734017, 4757507, 0, 0
735062, 5297412, 0, 0
736007, 4720007, 0, 0
737004, 4651450, 0, 0
738001, 5053838, 0, 0
739015, 4798587, 0, 0
740064, 4850254, 0, 0
741016, 4592666, 0, 0
742028, 4789929, 0, 0
743013, 5045571, 0, 0
744041, 5163124, 0, 0
745016, 4593941, 0, 0
746049, 5318322, 0, 0
747006, 4590683, 0, 0
748001, 4970270, 0, 0
749071, 5807862, 0, 0
750021, 4814890, 0, 0
751018, 5189530, 0, 0
752061, 5105890, 0, 0
753013, 4341664, 0, 0
754050, 5099346, 0, 0
755044, 4598320, 0, 0
756012, 5521102, 0, 0
757008, 5209127, 0, 0
758019, 5049158, 0, 0
759010, 5625356, 0, 0
760063, 5157006, 0, 0
761045, 5245240, 0, 0
762034, 5036354, 0, 0
763063, 4989668, 0, 0
764037, 4612096, 0, 0
765019, 4645626, 0, 0
766045, 4703464, 0, 0
767008, 4856003, 0, 0
768070, 4910561, 0, 0
769061, 4733898, 0, 0
770044, 4609456, 0, 0
771004, 4770305, 0, 0
772002, 5061794, 0, 0
773016, 5063177, 0, 0
774006, 4532560, 0, 0
775026, 4652054, 0, 0
776049, 4543554, 0, 0
777022, 4453753, 0, 0
778056, 4550622, 0, 0
779024, 4538682, 0, 0
780047, 4480252, 0, 0
781013, 4036572, 0, 0
782017, 4940006, 0, 0
783037, 4825088, 0, 0
784054, 4679958, 0, 0
785020, 5023821, 0, 0
786049, 5163975, 0, 0
787007, 4761084, 0, 0
788019, 5294476, 0, 0
789008, 4936319, 0, 0
790027, 5218168, 0, 0
791046, 4870320, 0, 0
792007, 5027582, 0, 0
793002, 5779657, 0, 0
794037, 5065167, 0, 0
795013, 4390967, 0, 0
796041, 4821093, 0, 0
797046, 4602371, 0, 0
798014, 4411407, 0, 0
799006, 4833386, 0, 0
800049, 4801945, 0, 0
801022, 3996573, 0, 0
802071, 4655815, 0, 0
803043, 5084234, 0, 0
804064, 5339815, 0, 0
805027, 4932513, 0, 0
806009, 4520293, 0, 0
807044, 5219912, 0, 0
808049, 4688301, 0, 0
809052, 4935584, 0, 0
810014, 5311474, 0, 0
811021, 4809969, 0, 0
812053, 4704428, 0, 0
813038, 5153333, 0, 0
814035, 5056773, 0, 0
815010, 4750000, 0, 0
816058, 5004150, 0, 0
817013, 5102287, 0, 0
818054, 4663417, 0, 0
819034, 4796371, 0, 0
820023, 4704016, 0, 0
821062, 4630444, 0, 0
822058, 5049252, 0, 0
823027, 4863994, 0, 0
824040, 4772171, 0, 0
825024, 4726522, 0, 0
826061, 4241703, 0, 0
827052, 4828486, 0, 0
828027, 5074338, 0, 0
829040, 4727075, 0, 0
830027, 4691915, 0, 0
831014, 4764339, 0, 0
832038, 5039129, 0, 0
833036, 5356478, 0, 0
834003, 4575845, 0, 0
835054, 5123783, 0, 0
836059, 4822675, 0, 0
837049, 4667017, 0, 0
838037, 5109316, 0, 0
839062, 4994408, 0, 0
840053, 4927791, 0, 0
841026, 4735849, 0, 0
842035, 5143438, 0, 0
843023, 5223391, 0, 0
844002, 5309643, 0, 0
845013, 5000345, 0, 0
846013, 4541337, 0, 0
847001, 4525306, 0, 0
848011, 5070503, 0, 0
849046, 5115945, 0, 0
850019, 5398022, 0, 0
851046, 4957476, 0, 0
852036, 4968153, 0, 0
853062, 5228445, 0, 0
854033, 4574893, 0, 0
855020, 5212109, 0, 0
856039, 4758914, 0, 0
857038, 5139269, 0, 0
858054, 4696665, 0, 0
859023, 4301052, 0, 0
860058, 5444686, 0, 0
861021, 5007002, 0, 0
862041, 5254138, 0, 0
863046, 5118200, 0, 0
864057, 4949976, 0, 0
865042, 5046534, 0, 0
866053, 4717916, 0, 0
867013, 4893164, 0, 0
868064, 4684967, 0, 0
869071, 4352725, 0, 0
870039, 4435348, 0, 0
871045, 4948259, 0, 0
872024, 4888137, 0, 0
873017, 4405548, 0, 0
874045, 4822923, 0, 0
875004, 4861796, 0, 0
876030, 4633090, 0, 0
877037, 5160860, 0, 0
878065, 4750698, 0, 0
879013, 4572774, 0, 0
880000, 5219566, 0, 0
881028, 5006092, 0, 0
882071, 4567264, 0, 0
883036, 4749280, 0, 0
884026, 4600090, 0, 0
885061, 5168071, 0, 0
886031, 4888675, 0, 0
887014, 4527888, 0, 0
888036, 5102597, 0, 0
889006, 4791666, 0, 0
890045, 5167306, 0, 0
891005, 5209004, 0, 0
892031, 4657395, 0, 0
893047, 4677335, 0, 0
894075, 4983463, 0, 0
895024, 4619624, 0, 0
896059, 5044082, 0, 0
897029, 4507570, 0, 0
898039, 5120986, 0, 0
899003, 5039126, 0, 0
900010, 4676829, 0, 0
901008, 4818154, 0, 0
902031, 4560678, 0, 0
903060, 4483895, 0, 0
904067, 4983307, 0, 0
905005, 5819845, 0, 0
906052, 4685851, 0, 0
907013, 4661802, 0, 0
908033, 4649982, 0, 0
909057, 4353971, 0, 0
910029, 5163293, 0, 0
911014, 5068494, 0, 0
912052, 4711426, 0, 0
913026, 4675959, 0, 0
914012, 4714227, 0, 0
915050, 4960525, 0, 0
916055, 4420338, 0, 0
917015, 4544097, 0, 0
918037, 4722753, 0, 0
919038, 5051554, 0, 0
920011, 5249533, 0, 0
921003, 5137945, 0, 0
922017, 5165942, 0, 0
923063, 4882701, 0, 0
924041, 4497482, 0, 0
925027, 4692782, 0, 0
926020, 5217487, 0, 0
927014, 5196051, 0, 0
928013, 4915940, 0, 0
929047, 4736571, 0, 0
930003, 4568245, 0, 0
931035, 5078883, 0, 0
932018, 5138793, 0, 0
933012, 5283888, 0, 0
934029, 4905194, 0, 0
935048, 4753806, 0, 0
936006, 4195644, 0, 0
937004, 4841720, 0, 0
938046, 4484662, 0, 0
939026, 5096641, 0, 0
940003, 4396892, 0, 0
941010, 4763942, 0, 0
942052, 4389605, 0, 0
943023, 4949761, 0, 0
944043, 4276891, 0, 0
945050, 4282465, 0, 0
946059, 4642970, 0, 0
947017, 5144507, 0, 0
948040, 4309182, 0, 0
949037, 4976079, 0, 0
950059, 4460278, 0, 0
951013, 4407519, 0, 0
952021, 5415269, 0, 0
953044, 5032763, 0, 0
954061, 5156582, 0, 0
955045, 4723006, 0, 0
956007, 5169068, 0, 0
957032, 5195439, 0, 0
958017, 4663093, 0, 0
959016, 4986547, 0, 0
960005, 4531856, 0, 0
961057, 4709796, 0, 0
962049, 4906504, 0, 0
963001, 4570041, 0, 0
964040, 5083390, 0, 0
965040, 5288676, 0, 0
966023, 4857272, 0, 0
967012, 5310653, 0, 0
968049, 5235253, 0, 0
969046, 4762940, 0, 0
970018, 4492592, 0, 0
971010, 5105546, 0, 0
972020, 4313586, 0, 0
973058, 5077513, 0, 0
974021, 4495368, 0, 0
975014, 4487896, 0, 0
976005, 4852226, 0, 0
977007, 4066343, 0, 0
978057, 4856542, 0, 0
979059, 4974271, 0, 0
980059, 4522785, 0, 0
981037, 4561512, 0, 0
982058, 5228328, 0, 0
983055, 4954905, 0, 0
984047, 5216237, 0, 0
985058, 4694613, 0, 0
986009, 5457302, 0, 0
987039, 5170793, 0, 0
988004, 4656764, 0, 0
989019, 5122003, 0, 0
990065, 4856697, 0, 0
991039, 5066739, 0, 0
992019, 5020868, 0, 0
993072, 4691428, 0, 0
994034, 4756270, 0, 0
995015, 4580532, 0, 0
996044, 5086289, 0, 0
997046, 4588927, 0, 0
998013, 5003971, 0, 0
999016, 4638740, 0, 0
1000009, 4368500, 0, 0
1001029, 4714842, 0, 0
1002000, 4618024, 0, 0
1003009, 4942221, 0, 0
1004000, 4622913, 0, 0
1005060, 4640068, 0, 0
1006004, 4765652, 0, 0
1007018, 4289950, 0, 0
1008030, 5405230, 0, 0
1009054, 4989228, 0, 0
1010051, 5211729, 0, 0
1011010, 4961356, 0, 0
1012033, 5083429, 0, 0
1013013, 4845635, 0, 0
1014045, 4406462, 0, 0
1015017, 4472092, 0, 0
1016024, 4571606, 0, 0
1017010, 4897099, 0, 0
1018019, 4821565, 0, 0
1019008, 5311227, 0, 0
1020047, 4416138, 0, 0
1021053, 5050336, 0, 0
1022048, 4942546, 0, 0
1023007, 4476663, 0, 0
1024017, 4540619, 0, 0
1025021, 5091595, 0, 0
1026027, 4694272, 0, 0
1027025, 4769164, 0, 0
1028026, 5582832, 0, 0
1029048, 5611700, 0, 0
1030049, 3741663, 0, 0
1031000, 4771065, 0, 0
1032003, 5602039, 0, 0
1033018, 5277879, 0, 0
1034017, 4795400, 0, 0
1035022, 4946204, 0, 0
1036018, 4670465, 0, 0
1037055, 5256873, 0, 0
1038017, 4687511, 0, 0
1039020, 5562441, 0, 0
1040042, 4538139, 0, 0
1041028, 4802462, 0, 0
1042053, 4451369, 0, 0
1043035, 4559186, 0, 0
1044018, 4630273, 0, 0
1045055, 4819018, 0, 0
1046010, 4743619, 0, 0
1047002, 4857743, 0, 0
1048033, 5276950, 0, 0
1049022, 4408063, 0, 0
1050007, 4918618, 0, 0
1051041, 4471914, 0, 0
1052009, 4311805, 0, 0
1053073, 4945535, 0, 0
1054038, 4768824, 0, 0
1055053, 4715384, 0, 0
1056007, 4913080, 0, 0
1057052, 4762546, 0, 0
1058028, 5053062, 0, 0
1059052, 4585939, 0, 0
1060002, 4604134, 0, 0
1061070, 5076329, 0, 0
1062014, 5716578, 0, 0
1063033, 4988112, 0, 0
1064050, 4817427, 0, 0
1065051, 4543404, 0, 0
1066047, 4580004, 0, 0
1067046, 4639663, 0, 0
1068051, 5430890, 0, 0
1069000, 4983724, 0, 0
1070043, 5291883, 0, 0
1071063, 5473942, 0, 0
1072028, 4918365, 0, 0
1073030, 5130545, 0, 0
1074037, 4635636, 0, 0
1075049, 5407365, 0, 0
1076038, 5457434, 0, 0
1077007, 4884394, 0, 0
1078000, 4573964, 0, 0
1079026, 4473091, 0, 0
1080061, 4571597, 0, 0
1081014, 4784157, 0, 0
1082047, 4818952, 0, 0
1083051, 4778079, 0, 0
1084051, 4778702, 0, 0
1085006, 4865228, 0, 0
1086013, 4980474, 0, 0
1087069, 4835522, 0, 0
1088015, 5025811, 0, 0
1089004, 4701736, 0, 0
1090017, 4866488, 0, 0
1091065, 4887525, 0, 0
1092022, 4575263, 0, 0
1093037, 4693373, 0, 0
1094001, 4435545, 0, 0
1095033, 4706548, 0, 0
1096025, 5213921, 0, 0
1097010, 5260910, 0, 0
1098064, 4721228, 0, 0
1099017, 4661651, 0, 0
1100005, 4445679, 0, 0
1101015, 4923034, 0, 0
1102026, 5073095, 0, 0
1103007, 4899060, 0, 0
1104052, 4479532, 0, 0
1105038, 5236967, 0, 0
1106017, 4961518, 0, 0
1107020, 4660508, 0, 0
1108038, 4957257, 0, 0
1109016, 4631762, 0, 0
1110030, 5331474, 0, 0
1111053, 4772049, 0, 0
1112019, 4801876, 0, 0
1113013, 4702189, 0, 0
1114000, 4177834, 0, 0
1115070, 4899031, 0, 0
1116036, 4288477, 0, 0
1117005, 4544318, 0, 0
1118003, 4722041, 0, 0
1119060, 4981302, 0, 0
1120007, 5001526, 0, 0
1121022, 4828945, 0, 0
1122021, 4964750, 0, 0
1123009, 4882616, 0, 0
1124053, 5012470, 0, 0
1125000, 4751594, 0, 0
1126014, 4964935, 0, 0
1127017, 4662618, 0, 0
1128052, 4804518, 0, 0
1129009, 4362812, 0, 0
1130049, 5069983, 0, 0
1131051, 5183287, 0, 0
1132017, 4873281, 0, 0
1133033, 4572474, 0, 0
1134005, 5191834, 0, 0
1135055, 4830596, 0, 0
1136041, 4758338, 0, 0
1137064, 4501273, 0, 0
1138015, 5160319, 0, 0
1139052, 4883358, 0, 0
1140010, 4739439, 0, 0
1141039, 4890814, 0, 0
1142015, 5390027, 0, 0
1143049, 4825250, 0, 0
1144044, 4597031, 0, 0
1145014, 4750710, 0, 0
1146050, 4620550, 0, 0
1147017, 5137930, 0, 0
1148040, 4819410, 0, 0
1149009, 4811908, 0, 0
1150066, 5277726, 0, 0
1151052, 4518495, 0, 0
1152014, 4574474, 0, 0
1153026, 4978801, 0, 0
1154025, 5143839, 0, 0
1155005, 4940079, 0, 0
1156058, 4918146, 0, 0
1157008, 4534862, 0, 0
1158022, 4461387, 0, 0
1159051, 4893773, 0, 0
1160003, 4463115, 0, 0
1161025, 4556851, 0, 0
1162006, 4925324, 0, 0
1163025, 4824051, 0, 0
1164037, 4394346, 0, 0
1165051, 4939292, 0, 0
1166023, 4951888, 0, 0
1167048, 4852735, 0, 0
1168061, 4746964, 0, 0
1169057, 4926796, 0, 0
1170042, 4893859, 0, 0
1171039, 4764032, 0, 0
1172006, 4387867, 0, 0
1173005, 4868385, 0, 0
1174059, 4942845, 0, 0
1175008, 5812009, 0, 0
1176036, 5209847, 0, 0
1177044, 4662280, 0, 0
1178005, 4483175, 0, 0
1179008, 4595251, 0, 0
1180049, 4902708, 0, 0
1181020, 4730393, 0, 0
1182000, 4533842, 0, 0
1183010, 4822511, 0, 0
1184029, 4987901, 0, 0
1185000, 4639162, 0, 0
1186062, 4933979, 0, 0
1187060, 4747490, 0, 0
1188014, 5206977, 0, 0
1189052, 4608653, 0, 0
1190015, 4735934, 0, 0
1191048, 4545272, 0, 0
1192046, 4791993, 0, 0
1193035, 4989486, 0, 0
1194031, 4778868, 0, 0
1195007, 4801302, 0, 0
1196059, 5079848, 0, 0
1197037, 4607060, 0, 0
1198050, 4433873, 0, 0
1199065, 4784412, 0, 0
1200014, 4533949, 0, 0
1201007, 4568601, 0, 0
1202050, 4607138, 0, 0
1203043, 4259107, 0, 0
1204059, 4783696, 0, 0
1205014, 4865263, 0, 0
1206037, 4541681, 0, 0
1207026, 4889821, 0, 0
1208049, 4462934, 0, 0
1209039, 5370434, 0, 0
1210025, 4357526, 0, 0
1211053, 4583648, 0, 0
1212005, 5196923, 0, 0
1213030, 4447533, 0, 0
1214019, 5042224, 0, 0
1215057, 4628279, 0, 0
1216043, 5264527, 0, 0
1217040, 4809375, 0, 0
1218001, 4617559, 0, 0
1219018, 4953174, 0, 0
1220001, 4833473, 0, 0
1221027, 4744648, 0, 0
1222033, 5649567, 0, 0
1223042, 4914195, 0, 0
1224040, 5032271, 0, 0
1225025, 5436762, 0, 0
1226033, 5241422, 0, 0
1227037, 4848593, 0, 0
1228058, 4923717, 0, 0
1229044, 5128853, 0, 0
1230048, 4869981, 0, 0
1231055, 5350158, 0, 0
1232035, 5263040, 0, 0
1233016, 4555220, 0, 0
1234040, 4628005, 0, 0
1235019, 4935061, 0, 0
1236039, 4487803, 0, 0
1237037, 4959176, 0, 0
1238037, 4457501, 0, 0
1239023, 4375308, 0, 0
1240031, 5009697, 0, 0
1241067, 5281102, 0, 0
1242039, 4758803, 0, 0
1243032, 5111600, 0, 0
1244053, 5121507, 0, 0
1245019, 4445016, 0, 0
1246065, 4772568, 0, 0
1247000, 4150370, 0, 0
1248059, 5342578, 0, 0
1249059, 4642788, 0, 0
1250019, 4339543, 0, 0
1251058, 4433467, 0, 0
1252031, 4047864, 0, 0
1253015, 4635467, 0, 0
1254035, 5168389, 0, 0
1255047, 4320443, 0, 0
1256032, 5019124, 0, 0
1257038, 5023557, 0, 0
1258011, 4206900, 0, 0
1259003, 5081012, 0, 0
1260013, 4691344, 0, 0
1261037, 4894221, 0, 0
1262059, 4680541, 0, 0
1263009, 4697643, 0, 0
1264049, 5043307, 0, 0
1265049, 4337363, 0, 0
1266016, 4833843, 0, 0
1267042, 4998317, 0, 0
1268062, 5143301, 0, 0
1269049, 4739238, 0, 0
1270003, 5069549, 0, 0
1271029, 4788634, 0, 0
1272047, 4420325, 0, 0
1273013, 4634351, 0, 0
1274047, 4849141, 0, 0
1275037, 4495117, 0, 0
1276008, 5475955, 0, 0
1277059, 4999409, 0, 0
1278069, 4525315, 0, 0
1279049, 4406918, 0, 0
1280020, 4488023, 0, 0
1281020, 4850918, 0, 0
1282057, 4538773, 0, 0
1283026, 4865712, 0, 0
1284047, 4531625, 0, 0
1285042, 4753462, 0, 0
1286048, 4784976, 0, 0
1287039, 5293652, 0, 0
1288030, 4921597, 0, 0
1289046, 4765201, 0, 0
1290002, 4679481, 0, 0
1291042, 5297727, 0, 0
1292021, 4250684, 0, 0
1293040, 5276149, 0, 0
1294025, 4940780, 0, 0
1295037, 4956467, 0, 0
1296009, 4688021, 0, 0
1297064, 5020235, 0, 0
1298021, 5030599, 0, 0
1299011, 5259185, 0, 0
1300046, 4377167, 0, 0
1301019, 5145708, 0, 0
1302056, 4558591, 0, 0
1303033, 4783629, 0, 0
1304010, 5190838, 0, 0
1305024, 4824352, 0, 0
1306053, 4428518, 0, 0
1307064, 5152388, 0, 0
1308067, 5165094, 0, 0
1309007, 5016614, 0, 0
1310042, 4573345, 0, 0
1311034, 4651901, 0, 0
1312033, 4820141, 0, 0
1313058, 4696181, 0, 0
1314032, 4913342, 0, 0
1315030, 4372466, 0, 0
1316033, 5108614, 0, 0
1317015, 4627468, 0, 0
1318006, 4824328, 0, 0
1319036, 4763317, 0, 0
1320015, 5012890, 0, 0
1321023, 4661922, 0, 0
1322004, 4924093, 0, 0
1323029, 4739038, 0, 0
1324055, 4948791, 0, 0
1325063, 5691288, 0, 0
1326024, 4700680, 0, 0
1327061, 4776364, 0, 0
1328014, 4442735, 0, 0
1329056, 4354184, 0, 0
1330007, 4480290, 0, 0
1331024, 5055721, 0, 0
1332020, 4995509, 0, 0
1333045, 4995159, 0, 0
1334053, 5269812, 0, 0
1335047, 5017215, 0, 0
1336054, 4633335, 0, 0
1337014, 4915052, 0, 0
1338006, 5133556, 0, 0
1339039, 5108108, 0, 0
1340009, 5019229, 0, 0
1341042, 5056278, 0, 0
1342052, 4924626, 0, 0
1343006, 4884350, 0, 0
1344029, 4731701, 0, 0
1345022, 4483542, 0, 0
1346011, 4389692, 0, 0
1347013, 4814431, 0, 0
1348063, 4678006, 0, 0
1349012, 5017928, 0, 0
1350042, 4674676, 0, 0
1351055, 4839537, 0, 0
1352049, 4869838, 0, 0
1353032, 4715678, 0, 0
1354054, 5007920, 0, 0
1355007, 4571514, 0, 0
1356000, 4569025, 0, 0
1357055, 4724646, 0, 0
1358060, 4897043, 0, 0
1359052, 4981932, 0, 0
1360048, 5152711, 0, 0
1361034, 4190505, 0, 0
1362001, 4234316, 0, 0
1363043, 4860501, 0, 0
1364057, 4365647, 0, 0
1365011, 5094308, 0, 0
1366001, 5263780, 0, 0
1367068, 5325854, 0, 0
1368015, 4899397, 0, 0
1369010, 5071972, 0, 0
1370020, 4235820, 0, 0
1371041, 4613280, 0, 0
1372020, 4484726, 0, 0
1373028, 4358164, 0, 0
1374028, 4285887, 0, 0
1375034, 4466224, 0, 0
1376058, 4607686, 0, 0
1377057, 4172095, 0, 0
1378014, 5112159, 0, 0
1379031, 4655969, 0, 0
1380049, 4986908, 0, 0
1381036, 5213604, 0, 0
1382011, 4797248, 0, 0
1383060, 4825776, 0, 0
1384042, 5030749, 0, 0
1385063, 4743436, 0, 0
1386051, 5088878, 0, 0
1387030, 4914062, 0, 0
1388033, 5212470, 0, 0
1389051, 4458581, 0, 0
1390046, 4624710, 0, 0
1391036, 4820600, 0, 0
1392016, 4871593, 0, 0
1393008, 4927314, 0, 0
1394027, 4565181, 0, 0
1395000, 5006256, 0, 0
1396009, 4498425, 0, 0
1397013, 4479361, 0, 0
1398055, 5534304, 0, 0
1399007, 4592073, 0, 0
1400001, 4513698, 0, 0
1401024, 4400551, 0, 0
1402023, 4798825, 0, 0
1403064, 4622013, 0, 0
1404026, 5192212, 0, 0
1405005, 4679673, 0, 0
1406026, 5255593, 0, 0
1407044, 4475833, 0, 0
1408059, 4853599, 0, 0
1409029, 5098355, 0, 0
1410040, 4975470, 0, 0
1411032, 5130883, 0, 0
1412039, 4550024, 0, 0
1413051, 4812720, 0, 0
1414005, 5126707, 0, 0
1415031, 4901510, 0, 0
1416023, 4364747, 0, 0
1417014, 4434239, 0, 0
1418061, 5180343, 0, 0
1419060, 5170027, 0, 0
1420024, 5290571, 0, 0
1421008, 4443798, 0, 0
1422000, 4786395, 0, 0
1423055, 4486238, 0, 0
1424031, 4893631, 0, 0
1425059, 4890912, 0, 0
1426028, 4790496, 0, 0
1427063, 4699124, 0, 0
1428035, 5421481, 0, 0
1429012, 4478333, 0, 0
1430008, 4602863, 0, 0
1431010, 5187166, 0, 0
1432034, 4688966, 0, 0
1433052, 4149257, 0, 0
1434008, 5972257, 0, 0
1435007, 4575340, 0, 0
1436028, 4765478, 0, 0
1437023, 5611236, 0, 0
1438026, 4866891, 0, 0
1439041, 4827260, 0, 0
1440059, 5135323, 0, 0
1441000, 4496696, 0, 0
1442017, 4745708, 0, 0
1443056, 4779930, 0, 0
1444061, 4778505, 0, 0
1445000, 5124559, 0, 0
1446020, 4947021, 0, 0
1447049, 4849386, 0, 0
1448000, 4702020, 0, 0
1449034, 4692643, 0, 0
1450035, 4608522, 0, 0
1451058, 4661313, 0, 0
1452012, 4496049, 0, 0
1453053, 4972113, 0, 0
1454001, 4782331, 0, 0
1455045, 4874037, 0, 0
1456045, 4341165, 0, 0
1457039, 4530908, 0, 0
1458004, 5356382, 0, 0
1459033, 4648130, 0, 0
1460046, 4987530, 0, 0
1461024, 4541638, 0, 0
1462003, 4587060, 0, 0
1463033, 4286920, 0, 0
1464043, 4760895, 0, 0
1465020, 4411920, 0, 0
1466071, 4906707, 0, 0
1467034, 4495387, 0, 0
1468011, 5160523, 0, 0
1469001, 4618236, 0, 0
1470051, 4810910, 0, 0
1471017, 4593451, 0, 0
1472030, 4253401, 0, 0
1473002, 4665599, 0, 0
1474027, 4922235, 0, 0
1475025, 5007044, 0, 0
1476046, 4904863, 0, 0
1477017, 5128743, 0, 0
1478037, 4651641, 0, 0
1479032, 4688716, 0, 0
1480017, 4991943, 0, 0
1481007, 4707851, 0, 0
1482050, 4915265, 0, 0
1483067, 4904314, 0, 0
1484054, 5057657, 0, 0
1485042, 4542629, 0, 0
1486009, 4163234, 0, 0
1487049, 4536685, 0, 0
1488026, 4603146, 0, 0
1489010, 4347787, 0, 0
1490005, 4120606, 0, 0
1491019, 4847116, 0, 0
1492041, 4769573, 0, 0
1493061, 4523084, 0, 0
1494015, 4744382, 0, 0
1495057, 4624809, 0, 0
1496013, 4375095, 0, 0
1497035, 4684646, 0, 0
1498037, 4879072, 0, 0
1499070, 4798787, 0, 0
1500024, 4811460, 0, 0
1501049, 4571556, 0, 0
1502007, 4855412, 0, 0
1503031, 4668184, 0, 0
1504045, 5722056, 0, 0
1505001, 4503260, 0, 0
1506057, 4469051, 0, 0
1507031, 4655686, 0, 0
1508065, 4736149, 0, 0
1509006, 4795415, 0, 0
1510040, 5063604, 0, 0
1511033, 4767043, 0, 0
1512052, 4646546, 0, 0
1513008, 4591599, 0, 0
1514036, 4368818, 0, 0
1515004, 4667914, 0, 0
1516004, 4517515, 0, 0
1517038, 4632811, 0, 0
1518007, 4564113, 0, 0
1519035, 4668466, 0, 0
1520035, 4667390, 0, 0
1521000, 4501737, 0, 0
1522062, 4799208, 0, 0
1523014, 6337246, 0, 0
1524021, 4905842, 0, 0
1525007, 4854702, 0, 0
1526035, 4664862, 0, 0
1527031, 4737421, 0, 0
1528056, 4761399, 0, 0
1529037, 4532821, 0, 0
1530037, 4996733, 0, 0
1531004, 4554471, 0, 0
1532049, 4577503, 0, 0
1533047, 4816086, 0, 0
1534000, 4593027, 0, 0
1535057, 4982951, 0, 0
1536014, 5083668, 0, 0
1537048, 4714345, 0, 0
1538043, 4776045, 0, 0
1539006, 4737734, 0, 0
1540023, 4885678, 0, 0
1541043, 4871740, 0, 0
1542042, 4749873, 0, 0
1543056, 5015453, 0, 0
1544008, 4660322, 0, 0
1545047, 4896135, 0, 0
1546033, 5383497, 0, 0
1547042, 4342401, 0, 0
1548036, 5515125, 0, 0
1549034, 4548241, 0, 0
1550006, 4929343, 0, 0
1551046, 4596935, 0, 0
1552012, 4343086, 0, 0
1553011, 4207437, 0, 0
1554014, 4321160, 0, 0
1555009, 5338980, 0, 0
1556013, 3994837, 0, 0
1557033, 5067811, 0, 0
1558052, 5218599, 0, 0
1559008, 4262690, 0, 0
1560073, 4645080, 0, 0
1561013, 4579423, 0, 0
1562026, 4840681, 0, 0
1563036, 4667250, 0, 0
1564035, 4578221, 0, 0
1565076, 4660564, 0, 0
1566049, 4647034, 0, 0
1567017, 4498122, 0, 0
1568040, 4772298, 0, 0
1569057, 4816597, 0, 0
1570040, 4379367, 0, 0
1571009, 4244482, 0, 0
1572035, 5098838, 0, 0
1573062, 4500958, 0, 0
1574019, 4424338, 0, 0
1575011, 4381320, 0, 0
1576008, 4740596, 0, 0
1577055, 4648475, 0, 0
1578009, 4449860, 0, 0
1579008, 4433616, 0, 0
1580037, 4412721, 0, 0
1581026, 4428994, 0, 0
1582037, 4805165, 0, 0
1583028, 4343061, 0, 0
1584057, 4710771, 0, 0
1585014, 4595268, 0, 0
1586047, 4892505, 0, 0
1587000, 5283607, 0, 0
1588014, 4992845, 0, 0
1589055, 4480302, 0, 0
1590000, 4386659, 0, 0
1591047, 4135417, 0, 0
1592070, 5158517, 0, 0
1593010, 4966782, 0, 0
1594061, 5197057, 0, 0
1595023, 4550567, 0, 0
1596038, 4715240, 0, 0
1597030, 4697489, 0, 0
1598004, 4938870, 0, 0
1599029, 4802689, 0, 0
1600007, 4766571, 0, 0
1601059, 4449660, 0, 0
1602015, 4679705, 0, 0
1603060, 4854349, 0, 0
1604020, 5076830, 0, 0
1605050, 4591217, 0, 0
1606021, 4706356, 0, 0
1607012, 4324139, 0, 0
1608022, 4800465, 0, 0
1609003, 4171059, 0, 0
1610021, 4497467, 0, 0
1611019, 4633444, 0, 0
1612035, 4926340, 0, 0
1613054, 5276106, 0, 0
1614012, 5062757, 0, 0
1615038, 4552973, 0, 0
1616010, 5216457, 0, 0
1617053, 4824345, 0, 0
1618031, 4262865, 0, 0
1619042, 4450452, 0, 0
1620020, 4564280, 0, 0
1621044, 4387016, 0, 0
1622032, 4484432, 0, 0
1623011, 4724234, 0, 0
1624013, 4448618, 0, 0
1625067, 4739421, 0, 0
1626056, 4842431, 0, 0
1627035, 4724543, 0, 0
1628005, 4721783, 0, 0
1629051, 4839770, 0, 0
1630038, 4831040, 0, 0
1631052, 4776990, 0, 0
1632048, 4458117, 0, 0
1633020, 4432279, 0, 0
1634005, 4732448, 0, 0
1635056, 4788809, 0, 0
1636035, 4702046, 0, 0
1637042, 4531147, 0, 0
1638038, 4922920, 0, 0
1639021, 4546516, 0, 0
1640055, 4822902, 0, 0
1641043, 5037697, 0, 0
1642017, 5014831, 0, 0
1643035, 5188041, 0, 0
1644059, 4964774, 0, 0
1645049, 4372063, 0, 0
1646027, 4606288, 0, 0
1647035, 5060089, 0, 0
1648038, 4635122, 0, 0
1649014, 4492952, 0, 0
1650045, 4290480, 0, 0
1651054, 4578750, 0, 0
1652057, 4597019, 0, 0
1653034, 4557282, 0, 0
1654013, 5492314, 0, 0
1655048, 4787231, 0, 0
1656054, 4388375, 0, 0
1657059, 4778347, 0, 0
1658016, 5223537, 0, 0
1659023, 4259675, 0, 0
1660020, 4763472, 0, 0
1661017, 4370123, 0, 0
1662068, 4928261, 0, 0
1663051, 4674546, 0, 0
1664016, 4417255, 0, 0
1665001, 4685318, 0, 0
1666026, 4412229, 0, 0
1667013, 4478728, 0, 0
1668038, 4432990, 0, 0
1669065, 4436578, 0, 0
1670060, 4457601, 0, 0
1671020, 4262072, 0, 0
1672008, 4884048, 0, 0
1673015, 4699994, 0, 0
1674070, 4743653, 0, 0
1675049, 5118342, 0, 0
1676029, 4946119, 0, 0
1677014, 4916367, 0, 0
1678062, 4892829, 0, 0
1679048, 4172258, 0, 0
1680023, 4527543, 0, 0
1681040, 4246930, 0, 0
1682020, 4824560, 0, 0
1683028, 4172861, 0, 0
1684010, 4342067, 0, 0
1685048, 4448114, 0, 0
1686015, 4367955, 0, 0
1687066, 4859494, 0, 0
1688012, 4773400, 0, 0
1689071, 4496997, 0, 0
1690031, 4377879, 0, 0
1691004, 4671486, 0, 0
1692015, 4154553, 0, 0
1693072, 4865176, 0, 0
1694000, 5120279, 0, 0
1695019, 4603782, 0, 0
1696067, 5157134, 0, 0
1697031, 3976380, 0, 0
1698036, 4690346, 0, 0
1699037, 4876882, 0, 0
1700018, 4559947, 0, 0
1701017, 4616320, 0, 0
1702009, 5006477, 0, 0
1703001, 5133150, 0, 0
1704062, 4625225, 0, 0
1705036, 4402597, 0, 0
1706030, 4796967, 0, 0
1707025, 4432336, 0, 0
1708024, 3806127, 0, 0
1709004, 5072269, 0, 0
1710038, 4099877, 0, 0
1711017, 4723063, 0, 0
1712018, 4671120, 0, 0
1713054, 4070953, 0, 0
1714064, 4626635, 0, 0
1715002, 4660731, 0, 0
1716060, 5128134, 0, 0
1717043, 4463632, 0, 0
1718000, 4385804, 0, 0
1719002, 4901397, 0, 0
1720017, 4759334, 0, 0
1721014, 5190544, 0, 0
1722057, 5366231, 0, 0
1723019, 4449172, 0, 0
1724017, 4240591, 0, 0
1725057, 4360817, 0, 0
1726007, 5130576, 0, 0
1727039, 4932929, 0, 0
1728047, 4597002, 0, 0
1729064, 4572958, 0, 0
1730033, 4606186, 0, 0
1731011, 4765155, 0, 0
1732016, 4344881, 0, 0
1733068, 4343251, 0, 0
1734048, 4551405, 0, 0
1735013, 4299879, 0, 0
1736016, 4392940, 0, 0
1737000, 4147349, 0, 0
1738029, 4988579, 0, 0
1739049, 4155063, 0, 0
1740026, 4243526, 0, 0
1741041, 4734120, 0, 0
1742049, 4303895, 0, 0
1743025, 4510948, 0, 0
1744061, 4703561, 0, 0
1745036, 4404103, 0, 0
1746023, 4789697, 0, 0
1747025, 4761349, 0, 0
1748026, 5497423, 0, 0
1749044, 4793814, 0, 0
1750040, 5206801, 0, 0
1751027, 5057629, 0, 0
1752052, 4353896, 0, 0
1753037, 4664209, 0, 0
1754003, 4071002, 0, 0
1755042, 4714531, 0, 0
1756042, 4734847, 0, 0
1757018, 4898411, 0, 0
1758028, 5091667, 0, 0
1759022, 4535359, 0, 0
1760023, 4827307, 0, 0
1761012, 4863941, 0, 0
1762006, 4598230, 0, 0
1763061, 4809886, 0, 0
1764020, 4411791, 0, 0
1765055, 4418823, 0, 0
1766017, 5220175, 0, 0
1767045, 5463146, 0, 0
1768021, 4923469, 0, 0
1769006, 4750345, 0, 0
1770042, 4859096, 0, 0
1771036, 5040602, 0, 0
1772017, 4822234, 0, 0
1773034, 4597573, 0, 0
1774033, 4597896, 0, 0
1775017, 4466871, 0, 0
1776065, 4271690, 0, 0
1777001, 4994380, 0, 0
1778025, 4141676, 0, 0
1779023, 5007344, 0, 0
1780030, 4881603, 0, 0
1781004, 5068154, 0, 0
1782033, 4694364, 0, 0
1783037, 4749024, 0, 0
1784057, 4427649, 0, 0
1785057, 4667533, 0, 0
1786012, 4630313, 0, 0
1787054, 4623731, 0, 0
1788028, 4441273, 0, 0
1789003, 4893048, 0, 0
1790003, 4521012, 0, 0
1791043, 4495442, 0, 0
1792006, 5343411, 0, 0
1793020, 4710796, 0, 0
1794046, 4997692, 0, 0
1795022, 4822180, 0, 0
1796006, 4682300, 0, 0
1797013, 5713132, 0, 0
1798052, 4851595, 0, 0
1799013, 4544760, 0, 0
1800027, 4626632, 0, 0
