1011, 484075495, 0, 0
2026, 503097471, 0, 0
3041, 498351511, 0, 0
4036, 523883701, 0, 0
5014, 467069231, 0, 0
6054, 515318715, 0, 0
7025, 509904205, 0, 0
8011, 507160286, 0, 0
9064, 521635235, 0, 0
10032, 534750653, 0, 0
11063, 504414283, 0, 0
12010, 497964546, 0, 0
13036, 510853275, 0, 0
14059, 492531828, 0, 0
15061, 519620051, 0, 0
16042, 531881151, 0, 0
17003, 506454473, 0, 0
18021, 505748405, 0, 0
19013, 511133583, 0, 0
20057, 504205518, 0, 0
21019, 512548521, 0, 0
22000, 512479878, 0, 0
23000, 473694282, 0, 0
24036, 524148717, 0, 0
25028, 481756272, 0, 0
26033, 492428512, 0, 0
27008, 493761494, 0, 0
28053, 507171979, 0, 0
29049, 503446713, 0, 0
30037, 533802465, 0, 0
31021, 497844900, 0, 0
32055, 494160046, 0, 0
33003, 516597166, 0, 0
34043, 512328986, 0, 0
35026, 496808294, 0, 0
36000, 494348581, 0, 0
37008, 508356706, 0, 0
38043, 507116447, 0, 0
39060, 499934007, 0, 0
40036, 529597630, 0, 0
41055, 526614911, 0, 0
42014, 492046097, 0, 0
43039, 487955893, 0, 0
44025, 506593497, 0, 0
45052, 500126583, 0, 0
46048, 475779614, 0, 0
47016, 494869286, 0, 0
48043, 499296459, 0, 0
49018, 506077305, 0, 0
50051, 518010409, 0, 0
51000, 515507395, 0, 0
52055, 516196205, 0, 0
53013, 509861746, 0, 0
54040, 478299386, 0, 0
55062, 521113004, 0, 0
56028, 504653077, 0, 0
57041, 467863114, 0, 0
58007, 493374703, 0, 0
59047, 492001459, 0, 0
60042, 513869797, 0, 0
61025, 489479712, 0, 0
62030, 478377538, 0, 0
63054, 479355563, 0, 0
64005, 494014331, 0, 0
65051, 502416106, 0, 0
66064, 484206688, 0, 0
67007, 482299103, 0, 0
68050, 494657948, 0, 0
69009, 472376554, 0, 0
70013, 507314969, 0, 0
71008, 480107457, 0, 0
72041, 496474129, 0, 0
73057, 496715173, 0, 0
74012, 485264212, 0, 0
75050, 495980773, 0, 0
76043, 529990592, 0, 0
77028, 486787538, 0, 0
78060, 467205675, 0, 0
79006, 503480047, 0, 0
80016, 502270883, 0, 0
81005, 499461412, 0, 0
82042, 512956321, 0, 0
83068, 551420356, 0, 0
84007, 501990740, 0, 0
85008, 498711704, 0, 0
86027, 479333446, 0, 0
87028, 519624553, 0, 0
88003, 473159303, 0, 0
89024, 490422224, 0, 0
90074, 489236131, 0, 0
91054, 491277687, 0, 0
92014, 501600599, 0, 0
93016, 475390957, 0, 0
94055, 473333468, 0, 0
95027, 485107503, 0, 0
96011, 500358311, 0, 0
97059, 467199795, 0, 0
98020, 489714052, 0, 0
99022, 484644337, 0, 0
100038, 496883084, 0, 0
101056, 450868060, 0, 0
102032, 486858745, 0, 0
103002, 477678173, 0, 0
104001, 469590389, 0, 0
105054, 500089784, 0, 0
106057, 465440066, 0, 0
107035, 535276284, 0, 0
108019, 476549153, 0, 0
109061, 468352006, 0, 0
110004, 479063103, 0, 0
111026, 468064022, 0, 0
112052, 470786489, 0, 0
113055, 499762784, 0, 0
114005, 494825743, 0, 0
115016, 455936129, 0, 0
116048, 469527908, 0, 0
117010, 482566368, 0, 0
118007, 484613064, 0, 0
119000, 459697665, 0, 0
120049, 499656250, 0, 0
121056, 463515894, 0, 0
122035, 471085708, 0, 0
123050, 473064168, 0, 0
124025, 460536092, 0, 0
125029, 459800089, 0, 0
126019, 464268475, 0, 0
127036, 471943479, 0, 0
128005, 473055800, 0, 0
129012, 450912277, 0, 0
130051, 472099276, 0, 0
131018, 484355240, 0, 0
132002, 483365978, 0, 0
133064, 467693052, 0, 0
134013, 451536428, 0, 0
135016, 477974207, 0, 0
136070, 475832477, 0, 0
137051, 454076472, 0, 0
138048, 469121801, 0, 0
139052, 489405407, 0, 0
140026, 489996500, 0, 0
141024, 498508940, 0, 0
142053, 443203600, 0, 0
143046, 453185365, 0, 0
144012, 443348902, 0, 0
145037, 469078712, 0, 0
146031, 456785875, 0, 0
147040, 479573254, 0, 0
148022, 468181420, 0, 0
149011, 483165522, 0, 0
150001, 479680547, 0, 0
151028, 454407520, 0, 0
152053, 481497149, 0, 0
153044, 432390953, 0, 0
154040, 474344826, 0, 0
155012, 485873286, 0, 0
156007, 464822978, 0, 0
157028, 455127620, 0, 0
158036, 450943942, 0, 0
159017, 456809415, 0, 0
160022, 448278873, 0, 0
161046, 468078958, 0, 0
162032, 471442410, 0, 0
163036, 457961467, 0, 0
164041, 467045312, 0, 0
165058, 415563252, 0, 0
166005, 444079893, 0, 0
167047, 446466529, 0, 0
168013, 444490457, 0, 0
169045, 472419378, 0, 0
170067, 459530418, 0, 0
171042, 462502302, 0, 0
172034, 438000860, 0, 0
173018, 447921678, 0, 0
174014, 466143021, 0, 0
175001, 479340211, 0, 0
176048, 466637579, 0, 0
177032, 444798153, 0, 0
178031, 455865820, 0, 0
179007, 425478215, 0, 0
180007, 454401529, 0, 0
181061, 431420206, 0, 0
182021, 461808958, 0, 0
183064, 461434893, 0, 0
184036, 461182057, 0, 0
185026, 473262303, 0, 0
186037, 455347224, 0, 0
187059, 500216126, 0, 0
188009, 463196442, 0, 0
189050, 454517268, 0, 0
190012, 454578948, 0, 0
191044, 447329868, 0, 0
192021, 452473733, 0, 0
193022, 442060666, 0, 0
194021, 456166539, 0, 0
195033, 481073539, 0, 0
196027, 444787518, 0, 0
197007, 441937237, 0, 0
198038, 444107418, 0, 0
199035, 434720633, 0, 0
200057, 469930788, 0, 0
201063, 466535281, 0, 0
202014, 455898731, 0, 0
203034, 434263690, 0, 0
204072, 457187844, 0, 0
205032, 448101881, 0, 0
206029, 475791366, 0, 0
207023, 459303788, 0, 0
208059, 482644225, 0, 0
209031, 460827122, 0, 0
210005, 457384470, 0, 0
211045, 455038058, 0, 0
212045, 488324279, 0, 0
213047, 447091583, 0, 0
214009, 448039286, 0, 0
215025, 445063750, 0, 0
216045, 430598442, 0, 0
217009, 436350738, 0, 0
218013, 420628445, 0, 0
219021, 455053602, 0, 0
220044, 435149675, 0, 0
221016, 432057646, 0, 0
222023, 442043203, 0, 0
223047, 430019188, 0, 0
224038, 431507684, 0, 0
225066, 446258681, 0, 0
226026, 458501307, 0, 0
227035, 502788084, 0, 0
228050, 410666491, 0, 0
229007, 409078029, 0, 0
230067, 477235250, 0, 0
231035, 446988175, 0, 0
232010, 417797600, 0, 0
233008, 431199040, 0, 0
234006, 449481682, 0, 0
235024, 470576457, 0, 0
236015, 434661339, 0, 0
237045, 454440662, 0, 0
238045, 448641312, 0, 0
239014, 417570289, 0, 0
240008, 435153194, 0, 0
241018, 427224979, 0, 0
242047, 442392787, 0, 0
243014, 497036005, 0, 0
244038, 455235323, 0, 0
245015, 445835539, 0, 0
246005, 453747643, 0, 0
247013, 452758265, 0, 0
248008, 432370856, 0, 0
249030, 446171125, 0, 0
250040, 445884280, 0, 0
251048, 455096585, 0, 0
252006, 427365364, 0, 0
253039, 452298214, 0, 0
254013, 418146857, 0, 0
255012, 453677600, 0, 0
256042, 420575473, 0, 0
257033, 431820382, 0, 0
258051, 425738705, 0, 0
259028, 422100438, 0, 0
260002, 423640190, 0, 0
261045, 450206068, 0, 0
262058, 434878980, 0, 0
263003, 453890642, 0, 0
264025, 413635239, 0, 0
265050, 414615208, 0, 0
266056, 418263398, 0, 0
267012, 456216027, 0, 0
268038, 412203073, 0, 0
269003, 453239363, 0, 0
270028, 455056023, 0, 0
271043, 396744745, 0, 0
272006, 424759351, 0, 0
273033, 443876816, 0, 0
274010, 438177465, 0, 0
275041, 439760595, 0, 0
276005, 433844840, 0, 0
277045, 451343839, 0, 0
278051, 413932150, 0, 0
279013, 425650988, 0, 0
280054, 405800389, 0, 0
281004, 394055222, 0, 0
282049, 410019542, 0, 0
283029, 447177546, 0, 0
284059, 428816265, 0, 0
285063, 439249987, 0, 0
286054, 433823689, 0, 0
287028, 405904632, 0, 0
288043, 446080364, 0, 0
289033, 418259610, 0, 0
290053, 404178838, 0, 0
291045, 405503964, 0, 0
292027, 434115856, 0, 0
293067, 423509072, 0, 0
294056, 411378324, 0, 0
295042, 420256722, 0, 0
296048, 442508626, 0, 0
297016, 411857780, 0, 0
298054, 432242701, 0, 0
299000, 404932828, 0, 0
300023, 389943038, 0, 0
301005, 439643798, 0, 0
302049, 421901176, 0, 0
303034, 429811939, 0, 0
304034, 417431274, 0, 0
305007, 395977330, 0, 0
306047, 394562239, 0, 0
307009, 389676523, 0, 0
308031, 423059199, 0, 0
309051, 394408517, 0, 0
310008, 422381189, 0, 0
311017, 415354087, 0, 0
312000, 440257689, 0, 0
313043, 402914604, 0, 0
314044, 424295203, 0, 0
315014, 402847362, 0, 0
316000, 394522133, 0, 0
317055, 440138980, 0, 0
318048, 455489645, 0, 0
319033, 432459579, 0, 0
320056, 406447416, 0, 0
321041, 390226901, 0, 0
322016, 434189533, 0, 0
323053, 410043822, 0, 0
324055, 427349497, 0, 0
325055, 407869161, 0, 0
326033, 391249605, 0, 0
327069, 408420340, 0, 0
328039, 425919963, 0, 0
329051, 410279530, 0, 0
330042, 452924547, 0, 0
331002, 400130900, 0, 0
332007, 377463066, 0, 0
333047, 424090228, 0, 0
334059, 403705020, 0, 0
335018, 395821597, 0, 0
336039, 445959623, 0, 0
337017, 434984362, 0, 0
338061, 421152773, 0, 0
339021, 431958797, 0, 0
340000, 393577246, 0, 0
341006, 419203013, 0, 0
342041, 403567443, 0, 0
343021, 427227338, 0, 0
344045, 415540600, 0, 0
345028, 421404922, 0, 0
346042, 394592217, 0, 0
347023, 395694902, 0, 0
348022, 433937891, 0, 0
349036, 404080517, 0, 0
350043, 424173699, 0, 0
351009, 415144850, 0, 0
352021, 369093618, 0, 0
353018, 425439655, 0, 0
354020, 418212219, 0, 0
355035, 416298001, 0, 0
356069, 395003237, 0, 0
357008, 379601914, 0, 0
358037, 400951120, 0, 0
359028, 401368949, 0, 0
360060, 388772752, 0, 0
361011, 448142696, 0, 0
362060, 418232952, 0, 0
363035, 415504050, 0, 0
364030, 396688264, 0, 0
365007, 443945047, 0, 0
366017, 442697401, 0, 0
367004, 383280657, 0, 0
368008, 409427626, 0, 0
369019, 365831796, 0, 0
370044, 424595735, 0, 0
371057, 390195955, 0, 0
372046, 437921241, 0, 0
373017, 407670432, 0, 0
374008, 398572142, 0, 0
375020, 404092055, 0, 0
376035, 383684603, 0, 0
377064, 365400836, 0, 0
378004, 418287404, 0, 0
379015, 397341638, 0, 0
380016, 379463399, 0, 0
381005, 364604860, 0, 0
382003, 392414997, 0, 0
383050, 412998000, 0, 0
384008, 398408304, 0, 0
385042, 407432824, 0, 0
386042, 401681652, 0, 0
387020, 420067693, 0, 0
388049, 387637490, 0, 0
389046, 400755444, 0, 0
390071, 391607537, 0, 0
391006, 408806499, 0, 0
392058, 401100506, 0, 0
393023, 387244226, 0, 0
394001, 395024753, 0, 0
395013, 388980126, 0, 0
396042, 370054315, 0, 0
397033, 425033066, 0, 0
398003, 375347578, 0, 0
399036, 367324420, 0, 0
400020, 414935556, 0, 0
401002, 395534722, 0, 0
402065, 438175800, 0, 0
403038, 404128899, 0, 0
404073, 405470896, 0, 0
405019, 405176821, 0, 0
406005, 387478431, 0, 0
407016, 384256874, 0, 0
408032, 385621982, 0, 0
409054, 400143128, 0, 0
410021, 394082239, 0, 0
411051, 383619590, 0, 0
412017, 402188142, 0, 0
413021, 411751271, 0, 0
414032, 403588765, 0, 0
415009, 397579034, 0, 0
416043, 402125215, 0, 0
417042, 399620243, 0, 0
418005, 388875048, 0, 0
419030, 365533954, 0, 0
420051, 395322381, 0, 0
421057, 396404442, 0, 0
422017, 415803424, 0, 0
423005, 409416004, 0, 0
424033, 393118388, 0, 0
425022, 407204181, 0, 0
426062, 367308387, 0, 0
427035, 401035557, 0, 0
428024, 365557842, 0, 0
429038, 347508443, 0, 0
430046, 380284208, 0, 0
431027, 396682346, 0, 0
432022, 353239651, 0, 0
433020, 372149571, 0, 0
434052, 382084865, 0, 0
435055, 385360252, 0, 0
436024, 401599997, 0, 0
437019, 385897888, 0, 0
438029, 387386009, 0, 0
439044, 390363969, 0, 0
440033, 388886355, 0, 0
441034, 381644915, 0, 0
442026, 401515106, 0, 0
443053, 424764773, 0, 0
444027, 382616744, 0, 0
445012, 393073268, 0, 0
446059, 464148342, 0, 0
447040, 388155448, 0, 0
448002, 364717767, 0, 0
449004, 364473037, 0, 0
450028, 417358107, 0, 0
451004, 429365562, 0, 0
452024, 395242542, 0, 0
453042, 362939569, 0, 0
454023, 390895114, 0, 0
455052, 368636808, 0, 0
456017, 379483900, 0, 0
457023, 383333269, 0, 0
458042, 338587417, 0, 0
459059, 378070854, 0, 0
460025, 375730743, 0, 0
461015, 385141486, 0, 0
462026, 389782017, 0, 0
463015, 377555175, 0, 0
464042, 371300150, 0, 0
465014, 364113284, 0, 0
466074, 414951624, 0, 0
467015, 406058714, 0, 0
468055, 395860022, 0, 0
469031, 380930386, 0, 0
470012, 340698589, 0, 0
471030, 351573981, 0, 0
472029, 359846636, 0, 0
473024, 410814133, 0, 0
474043, 394949651, 0, 0
475009, 377793707, 0, 0
476003, 344130648, 0, 0
477017, 393450854, 0, 0
478009, 351591486, 0, 0
479055, 383559064, 0, 0
480006, 369226961, 0, 0
481032, 361082341, 0, 0
482034, 372956813, 0, 0
483050, 360599245, 0, 0
484033, 387835894, 0, 0
485051, 367836495, 0, 0
486063, 356487774, 0, 0
487012, 368284946, 0, 0
488032, 337690505, 0, 0
489019, 371379419, 0, 0
490036, 376004823, 0, 0
491026, 410248831, 0, 0
492058, 395838780, 0, 0
493021, 354769131, 0, 0
494001, 380439789, 0, 0
495043, 361652515, 0, 0
496011, 363250031, 0, 0
497008, 352443688, 0, 0
498009, 369086576, 0, 0
499066, 370079509, 0, 0
500024, 353255846, 0, 0
501059, 358604746, 0, 0
502064, 414397747, 0, 0
503043, 369515669, 0, 0
504066, 353414158, 0, 0
505030, 386743456, 0, 0
506050, 359932141, 0, 0
507008, 366973611, 0, 0
508035, 355295743, 0, 0
509028, 335336769, 0, 0
510058, 361137738, 0, 0
511046, 379060182, 0, 0
512064, 389466950, 0, 0
513037, 383733279, 0, 0
514062, 334395787, 0, 0
515024, 370642585, 0, 0
516041, 361458995, 0, 0
517081, 379888225, 0, 0
518004, 368107536, 0, 0
519047, 327564104, 0, 0
520009, 336880813, 0, 0
521004, 355344684, 0, 0
522045, 338161386, 0, 0
523063, 363792912, 0, 0
524012, 341485898, 0, 0
525053, 353377004, 0, 0
526018, 361256828, 0, 0
527044, 370015908, 0, 0
528034, 362863810, 0, 0
529053, 343175484, 0, 0
530005, 366674129, 0, 0
531050, 362423891, 0, 0
532010, 352002352, 0, 0
533023, 353534119, 0, 0
534001, 381060957, 0, 0
535009, 360318125, 0, 0
536038, 374644313, 0, 0
537015, 339717802, 0, 0
538045, 387979885, 0, 0
539022, 313216557, 0, 0
540036, 359928604, 0, 0
541040, 348535300, 0, 0
542009, 351062906, 0, 0
543029, 353314818, 0, 0
544054, 372578825, 0, 0
545013, 372298451, 0, 0
546012, 348589984, 0, 0
547002, 340022037, 0, 0
548050, 338368002, 0, 0
549013, 331442032, 0, 0
550044, 376211402, 0, 0
551044, 357342763, 0, 0
552057, 336237192, 0, 0
553026, 342165682, 0, 0
554008, 321551014, 0, 0
555060, 355354886, 0, 0
556064, 348473831, 0, 0
557026, 342006742, 0, 0
558009, 337634482, 0, 0
559012, 340751044, 0, 0
560046, 360762453, 0, 0
561051, 341859600, 0, 0
562012, 342021755, 0, 0
563042, 355526750, 0, 0
564007, 332332026, 0, 0
565003, 351597353, 0, 0
566020, 347064941, 0, 0
567040, 378233431, 0, 0
568021, 370915630, 0, 0
569025, 393832362, 0, 0
570057, 347245446, 0, 0
571009, 338077706, 0, 0
572015, 378079981, 0, 0
573018, 357145353, 0, 0
574013, 335942187, 0, 0
575032, 370169376, 0, 0
576011, 365530040, 0, 0
577038, 331753665, 0, 0
578027, 338189270, 0, 0
579011, 328097320, 0, 0
580012, 369321627, 0, 0
581047, 310153219, 0, 0
582047, 332404967, 0, 0
583045, 351296422, 0, 0
584055, 306332915, 0, 0
585030, 322465855, 0, 0
586032, 336003275, 0, 0
587001, 349338820, 0, 0
588011, 323013191, 0, 0
589044, 323809559, 0, 0
590055, 341825980, 0, 0
591017, 368220363, 0, 0
592057, 342571989, 0, 0
593016, 328961014, 0, 0
594060, 351777910, 0, 0
595189, 363679497, 0, 0
596030, 387311992, 0, 0
597049, 323290329, 0, 0
598011, 304206382, 0, 0
599059, 349028710, 0, 0
600030, 334210802, 0, 0
601036, 340109118, 0, 0
602011, 352602983, 0, 0
603060, 358801461, 0, 0
604015, 340619756, 0, 0
605017, 349206953, 0, 0
606035, 339406181, 0, 0
607021, 330144531, 0, 0
608055, 351853499, 0, 0
609010, 315371615, 0, 0
610052, 324827429, 0, 0
611070, 377947801, 0, 0
612051, 363684392, 0, 0
613037, 317573635, 0, 0
614051, 342614863, 0, 0
615008, 292572266, 0, 0
616053, 303571644, 0, 0
617016, 307579830, 0, 0
618003, 352659505, 0, 0
619009, 308640748, 0, 0
620038, 298199237, 0, 0
621018, 358029630, 0, 0
622038, 378994958, 0, 0
623019, 336044145, 0, 0
624003, 316456897, 0, 0
625062, 352216961, 0, 0
626022, 343813413, 0, 0
627008, 332594651, 0, 0
628002, 316617016, 0, 0
629050, 327935981, 0, 0
630008, 298733599, 0, 0
631005, 295618835, 0, 0
632057, 321720471, 0, 0
633025, 268411135, 0, 0
634022, 297452266, 0, 0
635047, 336322786, 0, 0
636031, 335994780, 0, 0
637025, 325324198, 0, 0
638007, 312924148, 0, 0
639045, 301933350, 0, 0
640036, 315617714, 0, 0
641015, 332546739, 0, 0
642027, 305692324, 0, 0
643056, 343563714, 0, 0
644020, 284113051, 0, 0
645018, 344997767, 0, 0
646059, 289449096, 0, 0
647034, 321716564, 0, 0
648062, 315223124, 0, 0
649021, 314735801, 0, 0
650002, 300817593, 0, 0
651005, 337546244, 0, 0
652060, 322439672, 0, 0
653054, 319286091, 0, 0
654024, 325163389, 0, 0
655001, 274813403, 0, 0
656034, 331738178, 0, 0
657007, 316847231, 0, 0
658016, 314309838, 0, 0
659026, 300297051, 0, 0
660040, 309993311, 0, 0
661057, 340053197, 0, 0
662060, 300800689, 0, 0
663021, 313700720, 0, 0
664052, 308286317, 0, 0
665068, 307956911, 0, 0
666048, 334735443, 0, 0
667024, 308625676, 0, 0
668011, 300249999, 0, 0
669004, 339226798, 0, 0
670037, 299601698, 0, 0
671015, 278868281, 0, 0
672021, 315889017, 0, 0
673018, 313539377, 0, 0
674062, 307907504, 0, 0
675006, 326204566, 0, 0
676014, 299869086, 0, 0
677029, 286837442, 0, 0
678050, 289727882, 0, 0
679023, 309947244, 0, 0
680037, 285656526, 0, 0
681059, 322415863, 0, 0
682032, 289778194, 0, 0
683031, 289700039, 0, 0
684001, 310903546, 0, 0
685046, 315762719, 0, 0
686031, 311289840, 0, 0
687054, 371329212, 0, 0
688041, 332172312, 0, 0
689002, 309929279, 0, 0
690022, 316271865, 0, 0
691001, 305078779, 0, 0
692025, 286815755, 0, 0
693062, 265260973, 0, 0
694037, 293269072, 0, 0
695049, 277737476, 0, 0
696062, 289293799, 0, 0
697048, 299413569, 0, 0
698027, 294211412, 0, 0
699019, 285794320, 0, 0
700010, 320125709, 0, 0
701037, 303648291, 0, 0
702016, 286003208, 0, 0
703059, 314370055, 0, 0
704008, 313407182, 0, 0
705023, 294935517, 0, 0
706004, 295499019, 0, 0
707049, 309274953, 0, 0
708014, 309324188, 0, 0
709002, 320940337, 0, 0
710004, 319359609, 0, 0
711027, 315733792, 0, 0
712057, 307218886, 0, 0
713054, 321772268, 0, 0
714055, 341963892, 0, 0
715049, 350502464, 0, 0
716016, 299274642, 0, 0
717006, 308160489, 0, 0
718051, 337247203, 0, 0
719003, 308601199, 0, 0
720040, 300555754, 0, 0
721050, 268850668, 0, 0
722026, 317038778, 0, 0
723002, 324335070, 0, 0
724038, 300166496, 0, 0
725000, 315689827, 0, 0
726037, 265917214, 0, 0
727021, 273977253, 0, 0
728062, 329530954, 0, 0
729000, 313884666, 0, 0
730033, 282731140, 0, 0
731050, 273506756, 0, 0
732032, 302828401, 0, 0
733004, 331199304, 0, 0
734051, 279098156, 0, 0
735028, 327695363, 0, 0
736039, 310904864, 0, 0
737032, 297532174, 0, 0
738033, 271386564, 0, 0
739057, 308143241, 0, 0
740032, 327025460, 0, 0
741047, 252065015, 0, 0
742058, 311866761, 0, 0
743043, 314158643, 0, 0
744009, 291016326, 0, 0
745046, 303649557, 0, 0
746021, 307648048, 0, 0
747039, 300538886, 0, 0
748028, 273134361, 0, 0
749013, 400514233, 0, 0
750039, 310413743, 0, 0
751033, 321711820, 0, 0
752013, 319204951, 0, 0
753028, 294223239, 0, 0
754065, 302672524, 0, 0
755058, 285158665, 0, 0
756028, 295999279, 0, 0
757023, 325237860, 0, 0
758036, 285555628, 0, 0
759010, 285907868, 0, 0
760005, 345794344, 0, 0
761062, 312169031, 0, 0
762050, 306006981, 0, 0
763008, 282080944, 0, 0
764053, 306664372, 0, 0
765032, 292180556, 0, 0
766063, 298100590, 0, 0
767023, 330999854, 0, 0
768022, 288761355, 0, 0
769015, 303753895, 0, 0
770056, 330128032, 0, 0
771021, 297606831, 0, 0
772017, 312163749, 0, 0
773034, 324395241, 0, 0
774022, 298696550, 0, 0
775038, 288957240, 0, 0
776002, 335068698, 0, 0
777037, 278603242, 0, 0
778009, 296431403, 0, 0
779040, 314971357, 0, 0
780064, 279084956, 0, 0
781028, 308513075, 0, 0
782032, 284310194, 0, 0
783023, 294809536, 0, 0
784038, 318672507, 0, 0
785005, 326389159, 0, 0
786032, 291219950, 0, 0
787065, 286363484, 0, 0
788062, 331572370, 0, 0
789055, 277558088, 0, 0
790012, 309789918, 0, 0
791031, 306164219, 0, 0
792053, 293641543, 0, 0
793052, 328661553, 0, 0
794014, 338034372, 0, 0
795059, 330574177, 0, 0
796016, 284925254, 0, 0
797031, 287742405, 0, 0
798000, 305085948, 0, 0
799055, 298002850, 0, 0
800032, 301732780, 0, 0
801011, 313105780, 0, 0
802046, 299940953, 0, 0
803028, 306238796, 0, 0
804033, 298588333, 0, 0
805057, 264543016, 0, 0
806042, 300086594, 0, 0
807013, 342965493, 0, 0
808013, 297539721, 0, 0
809022, 305025277, 0, 0
810045, 333853795, 0, 0
811045, 304669613, 0, 0
812019, 292632651, 0, 0
813007, 341723016, 0, 0
814001, 287129545, 0, 0
815042, 323006744, 0, 0
816029, 279548087, 0, 0
817052, 320349716, 0, 0
818024, 303919954, 0, 0
819004, 312715733, 0, 0
820050, 283627748, 0, 0
821032, 283482541, 0, 0
822027, 304423235, 0, 0
823061, 311050513, 0, 0
824007, 318010666, 0, 0
825055, 299047896, 0, 0
826030, 279060065, 0, 0
827018, 309021790, 0, 0
828055, 310941635, 0, 0
829014, 330919592, 0, 0
830002, 332098187, 0, 0
831047, 310072546, 0, 0
832004, 284832510, 0, 0
833001, 319649429, 0, 0
834037, 302936561, 0, 0
835022, 338816150, 0, 0
836028, 313549858, 0, 0
837007, 291099808, 0, 0
838003, 295500015, 0, 0
839027, 254233895, 0, 0
840025, 306777460, 0, 0
841059, 318008243, 0, 0
842001, 351623563, 0, 0
843058, 316438568, 0, 0
844034, 293137567, 0, 0
845048, 315358904, 0, 0
846045, 317200110, 0, 0
847031, 274011925, 0, 0
848044, 307630121, 0, 0
849021, 319314553, 0, 0
850004, 289169109, 0, 0
851033, 273017747, 0, 0
852024, 290221700, 0, 0
853049, 285104806, 0, 0
854016, 303410616, 0, 0
855005, 299312783, 0, 0
856024, 310499964, 0, 0
857024, 329510034, 0, 0
858039, 302973495, 0, 0
859007, 329835687, 0, 0
860039, 318271762, 0, 0
861006, 274770541, 0, 0
862025, 284305380, 0, 0
863029, 349130069, 0, 0
864031, 311917105, 0, 0
865029, 285722869, 0, 0
866041, 331141809, 0, 0
867064, 291848651, 0, 0
868047, 338942797, 0, 0
869054, 286611990, 0, 0
870017, 314427700, 0, 0
871032, 341091281, 0, 0
872010, 302475143, 0, 0
873000, 307662683, 0, 0
874028, 312875431, 0, 0
875048, 297314362, 0, 0
876017, 271714055, 0, 0
877022, 301776440, 0, 0
878050, 304040397, 0, 0
879000, 309962383, 0, 0
880046, 313437007, 0, 0
881014, 292594345, 0, 0
882050, 277943243, 0, 0
883023, 304173092, 0, 0
884011, 303156022, 0, 0
885048, 275817344, 0, 0
886016, 291365791, 0, 0
887001, 301902899, 0, 0
888021, 320223019, 0, 0
889050, 279138662, 0, 0
890029, 291233932, 0, 0
891052, 280523188, 0, 0
892016, 304696355, 0, 0
893032, 308970818, 0, 0
894037, 292134105, 0, 0
895008, 296056097, 0, 0
896042, 356144824, 0, 0
897016, 308062291, 0, 0
898022, 339026046, 0, 0
899050, 332387780, 0, 0
900065, 304203243, 0, 0
901057, 315299973, 0, 0
902015, 312832279, 0, 0
903045, 327420359, 0, 0
904042, 302329502, 0, 0
905050, 325870641, 0, 0
906033, 283392702, 0, 0
907071, 271594894, 0, 0
908020, 345039206, 0, 0
909039, 305545088, 0, 0
910015, 298684371, 0, 0
911058, 330328892, 0, 0
912038, 329963647, 0, 0
913013, 294054433, 0, 0
914071, 270763862, 0, 0
915035, 303591205, 0, 0
916038, 315239728, 0, 0
917000, 305088845, 0, 0
918023, 296869976, 0, 0
919024, 309152338, 0, 0
920057, 306233570, 0, 0
921047, 301146502, 0, 0
922001, 298784460, 0, 0
923047, 311890013, 0, 0
924022, 286448882, 0, 0
925010, 320296942, 0, 0
926005, 277531963, 0, 0
927061, 322388397, 0, 0
928065, 323408916, 0, 0
929029, 305785252, 0, 0
930048, 333682675, 0, 0
931020, 328966777, 0, 0
932001, 336882559, 0, 0
933063, 357978018, 0, 0
934014, 293051433, 0, 0
935034, 291063292, 0, 0
936055, 289395878, 0, 0
937052, 311134614, 0, 0
938032, 305720593, 0, 0
939026, 297724861, 0, 0
940050, 292141018, 0, 0
941066, 294978819, 0, 0
942039, 318093820, 0, 0
943008, 308830247, 0, 0
944026, 308504964, 0, 0
945032, 293913354, 0, 0
946041, 316144190, 0, 0
947000, 293135233, 0, 0
948023, 307170958, 0, 0
949022, 297835455, 0, 0
950043, 324193810, 0, 0
951057, 318368474, 0, 0
952008, 330863494, 0, 0
953030, 282229919, 0, 0
954045, 294025370, 0, 0
955028, 296449073, 0, 0
956051, 297898191, 0, 0
957014, 290112733, 0, 0
958004, 295950831, 0, 0
959070, 296851392, 0, 0
960056, 298621508, 0, 0
961040, 316574268, 0, 0
962035, 309743606, 0, 0
963050, 298155841, 0, 0
964022, 319798693, 0, 0
965023, 294681865, 0, 0
966006, 313767745, 0, 0
967070, 326713553, 0, 0
968033, 318442143, 0, 0
969032, 323453505, 0, 0
970001, 308180297, 0, 0
971054, 336885421, 0, 0
972005, 285047753, 0, 0
973044, 293700151, 0, 0
974004, 302163288, 0, 0
975058, 327469239, 0, 0
976050, 311356819, 0, 0
977059, 308852186, 0, 0
978041, 306229069, 0, 0
979041, 308519281, 0, 0
980045, 293913338, 0, 0
981020, 283617209, 0, 0
982041, 309299260, 0, 0
983031, 264809465, 0, 0
984018, 314087997, 0, 0
985041, 330766543, 0, 0
986058, 314569086, 0, 0
987022, 329714498, 0, 0
988057, 317118061, 0, 0
989003, 320747308, 0, 0
990044, 309564329, 0, 0
991021, 314612994, 0, 0
992002, 299061965, 0, 0
993055, 306086650, 0, 0
994017, 312011635, 0, 0
995059, 285196597, 0, 0
996029, 300612078, 0, 0
997029, 281925374, 0, 0
998058, 278211998, 0, 0
999002, 296636062, 0, 0
1000063, 306695510, 0, 0
1001011, 317645036, 0, 0
1002050, 296698793, 0, 0
1003067, 304494046, 0, 0
1004047, 304610181, 0, 0
1005043, 305866092, 0, 0
1006053, 299254765, 0, 0
1007005, 277569909, 0, 0
1008010, 333736212, 0, 0
1009037, 285270933, 0, 0
1010025, 325221534, 0, 0
1011059, 311301105, 0, 0
1012016, 300217240, 0, 0
1013064, 299714738, 0, 0
1014032, 319232823, 0, 0
1015003, 322040946, 0, 0
1016009, 287725177, 0, 0
1017054, 325435149, 0, 0
1018002, 282178898, 0, 0
1019054, 316088954, 0, 0
1020034, 321531121, 0, 0
1021040, 314790359, 0, 0
1022032, 304290884, 0, 0
1023049, 325411978, 0, 0
1024002, 300584407, 0, 0
1025008, 323316090, 0, 0
1026010, 334342574, 0, 0
1027008, 293932833, 0, 0
1028010, 273084756, 0, 0
1029048, 301933622, 0, 0
1030034, 298061696, 0, 0
1031051, 307280621, 0, 0
1032049, 339351147, 0, 0
1033000, 337481823, 0, 0
1034002, 350797773, 0, 0
1035008, 324649093, 0, 0
1036002, 289906731, 0, 0
1037033, 322695203, 0, 0
1038001, 313732194, 0, 0
1039005, 308093659, 0, 0
1040030, 329925571, 0, 0
1041014, 300478701, 0, 0
1042035, 315480644, 0, 0
1043011, 304622165, 0, 0
1044004, 297505014, 0, 0
1045039, 321469209, 0, 0
1046056, 287417123, 0, 0
1047056, 315374583, 0, 0
1048017, 353570576, 0, 0
1049006, 311163072, 0, 0
1050054, 291016245, 0, 0
1051026, 303430747, 0, 0
1052052, 317913078, 0, 0
1053037, 295494960, 0, 0
1054020, 316993202, 0, 0
1055038, 297317384, 0, 0
1056053, 305200505, 0, 0
1057036, 322905167, 0, 0
1058014, 277169870, 0, 0
1059038, 292633562, 0, 0
1060050, 339531339, 0, 0
1061046, 286851904, 0, 0
1062064, 340561820, 0, 0
1063019, 270096426, 0, 0
1064037, 309209704, 0, 0
1065034, 304485682, 0, 0
1066030, 293749970, 0, 0
1067032, 302048141, 0, 0
1068035, 341592140, 0, 0
1069055, 301936786, 0, 0
1070026, 312396053, 0, 0
1071048, 352900620, 0, 0
1072014, 318650196, 0, 0
1073016, 317711907, 0, 0
1074010, 353392165, 0, 0
1075017, 310102813, 0, 0
1076003, 368832233, 0, 0
1077041, 319954593, 0, 0
1078030, 287181926, 0, 0
1079057, 303833778, 0, 0
1080025, 280502705, 0, 0
1081054, 294427146, 0, 0
1082015, 332911999, 0, 0
1083020, 315037065, 0, 0
1084022, 317549850, 0, 0
1085038, 304725858, 0, 0
1086045, 316389544, 0, 0
1087028, 295647953, 0, 0
1088049, 328227909, 0, 0
1089031, 322599932, 0, 0
1090050, 309774946, 0, 0
1091031, 294311905, 0, 0
1092055, 319032269, 0, 0
1093004, 316516712, 0, 0
1094028, 302573322, 0, 0
1095066, 286738115, 0, 0
1096053, 305722999, 0, 0
1097037, 287894200, 0, 0
1098030, 313210153, 0, 0
1099050, 307475475, 0, 0
1100042, 305612698, 0, 0
1101048, 318555676, 0, 0
1102053, 310518042, 0, 0
1103037, 307879580, 0, 0
1104021, 296722660, 0, 0
1105004, 292984103, 0, 0
1106046, 324261253, 0, 0
1107050, 313910603, 0, 0
1108005, 323110160, 0, 0
1109050, 320926508, 0, 0
1110001, 303534255, 0, 0
1111022, 304445440, 0, 0
1112045, 284093980, 0, 0
1113046, 301685983, 0, 0
1114035, 285812975, 0, 0
1115029, 301281526, 0, 0
1116064, 299920382, 0, 0
1117040, 284143661, 0, 0
1118034, 294132449, 0, 0
1119042, 336692899, 0, 0
1120021, 281398719, 0, 0
1121038, 334375072, 0, 0
1122039, 305443989, 0, 0
1123026, 295552389, 0, 0
1124006, 288651527, 0, 0
1125015, 311494554, 0, 0
1126028, 290445289, 0, 0
1127032, 320914452, 0, 0
1128006, 306564843, 0, 0
1129026, 281651371, 0, 0
1130015, 313293017, 0, 0
1131010, 323984108, 0, 0
1132047, 270626491, 0, 0
1133064, 288405325, 0, 0
1134036, 315432454, 0, 0
1135024, 286141141, 0, 0
1136013, 315733814, 0, 0
1137030, 303795062, 0, 0
1138053, 309403715, 0, 0
1139026, 293096458, 0, 0
1140045, 295650826, 0, 0
1141005, 311618529, 0, 0
1142049, 312553406, 0, 0
1143017, 312327022, 0, 0
1144009, 264798957, 0, 0
1145044, 301513749, 0, 0
1146013, 299080821, 0, 0
1147054, 304800645, 0, 0
1148013, 332156825, 0, 0
1149040, 333048937, 0, 0
1150032, 317285004, 0, 0
1151021, 285033995, 0, 0
1152044, 311067017, 0, 0
1153062, 340285642, 0, 0
1154053, 277083827, 0, 0
1155036, 300811829, 0, 0
1156029, 317373995, 0, 0
1157043, 345081159, 0, 0
1158049, 278420850, 0, 0
1159023, 305376579, 0, 0
1160039, 290573560, 0, 0
1161064, 268227418, 0, 0
1162039, 299287448, 0, 0
1163057, 302409539, 0, 0
1164005, 312566028, 0, 0
1165004, 295064048, 0, 0
1166041, 283140609, 0, 0
1167002, 285067047, 0, 0
1168005, 271810692, 0, 0
1169011, 277613754, 0, 0
1170060, 315888133, 0, 0
1171056, 296850666, 0, 0
1172022, 265872868, 0, 0
1173017, 303140429, 0, 0
1174012, 313909011, 0, 0
1175022, 304883354, 0, 0
1176059, 288290883, 0, 0
1177001, 299768259, 0, 0
1178019, 326415106, 0, 0
1179025, 277972178, 0, 0
1180003, 324926042, 0, 0
1181034, 267784515, 0, 0
1182016, 293471480, 0, 0
1183026, 297138589, 0, 0
1184046, 294372533, 0, 0
1185016, 296959454, 0, 0
1186006, 289547414, 0, 0
1187011, 275595273, 0, 0
1188032, 297881822, 0, 0
1189009, 318385150, 0, 0
1190032, 274415980, 0, 0
1191006, 324865436, 0, 0
1192062, 311988857, 0, 0
1193052, 327573775, 0, 0
1194048, 309743138, 0, 0
1195024, 311553270, 0, 0
1196013, 337290052, 0, 0
1197022, 309543680, 0, 0
1198036, 257520036, 0, 0
1199050, 277116415, 0, 0
1200000, 327739879, 0, 0
1201051, 297059166, 0, 0
1202036, 286447769, 0, 0
1203029, 297047395, 0, 0
1204044, 305385330, 0, 0
1205000, 332244026, 0, 0
1206025, 287020309, 0, 0
1207008, 290303323, 0, 0
1208032, 323033577, 0, 0
1209005, 306381763, 0, 0
1210041, 321015633, 0, 0
1211009, 291901842, 0, 0
1212020, 310825545, 0, 0
1213046, 326773446, 0, 0
1214036, 302014459, 0, 0
1215001, 293759056, 0, 0
1216003, 319704022, 0, 0
1217053, 315009076, 0, 0
1218018, 301044188, 0, 0
1219034, 290271958, 0, 0
1220017, 310389189, 0, 0
1221044, 284409014, 0, 0
1222053, 321794852, 0, 0
1223060, 343292373, 0, 0
1224060, 338317556, 0, 0
1225039, 344799878, 0, 0
1226049, 353649274, 0, 0
1227050, 310783109, 0, 0
1228002, 268360355, 0, 0
1229058, 319622440, 0, 0
1230063, 300811271, 0, 0
1231012, 303899996, 0, 0
1232052, 341688941, 0, 0
1233032, 308690601, 0, 0
1234054, 298693613, 0, 0
1235033, 316313206, 0, 0
1236055, 282069241, 0, 0
1237053, 324369785, 0, 0
1238051, 299281127, 0, 0
1239040, 310269132, 0, 0
1240046, 280019926, 0, 0
1241009, 306601099, 0, 0
1242056, 310394319, 0, 0
1243052, 301284482, 0, 0
1244004, 311087305, 0, 0
1245035, 320972893, 0, 0
1246019, 329781625, 0, 0
1247016, 346345300, 0, 0
1248012, 316832166, 0, 0
1249008, 287622986, 0, 0
1250037, 307533584, 0, 0
1251076, 312180288, 0, 0
1252046, 307987001, 0, 0
1253032, 290394768, 0, 0
1254003, 339006491, 0, 0
1255012, 308895621, 0, 0
1256063, 318209455, 0, 0
1257068, 305920933, 0, 0
1258040, 330138363, 0, 0
1259032, 282278484, 0, 0
1260047, 293115546, 0, 0
1261005, 291699516, 0, 0
1262030, 286753345, 0, 0
1263038, 321558307, 0, 0
1264015, 317223452, 0, 0
1265017, 312784664, 0, 0
1266046, 274311796, 0, 0
1267011, 298789717, 0, 0
1268030, 300473463, 0, 0
1269015, 319746890, 0, 0
1270041, 296111927, 0, 0
1271068, 267383407, 0, 0
1272018, 305379792, 0, 0
1273051, 248351823, 0, 0
1274007, 302233929, 0, 0
1275004, 316686718, 0, 0
1276040, 312542916, 0, 0
1277027, 310882454, 0, 0
1278038, 286252966, 0, 0
1279013, 305886501, 0, 0
1280045, 303786261, 0, 0
1281054, 291317373, 0, 0
1282025, 286644880, 0, 0
1283055, 318861826, 0, 0
1284016, 285938355, 0, 0
1285008, 308626766, 0, 0
1286019, 295623345, 0, 0
1287009, 296230527, 0, 0
1288067, 320516180, 0, 0
1289018, 335755735, 0, 0
1290040, 290357455, 0, 0
1291008, 284576887, 0, 0
1292063, 300834141, 0, 0
1293011, 285171901, 0, 0
1294050, 287126562, 0, 0
1295001, 260580404, 0, 0
1296034, 278187251, 0, 0
1297021, 290066014, 0, 0
1298067, 307528667, 0, 0
1299024, 278677408, 0, 0
1300003, 297683078, 0, 0
1301040, 298468736, 0, 0
1302009, 314095535, 0, 0
1303051, 311888649, 0, 0
1304023, 285906158, 0, 0
1305042, 298308354, 0, 0
1306005, 300944282, 0, 0
1307013, 293051091, 0, 0
1308015, 289162947, 0, 0
1309022, 315376933, 0, 0
1310059, 304448248, 0, 0
1311051, 337103899, 0, 0
1312052, 292146213, 0, 0
1313013, 310444669, 0, 0
1314046, 313583702, 0, 0
1315047, 280579138, 0, 0
1316054, 318020068, 0, 0
1317034, 314653753, 0, 0
1318026, 332924023, 0, 0
1319051, 300675385, 0, 0
1320036, 313775429, 0, 0
1321040, 328790118, 0, 0
1322020, 306075904, 0, 0
1323046, 311819419, 0, 0
1324005, 277869272, 0, 0
1325080, 275651684, 0, 0
1326038, 311855387, 0, 0
1327017, 284025561, 0, 0
1328030, 263349665, 0, 0
1329012, 292785364, 0, 0
1330026, 297413190, 0, 0
1331039, 301215893, 0, 0
1332035, 306004586, 0, 0
1333057, 311319739, 0, 0
1334003, 295327062, 0, 0
1335065, 273052993, 0, 0
1336009, 295311837, 0, 0
1337038, 295976744, 0, 0
1338021, 295514217, 0, 0
1339055, 323752778, 0, 0
1340024, 291278002, 0, 0
1341057, 344004108, 0, 0
1342006, 327272575, 0, 0
1343021, 291510493, 0, 0
1344043, 309824202, 0, 0
1345036, 309805261, 0, 0
1346028, 276783797, 0, 0
1347028, 291863575, 0, 0
1348008, 282385983, 0, 0
1349027, 294357132, 0, 0
1350057, 322568079, 0, 0
1351007, 258925709, 0, 0
1352065, 278237577, 0, 0
1353048, 305323774, 0, 0
1354010, 308628881, 0, 0
1355021, 276982746, 0, 0
1356016, 262616140, 0, 0
1357007, 299552059, 0, 0
1358003, 305668808, 0, 0
1359005, 301675727, 0, 0
1360004, 329591714, 0, 0
1361019, 331964599, 0, 0
1362045, 310840809, 0, 0
1363026, 314191047, 0, 0
1364042, 309273747, 0, 0
1365026, 330740733, 0, 0
1366021, 352236896, 0, 0
1367010, 329200894, 0, 0
1368032, 292381788, 0, 0
1369025, 314306098, 0, 0
1370040, 300159723, 0, 0
1371056, 287828638, 0, 0
1372037, 295732451, 0, 0
1373044, 274439988, 0, 0
1374043, 302760550, 0, 0
1375050, 301411820, 0, 0
1376008, 285529267, 0, 0
1377013, 318408660, 0, 0
1378027, 310828112, 0, 0
1379045, 295893461, 0, 0
1380003, 277209977, 0, 0
1381051, 290892060, 0, 0
1382025, 312461003, 0, 0
1383010, 292935883, 0, 0
1384000, 311959265, 0, 0
1385015, 296567236, 0, 0
1386071, 280252456, 0, 0
1387045, 311531904, 0, 0
1388049, 315435882, 0, 0
1389036, 274337329, 0, 0
1390032, 294159591, 0, 0
1391022, 305515563, 0, 0
1392000, 342516786, 0, 0
1393057, 276466226, 0, 0
1394011, 294384732, 0, 0
1395056, 305535762, 0, 0
1396067, 310957829, 0, 0
1397000, 305125569, 0, 0
1398039, 296572605, 0, 0
1399053, 309001714, 0, 0
1400049, 302281036, 0, 0
1401002, 310608092, 0, 0
1402004, 312357437, 0, 0
1403047, 328959405, 0, 0
1404011, 300784237, 0, 0
1405057, 316681107, 0, 0
1406006, 309074553, 0, 0
1407028, 288753614, 0, 0
1408043, 296325811, 0, 0
1409014, 295942438, 0, 0
1410024, 347598570, 0, 0
1411014, 294036534, 0, 0
1412024, 316591635, 0, 0
1413034, 301788788, 0, 0
1414047, 318936889, 0, 0
1415014, 305175138, 0, 0
1416009, 310488190, 0, 0
1417063, 262562522, 0, 0
1418045, 292443701, 0, 0
1419044, 335091549, 0, 0
1420010, 283291908, 0, 0
1421056, 294144171, 0, 0
1422044, 300969352, 0, 0
1423033, 302538576, 0, 0
1424014, 319047424, 0, 0
1425041, 310313093, 0, 0
1426011, 275075512, 0, 0
1427046, 341199883, 0, 0
1428018, 327443695, 0, 0
1429062, 299976898, 0, 0
1430055, 318740732, 0, 0
1431057, 266316617, 0, 0
1432019, 322371634, 0, 0
1433037, 293080872, 0, 0
1434056, 309059380, 0, 0
1435056, 294532688, 0, 0
1436012, 274811128, 0, 0
1437009, 289525571, 0, 0
1438011, 278264851, 0, 0
1439025, 321927417, 0, 0
1440045, 284529223, 0, 0
1441047, 298064189, 0, 0
1442002, 285379262, 0, 0
1443040, 279635358, 0, 0
1444046, 349379268, 0, 0
1445051, 338065746, 0, 0
1446045, 302057316, 0, 0
1447067, 300325433, 0, 0
1448025, 251404064, 0, 0
1449051, 328246725, 0, 0
1450049, 285153894, 0, 0
1451011, 330053138, 0, 0
1452035, 291908996, 0, 0
1453007, 299524269, 0, 0
1454015, 300998836, 0, 0
1455000, 284747603, 0, 0
1456060, 287850711, 0, 0
1457056, 298253763, 0, 0
1458020, 306824808, 0, 0
1459047, 311800034, 0, 0
1460002, 313027730, 0, 0
1461040, 308203531, 0, 0
1462017, 298375499, 0, 0
1463050, 311428488, 0, 0
1464062, 310329232, 0, 0
1465035, 314425536, 0, 0
1466003, 274606264, 0, 0
1467019, 316484487, 0, 0
1468073, 313394215, 0, 0
1469046, 321668968, 0, 0
1470032, 311412414, 0, 0
1471002, 304971884, 0, 0
1472013, 333810767, 0, 0
1473056, 293430124, 0, 0
1474011, 280104609, 0, 0
1475006, 276739345, 0, 0
1476030, 304953967, 0, 0
1477001, 271948680, 0, 0
1478020, 321379343, 0, 0
1479046, 304385506, 0, 0
1480034, 328941085, 0, 0
1481021, 308680650, 0, 0
1482006, 286659333, 0, 0
1483014, 327933213, 0, 0
1484004, 338870903, 0, 0
1485058, 311866388, 0, 0
1486024, 253832758, 0, 0
1487002, 300588784, 0, 0
1488041, 298015370, 0, 0
1489025, 301285623, 0, 0
1490020, 306148119, 0, 0
1491034, 303431972, 0, 0
1492053, 288117541, 0, 0
1493010, 275077941, 0, 0
1494030, 308443317, 0, 0
1495011, 304591060, 0, 0
1496029, 295685764, 0, 0
1497050, 297538303, 0, 0
1498064, 316734171, 0, 0
1499013, 353607578, 0, 0
1500038, 294413172, 0, 0
1501068, 294241594, 0, 0
1502020, 311295316, 0, 0
1503046, 297981887, 0, 0
1504060, 314585130, 0, 0
1505016, 325412049, 0, 0
1506010, 301735959, 0, 0
1507046, 294033550, 0, 0
1508004, 294501208, 0, 0
1509021, 305689912, 0, 0
1510002, 298937698, 0, 0
1511047, 265449330, 0, 0
1512007, 282479271, 0, 0
1513023, 288546347, 0, 0
1514050, 325220669, 0, 0
1515022, 293267776, 0, 0
1516018, 268281559, 0, 0
1517053, 302575768, 0, 0
1518024, 289769740, 0, 0
1519052, 300876955, 0, 0
1520053, 282861041, 0, 0
1521016, 285835668, 0, 0
1522013, 300041700, 0, 0
1523014, 369160834, 0, 0
1524056, 304250797, 0, 0
1525039, 310855952, 0, 0
1526005, 293984400, 0, 0
1527000, 293904356, 0, 0
1528026, 259413983, 0, 0
1529003, 284720675, 0, 0
1530001, 318589600, 0, 0
1531038, 281422954, 0, 0
1532016, 325097549, 0, 0
1533018, 284384343, 0, 0
1534033, 293732098, 0, 0
1535022, 291600005, 0, 0
1536056, 291243418, 0, 0
1537017, 333741203, 0, 0
1538015, 268608420, 0, 0
1539036, 299768226, 0, 0
1540066, 292705608, 0, 0
1541009, 308571719, 0, 0
1542008, 310513595, 0, 0
1543022, 308491488, 0, 0
1544048, 266683559, 0, 0
1545015, 295436922, 0, 0
1546000, 312010085, 0, 0
1547007, 301619426, 0, 0
1548006, 303979404, 0, 0
1549006, 264406121, 0, 0
1550043, 344119509, 0, 0
1551016, 316060008, 0, 0
1552044, 296907278, 0, 0
1553038, 275935475, 0, 0
1554047, 297177362, 0, 0
1555038, 317571468, 0, 0
1556052, 274942658, 0, 0
1557005, 289741512, 0, 0
1558018, 288734174, 0, 0
1559037, 316635640, 0, 0
1560041, 313967264, 0, 0
1561042, 304796593, 0, 0
1562061, 275280868, 0, 0
1563006, 305323598, 0, 0
1564001, 314043608, 0, 0
1565027, 286533720, 0, 0
1566019, 309764944, 0, 0
1567043, 291200184, 0, 0
1568023, 285290274, 0, 0
1569042, 275388411, 0, 0
1570025, 297224764, 0, 0
1571052, 300706851, 0, 0
1572017, 277221492, 0, 0
1573047, 296873031, 0, 0
1574004, 280703613, 0, 0
1575061, 297078952, 0, 0
1576056, 310317830, 0, 0
1577040, 309678436, 0, 0
1578052, 298051297, 0, 0
1579057, 291884099, 0, 0
1580023, 284675995, 0, 0
1581011, 330485224, 0, 0
1582021, 309030620, 0, 0
1583011, 284951757, 0, 0
1584040, 304484323, 0, 0
1585066, 301852088, 0, 0
1586025, 275471022, 0, 0
1587044, 271483562, 0, 0
1588068, 307792110, 0, 0
1589037, 285971886, 0, 0
1590054, 286222938, 0, 0
1591033, 289490276, 0, 0
1592054, 312309999, 0, 0
1593063, 319240343, 0, 0
1594046, 284244532, 0, 0
1595005, 281568431, 0, 0
1596021, 301115838, 0, 0
1597014, 272906354, 0, 0
1598057, 323730245, 0, 0
1599013, 294193365, 0, 0
1600053, 270953514, 0, 0
1601043, 281380737, 0, 0
1602000, 308601896, 0, 0
1603045, 329035840, 0, 0
1604006, 292441224, 0, 0
1605034, 293205527, 0, 0
1606007, 317975741, 0, 0
1607069, 274533916, 0, 0
1608006, 302761819, 0, 0
1609062, 282533970, 0, 0
1610008, 295008704, 0, 0
1611000, 287801402, 0, 0
1612016, 291553094, 0, 0
1613008, 339310776, 0, 0
1614029, 282895241, 0, 0
1615052, 299280875, 0, 0
1616024, 242181594, 0, 0
1617013, 296759432, 0, 0
1618050, 282146950, 0, 0
1619058, 297751093, 0, 0
1620035, 291235954, 0, 0
1621059, 275977717, 0, 0
1622046, 326068830, 0, 0
1623027, 305365958, 0, 0
1624039, 304680370, 0, 0
1625014, 299870280, 0, 0
1626009, 298250887, 0, 0
1627052, 295232239, 0, 0
1628021, 256472130, 0, 0
1629010, 299128664, 0, 0
1630055, 326710626, 0, 0
1631001, 272653461, 0, 0
1632001, 295760678, 0, 0
1633035, 305870525, 0, 0
1634019, 308490806, 0, 0
1635006, 299094744, 0, 0
1636053, 273598923, 0, 0
1637057, 286340496, 0, 0
1638056, 327821683, 0, 0
1639036, 297745276, 0, 0
1640005, 297810574, 0, 0
1641003, 333212709, 0, 0
1642033, 288677200, 0, 0
1643054, 315666978, 0, 0
1644000, 279490988, 0, 0
1645001, 284041841, 0, 0
1646044, 289146877, 0, 0
1647050, 295040267, 0, 0
1648056, 309688390, 0, 0
1649029, 274160373, 0, 0
1650059, 316177675, 0, 0
1651009, 359385910, 0, 0
1652012, 301044684, 0, 0
1653052, 279970410, 0, 0
1654028, 295459890, 0, 0
1655065, 280418692, 0, 0
1656004, 269944580, 0, 0
1657010, 266922597, 0, 0
1658064, 311383587, 0, 0
1659010, 288492804, 0, 0
1660003, 316583951, 0, 0
1661000, 278478229, 0, 0
1662053, 282064537, 0, 0
1663036, 312915020, 0, 0
1664071, 297328135, 0, 0
1665043, 307103221, 0, 0
1666013, 313868249, 0, 0
1667063, 267418424, 0, 0
1668020, 296581288, 0, 0
1669036, 304999993, 0, 0
1670044, 288469218, 0, 0
1671003, 297271589, 0, 0
1672059, 318297092, 0, 0
1673000, 262093372, 0, 0
1674053, 289003285, 0, 0
1675035, 283619619, 0, 0
1676014, 292466424, 0, 0
1677057, 267198157, 0, 0
1678046, 320057004, 0, 0
1679031, 296700048, 0, 0
1680008, 280147685, 0, 0
1681025, 292484778, 0, 0
1682006, 301726758, 0, 0
1683010, 286334845, 0, 0
1684057, 291262391, 0, 0
1685035, 270184824, 0, 0
1686001, 340500581, 0, 0
1687049, 294402763, 0, 0
1688057, 295143509, 0, 0
1689045, 296481277, 0, 0
1690015, 307727419, 0, 0
1691053, 295272082, 0, 0
1692065, 307767073, 0, 0
1693049, 299962726, 0, 0
1694049, 287006513, 0, 0
1695003, 308004658, 0, 0
1696050, 280531770, 0, 0
1697016, 273881625, 0, 0
1698019, 319017445, 0, 0
1699019, 276820901, 0, 0
1700001, 284838128, 0, 0
1701001, 285415882, 0, 0
1702054, 266911013, 0, 0
1703051, 303367359, 0, 0
1704040, 313340489, 0, 0
1705021, 268402007, 0, 0
1706008, 297776732, 0, 0
1707007, 309808658, 0, 0
1708006, 309633196, 0, 0
1709049, 300998362, 0, 0
1710021, 279430157, 0, 0
1711002, 273550344, 0, 0
1712063, 279883228, 0, 0
1713035, 356295741, 0, 0
1714046, 288843483, 0, 0
1715048, 280351919, 0, 0
1716045, 319769816, 0, 0
1717028, 291176705, 0, 0
1718050, 255484231, 0, 0
1719043, 310554105, 0, 0
1720005, 280522108, 0, 0
1721062, 284454210, 0, 0
1722043, 291527736, 0, 0
1723003, 294275384, 0, 0
1724003, 288875145, 0, 0
1725037, 305578112, 0, 0
1726057, 302438984, 0, 0
1727027, 320737784, 0, 0
1728030, 241224511, 0, 0
1729047, 278474398, 0, 0
1730018, 298398438, 0, 0
1731055, 310991953, 0, 0
1732001, 307736825, 0, 0
1733043, 278874827, 0, 0
1734031, 299522413, 0, 0
1735058, 311004071, 0, 0
1736000, 274353931, 0, 0
1737046, 320270058, 0, 0
1738015, 266769974, 0, 0
1739032, 285788312, 0, 0
1740011, 276402227, 0, 0
1741025, 286172779, 0, 0
1742036, 317097296, 0, 0
1743009, 283028749, 0, 0
1744044, 255575028, 0, 0
1745022, 305367334, 0, 0
1746008, 304079244, 0, 0
1747008, 305587732, 0, 0
1748039, 314018896, 0, 0
1749000, 292982816, 0, 0
1750055, 288464362, 0, 0
1751040, 333116526, 0, 0
1752008, 256988057, 0, 0
1753020, 285566819, 0, 0
1754033, 313341844, 0, 0
1755012, 293452603, 0, 0
1756011, 273591852, 0, 0
1757049, 287425136, 0, 0
1758057, 309081797, 0, 0
1759059, 324097083, 0, 0
1760055, 260952169, 0, 0
1761040, 293678288, 0, 0
1762039, 338014985, 0, 0
1763028, 264606977, 0, 0
1764065, 296011865, 0, 0
1765027, 281934009, 0, 0
1766061, 317476715, 0, 0
1767029, 272584709, 0, 0
1768007, 288286511, 0, 0
1769022, 277721623, 0, 0
1770059, 300790955, 0, 0
1771052, 277181105, 0, 0
1772033, 279124368, 0, 0
1773051, 267690639, 0, 0
1774046, 291406526, 0, 0
1775032, 289844212, 0, 0
1776020, 324983180, 0, 0
1777018, 301362228, 0, 0
1778039, 287105968, 0, 0
1779040, 279225251, 0, 0
1780043, 310587643, 0, 0
1781021, 312627289, 0, 0
1782048, 290989918, 0, 0
1783054, 270946655, 0, 0
1784007, 289952611, 0, 0
1785003, 274447694, 0, 0
1786024, 284631149, 0, 0
1787006, 289429948, 0, 0
1788045, 288255395, 0, 0
1789020, 278351575, 0, 0
1790019, 262589736, 0, 0
1791058, 280215072, 0, 0
1792023, 305095013, 0, 0
1793052, 276282430, 0, 0
1794017, 278317533, 0, 0
1795052, 276860036, 0, 0
1796037, 302814915, 0, 0
1797053, 352171157, 0, 0
1798027, 294982005, 0, 0
1799038, 299278317, 0, 0
1800061, 312864726, 0, 0
1800127, 266956900, 0, 0
