1055, 7269385, 0, 0
2014, 7989313, 0, 0
3031, 7877757, 0, 0
4038, 8670522, 0, 0
5029, 8250359, 0, 0
6001, 8102829, 0, 0
7017, 8385289, 0, 0
8043, 7951081, 0, 0
9048, 7777878, 0, 0
10012, 7902304, 0, 0
11034, 7978094, 0, 0
12042, 8247633, 0, 0
13042, 8328203, 0, 0
14018, 8132010, 0, 0
15022, 8284981, 0, 0
16017, 7594874, 0, 0
17058, 8119956, 0, 0
18044, 8212721, 0, 0
19055, 7830760, 0, 0
20026, 8296571, 0, 0
21026, 7807173, 0, 0
22066, 7989572, 0, 0
23005, 7755847, 0, 0
24005, 7745727, 0, 0
25033, 8027083, 0, 0
26028, 8277844, 0, 0
27053, 8001802, 0, 0
28055, 8859180, 0, 0
29044, 8104158, 0, 0
30058, 7854279, 0, 0
31017, 7793873, 0, 0
32063, 8489193, 0, 0
33026, 7891342, 0, 0
34002, 7995002, 0, 0
35027, 7998196, 0, 0
36026, 8253707, 0, 0
37062, 7963499, 0, 0
38034, 8025627, 0, 0
39000, 7592850, 0, 0
40006, 8745728, 0, 0
41042, 7841356, 0, 0
42030, 8157037, 0, 0
43022, 8126995, 0, 0
44009, 8016371, 0, 0
45024, 8052991, 0, 0
46044, 8214290, 0, 0
47001, 7710362, 0, 0
48021, 7548895, 0, 0
49034, 8370184, 0, 0
50058, 7631536, 0, 0
51040, 7855534, 0, 0
52048, 7573008, 0, 0
53053, 7782915, 0, 0
54049, 7894686, 0, 0
55011, 7811700, 0, 0
56056, 7855333, 0, 0
57008, 7669434, 0, 0
58033, 7587726, 0, 0
59039, 8236950, 0, 0
60053, 7794579, 0, 0
61036, 7854656, 0, 0
62058, 7854937, 0, 0
63012, 8291552, 0, 0
64027, 7680396, 0, 0
65039, 7281217, 0, 0
66004, 8452457, 0, 0
67033, 7733841, 0, 0
68041, 7994046, 0, 0
69027, 7943343, 0, 0
70029, 8009948, 0, 0
71053, 7871533, 0, 0
72024, 7635227, 0, 0
73020, 8155885, 0, 0
74029, 8333976, 0, 0
75036, 7565509, 0, 0
76016, 7365761, 0, 0
77063, 7801747, 0, 0
78041, 7462203, 0, 0
79025, 7803053, 0, 0
80019, 8790630, 0, 0
81042, 7458441, 0, 0
82014, 7585590, 0, 0
83016, 7823624, 0, 0
84034, 7592796, 0, 0
85057, 7301525, 0, 0
86026, 7743330, 0, 0
87042, 7632844, 0, 0
88066, 7689926, 0, 0
89021, 7632868, 0, 0
90056, 7445132, 0, 0
91021, 7592687, 0, 0
92066, 7675393, 0, 0
93020, 7329665, 0, 0
94024, 7835270, 0, 0
95050, 7768611, 0, 0
96010, 7612078, 0, 0
97038, 8088332, 0, 0
98004, 7480902, 0, 0
99040, 7554108, 0, 0
100061, 7450985, 0, 0
101046, 7999950, 0, 0
102054, 7298729, 0, 0
103024, 7946219, 0, 0
104041, 7580199, 0, 0
105068, 7434420, 0, 0
106051, 7676301, 0, 0
107013, 7625030, 0, 0
108012, 7340532, 0, 0
109050, 7628044, 0, 0
110034, 7615768, 0, 0
111048, 7399841, 0, 0
112022, 7317083, 0, 0
113057, 7714693, 0, 0
114011, 7749503, 0, 0
115062, 7720028, 0, 0
116019, 8103354, 0, 0
117001, 7668402, 0, 0
118041, 7698434, 0, 0
119029, 7536173, 0, 0
120039, 8005534, 0, 0
121005, 7664891, 0, 0
122041, 7442611, 0, 0
123010, 7566118, 0, 0
124044, 7275013, 0, 0
125041, 7839291, 0, 0
126025, 7681802, 0, 0
127040, 7864638, 0, 0
128031, 7859744, 0, 0
129043, 7541771, 0, 0
130053, 7477923, 0, 0
131011, 7192646, 0, 0
132028, 7264422, 0, 0
133020, 7928374, 0, 0
134014, 7696891, 0, 0
135018, 7219327, 0, 0
136001, 7919512, 0, 0
137042, 7480993, 0, 0
138063, 7032926, 0, 0
139019, 8169071, 0, 0
140050, 7200880, 0, 0
141019, 7562727, 0, 0
142019, 7351437, 0, 0
143062, 7440277, 0, 0
144026, 7465710, 0, 0
145047, 6990201, 0, 0
146004, 7236791, 0, 0
147009, 7172667, 0, 0
148004, 7649717, 0, 0
149059, 7317897, 0, 0
150051, 6701409, 0, 0
151008, 7465781, 0, 0
152051, 7444515, 0, 0
153035, 7225970, 0, 0
154048, 7668232, 0, 0
155058, 7156561, 0, 0
156034, 7332081, 0, 0
157058, 7360489, 0, 0
158056, 7851697, 0, 0
159042, 7582762, 0, 0
160036, 7193650, 0, 0
161050, 7507140, 0, 0
162045, 7763291, 0, 0
163016, 7084028, 0, 0
164044, 6892751, 0, 0
165059, 7456919, 0, 0
166018, 7200514, 0, 0
167044, 7707393, 0, 0
168048, 6919159, 0, 0
169004, 6824201, 0, 0
170050, 7683018, 0, 0
171061, 7011587, 0, 0
172035, 6905582, 0, 0
173042, 7920509, 0, 0
174004, 7174711, 0, 0
175059, 7217668, 0, 0
176050, 7677951, 0, 0
177021, 7129779, 0, 0
178057, 7668025, 0, 0
179022, 7195277, 0, 0
180052, 7515423, 0, 0
181008, 6867861, 0, 0
182036, 6759818, 0, 0
183057, 7281351, 0, 0
184026, 6724122, 0, 0
185030, 6917860, 0, 0
186055, 7215569, 0, 0
187040, 7395661, 0, 0
188014, 7376888, 0, 0
189008, 7144792, 0, 0
190000, 7341096, 0, 0
191014, 6984535, 0, 0
192002, 7533948, 0, 0
193025, 7300603, 0, 0
194026, 7252810, 0, 0
195057, 7351355, 0, 0
196044, 6945675, 0, 0
197021, 7338944, 0, 0
198038, 6962749, 0, 0
199017, 7465046, 0, 0
200013, 7317395, 0, 0
201052, 7470571, 0, 0
202041, 7424062, 0, 0
203024, 6775395, 0, 0
204054, 7568337, 0, 0
205012, 7196797, 0, 0
206022, 7262416, 0, 0
207057, 7276052, 0, 0
208043, 7091227, 0, 0
209016, 7364669, 0, 0
210053, 7191193, 0, 0
211017, 7246133, 0, 0
212031, 6660471, 0, 0
213051, 6888393, 0, 0
214016, 7303324, 0, 0
215027, 6868337, 0, 0
216035, 7694929, 0, 0
217046, 7425555, 0, 0
218013, 7374962, 0, 0
219014, 7041207, 0, 0
220047, 6703231, 0, 0
221041, 7250832, 0, 0
222028, 6796364, 0, 0
223063, 7778762, 0, 0
224001, 7381269, 0, 0
225017, 6947029, 0, 0
226057, 7218163, 0, 0
227013, 7183782, 0, 0
228040, 6976853, 0, 0
229062, 6807020, 0, 0
230018, 6500662, 0, 0
231003, 6927370, 0, 0
232056, 7012491, 0, 0
233011, 6964197, 0, 0
234018, 6938360, 0, 0
235038, 7027065, 0, 0
236010, 6609639, 0, 0
237018, 7190704, 0, 0
238059, 7075887, 0, 0
239058, 7231715, 0, 0
240009, 7420957, 0, 0
241061, 7251714, 0, 0
242053, 6606318, 0, 0
243031, 6786905, 0, 0
244008, 6727151, 0, 0
245015, 6751629, 0, 0
246060, 6608843, 0, 0
247027, 7101620, 0, 0
248037, 7261277, 0, 0
249010, 7306748, 0, 0
250069, 6570158, 0, 0
251040, 6427032, 0, 0
252073, 6975790, 0, 0
253044, 6690435, 0, 0
254035, 7444272, 0, 0
255016, 6801727, 0, 0
256042, 7070822, 0, 0
257029, 7142410, 0, 0
258037, 6856967, 0, 0
259010, 6748078, 0, 0
260022, 7071658, 0, 0
261007, 6689860, 0, 0
262055, 6891009, 0, 0
263065, 7054789, 0, 0
264040, 7551875, 0, 0
265060, 7126023, 0, 0
266062, 7105489, 0, 0
267018, 6871220, 0, 0
268018, 7506985, 0, 0
269041, 6351137, 0, 0
270006, 7084051, 0, 0
271010, 6921859, 0, 0
272046, 6944423, 0, 0
273036, 7067815, 0, 0
274063, 6884627, 0, 0
275023, 6437427, 0, 0
276042, 6279489, 0, 0
277030, 6370504, 0, 0
278031, 7144849, 0, 0
279023, 6930921, 0, 0
280052, 6589885, 0, 0
281029, 6464035, 0, 0
282036, 6747532, 0, 0
283048, 6522765, 0, 0
284054, 6402812, 0, 0
285016, 6765182, 0, 0
286050, 6299147, 0, 0
287022, 7195974, 0, 0
288017, 6627852, 0, 0
289050, 6656287, 0, 0
290057, 6893149, 0, 0
291060, 6551512, 0, 0
292045, 6734162, 0, 0
293068, 6771078, 0, 0
294036, 6492153, 0, 0
295005, 6863428, 0, 0
296055, 6770916, 0, 0
297041, 6791375, 0, 0
298022, 6951272, 0, 0
299047, 6207053, 0, 0
300004, 6286298, 0, 0
301040, 6509507, 0, 0
302038, 6691219, 0, 0
303013, 6370091, 0, 0
304038, 6688768, 0, 0
305058, 6751850, 0, 0
306041, 7116522, 0, 0
307028, 6891903, 0, 0
308053, 7065885, 0, 0
309027, 6847275, 0, 0
310045, 6477729, 0, 0
311045, 6707971, 0, 0
312014, 6245094, 0, 0
313037, 6953079, 0, 0
314039, 6498717, 0, 0
315034, 6716495, 0, 0
316000, 6656432, 0, 0
317040, 6453983, 0, 0
318023, 6591776, 0, 0
319026, 6680857, 0, 0
320022, 7051280, 0, 0
321020, 6876369, 0, 0
322023, 6680825, 0, 0
323049, 6370991, 0, 0
324020, 6783109, 0, 0
325026, 6698011, 0, 0
326016, 6731273, 0, 0
327014, 6600479, 0, 0
328059, 6779899, 0, 0
329056, 6594715, 0, 0
330012, 5822813, 0, 0
331047, 6585878, 0, 0
332038, 6307485, 0, 0
333049, 6471784, 0, 0
334036, 6401806, 0, 0
335000, 6293786, 0, 0
336049, 6992950, 0, 0
337021, 6600235, 0, 0
338049, 7233088, 0, 0
339062, 6702404, 0, 0
340024, 6205621, 0, 0
341057, 6924644, 0, 0
342051, 6576203, 0, 0
343030, 6478015, 0, 0
344021, 6595942, 0, 0
345061, 6971847, 0, 0
346060, 6571301, 0, 0
347036, 6500165, 0, 0
348011, 6320314, 0, 0
349002, 5689895, 0, 0
350002, 5709410, 0, 0
351017, 6295126, 0, 0
352006, 5919445, 0, 0
353059, 6531652, 0, 0
354043, 6300755, 0, 0
355017, 6084638, 0, 0
356060, 6314414, 0, 0
357057, 5998758, 0, 0
358015, 6416062, 0, 0
359010, 7002425, 0, 0
360035, 6283395, 0, 0
361056, 6413398, 0, 0
362047, 6638221, 0, 0
363006, 6225908, 0, 0
364014, 6289695, 0, 0
365027, 6284128, 0, 0
366024, 6637170, 0, 0
367046, 6188620, 0, 0
368000, 5953101, 0, 0
369017, 6118235, 0, 0
370023, 6016161, 0, 0
371016, 6320201, 0, 0
372059, 6805926, 0, 0
373055, 6381293, 0, 0
374042, 6481048, 0, 0
375030, 6325461, 0, 0
376017, 6090385, 0, 0
377026, 5994506, 0, 0
378059, 5829657, 0, 0
379041, 6058236, 0, 0
380058, 6388564, 0, 0
381031, 6188402, 0, 0
382047, 5966464, 0, 0
383042, 5680706, 0, 0
384061, 6284383, 0, 0
385026, 6253317, 0, 0
386048, 6591909, 0, 0
387028, 6152068, 0, 0
388013, 6517911, 0, 0
389007, 6491989, 0, 0
390001, 6051664, 0, 0
391005, 6432044, 0, 0
392059, 6083792, 0, 0
393016, 6250356, 0, 0
394060, 5893570, 0, 0
395006, 5832682, 0, 0
396028, 6260420, 0, 0
397044, 6268363, 0, 0
398007, 5862632, 0, 0
399011, 6228034, 0, 0
400052, 6713661, 0, 0
401018, 7312097, 0, 0
402062, 5922021, 0, 0
403047, 6516464, 0, 0
404053, 6021428, 0, 0
405011, 6787548, 0, 0
406046, 6116494, 0, 0
407009, 6500669, 0, 0
408057, 6086153, 0, 0
409040, 6134767, 0, 0
410009, 6453404, 0, 0
411041, 6250700, 0, 0
412010, 6087731, 0, 0
413016, 5948797, 0, 0
414006, 6027801, 0, 0
415024, 6237133, 0, 0
416018, 6448378, 0, 0
417029, 6436819, 0, 0
418006, 6547877, 0, 0
419047, 5841502, 0, 0
420044, 6872179, 0, 0
421002, 6294540, 0, 0
422008, 6019460, 0, 0
423046, 6025855, 0, 0
424008, 6542224, 0, 0
425060, 6287683, 0, 0
426016, 6241569, 0, 0
427021, 5705244, 0, 0
428031, 6427744, 0, 0
429014, 6217604, 0, 0
430047, 6179844, 0, 0
431030, 6909816, 0, 0
432045, 6074620, 0, 0
433000, 6810867, 0, 0
434010, 6079423, 0, 0
435048, 5860610, 0, 0
436006, 5659226, 0, 0
437045, 6214046, 0, 0
438007, 6630112, 0, 0
439038, 5662303, 0, 0
440001, 5936345, 0, 0
441021, 5852425, 0, 0
442070, 6551199, 0, 0
443060, 5557389, 0, 0
444044, 6065582, 0, 0
445012, 7326783, 0, 0
446024, 5842181, 0, 0
447075, 6001703, 0, 0
448016, 6141973, 0, 0
449052, 5783166, 0, 0
450024, 5776276, 0, 0
451039, 6000232, 0, 0
452052, 6137083, 0, 0
453029, 5984814, 0, 0
454022, 5480518, 0, 0
455042, 5788981, 0, 0
456038, 6254722, 0, 0
457046, 5564083, 0, 0
458022, 5979676, 0, 0
459052, 5654889, 0, 0
460054, 6632528, 0, 0
461039, 5995594, 0, 0
462031, 6192524, 0, 0
463007, 6592476, 0, 0
464046, 6215058, 0, 0
465016, 5323046, 0, 0
466016, 6015597, 0, 0
467056, 5807148, 0, 0
468045, 6060364, 0, 0
469009, 5346535, 0, 0
470008, 5336511, 0, 0
471031, 5613356, 0, 0
472057, 5994116, 0, 0
473026, 6367457, 0, 0
474054, 5553502, 0, 0
475032, 6345518, 0, 0
476051, 5816655, 0, 0
477060, 5963512, 0, 0
478013, 5949836, 0, 0
479025, 6162067, 0, 0
480045, 6701481, 0, 0
481055, 5868646, 0, 0
482029, 5402908, 0, 0
483034, 6089395, 0, 0
484016, 5540080, 0, 0
485011, 6059710, 0, 0
486008, 6150209, 0, 0
487036, 5671795, 0, 0
488055, 6022732, 0, 0
489020, 5739189, 0, 0
490036, 6950992, 0, 0
491042, 5314256, 0, 0
492009, 5519373, 0, 0
493004, 5618504, 0, 0
494020, 6425581, 0, 0
495048, 6378857, 0, 0
496064, 5122282, 0, 0
497049, 6430362, 0, 0
498009, 5644093, 0, 0
499045, 5778075, 0, 0
500008, 5529784, 0, 0
501045, 5694423, 0, 0
502001, 6001644, 0, 0
503006, 6085298, 0, 0
504003, 5353879, 0, 0
505058, 5635610, 0, 0
506043, 5824214, 0, 0
507004, 5612871, 0, 0
508038, 5137398, 0, 0
509006, 5373183, 0, 0
510051, 5896044, 0, 0
511029, 5519698, 0, 0
512031, 5527597, 0, 0
513013, 5189750, 0, 0
514036, 5407393, 0, 0
515008, 5136620, 0, 0
516027, 5952126, 0, 0
517047, 5392717, 0, 0
518012, 5737708, 0, 0
519062, 5759976, 0, 0
520041, 5753051, 0, 0
521012, 5332489, 0, 0
522014, 5264372, 0, 0
523011, 6002051, 0, 0
524000, 5254609, 0, 0
525013, 5322406, 0, 0
526008, 5619453, 0, 0
527023, 5692529, 0, 0
528011, 5704489, 0, 0
529005, 6285236, 0, 0
530045, 6378675, 0, 0
531020, 5377869, 0, 0
532047, 5001316, 0, 0
533035, 5575693, 0, 0
534054, 5388957, 0, 0
535021, 6350418, 0, 0
536030, 5761064, 0, 0
537038, 5889795, 0, 0
538022, 5884889, 0, 0
539025, 6003909, 0, 0
540013, 5839703, 0, 0
541061, 5151964, 0, 0
542000, 4910022, 0, 0
543063, 6070577, 0, 0
544050, 5905776, 0, 0
545039, 5519301, 0, 0
546056, 5259210, 0, 0
547049, 5510631, 0, 0
548034, 5498017, 0, 0
549054, 5446993, 0, 0
550042, 5483422, 0, 0
551008, 5996633, 0, 0
552030, 5210081, 0, 0
553008, 5136008, 0, 0
554047, 5381875, 0, 0
555048, 5262635, 0, 0
556055, 5614855, 0, 0
557044, 6179709, 0, 0
558020, 5444873, 0, 0
559015, 5521267, 0, 0
560018, 5246717, 0, 0
561011, 5939428, 0, 0
562045, 5522755, 0, 0
563009, 5094013, 0, 0
564050, 5532328, 0, 0
565067, 5403871, 0, 0
566031, 5066844, 0, 0
567016, 5288707, 0, 0
568028, 4903492, 0, 0
569063, 5276377, 0, 0
570060, 5297499, 0, 0
571016, 5649533, 0, 0
572051, 5220519, 0, 0
573032, 5567898, 0, 0
574028, 5687182, 0, 0
575055, 5257401, 0, 0
576002, 5377977, 0, 0
577028, 5097746, 0, 0
578018, 5782561, 0, 0
579061, 5454770, 0, 0
580044, 6373683, 0, 0
581047, 5471786, 0, 0
582029, 5138957, 0, 0
583059, 5444968, 0, 0
584063, 5331321, 0, 0
585024, 5361418, 0, 0
586056, 5397270, 0, 0
587081, 5595797, 0, 0
588035, 5570503, 0, 0
589044, 5634623, 0, 0
590027, 5222080, 0, 0
591031, 5166661, 0, 0
592011, 5047503, 0, 0
593035, 5063066, 0, 0
594014, 5587677, 0, 0
595171, 5610486, 0, 0
596000, 4899539, 0, 0
597053, 5684208, 0, 0
598014, 5244641, 0, 0
599015, 5378007, 0, 0
600064, 5515148, 0, 0
601026, 4824290, 0, 0
602015, 5678344, 0, 0
603045, 5332879, 0, 0
604003, 5005894, 0, 0
605046, 5083645, 0, 0
606037, 5352401, 0, 0
607012, 5348347, 0, 0
608052, 5770140, 0, 0
609041, 6065047, 0, 0
610031, 5260172, 0, 0
611062, 4974027, 0, 0
612051, 4701726, 0, 0
613061, 5421832, 0, 0
614064, 5037581, 0, 0
615038, 5375077, 0, 0
616008, 5568636, 0, 0
617024, 5452602, 0, 0
618059, 4767525, 0, 0
619004, 4886534, 0, 0
620021, 5211051, 0, 0
621007, 5049124, 0, 0
622060, 4845801, 0, 0
623069, 5063337, 0, 0
624054, 5072829, 0, 0
625065, 5839826, 0, 0
626008, 5037006, 0, 0
627015, 5182312, 0, 0
628031, 4592870, 0, 0
629055, 5618577, 0, 0
630027, 4665309, 0, 0
631010, 5138963, 0, 0
632059, 4807780, 0, 0
633032, 5250308, 0, 0
634045, 5354600, 0, 0
635025, 5349078, 0, 0
636016, 5050502, 0, 0
637069, 5364873, 0, 0
638006, 4825272, 0, 0
639045, 4940929, 0, 0
640010, 5445073, 0, 0
641045, 5498958, 0, 0
642001, 5221489, 0, 0
643003, 5323406, 0, 0
644004, 5315949, 0, 0
645061, 4844560, 0, 0
646034, 5168315, 0, 0
647019, 5207240, 0, 0
648053, 5011242, 0, 0
649072, 5441828, 0, 0
650061, 5173981, 0, 0
651009, 5171134, 0, 0
652007, 5730730, 0, 0
653044, 5027193, 0, 0
654053, 4776354, 0, 0
655029, 5356843, 0, 0
656050, 4973333, 0, 0
657035, 5099266, 0, 0
658047, 4531636, 0, 0
659037, 5343752, 0, 0
660030, 4770688, 0, 0
661036, 5072388, 0, 0
662047, 5771216, 0, 0
663037, 5262058, 0, 0
664033, 4581379, 0, 0
665026, 5137652, 0, 0
666046, 5019166, 0, 0
667038, 5269638, 0, 0
668024, 5104097, 0, 0
669053, 4779332, 0, 0
670049, 4947125, 0, 0
671059, 4922520, 0, 0
672018, 5095179, 0, 0
673026, 4791744, 0, 0
674042, 4675272, 0, 0
675054, 5266514, 0, 0
676017, 4450872, 0, 0
677000, 4792766, 0, 0
678055, 4810261, 0, 0
679060, 4897179, 0, 0
680066, 4831120, 0, 0
681021, 4865929, 0, 0
682029, 4492496, 0, 0
683057, 5007071, 0, 0
684031, 4612881, 0, 0
685026, 4708027, 0, 0
686014, 4484156, 0, 0
687052, 5155242, 0, 0
688031, 5376398, 0, 0
689041, 4607097, 0, 0
690031, 5343323, 0, 0
691008, 4736526, 0, 0
692006, 4769024, 0, 0
693044, 4566184, 0, 0
694002, 4370198, 0, 0
695000, 4834390, 0, 0
696071, 5096023, 0, 0
697037, 5243402, 0, 0
698045, 4912699, 0, 0
699001, 4892882, 0, 0
700016, 4786013, 0, 0
701015, 5113059, 0, 0
702035, 4944941, 0, 0
703047, 4862247, 0, 0
704035, 4421662, 0, 0
705044, 5335755, 0, 0
706039, 4795766, 0, 0
707063, 4850266, 0, 0
708042, 4987287, 0, 0
709014, 5190234, 0, 0
710036, 4750467, 0, 0
711033, 4833220, 0, 0
712049, 4653121, 0, 0
713029, 4616753, 0, 0
714048, 4868098, 0, 0
715062, 5386600, 0, 0
716008, 4871981, 0, 0
717022, 4774225, 0, 0
718037, 4464739, 0, 0
719055, 4707471, 0, 0
720010, 5518646, 0, 0
721002, 4855697, 0, 0
722065, 4982701, 0, 0
723054, 5229286, 0, 0
724022, 5459046, 0, 0
725018, 4481139, 0, 0
726044, 4878215, 0, 0
727045, 4443602, 0, 0
728038, 5193097, 0, 0
729051, 4772004, 0, 0
730016, 5018988, 0, 0
731047, 5150024, 0, 0
732029, 5246574, 0, 0
733047, 4401344, 0, 0
734019, 5005090, 0, 0
735037, 4497922, 0, 0
736018, 5153665, 0, 0
737048, 4996648, 0, 0
738009, 4998274, 0, 0
739045, 4835606, 0, 0
740002, 4421418, 0, 0
741016, 5013281, 0, 0
742065, 5063117, 0, 0
743004, 4987127, 0, 0
744003, 4245795, 0, 0
745025, 4976206, 0, 0
746063, 4303350, 0, 0
747000, 4414561, 0, 0
748024, 4583413, 0, 0
749035, 5641590, 0, 0
750028, 4792202, 0, 0
751053, 4829752, 0, 0
752023, 4484048, 0, 0
753020, 4718652, 0, 0
754038, 4516777, 0, 0
755065, 4578080, 0, 0
756014, 4859998, 0, 0
757001, 4788733, 0, 0
758029, 4730190, 0, 0
759010, 5384203, 0, 0
760022, 4767090, 0, 0
761054, 4458984, 0, 0
762048, 4617323, 0, 0
763057, 4918783, 0, 0
764024, 4876253, 0, 0
765037, 4794926, 0, 0
766006, 5228660, 0, 0
767037, 5076114, 0, 0
768028, 5097820, 0, 0
769049, 4573671, 0, 0
770038, 4390751, 0, 0
771041, 4451348, 0, 0
772048, 5077607, 0, 0
773046, 4958386, 0, 0
774005, 4581606, 0, 0
775042, 4981637, 0, 0
776067, 4922301, 0, 0
777036, 4813264, 0, 0
778012, 4780350, 0, 0
779036, 4777339, 0, 0
780004, 5256372, 0, 0
781016, 4699093, 0, 0
782007, 4803129, 0, 0
783048, 4503468, 0, 0
784002, 5150153, 0, 0
785004, 5526043, 0, 0
786032, 5240048, 0, 0
787001, 5531774, 0, 0
788033, 4749749, 0, 0
789043, 4895748, 0, 0
790057, 5062656, 0, 0
791055, 5331657, 0, 0
792027, 4579040, 0, 0
793038, 5074665, 0, 0
794014, 5415619, 0, 0
795062, 4737252, 0, 0
796020, 5342728, 0, 0
797035, 4716362, 0, 0
798042, 5376657, 0, 0
799014, 4757739, 0, 0
800048, 5552920, 0, 0
801057, 4848377, 0, 0
802059, 4674377, 0, 0
803017, 4642589, 0, 0
804016, 5169277, 0, 0
805028, 4792774, 0, 0
806047, 5439928, 0, 0
807063, 4767377, 0, 0
808005, 4772383, 0, 0
809031, 4619082, 0, 0
810049, 4749900, 0, 0
811018, 5561523, 0, 0
812055, 5565713, 0, 0
813009, 5124550, 0, 0
814000, 5471778, 0, 0
815033, 4865892, 0, 0
816002, 5972893, 0, 0
817041, 4714937, 0, 0
818002, 4637776, 0, 0
819048, 5171934, 0, 0
820033, 5020201, 0, 0
821054, 4832180, 0, 0
822036, 4735564, 0, 0
823006, 4751122, 0, 0
824060, 5316123, 0, 0
825009, 5097570, 0, 0
826032, 5290953, 0, 0
827070, 5289854, 0, 0
828058, 4887514, 0, 0
829042, 5063367, 0, 0
830024, 5108543, 0, 0
831006, 4605421, 0, 0
832023, 5105849, 0, 0
833011, 4608325, 0, 0
834049, 5208125, 0, 0
835077, 5134515, 0, 0
836046, 4650494, 0, 0
837061, 5257289, 0, 0
838012, 4563739, 0, 0
839038, 4975993, 0, 0
840010, 5164445, 0, 0
841037, 4620555, 0, 0
842007, 4655412, 0, 0
843033, 5022668, 0, 0
844058, 4897370, 0, 0
845015, 5141893, 0, 0
846038, 5131542, 0, 0
847031, 4817738, 0, 0
848017, 4732383, 0, 0
849054, 4622806, 0, 0
850062, 4322152, 0, 0
851011, 4884747, 0, 0
852018, 4588984, 0, 0
853025, 5005733, 0, 0
854058, 4566189, 0, 0
855013, 4718297, 0, 0
856008, 5022755, 0, 0
857005, 5239708, 0, 0
858049, 5060194, 0, 0
859015, 4571001, 0, 0
860021, 4486910, 0, 0
861047, 4339253, 0, 0
862051, 5336489, 0, 0
863066, 5044371, 0, 0
864041, 4968453, 0, 0
865009, 4856316, 0, 0
866043, 4507436, 0, 0
867060, 5080514, 0, 0
868045, 4820919, 0, 0
869062, 4978351, 0, 0
870048, 4517702, 0, 0
871008, 4522121, 0, 0
872040, 4663332, 0, 0
873014, 4677624, 0, 0
874034, 4692549, 0, 0
875012, 4675902, 0, 0
876057, 4920428, 0, 0
877001, 4511984, 0, 0
878033, 5129593, 0, 0
879031, 4698793, 0, 0
880039, 4913602, 0, 0
881038, 5010928, 0, 0
882056, 4559315, 0, 0
883010, 4812885, 0, 0
884016, 5402843, 0, 0
885063, 4729637, 0, 0
886010, 5535966, 0, 0
887004, 4818048, 0, 0
888057, 5231861, 0, 0
889026, 5014597, 0, 0
890073, 4863501, 0, 0
891010, 5924031, 0, 0
892056, 4725802, 0, 0
893013, 4978246, 0, 0
894049, 4681094, 0, 0
895037, 5060590, 0, 0
896025, 5220349, 0, 0
897025, 4691256, 0, 0
898000, 4443241, 0, 0
899033, 5550158, 0, 0
900020, 4737773, 0, 0
901059, 4759293, 0, 0
902035, 5055067, 0, 0
903025, 5398710, 0, 0
904001, 4952558, 0, 0
905006, 4420361, 0, 0
906035, 5321937, 0, 0
907026, 4714372, 0, 0
908034, 4887769, 0, 0
909058, 5065029, 0, 0
910048, 4943837, 0, 0
911027, 5224396, 0, 0
912005, 5429047, 0, 0
913018, 4618059, 0, 0
914019, 5379397, 0, 0
915059, 5038960, 0, 0
916062, 5166822, 0, 0
917038, 4430148, 0, 0
918049, 4763317, 0, 0
919024, 5041807, 0, 0
920041, 4838003, 0, 0
921004, 4622155, 0, 0
922033, 4489231, 0, 0
923016, 4503025, 0, 0
924069, 5156903, 0, 0
925027, 4712599, 0, 0
926038, 4875554, 0, 0
927067, 4892059, 0, 0
928000, 4525319, 0, 0
929044, 4514462, 0, 0
930015, 4685143, 0, 0
931006, 4949457, 0, 0
932040, 5490572, 0, 0
933018, 5167630, 0, 0
934058, 4765401, 0, 0
935042, 5065074, 0, 0
936009, 4689374, 0, 0
937049, 5245826, 0, 0
938048, 4640616, 0, 0
939026, 4933218, 0, 0
940051, 4674036, 0, 0
941036, 4892248, 0, 0
942006, 4505431, 0, 0
943001, 4732209, 0, 0
944004, 4533888, 0, 0
945013, 5065873, 0, 0
946009, 4476405, 0, 0
947045, 4880734, 0, 0
948007, 4106661, 0, 0
949042, 4591880, 0, 0
950020, 4962638, 0, 0
951051, 4655494, 0, 0
952026, 4847455, 0, 0
953050, 4545867, 0, 0
954022, 5390582, 0, 0
955028, 4672954, 0, 0
956054, 5482774, 0, 0
957028, 4766376, 0, 0
958003, 4613238, 0, 0
959060, 4530022, 0, 0
960022, 4514284, 0, 0
961063, 4787298, 0, 0
962000, 5005744, 0, 0
963056, 4840867, 0, 0
964054, 5476806, 0, 0
965039, 4992698, 0, 0
966017, 4738743, 0, 0
967039, 4706255, 0, 0
968057, 4726127, 0, 0
969014, 4641798, 0, 0
970051, 4385888, 0, 0
971003, 4730921, 0, 0
972006, 4489646, 0, 0
973009, 4639311, 0, 0
974069, 5291159, 0, 0
975049, 5379967, 0, 0
976008, 5016607, 0, 0
977027, 4754313, 0, 0
978012, 4661467, 0, 0
979083, 5069174, 0, 0
980044, 5551482, 0, 0
981069, 5170965, 0, 0
982046, 4805556, 0, 0
983022, 5185243, 0, 0
984013, 5855175, 0, 0
985056, 4469827, 0, 0
986014, 4833072, 0, 0
987004, 5555152, 0, 0
988003, 4916716, 0, 0
989058, 4971794, 0, 0
990064, 4853159, 0, 0
991060, 4947207, 0, 0
992001, 5027930, 0, 0
993015, 4867301, 0, 0
994015, 4561674, 0, 0
995038, 5082760, 0, 0
996030, 4927651, 0, 0
997030, 4969028, 0, 0
998013, 4673662, 0, 0
999032, 5115917, 0, 0
1000004, 4804478, 0, 0
1001030, 5051789, 0, 0
1002030, 5016866, 0, 0
1003036, 4853186, 0, 0
1004019, 4858560, 0, 0
1005057, 4757332, 0, 0
1006038, 5212504, 0, 0
1007046, 4909981, 0, 0
1008012, 4387428, 0, 0
1009013, 4923205, 0, 0
1010048, 4395846, 0, 0
1011031, 4885635, 0, 0
1012012, 4974960, 0, 0
1013034, 4833986, 0, 0
1014064, 4807246, 0, 0
1015016, 4708275, 0, 0
1016000, 4288363, 0, 0
1017051, 4815853, 0, 0
1018031, 4944020, 0, 0
1019053, 4885308, 0, 0
1020039, 4924944, 0, 0
1021059, 4872133, 0, 0
1022054, 5176201, 0, 0
1023061, 4392540, 0, 0
1024063, 5003021, 0, 0
1025039, 4594945, 0, 0
1026045, 4672975, 0, 0
1027020, 4271648, 0, 0
1028047, 4952985, 0, 0
1029048, 5437308, 0, 0
1030050, 4547338, 0, 0
1031048, 5057983, 0, 0
1032035, 4883847, 0, 0
1033061, 4901075, 0, 0
1034028, 5006605, 0, 0
1035045, 4701498, 0, 0
1036060, 5760083, 0, 0
1037061, 5372725, 0, 0
1038022, 4850546, 0, 0
1039041, 4801547, 0, 0
1040008, 4467789, 0, 0
1041049, 4928441, 0, 0
1042029, 4775747, 0, 0
1043016, 4927536, 0, 0
1044059, 4101028, 0, 0
1045008, 4600329, 0, 0
1046044, 4769329, 0, 0
1047054, 4780964, 0, 0
1048017, 5143309, 0, 0
1049059, 5202635, 0, 0
1050014, 5128667, 0, 0
1051048, 5522577, 0, 0
1052037, 4635721, 0, 0
1053061, 4987662, 0, 0
1054001, 5396217, 0, 0
1055003, 5189104, 0, 0
1056026, 4705632, 0, 0
1057002, 4825493, 0, 0
1058030, 4124476, 0, 0
1059007, 5421968, 0, 0
1060026, 4985298, 0, 0
1061057, 4325644, 0, 0
1062008, 4547448, 0, 0
1063040, 4813422, 0, 0
1064021, 5569138, 0, 0
1065066, 5271528, 0, 0
1066028, 4532717, 0, 0
1067020, 4952062, 0, 0
1068033, 4864566, 0, 0
1069053, 5173703, 0, 0
1070019, 4571441, 0, 0
1071072, 4737293, 0, 0
1072031, 4858477, 0, 0
1073025, 4703832, 0, 0
1074013, 5140683, 0, 0
1075051, 4669529, 0, 0
1076001, 4373811, 0, 0
1077012, 4102651, 0, 0
1078054, 4048064, 0, 0
1079049, 5372696, 0, 0
1080043, 4575865, 0, 0
1081047, 4265342, 0, 0
1082032, 5148214, 0, 0
1083004, 4882196, 0, 0
1084021, 5152182, 0, 0
1085028, 5053784, 0, 0
1086058, 4809008, 0, 0
1087026, 4736789, 0, 0
1088017, 5380717, 0, 0
1089053, 4997261, 0, 0
1090029, 4977308, 0, 0
1091019, 5066846, 0, 0
1092066, 4692348, 0, 0
1093055, 4722836, 0, 0
1094046, 5238895, 0, 0
1095051, 5310139, 0, 0
1096065, 5143642, 0, 0
1097024, 4741055, 0, 0
1098003, 5200031, 0, 0
1099001, 4792976, 0, 0
1100032, 5566973, 0, 0
1101055, 4957338, 0, 0
1102047, 4606524, 0, 0
1103055, 5060812, 0, 0
1104018, 4737875, 0, 0
1105038, 5224916, 0, 0
1106046, 5162210, 0, 0
1107005, 4766496, 0, 0
1108031, 4972378, 0, 0
1109025, 5256296, 0, 0
1110048, 4578496, 0, 0
1111062, 4625463, 0, 0
1112015, 4268940, 0, 0
1113008, 4446261, 0, 0
1114069, 4997747, 0, 0
1115047, 4905717, 0, 0
1116010, 5314877, 0, 0
1117028, 4889060, 0, 0
1118029, 5073277, 0, 0
1119044, 5175679, 0, 0
1120054, 4870198, 0, 0
1121008, 5121203, 0, 0
1122062, 4784971, 0, 0
1123067, 4201998, 0, 0
1124047, 4840525, 0, 0
1125015, 4627673, 0, 0
1126068, 4958282, 0, 0
1127040, 4713981, 0, 0
1128021, 5413247, 0, 0
1129030, 5196683, 0, 0
1130008, 5083634, 0, 0
1131039, 4746446, 0, 0
1132061, 5833978, 0, 0
1133027, 4871560, 0, 0
1134032, 4804025, 0, 0
1135068, 4681195, 0, 0
1136046, 4811352, 0, 0
1137012, 4529407, 0, 0
1138010, 5036448, 0, 0
1139028, 4935432, 0, 0
1140013, 4468608, 0, 0
1141056, 5259579, 0, 0
1142014, 4671200, 0, 0
1143020, 4672467, 0, 0
1144056, 4835858, 0, 0
1145011, 5183733, 0, 0
1146053, 4642424, 0, 0
1147035, 4648631, 0, 0
1148051, 5204960, 0, 0
1149024, 4764104, 0, 0
1150061, 5395349, 0, 0
1151038, 4805383, 0, 0
1152055, 5078342, 0, 0
1153029, 5257738, 0, 0
1154065, 4792401, 0, 0
1155042, 5217846, 0, 0
1156058, 5025653, 0, 0
1157008, 4410387, 0, 0
1158026, 4708178, 0, 0
1159060, 4894242, 0, 0
1160029, 5175939, 0, 0
1161018, 5012947, 0, 0
1162006, 5364588, 0, 0
1163029, 5057364, 0, 0
1164015, 4580897, 0, 0
1165066, 4563318, 0, 0
1166027, 4380799, 0, 0
1167054, 4860648, 0, 0
1168017, 4885035, 0, 0
1169033, 4508737, 0, 0
1170003, 5067695, 0, 0
1171050, 5233489, 0, 0
1172011, 4896384, 0, 0
1173054, 5183465, 0, 0
1174039, 4727856, 0, 0
1175019, 5045372, 0, 0
1176000, 5022351, 0, 0
1177037, 4957653, 0, 0
1178035, 4984396, 0, 0
1179053, 4796649, 0, 0
1180061, 4681302, 0, 0
1181052, 4517607, 0, 0
1182038, 5212954, 0, 0
1183040, 4407897, 0, 0
1184064, 4986160, 0, 0
1185005, 4674934, 0, 0
1186019, 4778139, 0, 0
1187055, 4766714, 0, 0
1188046, 4648902, 0, 0
1189012, 4529831, 0, 0
1190025, 5082746, 0, 0
1191079, 4940996, 0, 0
1192009, 4994695, 0, 0
1193004, 4619753, 0, 0
1194046, 4776289, 0, 0
1195042, 4805661, 0, 0
1196061, 5468489, 0, 0
1197022, 4799300, 0, 0
1198045, 4866238, 0, 0
1199062, 4723051, 0, 0
1200023, 4504720, 0, 0
1201061, 5346972, 0, 0
1202001, 5243757, 0, 0
1203017, 5102310, 0, 0
1204003, 5293230, 0, 0
1205048, 5113604, 0, 0
1206009, 5249023, 0, 0
1207049, 4763176, 0, 0
1208001, 4617098, 0, 0
1209022, 4805763, 0, 0
1210031, 4198103, 0, 0
1211011, 5070820, 0, 0
1212046, 4830772, 0, 0
1213049, 5220810, 0, 0
1214004, 4992490, 0, 0
1215057, 4868388, 0, 0
1216019, 4928100, 0, 0
1217028, 4842112, 0, 0
1218035, 4789887, 0, 0
1219049, 4712043, 0, 0
1220050, 4972773, 0, 0
1221046, 4714019, 0, 0
1222060, 4403456, 0, 0
1223036, 4709578, 0, 0
1224007, 4705088, 0, 0
1225039, 4981043, 0, 0
1226033, 5039439, 0, 0
1227056, 5030187, 0, 0
1228023, 4235432, 0, 0
1229012, 4704826, 0, 0
1230049, 4386410, 0, 0
1231031, 4762863, 0, 0
1232025, 5039729, 0, 0
1233052, 4905036, 0, 0
1234001, 4453590, 0, 0
1235026, 4545313, 0, 0
1236043, 4436495, 0, 0
1237029, 5076637, 0, 0
1238024, 4377797, 0, 0
1239001, 4561454, 0, 0
1240012, 4694679, 0, 0
1241076, 5260710, 0, 0
1242040, 4886379, 0, 0
1243010, 4590740, 0, 0
1244020, 5174689, 0, 0
1245031, 5431066, 0, 0
1246049, 4577885, 0, 0
1247010, 4797250, 0, 0
1248028, 4479302, 0, 0
1249012, 4594484, 0, 0
1250071, 5034142, 0, 0
1251034, 5146002, 0, 0
1252059, 5305260, 0, 0
1253055, 4732110, 0, 0
1254054, 5119153, 0, 0
1255012, 4326688, 0, 0
1256047, 5199318, 0, 0
1257017, 4819538, 0, 0
1258060, 4821996, 0, 0
1259004, 5483341, 0, 0
1260028, 4464790, 0, 0
1261018, 5019801, 0, 0
1262017, 4514405, 0, 0
1263017, 4619363, 0, 0
1264014, 5931057, 0, 0
1265055, 4621643, 0, 0
1266007, 4729937, 0, 0
1267046, 4986233, 0, 0
1268035, 5068388, 0, 0
1269006, 4232572, 0, 0
1270027, 5309012, 0, 0
1271024, 4588094, 0, 0
1272006, 5059993, 0, 0
1273043, 4791293, 0, 0
1274027, 4593962, 0, 0
1275058, 4856697, 0, 0
1276039, 4710712, 0, 0
1277052, 4535603, 0, 0
1278063, 5207421, 0, 0
1279000, 5055920, 0, 0
1280049, 4441046, 0, 0
1281059, 4941658, 0, 0
1282025, 4754495, 0, 0
1283016, 4976261, 0, 0
1284046, 4550854, 0, 0
1285058, 5207985, 0, 0
1286029, 4948518, 0, 0
1287019, 5096639, 0, 0
1288055, 4812686, 0, 0
1289002, 4825097, 0, 0
1290025, 4911466, 0, 0
1291007, 4583481, 0, 0
1292050, 4692144, 0, 0
1293027, 4953067, 0, 0
1294045, 4497030, 0, 0
1295019, 5120707, 0, 0
1296050, 4659594, 0, 0
1297002, 4509109, 0, 0
1298036, 4545278, 0, 0
1299001, 4527967, 0, 0
1300018, 4634079, 0, 0
1301057, 5014154, 0, 0
1302017, 4586351, 0, 0
1303062, 4899837, 0, 0
1304030, 4882252, 0, 0
1305052, 4772313, 0, 0
1306021, 4744928, 0, 0
1307012, 5264516, 0, 0
1308021, 4842534, 0, 0
1309000, 4545463, 0, 0
1310052, 5077794, 0, 0
1311033, 5473521, 0, 0
1312057, 5015952, 0, 0
1313027, 4917697, 0, 0
1314055, 4541550, 0, 0
1315029, 5344570, 0, 0
1316000, 4466513, 0, 0
1317013, 5163054, 0, 0
1318031, 4987170, 0, 0
1319001, 4793802, 0, 0
1320036, 4946535, 0, 0
1321015, 4212690, 0, 0
1322008, 5114085, 0, 0
1323040, 4884200, 0, 0
1324026, 4710969, 0, 0
1325029, 4660919, 0, 0
1326014, 4844284, 0, 0
1327018, 4685772, 0, 0
1328059, 5329835, 0, 0
1329034, 5470981, 0, 0
1330067, 4487595, 0, 0
1331009, 4520787, 0, 0
1332041, 4141678, 0, 0
1333043, 4742427, 0, 0
1334007, 4860147, 0, 0
1335045, 4668555, 0, 0
1336024, 4913591, 0, 0
1337020, 5155204, 0, 0
1338057, 4443928, 0, 0
1339031, 5044282, 0, 0
1340029, 4932355, 0, 0
1341023, 4773864, 0, 0
1342035, 4592893, 0, 0
1343046, 4427775, 0, 0
1344038, 4365062, 0, 0
1345004, 5023356, 0, 0
1346015, 4716933, 0, 0
1347035, 4878464, 0, 0
1348059, 4778305, 0, 0
1349003, 4836077, 0, 0
1350042, 4649815, 0, 0
1351021, 5120523, 0, 0
1352003, 5133748, 0, 0
1353052, 5267813, 0, 0
1354025, 5167401, 0, 0
1355005, 4348174, 0, 0
1356005, 4872376, 0, 0
1357009, 4620024, 0, 0
1358022, 4518471, 0, 0
1359035, 4436341, 0, 0
1360036, 5403099, 0, 0
1361051, 5123119, 0, 0
1362007, 4795575, 0, 0
1363027, 4298666, 0, 0
1364005, 4984778, 0, 0
1365024, 4685708, 0, 0
1366035, 4448874, 0, 0
1367044, 4844548, 0, 0
1368017, 4696698, 0, 0
1369032, 4562501, 0, 0
1370048, 5024775, 0, 0
1371014, 4825014, 0, 0
1372034, 5018875, 0, 0
1373001, 4708053, 0, 0
1374010, 4383232, 0, 0
1375000, 4917653, 0, 0
1376038, 5603052, 0, 0
1377024, 4498660, 0, 0
1378059, 5219856, 0, 0
1379051, 4565506, 0, 0
1380025, 5203626, 0, 0
1381013, 5112415, 0, 0
1382008, 4727960, 0, 0
1383050, 4712356, 0, 0
1384011, 4896402, 0, 0
1385052, 4724895, 0, 0
1386002, 4721445, 0, 0
1387059, 4976965, 0, 0
1388058, 4819639, 0, 0
1389040, 5218482, 0, 0
1390055, 4446098, 0, 0
1391031, 4775871, 0, 0
1392023, 5297905, 0, 0
1393008, 4661001, 0, 0
1394035, 4686778, 0, 0
1395055, 4606028, 0, 0
1396044, 5174628, 0, 0
1397009, 5151824, 0, 0
1398022, 4362051, 0, 0
1399011, 5487615, 0, 0
1400032, 4613118, 0, 0
1401052, 5725175, 0, 0
1402072, 4759899, 0, 0
1403041, 4416503, 0, 0
1404047, 4807525, 0, 0
1405045, 5084452, 0, 0
1406038, 5010246, 0, 0
1407057, 5139517, 0, 0
1408055, 5733596, 0, 0
1409044, 4837946, 0, 0
1410072, 4585921, 0, 0
1411049, 4601901, 0, 0
1412008, 4885430, 0, 0
1413019, 4810989, 0, 0
1414013, 5038779, 0, 0
1415016, 4152886, 0, 0
1416044, 4626623, 0, 0
1417028, 4612460, 0, 0
1418027, 4664517, 0, 0
1419019, 4902469, 0, 0
1420038, 4775954, 0, 0
1421014, 4852857, 0, 0
1422027, 5029440, 0, 0
1423027, 4442621, 0, 0
1424016, 4815457, 0, 0
1425034, 4520071, 0, 0
1426035, 4199918, 0, 0
1427051, 4207167, 0, 0
1428025, 4745318, 0, 0
1429012, 4716588, 0, 0
1430010, 5007313, 0, 0
1431042, 4749289, 0, 0
1432038, 5075923, 0, 0
1433058, 5225154, 0, 0
1434007, 4789341, 0, 0
1435029, 4746053, 0, 0
1436072, 4607689, 0, 0
1437045, 4693738, 0, 0
1438065, 4807780, 0, 0
1439015, 4694309, 0, 0
1440039, 5332004, 0, 0
1441028, 5039594, 0, 0
1442051, 4622979, 0, 0
1443016, 4769774, 0, 0
1444006, 5177850, 0, 0
1445059, 4530323, 0, 0
1446014, 4943350, 0, 0
1447029, 4691929, 0, 0
1448036, 4353313, 0, 0
1449051, 4542946, 0, 0
1450021, 5102065, 0, 0
1451048, 4684459, 0, 0
1452064, 4994640, 0, 0
1453056, 4762877, 0, 0
1454019, 5036552, 0, 0
1455019, 5258529, 0, 0
1456064, 4765729, 0, 0
1457005, 5219477, 0, 0
1458060, 4768909, 0, 0
1459053, 4657404, 0, 0
1460000, 4257741, 0, 0
1461051, 5069764, 0, 0
1462030, 4962839, 0, 0
1463068, 5111801, 0, 0
1464011, 5201073, 0, 0
1465050, 5212999, 0, 0
1466011, 4552996, 0, 0
1467058, 4932474, 0, 0
1468013, 4629087, 0, 0
1469048, 4803882, 0, 0
1470050, 4909506, 0, 0
1471026, 5182748, 0, 0
1472019, 4886567, 0, 0
1473051, 4601924, 0, 0
1474024, 5111834, 0, 0
1475035, 5026846, 0, 0
1476016, 5128525, 0, 0
1477035, 4689494, 0, 0
1478013, 4859786, 0, 0
1479027, 4381428, 0, 0
1480021, 4942992, 0, 0
1481042, 4999207, 0, 0
1482061, 4864651, 0, 0
1483035, 4676811, 0, 0
1484030, 5099749, 0, 0
1485058, 4908907, 0, 0
1486018, 4523729, 0, 0
1487058, 4272167, 0, 0
1488021, 5064750, 0, 0
1489024, 4836830, 0, 0
1490056, 4603057, 0, 0
1491037, 5047707, 0, 0
1492020, 5115180, 0, 0
1493034, 4965225, 0, 0
1494053, 4756929, 0, 0
1495039, 4642968, 0, 0
1496006, 4622125, 0, 0
1497049, 5077609, 0, 0
1498017, 4694568, 0, 0
1499041, 4736606, 0, 0
1500059, 5186023, 0, 0
1501030, 4947911, 0, 0
1502021, 4416747, 0, 0
1503047, 4833170, 0, 0
1504027, 4849329, 0, 0
1505063, 4477661, 0, 0
1506019, 4820776, 0, 0
1507000, 4492490, 0, 0
1508036, 4951768, 0, 0
1509039, 4553878, 0, 0
1510073, 5436814, 0, 0
1511036, 4474553, 0, 0
1512039, 4508683, 0, 0
1513032, 5038211, 0, 0
1514062, 4510810, 0, 0
1515002, 4082120, 0, 0
1516014, 5026923, 0, 0
1517027, 4770763, 0, 0
1518007, 5290984, 0, 0
1519012, 4480096, 0, 0
1520052, 4638841, 0, 0
1521027, 4892863, 0, 0
1522026, 4913161, 0, 0
1523014, 4631378, 0, 0
1524063, 4293309, 0, 0
1525020, 4639640, 0, 0
1526046, 5124074, 0, 0
1527065, 5140818, 0, 0
1528045, 4387084, 0, 0
1529025, 4681823, 0, 0
1530016, 4926755, 0, 0
1531051, 4719349, 0, 0
1532021, 4524319, 0, 0
1533027, 4570873, 0, 0
1534016, 4570198, 0, 0
1535005, 5039875, 0, 0
1536043, 5160743, 0, 0
1537029, 5180382, 0, 0
1538031, 4609830, 0, 0
1539034, 4747269, 0, 0
1540035, 4787220, 0, 0
1541028, 4548033, 0, 0
1542008, 4573685, 0, 0
1543004, 4438439, 0, 0
1544038, 4356615, 0, 0
1545059, 4764086, 0, 0
1546017, 4714843, 0, 0
1547050, 4798576, 0, 0
1548052, 4526468, 0, 0
1549050, 4835046, 0, 0
1550023, 4766989, 0, 0
1551046, 5156716, 0, 0
1552054, 4963154, 0, 0
1553022, 4451742, 0, 0
1554054, 4683900, 0, 0
1555004, 4391968, 0, 0
1556058, 5061822, 0, 0
1557063, 4670038, 0, 0
1558032, 4815060, 0, 0
1559021, 5609331, 0, 0
1560000, 5147357, 0, 0
1561034, 4265871, 0, 0
1562053, 4221785, 0, 0
1563020, 4537326, 0, 0
1564010, 4413236, 0, 0
1565050, 4637105, 0, 0
1566012, 4424839, 0, 0
1567011, 4914112, 0, 0
1568017, 4834028, 0, 0
1569057, 4594512, 0, 0
1570025, 4805955, 0, 0
1571031, 4465885, 0, 0
1572049, 4642939, 0, 0
1573015, 5076767, 0, 0
1574011, 4289006, 0, 0
1575027, 4591651, 0, 0
1576054, 5026076, 0, 0
1577020, 4593294, 0, 0
1578060, 5067457, 0, 0
1579031, 4574156, 0, 0
1580033, 5267198, 0, 0
1581000, 4930429, 0, 0
1582028, 4775665, 0, 0
1583023, 4777170, 0, 0
1584035, 5001270, 0, 0
1585035, 4709584, 0, 0
1586036, 4999294, 0, 0
1587046, 4712848, 0, 0
1588039, 4368783, 0, 0
1589056, 4813406, 0, 0
1590020, 4524173, 0, 0
1591029, 4639366, 0, 0
1592035, 4545355, 0, 0
1593010, 4872774, 0, 0
1594067, 4270921, 0, 0
1595032, 4993623, 0, 0
1596015, 4744780, 0, 0
1597062, 4860364, 0, 0
1598042, 4641154, 0, 0
1599015, 5035287, 0, 0
1600035, 5278968, 0, 0
1601023, 5032928, 0, 0
1602023, 5175699, 0, 0
1603005, 4520638, 0, 0
1604053, 4757359, 0, 0
1605022, 5091372, 0, 0
1606058, 4540280, 0, 0
1607039, 4848656, 0, 0
1608061, 5156121, 0, 0
1609034, 4338327, 0, 0
1610059, 5360443, 0, 0
1611005, 4107334, 0, 0
1612024, 5470116, 0, 0
1613019, 4821091, 0, 0
1614023, 5093257, 0, 0
1615051, 4560455, 0, 0
1616042, 5129818, 0, 0
1617013, 4661577, 0, 0
1618003, 5071957, 0, 0
1619036, 4960972, 0, 0
1620055, 4802008, 0, 0
1621032, 5187898, 0, 0
1622040, 4618348, 0, 0
1623051, 4632626, 0, 0
1624035, 4865495, 0, 0
1625009, 4938123, 0, 0
1626030, 4491394, 0, 0
1627053, 4460175, 0, 0
1628022, 4606727, 0, 0
1629024, 4932128, 0, 0
1630064, 4761938, 0, 0
1631048, 4725034, 0, 0
1632060, 5031060, 0, 0
1633062, 4762414, 0, 0
1634055, 4987913, 0, 0
1635045, 4869969, 0, 0
1636035, 4774544, 0, 0
1637073, 5428767, 0, 0
1638059, 4922639, 0, 0
1639021, 4803666, 0, 0
1640011, 5788760, 0, 0
1641054, 4318988, 0, 0
1642006, 4980825, 0, 0
1643049, 4711592, 0, 0
1644030, 5473775, 0, 0
1645052, 5317597, 0, 0
1646022, 4917597, 0, 0
1647028, 4219853, 0, 0
1648012, 5090424, 0, 0
1649042, 4764779, 0, 0
1650048, 4629135, 0, 0
1651019, 5078450, 0, 0
1652017, 4390867, 0, 0
1653030, 4772859, 0, 0
1654015, 4257027, 0, 0
1655020, 4849367, 0, 0
1656007, 5081396, 0, 0
1657018, 4738110, 0, 0
1658041, 5491887, 0, 0
1659014, 4985872, 0, 0
1660003, 4388516, 0, 0
1661050, 4751789, 0, 0
1662038, 5337619, 0, 0
1663012, 4653277, 0, 0
1664021, 4729749, 0, 0
1665006, 4709323, 0, 0
1666047, 4499670, 0, 0
1667020, 4375469, 0, 0
1668038, 4641607, 0, 0
1669004, 4732343, 0, 0
1670042, 4649988, 0, 0
1671063, 5070544, 0, 0
1672077, 5223004, 0, 0
1673042, 4607418, 0, 0
1674000, 4643721, 0, 0
1675064, 5112285, 0, 0
1676061, 4568222, 0, 0
1677012, 4435963, 0, 0
1678019, 5528909, 0, 0
1679057, 5158328, 0, 0
1680034, 4579905, 0, 0
1681099, 4565444, 0, 0
1682009, 4428917, 0, 0
1683022, 4707993, 0, 0
1684007, 6228438, 0, 0
1685027, 4918024, 0, 0
1686048, 5314043, 0, 0
1687024, 4511976, 0, 0
1688047, 5085414, 0, 0
1689066, 4798945, 0, 0
1690021, 4496743, 0, 0
1691014, 4983772, 0, 0
1692048, 4827069, 0, 0
1693034, 5293323, 0, 0
1694055, 4513653, 0, 0
1695005, 4537041, 0, 0
1696058, 4804420, 0, 0
1697024, 5157675, 0, 0
1698026, 4953551, 0, 0
1699036, 4693022, 0, 0
1700005, 4839292, 0, 0
1701010, 4919533, 0, 0
1702002, 4651445, 0, 0
1703052, 5763100, 0, 0
1704000, 4637539, 0, 0
1705038, 4987082, 0, 0
1706065, 4790788, 0, 0
1707006, 5561131, 0, 0
1708027, 5049406, 0, 0
1709003, 4510135, 0, 0
1710019, 4393563, 0, 0
1711046, 4659743, 0, 0
1712016, 4943402, 0, 0
1713027, 4392498, 0, 0
1714022, 4732355, 0, 0
1715042, 4647554, 0, 0
1716055, 4499197, 0, 0
1717035, 4291975, 0, 0
1718015, 5374352, 0, 0
1719065, 4923634, 0, 0
1720026, 4871520, 0, 0
1721035, 5169285, 0, 0
1722033, 5567409, 0, 0
1723018, 4922298, 0, 0
1724003, 4799149, 0, 0
1725023, 4222876, 0, 0
1726006, 5167858, 0, 0
1727045, 4676066, 0, 0
1728033, 4956486, 0, 0
1729057, 4894895, 0, 0
1730051, 4680122, 0, 0
1731016, 4422874, 0, 0
1732038, 4574961, 0, 0
1733014, 5027447, 0, 0
1734048, 4610116, 0, 0
1735016, 4559464, 0, 0
1736033, 4532486, 0, 0
1737022, 4939223, 0, 0
1738000, 4934334, 0, 0
1739048, 4892985, 0, 0
1740016, 4556700, 0, 0
1741010, 5147154, 0, 0
1742004, 4986193, 0, 0
1743044, 4681454, 0, 0
1744000, 4525092, 0, 0
1745007, 5051052, 0, 0
1746042, 4900497, 0, 0
1747145, 5074753, 0, 0
1748028, 4279803, 0, 0
1749031, 4961934, 0, 0
1750013, 5079854, 0, 0
1751025, 4451297, 0, 0
1752026, 5027305, 0, 0
1753027, 5047854, 0, 0
1754019, 4930147, 0, 0
1755001, 4496098, 0, 0
1756066, 5266728, 0, 0
1757029, 4430419, 0, 0
1758058, 4898094, 0, 0
1759070, 4855026, 0, 0
1760049, 5286994, 0, 0
1761007, 4986193, 0, 0
1762045, 4910953, 0, 0
1763008, 4599899, 0, 0
1764031, 4348615, 0, 0
1765012, 4734411, 0, 0
1766059, 4623374, 0, 0
1767040, 4452285, 0, 0
1768003, 4786389, 0, 0
1769021, 5267290, 0, 0
1770014, 4551879, 0, 0
1771029, 4895824, 0, 0
1772050, 4636100, 0, 0
1773035, 4258280, 0, 0
1774040, 5122676, 0, 0
1775053, 4679727, 0, 0
1776021, 4542436, 0, 0
1777018, 5240469, 0, 0
1778035, 4530832, 0, 0
1779043, 4159485, 0, 0
1780040, 4097527, 0, 0
1781005, 5181128, 0, 0
1782007, 4955272, 0, 0
1783012, 4733816, 0, 0
1784005, 4681051, 0, 0
1785002, 5185469, 0, 0
1786016, 4578771, 0, 0
1787039, 4867106, 0, 0
1788019, 4617246, 0, 0
1789025, 4505685, 0, 0
1790047, 5078419, 0, 0
1791049, 5211081, 0, 0
1792047, 5831858, 0, 0
1793017, 4422487, 0, 0
1794009, 4585085, 0, 0
1795051, 4317557, 0, 0
1796039, 4723718, 0, 0
1797040, 5844251, 0, 0
1798037, 5031263, 0, 0
1799057, 5067303, 0, 0
1800067, 4524477, 0, 0
