1022, 7297405, 0, 0
2043, 7970432, 0, 0
3060, 7937097, 0, 0
4055, 9204399, 0, 0
5045, 8244507, 0, 0
6015, 8084023, 0, 0
7034, 8485413, 0, 0
8000, 8035644, 0, 0
9001, 7816330, 0, 0
10031, 8044229, 0, 0
11049, 7940002, 0, 0
12062, 8434792, 0, 0
13054, 8132062, 0, 0
14035, 8097426, 0, 0
15035, 8325612, 0, 0
16035, 7805535, 0, 0
17006, 8015018, 0, 0
18059, 8099437, 0, 0
19009, 7839327, 0, 0
20040, 5976318, 0, 0
21043, 7768044, 0, 0
22012, 8002419, 0, 0
23021, 7694822, 0, 0
24020, 7796920, 0, 0
25048, 7840304, 0, 0
26045, 8167074, 0, 0
27000, 7957402, 0, 0
28025, 6869719, 0, 0
29013, 8091455, 0, 0
30029, 7751136, 0, 0
31050, 7731797, 0, 0
32005, 8294761, 0, 0
33058, 7157250, 0, 0
34036, 8076310, 0, 0
35056, 7779718, 0, 0
36055, 8045472, 0, 0
37030, 7985599, 0, 0
38004, 7917003, 0, 0
39032, 7717250, 0, 0
40034, 8346536, 0, 0
41010, 7991088, 0, 0
42000, 8107868, 0, 0
43053, 8156189, 0, 0
44037, 7936146, 0, 0
45009, 7527200, 0, 0
46061, 7401155, 0, 0
47013, 7670372, 0, 0
48036, 7798767, 0, 0
49052, 7993756, 0, 0
50012, 7927095, 0, 0
51054, 7714662, 0, 0
52001, 7696038, 0, 0
53008, 7560264, 0, 0
54001, 7936030, 0, 0
55028, 7720787, 0, 0
56005, 7681068, 0, 0
57022, 7697525, 0, 0
58048, 7830159, 0, 0
59054, 8171080, 0, 0
60001, 7755613, 0, 0
61048, 7809192, 0, 0
62014, 7913167, 0, 0
63028, 8300880, 0, 0
64041, 7443080, 0, 0
65053, 7493634, 0, 0
66018, 8380706, 0, 0
67051, 7699968, 0, 0
68055, 7782198, 0, 0
69045, 7781922, 0, 0
70045, 8064991, 0, 0
71010, 7839035, 0, 0
72041, 7740732, 0, 0
73046, 7969914, 0, 0
74046, 7928922, 0, 0
75053, 7510864, 0, 0
76032, 7301018, 0, 0
77014, 7844820, 0, 0
78056, 7891184, 0, 0
79040, 7992410, 0, 0
80036, 8726894, 0, 0
81056, 7726630, 0, 0
82029, 7593187, 0, 0
83034, 8161432, 0, 0
84051, 7364578, 0, 0
85010, 7792119, 0, 0
86040, 7401370, 0, 0
87056, 7523986, 0, 0
88009, 7494221, 0, 0
89053, 7784204, 0, 0
90023, 7628650, 0, 0
91057, 7540815, 0, 0
92030, 7539308, 0, 0
93049, 7323115, 0, 0
94058, 8003314, 0, 0
95020, 7564037, 0, 0
96046, 7323359, 0, 0
97007, 7623353, 0, 0
98034, 7546200, 0, 0
99009, 7855422, 0, 0
100028, 7431862, 0, 0
101019, 7861395, 0, 0
102026, 7398987, 0, 0
103055, 7783291, 0, 0
104010, 7459912, 0, 0
105034, 7576634, 0, 0
106023, 7902918, 0, 0
107041, 7375531, 0, 0
108046, 7437510, 0, 0
109018, 7587074, 0, 0
110000, 7541354, 0, 0
111013, 7559096, 0, 0
112064, 7663058, 0, 0
113027, 7397180, 0, 0
114041, 8110699, 0, 0
115029, 7652224, 0, 0
116050, 7968457, 0, 0
117036, 7821552, 0, 0
118014, 7688835, 0, 0
119066, 7673964, 0, 0
120012, 8010760, 0, 0
121035, 7200720, 0, 0
122012, 7686712, 0, 0
123043, 7686304, 0, 0
124012, 7682485, 0, 0
125009, 7846648, 0, 0
126054, 7622876, 0, 0
127007, 8349932, 0, 0
128068, 7410579, 0, 0
129012, 6985686, 0, 0
130016, 7377244, 0, 0
131044, 7035939, 0, 0
132062, 7160840, 0, 0
133048, 7640233, 0, 0
134058, 7208511, 0, 0
135006, 7013606, 0, 0
136045, 7922928, 0, 0
137028, 7388437, 0, 0
138044, 7519134, 0, 0
139003, 7851096, 0, 0
140033, 7570444, 0, 0
141001, 7556976, 0, 0
142004, 7823607, 0, 0
143046, 7232993, 0, 0
144011, 7142471, 0, 0
145031, 7330950, 0, 0
146048, 7256380, 0, 0
147057, 6997762, 0, 0
148050, 7632853, 0, 0
149045, 7154081, 0, 0
150035, 6727568, 0, 0
151060, 7064936, 0, 0
152038, 7348772, 0, 0
153012, 6755656, 0, 0
154035, 7352976, 0, 0
155044, 6951993, 0, 0
156018, 7547840, 0, 0
157042, 7005359, 0, 0
158041, 7502249, 0, 0
159027, 7405398, 0, 0
160014, 7252733, 0, 0
161038, 7255001, 0, 0
162027, 7911422, 0, 0
163001, 7049079, 0, 0
164029, 6895591, 0, 0
165045, 7193588, 0, 0
166005, 7927504, 0, 0
167024, 7547844, 0, 0
168034, 7204336, 0, 0
169058, 7256443, 0, 0
170036, 7238979, 0, 0
171044, 7194311, 0, 0
172021, 6547573, 0, 0
173025, 8029115, 0, 0
174060, 7033648, 0, 0
175044, 7333260, 0, 0
176036, 7688675, 0, 0
177004, 7383717, 0, 0
178019, 6670691, 0, 0
179051, 7161116, 0, 0
180022, 7404463, 0, 0
181038, 7250250, 0, 0
182008, 7451846, 0, 0
183025, 7527836, 0, 0
184060, 7334160, 0, 0
185063, 6772986, 0, 0
186025, 6959439, 0, 0
187009, 7395168, 0, 0
188056, 7472591, 0, 0
189040, 7073875, 0, 0
190033, 7083842, 0, 0
191049, 7357609, 0, 0
192039, 7608477, 0, 0
193050, 7110347, 0, 0
194059, 7050912, 0, 0
195027, 7009861, 0, 0
196013, 6842514, 0, 0
197063, 7541694, 0, 0
198003, 6855448, 0, 0
199050, 7475565, 0, 0
200048, 7437332, 0, 0
201021, 6946348, 0, 0
202007, 7034790, 0, 0
203055, 6465517, 0, 0
204027, 7191918, 0, 0
205044, 7007379, 0, 0
206053, 7413201, 0, 0
207021, 6858724, 0, 0
208008, 7145207, 0, 0
209049, 7169809, 0, 0
210023, 6854273, 0, 0
211054, 7151469, 0, 0
212064, 6595771, 0, 0
213019, 6768764, 0, 0
214045, 7318726, 0, 0
215054, 6681243, 0, 0
216005, 7085585, 0, 0
217014, 7100710, 0, 0
218044, 7046149, 0, 0
219045, 7149884, 0, 0
220020, 6668833, 0, 0
221007, 7043604, 0, 0
222060, 7205010, 0, 0
223020, 7055816, 0, 0
224030, 6955246, 0, 0
225048, 6871762, 0, 0
226027, 6841450, 0, 0
227042, 6671043, 0, 0
228005, 6870827, 0, 0
229029, 6733990, 0, 0
230053, 6960431, 0, 0
231034, 6848856, 0, 0
232026, 7233252, 0, 0
233040, 6753777, 0, 0
234054, 6990446, 0, 0
235008, 7331754, 0, 0
236044, 6807257, 0, 0
237053, 6676021, 0, 0
238026, 6845350, 0, 0
239025, 7180922, 0, 0
240036, 7375044, 0, 0
241030, 6848637, 0, 0
242022, 7127959, 0, 0
243001, 7407783, 0, 0
244036, 7083944, 0, 0
245046, 6513458, 0, 0
246028, 6857299, 0, 0
247058, 6638364, 0, 0
248007, 7409435, 0, 0
249041, 6752535, 0, 0
250037, 6295359, 0, 0
251010, 6706994, 0, 0
252036, 6973149, 0, 0
253007, 6826872, 0, 0
254001, 6896743, 0, 0
255047, 6786715, 0, 0
256014, 6802471, 0, 0
257063, 7329644, 0, 0
258004, 6485624, 0, 0
259043, 6741604, 0, 0
260060, 7200695, 0, 0
261040, 7364849, 0, 0
262023, 6633078, 0, 0
263033, 6731623, 0, 0
264006, 6993584, 0, 0
265028, 6762378, 0, 0
266026, 7166663, 0, 0
267038, 7381309, 0, 0
268033, 6952781, 0, 0
269058, 6917154, 0, 0
270020, 7021775, 0, 0
271024, 6731938, 0, 0
272066, 6889635, 0, 0
273052, 6941835, 0, 0
274010, 6464607, 0, 0
275038, 7229617, 0, 0
276058, 6798868, 0, 0
277043, 6471197, 0, 0
278045, 6418312, 0, 0
279038, 6936490, 0, 0
280004, 7043131, 0, 0
281045, 6839659, 0, 0
282050, 6438194, 0, 0
283066, 6262975, 0, 0
284003, 6161183, 0, 0
285030, 6619603, 0, 0
286069, 6366563, 0, 0
287041, 6345297, 0, 0
288036, 6859977, 0, 0
289003, 7212008, 0, 0
290008, 6645728, 0, 0
291009, 6755208, 0, 0
292060, 7147355, 0, 0
293016, 6817590, 0, 0
294057, 7028037, 0, 0
295021, 6930795, 0, 0
296007, 6477458, 0, 0
297056, 6854513, 0, 0
298037, 6900926, 0, 0
299004, 6711610, 0, 0
300022, 6604178, 0, 0
301054, 6690292, 0, 0
302055, 6757394, 0, 0
303032, 6549804, 0, 0
304050, 6478940, 0, 0
305013, 6683225, 0, 0
306058, 6867630, 0, 0
307044, 6564466, 0, 0
308006, 6774621, 0, 0
309044, 6908699, 0, 0
310058, 6988885, 0, 0
311062, 6431117, 0, 0
312045, 6590865, 0, 0
313008, 6772414, 0, 0
314006, 6475924, 0, 0
315002, 6417295, 0, 0
316032, 6817331, 0, 0
317008, 6587010, 0, 0
318057, 6846530, 0, 0
319061, 6009789, 0, 0
320052, 7070806, 0, 0
321052, 7084681, 0, 0
322055, 6299165, 0, 0
323021, 6268582, 0, 0
324053, 6923412, 0, 0
325059, 7026373, 0, 0
326046, 6485241, 0, 0
327043, 6873569, 0, 0
328027, 7017472, 0, 0
329023, 6299227, 0, 0
330042, 6482138, 0, 0
331014, 6654374, 0, 0
332008, 6325589, 0, 0
333015, 6367131, 0, 0
334003, 6899668, 0, 0
335035, 6402909, 0, 0
336016, 6763882, 0, 0
337058, 6759019, 0, 0
338003, 6940477, 0, 0
339028, 6522998, 0, 0
340052, 6313723, 0, 0
341020, 6719719, 0, 0
342020, 6358832, 0, 0
343069, 6854486, 0, 0
344051, 6857194, 0, 0
345028, 6379796, 0, 0
346029, 6801326, 0, 0
347069, 6455938, 0, 0
348041, 6431034, 0, 0
349036, 6169599, 0, 0
350032, 6070657, 0, 0
351052, 6486608, 0, 0
352038, 6484945, 0, 0
353027, 6542868, 0, 0
354012, 7179400, 0, 0
355045, 6373560, 0, 0
356042, 6262182, 0, 0
357040, 6193278, 0, 0
358001, 6761932, 0, 0
359054, 5811431, 0, 0
360021, 6484435, 0, 0
361041, 6570181, 0, 0
362032, 6428774, 0, 0
363056, 6560607, 0, 0
364002, 6096037, 0, 0
365009, 5954423, 0, 0
366008, 6475991, 0, 0
367027, 6366074, 0, 0
368049, 5966770, 0, 0
369003, 6108679, 0, 0
370003, 6285740, 0, 0
371004, 6131129, 0, 0
372041, 6171226, 0, 0
373039, 6559393, 0, 0
374028, 6415237, 0, 0
375013, 6600060, 0, 0
376001, 6669645, 0, 0
377012, 6082286, 0, 0
378044, 5929841, 0, 0
379024, 6314119, 0, 0
380042, 6435318, 0, 0
381009, 6524337, 0, 0
382033, 6436108, 0, 0
383023, 6641888, 0, 0
384044, 6296064, 0, 0
385012, 6404017, 0, 0
386034, 6224092, 0, 0
387010, 6373569, 0, 0
388067, 6942973, 0, 0
389061, 6408198, 0, 0
390049, 6057771, 0, 0
391055, 5981500, 0, 0
392043, 6283044, 0, 0
393001, 5946488, 0, 0
394046, 6212306, 0, 0
395053, 6168512, 0, 0
396014, 6043765, 0, 0
397028, 5990096, 0, 0
398049, 5606665, 0, 0
399076, 6068915, 0, 0
400039, 7025164, 0, 0
401054, 6104742, 0, 0
402023, 6288076, 0, 0
403015, 6309816, 0, 0
404017, 6176868, 0, 0
405045, 6847060, 0, 0
406012, 6318216, 0, 0
407036, 6393722, 0, 0
408026, 6103699, 0, 0
409009, 6097218, 0, 0
410036, 5931960, 0, 0
411005, 6246882, 0, 0
412044, 5831312, 0, 0
413046, 6416773, 0, 0
414039, 6566187, 0, 0
415056, 6431650, 0, 0
416051, 6857467, 0, 0
417057, 6522106, 0, 0
418042, 6115142, 0, 0
419013, 6378187, 0, 0
420013, 6443344, 0, 0
421029, 5974905, 0, 0
422035, 5942190, 0, 0
423010, 6208463, 0, 0
424040, 5589213, 0, 0
425026, 6157382, 0, 0
426063, 6128250, 0, 0
427052, 6376557, 0, 0
428061, 6220295, 0, 0
429045, 6510267, 0, 0
430015, 6250089, 0, 0
431000, 5789798, 0, 0
432015, 5964150, 0, 0
433030, 5793086, 0, 0
434040, 6347179, 0, 0
435018, 6148453, 0, 0
436036, 5808858, 0, 0
437017, 6487326, 0, 0
438049, 5958753, 0, 0
439009, 5846791, 0, 0
440031, 5401109, 0, 0
441052, 5702302, 0, 0
442020, 6239355, 0, 0
443031, 6387332, 0, 0
444008, 5610685, 0, 0
445012, 6041667, 0, 0
446008, 5854211, 0, 0
447059, 6643449, 0, 0
448001, 5777045, 0, 0
449037, 6230212, 0, 0
450006, 5865452, 0, 0
451024, 5946221, 0, 0
452027, 5386998, 0, 0
453014, 6323166, 0, 0
454007, 6048257, 0, 0
455029, 5935190, 0, 0
456023, 6665428, 0, 0
457032, 5536513, 0, 0
458039, 5558936, 0, 0
459005, 6223312, 0, 0
460004, 6088685, 0, 0
461063, 5813099, 0, 0
462045, 5604864, 0, 0
463023, 5919937, 0, 0
464058, 5808226, 0, 0
465033, 5867285, 0, 0
466032, 6119543, 0, 0
467008, 5701423, 0, 0
468061, 6152806, 0, 0
469025, 5800046, 0, 0
470023, 5729982, 0, 0
471044, 5148201, 0, 0
472007, 5343606, 0, 0
473041, 6152802, 0, 0
474008, 5963416, 0, 0
475050, 5847391, 0, 0
476004, 5954524, 0, 0
477009, 5641146, 0, 0
478033, 5559440, 0, 0
479041, 6408862, 0, 0
480063, 6387089, 0, 0
481012, 5709132, 0, 0
482044, 5823534, 0, 0
483052, 5919938, 0, 0
484033, 6409939, 0, 0
485029, 5886262, 0, 0
486022, 5940266, 0, 0
487054, 5856072, 0, 0
488002, 6579527, 0, 0
489036, 5932681, 0, 0
490036, 7190393, 0, 0
491024, 5248917, 0, 0
492056, 5369710, 0, 0
493052, 5318318, 0, 0
494005, 5990848, 0, 0
495033, 5550281, 0, 0
496042, 5593316, 0, 0
497033, 5502526, 0, 0
498059, 5334451, 0, 0
499027, 5827661, 0, 0
500055, 5865573, 0, 0
501026, 5511322, 0, 0
502051, 5888067, 0, 0
503059, 5785199, 0, 0
504051, 5185887, 0, 0
505045, 5545724, 0, 0
506032, 5765472, 0, 0
507047, 5201445, 0, 0
508023, 5571693, 0, 0
509065, 5310516, 0, 0
510032, 6232680, 0, 0
511012, 5860129, 0, 0
512017, 5487860, 0, 0
513058, 5975930, 0, 0
514017, 5806094, 0, 0
515060, 5689095, 0, 0
516008, 5810355, 0, 0
517034, 5601276, 0, 0
518065, 5625646, 0, 0
519034, 5501448, 0, 0
520024, 5524189, 0, 0
521060, 6196306, 0, 0
522071, 5610065, 0, 0
523056, 6516130, 0, 0
524048, 5359766, 0, 0
525062, 5854994, 0, 0
526057, 5808179, 0, 0
527007, 5302006, 0, 0
528068, 5494062, 0, 0
529108, 6040069, 0, 0
530029, 5969617, 0, 0
531003, 5970753, 0, 0
532032, 5644980, 0, 0
533021, 6138861, 0, 0
534041, 5789597, 0, 0
535035, 5579246, 0, 0
536047, 5522528, 0, 0
537054, 6169407, 0, 0
538039, 5406733, 0, 0
539042, 5896972, 0, 0
540029, 5354406, 0, 0
541012, 5061210, 0, 0
542016, 5116832, 0, 0
543008, 5162725, 0, 0
544003, 5984813, 0, 0
545053, 5520157, 0, 0
546009, 5687165, 0, 0
547000, 5822848, 0, 0
548051, 5463493, 0, 0
549009, 5469559, 0, 0
550058, 5575145, 0, 0
551023, 5805798, 0, 0
552047, 5190065, 0, 0
553024, 5219761, 0, 0
554001, 5483041, 0, 0
555003, 5184188, 0, 0
556001, 6119579, 0, 0
557058, 5411779, 0, 0
558034, 5909953, 0, 0
559032, 5387477, 0, 0
560050, 5745483, 0, 0
561045, 5554819, 0, 0
562010, 5095984, 0, 0
563042, 5698947, 0, 0
564019, 5218181, 0, 0
565033, 5190301, 0, 0
566000, 5277369, 0, 0
567048, 5661140, 0, 0
568000, 4949021, 0, 0
569029, 6124372, 0, 0
570027, 5762144, 0, 0
571047, 5446326, 0, 0
572015, 5789812, 0, 0
573003, 5166219, 0, 0
574061, 5335333, 0, 0
575024, 5374687, 0, 0
576037, 5111281, 0, 0
577061, 5469329, 0, 0
578048, 5765664, 0, 0
579018, 4865956, 0, 0
580009, 5441153, 0, 0
581015, 5126572, 0, 0
582059, 5294366, 0, 0
583027, 6007105, 0, 0
584028, 5777804, 0, 0
585052, 5469847, 0, 0
586020, 5196242, 0, 0
587031, 5839621, 0, 0
588004, 5195784, 0, 0
589016, 5027320, 0, 0
590059, 5011218, 0, 0
591000, 4627561, 0, 0
592042, 5396137, 0, 0
593001, 5012480, 0, 0
594057, 5071097, 0, 0
595139, 5402241, 0, 0
596033, 5193934, 0, 0
597019, 5593930, 0, 0
598043, 4918245, 0, 0
599046, 4912765, 0, 0
600032, 5498310, 0, 0
601063, 4836212, 0, 0
602048, 4893762, 0, 0
603017, 5016474, 0, 0
604034, 5460711, 0, 0
605014, 5124159, 0, 0
606005, 5020651, 0, 0
607040, 4998374, 0, 0
608018, 4954312, 0, 0
609010, 5243354, 0, 0
610062, 5415798, 0, 0
611033, 6064952, 0, 0
612015, 5189727, 0, 0
613030, 4943926, 0, 0
614029, 5424709, 0, 0
615001, 5609194, 0, 0
616052, 5199890, 0, 0
617058, 5611465, 0, 0
618024, 4489457, 0, 0
619035, 4736827, 0, 0
620061, 5540795, 0, 0
621040, 5317224, 0, 0
622032, 5004770, 0, 0
623034, 5024076, 0, 0
624021, 5358074, 0, 0
625051, 5947065, 0, 0
626062, 5582084, 0, 0
627000, 5144780, 0, 0
628013, 5593113, 0, 0
629039, 5362741, 0, 0
630010, 5331554, 0, 0
631060, 4944839, 0, 0
632040, 5471828, 0, 0
633012, 5057826, 0, 0
634030, 4795805, 0, 0
635005, 4942440, 0, 0
636001, 5259883, 0, 0
637050, 5666326, 0, 0
638038, 5087962, 0, 0
639013, 5151041, 0, 0
640044, 5280428, 0, 0
641009, 5354918, 0, 0
642029, 5333658, 0, 0
643039, 4424677, 0, 0
644038, 5511843, 0, 0
645024, 4455343, 0, 0
646002, 5253314, 0, 0
647058, 5828687, 0, 0
648022, 5036681, 0, 0
649032, 4759656, 0, 0
650020, 5454777, 0, 0
651040, 4827465, 0, 0
652038, 5164095, 0, 0
653012, 5038108, 0, 0
654021, 5390048, 0, 0
655060, 4511159, 0, 0
656018, 4646055, 0, 0
657005, 4760974, 0, 0
658018, 4435228, 0, 0
659005, 4982323, 0, 0
660064, 4762545, 0, 0
661001, 5172395, 0, 0
662017, 5021174, 0, 0
663003, 4756213, 0, 0
664003, 4499071, 0, 0
665061, 5338218, 0, 0
666014, 5062662, 0, 0
667009, 4535717, 0, 0
668055, 4839295, 0, 0
669026, 4974101, 0, 0
670017, 5289446, 0, 0
671030, 4798248, 0, 0
672048, 4577164, 0, 0
673054, 5000122, 0, 0
674014, 5265249, 0, 0
675020, 5027411, 0, 0
676048, 5133756, 0, 0
677029, 4573580, 0, 0
678020, 4977547, 0, 0
679027, 4902936, 0, 0
680030, 4911800, 0, 0
681053, 5011337, 0, 0
682062, 4684600, 0, 0
683023, 4614121, 0, 0
684001, 4563805, 0, 0
685061, 5140173, 0, 0
686047, 4556933, 0, 0
687022, 4871631, 0, 0
688059, 4956159, 0, 0
689009, 4816012, 0, 0
690001, 4805991, 0, 0
691041, 4700961, 0, 0
692038, 4931951, 0, 0
693011, 4414011, 0, 0
694036, 5198926, 0, 0
695032, 3977908, 0, 0
696032, 4847327, 0, 0
697005, 4764098, 0, 0
698010, 4600426, 0, 0
699036, 5000587, 0, 0
700047, 4878971, 0, 0
701044, 4764157, 0, 0
702007, 5168165, 0, 0
703019, 4881888, 0, 0
704001, 5707644, 0, 0
705015, 5561966, 0, 0
706006, 4646217, 0, 0
707019, 5753551, 0, 0
708009, 5315745, 0, 0
709042, 4604483, 0, 0
710005, 5226754, 0, 0
711006, 4505130, 0, 0
712019, 4791668, 0, 0
713063, 4633343, 0, 0
714013, 5618262, 0, 0
715042, 5035120, 0, 0
716057, 4388469, 0, 0
717007, 4889416, 0, 0
718021, 4462252, 0, 0
719038, 5002745, 0, 0
720059, 4948628, 0, 0
721048, 4616077, 0, 0
722048, 5045734, 0, 0
723040, 4807181, 0, 0
724004, 5121899, 0, 0
725000, 4855708, 0, 0
726029, 4867117, 0, 0
727030, 4546704, 0, 0
728018, 4651490, 0, 0
729034, 4905690, 0, 0
730001, 4639851, 0, 0
731029, 4685907, 0, 0
732011, 4881946, 0, 0
733030, 5167062, 0, 0
734004, 4542455, 0, 0
735025, 4953472, 0, 0
736002, 4513548, 0, 0
737034, 4932859, 0, 0
738055, 4338142, 0, 0
739028, 5199235, 0, 0
740047, 4733021, 0, 0
741067, 5474634, 0, 0
742047, 4825261, 0, 0
743053, 5048938, 0, 0
744045, 4808450, 0, 0
745010, 5046160, 0, 0
746047, 5281660, 0, 0
747047, 4623948, 0, 0
748007, 5101405, 0, 0
749018, 6311156, 0, 0
750011, 4935126, 0, 0
751039, 4911832, 0, 0
752007, 4437338, 0, 0
753000, 5662997, 0, 0
754022, 5080520, 0, 0
755040, 4664069, 0, 0
756001, 4870719, 0, 0
757056, 5115058, 0, 0
758011, 4701392, 0, 0
759010, 5142353, 0, 0
760049, 5212729, 0, 0
761022, 4740883, 0, 0
762021, 4576128, 0, 0
763027, 5103036, 0, 0
764057, 5089616, 0, 0
765005, 4154162, 0, 0
766042, 5028357, 0, 0
767004, 5135282, 0, 0
768061, 4753825, 0, 0
769017, 4483704, 0, 0
770008, 4950892, 0, 0
771013, 4710523, 0, 0
772013, 4872367, 0, 0
773019, 5523182, 0, 0
774037, 4661864, 0, 0
775010, 5370577, 0, 0
776025, 4733222, 0, 0
777010, 5206770, 0, 0
778041, 5125218, 0, 0
779006, 4610893, 0, 0
780039, 4387056, 0, 0
781050, 4762610, 0, 0
782038, 4655418, 0, 0
783015, 4903543, 0, 0
784032, 4681304, 0, 0
785036, 5447693, 0, 0
786001, 4702612, 0, 0
787036, 5274167, 0, 0
788001, 4611948, 0, 0
789070, 5209770, 0, 0
790023, 5631522, 0, 0
791020, 5158840, 0, 0
792057, 4796178, 0, 0
793009, 5139898, 0, 0
794041, 4727489, 0, 0
795030, 4864205, 0, 0
796058, 5290749, 0, 0
797003, 5618986, 0, 0
798001, 4792000, 0, 0
799046, 4924246, 0, 0
800079, 4845271, 0, 0
801024, 4535552, 0, 0
802021, 4632255, 0, 0
803055, 4432858, 0, 0
804000, 5419166, 0, 0
805009, 5599426, 0, 0
806033, 5013354, 0, 0
807047, 4668955, 0, 0
808050, 4838778, 0, 0
809017, 5457279, 0, 0
810032, 4690057, 0, 0
811002, 5050876, 0, 0
812040, 5599719, 0, 0
813058, 5108867, 0, 0
814053, 4826935, 0, 0
815016, 5010547, 0, 0
816056, 4968543, 0, 0
817024, 5256113, 0, 0
818051, 4856602, 0, 0
819031, 5181862, 0, 0
820021, 4823584, 0, 0
821038, 4357244, 0, 0
822020, 5481243, 0, 0
823055, 4677875, 0, 0
824041, 4558551, 0, 0
825054, 5590182, 0, 0
826019, 5350567, 0, 0
827052, 4890598, 0, 0
828039, 4694022, 0, 0
829026, 4880539, 0, 0
830009, 5454136, 0, 0
831057, 4692584, 0, 0
832006, 5044432, 0, 0
833061, 4464882, 0, 0
834030, 4584694, 0, 0
835060, 5331433, 0, 0
836030, 5440854, 0, 0
837044, 5655731, 0, 0
838058, 4382904, 0, 0
839022, 4767996, 0, 0
840053, 4637925, 0, 0
841021, 5173329, 0, 0
842056, 5089321, 0, 0
843017, 4462777, 0, 0
844042, 4571254, 0, 0
845002, 4499514, 0, 0
846021, 4990527, 0, 0
847014, 4861939, 0, 0
848001, 4880532, 0, 0
849004, 5326687, 0, 0
850012, 4793786, 0, 0
851027, 5201463, 0, 0
852038, 4784968, 0, 0
853040, 4788205, 0, 0
854011, 5385950, 0, 0
855028, 4618823, 0, 0
856027, 5089361, 0, 0
857021, 4937573, 0, 0
858063, 5282844, 0, 0
859031, 4717373, 0, 0
860037, 4116831, 0, 0
861003, 4753773, 0, 0
862036, 5455958, 0, 0
863049, 4868136, 0, 0
864026, 4802226, 0, 0
865054, 5085119, 0, 0
866028, 4086860, 0, 0
867042, 4541099, 0, 0
868030, 4741853, 0, 0
869042, 5268004, 0, 0
870031, 5394488, 0, 0
871057, 4554208, 0, 0
872022, 4484351, 0, 0
873067, 5015461, 0, 0
874017, 5018113, 0, 0
875063, 4563160, 0, 0
876038, 5628421, 0, 0
877050, 4336782, 0, 0
878021, 5052257, 0, 0
879010, 4990756, 0, 0
880022, 5236376, 0, 0
881022, 5257455, 0, 0
882039, 4856995, 0, 0
883056, 5236402, 0, 0
884000, 4645075, 0, 0
885045, 4970368, 0, 0
886054, 4890066, 0, 0
887052, 4207013, 0, 0
888038, 4825903, 0, 0
889009, 4553202, 0, 0
890045, 4927896, 0, 0
891054, 5389929, 0, 0
892039, 5344394, 0, 0
893062, 5711304, 0, 0
894034, 5135010, 0, 0
895002, 4764052, 0, 0
896054, 5498432, 0, 0
897056, 4791391, 0, 0
898031, 5067532, 0, 0
899000, 4744102, 0, 0
900056, 5355452, 0, 0
901030, 5146572, 0, 0
902005, 4871663, 0, 0
903060, 4786365, 0, 0
904031, 4851948, 0, 0
905037, 4714351, 0, 0
906001, 4543646, 0, 0
907055, 5538675, 0, 0
908002, 5084716, 0, 0
909026, 4870432, 0, 0
910001, 4467494, 0, 0
911060, 4872506, 0, 0
912039, 4443556, 0, 0
913050, 4592602, 0, 0
914054, 5113464, 0, 0
915029, 4946243, 0, 0
916026, 4522114, 0, 0
917004, 5091247, 0, 0
918019, 4942768, 0, 0
919059, 4597697, 0, 0
920008, 5326016, 0, 0
921034, 4720547, 0, 0
922005, 4552236, 0, 0
923049, 5086400, 0, 0
924034, 4944670, 0, 0
925054, 4507224, 0, 0
926008, 4555683, 0, 0
927030, 4816432, 0, 0
928031, 5026417, 0, 0
929013, 4599444, 0, 0
930059, 4815258, 0, 0
931041, 4927498, 0, 0
932010, 5207732, 0, 0
933053, 4710771, 0, 0
934026, 4788989, 0, 0
935008, 4761828, 0, 0
936040, 4496525, 0, 0
937015, 4637043, 0, 0
938014, 4752342, 0, 0
939026, 5105643, 0, 0
940021, 4281677, 0, 0
941005, 4634148, 0, 0
942034, 4508023, 0, 0
943039, 4734001, 0, 0
944037, 4704966, 0, 0
945043, 4897525, 0, 0
946038, 4582459, 0, 0
947011, 4625312, 0, 0
948039, 5489246, 0, 0
949009, 4946158, 0, 0
950061, 5251404, 0, 0
951019, 4667132, 0, 0
952065, 4770138, 0, 0
953021, 4797938, 0, 0
954056, 4595330, 0, 0
955060, 5168571, 0, 0
956018, 4904024, 0, 0
957067, 4364589, 0, 0
958031, 4700746, 0, 0
959023, 4603841, 0, 0
960061, 4547139, 0, 0
961029, 5257867, 0, 0
962030, 5524427, 0, 0
963021, 5404409, 0, 0
964021, 5259020, 0, 0
965012, 5076497, 0, 0
966048, 5070964, 0, 0
967006, 4907298, 0, 0
968023, 4907330, 0, 0
969048, 4760278, 0, 0
970022, 4768706, 0, 0
971037, 4849157, 0, 0
972040, 4936947, 0, 0
973045, 5456600, 0, 0
974034, 4988647, 0, 0
975019, 4616636, 0, 0
976041, 5129840, 0, 0
977063, 5263592, 0, 0
978042, 4840250, 0, 0
979033, 4873811, 0, 0
980028, 4436812, 0, 0
981051, 4957822, 0, 0
982029, 5228420, 0, 0
983008, 4586187, 0, 0
984065, 5616643, 0, 0
985012, 5288726, 0, 0
986048, 4342965, 0, 0
987033, 5439925, 0, 0
988036, 5161664, 0, 0
989019, 5061966, 0, 0
990030, 5100739, 0, 0
991024, 4963569, 0, 0
992036, 5127284, 0, 0
993047, 5178909, 0, 0
994048, 5179746, 0, 0
995001, 4513560, 0, 0
996002, 5101784, 0, 0
997060, 4611643, 0, 0
998043, 4673003, 0, 0
999071, 5493760, 0, 0
1000032, 4945353, 0, 0
1001062, 4303272, 0, 0
1002061, 5223350, 0, 0
1003001, 4891241, 0, 0
1004051, 4463620, 0, 0
1005020, 4542814, 0, 0
1006007, 5217246, 0, 0
1007009, 4675965, 0, 0
1008045, 4637593, 0, 0
1009046, 4950696, 0, 0
1010008, 4778690, 0, 0
1011066, 4672418, 0, 0
1012046, 4873786, 0, 0
1013063, 5100979, 0, 0
1014029, 4752681, 0, 0
1015051, 4887131, 0, 0
1016031, 5230953, 0, 0
1017012, 4099656, 0, 0
1018000, 5192814, 0, 0
1019022, 4837340, 0, 0
1020003, 4825193, 0, 0
1021029, 4882841, 0, 0
1022023, 5088151, 0, 0
1023022, 4990758, 0, 0
1024026, 4987045, 0, 0
1025008, 4786350, 0, 0
1026014, 4874980, 0, 0
1027055, 4538843, 0, 0
1028014, 4764730, 0, 0
1029048, 5871403, 0, 0
1030007, 4861681, 0, 0
1031003, 5000461, 0, 0
1032053, 5111294, 0, 0
1033011, 4932279, 0, 0
1034042, 4617468, 0, 0
1035063, 4701390, 0, 0
1036009, 4922207, 0, 0
1037012, 5007935, 0, 0
1038036, 4733941, 0, 0
1039055, 4445018, 0, 0
1040025, 4942456, 0, 0
1041003, 5007414, 0, 0
1042044, 4927252, 0, 0
1043033, 5143355, 0, 0
1044004, 4709318, 0, 0
1045027, 4909982, 0, 0
1046002, 4970088, 0, 0
1047002, 4689044, 0, 0
1048030, 4843425, 0, 0
1049011, 4514881, 0, 0
1050034, 5676889, 0, 0
1051000, 4801149, 0, 0
1052062, 4817972, 0, 0
1053012, 4126720, 0, 0
1054018, 5433486, 0, 0
1055019, 5150224, 0, 0
1056042, 4386609, 0, 0
1057021, 5491168, 0, 0
1058044, 4624676, 0, 0
1059022, 4649735, 0, 0
1060040, 4729394, 0, 0
1061040, 4754155, 0, 0
1062051, 5180004, 0, 0
1063024, 4692804, 0, 0
1064007, 4883233, 0, 0
1065049, 5104336, 0, 0
1066011, 4778608, 0, 0
1067005, 5308318, 0, 0
1068019, 5113327, 0, 0
1069039, 4672935, 0, 0
1070002, 4648788, 0, 0
1071058, 5408570, 0, 0
1072015, 4664072, 0, 0
1073008, 4929448, 0, 0
1074042, 5411720, 0, 0
1075012, 4992663, 0, 0
1076034, 4769677, 0, 0
1077044, 4897119, 0, 0
1078025, 5322819, 0, 0
1079013, 4770642, 0, 0
1080009, 4946531, 0, 0
1081014, 4500993, 0, 0
1082002, 5032052, 0, 0
1083033, 4557794, 0, 0
1084056, 4754110, 0, 0
1085053, 4925860, 0, 0
1086027, 4544878, 0, 0
1087069, 4774034, 0, 0
1088050, 4876640, 0, 0
1089019, 5374083, 0, 0
1090061, 5005507, 0, 0
1091047, 5130906, 0, 0
1092031, 4746016, 0, 0
1093023, 5030696, 0, 0
1094014, 4945351, 0, 0
1095020, 4694926, 0, 0
1096029, 5390248, 0, 0
1097061, 5204414, 0, 0
1098039, 4932925, 0, 0
1099031, 4836145, 0, 0
1100070, 5190061, 0, 0
1101026, 4521437, 0, 0
1102018, 4883411, 0, 0
1103020, 4291157, 0, 0
1104050, 4969882, 0, 0
1105007, 5058058, 0, 0
1106014, 4791660, 0, 0
1107036, 5001204, 0, 0
1108061, 4782565, 0, 0
1109056, 4872616, 0, 0
1110013, 4924734, 0, 0
1111032, 4607296, 0, 0
1112044, 4680737, 0, 0
1113039, 4282257, 0, 0
1114036, 5077898, 0, 0
1115011, 4681935, 0, 0
1116044, 4372961, 0, 0
1117002, 4830694, 0, 0
1118058, 4729951, 0, 0
1119007, 4963188, 0, 0
1120032, 5331599, 0, 0
1121054, 5128465, 0, 0
1122043, 5142941, 0, 0
1123050, 4470217, 0, 0
1124030, 4617494, 0, 0
1125060, 4805704, 0, 0
1126048, 4747378, 0, 0
1127023, 4527790, 0, 0
1128006, 4983445, 0, 0
1129013, 4789858, 0, 0
1130022, 5141085, 0, 0
1131053, 4856802, 0, 0
1132002, 5016256, 0, 0
1133041, 4914064, 0, 0
1134046, 4872083, 0, 0
1135005, 5004966, 0, 0
1136003, 4554039, 0, 0
1137025, 4535506, 0, 0
1138023, 4910759, 0, 0
1139044, 4488881, 0, 0
1140030, 4757240, 0, 0
1141000, 4446240, 0, 0
1142029, 4753835, 0, 0
1143035, 4763427, 0, 0
1144012, 4644707, 0, 0
1145026, 5361714, 0, 0
1146007, 4512630, 0, 0
1147051, 5113494, 0, 0
1148000, 4989220, 0, 0
1149038, 4604997, 0, 0
1150009, 4972653, 0, 0
1151055, 5226446, 0, 0
1152004, 5120287, 0, 0
1153044, 4617698, 0, 0
1154014, 4402370, 0, 0
1155057, 5106264, 0, 0
1156013, 5027633, 0, 0
1157023, 5201748, 0, 0
1158042, 5384420, 0, 0
1159009, 4388256, 0, 0
1160043, 4489029, 0, 0
1161039, 5154618, 0, 0
1162022, 5084906, 0, 0
1163044, 4518777, 0, 0
1164030, 4755003, 0, 0
1165050, 4611822, 0, 0
1166012, 4554058, 0, 0
1167041, 4711810, 0, 0
1168001, 5127564, 0, 0
1169018, 4859394, 0, 0
1170056, 4937469, 0, 0
1171026, 4363836, 0, 0
1172059, 5008743, 0, 0
1173038, 5143163, 0, 0
1174022, 4798681, 0, 0
1175007, 5119987, 0, 0
1176047, 4832162, 0, 0
1177023, 4873463, 0, 0
1178018, 5095635, 0, 0
1179038, 4510801, 0, 0
1180036, 4931891, 0, 0
1181038, 5029754, 0, 0
1182023, 5069825, 0, 0
1183026, 4726910, 0, 0
1184047, 4318761, 0, 0
1185061, 5167690, 0, 0
1186005, 5069081, 0, 0
1187040, 5194625, 0, 0
1188028, 5060264, 0, 0
1189059, 4556409, 0, 0
1190010, 4110554, 0, 0
1191055, 5113858, 0, 0
1192070, 4994167, 0, 0
1193050, 5022868, 0, 0
1194030, 4636126, 0, 0
1195028, 4033424, 0, 0
1196042, 5015816, 0, 0
1197007, 5181730, 0, 0
1198026, 4823682, 0, 0
1199047, 5336099, 0, 0
1200007, 4870775, 0, 0
1201041, 4940553, 0, 0
1202047, 5071755, 0, 0
1203000, 4643794, 0, 0
1204052, 4432161, 0, 0
1205033, 4852525, 0, 0
1206054, 5098379, 0, 0
1207034, 4750711, 0, 0
1208049, 4825313, 0, 0
1209058, 5038469, 0, 0
1210013, 5213916, 0, 0
1211069, 5436936, 0, 0
1212029, 4916294, 0, 0
1213033, 4302542, 0, 0
1214054, 5126292, 0, 0
1215040, 4999785, 0, 0
1216005, 4678279, 0, 0
1217009, 4340014, 0, 0
1218018, 4361791, 0, 0
1219034, 4410446, 0, 0
1220016, 4977343, 0, 0
1221016, 4646481, 0, 0
1222032, 4831919, 0, 0
1223004, 4577508, 0, 0
1224037, 4605342, 0, 0
1225008, 4847854, 0, 0
1226000, 5083867, 0, 0
1227024, 4485851, 0, 0
1228056, 5073580, 0, 0
1229046, 5096559, 0, 0
1230022, 5215827, 0, 0
1231001, 4697507, 0, 0
1232055, 5572878, 0, 0
1233019, 4861056, 0, 0
1234023, 4990880, 0, 0
1235057, 4870300, 0, 0
1236008, 4334495, 0, 0
1237064, 4646589, 0, 0
1238055, 5182225, 0, 0
1239029, 4747313, 0, 0
1240045, 4629771, 0, 0
1241039, 4843220, 0, 0
1242011, 5080773, 0, 0
1243040, 4914499, 0, 0
1244054, 5245631, 0, 0
1245001, 5224574, 0, 0
1246015, 5040861, 0, 0
1247043, 4820466, 0, 0
1248057, 4940910, 0, 0
1249045, 4651284, 0, 0
1250030, 4798929, 0, 0
1251004, 5043571, 0, 0
1252029, 4737126, 0, 0
1253022, 5084257, 0, 0
1254007, 5024483, 0, 0
1255048, 4703407, 0, 0
1256019, 4489372, 0, 0
1257049, 4491382, 0, 0
1258027, 4671005, 0, 0
1259039, 4412893, 0, 0
1260001, 5111663, 0, 0
1261049, 4693568, 0, 0
1262055, 5318728, 0, 0
1263048, 4934716, 0, 0
1264046, 5533726, 0, 0
1265022, 4802601, 0, 0
1266037, 4408569, 0, 0
1267008, 5102525, 0, 0
1268005, 4446410, 0, 0
1269038, 4646166, 0, 0
1270056, 4911627, 0, 0
1271058, 4833677, 0, 0
1272040, 4499607, 0, 0
1273010, 5153686, 0, 0
1274062, 5230311, 0, 0
1275022, 4769721, 0, 0
1276008, 4538590, 0, 0
1277022, 4939989, 0, 0
1278031, 4579173, 0, 0
1279030, 5575995, 0, 0
1280020, 5017529, 0, 0
1281028, 5269697, 0, 0
1282059, 4382219, 0, 0
1283048, 5197512, 0, 0
1284017, 5017487, 0, 0
1285019, 5004641, 0, 0
1286063, 4569099, 0, 0
1287053, 5234013, 0, 0
1288027, 5313916, 0, 0
1289034, 4978144, 0, 0
1290059, 4699675, 0, 0
1291038, 5229432, 0, 0
1292020, 4337911, 0, 0
1293060, 5040737, 0, 0
1294014, 4987238, 0, 0
1295047, 5011906, 0, 0
1296021, 5199307, 0, 0
1297034, 4620113, 0, 0
1298067, 4867756, 0, 0
1299016, 4787022, 0, 0
1300033, 4553012, 0, 0
1301012, 5172942, 0, 0
1302034, 5025776, 0, 0
1303003, 4916110, 0, 0
1304046, 4936279, 0, 0
1305001, 4354859, 0, 0
1306037, 4310411, 0, 0
1307027, 5044980, 0, 0
1308036, 4397910, 0, 0
1309016, 4707997, 0, 0
1310010, 5223700, 0, 0
1311049, 4875376, 0, 0
1312007, 5144307, 0, 0
1313042, 4715862, 0, 0
1314002, 4722848, 0, 0
1315045, 5012184, 0, 0
1316013, 5195501, 0, 0
1317036, 5584210, 0, 0
1318050, 4601609, 0, 0
1319015, 4465560, 0, 0
1320051, 4311290, 0, 0
1321029, 4980983, 0, 0
1322029, 5258719, 0, 0
1323055, 5119643, 0, 0
1324044, 5039025, 0, 0
1325046, 4978845, 0, 0
1326031, 5152829, 0, 0
1327034, 4395074, 0, 0
1328009, 4816383, 0, 0
1329049, 4811910, 0, 0
1330017, 4603647, 0, 0
1331026, 4727560, 0, 0
1332056, 4877862, 0, 0
1333000, 4424893, 0, 0
1334022, 4723845, 0, 0
1335030, 5273591, 0, 0
1336004, 4633651, 0, 0
1337006, 4903695, 0, 0
1338041, 4553981, 0, 0
1339015, 5228207, 0, 0
1340043, 4734059, 0, 0
1341037, 4392047, 0, 0
1342050, 4909862, 0, 0
1343061, 4633258, 0, 0
1344023, 5684119, 0, 0
1345043, 4779342, 0, 0
1346064, 4903552, 0, 0
1347022, 4907823, 0, 0
1348047, 4947806, 0, 0
1349052, 5424753, 0, 0
1350015, 4929348, 0, 0
1351004, 4822432, 0, 0
1352049, 5296206, 0, 0
1353034, 5017023, 0, 0
1354000, 5026589, 0, 0
1355056, 4862284, 0, 0
1356052, 4560138, 0, 0
1357062, 4899697, 0, 0
1358009, 5560810, 0, 0
1359018, 4920250, 0, 0
1360020, 4650662, 0, 0
1361035, 5096909, 0, 0
1362058, 4664414, 0, 0
1363013, 4915539, 0, 0
1364057, 4381161, 0, 0
1365008, 4680495, 0, 0
1366018, 4502110, 0, 0
1367027, 4843450, 0, 0
1368001, 4629637, 0, 0
1369015, 4894621, 0, 0
1370028, 4596572, 0, 0
1371076, 5012115, 0, 0
1372018, 5598997, 0, 0
1373054, 4925047, 0, 0
1374054, 5151340, 0, 0
1375043, 4408090, 0, 0
1376020, 5276126, 0, 0
1377010, 5342569, 0, 0
1378043, 4755828, 0, 0
1379031, 4611716, 0, 0
1380007, 5100244, 0, 0
1381056, 5115507, 0, 0
1382058, 4927475, 0, 0
1383033, 4548880, 0, 0
1384059, 4973806, 0, 0
1385032, 4909508, 0, 0
1386057, 4161916, 0, 0
1387042, 4870810, 0, 0
1388040, 4292593, 0, 0
1389056, 4412350, 0, 0
1390006, 4671319, 0, 0
1391048, 4959276, 0, 0
1392039, 5232678, 0, 0
1393041, 4657900, 0, 0
1394002, 4821513, 0, 0
1395018, 4972855, 0, 0
1396009, 4457337, 0, 0
1397039, 4786105, 0, 0
1398053, 4561983, 0, 0
1399047, 5064673, 0, 0
1400060, 4284968, 0, 0
1401018, 5040053, 0, 0
1402038, 4670050, 0, 0
1403009, 4777301, 0, 0
1404010, 4763934, 0, 0
1405013, 4982217, 0, 0
1406000, 4362864, 0, 0
1407025, 4649615, 0, 0
1408022, 4833298, 0, 0
1409011, 5283748, 0, 0
1410041, 4473414, 0, 0
1411020, 4960729, 0, 0
1412035, 4608409, 0, 0
1413053, 4644422, 0, 0
1414078, 5195851, 0, 0
1415049, 4427383, 0, 0
1416011, 5135391, 0, 0
1417059, 5207804, 0, 0
1418060, 4568562, 0, 0
1419053, 4979422, 0, 0
1420005, 4423158, 0, 0
1421045, 4439987, 0, 0
1422062, 5205346, 0, 0
1423000, 4984747, 0, 0
1424044, 5215129, 0, 0
1425003, 4960286, 0, 0
1426004, 4405952, 0, 0
1427023, 4420486, 0, 0
1428062, 4511854, 0, 0
1429044, 5111539, 0, 0
1430041, 5002977, 0, 0
1431014, 4786656, 0, 0
1432007, 4744159, 0, 0
1433028, 5098542, 0, 0
1434039, 4718347, 0, 0
1435059, 4673342, 0, 0
1436039, 4820149, 0, 0
1437015, 4753498, 0, 0
1438032, 4618947, 0, 0
1439043, 4568839, 0, 0
1440002, 4741872, 0, 0
1441066, 6034583, 0, 0
1442020, 5015749, 0, 0
1443052, 5425477, 0, 0
1444037, 4449637, 0, 0
1445026, 4390170, 0, 0
1446046, 5225086, 0, 0
1447057, 4467674, 0, 0
1448001, 4535315, 0, 0
1449021, 4584198, 0, 0
1450052, 5001249, 0, 0
1451012, 4892965, 0, 0
1452025, 4749027, 0, 0
1453026, 4501645, 0, 0
1454056, 4853704, 0, 0
1455054, 4508729, 0, 0
1456019, 4341648, 0, 0
1457035, 4629784, 0, 0
1458038, 4298997, 0, 0
1459036, 4884762, 0, 0
1460047, 5234215, 0, 0
1461030, 4789446, 0, 0
1462011, 4579852, 0, 0
1463052, 4787072, 0, 0
1464054, 4791400, 0, 0
1465033, 4861541, 0, 0
1466058, 4653144, 0, 0
1467041, 4910590, 0, 0
1468070, 4821712, 0, 0
1469028, 4432532, 0, 0
1470035, 4809453, 0, 0
1471011, 4511165, 0, 0
1472005, 4494365, 0, 0
1473034, 5138745, 0, 0
1474008, 4522254, 0, 0
1475016, 5137883, 0, 0
1476000, 4658416, 0, 0
1477019, 5086933, 0, 0
1478030, 5490573, 0, 0
1479010, 4570268, 0, 0
1480005, 5433142, 0, 0
1481029, 4522833, 0, 0
1482044, 4388708, 0, 0
1483022, 4631025, 0, 0
1484014, 4695641, 0, 0
1485041, 4362841, 0, 0
1486003, 4575811, 0, 0
1487044, 4682222, 0, 0
1488006, 4753959, 0, 0
1489009, 4554096, 0, 0
1490041, 4956411, 0, 0
1491017, 4872058, 0, 0
1492005, 4445627, 0, 0
1493016, 4409883, 0, 0
1494038, 4436614, 0, 0
1495020, 4538100, 0, 0
1496062, 4862096, 0, 0
1497034, 5137331, 0, 0
1498001, 4557038, 0, 0
1499014, 4616735, 0, 0
1500042, 5324278, 0, 0
1501003, 4751146, 0, 0
1502006, 4792863, 0, 0
1503031, 5090043, 0, 0
1504011, 4921523, 0, 0
1505048, 5003062, 0, 0
1506006, 4270380, 0, 0
1507051, 5353510, 0, 0
1508019, 4622565, 0, 0
1509024, 4713466, 0, 0
1510056, 5155918, 0, 0
1511020, 4607318, 0, 0
1512021, 4182318, 0, 0
1513016, 4800399, 0, 0
1514049, 5261381, 0, 0
1515048, 4245317, 0, 0
1516047, 4707212, 0, 0
1517056, 5447698, 0, 0
1518042, 4824493, 0, 0
1519044, 4450342, 0, 0
1520014, 4966742, 0, 0
1521066, 4731243, 0, 0
1522054, 4427418, 0, 0
1523014, 4743083, 0, 0
1524045, 4620223, 0, 0
1525003, 4192381, 0, 0
1526030, 5081104, 0, 0
1527045, 4584723, 0, 0
1528027, 4582078, 0, 0
1529006, 4964531, 0, 0
1530000, 4409460, 0, 0
1531037, 4666233, 0, 0
1532003, 4467330, 0, 0
1533013, 5018402, 0, 0
1534001, 4527157, 0, 0
1535055, 4700012, 0, 0
1536028, 4716005, 0, 0
1537014, 5129729, 0, 0
1538016, 5186670, 0, 0
1539017, 5124064, 0, 0
1540017, 5312462, 0, 0
1541006, 5067932, 0, 0
1542052, 4463476, 0, 0
1543056, 4537771, 0, 0
1544019, 4907141, 0, 0
1545042, 4730909, 0, 0
1546003, 4301606, 0, 0
1547039, 4040063, 0, 0
1548038, 4317150, 0, 0
1549025, 5162074, 0, 0
1550009, 5173368, 0, 0
1551030, 4471972, 0, 0
1552037, 4956846, 0, 0
1553008, 5703876, 0, 0
1554037, 4986795, 0, 0
1555061, 4298204, 0, 0
1556041, 4992403, 0, 0
1557050, 5193962, 0, 0
1558016, 4974560, 0, 0
1559004, 4765875, 0, 0
1560050, 5650134, 0, 0
1561019, 4418608, 0, 0
1562038, 4733662, 0, 0
1563007, 4865124, 0, 0
1564058, 4725833, 0, 0
1565036, 4860880, 0, 0
1566064, 4500795, 0, 0
1567060, 4783943, 0, 0
1568050, 5556603, 0, 0
1569025, 5045712, 0, 0
1570060, 4739265, 0, 0
1571063, 4512005, 0, 0
1572019, 4680999, 0, 0
1573046, 4596976, 0, 0
1574045, 4302547, 0, 0
1575054, 4478482, 0, 0
1576024, 5177953, 0, 0
1577113, 4877504, 0, 0
1578030, 5387428, 0, 0
1579070, 4699917, 0, 0
1580002, 6009609, 0, 0
1581031, 5011343, 0, 0
1582063, 5286105, 0, 0
1583054, 4625753, 0, 0
1584007, 4666251, 0, 0
1585002, 4454639, 0, 0
1586067, 4949427, 0, 0
1587013, 4746095, 0, 0
1588002, 4866324, 0, 0
1589020, 4498000, 0, 0
1590050, 4919156, 0, 0
1591060, 4782457, 0, 0
1592006, 4725094, 0, 0
1593044, 5183273, 0, 0
1594030, 4803433, 0, 0
1595067, 4884133, 0, 0
1596046, 4748643, 0, 0
1597028, 4299778, 0, 0
1598008, 4894366, 0, 0
1599050, 4930790, 0, 0
1600071, 5484314, 0, 0
1601060, 4391289, 0, 0
1602058, 5327373, 0, 0
1603036, 4524514, 0, 0
1604015, 4887842, 0, 0
1605055, 4516933, 0, 0
1606025, 4362263, 0, 0
1607007, 5031319, 0, 0
1608026, 4894008, 0, 0
1609068, 4645755, 0, 0
1610027, 4472625, 0, 0
1611039, 5265568, 0, 0
1612065, 5147534, 0, 0
1613003, 4881448, 0, 0
1614008, 4711861, 0, 0
1615033, 4899245, 0, 0
1616026, 5274031, 0, 0
1617067, 4482362, 0, 0
1618047, 4386871, 0, 0
1619020, 5253469, 0, 0
1620043, 4889968, 0, 0
1621016, 5112076, 0, 0
1622025, 4236175, 0, 0
1623037, 5027360, 0, 0
1624020, 4836554, 0, 0
1625053, 4690365, 0, 0
1626015, 4927640, 0, 0
1627039, 4352190, 0, 0
1628006, 4977504, 0, 0
1629008, 4952939, 0, 0
1630044, 4680949, 0, 0
1631033, 4892260, 0, 0
1632044, 4969816, 0, 0
1633045, 4903702, 0, 0
1634039, 4771247, 0, 0
1635028, 4771642, 0, 0
1636021, 5364716, 0, 0
1637055, 5519384, 0, 0
1638045, 4262373, 0, 0
1639006, 4527618, 0, 0
1640053, 4412701, 0, 0
1641039, 5025025, 0, 0
1642059, 4989424, 0, 0
1643031, 4833806, 0, 0
1644018, 4879287, 0, 0
1645037, 4990924, 0, 0
1646006, 4585397, 0, 0
1647014, 4658570, 0, 0
1648055, 4926586, 0, 0
1649025, 5734164, 0, 0
1650030, 4689837, 0, 0
1651002, 5084797, 0, 0
1652004, 4859197, 0, 0
1653013, 5193284, 0, 0
1654066, 4473031, 0, 0
1655004, 5063266, 0, 0
1656054, 5248675, 0, 0
1657001, 4847707, 0, 0
1658054, 5081437, 0, 0
1659032, 4586920, 0, 0
1660018, 5099982, 0, 0
1661003, 4661630, 0, 0
1662057, 4384266, 0, 0
1663026, 4678351, 0, 0
1664037, 4293527, 0, 0
1665021, 4937662, 0, 0
1666004, 5090939, 0, 0
1667033, 4800586, 0, 0
1668056, 4794910, 0, 0
1669018, 4852706, 0, 0
1670059, 4749495, 0, 0
1671002, 5351092, 0, 0
1672021, 4941305, 0, 0
1673056, 5743466, 0, 0
1674018, 4778901, 0, 0
1675018, 4436847, 0, 0
1676009, 4267603, 0, 0
1677028, 4712829, 0, 0
1678035, 4856800, 0, 0
1679015, 5290446, 0, 0
1680005, 4575462, 0, 0
1681023, 5032640, 0, 0
1682038, 4806066, 0, 0
1683054, 4830228, 0, 0
1684037, 4463098, 0, 0
1685011, 4632903, 0, 0
1686029, 4683322, 0, 0
1687010, 4732719, 0, 0
1688020, 4606986, 0, 0
1689053, 4775738, 0, 0
1690005, 4952817, 0, 0
1691063, 4613256, 0, 0
1692034, 4491693, 0, 0
1693014, 4638843, 0, 0
1694038, 4349633, 0, 0
1695058, 4694948, 0, 0
1696043, 4555290, 0, 0
1697007, 4373192, 0, 0
1698011, 4597686, 0, 0
1699021, 4566750, 0, 0
1700051, 4763913, 0, 0
1701065, 4912696, 0, 0
1702046, 4622752, 0, 0
1703022, 4799851, 0, 0
1704030, 4914077, 0, 0
1705008, 4396770, 0, 0
1706034, 4476951, 0, 0
1707041, 4568550, 0, 0
1708057, 4762448, 0, 0
1709029, 5109360, 0, 0
1710048, 4607916, 0, 0
1711009, 4592029, 0, 0
1712048, 5083509, 0, 0
1713059, 4428079, 0, 0
1714054, 4643902, 0, 0
1715012, 4883611, 0, 0
1716022, 4422196, 0, 0
1717066, 4872930, 0, 0
1718045, 4423738, 0, 0
1719028, 4462073, 0, 0
1720058, 4720172, 0, 0
1721005, 5081945, 0, 0
1722000, 4872351, 0, 0
1723059, 4618565, 0, 0
1724034, 4596274, 0, 0
1725059, 4828087, 0, 0
1726041, 4853446, 0, 0
1727010, 4243613, 0, 0
1728000, 4894603, 0, 0
1729027, 5314417, 0, 0
1730020, 4573042, 0, 0
1731047, 4704100, 0, 0
1732010, 4763056, 0, 0
1733043, 4564939, 0, 0
1734018, 4917078, 0, 0
1735048, 5043202, 0, 0
1736001, 4709134, 0, 0
1737053, 5053631, 0, 0
1738029, 4921663, 0, 0
1739013, 4748718, 0, 0
1740049, 4743999, 0, 0
1741049, 5121511, 0, 0
1742040, 4973190, 0, 0
1743012, 5648409, 0, 0
1744026, 4750974, 0, 0
1745042, 4678185, 0, 0
1746013, 5214558, 0, 0
1747003, 4996298, 0, 0
1748060, 4322892, 0, 0
1749065, 4522425, 0, 0
1750050, 4492856, 0, 0
1751056, 4762187, 0, 0
1752060, 5698056, 0, 0
1753057, 4363633, 0, 0
1754050, 4467099, 0, 0
1755031, 4581492, 0, 0
1756029, 4332564, 0, 0
1757063, 4627476, 0, 0
1758027, 4395945, 0, 0
1759036, 4825575, 0, 0
1760014, 5057379, 0, 0
1761040, 4929852, 0, 0
1762012, 5001430, 0, 0
1763041, 4780773, 0, 0
1764000, 4024165, 0, 0
1765042, 5479075, 0, 0
1766026, 4886101, 0, 0
1767008, 4673016, 0, 0
1768031, 4841159, 0, 0
1769047, 4280632, 0, 0
1770046, 4706212, 0, 0
1771000, 4347550, 0, 0
1772018, 4818765, 0, 0
1773003, 4642764, 0, 0
1774007, 4455347, 0, 0
1775020, 4495096, 0, 0
1776055, 5068000, 0, 0
1777048, 4657762, 0, 0
1778004, 4845127, 0, 0
1779016, 4954870, 0, 0
1780010, 4959953, 0, 0
1781038, 5033705, 0, 0
1782039, 5000144, 0, 0
1783046, 5082472, 0, 0
1784037, 4803053, 0, 0
1785033, 4540997, 0, 0
1786047, 4644576, 0, 0
1787011, 4817550, 0, 0
1788048, 4684581, 0, 0
1789060, 4856736, 0, 0
1790016, 5029032, 0, 0
1791021, 4944329, 0, 0
1792004, 5575770, 0, 0
1793034, 5170608, 0, 0
1794026, 4715828, 0, 0
1795000, 4815579, 0, 0
1796055, 5350094, 0, 0
1797054, 4639328, 0, 0
1798052, 4957830, 0, 0
1799007, 5131932, 0, 0
1800013, 4901449, 0, 0
