1027, 493548929, 0, 0
2044, 507495445, 0, 0
3057, 507978173, 0, 0
4006, 474278828, 0, 0
5046, 469430986, 0, 0
6023, 516995143, 0, 0
7057, 518518060, 0, 0
8046, 514419284, 0, 0
9024, 535304849, 0, 0
10003, 537391881, 0, 0
11015, 504230595, 0, 0
12044, 505018137, 0, 0
13010, 503849120, 0, 0
14030, 501128825, 0, 0
15026, 528685165, 0, 0
16004, 481463841, 0, 0
17035, 517053038, 0, 0
18050, 513740644, 0, 0
19088, 517894800, 0, 0
20002, 559797578, 0, 0
21035, 525241342, 0, 0
22016, 542016323, 0, 0
23055, 543416614, 0, 0
24020, 532362568, 0, 0
25005, 496383482, 0, 0
26017, 504391949, 0, 0
27063, 502959203, 0, 0
28039, 504224652, 0, 0
29034, 508938510, 0, 0
30023, 534072101, 0, 0
31005, 493538469, 0, 0
32041, 512574512, 0, 0
33046, 521955263, 0, 0
34029, 524831011, 0, 0
35010, 502747190, 0, 0
36045, 519905987, 0, 0
37056, 519508584, 0, 0
38028, 519784295, 0, 0
39045, 498108564, 0, 0
40021, 542034766, 0, 0
41038, 533597044, 0, 0
42063, 499559168, 0, 0
43024, 508493785, 0, 0
44009, 509440922, 0, 0
45040, 525345020, 0, 0
46035, 479447790, 0, 0
47001, 492100938, 0, 0
48027, 503339604, 0, 0
49001, 502011818, 0, 0
50039, 527099963, 0, 0
51058, 507090992, 0, 0
52037, 527107513, 0, 0
53057, 492205666, 0, 0
54025, 505885641, 0, 0
55043, 524990704, 0, 0
56012, 517073766, 0, 0
57026, 498049856, 0, 0
58052, 495122394, 0, 0
59033, 505079685, 0, 0
60024, 517703087, 0, 0
61011, 510635867, 0, 0
62016, 497537627, 0, 0
63036, 527169121, 0, 0
64056, 509083513, 0, 0
65035, 501332936, 0, 0
66046, 486718747, 0, 0
67057, 502214786, 0, 0
68036, 492093554, 0, 0
69058, 487460208, 0, 0
70061, 538822248, 0, 0
71065, 503559109, 0, 0
72026, 507295853, 0, 0
73040, 521030097, 0, 0
74060, 480506200, 0, 0
75032, 464574625, 0, 0
76025, 520709751, 0, 0
77010, 496921917, 0, 0
78045, 490489921, 0, 0
79059, 523750768, 0, 0
80065, 528110718, 0, 0
81053, 498284183, 0, 0
82009, 508815432, 0, 0
83017, 528762430, 0, 0
84019, 481558095, 0, 0
85022, 508564034, 0, 0
86040, 505637916, 0, 0
87045, 497322023, 0, 0
88018, 478644852, 0, 0
89056, 485445692, 0, 0
90031, 504515630, 0, 0
91024, 494678181, 0, 0
92057, 486930186, 0, 0
93051, 471415843, 0, 0
94018, 497156128, 0, 0
95065, 480410272, 0, 0
96043, 516722531, 0, 0
97023, 484907266, 0, 0
98052, 506554243, 0, 0
99057, 489757412, 0, 0
100005, 516295351, 0, 0
101022, 472403336, 0, 0
102005, 490976874, 0, 0
103035, 480338137, 0, 0
104043, 494082014, 0, 0
105023, 518416274, 0, 0
106029, 488299000, 0, 0
107051, 496259067, 0, 0
108033, 495996931, 0, 0
109005, 475708036, 0, 0
110020, 505811462, 0, 0
111041, 496241345, 0, 0
112001, 476623913, 0, 0
113008, 499076520, 0, 0
114039, 480908835, 0, 0
115045, 467784428, 0, 0
116018, 467533240, 0, 0
117047, 469158354, 0, 0
118038, 491583547, 0, 0
119034, 489539558, 0, 0
120019, 476342250, 0, 0
121024, 464133389, 0, 0
122068, 477473536, 0, 0
123020, 487145501, 0, 0
124056, 480053437, 0, 0
125061, 464069312, 0, 0
126051, 466684308, 0, 0
127008, 473117816, 0, 0
128030, 474028226, 0, 0
129043, 456549278, 0, 0
130019, 462353842, 0, 0
131048, 495501433, 0, 0
132033, 497869443, 0, 0
133033, 479011423, 0, 0
134048, 467168204, 0, 0
135047, 496104060, 0, 0
136038, 489420462, 0, 0
137017, 501687253, 0, 0
138010, 478217001, 0, 0
139007, 487450709, 0, 0
140059, 517332215, 0, 0
141057, 490948482, 0, 0
142022, 493806929, 0, 0
143013, 501602101, 0, 0
144050, 447512932, 0, 0
145004, 508219096, 0, 0
146001, 462840577, 0, 0
147006, 481920062, 0, 0
148051, 487285883, 0, 0
149054, 477239892, 0, 0
150033, 494728677, 0, 0
151061, 484566016, 0, 0
152021, 470021467, 0, 0
153012, 426871460, 0, 0
154004, 492171415, 0, 0
155045, 466068723, 0, 0
156036, 455351580, 0, 0
157059, 451007962, 0, 0
158001, 482306759, 0, 0
159043, 438022089, 0, 0
160051, 453191680, 0, 0
161013, 475597025, 0, 0
162003, 477829530, 0, 0
163003, 455186804, 0, 0
164013, 475319026, 0, 0
165024, 473621796, 0, 0
166034, 462228267, 0, 0
167019, 468010181, 0, 0
168042, 461417387, 0, 0
169017, 450991063, 0, 0
170031, 468134674, 0, 0
171015, 471776061, 0, 0
172006, 457876746, 0, 0
173052, 478705697, 0, 0
174045, 461157735, 0, 0
175029, 506142157, 0, 0
176019, 474814895, 0, 0
177063, 445040641, 0, 0
178060, 451942652, 0, 0
179035, 454560375, 0, 0
180040, 458823500, 0, 0
181027, 485564900, 0, 0
182056, 448900515, 0, 0
183035, 451801053, 0, 0
184003, 465294066, 0, 0
185062, 476177627, 0, 0
186066, 491167808, 0, 0
187025, 487905888, 0, 0
188042, 462237096, 0, 0
189000, 467819411, 0, 0
190043, 494286628, 0, 0
191010, 480921441, 0, 0
192053, 480678089, 0, 0
193055, 454486600, 0, 0
194053, 442258463, 0, 0
195001, 464756976, 0, 0
196060, 457592150, 0, 0
197038, 453512996, 0, 0
198004, 472029147, 0, 0
199000, 425509402, 0, 0
200016, 465321950, 0, 0
201030, 515783413, 0, 0
202050, 477254506, 0, 0
203047, 460680869, 0, 0
204023, 472464905, 0, 0
205018, 440334799, 0, 0
206013, 485587153, 0, 0
207004, 474447760, 0, 0
208042, 472066930, 0, 0
209012, 474379165, 0, 0
210058, 452615071, 0, 0
211029, 464795221, 0, 0
212029, 487877174, 0, 0
213031, 435195286, 0, 0
214056, 441785522, 0, 0
215005, 452927626, 0, 0
216029, 433520524, 0, 0
217066, 466736429, 0, 0
218059, 468093966, 0, 0
219005, 448949164, 0, 0
220029, 461028782, 0, 0
221065, 441213563, 0, 0
222006, 415986598, 0, 0
223072, 455023963, 0, 0
224056, 437383431, 0, 0
225009, 457775501, 0, 0
226042, 447862872, 0, 0
227050, 470460100, 0, 0
228007, 446494988, 0, 0
229023, 433323201, 0, 0
230014, 445373334, 0, 0
231050, 459221297, 0, 0
232028, 405536461, 0, 0
233022, 446633162, 0, 0
234020, 472447683, 0, 0
235039, 432437000, 0, 0
236032, 452828595, 0, 0
237062, 442522912, 0, 0
238061, 437929907, 0, 0
239028, 437988885, 0, 0
240024, 440712010, 0, 0
241036, 422849736, 0, 0
242067, 434790303, 0, 0
243033, 484162077, 0, 0
244056, 454311407, 0, 0
245032, 443381796, 0, 0
246021, 449530967, 0, 0
247031, 468960814, 0, 0
248030, 488320073, 0, 0
249045, 477488944, 0, 0
250057, 481714565, 0, 0
251065, 477611533, 0, 0
252020, 442442196, 0, 0
253056, 412234200, 0, 0
254030, 436590637, 0, 0
255027, 443666449, 0, 0
256061, 416411754, 0, 0
257049, 409935946, 0, 0
258068, 429098988, 0, 0
259043, 428278555, 0, 0
260020, 431249086, 0, 0
261003, 455681329, 0, 0
262076, 442866694, 0, 0
263019, 430193669, 0, 0
264042, 425965128, 0, 0
265003, 431547401, 0, 0
266072, 440737243, 0, 0
267026, 472813305, 0, 0
268055, 397831817, 0, 0
269022, 443656862, 0, 0
270043, 457296011, 0, 0
271056, 431663034, 0, 0
272031, 424578289, 0, 0
273047, 479425105, 0, 0
274026, 431667266, 0, 0
275056, 379051489, 0, 0
276023, 442018749, 0, 0
277060, 437739574, 0, 0
278007, 436370759, 0, 0
279030, 428773911, 0, 0
280005, 436199149, 0, 0
281021, 419419426, 0, 0
282000, 424661825, 0, 0
283044, 453593466, 0, 0
284010, 431869991, 0, 0
285011, 467937924, 0, 0
286012, 436348354, 0, 0
287044, 458221066, 0, 0
288059, 447898153, 0, 0
289048, 419194394, 0, 0
290004, 441280839, 0, 0
291070, 417916505, 0, 0
292042, 443507910, 0, 0
293012, 451037298, 0, 0
294008, 452646695, 0, 0
295056, 409014826, 0, 0
296061, 420242922, 0, 0
297031, 435483654, 0, 0
298004, 426808378, 0, 0
299016, 416428381, 0, 0
300039, 418046247, 0, 0
301019, 424565137, 0, 0
302007, 445916224, 0, 0
303052, 431806542, 0, 0
304050, 453108728, 0, 0
305023, 431849292, 0, 0
306006, 405340804, 0, 0
307026, 433948490, 0, 0
308044, 427398847, 0, 0
309000, 409953774, 0, 0
310022, 415014882, 0, 0
311037, 413527497, 0, 0
312049, 443417439, 0, 0
313028, 423035869, 0, 0
314030, 441101629, 0, 0
315061, 416196383, 0, 0
316046, 361563833, 0, 0
317039, 418391212, 0, 0
318035, 435276985, 0, 0
319017, 456224188, 0, 0
320041, 416615716, 0, 0
321024, 455317516, 0, 0
322000, 456641161, 0, 0
323038, 434954374, 0, 0
324038, 450763770, 0, 0
325039, 435262574, 0, 0
326018, 399434265, 0, 0
327054, 409853796, 0, 0
328024, 442098104, 0, 0
329034, 398583033, 0, 0
330026, 453045643, 0, 0
331050, 369398580, 0, 0
332073, 431611237, 0, 0
333032, 423142444, 0, 0
334044, 403350104, 0, 0
335005, 421075913, 0, 0
336024, 433592335, 0, 0
337005, 403360942, 0, 0
338036, 434448567, 0, 0
339005, 446116775, 0, 0
340042, 426838244, 0, 0
341058, 432469209, 0, 0
342025, 404751526, 0, 0
343005, 393279994, 0, 0
344031, 411056193, 0, 0
345011, 417830366, 0, 0
346025, 403869298, 0, 0
347007, 417829009, 0, 0
348008, 411853222, 0, 0
349019, 435318646, 0, 0
350028, 406084215, 0, 0
351023, 435414243, 0, 0
352036, 380262766, 0, 0
353033, 425029098, 0, 0
354036, 454432821, 0, 0
355056, 410787900, 0, 0
356021, 395324572, 0, 0
357023, 388533014, 0, 0
358061, 370263195, 0, 0
359051, 415437290, 0, 0
360011, 414114639, 0, 0
361026, 381550448, 0, 0
362017, 404581360, 0, 0
363050, 436328141, 0, 0
364046, 405519823, 0, 0
365066, 400928524, 0, 0
366000, 417225885, 0, 0
367075, 423825923, 0, 0
368050, 426962378, 0, 0
369001, 389389366, 0, 0
370028, 431701260, 0, 0
371042, 411849146, 0, 0
372029, 403138001, 0, 0
373000, 401600134, 0, 0
374051, 423326989, 0, 0
375002, 388235806, 0, 0
376018, 384676876, 0, 0
377051, 391065450, 0, 0
378051, 372712449, 0, 0
379069, 394152200, 0, 0
380062, 399271205, 0, 0
381059, 401229556, 0, 0
382052, 444651304, 0, 0
383033, 426863640, 0, 0
384061, 426491882, 0, 0
385027, 414800929, 0, 0
386026, 382584808, 0, 0
387004, 423434581, 0, 0
388033, 397322948, 0, 0
389032, 388981754, 0, 0
390054, 414048574, 0, 0
391052, 420473900, 0, 0
392041, 402567604, 0, 0
393003, 396966785, 0, 0
394045, 415124447, 0, 0
395064, 406971923, 0, 0
396029, 398056445, 0, 0
397015, 399732731, 0, 0
398047, 396178763, 0, 0
399019, 385512922, 0, 0
400002, 404226637, 0, 0
401047, 473788044, 0, 0
402039, 419744350, 0, 0
403012, 377086251, 0, 0
404054, 410939275, 0, 0
405004, 393992352, 0, 0
406058, 383416431, 0, 0
407001, 421089529, 0, 0
408014, 401899317, 0, 0
409038, 414411789, 0, 0
410005, 404711029, 0, 0
411034, 405817938, 0, 0
412003, 408466519, 0, 0
413005, 407138351, 0, 0
414018, 451145139, 0, 0
415052, 395478469, 0, 0
416028, 398519334, 0, 0
417030, 400641653, 0, 0
418053, 376245087, 0, 0
419013, 380621140, 0, 0
420031, 384666236, 0, 0
421039, 413594328, 0, 0
422071, 382445096, 0, 0
423045, 381538680, 0, 0
424018, 378127733, 0, 0
425005, 416797322, 0, 0
426047, 384615971, 0, 0
427019, 409874288, 0, 0
428008, 394207357, 0, 0
429016, 374240317, 0, 0
430031, 389468548, 0, 0
431008, 374902971, 0, 0
432009, 420270701, 0, 0
433003, 406528709, 0, 0
434034, 414412987, 0, 0
435042, 412155214, 0, 0
436011, 375254572, 0, 0
437002, 413543126, 0, 0
438013, 420559673, 0, 0
439030, 368169700, 0, 0
440007, 363396504, 0, 0
441017, 395682222, 0, 0
442010, 404378616, 0, 0
443039, 403699349, 0, 0
444010, 387285701, 0, 0
445012, 387830646, 0, 0
446026, 426784101, 0, 0
447007, 366450458, 0, 0
448033, 366142367, 0, 0
449038, 404512112, 0, 0
450062, 420742237, 0, 0
451033, 404440632, 0, 0
452055, 390246536, 0, 0
453009, 374531321, 0, 0
454053, 396147786, 0, 0
455018, 373560203, 0, 0
456047, 391794088, 0, 0
457060, 352046593, 0, 0
458008, 370554754, 0, 0
459027, 395345087, 0, 0
460055, 378980982, 0, 0
461049, 392259857, 0, 0
462060, 405304939, 0, 0
463054, 381466618, 0, 0
464008, 373128824, 0, 0
465062, 362807318, 0, 0
466039, 406811279, 0, 0
467046, 373795782, 0, 0
468021, 392656261, 0, 0
469000, 378708125, 0, 0
470040, 376746531, 0, 0
471060, 384167072, 0, 0
472062, 385814387, 0, 0
473051, 391020551, 0, 0
474010, 389646918, 0, 0
475042, 385957944, 0, 0
476035, 364834360, 0, 0
477052, 360238967, 0, 0
478042, 397597478, 0, 0
479023, 379988655, 0, 0
480046, 385773134, 0, 0
481062, 390074759, 0, 0
482004, 386025796, 0, 0
483017, 365627379, 0, 0
484062, 365133898, 0, 0
485020, 348972901, 0, 0
486031, 337758124, 0, 0
487046, 378882946, 0, 0
488000, 329273539, 0, 0
489047, 376663712, 0, 0
490036, 401234936, 0, 0
491060, 379676752, 0, 0
492022, 360728967, 0, 0
493052, 395246722, 0, 0
494042, 371386542, 0, 0
495015, 423273970, 0, 0
496043, 417576177, 0, 0
497036, 353973627, 0, 0
498041, 333813498, 0, 0
499033, 362730821, 0, 0
500055, 373250080, 0, 0
501025, 340534379, 0, 0
502032, 383066190, 0, 0
503013, 401081465, 0, 0
504022, 376996616, 0, 0
505001, 386505464, 0, 0
506017, 358636341, 0, 0
507045, 362710989, 0, 0
508006, 355599317, 0, 0
509060, 380122438, 0, 0
510027, 402979249, 0, 0
511015, 380933813, 0, 0
512029, 341108958, 0, 0
513007, 389406366, 0, 0
514032, 390568163, 0, 0
515053, 387956570, 0, 0
516005, 348182047, 0, 0
517108, 421800072, 0, 0
518036, 383210618, 0, 0
519016, 364461401, 0, 0
520043, 370550048, 0, 0
521037, 371839780, 0, 0
522014, 331496394, 0, 0
523026, 358456734, 0, 0
524045, 331854978, 0, 0
525023, 347447464, 0, 0
526050, 385348833, 0, 0
527015, 350929842, 0, 0
528004, 352219841, 0, 0
529022, 340667960, 0, 0
530039, 372806785, 0, 0
531019, 390448013, 0, 0
532043, 348528314, 0, 0
533062, 375258980, 0, 0
534034, 371979789, 0, 0
535062, 388983986, 0, 0
536022, 315809055, 0, 0
537064, 362298799, 0, 0
538029, 353750747, 0, 0
539008, 350061800, 0, 0
540020, 347857105, 0, 0
541025, 348866907, 0, 0
542057, 329232596, 0, 0
543014, 322343597, 0, 0
544038, 344066656, 0, 0
545070, 397531054, 0, 0
546064, 358668442, 0, 0
547050, 339466728, 0, 0
548034, 334051129, 0, 0
549066, 352022314, 0, 0
550006, 413773263, 0, 0
551031, 366960387, 0, 0
552041, 360657500, 0, 0
553013, 387397083, 0, 0
554071, 350688527, 0, 0
555035, 373240500, 0, 0
556047, 392534793, 0, 0
557009, 330944571, 0, 0
558061, 358394323, 0, 0
559063, 373019490, 0, 0
560031, 366550977, 0, 0
561036, 342806572, 0, 0
562062, 361615976, 0, 0
563023, 351330936, 0, 0
564054, 352927271, 0, 0
565058, 336264564, 0, 0
566005, 349810020, 0, 0
567022, 371162835, 0, 0
568008, 347135108, 0, 0
569008, 358185878, 0, 0
570042, 376224171, 0, 0
571062, 350282016, 0, 0
572063, 363428779, 0, 0
573000, 349882139, 0, 0
574059, 338881474, 0, 0
575016, 362371570, 0, 0
576057, 360866620, 0, 0
577022, 354606676, 0, 0
578013, 353616028, 0, 0
579060, 346757662, 0, 0
580000, 391297433, 0, 0
581033, 321163830, 0, 0
582030, 350055209, 0, 0
583028, 371692195, 0, 0
584041, 352477506, 0, 0
585015, 336057343, 0, 0
586017, 348378742, 0, 0
587049, 329106544, 0, 0
588058, 372464701, 0, 0
589028, 337536106, 0, 0
590038, 343623194, 0, 0
591000, 361934714, 0, 0
592042, 334318344, 0, 0
593069, 351825754, 0, 0
594046, 369498832, 0, 0
595033, 335170157, 0, 0
596013, 394166465, 0, 0
597033, 331383217, 0, 0
598059, 346005041, 0, 0
599037, 311800929, 0, 0
600017, 357274550, 0, 0
601020, 312096569, 0, 0
602065, 347014757, 0, 0
603044, 340419850, 0, 0
604003, 333150370, 0, 0
605001, 328800154, 0, 0
606019, 335037315, 0, 0
607004, 323465963, 0, 0
608039, 317888426, 0, 0
609058, 307479707, 0, 0
610027, 341790314, 0, 0
611053, 347193349, 0, 0
612038, 328669244, 0, 0
613020, 339366872, 0, 0
614038, 330900062, 0, 0
615061, 315226787, 0, 0
616037, 357189722, 0, 0
617084, 312912951, 0, 0
618052, 347848418, 0, 0
619055, 330057691, 0, 0
620023, 296209910, 0, 0
621003, 313331434, 0, 0
622024, 338700213, 0, 0
623004, 344677507, 0, 0
624045, 333409597, 0, 0
625044, 323101061, 0, 0
626005, 332638062, 0, 0
627058, 347554699, 0, 0
628050, 385795192, 0, 0
629027, 307336225, 0, 0
630050, 321792642, 0, 0
631049, 307125673, 0, 0
632040, 332736756, 0, 0
633008, 333044362, 0, 0
634070, 322309216, 0, 0
635032, 361569660, 0, 0
636014, 338499481, 0, 0
637008, 325646289, 0, 0
638055, 307139673, 0, 0
639023, 345869334, 0, 0
640021, 317125011, 0, 0
641060, 303789077, 0, 0
642012, 320994244, 0, 0
643031, 324250091, 0, 0
644004, 319224677, 0, 0
645003, 374973289, 0, 0
646044, 338072237, 0, 0
647017, 308549255, 0, 0
648044, 340512076, 0, 0
649008, 329185438, 0, 0
650050, 310918410, 0, 0
651057, 309414433, 0, 0
652042, 321080949, 0, 0
653035, 337155063, 0, 0
654012, 350275982, 0, 0
655058, 320699292, 0, 0
656017, 339064341, 0, 0
657056, 333028056, 0, 0
658002, 351942951, 0, 0
659011, 294911595, 0, 0
660023, 332747344, 0, 0
661045, 336061115, 0, 0
662044, 353898523, 0, 0
663009, 303508847, 0, 0
664034, 336930203, 0, 0
665051, 304838322, 0, 0
666031, 320286883, 0, 0
667009, 324299566, 0, 0
668056, 311408321, 0, 0
669049, 322398013, 0, 0
670050, 317130367, 0, 0
671032, 290846732, 0, 0
672038, 365144526, 0, 0
673034, 328411087, 0, 0
674009, 285911682, 0, 0
675022, 341877113, 0, 0
676034, 326730442, 0, 0
677044, 288129513, 0, 0
678003, 294286033, 0, 0
679041, 297355341, 0, 0
680052, 278853822, 0, 0
681013, 344128481, 0, 0
682047, 299966561, 0, 0
683049, 304565997, 0, 0
684024, 337372348, 0, 0
685000, 316256300, 0, 0
686044, 311790250, 0, 0
687002, 331029102, 0, 0
688057, 319630176, 0, 0
689020, 315721309, 0, 0
690047, 303025769, 0, 0
691013, 302905677, 0, 0
692041, 280621223, 0, 0
693015, 325515353, 0, 0
694053, 311456454, 0, 0
695065, 320028899, 0, 0
696008, 322822801, 0, 0
697001, 322455280, 0, 0
698042, 295268739, 0, 0
699034, 293178243, 0, 0
700029, 329900824, 0, 0
701050, 330727456, 0, 0
702034, 319367818, 0, 0
703005, 286233150, 0, 0
704025, 307986083, 0, 0
705042, 341204598, 0, 0
706021, 316911612, 0, 0
707007, 334997641, 0, 0
708028, 319351615, 0, 0
709019, 312440174, 0, 0
710019, 341892408, 0, 0
711046, 346261708, 0, 0
712009, 327123478, 0, 0
713000, 285053177, 0, 0
714007, 358863275, 0, 0
715000, 332319075, 0, 0
716040, 311675538, 0, 0
717020, 327288831, 0, 0
718002, 317745322, 0, 0
719020, 302730523, 0, 0
720053, 313804175, 0, 0
721001, 302581718, 0, 0
722042, 320905943, 0, 0
723017, 294942378, 0, 0
724054, 303682194, 0, 0
725013, 279906144, 0, 0
726051, 298663563, 0, 0
727039, 314690958, 0, 0
728011, 361962419, 0, 0
729017, 334907956, 0, 0
730048, 267217618, 0, 0
731004, 300729799, 0, 0
732049, 292932736, 0, 0
733020, 347143338, 0, 0
734001, 302506044, 0, 0
735046, 305373342, 0, 0
736057, 315145819, 0, 0
737047, 294084741, 0, 0
738049, 308532397, 0, 0
739072, 295689277, 0, 0
740049, 326441341, 0, 0
741001, 317837556, 0, 0
742011, 314261623, 0, 0
743060, 325666046, 0, 0
744025, 281514590, 0, 0
745061, 312030952, 0, 0
746035, 302704927, 0, 0
747056, 319571867, 0, 0
748043, 301555863, 0, 0
749059, 275070913, 0, 0
750006, 291127185, 0, 0
751003, 301874895, 0, 0
752045, 303566827, 0, 0
753059, 303239539, 0, 0
754034, 300222135, 0, 0
755027, 312964090, 0, 0
756076, 354508716, 0, 0
757051, 344661249, 0, 0
758003, 327117137, 0, 0
759010, 303722293, 0, 0
760045, 316383182, 0, 0
761029, 325888817, 0, 0
762017, 295216615, 0, 0
763044, 325523719, 0, 0
764014, 326395985, 0, 0
765003, 327693395, 0, 0
766030, 284951672, 0, 0
767060, 319833087, 0, 0
768053, 321690993, 0, 0
769045, 322947614, 0, 0
770027, 323068524, 0, 0
771055, 287716276, 0, 0
772047, 301591094, 0, 0
773000, 309345291, 0, 0
774057, 311610220, 0, 0
775008, 313483078, 0, 0
776033, 293059304, 0, 0
777005, 321459103, 0, 0
778039, 306844234, 0, 0
779009, 285342843, 0, 0
780031, 307858149, 0, 0
781061, 289097836, 0, 0
782002, 284829065, 0, 0
783008, 324450806, 0, 0
784022, 300828106, 0, 0
785048, 293384801, 0, 0
786018, 318094021, 0, 0
787049, 343153156, 0, 0
788045, 331973587, 0, 0
789039, 319642599, 0, 0
790057, 294328347, 0, 0
791016, 273465875, 0, 0
792037, 289684063, 0, 0
793035, 322805223, 0, 0
794069, 278121226, 0, 0
795043, 322678811, 0, 0
796000, 311194566, 0, 0
797016, 290225568, 0, 0
798044, 300688916, 0, 0
799037, 307655987, 0, 0
800018, 309953963, 0, 0
801053, 316573568, 0, 0
802028, 291659137, 0, 0
803014, 327136720, 0, 0
804017, 325336376, 0, 0
805041, 298636980, 0, 0
806025, 316295534, 0, 0
807068, 309837432, 0, 0
808064, 315877377, 0, 0
809007, 308056177, 0, 0
810029, 315549017, 0, 0
811033, 301498849, 0, 0
812073, 314896508, 0, 0
813055, 293294663, 0, 0
814051, 268415725, 0, 0
815025, 313032452, 0, 0
816011, 304393686, 0, 0
817038, 279983742, 0, 0
818010, 293098921, 0, 0
819050, 293042245, 0, 0
820036, 296794268, 0, 0
821016, 296486477, 0, 0
822015, 308436531, 0, 0
823042, 313104742, 0, 0
824053, 354846780, 0, 0
825039, 279523262, 0, 0
826013, 318319510, 0, 0
827002, 315054655, 0, 0
828041, 314809166, 0, 0
829002, 306167221, 0, 0
830043, 309893566, 0, 0
831031, 300585417, 0, 0
832054, 298383835, 0, 0
833053, 322217813, 0, 0
834019, 295284341, 0, 0
835006, 352123258, 0, 0
836013, 320681367, 0, 0
837065, 320815136, 0, 0
838053, 325448268, 0, 0
839009, 290232962, 0, 0
840011, 314659430, 0, 0
841043, 293288669, 0, 0
842050, 312197138, 0, 0
843041, 300716779, 0, 0
844019, 326235368, 0, 0
845030, 348888220, 0, 0
846030, 318404761, 0, 0
847015, 288752031, 0, 0
848027, 319386273, 0, 0
849007, 314821993, 0, 0
850050, 301258356, 0, 0
851019, 292964094, 0, 0
852008, 318520610, 0, 0
853030, 305309479, 0, 0
854003, 269863617, 0, 0
855057, 283809545, 0, 0
856006, 310995434, 0, 0
857008, 369677614, 0, 0
858022, 285794121, 0, 0
859056, 323405416, 0, 0
860021, 307738486, 0, 0
861052, 306895898, 0, 0
862009, 315673009, 0, 0
863013, 325021036, 0, 0
864015, 320295899, 0, 0
865005, 298454679, 0, 0
866026, 284426886, 0, 0
867049, 308820204, 0, 0
868034, 281671347, 0, 0
869039, 279002138, 0, 0
870074, 285282310, 0, 0
871015, 304812520, 0, 0
872054, 333316097, 0, 0
873046, 307358704, 0, 0
874013, 307620001, 0, 0
875035, 284568243, 0, 0
876004, 294641604, 0, 0
877006, 276364304, 0, 0
878031, 301658069, 0, 0
879046, 299588693, 0, 0
880030, 317467888, 0, 0
881057, 305886978, 0, 0
882031, 313375235, 0, 0
883010, 299314212, 0, 0
884054, 358181858, 0, 0
885030, 292302265, 0, 0
886065, 338325564, 0, 0
887047, 347866613, 0, 0
888006, 316777118, 0, 0
889033, 328436976, 0, 0
890011, 324288502, 0, 0
891036, 345883404, 0, 0
892000, 319507998, 0, 0
893015, 319696642, 0, 0
894057, 313512656, 0, 0
895049, 281371527, 0, 0
896008, 331167175, 0, 0
897044, 299404879, 0, 0
898057, 313105766, 0, 0
899019, 305536380, 0, 0
900034, 324596950, 0, 0
901026, 316544673, 0, 0
902050, 287054184, 0, 0
903011, 320640992, 0, 0
904007, 300644722, 0, 0
905019, 302690319, 0, 0
906069, 313220038, 0, 0
907037, 303497198, 0, 0
908048, 299235486, 0, 0
909072, 286300698, 0, 0
910045, 307036025, 0, 0
911030, 328126087, 0, 0
912003, 315403642, 0, 0
913042, 293757875, 0, 0
914028, 328369968, 0, 0
915008, 293539377, 0, 0
916076, 314454382, 0, 0
917027, 318149825, 0, 0
918055, 314343541, 0, 0
919057, 343499770, 0, 0
920026, 292835048, 0, 0
921016, 312985340, 0, 0
922036, 327357265, 0, 0
923005, 312177446, 0, 0
924054, 321560045, 0, 0
925050, 316033888, 0, 0
926037, 340667844, 0, 0
927027, 298375154, 0, 0
928031, 281926550, 0, 0
929002, 324499797, 0, 0
930017, 290483832, 0, 0
931052, 302731089, 0, 0
932033, 303747344, 0, 0
933029, 303466056, 0, 0
934043, 279795026, 0, 0
935004, 302246939, 0, 0
936021, 311272960, 0, 0
937019, 316618112, 0, 0
938001, 333289081, 0, 0
939026, 340791425, 0, 0
940036, 319330496, 0, 0
941042, 305599947, 0, 0
942023, 317615485, 0, 0
943051, 332440042, 0, 0
944014, 323332502, 0, 0
945015, 287197244, 0, 0
946026, 292233915, 0, 0
947052, 299626703, 0, 0
948008, 306141520, 0, 0
949006, 315086573, 0, 0
950024, 316167293, 0, 0
951044, 290473766, 0, 0
952062, 315748912, 0, 0
953015, 342467607, 0, 0
954030, 305017116, 0, 0
955013, 274734509, 0, 0
956038, 292943507, 0, 0
957061, 326358235, 0, 0
958055, 306217764, 0, 0
959056, 306392978, 0, 0
960039, 327695944, 0, 0
961024, 327578772, 0, 0
962013, 305479924, 0, 0
963031, 296518844, 0, 0
964007, 348758931, 0, 0
965007, 300782705, 0, 0
966052, 311771500, 0, 0
967044, 341014163, 0, 0
968016, 337934126, 0, 0
969012, 283675342, 0, 0
970045, 307107548, 0, 0
971038, 346209432, 0, 0
972061, 272739821, 0, 0
973025, 336287665, 0, 0
974052, 329972532, 0, 0
975042, 330851868, 0, 0
976034, 292041850, 0, 0
977045, 286753321, 0, 0
978024, 305900468, 0, 0
979022, 321537202, 0, 0
980029, 337119464, 0, 0
981004, 285153410, 0, 0
982023, 333287715, 0, 0
983016, 288491417, 0, 0
984033, 337126101, 0, 0
985002, 307228265, 0, 0
986025, 272005952, 0, 0
987056, 310655067, 0, 0
988024, 303054211, 0, 0
989035, 364697759, 0, 0
990010, 265477386, 0, 0
991055, 322428936, 0, 0
992035, 316972061, 0, 0
993023, 300648298, 0, 0
994051, 309770160, 0, 0
995029, 309418828, 0, 0
996000, 328048152, 0, 0
997061, 295472195, 0, 0
998023, 313985042, 0, 0
999031, 323454781, 0, 0
1000027, 286870005, 0, 0
1001045, 287335402, 0, 0
1002017, 316709808, 0, 0
1003026, 339139308, 0, 0
1004015, 324904100, 0, 0
1005012, 287395839, 0, 0
1006023, 310794380, 0, 0
1007036, 334029518, 0, 0
1008047, 292665120, 0, 0
1009001, 342312217, 0, 0
1010064, 343398779, 0, 0
1011027, 326878489, 0, 0
1012049, 298284048, 0, 0
1013030, 297955098, 0, 0
1014003, 301581850, 0, 0
1015034, 314212480, 0, 0
1016042, 274831507, 0, 0
1017024, 326605218, 0, 0
1018032, 295428027, 0, 0
1019021, 301582336, 0, 0
1020000, 323509786, 0, 0
1021007, 307106680, 0, 0
1022066, 317903120, 0, 0
1023021, 286094908, 0, 0
1024032, 312510786, 0, 0
1025036, 303486888, 0, 0
1026044, 290061567, 0, 0
1027043, 274430201, 0, 0
1028042, 311629448, 0, 0
1029048, 307149540, 0, 0
1030015, 300762234, 0, 0
1031038, 280019093, 0, 0
1032036, 310004405, 0, 0
1033047, 311664853, 0, 0
1034051, 323025061, 0, 0
1035057, 341711568, 0, 0
1036052, 278448252, 0, 0
1037018, 322313112, 0, 0
1038059, 302856549, 0, 0
1039051, 313263920, 0, 0
1040013, 300116634, 0, 0
1041058, 305187420, 0, 0
1042020, 301895655, 0, 0
1043065, 316423369, 0, 0
1044054, 322786550, 0, 0
1045024, 299352093, 0, 0
1046043, 274105975, 0, 0
1047040, 303013692, 0, 0
1048001, 293957433, 0, 0
1049046, 314689105, 0, 0
1050041, 303969487, 0, 0
1051009, 314027286, 0, 0
1052040, 302643270, 0, 0
1053016, 301727941, 0, 0
1054005, 345579393, 0, 0
1055020, 280133539, 0, 0
1056038, 288826359, 0, 0
1057020, 319779088, 0, 0
1058060, 299536747, 0, 0
1059021, 312115200, 0, 0
1060033, 304542516, 0, 0
1061030, 318152479, 0, 0
1062047, 341706906, 0, 0
1063003, 322305257, 0, 0
1064020, 304628352, 0, 0
1065019, 287038598, 0, 0
1066011, 293432549, 0, 0
1067016, 340087139, 0, 0
1068018, 303438425, 0, 0
1069024, 312894174, 0, 0
1070059, 311653726, 0, 0
1071012, 323452685, 0, 0
1072041, 295074492, 0, 0
1073044, 290686992, 0, 0
1074054, 338854146, 0, 0
1075036, 303501149, 0, 0
1076020, 342304735, 0, 0
1077056, 283442808, 0, 0
1078049, 302221931, 0, 0
1079010, 310289742, 0, 0
1080044, 316088436, 0, 0
1081068, 316325774, 0, 0
1082033, 342785847, 0, 0
1083034, 330489684, 0, 0
1084037, 307304554, 0, 0
1085054, 331738836, 0, 0
1086000, 319531618, 0, 0
1087045, 305494376, 0, 0
1088000, 344290270, 0, 0
1089047, 327751542, 0, 0
1090000, 290664531, 0, 0
1091049, 311427332, 0, 0
1092007, 314579616, 0, 0
1093021, 291527842, 0, 0
1094043, 308666467, 0, 0
1095015, 303627295, 0, 0
1096040, 337981307, 0, 0
1097023, 313206475, 0, 0
1098014, 307676450, 0, 0
1099033, 315051666, 0, 0
1100022, 306856631, 0, 0
1101031, 324058821, 0, 0
1102039, 322889883, 0, 0
1103023, 328574113, 0, 0
1104006, 302266928, 0, 0
1105053, 332266961, 0, 0
1106031, 258927832, 0, 0
1107033, 281357752, 0, 0
1108055, 284968661, 0, 0
1109033, 266841501, 0, 0
1110047, 312344727, 0, 0
1111008, 355094418, 0, 0
1112033, 308329281, 0, 0
1113029, 319573053, 0, 0
1114019, 316354863, 0, 0
1115013, 368322247, 0, 0
1116050, 304145525, 0, 0
1117024, 325659915, 0, 0
1118021, 297971326, 0, 0
1119027, 335195004, 0, 0
1120060, 325833872, 0, 0
1121002, 356820198, 0, 0
1122006, 325219376, 0, 0
1123063, 317921641, 0, 0
1124035, 302863076, 0, 0
1125049, 288702379, 0, 0
1126059, 330670392, 0, 0
1127004, 315687461, 0, 0
1128037, 311351541, 0, 0
1129061, 308920751, 0, 0
1130069, 319209005, 0, 0
1131069, 309698121, 0, 0
1132033, 344196422, 0, 0
1133049, 298056977, 0, 0
1134021, 298070540, 0, 0
1135011, 325308192, 0, 0
1136000, 331942348, 0, 0
1137014, 296139514, 0, 0
1138031, 255534761, 0, 0
1139010, 331006550, 0, 0
1140028, 314608827, 0, 0
1141054, 279477098, 0, 0
1142034, 314410544, 0, 0
1143001, 267996536, 0, 0
1144062, 297515298, 0, 0
1145025, 298773419, 0, 0
1146068, 318566874, 0, 0
1147037, 289474440, 0, 0
1148054, 315263782, 0, 0
1149025, 331036598, 0, 0
1150016, 295312706, 0, 0
1151006, 294584977, 0, 0
1152029, 273210141, 0, 0
1153043, 308223937, 0, 0
1154038, 314359696, 0, 0
1155022, 321783110, 0, 0
1156009, 338508793, 0, 0
1157028, 297002019, 0, 0
1158035, 296686721, 0, 0
1159009, 317205079, 0, 0
1160023, 307902141, 0, 0
1161039, 287995633, 0, 0
1162024, 294302466, 0, 0
1163039, 296209249, 0, 0
1164020, 286664184, 0, 0
1165019, 302402318, 0, 0
1166057, 312325215, 0, 0
1167019, 336142984, 0, 0
1168030, 307913517, 0, 0
1169028, 331380569, 0, 0
1170005, 314159385, 0, 0
1171011, 330237748, 0, 0
1172044, 297403563, 0, 0
1173032, 307820196, 0, 0
1174026, 303210538, 0, 0
1175034, 329013729, 0, 0
1176074, 305153855, 0, 0
1177015, 308406029, 0, 0
1178033, 323471809, 0, 0
1179042, 332108975, 0, 0
1180020, 282995660, 0, 0
1181052, 286207617, 0, 0
1182032, 286211383, 0, 0
1183042, 307086689, 0, 0
1184061, 316347795, 0, 0
1185030, 310663404, 0, 0
1186021, 301367032, 0, 0
1187028, 324978110, 0, 0
1188046, 322541124, 0, 0
1189024, 301782568, 0, 0
1190051, 291259252, 0, 0
1191020, 326326937, 0, 0
1192016, 319267316, 0, 0
1193001, 327720025, 0, 0
1194070, 309024542, 0, 0
1195040, 304373361, 0, 0
1196028, 350320672, 0, 0
1197008, 339723749, 0, 0
1198020, 289865370, 0, 0
1199030, 261370407, 0, 0
1200048, 326451112, 0, 0
1201036, 309631906, 0, 0
1202023, 269599135, 0, 0
1203012, 343039820, 0, 0
1204026, 294656018, 0, 0
1205048, 315481120, 0, 0
1206008, 283938268, 0, 0
1207058, 334009266, 0, 0
1208016, 275825291, 0, 0
1209055, 338754973, 0, 0
1210001, 304731884, 0, 0
1211037, 312383954, 0, 0
1212053, 313230517, 0, 0
1213013, 283598426, 0, 0
1214003, 308831059, 0, 0
1215038, 293467086, 0, 0
1216030, 355545020, 0, 0
1217022, 341246546, 0, 0
1218053, 325561282, 0, 0
1219003, 303476539, 0, 0
1220049, 309221482, 0, 0
1221010, 309836836, 0, 0
1222017, 300515017, 0, 0
1223028, 322438275, 0, 0
1224021, 308823750, 0, 0
1225009, 307684271, 0, 0
1226007, 322089313, 0, 0
1227020, 328857345, 0, 0
1228034, 287563981, 0, 0
1229030, 332567937, 0, 0
1230033, 304973759, 0, 0
1231041, 311312532, 0, 0
1232019, 280642726, 0, 0
1233000, 298551226, 0, 0
1234024, 314640473, 0, 0
1235000, 301615306, 0, 0
1236025, 303164027, 0, 0
1237019, 323732134, 0, 0
1238021, 312985729, 0, 0
1239006, 302851735, 0, 0
1240015, 287009762, 0, 0
1241041, 300408745, 0, 0
1242025, 312873867, 0, 0
1243015, 295752845, 0, 0
1244037, 305558289, 0, 0
1245002, 290685219, 0, 0
1246050, 306136050, 0, 0
1247064, 329865471, 0, 0
1248042, 319235729, 0, 0
1249042, 300997486, 0, 0
1250003, 290190775, 0, 0
1251043, 320808980, 0, 0
1252015, 308386193, 0, 0
1253066, 325394168, 0, 0
1254019, 330821906, 0, 0
1255063, 267747067, 0, 0
1256047, 303379121, 0, 0
1257051, 321164256, 0, 0
1258025, 273363491, 0, 0
1259020, 285404990, 0, 0
1260030, 308403762, 0, 0
1261051, 325141665, 0, 0
1262012, 289291979, 0, 0
1263024, 339364066, 0, 0
1264065, 318300860, 0, 0
1265004, 335031255, 0, 0
1266034, 281056169, 0, 0
1267058, 308392782, 0, 0
1268014, 344638457, 0, 0
1269062, 333154142, 0, 0
1270020, 285987924, 0, 0
1271051, 273144949, 0, 0
1272003, 282227543, 0, 0
1273037, 310853557, 0, 0
1274063, 308160263, 0, 0
1275052, 287754639, 0, 0
1276023, 300038942, 0, 0
1277010, 330570659, 0, 0
1278015, 287418021, 0, 0
1279066, 337019038, 0, 0
1280032, 293418438, 0, 0
1281037, 296128100, 0, 0
1282007, 320022790, 0, 0
1283041, 311474288, 0, 0
1284000, 321134403, 0, 0
1285057, 329244815, 0, 0
1286003, 295320443, 0, 0
1287057, 321625229, 0, 0
1288046, 325431212, 0, 0
1289001, 301563147, 0, 0
1290021, 277051414, 0, 0
1291056, 338986927, 0, 0
1292046, 277798605, 0, 0
1293055, 342853963, 0, 0
1294036, 260662306, 0, 0
1295050, 311446737, 0, 0
1296022, 283825489, 0, 0
1297010, 326792953, 0, 0
1298047, 302981739, 0, 0
1299060, 291482839, 0, 0
1300032, 312840186, 0, 0
1301005, 328798765, 0, 0
1302041, 308065128, 0, 0
1303017, 294709051, 0, 0
1304049, 334308123, 0, 0
1305009, 322029292, 0, 0
1306039, 312569048, 0, 0
1307048, 303204590, 0, 0
1308051, 303490230, 0, 0
1309054, 300697112, 0, 0
1310025, 308442143, 0, 0
1311018, 281488356, 0, 0
1312012, 315695774, 0, 0
1313043, 337728329, 0, 0
1314018, 284115262, 0, 0
1315016, 321021850, 0, 0
1316016, 300936379, 0, 0
1317081, 310461102, 0, 0
1318053, 306048638, 0, 0
1319020, 315679088, 0, 0
1320066, 326218789, 0, 0
1321008, 303814843, 0, 0
1322056, 348687874, 0, 0
1323016, 297028849, 0, 0
1324038, 322780348, 0, 0
1325041, 308282890, 0, 0
1326008, 304480802, 0, 0
1327047, 337377736, 0, 0
1328061, 298048494, 0, 0
1329041, 284162500, 0, 0
1330056, 312325124, 0, 0
1331081, 326931111, 0, 0
1332006, 337180640, 0, 0
1333017, 327532627, 0, 0
1334035, 307436933, 0, 0
1335031, 316996579, 0, 0
1336037, 299994679, 0, 0
1337000, 277389774, 0, 0
1338051, 340525330, 0, 0
1339026, 309227402, 0, 0
1340057, 289466767, 0, 0
1341017, 327807112, 0, 0
1342034, 338895528, 0, 0
1343049, 306589071, 0, 0
1344014, 373689206, 0, 0
1345007, 284498026, 0, 0
1346057, 274369790, 0, 0
1347059, 309413193, 0, 0
1348041, 308009786, 0, 0
1349067, 315784915, 0, 0
1350027, 317420461, 0, 0
1351038, 301762638, 0, 0
1352033, 282598812, 0, 0
1353012, 318411048, 0, 0
1354039, 318711830, 0, 0
1355062, 296839450, 0, 0
1356064, 278051866, 0, 0
1357041, 324288097, 0, 0
1358037, 294905596, 0, 0
1359037, 273849124, 0, 0
1360032, 340347349, 0, 0
1361001, 337407874, 0, 0
1362029, 298446034, 0, 0
1363010, 308888756, 0, 0
1364025, 298886250, 0, 0
1365052, 321616079, 0, 0
1366034, 350300610, 0, 0
1367029, 297913677, 0, 0
1368047, 321342103, 0, 0
1369038, 363599358, 0, 0
1370057, 279744539, 0, 0
1371008, 301028184, 0, 0
1372051, 313480363, 0, 0
1373059, 305930822, 0, 0
1374001, 305571096, 0, 0
1375002, 295221176, 0, 0
1376027, 292354110, 0, 0
1377026, 336110686, 0, 0
1378042, 313552203, 0, 0
1379059, 330135918, 0, 0
1380017, 284168127, 0, 0
1381007, 321934537, 0, 0
1382040, 312649614, 0, 0
1383026, 306832323, 0, 0
1384012, 287122776, 0, 0
1385033, 293068409, 0, 0
1386016, 313461829, 0, 0
1387059, 296057673, 0, 0
1388065, 326754270, 0, 0
1389005, 266860890, 0, 0
1390062, 299527646, 0, 0
1391053, 309078886, 0, 0
1392032, 304254415, 0, 0
1393024, 301919182, 0, 0
1394041, 303890653, 0, 0
1395018, 308181467, 0, 0
1396025, 265005159, 0, 0
1397030, 295407227, 0, 0
1398006, 313835463, 0, 0
1399024, 277346329, 0, 0
1400020, 317884068, 0, 0
1401041, 305147035, 0, 0
1402034, 275751018, 0, 0
1403013, 303295446, 0, 0
1404041, 325845851, 0, 0
1405025, 325646269, 0, 0
1406038, 322809317, 0, 0
1407001, 318893518, 0, 0
1408013, 276040726, 0, 0
1409047, 329905694, 0, 0
1410057, 333063527, 0, 0
1411049, 271445591, 0, 0
1412053, 290325439, 0, 0
1413066, 281789813, 0, 0
1414018, 319363269, 0, 0
1415056, 308735992, 0, 0
1416037, 305074396, 0, 0
1417029, 306269805, 0, 0
1418011, 294818922, 0, 0
1419014, 312642804, 0, 0
1420039, 330312036, 0, 0
1421026, 303851649, 0, 0
1422013, 304429065, 0, 0
1423071, 285607260, 0, 0
1424044, 294027621, 0, 0
1425010, 295943879, 0, 0
1426045, 329518288, 0, 0
1427015, 296625074, 0, 0
1428052, 316556877, 0, 0
1429028, 299091617, 0, 0
1430023, 307309073, 0, 0
1431027, 302918557, 0, 0
1432048, 284820845, 0, 0
1433005, 306447941, 0, 0
1434039, 300511884, 0, 0
1435039, 291745136, 0, 0
1436058, 289286985, 0, 0
1437059, 314893015, 0, 0
1438056, 355150753, 0, 0
1439002, 291329653, 0, 0
1440029, 325478066, 0, 0
1441034, 294599773, 0, 0
1442047, 295714944, 0, 0
1443027, 289423099, 0, 0
1444027, 272471123, 0, 0
1445034, 312199009, 0, 0
1446003, 291465706, 0, 0
1447014, 324432774, 0, 0
1448039, 327073165, 0, 0
1449005, 309204276, 0, 0
1450000, 289878567, 0, 0
1451027, 338279569, 0, 0
1452052, 300704115, 0, 0
1453021, 298455638, 0, 0
1454034, 325966918, 0, 0
1455015, 346833065, 0, 0
1456011, 322309638, 0, 0
1457007, 288365337, 0, 0
1458032, 339277212, 0, 0
1459001, 299353874, 0, 0
1460015, 286588088, 0, 0
1461053, 316497018, 0, 0
1462031, 306587943, 0, 0
1463001, 293985655, 0, 0
1464008, 289664037, 0, 0
1465050, 278354572, 0, 0
1466016, 288798750, 0, 0
1467052, 328292689, 0, 0
1468037, 294943770, 0, 0
1469030, 284438931, 0, 0
1470020, 289005249, 0, 0
1471045, 326240888, 0, 0
1472072, 297694988, 0, 0
1473036, 301123341, 0, 0
1474060, 296361285, 0, 0
1475053, 315667125, 0, 0
1476014, 281989089, 0, 0
1477047, 315801905, 0, 0
1478006, 328803661, 0, 0
1479016, 319987002, 0, 0
1480001, 299121946, 0, 0
1481063, 315953060, 0, 0
1482035, 284584844, 0, 0
1483051, 311995177, 0, 0
1484037, 327522192, 0, 0
1485026, 307273404, 0, 0
1486054, 319801296, 0, 0
1487032, 274418335, 0, 0
1488009, 307189154, 0, 0
1489058, 307586290, 0, 0
1490049, 288610589, 0, 0
1491002, 285701961, 0, 0
1492023, 308705261, 0, 0
1493043, 293259382, 0, 0
1494000, 310479351, 0, 0
1495043, 289373254, 0, 0
1496058, 306347612, 0, 0
1497018, 351724174, 0, 0
1498022, 350709549, 0, 0
1499054, 266230888, 0, 0
1500002, 277685124, 0, 0
1501030, 308766256, 0, 0
1502034, 272883793, 0, 0
1503074, 274485997, 0, 0
1504013, 330563821, 0, 0
1505032, 301185566, 0, 0
1506025, 262053395, 0, 0
1507000, 282436301, 0, 0
1508032, 324863852, 0, 0
1509036, 322156541, 0, 0
1510015, 310627970, 0, 0
1511001, 313057411, 0, 0
1512021, 290562057, 0, 0
1513039, 300885499, 0, 0
1514008, 305210833, 0, 0
1515037, 277817051, 0, 0
1516033, 316053058, 0, 0
1517005, 332224766, 0, 0
1518041, 297127393, 0, 0
1519006, 308838922, 0, 0
1520071, 258717732, 0, 0
1521032, 318217617, 0, 0
1522030, 283969806, 0, 0
1523014, 330441443, 0, 0
1524041, 309095287, 0, 0
1525024, 326169926, 0, 0
1526050, 333287790, 0, 0
1527046, 290563305, 0, 0
1528012, 294248388, 0, 0
1529053, 284511659, 0, 0
1530055, 282187033, 0, 0
1531020, 321200922, 0, 0
1532077, 302602124, 0, 0
1533000, 298019890, 0, 0
1534016, 298673858, 0, 0
1535002, 329864011, 0, 0
1536039, 329952258, 0, 0
1537005, 321233609, 0, 0
1538001, 304482402, 0, 0
1539020, 330680206, 0, 0
1540049, 280637204, 0, 0
1541061, 298257722, 0, 0
1542055, 330672775, 0, 0
1543002, 289240912, 0, 0
1544033, 306038623, 0, 0
1545064, 300491874, 0, 0
1546047, 354263702, 0, 0
1547057, 301937121, 0, 0
1548052, 286434000, 0, 0
1549048, 297597823, 0, 0
1550027, 285828721, 0, 0
1551063, 303540969, 0, 0
1552027, 299226177, 0, 0
1553025, 281489057, 0, 0
1554030, 284834336, 0, 0
1555024, 317054943, 0, 0
1556032, 297350057, 0, 0
1557048, 306166323, 0, 0
1558004, 246487921, 0, 0
1559025, 307182793, 0, 0
1560021, 310887141, 0, 0
1561027, 308179618, 0, 0
1562043, 312193121, 0, 0
1563052, 299235582, 0, 0
1564052, 310353279, 0, 0
1565010, 247402088, 0, 0
1566005, 329504061, 0, 0
1567029, 284616023, 0, 0
1568008, 294020398, 0, 0
1569008, 292924671, 0, 0
1570056, 312658050, 0, 0
1571021, 291887495, 0, 0
1572051, 299216406, 0, 0
1573012, 304655572, 0, 0
1574045, 262281052, 0, 0
1575030, 338005360, 0, 0
1576024, 306674878, 0, 0
1577006, 294391459, 0, 0
1578025, 281407299, 0, 0
1579026, 313683982, 0, 0
1580053, 293983654, 0, 0
1581045, 298933486, 0, 0
1582050, 311568217, 0, 0
1583044, 304033317, 0, 0
1584007, 277399565, 0, 0
1585028, 301486075, 0, 0
1586063, 284622655, 0, 0
1587016, 275686908, 0, 0
1588031, 293249151, 0, 0
1589005, 320971091, 0, 0
1590015, 293184693, 0, 0
1591004, 295673736, 0, 0
1592016, 295651920, 0, 0
1593025, 336228623, 0, 0
1594013, 317936739, 0, 0
1595039, 329254781, 0, 0
1596052, 298609517, 0, 0
1597047, 287002900, 0, 0
1598022, 297915402, 0, 0
1599046, 300336644, 0, 0
1600024, 269056841, 0, 0
1601014, 281960812, 0, 0
1602029, 290063650, 0, 0
1603010, 291337397, 0, 0
1604035, 309608872, 0, 0
1605067, 289740229, 0, 0
1606037, 333604224, 0, 0
1607039, 302168061, 0, 0
1608036, 318643744, 0, 0
1609019, 285795635, 0, 0
1610038, 267306434, 0, 0
1611034, 305600254, 0, 0
1612048, 302423243, 0, 0
1613038, 298383038, 0, 0
1614061, 278084220, 0, 0
1615023, 301367364, 0, 0
1616056, 290514248, 0, 0
1617039, 302542336, 0, 0
1618015, 311634792, 0, 0
1619027, 297248363, 0, 0
1620004, 287208726, 0, 0
1621029, 283283855, 0, 0
1622017, 327299685, 0, 0
1623061, 290811282, 0, 0
1624070, 299936034, 0, 0
1625048, 277409899, 0, 0
1626037, 279685870, 0, 0
1627011, 292465676, 0, 0
1628052, 307555757, 0, 0
1629040, 330797175, 0, 0
1630021, 305217698, 0, 0
1631033, 290215310, 0, 0
1632032, 293778976, 0, 0
1633004, 275584911, 0, 0
1634050, 349552498, 0, 0
1635037, 314912353, 0, 0
1636020, 301083456, 0, 0
1637030, 310105089, 0, 0
1638018, 319593980, 0, 0
1639007, 302779077, 0, 0
1640040, 284846126, 0, 0
1641030, 322551752, 0, 0
1642002, 310954291, 0, 0
1643019, 331461722, 0, 0
1644036, 291594781, 0, 0
1645032, 286156560, 0, 0
1646010, 282377357, 0, 0
1647019, 327303983, 0, 0
1648024, 285049172, 0, 0
1649002, 301772660, 0, 0
1650031, 300180645, 0, 0
1651039, 280258541, 0, 0
1652043, 299208204, 0, 0
1653021, 289721227, 0, 0
1654059, 265322089, 0, 0
1655031, 281193651, 0, 0
1656039, 308906283, 0, 0
1657043, 308289648, 0, 0
1658031, 317748256, 0, 0
1659037, 294257872, 0, 0
1660036, 325466206, 0, 0
1661033, 279522431, 0, 0
1662011, 301180452, 0, 0
1663001, 306079054, 0, 0
1664036, 330543093, 0, 0
1665012, 279117273, 0, 0
1666039, 285601823, 0, 0
1667029, 271649708, 0, 0
1668053, 274752477, 0, 0
1669008, 310181739, 0, 0
1670013, 286462755, 0, 0
1671048, 294697295, 0, 0
1672027, 303810015, 0, 0
1673033, 299593818, 0, 0
1674013, 296643364, 0, 0
1675003, 289813330, 0, 0
1676061, 285847209, 0, 0
1677029, 321040158, 0, 0
1678009, 301733579, 0, 0
1679001, 316255090, 0, 0
1680037, 293168721, 0, 0
1681056, 289237620, 0, 0
1682036, 295306484, 0, 0
1683042, 275191193, 0, 0
1684026, 307772773, 0, 0
1685003, 289264299, 0, 0
1686029, 284831949, 0, 0
1687015, 299817780, 0, 0
1688026, 296499356, 0, 0
1689015, 279507811, 0, 0
1690045, 287923524, 0, 0
1691022, 268950075, 0, 0
1692032, 285164026, 0, 0
1693013, 288459706, 0, 0
1694017, 336525822, 0, 0
1695036, 285341075, 0, 0
1696015, 276904778, 0, 0
1697045, 299411624, 0, 0
1698050, 309215562, 0, 0
1699055, 284836167, 0, 0
1700035, 291786678, 0, 0
1701034, 298000243, 0, 0
1702025, 260771350, 0, 0
1703015, 313534437, 0, 0
1704010, 288694305, 0, 0
1705053, 283893885, 0, 0
1706045, 286790426, 0, 0
1707039, 290173864, 0, 0
1708038, 270129253, 0, 0
1709019, 320980808, 0, 0
1710055, 293237618, 0, 0
1711030, 310323157, 0, 0
1712033, 316028005, 0, 0
1713003, 296741343, 0, 0
1714015, 333722146, 0, 0
1715020, 273064274, 0, 0
1716012, 319574495, 0, 0
1717060, 282098427, 0, 0
1718017, 278744741, 0, 0
1719016, 298418378, 0, 0
1720032, 281717444, 0, 0
1721032, 281297456, 0, 0
1722012, 306917202, 0, 0
1723034, 318291285, 0, 0
1724033, 296005583, 0, 0
1725007, 305885710, 0, 0
1726026, 265618436, 0, 0
1727052, 276107618, 0, 0
1728063, 280019498, 0, 0
1729015, 277686882, 0, 0
1730047, 301994216, 0, 0
1731026, 279081219, 0, 0
1732033, 266559727, 0, 0
1733011, 277203092, 0, 0
1734000, 304071038, 0, 0
1735027, 289166417, 0, 0
1736036, 272166273, 0, 0
1737016, 289563872, 0, 0
1738043, 312291802, 0, 0
1739065, 309185132, 0, 0
1740040, 292070174, 0, 0
1741056, 271635118, 0, 0
1742004, 302753159, 0, 0
1743044, 274759424, 0, 0
1744009, 320453823, 0, 0
1745053, 308953514, 0, 0
1746038, 315780615, 0, 0
1747145, 329022403, 0, 0
1748011, 276333104, 0, 0
1749030, 288134628, 0, 0
1750021, 302375714, 0, 0
1751013, 314333866, 0, 0
1752036, 273825562, 0, 0
1753006, 276227475, 0, 0
1754018, 284252079, 0, 0
1755056, 315921244, 0, 0
1756057, 318196568, 0, 0
1757035, 311485022, 0, 0
1758041, 293195973, 0, 0
1759039, 296806354, 0, 0
1760038, 298088540, 0, 0
1761026, 305366385, 0, 0
1762024, 293597293, 0, 0
1763013, 293478475, 0, 0
1764044, 341990455, 0, 0
1765013, 309941445, 0, 0
1766030, 300960578, 0, 0
1767061, 284192891, 0, 0
1768036, 264159857, 0, 0
1769054, 291554668, 0, 0
1770026, 320416474, 0, 0
1771022, 268743930, 0, 0
1772000, 315731100, 0, 0
1773016, 271954850, 0, 0
1774018, 270516710, 0, 0
1775002, 301460388, 0, 0
1776050, 289453460, 0, 0
1777046, 294572751, 0, 0
1778008, 310269163, 0, 0
1779007, 324279891, 0, 0
1780013, 302178913, 0, 0
1781053, 286438915, 0, 0
1782016, 282236196, 0, 0
1783024, 263993712, 0, 0
1784042, 291352761, 0, 0
1785040, 310726670, 0, 0
1786055, 313325468, 0, 0
1787037, 297714120, 0, 0
1788015, 273727335, 0, 0
1789049, 270555989, 0, 0
1790059, 274725036, 0, 0
1791028, 321914558, 0, 0
1792047, 355794143, 0, 0
1793036, 312193346, 0, 0
1794061, 328153758, 0, 0
1795038, 318054730, 0, 0
1796021, 290276889, 0, 0
1797038, 395298287, 0, 0
1798012, 314372198, 0, 0
1799024, 265589171, 0, 0
1800046, 314068161, 0, 0
1800133, 284613280, 0, 0
