1000, 81, 0, 0
1999, 121, 0, 0
2999, 127, 0, 0
4000, 116, 0, 0
5000, 120, 0, 0
5999, 128, 0, 0
6999, 120, 0, 0
8000, 120, 0, 0
9000, 128, 0, 0
9999, 128, 0, 0
10999, 129, 0, 0
12000, 114, 0, 0
12999, 123, 0, 0
13999, 128, 0, 0
15000, 124, 0, 0
15999, 129, 0, 0
16999, 120, 0, 0
18000, 122, 0, 0
19000, 129, 0, 0
19999, 109, 0, 0
21000, 138, 0, 0
22000, 123, 0, 0
22999, 129, 0, 0
23999, 130, 0, 0
25000, 122, 0, 0
26000, 130, 0, 0
26999, 124, 0, 0
27999, 142, 0, 0
29000, 122, 0, 0
29999, 131, 0, 0
30999, 121, 0, 0
32000, 125, 0, 0
32999, 119, 0, 0
33999, 121, 0, 0
35000, 130, 0, 0
36000, 122, 0, 0
36999, 122, 0, 0
37999, 133, 0, 0
39000, 122, 0, 0
40000, 122, 0, 0
40999, 129, 0, 0
41999, 125, 0, 0
43000, 122, 0, 0
44000, 122, 0, 0
44999, 130, 0, 0
46000, 105, 0, 0
47000, 131, 0, 0
47999, 129, 0, 0
48999, 122, 0, 0
50000, 123, 0, 0
50999, 120, 0, 0
51999, 136, 0, 0
53000, 133, 0, 0
54000, 125, 0, 0
54999, 132, 0, 0
56000, 126, 0, 0
57000, 132, 0, 0
57999, 124, 0, 0
58999, 123, 0, 0
60000, 131, 0, 0
61000, 126, 0, 0
61999, 135, 0, 0
63000, 124, 0, 0
64000, 136, 0, 0
64999, 120, 0, 0
65999, 122, 0, 0
67000, 139, 0, 0
68000, 117, 0, 0
68999, 131, 0, 0
69999, 126, 0, 0
71000, 128, 0, 0
71999, 135, 0, 0
72999, 124, 0, 0
74000, 127, 0, 0
75000, 127, 0, 0
75999, 139, 0, 0
76999, 129, 0, 0
78000, 129, 0, 0
78999, 134, 0, 0
79999, 112, 0, 0
81000, 128, 0, 0
82000, 133, 0, 0
82999, 128, 0, 0
83999, 128, 0, 0
85000, 136, 0, 0
85999, 135, 0, 0
86999, 126, 0, 0
88000, 135, 0, 0
89000, 125, 0, 0
89999, 123, 0, 0
90999, 134, 0, 0
92000, 123, 0, 0
93000, 134, 0, 0
93999, 125, 0, 0
94999, 124, 0, 0
96000, 132, 0, 0
96999, 126, 0, 0
97999, 129, 0, 0
99000, 135, 0, 0
100000, 124, 0, 0
100999, 128, 0, 0
102000, 133, 0, 0
102999, 137, 0, 0
103999, 134, 0, 0
105000, 128, 0, 0
105999, 124, 0, 0
106999, 141, 0, 0
108000, 143, 0, 0
108999, 127, 0, 0
109999, 140, 0, 0
111000, 133, 0, 0
112000, 130, 0, 0
112999, 130, 0, 0
114000, 133, 0, 0
114999, 123, 0, 0
115999, 127, 0, 0
117000, 128, 0, 0
117999, 128, 0, 0
118999, 135, 0, 0
120000, 131, 0, 0
120999, 132, 0, 0
121999, 136, 0, 0
123000, 130, 0, 0
124000, 136, 0, 0
124999, 127, 0, 0
126000, 125, 0, 0
127000, 129, 0, 0
127999, 132, 0, 0
129000, 140, 0, 0
130000, 143, 0, 0
130999, 128, 0, 0
131999, 136, 0, 0
133000, 126, 0, 0
133999, 139, 0, 0
134999, 136, 0, 0
136000, 120, 0, 0
136999, 131, 0, 0
137999, 137, 0, 0
139000, 126, 0, 0
139999, 135, 0, 0
140999, 139, 0, 0
142000, 134, 0, 0
143000, 134, 0, 0
143999, 136, 0, 0
144999, 124, 0, 0
146000, 145, 0, 0
146999, 142, 0, 0
147999, 130, 0, 0
149000, 140, 0, 0
150000, 143, 0, 0
150999, 139, 0, 0
151999, 132, 0, 0
153000, 135, 0, 0
153999, 125, 0, 0
154999, 143, 0, 0
156000, 129, 0, 0
156999, 140, 0, 0
157999, 131, 0, 0
159000, 132, 0, 0
159999, 145, 0, 0
160999, 135, 0, 0
162000, 136, 0, 0
162999, 142, 0, 0
163999, 129, 0, 0
165000, 153, 0, 0
165999, 146, 0, 0
166999, 140, 0, 0
168000, 135, 0, 0
168999, 141, 0, 0
169999, 133, 0, 0
171000, 145, 0, 0
171999, 137, 0, 0
172999, 128, 0, 0
174000, 139, 0, 0
174999, 136, 0, 0
176000, 129, 0, 0
177000, 143, 0, 0
177999, 140, 0, 0
179000, 135, 0, 0
180000, 143, 0, 0
180999, 139, 0, 0
182000, 133, 0, 0
183000, 133, 0, 0
183999, 137, 0, 0
185000, 139, 0, 0
186000, 135, 0, 0
186999, 139, 0, 0
188000, 143, 0, 0
189000, 129, 0, 0
189999, 130, 0, 0
191000, 143, 0, 0
191999, 134, 0, 0
192999, 138, 0, 0
194000, 144, 0, 0
194999, 141, 0, 0
195999, 136, 0, 0
197000, 132, 0, 0
197999, 149, 0, 0
198999, 140, 0, 0
200000, 154, 0, 0
200999, 135, 0, 0
201999, 133, 0, 0
203000, 141, 0, 0
203999, 138, 0, 0
204999, 150, 0, 0
206000, 125, 0, 0
206999, 148, 0, 0
207999, 134, 0, 0
209000, 145, 0, 0
209999, 132, 0, 0
210999, 126, 0, 0
212000, 152, 0, 0
212999, 153, 0, 0
214000, 145, 0, 0
215000, 141, 0, 0
215999, 140, 0, 0
217000, 138, 0, 0
218000, 150, 0, 0
218999, 141, 0, 0
220000, 147, 0, 0
220999, 137, 0, 0
221999, 140, 0, 0
223000, 139, 0, 0
224000, 144, 0, 0
224999, 144, 0, 0
226000, 151, 0, 0
226999, 150, 0, 0
227999, 138, 0, 0
229000, 143, 0, 0
230000, 145, 0, 0
230999, 142, 0, 0
232000, 138, 0, 0
233000, 156, 0, 0
233999, 138, 0, 0
235000, 145, 0, 0
236000, 151, 0, 0
236999, 135, 0, 0
238000, 150, 0, 0
239000, 138, 0, 0
239999, 142, 0, 0
241000, 141, 0, 0
242000, 133, 0, 0
243000, 146, 0, 0
243999, 141, 0, 0
245000, 147, 0, 0
245999, 138, 0, 0
247000, 158, 0, 0
248000, 144, 0, 0
248999, 144, 0, 0
250000, 156, 0, 0
251000, 138, 0, 0
251999, 145, 0, 0
253000, 142, 0, 0
253999, 141, 0, 0
254999, 140, 0, 0
256000, 151, 0, 0
256999, 158, 0, 0
257999, 143, 0, 0
259000, 148, 0, 0
259999, 139, 0, 0
261000, 152, 0, 0
262000, 141, 0, 0
262999, 149, 0, 0
263999, 154, 0, 0
265000, 153, 0, 0
265999, 146, 0, 0
267000, 138, 0, 0
268000, 140, 0, 0
268999, 151, 0, 0
270000, 156, 0, 0
271000, 144, 0, 0
271999, 132, 0, 0
272999, 145, 0, 0
274000, 150, 0, 0
274999, 139, 0, 0
275999, 153, 0, 0
277000, 161, 0, 0
278000, 136, 0, 0
278999, 137, 0, 0
279999, 151, 0, 0
281000, 142, 0, 0
282000, 153, 0, 0
282999, 149, 0, 0
283999, 146, 0, 0
285000, 159, 0, 0
285999, 139, 0, 0
286999, 145, 0, 0
288000, 142, 0, 0
288999, 154, 0, 0
289999, 160, 0, 0
291000, 154, 0, 0
292000, 153, 0, 0
292999, 156, 0, 0
293999, 144, 0, 0
295000, 155, 0, 0
295999, 143, 0, 0
296999, 142, 0, 0
298000, 141, 0, 0
298999, 162, 0, 0
299999, 149, 0, 0
301000, 131, 0, 0
301999, 155, 0, 0
302999, 165, 0, 0
304000, 143, 0, 0
304999, 165, 0, 0
305999, 139, 0, 0
307000, 149, 0, 0
308000, 155, 0, 0
308999, 155, 0, 0
310000, 139, 0, 0
310999, 134, 0, 0
311999, 152, 0, 0
313000, 155, 0, 0
313999, 155, 0, 0
314999, 141, 0, 0
316000, 143, 0, 0
316999, 154, 0, 0
317999, 138, 0, 0
319000, 143, 0, 0
319999, 143, 0, 0
320999, 141, 0, 0
322000, 161, 0, 0
322999, 142, 0, 0
323999, 154, 0, 0
325000, 145, 0, 0
325999, 144, 0, 0
326999, 149, 0, 0
328000, 141, 0, 0
328999, 142, 0, 0
329999, 157, 0, 0
331000, 146, 0, 0
331999, 146, 0, 0
332999, 152, 0, 0
334000, 150, 0, 0
334999, 152, 0, 0
336000, 161, 0, 0
337000, 135, 0, 0
337999, 143, 0, 0
339000, 129, 0, 0
339999, 153, 0, 0
340999, 163, 0, 0
342000, 176, 0, 0
342999, 162, 0, 0
343999, 158, 0, 0
345000, 150, 0, 0
345999, 148, 0, 0
347000, 162, 0, 0
347999, 156, 0, 0
348999, 164, 0, 0
350000, 169, 0, 0
350999, 159, 0, 0
351999, 153, 0, 0
353000, 156, 0, 0
353999, 171, 0, 0
354999, 151, 0, 0
356000, 149, 0, 0
356999, 181, 0, 0
357999, 155, 0, 0
359000, 153, 0, 0
359999, 162, 0, 0
361000, 156, 0, 0
362000, 156, 0, 0
362999, 146, 0, 0
364000, 168, 0, 0
365000, 167, 0, 0
365999, 151, 0, 0
367000, 164, 0, 0
368000, 151, 0, 0
368999, 160, 0, 0
370000, 163, 0, 0
370999, 170, 0, 0
371999, 153, 0, 0
373000, 154, 0, 0
373999, 165, 0, 0
374999, 148, 0, 0
376000, 152, 0, 0
376999, 179, 0, 0
378000, 145, 0, 0
379000, 184, 0, 0
379999, 161, 0, 0
380999, 154, 0, 0
381999, 155, 0, 0
382999, 156, 0, 0
383999, 160, 0, 0
385000, 154, 0, 0
385999, 164, 0, 0
387000, 155, 0, 0
388000, 151, 0, 0
388999, 155, 0, 0
390000, 178, 0, 0
390999, 175, 0, 0
391999, 150, 0, 0
393000, 156, 0, 0
393999, 157, 0, 0
394999, 174, 0, 0
396000, 174, 0, 0
396999, 170, 0, 0
397999, 158, 0, 0
399000, 166, 0, 0
399999, 141, 0, 0
400999, 156, 0, 0
402000, 174, 0, 0
403000, 164, 0, 0
403999, 144, 0, 0
404999, 161, 0, 0
406000, 190, 0, 0
406999, 147, 0, 0
408000, 150, 0, 0
409000, 165, 0, 0
409999, 162, 0, 0
411000, 182, 0, 0
412000, 147, 0, 0
412999, 160, 0, 0
414000, 178, 0, 0
415000, 166, 0, 0
415999, 166, 0, 0
417000, 160, 0, 0
418000, 152, 0, 0
418999, 158, 0, 0
419999, 151, 0, 0
421000, 169, 0, 0
421999, 170, 0, 0
422999, 169, 0, 0
424000, 147, 0, 0
424999, 150, 0, 0
425999, 166, 0, 0
427000, 183, 0, 0
427999, 175, 0, 0
428999, 146, 0, 0
430000, 177, 0, 0
431000, 158, 0, 0
431999, 167, 0, 0
432999, 149, 0, 0
434000, 154, 0, 0
435000, 161, 0, 0
435999, 187, 0, 0
437000, 167, 0, 0
437999, 186, 0, 0
438999, 164, 0, 0
440000, 172, 0, 0
441000, 166, 0, 0
441999, 148, 0, 0
443000, 173, 0, 0
444000, 174, 0, 0
444999, 159, 0, 0
445999, 166, 0, 0
447000, 175, 0, 0
447999, 160, 0, 0
448999, 156, 0, 0
450000, 190, 0, 0
450999, 152, 0, 0
452000, 188, 0, 0
453000, 163, 0, 0
453999, 171, 0, 0
454999, 169, 0, 0
456000, 178, 0, 0
456999, 173, 0, 0
458000, 172, 0, 0
459000, 189, 0, 0
459999, 172, 0, 0
460999, 169, 0, 0
462000, 169, 0, 0
462999, 188, 0, 0
464000, 166, 0, 0
464999, 169, 0, 0
465999, 162, 0, 0
466999, 165, 0, 0
468000, 163, 0, 0
469000, 170, 0, 0
469999, 165, 0, 0
471000, 167, 0, 0
472000, 168, 0, 0
472999, 163, 0, 0
473999, 181, 0, 0
475000, 175, 0, 0
475999, 158, 0, 0
476999, 166, 0, 0
478000, 171, 0, 0
478999, 153, 0, 0
479999, 170, 0, 0
481000, 174, 0, 0
481999, 157, 0, 0
483000, 162, 0, 0
483999, 171, 0, 0
484999, 191, 0, 0
485999, 182, 0, 0
487000, 171, 0, 0
487999, 166, 0, 0
488999, 174, 0, 0
490000, 152, 0, 0
490999, 195, 0, 0
492000, 171, 0, 0
493000, 177, 0, 0
493999, 161, 0, 0
495000, 168, 0, 0
495999, 202, 0, 0
496999, 172, 0, 0
498000, 175, 0, 0
498999, 166, 0, 0
499999, 195, 0, 0
501000, 167, 0, 0
501999, 177, 0, 0
502999, 183, 0, 0
504000, 179, 0, 0
504999, 164, 0, 0
505999, 186, 0, 0
507000, 183, 0, 0
507999, 184, 0, 0
508999, 182, 0, 0
510000, 168, 0, 0
510999, 173, 0, 0
511999, 184, 0, 0
513000, 175, 0, 0
514000, 181, 0, 0
514999, 176, 0, 0
516000, 170, 0, 0
517000, 176, 0, 0
517999, 189, 0, 0
519000, 176, 0, 0
520000, 165, 0, 0
520999, 183, 0, 0
522000, 183, 0, 0
522999, 156, 0, 0
523999, 187, 0, 0
525000, 196, 0, 0
525999, 173, 0, 0
526999, 198, 0, 0
528000, 192, 0, 0
528999, 167, 0, 0
530000, 154, 0, 0
531000, 174, 0, 0
531999, 176, 0, 0
533000, 178, 0, 0
534000, 189, 0, 0
534999, 164, 0, 0
536000, 184, 0, 0
537000, 184, 0, 0
537999, 187, 0, 0
538999, 174, 0, 0
540000, 183, 0, 0
540999, 189, 0, 0
541999, 182, 0, 0
543000, 192, 0, 0
543999, 179, 0, 0
545000, 184, 0, 0
546000, 196, 0, 0
546999, 175, 0, 0
547999, 187, 0, 0
549000, 184, 0, 0
549999, 157, 0, 0
550999, 169, 0, 0
552000, 175, 0, 0
552999, 182, 0, 0
553999, 182, 0, 0
555000, 177, 0, 0
556000, 175, 0, 0
556999, 174, 0, 0
558000, 188, 0, 0
559000, 212, 0, 0
559999, 146, 0, 0
560999, 198, 0, 0
562000, 182, 0, 0
562999, 191, 0, 0
563999, 175, 0, 0
565000, 191, 0, 0
565999, 170, 0, 0
566999, 194, 0, 0
568000, 172, 0, 0
569000, 173, 0, 0
569999, 179, 0, 0
570999, 193, 0, 0
572000, 196, 0, 0
572999, 191, 0, 0
573999, 177, 0, 0
575000, 213, 0, 0
576000, 191, 0, 0
576999, 195, 0, 0
578000, 174, 0, 0
579000, 190, 0, 0
579999, 177, 0, 0
580999, 203, 0, 0
582000, 187, 0, 0
582999, 188, 0, 0
583999, 170, 0, 0
585000, 192, 0, 0
585999, 205, 0, 0
587000, 187, 0, 0
588000, 156, 0, 0
588999, 184, 0, 0
590000, 185, 0, 0
591000, 212, 0, 0
591999, 210, 0, 0
593000, 195, 0, 0
593999, 193, 0, 0
594999, 186, 0, 0
596000, 165, 0, 0
596999, 188, 0, 0
598000, 197, 0, 0
599000, 197, 0, 0
599999, 182, 0, 0
601000, 180, 0, 0
601999, 189, 0, 0
602999, 193, 0, 0
604000, 188, 0, 0
604999, 186, 0, 0
605999, 178, 0, 0
607000, 203, 0, 0
607999, 190, 0, 0
609000, 182, 0, 0
610000, 197, 0, 0
610999, 186, 0, 0
612000, 183, 0, 0
612999, 204, 0, 0
613999, 179, 0, 0
615000, 192, 0, 0
615999, 206, 0, 0
616999, 173, 0, 0
618000, 202, 0, 0
618999, 191, 0, 0
620000, 176, 0, 0
621000, 214, 0, 0
621999, 185, 0, 0
623000, 191, 0, 0
624000, 200, 0, 0
624999, 179, 0, 0
626000, 203, 0, 0
627000, 203, 0, 0
627999, 184, 0, 0
629000, 178, 0, 0
630000, 217, 0, 0
630999, 197, 0, 0
632000, 205, 0, 0
633000, 202, 0, 0
633999, 183, 0, 0
634999, 202, 0, 0
636000, 193, 0, 0
636999, 216, 0, 0
637999, 188, 0, 0
639000, 198, 0, 0
639999, 179, 0, 0
641000, 178, 0, 0
642000, 187, 0, 0
642999, 216, 0, 0
643999, 212, 0, 0
645000, 201, 0, 0
645999, 226, 0, 0
646999, 195, 0, 0
648000, 197, 0, 0
648999, 195, 0, 0
649999, 192, 0, 0
651000, 216, 0, 0
651999, 234, 0, 0
653000, 202, 0, 0
654000, 177, 0, 0
654999, 226, 0, 0
656000, 184, 0, 0
657000, 215, 0, 0
657999, 186, 0, 0
659000, 246, 0, 0
660000, 212, 0, 0
660999, 202, 0, 0
662000, 187, 0, 0
662999, 222, 0, 0
663999, 221, 0, 0
665000, 189, 0, 0
665999, 194, 0, 0
666999, 206, 0, 0
668000, 229, 0, 0
669000, 206, 0, 0
669999, 225, 0, 0
671000, 211, 0, 0
672000, 215, 0, 0
672999, 213, 0, 0
674000, 190, 0, 0
675000, 206, 0, 0
676000, 207, 0, 0
677000, 190, 0, 0
678000, 191, 0, 0
679000, 175, 0, 0
680000, 188, 0, 0
681000, 184, 0, 0
682000, 225, 0, 0
683000, 203, 0, 0
684000, 216, 0, 0
685000, 206, 0, 0
686000, 244, 0, 0
687000, 194, 0, 0
688000, 216, 0, 0
689001, 230, 0, 0
690000, 209, 0, 0
691000, 186, 0, 0
692000, 207, 0, 0
693000, 225, 0, 0
694000, 192, 0, 0
695000, 224, 0, 0
696000, 209, 0, 0
697000, 200, 0, 0
698000, 206, 0, 0
699000, 196, 0, 0
700000, 224, 0, 0
701000, 196, 0, 0
702000, 209, 0, 0
703000, 194, 0, 0
704000, 231, 0, 0
705000, 183, 0, 0
706000, 229, 0, 0
707000, 184, 0, 0
708000, 215, 0, 0
709000, 210, 0, 0
710000, 206, 0, 0
711000, 223, 0, 0
712000, 194, 0, 0
713000, 212, 0, 0
714000, 214, 0, 0
715000, 179, 0, 0
716000, 222, 0, 0
717000, 192, 0, 0
718000, 200, 0, 0
719000, 209, 0, 0
720000, 206, 0, 0
721000, 184, 0, 0
722000, 205, 0, 0
723000, 205, 0, 0
724000, 199, 0, 0
725000, 206, 0, 0
726000, 217, 0, 0
727000, 206, 0, 0
728000, 206, 0, 0
728999, 203, 0, 0
730000, 207, 0, 0
731000, 188, 0, 0
731999, 198, 0, 0
732999, 205, 0, 0
733999, 206, 0, 0
734999, 186, 0, 0
735999, 202, 0, 0
736999, 183, 0, 0
737998, 192, 0, 0
738998, 185, 0, 0
739998, 215, 0, 0
740998, 198, 0, 0
741998, 210, 0, 0
742997, 216, 0, 0
743998, 225, 0, 0
744997, 209, 0, 0
745997, 205, 0, 0
746997, 222, 0, 0
747997, 206, 0, 0
748997, 158, 0, 0
749996, 219, 0, 0
750996, 238, 0, 0
751996, 228, 0, 0
752996, 200, 0, 0
753996, 203, 0, 0
754996, 220, 0, 0
755996, 224, 0, 0
756995, 212, 0, 0
757995, 182, 0, 0
758994, 184, 0, 0
759995, 246, 0, 0
760995, 198, 0, 0
761994, 221, 0, 0
762994, 238, 0, 0
763995, 212, 0, 0
764994, 211, 0, 0
765994, 195, 0, 0
766993, 210, 0, 0
767994, 192, 0, 0
768993, 196, 0, 0
769993, 231, 0, 0
770993, 205, 0, 0
771992, 206, 0, 0
772993, 200, 0, 0
773992, 211, 0, 0
774992, 186, 0, 0
775992, 218, 0, 0
776992, 219, 0, 0
777992, 201, 0, 0
778991, 206, 0, 0
779991, 197, 0, 0
780992, 218, 0, 0
781991, 196, 0, 0
782991, 197, 0, 0
784000, 223, 0, 0
784991, 208, 0, 0
785991, 212, 0, 0
786999, 199, 0, 0
788000, 224, 0, 0
788999, 199, 0, 0
789999, 183, 0, 0
791000, 208, 0, 0
791999, 235, 0, 0
792999, 178, 0, 0
794000, 181, 0, 0
795000, 204, 0, 0
795999, 201, 0, 0
797000, 192, 0, 0
797999, 199, 0, 0
798999, 206, 0, 0
800000, 199, 0, 0
801000, 203, 0, 0
801999, 222, 0, 0
803000, 221, 0, 0
804000, 174, 0, 0
804999, 212, 0, 0
806000, 170, 0, 0
806999, 193, 0, 0
807999, 217, 0, 0
809000, 203, 0, 0
809999, 209, 0, 0
810999, 189, 0, 0
812000, 182, 0, 0
812999, 176, 0, 0
813999, 185, 0, 0
815000, 213, 0, 0
815999, 229, 0, 0
816999, 223, 0, 0
818000, 225, 0, 0
818999, 196, 0, 0
819999, 222, 0, 0
821000, 209, 0, 0
822000, 219, 0, 0
822999, 204, 0, 0
824000, 196, 0, 0
824999, 196, 0, 0
825999, 212, 0, 0
827000, 205, 0, 0
828000, 201, 0, 0
828999, 202, 0, 0
830000, 198, 0, 0
831000, 204, 0, 0
831999, 209, 0, 0
833000, 196, 0, 0
833999, 196, 0, 0
834999, 201, 0, 0
836000, 218, 0, 0
837000, 193, 0, 0
837999, 208, 0, 0
839000, 217, 0, 0
840000, 203, 0, 0
840999, 195, 0, 0
842000, 191, 0, 0
843000, 221, 0, 0
843999, 197, 0, 0
844999, 208, 0, 0
846000, 194, 0, 0
846999, 202, 0, 0
848000, 191, 0, 0
849000, 228, 0, 0
849999, 208, 0, 0
850999, 196, 0, 0
852000, 197, 0, 0
852999, 179, 0, 0
853999, 214, 0, 0
855000, 199, 0, 0
855999, 210, 0, 0
856999, 202, 0, 0
858000, 189, 0, 0
859000, 201, 0, 0
859999, 231, 0, 0
861000, 207, 0, 0
862000, 181, 0, 0
862999, 217, 0, 0
864000, 227, 0, 0
865000, 201, 0, 0
865999, 202, 0, 0
866999, 201, 0, 0
868000, 198, 0, 0
868999, 172, 0, 0
870000, 223, 0, 0
871000, 185, 0, 0
871999, 223, 0, 0
872999, 200, 0, 0
874000, 217, 0, 0
875000, 215, 0, 0
875999, 196, 0, 0
877000, 214, 0, 0
878000, 209, 0, 0
878999, 221, 0, 0
880000, 222, 0, 0
881000, 194, 0, 0
881999, 218, 0, 0
882999, 203, 0, 0
884000, 214, 0, 0
885000, 193, 0, 0
885999, 242, 0, 0
886999, 211, 0, 0
888000, 200, 0, 0
889000, 216, 0, 0
889999, 202, 0, 0
890999, 193, 0, 0
892000, 207, 0, 0
893000, 180, 0, 0
893999, 203, 0, 0
894999, 208, 0, 0
896000, 206, 0, 0
896999, 226, 0, 0
897999, 194, 0, 0
899000, 195, 0, 0
899999, 189, 0, 0
900999, 207, 0, 0
902000, 225, 0, 0
902999, 209, 0, 0
903999, 200, 0, 0
905000, 212, 0, 0
906000, 212, 0, 0
906999, 219, 0, 0
908000, 198, 0, 0
909000, 199, 0, 0
909999, 221, 0, 0
910999, 217, 0, 0
912000, 202, 0, 0
912999, 221, 0, 0
914000, 196, 0, 0
915000, 218, 0, 0
915999, 194, 0, 0
917000, 206, 0, 0
918000, 210, 0, 0
918999, 231, 0, 0
920000, 225, 0, 0
921000, 185, 0, 0
921999, 217, 0, 0
923000, 180, 0, 0
924000, 198, 0, 0
925000, 217, 0, 0
925999, 209, 0, 0
927000, 191, 0, 0
927999, 209, 0, 0
928999, 220, 0, 0
930000, 209, 0, 0
930999, 203, 0, 0
931999, 223, 0, 0
933000, 182, 0, 0
933999, 232, 0, 0
935000, 224, 0, 0
936000, 199, 0, 0
936999, 212, 0, 0
937999, 210, 0, 0
939000, 216, 0, 0
939999, 218, 0, 0
941000, 225, 0, 0
942000, 199, 0, 0
942999, 202, 0, 0
944000, 224, 0, 0
945000, 179, 0, 0
945999, 206, 0, 0
947000, 218, 0, 0
948000, 221, 0, 0
948999, 204, 0, 0
950000, 172, 0, 0
950999, 207, 0, 0
951999, 205, 0, 0
953000, 238, 0, 0
953999, 194, 0, 0
955000, 222, 0, 0
956000, 226, 0, 0
956999, 210, 0, 0
958000, 201, 0, 0
959000, 207, 0, 0
959999, 201, 0, 0
961000, 190, 0, 0
961999, 187, 0, 0
963000, 214, 0, 0
964000, 179, 0, 0
964999, 216, 0, 0
966000, 185, 0, 0
967000, 221, 0, 0
967999, 208, 0, 0
969000, 209, 0, 0
970000, 213, 0, 0
970999, 202, 0, 0
972000, 218, 0, 0
973000, 192, 0, 0
973999, 208, 0, 0
975000, 199, 0, 0
976000, 223, 0, 0
976999, 199, 0, 0
978000, 228, 0, 0
978999, 212, 0, 0
980000, 206, 0, 0
981000, 192, 0, 0
981999, 194, 0, 0
983000, 206, 0, 0
983999, 196, 0, 0
984999, 167, 0, 0
986000, 188, 0, 0
987000, 229, 0, 0
987999, 191, 0, 0
989000, 215, 0, 0
990000, 209, 0, 0
990999, 202, 0, 0
992000, 173, 0, 0
993000, 179, 0, 0
993999, 234, 0, 0
994999, 194, 0, 0
996000, 190, 0, 0
996999, 192, 0, 0
997999, 218, 0, 0
999000, 173, 0, 0
999999, 212, 0, 0
1000999, 233, 0, 0
1002000, 220, 0, 0
1002999, 193, 0, 0
1004000, 189, 0, 0
1005000, 224, 0, 0
1005999, 205, 0, 0
1007000, 226, 0, 0
1007999, 200, 0, 0
1008999, 200, 0, 0
1010000, 205, 0, 0
1010999, 223, 0, 0
1011999, 219, 0, 0
1013000, 182, 0, 0
1013999, 217, 0, 0
1015000, 199, 0, 0
1016000, 196, 0, 0
1016999, 205, 0, 0
1017999, 192, 0, 0
1019000, 210, 0, 0
1019999, 212, 0, 0
1020999, 231, 0, 0
1022000, 211, 0, 0
1022999, 216, 0, 0
1024000, 213, 0, 0
1025000, 198, 0, 0
1025999, 210, 0, 0
1027000, 204, 0, 0
1027999, 210, 0, 0
1028999, 154, 0, 0
1029999, 219, 0, 0
1031000, 191, 0, 0
1031999, 215, 0, 0
1033000, 193, 0, 0
1034000, 203, 0, 0
1034999, 200, 0, 0
1036000, 205, 0, 0
1037000, 198, 0, 0
1037999, 223, 0, 0
1039000, 218, 0, 0
1040000, 211, 0, 0
1040999, 196, 0, 0
1041999, 196, 0, 0
1043000, 189, 0, 0
1043999, 242, 0, 0
1044999, 221, 0, 0
1046000, 189, 0, 0
1046999, 214, 0, 0
1047999, 192, 0, 0
1049000, 211, 0, 0
1050000, 220, 0, 0
1050999, 193, 0, 0
1052000, 204, 0, 0
1053000, 202, 0, 0
1053999, 190, 0, 0
1055000, 214, 0, 0
1056000, 194, 0, 0
1056999, 233, 0, 0
1057999, 206, 0, 0
1059000, 221, 0, 0
1059999, 204, 0, 0
1060999, 267, 0, 0
1062000, 220, 0, 0
1062999, 177, 0, 0
1063999, 225, 0, 0
1065000, 200, 0, 0
1065999, 228, 0, 0
1066999, 194, 0, 0
1068000, 196, 0, 0
1068999, 201, 0, 0
1069999, 238, 0, 0
1071000, 196, 0, 0
1072000, 209, 0, 0
1072999, 214, 0, 0
1074000, 203, 0, 0
1075000, 217, 0, 0
1075999, 205, 0, 0
1077000, 197, 0, 0
1078000, 200, 0, 0
1078999, 216, 0, 0
1080000, 184, 0, 0
1081000, 208, 0, 0
1081999, 210, 0, 0
1082999, 241, 0, 0
1084000, 209, 0, 0
1085000, 192, 0, 0
1085999, 197, 0, 0
1087000, 215, 0, 0
1088000, 191, 0, 0
1088999, 201, 0, 0
1090000, 209, 0, 0
1091000, 214, 0, 0
1091999, 195, 0, 0
1093000, 186, 0, 0
1093999, 186, 0, 0
1094999, 202, 0, 0
1096000, 193, 0, 0
1096999, 205, 0, 0
1097999, 208, 0, 0
1099000, 207, 0, 0
1099999, 203, 0, 0
1100999, 188, 0, 0
1102000, 204, 0, 0
1102999, 189, 0, 0
1103999, 208, 0, 0
1105000, 198, 0, 0
1105999, 219, 0, 0
1106999, 218, 0, 0
1108000, 194, 0, 0
1108999, 203, 0, 0
1109999, 195, 0, 0
1111000, 205, 0, 0
1111999, 187, 0, 0
1112999, 216, 0, 0
1114000, 208, 0, 0
1114999, 222, 0, 0
1115999, 201, 0, 0
1117000, 220, 0, 0
1117999, 210, 0, 0
1118999, 219, 0, 0
1120000, 203, 0, 0
1120999, 210, 0, 0
1121999, 178, 0, 0
1123000, 208, 0, 0
1123999, 198, 0, 0
1124999, 226, 0, 0
1126000, 194, 0, 0
1126999, 199, 0, 0
1127999, 202, 0, 0
1129000, 214, 0, 0
1130000, 208, 0, 0
1130999, 197, 0, 0
1132000, 180, 0, 0
1133000, 201, 0, 0
1133999, 211, 0, 0
1135000, 208, 0, 0
1136000, 214, 0, 0
1136999, 228, 0, 0
1138000, 189, 0, 0
1138999, 218, 0, 0
1139999, 236, 0, 0
1141000, 201, 0, 0
1141999, 229, 0, 0
1142999, 189, 0, 0
1144000, 200, 0, 0
1145000, 216, 0, 0
1145999, 211, 0, 0
1147000, 197, 0, 0
1147999, 199, 0, 0
1149000, 191, 0, 0
1150000, 223, 0, 0
1150999, 192, 0, 0
1151999, 195, 0, 0
1153000, 196, 0, 0
1153999, 237, 0, 0
1155000, 198, 0, 0
1156000, 198, 0, 0
1156999, 225, 0, 0
1158000, 199, 0, 0
1159000, 198, 0, 0
1159999, 217, 0, 0
1161000, 199, 0, 0
1162000, 175, 0, 0
1162999, 208, 0, 0
1164000, 213, 0, 0
1164999, 217, 0, 0
1165999, 192, 0, 0
1167000, 230, 0, 0
1168000, 217, 0, 0
1168999, 227, 0, 0
1170000, 203, 0, 0
1171000, 224, 0, 0
1171999, 195, 0, 0
1173000, 211, 0, 0
1174000, 248, 0, 0
1174999, 190, 0, 0
1176000, 199, 0, 0
1177000, 204, 0, 0
1177999, 202, 0, 0
1179000, 190, 0, 0
1180000, 193, 0, 0
1180999, 197, 0, 0
1182000, 204, 0, 0
1182999, 206, 0, 0
1183999, 206, 0, 0
1185000, 208, 0, 0
1186000, 193, 0, 0
1186999, 223, 0, 0
1188000, 219, 0, 0
1189000, 200, 0, 0
1189999, 205, 0, 0
1190999, 218, 0, 0
1192000, 197, 0, 0
1193000, 189, 0, 0
1193999, 226, 0, 0
1194999, 216, 0, 0
1196000, 174, 0, 0
1196999, 188, 0, 0
1197999, 223, 0, 0
1199000, 218, 0, 0
1199999, 218, 0, 0
1200999, 178, 0, 0
1202000, 211, 0, 0
1203000, 203, 0, 0
1203999, 205, 0, 0
1205000, 225, 0, 0
1205999, 223, 0, 0
1206999, 213, 0, 0
1208000, 209, 0, 0
1209000, 206, 0, 0
1209999, 211, 0, 0
1211000, 187, 0, 0
1212000, 184, 0, 0
1212999, 208, 0, 0
1214000, 201, 0, 0
1215000, 197, 0, 0
1215999, 235, 0, 0
1217000, 216, 0, 0
1218000, 199, 0, 0
1218999, 203, 0, 0
1220000, 223, 0, 0
1221000, 195, 0, 0
1221999, 215, 0, 0
1223000, 212, 0, 0
1224000, 232, 0, 0
1224999, 205, 0, 0
1226000, 202, 0, 0
1227000, 217, 0, 0
1227999, 201, 0, 0
1228999, 202, 0, 0
1230000, 218, 0, 0
1230999, 216, 0, 0
1232000, 202, 0, 0
1233000, 226, 0, 0
1233999, 195, 0, 0
1234999, 232, 0, 0
1236000, 222, 0, 0
1236999, 192, 0, 0
1237999, 208, 0, 0
1239000, 219, 0, 0
1239999, 219, 0, 0
1240999, 207, 0, 0
1242000, 198, 0, 0
1242999, 194, 0, 0
1243999, 182, 0, 0
1245000, 188, 0, 0
1245999, 204, 0, 0
1246999, 210, 0, 0
1248000, 206, 0, 0
1248999, 208, 0, 0
1249999, 205, 0, 0
1251000, 210, 0, 0
1251999, 203, 0, 0
1252999, 194, 0, 0
1254000, 187, 0, 0
1254999, 210, 0, 0
1255999, 204, 0, 0
1257000, 225, 0, 0
1258000, 199, 0, 0
1258999, 205, 0, 0
1260000, 199, 0, 0
1261000, 210, 0, 0
1261999, 194, 0, 0
1262999, 182, 0, 0
1264000, 184, 0, 0
1264999, 170, 0, 0
1265999, 225, 0, 0
1267000, 204, 0, 0
1267999, 211, 0, 0
1269000, 206, 0, 0
1270000, 202, 0, 0
1270999, 202, 0, 0
1271999, 214, 0, 0
1273000, 220, 0, 0
1273999, 202, 0, 0
1274999, 195, 0, 0
1276000, 242, 0, 0
1276999, 201, 0, 0
1277999, 204, 0, 0
1279000, 198, 0, 0
1279999, 201, 0, 0
1280999, 206, 0, 0
1282000, 219, 0, 0
1282999, 220, 0, 0
1283999, 199, 0, 0
1285000, 204, 0, 0
1286000, 204, 0, 0
1286999, 197, 0, 0
1288000, 208, 0, 0
1288999, 212, 0, 0
1289999, 199, 0, 0
1291000, 204, 0, 0
1291999, 187, 0, 0
1292999, 233, 0, 0
1294000, 204, 0, 0
1294999, 206, 0, 0
1295999, 232, 0, 0
1297000, 211, 0, 0
1298000, 223, 0, 0
1298999, 216, 0, 0
1300000, 198, 0, 0
1301000, 227, 0, 0
1301999, 209, 0, 0
1303000, 213, 0, 0
1304000, 199, 0, 0
1304999, 204, 0, 0
1306000, 180, 0, 0
1307000, 211, 0, 0
1307999, 192, 0, 0
1309000, 208, 0, 0
1310000, 204, 0, 0
1310999, 192, 0, 0
1312000, 220, 0, 0
1312999, 216, 0, 0
1313999, 220, 0, 0
1315000, 174, 0, 0
1315999, 195, 0, 0
1316999, 211, 0, 0
1318000, 200, 0, 0
1318999, 213, 0, 0
1320000, 194, 0, 0
1321000, 205, 0, 0
1321999, 202, 0, 0
1323000, 184, 0, 0
1324000, 190, 0, 0
1324999, 200, 0, 0
1325999, 186, 0, 0
1327000, 206, 0, 0
1327999, 231, 0, 0
1328999, 187, 0, 0
1330000, 206, 0, 0
1331000, 214, 0, 0
1331999, 207, 0, 0
1332999, 216, 0, 0
1334000, 224, 0, 0
1334999, 203, 0, 0
1335999, 222, 0, 0
1337000, 205, 0, 0
1337999, 217, 0, 0
1339000, 217, 0, 0
1340000, 225, 0, 0
1340999, 223, 0, 0
1342000, 207, 0, 0
1343000, 218, 0, 0
1343999, 181, 0, 0
1344999, 202, 0, 0
1346000, 202, 0, 0
1346999, 204, 0, 0
1347999, 204, 0, 0
1349000, 194, 0, 0
1349999, 212, 0, 0
1350999, 206, 0, 0
1352000, 192, 0, 0
1353000, 213, 0, 0
1353999, 182, 0, 0
1354999, 218, 0, 0
1356000, 210, 0, 0
1356999, 198, 0, 0
1357999, 202, 0, 0
1359000, 215, 0, 0
1360000, 204, 0, 0
1360999, 194, 0, 0
1361999, 216, 0, 0
1363000, 204, 0, 0
1363999, 223, 0, 0
1364999, 204, 0, 0
1366000, 195, 0, 0
1367000, 205, 0, 0
1367999, 191, 0, 0
1368999, 193, 0, 0
1370000, 231, 0, 0
1371000, 218, 0, 0
1371999, 186, 0, 0
1372999, 190, 0, 0
1374000, 195, 0, 0
1375000, 231, 0, 0
1375999, 194, 0, 0
1376999, 201, 0, 0
1378000, 193, 0, 0
1378999, 247, 0, 0
1379999, 204, 0, 0
1381000, 191, 0, 0
1381999, 212, 0, 0
1383000, 201, 0, 0
1384000, 212, 0, 0
1384999, 205, 0, 0
1386000, 184, 0, 0
1387000, 196, 0, 0
1387999, 208, 0, 0
1388999, 218, 0, 0
1390000, 202, 0, 0
1390999, 202, 0, 0
1391999, 192, 0, 0
1393000, 215, 0, 0
1394000, 221, 0, 0
1394999, 186, 0, 0
1396000, 205, 0, 0
1397000, 205, 0, 0
1397999, 215, 0, 0
1398999, 197, 0, 0
1400000, 216, 0, 0
1401000, 197, 0, 0
1401999, 189, 0, 0
1403000, 213, 0, 0
1403999, 194, 0, 0
1404999, 211, 0, 0
1406000, 213, 0, 0
1406999, 216, 0, 0
1407999, 209, 0, 0
1409000, 210, 0, 0
1409999, 216, 0, 0
1410999, 206, 0, 0
1412000, 214, 0, 0
1412999, 207, 0, 0
1413999, 200, 0, 0
1415000, 202, 0, 0
1415999, 229, 0, 0
1416999, 211, 0, 0
1418000, 189, 0, 0
1418999, 193, 0, 0
1419999, 211, 0, 0
1421000, 217, 0, 0
1421999, 186, 0, 0
1422999, 239, 0, 0
1424000, 191, 0, 0
1425000, 216, 0, 0
1425999, 194, 0, 0
1427000, 209, 0, 0
1428000, 197, 0, 0
1428999, 223, 0, 0
1429999, 218, 0, 0
1431000, 207, 0, 0
1432000, 206, 0, 0
1432999, 231, 0, 0
1434000, 190, 0, 0
1434999, 229, 0, 0
1435999, 223, 0, 0
1437000, 219, 0, 0
1437999, 217, 0, 0
1438999, 230, 0, 0
1440000, 213, 0, 0
1440999, 200, 0, 0
1441999, 196, 0, 0
1443000, 218, 0, 0
1443999, 197, 0, 0
1444999, 207, 0, 0
1446000, 215, 0, 0
1447000, 234, 0, 0
1447999, 248, 0, 0
1449000, 206, 0, 0
1450000, 222, 0, 0
1450999, 212, 0, 0
1452000, 202, 0, 0
1453000, 208, 0, 0
1453999, 202, 0, 0
1455000, 218, 0, 0
1456000, 199, 0, 0
1456999, 233, 0, 0
1458000, 194, 0, 0
1459000, 209, 0, 0
1459999, 222, 0, 0
1461000, 199, 0, 0
1462000, 224, 0, 0
1462999, 196, 0, 0
1464000, 200, 0, 0
1465000, 188, 0, 0
1465999, 227, 0, 0
1467000, 200, 0, 0
1468000, 228, 0, 0
1468999, 188, 0, 0
1469999, 202, 0, 0
1471000, 214, 0, 0
1471999, 210, 0, 0
1473000, 193, 0, 0
1474000, 208, 0, 0
1474999, 198, 0, 0
1476000, 193, 0, 0
1477000, 202, 0, 0
1477999, 216, 0, 0
1478999, 223, 0, 0
1480000, 214, 0, 0
1480999, 188, 0, 0
1481999, 203, 0, 0
1483000, 208, 0, 0
1484000, 224, 0, 0
1484999, 216, 0, 0
1486000, 203, 0, 0
1487000, 207, 0, 0
1487999, 204, 0, 0
1489000, 209, 0, 0
1490000, 193, 0, 0
1490999, 203, 0, 0
1492000, 225, 0, 0
1492999, 199, 0, 0
1493999, 228, 0, 0
1495000, 191, 0, 0
1495999, 219, 0, 0
1496999, 213, 0, 0
1498000, 221, 0, 0
1499000, 216, 0, 0
1499999, 198, 0, 0
1501000, 211, 0, 0
1502000, 182, 0, 0
1502999, 233, 0, 0
1503999, 221, 0, 0
1505000, 196, 0, 0
1505999, 216, 0, 0
1506999, 206, 0, 0
1508000, 213, 0, 0
1509000, 211, 0, 0
1509999, 183, 0, 0
1511000, 211, 0, 0
1512000, 231, 0, 0
1512999, 194, 0, 0
1513999, 221, 0, 0
1515000, 209, 0, 0
1515999, 199, 0, 0
1516999, 189, 0, 0
1518000, 194, 0, 0
1518999, 220, 0, 0
1519999, 215, 0, 0
1521000, 222, 0, 0
1522000, 230, 0, 0
1522999, 187, 0, 0
1524000, 223, 0, 0
1525000, 208, 0, 0
1525999, 198, 0, 0
1526999, 223, 0, 0
1528000, 208, 0, 0
1528999, 188, 0, 0
1529999, 189, 0, 0
1531000, 194, 0, 0
1531999, 231, 0, 0
1532999, 227, 0, 0
1534000, 222, 0, 0
1534999, 184, 0, 0
1535999, 217, 0, 0
1537000, 223, 0, 0
1537999, 177, 0, 0
1538999, 197, 0, 0
1540000, 217, 0, 0
1540999, 243, 0, 0
1541999, 207, 0, 0
1542999, 203, 0, 0
1544000, 204, 0, 0
1544999, 213, 0, 0
1545999, 225, 0, 0
1547000, 193, 0, 0
1547999, 226, 0, 0
1548999, 215, 0, 0
1550000, 234, 0, 0
1551000, 210, 0, 0
1551999, 197, 0, 0
1553000, 217, 0, 0
1553999, 197, 0, 0
1554999, 213, 0, 0
1556000, 183, 0, 0
1556999, 184, 0, 0
1557999, 214, 0, 0
1559000, 222, 0, 0
1560000, 189, 0, 0
1560999, 220, 0, 0
1562000, 215, 0, 0
1562999, 209, 0, 0
1563999, 220, 0, 0
1565000, 226, 0, 0
1566000, 230, 0, 0
1566999, 202, 0, 0
1568000, 210, 0, 0
1569000, 194, 0, 0
1569999, 232, 0, 0
1571000, 215, 0, 0
1572000, 216, 0, 0
1572999, 227, 0, 0
1573999, 199, 0, 0
1575000, 231, 0, 0
1576000, 200, 0, 0
1576999, 240, 0, 0
1578000, 179, 0, 0
1579000, 199, 0, 0
1579999, 206, 0, 0
1581000, 211, 0, 0
1582000, 225, 0, 0
1582999, 200, 0, 0
1584000, 193, 0, 0
1585000, 217, 0, 0
1585999, 203, 0, 0
1587000, 187, 0, 0
1588000, 211, 0, 0
1588999, 209, 0, 0
1589999, 204, 0, 0
1591000, 206, 0, 0
1591999, 225, 0, 0
1592999, 184, 0, 0
1594000, 197, 0, 0
1594999, 209, 0, 0
1595999, 190, 0, 0
1597000, 188, 0, 0
1597999, 224, 0, 0
1598999, 196, 0, 0
1600000, 216, 0, 0
1600999, 212, 0, 0
1601999, 191, 0, 0
1603000, 207, 0, 0
1603999, 217, 0, 0
1604999, 225, 0, 0
1606000, 204, 0, 0
1606999, 216, 0, 0
1607999, 196, 0, 0
1609000, 216, 0, 0
1609999, 216, 0, 0
1610999, 237, 0, 0
1612000, 212, 0, 0
1613000, 207, 0, 0
1613999, 223, 0, 0
1614999, 178, 0, 0
1616000, 192, 0, 0
1616999, 199, 0, 0
1617999, 231, 0, 0
1619000, 216, 0, 0
1619999, 213, 0, 0
1620999, 213, 0, 0
1622000, 205, 0, 0
1622999, 211, 0, 0
1624000, 211, 0, 0
1625000, 193, 0, 0
1625999, 230, 0, 0
1626999, 198, 0, 0
1628000, 224, 0, 0
1628999, 195, 0, 0
1629999, 200, 0, 0
1631000, 180, 0, 0
1631999, 213, 0, 0
1632999, 180, 0, 0
1634000, 215, 0, 0
1634999, 202, 0, 0
1635999, 210, 0, 0
1637000, 195, 0, 0
1637999, 222, 0, 0
1638999, 225, 0, 0
1640000, 208, 0, 0
1640999, 181, 0, 0
1641999, 221, 0, 0
1643000, 209, 0, 0
1643999, 177, 0, 0
1645000, 197, 0, 0
1646000, 186, 0, 0
1646999, 221, 0, 0
1647999, 210, 0, 0
1649000, 201, 0, 0
1649999, 232, 0, 0
1651000, 220, 0, 0
1652000, 218, 0, 0
1652999, 183, 0, 0
1653999, 238, 0, 0
1655000, 200, 0, 0
1655999, 198, 0, 0
1656999, 225, 0, 0
1658000, 195, 0, 0
1658999, 223, 0, 0
1659999, 201, 0, 0
1661000, 205, 0, 0
1661999, 215, 0, 0
1662999, 211, 0, 0
1664000, 202, 0, 0
1664999, 222, 0, 0
1666000, 212, 0, 0
1666999, 216, 0, 0
1667999, 219, 0, 0
1669000, 231, 0, 0
1669999, 197, 0, 0
1670999, 210, 0, 0
1672000, 205, 0, 0
1672999, 182, 0, 0
1673999, 229, 0, 0
1675000, 205, 0, 0
1676000, 221, 0, 0
1676999, 212, 0, 0
1678000, 205, 0, 0
1679000, 237, 0, 0
1679999, 194, 0, 0
1681000, 208, 0, 0
1681999, 200, 0, 0
1682999, 225, 0, 0
1684000, 207, 0, 0
1685000, 226, 0, 0
1685999, 228, 0, 0
1687000, 211, 0, 0
1688000, 220, 0, 0
1688999, 185, 0, 0
1690000, 194, 0, 0
1691000, 195, 0, 0
1691999, 191, 0, 0
1693000, 194, 0, 0
1693999, 191, 0, 0
1694999, 238, 0, 0
1696000, 233, 0, 0
1696999, 220, 0, 0
1697999, 214, 0, 0
1699000, 216, 0, 0
1699999, 221, 0, 0
1701000, 215, 0, 0
1702000, 188, 0, 0
1702999, 221, 0, 0
1704000, 226, 0, 0
1705000, 205, 0, 0
1705999, 219, 0, 0
1706999, 211, 0, 0
1708000, 207, 0, 0
1708999, 216, 0, 0
1709999, 220, 0, 0
1711000, 214, 0, 0
1711999, 185, 0, 0
1712999, 217, 0, 0
1714000, 205, 0, 0
1714999, 217, 0, 0
1715999, 198, 0, 0
1717000, 231, 0, 0
1717999, 192, 0, 0
1718999, 193, 0, 0
1720000, 219, 0, 0
1721000, 214, 0, 0
1721999, 207, 0, 0
1722999, 214, 0, 0
1724000, 199, 0, 0
1724999, 207, 0, 0
1725999, 193, 0, 0
1727000, 214, 0, 0
1727999, 181, 0, 0
1728999, 197, 0, 0
1730000, 191, 0, 0
1731000, 212, 0, 0
1731999, 222, 0, 0
1732999, 208, 0, 0
1734000, 215, 0, 0
1734999, 177, 0, 0
1735999, 217, 0, 0
1737000, 209, 0, 0
1738000, 201, 0, 0
1738999, 228, 0, 0
1740000, 207, 0, 0
1741000, 189, 0, 0
1741999, 211, 0, 0
1743000, 212, 0, 0
1744000, 218, 0, 0
1744999, 229, 0, 0
1745999, 213, 0, 0
1747000, 189, 0, 0
1747999, 192, 0, 0
1748999, 210, 0, 0
1750000, 196, 0, 0
1751000, 203, 0, 0
1751999, 202, 0, 0
1752999, 235, 0, 0
1754000, 205, 0, 0
1755000, 205, 0, 0
1755999, 205, 0, 0
1757000, 217, 0, 0
1758000, 188, 0, 0
1758999, 203, 0, 0
1759999, 245, 0, 0
1761000, 217, 0, 0
1762000, 196, 0, 0
1762999, 228, 0, 0
1764000, 217, 0, 0
1765000, 192, 0, 0
1765999, 217, 0, 0
1767000, 230, 0, 0
1768000, 216, 0, 0
1768999, 227, 0, 0
1770000, 228, 0, 0
1770999, 223, 0, 0
1771999, 217, 0, 0
1773000, 175, 0, 0
1774000, 212, 0, 0
1774999, 216, 0, 0
1776000, 206, 0, 0
1777000, 208, 0, 0
1777999, 204, 0, 0
1779000, 198, 0, 0
1779999, 230, 0, 0
1780999, 200, 0, 0
1782000, 202, 0, 0
1783000, 219, 0, 0
1783999, 195, 0, 0
1785000, 204, 0, 0
1786000, 209, 0, 0
1786999, 245, 0, 0
1788000, 199, 0, 0
1788999, 219, 0, 0
1789999, 188, 0, 0
1791000, 198, 0, 0
1792000, 198, 0, 0
1792999, 210, 0, 0
1793999, 223, 0, 0
1795000, 196, 0, 0
1796000, 206, 0, 0
1796999, 186, 0, 0
1798000, 209, 0, 0
1799000, 210, 0, 0
1799999, 210, 0, 0
