1011, 489730050, 0, 0
2026, 511103664, 0, 0
3041, 506239980, 0, 0
4036, 532678046, 0, 0
5014, 474193140, 0, 0
6054, 523350556, 0, 0
7025, 517358827, 0, 0
8011, 516223849, 0, 0
9064, 529593165, 0, 0
10032, 543088671, 0, 0
11063, 512397460, 0, 0
12010, 505899612, 0, 0
13036, 518973788, 0, 0
14059, 500922698, 0, 0
15061, 528269854, 0, 0
16042, 538941866, 0, 0
17003, 514694360, 0, 0
18021, 514471406, 0, 0
19013, 517558985, 0, 0
20057, 513756890, 0, 0
21019, 520337130, 0, 0
22000, 519837281, 0, 0
23000, 482052443, 0, 0
24036, 531858242, 0, 0
25028, 488663624, 0, 0
26033, 501143202, 0, 0
27008, 502650288, 0, 0
28053, 515101949, 0, 0
29049, 511050347, 0, 0
30037, 541772673, 0, 0
31021, 505536628, 0, 0
32055, 502028698, 0, 0
33003, 525204189, 0, 0
34043, 519594518, 0, 0
35026, 505781024, 0, 0
36000, 501649230, 0, 0
37008, 515707126, 0, 0
38043, 515903985, 0, 0
39060, 508392050, 0, 0
40036, 536605216, 0, 0
41055, 535638497, 0, 0
42014, 499855994, 0, 0
43039, 496258112, 0, 0
44025, 514640348, 0, 0
45052, 508393003, 0, 0
46048, 482400709, 0, 0
47016, 503253682, 0, 0
48043, 507302462, 0, 0
49018, 514192777, 0, 0
50051, 525943103, 0, 0
51000, 523709234, 0, 0
52055, 524380357, 0, 0
53013, 517537635, 0, 0
54040, 485352493, 0, 0
55062, 530375200, 0, 0
56028, 512323959, 0, 0
57041, 475816298, 0, 0
58007, 500548089, 0, 0
59047, 500236709, 0, 0
60042, 521575884, 0, 0
61025, 497338327, 0, 0
62030, 485858134, 0, 0
63054, 486357590, 0, 0
64005, 502575977, 0, 0
65051, 510672071, 0, 0
66064, 492511035, 0, 0
67007, 488988033, 0, 0
68050, 502735358, 0, 0
69009, 479491341, 0, 0
70013, 515403181, 0, 0
71008, 488033361, 0, 0
72041, 504913155, 0, 0
73057, 504080107, 0, 0
74012, 492549477, 0, 0
75050, 503787449, 0, 0
76043, 538391518, 0, 0
77028, 494999868, 0, 0
78060, 473747115, 0, 0
79006, 512930059, 0, 0
80016, 509100809, 0, 0
81005, 508250191, 0, 0
82042, 520882200, 0, 0
83068, 559836856, 0, 0
84007, 510128657, 0, 0
85008, 505874556, 0, 0
86027, 487989335, 0, 0
87028, 527158637, 0, 0
88003, 481103673, 0, 0
89024, 498297988, 0, 0
90074, 497272658, 0, 0
91054, 498883509, 0, 0
92014, 509041675, 0, 0
93016, 483063867, 0, 0
94055, 480667520, 0, 0
95027, 492900709, 0, 0
96011, 509030360, 0, 0
97059, 474175400, 0, 0
98020, 497064778, 0, 0
99022, 492162685, 0, 0
100038, 504849427, 0, 0
101056, 459024579, 0, 0
102032, 494043533, 0, 0
103002, 484650584, 0, 0
104001, 477674829, 0, 0
105054, 507462079, 0, 0
106057, 473491109, 0, 0
107035, 543441037, 0, 0
108019, 484231069, 0, 0
109061, 475442479, 0, 0
110004, 486943911, 0, 0
111026, 474603677, 0, 0
112052, 479266948, 0, 0
113055, 506953938, 0, 0
114005, 503244517, 0, 0
115016, 463799310, 0, 0
116048, 476420715, 0, 0
117010, 490748018, 0, 0
118007, 491249573, 0, 0
119000, 467705661, 0, 0
120049, 507002195, 0, 0
121056, 470953766, 0, 0
122035, 478470586, 0, 0
123050, 480533501, 0, 0
124025, 467860769, 0, 0
125029, 467215306, 0, 0
126019, 471508913, 0, 0
127036, 479721653, 0, 0
128005, 481150493, 0, 0
129012, 457734046, 0, 0
130051, 479997791, 0, 0
131018, 492072906, 0, 0
132002, 490501928, 0, 0
133064, 474390152, 0, 0
134013, 459742329, 0, 0
135016, 484883529, 0, 0
136070, 483729252, 0, 0
137051, 461621787, 0, 0
138048, 476325327, 0, 0
139052, 496486948, 0, 0
140026, 498231777, 0, 0
141024, 506331605, 0, 0
142053, 449994941, 0, 0
143046, 460715156, 0, 0
144012, 450864273, 0, 0
145037, 476072274, 0, 0
146031, 464204825, 0, 0
147040, 486983015, 0, 0
148022, 475180998, 0, 0
149011, 490814110, 0, 0
150001, 487856316, 0, 0
151028, 460686090, 0, 0
152053, 490601675, 0, 0
153044, 438757560, 0, 0
154040, 481814174, 0, 0
155012, 493514439, 0, 0
156007, 471902985, 0, 0
157028, 462745377, 0, 0
158036, 458175157, 0, 0
159017, 463465421, 0, 0
160022, 455502211, 0, 0
161046, 475776099, 0, 0
162032, 478976096, 0, 0
163036, 465110729, 0, 0
164041, 474983116, 0, 0
165058, 421426158, 0, 0
166005, 451197907, 0, 0
167047, 454259292, 0, 0
168013, 451132238, 0, 0
169045, 479844362, 0, 0
170067, 466541142, 0, 0
171042, 470031711, 0, 0
172034, 445052150, 0, 0
173018, 455030132, 0, 0
174014, 474037878, 0, 0
175001, 485902846, 0, 0
176048, 475021321, 0, 0
177032, 451036639, 0, 0
178031, 463646813, 0, 0
179007, 430606577, 0, 0
180007, 463080757, 0, 0
181061, 438259845, 0, 0
182021, 468748407, 0, 0
183064, 469041597, 0, 0
184036, 467587872, 0, 0
185026, 481538840, 0, 0
186037, 462636115, 0, 0
187059, 507112602, 0, 0
188009, 471723372, 0, 0
189050, 461677313, 0, 0
190012, 461670986, 0, 0
191044, 453978807, 0, 0
192021, 459647079, 0, 0
193022, 450140155, 0, 0
194021, 462675680, 0, 0
195033, 488353118, 0, 0
196027, 451508248, 0, 0
197007, 449794072, 0, 0
198038, 451814515, 0, 0
199035, 440882018, 0, 0
200057, 477320826, 0, 0
201063, 473921973, 0, 0
202014, 463260694, 0, 0
203034, 441572939, 0, 0
204072, 463621952, 0, 0
205032, 454907388, 0, 0
206029, 484039133, 0, 0
207023, 465586247, 0, 0
208059, 490695307, 0, 0
209031, 468819535, 0, 0
210005, 464354501, 0, 0
211045, 462961405, 0, 0
212045, 495687699, 0, 0
213047, 454355382, 0, 0
214009, 454172721, 0, 0
215025, 453088017, 0, 0
216045, 436985405, 0, 0
217009, 442972378, 0, 0
218013, 427600349, 0, 0
219021, 461841823, 0, 0
220044, 442456192, 0, 0
221016, 439043500, 0, 0
222023, 448981447, 0, 0
223047, 436778279, 0, 0
224038, 438313203, 0, 0
225066, 452836722, 0, 0
226026, 467057905, 0, 0
227035, 510036052, 0, 0
228050, 417142999, 0, 0
229007, 416173404, 0, 0
230067, 484178685, 0, 0
231035, 454190765, 0, 0
232010, 424836688, 0, 0
233008, 437544942, 0, 0
234006, 457132785, 0, 0
235024, 477495435, 0, 0
236015, 441628596, 0, 0
237045, 461284552, 0, 0
238045, 456262580, 0, 0
239014, 423979023, 0, 0
240008, 441704736, 0, 0
241018, 434594828, 0, 0
242047, 449686454, 0, 0
243014, 504254267, 0, 0
244038, 462231053, 0, 0
245015, 452857988, 0, 0
246005, 461185080, 0, 0
247013, 460797229, 0, 0
248008, 438407005, 0, 0
249030, 452791661, 0, 0
250040, 453388863, 0, 0
251048, 462362649, 0, 0
252006, 434367401, 0, 0
253039, 459752997, 0, 0
254013, 424862763, 0, 0
255012, 460476223, 0, 0
256042, 426952207, 0, 0
257033, 439057839, 0, 0
258051, 432576947, 0, 0
259028, 428973491, 0, 0
260002, 429958502, 0, 0
261045, 458062706, 0, 0
262058, 440730018, 0, 0
263003, 461500108, 0, 0
264025, 419690729, 0, 0
265050, 421803919, 0, 0
266056, 425074070, 0, 0
267012, 463161218, 0, 0
268038, 418648467, 0, 0
269003, 460284851, 0, 0
270028, 462155142, 0, 0
271043, 403467478, 0, 0
272006, 431586460, 0, 0
273033, 449831974, 0, 0
274010, 446130550, 0, 0
275041, 446545270, 0, 0
276005, 440203732, 0, 0
277045, 458948976, 0, 0
278051, 420302308, 0, 0
279013, 432762759, 0, 0
280054, 411864328, 0, 0
281004, 400314814, 0, 0
282049, 416602964, 0, 0
283029, 454595111, 0, 0
284059, 435185738, 0, 0
285063, 446826912, 0, 0
286054, 440544827, 0, 0
287028, 412028206, 0, 0
288043, 453159439, 0, 0
289033, 425024652, 0, 0
290053, 410416523, 0, 0
291045, 412163956, 0, 0
292027, 440920077, 0, 0
293067, 430979331, 0, 0
294056, 417588323, 0, 0
295042, 426547671, 0, 0
296048, 449167863, 0, 0
297016, 418219696, 0, 0
298054, 439810846, 0, 0
299000, 411253907, 0, 0
300023, 395520561, 0, 0
301005, 447103033, 0, 0
302049, 428520231, 0, 0
303034, 436446223, 0, 0
304034, 424442583, 0, 0
305007, 402278117, 0, 0
306047, 400888852, 0, 0
307009, 395976077, 0, 0
308031, 429655514, 0, 0
309051, 400299470, 0, 0
310008, 429736421, 0, 0
311017, 421789204, 0, 0
312000, 446598979, 0, 0
313043, 409264760, 0, 0
314044, 431020354, 0, 0
315014, 409947408, 0, 0
316000, 400432887, 0, 0
317055, 448001941, 0, 0
318048, 462021776, 0, 0
319033, 439428983, 0, 0
320056, 412513334, 0, 0
321041, 396700754, 0, 0
322016, 440686556, 0, 0
323053, 416435365, 0, 0
324055, 433777854, 0, 0
325055, 414662394, 0, 0
326033, 398167140, 0, 0
327069, 414374631, 0, 0
328039, 432802610, 0, 0
329051, 417102292, 0, 0
330042, 460089972, 0, 0
331002, 406492875, 0, 0
332007, 383318656, 0, 0
333047, 431301367, 0, 0
334059, 409368409, 0, 0
335018, 402593332, 0, 0
336039, 452772183, 0, 0
337017, 442102052, 0, 0
338061, 427386599, 0, 0
339021, 438378841, 0, 0
340000, 399298361, 0, 0
341006, 427161653, 0, 0
342041, 409863016, 0, 0
343021, 433592617, 0, 0
344045, 422535059, 0, 0
345028, 428085022, 0, 0
346042, 401201932, 0, 0
347023, 401364955, 0, 0
348022, 441583863, 0, 0
349036, 409501762, 0, 0
350043, 431360580, 0, 0
351009, 422549381, 0, 0
352021, 374457401, 0, 0
353018, 431120099, 0, 0
354020, 425139363, 0, 0
355035, 423494602, 0, 0
356069, 400960703, 0, 0
357008, 385536513, 0, 0
358037, 407866255, 0, 0
359028, 407105208, 0, 0
360060, 394699736, 0, 0
361011, 455828215, 0, 0
362060, 425013600, 0, 0
363035, 421511300, 0, 0
364030, 402566847, 0, 0
365007, 451472075, 0, 0
366017, 449906451, 0, 0
367004, 389853789, 0, 0
368008, 415786103, 0, 0
369019, 370899571, 0, 0
370044, 431826332, 0, 0
371057, 396408551, 0, 0
372046, 444805964, 0, 0
373017, 414836427, 0, 0
374008, 403399820, 0, 0
375020, 411201180, 0, 0
376035, 390133802, 0, 0
377064, 371535094, 0, 0
378004, 424037442, 0, 0
379015, 403625955, 0, 0
380016, 386083964, 0, 0
381005, 370225335, 0, 0
382003, 398354559, 0, 0
383050, 419645396, 0, 0
384008, 404421390, 0, 0
385042, 414081494, 0, 0
386042, 408215405, 0, 0
387020, 426430720, 0, 0
388049, 394290502, 0, 0
389046, 406372829, 0, 0
390071, 397295884, 0, 0
391006, 416588728, 0, 0
392058, 407227129, 0, 0
393023, 393462848, 0, 0
394001, 400713406, 0, 0
395013, 395930064, 0, 0
396042, 375280468, 0, 0
397033, 431772884, 0, 0
398003, 381287948, 0, 0
399036, 373106599, 0, 0
400020, 422290771, 0, 0
401002, 401824420, 0, 0
402065, 444644625, 0, 0
403038, 410359881, 0, 0
404073, 411268494, 0, 0
405019, 412241835, 0, 0
406005, 393934339, 0, 0
407016, 390062468, 0, 0
408032, 391620876, 0, 0
409054, 406384926, 0, 0
410021, 400998402, 0, 0
411051, 390065874, 0, 0
412017, 407335491, 0, 0
413021, 419475420, 0, 0
414032, 409487605, 0, 0
415009, 403932499, 0, 0
416043, 408144764, 0, 0
417042, 406487221, 0, 0
418005, 394853173, 0, 0
419030, 371134629, 0, 0
420051, 402603371, 0, 0
421057, 401707250, 0, 0
422017, 421570479, 0, 0
423005, 416354719, 0, 0
424033, 400230126, 0, 0
425022, 413509173, 0, 0
426062, 373055477, 0, 0
427035, 407241588, 0, 0
428024, 371029008, 0, 0
429038, 353464948, 0, 0
430046, 385574663, 0, 0
431027, 403534043, 0, 0
432022, 358998700, 0, 0
433020, 377748773, 0, 0
434052, 388673051, 0, 0
435055, 390958428, 0, 0
436024, 408109997, 0, 0
437019, 392073363, 0, 0
438029, 392608950, 0, 0
439044, 397004160, 0, 0
440033, 395190187, 0, 0
441034, 387947789, 0, 0
442026, 408132433, 0, 0
443053, 430951243, 0, 0
444027, 388874630, 0, 0
445012, 399717618, 0, 0
446059, 471352495, 0, 0
447040, 394435268, 0, 0
448002, 370291218, 0, 0
449004, 370111083, 0, 0
450028, 424700661, 0, 0
451004, 435301298, 0, 0
452024, 402306197, 0, 0
453042, 367986166, 0, 0
454023, 397783913, 0, 0
455052, 373791682, 0, 0
456017, 385540499, 0, 0
457023, 389339962, 0, 0
458042, 344267762, 0, 0
459059, 384050270, 0, 0
460025, 381560781, 0, 0
461015, 391343771, 0, 0
462026, 396229991, 0, 0
463015, 383634385, 0, 0
464042, 376451908, 0, 0
465014, 371226839, 0, 0
466074, 420617022, 0, 0
467015, 412074028, 0, 0
468055, 402636086, 0, 0
469031, 386761397, 0, 0
470012, 346140098, 0, 0
471030, 357275321, 0, 0
472029, 365270604, 0, 0
473024, 418113273, 0, 0
474043, 400348661, 0, 0
475009, 384420861, 0, 0
476003, 349092355, 0, 0
477017, 400310613, 0, 0
478009, 356821258, 0, 0
479055, 389576174, 0, 0
480006, 375528675, 0, 0
481032, 365904312, 0, 0
482034, 378959879, 0, 0
483050, 366690895, 0, 0
484033, 394103720, 0, 0
485051, 373322803, 0, 0
486063, 362379070, 0, 0
487012, 374122174, 0, 0
488032, 343083437, 0, 0
489019, 377245092, 0, 0
490036, 381818868, 0, 0
491026, 416667549, 0, 0
492058, 402407334, 0, 0
493021, 360399576, 0, 0
494001, 386666328, 0, 0
495043, 366772820, 0, 0
496011, 369607035, 0, 0
497008, 357957468, 0, 0
498009, 374660542, 0, 0
499066, 375813592, 0, 0
500024, 359589536, 0, 0
501059, 363560055, 0, 0
502064, 421534179, 0, 0
503043, 374828716, 0, 0
504066, 359435237, 0, 0
505030, 392627975, 0, 0
506050, 365513645, 0, 0
507008, 372521688, 0, 0
508035, 361794501, 0, 0
509028, 340059614, 0, 0
510058, 367620616, 0, 0
511046, 384258147, 0, 0
512064, 396190986, 0, 0
513037, 389470041, 0, 0
514062, 340205290, 0, 0
515024, 375665897, 0, 0
516041, 366838909, 0, 0
517081, 386665030, 0, 0
518004, 373770597, 0, 0
519047, 332980723, 0, 0
520009, 341730498, 0, 0
521004, 361037306, 0, 0
522045, 343679574, 0, 0
523063, 369377255, 0, 0
524012, 346883707, 0, 0
525053, 359150250, 0, 0
526018, 367622200, 0, 0
527044, 375273333, 0, 0
528034, 368407832, 0, 0
529053, 349120911, 0, 0
530005, 372309745, 0, 0
531050, 367784115, 0, 0
532010, 357795087, 0, 0
533023, 359400821, 0, 0
534001, 386322395, 0, 0
535009, 366306424, 0, 0
536038, 381144163, 0, 0
537015, 344765288, 0, 0
538045, 394167579, 0, 0
539022, 318059775, 0, 0
540036, 365913644, 0, 0
541040, 353727854, 0, 0
542009, 357025053, 0, 0
543029, 358816047, 0, 0
544054, 378418668, 0, 0
545013, 378291126, 0, 0
546012, 353864641, 0, 0
547002, 346125851, 0, 0
548050, 343286372, 0, 0
549013, 336589329, 0, 0
550044, 381639932, 0, 0
551044, 363719515, 0, 0
552057, 341738490, 0, 0
553026, 347082900, 0, 0
554008, 327136374, 0, 0
555060, 360544889, 0, 0
556064, 354359766, 0, 0
557026, 347023341, 0, 0
558009, 342946371, 0, 0
559012, 346355144, 0, 0
560046, 366446372, 0, 0
561051, 347585584, 0, 0
562012, 346953813, 0, 0
563042, 361641669, 0, 0
564007, 337256214, 0, 0
565003, 357131981, 0, 0
566020, 352680317, 0, 0
567040, 384189200, 0, 0
568021, 376380257, 0, 0
569025, 400362199, 0, 0
570057, 352920046, 0, 0
571009, 343145888, 0, 0
572015, 384845872, 0, 0
573018, 361416101, 0, 0
574013, 342460393, 0, 0
575032, 375751903, 0, 0
576011, 371373638, 0, 0
577038, 336867752, 0, 0
578027, 343062677, 0, 0
579011, 333626840, 0, 0
580012, 375525274, 0, 0
581047, 315141148, 0, 0
582047, 337468233, 0, 0
583045, 356581323, 0, 0
584055, 311835002, 0, 0
585030, 327360409, 0, 0
586032, 341029184, 0, 0
587001, 354950876, 0, 0
588011, 327988219, 0, 0
589044, 328851556, 0, 0
590055, 347372327, 0, 0
591017, 373885038, 0, 0
592057, 348392857, 0, 0
593016, 334252738, 0, 0
594060, 357176770, 0, 0
595189, 369568703, 0, 0
596030, 393427848, 0, 0
597049, 328632067, 0, 0
598011, 309173503, 0, 0
599059, 354047999, 0, 0
600030, 339380768, 0, 0
601036, 345489328, 0, 0
602011, 357809007, 0, 0
603060, 364806511, 0, 0
604015, 346088464, 0, 0
605017, 354482800, 0, 0
606035, 344726338, 0, 0
607021, 336037204, 0, 0
608055, 357372179, 0, 0
609010, 320457108, 0, 0
610052, 329310530, 0, 0
611070, 384292677, 0, 0
612051, 369524392, 0, 0
613037, 322584615, 0, 0
614051, 348337056, 0, 0
615008, 296585918, 0, 0
616053, 308702813, 0, 0
617016, 312680103, 0, 0
618003, 358312443, 0, 0
619009, 313468114, 0, 0
620038, 302804613, 0, 0
621018, 363903803, 0, 0
622038, 384646339, 0, 0
623019, 341590477, 0, 0
624003, 321454160, 0, 0
625062, 358289164, 0, 0
626022, 348505139, 0, 0
627008, 338094644, 0, 0
628002, 321816849, 0, 0
629050, 333111814, 0, 0
630008, 303269807, 0, 0
631005, 299765889, 0, 0
632057, 327317796, 0, 0
633025, 273065174, 0, 0
634022, 301700828, 0, 0
635047, 341722934, 0, 0
636031, 341222935, 0, 0
637025, 330049595, 0, 0
638007, 318514536, 0, 0
639045, 307011614, 0, 0
640036, 320285877, 0, 0
641015, 338119204, 0, 0
642027, 310240868, 0, 0
643056, 348278149, 0, 0
644020, 289305707, 0, 0
645018, 350413602, 0, 0
646059, 294236554, 0, 0
647034, 326573120, 0, 0
648062, 320186288, 0, 0
649021, 319890125, 0, 0
650002, 305324172, 0, 0
651005, 342921906, 0, 0
652060, 327511433, 0, 0
653054, 324530069, 0, 0
654024, 330329253, 0, 0
655001, 279163849, 0, 0
656034, 337221458, 0, 0
657007, 321622030, 0, 0
658016, 318893104, 0, 0
659026, 305254475, 0, 0
660040, 315011415, 0, 0
661057, 344856134, 0, 0
662060, 305874938, 0, 0
663021, 318801698, 0, 0
664052, 313527142, 0, 0
665068, 312619279, 0, 0
666048, 340608727, 0, 0
667024, 313064338, 0, 0
668011, 304534892, 0, 0
669004, 344866977, 0, 0
670037, 305012858, 0, 0
671015, 282414946, 0, 0
672021, 321396661, 0, 0
673018, 318392608, 0, 0
674062, 312982871, 0, 0
675006, 331277620, 0, 0
676014, 304683589, 0, 0
677029, 291070638, 0, 0
678050, 294706064, 0, 0
679023, 314408478, 0, 0
680037, 290462086, 0, 0
681059, 327661683, 0, 0
682032, 294310838, 0, 0
683031, 294357986, 0, 0
684001, 315132389, 0, 0
685046, 321054616, 0, 0
686031, 316271590, 0, 0
687054, 377474786, 0, 0
688041, 337336240, 0, 0
689002, 315332819, 0, 0
690022, 320690884, 0, 0
691001, 309530693, 0, 0
692025, 291781774, 0, 0
693062, 269505214, 0, 0
694037, 297681524, 0, 0
695049, 282308594, 0, 0
696062, 294204327, 0, 0
697048, 304064364, 0, 0
698027, 298809530, 0, 0
699019, 290203358, 0, 0
700010, 325633177, 0, 0
701037, 308121641, 0, 0
702016, 290639559, 0, 0
703059, 319213047, 0, 0
704008, 318858036, 0, 0
705023, 298973137, 0, 0
706004, 300268200, 0, 0
707049, 314019979, 0, 0
708014, 314322338, 0, 0
709002, 326288875, 0, 0
710004, 323992100, 0, 0
711027, 321148569, 0, 0
712057, 312058364, 0, 0
713054, 326958389, 0, 0
714055, 347112229, 0, 0
715049, 356267034, 0, 0
716016, 304285681, 0, 0
717006, 312604264, 0, 0
718051, 342726277, 0, 0
719003, 313480803, 0, 0
720040, 305543675, 0, 0
721050, 273259536, 0, 0
722026, 321646164, 0, 0
723002, 329501918, 0, 0
724038, 305346755, 0, 0
725000, 320278475, 0, 0
726037, 270234399, 0, 0
727021, 278290061, 0, 0
728062, 334758080, 0, 0
729000, 319247173, 0, 0
730033, 287024641, 0, 0
731050, 277384352, 0, 0
732032, 307690496, 0, 0
733004, 336573150, 0, 0
734051, 284069305, 0, 0
735028, 332749782, 0, 0
736039, 314790822, 0, 0
737032, 302390362, 0, 0
738033, 276056555, 0, 0
739057, 312829687, 0, 0
740031, 332626202, 0, 0
741047, 255993352, 0, 0
742058, 316641378, 0, 0
743043, 319420442, 0, 0
744009, 295802599, 0, 0
745046, 308051587, 0, 0
746021, 312611801, 0, 0
747039, 305294890, 0, 0
748028, 277475670, 0, 0
749013, 406585072, 0, 0
750039, 315431208, 0, 0
751033, 326525295, 0, 0
752013, 324676742, 0, 0
753028, 299027023, 0, 0
754065, 306974005, 0, 0
755058, 290073744, 0, 0
756028, 300456709, 0, 0
757023, 330357065, 0, 0
758036, 290045706, 0, 0
759010, 291224139, 0, 0
760005, 351432275, 0, 0
761062, 316373759, 0, 0
762050, 311181761, 0, 0
763008, 286245947, 0, 0
764053, 311903633, 0, 0
765032, 296536491, 0, 0
766063, 302408475, 0, 0
767023, 336968081, 0, 0
768022, 293168197, 0, 0
769015, 308440465, 0, 0
770056, 335312819, 0, 0
771021, 302185913, 0, 0
772017, 317191277, 0, 0
773034, 329887639, 0, 0
774022, 303314634, 0, 0
775038, 293767606, 0, 0
776002, 340213811, 0, 0
777037, 283002426, 0, 0
778009, 301026829, 0, 0
779040, 320333433, 0, 0
780064, 283324111, 0, 0
781028, 313336693, 0, 0
782032, 288991143, 0, 0
783023, 298957615, 0, 0
784038, 324027806, 0, 0
785005, 331575235, 0, 0
786032, 295662616, 0, 0
787065, 290612834, 0, 0
788062, 337473019, 0, 0
789055, 281584097, 0, 0
790012, 314909302, 0, 0
791031, 310928789, 0, 0
792053, 298335456, 0, 0
793052, 333595061, 0, 0
794014, 343644519, 0, 0
795059, 335912724, 0, 0
796016, 289184636, 0, 0
797031, 292705443, 0, 0
798000, 309695271, 0, 0
799055, 302536594, 0, 0
800032, 306278231, 0, 0
801011, 318732933, 0, 0
802046, 304335940, 0, 0
803028, 311202877, 0, 0
804033, 303722253, 0, 0
805057, 268280041, 0, 0
806042, 305239487, 0, 0
807013, 348424862, 0, 0
808013, 301588236, 0, 0
809022, 310014599, 0, 0
810045, 339669601, 0, 0
811045, 309100677, 0, 0
812019, 297109871, 0, 0
813007, 347599808, 0, 0
814001, 291704305, 0, 0
815042, 328273857, 0, 0
816029, 283916075, 0, 0
817052, 325488105, 0, 0
818024, 308733006, 0, 0
819004, 317198151, 0, 0
820050, 288595366, 0, 0
821032, 287526789, 0, 0
822027, 309578833, 0, 0
823061, 316088749, 0, 0
824007, 322891320, 0, 0
825055, 303869325, 0, 0
826030, 283704106, 0, 0
827018, 313726460, 0, 0
828055, 315336148, 0, 0
829014, 336797650, 0, 0
830002, 337351241, 0, 0
831047, 315097734, 0, 0
832004, 288918949, 0, 0
833001, 325087291, 0, 0
834037, 307614172, 0, 0
835022, 344221213, 0, 0
836028, 318540987, 0, 0
837007, 295825320, 0, 0
838003, 299689383, 0, 0
839027, 258731350, 0, 0
840025, 311804350, 0, 0
841059, 322122755, 0, 0
842001, 357195940, 0, 0
843058, 321828747, 0, 0
844034, 297859405, 0, 0
845048, 320007370, 0, 0
846045, 322448771, 0, 0
847031, 278204573, 0, 0
848044, 312491669, 0, 0
849021, 323732089, 0, 0
850004, 294466523, 0, 0
851033, 277595879, 0, 0
852024, 294961758, 0, 0
853049, 289377812, 0, 0
854016, 308760353, 0, 0
855005, 303598852, 0, 0
856024, 315257944, 0, 0
857024, 334626045, 0, 0
858039, 308229421, 0, 0
859007, 334994720, 0, 0
860039, 323304792, 0, 0
861006, 278721040, 0, 0
862025, 289452351, 0, 0
863029, 354288042, 0, 0
864031, 317050998, 0, 0
865029, 289569886, 0, 0
866041, 336680496, 0, 0
867064, 296484087, 0, 0
868047, 344700759, 0, 0
869054, 290814568, 0, 0
870017, 319660799, 0, 0
871032, 346395991, 0, 0
872010, 307189060, 0, 0
873000, 312704654, 0, 0
874028, 317978810, 0, 0
875048, 301624461, 0, 0
876017, 275909482, 0, 0
877022, 307164308, 0, 0
878050, 308899830, 0, 0
879000, 313916719, 0, 0
880046, 318962805, 0, 0
881014, 296973918, 0, 0
882050, 282446467, 0, 0
883023, 309402478, 0, 0
884011, 307707614, 0, 0
885048, 280144013, 0, 0
886016, 295959313, 0, 0
887001, 306485498, 0, 0
888021, 325360864, 0, 0
889050, 284128846, 0, 0
890029, 295802162, 0, 0
891052, 284438833, 0, 0
892016, 310066859, 0, 0
893032, 313413794, 0, 0
894037, 296735338, 0, 0
895008, 301586691, 0, 0
896042, 360967649, 0, 0
897016, 313212985, 0, 0
898022, 344819987, 0, 0
899050, 337031841, 0, 0
900065, 309077619, 0, 0
901057, 320284912, 0, 0
902015, 317615226, 0, 0
903045, 332995684, 0, 0
904042, 306780987, 0, 0
905050, 331110075, 0, 0
906033, 288541373, 0, 0
907071, 275502029, 0, 0
908020, 350709177, 0, 0
909039, 309436532, 0, 0
910015, 303831114, 0, 0
911058, 335356186, 0, 0
912038, 335622336, 0, 0
913013, 298785363, 0, 0
914071, 275384217, 0, 0
915035, 307537896, 0, 0
916038, 320404057, 0, 0
917000, 310076726, 0, 0
918023, 301168368, 0, 0
919024, 314592491, 0, 0
920057, 310546575, 0, 0
921047, 306044133, 0, 0
922001, 303721724, 0, 0
923047, 316733789, 0, 0
924022, 291233184, 0, 0
925010, 325121698, 0, 0
926005, 282397613, 0, 0
927061, 327153427, 0, 0
928065, 328574589, 0, 0
929029, 310859167, 0, 0
930048, 338753080, 0, 0
931020, 333813906, 0, 0
932001, 342465375, 0, 0
933063, 363679965, 0, 0
934014, 297841620, 0, 0
935034, 295311764, 0, 0
936055, 294468736, 0, 0
937052, 316397984, 0, 0
938032, 309872464, 0, 0
939026, 302469689, 0, 0
940050, 296802104, 0, 0
941066, 299819156, 0, 0
942039, 322784142, 0, 0
943008, 314299819, 0, 0
944026, 313497384, 0, 0
945032, 298664251, 0, 0
946041, 320758397, 0, 0
947000, 297519722, 0, 0
948023, 312080901, 0, 0
949022, 302723493, 0, 0
950043, 329185529, 0, 0
951057, 323418585, 0, 0
952008, 336427331, 0, 0
953030, 286993633, 0, 0
954045, 297853100, 0, 0
955028, 301150966, 0, 0
956051, 303418794, 0, 0
957014, 294349410, 0, 0
958004, 299783280, 0, 0
959070, 301929845, 0, 0
960056, 303430102, 0, 0
961040, 321746524, 0, 0
962035, 314831714, 0, 0
963050, 303147306, 0, 0
964022, 324366916, 0, 0
965023, 299181183, 0, 0
966006, 319471527, 0, 0
967070, 331154159, 0, 0
968033, 323969283, 0, 0
969032, 327939909, 0, 0
970001, 313446052, 0, 0
971054, 342164673, 0, 0
972005, 289322763, 0, 0
973044, 298559411, 0, 0
974004, 307040092, 0, 0
975058, 332616609, 0, 0
976050, 316194767, 0, 0
977059, 314414902, 0, 0
978041, 309814733, 0, 0
979041, 314162505, 0, 0
980045, 298748886, 0, 0
981020, 287398645, 0, 0
982041, 314719579, 0, 0
983031, 269013769, 0, 0
984018, 318525943, 0, 0
985041, 336716474, 0, 0
986058, 319032829, 0, 0
987022, 335388101, 0, 0
988057, 321655453, 0, 0
989003, 326159760, 0, 0
990044, 314311266, 0, 0
991021, 319909374, 0, 0
992002, 304029198, 0, 0
993055, 310479903, 0, 0
994017, 317463400, 0, 0
995059, 289273850, 0, 0
996029, 305687335, 0, 0
997029, 286437754, 0, 0
998058, 282653665, 0, 0
999002, 300759854, 0, 0
1000063, 311772623, 0, 0
1001011, 323151330, 0, 0
1002050, 301343151, 0, 0
1003067, 309319272, 0, 0
1004047, 308674819, 0, 0
1005043, 311814944, 0, 0
1006053, 303653768, 0, 0
1007005, 281416778, 0, 0
1008010, 339077551, 0, 0
1009037, 289799251, 0, 0
1010025, 330396765, 0, 0
1011059, 316531160, 0, 0
1012016, 305269794, 0, 0
1013064, 304067902, 0, 0
1014032, 324592651, 0, 0
1015003, 327244547, 0, 0
1016009, 292635321, 0, 0
1017054, 330571555, 0, 0
1018002, 286754040, 0, 0
1019054, 320646528, 0, 0
1020034, 326168769, 0, 0
1021040, 320125566, 0, 0
1022032, 308622544, 0, 0
1023049, 331014074, 0, 0
1024002, 305610814, 0, 0
1025008, 328370658, 0, 0
1026010, 339519948, 0, 0
1027008, 298562940, 0, 0
1028010, 277529658, 0, 0
1029048, 306391284, 0, 0
1030034, 303186734, 0, 0
1031051, 311475051, 0, 0
1032049, 344953467, 0, 0
1033000, 343350174, 0, 0
1034002, 355929203, 0, 0
1035008, 329747909, 0, 0
1036002, 294663498, 0, 0
1037033, 327672695, 0, 0
1038001, 318595660, 0, 0
1039005, 313035642, 0, 0
1040030, 335084289, 0, 0
1041014, 305979716, 0, 0
1042035, 320108144, 0, 0
1043011, 309388829, 0, 0
1044004, 302096271, 0, 0
1045039, 326824039, 0, 0
1046056, 291858675, 0, 0
1047056, 320637332, 0, 0
1048017, 358329718, 0, 0
1049006, 316419766, 0, 0
1050054, 295836185, 0, 0
1051026, 308355594, 0, 0
1052052, 322653237, 0, 0
1053037, 300323951, 0, 0
1054020, 322009495, 0, 0
1055038, 301843950, 0, 0
1056053, 310338130, 0, 0
1057036, 328285706, 0, 0
1058014, 281701483, 0, 0
1059038, 296639602, 0, 0
1060050, 344432741, 0, 0
1061046, 291682041, 0, 0
1062064, 346074296, 0, 0
1063019, 274077335, 0, 0
1064037, 314612109, 0, 0
1065034, 309366545, 0, 0
1066030, 298328845, 0, 0
1067032, 306319899, 0, 0
1068035, 347035657, 0, 0
1069055, 307634673, 0, 0
1070026, 317153527, 0, 0
1071048, 358337985, 0, 0
1072014, 323803000, 0, 0
1073016, 322679582, 0, 0
1074010, 357989912, 0, 0
1075017, 315920012, 0, 0
1076003, 374141397, 0, 0
1077041, 325210786, 0, 0
1078030, 291971640, 0, 0
1079057, 308586317, 0, 0
1080025, 284872954, 0, 0
1081054, 299195892, 0, 0
1082015, 337973440, 0, 0
1083020, 320104385, 0, 0
1084022, 322827357, 0, 0
1085038, 309561138, 0, 0
1086045, 321343639, 0, 0
1087028, 299962295, 0, 0
1088049, 333420342, 0, 0
1089031, 328329085, 0, 0
1090050, 314829710, 0, 0
1091031, 298704140, 0, 0
1092055, 323764829, 0, 0
1093004, 321766060, 0, 0
1094028, 307091233, 0, 0
1095066, 291307037, 0, 0
1096053, 311038627, 0, 0
1097037, 292660675, 0, 0
1098030, 317500687, 0, 0
1099050, 312671949, 0, 0
1100042, 310124353, 0, 0
1101048, 323887106, 0, 0
1102053, 315405230, 0, 0
1103037, 312767578, 0, 0
1104021, 301522588, 0, 0
1105004, 297272379, 0, 0
1106046, 329418424, 0, 0
1107050, 319055099, 0, 0
1108005, 328081577, 0, 0
1109050, 325883433, 0, 0
1110001, 308750797, 0, 0
1111022, 309211210, 0, 0
1112045, 288147738, 0, 0
1113046, 306896998, 0, 0
1114035, 290989760, 0, 0
1115029, 305494647, 0, 0
1116064, 304341885, 0, 0
1117040, 288598521, 0, 0
1118034, 299465075, 0, 0
1119042, 341883074, 0, 0
1120021, 284955366, 0, 0
1121038, 339913008, 0, 0
1122039, 310901223, 0, 0
1123026, 299837729, 0, 0
1124006, 293155849, 0, 0
1125015, 317120017, 0, 0
1126028, 294072265, 0, 0
1127032, 326352238, 0, 0
1128006, 311592407, 0, 0
1129026, 286244505, 0, 0
1130015, 318038656, 0, 0
1131010, 328844468, 0, 0
1132047, 275528914, 0, 0
1133064, 292931297, 0, 0
1134036, 320463128, 0, 0
1135024, 290984895, 0, 0
1136013, 320319097, 0, 0
1137030, 308718670, 0, 0
1138053, 314016325, 0, 0
1139026, 297836066, 0, 0
1140045, 300291727, 0, 0
1141005, 316446775, 0, 0
1142049, 318097014, 0, 0
1143017, 317096916, 0, 0
1144009, 268678234, 0, 0
1145044, 306222120, 0, 0
1146013, 304089026, 0, 0
1147054, 309693726, 0, 0
1148013, 337428865, 0, 0
1149040, 338222877, 0, 0
1150032, 322517631, 0, 0
1151021, 288873084, 0, 0
1152044, 316074590, 0, 0
1153062, 345717857, 0, 0
1154053, 281518957, 0, 0
1155036, 305730049, 0, 0
1156029, 322313047, 0, 0
1157043, 351184114, 0, 0
1158049, 282394367, 0, 0
1159023, 310115426, 0, 0
1160039, 295290682, 0, 0
1161064, 272791453, 0, 0
1162039, 304122680, 0, 0
1163057, 306906679, 0, 0
1164005, 317627333, 0, 0
1165004, 299754109, 0, 0
1166041, 287831001, 0, 0
1167002, 289300652, 0, 0
1168005, 276156505, 0, 0
1169011, 281980833, 0, 0
1170060, 320706120, 0, 0
1171056, 301304402, 0, 0
1172022, 270297755, 0, 0
1173017, 307561589, 0, 0
1174012, 319682763, 0, 0
1175022, 309596879, 0, 0
1176059, 292425166, 0, 0
1177001, 305198556, 0, 0
1178019, 331368187, 0, 0
1179025, 282749447, 0, 0
1180003, 329550696, 0, 0
1181034, 271862169, 0, 0
1182016, 298231109, 0, 0
1183026, 301960836, 0, 0
1184046, 299150183, 0, 0
1185016, 301677460, 0, 0
1186006, 294237442, 0, 0
1187011, 279802785, 0, 0
1188032, 302245149, 0, 0
1189009, 324165752, 0, 0
1190032, 278415260, 0, 0
1191006, 330425032, 0, 0
1192062, 316441751, 0, 0
1193052, 332755567, 0, 0
1194048, 314733101, 0, 0
1195024, 316383587, 0, 0
1196013, 342824416, 0, 0
1197022, 314563719, 0, 0
1198036, 261674177, 0, 0
1199050, 281261194, 0, 0
1200000, 333065822, 0, 0
1201051, 301533309, 0, 0
1202036, 291180082, 0, 0
1203029, 301475686, 0, 0
1204044, 310099244, 0, 0
1205000, 337879813, 0, 0
1206025, 291788476, 0, 0
1207008, 294695915, 0, 0
1208032, 328482263, 0, 0
1209005, 310312372, 0, 0
1210041, 326860849, 0, 0
1211009, 296266942, 0, 0
1212020, 315978895, 0, 0
1213046, 332004856, 0, 0
1214036, 306989800, 0, 0
1215001, 298361387, 0, 0
1216003, 323547951, 0, 0
1217053, 321000741, 0, 0
1218018, 305829041, 0, 0
1219034, 294493368, 0, 0
1220017, 315925674, 0, 0
1221044, 288676080, 0, 0
1222053, 326266815, 0, 0
1223060, 349214609, 0, 0
1224060, 343507032, 0, 0
1225039, 350311401, 0, 0
1226049, 359224903, 0, 0
1227050, 316304314, 0, 0
1228002, 272175787, 0, 0
1229058, 324464906, 0, 0
1230063, 305526450, 0, 0
1231012, 308918097, 0, 0
1232052, 347009120, 0, 0
1233032, 313560572, 0, 0
1234054, 303508335, 0, 0
1235033, 321693402, 0, 0
1236055, 286511703, 0, 0
1237053, 329197851, 0, 0
1238051, 304306822, 0, 0
1239040, 314902141, 0, 0
1240046, 284806461, 0, 0
1241009, 311185928, 0, 0
1242056, 315686037, 0, 0
1243052, 305519136, 0, 0
1244004, 316032778, 0, 0
1245035, 325841839, 0, 0
1246019, 335353786, 0, 0
1247016, 352013396, 0, 0
1248012, 321927220, 0, 0
1249008, 292032980, 0, 0
1250037, 312269573, 0, 0
1251076, 316765056, 0, 0
1252046, 313764981, 0, 0
1253032, 294694622, 0, 0
1254003, 343554256, 0, 0
1255012, 314684701, 0, 0
1256063, 322915559, 0, 0
1257068, 311097283, 0, 0
1258040, 335164658, 0, 0
1259032, 286974660, 0, 0
1260047, 297170097, 0, 0
1261005, 297140232, 0, 0
1262030, 290649930, 0, 0
1263038, 326610082, 0, 0
1264015, 322904771, 0, 0
1265017, 316877213, 0, 0
1266046, 279240755, 0, 0
1267011, 303183447, 0, 0
1268030, 305749919, 0, 0
1269015, 324442624, 0, 0
1270041, 301049412, 0, 0
1271068, 271257547, 0, 0
1272018, 310777591, 0, 0
1273051, 251997216, 0, 0
1274007, 307642345, 0, 0
1275004, 321481580, 0, 0
1276040, 317172849, 0, 0
1277027, 315540460, 0, 0
1278038, 291280355, 0, 0
1279013, 310833492, 0, 0
1280045, 308374150, 0, 0
1281054, 296214406, 0, 0
1282025, 291092444, 0, 0
1283055, 323642363, 0, 0
1284016, 291131367, 0, 0
1285008, 312561977, 0, 0
1286019, 300539925, 0, 0
1287009, 301047153, 0, 0
1288067, 325609409, 0, 0
1289018, 341029105, 0, 0
1290040, 295319056, 0, 0
1291008, 288716057, 0, 0
1292063, 305750921, 0, 0
1293011, 289201206, 0, 0
1294050, 291989433, 0, 0
1295001, 264996358, 0, 0
1296034, 281979626, 0, 0
1297021, 295052919, 0, 0
1298067, 312247150, 0, 0
1299024, 283205357, 0, 0
1300003, 302355906, 0, 0
1301040, 303306973, 0, 0
1302009, 318430050, 0, 0
1303051, 317390715, 0, 0
1304023, 290119709, 0, 0
1305042, 303301822, 0, 0
1306005, 305738710, 0, 0
1307013, 297699201, 0, 0
1308015, 293806764, 0, 0
1309022, 320433237, 0, 0
1310059, 309043591, 0, 0
1311051, 342233354, 0, 0
1312052, 297022878, 0, 0
1313013, 315369667, 0, 0
1314046, 318668138, 0, 0
1315047, 284772329, 0, 0
1316054, 323112858, 0, 0
1317034, 319649524, 0, 0
1318026, 338239118, 0, 0
1319051, 305845000, 0, 0
1320036, 317889705, 0, 0
1321040, 334169703, 0, 0
1322020, 310795776, 0, 0
1323046, 317279793, 0, 0
1324005, 282299494, 0, 0
1325080, 279797278, 0, 0
1326038, 317050346, 0, 0
1327017, 288445914, 0, 0
1328030, 267317956, 0, 0
1329012, 297827988, 0, 0
1330026, 301923800, 0, 0
1331039, 305877459, 0, 0
1332035, 311204989, 0, 0
1333057, 315794287, 0, 0
1334003, 300351523, 0, 0
1335065, 277352348, 0, 0
1336009, 299890912, 0, 0
1337038, 300435093, 0, 0
1338021, 300318213, 0, 0
1339055, 329133340, 0, 0
1340024, 295846767, 0, 0
1341057, 349134040, 0, 0
1342006, 332015487, 0, 0
1343021, 296539670, 0, 0
1344043, 314965314, 0, 0
1345036, 315013164, 0, 0
1346028, 280591720, 0, 0
1347028, 296493700, 0, 0
1348008, 286424798, 0, 0
1349027, 299452731, 0, 0
1350057, 327949815, 0, 0
1351007, 263141498, 0, 0
1352065, 282148480, 0, 0
1353048, 310744494, 0, 0
1354010, 313241436, 0, 0
1355021, 281214566, 0, 0
1356016, 266973135, 0, 0
1357007, 303936577, 0, 0
1358003, 310937607, 0, 0
1359005, 306591517, 0, 0
1360004, 334445580, 0, 0
1361019, 337174284, 0, 0
1362045, 316071466, 0, 0
1363026, 319181280, 0, 0
1364042, 313938895, 0, 0
1365026, 335833187, 0, 0
1366021, 357871129, 0, 0
1367010, 335038816, 0, 0
1368032, 297001978, 0, 0
1369025, 319079573, 0, 0
1370040, 305066861, 0, 0
1371056, 292474177, 0, 0
1372037, 299580229, 0, 0
1373044, 278947584, 0, 0
1374043, 307687703, 0, 0
1375050, 306481725, 0, 0
1376008, 289971476, 0, 0
1377013, 323346388, 0, 0
1378027, 315842046, 0, 0
1379045, 300083354, 0, 0
1380003, 282388606, 0, 0
1381051, 295184084, 0, 0
1382025, 317312509, 0, 0
1383010, 298041390, 0, 0
1384000, 316323379, 0, 0
1385015, 301834560, 0, 0
1386071, 284670773, 0, 0
1387045, 316152094, 0, 0
1388049, 319875734, 0, 0
1389036, 279425486, 0, 0
1390032, 298051882, 0, 0
1391022, 310891962, 0, 0
1392000, 348324561, 0, 0
1393057, 280518221, 0, 0
1394011, 299303109, 0, 0
1395056, 309515854, 0, 0
1396067, 316384846, 0, 0
1397000, 309656967, 0, 0
1398039, 301134757, 0, 0
1399053, 314554011, 0, 0
1400049, 307094129, 0, 0
1401002, 314916640, 0, 0
1402004, 317643556, 0, 0
1403047, 334751406, 0, 0
1404011, 305130769, 0, 0
1405057, 321903443, 0, 0
1406006, 313876229, 0, 0
1407028, 293317480, 0, 0
1408043, 301304346, 0, 0
1409014, 300193591, 0, 0
1410024, 352991142, 0, 0
1411014, 299381982, 0, 0
1412024, 320757792, 0, 0
1413034, 306663703, 0, 0
1414047, 323978299, 0, 0
1415014, 310018335, 0, 0
1416009, 315721817, 0, 0
1417063, 266896443, 0, 0
1418045, 296603685, 0, 0
1419044, 339706861, 0, 0
1420010, 288039129, 0, 0
1421056, 299073601, 0, 0
1422044, 305743901, 0, 0
1423033, 307651353, 0, 0
1424014, 323384573, 0, 0
1425041, 315790050, 0, 0
1426011, 279018671, 0, 0
1427046, 346873759, 0, 0
1428018, 333110027, 0, 0
1429062, 304917607, 0, 0
1430055, 322989791, 0, 0
1431057, 270898585, 0, 0
1432019, 327558246, 0, 0
1433037, 297646840, 0, 0
1434056, 313756583, 0, 0
1435056, 298755268, 0, 0
1436012, 279840970, 0, 0
1437009, 294395012, 0, 0
1438011, 282170901, 0, 0
1439025, 326614462, 0, 0
1440045, 289363973, 0, 0
1441047, 302710049, 0, 0
1442002, 290512754, 0, 0
1443040, 283337556, 0, 0
1444046, 355268618, 0, 0
1445051, 343462752, 0, 0
1446045, 306977254, 0, 0
1447067, 305041938, 0, 0
1448025, 255345762, 0, 0
1449051, 333597317, 0, 0
1450049, 289734892, 0, 0
1451011, 335117945, 0, 0
1452035, 296559026, 0, 0
1453007, 304443397, 0, 0
1454015, 305789499, 0, 0
1455000, 288499886, 0, 0
1456060, 292897292, 0, 0
1457056, 303148909, 0, 0
1458020, 311659558, 0, 0
1459047, 316771641, 0, 0
1460002, 317524740, 0, 0
1461040, 313093533, 0, 0
1462017, 303463975, 0, 0
1463050, 316363959, 0, 0
1464062, 315089818, 0, 0
1465035, 319554423, 0, 0
1466003, 279068408, 0, 0
1467019, 321432404, 0, 0
1468073, 318000331, 0, 0
1469046, 327279849, 0, 0
1470032, 316164532, 0, 0
1471002, 309340175, 0, 0
1472013, 339286097, 0, 0
1473056, 298779439, 0, 0
1474011, 284533305, 0, 0
1475006, 280743582, 0, 0
1476030, 309826546, 0, 0
1477001, 276292936, 0, 0
1478020, 326345318, 0, 0
1479046, 309024108, 0, 0
1480034, 334190929, 0, 0
1481021, 314057091, 0, 0
1482006, 290601089, 0, 0
1483014, 333493570, 0, 0
1484004, 344431667, 0, 0
1485058, 316789070, 0, 0
1486024, 257580183, 0, 0
1487002, 305761452, 0, 0
1488041, 302549150, 0, 0
1489025, 306030284, 0, 0
1490020, 311425808, 0, 0
1491034, 307862006, 0, 0
1492053, 292583260, 0, 0
1493010, 279716869, 0, 0
1494030, 313393133, 0, 0
1495011, 309098320, 0, 0
1496029, 300832113, 0, 0
1497050, 301359082, 0, 0
1498064, 322497833, 0, 0
1499013, 359278025, 0, 0
1500038, 298410286, 0, 0
1501068, 298990102, 0, 0
1502020, 315869945, 0, 0
1503046, 303352426, 0, 0
1504060, 319770829, 0, 0
1505016, 330324278, 0, 0
1506010, 306358414, 0, 0
1507046, 299045165, 0, 0
1508004, 299399879, 0, 0
1509021, 309860697, 0, 0
1510002, 303583127, 0, 0
1511047, 270176687, 0, 0
1512007, 286607853, 0, 0
1513023, 293316977, 0, 0
1514050, 330639018, 0, 0
1515022, 297594013, 0, 0
1516018, 272576761, 0, 0
1517053, 307544775, 0, 0
1518024, 294217748, 0, 0
1519052, 305262257, 0, 0
1520053, 287910327, 0, 0
1521016, 290122567, 0, 0
1522013, 305133828, 0, 0
1523014, 374579886, 0, 0
1524056, 308443695, 0, 0
1525039, 316261465, 0, 0
1526005, 298681630, 0, 0
1527000, 298864237, 0, 0
1528026, 263292540, 0, 0
1529003, 289429722, 0, 0
1530001, 323834109, 0, 0
1531038, 285740608, 0, 0
1532016, 330152768, 0, 0
1533018, 288884706, 0, 0
1534033, 298314933, 0, 0
1535022, 296105641, 0, 0
1536056, 295817012, 0, 0
1537017, 339244177, 0, 0
1538015, 272557676, 0, 0
1539036, 304751586, 0, 0
1540066, 297479161, 0, 0
1541009, 313506444, 0, 0
1542008, 315398638, 0, 0
1543022, 313407237, 0, 0
1544048, 271197815, 0, 0
1545015, 299695561, 0, 0
1546000, 317116042, 0, 0
1547007, 306150754, 0, 0
1548006, 309007328, 0, 0
1549006, 268342728, 0, 0
1550043, 350227271, 0, 0
1551016, 321027469, 0, 0
1552044, 301193310, 0, 0
1553038, 280681702, 0, 0
1554047, 301236942, 0, 0
1555038, 322944964, 0, 0
1556052, 279306156, 0, 0
1557005, 294278505, 0, 0
1558018, 293245134, 0, 0
1559037, 321771897, 0, 0
1560041, 319297514, 0, 0
1561042, 309324070, 0, 0
1562061, 279884918, 0, 0
1563006, 309990627, 0, 0
1564001, 318620082, 0, 0
1565027, 291230580, 0, 0
1566019, 314177560, 0, 0
1567043, 296211420, 0, 0
1568023, 290446152, 0, 0
1569042, 279060451, 0, 0
1570025, 302299278, 0, 0
1571052, 304968751, 0, 0
1572017, 281862350, 0, 0
1573047, 302077412, 0, 0
1574004, 284136355, 0, 0
1575061, 302104385, 0, 0
1576056, 315652628, 0, 0
1577040, 314614602, 0, 0
1578052, 302456446, 0, 0
1579057, 296852698, 0, 0
1580023, 289208351, 0, 0
1581011, 335851390, 0, 0
1582021, 313571801, 0, 0
1583011, 289577258, 0, 0
1584040, 309732627, 0, 0
1585066, 305811285, 0, 0
1586025, 280404261, 0, 0
1587044, 275602656, 0, 0
1588068, 313132662, 0, 0
1589037, 290056527, 0, 0
1590054, 290612868, 0, 0
1591033, 294242367, 0, 0
1592054, 316843502, 0, 0
1593063, 324344635, 0, 0
1594046, 288887706, 0, 0
1595005, 285972973, 0, 0
1596021, 305936713, 0, 0
1597014, 277568919, 0, 0
1598057, 328807075, 0, 0
1599013, 299138990, 0, 0
1600053, 275221448, 0, 0
1601043, 285764722, 0, 0
1602000, 313008445, 0, 0
1603045, 334585002, 0, 0
1604006, 296963974, 0, 0
1605034, 297686246, 0, 0
1606007, 323252664, 0, 0
1607069, 279071893, 0, 0
1608006, 307286395, 0, 0
1609062, 286753423, 0, 0
1610008, 299849370, 0, 0
1611000, 292559159, 0, 0
1612016, 296044581, 0, 0
1613008, 345211172, 0, 0
1614029, 287162034, 0, 0
1615052, 303744427, 0, 0
1616024, 246349972, 0, 0
1617013, 301503176, 0, 0
1618050, 286405569, 0, 0
1619058, 302393186, 0, 0
1620035, 295844640, 0, 0
1621059, 280270348, 0, 0
1622046, 331090000, 0, 0
1623027, 310198736, 0, 0
1624039, 309359073, 0, 0
1625014, 304663489, 0, 0
1626009, 303416024, 0, 0
1627052, 299504628, 0, 0
1628021, 260937251, 0, 0
1629010, 303851437, 0, 0
1630055, 331260151, 0, 0
1631001, 277786965, 0, 0
1632001, 299722928, 0, 0
1633035, 310736762, 0, 0
1634019, 313683834, 0, 0
1635006, 303986936, 0, 0
1636053, 277612915, 0, 0
1637057, 291129100, 0, 0
1638056, 332880142, 0, 0
1639036, 302424622, 0, 0
1640005, 302805929, 0, 0
1641003, 338256714, 0, 0
1642033, 293300360, 0, 0
1643054, 321042671, 0, 0
1644000, 283665647, 0, 0
1645001, 288678464, 0, 0
1646044, 293279080, 0, 0
1647050, 299572288, 0, 0
1648056, 314858843, 0, 0
1649029, 278394568, 0, 0
1650059, 321179149, 0, 0
1651009, 366034274, 0, 0
1652012, 305571507, 0, 0
1653052, 284349437, 0, 0
1654028, 300056996, 0, 0
1655065, 284665531, 0, 0
1656004, 274102945, 0, 0
1657010, 271576938, 0, 0
1658064, 316366635, 0, 0
1659010, 293004706, 0, 0
1660003, 321588091, 0, 0
1661000, 282871025, 0, 0
1662053, 286096072, 0, 0
1663036, 317700734, 0, 0
1664071, 302672206, 0, 0
1665043, 311527965, 0, 0
1666013, 319422694, 0, 0
1667063, 271330648, 0, 0
1668020, 301419334, 0, 0
1669036, 309851639, 0, 0
1670044, 292978299, 0, 0
1671003, 302300250, 0, 0
1672059, 322989617, 0, 0
1673000, 266018828, 0, 0
1674053, 293336590, 0, 0
1675035, 288702720, 0, 0
1676014, 296537130, 0, 0
1677057, 271944294, 0, 0
1678046, 324680500, 0, 0
1679031, 301274069, 0, 0
1680008, 285188849, 0, 0
1681025, 296881895, 0, 0
1682006, 306864512, 0, 0
1683010, 290809253, 0, 0
1684057, 295621235, 0, 0
1685035, 274620448, 0, 0
1686001, 345591881, 0, 0
1687049, 299415538, 0, 0
1688057, 298731496, 0, 0
1689045, 301872290, 0, 0
1690015, 312784913, 0, 0
1691053, 300156480, 0, 0
1692065, 312141678, 0, 0
1693049, 305095749, 0, 0
1694049, 291500234, 0, 0
1695003, 312928225, 0, 0
1696050, 284652596, 0, 0
1697016, 278626808, 0, 0
1698019, 324428964, 0, 0
1699019, 281260277, 0, 0
1700001, 288928335, 0, 0
1701001, 289698007, 0, 0
1702054, 271550791, 0, 0
1703051, 307746260, 0, 0
1704040, 318840105, 0, 0
1705021, 272612369, 0, 0
1706008, 301691193, 0, 0
1707007, 315145247, 0, 0
1708006, 314932482, 0, 0
1709049, 305421881, 0, 0
1710021, 284232967, 0, 0
1711002, 277764803, 0, 0
1712063, 283652084, 0, 0
1713035, 362867561, 0, 0
1714046, 292892997, 0, 0
1715048, 285103566, 0, 0
1716045, 324760888, 0, 0
1717028, 295579438, 0, 0
1718050, 259349537, 0, 0
1719043, 315426597, 0, 0
1720005, 285449759, 0, 0
1721062, 288882460, 0, 0
1722043, 296416812, 0, 0
1723003, 298736502, 0, 0
1724003, 293219546, 0, 0
1725037, 310449116, 0, 0
1726057, 307551799, 0, 0
1727027, 325961216, 0, 0
1728030, 244777087, 0, 0
1729047, 282946951, 0, 0
1730018, 302854041, 0, 0
1731055, 315921565, 0, 0
1732001, 313260800, 0, 0
1733043, 282799363, 0, 0
1734031, 304731556, 0, 0
1735058, 316059592, 0, 0
1736000, 278597525, 0, 0
1737046, 325078628, 0, 0
1738015, 271157231, 0, 0
1739032, 290105593, 0, 0
1740011, 281116744, 0, 0
1741025, 290276342, 0, 0
1742036, 322457099, 0, 0
1743009, 287440187, 0, 0
1744044, 259709243, 0, 0
1745022, 309874447, 0, 0
1746008, 309142094, 0, 0
1747008, 309793931, 0, 0
1748039, 319078724, 0, 0
1749000, 297953666, 0, 0
1750055, 293642580, 0, 0
1751040, 337584061, 0, 0
1752008, 261086857, 0, 0
1753020, 290003154, 0, 0
1754033, 318866441, 0, 0
1755012, 297781435, 0, 0
1756011, 278209668, 0, 0
1757049, 291336613, 0, 0
1758057, 314469446, 0, 0
1759059, 329157716, 0, 0
1760055, 265053800, 0, 0
1761040, 298478109, 0, 0
1762039, 343283434, 0, 0
1763028, 268599838, 0, 0
1764065, 300999712, 0, 0
1765027, 286296447, 0, 0
1766061, 322929369, 0, 0
1767029, 276771859, 0, 0
1768007, 292443311, 0, 0
1769022, 281915811, 0, 0
1770059, 306120244, 0, 0
1771052, 281252425, 0, 0
1772033, 284118727, 0, 0
1773051, 271702394, 0, 0
1774046, 295546873, 0, 0
1775032, 294886906, 0, 0
1776020, 329612771, 0, 0
1777018, 306723310, 0, 0
1778039, 291710741, 0, 0
1779040, 283099404, 0, 0
1780043, 316260810, 0, 0
1781021, 316944232, 0, 0
1782048, 295667935, 0, 0
1783054, 275340088, 0, 0
1784007, 294709897, 0, 0
1785003, 278627714, 0, 0
1786024, 289255263, 0, 0
1787006, 293930446, 0, 0
1788045, 292701929, 0, 0
1789020, 282461613, 0, 0
1790019, 266997962, 0, 0
1791058, 284982981, 0, 0
1792023, 310067398, 0, 0
1793052, 280402166, 0, 0
1794017, 282552380, 0, 0
1795052, 281426415, 0, 0
1796037, 307094699, 0, 0
1797053, 358597648, 0, 0
1798027, 299403635, 0, 0
1799038, 303546100, 0, 0
1800061, 318638507, 0, 0
1800127, 272143649, 0, 0
