1051, 511412479, 0, 0
2003, 518323523, 0, 0
3030, 556848536, 0, 0
4033, 517828649, 0, 0
5038, 516125606, 0, 0
6043, 530404300, 0, 0
7038, 524234435, 0, 0
8014, 538129800, 0, 0
9052, 543204077, 0, 0
10032, 553457223, 0, 0
11044, 546406668, 0, 0
12044, 510521196, 0, 0
13022, 550724799, 0, 0
14019, 549163177, 0, 0
15037, 530666950, 0, 0
16073, 538255726, 0, 0
17059, 601464509, 0, 0
18059, 512251400, 0, 0
19036, 540068402, 0, 0
20064, 532944665, 0, 0
21069, 558573461, 0, 0
22052, 546979303, 0, 0
23018, 549326471, 0, 0
24022, 534383931, 0, 0
25013, 547825329, 0, 0
26071, 528996438, 0, 0
27040, 545701967, 0, 0
28040, 524703264, 0, 0
29043, 548219763, 0, 0
30018, 563767182, 0, 0
31044, 514202950, 0, 0
32002, 541013497, 0, 0
33076, 554304487, 0, 0
34032, 548813753, 0, 0
35031, 529004844, 0, 0
36001, 552382321, 0, 0
37045, 547889987, 0, 0
38053, 527391268, 0, 0
39019, 532188867, 0, 0
40047, 531095195, 0, 0
41029, 545176053, 0, 0
42068, 524045815, 0, 0
43040, 582246881, 0, 0
44005, 523713278, 0, 0
45057, 497049391, 0, 0
46063, 503042867, 0, 0
47063, 510436171, 0, 0
48043, 539006661, 0, 0
49004, 537976051, 0, 0
50019, 515357020, 0, 0
51053, 522071156, 0, 0
52021, 532793435, 0, 0
53064, 530427419, 0, 0
54056, 547947679, 0, 0
55051, 504479245, 0, 0
56036, 541208335, 0, 0
57024, 517914870, 0, 0
58040, 523354921, 0, 0
59016, 521487483, 0, 0
60006, 542746422, 0, 0
61006, 571381628, 0, 0
62001, 507678759, 0, 0
63037, 529847533, 0, 0
64003, 523041284, 0, 0
65028, 515629374, 0, 0
66054, 523712756, 0, 0
67051, 516541460, 0, 0
68050, 539298533, 0, 0
69051, 492326640, 0, 0
70059, 511972628, 0, 0
71050, 530852679, 0, 0
72028, 535260215, 0, 0
73031, 517491152, 0, 0
74061, 512296700, 0, 0
75006, 531637416, 0, 0
76067, 529159195, 0, 0
77015, 511470896, 0, 0
78044, 507968523, 0, 0
79035, 518634817, 0, 0
80060, 555729491, 0, 0
81005, 495445687, 0, 0
82054, 531296820, 0, 0
83002, 537981393, 0, 0
84019, 499019962, 0, 0
85041, 519088275, 0, 0
86033, 529494018, 0, 0
87043, 512840299, 0, 0
88035, 501900922, 0, 0
89052, 532334058, 0, 0
90019, 504218243, 0, 0
91026, 531928466, 0, 0
92045, 511422947, 0, 0
93031, 536599408, 0, 0
94070, 490215274, 0, 0
95030, 533457350, 0, 0
96054, 515863293, 0, 0
97013, 517883913, 0, 0
98038, 544780993, 0, 0
99033, 526112880, 0, 0
100010, 538036895, 0, 0
101005, 512443780, 0, 0
102011, 548348637, 0, 0
103014, 490786190, 0, 0
104056, 527351497, 0, 0
105032, 526122017, 0, 0
106023, 533712509, 0, 0
107021, 525423423, 0, 0
108019, 514216696, 0, 0
109052, 510413550, 0, 0
110007, 514741016, 0, 0
111064, 526475907, 0, 0
112027, 533928935, 0, 0
113056, 512610492, 0, 0
114036, 490954734, 0, 0
115006, 514578015, 0, 0
116064, 522097318, 0, 0
117047, 515821813, 0, 0
118006, 506491104, 0, 0
119061, 529687293, 0, 0
120025, 515441868, 0, 0
121059, 512024344, 0, 0
122022, 528243974, 0, 0
123034, 499540298, 0, 0
124000, 497529920, 0, 0
125039, 512777522, 0, 0
126016, 522061068, 0, 0
127060, 505713719, 0, 0
128020, 532512337, 0, 0
129039, 510132858, 0, 0
130068, 517607740, 0, 0
131020, 519954349, 0, 0
132008, 505370107, 0, 0
133059, 542768360, 0, 0
134007, 508134686, 0, 0
135051, 519319110, 0, 0
136062, 549121723, 0, 0
137066, 530776645, 0, 0
138071, 537533783, 0, 0
139063, 540431940, 0, 0
140048, 533456822, 0, 0
141041, 529470020, 0, 0
142056, 496702208, 0, 0
143047, 514207928, 0, 0
144007, 508689998, 0, 0
145019, 532430020, 0, 0
146061, 511915239, 0, 0
147015, 516107224, 0, 0
148057, 506115395, 0, 0
149009, 512528724, 0, 0
150040, 498361387, 0, 0
151021, 497808786, 0, 0
152003, 525215589, 0, 0
153035, 491624079, 0, 0
154004, 536051916, 0, 0
155011, 489706009, 0, 0
156006, 488345376, 0, 0
157010, 529838480, 0, 0
158011, 513443741, 0, 0
159013, 484032518, 0, 0
160059, 486204730, 0, 0
161059, 506151699, 0, 0
162031, 521025909, 0, 0
163063, 505280953, 0, 0
164049, 512036414, 0, 0
165042, 538949951, 0, 0
166038, 478164705, 0, 0
167041, 474505026, 0, 0
168020, 484677199, 0, 0
169010, 499175915, 0, 0
170006, 504050066, 0, 0
171037, 494219288, 0, 0
172010, 525317348, 0, 0
173022, 496204383, 0, 0
174023, 501185645, 0, 0
175040, 500487932, 0, 0
176029, 472576433, 0, 0
177016, 489465760, 0, 0
178001, 488493920, 0, 0
179007, 486217200, 0, 0
180031, 473868439, 0, 0
181011, 509732241, 0, 0
182029, 533971102, 0, 0
183029, 477137897, 0, 0
184046, 513784774, 0, 0
185038, 531327768, 0, 0
186020, 536294930, 0, 0
187065, 512085211, 0, 0
188040, 493246310, 0, 0
189071, 468440034, 0, 0
190055, 531202743, 0, 0
191052, 528712308, 0, 0
192019, 505202821, 0, 0
193047, 494406905, 0, 0
194045, 486347238, 0, 0
195024, 472071104, 0, 0
196025, 515301161, 0, 0
197050, 517372716, 0, 0
198052, 490877421, 0, 0
199056, 520545779, 0, 0
200028, 525788178, 0, 0
201049, 518714689, 0, 0
202062, 490419320, 0, 0
203054, 507026806, 0, 0
204031, 507663210, 0, 0
205037, 478766338, 0, 0
206000, 487955981, 0, 0
207022, 487754055, 0, 0
208001, 499991492, 0, 0
209057, 497601913, 0, 0
210024, 521988849, 0, 0
211060, 480755704, 0, 0
212005, 495339712, 0, 0
213040, 489730373, 0, 0
214021, 490035199, 0, 0
215047, 485401209, 0, 0
216004, 467273019, 0, 0
217023, 529735011, 0, 0
218018, 464330300, 0, 0
219033, 499307929, 0, 0
220058, 507212685, 0, 0
221057, 477331007, 0, 0
222022, 487201548, 0, 0
223061, 517314687, 0, 0
224016, 517435895, 0, 0
225036, 472769772, 0, 0
226000, 494602143, 0, 0
227031, 478688290, 0, 0
228017, 525074448, 0, 0
229002, 501747480, 0, 0
230032, 479495708, 0, 0
231045, 470605935, 0, 0
232017, 455670386, 0, 0
233060, 487474718, 0, 0
234039, 457207313, 0, 0
235003, 479721687, 0, 0
236025, 472297209, 0, 0
237046, 486017425, 0, 0
238005, 446961739, 0, 0
239052, 456087592, 0, 0
240030, 483714382, 0, 0
241049, 485833797, 0, 0
242010, 487363501, 0, 0
243028, 502214148, 0, 0
244051, 488833024, 0, 0
245037, 477307959, 0, 0
246057, 487774391, 0, 0
247009, 477912039, 0, 0
248051, 504626139, 0, 0
249053, 471542205, 0, 0
250054, 585113133, 0, 0
251034, 511851759, 0, 0
252003, 467922714, 0, 0
253062, 478229074, 0, 0
254004, 471161207, 0, 0
255035, 482681026, 0, 0
256022, 489873332, 0, 0
257045, 517923662, 0, 0
258031, 493557677, 0, 0
259019, 481473268, 0, 0
260027, 468203666, 0, 0
261073, 456647158, 0, 0
262019, 479498659, 0, 0
263019, 440948451, 0, 0
264040, 436574724, 0, 0
265023, 480034375, 0, 0
266006, 471488162, 0, 0
267026, 474210660, 0, 0
268049, 462808411, 0, 0
269006, 466887646, 0, 0
270026, 450639214, 0, 0
271043, 485309127, 0, 0
272007, 447249990, 0, 0
273030, 488744109, 0, 0
274068, 491679765, 0, 0
275044, 492443899, 0, 0
276026, 496507046, 0, 0
277032, 478333022, 0, 0
278059, 490816341, 0, 0
279058, 475228004, 0, 0
280003, 468392219, 0, 0
281013, 472279433, 0, 0
282063, 506859759, 0, 0
283004, 466571122, 0, 0
284066, 467057952, 0, 0
285042, 503106573, 0, 0
286050, 451995721, 0, 0
287043, 448453416, 0, 0
288008, 456466146, 0, 0
289017, 465697905, 0, 0
290037, 496753912, 0, 0
291047, 497766060, 0, 0
292045, 460259522, 0, 0
293035, 463946120, 0, 0
294005, 482271250, 0, 0
295055, 456572915, 0, 0
296003, 469913340, 0, 0
297081, 479604095, 0, 0
298030, 482622397, 0, 0
299022, 470947275, 0, 0
300036, 499543953, 0, 0
301037, 474948035, 0, 0
302022, 460404128, 0, 0
303038, 471305819, 0, 0
304067, 461834454, 0, 0
305022, 461806959, 0, 0
306034, 464018635, 0, 0
307054, 470029053, 0, 0
308063, 513174056, 0, 0
309031, 466894054, 0, 0
310064, 428109614, 0, 0
311030, 473396310, 0, 0
312062, 470761934, 0, 0
313020, 520720577, 0, 0
314005, 496821585, 0, 0
315070, 497420935, 0, 0
316024, 478217014, 0, 0
317038, 451272495, 0, 0
318044, 494636669, 0, 0
319047, 477524550, 0, 0
320051, 490974609, 0, 0
321015, 456334114, 0, 0
322033, 461425190, 0, 0
323016, 454061422, 0, 0
324001, 461155974, 0, 0
325064, 509328733, 0, 0
326035, 504363081, 0, 0
327035, 457065961, 0, 0
328036, 469671040, 0, 0
329054, 455116953, 0, 0
330005, 476227288, 0, 0
331060, 416350149, 0, 0
332044, 430673862, 0, 0
333006, 458194323, 0, 0
334036, 456216671, 0, 0
335035, 457508392, 0, 0
336001, 478176111, 0, 0
337042, 502137231, 0, 0
338045, 482858943, 0, 0
339008, 489263103, 0, 0
340021, 444204249, 0, 0
341033, 450518045, 0, 0
342016, 458708247, 0, 0
343067, 469359346, 0, 0
344021, 451635483, 0, 0
345061, 419351395, 0, 0
346063, 443638043, 0, 0
347013, 441982466, 0, 0
348000, 490483517, 0, 0
349019, 467635811, 0, 0
350012, 491187632, 0, 0
351010, 471965264, 0, 0
352021, 458518602, 0, 0
353067, 489504352, 0, 0
354043, 465699040, 0, 0
355001, 464837040, 0, 0
356002, 454439143, 0, 0
357018, 443269733, 0, 0
358038, 472696639, 0, 0
359073, 450338479, 0, 0
360043, 482487774, 0, 0
361009, 460049184, 0, 0
362034, 463700411, 0, 0
363009, 448615505, 0, 0
364065, 462375252, 0, 0
365059, 453614770, 0, 0
366002, 481567133, 0, 0
367039, 482187715, 0, 0
368046, 434583578, 0, 0
369050, 471447020, 0, 0
370007, 450868251, 0, 0
371051, 478425635, 0, 0
372003, 464747444, 0, 0
373056, 428477060, 0, 0
374052, 465370417, 0, 0
375052, 443563433, 0, 0
376059, 472964060, 0, 0
377006, 486503534, 0, 0
378000, 437698746, 0, 0
379014, 463470397, 0, 0
380006, 461925748, 0, 0
381026, 459666003, 0, 0
382035, 425035667, 0, 0
383030, 477043303, 0, 0
384003, 463828013, 0, 0
385061, 464752077, 0, 0
386010, 432907526, 0, 0
387014, 454165684, 0, 0
388064, 466417517, 0, 0
389056, 434571901, 0, 0
390023, 452608151, 0, 0
391047, 445413863, 0, 0
392019, 472011062, 0, 0
393004, 442941503, 0, 0
394062, 438006562, 0, 0
395052, 432993000, 0, 0
396004, 457050050, 0, 0
397022, 452865121, 0, 0
398075, 439155589, 0, 0
399042, 467398753, 0, 0
400059, 395815069, 0, 0
401032, 472817877, 0, 0
402036, 433783189, 0, 0
403068, 422954807, 0, 0
404061, 452907991, 0, 0
405033, 403581873, 0, 0
406053, 486197068, 0, 0
407063, 458564302, 0, 0
408039, 442432945, 0, 0
409008, 477132123, 0, 0
410062, 438854141, 0, 0
411015, 428638770, 0, 0
412061, 443277220, 0, 0
413065, 468693758, 0, 0
414047, 462748809, 0, 0
415017, 477427109, 0, 0
416000, 450778602, 0, 0
417021, 517398350, 0, 0
418023, 500937264, 0, 0
419065, 447564022, 0, 0
420049, 474494979, 0, 0
421056, 422352626, 0, 0
422040, 452315056, 0, 0
423021, 460733848, 0, 0
424012, 462542763, 0, 0
425055, 466374630, 0, 0
426026, 415929620, 0, 0
427007, 439173325, 0, 0
428025, 455904926, 0, 0
429034, 459822523, 0, 0
430055, 448235319, 0, 0
431029, 434896735, 0, 0
432045, 430068974, 0, 0
433066, 433760707, 0, 0
434039, 462901050, 0, 0
435045, 440747726, 0, 0
436072, 429219650, 0, 0
437002, 501639585, 0, 0
438069, 435562149, 0, 0
439020, 418908029, 0, 0
440032, 419170321, 0, 0
441049, 418504111, 0, 0
442022, 439327281, 0, 0
443003, 424748503, 0, 0
444052, 415764585, 0, 0
445053, 457816139, 0, 0
446059, 431802572, 0, 0
447010, 431387703, 0, 0
448057, 420656697, 0, 0
449040, 443828728, 0, 0
450005, 456099981, 0, 0
451025, 408306637, 0, 0
452047, 446980683, 0, 0
453063, 416800267, 0, 0
454012, 419523118, 0, 0
455034, 437420651, 0, 0
456010, 442885597, 0, 0
457039, 433995561, 0, 0
458041, 433345232, 0, 0
459028, 442062984, 0, 0
460040, 412841547, 0, 0
461000, 401234707, 0, 0
462035, 465635408, 0, 0
463042, 421679079, 0, 0
464030, 450301055, 0, 0
465064, 439474959, 0, 0
466049, 430347038, 0, 0
467029, 412585620, 0, 0
468035, 439558719, 0, 0
469041, 456332573, 0, 0
470025, 442976437, 0, 0
471043, 466582651, 0, 0
472035, 446871057, 0, 0
473039, 453358118, 0, 0
474008, 448124791, 0, 0
475033, 450393965, 0, 0
476036, 404586299, 0, 0
477055, 411822832, 0, 0
478007, 435519271, 0, 0
479017, 426251009, 0, 0
480040, 449349118, 0, 0
481054, 421560192, 0, 0
482030, 408861754, 0, 0
483046, 413113837, 0, 0
484007, 413574873, 0, 0
485000, 409820789, 0, 0
486015, 405233415, 0, 0
487055, 422825553, 0, 0
488042, 391306721, 0, 0
489044, 421135590, 0, 0
490021, 426964250, 0, 0
491047, 409615474, 0, 0
492009, 395967247, 0, 0
493019, 385653764, 0, 0
494008, 422156518, 0, 0
495029, 424372891, 0, 0
496059, 415248883, 0, 0
497014, 406964799, 0, 0
498026, 425018101, 0, 0
499016, 451416724, 0, 0
500000, 440588218, 0, 0
501024, 421684500, 0, 0
502053, 433937549, 0, 0
503022, 435275932, 0, 0
504013, 427740517, 0, 0
505019, 394357912, 0, 0
506026, 431793988, 0, 0
507061, 419927388, 0, 0
508039, 408072424, 0, 0
509050, 406119694, 0, 0
510018, 451133845, 0, 0
511052, 443652713, 0, 0
512042, 432616349, 0, 0
513052, 418337339, 0, 0
514039, 453467959, 0, 0
515004, 428915360, 0, 0
516026, 425234669, 0, 0
517004, 430269250, 0, 0
518063, 452220753, 0, 0
519041, 436339919, 0, 0
520057, 413368328, 0, 0
521058, 453336827, 0, 0
522009, 417119179, 0, 0
523048, 409283402, 0, 0
524030, 428269212, 0, 0
525020, 438172826, 0, 0
526057, 442147581, 0, 0
527038, 423981350, 0, 0
528057, 427090085, 0, 0
529019, 419921654, 0, 0
530023, 396915848, 0, 0
531048, 393396104, 0, 0
532015, 395388882, 0, 0
533011, 401063736, 0, 0
534033, 438983565, 0, 0
535021, 433627555, 0, 0
536044, 459896593, 0, 0
537015, 460308453, 0, 0
538022, 386950414, 0, 0
539008, 443393990, 0, 0
540045, 441803523, 0, 0
541046, 400881478, 0, 0
542064, 389683367, 0, 0
543023, 439251905, 0, 0
544007, 411015609, 0, 0
545024, 420926649, 0, 0
546044, 433192915, 0, 0
547049, 385328878, 0, 0
548010, 408324916, 0, 0
549000, 372984281, 0, 0
550006, 376760291, 0, 0
551025, 408191187, 0, 0
552016, 420845311, 0, 0
553001, 401615755, 0, 0
554034, 374304317, 0, 0
555054, 416837758, 0, 0
556030, 443748205, 0, 0
557016, 417018164, 0, 0
558051, 387711451, 0, 0
559066, 416937249, 0, 0
560002, 403887707, 0, 0
561029, 415518114, 0, 0
562030, 424437273, 0, 0
563046, 437004885, 0, 0
564051, 435685904, 0, 0
565051, 442303658, 0, 0
566050, 397740259, 0, 0
567017, 428820480, 0, 0
568005, 404417322, 0, 0
569034, 448786913, 0, 0
570015, 421256506, 0, 0
571048, 422957595, 0, 0
572067, 464177332, 0, 0
573038, 448391447, 0, 0
574016, 421207710, 0, 0
575032, 404459912, 0, 0
576012, 388623224, 0, 0
577034, 416217698, 0, 0
578065, 385130496, 0, 0
579021, 426399311, 0, 0
580006, 402911493, 0, 0
581049, 384984877, 0, 0
582045, 413623194, 0, 0
583053, 382266898, 0, 0
584035, 381110469, 0, 0
585021, 427533868, 0, 0
586012, 361074137, 0, 0
587000, 414694202, 0, 0
588047, 434753824, 0, 0
589015, 406090302, 0, 0
590043, 386984365, 0, 0
591010, 384740105, 0, 0
592038, 401578239, 0, 0
593062, 398715707, 0, 0
594052, 394483109, 0, 0
595037, 380700890, 0, 0
596038, 540634052, 0, 0
597022, 429365752, 0, 0
598019, 378739850, 0, 0
599014, 434492357, 0, 0
600024, 442197880, 0, 0
601057, 414034032, 0, 0
602050, 413322187, 0, 0
603016, 400457677, 0, 0
604032, 416971726, 0, 0
605042, 405170441, 0, 0
606038, 404211475, 0, 0
607021, 432997189, 0, 0
608059, 393261830, 0, 0
609057, 394014082, 0, 0
610061, 430219866, 0, 0
611071, 356937523, 0, 0
612013, 415839002, 0, 0
613039, 404782909, 0, 0
614003, 408714698, 0, 0
615029, 401036596, 0, 0
616058, 411672748, 0, 0
617011, 396617130, 0, 0
618026, 338282493, 0, 0
619017, 401849569, 0, 0
620022, 396783888, 0, 0
621054, 390298625, 0, 0
622019, 438387475, 0, 0
623014, 409749848, 0, 0
624018, 401386676, 0, 0
625058, 370807133, 0, 0
626067, 389779005, 0, 0
627023, 423509540, 0, 0
628041, 376148243, 0, 0
629019, 370659161, 0, 0
630050, 436475467, 0, 0
631054, 368378106, 0, 0
632000, 424749839, 0, 0
633063, 408126732, 0, 0
634047, 390723884, 0, 0
635071, 374935754, 0, 0
636064, 373990770, 0, 0
637037, 355836085, 0, 0
638061, 375986251, 0, 0
639038, 348772033, 0, 0
640020, 379727802, 0, 0
641049, 403844830, 0, 0
642003, 403342976, 0, 0
643067, 369290966, 0, 0
644029, 390375333, 0, 0
645001, 400052835, 0, 0
646005, 430419146, 0, 0
647017, 401596453, 0, 0
648004, 393885443, 0, 0
649038, 384112932, 0, 0
650001, 383583537, 0, 0
651032, 386740254, 0, 0
652045, 372596774, 0, 0
653059, 419291159, 0, 0
654001, 459293055, 0, 0
655009, 384854947, 0, 0
656058, 411718599, 0, 0
657049, 414309798, 0, 0
658011, 387184766, 0, 0
659031, 348823371, 0, 0
660068, 407009212, 0, 0
661018, 365304901, 0, 0
662036, 394209428, 0, 0
663038, 440183509, 0, 0
664002, 400005735, 0, 0
665014, 413108250, 0, 0
666013, 372416883, 0, 0
667025, 359429578, 0, 0
668001, 411969377, 0, 0
669012, 358968915, 0, 0
670002, 401947145, 0, 0
671056, 394395224, 0, 0
672052, 434444291, 0, 0
673007, 421811634, 0, 0
674007, 376710777, 0, 0
675021, 393497161, 0, 0
676005, 395780753, 0, 0
677027, 414730981, 0, 0
678053, 388159326, 0, 0
679033, 377843030, 0, 0
680016, 378802253, 0, 0
681019, 362777491, 0, 0
682063, 363060643, 0, 0
683039, 362868697, 0, 0
684047, 396446923, 0, 0
685027, 333187630, 0, 0
686052, 394585881, 0, 0
687073, 356953914, 0, 0
688056, 398783490, 0, 0
689054, 416908841, 0, 0
690058, 390432069, 0, 0
691012, 389369924, 0, 0
692057, 392532040, 0, 0
693035, 422393555, 0, 0
694038, 429281294, 0, 0
695065, 404804610, 0, 0
696018, 399951488, 0, 0
697035, 365440288, 0, 0
698048, 373784207, 0, 0
699019, 390452970, 0, 0
700014, 388067463, 0, 0
701042, 361498423, 0, 0
702056, 389086648, 0, 0
703061, 411537175, 0, 0
704058, 358006774, 0, 0
705005, 367125651, 0, 0
706021, 385189363, 0, 0
707010, 395421122, 0, 0
708061, 381391834, 0, 0
709067, 389135372, 0, 0
710010, 376208253, 0, 0
711058, 408461603, 0, 0
712047, 361423474, 0, 0
713061, 387940698, 0, 0
714020, 401879518, 0, 0
715023, 378288549, 0, 0
716029, 352383494, 0, 0
717061, 365277136, 0, 0
718023, 378957651, 0, 0
719042, 368768018, 0, 0
720009, 371187571, 0, 0
721046, 365919193, 0, 0
722013, 348362273, 0, 0
723002, 364198780, 0, 0
724018, 386567774, 0, 0
725001, 392504000, 0, 0
726049, 384414883, 0, 0
727007, 366912927, 0, 0
728072, 375303452, 0, 0
729025, 354248951, 0, 0
730000, 358617526, 0, 0
731056, 344938349, 0, 0
732042, 369339462, 0, 0
733008, 389770126, 0, 0
734036, 361519892, 0, 0
735044, 340480773, 0, 0
736072, 370567272, 0, 0
737030, 360311880, 0, 0
738029, 387075592, 0, 0
739019, 386737363, 0, 0
740040, 387446815, 0, 0
741033, 382818348, 0, 0
742059, 354592508, 0, 0
743009, 364554337, 0, 0
744035, 343440391, 0, 0
745054, 347951442, 0, 0
746022, 373457433, 0, 0
747044, 352929374, 0, 0
748012, 374931704, 0, 0
749013, 347391727, 0, 0
750000, 343620654, 0, 0
751010, 367234451, 0, 0
752047, 360618237, 0, 0
753004, 391492407, 0, 0
754031, 363025087, 0, 0
755028, 379066587, 0, 0
756018, 332867389, 0, 0
757008, 355862856, 0, 0
758056, 370481695, 0, 0
759048, 405729561, 0, 0
760068, 361650990, 0, 0
761003, 404303762, 0, 0
762054, 341565290, 0, 0
763048, 390854880, 0, 0
764013, 361291199, 0, 0
765047, 399254873, 0, 0
766025, 357088235, 0, 0
767060, 360891093, 0, 0
768005, 374266710, 0, 0
769018, 380878841, 0, 0
770036, 342120306, 0, 0
771062, 390204349, 0, 0
772017, 344418652, 0, 0
773024, 337688044, 0, 0
774015, 351174217, 0, 0
775006, 374765446, 0, 0
776017, 385302612, 0, 0
777022, 383978132, 0, 0
778001, 369356440, 0, 0
779034, 410586404, 0, 0
780060, 375100892, 0, 0
781031, 374090509, 0, 0
782056, 381592059, 0, 0
783033, 361284504, 0, 0
784065, 391535711, 0, 0
785041, 374278233, 0, 0
786014, 351656311, 0, 0
787030, 380259439, 0, 0
788002, 395609693, 0, 0
789026, 342548340, 0, 0
790064, 380568856, 0, 0
791009, 375909477, 0, 0
792016, 402128833, 0, 0
793002, 381749549, 0, 0
794053, 381289964, 0, 0
795021, 387046168, 0, 0
796030, 339256696, 0, 0
797024, 316390649, 0, 0
798056, 366916027, 0, 0
799008, 339550843, 0, 0
800057, 368940200, 0, 0
801034, 348007968, 0, 0
802029, 388459600, 0, 0
803036, 381127595, 0, 0
804008, 397198104, 0, 0
805049, 400104398, 0, 0
806050, 384053604, 0, 0
807002, 373856320, 0, 0
808001, 356427664, 0, 0
809015, 366609331, 0, 0
810029, 350649866, 0, 0
811043, 390544703, 0, 0
812066, 353551335, 0, 0
813050, 382106873, 0, 0
814056, 349687997, 0, 0
815006, 394974569, 0, 0
816050, 358764869, 0, 0
817009, 390778444, 0, 0
818045, 410113739, 0, 0
819030, 409112896, 0, 0
820061, 344484840, 0, 0
821007, 392527933, 0, 0
822044, 387972484, 0, 0
823001, 391232300, 0, 0
824060, 363735134, 0, 0
825035, 370896864, 0, 0
826059, 379659266, 0, 0
827045, 345453785, 0, 0
828044, 418596383, 0, 0
829014, 349549031, 0, 0
830019, 368688621, 0, 0
831023, 384018327, 0, 0
832045, 412466014, 0, 0
833015, 359677321, 0, 0
834045, 389306301, 0, 0
835072, 343767976, 0, 0
836024, 395296037, 0, 0
837078, 379704578, 0, 0
838054, 368094719, 0, 0
839063, 352160898, 0, 0
840027, 372400392, 0, 0
841019, 371285286, 0, 0
842027, 383481092, 0, 0
843035, 357903467, 0, 0
844000, 385332592, 0, 0
845047, 381104812, 0, 0
846013, 364044444, 0, 0
847029, 367002878, 0, 0
848067, 372273854, 0, 0
849054, 384373392, 0, 0
850050, 352859362, 0, 0
851008, 378865137, 0, 0
852011, 333744876, 0, 0
853040, 372718213, 0, 0
854056, 370824520, 0, 0
855054, 342584338, 0, 0
856049, 368089020, 0, 0
857074, 393002178, 0, 0
858023, 374080323, 0, 0
859051, 402829028, 0, 0
860036, 349840717, 0, 0
861046, 363975028, 0, 0
862058, 392720233, 0, 0
863001, 383849466, 0, 0
864026, 370917429, 0, 0
865052, 394413344, 0, 0
866018, 407821892, 0, 0
867045, 412916588, 0, 0
868031, 394782413, 0, 0
869051, 361355542, 0, 0
870013, 368714379, 0, 0
871044, 379475188, 0, 0
872039, 340725735, 0, 0
873055, 382656387, 0, 0
874033, 411545407, 0, 0
875044, 370192294, 0, 0
876023, 368276141, 0, 0
877030, 367859570, 0, 0
878008, 326054143, 0, 0
879041, 377058566, 0, 0
880017, 368613713, 0, 0
881048, 386915309, 0, 0
882035, 375303320, 0, 0
883054, 344383587, 0, 0
884008, 361665908, 0, 0
885057, 382664339, 0, 0
886051, 354476581, 0, 0
887040, 347704199, 0, 0
888019, 353268091, 0, 0
889050, 378197770, 0, 0
890009, 383937337, 0, 0
891057, 369254293, 0, 0
892006, 382108536, 0, 0
893020, 374453131, 0, 0
894035, 368561133, 0, 0
895033, 357904893, 0, 0
896070, 363727927, 0, 0
897062, 440943400, 0, 0
898056, 388211456, 0, 0
899018, 385987006, 0, 0
900032, 374824244, 0, 0
901009, 401330320, 0, 0
902057, 351552538, 0, 0
903031, 347902198, 0, 0
904002, 399176146, 0, 0
905012, 342477802, 0, 0
906048, 344470093, 0, 0
907022, 385612129, 0, 0
908018, 353721067, 0, 0
909036, 371231681, 0, 0
910002, 370838914, 0, 0
911005, 389310094, 0, 0
912065, 417522579, 0, 0
913057, 374610153, 0, 0
914002, 366639984, 0, 0
915048, 373590113, 0, 0
916009, 364026324, 0, 0
917012, 373025361, 0, 0
918051, 375898205, 0, 0
919025, 387146178, 0, 0
920028, 401531718, 0, 0
921076, 374362585, 0, 0
922029, 370281822, 0, 0
923037, 360848366, 0, 0
924026, 361242114, 0, 0
925045, 376668895, 0, 0
926055, 363903034, 0, 0
927018, 394348697, 0, 0
928029, 353502602, 0, 0
929018, 381964375, 0, 0
930004, 380672225, 0, 0
931051, 395847102, 0, 0
932027, 381337481, 0, 0
933051, 382493517, 0, 0
934018, 387679122, 0, 0
935016, 370428251, 0, 0
936036, 353999169, 0, 0
937055, 372332005, 0, 0
938026, 357057807, 0, 0
939005, 396707645, 0, 0
940040, 400354355, 0, 0
941059, 363911767, 0, 0
942024, 373536509, 0, 0
943041, 354894449, 0, 0
944025, 406139867, 0, 0
945036, 352822644, 0, 0
946034, 431359593, 0, 0
947017, 397917970, 0, 0
948060, 393135234, 0, 0
949050, 373448581, 0, 0
950044, 415603809, 0, 0
951023, 382624199, 0, 0
952053, 363834627, 0, 0
953015, 352694167, 0, 0
954052, 377765334, 0, 0
955052, 407931379, 0, 0
956052, 409621712, 0, 0
957033, 359519089, 0, 0
958003, 421194089, 0, 0
959032, 369650477, 0, 0
960023, 413484470, 0, 0
961049, 350782401, 0, 0
962022, 404449079, 0, 0
963021, 408848591, 0, 0
964012, 380164231, 0, 0
965005, 385903462, 0, 0
966011, 405508605, 0, 0
967047, 386296908, 0, 0
968060, 351031911, 0, 0
969016, 402996468, 0, 0
970002, 409507337, 0, 0
971060, 418301460, 0, 0
972016, 377838505, 0, 0
973052, 349621526, 0, 0
974042, 389940458, 0, 0
975042, 367796972, 0, 0
976023, 397476617, 0, 0
977018, 401962021, 0, 0
978032, 382824779, 0, 0
979060, 340680000, 0, 0
980055, 349227716, 0, 0
981053, 375112755, 0, 0
982014, 366458287, 0, 0
983035, 358464262, 0, 0
984051, 379943730, 0, 0
985027, 382936882, 0, 0
986036, 386009805, 0, 0
987056, 382797677, 0, 0
988041, 395500238, 0, 0
989021, 376751556, 0, 0
990018, 379070452, 0, 0
991036, 369014400, 0, 0
992061, 393289915, 0, 0
993053, 337174986, 0, 0
994006, 366636512, 0, 0
995035, 357068765, 0, 0
996035, 403786698, 0, 0
997039, 387660798, 0, 0
998038, 411249643, 0, 0
999045, 392871701, 0, 0
1000030, 415279156, 0, 0
1001007, 374013589, 0, 0
1002009, 381244608, 0, 0
1003064, 381960061, 0, 0
1004024, 379951801, 0, 0
1005005, 366704085, 0, 0
1006011, 376451158, 0, 0
1007007, 408220427, 0, 0
1008054, 374359387, 0, 0
1009019, 354661756, 0, 0
1010010, 395335956, 0, 0
1011039, 359417386, 0, 0
1012029, 379204911, 0, 0
1013022, 361828283, 0, 0
1014036, 319953699, 0, 0
1015016, 355832214, 0, 0
1016025, 365448646, 0, 0
1017007, 357313256, 0, 0
1018037, 373035264, 0, 0
1019036, 370312494, 0, 0
1020044, 406823637, 0, 0
1021029, 380661280, 0, 0
1022001, 367501305, 0, 0
1023036, 396746958, 0, 0
1024007, 364747166, 0, 0
1025034, 381847120, 0, 0
1026069, 390595516, 0, 0
1027058, 375066426, 0, 0
1028010, 365862047, 0, 0
1029034, 384197954, 0, 0
1030016, 371443138, 0, 0
1031065, 364382538, 0, 0
1032003, 396496748, 0, 0
1033031, 383505038, 0, 0
1034011, 361584219, 0, 0
1035033, 373177057, 0, 0
1036038, 364446364, 0, 0
1037058, 388125881, 0, 0
1038050, 373861990, 0, 0
1039024, 359970691, 0, 0
1040025, 379141817, 0, 0
1041053, 354235554, 0, 0
1042035, 375414422, 0, 0
1043034, 390492734, 0, 0
1044075, 392019088, 0, 0
1045066, 410347497, 0, 0
1046028, 414444252, 0, 0
1047012, 395445273, 0, 0
1048040, 335193769, 0, 0
1049000, 367282704, 0, 0
1050035, 380374339, 0, 0
1051038, 350000328, 0, 0
1052045, 363698674, 0, 0
1053066, 361165129, 0, 0
1054044, 406413226, 0, 0
1055060, 341583076, 0, 0
1056050, 405183111, 0, 0
1057061, 413181828, 0, 0
1058042, 386242082, 0, 0
1059054, 411625256, 0, 0
1060000, 407916704, 0, 0
1061057, 403676964, 0, 0
1062025, 388465002, 0, 0
1063002, 349166458, 0, 0
1064022, 377035394, 0, 0
1065059, 355335830, 0, 0
1066027, 384139206, 0, 0
1067049, 392142207, 0, 0
1068035, 342393424, 0, 0
1069020, 399666494, 0, 0
1070044, 349539825, 0, 0
1071041, 388122571, 0, 0
1072048, 356175265, 0, 0
1073025, 381289975, 0, 0
1074075, 373884340, 0, 0
1075021, 359880182, 0, 0
1076058, 381287919, 0, 0
1077098, 365755129, 0, 0
1078042, 388360266, 0, 0
1079053, 359793296, 0, 0
1080048, 388839617, 0, 0
1081002, 329553985, 0, 0
1082014, 402274356, 0, 0
1083050, 391346670, 0, 0
1084058, 378359613, 0, 0
1085070, 379248684, 0, 0
1086070, 413863557, 0, 0
1087058, 373246065, 0, 0
1088003, 365599984, 0, 0
1089040, 375947159, 0, 0
1090035, 403124845, 0, 0
1091048, 381758010, 0, 0
1092037, 394999251, 0, 0
1093008, 357022007, 0, 0
1094013, 388041743, 0, 0
1095050, 367061348, 0, 0
1096028, 364277521, 0, 0
1097037, 341716341, 0, 0
1098050, 362041463, 0, 0
1099045, 360003299, 0, 0
1100032, 375911779, 0, 0
1101024, 354859958, 0, 0
1102034, 420171893, 0, 0
1103050, 357523198, 0, 0
1104015, 368928337, 0, 0
1105042, 399363301, 0, 0
1106018, 367529522, 0, 0
1107050, 381001953, 0, 0
1108056, 384845684, 0, 0
1109017, 368353548, 0, 0
1110032, 374018957, 0, 0
1111048, 353815102, 0, 0
1112056, 367602419, 0, 0
1113063, 371333607, 0, 0
1114077, 350128356, 0, 0
1115064, 395204523, 0, 0
1116022, 390308727, 0, 0
1117055, 349396704, 0, 0
1118043, 367859146, 0, 0
1119028, 369637197, 0, 0
1120020, 402293617, 0, 0
1121014, 397290649, 0, 0
1122072, 371203400, 0, 0
1123065, 370361095, 0, 0
1124009, 424399350, 0, 0
1125044, 373217760, 0, 0
1126034, 408000267, 0, 0
1127002, 394371988, 0, 0
1128010, 382091017, 0, 0
1129047, 357343182, 0, 0
1130004, 391301190, 0, 0
1131046, 381914844, 0, 0
1132018, 374761103, 0, 0
1133084, 364404444, 0, 0
1134034, 415048710, 0, 0
1135032, 365638922, 0, 0
1136040, 372670749, 0, 0
1137003, 378178225, 0, 0
1138063, 412256851, 0, 0
1139046, 367495316, 0, 0
1140019, 383205005, 0, 0
1141041, 337097708, 0, 0
1142013, 364393045, 0, 0
1143036, 417875275, 0, 0
1144011, 398797807, 0, 0
1145011, 363041967, 0, 0
1146028, 403456788, 0, 0
1147010, 416753546, 0, 0
1148016, 392812132, 0, 0
1149013, 390639976, 0, 0
1150004, 396415125, 0, 0
1151014, 372115364, 0, 0
1152048, 366123694, 0, 0
1153043, 389797746, 0, 0
1154000, 377853981, 0, 0
1155002, 364603254, 0, 0
1156047, 378056434, 0, 0
1157019, 356698635, 0, 0
1158020, 380860365, 0, 0
1159033, 349406444, 0, 0
1160043, 355856566, 0, 0
1161060, 395862073, 0, 0
1162032, 374693465, 0, 0
1163034, 365142344, 0, 0
1164062, 347287902, 0, 0
1165034, 396903474, 0, 0
1166055, 397652885, 0, 0
1167037, 408027752, 0, 0
1168050, 383267614, 0, 0
1169007, 342264187, 0, 0
1170029, 351526305, 0, 0
1171033, 324796880, 0, 0
1172026, 374041909, 0, 0
1173001, 371190638, 0, 0
1174018, 377878418, 0, 0
1175041, 394990093, 0, 0
1176036, 353885601, 0, 0
1177042, 355314448, 0, 0
1178022, 379084970, 0, 0
1179024, 388133812, 0, 0
1180063, 343211141, 0, 0
1181064, 395490129, 0, 0
1182019, 363101204, 0, 0
1183043, 377931383, 0, 0
1184055, 374323875, 0, 0
1185047, 435525668, 0, 0
1186056, 339102864, 0, 0
1187071, 378274707, 0, 0
1188008, 343497358, 0, 0
1189001, 352066950, 0, 0
1190053, 354313612, 0, 0
1191065, 398380901, 0, 0
1192045, 376130990, 0, 0
1193000, 352031591, 0, 0
1194067, 365882277, 0, 0
1195053, 370021528, 0, 0
1196046, 400948029, 0, 0
1197032, 462370675, 0, 0
1198071, 381603206, 0, 0
1199006, 402049850, 0, 0
1200071, 345098571, 0, 0
1201038, 375677022, 0, 0
1202000, 394316543, 0, 0
1203000, 390400838, 0, 0
1204060, 393615069, 0, 0
1205040, 391394716, 0, 0
1206006, 378952905, 0, 0
1207066, 394048301, 0, 0
1208050, 370341252, 0, 0
1209009, 348087905, 0, 0
1210034, 389703969, 0, 0
1211060, 367968362, 0, 0
1212004, 369276753, 0, 0
1213006, 364908237, 0, 0
1214044, 349393627, 0, 0
1215029, 408478664, 0, 0
1216003, 348571042, 0, 0
1217017, 374892394, 0, 0
1218046, 394546088, 0, 0
1219010, 415345984, 0, 0
1220000, 355926944, 0, 0
1221025, 345729488, 0, 0
1222040, 382090155, 0, 0
1223032, 381976859, 0, 0
1224034, 355056584, 0, 0
1225029, 367644386, 0, 0
1226059, 372899664, 0, 0
1227055, 382328582, 0, 0
1228014, 366073268, 0, 0
1229005, 334493505, 0, 0
1230015, 360149061, 0, 0
1231038, 373124685, 0, 0
1232038, 366167563, 0, 0
1233003, 374430947, 0, 0
1234020, 403969669, 0, 0
1235037, 340486057, 0, 0
1236019, 390003557, 0, 0
1237026, 404513653, 0, 0
1238041, 402465336, 0, 0
1239046, 371485123, 0, 0
1240052, 383802332, 0, 0
1241059, 405162961, 0, 0
1242031, 378994355, 0, 0
1243028, 386030502, 0, 0
1244053, 363410756, 0, 0
1245039, 409830337, 0, 0
1246050, 394427357, 0, 0
1247055, 364306426, 0, 0
1248059, 374063852, 0, 0
1249033, 424618307, 0, 0
1250026, 379740265, 0, 0
1251036, 351839313, 0, 0
1252021, 349048003, 0, 0
1253031, 365554298, 0, 0
1254013, 359104295, 0, 0
1255052, 382015023, 0, 0
1256047, 397093171, 0, 0
1257038, 346882096, 0, 0
1258000, 363694284, 0, 0
1259004, 411925307, 0, 0
1260054, 409063545, 0, 0
1261002, 378538050, 0, 0
1262068, 326385314, 0, 0
1263020, 352896602, 0, 0
1264002, 380461086, 0, 0
1265065, 355443922, 0, 0
1266000, 416797904, 0, 0
1267039, 375602154, 0, 0
1268050, 353848870, 0, 0
1269040, 383946534, 0, 0
1270008, 381014271, 0, 0
1271039, 393043603, 0, 0
1272012, 346780830, 0, 0
1273021, 383158910, 0, 0
1274040, 349294684, 0, 0
1275007, 384509200, 0, 0
1276014, 416879867, 0, 0
1277050, 383196003, 0, 0
1278056, 391448815, 0, 0
1279012, 366922261, 0, 0
1280028, 381978450, 0, 0
1281008, 388805314, 0, 0
1282024, 400280644, 0, 0
1283048, 411369099, 0, 0
1284022, 393774124, 0, 0
1285032, 401932475, 0, 0
1286037, 396945524, 0, 0
1287008, 382393242, 0, 0
1288024, 401341488, 0, 0
1289043, 388401648, 0, 0
1290050, 368175960, 0, 0
1291036, 364615061, 0, 0
1292041, 352018290, 0, 0
1293018, 359138070, 0, 0
1294057, 381267489, 0, 0
1295042, 381491333, 0, 0
1296027, 378245451, 0, 0
1297059, 363135714, 0, 0
1298019, 351467016, 0, 0
1299009, 376019850, 0, 0
1300063, 362316284, 0, 0
1301047, 396611169, 0, 0
1302005, 402356036, 0, 0
1303019, 370866620, 0, 0
1304001, 398384532, 0, 0
1305064, 367939247, 0, 0
1306050, 353361177, 0, 0
1307050, 364788983, 0, 0
1308031, 399084691, 0, 0
1309038, 417410381, 0, 0
1310018, 404096279, 0, 0
1311004, 356984789, 0, 0
1312049, 423810314, 0, 0
1313037, 390315752, 0, 0
1314004, 367810349, 0, 0
1315032, 398417349, 0, 0
1316049, 351480128, 0, 0
1317014, 362222078, 0, 0
1318046, 425586051, 0, 0
1319034, 428047761, 0, 0
1320010, 367070885, 0, 0
1321040, 390020018, 0, 0
1322027, 394937715, 0, 0
1323015, 393160009, 0, 0
1324056, 376034185, 0, 0
1325058, 344367521, 0, 0
1326051, 363641745, 0, 0
1327029, 366323056, 0, 0
1328001, 358156464, 0, 0
1329032, 366085635, 0, 0
1330055, 370683186, 0, 0
1331048, 415819780, 0, 0
1332048, 354975735, 0, 0
1333033, 373678120, 0, 0
1334013, 390457362, 0, 0
1335040, 404212093, 0, 0
1336031, 377026971, 0, 0
1337073, 353343954, 0, 0
1338028, 382123927, 0, 0
1339059, 361752250, 0, 0
1340024, 365926950, 0, 0
1341064, 366167717, 0, 0
1342018, 361876266, 0, 0
1343059, 344867680, 0, 0
1344050, 359208605, 0, 0
1345021, 398187333, 0, 0
1346035, 380833010, 0, 0
1347039, 361382715, 0, 0
1348051, 339389332, 0, 0
1349008, 367280192, 0, 0
1350024, 401435137, 0, 0
1351017, 363789450, 0, 0
1352049, 390846079, 0, 0
1353031, 378081280, 0, 0
1354041, 422011355, 0, 0
1355044, 361627590, 0, 0
1356050, 380400258, 0, 0
1357039, 376536262, 0, 0
1358056, 381265373, 0, 0
1359036, 392249432, 0, 0
1360044, 424457146, 0, 0
1361050, 368953694, 0, 0
1362037, 389630855, 0, 0
1363027, 381789493, 0, 0
1364063, 379491579, 0, 0
1365042, 340511296, 0, 0
1366008, 396281897, 0, 0
1367017, 410778049, 0, 0
1368009, 380853310, 0, 0
1369047, 363173673, 0, 0
1370072, 388787908, 0, 0
1371012, 375597616, 0, 0
1372029, 395275875, 0, 0
1373007, 351626447, 0, 0
1374062, 339758718, 0, 0
1375035, 355290214, 0, 0
1376018, 410295025, 0, 0
1377057, 406148282, 0, 0
1378017, 358912081, 0, 0
1379011, 373712481, 0, 0
1380035, 359858382, 0, 0
1381002, 349679097, 0, 0
1382045, 383282271, 0, 0
1383015, 390731644, 0, 0
1384050, 373461889, 0, 0
1385015, 372802489, 0, 0
1386038, 362864795, 0, 0
1387039, 347661681, 0, 0
1388036, 365521020, 0, 0
1389051, 375355947, 0, 0
1390020, 337007652, 0, 0
1391008, 397515093, 0, 0
1392053, 358755021, 0, 0
1393011, 362155315, 0, 0
1394051, 420201801, 0, 0
1395002, 415647037, 0, 0
1396026, 380524391, 0, 0
1397012, 414279234, 0, 0
1398028, 410488475, 0, 0
1399056, 352527424, 0, 0
1400008, 389829185, 0, 0
1401027, 370281478, 0, 0
1402021, 377695682, 0, 0
1403019, 352251114, 0, 0
1404005, 365257833, 0, 0
1405051, 351684708, 0, 0
1406058, 386415136, 0, 0
1407006, 391837556, 0, 0
1408067, 357036425, 0, 0
1409043, 372055511, 0, 0
1410057, 404501690, 0, 0
1411027, 385019091, 0, 0
1412029, 362023689, 0, 0
1413060, 374636926, 0, 0
1414010, 404973829, 0, 0
1415005, 375505048, 0, 0
1416045, 385465117, 0, 0
1417046, 372597937, 0, 0
1418012, 403626178, 0, 0
1419047, 390129924, 0, 0
1420040, 364549702, 0, 0
1421005, 374466047, 0, 0
1422021, 375790475, 0, 0
1423013, 393681686, 0, 0
1424028, 391467025, 0, 0
1425061, 430137362, 0, 0
1426024, 383586379, 0, 0
1427009, 375139835, 0, 0
1428037, 352217315, 0, 0
1429030, 343702164, 0, 0
1430054, 365964577, 0, 0
1431071, 364211686, 0, 0
1432011, 364601900, 0, 0
1433018, 352625087, 0, 0
1434027, 339861681, 0, 0
1435045, 354755341, 0, 0
1436010, 404162305, 0, 0
1437008, 363163788, 0, 0
1438080, 399748060, 0, 0
1439060, 400576619, 0, 0
1440031, 370227890, 0, 0
1441049, 386839410, 0, 0
1442064, 404361129, 0, 0
1443004, 341727285, 0, 0
1444058, 415112246, 0, 0
1445028, 389936859, 0, 0
1446039, 343607733, 0, 0
1447000, 362485707, 0, 0
1448038, 377768735, 0, 0
1449010, 378972411, 0, 0
1450021, 359329122, 0, 0
1451049, 386521635, 0, 0
1452058, 399547292, 0, 0
1453027, 377837744, 0, 0
1454004, 387567193, 0, 0
1455004, 376816851, 0, 0
1456027, 392942970, 0, 0
1457025, 401298934, 0, 0
1458058, 415041933, 0, 0
1459048, 367933740, 0, 0
1460023, 372060295, 0, 0
1461033, 329744723, 0, 0
1462037, 375484362, 0, 0
1463015, 378682011, 0, 0
1464020, 384416718, 0, 0
1465062, 381144809, 0, 0
1466002, 382690940, 0, 0
1467044, 355605374, 0, 0
1468012, 357117751, 0, 0
1469037, 381602480, 0, 0
1470055, 348533216, 0, 0
1471005, 364314515, 0, 0
1472040, 392964293, 0, 0
1473061, 387257371, 0, 0
1474009, 333145624, 0, 0
1475020, 377501925, 0, 0
1476021, 394041625, 0, 0
1477039, 374297218, 0, 0
1478006, 387635378, 0, 0
1479030, 364129164, 0, 0
1480013, 441005382, 0, 0
1481000, 388963762, 0, 0
1482026, 378916789, 0, 0
1483024, 386198251, 0, 0
1484047, 415889749, 0, 0
1485001, 405104190, 0, 0
1486030, 375621674, 0, 0
1487047, 351921156, 0, 0
1488016, 385827410, 0, 0
1489012, 379286941, 0, 0
1490052, 358369356, 0, 0
1491000, 372175234, 0, 0
1492064, 369935173, 0, 0
1493028, 364445381, 0, 0
1494042, 367583686, 0, 0
1495006, 385392105, 0, 0
1496053, 378893258, 0, 0
1497042, 395452847, 0, 0
1498014, 392218685, 0, 0
1499056, 400104136, 0, 0
1500004, 370548411, 0, 0
1501053, 394165450, 0, 0
1502015, 376731968, 0, 0
1503034, 358131414, 0, 0
1504044, 352775753, 0, 0
1505004, 390712258, 0, 0
1506037, 417309758, 0, 0
1507037, 362185237, 0, 0
1508046, 363828977, 0, 0
1509056, 376285512, 0, 0
1510005, 374883617, 0, 0
1511011, 404656160, 0, 0
1512008, 364519093, 0, 0
1513021, 335107091, 0, 0
1514000, 378504956, 0, 0
1515035, 340556260, 0, 0
1516048, 369774632, 0, 0
1517030, 381147177, 0, 0
1518030, 380709831, 0, 0
1519003, 367804117, 0, 0
1520034, 367287571, 0, 0
1521052, 374879061, 0, 0
1522012, 380090728, 0, 0
1523015, 394155667, 0, 0
1524000, 392435005, 0, 0
1525000, 390697244, 0, 0
1526019, 396893370, 0, 0
1527049, 359272818, 0, 0
1528057, 373766310, 0, 0
1529008, 364163943, 0, 0
1530034, 393889272, 0, 0
1531035, 355323102, 0, 0
1532010, 364590584, 0, 0
1533004, 416437233, 0, 0
1534017, 372014477, 0, 0
1535030, 367742219, 0, 0
1536035, 368382279, 0, 0
1537065, 330942043, 0, 0
1538043, 389555493, 0, 0
1539031, 368036374, 0, 0
1540009, 392298203, 0, 0
1541052, 385460543, 0, 0
1542024, 392884209, 0, 0
1543048, 402639223, 0, 0
1544044, 376169522, 0, 0
1545064, 361897284, 0, 0
1546019, 389402866, 0, 0
1547048, 396652537, 0, 0
1548026, 416602260, 0, 0
1549060, 390980824, 0, 0
1550029, 365192791, 0, 0
1551025, 370927077, 0, 0
1552007, 398448564, 0, 0
1553044, 387784835, 0, 0
1554041, 384546704, 0, 0
1555029, 403467643, 0, 0
1556029, 392767467, 0, 0
1557044, 352880101, 0, 0
1558032, 373943265, 0, 0
1559064, 375255409, 0, 0
1560044, 397221209, 0, 0
1561045, 386810233, 0, 0
1562074, 382808779, 0, 0
1563044, 402937264, 0, 0
1564067, 371048168, 0, 0
1565040, 385679835, 0, 0
1566062, 400818055, 0, 0
1567054, 388450746, 0, 0
1568070, 358165668, 0, 0
1569057, 406482072, 0, 0
1570021, 382978884, 0, 0
1571002, 371413558, 0, 0
1572038, 380976385, 0, 0
1573059, 388891690, 0, 0
1574000, 374485536, 0, 0
1575064, 412274364, 0, 0
1576040, 397995964, 0, 0
1577035, 344100314, 0, 0
1578026, 386966446, 0, 0
1579061, 415977390, 0, 0
1580027, 401373758, 0, 0
1581010, 381651945, 0, 0
1582043, 369810429, 0, 0
1583051, 403928275, 0, 0
1584041, 395585953, 0, 0
1585051, 379136205, 0, 0
1586017, 341389022, 0, 0
1587006, 373460573, 0, 0
1588031, 364903191, 0, 0
1589029, 344478333, 0, 0
1590065, 376341971, 0, 0
1591009, 362511110, 0, 0
1592027, 376373304, 0, 0
1593059, 413942202, 0, 0
1594025, 386543827, 0, 0
1595030, 373894056, 0, 0
1596037, 376722012, 0, 0
1597056, 395303835, 0, 0
1598047, 378938677, 0, 0
1599023, 400687601, 0, 0
1600030, 334441105, 0, 0
1601014, 385563204, 0, 0
1602026, 412154271, 0, 0
1603011, 399706550, 0, 0
1604029, 355052327, 0, 0
1605007, 397830687, 0, 0
1606045, 342888494, 0, 0
1607021, 388481699, 0, 0
1608031, 373721783, 0, 0
1609050, 352843783, 0, 0
1610017, 389973641, 0, 0
1611059, 383983506, 0, 0
1612060, 375242334, 0, 0
1613004, 386099727, 0, 0
1614058, 395197959, 0, 0
1615008, 386497564, 0, 0
1616023, 382130023, 0, 0
1617033, 390504697, 0, 0
1618012, 354707307, 0, 0
1619005, 382384748, 0, 0
1620035, 368306766, 0, 0
1621060, 399191503, 0, 0
1622000, 389143781, 0, 0
1623044, 409233722, 0, 0
1624015, 364955944, 0, 0
1625046, 353783549, 0, 0
1626035, 361030561, 0, 0
1627038, 416826708, 0, 0
1628022, 367344565, 0, 0
1629054, 348303023, 0, 0
1630033, 391864003, 0, 0
1631055, 386901453, 0, 0
1632041, 341393995, 0, 0
1633021, 392554281, 0, 0
1634041, 382699727, 0, 0
1635037, 416010973, 0, 0
1636019, 349081572, 0, 0
1637035, 354804788, 0, 0
1638050, 377247157, 0, 0
1639017, 385143496, 0, 0
1640027, 354651888, 0, 0
1641044, 383673559, 0, 0
1642044, 393733417, 0, 0
1643052, 408288792, 0, 0
1644042, 355633354, 0, 0
1645021, 414845701, 0, 0
1646006, 385972210, 0, 0
1647037, 401792857, 0, 0
1648044, 369283184, 0, 0
1649075, 346459850, 0, 0
1650045, 354181851, 0, 0
1651059, 364791624, 0, 0
1652008, 334027227, 0, 0
1653062, 367706294, 0, 0
1654047, 372330326, 0, 0
1655037, 366788076, 0, 0
1656039, 374491942, 0, 0
1657007, 381829093, 0, 0
1658035, 375885279, 0, 0
1659012, 329708145, 0, 0
1660072, 364921723, 0, 0
1661064, 405505784, 0, 0
1662012, 387110075, 0, 0
1663040, 379433618, 0, 0
1664059, 375662759, 0, 0
1665009, 382224183, 0, 0
1666046, 403116786, 0, 0
1667001, 406859284, 0, 0
1668016, 352743982, 0, 0
1669041, 354471857, 0, 0
1670004, 368647023, 0, 0
1671031, 389941152, 0, 0
1672050, 400525040, 0, 0
1673030, 381841343, 0, 0
1674021, 374291830, 0, 0
1675021, 329000764, 0, 0
1676012, 370499570, 0, 0
1677017, 414873394, 0, 0
1678027, 378656857, 0, 0
1679064, 462489057, 0, 0
1680015, 420352826, 0, 0
1681041, 398409429, 0, 0
1682046, 392098519, 0, 0
1683031, 360578625, 0, 0
1684055, 385164570, 0, 0
1685035, 374541893, 0, 0
1686042, 409845232, 0, 0
1687061, 367453295, 0, 0
1688026, 374794923, 0, 0
1689050, 334757663, 0, 0
1690031, 363736644, 0, 0
1691011, 398721160, 0, 0
1692042, 383129519, 0, 0
1693036, 387076658, 0, 0
1694045, 405967933, 0, 0
1695042, 410227108, 0, 0
1696058, 375976012, 0, 0
1697016, 358789524, 0, 0
1698051, 364500408, 0, 0
1699032, 364340274, 0, 0
1700013, 385754829, 0, 0
1701060, 422108588, 0, 0
1702015, 349196371, 0, 0
1703051, 373955589, 0, 0
1704020, 399312737, 0, 0
1705042, 387064899, 0, 0
1706042, 380455355, 0, 0
1707023, 379981563, 0, 0
1708012, 423629102, 0, 0
1709030, 395811854, 0, 0
1710019, 363269999, 0, 0
1711048, 397586414, 0, 0
1712013, 397861865, 0, 0
1713004, 359763626, 0, 0
1714030, 355137480, 0, 0
1715050, 379499285, 0, 0
1716004, 346750739, 0, 0
1717030, 384992354, 0, 0
1718024, 370832478, 0, 0
1719048, 421819593, 0, 0
1720041, 381063492, 0, 0
1721041, 413965746, 0, 0
1722003, 398748293, 0, 0
1723059, 402695615, 0, 0
1724003, 390160179, 0, 0
1725038, 405561166, 0, 0
1726060, 376332171, 0, 0
1727025, 393067404, 0, 0
1728069, 369371597, 0, 0
1729036, 376194202, 0, 0
1730055, 401401842, 0, 0
1731002, 360635831, 0, 0
1732040, 357815547, 0, 0
1733021, 359426238, 0, 0
1734009, 410046220, 0, 0
1735039, 379423989, 0, 0
1736067, 398273408, 0, 0
1737007, 395694685, 0, 0
1738013, 354151847, 0, 0
1739008, 387861547, 0, 0
1740038, 395761532, 0, 0
1741040, 377451179, 0, 0
1742011, 364868617, 0, 0
1743035, 373596453, 0, 0
1744064, 377951037, 0, 0
1745055, 345166187, 0, 0
1746048, 426676721, 0, 0
1747064, 373047485, 0, 0
1748172, 363381850, 0, 0
1749012, 459227976, 0, 0
1750009, 357296936, 0, 0
1751009, 345552258, 0, 0
1752062, 402645855, 0, 0
1753026, 411033890, 0, 0
1754014, 380338708, 0, 0
1755058, 401648609, 0, 0
1756007, 384349142, 0, 0
1757057, 386334469, 0, 0
1758052, 372097326, 0, 0
1759027, 441003988, 0, 0
1760037, 394546171, 0, 0
1761053, 394988895, 0, 0
1762002, 375875575, 0, 0
1763034, 378392462, 0, 0
1764072, 397563065, 0, 0
1765027, 398251754, 0, 0
1766064, 378032968, 0, 0
1767044, 381875054, 0, 0
1768002, 376911682, 0, 0
1769033, 360807942, 0, 0
1770020, 348786691, 0, 0
1771040, 354975763, 0, 0
1772066, 373532233, 0, 0
1773044, 394830440, 0, 0
1774033, 418597126, 0, 0
1775052, 406775936, 0, 0
1776053, 394453918, 0, 0
1777008, 408969058, 0, 0
1778015, 389195978, 0, 0
1779006, 355856377, 0, 0
1780043, 427959780, 0, 0
1781016, 369209425, 0, 0
1782030, 363387100, 0, 0
1783058, 394879353, 0, 0
1784024, 371545709, 0, 0
1785009, 395018980, 0, 0
1786029, 368790283, 0, 0
1787065, 367713422, 0, 0
1788064, 377704692, 0, 0
1789059, 389389224, 0, 0
1790001, 353270685, 0, 0
1791009, 350158445, 0, 0
1792042, 405893265, 0, 0
1793028, 390601875, 0, 0
1794019, 407212663, 0, 0
1795032, 372874387, 0, 0
1796035, 387573787, 0, 0
1797005, 464082195, 0, 0
1798039, 361528601, 0, 0
1799011, 429239379, 0, 0
1800026, 393062087, 0, 0
1800209, 386923228, 0, 0
