1000, 66, 0, 0
1999, 120, 0, 0
2999, 112, 0, 0
4000, 113, 0, 0
5000, 112, 0, 0
5999, 108, 0, 0
7000, 112, 0, 0
8000, 113, 0, 0
8999, 120, 0, 0
10000, 106, 0, 0
10999, 109, 0, 0
11999, 128, 0, 0
13000, 113, 0, 0
14000, 120, 0, 0
14999, 112, 0, 0
16000, 113, 0, 0
16999, 101, 0, 0
17999, 113, 0, 0
19000, 120, 0, 0
20000, 120, 0, 0
20999, 123, 0, 0
21999, 120, 0, 0
23000, 120, 0, 0
24000, 122, 0, 0
24999, 112, 0, 0
25999, 121, 0, 0
27000, 112, 0, 0
28000, 120, 0, 0
28999, 121, 0, 0
29999, 112, 0, 0
31000, 123, 0, 0
32000, 121, 0, 0
32999, 116, 0, 0
33999, 123, 0, 0
35000, 114, 0, 0
35999, 121, 0, 0
37000, 113, 0, 0
38000, 118, 0, 0
38999, 119, 0, 0
39999, 121, 0, 0
41000, 112, 0, 0
42000, 123, 0, 0
42999, 112, 0, 0
44000, 123, 0, 0
45000, 122, 0, 0
45999, 115, 0, 0
46999, 103, 0, 0
48000, 119, 0, 0
49000, 121, 0, 0
49999, 121, 0, 0
51000, 113, 0, 0
51999, 121, 0, 0
52999, 103, 0, 0
54000, 116, 0, 0
55000, 126, 0, 0
55999, 121, 0, 0
57000, 123, 0, 0
58000, 114, 0, 0
58999, 114, 0, 0
59999, 115, 0, 0
61000, 107, 0, 0
61999, 129, 0, 0
62999, 120, 0, 0
64000, 112, 0, 0
64999, 117, 0, 0
65999, 114, 0, 0
67000, 113, 0, 0
67999, 120, 0, 0
68999, 128, 0, 0
70000, 127, 0, 0
71000, 122, 0, 0
71999, 122, 0, 0
73000, 117, 0, 0
74000, 123, 0, 0
74999, 115, 0, 0
76000, 142, 0, 0
77000, 118, 0, 0
77999, 122, 0, 0
79000, 112, 0, 0
80000, 123, 0, 0
80999, 116, 0, 0
82000, 130, 0, 0
83000, 124, 0, 0
83999, 116, 0, 0
84999, 113, 0, 0
86000, 127, 0, 0
87000, 121, 0, 0
87999, 129, 0, 0
89000, 114, 0, 0
90000, 119, 0, 0
90999, 133, 0, 0
92000, 118, 0, 0
93000, 122, 0, 0
93999, 128, 0, 0
95000, 122, 0, 0
96000, 126, 0, 0
96999, 116, 0, 0
98000, 128, 0, 0
99000, 117, 0, 0
99999, 126, 0, 0
100999, 123, 0, 0
102000, 115, 0, 0
102999, 115, 0, 0
103999, 126, 0, 0
105000, 129, 0, 0
106000, 126, 0, 0
106999, 120, 0, 0
108000, 127, 0, 0
108999, 116, 0, 0
109999, 132, 0, 0
111000, 125, 0, 0
112000, 114, 0, 0
112999, 130, 0, 0
113999, 120, 0, 0
115000, 126, 0, 0
115999, 125, 0, 0
116999, 119, 0, 0
118000, 123, 0, 0
118999, 131, 0, 0
119999, 124, 0, 0
121000, 118, 0, 0
122000, 135, 0, 0
122999, 122, 0, 0
124000, 125, 0, 0
124999, 124, 0, 0
125999, 128, 0, 0
127000, 131, 0, 0
127999, 114, 0, 0
128999, 129, 0, 0
130000, 128, 0, 0
130999, 126, 0, 0
131999, 118, 0, 0
133000, 125, 0, 0
133999, 118, 0, 0
134999, 115, 0, 0
136000, 130, 0, 0
137000, 124, 0, 0
137999, 108, 0, 0
138999, 129, 0, 0
140000, 123, 0, 0
140999, 125, 0, 0
141999, 128, 0, 0
143000, 117, 0, 0
143999, 130, 0, 0
144999, 125, 0, 0
146000, 124, 0, 0
147000, 132, 0, 0
147999, 124, 0, 0
149000, 118, 0, 0
150000, 128, 0, 0
150999, 132, 0, 0
152000, 120, 0, 0
153000, 126, 0, 0
153999, 135, 0, 0
154999, 124, 0, 0
156000, 128, 0, 0
156999, 119, 0, 0
158000, 121, 0, 0
159000, 128, 0, 0
159999, 115, 0, 0
160999, 118, 0, 0
162000, 123, 0, 0
162999, 116, 0, 0
164000, 132, 0, 0
165000, 115, 0, 0
165999, 129, 0, 0
166999, 127, 0, 0
168000, 120, 0, 0
168999, 127, 0, 0
169999, 116, 0, 0
171000, 131, 0, 0
171999, 128, 0, 0
172999, 129, 0, 0
174000, 128, 0, 0
174999, 132, 0, 0
175999, 121, 0, 0
177000, 132, 0, 0
177999, 128, 0, 0
178999, 132, 0, 0
180000, 133, 0, 0
181000, 128, 0, 0
181999, 126, 0, 0
183000, 123, 0, 0
183999, 136, 0, 0
184999, 105, 0, 0
186000, 131, 0, 0
187000, 121, 0, 0
187999, 140, 0, 0
189000, 118, 0, 0
190000, 127, 0, 0
190999, 127, 0, 0
191999, 127, 0, 0
193000, 129, 0, 0
193999, 135, 0, 0
194999, 135, 0, 0
196000, 131, 0, 0
196999, 138, 0, 0
198000, 122, 0, 0
199000, 133, 0, 0
199999, 123, 0, 0
201000, 130, 0, 0
202000, 130, 0, 0
202999, 124, 0, 0
203999, 133, 0, 0
205000, 124, 0, 0
205999, 130, 0, 0
206999, 133, 0, 0
208000, 121, 0, 0
209000, 126, 0, 0
209999, 118, 0, 0
211000, 130, 0, 0
212000, 133, 0, 0
212999, 122, 0, 0
213999, 120, 0, 0
215000, 123, 0, 0
215999, 126, 0, 0
216999, 122, 0, 0
218000, 129, 0, 0
219000, 123, 0, 0
219999, 130, 0, 0
221000, 131, 0, 0
222000, 124, 0, 0
222999, 135, 0, 0
224000, 124, 0, 0
225000, 141, 0, 0
225999, 133, 0, 0
226999, 131, 0, 0
228000, 143, 0, 0
228999, 119, 0, 0
230000, 124, 0, 0
231000, 131, 0, 0
231999, 135, 0, 0
233000, 128, 0, 0
234000, 132, 0, 0
234999, 129, 0, 0
236000, 122, 0, 0
237000, 130, 0, 0
237999, 141, 0, 0
239000, 131, 0, 0
240000, 133, 0, 0
240999, 120, 0, 0
242000, 121, 0, 0
242999, 138, 0, 0
244000, 131, 0, 0
245000, 125, 0, 0
245999, 133, 0, 0
247000, 136, 0, 0
248000, 133, 0, 0
248999, 122, 0, 0
249999, 123, 0, 0
251000, 102, 0, 0
251999, 138, 0, 0
252999, 139, 0, 0
254000, 125, 0, 0
254999, 128, 0, 0
255999, 126, 0, 0
257000, 125, 0, 0
257999, 134, 0, 0
258999, 134, 0, 0
260000, 139, 0, 0
260999, 122, 0, 0
261999, 134, 0, 0
263000, 132, 0, 0
263999, 139, 0, 0
264999, 126, 0, 0
266000, 132, 0, 0
266999, 134, 0, 0
267999, 122, 0, 0
269000, 126, 0, 0
269999, 138, 0, 0
270999, 126, 0, 0
272000, 127, 0, 0
272999, 129, 0, 0
273999, 137, 0, 0
275000, 137, 0, 0
275999, 125, 0, 0
276999, 127, 0, 0
278000, 129, 0, 0
278999, 135, 0, 0
279999, 138, 0, 0
281000, 138, 0, 0
281999, 128, 0, 0
283000, 130, 0, 0
284000, 140, 0, 0
284999, 123, 0, 0
286000, 124, 0, 0
286999, 138, 0, 0
287999, 133, 0, 0
289000, 124, 0, 0
289999, 134, 0, 0
290999, 132, 0, 0
292000, 131, 0, 0
292999, 127, 0, 0
294000, 139, 0, 0
295000, 133, 0, 0
295999, 136, 0, 0
297000, 133, 0, 0
298000, 132, 0, 0
298999, 127, 0, 0
300000, 136, 0, 0
300999, 135, 0, 0
301999, 141, 0, 0
303000, 138, 0, 0
303999, 127, 0, 0
304999, 133, 0, 0
306000, 138, 0, 0
307000, 129, 0, 0
307999, 141, 0, 0
309000, 136, 0, 0
310000, 133, 0, 0
310999, 141, 0, 0
312000, 137, 0, 0
313000, 136, 0, 0
313999, 123, 0, 0
315000, 143, 0, 0
315999, 139, 0, 0
316999, 142, 0, 0
318000, 130, 0, 0
319000, 125, 0, 0
319999, 139, 0, 0
321000, 133, 0, 0
321999, 139, 0, 0
322999, 126, 0, 0
324000, 132, 0, 0
325000, 143, 0, 0
325999, 144, 0, 0
327000, 137, 0, 0
327999, 132, 0, 0
328999, 125, 0, 0
330000, 127, 0, 0
330999, 131, 0, 0
331999, 136, 0, 0
333000, 131, 0, 0
333999, 122, 0, 0
334999, 140, 0, 0
336000, 134, 0, 0
336999, 146, 0, 0
337999, 143, 0, 0
339000, 138, 0, 0
339999, 139, 0, 0
341000, 135, 0, 0
342000, 132, 0, 0
342999, 142, 0, 0
343999, 132, 0, 0
345000, 139, 0, 0
345999, 128, 0, 0
347000, 142, 0, 0
348000, 133, 0, 0
348999, 144, 0, 0
350000, 142, 0, 0
351000, 139, 0, 0
351999, 134, 0, 0
352999, 127, 0, 0
354000, 148, 0, 0
354999, 132, 0, 0
355999, 137, 0, 0
357000, 132, 0, 0
357999, 146, 0, 0
359000, 141, 0, 0
360000, 133, 0, 0
360999, 149, 0, 0
361999, 137, 0, 0
363000, 128, 0, 0
363999, 132, 0, 0
364999, 150, 0, 0
366000, 134, 0, 0
366999, 135, 0, 0
367999, 142, 0, 0
369000, 142, 0, 0
369999, 129, 0, 0
370999, 137, 0, 0
372000, 146, 0, 0
372999, 133, 0, 0
374000, 129, 0, 0
375000, 145, 0, 0
375999, 140, 0, 0
377000, 143, 0, 0
378000, 139, 0, 0
378999, 151, 0, 0
379999, 141, 0, 0
381000, 146, 0, 0
381999, 141, 0, 0
383000, 145, 0, 0
384000, 134, 0, 0
384999, 147, 0, 0
386000, 136, 0, 0
386999, 139, 0, 0
387999, 139, 0, 0
389000, 129, 0, 0
389999, 148, 0, 0
390999, 140, 0, 0
392000, 126, 0, 0
392999, 146, 0, 0
394000, 149, 0, 0
394999, 147, 0, 0
395999, 145, 0, 0
397000, 141, 0, 0
397999, 143, 0, 0
398999, 152, 0, 0
400000, 144, 0, 0
400999, 146, 0, 0
401999, 144, 0, 0
403000, 143, 0, 0
403999, 137, 0, 0
404999, 150, 0, 0
406000, 136, 0, 0
406999, 140, 0, 0
407999, 137, 0, 0
409000, 151, 0, 0
409999, 150, 0, 0
411000, 143, 0, 0
412000, 140, 0, 0
412999, 128, 0, 0
414000, 145, 0, 0
414999, 139, 0, 0
415999, 151, 0, 0
417000, 148, 0, 0
417999, 144, 0, 0
418999, 129, 0, 0
420000, 138, 0, 0
420999, 151, 0, 0
421999, 133, 0, 0
423000, 123, 0, 0
423999, 140, 0, 0
424999, 145, 0, 0
426000, 143, 0, 0
427000, 140, 0, 0
427999, 147, 0, 0
429000, 141, 0, 0
429999, 137, 0, 0
430999, 144, 0, 0
432000, 147, 0, 0
432999, 145, 0, 0
434000, 136, 0, 0
434999, 138, 0, 0
435999, 152, 0, 0
437000, 145, 0, 0
437999, 140, 0, 0
439000, 140, 0, 0
440000, 126, 0, 0
440999, 150, 0, 0
442000, 136, 0, 0
443000, 159, 0, 0
443999, 131, 0, 0
445000, 143, 0, 0
446000, 154, 0, 0
446999, 137, 0, 0
448000, 151, 0, 0
448999, 135, 0, 0
449999, 158, 0, 0
451000, 143, 0, 0
451999, 145, 0, 0
452999, 147, 0, 0
454000, 135, 0, 0
454999, 142, 0, 0
456000, 130, 0, 0
457000, 150, 0, 0
457999, 140, 0, 0
459000, 148, 0, 0
459999, 143, 0, 0
460999, 139, 0, 0
462000, 151, 0, 0
462999, 130, 0, 0
463999, 152, 0, 0
465000, 151, 0, 0
465999, 153, 0, 0
466999, 154, 0, 0
468000, 133, 0, 0
468999, 135, 0, 0
469999, 131, 0, 0
471000, 150, 0, 0
471999, 140, 0, 0
472999, 156, 0, 0
474000, 156, 0, 0
474999, 151, 0, 0
475999, 156, 0, 0
477000, 146, 0, 0
477999, 134, 0, 0
479000, 138, 0, 0
479999, 158, 0, 0
480999, 153, 0, 0
482000, 150, 0, 0
482999, 153, 0, 0
483999, 149, 0, 0
485000, 152, 0, 0
486000, 141, 0, 0
486999, 141, 0, 0
488000, 144, 0, 0
488999, 152, 0, 0
489999, 152, 0, 0
491000, 150, 0, 0
491999, 156, 0, 0
492999, 144, 0, 0
494000, 142, 0, 0
494999, 148, 0, 0
495999, 154, 0, 0
497000, 138, 0, 0
497999, 156, 0, 0
498999, 144, 0, 0
500000, 146, 0, 0
500999, 154, 0, 0
501999, 144, 0, 0
503000, 137, 0, 0
503999, 144, 0, 0
504999, 152, 0, 0
506000, 143, 0, 0
506999, 138, 0, 0
508000, 153, 0, 0
509000, 161, 0, 0
509999, 141, 0, 0
511000, 155, 0, 0
512000, 143, 0, 0
512999, 141, 0, 0
514000, 154, 0, 0
514999, 162, 0, 0
515999, 154, 0, 0
517000, 145, 0, 0
517999, 152, 0, 0
518999, 152, 0, 0
520000, 150, 0, 0
520999, 164, 0, 0
522000, 142, 0, 0
522999, 143, 0, 0
523999, 146, 0, 0
525000, 148, 0, 0
525999, 145, 0, 0
527000, 134, 0, 0
528000, 159, 0, 0
528999, 138, 0, 0
530000, 154, 0, 0
530999, 153, 0, 0
531999, 141, 0, 0
533000, 149, 0, 0
533999, 129, 0, 0
535000, 156, 0, 0
536000, 138, 0, 0
536999, 144, 0, 0
538000, 143, 0, 0
538999, 157, 0, 0
539999, 148, 0, 0
541000, 157, 0, 0
541999, 146, 0, 0
542999, 140, 0, 0
544000, 174, 0, 0
544999, 165, 0, 0
546000, 141, 0, 0
547000, 158, 0, 0
547999, 149, 0, 0
549000, 160, 0, 0
549999, 143, 0, 0
550999, 146, 0, 0
552000, 149, 0, 0
552999, 155, 0, 0
553999, 159, 0, 0
555000, 148, 0, 0
555999, 151, 0, 0
557000, 164, 0, 0
558000, 150, 0, 0
558999, 140, 0, 0
560000, 154, 0, 0
561000, 148, 0, 0
561999, 156, 0, 0
563000, 163, 0, 0
563999, 167, 0, 0
564999, 144, 0, 0
566000, 155, 0, 0
567000, 167, 0, 0
567999, 153, 0, 0
569000, 146, 0, 0
570000, 154, 0, 0
570999, 157, 0, 0
572000, 160, 0, 0
573000, 155, 0, 0
573999, 162, 0, 0
575000, 152, 0, 0
575999, 145, 0, 0
576999, 165, 0, 0
578000, 158, 0, 0
578999, 166, 0, 0
580000, 148, 0, 0
581000, 155, 0, 0
581999, 141, 0, 0
583000, 153, 0, 0
583999, 171, 0, 0
584999, 158, 0, 0
586000, 165, 0, 0
586999, 162, 0, 0
587999, 157, 0, 0
589000, 154, 0, 0
589999, 137, 0, 0
591000, 150, 0, 0
592000, 160, 0, 0
592999, 149, 0, 0
594000, 154, 0, 0
594999, 153, 0, 0
595999, 147, 0, 0
597000, 156, 0, 0
597999, 165, 0, 0
598999, 167, 0, 0
600000, 154, 0, 0
600999, 163, 0, 0
602000, 171, 0, 0
603000, 153, 0, 0
603999, 138, 0, 0
605000, 168, 0, 0
605999, 155, 0, 0
606999, 157, 0, 0
608000, 156, 0, 0
608999, 162, 0, 0
609999, 160, 0, 0
611000, 164, 0, 0
611999, 149, 0, 0
612999, 164, 0, 0
614000, 158, 0, 0
614999, 148, 0, 0
616000, 168, 0, 0
617000, 144, 0, 0
617999, 176, 0, 0
618999, 148, 0, 0
620000, 159, 0, 0
620999, 168, 0, 0
621999, 160, 0, 0
623000, 154, 0, 0
623999, 166, 0, 0
624999, 164, 0, 0
626000, 169, 0, 0
626999, 155, 0, 0
627999, 160, 0, 0
629000, 155, 0, 0
629999, 153, 0, 0
630999, 162, 0, 0
632000, 151, 0, 0
632999, 159, 0, 0
634000, 157, 0, 0
635000, 164, 0, 0
635999, 154, 0, 0
637000, 144, 0, 0
638000, 166, 0, 0
638999, 154, 0, 0
640000, 161, 0, 0
641000, 157, 0, 0
641999, 164, 0, 0
643000, 171, 0, 0
644000, 146, 0, 0
644999, 161, 0, 0
646000, 164, 0, 0
646999, 147, 0, 0
647999, 172, 0, 0
649000, 162, 0, 0
650000, 163, 0, 0
650999, 146, 0, 0
652000, 174, 0, 0
653000, 159, 0, 0
653999, 140, 0, 0
655000, 161, 0, 0
656000, 161, 0, 0
656999, 147, 0, 0
658000, 164, 0, 0
659000, 157, 0, 0
659999, 179, 0, 0
661000, 156, 0, 0
662000, 139, 0, 0
662999, 149, 0, 0
664000, 165, 0, 0
664999, 172, 0, 0
665999, 145, 0, 0
667000, 169, 0, 0
667999, 160, 0, 0
669000, 163, 0, 0
670000, 154, 0, 0
670999, 158, 0, 0
672000, 165, 0, 0
673000, 159, 0, 0
673999, 151, 0, 0
675000, 173, 0, 0
676000, 164, 0, 0
676999, 158, 0, 0
678000, 170, 0, 0
678999, 177, 0, 0
679999, 160, 0, 0
681000, 171, 0, 0
681999, 144, 0, 0
682999, 165, 0, 0
684000, 184, 0, 0
684999, 182, 0, 0
685999, 177, 0, 0
687000, 166, 0, 0
687999, 166, 0, 0
688999, 161, 0, 0
690000, 164, 0, 0
691000, 172, 0, 0
692000, 146, 0, 0
693000, 164, 0, 0
693999, 158, 0, 0
695000, 157, 0, 0
695999, 158, 0, 0
696999, 172, 0, 0
698000, 158, 0, 0
699000, 190, 0, 0
699999, 158, 0, 0
701000, 174, 0, 0
701999, 144, 0, 0
702999, 166, 0, 0
704000, 169, 0, 0
705000, 151, 0, 0
705999, 170, 0, 0
707000, 146, 0, 0
708000, 167, 0, 0
709000, 168, 0, 0
710000, 157, 0, 0
711000, 158, 0, 0
712000, 172, 0, 0
713000, 180, 0, 0
714000, 156, 0, 0
715000, 147, 0, 0
716000, 158, 0, 0
717000, 165, 0, 0
718000, 169, 0, 0
719000, 168, 0, 0
720000, 170, 0, 0
721000, 175, 0, 0
722000, 156, 0, 0
723000, 173, 0, 0
724000, 169, 0, 0
725000, 157, 0, 0
726000, 163, 0, 0
727000, 164, 0, 0
728000, 166, 0, 0
729000, 163, 0, 0
730000, 156, 0, 0
731000, 166, 0, 0
732000, 169, 0, 0
733000, 175, 0, 0
734000, 166, 0, 0
735000, 186, 0, 0
736000, 179, 0, 0
737001, 134, 0, 0
738000, 155, 0, 0
739000, 171, 0, 0
740000, 184, 0, 0
741000, 162, 0, 0
742000, 167, 0, 0
743000, 161, 0, 0
744000, 178, 0, 0
745000, 167, 0, 0
746000, 173, 0, 0
747000, 158, 0, 0
748000, 173, 0, 0
749000, 136, 0, 0
750000, 183, 0, 0
751000, 166, 0, 0
752000, 160, 0, 0
753000, 169, 0, 0
754000, 172, 0, 0
755000, 162, 0, 0
756000, 174, 0, 0
757000, 165, 0, 0
758000, 164, 0, 0
759000, 158, 0, 0
760000, 174, 0, 0
761000, 197, 0, 0
762000, 182, 0, 0
763000, 179, 0, 0
764000, 161, 0, 0
765000, 168, 0, 0
766000, 158, 0, 0
767000, 177, 0, 0
767999, 155, 0, 0
768999, 174, 0, 0
770000, 162, 0, 0
770999, 157, 0, 0
771999, 160, 0, 0
772998, 167, 0, 0
773999, 165, 0, 0
774999, 187, 0, 0
775998, 173, 0, 0
776998, 163, 0, 0
777998, 164, 0, 0
778998, 165, 0, 0
779998, 171, 0, 0
780997, 183, 0, 0
781998, 169, 0, 0
782997, 174, 0, 0
783997, 160, 0, 0
784997, 177, 0, 0
785997, 169, 0, 0
786997, 175, 0, 0
787996, 184, 0, 0
788996, 156, 0, 0
789996, 182, 0, 0
790996, 162, 0, 0
791996, 172, 0, 0
792995, 172, 0, 0
793996, 162, 0, 0
794995, 165, 0, 0
795995, 169, 0, 0
796995, 166, 0, 0
797995, 180, 0, 0
798995, 166, 0, 0
799994, 156, 0, 0
800994, 159, 0, 0
801995, 178, 0, 0
802994, 172, 0, 0
803994, 168, 0, 0
804993, 170, 0, 0
805994, 174, 0, 0
806994, 163, 0, 0
807993, 171, 0, 0
808993, 171, 0, 0
809993, 176, 0, 0
810993, 170, 0, 0
811992, 172, 0, 0
812992, 155, 0, 0
813993, 176, 0, 0
814992, 173, 0, 0
815992, 165, 0, 0
816991, 177, 0, 0
817991, 172, 0, 0
818992, 167, 0, 0
819991, 164, 0, 0
820991, 152, 0, 0
821991, 170, 0, 0
822991, 187, 0, 0
824000, 184, 0, 0
824991, 173, 0, 0
825999, 168, 0, 0
827000, 176, 0, 0
827999, 156, 0, 0
828999, 184, 0, 0
830000, 158, 0, 0
831000, 169, 0, 0
831999, 186, 0, 0
833000, 155, 0, 0
834000, 168, 0, 0
834999, 171, 0, 0
836000, 192, 0, 0
836999, 192, 0, 0
837999, 170, 0, 0
839000, 160, 0, 0
839999, 173, 0, 0
840999, 170, 0, 0
842000, 181, 0, 0
842999, 183, 0, 0
843999, 180, 0, 0
845000, 176, 0, 0
845999, 194, 0, 0
846999, 157, 0, 0
848000, 185, 0, 0
848999, 140, 0, 0
849999, 176, 0, 0
851000, 160, 0, 0
851999, 173, 0, 0
852999, 157, 0, 0
854000, 169, 0, 0
854999, 160, 0, 0
856000, 170, 0, 0
857000, 179, 0, 0
857999, 181, 0, 0
859000, 168, 0, 0
860000, 152, 0, 0
860999, 161, 0, 0
862000, 166, 0, 0
862999, 177, 0, 0
863999, 172, 0, 0
865000, 151, 0, 0
865999, 176, 0, 0
866999, 181, 0, 0
868000, 161, 0, 0
868999, 176, 0, 0
870000, 173, 0, 0
871000, 163, 0, 0
871999, 175, 0, 0
873000, 168, 0, 0
874000, 156, 0, 0
874999, 183, 0, 0
875999, 164, 0, 0
877000, 181, 0, 0
877999, 168, 0, 0
878999, 167, 0, 0
880000, 154, 0, 0
880999, 194, 0, 0
882000, 171, 0, 0
883000, 165, 0, 0
883999, 175, 0, 0
885000, 166, 0, 0
886000, 159, 0, 0
886999, 167, 0, 0
888000, 155, 0, 0
888999, 168, 0, 0
889999, 157, 0, 0
891000, 161, 0, 0
891999, 168, 0, 0
893000, 189, 0, 0
894000, 155, 0, 0
894999, 168, 0, 0
895999, 149, 0, 0
897000, 131, 0, 0
897999, 158, 0, 0
899000, 179, 0, 0
900000, 165, 0, 0
900999, 189, 0, 0
902000, 159, 0, 0
903000, 169, 0, 0
903999, 171, 0, 0
905000, 176, 0, 0
905999, 145, 0, 0
907000, 159, 0, 0
908000, 182, 0, 0
908999, 188, 0, 0
910000, 157, 0, 0
911000, 168, 0, 0
911999, 185, 0, 0
913000, 152, 0, 0
913999, 157, 0, 0
914999, 188, 0, 0
916000, 184, 0, 0
916999, 168, 0, 0
918000, 172, 0, 0
919000, 161, 0, 0
919999, 168, 0, 0
921000, 160, 0, 0
922000, 169, 0, 0
922999, 165, 0, 0
924000, 178, 0, 0
924999, 164, 0, 0
925999, 161, 0, 0
927000, 139, 0, 0
927999, 176, 0, 0
929000, 168, 0, 0
929999, 158, 0, 0
930999, 172, 0, 0
932000, 173, 0, 0
932999, 152, 0, 0
933999, 163, 0, 0
935000, 161, 0, 0
935999, 173, 0, 0
937000, 146, 0, 0
938000, 173, 0, 0
938999, 188, 0, 0
940000, 162, 0, 0
941000, 177, 0, 0
941999, 172, 0, 0
943000, 192, 0, 0
943999, 145, 0, 0
944999, 172, 0, 0
946000, 176, 0, 0
947000, 171, 0, 0
947999, 166, 0, 0
949000, 175, 0, 0
949999, 174, 0, 0
950999, 180, 0, 0
952000, 165, 0, 0
953000, 164, 0, 0
953999, 150, 0, 0
954999, 181, 0, 0
956000, 162, 0, 0
956999, 167, 0, 0
957999, 178, 0, 0
959000, 161, 0, 0
959999, 176, 0, 0
960999, 166, 0, 0
962000, 173, 0, 0
962999, 164, 0, 0
964000, 185, 0, 0
965000, 169, 0, 0
965999, 169, 0, 0
967000, 170, 0, 0
968000, 172, 0, 0
968999, 178, 0, 0
970000, 187, 0, 0
970999, 151, 0, 0
971999, 174, 0, 0
973000, 161, 0, 0
973999, 168, 0, 0
975000, 155, 0, 0
976000, 181, 0, 0
976999, 173, 0, 0
978000, 171, 0, 0
979000, 171, 0, 0
979999, 182, 0, 0
981000, 160, 0, 0
981999, 168, 0, 0
982999, 164, 0, 0
984000, 183, 0, 0
984999, 162, 0, 0
985999, 158, 0, 0
987000, 178, 0, 0
987999, 172, 0, 0
989000, 170, 0, 0
990000, 174, 0, 0
990999, 164, 0, 0
992000, 181, 0, 0
993000, 179, 0, 0
993999, 178, 0, 0
995000, 166, 0, 0
996000, 180, 0, 0
996999, 170, 0, 0
998000, 178, 0, 0
998999, 161, 0, 0
999999, 198, 0, 0
1001000, 171, 0, 0
1001999, 171, 0, 0
1002999, 178, 0, 0
1004000, 180, 0, 0
1004999, 178, 0, 0
1006000, 172, 0, 0
1006999, 147, 0, 0
1007999, 160, 0, 0
1009000, 178, 0, 0
1009999, 170, 0, 0
1010999, 160, 0, 0
1012000, 158, 0, 0
1012999, 174, 0, 0
1013999, 177, 0, 0
1015000, 164, 0, 0
1015999, 164, 0, 0
1016999, 171, 0, 0
1018000, 199, 0, 0
1018999, 160, 0, 0
1019999, 164, 0, 0
1021000, 156, 0, 0
1021999, 181, 0, 0
1023000, 163, 0, 0
1024000, 172, 0, 0
1024999, 173, 0, 0
1026000, 172, 0, 0
1027000, 174, 0, 0
1027999, 172, 0, 0
1029000, 153, 0, 0
1030000, 178, 0, 0
1030999, 170, 0, 0
1032000, 172, 0, 0
1033000, 168, 0, 0
1033999, 173, 0, 0
1035000, 150, 0, 0
1036000, 170, 0, 0
1036999, 166, 0, 0
1038000, 173, 0, 0
1039000, 151, 0, 0
1039999, 179, 0, 0
1041000, 160, 0, 0
1042000, 159, 0, 0
1042999, 173, 0, 0
1044000, 190, 0, 0
1045000, 186, 0, 0
1045999, 187, 0, 0
1047000, 177, 0, 0
1048000, 167, 0, 0
1048999, 187, 0, 0
1049999, 152, 0, 0
1051000, 169, 0, 0
1051999, 186, 0, 0
1052999, 164, 0, 0
1054000, 179, 0, 0
1054999, 163, 0, 0
1055999, 171, 0, 0
1057000, 165, 0, 0
1058000, 169, 0, 0
1058999, 155, 0, 0
1060000, 180, 0, 0
1061000, 192, 0, 0
1061999, 185, 0, 0
1063000, 151, 0, 0
1064000, 162, 0, 0
1064999, 176, 0, 0
1066000, 168, 0, 0
1066999, 171, 0, 0
1067999, 193, 0, 0
1069000, 158, 0, 0
1069999, 196, 0, 0
1071000, 188, 0, 0
1072000, 162, 0, 0
1072999, 151, 0, 0
1074000, 158, 0, 0
1074999, 163, 0, 0
1075999, 194, 0, 0
1077000, 157, 0, 0
1077999, 160, 0, 0
1078999, 166, 0, 0
1080000, 157, 0, 0
1080999, 188, 0, 0
1082000, 196, 0, 0
1083000, 170, 0, 0
1083999, 168, 0, 0
1085000, 169, 0, 0
1086000, 156, 0, 0
1086999, 170, 0, 0
1088000, 183, 0, 0
1089000, 149, 0, 0
1089999, 181, 0, 0
1091000, 177, 0, 0
1091999, 168, 0, 0
1092999, 149, 0, 0
1094000, 180, 0, 0
1094999, 161, 0, 0
1096000, 166, 0, 0
1097000, 194, 0, 0
1097999, 158, 0, 0
1099000, 169, 0, 0
1100000, 184, 0, 0
1100999, 155, 0, 0
1102000, 163, 0, 0
1103000, 168, 0, 0
1103999, 164, 0, 0
1105000, 169, 0, 0
1105999, 185, 0, 0
1106999, 178, 0, 0
1108000, 188, 0, 0
1108999, 178, 0, 0
1109999, 173, 0, 0
1111000, 179, 0, 0
1111999, 189, 0, 0
1112999, 186, 0, 0
1114000, 180, 0, 0
1114999, 171, 0, 0
1115999, 154, 0, 0
1117000, 178, 0, 0
1117999, 167, 0, 0
1119000, 167, 0, 0
1119999, 166, 0, 0
1120999, 179, 0, 0
1122000, 151, 0, 0
1122999, 161, 0, 0
1123999, 176, 0, 0
1125000, 160, 0, 0
1125999, 162, 0, 0
1126999, 172, 0, 0
1128000, 184, 0, 0
1128999, 191, 0, 0
1129999, 166, 0, 0
1131000, 179, 0, 0
1131999, 165, 0, 0
1133000, 146, 0, 0
1134000, 167, 0, 0
1134999, 164, 0, 0
1136000, 164, 0, 0
1137000, 169, 0, 0
1137999, 174, 0, 0
1139000, 172, 0, 0
1140000, 161, 0, 0
1140999, 165, 0, 0
1142000, 184, 0, 0
1142999, 171, 0, 0
1143999, 172, 0, 0
1145000, 182, 0, 0
1145999, 162, 0, 0
1146999, 186, 0, 0
1148000, 202, 0, 0
1148999, 167, 0, 0
1150000, 179, 0, 0
1151000, 164, 0, 0
1151999, 182, 0, 0
1153000, 159, 0, 0
1154000, 199, 0, 0
1154999, 180, 0, 0
1156000, 175, 0, 0
1157000, 183, 0, 0
1157999, 162, 0, 0
1159000, 171, 0, 0
1159999, 181, 0, 0
1160999, 176, 0, 0
1162000, 184, 0, 0
1162999, 176, 0, 0
1164000, 179, 0, 0
1164999, 156, 0, 0
1165999, 168, 0, 0
1167000, 151, 0, 0
1167999, 185, 0, 0
1168999, 166, 0, 0
1170000, 180, 0, 0
1170999, 146, 0, 0
1171999, 154, 0, 0
1173000, 181, 0, 0
1173999, 169, 0, 0
1175000, 171, 0, 0
1176000, 188, 0, 0
1176999, 178, 0, 0
1178000, 172, 0, 0
1179000, 166, 0, 0
1179999, 162, 0, 0
1181000, 163, 0, 0
1182000, 194, 0, 0
1182999, 192, 0, 0
1184000, 186, 0, 0
1185000, 164, 0, 0
1185999, 166, 0, 0
1187000, 166, 0, 0
1188000, 170, 0, 0
1188999, 175, 0, 0
1190000, 180, 0, 0
1191000, 159, 0, 0
1191999, 184, 0, 0
1193000, 172, 0, 0
1193999, 169, 0, 0
1194999, 168, 0, 0
1196000, 144, 0, 0
1196999, 170, 0, 0
1198000, 182, 0, 0
1199000, 171, 0, 0
1199999, 179, 0, 0
1201000, 170, 0, 0
1201999, 165, 0, 0
1202999, 163, 0, 0
1204000, 162, 0, 0
1204999, 158, 0, 0
1205999, 175, 0, 0
1207000, 173, 0, 0
1207999, 158, 0, 0
1209000, 166, 0, 0
1210000, 159, 0, 0
1210999, 179, 0, 0
1212000, 174, 0, 0
1212999, 170, 0, 0
1213999, 164, 0, 0
1215000, 189, 0, 0
1215999, 156, 0, 0
1217000, 169, 0, 0
1218000, 189, 0, 0
1218999, 182, 0, 0
1220000, 171, 0, 0
1221000, 169, 0, 0
1221999, 159, 0, 0
1223000, 160, 0, 0
1224000, 163, 0, 0
1224999, 176, 0, 0
1226000, 168, 0, 0
1226999, 175, 0, 0
1227999, 162, 0, 0
1229000, 192, 0, 0
1229999, 167, 0, 0
1230999, 185, 0, 0
1232000, 162, 0, 0
1232999, 167, 0, 0
1233999, 169, 0, 0
1235000, 192, 0, 0
1235999, 168, 0, 0
1236999, 177, 0, 0
1238000, 178, 0, 0
1238999, 192, 0, 0
1239999, 177, 0, 0
1241000, 159, 0, 0
1241999, 168, 0, 0
1243000, 188, 0, 0
1244000, 138, 0, 0
1244999, 167, 0, 0
1246000, 170, 0, 0
1247000, 161, 0, 0
1247999, 167, 0, 0
1249000, 174, 0, 0
1249999, 168, 0, 0
1250999, 165, 0, 0
1252000, 178, 0, 0
1252999, 172, 0, 0
1254000, 176, 0, 0
1255000, 166, 0, 0
1255999, 171, 0, 0
1257000, 174, 0, 0
1257999, 177, 0, 0
1259000, 173, 0, 0
1260000, 147, 0, 0
1260999, 169, 0, 0
1262000, 173, 0, 0
1263000, 171, 0, 0
1263999, 173, 0, 0
1265000, 168, 0, 0
1265999, 164, 0, 0
1266999, 175, 0, 0
1268000, 165, 0, 0
1268999, 162, 0, 0
1270000, 167, 0, 0
1271000, 175, 0, 0
1271999, 166, 0, 0
1273000, 168, 0, 0
1274000, 182, 0, 0
1274999, 155, 0, 0
1276000, 174, 0, 0
1276999, 162, 0, 0
1277999, 177, 0, 0
1279000, 178, 0, 0
1279999, 170, 0, 0
1280999, 188, 0, 0
1282000, 172, 0, 0
1282999, 169, 0, 0
1283999, 160, 0, 0
1285000, 161, 0, 0
1285999, 160, 0, 0
1286999, 145, 0, 0
1288000, 182, 0, 0
1288999, 173, 0, 0
1290000, 160, 0, 0
1291000, 157, 0, 0
1291999, 162, 0, 0
1293000, 180, 0, 0
1294000, 168, 0, 0
1294999, 161, 0, 0
1296000, 185, 0, 0
1297000, 191, 0, 0
1297999, 186, 0, 0
1299000, 153, 0, 0
1299999, 151, 0, 0
1300999, 180, 0, 0
1302000, 207, 0, 0
1302999, 171, 0, 0
1303999, 156, 0, 0
1305000, 161, 0, 0
1305999, 179, 0, 0
1307000, 164, 0, 0
1308000, 183, 0, 0
1308999, 186, 0, 0
1310000, 157, 0, 0
1311000, 152, 0, 0
1311999, 184, 0, 0
1313000, 173, 0, 0
1314000, 172, 0, 0
1314999, 168, 0, 0
1316000, 152, 0, 0
1317000, 168, 0, 0
1317999, 159, 0, 0
1319000, 194, 0, 0
1319999, 161, 0, 0
1321000, 176, 0, 0
1322000, 165, 0, 0
1322999, 165, 0, 0
1323999, 168, 0, 0
1325000, 171, 0, 0
1325999, 153, 0, 0
1327000, 173, 0, 0
1328000, 175, 0, 0
1328999, 196, 0, 0
1330000, 158, 0, 0
1330999, 162, 0, 0
1331999, 166, 0, 0
1333000, 186, 0, 0
1333999, 170, 0, 0
1334999, 186, 0, 0
1336000, 164, 0, 0
1336999, 169, 0, 0
1337999, 171, 0, 0
1339000, 177, 0, 0
1340000, 168, 0, 0
1340999, 172, 0, 0
1342000, 190, 0, 0
1343000, 173, 0, 0
1343999, 149, 0, 0
1345000, 178, 0, 0
1345999, 164, 0, 0
1346999, 161, 0, 0
1348000, 175, 0, 0
1349000, 180, 0, 0
1349999, 179, 0, 0
1351000, 180, 0, 0
1352000, 150, 0, 0
1352999, 175, 0, 0
1354000, 155, 0, 0
1355000, 165, 0, 0
1355999, 171, 0, 0
1357000, 185, 0, 0
1357999, 178, 0, 0
1358999, 152, 0, 0
1360000, 181, 0, 0
1361000, 180, 0, 0
1361999, 186, 0, 0
1363000, 157, 0, 0
1364000, 190, 0, 0
1364999, 188, 0, 0
1366000, 160, 0, 0
1367000, 178, 0, 0
1367999, 168, 0, 0
1369000, 176, 0, 0
1370000, 165, 0, 0
1370999, 172, 0, 0
1372000, 171, 0, 0
1373000, 168, 0, 0
1373999, 182, 0, 0
1374999, 172, 0, 0
1376000, 170, 0, 0
1376999, 152, 0, 0
1377999, 173, 0, 0
1379000, 170, 0, 0
1379999, 162, 0, 0
1380999, 174, 0, 0
1382000, 171, 0, 0
1382999, 164, 0, 0
1383999, 182, 0, 0
1385000, 174, 0, 0
1385999, 174, 0, 0
1386999, 178, 0, 0
1388000, 147, 0, 0
1388999, 153, 0, 0
1389999, 186, 0, 0
1391000, 180, 0, 0
1391999, 178, 0, 0
1392999, 184, 0, 0
1394000, 160, 0, 0
1394999, 169, 0, 0
1395999, 156, 0, 0
1397000, 189, 0, 0
1398000, 179, 0, 0
1398999, 178, 0, 0
1400000, 158, 0, 0
1401000, 153, 0, 0
1401999, 163, 0, 0
1402999, 159, 0, 0
1404000, 178, 0, 0
1405000, 152, 0, 0
1405999, 182, 0, 0
1406999, 171, 0, 0
1408000, 160, 0, 0
1409000, 188, 0, 0
1409999, 163, 0, 0
1411000, 186, 0, 0
1412000, 180, 0, 0
1412999, 163, 0, 0
1413999, 160, 0, 0
1415000, 176, 0, 0
1415999, 168, 0, 0
1416999, 178, 0, 0
1418000, 175, 0, 0
1418999, 181, 0, 0
1419999, 178, 0, 0
1421000, 179, 0, 0
1422000, 181, 0, 0
1422999, 167, 0, 0
1424000, 163, 0, 0
1425000, 175, 0, 0
1425999, 168, 0, 0
1427000, 180, 0, 0
1428000, 190, 0, 0
1428999, 191, 0, 0
1429999, 158, 0, 0
1431000, 159, 0, 0
1431999, 145, 0, 0
1432999, 173, 0, 0
1434000, 166, 0, 0
1435000, 155, 0, 0
1435999, 179, 0, 0
1437000, 165, 0, 0
1437999, 191, 0, 0
1438999, 184, 0, 0
1440000, 165, 0, 0
1441000, 164, 0, 0
1441999, 166, 0, 0
1442999, 173, 0, 0
1444000, 155, 0, 0
1445000, 179, 0, 0
1445999, 162, 0, 0
1447000, 158, 0, 0
1448000, 148, 0, 0
1448999, 159, 0, 0
1449999, 187, 0, 0
1451000, 166, 0, 0
1451999, 175, 0, 0
1452999, 157, 0, 0
1454000, 155, 0, 0
1454999, 191, 0, 0
1455999, 185, 0, 0
1457000, 170, 0, 0
1458000, 170, 0, 0
1458999, 155, 0, 0
1459999, 147, 0, 0
1461000, 167, 0, 0
1461999, 169, 0, 0
1463000, 165, 0, 0
1464000, 168, 0, 0
1464999, 172, 0, 0
1466000, 181, 0, 0
1467000, 168, 0, 0
1467999, 156, 0, 0
1468999, 153, 0, 0
1470000, 163, 0, 0
1471000, 164, 0, 0
1471999, 194, 0, 0
1473000, 163, 0, 0
1473999, 178, 0, 0
1474999, 184, 0, 0
1476000, 181, 0, 0
1476999, 176, 0, 0
1477999, 168, 0, 0
1479000, 181, 0, 0
1479999, 184, 0, 0
1480999, 174, 0, 0
1482000, 192, 0, 0
1483000, 167, 0, 0
1483999, 165, 0, 0
1485000, 171, 0, 0
1486000, 170, 0, 0
1486999, 172, 0, 0
1488000, 151, 0, 0
1489000, 167, 0, 0
1489999, 173, 0, 0
1491000, 184, 0, 0
1492000, 183, 0, 0
1492999, 166, 0, 0
1494000, 166, 0, 0
1495000, 168, 0, 0
1495999, 166, 0, 0
1496999, 169, 0, 0
1498000, 160, 0, 0
1498999, 181, 0, 0
1499999, 177, 0, 0
1501000, 152, 0, 0
1502000, 170, 0, 0
1502999, 186, 0, 0
1504000, 173, 0, 0
1505000, 164, 0, 0
1505999, 160, 0, 0
1506999, 175, 0, 0
1508000, 173, 0, 0
1509000, 155, 0, 0
1509999, 175, 0, 0
1510999, 172, 0, 0
1512000, 136, 0, 0
1512999, 183, 0, 0
1513999, 153, 0, 0
1515000, 161, 0, 0
1515999, 177, 0, 0
1516999, 192, 0, 0
1518000, 166, 0, 0
1519000, 160, 0, 0
1519999, 174, 0, 0
1520999, 151, 0, 0
1522000, 155, 0, 0
1522999, 163, 0, 0
1523999, 181, 0, 0
1525000, 177, 0, 0
1525999, 178, 0, 0
1526999, 161, 0, 0
1528000, 171, 0, 0
1528999, 168, 0, 0
1529999, 174, 0, 0
1531000, 198, 0, 0
1531999, 179, 0, 0
1532999, 164, 0, 0
1534000, 158, 0, 0
1535000, 172, 0, 0
1535999, 183, 0, 0
1537000, 180, 0, 0
1537999, 198, 0, 0
1538999, 157, 0, 0
1540000, 189, 0, 0
1541000, 164, 0, 0
1541999, 168, 0, 0
1543000, 178, 0, 0
1544000, 182, 0, 0
1544999, 170, 0, 0
1546000, 191, 0, 0
1546999, 185, 0, 0
1547999, 159, 0, 0
1549000, 173, 0, 0
1549999, 161, 0, 0
1550999, 173, 0, 0
1552000, 158, 0, 0
1552999, 164, 0, 0
1554000, 162, 0, 0
1554999, 167, 0, 0
1555999, 180, 0, 0
1557000, 170, 0, 0
1558000, 176, 0, 0
1558999, 131, 0, 0
1560000, 165, 0, 0
1561000, 167, 0, 0
1561999, 171, 0, 0
1563000, 174, 0, 0
1564000, 176, 0, 0
1564999, 162, 0, 0
1566000, 184, 0, 0
1567000, 165, 0, 0
1567999, 165, 0, 0
1568999, 165, 0, 0
1570000, 165, 0, 0
1570999, 161, 0, 0
1571999, 165, 0, 0
1573000, 177, 0, 0
1573999, 168, 0, 0
1574999, 159, 0, 0
1576000, 173, 0, 0
1576999, 165, 0, 0
1578000, 164, 0, 0
1579000, 192, 0, 0
1579999, 161, 0, 0
1580999, 155, 0, 0
1582000, 190, 0, 0
1582999, 171, 0, 0
1583999, 181, 0, 0
1585000, 182, 0, 0
1585999, 159, 0, 0
1586999, 194, 0, 0
1588000, 149, 0, 0
1588999, 172, 0, 0
1590000, 177, 0, 0
1591000, 159, 0, 0
1591999, 155, 0, 0
1592999, 179, 0, 0
1594000, 167, 0, 0
1594999, 188, 0, 0
1596000, 176, 0, 0
1597000, 176, 0, 0
1597999, 165, 0, 0
1599000, 163, 0, 0
1600000, 161, 0, 0
1600999, 181, 0, 0
1602000, 156, 0, 0
1602999, 186, 0, 0
1603999, 157, 0, 0
1605000, 179, 0, 0
1605999, 176, 0, 0
1606999, 141, 0, 0
1608000, 168, 0, 0
1609000, 165, 0, 0
1609999, 178, 0, 0
1611000, 163, 0, 0
1611999, 161, 0, 0
1612999, 174, 0, 0
1614000, 174, 0, 0
1614999, 160, 0, 0
1616000, 151, 0, 0
1617000, 180, 0, 0
1617999, 172, 0, 0
1619000, 162, 0, 0
1619999, 159, 0, 0
1620999, 180, 0, 0
1622000, 177, 0, 0
1622999, 172, 0, 0
1623999, 198, 0, 0
1625000, 178, 0, 0
1625999, 154, 0, 0
1627000, 178, 0, 0
1628000, 169, 0, 0
1628999, 177, 0, 0
1630000, 173, 0, 0
1630999, 176, 0, 0
1631999, 175, 0, 0
1633000, 189, 0, 0
1634000, 142, 0, 0
1634999, 166, 0, 0
1636000, 161, 0, 0
1636999, 182, 0, 0
1637999, 154, 0, 0
1639000, 179, 0, 0
1639999, 191, 0, 0
1641000, 186, 0, 0
1642000, 173, 0, 0
1642999, 175, 0, 0
1644000, 163, 0, 0
1644999, 165, 0, 0
1645999, 162, 0, 0
1647000, 168, 0, 0
1647999, 175, 0, 0
1648999, 175, 0, 0
1650000, 161, 0, 0
1650999, 183, 0, 0
1652000, 166, 0, 0
1653000, 175, 0, 0
1653999, 167, 0, 0
1655000, 159, 0, 0
1656000, 174, 0, 0
1656999, 179, 0, 0
1658000, 168, 0, 0
1659000, 172, 0, 0
1659999, 153, 0, 0
1661000, 173, 0, 0
1662000, 172, 0, 0
1662999, 171, 0, 0
1664000, 169, 0, 0
1665000, 177, 0, 0
1665999, 178, 0, 0
1666999, 173, 0, 0
1668000, 172, 0, 0
1668999, 158, 0, 0
1669999, 158, 0, 0
1671000, 190, 0, 0
1671999, 182, 0, 0
1672999, 189, 0, 0
1674000, 175, 0, 0
1674999, 181, 0, 0
1675999, 176, 0, 0
1677000, 176, 0, 0
1677999, 175, 0, 0
1678999, 178, 0, 0
1680000, 160, 0, 0
1680999, 162, 0, 0
1681999, 188, 0, 0
1683000, 187, 0, 0
1683999, 169, 0, 0
1685000, 170, 0, 0
1686000, 165, 0, 0
1686999, 173, 0, 0
1688000, 188, 0, 0
1688999, 184, 0, 0
1689999, 153, 0, 0
1691000, 174, 0, 0
1691999, 179, 0, 0
1692999, 166, 0, 0
1694000, 162, 0, 0
1694999, 175, 0, 0
1696000, 166, 0, 0
1697000, 167, 0, 0
1697999, 176, 0, 0
1699000, 155, 0, 0
1699999, 152, 0, 0
1700999, 133, 0, 0
1702000, 177, 0, 0
1702999, 163, 0, 0
1703999, 147, 0, 0
1705000, 167, 0, 0
1705999, 174, 0, 0
1706999, 172, 0, 0
1708000, 161, 0, 0
1708999, 172, 0, 0
1709999, 169, 0, 0
1711000, 158, 0, 0
1711999, 161, 0, 0
1712999, 168, 0, 0
1714000, 179, 0, 0
1714999, 182, 0, 0
1715999, 157, 0, 0
1717000, 177, 0, 0
1717999, 184, 0, 0
1719000, 163, 0, 0
1720000, 166, 0, 0
1720999, 166, 0, 0
1722000, 180, 0, 0
1723000, 177, 0, 0
1723999, 162, 0, 0
1725000, 173, 0, 0
1725999, 171, 0, 0
1726999, 182, 0, 0
1728000, 156, 0, 0
1728999, 174, 0, 0
1729999, 182, 0, 0
1731000, 172, 0, 0
1731999, 171, 0, 0
1732999, 155, 0, 0
1734000, 174, 0, 0
1734999, 151, 0, 0
1736000, 148, 0, 0
1736999, 151, 0, 0
1737999, 169, 0, 0
1739000, 166, 0, 0
1739999, 173, 0, 0
1740999, 170, 0, 0
1742000, 173, 0, 0
1742999, 152, 0, 0
1744000, 164, 0, 0
1745000, 169, 0, 0
1745999, 151, 0, 0
1747000, 189, 0, 0
1747999, 159, 0, 0
1748999, 151, 0, 0
1750000, 154, 0, 0
1751000, 170, 0, 0
1751999, 154, 0, 0
1753000, 206, 0, 0
1754000, 157, 0, 0
1754999, 182, 0, 0
1756000, 161, 0, 0
1757000, 162, 0, 0
1757999, 155, 0, 0
1759000, 179, 0, 0
1759999, 160, 0, 0
1760999, 166, 0, 0
1762000, 175, 0, 0
1762999, 176, 0, 0
1764000, 158, 0, 0
1765000, 165, 0, 0
1765999, 181, 0, 0
1767000, 183, 0, 0
1768000, 158, 0, 0
1768999, 160, 0, 0
1770000, 179, 0, 0
1771000, 209, 0, 0
1771999, 171, 0, 0
1773000, 167, 0, 0
1773999, 156, 0, 0
1775000, 174, 0, 0
1776000, 191, 0, 0
1776999, 148, 0, 0
1778000, 160, 0, 0
1779000, 158, 0, 0
1779999, 159, 0, 0
1781000, 169, 0, 0
1781999, 169, 0, 0
1783000, 164, 0, 0
1784000, 168, 0, 0
1784999, 170, 0, 0
1786000, 158, 0, 0
1786999, 179, 0, 0
1787999, 167, 0, 0
1789000, 172, 0, 0
1790000, 185, 0, 0
1790999, 160, 0, 0
1792000, 174, 0, 0
1792999, 153, 0, 0
1793999, 189, 0, 0
1795000, 162, 0, 0
1795999, 138, 0, 0
1796999, 152, 0, 0
1798000, 152, 0, 0
1798999, 184, 0, 0
1799999, 194, 0, 0
