1000, 64, 0, 0
1999, 120, 0, 0
2999, 120, 0, 0
4000, 119, 0, 0
5000, 113, 0, 0
5999, 127, 0, 0
7000, 120, 0, 0
8000, 112, 0, 0
8999, 120, 0, 0
10000, 115, 0, 0
10999, 121, 0, 0
11999, 120, 0, 0
13000, 113, 0, 0
14000, 126, 0, 0
14999, 114, 0, 0
16000, 122, 0, 0
16999, 153, 0, 0
17999, 129, 0, 0
19000, 112, 0, 0
20000, 114, 0, 0
20999, 113, 0, 0
21999, 121, 0, 0
23000, 112, 0, 0
24000, 120, 0, 0
24999, 112, 0, 0
25999, 115, 0, 0
27000, 123, 0, 0
28000, 121, 0, 0
28999, 114, 0, 0
29999, 112, 0, 0
31000, 121, 0, 0
32000, 113, 0, 0
32999, 113, 0, 0
33999, 122, 0, 0
35000, 121, 0, 0
35999, 106, 0, 0
36999, 123, 0, 0
38000, 115, 0, 0
38999, 122, 0, 0
39999, 120, 0, 0
41000, 114, 0, 0
42000, 112, 0, 0
42999, 125, 0, 0
44000, 116, 0, 0
45000, 123, 0, 0
45999, 121, 0, 0
46999, 125, 0, 0
48000, 123, 0, 0
49000, 113, 0, 0
49999, 123, 0, 0
51000, 122, 0, 0
51999, 114, 0, 0
52999, 115, 0, 0
54000, 124, 0, 0
55000, 116, 0, 0
55999, 126, 0, 0
57000, 123, 0, 0
58000, 123, 0, 0
58999, 114, 0, 0
59999, 115, 0, 0
61000, 117, 0, 0
61999, 122, 0, 0
62999, 123, 0, 0
64000, 117, 0, 0
64999, 126, 0, 0
65999, 122, 0, 0
67000, 115, 0, 0
67999, 138, 0, 0
68999, 127, 0, 0
70000, 125, 0, 0
71000, 117, 0, 0
71999, 124, 0, 0
73000, 115, 0, 0
74000, 121, 0, 0
74999, 124, 0, 0
76000, 112, 0, 0
77000, 125, 0, 0
77999, 114, 0, 0
79000, 122, 0, 0
80000, 112, 0, 0
80999, 114, 0, 0
82000, 115, 0, 0
83000, 122, 0, 0
83999, 115, 0, 0
84999, 129, 0, 0
86000, 117, 0, 0
87000, 126, 0, 0
87999, 118, 0, 0
89000, 125, 0, 0
90000, 119, 0, 0
90999, 126, 0, 0
92000, 125, 0, 0
93000, 122, 0, 0
93999, 122, 0, 0
94999, 130, 0, 0
96000, 114, 0, 0
96999, 124, 0, 0
98000, 111, 0, 0
99000, 126, 0, 0
99999, 118, 0, 0
100999, 126, 0, 0
102000, 115, 0, 0
102999, 126, 0, 0
103999, 117, 0, 0
105000, 113, 0, 0
106000, 115, 0, 0
106999, 123, 0, 0
108000, 131, 0, 0
108999, 125, 0, 0
109999, 130, 0, 0
111000, 115, 0, 0
112000, 110, 0, 0
112999, 123, 0, 0
113999, 123, 0, 0
115000, 127, 0, 0
115999, 117, 0, 0
116999, 126, 0, 0
118000, 124, 0, 0
118999, 116, 0, 0
119999, 119, 0, 0
121000, 125, 0, 0
122000, 118, 0, 0
122999, 126, 0, 0
124000, 128, 0, 0
124999, 118, 0, 0
125999, 115, 0, 0
127000, 124, 0, 0
127999, 118, 0, 0
128999, 128, 0, 0
130000, 118, 0, 0
130999, 118, 0, 0
131999, 127, 0, 0
133000, 116, 0, 0
133999, 125, 0, 0
134999, 117, 0, 0
136000, 117, 0, 0
137000, 117, 0, 0
137999, 120, 0, 0
138999, 116, 0, 0
140000, 120, 0, 0
140999, 127, 0, 0
141999, 122, 0, 0
143000, 127, 0, 0
143999, 117, 0, 0
144999, 114, 0, 0
146000, 122, 0, 0
147000, 124, 0, 0
147999, 122, 0, 0
149000, 131, 0, 0
150000, 127, 0, 0
150999, 127, 0, 0
151999, 124, 0, 0
153000, 127, 0, 0
153999, 121, 0, 0
154999, 125, 0, 0
156000, 117, 0, 0
156999, 115, 0, 0
158000, 132, 0, 0
159000, 128, 0, 0
159999, 120, 0, 0
160999, 129, 0, 0
162000, 126, 0, 0
162999, 123, 0, 0
163999, 124, 0, 0
165000, 119, 0, 0
165999, 115, 0, 0
166999, 128, 0, 0
168000, 130, 0, 0
168999, 129, 0, 0
169999, 120, 0, 0
171000, 119, 0, 0
171999, 130, 0, 0
172999, 127, 0, 0
174000, 135, 0, 0
174999, 119, 0, 0
175999, 139, 0, 0
177000, 128, 0, 0
177999, 135, 0, 0
178999, 130, 0, 0
180000, 128, 0, 0
181000, 146, 0, 0
181999, 119, 0, 0
183000, 118, 0, 0
183999, 133, 0, 0
184999, 123, 0, 0
186000, 122, 0, 0
187000, 129, 0, 0
187999, 114, 0, 0
189000, 130, 0, 0
190000, 124, 0, 0
190999, 120, 0, 0
191999, 128, 0, 0
193000, 121, 0, 0
193999, 138, 0, 0
194999, 137, 0, 0
196000, 120, 0, 0
196999, 118, 0, 0
198000, 132, 0, 0
199000, 121, 0, 0
199999, 131, 0, 0
201000, 114, 0, 0
202000, 135, 0, 0
202999, 126, 0, 0
203999, 138, 0, 0
205000, 125, 0, 0
205999, 132, 0, 0
206999, 132, 0, 0
208000, 121, 0, 0
209000, 128, 0, 0
209999, 127, 0, 0
210999, 119, 0, 0
212000, 134, 0, 0
212999, 125, 0, 0
213999, 134, 0, 0
215000, 126, 0, 0
215999, 139, 0, 0
216999, 129, 0, 0
218000, 139, 0, 0
219000, 129, 0, 0
219999, 121, 0, 0
220999, 137, 0, 0
222000, 131, 0, 0
222999, 118, 0, 0
223999, 135, 0, 0
225000, 128, 0, 0
225999, 132, 0, 0
226999, 130, 0, 0
228000, 125, 0, 0
228999, 120, 0, 0
230000, 128, 0, 0
231000, 129, 0, 0
231999, 127, 0, 0
233000, 131, 0, 0
234000, 130, 0, 0
234999, 139, 0, 0
236000, 128, 0, 0
237000, 138, 0, 0
237999, 136, 0, 0
239000, 122, 0, 0
240000, 133, 0, 0
240999, 142, 0, 0
242000, 133, 0, 0
242999, 119, 0, 0
243999, 130, 0, 0
245000, 138, 0, 0
245999, 139, 0, 0
247000, 136, 0, 0
248000, 125, 0, 0
248999, 135, 0, 0
249999, 107, 0, 0
251000, 124, 0, 0
251999, 145, 0, 0
252999, 138, 0, 0
254000, 132, 0, 0
254999, 129, 0, 0
255999, 124, 0, 0
257000, 126, 0, 0
257999, 134, 0, 0
258999, 128, 0, 0
260000, 138, 0, 0
260999, 141, 0, 0
261999, 126, 0, 0
263000, 136, 0, 0
263999, 135, 0, 0
264999, 128, 0, 0
266000, 132, 0, 0
266999, 119, 0, 0
267999, 139, 0, 0
269000, 136, 0, 0
269999, 137, 0, 0
270999, 138, 0, 0
272000, 146, 0, 0
272999, 127, 0, 0
273999, 137, 0, 0
275000, 131, 0, 0
275999, 136, 0, 0
276999, 135, 0, 0
278000, 134, 0, 0
278999, 145, 0, 0
279999, 139, 0, 0
281000, 127, 0, 0
281999, 115, 0, 0
282999, 138, 0, 0
284000, 126, 0, 0
284999, 129, 0, 0
286000, 134, 0, 0
286999, 138, 0, 0
287999, 126, 0, 0
289000, 132, 0, 0
289999, 136, 0, 0
290999, 131, 0, 0
292000, 134, 0, 0
292999, 131, 0, 0
294000, 138, 0, 0
295000, 133, 0, 0
295999, 143, 0, 0
297000, 130, 0, 0
298000, 132, 0, 0
298999, 129, 0, 0
300000, 141, 0, 0
300999, 138, 0, 0
301999, 130, 0, 0
303000, 137, 0, 0
303999, 138, 0, 0
304999, 135, 0, 0
306000, 137, 0, 0
307000, 137, 0, 0
307999, 129, 0, 0
309000, 137, 0, 0
310000, 142, 0, 0
310999, 131, 0, 0
312000, 149, 0, 0
313000, 120, 0, 0
313999, 131, 0, 0
315000, 130, 0, 0
315999, 120, 0, 0
316999, 132, 0, 0
318000, 138, 0, 0
319000, 141, 0, 0
319999, 128, 0, 0
321000, 129, 0, 0
321999, 128, 0, 0
322999, 129, 0, 0
324000, 140, 0, 0
325000, 125, 0, 0
325999, 137, 0, 0
327000, 131, 0, 0
327999, 136, 0, 0
328999, 121, 0, 0
330000, 146, 0, 0
330999, 139, 0, 0
331999, 132, 0, 0
333000, 137, 0, 0
333999, 130, 0, 0
334999, 145, 0, 0
336000, 130, 0, 0
336999, 120, 0, 0
337999, 144, 0, 0
339000, 137, 0, 0
339999, 136, 0, 0
341000, 129, 0, 0
342000, 135, 0, 0
342999, 134, 0, 0
343999, 134, 0, 0
345000, 142, 0, 0
345999, 134, 0, 0
346999, 142, 0, 0
348000, 134, 0, 0
348999, 140, 0, 0
350000, 130, 0, 0
351000, 136, 0, 0
351999, 141, 0, 0
352999, 130, 0, 0
354000, 128, 0, 0
354999, 139, 0, 0
355999, 140, 0, 0
357000, 129, 0, 0
357999, 138, 0, 0
359000, 144, 0, 0
360000, 133, 0, 0
360999, 139, 0, 0
361999, 129, 0, 0
363000, 143, 0, 0
363999, 137, 0, 0
364999, 141, 0, 0
366000, 144, 0, 0
366999, 132, 0, 0
367999, 143, 0, 0
369000, 134, 0, 0
369999, 139, 0, 0
370999, 131, 0, 0
372000, 144, 0, 0
372999, 131, 0, 0
373999, 129, 0, 0
375000, 147, 0, 0
375999, 130, 0, 0
376999, 138, 0, 0
378000, 152, 0, 0
378999, 146, 0, 0
379999, 135, 0, 0
381000, 144, 0, 0
381999, 131, 0, 0
383000, 146, 0, 0
384000, 126, 0, 0
384999, 142, 0, 0
386000, 139, 0, 0
386999, 129, 0, 0
387999, 137, 0, 0
389000, 139, 0, 0
389999, 141, 0, 0
390999, 138, 0, 0
392000, 141, 0, 0
392999, 141, 0, 0
393999, 141, 0, 0
394999, 153, 0, 0
395999, 155, 0, 0
397000, 145, 0, 0
397999, 144, 0, 0
398999, 137, 0, 0
400000, 140, 0, 0
400999, 139, 0, 0
401999, 148, 0, 0
403000, 142, 0, 0
403999, 153, 0, 0
404999, 133, 0, 0
406000, 143, 0, 0
406999, 148, 0, 0
407999, 135, 0, 0
409000, 148, 0, 0
409999, 145, 0, 0
411000, 147, 0, 0
412000, 140, 0, 0
412999, 144, 0, 0
414000, 142, 0, 0
414999, 133, 0, 0
415999, 137, 0, 0
417000, 131, 0, 0
417999, 140, 0, 0
418999, 141, 0, 0
420000, 134, 0, 0
420999, 138, 0, 0
421999, 132, 0, 0
423000, 140, 0, 0
423999, 145, 0, 0
424999, 140, 0, 0
426000, 150, 0, 0
427000, 142, 0, 0
427999, 138, 0, 0
429000, 147, 0, 0
429999, 127, 0, 0
430999, 151, 0, 0
432000, 151, 0, 0
432999, 143, 0, 0
434000, 150, 0, 0
434999, 151, 0, 0
435999, 139, 0, 0
437000, 144, 0, 0
437999, 149, 0, 0
438999, 151, 0, 0
440000, 140, 0, 0
440999, 150, 0, 0
442000, 133, 0, 0
443000, 144, 0, 0
443999, 153, 0, 0
445000, 145, 0, 0
446000, 135, 0, 0
446999, 158, 0, 0
448000, 144, 0, 0
448999, 149, 0, 0
449999, 137, 0, 0
451000, 160, 0, 0
451999, 148, 0, 0
452999, 137, 0, 0
454000, 154, 0, 0
454999, 139, 0, 0
456000, 141, 0, 0
457000, 153, 0, 0
457999, 145, 0, 0
459000, 138, 0, 0
459999, 143, 0, 0
460999, 130, 0, 0
462000, 144, 0, 0
462999, 146, 0, 0
463999, 136, 0, 0
465000, 143, 0, 0
465999, 146, 0, 0
466999, 153, 0, 0
468000, 148, 0, 0
468999, 146, 0, 0
469999, 143, 0, 0
471000, 149, 0, 0
471999, 144, 0, 0
472999, 143, 0, 0
474000, 137, 0, 0
474999, 152, 0, 0
475999, 150, 0, 0
477000, 146, 0, 0
477999, 143, 0, 0
478999, 152, 0, 0
479999, 154, 0, 0
480999, 135, 0, 0
482000, 144, 0, 0
482999, 160, 0, 0
483999, 140, 0, 0
485000, 142, 0, 0
486000, 149, 0, 0
486999, 139, 0, 0
488000, 161, 0, 0
488999, 168, 0, 0
489999, 137, 0, 0
491000, 156, 0, 0
491999, 131, 0, 0
492999, 157, 0, 0
494000, 150, 0, 0
494999, 159, 0, 0
495999, 155, 0, 0
497000, 153, 0, 0
497999, 133, 0, 0
498999, 152, 0, 0
500000, 137, 0, 0
500999, 150, 0, 0
501999, 150, 0, 0
503000, 139, 0, 0
503999, 147, 0, 0
504999, 147, 0, 0
506000, 141, 0, 0
506999, 144, 0, 0
508000, 155, 0, 0
509000, 141, 0, 0
509999, 140, 0, 0
511000, 165, 0, 0
512000, 155, 0, 0
512999, 146, 0, 0
514000, 157, 0, 0
514999, 136, 0, 0
515999, 162, 0, 0
517000, 129, 0, 0
517999, 148, 0, 0
518999, 154, 0, 0
520000, 133, 0, 0
520999, 142, 0, 0
522000, 152, 0, 0
522999, 135, 0, 0
523999, 160, 0, 0
525000, 139, 0, 0
525999, 146, 0, 0
527000, 168, 0, 0
528000, 143, 0, 0
528999, 154, 0, 0
530000, 150, 0, 0
530999, 150, 0, 0
531999, 139, 0, 0
533000, 157, 0, 0
533999, 151, 0, 0
534999, 128, 0, 0
536000, 149, 0, 0
536999, 139, 0, 0
538000, 150, 0, 0
538999, 148, 0, 0
539999, 168, 0, 0
541000, 142, 0, 0
541999, 151, 0, 0
542999, 143, 0, 0
544000, 151, 0, 0
544999, 149, 0, 0
545999, 156, 0, 0
547000, 145, 0, 0
547999, 144, 0, 0
549000, 154, 0, 0
549999, 151, 0, 0
550999, 141, 0, 0
552000, 150, 0, 0
552999, 171, 0, 0
553999, 138, 0, 0
555000, 150, 0, 0
555999, 151, 0, 0
556999, 144, 0, 0
558000, 155, 0, 0
558999, 142, 0, 0
559999, 168, 0, 0
561000, 148, 0, 0
561999, 140, 0, 0
563000, 165, 0, 0
563999, 157, 0, 0
564999, 136, 0, 0
566000, 146, 0, 0
567000, 156, 0, 0
567999, 160, 0, 0
569000, 147, 0, 0
570000, 166, 0, 0
570999, 162, 0, 0
572000, 148, 0, 0
573000, 146, 0, 0
573999, 152, 0, 0
575000, 145, 0, 0
575999, 160, 0, 0
576999, 152, 0, 0
578000, 148, 0, 0
578999, 143, 0, 0
579999, 175, 0, 0
581000, 143, 0, 0
581999, 152, 0, 0
583000, 158, 0, 0
583999, 157, 0, 0
584999, 141, 0, 0
586000, 160, 0, 0
586999, 158, 0, 0
587999, 144, 0, 0
589000, 160, 0, 0
589999, 163, 0, 0
590999, 158, 0, 0
592000, 159, 0, 0
592999, 159, 0, 0
594000, 148, 0, 0
594999, 156, 0, 0
595999, 127, 0, 0
597000, 145, 0, 0
597999, 162, 0, 0
598999, 157, 0, 0
600000, 141, 0, 0
600999, 151, 0, 0
601999, 154, 0, 0
603000, 161, 0, 0
603999, 143, 0, 0
605000, 170, 0, 0
605999, 175, 0, 0
606999, 144, 0, 0
608000, 156, 0, 0
608999, 182, 0, 0
609999, 148, 0, 0
611000, 164, 0, 0
611999, 143, 0, 0
612999, 151, 0, 0
614000, 150, 0, 0
614999, 163, 0, 0
615999, 143, 0, 0
617000, 152, 0, 0
617999, 167, 0, 0
618999, 162, 0, 0
620000, 162, 0, 0
620999, 155, 0, 0
621999, 161, 0, 0
623000, 162, 0, 0
623999, 150, 0, 0
624999, 156, 0, 0
626000, 152, 0, 0
626999, 168, 0, 0
627999, 148, 0, 0
629000, 160, 0, 0
629999, 155, 0, 0
630999, 173, 0, 0
632000, 170, 0, 0
632999, 144, 0, 0
633999, 145, 0, 0
635000, 157, 0, 0
635999, 159, 0, 0
637000, 172, 0, 0
638000, 144, 0, 0
638999, 173, 0, 0
640000, 173, 0, 0
641000, 165, 0, 0
641999, 165, 0, 0
643000, 167, 0, 0
644000, 178, 0, 0
644999, 145, 0, 0
646000, 164, 0, 0
646999, 166, 0, 0
647999, 158, 0, 0
649000, 166, 0, 0
650000, 161, 0, 0
650999, 180, 0, 0
652000, 152, 0, 0
653000, 155, 0, 0
653999, 163, 0, 0
655000, 172, 0, 0
656000, 150, 0, 0
656999, 162, 0, 0
658000, 148, 0, 0
659000, 156, 0, 0
659999, 156, 0, 0
661000, 164, 0, 0
662000, 147, 0, 0
662999, 165, 0, 0
664000, 169, 0, 0
664999, 170, 0, 0
665999, 165, 0, 0
667000, 138, 0, 0
667999, 173, 0, 0
668999, 157, 0, 0
670000, 178, 0, 0
670999, 148, 0, 0
671999, 158, 0, 0
673000, 158, 0, 0
673999, 159, 0, 0
675000, 139, 0, 0
676000, 157, 0, 0
676999, 144, 0, 0
678000, 171, 0, 0
678999, 146, 0, 0
679999, 162, 0, 0
681000, 160, 0, 0
681999, 177, 0, 0
682999, 157, 0, 0
684000, 178, 0, 0
684999, 167, 0, 0
685999, 182, 0, 0
687000, 163, 0, 0
687999, 175, 0, 0
688999, 153, 0, 0
690000, 158, 0, 0
691000, 180, 0, 0
691999, 160, 0, 0
693000, 158, 0, 0
693999, 163, 0, 0
695000, 166, 0, 0
695999, 158, 0, 0
696999, 169, 0, 0
698000, 155, 0, 0
699000, 166, 0, 0
699999, 156, 0, 0
701000, 165, 0, 0
701999, 155, 0, 0
702999, 158, 0, 0
704000, 180, 0, 0
705000, 173, 0, 0
705999, 154, 0, 0
707000, 162, 0, 0
708000, 149, 0, 0
709000, 173, 0, 0
710000, 140, 0, 0
711000, 162, 0, 0
712000, 170, 0, 0
713000, 164, 0, 0
714000, 169, 0, 0
715000, 162, 0, 0
716000, 169, 0, 0
717000, 155, 0, 0
718000, 196, 0, 0
719000, 171, 0, 0
720000, 163, 0, 0
721000, 157, 0, 0
722000, 173, 0, 0
723000, 145, 0, 0
724000, 160, 0, 0
725000, 156, 0, 0
726000, 159, 0, 0
727000, 179, 0, 0
728000, 150, 0, 0
729000, 164, 0, 0
730000, 179, 0, 0
731000, 160, 0, 0
732000, 186, 0, 0
733000, 164, 0, 0
734000, 178, 0, 0
735000, 163, 0, 0
736000, 161, 0, 0
737000, 180, 0, 0
738000, 156, 0, 0
739000, 163, 0, 0
740000, 166, 0, 0
741000, 158, 0, 0
742000, 189, 0, 0
743000, 166, 0, 0
744000, 160, 0, 0
745000, 177, 0, 0
746000, 165, 0, 0
747000, 149, 0, 0
748000, 161, 0, 0
749000, 171, 0, 0
749999, 168, 0, 0
751000, 166, 0, 0
752000, 181, 0, 0
753000, 156, 0, 0
754000, 174, 0, 0
755000, 168, 0, 0
756000, 152, 0, 0
757000, 181, 0, 0
758000, 163, 0, 0
759000, 148, 0, 0
760000, 201, 0, 0
761000, 170, 0, 0
762000, 176, 0, 0
763000, 150, 0, 0
764000, 164, 0, 0
765000, 159, 0, 0
766000, 165, 0, 0
767000, 172, 0, 0
767999, 160, 0, 0
768999, 160, 0, 0
770000, 184, 0, 0
770999, 173, 0, 0
771999, 165, 0, 0
772998, 184, 0, 0
773999, 176, 0, 0
774999, 156, 0, 0
775998, 169, 0, 0
776998, 176, 0, 0
777998, 181, 0, 0
778998, 150, 0, 0
779998, 171, 0, 0
780997, 164, 0, 0
781998, 167, 0, 0
782997, 175, 0, 0
783997, 171, 0, 0
784997, 158, 0, 0
785997, 172, 0, 0
786997, 188, 0, 0
787996, 176, 0, 0
788996, 165, 0, 0
789996, 163, 0, 0
790996, 144, 0, 0
791996, 166, 0, 0
792995, 175, 0, 0
793996, 164, 0, 0
794995, 152, 0, 0
795995, 175, 0, 0
796995, 169, 0, 0
797995, 174, 0, 0
798995, 183, 0, 0
799994, 162, 0, 0
800994, 173, 0, 0
801995, 165, 0, 0
802994, 184, 0, 0
803994, 173, 0, 0
804993, 163, 0, 0
805994, 160, 0, 0
806994, 160, 0, 0
807993, 179, 0, 0
808993, 169, 0, 0
809993, 172, 0, 0
810993, 180, 0, 0
811992, 163, 0, 0
812992, 175, 0, 0
813993, 165, 0, 0
814992, 173, 0, 0
815992, 172, 0, 0
816991, 159, 0, 0
817991, 158, 0, 0
818992, 157, 0, 0
819991, 185, 0, 0
820991, 153, 0, 0
821991, 175, 0, 0
822991, 174, 0, 0
824000, 181, 0, 0
824991, 167, 0, 0
825999, 179, 0, 0
827000, 162, 0, 0
827999, 162, 0, 0
828999, 178, 0, 0
829999, 148, 0, 0
831000, 161, 0, 0
831999, 168, 0, 0
832999, 161, 0, 0
834000, 165, 0, 0
834999, 194, 0, 0
836000, 164, 0, 0
836999, 170, 0, 0
837999, 169, 0, 0
839000, 166, 0, 0
839999, 153, 0, 0
840999, 169, 0, 0
842000, 170, 0, 0
842999, 170, 0, 0
843999, 153, 0, 0
845000, 165, 0, 0
845999, 191, 0, 0
846999, 174, 0, 0
848000, 171, 0, 0
848999, 154, 0, 0
849999, 169, 0, 0
851000, 178, 0, 0
851999, 167, 0, 0
852999, 168, 0, 0
854000, 185, 0, 0
854999, 172, 0, 0
856000, 162, 0, 0
857000, 158, 0, 0
857999, 179, 0, 0
859000, 180, 0, 0
860000, 164, 0, 0
860999, 171, 0, 0
862000, 159, 0, 0
862999, 177, 0, 0
863999, 176, 0, 0
865000, 163, 0, 0
865999, 159, 0, 0
866999, 159, 0, 0
868000, 182, 0, 0
868999, 178, 0, 0
869999, 183, 0, 0
871000, 171, 0, 0
871999, 174, 0, 0
873000, 175, 0, 0
874000, 193, 0, 0
874999, 175, 0, 0
875999, 166, 0, 0
877000, 157, 0, 0
877999, 156, 0, 0
878999, 161, 0, 0
880000, 176, 0, 0
880999, 161, 0, 0
881999, 172, 0, 0
883000, 182, 0, 0
883999, 175, 0, 0
885000, 167, 0, 0
886000, 174, 0, 0
886999, 164, 0, 0
888000, 173, 0, 0
888999, 157, 0, 0
889999, 190, 0, 0
891000, 162, 0, 0
891999, 178, 0, 0
892999, 192, 0, 0
894000, 153, 0, 0
894999, 166, 0, 0
895999, 183, 0, 0
897000, 175, 0, 0
897999, 168, 0, 0
899000, 170, 0, 0
900000, 131, 0, 0
900999, 180, 0, 0
902000, 179, 0, 0
903000, 158, 0, 0
903999, 186, 0, 0
905000, 165, 0, 0
905999, 167, 0, 0
906999, 150, 0, 0
908000, 176, 0, 0
908999, 179, 0, 0
910000, 185, 0, 0
911000, 179, 0, 0
911999, 161, 0, 0
913000, 152, 0, 0
913999, 168, 0, 0
914999, 169, 0, 0
916000, 179, 0, 0
916999, 158, 0, 0
917999, 158, 0, 0
919000, 158, 0, 0
919999, 180, 0, 0
921000, 173, 0, 0
922000, 155, 0, 0
922999, 179, 0, 0
924000, 149, 0, 0
924999, 186, 0, 0
925999, 176, 0, 0
927000, 145, 0, 0
927999, 171, 0, 0
929000, 161, 0, 0
929999, 150, 0, 0
930999, 163, 0, 0
932000, 180, 0, 0
932999, 174, 0, 0
933999, 152, 0, 0
935000, 189, 0, 0
935999, 161, 0, 0
937000, 181, 0, 0
938000, 185, 0, 0
938999, 177, 0, 0
940000, 163, 0, 0
941000, 182, 0, 0
941999, 174, 0, 0
943000, 180, 0, 0
943999, 147, 0, 0
944999, 160, 0, 0
946000, 170, 0, 0
947000, 154, 0, 0
947999, 173, 0, 0
949000, 164, 0, 0
949999, 175, 0, 0
950999, 155, 0, 0
952000, 158, 0, 0
953000, 173, 0, 0
953999, 161, 0, 0
954999, 163, 0, 0
956000, 202, 0, 0
956999, 151, 0, 0
957999, 169, 0, 0
959000, 170, 0, 0
959999, 166, 0, 0
960999, 175, 0, 0
962000, 168, 0, 0
962999, 178, 0, 0
964000, 155, 0, 0
965000, 161, 0, 0
965999, 173, 0, 0
967000, 163, 0, 0
968000, 180, 0, 0
968999, 180, 0, 0
970000, 169, 0, 0
970999, 166, 0, 0
971999, 159, 0, 0
973000, 158, 0, 0
973999, 178, 0, 0
975000, 161, 0, 0
976000, 178, 0, 0
976999, 160, 0, 0
978000, 182, 0, 0
979000, 172, 0, 0
979999, 203, 0, 0
981000, 192, 0, 0
981999, 168, 0, 0
982999, 162, 0, 0
984000, 179, 0, 0
984999, 148, 0, 0
985999, 170, 0, 0
987000, 187, 0, 0
987999, 173, 0, 0
988999, 163, 0, 0
990000, 184, 0, 0
990999, 166, 0, 0
992000, 166, 0, 0
993000, 167, 0, 0
993999, 186, 0, 0
995000, 180, 0, 0
996000, 173, 0, 0
996999, 158, 0, 0
998000, 156, 0, 0
998999, 161, 0, 0
999999, 145, 0, 0
1001000, 174, 0, 0
1001999, 168, 0, 0
1002999, 165, 0, 0
1004000, 156, 0, 0
1004999, 162, 0, 0
1006000, 175, 0, 0
1006999, 165, 0, 0
1007999, 180, 0, 0
1009000, 149, 0, 0
1009999, 178, 0, 0
1010999, 163, 0, 0
1012000, 158, 0, 0
1012999, 187, 0, 0
1013999, 187, 0, 0
1015000, 175, 0, 0
1015999, 158, 0, 0
1016999, 171, 0, 0
1018000, 168, 0, 0
1018999, 159, 0, 0
1019999, 175, 0, 0
1021000, 177, 0, 0
1021999, 170, 0, 0
1022999, 167, 0, 0
1024000, 177, 0, 0
1024999, 154, 0, 0
1026000, 169, 0, 0
1027000, 174, 0, 0
1027999, 178, 0, 0
1029000, 182, 0, 0
1030000, 165, 0, 0
1030999, 192, 0, 0
1032000, 162, 0, 0
1033000, 156, 0, 0
1033999, 171, 0, 0
1035000, 157, 0, 0
1036000, 167, 0, 0
1036999, 173, 0, 0
1038000, 153, 0, 0
1039000, 187, 0, 0
1039999, 161, 0, 0
1041000, 157, 0, 0
1042000, 171, 0, 0
1042999, 165, 0, 0
1043999, 168, 0, 0
1045000, 166, 0, 0
1045999, 180, 0, 0
1046999, 163, 0, 0
1048000, 163, 0, 0
1048999, 175, 0, 0
1049999, 164, 0, 0
1051000, 173, 0, 0
1051999, 165, 0, 0
1052999, 153, 0, 0
1054000, 175, 0, 0
1054999, 164, 0, 0
1055999, 164, 0, 0
1057000, 174, 0, 0
1058000, 158, 0, 0
1058999, 148, 0, 0
1060000, 158, 0, 0
1061000, 160, 0, 0
1061999, 158, 0, 0
1063000, 169, 0, 0
1064000, 166, 0, 0
1064999, 155, 0, 0
1066000, 175, 0, 0
1066999, 138, 0, 0
1067999, 168, 0, 0
1069000, 152, 0, 0
1069999, 181, 0, 0
1071000, 177, 0, 0
1072000, 158, 0, 0
1072999, 198, 0, 0
1074000, 163, 0, 0
1074999, 168, 0, 0
1075999, 148, 0, 0
1077000, 167, 0, 0
1077999, 175, 0, 0
1078999, 172, 0, 0
1080000, 177, 0, 0
1080999, 151, 0, 0
1081999, 169, 0, 0
1083000, 174, 0, 0
1083999, 181, 0, 0
1085000, 161, 0, 0
1086000, 166, 0, 0
1086999, 170, 0, 0
1088000, 162, 0, 0
1089000, 164, 0, 0
1089999, 165, 0, 0
1091000, 182, 0, 0
1091999, 166, 0, 0
1092999, 186, 0, 0
1094000, 164, 0, 0
1094999, 164, 0, 0
1095999, 179, 0, 0
1097000, 176, 0, 0
1097999, 176, 0, 0
1099000, 174, 0, 0
1100000, 166, 0, 0
1100999, 188, 0, 0
1102000, 160, 0, 0
1103000, 193, 0, 0
1103999, 182, 0, 0
1105000, 156, 0, 0
1105999, 182, 0, 0
1106999, 182, 0, 0
1108000, 184, 0, 0
1108999, 169, 0, 0
1109999, 190, 0, 0
1111000, 164, 0, 0
1111999, 174, 0, 0
1112999, 158, 0, 0
1114000, 172, 0, 0
1114999, 155, 0, 0
1115999, 184, 0, 0
1117000, 177, 0, 0
1117999, 167, 0, 0
1119000, 170, 0, 0
1119999, 169, 0, 0
1120999, 181, 0, 0
1122000, 152, 0, 0
1122999, 166, 0, 0
1123999, 166, 0, 0
1125000, 154, 0, 0
1125999, 157, 0, 0
1126999, 159, 0, 0
1128000, 167, 0, 0
1128999, 151, 0, 0
1129999, 163, 0, 0
1131000, 166, 0, 0
1131999, 166, 0, 0
1132999, 157, 0, 0
1134000, 154, 0, 0
1134999, 161, 0, 0
1135999, 162, 0, 0
1137000, 176, 0, 0
1137999, 143, 0, 0
1139000, 159, 0, 0
1140000, 174, 0, 0
1140999, 153, 0, 0
1142000, 158, 0, 0
1142999, 150, 0, 0
1143999, 170, 0, 0
1145000, 154, 0, 0
1145999, 178, 0, 0
1146999, 169, 0, 0
1148000, 172, 0, 0
1148999, 162, 0, 0
1149999, 164, 0, 0
1151000, 188, 0, 0
1151999, 167, 0, 0
1152999, 168, 0, 0
1154000, 168, 0, 0
1154999, 171, 0, 0
1156000, 158, 0, 0
1157000, 164, 0, 0
1157999, 165, 0, 0
1159000, 181, 0, 0
1159999, 143, 0, 0
1160999, 159, 0, 0
1162000, 190, 0, 0
1162999, 140, 0, 0
1164000, 177, 0, 0
1164999, 165, 0, 0
1165999, 167, 0, 0
1167000, 146, 0, 0
1167999, 184, 0, 0
1168999, 183, 0, 0
1170000, 160, 0, 0
1170999, 171, 0, 0
1171999, 160, 0, 0
1173000, 161, 0, 0
1173999, 178, 0, 0
1174999, 155, 0, 0
1176000, 171, 0, 0
1176999, 181, 0, 0
1178000, 173, 0, 0
1179000, 162, 0, 0
1179999, 160, 0, 0
1181000, 154, 0, 0
1182000, 157, 0, 0
1182999, 161, 0, 0
1184000, 160, 0, 0
1185000, 168, 0, 0
1185999, 169, 0, 0
1186999, 167, 0, 0
1188000, 171, 0, 0
1188999, 166, 0, 0
1190000, 163, 0, 0
1191000, 179, 0, 0
1191999, 150, 0, 0
1193000, 177, 0, 0
1193999, 179, 0, 0
1194999, 174, 0, 0
1196000, 132, 0, 0
1196999, 153, 0, 0
1198000, 172, 0, 0
1199000, 158, 0, 0
1199999, 185, 0, 0
1201000, 166, 0, 0
1201999, 172, 0, 0
1202999, 177, 0, 0
1204000, 163, 0, 0
1204999, 177, 0, 0
1205999, 166, 0, 0
1207000, 163, 0, 0
1207999, 157, 0, 0
1209000, 168, 0, 0
1210000, 174, 0, 0
1210999, 169, 0, 0
1212000, 181, 0, 0
1212999, 189, 0, 0
1213999, 162, 0, 0
1215000, 162, 0, 0
1215999, 173, 0, 0
1217000, 157, 0, 0
1218000, 168, 0, 0
1218999, 169, 0, 0
1220000, 177, 0, 0
1221000, 153, 0, 0
1221999, 166, 0, 0
1223000, 165, 0, 0
1224000, 186, 0, 0
1224999, 168, 0, 0
1226000, 163, 0, 0
1226999, 168, 0, 0
1227999, 139, 0, 0
1229000, 187, 0, 0
1229999, 171, 0, 0
1230999, 177, 0, 0
1232000, 185, 0, 0
1232999, 163, 0, 0
1233999, 184, 0, 0
1235000, 181, 0, 0
1235999, 153, 0, 0
1236999, 161, 0, 0
1238000, 175, 0, 0
1238999, 160, 0, 0
1239999, 156, 0, 0
1241000, 166, 0, 0
1241999, 183, 0, 0
1242999, 164, 0, 0
1244000, 153, 0, 0
1244999, 168, 0, 0
1246000, 167, 0, 0
1247000, 174, 0, 0
1247999, 152, 0, 0
1249000, 170, 0, 0
1249999, 163, 0, 0
1250999, 177, 0, 0
1252000, 169, 0, 0
1252999, 168, 0, 0
1254000, 155, 0, 0
1255000, 180, 0, 0
1255999, 164, 0, 0
1257000, 167, 0, 0
1257999, 159, 0, 0
1259000, 156, 0, 0
1260000, 176, 0, 0
1260999, 177, 0, 0
1262000, 145, 0, 0
1263000, 177, 0, 0
1263999, 169, 0, 0
1265000, 169, 0, 0
1265999, 148, 0, 0
1266999, 154, 0, 0
1268000, 175, 0, 0
1268999, 163, 0, 0
1270000, 162, 0, 0
1271000, 170, 0, 0
1271999, 163, 0, 0
1273000, 172, 0, 0
1274000, 169, 0, 0
1274999, 151, 0, 0
1276000, 168, 0, 0
1276999, 158, 0, 0
1277999, 179, 0, 0
1279000, 185, 0, 0
1279999, 157, 0, 0
1280999, 166, 0, 0
1282000, 184, 0, 0
1282999, 158, 0, 0
1283999, 166, 0, 0
1285000, 161, 0, 0
1285999, 146, 0, 0
1286999, 157, 0, 0
1288000, 171, 0, 0
1288999, 143, 0, 0
1290000, 172, 0, 0
1291000, 159, 0, 0
1291999, 171, 0, 0
1293000, 185, 0, 0
1294000, 162, 0, 0
1294999, 165, 0, 0
1296000, 156, 0, 0
1297000, 173, 0, 0
1297999, 166, 0, 0
1299000, 161, 0, 0
1299999, 142, 0, 0
1300999, 152, 0, 0
1302000, 168, 0, 0
1302999, 164, 0, 0
1303999, 159, 0, 0
1305000, 179, 0, 0
1305999, 172, 0, 0
1306999, 177, 0, 0
1308000, 172, 0, 0
1308999, 169, 0, 0
1310000, 166, 0, 0
1311000, 152, 0, 0
1311999, 145, 0, 0
1313000, 151, 0, 0
1314000, 161, 0, 0
1314999, 189, 0, 0
1316000, 167, 0, 0
1317000, 173, 0, 0
1317999, 139, 0, 0
1319000, 182, 0, 0
1319999, 173, 0, 0
1320999, 155, 0, 0
1322000, 152, 0, 0
1322999, 142, 0, 0
1323999, 157, 0, 0
1325000, 165, 0, 0
1325999, 146, 0, 0
1326999, 172, 0, 0
1328000, 162, 0, 0
1328999, 164, 0, 0
1330000, 168, 0, 0
1330999, 180, 0, 0
1331999, 171, 0, 0
1333000, 186, 0, 0
1333999, 151, 0, 0
1334999, 170, 0, 0
1336000, 172, 0, 0
1336999, 154, 0, 0
1337999, 167, 0, 0
1339000, 159, 0, 0
1340000, 166, 0, 0
1340999, 164, 0, 0
1342000, 166, 0, 0
1343000, 184, 0, 0
1343999, 169, 0, 0
1345000, 161, 0, 0
1345999, 164, 0, 0
1346999, 149, 0, 0
1348000, 183, 0, 0
1349000, 166, 0, 0
1349999, 176, 0, 0
1351000, 172, 0, 0
1352000, 171, 0, 0
1352999, 175, 0, 0
1354000, 149, 0, 0
1355000, 156, 0, 0
1355999, 168, 0, 0
1356999, 169, 0, 0
1357999, 167, 0, 0
1358999, 167, 0, 0
1360000, 165, 0, 0
1361000, 172, 0, 0
1361999, 156, 0, 0
1362999, 179, 0, 0
1364000, 165, 0, 0
1364999, 161, 0, 0
1366000, 178, 0, 0
1367000, 155, 0, 0
1367999, 166, 0, 0
1369000, 162, 0, 0
1370000, 159, 0, 0
1370999, 183, 0, 0
1371999, 160, 0, 0
1373000, 160, 0, 0
1373999, 173, 0, 0
1374999, 158, 0, 0
1376000, 175, 0, 0
1376999, 172, 0, 0
1377999, 176, 0, 0
1379000, 173, 0, 0
1379999, 172, 0, 0
1380999, 170, 0, 0
1382000, 160, 0, 0
1382999, 204, 0, 0
1383999, 157, 0, 0
1385000, 161, 0, 0
1385999, 146, 0, 0
1386999, 169, 0, 0
1388000, 163, 0, 0
1388999, 165, 0, 0
1389999, 170, 0, 0
1391000, 162, 0, 0
1391999, 164, 0, 0
1392999, 202, 0, 0
1394000, 166, 0, 0
1394999, 163, 0, 0
1395999, 163, 0, 0
1397000, 165, 0, 0
1398000, 153, 0, 0
1398999, 162, 0, 0
1400000, 173, 0, 0
1401000, 177, 0, 0
1401999, 165, 0, 0
1402999, 184, 0, 0
1404000, 157, 0, 0
1405000, 173, 0, 0
1405999, 147, 0, 0
1406999, 155, 0, 0
1408000, 173, 0, 0
1409000, 185, 0, 0
1409999, 164, 0, 0
1411000, 175, 0, 0
1412000, 168, 0, 0
1412999, 157, 0, 0
1413999, 153, 0, 0
1415000, 169, 0, 0
1415999, 172, 0, 0
1416999, 157, 0, 0
1418000, 172, 0, 0
1418999, 165, 0, 0
1419999, 162, 0, 0
1421000, 171, 0, 0
1422000, 164, 0, 0
1422999, 187, 0, 0
1424000, 145, 0, 0
1425000, 152, 0, 0
1425999, 157, 0, 0
1427000, 168, 0, 0
1428000, 171, 0, 0
1428999, 174, 0, 0
1429999, 168, 0, 0
1431000, 169, 0, 0
1431999, 172, 0, 0
1432999, 152, 0, 0
1434000, 178, 0, 0
1435000, 170, 0, 0
1435999, 172, 0, 0
1437000, 177, 0, 0
1437999, 161, 0, 0
1438999, 159, 0, 0
1440000, 150, 0, 0
1441000, 165, 0, 0
1441999, 183, 0, 0
1442999, 162, 0, 0
1444000, 162, 0, 0
1445000, 166, 0, 0
1445999, 188, 0, 0
1446999, 163, 0, 0
1448000, 167, 0, 0
1448999, 149, 0, 0
1449999, 149, 0, 0
1451000, 168, 0, 0
1451999, 169, 0, 0
1452999, 172, 0, 0
1454000, 181, 0, 0
1454999, 168, 0, 0
1455999, 164, 0, 0
1457000, 158, 0, 0
1458000, 161, 0, 0
1458999, 182, 0, 0
1459999, 155, 0, 0
1461000, 174, 0, 0
1461999, 165, 0, 0
1462999, 168, 0, 0
1464000, 179, 0, 0
1464999, 127, 0, 0
1466000, 180, 0, 0
1467000, 177, 0, 0
1467999, 177, 0, 0
1468999, 171, 0, 0
1470000, 164, 0, 0
1471000, 158, 0, 0
1471999, 158, 0, 0
1473000, 184, 0, 0
1473999, 169, 0, 0
1474999, 179, 0, 0
1476000, 172, 0, 0
1476999, 158, 0, 0
1477999, 164, 0, 0
1479000, 164, 0, 0
1479999, 160, 0, 0
1480999, 175, 0, 0
1482000, 164, 0, 0
1483000, 156, 0, 0
1483999, 172, 0, 0
1485000, 176, 0, 0
1486000, 168, 0, 0
1486999, 176, 0, 0
1487999, 177, 0, 0
1489000, 177, 0, 0
1489999, 172, 0, 0
1490999, 174, 0, 0
1492000, 180, 0, 0
1492999, 155, 0, 0
1494000, 167, 0, 0
1495000, 169, 0, 0
1495999, 162, 0, 0
1496999, 169, 0, 0
1498000, 167, 0, 0
1498999, 161, 0, 0
1499999, 178, 0, 0
1501000, 151, 0, 0
1502000, 179, 0, 0
1502999, 164, 0, 0
1503999, 174, 0, 0
1505000, 161, 0, 0
1505999, 158, 0, 0
1506999, 153, 0, 0
1507999, 170, 0, 0
1509000, 170, 0, 0
1509999, 170, 0, 0
1510999, 145, 0, 0
1512000, 140, 0, 0
1512999, 178, 0, 0
1513999, 156, 0, 0
1515000, 171, 0, 0
1515999, 158, 0, 0
1516999, 166, 0, 0
1518000, 168, 0, 0
1519000, 174, 0, 0
1519999, 171, 0, 0
1520999, 167, 0, 0
1522000, 156, 0, 0
1522999, 158, 0, 0
1523999, 155, 0, 0
1525000, 147, 0, 0
1525999, 167, 0, 0
1526999, 152, 0, 0
1528000, 164, 0, 0
1528999, 170, 0, 0
1529999, 177, 0, 0
1531000, 151, 0, 0
1531999, 156, 0, 0
1532999, 173, 0, 0
1534000, 169, 0, 0
1535000, 168, 0, 0
1535999, 158, 0, 0
1537000, 165, 0, 0
1537999, 169, 0, 0
1538999, 173, 0, 0
1540000, 165, 0, 0
1541000, 156, 0, 0
1541999, 159, 0, 0
1543000, 180, 0, 0
1544000, 170, 0, 0
1544999, 176, 0, 0
1546000, 159, 0, 0
1546999, 158, 0, 0
1547999, 152, 0, 0
1549000, 168, 0, 0
1549999, 164, 0, 0
1550999, 155, 0, 0
1552000, 171, 0, 0
1552999, 148, 0, 0
1554000, 160, 0, 0
1554999, 156, 0, 0
1555999, 175, 0, 0
1557000, 173, 0, 0
1558000, 178, 0, 0
1558999, 158, 0, 0
1560000, 156, 0, 0
1561000, 162, 0, 0
1561999, 176, 0, 0
1563000, 164, 0, 0
1564000, 174, 0, 0
1564999, 158, 0, 0
1565999, 174, 0, 0
1567000, 182, 0, 0
1567999, 167, 0, 0
1568999, 166, 0, 0
1570000, 150, 0, 0
1570999, 186, 0, 0
1571999, 168, 0, 0
1573000, 177, 0, 0
1573999, 175, 0, 0
1574999, 143, 0, 0
1576000, 167, 0, 0
1576999, 189, 0, 0
1577999, 165, 0, 0
1579000, 182, 0, 0
1579999, 166, 0, 0
1580999, 173, 0, 0
1582000, 166, 0, 0
1582999, 175, 0, 0
1583999, 159, 0, 0
1585000, 158, 0, 0
1585999, 175, 0, 0
1586999, 173, 0, 0
1588000, 168, 0, 0
1588999, 172, 0, 0
1589999, 172, 0, 0
1591000, 173, 0, 0
1591999, 149, 0, 0
1592999, 159, 0, 0
1594000, 159, 0, 0
1594999, 146, 0, 0
1595999, 173, 0, 0
1597000, 173, 0, 0
1597999, 154, 0, 0
1599000, 159, 0, 0
1600000, 191, 0, 0
1600999, 176, 0, 0
1602000, 153, 0, 0
1602999, 172, 0, 0
1603999, 157, 0, 0
1605000, 165, 0, 0
1605999, 176, 0, 0
1606999, 173, 0, 0
1608000, 156, 0, 0
1609000, 154, 0, 0
1609999, 185, 0, 0
1611000, 165, 0, 0
1611999, 177, 0, 0
1612999, 176, 0, 0
1614000, 172, 0, 0
1614999, 177, 0, 0
1615999, 167, 0, 0
1617000, 174, 0, 0
1617999, 163, 0, 0
1619000, 176, 0, 0
1619999, 175, 0, 0
1620999, 172, 0, 0
1622000, 166, 0, 0
1622999, 141, 0, 0
1623999, 162, 0, 0
1625000, 171, 0, 0
1625999, 176, 0, 0
1627000, 157, 0, 0
1628000, 201, 0, 0
1628999, 146, 0, 0
1630000, 173, 0, 0
1630999, 164, 0, 0
1631999, 158, 0, 0
1633000, 183, 0, 0
1634000, 153, 0, 0
1634999, 151, 0, 0
1636000, 185, 0, 0
1636999, 152, 0, 0
1637999, 163, 0, 0
1639000, 159, 0, 0
1639999, 163, 0, 0
1641000, 158, 0, 0
1642000, 150, 0, 0
1642999, 166, 0, 0
1644000, 181, 0, 0
1644999, 177, 0, 0
1645999, 165, 0, 0
1647000, 161, 0, 0
1647999, 183, 0, 0
1648999, 164, 0, 0
1650000, 155, 0, 0
1650999, 164, 0, 0
1651999, 158, 0, 0
1653000, 165, 0, 0
1653999, 174, 0, 0
1655000, 161, 0, 0
1656000, 141, 0, 0
1656999, 160, 0, 0
1658000, 163, 0, 0
1659000, 200, 0, 0
1659999, 172, 0, 0
1661000, 162, 0, 0
1662000, 167, 0, 0
1662999, 161, 0, 0
1664000, 190, 0, 0
1665000, 170, 0, 0
1665999, 143, 0, 0
1666999, 169, 0, 0
1668000, 163, 0, 0
1668999, 169, 0, 0
1669999, 166, 0, 0
1671000, 162, 0, 0
1671999, 166, 0, 0
1672999, 176, 0, 0
1674000, 179, 0, 0
1674999, 159, 0, 0
1675999, 177, 0, 0
1677000, 169, 0, 0
1677999, 163, 0, 0
1678999, 153, 0, 0
1680000, 152, 0, 0
1680999, 158, 0, 0
1681999, 173, 0, 0
1683000, 172, 0, 0
1683999, 179, 0, 0
1685000, 158, 0, 0
1686000, 166, 0, 0
1686999, 185, 0, 0
1688000, 175, 0, 0
1688999, 183, 0, 0
1689999, 154, 0, 0
1691000, 171, 0, 0
1691999, 150, 0, 0
1692999, 145, 0, 0
1694000, 153, 0, 0
1694999, 166, 0, 0
1695999, 172, 0, 0
1697000, 162, 0, 0
1697999, 162, 0, 0
1699000, 154, 0, 0
1699999, 170, 0, 0
1700999, 162, 0, 0
1702000, 156, 0, 0
1702999, 162, 0, 0
1703999, 160, 0, 0
1705000, 184, 0, 0
1705999, 163, 0, 0
1706999, 152, 0, 0
1708000, 180, 0, 0
1708999, 160, 0, 0
1709999, 161, 0, 0
1711000, 173, 0, 0
1711999, 172, 0, 0
1712999, 171, 0, 0
1714000, 170, 0, 0
1714999, 174, 0, 0
1715999, 176, 0, 0
1717000, 171, 0, 0
1717999, 170, 0, 0
1718999, 158, 0, 0
1720000, 156, 0, 0
1720999, 169, 0, 0
1722000, 183, 0, 0
1723000, 135, 0, 0
1723999, 180, 0, 0
1725000, 159, 0, 0
1725999, 172, 0, 0
1726999, 157, 0, 0
1728000, 173, 0, 0
1728999, 149, 0, 0
1729999, 157, 0, 0
1731000, 168, 0, 0
1731999, 172, 0, 0
1732999, 154, 0, 0
1734000, 175, 0, 0
1734999, 142, 0, 0
1736000, 167, 0, 0
1736999, 169, 0, 0
1737999, 193, 0, 0
1739000, 164, 0, 0
1739999, 154, 0, 0
1740999, 164, 0, 0
1742000, 169, 0, 0
1742999, 158, 0, 0
1744000, 172, 0, 0
1745000, 188, 0, 0
1745999, 161, 0, 0
1747000, 161, 0, 0
1747999, 147, 0, 0
1748999, 155, 0, 0
1750000, 168, 0, 0
1751000, 166, 0, 0
1751999, 149, 0, 0
1753000, 160, 0, 0
1754000, 158, 0, 0
1754999, 163, 0, 0
1756000, 170, 0, 0
1757000, 151, 0, 0
1757999, 170, 0, 0
1759000, 154, 0, 0
1759999, 172, 0, 0
1760999, 172, 0, 0
1762000, 166, 0, 0
1762999, 161, 0, 0
1763999, 180, 0, 0
1765000, 172, 0, 0
1765999, 154, 0, 0
1767000, 171, 0, 0
1768000, 173, 0, 0
1768999, 184, 0, 0
1770000, 165, 0, 0
1771000, 172, 0, 0
1771999, 168, 0, 0
1773000, 165, 0, 0
1773999, 157, 0, 0
1774999, 162, 0, 0
1776000, 164, 0, 0
1776999, 164, 0, 0
1778000, 163, 0, 0
1779000, 167, 0, 0
1779999, 156, 0, 0
1781000, 158, 0, 0
1781999, 181, 0, 0
1783000, 171, 0, 0
1784000, 153, 0, 0
1784999, 170, 0, 0
1786000, 167, 0, 0
1786999, 153, 0, 0
1787999, 175, 0, 0
1789000, 155, 0, 0
1790000, 169, 0, 0
1790999, 172, 0, 0
1792000, 168, 0, 0
1792999, 152, 0, 0
1793999, 166, 0, 0
1795000, 180, 0, 0
1795999, 176, 0, 0
1796999, 143, 0, 0
1798000, 159, 0, 0
1798999, 165, 0, 0
1799999, 176, 0, 0
