1019, 9338864, 0, 0
1019, 18893, 1, 0
2056, 10781814, 0, 0
2056, 21195, 1, 0
3033, 10051768, 0, 0
3104, 19349, 1, 0
4019, 10260911, 0, 0
4109, 19561, 1, 0
5048, 10708664, 0, 0
5048, 16048, 1, 0
6027, 10989385, 0, 0
6083, 12156, 1, 0
7084, 11591777, 0, 0
7176, 19854, 1, 0
8055, 11547909, 0, 0
8055, 21668, 1, 0
9070, 10554217, 0, 0
9070, 17510, 1, 0
10051, 10201963, 0, 0
10051, 17269, 1, 0
11052, 10413641, 0, 0
11052, 18575, 1, 0
12042, 10191704, 0, 0
12042, 18706, 1, 0
13038, 11302334, 0, 0
13038, 20061, 1, 0
14038, 11479360, 0, 0
14038, 19842, 1, 0
15008, 10092310, 0, 0
15089, 16944, 1, 0
16001, 10321831, 0, 0
16068, 20097, 1, 0
17013, 10529202, 0, 0
17091, 17799, 1, 0
18065, 10003334, 0, 0
18065, 19476, 1, 0
19010, 10731788, 0, 0
19010, 17884, 1, 0
20011, 10301189, 0, 0
20011, 17633, 1, 0
21019, 10483480, 0, 0
21019, 19232, 1, 0
22014, 10247574, 0, 0
22014, 17951, 1, 0
23063, 10909016, 0, 0
23063, 17865, 1, 0
24024, 9994155, 0, 0
24024, 19792, 1, 0
25004, 9987960, 0, 0
25004, 17780, 1, 0
26062, 10152558, 0, 0
26062, 19735, 1, 0
27050, 11095491, 0, 0
27051, 19015, 1, 0
28014, 9915471, 0, 0
28014, 19985, 1, 0
29076, 10400956, 0, 0
29164, 17621, 1, 0
30103, 10568556, 0, 0
30103, 18843, 1, 0
31040, 10637268, 0, 0
31107, 17570, 1, 0
32066, 11515113, 0, 0
32066, 19120, 1, 0
33084, 10480266, 0, 0
33084, 21652, 1, 0
34089, 11674629, 0, 0
34089, 20273, 1, 0
35040, 10785195, 0, 0
35206, 19585, 1, 0
36050, 10514134, 0, 0
36050, 20814, 1, 0
37027, 9370362, 0, 0
37027, 19386, 1, 0
38057, 10711796, 0, 0
38057, 20816, 1, 0
39069, 10520835, 0, 0
39069, 21462, 1, 0
40024, 10027739, 0, 0
40024, 19717, 1, 0
41091, 10985540, 0, 0
41092, 21410, 1, 0
42094, 11123107, 0, 0
42094, 19823, 1, 0
43013, 10072204, 0, 0
43091, 21099, 1, 0
44044, 10727990, 0, 0
44044, 21549, 1, 0
45060, 10564539, 0, 0
45060, 34830, 1, 0
46076, 10449804, 0, 0
46076, 20195, 1, 0
47048, 9906832, 0, 0
47124, 20847, 1, 0
48060, 10531648, 0, 0
48060, 20733, 1, 0
49079, 10277077, 0, 0
49160, 18625, 1, 0
50019, 10669609, 0, 0
50019, 20225, 1, 0
51012, 11269041, 0, 0
51012, 19342, 1, 0
52057, 10979035, 0, 0
52057, 19914, 1, 0
53026, 10526795, 0, 0
53026, 17591, 1, 0
54037, 10194503, 0, 0
54037, 21804, 1, 0
55039, 10314965, 0, 0
55039, 19146, 1, 0
56059, 10493695, 0, 0
56059, 18199, 1, 0
57022, 10814976, 0, 0
57023, 19352, 1, 0
58064, 10831591, 0, 0
58064, 21280, 1, 0
59035, 11015386, 0, 0
59035, 19801, 1, 0
60012, 10171457, 0, 0
60117, 18987, 1, 0
61068, 10761769, 0, 0
61069, 18962, 1, 0
62086, 10371101, 0, 0
62203, 20631, 1, 0
63042, 9735694, 0, 0
63042, 18705, 1, 0
64076, 10756130, 0, 0
64076, 19500, 1, 0
65005, 10309322, 0, 0
65087, 20653, 1, 0
66067, 10004910, 0, 0
66067, 19750, 1, 0
67010, 10817422, 0, 0
67010, 20969, 1, 0
68037, 10573987, 0, 0
68037, 18176, 1, 0
69095, 10671782, 0, 0
69095, 19260, 1, 0
70050, 10147930, 0, 0
70050, 17764, 1, 0
71003, 10346501, 0, 0
71184, 18468, 1, 0
72008, 10452752, 0, 0
72008, 19090, 1, 0
73073, 10422078, 0, 0
73073, 19038, 1, 0
74064, 10089168, 0, 0
74064, 20185, 1, 0
75079, 10338152, 0, 0
75079, 22141, 1, 0
76011, 9582872, 0, 0
76011, 22554, 1, 0
77077, 10751997, 0, 0
77077, 21062, 1, 0
78060, 10888873, 0, 0
78060, 18858, 1, 0
79005, 10488831, 0, 0
79006, 22512, 1, 0
80005, 10174089, 0, 0
80005, 22201, 1, 0
81055, 8800467, 0, 0
81055, 19915, 1, 0
82037, 10890814, 0, 0
82037, 19756, 1, 0
83073, 10888703, 0, 0
83073, 25635, 1, 0
84065, 11000715, 0, 0
84065, 20554, 1, 0
85003, 10754291, 0, 0
85003, 21787, 1, 0
86010, 9392305, 0, 0
86010, 22237, 1, 0
87076, 10754080, 0, 0
87076, 23735, 1, 0
88018, 10446261, 0, 0
88018, 20781, 1, 0
89022, 10326040, 0, 0
89022, 21319, 1, 0
90037, 11136897, 0, 0
90037, 19506, 1, 0
91057, 10500497, 0, 0
91057, 21850, 1, 0
92009, 10792496, 0, 0
92009, 20578, 1, 0
93047, 10798206, 0, 0
93047, 22646, 1, 0
94042, 10338731, 0, 0
94042, 20856, 1, 0
95058, 10034390, 0, 0
95058, 20369, 1, 0
96048, 10081798, 0, 0
96048, 21365, 1, 0
97074, 10249818, 0, 0
97075, 21840, 1, 0
98041, 9644160, 0, 0
98041, 21830, 1, 0
99036, 11040564, 0, 0
99123, 21057, 1, 0
100049, 9915779, 0, 0
100049, 21118, 1, 0
101063, 10329065, 0, 0
101150, 21440, 1, 0
102005, 10560597, 0, 0
102005, 19645, 1, 0
103055, 10376596, 0, 0
103055, 21404, 1, 0
104019, 10698460, 0, 0
104092, 21261, 1, 0
105073, 9832973, 0, 0
105073, 19193, 1, 0
106006, 10349489, 0, 0
106006, 19641, 1, 0
107006, 11225311, 0, 0
107006, 20608, 1, 0
108066, 10077261, 0, 0
108066, 20465, 1, 0
109035, 9873070, 0, 0
109035, 19768, 1, 0
110052, 10158283, 0, 0
110237, 19648, 1, 0
111018, 10951576, 0, 0
111018, 22705, 1, 0
112000, 9513075, 0, 0
112000, 22222, 1, 0
113003, 10651902, 0, 0
113003, 24603, 1, 0
114039, 10133579, 0, 0
114039, 22076, 1, 0
115045, 10686385, 0, 0
115045, 22553, 1, 0
116044, 10077443, 0, 0
116045, 23771, 1, 0
117014, 9777645, 0, 0
117014, 20734, 1, 0
118072, 10777910, 0, 0
118072, 19251, 1, 0
119063, 10195217, 0, 0
119149, 20185, 1, 0
120067, 9923843, 0, 0
120067, 22136, 1, 0
121022, 10363895, 0, 0
121022, 20831, 1, 0
122017, 11294368, 0, 0
122017, 17346, 1, 0
123026, 10069904, 0, 0
123026, 18622, 1, 0
124066, 11293453, 0, 0
124066, 17040, 1, 0
125010, 10358803, 0, 0
125010, 19791, 1, 0
126061, 10392457, 0, 0
126153, 19638, 1, 0
127091, 11685103, 0, 0
127091, 18503, 1, 0
128033, 10456982, 0, 0
128126, 19259, 1, 0
129039, 10139154, 0, 0
129039, 19188, 1, 0
130049, 10403062, 0, 0
130049, 22696, 1, 0
131022, 9811166, 0, 0
131022, 18638, 1, 0
132006, 10341142, 0, 0
132006, 21358, 1, 0
133037, 10509310, 0, 0
133037, 18761, 1, 0
134028, 9998980, 0, 0
134028, 24298, 1, 0
135012, 9170789, 0, 0
135012, 21924, 1, 0
136035, 10525744, 0, 0
136035, 20813, 1, 0
137071, 9315995, 0, 0
137071, 19167, 1, 0
138060, 10184424, 0, 0
138060, 19730, 1, 0
139001, 10438301, 0, 0
139001, 19926, 1, 0
140004, 12359865, 0, 0
140004, 20870, 1, 0
141091, 11061729, 0, 0
141091, 21844, 1, 0
142042, 10797311, 0, 0
142043, 21335, 1, 0
143050, 11298151, 0, 0
143050, 21171, 1, 0
144022, 11035612, 0, 0
144022, 25206, 1, 0
145052, 9882385, 0, 0
145052, 23431, 1, 0
146055, 10014073, 0, 0
146176, 24416, 1, 0
147018, 10114059, 0, 0
147018, 18911, 1, 0
148031, 10010099, 0, 0
148031, 19804, 1, 0
149012, 8741459, 0, 0
149012, 22843, 1, 0
150041, 9786017, 0, 0
150041, 19397, 1, 0
151090, 10902794, 0, 0
151090, 20126, 1, 0
152084, 10226442, 0, 0
152084, 21281, 1, 0
153012, 10065808, 0, 0
153012, 21624, 1, 0
154010, 10830985, 0, 0
154010, 19558, 1, 0
155058, 10070169, 0, 0
155058, 19353, 1, 0
156015, 10273565, 0, 0
156015, 20833, 1, 0
157017, 10310400, 0, 0
157017, 25373, 1, 0
158007, 11100247, 0, 0
158007, 20671, 1, 0
159020, 11496765, 0, 0
159020, 18795, 1, 0
160028, 10822644, 0, 0
160028, 19562, 1, 0
161080, 10603309, 0, 0
161080, 22598, 1, 0
162045, 10711672, 0, 0
162045, 19503, 1, 0
163025, 10628045, 0, 0
163025, 18928, 1, 0
164038, 10310953, 0, 0
164038, 21635, 1, 0
165063, 10539665, 0, 0
165063, 21257, 1, 0
166055, 9904705, 0, 0
166055, 23263, 1, 0
167049, 9024095, 0, 0
167049, 19954, 1, 0
168068, 10599132, 0, 0
168068, 20811, 1, 0
169007, 10292553, 0, 0
169087, 22315, 1, 0
170002, 10922922, 0, 0
170003, 20483, 1, 0
171032, 10926916, 0, 0
171100, 22608, 1, 0
172020, 9865288, 0, 0
172020, 24130, 1, 0
173026, 10147015, 0, 0
173027, 18820, 1, 0
174049, 10113662, 0, 0
174122, 20647, 1, 0
175019, 9880233, 0, 0
175115, 25686, 1, 0
176079, 10582916, 0, 0
176079, 19154, 1, 0
177013, 10131567, 0, 0
177013, 17616, 1, 0
178071, 9785587, 0, 0
178181, 18226, 1, 0
179032, 9894036, 0, 0
179033, 18893, 1, 0
180058, 10134683, 0, 0
180058, 20382, 1, 0
181008, 9985778, 0, 0
181088, 18330, 1, 0
182010, 9623989, 0, 0
182123, 19339, 1, 0
183042, 9037496, 0, 0
183042, 18705, 1, 0
184071, 10382515, 0, 0
184071, 19222, 1, 0
185009, 10408949, 0, 0
185010, 18890, 1, 0
186005, 10686987, 0, 0
186005, 20264, 1, 0
187029, 9826968, 0, 0
187029, 17871, 1, 0
188019, 10091649, 0, 0
188019, 19418, 1, 0
189045, 8908924, 0, 0
189045, 20137, 1, 0
190027, 9901842, 0, 0
190027, 18495, 1, 0
191031, 9924786, 0, 0
191031, 20328, 1, 0
192039, 10276882, 0, 0
192040, 20136, 1, 0
193051, 10002276, 0, 0
193129, 18763, 1, 0
194056, 10794081, 0, 0
194165, 20052, 1, 0
195028, 10005754, 0, 0
195028, 20223, 1, 0
196048, 10181435, 0, 0
196048, 18764, 1, 0
197029, 10421655, 0, 0
197111, 19359, 1, 0
198070, 10395309, 0, 0
198070, 18248, 1, 0
199006, 9835494, 0, 0
199006, 21199, 1, 0
200043, 10677753, 0, 0
200131, 18220, 1, 0
201031, 9863418, 0, 0
201031, 18177, 1, 0
202052, 9899279, 0, 0
202052, 19810, 1, 0
203032, 10093204, 0, 0
203032, 19762, 1, 0
204019, 10594006, 0, 0
204019, 17636, 1, 0
205046, 10153243, 0, 0
205046, 18530, 1, 0
206063, 9759938, 0, 0
206063, 17708, 1, 0
207066, 9913644, 0, 0
207154, 19213, 1, 0
208022, 9948684, 0, 0
208099, 17329, 1, 0
209082, 10178685, 0, 0
209169, 20372, 1, 0
210080, 9677356, 0, 0
210164, 18823, 1, 0
211030, 10311682, 0, 0
211030, 18012, 1, 0
212053, 9286046, 0, 0
212053, 19013, 1, 0
213077, 9556381, 0, 0
213077, 17905, 1, 0
214035, 10635431, 0, 0
214035, 17506, 1, 0
215029, 10452379, 0, 0
215030, 17922, 1, 0
216053, 10122866, 0, 0
216134, 21349, 1, 0
217045, 9520174, 0, 0
217045, 19756, 1, 0
218066, 9996998, 0, 0
218066, 19364, 1, 0
219024, 10625011, 0, 0
219024, 22282, 1, 0
220058, 10432465, 0, 0
220058, 20717, 1, 0
221017, 10300313, 0, 0
221018, 21344, 1, 0
222071, 9389039, 0, 0
222071, 18121, 1, 0
223023, 10223822, 0, 0
223023, 20205, 1, 0
224026, 9915281, 0, 0
224026, 18289, 1, 0
225055, 10173969, 0, 0
225055, 18023, 1, 0
226036, 9421699, 0, 0
226121, 18274, 1, 0
227058, 10203583, 0, 0
227140, 20596, 1, 0
228052, 9542016, 0, 0
228052, 18489, 1, 0
229025, 9920085, 0, 0
229025, 17075, 1, 0
230018, 9530394, 0, 0
230018, 19304, 1, 0
231033, 9836731, 0, 0
231033, 19452, 1, 0
232006, 9620476, 0, 0
232006, 19543, 1, 0
233030, 9931648, 0, 0
233030, 17944, 1, 0
234041, 9889890, 0, 0
234041, 20399, 1, 0
235057, 10041527, 0, 0
235057, 18266, 1, 0
236077, 10401618, 0, 0
236077, 18832, 1, 0
237014, 10060913, 0, 0
237014, 18525, 1, 0
238067, 10109329, 0, 0
238067, 17191, 1, 0
239056, 9323709, 0, 0
239135, 20697, 1, 0
240017, 10201084, 0, 0
240017, 19240, 1, 0
241026, 9327849, 0, 0
241026, 18249, 1, 0
242041, 9752026, 0, 0
242041, 21501, 1, 0
243078, 10246236, 0, 0
243078, 17435, 1, 0
244065, 9569341, 0, 0
244065, 20001, 1, 0
245071, 9474941, 0, 0
245071, 18342, 1, 0
246097, 10043778, 0, 0
246097, 17295, 1, 0
247004, 10171138, 0, 0
247004, 19011, 1, 0
248038, 10226177, 0, 0
248038, 19441, 1, 0
249076, 9966835, 0, 0
249161, 20200, 1, 0
250020, 10588216, 0, 0
250020, 17399, 1, 0
251059, 10277222, 0, 0
251059, 18810, 1, 0
252035, 9742044, 0, 0
252035, 17370, 1, 0
253049, 10020005, 0, 0
253049, 16828, 1, 0
254095, 10244708, 0, 0
254095, 19566, 1, 0
255048, 10015156, 0, 0
255048, 19981, 1, 0
256016, 10518068, 0, 0
256017, 19492, 1, 0
257090, 9828829, 0, 0
257090, 17214, 1, 0
258037, 11397043, 0, 0
258037, 18632, 1, 0
259053, 10253628, 0, 0
259054, 18037, 1, 0
260001, 9655206, 0, 0
260001, 20141, 1, 0
261003, 10537729, 0, 0
261086, 19689, 1, 0
262058, 9404181, 0, 0
262058, 20839, 1, 0
263039, 9596532, 0, 0
263072, 15826, 1, 0
264046, 9225901, 0, 0
264046, 18905, 1, 0
265068, 9454592, 0, 0
265156, 17660, 1, 0
266062, 8941528, 0, 0
266062, 16259, 1, 0
267029, 9953338, 0, 0
267029, 18133, 1, 0
268063, 10025170, 0, 0
268063, 18591, 1, 0
269065, 9909443, 0, 0
269065, 22698, 1, 0
270015, 10196037, 0, 0
270015, 18057, 1, 0
271053, 9874170, 0, 0
271053, 18605, 1, 0
272076, 10318801, 0, 0
272076, 18602, 1, 0
273030, 9721243, 0, 0
273030, 18029, 1, 0
274023, 9716912, 0, 0
274023, 18459, 1, 0
275061, 9511893, 0, 0
275061, 17852, 1, 0
276060, 8598322, 0, 0
276060, 18535, 1, 0
277037, 9569577, 0, 0
277038, 19470, 1, 0
278075, 9778373, 0, 0
278166, 18076, 1, 0
279033, 9959426, 0, 0
279033, 20223, 1, 0
280067, 9654108, 0, 0
280155, 17999, 1, 0
281088, 9618295, 0, 0
281175, 17595, 1, 0
282079, 9697953, 0, 0
282180, 18345, 1, 0
283085, 10802749, 0, 0
283085, 16219, 1, 0
284001, 11736249, 0, 0
284001, 26669, 1, 0
285037, 9664810, 0, 0
285037, 19960, 1, 0
286064, 10053030, 0, 0
286064, 18053, 1, 0
287055, 9699178, 0, 0
287138, 17759, 1, 0
288004, 10297912, 0, 0
288109, 19639, 1, 0
289017, 10019640, 0, 0
289017, 20163, 1, 0
290080, 9563979, 0, 0
290080, 18324, 1, 0
291022, 9701580, 0, 0
291101, 18011, 1, 0
292004, 9253524, 0, 0
292004, 18022, 1, 0
293053, 10165135, 0, 0
293053, 17663, 1, 0
294022, 9776200, 0, 0
294023, 17353, 1, 0
295055, 10004475, 0, 0
295055, 21322, 1, 0
296013, 9966333, 0, 0
296013, 18608, 1, 0
297002, 9777104, 0, 0
297002, 18414, 1, 0
298032, 9524915, 0, 0
298206, 18493, 1, 0
299060, 9686096, 0, 0
299060, 18018, 1, 0
300058, 9055976, 0, 0
300058, 18798, 1, 0
301069, 9895868, 0, 0
301069, 18321, 1, 0
302076, 9772219, 0, 0
302077, 18702, 1, 0
303037, 10780166, 0, 0
303037, 21530, 1, 0
304022, 10355520, 0, 0
304022, 20988, 1, 0
305014, 8615503, 0, 0
305015, 20982, 1, 0
306035, 9891726, 0, 0
306035, 18969, 1, 0
307065, 9892716, 0, 0
307151, 17966, 1, 0
308000, 9523539, 0, 0
308000, 18876, 1, 0
309084, 9937722, 0, 0
309084, 17289, 1, 0
310068, 10134738, 0, 0
310069, 16850, 1, 0
311065, 8729799, 0, 0
311065, 21060, 1, 0
312067, 9173767, 0, 0
312067, 20653, 1, 0
313001, 11102049, 0, 0
313001, 20395, 1, 0
314053, 9914281, 0, 0
314053, 17223, 1, 0
315082, 9092425, 0, 0
315157, 19488, 1, 0
316015, 9702197, 0, 0
316015, 20067, 1, 0
317074, 9190407, 0, 0
317074, 17996, 1, 0
318019, 10044965, 0, 0
318020, 19353, 1, 0
319080, 10490490, 0, 0
319080, 16760, 1, 0
320001, 9478635, 0, 0
320086, 19001, 1, 0
321046, 9400700, 0, 0
321046, 18599, 1, 0
322037, 9700700, 0, 0
322037, 18859, 1, 0
323023, 9471713, 0, 0
323023, 19052, 1, 0
324039, 9941405, 0, 0
324039, 21045, 1, 0
325034, 9374821, 0, 0
325035, 22675, 1, 0
326087, 10198053, 0, 0
326178, 25407, 1, 0
327041, 9718254, 0, 0
327132, 19703, 1, 0
328068, 10053195, 0, 0
328068, 25561, 1, 0
329022, 9614008, 0, 0
329022, 22292, 1, 0
330015, 8780258, 0, 0
330100, 19813, 1, 0
331043, 10062230, 0, 0
331043, 18963, 1, 0
332085, 10402477, 0, 0
332085, 22124, 1, 0
333084, 10180997, 0, 0
333085, 18985, 1, 0
334024, 9874663, 0, 0
334024, 20161, 1, 0
335071, 9951069, 0, 0
335071, 19032, 1, 0
336004, 10123657, 0, 0
336004, 17972, 1, 0
337075, 10282728, 0, 0
337075, 18434, 1, 0
338032, 9752826, 0, 0
338118, 17388, 1, 0
339073, 10392698, 0, 0
339073, 19522, 1, 0
340004, 9690514, 0, 0
340092, 18455, 1, 0
341076, 9223981, 0, 0
341076, 18966, 1, 0
342049, 9918271, 0, 0
342049, 18027, 1, 0
343016, 9845163, 0, 0
343016, 18849, 1, 0
344009, 9356122, 0, 0
344099, 21512, 1, 0
345047, 10475000, 0, 0
345047, 17277, 1, 0
346073, 10044947, 0, 0
346073, 18353, 1, 0
347017, 9623125, 0, 0
347018, 21450, 1, 0
348079, 10392545, 0, 0
348079, 19063, 1, 0
349075, 9749650, 0, 0
349075, 19434, 1, 0
350009, 9516855, 0, 0
350009, 17453, 1, 0
351015, 9477026, 0, 0
351015, 20399, 1, 0
352020, 8506379, 0, 0
352100, 16379, 1, 0
353028, 9236921, 0, 0
353028, 17846, 1, 0
354072, 10116553, 0, 0
354072, 17240, 1, 0
355013, 9786250, 0, 0
355013, 16546, 1, 0
356058, 10037500, 0, 0
356058, 20411, 1, 0
357019, 10211468, 0, 0
357020, 18230, 1, 0
358057, 9332643, 0, 0
358057, 19271, 1, 0
359008, 9996474, 0, 0
359008, 20204, 1, 0
360042, 10323152, 0, 0
360042, 19138, 1, 0
361047, 8573184, 0, 0
361047, 20833, 1, 0
362073, 9663446, 0, 0
362073, 19330, 1, 0
363044, 9417228, 0, 0
363127, 20239, 1, 0
364041, 10476212, 0, 0
364041, 17856, 1, 0
365061, 9991107, 0, 0
365062, 20059, 1, 0
366023, 11170574, 0, 0
366024, 19288, 1, 0
367079, 10136906, 0, 0
367080, 17924, 1, 0
368140, 10280753, 0, 0
368140, 16732, 1, 0
369073, 11231995, 0, 0
369074, 20172, 1, 0
370051, 10279544, 0, 0
370051, 19081, 1, 0
371033, 11670682, 0, 0
371033, 22850, 1, 0
372060, 11919311, 0, 0
372060, 23144, 1, 0
373015, 9933699, 0, 0
373015, 21247, 1, 0
374001, 13122922, 0, 0
374001, 21298, 1, 0
375077, 10641089, 0, 0
375077, 18901, 1, 0
376028, 10912753, 0, 0
376028, 20859, 1, 0
377058, 9025003, 0, 0
377159, 18839, 1, 0
378047, 9491828, 0, 0
378123, 18902, 1, 0
379058, 9999392, 0, 0
379058, 18732, 1, 0
380017, 10406717, 0, 0
380017, 20830, 1, 0
381018, 10099307, 0, 0
381018, 18078, 1, 0
382046, 9873192, 0, 0
382066, 19284, 1, 0
383001, 8582436, 0, 0
383001, 18662, 1, 0
384009, 8830676, 0, 0
384009, 23663, 1, 0
385068, 8726355, 0, 0
385333, 22663, 1, 0
386067, 9685977, 0, 0
386068, 25023, 1, 0
387021, 11197124, 0, 0
387021, 19714, 1, 0
388112, 12111664, 0, 0
388112, 22169, 1, 0
389121, 14400087, 0, 0
389121, 25085, 1, 0
390067, 15478561, 0, 0
390159, 29780, 1, 0
391016, 10655079, 0, 0
391095, 19317, 1, 0
392066, 11395133, 0, 0
392066, 17996, 1, 0
393127, 8280077, 0, 0
393127, 21764, 1, 0
394057, 12059597, 0, 0
394057, 16943, 1, 0
395076, 13943315, 0, 0
395076, 18828, 1, 0
396069, 9914606, 0, 0
396069, 20555, 1, 0
397051, 10539768, 0, 0
397132, 19542, 1, 0
398024, 11048931, 0, 0
398025, 17539, 1, 0
399019, 9452388, 0, 0
399129, 18145, 1, 0
400061, 12544300, 0, 0
400061, 19441, 1, 0
401043, 9526369, 0, 0
401044, 19228, 1, 0
402095, 10830363, 0, 0
402096, 19056, 1, 0
403006, 10217117, 0, 0
403006, 19066, 1, 0
404079, 10204999, 0, 0
404080, 19408, 1, 0
405023, 11085591, 0, 0
405023, 17006, 1, 0
406019, 11570200, 0, 0
406019, 18044, 1, 0
407000, 10196868, 0, 0
407116, 16436, 1, 0
408028, 13686389, 0, 0
408028, 18450, 1, 0
409081, 10308875, 0, 0
409081, 17204, 1, 0
410059, 10078545, 0, 0
410133, 19532, 1, 0
411074, 11520153, 0, 0
411074, 16721, 1, 0
412043, 9573324, 0, 0
412043, 19150, 1, 0
413037, 11285517, 0, 0
413037, 20151, 1, 0
414004, 8938986, 0, 0
414004, 18202, 1, 0
415030, 9144179, 0, 0
415030, 19114, 1, 0
416054, 10022088, 0, 0
416054, 19572, 1, 0
417023, 11260615, 0, 0
417023, 18484, 1, 0
418023, 9074534, 0, 0
418155, 18910, 1, 0
419004, 11800294, 0, 0
419004, 21239, 1, 0
420058, 10320458, 0, 0
420058, 22099, 1, 0
421051, 10433738, 0, 0
421051, 18834, 1, 0
422069, 10171614, 0, 0
422070, 19695, 1, 0
423057, 8281494, 0, 0
423057, 18021, 1, 0
424022, 9733945, 0, 0
424022, 16785, 1, 0
425050, 9005017, 0, 0
425050, 19235, 1, 0
426061, 9433510, 0, 0
426061, 17143, 1, 0
427042, 12247412, 0, 0
427042, 17754, 1, 0
428070, 8997348, 0, 0
428159, 19273, 1, 0
429044, 9542452, 0, 0
429045, 19474, 1, 0
430019, 11310373, 0, 0
430019, 19697, 1, 0
431010, 11118654, 0, 0
431168, 20170, 1, 0
432008, 10070611, 0, 0
432008, 20328, 1, 0
433042, 12449994, 0, 0
433042, 18940, 1, 0
434070, 9162684, 0, 0
434070, 19486, 1, 0
435068, 12003159, 0, 0
435369, 17789, 1, 0
436031, 11055018, 0, 0
436031, 16191, 1, 0
437097, 10542288, 0, 0
437097, 17953, 1, 0
438051, 10251830, 0, 0
438052, 20777, 1, 0
439042, 10871811, 0, 0
439042, 20722, 1, 0
440007, 9932508, 0, 0
440007, 17523, 1, 0
441036, 9509215, 0, 0
441036, 17019, 1, 0
442073, 11265862, 0, 0
442074, 18412, 1, 0
443033, 11980431, 0, 0
443033, 17950, 1, 0
444081, 9691884, 0, 0
444104, 18378, 1, 0
445028, 7876511, 0, 0
445104, 17259, 1, 0
446072, 9218059, 0, 0
446072, 16802, 1, 0
447025, 9615281, 0, 0
447025, 19223, 1, 0
448013, 10380319, 0, 0
448013, 19697, 1, 0
449059, 11488195, 0, 0
449060, 20273, 1, 0
450054, 10241708, 0, 0
450054, 19983, 1, 0
451057, 10013509, 0, 0
451182, 47420, 1, 0
452061, 12223525, 0, 0
452061, 16352, 1, 0
453078, 9321421, 0, 0
453078, 18210, 1, 0
454008, 10440285, 0, 0
454097, 19391, 1, 0
455044, 9319705, 0, 0
455045, 18213, 1, 0
456032, 9480342, 0, 0
456032, 17895, 1, 0
457039, 10057691, 0, 0
457126, 16339, 1, 0
458080, 11551021, 0, 0
458080, 17995, 1, 0
459029, 10647435, 0, 0
459029, 21820, 1, 0
460029, 8463698, 0, 0
460030, 17890, 1, 0
461047, 10693944, 0, 0
461047, 19691, 1, 0
462089, 11191391, 0, 0
462089, 19183, 1, 0
463088, 11211714, 0, 0
463088, 17944, 1, 0
464067, 11781166, 0, 0
464067, 23442, 1, 0
465012, 9928828, 0, 0
465012, 17110, 1, 0
466057, 9936519, 0, 0
466057, 18178, 1, 0
467039, 8751842, 0, 0
467138, 18283, 1, 0
468028, 8986240, 0, 0
468029, 19162, 1, 0
469130, 9239926, 0, 0
469130, 37169, 1, 0
470063, 11948834, 0, 0
470064, 20828, 1, 0
471024, 9689580, 0, 0
471024, 19008, 1, 0
472021, 8966484, 0, 0
472021, 18457, 1, 0
473020, 10279975, 0, 0
473020, 18460, 1, 0
474040, 9887532, 0, 0
474118, 18797, 1, 0
475004, 9827397, 0, 0
475004, 21675, 1, 0
476032, 9160862, 0, 0
476108, 19905, 1, 0
477010, 9966452, 0, 0
477099, 19720, 1, 0
478046, 8837534, 0, 0
478046, 18402, 1, 0
479005, 9873741, 0, 0
479156, 17286, 1, 0
480012, 9670101, 0, 0
480099, 18686, 1, 0
481019, 8515809, 0, 0
481019, 18611, 1, 0
482039, 9256805, 0, 0
482039, 19411, 1, 0
483036, 9576690, 0, 0
483036, 18135, 1, 0
484018, 8991784, 0, 0
484035, 18504, 1, 0
485042, 10227950, 0, 0
485042, 17138, 1, 0
486058, 8896110, 0, 0
486058, 20943, 1, 0
487036, 14153322, 0, 0
487036, 25886, 1, 0
488059, 10012132, 0, 0
488059, 19323, 1, 0
489078, 9416885, 0, 0
489263, 17283, 1, 0
490101, 8303868, 0, 0
490101, 16736, 1, 0
491012, 17181178, 0, 0
491012, 23177, 1, 0
492024, 12030744, 0, 0
492024, 17266, 1, 0
493086, 11406034, 0, 0
493086, 18524, 1, 0
494082, 9298791, 0, 0
494082, 19952, 1, 0
495081, 8239259, 0, 0
495081, 19113, 1, 0
496039, 9758129, 0, 0
496039, 19518, 1, 0
497066, 11795967, 0, 0
497066, 17898, 1, 0
498020, 11079686, 0, 0
498020, 19994, 1, 0
499057, 10670641, 0, 0
499057, 20074, 1, 0
500043, 10477543, 0, 0
500043, 16718, 1, 0
501060, 8122077, 0, 0
501060, 19447, 1, 0
502036, 12024187, 0, 0
502036, 18513, 1, 0
503076, 9712422, 0, 0
503076, 21560, 1, 0
504042, 10046346, 0, 0
504042, 19291, 1, 0
505000, 13288390, 0, 0
505000, 20047, 1, 0
506025, 12490561, 0, 0
506025, 18827, 1, 0
507028, 11374949, 0, 0
507028, 17524, 1, 0
508047, 11843760, 0, 0
508246, 19057, 1, 0
509076, 11537923, 0, 0
509076, 29012, 1, 0
510056, 9598485, 0, 0
510057, 17465, 1, 0
511001, 9532061, 0, 0
511001, 20705, 1, 0
512084, 10398872, 0, 0
512085, 21022, 1, 0
513021, 9349078, 0, 0
513021, 19864, 1, 0
514071, 9121153, 0, 0
514071, 9924729, 1, 0
515124, 10244609, 0, 0
515124, 5709437, 1, 0
516007, 11114477, 0, 0
516007, 8405074, 1, 0
517012, 8903246, 0, 0
517012, 8451745, 1, 0
518069, 9203475, 0, 0
518069, 9122803, 1, 0
519075, 17333154, 1, 0
519075, 8658604, 0, 0
520012, 12926606, 0, 0
520012, 5375047, 1, 0
521017, 24490785, 1, 0
521017, 6192509, 0, 0
522023, 7767973, 1, 0
522023, 10496534, 0, 0
523027, 10339337, 0, 0
523027, 32099, 1, 0
524102, 10417346, 0, 0
524102, 3249544, 1, 0
525132, 9295865, 0, 0
525132, 18897178, 1, 0
526006, 10469988, 0, 0
526006, 8183900, 1, 0
527069, 8071756, 0, 0
527069, 8741989, 1, 0
528104, 14357965, 0, 0
528104, 20064, 1, 0
529042, 6456003, 0, 0
529042, 19755997, 1, 0
530031, 11688390, 0, 0
530110, 6890914, 1, 0
531020, 7616259, 0, 0
531020, 16007763, 1, 0
532044, 16747731, 1, 0
532044, 7130965, 0, 0
533009, 13009856, 0, 0
533009, 12046577, 1, 0
534005, 14743979, 1, 0
534005, 8788086, 0, 0
535033, 9137063, 0, 0
535033, 13888934, 1, 0
536003, 9350762, 0, 0
536080, 17541387, 1, 0
537096, 10822939, 0, 0
537096, 15019488, 1, 0
538062, 11357775, 0, 0
538062, 17356033, 1, 0
539117, 11421273, 0, 0
539201, 5895606, 1, 0
540040, 12468130, 0, 0
540040, 23480, 1, 0
541051, 22688004, 1, 0
541051, 9492413, 0, 0
542072, 10275308, 0, 0
542072, 3662343, 1, 0
543128, 10922774, 0, 0
543212, 3799198, 1, 0
544004, 10032937, 0, 0
544004, 9560583, 1, 0
545010, 9517231, 0, 0
545010, 15504076, 1, 0
546079, 9490155, 0, 0
546079, 9331043, 1, 0
547000, 16108150, 1, 0
547001, 6622046, 0, 0
548145, 11006337, 0, 0
548330, 8324644, 1, 0
549043, 14153687, 0, 0
549043, 6397985, 1, 0
550063, 7682045, 0, 0
550064, 13118468, 1, 0
551044, 13021799, 0, 0
551044, 12138278, 1, 0
552025, 10132043, 0, 0
552025, 10484010, 1, 0
553058, 10325884, 0, 0
553058, 5547248, 1, 0
554066, 11935331, 0, 0
554066, 7415509, 1, 0
555042, 12485168, 0, 0
555042, 6775740, 1, 0
556042, 16641364, 0, 0
556042, 30801, 1, 0
557028, 6944437, 0, 0
557028, 12594484, 1, 0
558049, 12414647, 0, 0
558049, 7598343, 1, 0
559096, 6570340, 0, 0
559096, 21147600, 1, 0
560097, 12654107, 0, 0
560097, 13415754, 1, 0
561019, 8702047, 0, 0
561020, 14733732, 1, 0
562004, 14048581, 0, 0
562004, 40498, 1, 0
563012, 10147201, 0, 0
563012, 9736128, 1, 0
564107, 30387658, 1, 0
564107, 12471489, 0, 0
565051, 12978711, 0, 0
565051, 2402531, 1, 0
566111, 13037647, 1, 0
566112, 11605248, 0, 0
567073, 11288552, 0, 0
567073, 14476767, 1, 0
568006, 8461837, 0, 0
568087, 8068059, 1, 0
569062, 12333355, 0, 0
569062, 2965280, 1, 0
570026, 10705203, 0, 0
570240, 7922259, 1, 0
571001, 15460991, 0, 0
571005, 23040, 1, 0
572036, 12186622, 1, 0
572036, 9849359, 0, 0
573051, 13485722, 0, 0
573052, 2186588, 1, 0
574125, 19441886, 1, 0
574125, 6988793, 0, 0
575032, 12067052, 0, 0
575032, 3877192, 1, 0
576079, 8999125, 0, 0
576079, 12237467, 1, 0
577064, 8978025, 0, 0
577064, 10677461, 1, 0
578070, 10712868, 0, 0
578070, 12584192, 1, 0
579008, 11989505, 0, 0
579008, 6968585, 1, 0
580059, 17136342, 1, 0
580059, 7565656, 0, 0
581022, 10269040, 0, 0
581022, 7787435, 1, 0
582015, 15710406, 1, 0
582015, 8426601, 0, 0
583066, 16412019, 0, 0
583066, 22367, 1, 0
584042, 15327414, 1, 0
584042, 8310600, 0, 0
585051, 9363067, 0, 0
585139, 14244520, 1, 0
586101, 13748696, 1, 0
586101, 6065039, 0, 0
587112, 13226295, 0, 0
587343, 9851033, 1, 0
588045, 11000429, 0, 0
588045, 9626719, 1, 0
589016, 11338031, 0, 0
589016, 10170141, 1, 0
590056, 8961362, 0, 0
590226, 14923883, 1, 0
591009, 11499545, 0, 0
591009, 3563004, 1, 0
592107, 14373754, 0, 0
592107, 4645703, 1, 0
593001, 11688328, 1, 0
593001, 8678093, 0, 0
594029, 9386424, 1, 0
594029, 10533514, 0, 0
595090, 11812400, 0, 0
595090, 15564164, 1, 0
596041, 7381656, 0, 0
596212, 12613385, 1, 0
597086, 14213132, 1, 0
597086, 9757700, 0, 0
598005, 9625095, 0, 0
598005, 10517428, 1, 0
599015, 8420806, 0, 0
599054, 5926698, 1, 0
600066, 9116488, 1, 0
600066, 9536455, 0, 0
601077, 9336995, 1, 0
601077, 9359558, 0, 0
602007, 9948313, 0, 0
602008, 8175470, 1, 0
603070, 14367542, 0, 0
603070, 4727969, 1, 0
604093, 14852885, 0, 0
604094, 9100857, 1, 0
605004, 6552599, 1, 0
605004, 10431344, 0, 0
606069, 10505145, 0, 0
606146, 6754087, 1, 0
607010, 10153723, 0, 0
607010, 6139506, 1, 0
608078, 7121971, 0, 0
608167, 20633961, 1, 0
609035, 8462645, 0, 0
609035, 12462628, 1, 0
610016, 10136757, 0, 0
610142, 4083373, 1, 0
611068, 17189704, 1, 0
611068, 11881620, 0, 0
612060, 8608338, 0, 0
612060, 5347995, 1, 0
613054, 8112663, 1, 0
613054, 10626223, 0, 0
614013, 11314866, 0, 0
614100, 10586751, 1, 0
615044, 10365691, 1, 0
615044, 7790901, 0, 0
616040, 10456292, 0, 0
616041, 8352521, 1, 0
617083, 10740552, 0, 0
617102, 11245510, 1, 0
618030, 7774091, 1, 0
618030, 9240972, 0, 0
619051, 7389778, 0, 0
619051, 7958235, 1, 0
620003, 7057733, 1, 0
620003, 12030514, 0, 0
621058, 8361876, 0, 0
621058, 17209719, 1, 0
622044, 9970353, 0, 0
622044, 9341923, 1, 0
623071, 13737208, 1, 0
623072, 8815758, 0, 0
624017, 11669168, 0, 0
624017, 11027854, 1, 0
625111, 8490041, 0, 0
625111, 17623177, 1, 0
626062, 12672107, 0, 0
626062, 20653, 1, 0
627052, 15766105, 1, 0
627052, 10674784, 0, 0
628037, 9620130, 1, 0
628038, 10650922, 0, 0
629136, 9828411, 0, 0
629136, 13719855, 1, 0
630004, 10289840, 0, 0
630004, 10501479, 1, 0
631012, 7465432, 0, 0
631012, 9381682, 1, 0
632021, 13361811, 0, 0
632021, 3648932, 1, 0
633031, 10652432, 0, 0
633031, 5199886, 1, 0
634083, 13377599, 0, 0
634083, 8238524, 1, 0
635138, 9050218, 0, 0
635138, 15835740, 1, 0
636059, 12499344, 1, 0
636059, 8131720, 0, 0
637060, 15301388, 0, 0
637060, 13375649, 1, 0
638038, 10346802, 0, 0
638038, 16391606, 1, 0
639041, 7909585, 0, 0
639041, 14460999, 1, 0
640039, 18529282, 1, 0
640039, 6854489, 0, 0
641078, 8278956, 1, 0
641078, 8864099, 0, 0
642033, 9409256, 0, 0
642033, 15751062, 1, 0
643108, 14961469, 1, 0
643108, 7620693, 0, 0
644080, 11283704, 0, 0
644080, 2406611, 1, 0
645073, 10597065, 0, 0
645245, 3839049, 1, 0
646035, 24626015, 1, 0
646035, 6835792, 0, 0
647009, 12922653, 1, 0
647009, 8121757, 0, 0
648002, 6686870, 0, 0
648002, 24667419, 1, 0
649019, 7514759, 0, 0
649019, 15989552, 1, 0
650044, 5613848, 1, 0
650044, 10398498, 0, 0
651042, 30663413, 1, 0
651042, 13628273, 0, 0
652018, 12896975, 1, 0
652018, 8914385, 0, 0
653074, 9260327, 1, 0
653074, 10550654, 0, 0
654016, 6115515, 0, 0
654016, 20797476, 1, 0
655023, 11048369, 0, 0
655023, 3106742, 1, 0
656049, 12497036, 0, 0
656049, 35605, 1, 0
657036, 8732448, 1, 0
657036, 9988587, 0, 0
658034, 10081832, 0, 0
658034, 5776333, 1, 0
659041, 12031939, 0, 0
659273, 6390763, 1, 0
660097, 13310230, 0, 0
660202, 13484396, 1, 0
661027, 7767698, 0, 0
661027, 16126506, 1, 0
662058, 7111623, 1, 0
662058, 11250148, 0, 0
663035, 9992507, 0, 0
663263, 17607020, 1, 0
664015, 9297177, 1, 0
664015, 9019990, 0, 0
665063, 7924302, 0, 0
665063, 14366711, 1, 0
666094, 8004327, 0, 0
666195, 19901299, 1, 0
667039, 8003380, 1, 0
667039, 11107890, 0, 0
668067, 6780197, 0, 0
668165, 13768217, 1, 0
669066, 11704948, 0, 0
669153, 9058260, 1, 0
670148, 17124804, 0, 0
670148, 40327, 1, 0
671062, 30502859, 1, 0
671062, 10309924, 0, 0
672146, 20725930, 1, 0
672146, 8616912, 0, 0
673044, 9470876, 0, 0
673044, 7413618, 1, 0
674072, 11662697, 0, 0
674168, 2592762, 1, 0
675018, 12524690, 1, 0
675018, 8081125, 0, 0
676042, 9528616, 0, 0
676042, 10296924, 1, 0
677030, 8305124, 0, 0
677030, 18211457, 1, 0
678068, 4784827, 1, 0
678068, 10616653, 0, 0
679028, 6706665, 0, 0
679028, 10985319, 1, 0
680008, 8010781, 0, 0
680008, 9275635, 1, 0
681019, 13117609, 0, 0
681094, 14075122, 1, 0
682009, 10087893, 1, 0
682009, 8791399, 0, 0
683070, 37335668, 1, 0
683071, 4450313, 0, 0
684055, 9042611, 0, 0
684055, 16779599, 1, 0
685007, 9056658, 0, 0
685007, 16061150, 1, 0
686000, 11173541, 1, 0
686058, 8683771, 0, 0
687093, 8632468, 0, 0
687093, 16854104, 1, 0
688043, 18845784, 1, 0
688043, 6592171, 0, 0
689009, 6222868, 0, 0
689009, 29529592, 1, 0
690053, 10031217, 0, 0
690053, 12323250, 1, 0
691057, 9623190, 0, 0
691057, 10234366, 1, 0
692002, 8561196, 0, 0
692083, 38848014, 1, 0
693013, 11122778, 0, 0
693014, 3268368, 1, 0
694063, 8449343, 0, 0
694162, 13550720, 1, 0
695026, 14990187, 0, 0
695026, 9021771, 1, 0
696057, 11132865, 0, 0
696126, 8711945, 1, 0
697006, 9887357, 0, 0
697006, 5468071, 1, 0
698030, 11923434, 0, 0
698061, 17189537, 1, 0
699043, 14821360, 0, 0
699043, 7718449, 1, 0
700010, 17672080, 1, 0
700010, 10442301, 0, 0
701038, 9147827, 0, 0
701038, 9774352, 1, 0
702010, 10938769, 0, 0
702010, 5076565, 1, 0
703011, 15033583, 1, 0
703011, 9552817, 0, 0
704000, 11137680, 0, 0
704098, 6773121, 1, 0
705030, 20068959, 1, 0
705030, 6784586, 0, 0
706060, 8169475, 0, 0
706193, 23519650, 1, 0
707063, 9751162, 0, 0
707115, 4730001, 1, 0
708064, 10699282, 0, 0
708064, 8687337, 1, 0
709051, 4897985, 1, 0
709051, 12727829, 0, 0
710142, 19847497, 1, 0
710142, 6596097, 0, 0
711012, 7964547, 0, 0
711012, 14569998, 1, 0
712052, 31334969, 1, 0
712052, 8006989, 0, 0
713045, 8095275, 0, 0
713045, 8808476, 1, 0
714074, 7945589, 0, 0
714189, 11885553, 1, 0
715053, 8984730, 0, 0
715121, 12453526, 1, 0
716006, 10229863, 0, 0
716006, 9651903, 1, 0
717051, 10946440, 1, 0
717051, 9271896, 0, 0
718082, 9406360, 0, 0
718082, 8621919, 1, 0
719068, 9459583, 0, 0
719068, 9053468, 1, 0
720049, 10897939, 1, 0
720049, 8620045, 0, 0
721032, 9279340, 0, 0
721091, 7774563, 1, 0
722004, 8030062, 0, 0
722108, 9417626, 1, 0
723004, 9533708, 1, 0
723004, 11355664, 0, 0
724022, 9885164, 0, 0
724022, 7528375, 1, 0
725000, 7034658, 0, 0
725001, 16515804, 1, 0
726031, 10608160, 0, 0
726031, 26387, 1, 0
727036, 20445146, 1, 0
727036, 8946706, 0, 0
728054, 4958741, 0, 0
728054, 18438430, 1, 0
729030, 12275789, 1, 0
729030, 10216301, 0, 0
730037, 21066206, 1, 0
730037, 7398891, 0, 0
731084, 11154178, 0, 0
731085, 10580666, 1, 0
732025, 7795827, 0, 0
732025, 15008160, 1, 0
733098, 9321156, 1, 0
733098, 19246693, 0, 0
734072, 10787318, 0, 0
734072, 3031538, 1, 0
735053, 7537264, 0, 0
735053, 17147906, 1, 0
736008, 14765551, 1, 0
736008, 11236868, 0, 0
737114, 9895500, 0, 0
737114, 14654124, 1, 0
738041, 5927965, 1, 0
738041, 12802889, 0, 0
739044, 9869043, 0, 0
739044, 5613852, 1, 0
740031, 9931260, 0, 0
740031, 10448143, 1, 0
741071, 9673959, 0, 0
741071, 11132104, 1, 0
742002, 8719298, 0, 0
742002, 6977836, 1, 0
743039, 28500056, 1, 0
743039, 4430338, 0, 0
744075, 14258227, 1, 0
744075, 10246702, 0, 0
745019, 12634248, 0, 0
745019, 8581823, 1, 0
746034, 8689864, 0, 0
746034, 13352741, 1, 0
747069, 13153108, 0, 0
747070, 2193832, 1, 0
748030, 26654644, 1, 0
748030, 10260087, 0, 0
749037, 9222230, 0, 0
749037, 8140714, 1, 0
750026, 17948497, 1, 0
750026, 8743094, 0, 0
751066, 20333583, 1, 0
751066, 6984694, 0, 0
752074, 6803920, 0, 0
752164, 13653621, 1, 0
753067, 7250810, 0, 0
753067, 15185583, 1, 0
754030, 8459923, 0, 0
754030, 15302883, 1, 0
755031, 6601129, 0, 0
755169, 18683172, 1, 0
756045, 11487509, 0, 0
756045, 11649803, 1, 0
757047, 9036007, 0, 0
757047, 14953143, 1, 0
758071, 6674714, 0, 0
758071, 16183368, 1, 0
759041, 29702643, 1, 0
759041, 5024566, 0, 0
760022, 5208929, 1, 0
760022, 10671492, 0, 0
761046, 7691293, 0, 0
761046, 6669148, 1, 0
762123, 11717352, 0, 0
762123, 2945562, 1, 0
763032, 10780456, 0, 0
763033, 13533369, 1, 0
764011, 7539547, 0, 0
764011, 18336639, 1, 0
765059, 8739182, 0, 0
765059, 5561568, 1, 0
766040, 10138540, 1, 0
766040, 8003070, 0, 0
767000, 10011290, 0, 0
767000, 8455985, 1, 0
768076, 10984390, 0, 0
768076, 1789223, 1, 0
769065, 7558811, 0, 0
769065, 9890670, 1, 0
770043, 10532784, 0, 0
770043, 3722996, 1, 0
771013, 11217750, 0, 0
771079, 7678204, 1, 0
772069, 6880388, 0, 0
772188, 16000686, 1, 0
773015, 10759740, 0, 0
773204, 12680434, 1, 0
774025, 7360733, 0, 0
774025, 15632487, 1, 0
775093, 9339397, 0, 0
775186, 11859342, 1, 0
776044, 10614992, 0, 0
776044, 6550093, 1, 0
777126, 8801349, 0, 0
777126, 7200648, 1, 0
778002, 10022301, 0, 0
778002, 15779853, 1, 0
779081, 9541284, 0, 0
779081, 4548458, 1, 0
780018, 5341134, 0, 0
780018, 18953118, 1, 0
781073, 8257089, 0, 0
781073, 24599899, 1, 0
782021, 8281001, 0, 0
782132, 9566801, 1, 0
783069, 10681137, 0, 0
783069, 5371606, 1, 0
784041, 12025290, 0, 0
784041, 8350277, 1, 0
785040, 8599821, 0, 0
785040, 14536627, 1, 0
786041, 6044792, 0, 0
786041, 15458652, 1, 0
787044, 9772058, 0, 0
787044, 12447759, 1, 0
788048, 10272443, 0, 0
788048, 8262924, 1, 0
789017, 8149949, 0, 0
789017, 14366564, 1, 0
790021, 9606998, 0, 0
790139, 9337169, 1, 0
791039, 9762706, 0, 0
791039, 3202025, 1, 0
792004, 12204994, 1, 0
792005, 7630406, 0, 0
793011, 10179315, 0, 0
793011, 5780269, 1, 0
794112, 12181960, 0, 0
794112, 9975625, 1, 0
795024, 14649559, 0, 0
795024, 226576, 1, 0
796048, 12585216, 0, 0
796125, 17170305, 1, 0
797106, 15438935, 0, 0
797106, 4304004, 1, 0
798076, 10266228, 0, 0
798076, 1677026, 1, 0
799107, 7484250, 0, 0
799162, 8160637, 1, 0
800026, 7735157, 0, 0
800026, 19438582, 1, 0
801062, 9937875, 0, 0
801283, 6054566, 1, 0
802083, 13267772, 1, 0
802083, 9553001, 0, 0
803011, 15199314, 1, 0
803011, 11127543, 0, 0
804138, 28899684, 1, 0
804138, 6882002, 0, 0
805001, 9299481, 0, 0
805114, 6306723, 1, 0
806053, 14803509, 0, 0
806053, 28745, 1, 0
807018, 10455172, 1, 0
807018, 8826754, 0, 0
808022, 11023272, 0, 0
808099, 3364228, 1, 0
809058, 27147456, 1, 0
809058, 4604886, 0, 0
810026, 8372154, 0, 0
810026, 12178846, 1, 0
811001, 12277439, 0, 0
811001, 5753083, 1, 0
812000, 9448778, 0, 0
812000, 12161115, 1, 0
813034, 11338680, 0, 0
813090, 4018995, 1, 0
814048, 11346675, 0, 0
814048, 6406957, 1, 0
815056, 9488380, 0, 0
815056, 6960690, 1, 0
816062, 13818076, 0, 0
816062, 4228525, 1, 0
817016, 10625983, 0, 0
817016, 5124923, 1, 0
818057, 8949791, 0, 0
818057, 8625907, 1, 0
819059, 11180958, 1, 0
819059, 8097751, 0, 0
820023, 13474950, 1, 0
820024, 9966389, 0, 0
821063, 10565084, 0, 0
821063, 4190632, 1, 0
822013, 13028982, 0, 0
822013, 4714954, 1, 0
823006, 23394607, 1, 0
823006, 8174237, 0, 0
824006, 4934840, 1, 0
824006, 8432646, 0, 0
825035, 8832473, 1, 0
825035, 9368939, 0, 0
826042, 6861485, 0, 0
826042, 15530455, 1, 0
827049, 9816300, 0, 0
827049, 14530784, 1, 0
828072, 9438915, 0, 0
828072, 14681721, 1, 0
829049, 11033409, 0, 0
829049, 6234477, 1, 0
830032, 11686277, 0, 0
830032, 4723614, 1, 0
831066, 13236008, 0, 0
831066, 32773, 1, 0
832105, 10533770, 0, 0
832105, 6662235, 1, 0
833107, 10161544, 0, 0
833107, 13255520, 1, 0
834142, 13057983, 0, 0
834142, 9430630, 1, 0
835068, 8552331, 0, 0
835068, 17654662, 1, 0
836080, 7756896, 0, 0
836080, 19329210, 1, 0
837030, 12760999, 0, 0
837030, 5232885, 1, 0
838015, 11176296, 0, 0
838015, 37536, 1, 0
839045, 16367647, 1, 0
839045, 7769455, 0, 0
840006, 8923793, 0, 0
840081, 20998225, 1, 0
841013, 9391357, 0, 0
841014, 8197278, 1, 0
842063, 11569313, 1, 0
842063, 7239615, 0, 0
843052, 5297621, 0, 0
843052, 24544916, 1, 0
844003, 13264779, 1, 0
844003, 6729617, 0, 0
845065, 11977589, 0, 0
845189, 12566703, 1, 0
846001, 9090358, 0, 0
846001, 4904245, 1, 0
847028, 6141923, 1, 0
847028, 9095814, 0, 0
848007, 11905662, 0, 0
848007, 11475293, 1, 0
849067, 11165690, 0, 0
849067, 8965341, 1, 0
850040, 16776715, 1, 0
850040, 8188021, 0, 0
851046, 11097090, 0, 0
851046, 5652269, 1, 0
852030, 7840987, 0, 0
852030, 17602939, 1, 0
853048, 10862561, 0, 0
853048, 4444452, 1, 0
854093, 9074550, 0, 0
854093, 15030477, 1, 0
855078, 18596163, 1, 0
855078, 10605545, 0, 0
856042, 9475493, 0, 0
856042, 14022783, 1, 0
857038, 8359539, 0, 0
857038, 7733198, 1, 0
858018, 9523673, 0, 0
858018, 7997408, 1, 0
859053, 16663913, 1, 0
859053, 12793707, 0, 0
860032, 8425573, 0, 0
860032, 708035, 1, 0
861037, 32433925, 1, 0
861037, 11031953, 0, 0
862071, 24183298, 1, 0
862071, 9836038, 0, 0
863072, 14241730, 1, 0
863072, 9791225, 0, 0
864000, 10487123, 0, 0
864000, 7167703, 1, 0
865044, 9644082, 0, 0
865045, 10992701, 1, 0
866024, 12446656, 1, 0
866024, 8668034, 0, 0
867025, 8292902, 0, 0
867025, 13891610, 1, 0
868084, 9308171, 0, 0
868084, 15833779, 1, 0
869010, 15379053, 1, 0
869010, 10444167, 0, 0
870023, 10465849, 0, 0
870023, 6582964, 1, 0
871000, 10451242, 0, 0
871000, 4285703, 1, 0
872079, 12417611, 0, 0
872079, 8221981, 1, 0
873003, 9013930, 1, 0
873003, 7860255, 0, 0
874025, 7195183, 0, 0
874026, 13356880, 1, 0
875072, 8940503, 0, 0
875154, 21684566, 1, 0
876018, 6772907, 0, 0
876126, 13746699, 1, 0
877037, 9850188, 0, 0
877037, 5589616, 1, 0
878020, 13776453, 1, 0
878020, 8327802, 0, 0
879042, 9429680, 0, 0
879042, 10250709, 1, 0
880030, 11889586, 0, 0
880031, 41774, 1, 0
881040, 11668970, 0, 0
881041, 6073106, 1, 0
882076, 10468985, 0, 0
882076, 17321165, 1, 0
883060, 10023536, 0, 0
883060, 17626151, 1, 0
884101, 8775829, 1, 0
884101, 10399019, 0, 0
885000, 6087978, 0, 0
885071, 16316916, 1, 0
886177, 9672651, 0, 0
886177, 16193366, 1, 0
887079, 11899152, 0, 0
887079, 17172542, 1, 0
888051, 8862908, 0, 0
888051, 11004222, 1, 0
889069, 14740495, 0, 0
889175, 25759, 1, 0
890047, 6330642, 0, 0
890047, 25859829, 1, 0
891011, 9112420, 0, 0
891011, 8586327, 1, 0
892101, 15581200, 0, 0
892101, 16470377, 1, 0
893131, 15924807, 1, 0
893131, 8724174, 0, 0
894041, 8390807, 0, 0
894041, 19706242, 1, 0
895013, 12677630, 1, 0
895013, 7707899, 0, 0
896036, 7304095, 0, 0
896037, 12835781, 1, 0
897043, 10203362, 0, 0
897192, 2409420, 1, 0
898003, 8548103, 0, 0
898003, 13136409, 1, 0
899032, 10001443, 0, 0
899032, 8700157, 1, 0
900011, 9459872, 0, 0
900114, 10729419, 1, 0
901098, 9600765, 0, 0
901098, 19278380, 1, 0
902078, 12415692, 0, 0
902079, 14425835, 1, 0
903093, 11279610, 1, 0
903093, 9651058, 0, 0
904014, 11244261, 0, 0
904014, 3876003, 1, 0
905016, 9505332, 0, 0
905017, 11802356, 1, 0
906049, 6666930, 0, 0
906165, 23499522, 1, 0
907016, 9072023, 0, 0
907016, 7606686, 1, 0
908024, 14886201, 0, 0
908024, 3405049, 1, 0
909011, 8493665, 0, 0
909065, 14470735, 1, 0
910020, 12453450, 0, 0
910020, 6440775, 1, 0
911011, 9688130, 0, 0
911115, 10845557, 1, 0
912003, 10190002, 0, 0
912003, 12105717, 1, 0
913004, 9052883, 0, 0
913004, 8019428, 1, 0
914024, 8449125, 0, 0
914024, 11531365, 1, 0
915004, 17146742, 1, 0
915008, 11241693, 0, 0
916039, 11850424, 0, 0
916039, 4298153, 1, 0
917029, 11874287, 0, 0
917029, 8065955, 1, 0
918005, 10090520, 0, 0
918005, 7914744, 1, 0
919041, 8492412, 0, 0
919122, 27295314, 1, 0
920027, 8611424, 0, 0
920027, 4090492, 1, 0
921072, 13337898, 0, 0
921137, 4415904, 1, 0
922004, 12711695, 0, 0
922004, 12111977, 1, 0
923003, 7159194, 0, 0
923003, 11672035, 1, 0
924039, 9589200, 0, 0
924039, 6106685, 1, 0
925083, 11636326, 0, 0
925084, 11468488, 1, 0
926017, 16238494, 0, 0
926017, 7549979, 1, 0
927033, 11233390, 0, 0
927155, 14819216, 1, 0
928032, 10376526, 1, 0
928032, 15425219, 0, 0
929044, 12020441, 0, 0
929044, 14154561, 1, 0
930026, 8638148, 0, 0
930026, 6884548, 1, 0
931074, 8532372, 0, 0
931074, 17376060, 1, 0
932001, 10821528, 0, 0
932083, 10923772, 1, 0
933042, 9325301, 0, 0
933148, 16205141, 1, 0
934032, 10606581, 0, 0
934140, 6704389, 1, 0
935106, 9230885, 0, 0
935306, 12411639, 1, 0
936112, 23579582, 1, 0
936112, 10331329, 0, 0
937009, 7394294, 1, 0
937009, 11397453, 0, 0
938069, 6044504, 1, 0
938069, 11819910, 0, 0
939115, 9293462, 0, 0
939115, 10870959, 1, 0
940049, 9113395, 0, 0
940049, 10482431, 1, 0
941019, 7918227, 0, 0
941020, 14042827, 1, 0
942089, 10101316, 0, 0
942089, 9161840, 1, 0
943066, 11165571, 0, 0
943159, 16273802, 1, 0
944006, 9451544, 0, 0
944006, 8713213, 1, 0
945031, 11743464, 0, 0
945031, 7780687, 1, 0
946115, 9981945, 0, 0
946115, 10147316, 1, 0
947037, 11596885, 0, 0
947037, 6953493, 1, 0
948032, 5760972, 1, 0
948032, 10437886, 0, 0
949068, 10259385, 0, 0
949069, 12037751, 1, 0
950010, 18756268, 1, 0
950010, 7212444, 0, 0
951035, 10062032, 0, 0
951035, 9486191, 1, 0
952018, 14023864, 0, 0
952047, 36925, 1, 0
953030, 5597335, 1, 0
953030, 9689207, 0, 0
954083, 13734077, 0, 0
954083, 3112289, 1, 0
955003, 4740450, 1, 0
955003, 10174750, 0, 0
956028, 8912047, 0, 0
956028, 12372288, 1, 0
957065, 9750467, 0, 0
957065, 13927534, 1, 0
958035, 10339078, 0, 0
958035, 9643354, 1, 0
959056, 19101199, 1, 0
959057, 13093596, 0, 0
960113, 14394317, 0, 0
960113, 8111563, 1, 0
961026, 10135992, 0, 0
961026, 13656256, 1, 0
962074, 9085950, 0, 0
962074, 22600706, 1, 0
963018, 7880981, 0, 0
963018, 3333062, 1, 0
964024, 9359900, 1, 0
964025, 6731290, 0, 0
965042, 9707589, 0, 0
965043, 12149890, 1, 0
966008, 9508861, 0, 0
966009, 11167831, 1, 0
967099, 9632883, 0, 0
967099, 8668740, 1, 0
968008, 9658374, 0, 0
968008, 5621188, 1, 0
969070, 14955044, 1, 0
969070, 8568048, 0, 0
970016, 7290703, 0, 0
970075, 17591716, 1, 0
971001, 9784519, 0, 0
971002, 7544117, 1, 0
972053, 8055733, 0, 0
972053, 14397950, 1, 0
973077, 8873535, 0, 0
973077, 8164738, 1, 0
974035, 5199949, 0, 0
974123, 24985082, 1, 0
975062, 9234246, 0, 0
975062, 4986180, 1, 0
976080, 32668025, 1, 0
976080, 5899416, 0, 0
977059, 9162464, 0, 0
977060, 5022334, 1, 0
978046, 9810177, 0, 0
978046, 3044777, 1, 0
979063, 13544482, 0, 0
979063, 30737, 1, 0
980091, 8822408, 0, 0
980154, 7647045, 1, 0
981043, 10388302, 0, 0
981064, 11494735, 1, 0
982016, 14226727, 0, 0
982140, 21696688, 1, 0
983013, 8632882, 0, 0
983014, 13260002, 1, 0
984016, 14302158, 0, 0
984058, 34775, 1, 0
985060, 8927380, 0, 0
985060, 21664696, 1, 0
986015, 7390270, 0, 0
986015, 5691936, 1, 0
987012, 15677848, 0, 0
987012, 3747199, 1, 0
988016, 9613058, 0, 0
988016, 12846553, 1, 0
989062, 13927886, 0, 0
989062, 33752, 1, 0
990017, 7306897, 0, 0
990017, 9089319, 1, 0
991034, 12225685, 0, 0
991034, 36461, 1, 0
992028, 13107647, 1, 0
992028, 9225054, 0, 0
993073, 7782775, 0, 0
993073, 13044617, 1, 0
994041, 11206416, 1, 0
994041, 9058827, 0, 0
995000, 24349135, 1, 0
995000, 7563633, 0, 0
996018, 9252815, 0, 0
996018, 9626293, 1, 0
997076, 8537398, 1, 0
997076, 10603051, 0, 0
998071, 8655622, 0, 0
998154, 13284972, 1, 0
999044, 11246805, 0, 0
999044, 35666, 1, 0
1000007, 10745220, 0, 0
1000008, 5441391, 1, 0
1001055, 9347912, 0, 0
1001055, 20087801, 1, 0
1002011, 11858343, 0, 0
1002076, 15475485, 1, 0
1003014, 8268813, 0, 0
1003203, 7114238, 1, 0
1004066, 12157050, 0, 0
1004066, 9457502, 1, 0
1005080, 7108838, 0, 0
1005080, 24488899, 1, 0
1006065, 11155528, 0, 0
1006065, 8339489, 1, 0
1007072, 16531984, 1, 0
1007072, 9825966, 0, 0
1008156, 12304266, 0, 0
1008156, 34379, 1, 0
1009004, 6911095, 0, 0
1009004, 20035282, 1, 0
1010052, 10533403, 0, 0
1010052, 9578179, 1, 0
1011019, 7927016, 1, 0
1011019, 8838430, 0, 0
1012068, 9371112, 0, 0
1012068, 14005106, 1, 0
1013077, 7649108, 0, 0
1013078, 16519953, 1, 0
1014047, 12376452, 1, 0
1014048, 9487029, 0, 0
1015078, 6730304, 0, 0
1015079, 15715233, 1, 0
1016062, 6785284, 0, 0
1016062, 14890577, 1, 0
1017023, 7310458, 0, 0
1017023, 22540587, 1, 0
1018011, 9698892, 0, 0
1018012, 8351827, 1, 0
1019037, 8122216, 0, 0
1019037, 14079219, 1, 0
1020082, 9870411, 0, 0
1020082, 9464368, 1, 0
1021106, 14678677, 0, 0
1021106, 5589205, 1, 0
1022072, 13808177, 1, 0
1022072, 10133329, 0, 0
1023027, 9072000, 0, 0
1023053, 11841495, 1, 0
1024076, 8204129, 0, 0
1024076, 10121643, 1, 0
1025033, 9413197, 0, 0
1025033, 8419177, 1, 0
1026043, 9818006, 0, 0
1026043, 5951267, 1, 0
1027039, 10900908, 0, 0
1027039, 6620474, 1, 0
1028084, 6946956, 1, 0
1028084, 9046038, 0, 0
1029084, 10527286, 0, 0
1029084, 11180921, 1, 0
1030026, 10058884, 0, 0
1030026, 5070419, 1, 0
1031016, 8855339, 0, 0
1031113, 6906457, 1, 0
1032024, 13088212, 1, 0
1032024, 10602006, 0, 0
1033078, 12406400, 1, 0
1033078, 7261067, 0, 0
1034004, 10144944, 0, 0
1034073, 12101681, 1, 0
1035008, 7838540, 0, 0
1035008, 5935475, 1, 0
1036034, 7135634, 0, 0
1036034, 18006693, 1, 0
1037085, 10035735, 0, 0
1037085, 7594764, 1, 0
1038012, 20062287, 1, 0
1038012, 5850755, 0, 0
1039118, 7658615, 0, 0
1039119, 13653614, 1, 0
1040133, 10416843, 0, 0
1040133, 10597411, 1, 0
1041015, 19352105, 1, 0
1041015, 4905897, 0, 0
1042019, 10191794, 0, 0
1042019, 3902858, 1, 0
1043018, 8660922, 0, 0
1043019, 12048409, 1, 0
1044022, 17854424, 1, 0
1044022, 8525976, 0, 0
1045070, 9598301, 0, 0
1045070, 35464, 1, 0
1046013, 10246146, 0, 0
1046298, 12370850, 1, 0
1047017, 12447911, 0, 0
1047017, 4865762, 1, 0
1048103, 16934694, 1, 0
1048103, 6555277, 0, 0
1049116, 8981795, 0, 0
1049116, 11586483, 1, 0
1050001, 9799691, 0, 0
1050102, 12672917, 1, 0
1051008, 9411826, 0, 0
1051008, 10472080, 1, 0
1052010, 9430538, 0, 0
1052010, 56473, 1, 0
1053040, 18661168, 1, 0
1053040, 8516249, 0, 0
1054057, 9303769, 0, 0
1054057, 8324644, 1, 0
1055048, 11089699, 0, 0
1055048, 6705990, 1, 0
1056077, 7780492, 0, 0
1056078, 9625002, 1, 0
1057023, 8320648, 0, 0
1057177, 25374589, 1, 0
1058001, 8400978, 0, 0
1058001, 9437525, 1, 0
1059024, 17149325, 1, 0
1059024, 9969922, 0, 0
1060029, 7905890, 0, 0
1060030, 15010624, 1, 0
1061060, 9068325, 0, 0
1061060, 9335154, 1, 0
1062042, 13922611, 1, 0
1062042, 9900310, 0, 0
1063035, 13078903, 1, 0
1063035, 9713509, 0, 0
1064086, 7303116, 0, 0
1064086, 19587008, 1, 0
1065041, 6574253, 1, 0
1065041, 8869737, 0, 0
1066058, 21742159, 1, 0
1066058, 7273177, 0, 0
1067088, 9694711, 0, 0
1067177, 15253868, 1, 0
1068072, 9308635, 0, 0
1068072, 5979139, 1, 0
1069063, 12355221, 1, 0
1069063, 8748491, 0, 0
1070040, 11755200, 0, 0
1070143, 32119, 1, 0
1071138, 9977233, 0, 0
1071138, 9952749, 1, 0
1072071, 10338622, 0, 0
1072071, 11555486, 1, 0
1073028, 7472838, 0, 0
1073029, 15686758, 1, 0
1074024, 10843353, 0, 0
1074024, 4969239, 1, 0
1075040, 15350791, 1, 0
1075040, 7188008, 0, 0
1076063, 13623555, 0, 0
1076063, 25178, 1, 0
1077013, 11427982, 0, 0
1077013, 6353690, 1, 0
1078032, 5243023, 1, 0
1078032, 11783803, 0, 0
1079040, 9789350, 0, 0
1079040, 8176811, 1, 0
1080004, 11463179, 0, 0
1080004, 20690, 1, 0
1081050, 6412308, 0, 0
1081050, 16272242, 1, 0
1082045, 7623345, 0, 0
1082046, 11283613, 1, 0
1083084, 6763700, 0, 0
1083084, 14130844, 1, 0
1084053, 12588022, 0, 0
1084053, 13443209, 1, 0
1085008, 12776454, 0, 0
1085008, 3125434, 1, 0
1086037, 9170490, 0, 0
1086037, 12168379, 1, 0
1087064, 9806340, 0, 0
1087064, 7773181, 1, 0
1088035, 19596914, 1, 0
1088035, 7725266, 0, 0
1089021, 8507367, 0, 0
1089021, 16918693, 1, 0
1090100, 9863843, 0, 0
1090101, 3623817, 1, 0
1091089, 7356904, 0, 0
1091089, 15943282, 1, 0
1092098, 11916352, 0, 0
1092099, 8892089, 1, 0
1093039, 12230758, 1, 0
1093039, 8131807, 0, 0
1094021, 6485858, 0, 0
1094021, 18293522, 1, 0
1095001, 11009687, 0, 0
1095001, 5479880, 1, 0
1096055, 9016931, 0, 0
1096156, 7707692, 1, 0
1097079, 9229628, 0, 0
1097079, 8676007, 1, 0
1098074, 7417278, 0, 0
1098074, 18548780, 1, 0
1099113, 13927093, 1, 0
1099113, 10036069, 0, 0
1100097, 12169438, 0, 0
1100097, 9177414, 1, 0
1101065, 9535008, 0, 0
1101065, 5511163, 1, 0
1102041, 7312443, 0, 0
1102041, 18045350, 1, 0
1103029, 14149616, 1, 0
1103029, 7765453, 0, 0
1104028, 9176421, 0, 0
1104028, 15316741, 1, 0
1105076, 8923823, 0, 0
1105076, 7185821, 1, 0
1106055, 6104210, 0, 0
1106166, 18685556, 1, 0
1107083, 7614831, 0, 0
1107083, 16184260, 1, 0
1108090, 9730904, 0, 0
1108091, 7926205, 1, 0
1109019, 13926945, 1, 0
1109020, 8149757, 0, 0
1110010, 14805167, 1, 0
1110010, 8241405, 0, 0
1111005, 8751941, 0, 0
1111101, 8558620, 1, 0
1112049, 7811716, 0, 0
1112049, 12850798, 1, 0
1113028, 27939330, 1, 0
1113028, 6770972, 0, 0
1114111, 11805969, 0, 0
1114111, 3967164, 1, 0
1115088, 13939785, 0, 0
1115088, 34334, 1, 0
1116018, 8390886, 0, 0
1116019, 12990772, 1, 0
1117007, 14281857, 1, 0
1117007, 9089227, 0, 0
1118045, 10762671, 0, 0
1118045, 7481204, 1, 0
1119026, 13804963, 0, 0
1119026, 5088652, 1, 0
1120114, 10779951, 0, 0
1120114, 6836175, 1, 0
1121094, 8985298, 0, 0
1121095, 18018806, 1, 0
1122021, 7322800, 0, 0
1122021, 17379023, 1, 0
1123012, 8126155, 0, 0
1123012, 10210375, 1, 0
1124026, 12728510, 0, 0
1124027, 5517518, 1, 0
1125070, 12060570, 0, 0
1125162, 4069172, 1, 0
1126058, 13177095, 1, 0
1126058, 9491767, 0, 0
1127080, 10358753, 0, 0
1127081, 4677815, 1, 0
1128141, 8908342, 0, 0
1128141, 9270789, 1, 0
1129016, 10517991, 0, 0
1129016, 4162411, 1, 0
1130052, 7049385, 0, 0
1130053, 24820948, 1, 0
1131000, 7283127, 0, 0
1131000, 14134213, 1, 0
1132063, 10668588, 0, 0
1132144, 5164096, 1, 0
1133028, 7886142, 1, 0
1133028, 11916978, 0, 0
1134100, 10140677, 0, 0
1134100, 10495635, 1, 0
1135050, 12630885, 0, 0
1135050, 3872912, 1, 0
1136015, 11029008, 0, 0
1136015, 6490889, 1, 0
1137042, 9014009, 0, 0
1137043, 14682147, 1, 0
1138050, 12369013, 1, 0
1138050, 7849323, 0, 0
1139122, 11092935, 0, 0
1139122, 9743420, 1, 0
1140058, 10499921, 0, 0
1140184, 6205731, 1, 0
1141007, 25403476, 1, 0
1141007, 6950144, 0, 0
1142019, 8359794, 0, 0
1142120, 8666613, 1, 0
1143043, 9533062, 1, 0
1143043, 8721859, 0, 0
1144068, 10345290, 0, 0
1144069, 4145571, 1, 0
1145034, 8805669, 0, 0
1145035, 13786754, 1, 0
1146032, 11848752, 1, 0
1146032, 7090054, 0, 0
1147064, 23467436, 1, 0
1147064, 5446342, 0, 0
1148090, 8975243, 0, 0
1148090, 13353799, 1, 0
1149016, 10679070, 0, 0
1149016, 5703026, 1, 0
1150004, 9681525, 0, 0
1150004, 8910335, 1, 0
1151014, 8289051, 1, 0
1151014, 10744611, 0, 0
1152024, 7971234, 0, 0
1152114, 13999527, 1, 0
1153072, 9436103, 0, 0
1153072, 6426083, 1, 0
1154031, 12527761, 0, 0
1154031, 2999517, 1, 0
1155015, 10951312, 0, 0
1155016, 9662665, 1, 0
1156045, 7126665, 0, 0
1156046, 24638403, 1, 0
1157062, 9809850, 0, 0
1157062, 4649886, 1, 0
1158069, 13302530, 1, 0
1158069, 9521155, 0, 0
1159012, 8129097, 0, 0
1159012, 13852476, 1, 0
1160051, 7742233, 1, 0
1160051, 10364137, 0, 0
1161070, 8837530, 0, 0
1161160, 11695516, 1, 0
1162018, 15536079, 1, 0
1162018, 6944829, 0, 0
1163054, 11368600, 0, 0
1163054, 22419, 1, 0
1164087, 11742671, 0, 0
1164087, 11195362, 1, 0
1165016, 15869664, 1, 0
1165016, 8341996, 0, 0
1166066, 8847278, 0, 0
1166066, 11408481, 1, 0
1167049, 7850119, 0, 0
1167049, 13103405, 1, 0
1168052, 14890864, 0, 0
1168053, 6632764, 1, 0
1169019, 7390976, 1, 0
1169019, 11400584, 0, 0
1170010, 10209122, 0, 0
1170011, 10224719, 1, 0
1171059, 9573762, 0, 0
1171059, 8187858, 1, 0
1172050, 8469269, 0, 0
1172050, 18598810, 1, 0
1173160, 31513693, 1, 0
1173160, 9724809, 0, 0
1174059, 11806107, 0, 0
1174059, 4965608, 1, 0
1175054, 24613453, 1, 0
1175054, 8675504, 0, 0
1176073, 11601610, 0, 0
1176073, 7056496, 1, 0
1177044, 9392594, 0, 0
1177044, 6363571, 1, 0
1178023, 5774372, 1, 0
1178023, 10752489, 0, 0
1179028, 22937344, 1, 0
1179028, 8692670, 0, 0
1180034, 19522014, 1, 0
1180034, 8004595, 0, 0
1181061, 7024736, 0, 0
1181061, 13002015, 1, 0
1182036, 21809485, 1, 0
1182036, 5634658, 0, 0
1183048, 9924413, 0, 0
1183048, 8589474, 1, 0
1184026, 23799238, 1, 0
1184026, 7502227, 0, 0
1185038, 7532526, 0, 0
1185038, 11598007, 1, 0
1186032, 6387235, 0, 0
1186032, 17872652, 1, 0
1187035, 11128272, 0, 0
1187035, 38442, 1, 0
1188089, 9002659, 0, 0
1188090, 5153730, 1, 0
1189029, 9215564, 0, 0
1189029, 8774538, 1, 0
1190025, 15783230, 1, 0
1190025, 8200524, 0, 0
1191016, 10562049, 0, 0
1191016, 2348482, 1, 0
1192022, 9857238, 0, 0
1192022, 12962330, 1, 0
1193013, 8001938, 0, 0
1193013, 11878574, 1, 0
1194089, 9331649, 0, 0
1194089, 8340572, 1, 0
1195074, 11459058, 0, 0
1195074, 5676499, 1, 0
1196046, 7084075, 0, 0
1196046, 24325905, 1, 0
1197026, 10356138, 0, 0
1197027, 12020028, 1, 0
1198017, 9025025, 0, 0
1198139, 8446331, 1, 0
1199078, 12914416, 0, 0
1199078, 35353, 1, 0
1200031, 11458263, 0, 0
1200031, 10940502, 1, 0
1201042, 8714676, 0, 0
1201042, 18690846, 1, 0
1202086, 9780099, 0, 0
1202086, 4974788, 1, 0
1203085, 7943488, 0, 0
1203085, 15802923, 1, 0
1204031, 8809141, 0, 0
1204031, 13138468, 1, 0
1205084, 9599526, 0, 0
1205261, 12363672, 1, 0
1206058, 9864410, 0, 0
1206058, 13120042, 1, 0
1207055, 9475432, 1, 0
1207055, 8158434, 0, 0
1208035, 7583619, 0, 0
1208035, 15513237, 1, 0
1209021, 12796805, 0, 0
1209022, 20130, 1, 0
1210088, 9265855, 0, 0
1210088, 9273365, 1, 0
1211095, 8069422, 0, 0
1211096, 15377946, 1, 0
1212002, 9920444, 0, 0
1212137, 7601105, 1, 0
1213041, 11071969, 0, 0
1213161, 13726078, 1, 0
1214060, 8042299, 0, 0
1214169, 15088850, 1, 0
1215075, 9234404, 1, 0
1215075, 10128741, 0, 0
1216107, 11458686, 0, 0
1216108, 5745701, 1, 0
1217018, 9628931, 0, 0
1217018, 5654585, 1, 0
1218066, 11141625, 0, 0
1218164, 37109, 1, 0
1219092, 9600501, 0, 0
1219092, 6453804, 1, 0
1220110, 7404153, 0, 0
1220110, 19963692, 1, 0
1221003, 7789464, 1, 0
1221003, 9398631, 0, 0
1222016, 9488351, 1, 0
1222016, 9570706, 0, 0
1223034, 22448228, 1, 0
1223034, 5931238, 0, 0
1224068, 9528849, 0, 0
1224069, 7388920, 1, 0
1225065, 10326268, 0, 0
1225093, 3984137, 1, 0
1226035, 12916759, 0, 0
1226035, 10499952, 1, 0
1227043, 9078344, 0, 0
1227043, 11776072, 1, 0
1228031, 10063596, 0, 0
1228098, 7978987, 1, 0
1229060, 9237228, 1, 0
1229060, 9173696, 0, 0
1230035, 19773435, 1, 0
1230035, 6413900, 0, 0
1231010, 11081072, 0, 0
1231218, 3797810, 1, 0
1232058, 9603587, 0, 0
1232058, 4502841, 1, 0
1233063, 5142339, 0, 0
1233063, 23345780, 1, 0
1234028, 9558313, 0, 0
1234029, 14634685, 1, 0
1235025, 23868213, 1, 0
1235025, 5255828, 0, 0
1236016, 5841407, 1, 0
1236016, 13744271, 0, 0
1237021, 11718024, 0, 0
1237021, 9322069, 1, 0
1238031, 10713098, 0, 0
1238031, 6761833, 1, 0
1239021, 10787440, 0, 0
1239021, 9507180, 1, 0
1240076, 9202817, 0, 0
1240077, 11030988, 1, 0
1241051, 14503852, 1, 0
1241051, 9282328, 0, 0
1242045, 14171427, 0, 0
1242179, 32383, 1, 0
1243091, 10569877, 0, 0
1243091, 11256129, 1, 0
1244017, 21021311, 1, 0
1244017, 6744273, 0, 0
1245020, 11658976, 0, 0
1245109, 5058264, 1, 0
1246005, 8842057, 0, 0
1246005, 12150638, 1, 0
1247006, 9768162, 0, 0
1247006, 11866014, 1, 0
1248068, 9179257, 0, 0
1248068, 7573107, 1, 0
1249057, 9092918, 1, 0
1249057, 9395944, 0, 0
1250051, 7008789, 1, 0
1250051, 8717243, 0, 0
1251057, 10708081, 0, 0
1251057, 17569631, 1, 0
1252101, 12503927, 1, 0
1252101, 10009174, 0, 0
1253065, 9088860, 0, 0
1253065, 7374947, 1, 0
1254038, 11121007, 0, 0
1254038, 7086799, 1, 0
1255014, 17467325, 1, 0
1255014, 8587511, 0, 0
1256006, 10115970, 0, 0
1256006, 4589241, 1, 0
1257005, 8964872, 0, 0
1257122, 8092058, 1, 0
1258004, 8941685, 0, 0
1258004, 7898383, 1, 0
1259074, 8011147, 0, 0
1259074, 15486797, 1, 0
1260062, 10295471, 0, 0
1260166, 6281344, 1, 0
1261007, 6627331, 0, 0
1261007, 17091320, 1, 0
1262129, 19953037, 1, 0
1262129, 7469346, 0, 0
1263010, 9437428, 0, 0
1263010, 8962437, 1, 0
1264079, 11321036, 0, 0
1264079, 7695232, 1, 0
1265117, 10762309, 0, 0
1265117, 16637646, 1, 0
1266008, 9409727, 0, 0
1266008, 8799735, 1, 0
1267076, 7907027, 0, 0
1267247, 24829736, 1, 0
1268046, 9037399, 0, 0
1268046, 14065797, 1, 0
1269032, 11345676, 0, 0
1269133, 13525168, 1, 0
1270054, 9087588, 0, 0
1270054, 5064214, 1, 0
1271025, 6941178, 0, 0
1271025, 14791810, 1, 0
1272028, 8824342, 0, 0
1272093, 14710777, 1, 0
1273063, 7753109, 0, 0
1273136, 17293901, 1, 0
1274044, 13234586, 0, 0
1274044, 2537846, 1, 0
1275056, 13497038, 1, 0
1275056, 9475137, 0, 0
1276082, 7874096, 0, 0
1276083, 9385756, 1, 0
1277013, 13054687, 0, 0
1277013, 5079205, 1, 0
1278079, 7955813, 0, 0
1278079, 9423552, 1, 0
1279058, 9157707, 0, 0
1279058, 4490137, 1, 0
1280016, 10546979, 1, 0
1280016, 9210291, 0, 0
1281062, 7581905, 0, 0
1281062, 17278745, 1, 0
1282007, 5943449, 0, 0
1282007, 22553823, 1, 0
1283085, 8239558, 0, 0
1283085, 15077667, 1, 0
1284079, 8283755, 0, 0
1284314, 9942459, 1, 0
1285072, 9852224, 0, 0
1285073, 2778436, 1, 0
1286100, 12190371, 1, 0
1286100, 8236658, 0, 0
1287042, 9543110, 0, 0
1287042, 9846681, 1, 0
1288059, 8274398, 0, 0
1288080, 9493533, 1, 0
1289014, 24343331, 1, 0
1289014, 8219158, 0, 0
1290060, 9374579, 0, 0
1290060, 10011342, 1, 0
1291029, 13820982, 0, 0
1291029, 25908, 1, 0
1292040, 10406462, 0, 0
1292040, 16826219, 1, 0
1293120, 9359197, 0, 0
1293120, 7729862, 1, 0
1294014, 8750988, 0, 0
1294014, 9732769, 1, 0
1295030, 8048936, 0, 0
1295030, 17968858, 1, 0
1296091, 11504900, 0, 0
1296091, 8168007, 1, 0
1297119, 21969694, 1, 0
1297119, 7063288, 0, 0
1298019, 9410979, 0, 0
1298019, 12355996, 1, 0
1299061, 8784180, 0, 0
1299061, 12605704, 1, 0
1300037, 7499432, 0, 0
1300037, 20013558, 1, 0
1301024, 18867529, 1, 0
1301024, 7141345, 0, 0
1302002, 12061040, 0, 0
1302002, 19307, 1, 0
1303066, 9432504, 0, 0
1303066, 11911076, 1, 0
1304005, 11926360, 0, 0
1304005, 5086358, 1, 0
1305044, 25523592, 1, 0
1305045, 5579388, 0, 0
1306020, 8235073, 0, 0
1306020, 13846249, 1, 0
1307016, 7418087, 1, 0
1307016, 9642880, 0, 0
1308058, 10612910, 0, 0
1308058, 39501, 1, 0
1309056, 10259468, 0, 0
1309057, 3898781, 1, 0
1310091, 11926261, 0, 0
1310092, 6128881, 1, 0
1311030, 11137364, 0, 0
1311030, 3868277, 1, 0
1312043, 8992273, 0, 0
1312159, 15737071, 1, 0
1313166, 20678288, 1, 0
1313166, 8648928, 0, 0
1314022, 12744394, 0, 0
1314023, 4673120, 1, 0
1315053, 10338001, 0, 0
1315053, 7105289, 1, 0
1316013, 9400239, 0, 0
1316013, 7906347, 1, 0
1317024, 9075880, 0, 0
1317024, 3782815, 1, 0
1318042, 10853609, 1, 0
1318042, 9010664, 0, 0
1319028, 11133561, 0, 0
1319028, 3638658, 1, 0
1320067, 9469042, 0, 0
1320067, 14267180, 1, 0
1321095, 17385380, 1, 0
1321096, 7781960, 0, 0
1322021, 10102944, 0, 0
1322129, 19510821, 1, 0
1323009, 18104696, 1, 0
1323009, 5940823, 0, 0
1324004, 6916596, 0, 0
1324004, 17983411, 1, 0
1325038, 20291615, 1, 0
1325038, 7615462, 0, 0
1326029, 21473043, 1, 0
1326029, 6094365, 0, 0
1327096, 12109630, 0, 0
1327096, 30316, 1, 0
1328066, 9952174, 0, 0
1328066, 7618421, 1, 0
1329062, 11750171, 1, 0
1329062, 11528402, 0, 0
1330069, 10511107, 1, 0
1330069, 9060718, 0, 0
1331088, 5851143, 0, 0
1331088, 17534528, 1, 0
1332079, 8760849, 0, 0
1332079, 8811494, 1, 0
1333021, 9483363, 1, 0
1333021, 10599419, 0, 0
1334045, 20350000, 1, 0
1334045, 6768466, 0, 0
1335106, 10062756, 0, 0
1335107, 7297683, 1, 0
1336037, 7473115, 0, 0
1336246, 20875037, 1, 0
1337069, 9902678, 0, 0
1337123, 8345961, 1, 0
1338059, 7741050, 0, 0
1338087, 14960165, 1, 0
1339074, 8433144, 0, 0
1339318, 8555403, 1, 0
1340019, 11374213, 0, 0
1340020, 10839133, 1, 0
1341033, 11194405, 0, 0
1341033, 6555889, 1, 0
1342082, 7233850, 0, 0
1342082, 14984487, 1, 0
1343090, 6603437, 0, 0
1343090, 27019033, 1, 0
1344091, 6539827, 1, 0
1344091, 9503030, 0, 0
1345066, 8647421, 0, 0
1345067, 13890652, 1, 0
1346041, 7490565, 1, 0
1346041, 11291212, 0, 0
1347026, 10184754, 0, 0
1347027, 5653910, 1, 0
1348083, 9347717, 0, 0
1348083, 10084468, 1, 0
1349030, 10585813, 0, 0
1349149, 4454120, 1, 0
1350032, 9449621, 0, 0
1350033, 5203126, 1, 0
1351000, 8256944, 0, 0
1351000, 12208038, 1, 0
1352054, 18778165, 1, 0
1352055, 6716490, 0, 0
1353041, 8685972, 0, 0
1353041, 13007270, 1, 0
1354068, 6559823, 0, 0
1354068, 21228400, 1, 0
1355064, 13812171, 1, 0
1355065, 8270032, 0, 0
1356079, 8045072, 0, 0
1356079, 14006014, 1, 0
1357013, 8739083, 0, 0
1357013, 12455851, 1, 0
1358064, 9115371, 0, 0
1358064, 12347258, 1, 0
1359006, 7678186, 0, 0
1359006, 14331925, 1, 0
1360066, 8134226, 0, 0
1360066, 8700659, 1, 0
1361105, 10218499, 0, 0
1361105, 13937401, 1, 0
1362076, 8440010, 1, 0
1362076, 7491818, 0, 0
1363029, 9998645, 0, 0
1363029, 6782701, 1, 0
1364103, 11449830, 0, 0
1364103, 6364452, 1, 0
1365036, 10621140, 0, 0
1365036, 12756395, 1, 0
1366036, 12618428, 0, 0
1366036, 3865613, 1, 0
1367057, 11904929, 1, 0
1367057, 9972689, 0, 0
1368029, 9835921, 0, 0
1368029, 4993568, 1, 0
1369086, 11361158, 0, 0
1369087, 21100, 1, 0
1370030, 11451540, 0, 0
1370030, 3834230, 1, 0
1371017, 13444097, 0, 0
1371017, 3787488, 1, 0
1372002, 9073151, 0, 0
1372003, 10076124, 1, 0
1373033, 7860576, 0, 0
1373033, 14783780, 1, 0
1374058, 9413681, 0, 0
1374058, 11276754, 1, 0
1375079, 13118228, 1, 0
1375079, 9888638, 0, 0
1376028, 10592972, 0, 0
1376028, 7494675, 1, 0
1377057, 10837953, 0, 0
1377126, 8081491, 1, 0
1378021, 9312743, 0, 0
1378021, 9336336, 1, 0
1379043, 8087836, 1, 0
1379043, 9232380, 0, 0
1380073, 10952038, 0, 0
1380073, 6226779, 1, 0
1381057, 8260115, 1, 0
1381057, 9396085, 0, 0
1382019, 12527684, 1, 0
1382019, 9226130, 0, 0
1383017, 12005236, 0, 0
1383091, 33896, 1, 0
1384008, 9964931, 1, 0
1384008, 9370675, 0, 0
1385024, 12234479, 0, 0
1385024, 3718283, 1, 0
1386006, 9641876, 0, 0
1386006, 7932486, 1, 0
1387080, 9309177, 0, 0
1387080, 20557173, 1, 0
1388051, 8913636, 0, 0
1388051, 21818203, 1, 0
1389045, 6848318, 0, 0
1389046, 18356029, 1, 0
1390062, 11001113, 0, 0
1390062, 11207633, 1, 0
1391075, 8191320, 0, 0
1391076, 8108205, 1, 0
1392029, 7783231, 0, 0
1392029, 17337132, 1, 0
1393087, 12013504, 0, 0
1393087, 5293601, 1, 0
1394083, 10007106, 0, 0
1394083, 11286733, 1, 0
1395071, 6122539, 0, 0
1395072, 23525283, 1, 0
1396077, 9947114, 0, 0
1396077, 9496860, 1, 0
1397083, 7481087, 0, 0
1397083, 10696235, 1, 0
1398033, 5495023, 1, 0
1398034, 8858754, 0, 0
1399038, 9899928, 0, 0
1399038, 9112721, 1, 0
1400060, 8451785, 0, 0
1400061, 10159997, 1, 0
1401014, 10069707, 0, 0
1401160, 14413913, 1, 0
1402035, 9209803, 0, 0
1402035, 5862381, 1, 0
1403004, 9420500, 0, 0
1403004, 16239232, 1, 0
1404049, 12311827, 1, 0
1404049, 8184907, 0, 0
1405069, 9621589, 0, 0
1405069, 9150120, 1, 0
1406025, 13002149, 0, 0
1406080, 6479204, 1, 0
1407129, 8738564, 0, 0
1407129, 13406343, 1, 0
1408073, 7315221, 0, 0
1408073, 15570475, 1, 0
1409013, 10202802, 0, 0
1409088, 11039017, 1, 0
1410010, 5201438, 0, 0
1410173, 30294053, 1, 0
1411086, 9363996, 0, 0
1411086, 5386258, 1, 0
1412055, 13750025, 0, 0
1412055, 5390774, 1, 0
1413077, 10015216, 0, 0
1413077, 7271992, 1, 0
1414065, 8237366, 0, 0
1414065, 17238912, 1, 0
1415065, 8226732, 0, 0
1415066, 10196698, 1, 0
1416024, 8245776, 0, 0
1416024, 15659949, 1, 0
1417017, 20551595, 1, 0
1417017, 7783281, 0, 0
1418054, 8071256, 0, 0
1418054, 20342040, 1, 0
1419057, 11375051, 1, 0
1419057, 10032244, 0, 0
1420048, 7801103, 0, 0
1420048, 20210900, 1, 0
1421026, 8034505, 1, 0
1421026, 11849203, 0, 0
1422065, 7311705, 0, 0
1422065, 15224403, 1, 0
1423034, 9343757, 0, 0
1423034, 7766758, 1, 0
1424059, 5840096, 0, 0
1424059, 20727215, 1, 0
1425110, 10674510, 0, 0
1425111, 7656936, 1, 0
1426029, 8471609, 0, 0
1426029, 12454896, 1, 0
1427011, 9443088, 0, 0
1427011, 6247913, 1, 0
1428081, 10922064, 0, 0
1428081, 12141690, 1, 0
1429135, 11663025, 0, 0
1429200, 8780414, 1, 0
1430016, 8203029, 0, 0
1430016, 14038236, 1, 0
1431066, 16387484, 1, 0
1431066, 8106457, 0, 0
1432066, 11758071, 0, 0
1432067, 30195, 1, 0
1433030, 11832035, 1, 0
1433030, 8143106, 0, 0
1434030, 10731602, 0, 0
1434030, 5393137, 1, 0
1435025, 8530034, 0, 0
1435025, 6008666, 1, 0
1436015, 9777852, 0, 0
1436015, 10820315, 1, 0
1437039, 8629848, 0, 0
1437139, 8657768, 1, 0
1438119, 11688012, 0, 0
1438119, 3981120, 1, 0
1439066, 9192146, 0, 0
1439066, 15145807, 1, 0
1440077, 12499727, 1, 0
1440077, 7593836, 0, 0
1441096, 8830193, 0, 0
1441096, 12524002, 1, 0
1442080, 12595323, 0, 0
1442080, 34789, 1, 0
1443065, 7979036, 0, 0
1443065, 12214005, 1, 0
1444021, 6681223, 1, 0
1444021, 10853112, 0, 0
1445038, 7800181, 0, 0
1445038, 11195041, 1, 0
1446073, 9573264, 0, 0
1446074, 15838841, 1, 0
1447047, 11280393, 0, 0
1447047, 5469173, 1, 0
1448069, 8364169, 0, 0
1448069, 14380892, 1, 0
1449090, 9650644, 0, 0
1449090, 13316610, 1, 0
1450008, 15162625, 1, 0
1450008, 10069632, 0, 0
1451080, 17820601, 1, 0
1451080, 7111781, 0, 0
1452055, 8769362, 0, 0
1452056, 13209020, 1, 0
1453098, 8863062, 0, 0
1453098, 16159430, 1, 0
1454011, 9037916, 0, 0
1454011, 2102263, 1, 0
1455041, 7618332, 0, 0
1455041, 14051428, 1, 0
1456066, 6288183, 0, 0
1456067, 21991948, 1, 0
1457065, 7744511, 0, 0
1457065, 12838836, 1, 0
1458031, 10034604, 0, 0
1458261, 8999279, 1, 0
1459082, 10440861, 0, 0
1459082, 18456694, 1, 0
1460100, 8709090, 0, 0
1460261, 7477064, 1, 0
1461013, 9967467, 0, 0
1461013, 3606528, 1, 0
1462018, 6095094, 1, 0
1462018, 10989307, 0, 0
1463093, 11887783, 1, 0
1463093, 7665567, 0, 0
1464061, 8364285, 0, 0
1464061, 16158408, 1, 0
1465108, 10867270, 0, 0
1465108, 4737213, 1, 0
1466020, 7942297, 0, 0
1466020, 9813950, 1, 0
1467029, 11654858, 0, 0
1467030, 7443542, 1, 0
1468082, 11704424, 0, 0
1468173, 6398440, 1, 0
1469074, 11659219, 0, 0
1469074, 22704, 1, 0
1470114, 9383085, 1, 0
1470114, 11330929, 0, 0
1471078, 11408953, 0, 0
1471078, 4499047, 1, 0
1472108, 10499196, 0, 0
1472108, 4827959, 1, 0
1473003, 11609085, 0, 0
1473003, 4285777, 1, 0
1474015, 12405065, 0, 0
1474016, 5528470, 1, 0
1475072, 12575305, 1, 0
1475072, 7817570, 0, 0
1476014, 10397509, 0, 0
1476106, 10121305, 1, 0
1477023, 14565082, 1, 0
1477023, 7637605, 0, 0
1478026, 11344065, 0, 0
1478027, 3008826, 1, 0
1479010, 14290049, 1, 0
1479010, 10833330, 0, 0
1480050, 10807833, 0, 0
1480114, 4300846, 1, 0
1481087, 11336624, 0, 0
1481087, 4766836, 1, 0
1482040, 9954666, 1, 0
1482040, 9414363, 0, 0
1483053, 11521698, 0, 0
1483053, 7784567, 1, 0
1484049, 9673130, 0, 0
1484049, 17004949, 1, 0
1485057, 16409416, 1, 0
1485057, 9891155, 0, 0
1486042, 9730325, 0, 0
1486043, 7157107, 1, 0
1487019, 7662393, 0, 0
1487019, 7241457, 1, 0
1488029, 10419640, 0, 0
1488029, 10344154, 1, 0
1489017, 9775623, 0, 0
1489017, 16866337, 1, 0
1490072, 8034086, 0, 0
1490072, 14276060, 1, 0
1491035, 10342741, 0, 0
1491035, 33677, 1, 0
1492012, 8854300, 0, 0
1492012, 9901508, 1, 0
1493000, 7993483, 0, 0
1493000, 16812039, 1, 0
1494008, 10274325, 0, 0
1494008, 6160620, 1, 0
1495070, 16812008, 1, 0
1495070, 7011398, 0, 0
1496062, 6279628, 0, 0
1496062, 22217857, 1, 0
1497057, 11692881, 0, 0
1497057, 17864, 1, 0
1498063, 14711599, 1, 0
1498063, 6202189, 0, 0
1499089, 23570987, 1, 0
1499089, 7702207, 0, 0
1500075, 10443489, 0, 0
1500075, 5091718, 1, 0
1501077, 6381796, 0, 0
1501077, 19877058, 1, 0
1502000, 8947538, 1, 0
1502001, 9759485, 0, 0
1503085, 9617338, 0, 0
1503178, 17704461, 1, 0
1504065, 8295156, 0, 0
1504066, 10440397, 1, 0
1505106, 8148813, 0, 0
1505106, 22440392, 1, 0
1506016, 8391345, 0, 0
1506017, 12865101, 1, 0
1507071, 8484247, 0, 0
1507071, 14718577, 1, 0
1508081, 11271617, 0, 0
1508081, 9963063, 1, 0
1509014, 27347482, 1, 0
1509014, 4937518, 0, 0
1510058, 15691046, 1, 0
1510058, 7322485, 0, 0
1511057, 6576532, 0, 0
1511126, 19464733, 1, 0
1512035, 9575756, 0, 0
1512184, 7699690, 1, 0
1513011, 11374212, 0, 0
1513011, 7627523, 1, 0
1514045, 7858960, 0, 0
1514131, 8717087, 1, 0
1515097, 12273668, 0, 0
1515098, 7291136, 1, 0
1516083, 10471946, 1, 0
1516083, 9686244, 0, 0
1517025, 8863121, 0, 0
1517025, 8598478, 1, 0
1518013, 9964965, 0, 0
1518013, 6420713, 1, 0
1519046, 7659528, 0, 0
1519157, 14442059, 1, 0
1520016, 11767739, 0, 0
1520016, 4521775, 1, 0
1521004, 8735969, 0, 0
1521004, 5116357, 1, 0
1522017, 18461114, 1, 0
1522017, 7130632, 0, 0
1523068, 5850902, 0, 0
1523069, 18524537, 1, 0
1524004, 12767817, 1, 0
1524004, 7879948, 0, 0
1525070, 10736127, 0, 0
1525070, 7882344, 1, 0
1526066, 12709107, 0, 0
1526066, 2802045, 1, 0
1527009, 12553266, 0, 0
1527009, 31965, 1, 0
1528031, 8051663, 1, 0
1528031, 9835180, 0, 0
1529013, 7674881, 0, 0
1529114, 14317952, 1, 0
1530085, 12210725, 0, 0
1530131, 4673017, 1, 0
1531016, 9404620, 0, 0
1531016, 18083180, 1, 0
1532069, 11024972, 0, 0
1532069, 5144536, 1, 0
1533040, 10782112, 0, 0
1533040, 6849792, 1, 0
1534044, 10293690, 0, 0
1534044, 4273860, 1, 0
1535011, 10249052, 0, 0
1535011, 8810038, 1, 0
1536034, 8416751, 0, 0
1536034, 6788324, 1, 0
1537100, 34427491, 1, 0
1537101, 2885736, 0, 0
1538078, 7906446, 0, 0
1538078, 4104547, 1, 0
1539012, 6485055, 0, 0
1539012, 23024398, 1, 0
1540059, 9874416, 0, 0
1540059, 11005340, 1, 0
1541119, 10454809, 0, 0
1541119, 10628794, 1, 0
1542034, 7384000, 0, 0
1542035, 11386591, 1, 0
1543039, 7975516, 0, 0
1543039, 14495320, 1, 0
1544056, 9032323, 0, 0
1544056, 6218328, 1, 0
1545052, 6670302, 0, 0
1545125, 11444388, 1, 0
1546046, 8177287, 0, 0
1546046, 10738214, 1, 0
1547041, 8832906, 0, 0
1547041, 12484325, 1, 0
1548000, 9058313, 0, 0
1548000, 11105359, 1, 0
1549050, 13337926, 1, 0
1549050, 11288401, 0, 0
1550099, 9061581, 0, 0
1550099, 10162225, 1, 0
1551078, 8265471, 0, 0
1551078, 12712950, 1, 0
1552014, 18894668, 1, 0
1552014, 7243583, 0, 0
1553102, 4767715, 1, 0
1553102, 10027904, 0, 0
1554029, 6349779, 0, 0
1554030, 15628567, 1, 0
1555004, 12015909, 0, 0
1555004, 3819589, 1, 0
1556055, 20646643, 1, 0
1556055, 6016812, 0, 0
1557031, 8787577, 0, 0
1557031, 9680792, 1, 0
1558051, 7058225, 0, 0
1558135, 16667648, 1, 0
1559055, 7972547, 1, 0
1559055, 9782802, 0, 0
1560045, 8089875, 1, 0
1560045, 8298769, 0, 0
1561033, 11868411, 0, 0
1561033, 8347543, 1, 0
1562115, 21202561, 1, 0
1562115, 6400391, 0, 0
1563080, 10217308, 0, 0
1563080, 12075749, 1, 0
1564047, 11243705, 0, 0
1564047, 3528453, 1, 0
1565068, 10196674, 0, 0
1565150, 35330, 1, 0
1566063, 10994527, 0, 0
1566063, 12325744, 1, 0
1567112, 6738992, 1, 0
1567112, 10531244, 0, 0
1568072, 8623864, 0, 0
1568169, 13003944, 1, 0
1569049, 10107313, 0, 0
1569050, 4612995, 1, 0
1570068, 7734104, 0, 0
1570068, 13561006, 1, 0
1571012, 8383764, 0, 0
1571013, 6529467, 1, 0
1572015, 22280564, 1, 0
1572015, 7727212, 0, 0
1573028, 10762309, 0, 0
1573028, 19214, 1, 0
1574022, 8787218, 0, 0
1574094, 10026304, 1, 0
1575070, 9372305, 0, 0
1575070, 11272778, 1, 0
1576007, 9467044, 0, 0
1576007, 16980511, 1, 0
1577043, 11644407, 0, 0
1577043, 7710023, 1, 0
1578101, 10748279, 0, 0
1578102, 11980125, 1, 0
1579071, 8732328, 0, 0
1579071, 7011583, 1, 0
1580060, 10820573, 1, 0
1580060, 10038099, 0, 0
1581008, 17325560, 1, 0
1581008, 7670333, 0, 0
1582050, 7904785, 0, 0
1582050, 13424728, 1, 0
1583024, 7207557, 0, 0
1583024, 19913887, 1, 0
1584061, 10843756, 0, 0
1584061, 14394120, 1, 0
1585084, 9720607, 0, 0
1585084, 11963862, 1, 0
1586054, 10009284, 0, 0
1586054, 2985589, 1, 0
1587080, 8563873, 0, 0
1587080, 16395596, 1, 0
1588104, 12387456, 0, 0
1588104, 3920938, 1, 0
1589073, 8304781, 0, 0
1589073, 14537108, 1, 0
1590020, 8863848, 0, 0
1590308, 21562355, 1, 0
1591024, 7405131, 0, 0
1591024, 17218997, 1, 0
1592048, 11110929, 0, 0
1592130, 3595469, 1, 0
1593012, 7816198, 0, 0
1593013, 11843825, 1, 0
1594015, 10777912, 0, 0
1594015, 9267783, 1, 0
1595056, 9780589, 0, 0
1595056, 3958847, 1, 0
1596102, 10190691, 0, 0
1596102, 4830070, 1, 0
1597040, 6442057, 0, 0
1597040, 19156364, 1, 0
1598045, 17095708, 1, 0
1598045, 7090774, 0, 0
1599081, 11438434, 0, 0
1599081, 4308879, 1, 0
1600100, 28391079, 1, 0
1600100, 5998948, 0, 0
1601044, 9881851, 0, 0
1601044, 9607887, 1, 0
1602040, 10793400, 0, 0
1602040, 6302451, 1, 0
1603084, 19192522, 1, 0
1603084, 6201785, 0, 0
1604005, 9185146, 0, 0
1604005, 4238306, 1, 0
1605010, 9459791, 0, 0
1605010, 3558445, 1, 0
1606044, 11104939, 0, 0
1606044, 26638, 1, 0
1607087, 12546909, 0, 0
1607087, 4024394, 1, 0
1608081, 7920715, 1, 0
1608081, 11067440, 0, 0
1609053, 10187897, 0, 0
1609129, 16376962, 1, 0
1610042, 7974552, 0, 0
1610042, 10693098, 1, 0
1611029, 11909691, 0, 0
1611128, 773505, 1, 0
1612077, 9818035, 0, 0
1612077, 9151213, 1, 0
1613064, 10775497, 0, 0
1613064, 2910926, 1, 0
1614015, 13866113, 1, 0
1614015, 8581305, 0, 0
1615108, 9763332, 0, 0
1615108, 18467331, 1, 0
1616088, 10332514, 0, 0
1616088, 13826485, 1, 0
1617150, 13118617, 0, 0
1617150, 5471735, 1, 0
1618066, 8527487, 0, 0
1618066, 20554900, 1, 0
1619041, 12322422, 0, 0
1619041, 35387, 1, 0
1620053, 9960596, 0, 0
1620053, 5556405, 1, 0
1621045, 9810574, 0, 0
1621045, 21812, 1, 0
1622008, 11159032, 0, 0
1622009, 2794833, 1, 0
1623081, 17474230, 1, 0
1623081, 7732693, 0, 0
1624052, 9987635, 0, 0
1624053, 8088835, 1, 0
1625034, 11942549, 0, 0
1625106, 8552394, 1, 0
1626062, 8366309, 0, 0
1626062, 9318699, 1, 0
1627044, 8630408, 0, 0
1627044, 6757827, 1, 0
1628057, 11117546, 0, 0
1628058, 4383626, 1, 0
1629008, 30204447, 1, 0
1629008, 4738464, 0, 0
1630021, 13776786, 1, 0
1630022, 9783502, 0, 0
1631077, 9143778, 0, 0
1631077, 3958482, 1, 0
1632083, 11175652, 0, 0
1632083, 8321787, 1, 0
1633002, 7106972, 1, 0
1633002, 9682904, 0, 0
1634015, 10224052, 0, 0
1634015, 10612139, 1, 0
1635058, 19548396, 1, 0
1635058, 6856815, 0, 0
1636043, 9214289, 0, 0
1636127, 16195525, 1, 0
1637110, 7414016, 0, 0
1637110, 18682915, 1, 0
1638008, 11065120, 0, 0
1638008, 4211668, 1, 0
1639046, 8250964, 0, 0
1639046, 7801367, 1, 0
1640091, 9597497, 0, 0
1640091, 3926929, 1, 0
1641111, 10624769, 0, 0
1641165, 13282402, 1, 0
1642010, 8479043, 0, 0
1642193, 9936063, 1, 0
1643053, 10908182, 0, 0
1643054, 5085883, 1, 0
1644057, 9987651, 0, 0
1644057, 10721158, 1, 0
1645011, 9773052, 0, 0
1645011, 12109002, 1, 0
1646081, 8746694, 0, 0
1646175, 22264392, 1, 0
1647053, 6084217, 1, 0
1647053, 10201146, 0, 0
1648085, 12965794, 0, 0
1648085, 3033735, 1, 0
1649091, 9768238, 0, 0
1649091, 17531619, 1, 0
1650102, 10805907, 0, 0
1650102, 6361043, 1, 0
1651002, 15286738, 1, 0
1651002, 8891820, 0, 0
1652012, 11825733, 0, 0
1652012, 7502972, 1, 0
1653021, 6288215, 1, 0
1653021, 10278488, 0, 0
1654054, 8369906, 0, 0
1654055, 12715576, 1, 0
1655032, 9625341, 0, 0
1655032, 5693968, 1, 0
1656077, 10864928, 0, 0
1656077, 5486265, 1, 0
1657003, 12674376, 0, 0
1657003, 2443380, 1, 0
1658013, 25210954, 1, 0
1658013, 7169121, 0, 0
1659100, 8630678, 0, 0
1659100, 10109546, 1, 0
1660051, 11166154, 0, 0
1660051, 10617216, 1, 0
1661116, 6900574, 1, 0
1661116, 9905207, 0, 0
1662014, 3117984, 1, 0
1662014, 12912832, 0, 0
1663064, 11561210, 1, 0
1663064, 8288794, 0, 0
1664049, 12454072, 0, 0
1664049, 36403, 1, 0
1665079, 16656315, 1, 0
1665079, 7634205, 0, 0
1666047, 12637406, 1, 0
1666047, 7993192, 0, 0
1667115, 11234461, 0, 0
1667211, 13536848, 1, 0
1668038, 11798431, 0, 0
1668038, 32144, 1, 0
1669023, 10343720, 0, 0
1669023, 12712378, 1, 0
1670036, 10052440, 0, 0
1670036, 7235340, 1, 0
1671005, 7206016, 0, 0
1671005, 25147068, 1, 0
1672122, 8256789, 0, 0
1672122, 13712328, 1, 0
1673024, 16576822, 1, 0
1673024, 7736984, 0, 0
1674040, 6551210, 1, 0
1674040, 10796004, 0, 0
1675103, 10090553, 0, 0
1675103, 12043557, 1, 0
1676110, 12722533, 0, 0
1676110, 30173, 1, 0
1677020, 6692992, 0, 0
1677126, 22689511, 1, 0
1678010, 9848773, 0, 0
1678010, 2767913, 1, 0
1679048, 10085824, 0, 0
1679048, 2694844, 1, 0
1680048, 9387531, 0, 0
1680048, 8279895, 1, 0
1681057, 6870257, 1, 0
1681057, 8836555, 0, 0
1682019, 8441678, 0, 0
1682019, 13759600, 1, 0
1683047, 8145211, 0, 0
1683047, 14085928, 1, 0
1684013, 9925459, 0, 0
1684013, 8557406, 1, 0
1685065, 9539202, 0, 0
1685065, 8024188, 1, 0
1686071, 10482555, 0, 0
1686071, 13654644, 1, 0
1687130, 9406897, 0, 0
1687130, 10116628, 1, 0
1688014, 9461727, 0, 0
1688015, 5796620, 1, 0
1689063, 7848492, 0, 0
1689063, 9805195, 1, 0
1690022, 10664662, 0, 0
1690023, 9875774, 1, 0
1691073, 15554315, 1, 0
1691073, 8056596, 0, 0
1692019, 9680798, 0, 0
1692020, 16116660, 1, 0
1693020, 19162614, 1, 0
1693020, 7991894, 0, 0
1694050, 8512129, 0, 0
1694116, 17454434, 1, 0
1695048, 9739875, 0, 0
1695048, 5375703, 1, 0
1696045, 11488296, 1, 0
1696045, 9930310, 0, 0
1697070, 10960491, 0, 0
1697070, 5938008, 1, 0
1698064, 14461515, 1, 0
1698064, 8399044, 0, 0
1699075, 7496766, 0, 0
1699179, 17534775, 1, 0
1700033, 11001525, 0, 0
1700033, 38102, 1, 0
1701005, 9720580, 0, 0
1701122, 11843734, 1, 0
1702054, 8888363, 0, 0
1702054, 9207420, 1, 0
1703025, 8844970, 1, 0
1703026, 10208928, 0, 0
1704063, 8960467, 0, 0
1704063, 11985979, 1, 0
1705110, 10777088, 0, 0
1705111, 39738, 1, 0
1706010, 10648027, 0, 0
1706010, 3758073, 1, 0
1707037, 9022135, 0, 0
1707037, 13426300, 1, 0
1708049, 9789726, 0, 0
1708049, 8466082, 1, 0
1709098, 12782085, 0, 0
1709098, 36714, 1, 0
1710017, 6920749, 0, 0
1710159, 18709632, 1, 0
1711086, 14926105, 1, 0
1711086, 10444015, 0, 0
1712104, 32415922, 1, 0
1712104, 3454888, 0, 0
1713092, 15229984, 1, 0
1713092, 7257468, 0, 0
1714073, 8147768, 0, 0
1714073, 20289605, 1, 0
1715008, 11796855, 0, 0
1715008, 6010068, 1, 0
1716096, 11207352, 0, 0
1716155, 12551597, 1, 0
1717023, 6116212, 0, 0
1717023, 21535428, 1, 0
1718002, 17683606, 1, 0
1718003, 5893711, 0, 0
1719051, 8403475, 1, 0
1719051, 9371163, 0, 0
1720009, 9061975, 0, 0
1720009, 10342921, 1, 0
1721002, 16305469, 1, 0
1721002, 5758916, 0, 0
1722015, 13704792, 1, 0
1722015, 9169807, 0, 0
1723022, 9009679, 1, 0
1723022, 7318794, 0, 0
1724063, 10256966, 0, 0
1724063, 8586196, 1, 0
1725067, 8615330, 0, 0
1725067, 10126652, 1, 0
1726008, 9163488, 0, 0
1726008, 17196571, 1, 0
1727000, 8973230, 0, 0
1727000, 12959262, 1, 0
1728019, 11566176, 0, 0
1728020, 33585, 1, 0
1729077, 10985489, 0, 0
1729077, 7684320, 1, 0
1730083, 20006491, 1, 0
1730083, 9153551, 0, 0
1731053, 19044669, 1, 0
1731053, 9373030, 0, 0
1732013, 9513794, 0, 0
1732013, 5514074, 1, 0
1733146, 8753578, 0, 0
1733146, 15162890, 1, 0
1734004, 8152491, 0, 0
1734105, 12477300, 1, 0
1735032, 12236832, 0, 0
1735033, 12251438, 1, 0
1736036, 9611760, 0, 0
1736036, 5968346, 1, 0
1737006, 9171582, 0, 0
1737006, 7817287, 1, 0
1738061, 9649855, 0, 0
1738061, 15246011, 1, 0
1739021, 10399922, 0, 0
1739022, 5681224, 1, 0
1740014, 17784704, 1, 0
1740014, 9074207, 0, 0
1741039, 9254586, 0, 0
1741040, 9601665, 1, 0
1742016, 10156889, 0, 0
1742016, 9146023, 1, 0
1743061, 8763842, 0, 0
1743061, 18666310, 1, 0
1744081, 9815889, 0, 0
1744081, 8811165, 1, 0
1745105, 12641647, 0, 0
1745182, 9337220, 1, 0
1746051, 7631347, 0, 0
1746139, 13367937, 1, 0
1747034, 6506374, 0, 0
1747034, 25759912, 1, 0
1748040, 8984783, 0, 0
1748040, 8937712, 1, 0
1749027, 30870468, 1, 0
1749027, 7506389, 0, 0
1750033, 9780462, 1, 0
1750033, 10500334, 0, 0
1751119, 10203940, 0, 0
1751119, 6995489, 1, 0
1752041, 6273274, 0, 0
1752041, 22045420, 1, 0
1753081, 14990516, 1, 0
1753081, 7776550, 0, 0
1754092, 10515562, 0, 0
1754092, 7485900, 1, 0
1755002, 5263542, 0, 0
1755002, 15927732, 1, 0
1756046, 10006138, 0, 0
1756046, 15610127, 1, 0
1757035, 8815285, 0, 0
1757035, 5911947, 1, 0
1758065, 10754146, 0, 0
1758065, 8977149, 1, 0
1759014, 8954746, 0, 0
1759014, 7885007, 1, 0
1760051, 12945183, 0, 0
1760130, 38595, 1, 0
1761033, 9760394, 0, 0
1761033, 14701349, 1, 0
1762135, 13083760, 0, 0
1762136, 5631357, 1, 0
1763025, 13296918, 1, 0
1763025, 9280063, 0, 0
1764020, 9970307, 0, 0
1764020, 4347318, 1, 0
1765000, 11120662, 0, 0
1765079, 5776871, 1, 0
1766028, 5818106, 0, 0
1766028, 20915233, 1, 0
1767038, 6958343, 0, 0
1767038, 26646674, 1, 0
1768003, 15984309, 1, 0
1768003, 8617614, 0, 0
1769088, 6969405, 0, 0
1769088, 13026998, 1, 0
1770032, 15871086, 1, 0
1770032, 6495278, 0, 0
1771042, 4012489, 1, 0
1771042, 9593217, 0, 0
1772064, 9101604, 0, 0
1772064, 10091371, 1, 0
1773075, 7464966, 0, 0
1773142, 21468369, 1, 0
1774095, 8179739, 0, 0
1774214, 13761119, 1, 0
1775041, 8554783, 0, 0
1775041, 6485674, 1, 0
1776005, 9371068, 1, 0
1776006, 7554656, 0, 0
1777078, 10592775, 0, 0
1777175, 4081970, 1, 0
1778045, 10189610, 0, 0
1778045, 7511980, 1, 0
1779045, 7812357, 0, 0
1779127, 24745710, 1, 0
1780049, 9160971, 1, 0
1780049, 9108510, 0, 0
1781059, 20278437, 1, 0
1781059, 6703178, 0, 0
1782029, 11007750, 0, 0
1782029, 7208769, 1, 0
1783067, 8104487, 0, 0
1783067, 9598310, 1, 0
1784046, 11104548, 0, 0
1784148, 6411784, 1, 0
1785006, 8640695, 0, 0
1785006, 5696141, 1, 0
1786009, 7921293, 0, 0
1786009, 9587122, 1, 0
1787055, 21735964, 1, 0
1787055, 6360783, 0, 0
1788034, 9457289, 0, 0
1788034, 15464554, 1, 0
1789064, 8946606, 0, 0
1789156, 21668734, 1, 0
1790084, 8696898, 0, 0
1790084, 6798088, 1, 0
1791044, 12703723, 1, 0
1791044, 6980129, 0, 0
1792064, 8591552, 0, 0
1792064, 14658455, 1, 0
1793050, 7848541, 0, 0
1793050, 12274220, 1, 0
1794060, 8288529, 0, 0
1794130, 13727550, 1, 0
1795045, 11433539, 1, 0
1795045, 11278899, 0, 0
1796079, 8870615, 0, 0
1796079, 16755111, 1, 0
1797024, 7815472, 0, 0
1797149, 16900938, 1, 0
1798041, 10326400, 0, 0
1798041, 4300122, 1, 0
1799003, 8905399, 0, 0
1799004, 8055485, 1, 0
1800072, 8870435, 0, 0
1800259, 7789388, 1, 0
