999, 248, 0, 0
999, 84, 1, 0
1999, 436, 0, 0
1999, 104, 1, 0
3000, 316, 0, 0
3000, 96, 1, 0
3999, 404, 0, 0
3999, 64, 1, 0
4999, 364, 0, 0
4999, 96, 1, 0
6000, 392, 0, 0
6000, 52, 1, 0
7000, 348, 0, 0
7000, 96, 1, 0
7999, 336, 0, 0
7999, 108, 1, 0
9000, 388, 0, 0
9000, 80, 1, 0
9999, 388, 0, 0
9999, 116, 1, 0
10999, 388, 0, 0
10999, 96, 1, 0
12000, 376, 0, 0
12000, 100, 1, 0
13000, 352, 0, 0
13000, 100, 1, 0
13999, 364, 0, 0
13999, 88, 1, 0
15000, 380, 0, 0
15000, 76, 1, 0
16000, 360, 0, 0
16000, 92, 1, 0
16999, 368, 0, 0
16999, 68, 1, 0
17999, 316, 0, 0
17999, 68, 1, 0
19000, 388, 0, 0
19000, 76, 1, 0
19999, 408, 0, 0
19999, 100, 1, 0
21000, 432, 0, 0
21000, 120, 1, 0
22000, 340, 0, 0
22000, 96, 1, 0
22999, 388, 0, 0
22999, 92, 1, 0
24000, 388, 0, 0
24000, 100, 1, 0
25000, 384, 0, 0
25000, 96, 1, 0
25999, 360, 0, 0
25999, 80, 1, 0
27000, 368, 0, 0
27000, 80, 1, 0
28000, 416, 0, 0
28000, 100, 1, 0
28999, 380, 0, 0
28999, 84, 1, 0
30000, 384, 0, 0
30000, 92, 1, 0
30999, 352, 0, 0
30999, 72, 1, 0
31999, 384, 0, 0
31999, 68, 1, 0
33000, 368, 0, 0
33000, 72, 1, 0
33999, 404, 0, 0
33999, 96, 1, 0
35000, 340, 0, 0
35000, 144, 1, 0
36000, 368, 0, 0
36000, 64, 1, 0
36999, 340, 0, 0
36999, 84, 1, 0
38000, 388, 0, 0
38000, 92, 1, 0
39000, 408, 0, 0
39000, 104, 1, 0
39999, 332, 0, 0
39999, 104, 1, 0
41000, 392, 0, 0
41000, 68, 1, 0
41999, 384, 0, 0
41999, 112, 1, 0
42999, 376, 0, 0
42999, 88, 1, 0
44000, 352, 0, 0
44000, 92, 1, 0
44999, 380, 0, 0
44999, 88, 1, 0
46000, 416, 0, 0
46000, 132, 1, 0
47000, 416, 0, 0
47000, 140, 1, 0
47999, 376, 0, 0
47999, 96, 1, 0
49000, 380, 0, 0
49000, 68, 1, 0
50000, 344, 0, 0
50000, 64, 1, 0
50999, 376, 0, 0
50999, 64, 1, 0
52000, 380, 0, 0
52000, 156, 1, 0
53000, 384, 0, 0
53000, 104, 1, 0
53999, 364, 0, 0
53999, 104, 1, 0
55000, 348, 0, 0
55000, 92, 1, 0
56000, 360, 0, 0
56000, 72, 1, 0
56999, 348, 0, 0
56999, 120, 1, 0
58000, 460, 0, 0
58000, 84, 1, 0
58999, 388, 0, 0
58999, 84, 1, 0
59999, 332, 0, 0
59999, 96, 1, 0
61000, 424, 0, 0
61000, 100, 1, 0
61999, 368, 0, 0
61999, 128, 1, 0
62999, 396, 0, 0
62999, 112, 1, 0
64000, 396, 0, 0
64000, 136, 1, 0
65000, 344, 0, 0
65000, 76, 1, 0
65999, 352, 0, 0
65999, 128, 1, 0
67000, 360, 0, 0
67000, 136, 1, 0
68000, 352, 0, 0
68000, 124, 1, 0
68999, 344, 0, 0
68999, 92, 1, 0
70000, 384, 0, 0
70000, 92, 1, 0
71000, 300, 0, 0
71000, 68, 1, 0
71999, 404, 0, 0
71999, 112, 1, 0
73000, 344, 0, 0
73000, 104, 1, 0
74000, 380, 0, 0
74000, 100, 1, 0
74999, 404, 0, 0
74999, 100, 1, 0
76000, 364, 0, 0
76000, 116, 1, 0
77000, 384, 0, 0
77000, 128, 1, 0
77999, 396, 0, 0
77999, 120, 1, 0
79000, 344, 0, 0
79000, 92, 1, 0
79999, 384, 0, 0
79999, 88, 1, 0
80999, 392, 0, 0
80999, 76, 1, 0
82000, 368, 0, 0
82000, 104, 1, 0
83000, 348, 0, 0
83000, 44, 1, 0
83999, 400, 0, 0
83999, 100, 1, 0
85000, 392, 0, 0
85000, 88, 1, 0
85999, 336, 0, 0
85999, 64, 1, 0
86999, 392, 0, 0
86999, 84, 1, 0
88000, 372, 0, 0
88000, 136, 1, 0
88999, 396, 0, 0
88999, 120, 1, 0
89999, 384, 0, 0
89999, 68, 1, 0
91000, 416, 0, 0
91000, 48, 1, 0
91999, 332, 0, 0
91999, 72, 1, 0
92999, 364, 0, 0
92999, 84, 1, 0
94000, 424, 0, 0
94000, 100, 1, 0
94999, 340, 0, 0
94999, 84, 1, 0
95999, 428, 0, 0
95999, 96, 1, 0
97000, 388, 0, 0
97000, 120, 1, 0
97999, 436, 0, 0
97999, 88, 1, 0
98999, 360, 0, 0
98999, 120, 1, 0
100000, 364, 0, 0
100000, 104, 1, 0
100999, 396, 0, 0
100999, 68, 1, 0
101999, 396, 0, 0
101999, 72, 1, 0
103000, 400, 0, 0
103000, 76, 1, 0
104000, 380, 0, 0
104000, 124, 1, 0
105000, 416, 0, 0
105000, 80, 1, 0
106000, 392, 0, 0
106000, 100, 1, 0
106999, 396, 0, 0
106999, 100, 1, 0
108000, 396, 0, 0
108000, 92, 1, 0
109000, 380, 0, 0
109000, 88, 1, 0
109999, 412, 0, 0
109999, 120, 1, 0
111000, 352, 0, 0
111000, 100, 1, 0
112000, 384, 0, 0
112000, 108, 1, 0
112999, 376, 0, 0
112999, 88, 1, 0
114000, 400, 0, 0
114000, 96, 1, 0
114999, 368, 0, 0
114999, 64, 1, 0
115999, 480, 0, 0
115999, 132, 1, 0
117000, 360, 0, 0
117000, 68, 1, 0
117999, 424, 0, 0
117999, 60, 1, 0
119000, 380, 0, 0
119000, 128, 1, 0
120000, 380, 0, 0
120000, 88, 1, 0
120999, 412, 0, 0
120999, 92, 1, 0
122000, 316, 0, 0
122000, 80, 1, 0
123000, 468, 0, 0
123000, 156, 1, 0
123999, 316, 0, 0
123999, 120, 1, 0
125000, 432, 0, 0
125000, 108, 1, 0
126000, 388, 0, 0
126000, 84, 1, 0
126999, 420, 0, 0
126999, 96, 1, 0
128000, 340, 0, 0
128000, 104, 1, 0
128999, 416, 0, 0
128999, 84, 1, 0
129999, 396, 0, 0
129999, 104, 1, 0
131000, 368, 0, 0
131000, 72, 1, 0
131999, 384, 0, 0
131999, 104, 1, 0
133000, 384, 0, 0
133000, 92, 1, 0
134000, 400, 0, 0
134000, 80, 1, 0
134999, 392, 0, 0
134999, 92, 1, 0
136000, 380, 0, 0
136000, 108, 1, 0
137000, 400, 0, 0
137000, 80, 1, 0
137999, 392, 0, 0
137999, 116, 1, 0
139000, 376, 0, 0
139000, 72, 1, 0
139999, 388, 0, 0
139999, 76, 1, 0
140999, 372, 0, 0
140999, 144, 1, 0
142000, 400, 0, 0
142000, 84, 1, 0
142999, 444, 0, 0
142999, 80, 1, 0
143999, 380, 0, 0
143999, 104, 1, 0
145000, 384, 0, 0
145000, 112, 1, 0
145999, 376, 0, 0
145999, 56, 1, 0
146999, 428, 0, 0
146999, 104, 1, 0
148000, 416, 0, 0
148000, 112, 1, 0
148999, 372, 0, 0
148999, 104, 1, 0
149999, 436, 0, 0
149999, 92, 1, 0
151000, 372, 0, 0
151000, 136, 1, 0
151999, 424, 0, 0
151999, 92, 1, 0
152999, 396, 0, 0
152999, 128, 1, 0
154000, 388, 0, 0
154000, 116, 1, 0
154999, 392, 0, 0
154999, 80, 1, 0
155999, 412, 0, 0
155999, 96, 1, 0
157000, 372, 0, 0
157000, 108, 1, 0
157999, 412, 0, 0
157999, 96, 1, 0
158999, 404, 0, 0
158999, 72, 1, 0
160000, 388, 0, 0
160000, 92, 1, 0
160999, 380, 0, 0
160999, 120, 1, 0
161999, 380, 0, 0
161999, 88, 1, 0
163000, 412, 0, 0
163000, 96, 1, 0
163999, 368, 0, 0
163999, 108, 1, 0
165000, 408, 0, 0
165000, 104, 1, 0
166000, 476, 0, 0
166000, 84, 1, 0
166999, 384, 0, 0
166999, 120, 1, 0
168000, 384, 0, 0
168000, 108, 1, 0
169000, 376, 0, 0
169000, 128, 1, 0
169999, 432, 0, 0
169999, 92, 1, 0
171000, 380, 0, 0
171000, 108, 1, 0
171999, 400, 0, 0
171999, 84, 1, 0
172999, 412, 0, 0
172999, 116, 1, 0
173999, 352, 0, 0
173999, 88, 1, 0
175000, 372, 0, 0
175000, 116, 1, 0
175999, 376, 0, 0
175999, 144, 1, 0
176999, 424, 0, 0
176999, 124, 1, 0
178000, 404, 0, 0
178000, 104, 1, 0
178999, 404, 0, 0
178999, 104, 1, 0
179999, 356, 0, 0
179999, 124, 1, 0
181000, 400, 0, 0
181000, 72, 1, 0
181999, 420, 0, 0
181999, 64, 1, 0
182999, 440, 0, 0
182999, 96, 1, 0
184000, 396, 0, 0
184000, 92, 1, 0
184999, 404, 0, 0
184999, 96, 1, 0
185999, 400, 0, 0
185999, 108, 1, 0
187000, 384, 0, 0
187000, 108, 1, 0
187999, 428, 0, 0
187999, 132, 1, 0
188999, 388, 0, 0
188999, 96, 1, 0
190000, 376, 0, 0
190000, 100, 1, 0
191000, 432, 0, 0
191000, 68, 1, 0
191999, 392, 0, 0
191999, 128, 1, 0
193000, 400, 0, 0
193000, 120, 1, 0
193999, 420, 0, 0
193999, 116, 1, 0
194999, 396, 0, 0
194999, 88, 1, 0
196000, 384, 0, 0
196000, 84, 1, 0
197000, 400, 0, 0
197000, 108, 1, 0
197999, 368, 0, 0
197999, 80, 1, 0
199000, 392, 0, 0
199000, 104, 1, 0
200000, 420, 0, 0
200000, 108, 1, 0
200999, 436, 0, 0
200999, 84, 1, 0
202000, 392, 0, 0
202000, 160, 1, 0
203000, 392, 0, 0
203000, 88, 1, 0
203999, 440, 0, 0
203999, 104, 1, 0
205000, 368, 0, 0
205000, 116, 1, 0
205999, 404, 0, 0
205999, 88, 1, 0
207000, 340, 0, 0
207000, 120, 1, 0
208000, 424, 0, 0
208000, 72, 1, 0
208999, 408, 0, 0
208999, 100, 1, 0
210000, 408, 0, 0
210000, 76, 1, 0
211000, 412, 0, 0
211000, 88, 1, 0
211999, 400, 0, 0
211999, 88, 1, 0
213000, 440, 0, 0
213000, 108, 1, 0
213999, 388, 0, 0
213999, 104, 1, 0
214999, 396, 0, 0
214999, 100, 1, 0
216000, 400, 0, 0
216000, 100, 1, 0
217000, 432, 0, 0
217000, 80, 1, 0
217999, 388, 0, 0
217999, 108, 1, 0
219000, 384, 0, 0
219000, 80, 1, 0
220000, 376, 0, 0
220000, 68, 1, 0
220999, 384, 0, 0
220999, 76, 1, 0
221999, 468, 0, 0
221999, 100, 1, 0
223000, 400, 0, 0
223000, 116, 1, 0
223999, 384, 0, 0
223999, 140, 1, 0
225000, 420, 0, 0
225000, 120, 1, 0
226000, 356, 0, 0
226000, 96, 1, 0
226999, 412, 0, 0
226999, 80, 1, 0
228000, 368, 0, 0
228000, 80, 1, 0
228999, 464, 0, 0
228999, 140, 1, 0
229999, 420, 0, 0
229999, 108, 1, 0
231000, 368, 0, 0
231000, 100, 1, 0
232000, 400, 0, 0
232000, 88, 1, 0
232999, 408, 0, 0
232999, 100, 1, 0
234000, 408, 0, 0
234000, 124, 1, 0
234999, 408, 0, 0
234999, 64, 1, 0
235999, 436, 0, 0
235999, 120, 1, 0
237000, 384, 0, 0
237000, 108, 1, 0
238000, 420, 0, 0
238000, 116, 1, 0
238999, 388, 0, 0
238999, 88, 1, 0
240000, 376, 0, 0
240000, 72, 1, 0
241000, 396, 0, 0
241000, 172, 1, 0
241999, 420, 0, 0
241999, 84, 1, 0
243000, 420, 0, 0
243000, 80, 1, 0
244000, 376, 0, 0
244000, 108, 1, 0
244999, 444, 0, 0
244999, 116, 1, 0
246000, 400, 0, 0
246000, 104, 1, 0
247000, 420, 0, 0
247000, 108, 1, 0
247999, 388, 0, 0
247999, 136, 1, 0
249000, 388, 0, 0
249000, 104, 1, 0
250000, 428, 0, 0
250000, 88, 1, 0
250999, 364, 0, 0
250999, 88, 1, 0
252000, 388, 0, 0
252000, 68, 1, 0
253000, 416, 0, 0
253000, 116, 1, 0
253999, 460, 0, 0
253999, 120, 1, 0
255000, 392, 0, 0
255000, 80, 1, 0
256000, 412, 0, 0
256000, 72, 1, 0
256999, 412, 0, 0
256999, 96, 1, 0
258000, 436, 0, 0
258000, 132, 1, 0
259000, 332, 0, 0
259000, 100, 1, 0
259999, 440, 0, 0
259999, 84, 1, 0
260999, 352, 0, 0
260999, 112, 1, 0
262000, 436, 0, 0
262000, 124, 1, 0
262999, 380, 0, 0
262999, 92, 1, 0
263999, 456, 0, 0
263999, 116, 1, 0
265000, 372, 0, 0
265000, 116, 1, 0
265999, 408, 0, 0
265999, 112, 1, 0
266999, 404, 0, 0
266999, 96, 1, 0
268000, 456, 0, 0
268000, 88, 1, 0
268999, 412, 0, 0
268999, 148, 1, 0
270000, 396, 0, 0
270000, 96, 1, 0
271000, 420, 0, 0
271000, 140, 1, 0
271999, 372, 0, 0
271999, 100, 1, 0
272999, 400, 0, 0
272999, 76, 1, 0
274000, 404, 0, 0
274000, 128, 1, 0
274999, 432, 0, 0
274999, 96, 1, 0
275999, 344, 0, 0
275999, 104, 1, 0
277000, 432, 0, 0
277000, 72, 1, 0
277999, 380, 0, 0
277999, 80, 1, 0
279000, 408, 0, 0
279000, 120, 1, 0
280000, 392, 0, 0
280000, 84, 1, 0
280999, 432, 0, 0
280999, 108, 1, 0
281999, 420, 0, 0
281999, 108, 1, 0
283000, 436, 0, 0
283000, 92, 1, 0
284000, 356, 0, 0
284000, 104, 1, 0
284999, 448, 0, 0
284999, 116, 1, 0
286000, 376, 0, 0
286000, 108, 1, 0
287000, 452, 0, 0
287000, 112, 1, 0
287999, 376, 0, 0
287999, 96, 1, 0
289000, 404, 0, 0
289000, 124, 1, 0
290000, 396, 0, 0
290000, 92, 1, 0
290999, 404, 0, 0
290999, 96, 1, 0
292000, 416, 0, 0
292000, 116, 1, 0
292999, 440, 0, 0
292999, 92, 1, 0
293999, 376, 0, 0
293999, 120, 1, 0
295000, 412, 0, 0
295000, 136, 1, 0
296000, 416, 0, 0
296000, 148, 1, 0
296999, 400, 0, 0
296999, 72, 1, 0
298000, 464, 0, 0
298000, 112, 1, 0
299000, 416, 0, 0
299000, 100, 1, 0
299999, 448, 0, 0
299999, 116, 1, 0
301000, 372, 0, 0
301000, 120, 1, 0
302000, 420, 0, 0
302000, 48, 1, 0
302999, 384, 0, 0
302999, 116, 1, 0
304000, 440, 0, 0
304000, 96, 1, 0
305000, 384, 0, 0
305000, 92, 1, 0
305999, 392, 0, 0
305999, 64, 1, 0
307000, 416, 0, 0
307000, 132, 1, 0
307999, 372, 0, 0
307999, 92, 1, 0
308999, 420, 0, 0
308999, 104, 1, 0
310000, 372, 0, 0
310000, 64, 1, 0
310999, 420, 0, 0
310999, 60, 1, 0
311999, 428, 0, 0
311999, 136, 1, 0
313000, 352, 0, 0
313000, 80, 1, 0
313999, 384, 0, 0
313999, 108, 1, 0
314999, 396, 0, 0
314999, 116, 1, 0
316000, 416, 0, 0
316000, 100, 1, 0
316999, 396, 0, 0
316999, 100, 1, 0
317999, 416, 0, 0
317999, 92, 1, 0
319000, 348, 0, 0
319000, 112, 1, 0
319999, 428, 0, 0
319999, 88, 1, 0
320999, 428, 0, 0
320999, 92, 1, 0
322000, 404, 0, 0
322000, 60, 1, 0
322999, 424, 0, 0
322999, 84, 1, 0
323999, 440, 0, 0
323999, 100, 1, 0
325000, 396, 0, 0
325000, 116, 1, 0
325999, 368, 0, 0
325999, 124, 1, 0
327000, 404, 0, 0
327000, 80, 1, 0
328000, 416, 0, 0
328000, 116, 1, 0
328999, 360, 0, 0
328999, 100, 1, 0
329999, 388, 0, 0
329999, 132, 1, 0
331000, 412, 0, 0
331000, 124, 1, 0
331999, 380, 0, 0
331999, 100, 1, 0
333000, 428, 0, 0
333000, 120, 1, 0
334000, 444, 0, 0
334000, 108, 1, 0
334999, 352, 0, 0
334999, 100, 1, 0
335999, 392, 0, 0
335999, 144, 1, 0
337000, 416, 0, 0
337000, 72, 1, 0
338000, 464, 0, 0
338000, 96, 1, 0
338999, 392, 0, 0
338999, 120, 1, 0
339999, 412, 0, 0
339999, 104, 1, 0
341000, 440, 0, 0
341000, 84, 1, 0
341999, 436, 0, 0
341999, 108, 1, 0
342999, 428, 0, 0
342999, 88, 1, 0
344000, 384, 0, 0
344000, 132, 1, 0
344999, 420, 0, 0
344999, 72, 1, 0
345999, 380, 0, 0
345999, 116, 1, 0
347000, 420, 0, 0
347000, 160, 1, 0
347999, 444, 0, 0
347999, 100, 1, 0
348999, 424, 0, 0
348999, 128, 1, 0
350000, 432, 0, 0
350000, 144, 1, 0
350999, 420, 0, 0
350999, 108, 1, 0
351999, 396, 0, 0
351999, 100, 1, 0
353000, 456, 0, 0
353000, 76, 1, 0
353999, 364, 0, 0
353999, 96, 1, 0
354999, 440, 0, 0
354999, 64, 1, 0
356000, 416, 0, 0
356000, 116, 1, 0
357000, 448, 0, 0
357000, 108, 1, 0
357999, 408, 0, 0
357999, 84, 1, 0
358999, 396, 0, 0
358999, 100, 1, 0
360000, 424, 0, 0
360000, 92, 1, 0
361000, 356, 0, 0
361000, 104, 1, 0
361999, 436, 0, 0
361999, 84, 1, 0
363000, 384, 0, 0
363000, 88, 1, 0
364000, 432, 0, 0
364000, 80, 1, 0
364999, 452, 0, 0
364999, 128, 1, 0
366000, 396, 0, 0
366000, 96, 1, 0
367000, 396, 0, 0
367000, 108, 1, 0
367999, 404, 0, 0
367999, 96, 1, 0
368999, 460, 0, 0
368999, 104, 1, 0
370000, 376, 0, 0
370000, 112, 1, 0
371000, 256, 0, 0
371000, 68, 1, 0
371999, 400, 0, 0
371999, 68, 1, 0
373000, 348, 0, 0
373000, 96, 1, 0
374000, 352, 0, 0
374000, 48, 1, 0
374999, 328, 0, 0
374999, 84, 1, 0
376000, 376, 0, 0
376000, 76, 1, 0
377000, 412, 0, 0
377000, 104, 1, 0
377999, 432, 0, 0
377999, 76, 1, 0
379000, 444, 0, 0
379000, 116, 1, 0
380000, 348, 0, 0
380000, 72, 1, 0
381000, 480, 0, 0
381000, 128, 1, 0
382000, 428, 0, 0
382000, 60, 1, 0
383000, 392, 0, 0
383000, 148, 1, 0
383999, 408, 0, 0
383999, 108, 1, 0
384999, 296, 0, 0
384999, 76, 1, 0
386000, 360, 0, 0
386000, 92, 1, 0
386999, 400, 0, 0
386999, 104, 1, 0
388000, 404, 0, 0
388000, 100, 1, 0
389000, 396, 0, 0
389000, 96, 1, 0
389999, 428, 0, 0
389999, 124, 1, 0
391000, 384, 0, 0
391000, 128, 1, 0
391999, 432, 0, 0
391999, 92, 1, 0
392999, 428, 0, 0
392999, 116, 1, 0
394000, 388, 0, 0
394000, 140, 1, 0
395000, 328, 0, 0
395000, 84, 1, 0
395999, 476, 0, 0
395999, 148, 1, 0
397000, 488, 0, 0
397000, 148, 1, 0
398000, 484, 0, 0
398000, 136, 1, 0
398999, 480, 0, 0
398999, 100, 1, 0
400000, 392, 0, 0
400000, 116, 1, 0
401000, 364, 0, 0
401000, 84, 1, 0
401999, 448, 0, 0
401999, 84, 1, 0
403000, 440, 0, 0
403000, 88, 1, 0
404000, 464, 0, 0
404000, 76, 1, 0
404999, 388, 0, 0
404999, 68, 1, 0
405999, 440, 0, 0
405999, 136, 1, 0
407000, 404, 0, 0
407000, 116, 1, 0
408000, 368, 0, 0
408000, 100, 1, 0
408999, 352, 0, 0
408999, 96, 1, 0
410000, 296, 0, 0
410000, 64, 1, 0
411000, 308, 0, 0
411000, 96, 1, 0
411999, 324, 0, 0
411999, 96, 1, 0
413000, 408, 0, 0
413000, 72, 1, 0
413999, 456, 0, 0
413999, 72, 1, 0
414999, 444, 0, 0
414999, 108, 1, 0
416000, 376, 0, 0
416000, 112, 1, 0
416999, 456, 0, 0
416999, 96, 1, 0
417999, 340, 0, 0
417999, 136, 1, 0
419000, 388, 0, 0
419000, 84, 1, 0
420000, 416, 0, 0
420000, 104, 1, 0
420999, 548, 0, 0
420999, 120, 1, 0
422000, 500, 0, 0
422000, 108, 1, 0
423000, 412, 0, 0
423000, 124, 1, 0
423999, 536, 0, 0
423999, 168, 1, 0
424999, 428, 0, 0
424999, 116, 1, 0
426000, 592, 0, 0
426000, 144, 1, 0
426999, 452, 0, 0
426999, 108, 1, 0
427999, 368, 0, 0
427999, 84, 1, 0
429000, 392, 0, 0
429000, 80, 1, 0
430000, 372, 0, 0
430000, 124, 1, 0
430999, 316, 0, 0
430999, 104, 1, 0
432000, 428, 0, 0
432000, 80, 1, 0
432999, 388, 0, 0
432999, 76, 1, 0
433999, 364, 0, 0
433999, 72, 1, 0
435000, 416, 0, 0
435000, 104, 1, 0
436000, 360, 0, 0
436000, 112, 1, 0
436999, 352, 0, 0
436999, 100, 1, 0
437999, 316, 0, 0
437999, 108, 1, 0
439000, 344, 0, 0
439000, 48, 1, 0
439999, 468, 0, 0
439999, 124, 1, 0
440999, 352, 0, 0
440999, 52, 1, 0
442000, 392, 0, 0
442000, 64, 1, 0
443000, 416, 0, 0
443000, 108, 1, 0
443999, 356, 0, 0
443999, 76, 1, 0
445000, 412, 0, 0
445000, 104, 1, 0
446000, 412, 0, 0
446000, 92, 1, 0
446999, 448, 0, 0
446999, 64, 1, 0
447999, 396, 0, 0
447999, 80, 1, 0
449000, 256, 0, 0
449000, 92, 1, 0
449999, 396, 0, 0
449999, 92, 1, 0
450999, 416, 0, 0
450999, 116, 1, 0
452000, 420, 0, 0
452000, 104, 1, 0
453000, 408, 0, 0
453000, 100, 1, 0
453999, 304, 0, 0
453999, 60, 1, 0
455000, 372, 0, 0
455000, 100, 1, 0
456000, 408, 0, 0
456000, 124, 1, 0
456999, 388, 0, 0
456999, 128, 1, 0
458000, 464, 0, 0
458000, 160, 1, 0
459000, 516, 0, 0
459000, 184, 1, 0
459999, 332, 0, 0
459999, 80, 1, 0
460999, 352, 0, 0
460999, 108, 1, 0
461999, 528, 0, 0
461999, 144, 1, 0
462999, 440, 0, 0
462999, 148, 1, 0
464000, 296, 0, 0
464000, 80, 1, 0
465000, 408, 0, 0
465000, 112, 1, 0
465999, 448, 0, 0
465999, 124, 1, 0
467000, 440, 0, 0
467000, 52, 1, 0
468000, 340, 0, 0
468000, 84, 1, 0
468999, 416, 0, 0
468999, 112, 1, 0
470000, 344, 0, 0
470000, 92, 1, 0
471000, 348, 0, 0
471000, 56, 1, 0
471999, 356, 0, 0
471999, 104, 1, 0
473000, 452, 0, 0
473000, 52, 1, 0
474000, 364, 0, 0
474000, 100, 1, 0
474999, 416, 0, 0
474999, 128, 1, 0
476000, 416, 0, 0
476000, 108, 1, 0
477000, 480, 0, 0
477000, 148, 1, 0
477999, 400, 0, 0
477999, 96, 1, 0
479000, 348, 0, 0
479000, 80, 1, 0
480000, 260, 0, 0
480000, 68, 1, 0
480999, 416, 0, 0
480999, 116, 1, 0
481999, 296, 0, 0
481999, 56, 1, 0
483000, 432, 0, 0
483000, 76, 1, 0
483999, 360, 0, 0
483999, 64, 1, 0
484999, 408, 0, 0
484999, 92, 1, 0
486000, 332, 0, 0
486000, 88, 1, 0
486999, 384, 0, 0
486999, 92, 1, 0
487999, 392, 0, 0
487999, 124, 1, 0
489000, 356, 0, 0
489000, 76, 1, 0
490000, 384, 0, 0
490000, 88, 1, 0
490999, 236, 0, 0
490999, 68, 1, 0
492000, 376, 0, 0
492000, 96, 1, 0
492999, 512, 0, 0
492999, 96, 1, 0
493999, 424, 0, 0
493999, 128, 1, 0
495000, 444, 0, 0
495000, 120, 1, 0
496000, 396, 0, 0
496000, 112, 1, 0
496999, 300, 0, 0
496999, 88, 1, 0
498000, 360, 0, 0
498000, 64, 1, 0
499000, 520, 0, 0
499000, 104, 1, 0
499999, 380, 0, 0
499999, 108, 1, 0
501000, 444, 0, 0
501000, 104, 1, 0
502000, 420, 0, 0
502000, 100, 1, 0
502999, 312, 0, 0
502999, 64, 1, 0
504000, 408, 0, 0
504000, 124, 1, 0
505000, 436, 0, 0
505000, 84, 1, 0
505999, 388, 0, 0
505999, 148, 1, 0
507000, 416, 0, 0
507000, 92, 1, 0
508000, 324, 0, 0
508000, 96, 1, 0
508999, 388, 0, 0
508999, 96, 1, 0
510000, 380, 0, 0
510000, 100, 1, 0
510999, 444, 0, 0
510999, 96, 1, 0
512000, 356, 0, 0
512000, 104, 1, 0
513000, 424, 0, 0
513000, 144, 1, 0
513999, 272, 0, 0
513999, 88, 1, 0
515000, 328, 0, 0
515000, 92, 1, 0
515999, 296, 0, 0
515999, 80, 1, 0
516999, 328, 0, 0
516999, 92, 1, 0
518000, 308, 0, 0
518000, 68, 1, 0
519000, 316, 0, 0
519000, 64, 1, 0
519999, 372, 0, 0
519999, 120, 1, 0
521000, 284, 0, 0
521000, 52, 1, 0
521999, 300, 0, 0
521999, 36, 1, 0
522999, 268, 0, 0
522999, 64, 1, 0
524000, 328, 0, 0
524000, 88, 1, 0
524999, 320, 0, 0
524999, 64, 1, 0
525999, 384, 0, 0
525999, 52, 1, 0
527000, 328, 0, 0
527000, 80, 1, 0
527999, 324, 0, 0
527999, 40, 1, 0
529000, 376, 0, 0
529000, 104, 1, 0
530000, 312, 0, 0
530000, 28, 1, 0
530999, 304, 0, 0
530999, 112, 1, 0
532000, 332, 0, 0
532000, 52, 1, 0
532999, 332, 0, 0
532999, 76, 1, 0
533999, 256, 0, 0
533999, 72, 1, 0
535000, 404, 0, 0
535000, 104, 1, 0
535999, 352, 0, 0
535999, 92, 1, 0
536999, 352, 0, 0
536999, 44, 1, 0
538000, 232, 0, 0
538000, 68, 1, 0
538999, 296, 0, 0
538999, 88, 1, 0
539999, 280, 0, 0
539999, 52, 1, 0
541000, 344, 0, 0
541000, 64, 1, 0
541999, 380, 0, 0
541999, 108, 1, 0
543000, 312, 0, 0
543000, 92, 1, 0
544000, 360, 0, 0
544000, 64, 1, 0
544999, 344, 0, 0
544999, 60, 1, 0
546000, 352, 0, 0
546000, 48, 1, 0
547000, 308, 0, 0
547000, 68, 1, 0
547999, 312, 0, 0
547999, 96, 1, 0
549000, 268, 0, 0
549000, 68, 1, 0
549999, 348, 0, 0
549999, 88, 1, 0
550999, 324, 0, 0
550999, 120, 1, 0
552000, 320, 0, 0
552000, 72, 1, 0
552999, 292, 0, 0
552999, 60, 1, 0
553999, 296, 0, 0
553999, 60, 1, 0
555000, 328, 0, 0
555000, 76, 1, 0
555999, 292, 0, 0
555999, 68, 1, 0
556999, 336, 0, 0
556999, 116, 1, 0
558000, 328, 0, 0
558000, 80, 1, 0
558999, 288, 0, 0
558999, 76, 1, 0
560000, 332, 0, 0
560000, 84, 1, 0
561000, 324, 0, 0
561000, 136, 1, 0
561999, 324, 0, 0
561999, 88, 1, 0
563000, 328, 0, 0
563000, 88, 1, 0
564000, 344, 0, 0
564000, 76, 1, 0
564999, 368, 0, 0
564999, 52, 1, 0
566000, 328, 0, 0
566000, 112, 1, 0
567000, 264, 0, 0
567000, 68, 1, 0
567999, 320, 0, 0
567999, 56, 1, 0
569000, 336, 0, 0
569000, 84, 1, 0
570000, 296, 0, 0
570000, 92, 1, 0
570999, 276, 0, 0
570999, 84, 1, 0
572000, 272, 0, 0
572000, 136, 1, 0
572999, 312, 0, 0
572999, 88, 1, 0
573999, 292, 0, 0
573999, 64, 1, 0
575000, 336, 0, 0
575000, 88, 1, 0
575999, 336, 0, 0
575999, 56, 1, 0
577000, 372, 0, 0
577000, 100, 1, 0
578000, 260, 0, 0
578000, 60, 1, 0
578999, 376, 0, 0
578999, 96, 1, 0
580000, 252, 0, 0
580000, 92, 1, 0
581000, 368, 0, 0
581000, 60, 1, 0
581999, 340, 0, 0
581999, 80, 1, 0
583000, 312, 0, 0
583000, 96, 1, 0
584000, 464, 0, 0
584000, 88, 1, 0
584999, 344, 0, 0
584999, 100, 1, 0
586000, 252, 0, 0
586000, 96, 1, 0
586999, 344, 0, 0
586999, 68, 1, 0
588000, 348, 0, 0
588000, 60, 1, 0
589000, 284, 0, 0
589000, 96, 1, 0
589999, 316, 0, 0
589999, 100, 1, 0
591000, 304, 0, 0
591000, 80, 1, 0
592000, 264, 0, 0
592000, 68, 1, 0
592999, 312, 0, 0
592999, 56, 1, 0
594000, 372, 0, 0
594000, 80, 1, 0
594999, 368, 0, 0
594999, 76, 1, 0
596000, 396, 0, 0
596000, 64, 1, 0
597000, 216, 0, 0
597000, 40, 1, 0
598000, 320, 0, 0
598000, 100, 1, 0
599000, 320, 0, 0
599000, 68, 1, 0
600000, 420, 0, 0
600000, 76, 1, 0
600999, 396, 0, 0
600999, 48, 1, 0
602000, 252, 0, 0
602000, 84, 1, 0
603000, 336, 0, 0
603000, 68, 1, 0
603999, 340, 0, 0
603999, 80, 1, 0
605000, 324, 0, 0
605000, 60, 1, 0
606000, 360, 0, 0
606000, 84, 1, 0
606999, 268, 0, 0
606999, 68, 1, 0
608000, 328, 0, 0
608000, 56, 1, 0
609000, 264, 0, 0
609000, 80, 1, 0
609999, 340, 0, 0
609999, 88, 1, 0
611000, 312, 0, 0
611000, 96, 1, 0
612000, 360, 0, 0
612000, 96, 1, 0
612999, 348, 0, 0
612999, 60, 1, 0
614000, 364, 0, 0
614000, 100, 1, 0
614999, 400, 0, 0
614999, 72, 1, 0
615999, 300, 0, 0
615999, 72, 1, 0
617000, 364, 0, 0
617000, 64, 1, 0
617999, 388, 0, 0
617999, 64, 1, 0
619000, 244, 0, 0
619000, 48, 1, 0
620000, 324, 0, 0
620000, 116, 1, 0
620999, 312, 0, 0
620999, 80, 1, 0
622000, 384, 0, 0
622000, 56, 1, 0
622999, 348, 0, 0
622999, 100, 1, 0
623999, 356, 0, 0
623999, 60, 1, 0
625000, 316, 0, 0
625000, 80, 1, 0
625999, 380, 0, 0
625999, 48, 1, 0
627000, 304, 0, 0
627000, 96, 1, 0
628000, 336, 0, 0
628000, 84, 1, 0
628999, 332, 0, 0
628999, 88, 1, 0
630000, 268, 0, 0
630000, 56, 1, 0
631000, 424, 0, 0
631000, 120, 1, 0
631999, 392, 0, 0
631999, 60, 1, 0
633000, 280, 0, 0
633000, 72, 1, 0
633999, 376, 0, 0
633999, 100, 1, 0
634999, 256, 0, 0
634999, 56, 1, 0
636000, 240, 0, 0
636000, 52, 1, 0
636999, 308, 0, 0
636999, 68, 1, 0
638000, 256, 0, 0
638000, 68, 1, 0
639000, 432, 0, 0
639000, 104, 1, 0
639999, 296, 0, 0
639999, 84, 1, 0
641000, 252, 0, 0
641000, 60, 1, 0
641999, 308, 0, 0
641999, 48, 1, 0
642999, 316, 0, 0
642999, 84, 1, 0
644000, 356, 0, 0
644000, 104, 1, 0
644999, 372, 0, 0
644999, 108, 1, 0
645999, 312, 0, 0
645999, 80, 1, 0
647000, 312, 0, 0
647000, 68, 1, 0
647999, 336, 0, 0
647999, 104, 1, 0
649000, 320, 0, 0
649000, 60, 1, 0
650000, 324, 0, 0
650000, 84, 1, 0
650999, 312, 0, 0
650999, 52, 1, 0
652000, 384, 0, 0
652000, 80, 1, 0
653000, 252, 0, 0
653000, 76, 1, 0
653999, 332, 0, 0
653999, 68, 1, 0
655000, 264, 0, 0
655000, 52, 1, 0
655999, 412, 0, 0
655999, 84, 1, 0
656999, 224, 0, 0
656999, 84, 1, 0
658000, 288, 0, 0
658000, 92, 1, 0
659001, 267, 0, 0
659001, 111, 1, 0
660000, 304, 0, 0
660000, 116, 1, 0
661000, 300, 0, 0
661000, 88, 1, 0
662000, 292, 0, 0
662000, 100, 1, 0
663000, 268, 0, 0
663000, 104, 1, 0
664000, 300, 0, 0
664000, 88, 1, 0
665000, 336, 0, 0
665000, 80, 1, 0
666001, 371, 0, 0
666001, 95, 1, 0
667000, 328, 0, 0
667000, 92, 1, 0
668000, 320, 0, 0
668000, 68, 1, 0
669000, 328, 0, 0
669000, 80, 1, 0
670000, 284, 0, 0
670000, 64, 1, 0
671000, 452, 0, 0
671000, 84, 1, 0
672000, 248, 0, 0
672000, 56, 1, 0
673000, 284, 0, 0
673000, 108, 1, 0
674000, 292, 0, 0
674000, 72, 1, 0
675000, 280, 0, 0
675000, 56, 1, 0
676000, 292, 0, 0
676000, 60, 1, 0
677000, 244, 0, 0
677000, 72, 1, 0
678000, 292, 0, 0
678000, 100, 1, 0
679000, 396, 0, 0
679000, 72, 1, 0
680000, 392, 0, 0
680000, 104, 1, 0
681000, 380, 0, 0
681000, 64, 1, 0
682000, 284, 0, 0
682000, 104, 1, 0
683000, 320, 0, 0
683000, 72, 1, 0
684000, 288, 0, 0
684000, 112, 1, 0
685000, 376, 0, 0
685000, 92, 1, 0
686000, 352, 0, 0
686000, 60, 1, 0
687001, 311, 0, 0
687001, 75, 1, 0
688000, 388, 0, 0
688000, 84, 1, 0
689000, 296, 0, 0
689000, 72, 1, 0
690000, 296, 0, 0
690000, 88, 1, 0
691001, 343, 0, 0
691001, 63, 1, 0
692000, 424, 0, 0
692000, 100, 1, 0
693000, 240, 0, 0
693000, 64, 1, 0
694000, 372, 0, 0
694000, 108, 1, 0
695000, 352, 0, 0
695000, 80, 1, 0
696000, 348, 0, 0
696000, 64, 1, 0
697000, 260, 0, 0
697000, 60, 1, 0
698001, 431, 0, 0
698001, 99, 1, 0
699000, 372, 0, 0
699000, 120, 1, 0
700000, 328, 0, 0
700000, 88, 1, 0
701000, 288, 0, 0
701000, 76, 1, 0
702000, 344, 0, 0
702000, 72, 1, 0
703000, 336, 0, 0
703000, 80, 1, 0
704000, 296, 0, 0
704000, 84, 1, 0
705000, 308, 0, 0
705000, 68, 1, 0
706000, 280, 0, 0
706000, 92, 1, 0
707000, 296, 0, 0
707000, 60, 1, 0
708000, 316, 0, 0
708000, 84, 1, 0
709001, 295, 0, 0
709001, 71, 1, 0
710000, 312, 0, 0
710000, 72, 1, 0
711000, 348, 0, 0
711000, 84, 1, 0
712001, 243, 0, 0
712001, 83, 1, 0
713000, 364, 0, 0
713000, 88, 1, 0
714000, 292, 0, 0
714000, 84, 1, 0
715000, 356, 0, 0
715000, 92, 1, 0
716001, 323, 0, 0
716001, 79, 1, 0
717000, 344, 0, 0
717000, 104, 1, 0
718000, 316, 0, 0
718000, 80, 1, 0
718999, 376, 0, 0
718999, 88, 1, 0
720000, 300, 0, 0
720000, 92, 1, 0
721000, 288, 0, 0
721000, 64, 1, 0
721999, 348, 0, 0
721999, 88, 1, 0
722999, 284, 0, 0
722999, 96, 1, 0
723998, 408, 0, 0
723998, 52, 1, 0
724999, 344, 0, 0
724999, 84, 1, 0
725999, 336, 0, 0
725999, 88, 1, 0
726998, 352, 0, 0
726998, 96, 1, 0
727999, 232, 0, 0
727999, 84, 1, 0
728998, 328, 0, 0
728998, 84, 1, 0
729998, 388, 0, 0
729998, 132, 1, 0
730998, 296, 0, 0
730998, 68, 1, 0
731998, 336, 0, 0
731998, 96, 1, 0
732998, 316, 0, 0
732998, 80, 1, 0
733997, 320, 0, 0
733997, 72, 1, 0
734997, 296, 0, 0
734997, 108, 1, 0
735997, 328, 0, 0
735997, 52, 1, 0
736997, 381, 0, 0
736997, 96, 1, 0
737997, 320, 0, 0
737997, 92, 1, 0
738996, 321, 0, 0
738996, 84, 1, 0
739996, 313, 0, 0
739996, 96, 1, 0
740996, 317, 0, 0
740996, 72, 1, 0
741996, 305, 0, 0
741996, 76, 1, 0
742996, 325, 0, 0
742996, 44, 1, 0
743996, 349, 0, 0
743996, 64, 1, 0
744996, 281, 0, 0
744996, 48, 1, 0
745995, 301, 0, 0
745995, 96, 1, 0
746995, 277, 0, 0
746995, 96, 1, 0
747995, 361, 0, 0
747995, 104, 1, 0
748995, 241, 0, 0
748995, 64, 1, 0
749995, 297, 0, 0
749995, 80, 1, 0
750994, 297, 0, 0
750994, 92, 1, 0
751994, 338, 0, 0
751994, 68, 1, 0
752994, 309, 0, 0
752994, 84, 1, 0
753994, 354, 0, 0
753994, 96, 1, 0
754994, 346, 0, 0
754994, 56, 1, 0
755994, 241, 0, 0
755994, 88, 1, 0
756994, 329, 0, 0
756994, 104, 1, 0
757993, 273, 0, 0
757993, 56, 1, 0
758993, 435, 0, 0
758993, 92, 1, 0
759993, 310, 0, 0
759993, 80, 1, 0
760993, 294, 0, 0
760993, 84, 1, 0
761993, 294, 0, 0
761993, 104, 1, 0
762992, 294, 0, 0
762992, 96, 1, 0
763993, 414, 0, 0
763993, 64, 1, 0
764992, 302, 0, 0
764992, 88, 1, 0
765992, 387, 0, 0
765992, 64, 1, 0
766992, 185, 0, 0
766992, 60, 1, 0
767992, 270, 0, 0
767992, 72, 1, 0
768992, 254, 0, 0
768992, 68, 1, 0
769991, 314, 0, 0
769991, 121, 1, 0
770991, 314, 0, 0
770991, 52, 1, 0
771991, 335, 0, 0
771991, 80, 1, 0
772991, 351, 0, 0
772991, 64, 1, 0
773991, 274, 0, 0
773991, 113, 1, 0
775000, 328, 0, 0
775000, 52, 1, 0
775991, 322, 0, 0
775991, 84, 1, 0
776999, 200, 0, 0
776999, 96, 1, 0
778000, 328, 0, 0
778000, 56, 1, 0
778999, 248, 0, 0
778999, 76, 1, 0
779999, 320, 0, 0
779999, 80, 1, 0
781000, 328, 0, 0
781000, 88, 1, 0
781999, 240, 0, 0
781999, 68, 1, 0
783000, 344, 0, 0
783000, 76, 1, 0
784000, 324, 0, 0
784000, 76, 1, 0
784999, 300, 0, 0
784999, 96, 1, 0
785999, 292, 0, 0
785999, 84, 1, 0
787000, 324, 0, 0
787000, 96, 1, 0
788000, 368, 0, 0
788000, 84, 1, 0
788999, 320, 0, 0
788999, 72, 1, 0
790000, 352, 0, 0
790000, 100, 1, 0
791000, 280, 0, 0
791000, 80, 1, 0
791999, 276, 0, 0
791999, 48, 1, 0
793000, 300, 0, 0
793000, 92, 1, 0
794000, 348, 0, 0
794000, 108, 1, 0
794999, 304, 0, 0
794999, 44, 1, 0
796000, 312, 0, 0
796000, 108, 1, 0
796999, 316, 0, 0
796999, 76, 1, 0
797999, 256, 0, 0
797999, 96, 1, 0
799000, 280, 0, 0
799000, 44, 1, 0
800000, 272, 0, 0
800000, 100, 1, 0
800999, 344, 0, 0
800999, 92, 1, 0
802000, 292, 0, 0
802000, 56, 1, 0
802999, 352, 0, 0
802999, 84, 1, 0
804000, 372, 0, 0
804000, 112, 1, 0
805000, 228, 0, 0
805000, 64, 1, 0
805999, 328, 0, 0
805999, 88, 1, 0
807000, 404, 0, 0
807000, 88, 1, 0
808000, 292, 0, 0
808000, 48, 1, 0
808999, 268, 0, 0
808999, 80, 1, 0
810000, 292, 0, 0
810000, 64, 1, 0
810999, 412, 0, 0
810999, 104, 1, 0
811999, 276, 0, 0
811999, 84, 1, 0
813000, 352, 0, 0
813000, 68, 1, 0
813999, 340, 0, 0
813999, 88, 1, 0
815000, 376, 0, 0
815000, 96, 1, 0
816000, 316, 0, 0
816000, 80, 1, 0
816999, 304, 0, 0
816999, 56, 1, 0
818000, 308, 0, 0
818000, 60, 1, 0
819000, 224, 0, 0
819000, 104, 1, 0
819999, 344, 0, 0
819999, 88, 1, 0
821000, 328, 0, 0
821000, 88, 1, 0
821999, 388, 0, 0
821999, 80, 1, 0
823000, 348, 0, 0
823000, 76, 1, 0
824000, 224, 0, 0
824000, 92, 1, 0
824999, 364, 0, 0
824999, 116, 1, 0
826000, 408, 0, 0
826000, 64, 1, 0
827000, 392, 0, 0
827000, 112, 1, 0
827999, 280, 0, 0
827999, 56, 1, 0
829000, 400, 0, 0
829000, 88, 1, 0
829999, 388, 0, 0
829999, 128, 1, 0
830999, 252, 0, 0
830999, 92, 1, 0
832000, 392, 0, 0
832000, 104, 1, 0
832999, 324, 0, 0
832999, 84, 1, 0
833999, 360, 0, 0
833999, 88, 1, 0
835000, 244, 0, 0
835000, 80, 1, 0
835999, 292, 0, 0
835999, 100, 1, 0
836999, 220, 0, 0
836999, 56, 1, 0
838000, 252, 0, 0
838000, 92, 1, 0
838999, 364, 0, 0
838999, 68, 1, 0
840000, 308, 0, 0
840000, 72, 1, 0
841000, 336, 0, 0
841000, 48, 1, 0
841999, 308, 0, 0
841999, 64, 1, 0
843000, 340, 0, 0
843000, 84, 1, 0
843999, 264, 0, 0
843999, 84, 1, 0
845000, 272, 0, 0
845000, 104, 1, 0
846000, 388, 0, 0
846000, 84, 1, 0
846999, 264, 0, 0
846999, 92, 1, 0
848000, 328, 0, 0
848000, 72, 1, 0
849000, 320, 0, 0
849000, 108, 1, 0
849999, 308, 0, 0
849999, 100, 1, 0
851000, 392, 0, 0
851000, 72, 1, 0
851999, 224, 0, 0
851999, 80, 1, 0
853000, 416, 0, 0
853000, 132, 1, 0
854000, 288, 0, 0
854000, 64, 1, 0
854999, 312, 0, 0
854999, 104, 1, 0
856000, 392, 0, 0
856000, 72, 1, 0
856999, 308, 0, 0
856999, 96, 1, 0
858000, 352, 0, 0
858000, 76, 1, 0
859000, 352, 0, 0
859000, 80, 1, 0
859999, 352, 0, 0
859999, 68, 1, 0
861000, 304, 0, 0
861000, 64, 1, 0
862000, 364, 0, 0
862000, 56, 1, 0
862999, 352, 0, 0
862999, 96, 1, 0
864000, 308, 0, 0
864000, 96, 1, 0
864999, 368, 0, 0
864999, 88, 1, 0
866000, 280, 0, 0
866000, 52, 1, 0
867000, 356, 0, 0
867000, 92, 1, 0
867999, 356, 0, 0
867999, 60, 1, 0
869000, 288, 0, 0
869000, 84, 1, 0
869999, 192, 0, 0
869999, 48, 1, 0
870999, 288, 0, 0
870999, 56, 1, 0
872000, 312, 0, 0
872000, 96, 1, 0
872999, 360, 0, 0
872999, 100, 1, 0
874000, 324, 0, 0
874000, 88, 1, 0
875000, 312, 0, 0
875000, 96, 1, 0
875999, 428, 0, 0
875999, 104, 1, 0
876999, 280, 0, 0
876999, 68, 1, 0
878000, 308, 0, 0
878000, 72, 1, 0
878999, 340, 0, 0
878999, 104, 1, 0
880000, 400, 0, 0
880000, 132, 1, 0
881000, 388, 0, 0
881000, 80, 1, 0
881999, 368, 0, 0
881999, 100, 1, 0
882999, 300, 0, 0
882999, 60, 1, 0
884000, 292, 0, 0
884000, 52, 1, 0
884999, 288, 0, 0
884999, 84, 1, 0
886000, 304, 0, 0
886000, 64, 1, 0
887000, 432, 0, 0
887000, 72, 1, 0
887999, 292, 0, 0
887999, 96, 1, 0
889000, 324, 0, 0
889000, 52, 1, 0
890000, 308, 0, 0
890000, 68, 1, 0
890999, 264, 0, 0
890999, 80, 1, 0
892000, 344, 0, 0
892000, 108, 1, 0
893000, 300, 0, 0
893000, 96, 1, 0
893999, 292, 0, 0
893999, 64, 1, 0
895000, 284, 0, 0
895000, 44, 1, 0
895999, 292, 0, 0
895999, 68, 1, 0
896999, 408, 0, 0
896999, 96, 1, 0
898000, 272, 0, 0
898000, 44, 1, 0
898999, 340, 0, 0
898999, 140, 1, 0
899999, 284, 0, 0
899999, 68, 1, 0
901000, 392, 0, 0
901000, 84, 1, 0
902000, 376, 0, 0
902000, 84, 1, 0
903000, 328, 0, 0
903000, 76, 1, 0
904000, 384, 0, 0
904000, 64, 1, 0
904999, 264, 0, 0
904999, 56, 1, 0
906000, 352, 0, 0
906000, 88, 1, 0
906999, 280, 0, 0
906999, 68, 1, 0
907999, 280, 0, 0
907999, 76, 1, 0
909000, 252, 0, 0
909000, 64, 1, 0
909999, 240, 0, 0
909999, 92, 1, 0
911000, 336, 0, 0
911000, 120, 1, 0
912000, 312, 0, 0
912000, 56, 1, 0
912999, 252, 0, 0
912999, 72, 1, 0
914000, 376, 0, 0
914000, 68, 1, 0
915000, 372, 0, 0
915000, 96, 1, 0
915999, 396, 0, 0
915999, 56, 1, 0
917000, 336, 0, 0
917000, 120, 1, 0
917999, 168, 0, 0
917999, 40, 1, 0
919000, 336, 0, 0
919000, 68, 1, 0
920000, 328, 0, 0
920000, 76, 1, 0
920999, 356, 0, 0
920999, 120, 1, 0
922000, 312, 0, 0
922000, 64, 1, 0
922999, 244, 0, 0
922999, 48, 1, 0
923999, 300, 0, 0
923999, 44, 1, 0
925000, 356, 0, 0
925000, 96, 1, 0
925999, 388, 0, 0
925999, 88, 1, 0
927000, 312, 0, 0
927000, 80, 1, 0
928000, 320, 0, 0
928000, 60, 1, 0
928999, 308, 0, 0
928999, 96, 1, 0
930000, 364, 0, 0
930000, 112, 1, 0
930999, 204, 0, 0
930999, 32, 1, 0
932000, 376, 0, 0
932000, 72, 1, 0
933000, 352, 0, 0
933000, 76, 1, 0
933999, 360, 0, 0
933999, 36, 1, 0
935000, 276, 0, 0
935000, 104, 1, 0
935999, 272, 0, 0
935999, 40, 1, 0
937000, 340, 0, 0
937000, 72, 1, 0
938000, 388, 0, 0
938000, 80, 1, 0
938999, 404, 0, 0
938999, 76, 1, 0
940000, 296, 0, 0
940000, 76, 1, 0
941000, 308, 0, 0
941000, 84, 1, 0
941999, 336, 0, 0
941999, 88, 1, 0
943000, 336, 0, 0
943000, 104, 1, 0
943999, 372, 0, 0
943999, 72, 1, 0
944999, 312, 0, 0
944999, 56, 1, 0
946000, 320, 0, 0
946000, 92, 1, 0
946999, 300, 0, 0
946999, 64, 1, 0
948000, 344, 0, 0
948000, 104, 1, 0
949000, 372, 0, 0
949000, 88, 1, 0
949999, 304, 0, 0
949999, 88, 1, 0
951000, 348, 0, 0
951000, 56, 1, 0
951999, 312, 0, 0
951999, 68, 1, 0
952999, 272, 0, 0
952999, 96, 1, 0
954000, 348, 0, 0
954000, 80, 1, 0
954999, 388, 0, 0
954999, 104, 1, 0
956000, 252, 0, 0
956000, 76, 1, 0
957000, 300, 0, 0
957000, 72, 1, 0
957999, 380, 0, 0
957999, 64, 1, 0
959000, 364, 0, 0
959000, 92, 1, 0
960000, 424, 0, 0
960000, 112, 1, 0
960999, 224, 0, 0
960999, 56, 1, 0
962000, 340, 0, 0
962000, 44, 1, 0
963000, 308, 0, 0
963000, 68, 1, 0
963999, 360, 0, 0
963999, 52, 1, 0
965000, 380, 0, 0
965000, 68, 1, 0
965999, 344, 0, 0
965999, 84, 1, 0
966999, 364, 0, 0
966999, 76, 1, 0
968000, 324, 0, 0
968000, 96, 1, 0
968999, 376, 0, 0
968999, 96, 1, 0
970000, 300, 0, 0
970000, 76, 1, 0
971000, 360, 0, 0
971000, 56, 1, 0
971999, 388, 0, 0
971999, 84, 1, 0
973000, 340, 0, 0
973000, 80, 1, 0
973999, 368, 0, 0
973999, 48, 1, 0
974999, 396, 0, 0
974999, 92, 1, 0
976000, 396, 0, 0
976000, 76, 1, 0
976999, 324, 0, 0
976999, 108, 1, 0
978000, 340, 0, 0
978000, 60, 1, 0
979000, 280, 0, 0
979000, 60, 1, 0
979999, 324, 0, 0
979999, 72, 1, 0
981000, 324, 0, 0
981000, 56, 1, 0
982000, 372, 0, 0
982000, 76, 1, 0
982999, 304, 0, 0
982999, 120, 1, 0
984000, 336, 0, 0
984000, 96, 1, 0
984999, 312, 0, 0
984999, 104, 1, 0
985999, 452, 0, 0
985999, 72, 1, 0
987000, 308, 0, 0
987000, 84, 1, 0
987999, 396, 0, 0
987999, 84, 1, 0
989000, 348, 0, 0
989000, 56, 1, 0
990000, 372, 0, 0
990000, 84, 1, 0
990999, 272, 0, 0
990999, 120, 1, 0
992000, 372, 0, 0
992000, 64, 1, 0
992999, 364, 0, 0
992999, 64, 1, 0
993999, 396, 0, 0
993999, 100, 1, 0
995000, 272, 0, 0
995000, 112, 1, 0
995999, 348, 0, 0
995999, 104, 1, 0
997000, 328, 0, 0
997000, 100, 1, 0
998000, 316, 0, 0
998000, 84, 1, 0
998999, 324, 0, 0
998999, 100, 1, 0
1000000, 312, 0, 0
1000000, 64, 1, 0
1001000, 284, 0, 0
1001000, 56, 1, 0
1001999, 368, 0, 0
1001999, 80, 1, 0
1003000, 300, 0, 0
1003000, 120, 1, 0
1003999, 404, 0, 0
1003999, 64, 1, 0
1004999, 356, 0, 0
1004999, 104, 1, 0
1006000, 352, 0, 0
1006000, 72, 1, 0
1006999, 252, 0, 0
1006999, 64, 1, 0
1008000, 288, 0, 0
1008000, 100, 1, 0
1008999, 276, 0, 0
1008999, 100, 1, 0
1009999, 348, 0, 0
1009999, 92, 1, 0
1011000, 364, 0, 0
1011000, 64, 1, 0
1011999, 336, 0, 0
1011999, 104, 1, 0
1013000, 360, 0, 0
1013000, 76, 1, 0
1014000, 388, 0, 0
1014000, 92, 1, 0
1014999, 328, 0, 0
1014999, 108, 1, 0
1016000, 328, 0, 0
1016000, 88, 1, 0
1016999, 372, 0, 0
1016999, 68, 1, 0
1017999, 300, 0, 0
1017999, 132, 1, 0
1019000, 408, 0, 0
1019000, 68, 1, 0
1019999, 356, 0, 0
1019999, 88, 1, 0
1021000, 328, 0, 0
1021000, 132, 1, 0
1022000, 352, 0, 0
1022000, 104, 1, 0
1022999, 308, 0, 0
1022999, 68, 1, 0
1024000, 392, 0, 0
1024000, 72, 1, 0
1024999, 312, 0, 0
1024999, 52, 1, 0
1025999, 276, 0, 0
1025999, 48, 1, 0
1027000, 288, 0, 0
1027000, 72, 1, 0
1027999, 332, 0, 0
1027999, 84, 1, 0
1029000, 368, 0, 0
1029000, 60, 1, 0
1030000, 316, 0, 0
1030000, 56, 1, 0
1030999, 292, 0, 0
1030999, 80, 1, 0
1032000, 308, 0, 0
1032000, 72, 1, 0
1032999, 304, 0, 0
1032999, 76, 1, 0
1033999, 324, 0, 0
1033999, 84, 1, 0
1035000, 332, 0, 0
1035000, 84, 1, 0
1035999, 356, 0, 0
1035999, 120, 1, 0
1037000, 384, 0, 0
1037000, 92, 1, 0
1038000, 292, 0, 0
1038000, 104, 1, 0
1038999, 348, 0, 0
1038999, 64, 1, 0
1040000, 372, 0, 0
1040000, 68, 1, 0
1040999, 312, 0, 0
1040999, 104, 1, 0
1041999, 324, 0, 0
1041999, 108, 1, 0
1043000, 316, 0, 0
1043000, 64, 1, 0
1043999, 340, 0, 0
1043999, 88, 1, 0
1045000, 280, 0, 0
1045000, 76, 1, 0
1046000, 328, 0, 0
1046000, 64, 1, 0
1046999, 368, 0, 0
1046999, 84, 1, 0
1048000, 360, 0, 0
1048000, 100, 1, 0
1048999, 312, 0, 0
1048999, 88, 1, 0
1049999, 312, 0, 0
1049999, 60, 1, 0
1051000, 316, 0, 0
1051000, 88, 1, 0
1051999, 288, 0, 0
1051999, 72, 1, 0
1053000, 348, 0, 0
1053000, 80, 1, 0
1053999, 280, 0, 0
1053999, 92, 1, 0
1054999, 352, 0, 0
1054999, 108, 1, 0
1056000, 256, 0, 0
1056000, 52, 1, 0
1056999, 252, 0, 0
1056999, 104, 1, 0
1057999, 400, 0, 0
1057999, 80, 1, 0
1059000, 280, 0, 0
1059000, 84, 1, 0
1059999, 280, 0, 0
1059999, 64, 1, 0
1061000, 340, 0, 0
1061000, 72, 1, 0
1061999, 316, 0, 0
1061999, 68, 1, 0
1062999, 324, 0, 0
1062999, 72, 1, 0
1064000, 380, 0, 0
1064000, 76, 1, 0
1064999, 308, 0, 0
1064999, 80, 1, 0
1066000, 348, 0, 0
1066000, 92, 1, 0
1067000, 356, 0, 0
1067000, 68, 1, 0
1067999, 344, 0, 0
1067999, 72, 1, 0
1069000, 376, 0, 0
1069000, 72, 1, 0
1070000, 356, 0, 0
1070000, 104, 1, 0
1070999, 360, 0, 0
1070999, 80, 1, 0
1072000, 332, 0, 0
1072000, 100, 1, 0
1072999, 300, 0, 0
1072999, 76, 1, 0
1073999, 308, 0, 0
1073999, 68, 1, 0
1075000, 280, 0, 0
1075000, 72, 1, 0
1075999, 332, 0, 0
1075999, 124, 1, 0
1077000, 344, 0, 0
1077000, 52, 1, 0
1077999, 308, 0, 0
1077999, 52, 1, 0
1078999, 384, 0, 0
1078999, 92, 1, 0
1080000, 368, 0, 0
1080000, 84, 1, 0
1080999, 380, 0, 0
1080999, 48, 1, 0
1082000, 336, 0, 0
1082000, 64, 1, 0
1083000, 324, 0, 0
1083000, 96, 1, 0
1083999, 300, 0, 0
1083999, 92, 1, 0
1085000, 356, 0, 0
1085000, 92, 1, 0
1085999, 336, 0, 0
1085999, 72, 1, 0
1086999, 344, 0, 0
1086999, 60, 1, 0
1088000, 300, 0, 0
1088000, 112, 1, 0
1088999, 288, 0, 0
1088999, 72, 1, 0
1090000, 276, 0, 0
1090000, 116, 1, 0
1091000, 320, 0, 0
1091000, 88, 1, 0
1091999, 280, 0, 0
1091999, 80, 1, 0
1093000, 312, 0, 0
1093000, 96, 1, 0
1094000, 452, 0, 0
1094000, 84, 1, 0
1094999, 376, 0, 0
1094999, 56, 1, 0
1096000, 364, 0, 0
1096000, 84, 1, 0
1096999, 296, 0, 0
1096999, 80, 1, 0
1098000, 352, 0, 0
1098000, 92, 1, 0
1099000, 324, 0, 0
1099000, 80, 1, 0
1099999, 356, 0, 0
1099999, 48, 1, 0
1101000, 292, 0, 0
1101000, 108, 1, 0
1101999, 344, 0, 0
1101999, 96, 1, 0
1102999, 320, 0, 0
1102999, 92, 1, 0
1104000, 348, 0, 0
1104000, 60, 1, 0
1104999, 364, 0, 0
1104999, 88, 1, 0
1106000, 340, 0, 0
1106000, 64, 1, 0
1107000, 280, 0, 0
1107000, 128, 1, 0
1107999, 340, 0, 0
1107999, 72, 1, 0
1109000, 352, 0, 0
1109000, 76, 1, 0
1110000, 348, 0, 0
1110000, 100, 1, 0
1110999, 376, 0, 0
1110999, 36, 1, 0
1112000, 296, 0, 0
1112000, 100, 1, 0
1112999, 300, 0, 0
1112999, 108, 1, 0
1113999, 348, 0, 0
1113999, 52, 1, 0
1115000, 348, 0, 0
1115000, 72, 1, 0
1115999, 308, 0, 0
1115999, 88, 1, 0
1117000, 344, 0, 0
1117000, 80, 1, 0
1118000, 372, 0, 0
1118000, 80, 1, 0
1118999, 336, 0, 0
1118999, 80, 1, 0
1120000, 432, 0, 0
1120000, 92, 1, 0
1120999, 312, 0, 0
1120999, 68, 1, 0
1122000, 356, 0, 0
1122000, 84, 1, 0
1123000, 368, 0, 0
1123000, 64, 1, 0
1123999, 316, 0, 0
1123999, 100, 1, 0
1125000, 296, 0, 0
1125000, 92, 1, 0
1125999, 300, 0, 0
1125999, 72, 1, 0
1126999, 348, 0, 0
1126999, 88, 1, 0
1128000, 340, 0, 0
1128000, 80, 1, 0
1128999, 336, 0, 0
1128999, 112, 1, 0
1130000, 328, 0, 0
1130000, 108, 1, 0
1131000, 340, 0, 0
1131000, 88, 1, 0
1131999, 400, 0, 0
1131999, 68, 1, 0
1133000, 388, 0, 0
1133000, 104, 1, 0
1134000, 336, 0, 0
1134000, 56, 1, 0
1134999, 336, 0, 0
1134999, 72, 1, 0
1136000, 364, 0, 0
1136000, 76, 1, 0
1136999, 312, 0, 0
1136999, 80, 1, 0
1138000, 380, 0, 0
1138000, 76, 1, 0
1139000, 236, 0, 0
1139000, 124, 1, 0
1139999, 376, 0, 0
1139999, 68, 1, 0
1141000, 340, 0, 0
1141000, 92, 1, 0
1142000, 332, 0, 0
1142000, 88, 1, 0
1142999, 340, 0, 0
1142999, 100, 1, 0
1144000, 356, 0, 0
1144000, 68, 1, 0
1144999, 296, 0, 0
1144999, 96, 1, 0
1146000, 328, 0, 0
1146000, 100, 1, 0
1147000, 296, 0, 0
1147000, 48, 1, 0
1147999, 356, 0, 0
1147999, 72, 1, 0
1149000, 376, 0, 0
1149000, 68, 1, 0
1149999, 340, 0, 0
1149999, 116, 1, 0
1151000, 300, 0, 0
1151000, 92, 1, 0
1152000, 340, 0, 0
1152000, 88, 1, 0
1152999, 328, 0, 0
1152999, 88, 1, 0
1154000, 328, 0, 0
1154000, 108, 1, 0
1154999, 344, 0, 0
1154999, 64, 1, 0
1156000, 304, 0, 0
1156000, 112, 1, 0
1157000, 348, 0, 0
1157000, 60, 1, 0
1157999, 316, 0, 0
1157999, 108, 1, 0
1159000, 308, 0, 0
1159000, 68, 1, 0
1159999, 364, 0, 0
1159999, 84, 1, 0
1160999, 384, 0, 0
1160999, 40, 1, 0
1162000, 348, 0, 0
1162000, 68, 1, 0
1162999, 308, 0, 0
1162999, 112, 1, 0
1164000, 312, 0, 0
1164000, 72, 1, 0
1165000, 328, 0, 0
1165000, 88, 1, 0
1165999, 320, 0, 0
1165999, 136, 1, 0
1167000, 280, 0, 0
1167000, 72, 1, 0
1167999, 340, 0, 0
1167999, 76, 1, 0
1169000, 388, 0, 0
1169000, 68, 1, 0
1170000, 264, 0, 0
1170000, 72, 1, 0
1170999, 328, 0, 0
1170999, 96, 1, 0
1172000, 312, 0, 0
1172000, 76, 1, 0
1173000, 284, 0, 0
1173000, 104, 1, 0
1173999, 196, 0, 0
1173999, 40, 1, 0
1175000, 360, 0, 0
1175000, 112, 1, 0
1176000, 336, 0, 0
1176000, 116, 1, 0
1176999, 312, 0, 0
1176999, 64, 1, 0
1178000, 256, 0, 0
1178000, 76, 1, 0
1179000, 296, 0, 0
1179000, 104, 1, 0
1179999, 328, 0, 0
1179999, 72, 1, 0
1181000, 336, 0, 0
1181000, 84, 1, 0
1182000, 240, 0, 0
1182000, 116, 1, 0
1182999, 336, 0, 0
1182999, 80, 1, 0
1184000, 316, 0, 0
1184000, 92, 1, 0
1184999, 304, 0, 0
1184999, 84, 1, 0
1185999, 396, 0, 0
1185999, 132, 1, 0
1187000, 372, 0, 0
1187000, 104, 1, 0
1187999, 296, 0, 0
1187999, 80, 1, 0
1188999, 312, 0, 0
1188999, 72, 1, 0
1190000, 332, 0, 0
1190000, 84, 1, 0
1190999, 356, 0, 0
1190999, 60, 1, 0
1192000, 316, 0, 0
1192000, 72, 1, 0
1193000, 324, 0, 0
1193000, 92, 1, 0
1193999, 360, 0, 0
1193999, 80, 1, 0
1195000, 296, 0, 0
1195000, 68, 1, 0
1196000, 356, 0, 0
1196000, 64, 1, 0
1196999, 288, 0, 0
1196999, 80, 1, 0
1198000, 280, 0, 0
1198000, 88, 1, 0
1199000, 348, 0, 0
1199000, 96, 1, 0
1199999, 340, 0, 0
1199999, 108, 1, 0
1201000, 316, 0, 0
1201000, 96, 1, 0
1201999, 360, 0, 0
1201999, 84, 1, 0
1202999, 320, 0, 0
1202999, 88, 1, 0
1204000, 264, 0, 0
1204000, 100, 1, 0
1204999, 304, 0, 0
1204999, 96, 1, 0
1205999, 340, 0, 0
1205999, 96, 1, 0
1207000, 288, 0, 0
1207000, 92, 1, 0
1207999, 320, 0, 0
1207999, 140, 1, 0
1209000, 316, 0, 0
1209000, 112, 1, 0
1209999, 372, 0, 0
1209999, 60, 1, 0
1210999, 444, 0, 0
1210999, 124, 1, 0
1212000, 336, 0, 0
1212000, 104, 1, 0
1212999, 296, 0, 0
1212999, 76, 1, 0
1214000, 412, 0, 0
1214000, 36, 1, 0
1215000, 352, 0, 0
1215000, 84, 1, 0
1215999, 376, 0, 0
1215999, 72, 1, 0
1217000, 320, 0, 0
1217000, 104, 1, 0
1218000, 332, 0, 0
1218000, 56, 1, 0
1218999, 264, 0, 0
1218999, 128, 1, 0
1220000, 360, 0, 0
1220000, 88, 1, 0
1221000, 296, 0, 0
1221000, 104, 1, 0
1221999, 296, 0, 0
1221999, 96, 1, 0
1223000, 388, 0, 0
1223000, 88, 1, 0
1223999, 344, 0, 0
1223999, 56, 1, 0
1224999, 340, 0, 0
1224999, 76, 1, 0
1226000, 308, 0, 0
1226000, 84, 1, 0
1226999, 332, 0, 0
1226999, 76, 1, 0
1228000, 360, 0, 0
1228000, 112, 1, 0
1228999, 340, 0, 0
1228999, 80, 1, 0
1229999, 376, 0, 0
1229999, 92, 1, 0
1231000, 356, 0, 0
1231000, 88, 1, 0
1231999, 364, 0, 0
1231999, 80, 1, 0
1232999, 416, 0, 0
1232999, 92, 1, 0
1234000, 368, 0, 0
1234000, 84, 1, 0
1234999, 356, 0, 0
1234999, 88, 1, 0
1236000, 268, 0, 0
1236000, 108, 1, 0
1237000, 332, 0, 0
1237000, 80, 1, 0
1237999, 248, 0, 0
1237999, 88, 1, 0
1239000, 364, 0, 0
1239000, 100, 1, 0
1239999, 316, 0, 0
1239999, 76, 1, 0
1240999, 324, 0, 0
1240999, 80, 1, 0
1242000, 348, 0, 0
1242000, 80, 1, 0
1242999, 276, 0, 0
1242999, 80, 1, 0
1244000, 376, 0, 0
1244000, 88, 1, 0
1245000, 340, 0, 0
1245000, 72, 1, 0
1245999, 316, 0, 0
1245999, 84, 1, 0
1247000, 344, 0, 0
1247000, 44, 1, 0
1248000, 372, 0, 0
1248000, 72, 1, 0
1248999, 352, 0, 0
1248999, 92, 1, 0
1250000, 304, 0, 0
1250000, 76, 1, 0
1251000, 408, 0, 0
1251000, 56, 1, 0
1251999, 348, 0, 0
1251999, 104, 1, 0
1253000, 320, 0, 0
1253000, 92, 1, 0
1253999, 356, 0, 0
1253999, 72, 1, 0
1255000, 300, 0, 0
1255000, 64, 1, 0
1256000, 320, 0, 0
1256000, 92, 1, 0
1256999, 328, 0, 0
1256999, 76, 1, 0
1258000, 404, 0, 0
1258000, 88, 1, 0
1259000, 388, 0, 0
1259000, 108, 1, 0
1259999, 284, 0, 0
1259999, 64, 1, 0
1261000, 360, 0, 0
1261000, 84, 1, 0
1262000, 300, 0, 0
1262000, 92, 1, 0
1262999, 412, 0, 0
1262999, 96, 1, 0
1264000, 352, 0, 0
1264000, 84, 1, 0
1264999, 316, 0, 0
1264999, 92, 1, 0
1266000, 304, 0, 0
1266000, 84, 1, 0
1267000, 372, 0, 0
1267000, 96, 1, 0
1267999, 320, 0, 0
1267999, 88, 1, 0
1269000, 336, 0, 0
1269000, 104, 1, 0
1270000, 392, 0, 0
1270000, 88, 1, 0
1270999, 340, 0, 0
1270999, 84, 1, 0
1272000, 348, 0, 0
1272000, 108, 1, 0
1272999, 356, 0, 0
1272999, 100, 1, 0
1273999, 360, 0, 0
1273999, 80, 1, 0
1275000, 320, 0, 0
1275000, 96, 1, 0
1276000, 368, 0, 0
1276000, 52, 1, 0
1276999, 360, 0, 0
1276999, 80, 1, 0
1278000, 324, 0, 0
1278000, 72, 1, 0
1278999, 280, 0, 0
1278999, 80, 1, 0
1280000, 324, 0, 0
1280000, 72, 1, 0
1281000, 252, 0, 0
1281000, 132, 1, 0
1281999, 352, 0, 0
1281999, 124, 1, 0
1283000, 316, 0, 0
1283000, 68, 1, 0
1283999, 352, 0, 0
1283999, 96, 1, 0
1284999, 380, 0, 0
1284999, 104, 1, 0
1286000, 436, 0, 0
1286000, 100, 1, 0
1286999, 288, 0, 0
1286999, 64, 1, 0
1288000, 340, 0, 0
1288000, 76, 1, 0
1288999, 368, 0, 0
1288999, 92, 1, 0
1289999, 404, 0, 0
1289999, 80, 1, 0
1291000, 340, 0, 0
1291000, 40, 1, 0
1291999, 296, 0, 0
1291999, 80, 1, 0
1292999, 308, 0, 0
1292999, 48, 1, 0
1294000, 392, 0, 0
1294000, 56, 1, 0
1294999, 336, 0, 0
1294999, 100, 1, 0
1296000, 304, 0, 0
1296000, 84, 1, 0
1297000, 304, 0, 0
1297000, 88, 1, 0
1297999, 348, 0, 0
1297999, 56, 1, 0
1299000, 328, 0, 0
1299000, 48, 1, 0
1300000, 272, 0, 0
1300000, 144, 1, 0
1300999, 288, 0, 0
1300999, 88, 1, 0
1302000, 364, 0, 0
1302000, 96, 1, 0
1302999, 276, 0, 0
1302999, 68, 1, 0
1304000, 348, 0, 0
1304000, 72, 1, 0
1305000, 348, 0, 0
1305000, 56, 1, 0
1305999, 392, 0, 0
1305999, 56, 1, 0
1307000, 352, 0, 0
1307000, 92, 1, 0
1308000, 328, 0, 0
1308000, 108, 1, 0
1308999, 304, 0, 0
1308999, 48, 1, 0
1310000, 308, 0, 0
1310000, 96, 1, 0
1310999, 276, 0, 0
1310999, 96, 1, 0
1312000, 340, 0, 0
1312000, 108, 1, 0
1313000, 328, 0, 0
1313000, 96, 1, 0
1313999, 348, 0, 0
1313999, 72, 1, 0
1314999, 316, 0, 0
1314999, 72, 1, 0
1316000, 336, 0, 0
1316000, 92, 1, 0
1316999, 236, 0, 0
1316999, 56, 1, 0
1318000, 296, 0, 0
1318000, 100, 1, 0
1318999, 352, 0, 0
1318999, 104, 1, 0
1319999, 344, 0, 0
1319999, 84, 1, 0
1321000, 236, 0, 0
1321000, 112, 1, 0
1321999, 360, 0, 0
1321999, 80, 1, 0
1322999, 344, 0, 0
1322999, 68, 1, 0
1324000, 356, 0, 0
1324000, 104, 1, 0
1324999, 428, 0, 0
1324999, 64, 1, 0
1326000, 392, 0, 0
1326000, 60, 1, 0
1327000, 300, 0, 0
1327000, 92, 1, 0
1327999, 376, 0, 0
1327999, 116, 1, 0
1329000, 320, 0, 0
1329000, 52, 1, 0
1329999, 384, 0, 0
1329999, 84, 1, 0
1331000, 328, 0, 0
1331000, 96, 1, 0
1332000, 344, 0, 0
1332000, 80, 1, 0
1332999, 272, 0, 0
1332999, 44, 1, 0
1334000, 396, 0, 0
1334000, 72, 1, 0
1335000, 364, 0, 0
1335000, 100, 1, 0
1335999, 276, 0, 0
1335999, 116, 1, 0
1337000, 388, 0, 0
1337000, 84, 1, 0
1337999, 376, 0, 0
1337999, 72, 1, 0
1339000, 360, 0, 0
1339000, 64, 1, 0
1340000, 344, 0, 0
1340000, 80, 1, 0
1340999, 364, 0, 0
1340999, 108, 1, 0
1342000, 368, 0, 0
1342000, 84, 1, 0
1342999, 268, 0, 0
1342999, 48, 1, 0
1343999, 348, 0, 0
1343999, 92, 1, 0
1345000, 324, 0, 0
1345000, 76, 1, 0
1345999, 284, 0, 0
1345999, 92, 1, 0
1347000, 324, 0, 0
1347000, 92, 1, 0
1348000, 332, 0, 0
1348000, 104, 1, 0
1348999, 304, 0, 0
1348999, 88, 1, 0
1350000, 304, 0, 0
1350000, 88, 1, 0
1350999, 344, 0, 0
1350999, 108, 1, 0
1351999, 320, 0, 0
1351999, 92, 1, 0
1353000, 368, 0, 0
1353000, 88, 1, 0
1353999, 308, 0, 0
1353999, 124, 1, 0
1355000, 332, 0, 0
1355000, 88, 1, 0
1355999, 296, 0, 0
1355999, 100, 1, 0
1356999, 356, 0, 0
1356999, 96, 1, 0
1358000, 300, 0, 0
1358000, 120, 1, 0
1358999, 392, 0, 0
1358999, 84, 1, 0
1360000, 328, 0, 0
1360000, 80, 1, 0
1361000, 340, 0, 0
1361000, 108, 1, 0
1361999, 392, 0, 0
1361999, 88, 1, 0
1363000, 316, 0, 0
1363000, 64, 1, 0
1363999, 372, 0, 0
1363999, 96, 1, 0
1364999, 296, 0, 0
1364999, 80, 1, 0
1366000, 340, 0, 0
1366000, 112, 1, 0
1367000, 312, 0, 0
1367000, 88, 1, 0
1367999, 364, 0, 0
1367999, 64, 1, 0
1369000, 316, 0, 0
1369000, 64, 1, 0
1369999, 348, 0, 0
1369999, 80, 1, 0
1370999, 324, 0, 0
1370999, 88, 1, 0
1372000, 332, 0, 0
1372000, 76, 1, 0
1372999, 312, 0, 0
1372999, 104, 1, 0
1374000, 384, 0, 0
1374000, 128, 1, 0
1375000, 344, 0, 0
1375000, 100, 1, 0
1375999, 344, 0, 0
1375999, 76, 1, 0
1377000, 312, 0, 0
1377000, 96, 1, 0
1377999, 368, 0, 0
1377999, 88, 1, 0
1379000, 360, 0, 0
1379000, 96, 1, 0
1380000, 340, 0, 0
1380000, 104, 1, 0
1380999, 280, 0, 0
1380999, 52, 1, 0
1382000, 332, 0, 0
1382000, 104, 1, 0
1382999, 296, 0, 0
1382999, 64, 1, 0
1383999, 364, 0, 0
1383999, 100, 1, 0
1385000, 340, 0, 0
1385000, 84, 1, 0
1385999, 376, 0, 0
1385999, 76, 1, 0
1387000, 368, 0, 0
1387000, 64, 1, 0
1388000, 376, 0, 0
1388000, 92, 1, 0
1388999, 320, 0, 0
1388999, 108, 1, 0
1390000, 336, 0, 0
1390000, 92, 1, 0
1390999, 324, 0, 0
1390999, 80, 1, 0
1391999, 364, 0, 0
1391999, 76, 1, 0
1393000, 324, 0, 0
1393000, 100, 1, 0
1393999, 328, 0, 0
1393999, 84, 1, 0
1395000, 364, 0, 0
1395000, 56, 1, 0
1396000, 328, 0, 0
1396000, 64, 1, 0
1396999, 240, 0, 0
1396999, 64, 1, 0
1398000, 332, 0, 0
1398000, 92, 1, 0
1399000, 384, 0, 0
1399000, 64, 1, 0
1399999, 312, 0, 0
1399999, 96, 1, 0
1401000, 312, 0, 0
1401000, 76, 1, 0
1401999, 360, 0, 0
1401999, 80, 1, 0
1403000, 328, 0, 0
1403000, 76, 1, 0
1404000, 340, 0, 0
1404000, 88, 1, 0
1404999, 368, 0, 0
1404999, 76, 1, 0
1406000, 332, 0, 0
1406000, 100, 1, 0
1406999, 368, 0, 0
1406999, 88, 1, 0
1408000, 308, 0, 0
1408000, 44, 1, 0
1409000, 376, 0, 0
1409000, 88, 1, 0
1409999, 304, 0, 0
1409999, 104, 1, 0
1411000, 348, 0, 0
1411000, 104, 1, 0
1411999, 288, 0, 0
1411999, 72, 1, 0
1412999, 308, 0, 0
1412999, 72, 1, 0
1414000, 352, 0, 0
1414000, 88, 1, 0
1414999, 372, 0, 0
1414999, 120, 1, 0
1416000, 332, 0, 0
1416000, 80, 1, 0
1417000, 416, 0, 0
1417000, 48, 1, 0
1417999, 356, 0, 0
1417999, 72, 1, 0
1419000, 384, 0, 0
1419000, 44, 1, 0
1420000, 336, 0, 0
1420000, 72, 1, 0
1420999, 416, 0, 0
1420999, 120, 1, 0
1422000, 308, 0, 0
1422000, 92, 1, 0
1423000, 384, 0, 0
1423000, 68, 1, 0
1423999, 304, 0, 0
1423999, 104, 1, 0
1425000, 340, 0, 0
1425000, 76, 1, 0
1426000, 352, 0, 0
1426000, 76, 1, 0
1426999, 308, 0, 0
1426999, 84, 1, 0
1428000, 380, 0, 0
1428000, 60, 1, 0
1428999, 352, 0, 0
1428999, 88, 1, 0
1430000, 360, 0, 0
1430000, 100, 1, 0
1430999, 296, 0, 0
1430999, 96, 1, 0
1431999, 320, 0, 0
1431999, 104, 1, 0
1433000, 324, 0, 0
1433000, 88, 1, 0
1433999, 360, 0, 0
1433999, 64, 1, 0
1435000, 356, 0, 0
1435000, 88, 1, 0
1436000, 376, 0, 0
1436000, 108, 1, 0
1436999, 328, 0, 0
1436999, 92, 1, 0
1438000, 312, 0, 0
1438000, 96, 1, 0
1438999, 304, 0, 0
1438999, 40, 1, 0
1439999, 340, 0, 0
1439999, 80, 1, 0
1441000, 364, 0, 0
1441000, 92, 1, 0
1441999, 308, 0, 0
1441999, 84, 1, 0
1443000, 312, 0, 0
1443000, 64, 1, 0
1444000, 340, 0, 0
1444000, 52, 1, 0
1444999, 364, 0, 0
1444999, 96, 1, 0
1446000, 352, 0, 0
1446000, 80, 1, 0
1446999, 308, 0, 0
1446999, 80, 1, 0
1447999, 364, 0, 0
1447999, 60, 1, 0
1449000, 340, 0, 0
1449000, 96, 1, 0
1449999, 272, 0, 0
1449999, 72, 1, 0
1451000, 360, 0, 0
1451000, 52, 1, 0
1452000, 336, 0, 0
1452000, 108, 1, 0
1452999, 352, 0, 0
1452999, 96, 1, 0
1454000, 420, 0, 0
1454000, 36, 1, 0
1455000, 320, 0, 0
1455000, 88, 1, 0
1455999, 308, 0, 0
1455999, 80, 1, 0
1457000, 348, 0, 0
1457000, 92, 1, 0
1457999, 220, 0, 0
1457999, 88, 1, 0
1459000, 344, 0, 0
1459000, 76, 1, 0
1460000, 344, 0, 0
1460000, 76, 1, 0
1460999, 324, 0, 0
1460999, 100, 1, 0
1462000, 368, 0, 0
1462000, 84, 1, 0
1463000, 336, 0, 0
1463000, 76, 1, 0
1463999, 372, 0, 0
1463999, 76, 1, 0
1465000, 300, 0, 0
1465000, 104, 1, 0
1465999, 340, 0, 0
1465999, 72, 1, 0
1466999, 280, 0, 0
1466999, 76, 1, 0
1468000, 364, 0, 0
1468000, 104, 1, 0
1469000, 384, 0, 0
1469000, 68, 1, 0
1469999, 324, 0, 0
1469999, 104, 1, 0
1471000, 348, 0, 0
1471000, 92, 1, 0
1471999, 300, 0, 0
1471999, 88, 1, 0
1472999, 332, 0, 0
1472999, 68, 1, 0
1474000, 384, 0, 0
1474000, 72, 1, 0
1474999, 376, 0, 0
1474999, 84, 1, 0
1475999, 328, 0, 0
1475999, 104, 1, 0
1477000, 380, 0, 0
1477000, 72, 1, 0
1477999, 436, 0, 0
1477999, 92, 1, 0
1479000, 328, 0, 0
1479000, 76, 1, 0
1480000, 396, 0, 0
1480000, 88, 1, 0
1480999, 356, 0, 0
1480999, 72, 1, 0
1482000, 344, 0, 0
1482000, 100, 1, 0
1482999, 364, 0, 0
1482999, 68, 1, 0
1483999, 356, 0, 0
1483999, 76, 1, 0
1485000, 416, 0, 0
1485000, 84, 1, 0
1485999, 312, 0, 0
1485999, 64, 1, 0
1487000, 384, 0, 0
1487000, 92, 1, 0
1488000, 332, 0, 0
1488000, 88, 1, 0
1488999, 324, 0, 0
1488999, 88, 1, 0
1490000, 344, 0, 0
1490000, 88, 1, 0
1490999, 312, 0, 0
1490999, 52, 1, 0
1491999, 376, 0, 0
1491999, 104, 1, 0
1493000, 308, 0, 0
1493000, 60, 1, 0
1493999, 356, 0, 0
1493999, 96, 1, 0
1495000, 368, 0, 0
1495000, 108, 1, 0
1496000, 336, 0, 0
1496000, 76, 1, 0
1496999, 252, 0, 0
1496999, 104, 1, 0
1498000, 376, 0, 0
1498000, 104, 1, 0
1498999, 284, 0, 0
1498999, 56, 1, 0
1499999, 356, 0, 0
1499999, 108, 1, 0
1501000, 356, 0, 0
1501000, 60, 1, 0
1501999, 416, 0, 0
1501999, 112, 1, 0
1503000, 304, 0, 0
1503000, 56, 1, 0
1504000, 388, 0, 0
1504000, 112, 1, 0
1504999, 284, 0, 0
1504999, 104, 1, 0
1506000, 308, 0, 0
1506000, 80, 1, 0
1506999, 324, 0, 0
1506999, 88, 1, 0
1507999, 292, 0, 0
1507999, 72, 1, 0
1509000, 332, 0, 0
1509000, 80, 1, 0
1509999, 384, 0, 0
1509999, 100, 1, 0
1511000, 308, 0, 0
1511000, 60, 1, 0
1512000, 356, 0, 0
1512000, 88, 1, 0
1512999, 312, 0, 0
1512999, 116, 1, 0
1514000, 336, 0, 0
1514000, 116, 1, 0
1514999, 324, 0, 0
1514999, 80, 1, 0
1515999, 428, 0, 0
1515999, 76, 1, 0
1517000, 304, 0, 0
1517000, 76, 1, 0
1518000, 304, 0, 0
1518000, 76, 1, 0
1519000, 328, 0, 0
1519000, 68, 1, 0
1520000, 292, 0, 0
1520000, 112, 1, 0
1520999, 412, 0, 0
1520999, 88, 1, 0
1522000, 340, 0, 0
1522000, 80, 1, 0
1522999, 296, 0, 0
1522999, 108, 1, 0
1523999, 388, 0, 0
1523999, 108, 1, 0
1525000, 348, 0, 0
1525000, 92, 1, 0
1525999, 308, 0, 0
1525999, 64, 1, 0
1527000, 328, 0, 0
1527000, 72, 1, 0
1528000, 340, 0, 0
1528000, 96, 1, 0
1528999, 312, 0, 0
1528999, 100, 1, 0
1530000, 328, 0, 0
1530000, 96, 1, 0
1531000, 348, 0, 0
1531000, 108, 1, 0
1531999, 372, 0, 0
1531999, 96, 1, 0
1533000, 368, 0, 0
1533000, 76, 1, 0
1533999, 336, 0, 0
1533999, 72, 1, 0
1535000, 320, 0, 0
1535000, 52, 1, 0
1536000, 344, 0, 0
1536000, 112, 1, 0
1536999, 288, 0, 0
1536999, 84, 1, 0
1538000, 384, 0, 0
1538000, 96, 1, 0
1538999, 344, 0, 0
1538999, 80, 1, 0
1539999, 324, 0, 0
1539999, 56, 1, 0
1541000, 280, 0, 0
1541000, 84, 1, 0
1542000, 332, 0, 0
1542000, 76, 1, 0
1542999, 328, 0, 0
1542999, 56, 1, 0
1544000, 324, 0, 0
1544000, 64, 1, 0
1544999, 304, 0, 0
1544999, 100, 1, 0
1545999, 336, 0, 0
1545999, 64, 1, 0
1547000, 304, 0, 0
1547000, 104, 1, 0
1547999, 312, 0, 0
1547999, 104, 1, 0
1548999, 304, 0, 0
1548999, 92, 1, 0
1550000, 324, 0, 0
1550000, 60, 1, 0
1550999, 388, 0, 0
1550999, 88, 1, 0
1552000, 292, 0, 0
1552000, 108, 1, 0
1553000, 332, 0, 0
1553000, 76, 1, 0
1553999, 372, 0, 0
1553999, 84, 1, 0
1555000, 296, 0, 0
1555000, 92, 1, 0
1555999, 392, 0, 0
1555999, 64, 1, 0
1556999, 344, 0, 0
1556999, 48, 1, 0
1558000, 372, 0, 0
1558000, 88, 1, 0
1558999, 368, 0, 0
1558999, 92, 1, 0
1560000, 352, 0, 0
1560000, 92, 1, 0
1561000, 296, 0, 0
1561000, 84, 1, 0
1561999, 344, 0, 0
1561999, 80, 1, 0
1563000, 376, 0, 0
1563000, 72, 1, 0
1563999, 356, 0, 0
1563999, 84, 1, 0
1564999, 348, 0, 0
1564999, 100, 1, 0
1566000, 332, 0, 0
1566000, 88, 1, 0
1566999, 408, 0, 0
1566999, 92, 1, 0
1568000, 344, 0, 0
1568000, 80, 1, 0
1569000, 328, 0, 0
1569000, 84, 1, 0
1569999, 360, 0, 0
1569999, 60, 1, 0
1571000, 304, 0, 0
1571000, 108, 1, 0
1571999, 468, 0, 0
1571999, 108, 1, 0
1572999, 296, 0, 0
1572999, 116, 1, 0
1574000, 232, 0, 0
1574000, 92, 1, 0
1574999, 344, 0, 0
1574999, 120, 1, 0
1575999, 380, 0, 0
1575999, 96, 1, 0
1577000, 324, 0, 0
1577000, 84, 1, 0
1577999, 392, 0, 0
1577999, 76, 1, 0
1579000, 312, 0, 0
1579000, 104, 1, 0
1580000, 396, 0, 0
1580000, 88, 1, 0
1580999, 312, 0, 0
1580999, 96, 1, 0
1582000, 408, 0, 0
1582000, 76, 1, 0
1582999, 288, 0, 0
1582999, 104, 1, 0
1584000, 288, 0, 0
1584000, 96, 1, 0
1585000, 324, 0, 0
1585000, 96, 1, 0
1585999, 368, 0, 0
1585999, 52, 1, 0
1587000, 440, 0, 0
1587000, 96, 1, 0
1587999, 304, 0, 0
1587999, 92, 1, 0
1588999, 328, 0, 0
1588999, 108, 1, 0
1590000, 352, 0, 0
1590000, 76, 1, 0
1590999, 324, 0, 0
1590999, 108, 1, 0
1592000, 372, 0, 0
1592000, 68, 1, 0
1593000, 352, 0, 0
1593000, 52, 1, 0
1593999, 360, 0, 0
1593999, 76, 1, 0
1595000, 364, 0, 0
1595000, 56, 1, 0
1595999, 388, 0, 0
1595999, 112, 1, 0
1596999, 328, 0, 0
1596999, 84, 1, 0
1598000, 356, 0, 0
1598000, 64, 1, 0
1598999, 320, 0, 0
1598999, 84, 1, 0
1600000, 292, 0, 0
1600000, 64, 1, 0
1601000, 396, 0, 0
1601000, 96, 1, 0
1601999, 276, 0, 0
1601999, 92, 1, 0
1603000, 320, 0, 0
1603000, 88, 1, 0
1604000, 312, 0, 0
1604000, 72, 1, 0
1604999, 400, 0, 0
1604999, 100, 1, 0
1606000, 328, 0, 0
1606000, 64, 1, 0
1606999, 328, 0, 0
1606999, 92, 1, 0
1607999, 376, 0, 0
1607999, 120, 1, 0
1609000, 360, 0, 0
1609000, 120, 1, 0
1609999, 364, 0, 0
1609999, 76, 1, 0
1611000, 316, 0, 0
1611000, 92, 1, 0
1611999, 312, 0, 0
1611999, 92, 1, 0
1612999, 276, 0, 0
1612999, 88, 1, 0
1614000, 356, 0, 0
1614000, 104, 1, 0
1614999, 324, 0, 0
1614999, 52, 1, 0
1615999, 388, 0, 0
1615999, 72, 1, 0
1617000, 312, 0, 0
1617000, 60, 1, 0
1617999, 260, 0, 0
1617999, 84, 1, 0
1619000, 328, 0, 0
1619000, 108, 1, 0
1620000, 348, 0, 0
1620000, 84, 1, 0
1620999, 344, 0, 0
1620999, 40, 1, 0
1622000, 332, 0, 0
1622000, 84, 1, 0
1622999, 396, 0, 0
1622999, 64, 1, 0
1624000, 336, 0, 0
1624000, 96, 1, 0
1625000, 328, 0, 0
1625000, 80, 1, 0
1625999, 344, 0, 0
1625999, 92, 1, 0
1627000, 372, 0, 0
1627000, 96, 1, 0
1627999, 284, 0, 0
1627999, 60, 1, 0
1629000, 312, 0, 0
1629000, 72, 1, 0
1630000, 332, 0, 0
1630000, 44, 1, 0
1630999, 380, 0, 0
1630999, 80, 1, 0
1632000, 340, 0, 0
1632000, 64, 1, 0
1633000, 408, 0, 0
1633000, 64, 1, 0
1633999, 316, 0, 0
1633999, 80, 1, 0
1635000, 444, 0, 0
1635000, 84, 1, 0
1635999, 340, 0, 0
1635999, 96, 1, 0
1636999, 268, 0, 0
1636999, 96, 1, 0
1638000, 308, 0, 0
1638000, 60, 1, 0
1638999, 368, 0, 0
1638999, 64, 1, 0
1640000, 336, 0, 0
1640000, 108, 1, 0
1641000, 304, 0, 0
1641000, 96, 1, 0
1641999, 288, 0, 0
1641999, 88, 1, 0
1643000, 364, 0, 0
1643000, 68, 1, 0
1643999, 336, 0, 0
1643999, 88, 1, 0
1644999, 316, 0, 0
1644999, 124, 1, 0
1646000, 300, 0, 0
1646000, 96, 1, 0
1646999, 336, 0, 0
1646999, 108, 1, 0
1648000, 384, 0, 0
1648000, 76, 1, 0
1649000, 336, 0, 0
1649000, 84, 1, 0
1649999, 332, 0, 0
1649999, 80, 1, 0
1651000, 368, 0, 0
1651000, 100, 1, 0
1652000, 344, 0, 0
1652000, 76, 1, 0
1652999, 340, 0, 0
1652999, 52, 1, 0
1654000, 336, 0, 0
1654000, 52, 1, 0
1655000, 372, 0, 0
1655000, 80, 1, 0
1655999, 352, 0, 0
1655999, 76, 1, 0
1657000, 280, 0, 0
1657000, 56, 1, 0
1657999, 344, 0, 0
1657999, 68, 1, 0
1659000, 364, 0, 0
1659000, 72, 1, 0
1659999, 424, 0, 0
1659999, 76, 1, 0
1660999, 368, 0, 0
1660999, 68, 1, 0
1662000, 340, 0, 0
1662000, 84, 1, 0
1662999, 356, 0, 0
1662999, 52, 1, 0
1664000, 312, 0, 0
1664000, 52, 1, 0
1665000, 276, 0, 0
1665000, 100, 1, 0
1665999, 356, 0, 0
1665999, 108, 1, 0
1667000, 372, 0, 0
1667000, 76, 1, 0
1668000, 280, 0, 0
1668000, 92, 1, 0
1668999, 272, 0, 0
1668999, 76, 1, 0
1670000, 388, 0, 0
1670000, 124, 1, 0
1670999, 360, 0, 0
1670999, 84, 1, 0
1671999, 340, 0, 0
1671999, 88, 1, 0
1673000, 368, 0, 0
1673000, 84, 1, 0
1673999, 372, 0, 0
1673999, 84, 1, 0
1675000, 368, 0, 0
1675000, 96, 1, 0
1676000, 272, 0, 0
1676000, 88, 1, 0
1676999, 360, 0, 0
1676999, 116, 1, 0
1678000, 348, 0, 0
1678000, 92, 1, 0
1679000, 348, 0, 0
1679000, 116, 1, 0
1679999, 256, 0, 0
1679999, 60, 1, 0
1681000, 324, 0, 0
1681000, 104, 1, 0
1681999, 328, 0, 0
1681999, 88, 1, 0
1682999, 360, 0, 0
1682999, 60, 1, 0
1684000, 348, 0, 0
1684000, 92, 1, 0
1684999, 352, 0, 0
1684999, 76, 1, 0
1686000, 328, 0, 0
1686000, 112, 1, 0
1686999, 344, 0, 0
1686999, 80, 1, 0
1687999, 392, 0, 0
1687999, 64, 1, 0
1689000, 344, 0, 0
1689000, 56, 1, 0
1689999, 276, 0, 0
1689999, 72, 1, 0
1691000, 352, 0, 0
1691000, 52, 1, 0
1692000, 360, 0, 0
1692000, 100, 1, 0
1692999, 308, 0, 0
1692999, 52, 1, 0
1694000, 372, 0, 0
1694000, 80, 1, 0
1694999, 336, 0, 0
1694999, 100, 1, 0
1695999, 320, 0, 0
1695999, 108, 1, 0
1697000, 328, 0, 0
1697000, 88, 1, 0
1697999, 312, 0, 0
1697999, 84, 1, 0
1699000, 316, 0, 0
1699000, 80, 1, 0
1700000, 320, 0, 0
1700000, 84, 1, 0
1700999, 328, 0, 0
1700999, 104, 1, 0
1702000, 384, 0, 0
1702000, 80, 1, 0
1702999, 288, 0, 0
1702999, 68, 1, 0
1704000, 364, 0, 0
1704000, 52, 1, 0
1705000, 352, 0, 0
1705000, 44, 1, 0
1705999, 264, 0, 0
1705999, 88, 1, 0
1707000, 344, 0, 0
1707000, 108, 1, 0
1708000, 332, 0, 0
1708000, 100, 1, 0
1708999, 348, 0, 0
1708999, 76, 1, 0
1710000, 332, 0, 0
1710000, 88, 1, 0
1710999, 320, 0, 0
1710999, 92, 1, 0
1711999, 384, 0, 0
1711999, 72, 1, 0
1713000, 324, 0, 0
1713000, 64, 1, 0
1713999, 348, 0, 0
1713999, 84, 1, 0
1715000, 340, 0, 0
1715000, 100, 1, 0
1715999, 320, 0, 0
1715999, 80, 1, 0
1716999, 312, 0, 0
1716999, 88, 1, 0
1718000, 308, 0, 0
1718000, 116, 1, 0
1718999, 332, 0, 0
1718999, 80, 1, 0
1719999, 308, 0, 0
1719999, 76, 1, 0
1721000, 336, 0, 0
1721000, 84, 1, 0
1721999, 368, 0, 0
1721999, 92, 1, 0
1723000, 236, 0, 0
1723000, 104, 1, 0
1724000, 304, 0, 0
1724000, 80, 1, 0
1724999, 252, 0, 0
1724999, 104, 1, 0
1726000, 320, 0, 0
1726000, 100, 1, 0
1726999, 312, 0, 0
1726999, 92, 1, 0
1727999, 292, 0, 0
1727999, 84, 1, 0
1729000, 324, 0, 0
1729000, 100, 1, 0
1729999, 344, 0, 0
1729999, 64, 1, 0
1731000, 348, 0, 0
1731000, 92, 1, 0
1732000, 316, 0, 0
1732000, 80, 1, 0
1732999, 336, 0, 0
1732999, 76, 1, 0
1734000, 296, 0, 0
1734000, 112, 1, 0
1734999, 316, 0, 0
1734999, 80, 1, 0
1736000, 272, 0, 0
1736000, 100, 1, 0
1737000, 388, 0, 0
1737000, 80, 1, 0
1737999, 312, 0, 0
1737999, 104, 1, 0
1739000, 324, 0, 0
1739000, 88, 1, 0
1739999, 356, 0, 0
1739999, 100, 1, 0
1740999, 264, 0, 0
1740999, 60, 1, 0
1742000, 376, 0, 0
1742000, 88, 1, 0
1742999, 328, 0, 0
1742999, 92, 1, 0
1744000, 304, 0, 0
1744000, 80, 1, 0
1745000, 316, 0, 0
1745000, 76, 1, 0
1745999, 272, 0, 0
1745999, 72, 1, 0
1747000, 284, 0, 0
1747000, 92, 1, 0
1747999, 332, 0, 0
1747999, 80, 1, 0
1748999, 324, 0, 0
1748999, 84, 1, 0
1750000, 364, 0, 0
1750000, 88, 1, 0
1751000, 360, 0, 0
1751000, 96, 1, 0
1752000, 308, 0, 0
1752000, 84, 1, 0
1753000, 324, 0, 0
1753000, 112, 1, 0
1753999, 404, 0, 0
1753999, 80, 1, 0
1755000, 348, 0, 0
1755000, 104, 1, 0
1755999, 320, 0, 0
1755999, 56, 1, 0
1756999, 336, 0, 0
1756999, 112, 1, 0
1758000, 360, 0, 0
1758000, 96, 1, 0
1758999, 344, 0, 0
1758999, 72, 1, 0
1760000, 356, 0, 0
1760000, 84, 1, 0
1761000, 320, 0, 0
1761000, 88, 1, 0
1761999, 288, 0, 0
1761999, 76, 1, 0
1763000, 308, 0, 0
1763000, 88, 1, 0
1763999, 404, 0, 0
1763999, 72, 1, 0
1764999, 380, 0, 0
1764999, 84, 1, 0
1766000, 336, 0, 0
1766000, 36, 1, 0
1766999, 248, 0, 0
1766999, 96, 1, 0
1768000, 304, 0, 0
1768000, 76, 1, 0
1769000, 468, 0, 0
1769000, 56, 1, 0
1769999, 304, 0, 0
1769999, 104, 1, 0
1771000, 312, 0, 0
1771000, 76, 1, 0
1771999, 252, 0, 0
1771999, 84, 1, 0
1772999, 276, 0, 0
1772999, 100, 1, 0
1774000, 320, 0, 0
1774000, 92, 1, 0
1774999, 332, 0, 0
1774999, 92, 1, 0
1776000, 328, 0, 0
1776000, 80, 1, 0
1777000, 304, 0, 0
1777000, 96, 1, 0
1777999, 260, 0, 0
1777999, 72, 1, 0
1779000, 344, 0, 0
1779000, 76, 1, 0
1779999, 344, 0, 0
1779999, 68, 1, 0
1781000, 356, 0, 0
1781000, 104, 1, 0
1782000, 332, 0, 0
1782000, 64, 1, 0
1782999, 328, 0, 0
1782999, 60, 1, 0
1784000, 336, 0, 0
1784000, 88, 1, 0
1785000, 284, 0, 0
1785000, 84, 1, 0
1785999, 312, 0, 0
1785999, 88, 1, 0
1787000, 304, 0, 0
1787000, 76, 1, 0
1788000, 336, 0, 0
1788000, 100, 1, 0
1788999, 360, 0, 0
1788999, 88, 1, 0
1790000, 236, 0, 0
1790000, 68, 1, 0
1791000, 332, 0, 0
1791000, 72, 1, 0
1791999, 280, 0, 0
1791999, 76, 1, 0
1793000, 352, 0, 0
1793000, 92, 1, 0
1793999, 296, 0, 0
1793999, 60, 1, 0
1794999, 404, 0, 0
1794999, 76, 1, 0
1796000, 376, 0, 0
1796000, 36, 1, 0
1796999, 300, 0, 0
1796999, 100, 1, 0
1798000, 292, 0, 0
1798000, 56, 1, 0
1799000, 360, 0, 0
1799000, 100, 1, 0
1799999, 292, 0, 0
1799999, 84, 1, 0
