999, 180, 0, 0
1999, 416, 0, 0
3000, 352, 0, 0
3999, 384, 0, 0
4999, 384, 0, 0
6000, 352, 0, 0
7000, 384, 0, 0
7999, 384, 0, 0
9000, 384, 0, 0
9999, 384, 0, 0
10999, 384, 0, 0
12000, 352, 0, 0
12999, 384, 0, 0
13999, 388, 0, 0
15000, 384, 0, 0
15999, 384, 0, 0
16999, 384, 0, 0
18000, 388, 0, 0
18999, 384, 0, 0
20000, 352, 0, 0
21000, 416, 0, 0
21999, 384, 0, 0
23000, 352, 0, 0
24000, 388, 0, 0
24999, 384, 0, 0
26000, 384, 0, 0
27000, 388, 0, 0
27999, 388, 0, 0
29000, 388, 0, 0
30000, 388, 0, 0
30999, 384, 0, 0
32000, 352, 0, 0
33000, 384, 0, 0
33999, 424, 0, 0
35000, 388, 0, 0
36000, 412, 0, 0
36999, 392, 0, 0
38000, 388, 0, 0
39000, 360, 0, 0
39999, 384, 0, 0
40999, 392, 0, 0
42000, 360, 0, 0
42999, 384, 0, 0
43999, 388, 0, 0
45000, 360, 0, 0
45999, 388, 0, 0
47000, 400, 0, 0
48000, 392, 0, 0
48999, 388, 0, 0
50000, 384, 0, 0
51000, 384, 0, 0
51999, 356, 0, 0
53000, 388, 0, 0
54000, 396, 0, 0
54999, 352, 0, 0
56000, 392, 0, 0
56999, 400, 0, 0
57999, 388, 0, 0
59000, 396, 0, 0
59999, 392, 0, 0
60999, 384, 0, 0
62000, 392, 0, 0
62999, 360, 0, 0
63999, 400, 0, 0
65000, 352, 0, 0
65999, 388, 0, 0
67000, 356, 0, 0
68000, 392, 0, 0
68999, 364, 0, 0
70000, 388, 0, 0
71000, 416, 0, 0
71999, 384, 0, 0
73000, 356, 0, 0
74000, 364, 0, 0
74999, 388, 0, 0
76000, 392, 0, 0
76999, 388, 0, 0
77999, 356, 0, 0
79000, 356, 0, 0
79999, 400, 0, 0
80999, 408, 0, 0
82000, 396, 0, 0
82999, 352, 0, 0
83999, 392, 0, 0
85000, 360, 0, 0
85999, 388, 0, 0
86999, 384, 0, 0
88000, 388, 0, 0
88999, 388, 0, 0
89999, 364, 0, 0
91000, 388, 0, 0
91999, 428, 0, 0
93000, 372, 0, 0
94000, 400, 0, 0
94999, 388, 0, 0
96000, 356, 0, 0
97000, 432, 0, 0
97999, 356, 0, 0
99000, 416, 0, 0
100000, 364, 0, 0
100999, 392, 0, 0
102000, 404, 0, 0
102999, 356, 0, 0
103999, 388, 0, 0
105000, 396, 0, 0
106000, 388, 0, 0
106999, 360, 0, 0
108000, 392, 0, 0
109000, 432, 0, 0
109999, 396, 0, 0
111000, 360, 0, 0
112000, 392, 0, 0
112999, 392, 0, 0
114000, 392, 0, 0
115000, 396, 0, 0
115999, 396, 0, 0
117000, 400, 0, 0
118000, 388, 0, 0
118999, 400, 0, 0
120000, 388, 0, 0
121000, 396, 0, 0
121999, 392, 0, 0
123000, 408, 0, 0
124000, 384, 0, 0
124999, 392, 0, 0
126000, 360, 0, 0
127000, 396, 0, 0
127999, 388, 0, 0
129000, 392, 0, 0
129999, 404, 0, 0
130999, 352, 0, 0
132000, 444, 0, 0
132999, 400, 0, 0
133999, 364, 0, 0
135000, 392, 0, 0
135999, 396, 0, 0
137000, 384, 0, 0
138000, 404, 0, 0
138999, 360, 0, 0
140000, 400, 0, 0
141000, 364, 0, 0
141999, 396, 0, 0
143000, 364, 0, 0
143999, 408, 0, 0
144999, 364, 0, 0
146000, 440, 0, 0
146999, 360, 0, 0
147999, 404, 0, 0
149000, 384, 0, 0
150000, 396, 0, 0
150999, 392, 0, 0
152000, 400, 0, 0
152999, 400, 0, 0
153999, 364, 0, 0
155000, 388, 0, 0
155999, 428, 0, 0
156999, 380, 0, 0
158000, 408, 0, 0
159000, 396, 0, 0
159999, 392, 0, 0
161000, 384, 0, 0
161999, 376, 0, 0
162999, 416, 0, 0
164000, 400, 0, 0
164999, 400, 0, 0
165999, 404, 0, 0
167000, 404, 0, 0
168000, 400, 0, 0
168999, 416, 0, 0
170000, 416, 0, 0
171000, 400, 0, 0
171999, 368, 0, 0
173000, 396, 0, 0
174000, 392, 0, 0
174999, 404, 0, 0
176000, 404, 0, 0
176999, 388, 0, 0
177999, 396, 0, 0
179000, 392, 0, 0
180000, 400, 0, 0
181000, 416, 0, 0
182000, 368, 0, 0
182999, 396, 0, 0
183999, 364, 0, 0
185000, 408, 0, 0
185999, 388, 0, 0
187000, 412, 0, 0
188000, 352, 0, 0
188999, 436, 0, 0
190000, 364, 0, 0
191000, 372, 0, 0
191999, 400, 0, 0
193000, 400, 0, 0
194000, 404, 0, 0
194999, 396, 0, 0
196000, 364, 0, 0
197000, 376, 0, 0
197999, 400, 0, 0
199000, 412, 0, 0
199999, 400, 0, 0
200999, 408, 0, 0
202000, 404, 0, 0
202999, 404, 0, 0
203999, 412, 0, 0
205000, 388, 0, 0
206000, 364, 0, 0
206999, 388, 0, 0
208000, 372, 0, 0
208999, 408, 0, 0
209999, 400, 0, 0
211000, 408, 0, 0
211999, 412, 0, 0
212999, 400, 0, 0
214000, 412, 0, 0
214999, 392, 0, 0
215999, 412, 0, 0
217000, 384, 0, 0
217999, 396, 0, 0
219000, 412, 0, 0
220000, 404, 0, 0
220999, 412, 0, 0
222000, 400, 0, 0
223000, 456, 0, 0
223999, 364, 0, 0
225000, 396, 0, 0
226000, 412, 0, 0
226999, 400, 0, 0
228000, 436, 0, 0
228999, 388, 0, 0
229999, 404, 0, 0
231000, 376, 0, 0
231999, 392, 0, 0
233000, 416, 0, 0
234000, 412, 0, 0
234999, 392, 0, 0
236000, 372, 0, 0
237000, 372, 0, 0
237999, 416, 0, 0
239000, 412, 0, 0
240000, 404, 0, 0
240999, 412, 0, 0
242000, 368, 0, 0
243000, 408, 0, 0
243999, 404, 0, 0
245000, 408, 0, 0
246000, 404, 0, 0
246999, 372, 0, 0
248000, 404, 0, 0
249000, 400, 0, 0
249999, 392, 0, 0
251000, 400, 0, 0
252000, 364, 0, 0
252999, 384, 0, 0
254000, 384, 0, 0
255000, 396, 0, 0
255999, 412, 0, 0
257000, 416, 0, 0
258000, 408, 0, 0
258999, 364, 0, 0
260000, 404, 0, 0
260999, 416, 0, 0
261999, 408, 0, 0
262999, 408, 0, 0
264000, 400, 0, 0
264999, 372, 0, 0
265999, 404, 0, 0
267000, 388, 0, 0
267999, 404, 0, 0
268999, 408, 0, 0
270000, 400, 0, 0
271000, 368, 0, 0
271999, 404, 0, 0
273000, 400, 0, 0
274000, 400, 0, 0
274999, 380, 0, 0
276000, 392, 0, 0
276999, 420, 0, 0
277999, 444, 0, 0
279000, 368, 0, 0
279999, 364, 0, 0
280999, 420, 0, 0
282000, 360, 0, 0
282999, 428, 0, 0
284000, 400, 0, 0
285000, 388, 0, 0
285999, 396, 0, 0
286999, 396, 0, 0
288000, 412, 0, 0
288999, 412, 0, 0
289999, 388, 0, 0
291000, 424, 0, 0
291999, 380, 0, 0
292999, 424, 0, 0
294000, 364, 0, 0
294999, 416, 0, 0
295999, 360, 0, 0
297000, 420, 0, 0
297999, 408, 0, 0
298999, 408, 0, 0
300000, 392, 0, 0
300999, 416, 0, 0
302000, 380, 0, 0
303000, 408, 0, 0
303999, 424, 0, 0
305000, 368, 0, 0
306000, 384, 0, 0
306999, 420, 0, 0
308000, 388, 0, 0
308999, 424, 0, 0
309999, 396, 0, 0
311000, 404, 0, 0
311999, 404, 0, 0
312999, 376, 0, 0
314000, 428, 0, 0
314999, 372, 0, 0
316000, 424, 0, 0
317000, 368, 0, 0
317999, 416, 0, 0
319000, 412, 0, 0
320000, 412, 0, 0
320999, 408, 0, 0
322000, 412, 0, 0
323000, 372, 0, 0
323999, 420, 0, 0
325000, 400, 0, 0
326000, 424, 0, 0
326999, 424, 0, 0
328000, 368, 0, 0
328999, 380, 0, 0
330000, 444, 0, 0
331000, 432, 0, 0
331999, 356, 0, 0
333000, 432, 0, 0
334000, 368, 0, 0
334999, 416, 0, 0
336000, 436, 0, 0
337000, 408, 0, 0
337999, 416, 0, 0
338999, 420, 0, 0
340000, 372, 0, 0
340999, 464, 0, 0
342000, 376, 0, 0
343000, 428, 0, 0
343999, 412, 0, 0
345000, 416, 0, 0
345999, 376, 0, 0
346999, 432, 0, 0
348000, 396, 0, 0
348999, 420, 0, 0
349999, 428, 0, 0
351000, 380, 0, 0
351999, 404, 0, 0
353000, 416, 0, 0
354000, 408, 0, 0
354999, 384, 0, 0
356000, 468, 0, 0
357000, 376, 0, 0
357999, 452, 0, 0
359000, 420, 0, 0
360000, 380, 0, 0
360999, 384, 0, 0
362000, 396, 0, 0
363000, 392, 0, 0
363999, 392, 0, 0
365000, 404, 0, 0
365999, 400, 0, 0
366999, 420, 0, 0
368000, 372, 0, 0
368999, 440, 0, 0
370000, 404, 0, 0
371000, 416, 0, 0
371999, 416, 0, 0
373000, 428, 0, 0
374000, 420, 0, 0
374999, 392, 0, 0
376000, 404, 0, 0
377000, 460, 0, 0
377999, 388, 0, 0
379000, 388, 0, 0
380000, 376, 0, 0
380999, 448, 0, 0
382000, 404, 0, 0
382999, 432, 0, 0
383999, 444, 0, 0
385000, 376, 0, 0
385999, 368, 0, 0
387000, 404, 0, 0
388000, 392, 0, 0
388999, 408, 0, 0
390000, 376, 0, 0
391000, 388, 0, 0
391999, 432, 0, 0
393000, 400, 0, 0
394000, 368, 0, 0
394999, 416, 0, 0
396000, 424, 0, 0
396999, 436, 0, 0
397999, 412, 0, 0
399000, 440, 0, 0
399999, 384, 0, 0
401000, 384, 0, 0
402000, 468, 0, 0
402999, 368, 0, 0
404000, 392, 0, 0
405000, 412, 0, 0
405999, 388, 0, 0
407000, 400, 0, 0
408000, 416, 0, 0
408999, 408, 0, 0
410000, 424, 0, 0
411000, 404, 0, 0
411999, 392, 0, 0
413000, 384, 0, 0
413999, 412, 0, 0
414999, 424, 0, 0
416000, 412, 0, 0
416999, 412, 0, 0
418000, 420, 0, 0
419000, 432, 0, 0
419999, 432, 0, 0
421000, 420, 0, 0
422000, 388, 0, 0
422999, 380, 0, 0
424000, 452, 0, 0
424999, 428, 0, 0
426000, 416, 0, 0
427000, 372, 0, 0
427999, 384, 0, 0
429000, 420, 0, 0
430000, 436, 0, 0
430999, 404, 0, 0
432000, 408, 0, 0
433000, 392, 0, 0
433999, 392, 0, 0
435000, 424, 0, 0
435999, 412, 0, 0
436999, 372, 0, 0
438000, 376, 0, 0
438999, 416, 0, 0
439999, 436, 0, 0
441000, 388, 0, 0
441999, 428, 0, 0
443000, 412, 0, 0
444000, 436, 0, 0
444999, 380, 0, 0
446000, 420, 0, 0
447000, 368, 0, 0
447999, 428, 0, 0
449000, 448, 0, 0
450000, 416, 0, 0
450999, 432, 0, 0
452000, 416, 0, 0
452999, 400, 0, 0
453999, 372, 0, 0
455000, 436, 0, 0
455999, 416, 0, 0
457000, 448, 0, 0
458000, 444, 0, 0
458999, 428, 0, 0
460000, 380, 0, 0
461000, 412, 0, 0
461999, 420, 0, 0
463000, 396, 0, 0
463999, 428, 0, 0
464999, 356, 0, 0
466000, 416, 0, 0
466999, 440, 0, 0
468000, 416, 0, 0
469000, 444, 0, 0
469999, 400, 0, 0
471000, 436, 0, 0
472000, 432, 0, 0
472999, 432, 0, 0
474000, 416, 0, 0
475000, 420, 0, 0
475999, 400, 0, 0
477000, 380, 0, 0
477999, 428, 0, 0
479000, 392, 0, 0
480000, 432, 0, 0
480999, 436, 0, 0
482000, 416, 0, 0
483000, 428, 0, 0
483999, 404, 0, 0
485000, 428, 0, 0
486000, 404, 0, 0
486999, 428, 0, 0
488000, 428, 0, 0
488999, 392, 0, 0
489999, 428, 0, 0
491000, 396, 0, 0
491999, 420, 0, 0
493000, 440, 0, 0
494000, 444, 0, 0
494999, 404, 0, 0
496000, 432, 0, 0
497000, 476, 0, 0
497999, 388, 0, 0
499000, 424, 0, 0
500000, 428, 0, 0
500999, 440, 0, 0
502000, 392, 0, 0
502999, 416, 0, 0
503999, 396, 0, 0
505000, 376, 0, 0
505999, 444, 0, 0
506999, 424, 0, 0
508000, 412, 0, 0
508999, 432, 0, 0
510000, 424, 0, 0
511000, 380, 0, 0
511999, 420, 0, 0
513000, 428, 0, 0
514000, 420, 0, 0
514999, 392, 0, 0
516000, 436, 0, 0
516999, 388, 0, 0
517999, 432, 0, 0
519000, 384, 0, 0
519999, 388, 0, 0
521000, 408, 0, 0
522000, 424, 0, 0
522999, 396, 0, 0
524000, 384, 0, 0
525000, 428, 0, 0
525999, 428, 0, 0
527000, 432, 0, 0
527999, 412, 0, 0
528999, 436, 0, 0
530000, 464, 0, 0
530999, 424, 0, 0
532000, 428, 0, 0
533000, 388, 0, 0
533999, 448, 0, 0
535000, 404, 0, 0
536000, 444, 0, 0
536999, 456, 0, 0
538000, 400, 0, 0
538999, 444, 0, 0
540000, 352, 0, 0
541000, 464, 0, 0
541999, 400, 0, 0
543000, 428, 0, 0
544000, 480, 0, 0
544999, 408, 0, 0
546000, 432, 0, 0
546999, 448, 0, 0
547999, 456, 0, 0
549000, 376, 0, 0
549999, 432, 0, 0
550999, 412, 0, 0
552000, 508, 0, 0
553000, 400, 0, 0
553999, 440, 0, 0
555000, 432, 0, 0
555999, 456, 0, 0
556999, 424, 0, 0
558000, 404, 0, 0
558999, 416, 0, 0
559999, 408, 0, 0
561000, 460, 0, 0
561999, 384, 0, 0
562999, 472, 0, 0
564000, 424, 0, 0
564999, 392, 0, 0
565999, 412, 0, 0
567000, 420, 0, 0
567999, 420, 0, 0
568999, 404, 0, 0
570000, 396, 0, 0
570999, 436, 0, 0
572000, 396, 0, 0
573000, 456, 0, 0
573999, 432, 0, 0
575000, 456, 0, 0
576000, 432, 0, 0
576999, 396, 0, 0
578000, 400, 0, 0
579000, 440, 0, 0
579999, 448, 0, 0
581000, 440, 0, 0
582000, 376, 0, 0
582999, 440, 0, 0
583999, 468, 0, 0
585000, 396, 0, 0
585999, 440, 0, 0
587000, 432, 0, 0
588000, 432, 0, 0
588999, 408, 0, 0
590000, 448, 0, 0
591000, 396, 0, 0
591999, 404, 0, 0
593000, 472, 0, 0
594000, 420, 0, 0
594999, 444, 0, 0
596000, 444, 0, 0
596999, 368, 0, 0
597999, 432, 0, 0
599000, 428, 0, 0
600000, 456, 0, 0
601000, 432, 0, 0
602000, 428, 0, 0
602999, 400, 0, 0
603999, 436, 0, 0
605000, 400, 0, 0
605999, 412, 0, 0
606999, 436, 0, 0
608000, 420, 0, 0
608999, 448, 0, 0
610000, 416, 0, 0
611000, 392, 0, 0
611999, 404, 0, 0
612999, 432, 0, 0
614000, 420, 0, 0
614999, 468, 0, 0
615999, 392, 0, 0
617000, 432, 0, 0
617999, 436, 0, 0
618999, 460, 0, 0
620000, 432, 0, 0
620999, 404, 0, 0
621999, 436, 0, 0
623000, 452, 0, 0
624000, 424, 0, 0
624999, 488, 0, 0
626000, 400, 0, 0
627000, 384, 0, 0
627999, 452, 0, 0
629000, 412, 0, 0
630000, 440, 0, 0
630999, 412, 0, 0
632000, 448, 0, 0
633000, 452, 0, 0
633999, 392, 0, 0
635000, 424, 0, 0
636000, 424, 0, 0
636999, 420, 0, 0
638000, 496, 0, 0
638999, 424, 0, 0
639999, 408, 0, 0
641000, 464, 0, 0
641999, 396, 0, 0
642999, 532, 0, 0
644000, 400, 0, 0
644999, 436, 0, 0
645999, 444, 0, 0
647000, 464, 0, 0
647999, 464, 0, 0
648999, 408, 0, 0
650000, 440, 0, 0
650999, 448, 0, 0
652000, 424, 0, 0
653000, 404, 0, 0
653999, 456, 0, 0
655000, 448, 0, 0
655999, 392, 0, 0
656999, 468, 0, 0
658000, 464, 0, 0
658999, 384, 0, 0
659999, 448, 0, 0
661000, 464, 0, 0
661999, 448, 0, 0
662999, 424, 0, 0
664000, 520, 0, 0
664999, 392, 0, 0
666000, 404, 0, 0
667000, 440, 0, 0
667999, 516, 0, 0
669000, 436, 0, 0
670000, 432, 0, 0
670999, 444, 0, 0
672000, 432, 0, 0
673000, 444, 0, 0
673999, 408, 0, 0
675000, 428, 0, 0
675999, 416, 0, 0
676999, 436, 0, 0
678000, 436, 0, 0
679000, 416, 0, 0
679999, 436, 0, 0
681000, 444, 0, 0
682000, 404, 0, 0
682999, 480, 0, 0
684000, 428, 0, 0
685000, 428, 0, 0
685999, 452, 0, 0
687000, 420, 0, 0
687999, 436, 0, 0
688999, 444, 0, 0
690000, 416, 0, 0
690999, 428, 0, 0
691999, 452, 0, 0
693000, 444, 0, 0
693999, 460, 0, 0
694999, 436, 0, 0
696000, 444, 0, 0
696999, 436, 0, 0
698000, 452, 0, 0
699000, 440, 0, 0
699999, 388, 0, 0
700999, 468, 0, 0
702000, 404, 0, 0
702999, 484, 0, 0
703999, 428, 0, 0
705000, 456, 0, 0
705999, 432, 0, 0
707000, 440, 0, 0
707999, 472, 0, 0
708999, 400, 0, 0
710000, 448, 0, 0
711000, 460, 0, 0
711999, 496, 0, 0
713000, 432, 0, 0
714000, 440, 0, 0
714999, 416, 0, 0
716000, 452, 0, 0
716999, 428, 0, 0
717999, 492, 0, 0
719000, 460, 0, 0
719999, 484, 0, 0
720999, 444, 0, 0
722000, 440, 0, 0
722999, 396, 0, 0
724000, 464, 0, 0
725000, 448, 0, 0
725999, 436, 0, 0
726999, 448, 0, 0
728000, 440, 0, 0
728999, 444, 0, 0
729999, 416, 0, 0
731000, 452, 0, 0
731999, 436, 0, 0
733000, 444, 0, 0
734000, 428, 0, 0
734999, 440, 0, 0
736000, 440, 0, 0
737000, 388, 0, 0
737999, 436, 0, 0
739000, 452, 0, 0
739999, 420, 0, 0
740999, 456, 0, 0
742000, 460, 0, 0
742999, 428, 0, 0
744000, 440, 0, 0
745000, 460, 0, 0
745999, 388, 0, 0
747000, 456, 0, 0
747999, 448, 0, 0
748999, 440, 0, 0
750000, 464, 0, 0
750999, 440, 0, 0
752000, 440, 0, 0
753000, 464, 0, 0
753999, 408, 0, 0
755000, 400, 0, 0
756000, 488, 0, 0
757000, 484, 0, 0
758000, 436, 0, 0
759000, 496, 0, 0
760000, 408, 0, 0
761000, 500, 0, 0
762001, 423, 0, 0
763000, 496, 0, 0
764000, 408, 0, 0
765000, 436, 0, 0
766000, 476, 0, 0
767000, 404, 0, 0
768000, 416, 0, 0
769000, 468, 0, 0
770000, 408, 0, 0
771000, 432, 0, 0
772000, 444, 0, 0
773000, 460, 0, 0
774001, 455, 0, 0
775000, 416, 0, 0
776000, 476, 0, 0
777000, 424, 0, 0
778000, 456, 0, 0
779000, 416, 0, 0
780000, 440, 0, 0
781000, 404, 0, 0
782000, 384, 0, 0
783000, 432, 0, 0
784000, 428, 0, 0
785000, 496, 0, 0
786000, 464, 0, 0
787000, 432, 0, 0
788000, 436, 0, 0
789000, 484, 0, 0
790001, 415, 0, 0
791000, 504, 0, 0
792000, 464, 0, 0
793000, 448, 0, 0
794000, 460, 0, 0
795000, 456, 0, 0
796000, 448, 0, 0
797000, 476, 0, 0
798000, 456, 0, 0
799000, 456, 0, 0
800000, 416, 0, 0
801000, 488, 0, 0
802001, 483, 0, 0
803000, 472, 0, 0
804000, 456, 0, 0
805000, 464, 0, 0
806000, 456, 0, 0
807000, 428, 0, 0
808000, 460, 0, 0
809000, 440, 0, 0
810000, 444, 0, 0
811000, 424, 0, 0
812000, 464, 0, 0
813000, 476, 0, 0
814000, 400, 0, 0
815001, 479, 0, 0
816000, 484, 0, 0
817000, 400, 0, 0
818000, 476, 0, 0
818999, 420, 0, 0
820000, 452, 0, 0
821000, 444, 0, 0
821999, 404, 0, 0
822999, 408, 0, 0
823999, 492, 0, 0
824999, 408, 0, 0
825999, 484, 0, 0
826998, 436, 0, 0
827998, 432, 0, 0
828999, 424, 0, 0
829998, 460, 0, 0
830998, 444, 0, 0
831998, 412, 0, 0
832998, 476, 0, 0
833998, 444, 0, 0
834997, 457, 0, 0
835997, 389, 0, 0
836998, 444, 0, 0
837997, 445, 0, 0
838997, 425, 0, 0
839996, 473, 0, 0
840997, 413, 0, 0
841997, 465, 0, 0
842996, 421, 0, 0
843996, 465, 0, 0
844996, 433, 0, 0
845996, 506, 0, 0
846996, 469, 0, 0
847995, 474, 0, 0
848995, 438, 0, 0
849995, 438, 0, 0
850995, 470, 0, 0
851995, 474, 0, 0
852994, 450, 0, 0
853995, 454, 0, 0
854994, 503, 0, 0
855994, 438, 0, 0
856994, 462, 0, 0
857993, 471, 0, 0
858994, 503, 0, 0
859994, 494, 0, 0
860993, 418, 0, 0
861993, 447, 0, 0
862993, 431, 0, 0
863993, 483, 0, 0
864993, 499, 0, 0
865993, 471, 0, 0
866992, 479, 0, 0
867993, 455, 0, 0
868992, 427, 0, 0
869992, 467, 0, 0
870992, 451, 0, 0
871992, 500, 0, 0
872992, 423, 0, 0
873991, 448, 0, 0
874991, 452, 0, 0
875992, 463, 0, 0
876991, 407, 0, 0
877991, 452, 0, 0
878991, 480, 0, 0
880000, 436, 0, 0
880991, 488, 0, 0
882000, 444, 0, 0
883000, 440, 0, 0
883999, 480, 0, 0
885000, 492, 0, 0
885999, 472, 0, 0
886999, 436, 0, 0
888000, 436, 0, 0
888999, 396, 0, 0
889999, 480, 0, 0
891000, 464, 0, 0
892000, 440, 0, 0
892999, 440, 0, 0
894000, 468, 0, 0
894999, 444, 0, 0
895999, 424, 0, 0
897000, 504, 0, 0
898000, 464, 0, 0
898999, 436, 0, 0
900000, 452, 0, 0
901000, 416, 0, 0
901999, 552, 0, 0
903000, 480, 0, 0
904000, 484, 0, 0
904999, 444, 0, 0
906000, 460, 0, 0
907000, 480, 0, 0
907999, 400, 0, 0
909000, 504, 0, 0
910000, 516, 0, 0
910999, 428, 0, 0
912000, 472, 0, 0
913000, 468, 0, 0
913999, 456, 0, 0
915000, 436, 0, 0
916000, 460, 0, 0
916999, 468, 0, 0
918000, 428, 0, 0
919000, 420, 0, 0
919999, 460, 0, 0
921000, 428, 0, 0
922000, 480, 0, 0
922999, 452, 0, 0
924000, 448, 0, 0
925000, 436, 0, 0
925999, 548, 0, 0
927000, 392, 0, 0
928000, 440, 0, 0
928999, 428, 0, 0
930000, 472, 0, 0
931000, 420, 0, 0
931999, 424, 0, 0
933000, 444, 0, 0
934000, 484, 0, 0
934999, 484, 0, 0
936000, 460, 0, 0
937000, 472, 0, 0
937999, 444, 0, 0
939000, 472, 0, 0
940000, 408, 0, 0
940999, 448, 0, 0
942000, 480, 0, 0
942999, 432, 0, 0
943999, 428, 0, 0
945000, 540, 0, 0
945999, 444, 0, 0
947000, 472, 0, 0
948000, 428, 0, 0
948999, 484, 0, 0
950000, 448, 0, 0
951000, 456, 0, 0
951999, 444, 0, 0
953000, 484, 0, 0
954000, 480, 0, 0
954999, 432, 0, 0
956000, 480, 0, 0
957000, 428, 0, 0
957999, 436, 0, 0
959000, 460, 0, 0
960000, 432, 0, 0
960999, 480, 0, 0
962000, 472, 0, 0
963000, 476, 0, 0
963999, 416, 0, 0
965000, 512, 0, 0
965999, 428, 0, 0
966999, 480, 0, 0
968000, 488, 0, 0
968999, 448, 0, 0
969999, 440, 0, 0
971000, 504, 0, 0
971999, 524, 0, 0
972999, 396, 0, 0
974000, 476, 0, 0
974999, 444, 0, 0
975999, 448, 0, 0
977000, 492, 0, 0
977999, 420, 0, 0
978999, 456, 0, 0
980000, 476, 0, 0
980999, 488, 0, 0
981999, 428, 0, 0
983000, 448, 0, 0
983999, 484, 0, 0
984999, 452, 0, 0
986000, 464, 0, 0
986999, 488, 0, 0
987999, 516, 0, 0
989000, 440, 0, 0
989999, 448, 0, 0
991000, 468, 0, 0
992000, 440, 0, 0
992999, 464, 0, 0
994000, 452, 0, 0
995000, 452, 0, 0
995999, 392, 0, 0
997000, 484, 0, 0
998000, 412, 0, 0
998999, 424, 0, 0
1000000, 496, 0, 0
1000999, 496, 0, 0
1001999, 496, 0, 0
1003000, 448, 0, 0
1003999, 428, 0, 0
1004999, 476, 0, 0
1006000, 476, 0, 0
1006999, 436, 0, 0
1008000, 480, 0, 0
1009000, 476, 0, 0
1009999, 436, 0, 0
1011000, 488, 0, 0
1012000, 444, 0, 0
1012999, 424, 0, 0
1014000, 452, 0, 0
1015000, 436, 0, 0
1015999, 408, 0, 0
1017000, 476, 0, 0
1017999, 488, 0, 0
1018999, 436, 0, 0
1020000, 472, 0, 0
1020999, 508, 0, 0
1022000, 440, 0, 0
1023000, 400, 0, 0
1023999, 484, 0, 0
1025000, 420, 0, 0
1026000, 452, 0, 0
1026999, 440, 0, 0
1028000, 496, 0, 0
1029000, 492, 0, 0
1029999, 432, 0, 0
1031000, 468, 0, 0
1032000, 464, 0, 0
1032999, 544, 0, 0
1034000, 416, 0, 0
1034999, 460, 0, 0
1035999, 468, 0, 0
1037000, 436, 0, 0
1037999, 408, 0, 0
1038999, 488, 0, 0
1040000, 468, 0, 0
1040999, 444, 0, 0
1042000, 508, 0, 0
1043000, 404, 0, 0
1043999, 480, 0, 0
1045000, 412, 0, 0
1046000, 420, 0, 0
1046999, 496, 0, 0
1048000, 476, 0, 0
1049000, 436, 0, 0
1049999, 500, 0, 0
1051000, 448, 0, 0
1052000, 480, 0, 0
1052999, 404, 0, 0
1054000, 436, 0, 0
1054999, 428, 0, 0
1055999, 456, 0, 0
1057000, 480, 0, 0
1057999, 428, 0, 0
1058999, 456, 0, 0
1060000, 476, 0, 0
1060999, 432, 0, 0
1062000, 484, 0, 0
1063000, 456, 0, 0
1063999, 484, 0, 0
1065000, 440, 0, 0
1066000, 444, 0, 0
1066999, 500, 0, 0
1068000, 440, 0, 0
1068999, 460, 0, 0
1069999, 404, 0, 0
1071000, 448, 0, 0
1071999, 408, 0, 0
1072999, 508, 0, 0
1074000, 428, 0, 0
1074999, 524, 0, 0
1076000, 412, 0, 0
1077000, 440, 0, 0
1077999, 436, 0, 0
1079000, 448, 0, 0
1080000, 432, 0, 0
1080999, 492, 0, 0
1082000, 496, 0, 0
1083000, 520, 0, 0
1083999, 492, 0, 0
1085000, 448, 0, 0
1086000, 436, 0, 0
1086999, 468, 0, 0
1088000, 452, 0, 0
1088999, 464, 0, 0
1089999, 412, 0, 0
1091000, 412, 0, 0
1091999, 492, 0, 0
1092999, 424, 0, 0
1094000, 452, 0, 0
1094999, 456, 0, 0
1095999, 404, 0, 0
1097000, 472, 0, 0
1097999, 436, 0, 0
1098999, 424, 0, 0
1100000, 448, 0, 0
1100999, 492, 0, 0
1102000, 488, 0, 0
1103000, 488, 0, 0
1104000, 440, 0, 0
1105000, 472, 0, 0
1106000, 464, 0, 0
1106999, 448, 0, 0
1108000, 488, 0, 0
1108999, 464, 0, 0
1109999, 424, 0, 0
1111000, 444, 0, 0
1111999, 476, 0, 0
1113000, 488, 0, 0
1114000, 416, 0, 0
1114999, 492, 0, 0
1116000, 428, 0, 0
1117000, 464, 0, 0
1118000, 460, 0, 0
1119000, 476, 0, 0
1120000, 420, 0, 0
1120999, 484, 0, 0
1122000, 420, 0, 0
1123000, 484, 0, 0
1123999, 432, 0, 0
1125000, 400, 0, 0
1126000, 452, 0, 0
1126999, 536, 0, 0
1128000, 396, 0, 0
1128999, 500, 0, 0
1129999, 444, 0, 0
1131000, 424, 0, 0
1131999, 460, 0, 0
1132999, 432, 0, 0
1134000, 512, 0, 0
1134999, 484, 0, 0
1136000, 472, 0, 0
1137000, 456, 0, 0
1137999, 480, 0, 0
1139000, 460, 0, 0
1140000, 432, 0, 0
1140999, 440, 0, 0
1142000, 456, 0, 0
1142999, 456, 0, 0
1143999, 456, 0, 0
1145000, 448, 0, 0
1145999, 496, 0, 0
1146999, 432, 0, 0
1148000, 516, 0, 0
1148999, 448, 0, 0
1150000, 416, 0, 0
1150999, 472, 0, 0
1151999, 424, 0, 0
1153000, 480, 0, 0
1154000, 464, 0, 0
1154999, 500, 0, 0
1156000, 428, 0, 0
1157000, 448, 0, 0
1157999, 472, 0, 0
1159000, 408, 0, 0
1159999, 484, 0, 0
1160999, 392, 0, 0
1162000, 476, 0, 0
1162999, 428, 0, 0
1163999, 484, 0, 0
1165000, 408, 0, 0
1165999, 464, 0, 0
1167000, 412, 0, 0
1168000, 452, 0, 0
1168999, 436, 0, 0
1170000, 476, 0, 0
1171000, 472, 0, 0
1171999, 436, 0, 0
1173000, 372, 0, 0
1174000, 572, 0, 0
1174999, 460, 0, 0
1176000, 448, 0, 0
1177000, 444, 0, 0
1177999, 552, 0, 0
1179000, 420, 0, 0
1180000, 432, 0, 0
1180999, 508, 0, 0
1182000, 444, 0, 0
1182999, 452, 0, 0
1183999, 480, 0, 0
1185000, 428, 0, 0
1185999, 492, 0, 0
1186999, 484, 0, 0
1188000, 428, 0, 0
1188999, 496, 0, 0
1190000, 480, 0, 0
1191000, 412, 0, 0
1191999, 476, 0, 0
1193000, 468, 0, 0
1194000, 428, 0, 0
1194999, 480, 0, 0
1196000, 484, 0, 0
1197000, 380, 0, 0
1197999, 420, 0, 0
1199000, 508, 0, 0
1200000, 460, 0, 0
1200999, 452, 0, 0
1202000, 476, 0, 0
1203000, 424, 0, 0
1203999, 432, 0, 0
1205000, 500, 0, 0
1206000, 456, 0, 0
1206999, 460, 0, 0
1208000, 472, 0, 0
1209000, 472, 0, 0
1209999, 432, 0, 0
1211000, 480, 0, 0
1212000, 428, 0, 0
1212999, 484, 0, 0
1214000, 448, 0, 0
1214999, 440, 0, 0
1215999, 468, 0, 0
1217000, 440, 0, 0
1218000, 408, 0, 0
1218999, 500, 0, 0
1220000, 508, 0, 0
1221000, 416, 0, 0
1221999, 452, 0, 0
1223000, 492, 0, 0
1223999, 432, 0, 0
1224999, 424, 0, 0
1226000, 468, 0, 0
1226999, 412, 0, 0
1227999, 468, 0, 0
1229000, 460, 0, 0
1229999, 372, 0, 0
1230999, 476, 0, 0
1232000, 464, 0, 0
1232999, 476, 0, 0
1233999, 412, 0, 0
1235000, 472, 0, 0
1235999, 428, 0, 0
1236999, 496, 0, 0
1238000, 484, 0, 0
1238999, 420, 0, 0
1239999, 440, 0, 0
1241000, 476, 0, 0
1241999, 480, 0, 0
1243000, 460, 0, 0
1244000, 424, 0, 0
1244999, 404, 0, 0
1246000, 416, 0, 0
1247000, 452, 0, 0
1247999, 456, 0, 0
1249000, 500, 0, 0
1250000, 408, 0, 0
1250999, 388, 0, 0
1252000, 452, 0, 0
1252999, 468, 0, 0
1253999, 420, 0, 0
1255000, 492, 0, 0
1255999, 372, 0, 0
1256999, 500, 0, 0
1258000, 476, 0, 0
1258999, 492, 0, 0
1259999, 432, 0, 0
1261000, 508, 0, 0
1261999, 440, 0, 0
1262999, 484, 0, 0
1264000, 488, 0, 0
1264999, 436, 0, 0
1265999, 456, 0, 0
1267000, 440, 0, 0
1267999, 408, 0, 0
1268999, 436, 0, 0
1270000, 496, 0, 0
1270999, 476, 0, 0
1271999, 460, 0, 0
1273000, 488, 0, 0
1273999, 444, 0, 0
1274999, 456, 0, 0
1276000, 488, 0, 0
1277000, 448, 0, 0
1277999, 464, 0, 0
1279000, 428, 0, 0
1280000, 440, 0, 0
1280999, 404, 0, 0
1282000, 448, 0, 0
1282999, 416, 0, 0
1283999, 448, 0, 0
1285000, 472, 0, 0
1286000, 420, 0, 0
1286999, 504, 0, 0
1287999, 496, 0, 0
1289000, 420, 0, 0
1289999, 468, 0, 0
1291000, 420, 0, 0
1292000, 484, 0, 0
1292999, 436, 0, 0
1294000, 436, 0, 0
1295000, 420, 0, 0
1295999, 488, 0, 0
1297000, 464, 0, 0
1298000, 484, 0, 0
1298999, 488, 0, 0
1300000, 492, 0, 0
1300999, 476, 0, 0
1301999, 432, 0, 0
1303000, 492, 0, 0
1303999, 432, 0, 0
1304999, 472, 0, 0
1306000, 452, 0, 0
1306999, 496, 0, 0
1307999, 468, 0, 0
1309000, 420, 0, 0
1309999, 456, 0, 0
1310999, 452, 0, 0
1312000, 436, 0, 0
1312999, 404, 0, 0
1314000, 456, 0, 0
1315000, 444, 0, 0
1315999, 428, 0, 0
1316999, 444, 0, 0
1318000, 496, 0, 0
1318999, 456, 0, 0
1319999, 460, 0, 0
1321000, 468, 0, 0
1321999, 424, 0, 0
1322999, 432, 0, 0
1324000, 348, 0, 0
1324999, 428, 0, 0
1325999, 404, 0, 0
1327000, 440, 0, 0
1327999, 460, 0, 0
1328999, 460, 0, 0
1330000, 464, 0, 0
1331000, 480, 0, 0
1331999, 444, 0, 0
1333000, 388, 0, 0
1333999, 456, 0, 0
1334999, 444, 0, 0
1336000, 464, 0, 0
1336999, 444, 0, 0
1337999, 484, 0, 0
1339000, 480, 0, 0
1339999, 496, 0, 0
1340999, 480, 0, 0
1342000, 460, 0, 0
1342999, 428, 0, 0
1343999, 524, 0, 0
1345000, 428, 0, 0
1346000, 476, 0, 0
1346999, 408, 0, 0
1348000, 460, 0, 0
1349000, 472, 0, 0
1349999, 436, 0, 0
1351000, 448, 0, 0
1352000, 512, 0, 0
1352999, 412, 0, 0
1354000, 468, 0, 0
1355000, 396, 0, 0
1355999, 484, 0, 0
1357000, 488, 0, 0
1357999, 492, 0, 0
1358999, 456, 0, 0
1360000, 448, 0, 0
1360999, 496, 0, 0
1361999, 480, 0, 0
1363000, 476, 0, 0
1363999, 492, 0, 0
1365000, 428, 0, 0
1366000, 504, 0, 0
1366999, 456, 0, 0
1368000, 460, 0, 0
1369000, 452, 0, 0
1369999, 456, 0, 0
1371000, 424, 0, 0
1371999, 504, 0, 0
1373000, 492, 0, 0
1374000, 504, 0, 0
1374999, 432, 0, 0
1376000, 492, 0, 0
1377000, 504, 0, 0
1377999, 404, 0, 0
1379000, 484, 0, 0
1380000, 500, 0, 0
1380999, 440, 0, 0
1382000, 476, 0, 0
1383000, 468, 0, 0
1383999, 436, 0, 0
1385000, 464, 0, 0
1386000, 480, 0, 0
1386999, 456, 0, 0
1388000, 448, 0, 0
1388999, 480, 0, 0
1389999, 440, 0, 0
1391000, 448, 0, 0
1391999, 468, 0, 0
1393000, 424, 0, 0
1394000, 452, 0, 0
1394999, 488, 0, 0
1396000, 436, 0, 0
1397000, 452, 0, 0
1397999, 488, 0, 0
1399000, 452, 0, 0
1400000, 448, 0, 0
1400999, 484, 0, 0
1402000, 444, 0, 0
1403000, 440, 0, 0
1403999, 460, 0, 0
1405000, 464, 0, 0
1406000, 408, 0, 0
1406999, 488, 0, 0
1408000, 452, 0, 0
1408999, 492, 0, 0
1409999, 476, 0, 0
1411000, 424, 0, 0
1412000, 460, 0, 0
1412999, 472, 0, 0
1414000, 456, 0, 0
1414999, 468, 0, 0
1415999, 440, 0, 0
1417000, 488, 0, 0
1418000, 504, 0, 0
1418999, 460, 0, 0
1420000, 448, 0, 0
1420999, 496, 0, 0
1422000, 464, 0, 0
1423000, 440, 0, 0
1423999, 492, 0, 0
1425000, 488, 0, 0
1426000, 444, 0, 0
1426999, 444, 0, 0
1428000, 452, 0, 0
1428999, 488, 0, 0
1429999, 468, 0, 0
1431000, 440, 0, 0
1432000, 468, 0, 0
1432999, 448, 0, 0
1434000, 500, 0, 0
1434999, 400, 0, 0
1435999, 440, 0, 0
1437000, 536, 0, 0
1438000, 440, 0, 0
1438999, 452, 0, 0
1440000, 436, 0, 0
1441000, 456, 0, 0
1441999, 464, 0, 0
1443000, 448, 0, 0
1444000, 420, 0, 0
1444999, 420, 0, 0
1446000, 524, 0, 0
1446999, 496, 0, 0
1447999, 424, 0, 0
1449000, 460, 0, 0
1449999, 412, 0, 0
1451000, 488, 0, 0
1452000, 484, 0, 0
1452999, 496, 0, 0
1454000, 424, 0, 0
1455000, 468, 0, 0
1455999, 428, 0, 0
1457000, 488, 0, 0
1458000, 444, 0, 0
1458999, 488, 0, 0
1460000, 464, 0, 0
1460999, 464, 0, 0
1461999, 452, 0, 0
1463000, 436, 0, 0
1463999, 468, 0, 0
1465000, 460, 0, 0
1466000, 476, 0, 0
1466999, 460, 0, 0
1468000, 448, 0, 0
1469000, 428, 0, 0
1469999, 452, 0, 0
1470999, 412, 0, 0
1472000, 476, 0, 0
1472999, 464, 0, 0
1474000, 436, 0, 0
1475000, 472, 0, 0
1475999, 444, 0, 0
1477000, 472, 0, 0
1478000, 440, 0, 0
1478999, 508, 0, 0
1480000, 516, 0, 0
1480999, 444, 0, 0
1481999, 460, 0, 0
1483000, 456, 0, 0
1483999, 428, 0, 0
1484999, 432, 0, 0
1486000, 444, 0, 0
1486999, 420, 0, 0
1487999, 460, 0, 0
1489000, 468, 0, 0
1490000, 480, 0, 0
1490999, 440, 0, 0
1492000, 480, 0, 0
1493000, 448, 0, 0
1493999, 452, 0, 0
1495000, 456, 0, 0
1496000, 456, 0, 0
1496999, 452, 0, 0
1498000, 408, 0, 0
1499000, 508, 0, 0
1499999, 528, 0, 0
1500999, 440, 0, 0
1502000, 400, 0, 0
1502999, 484, 0, 0
1503999, 476, 0, 0
1505000, 416, 0, 0
1506000, 504, 0, 0
1506999, 444, 0, 0
1508000, 424, 0, 0
1509000, 472, 0, 0
1509999, 416, 0, 0
1510999, 496, 0, 0
1512000, 428, 0, 0
1512999, 476, 0, 0
1513999, 492, 0, 0
1515000, 480, 0, 0
1515999, 448, 0, 0
1516999, 452, 0, 0
1518000, 468, 0, 0
1519000, 488, 0, 0
1519999, 444, 0, 0
1521000, 476, 0, 0
1522000, 468, 0, 0
1522999, 420, 0, 0
1523999, 476, 0, 0
1525000, 480, 0, 0
1526000, 476, 0, 0
1526999, 420, 0, 0
1528000, 460, 0, 0
1529000, 464, 0, 0
1529999, 468, 0, 0
1531000, 440, 0, 0
1532000, 496, 0, 0
1532999, 508, 0, 0
1534000, 416, 0, 0
1534999, 456, 0, 0
1535999, 484, 0, 0
1537000, 444, 0, 0
1537999, 496, 0, 0
1538999, 472, 0, 0
1540000, 416, 0, 0
1540999, 420, 0, 0
1542000, 464, 0, 0
1542999, 412, 0, 0
1543999, 476, 0, 0
1545000, 424, 0, 0
1546000, 456, 0, 0
1546999, 460, 0, 0
1548000, 424, 0, 0
1549000, 460, 0, 0
1549999, 444, 0, 0
1551000, 464, 0, 0
1552000, 476, 0, 0
1552999, 476, 0, 0
1554000, 488, 0, 0
1555000, 460, 0, 0
1555999, 448, 0, 0
1557000, 488, 0, 0
1558000, 492, 0, 0
1558999, 472, 0, 0
1560000, 444, 0, 0
1561000, 500, 0, 0
1561999, 524, 0, 0
1563000, 440, 0, 0
1564000, 432, 0, 0
1564999, 420, 0, 0
1566000, 428, 0, 0
1567000, 464, 0, 0
1567999, 452, 0, 0
1568999, 424, 0, 0
1570000, 448, 0, 0
1570999, 436, 0, 0
1571999, 436, 0, 0
1573000, 424, 0, 0
1573999, 516, 0, 0
1574999, 468, 0, 0
1576000, 464, 0, 0
1576999, 500, 0, 0
1578000, 452, 0, 0
1579000, 548, 0, 0
1579999, 488, 0, 0
1581000, 448, 0, 0
1582000, 416, 0, 0
1582999, 428, 0, 0
1583999, 396, 0, 0
1585000, 472, 0, 0
1585999, 480, 0, 0
1586999, 424, 0, 0
1588000, 384, 0, 0
1588999, 452, 0, 0
1589999, 460, 0, 0
1591000, 460, 0, 0
1591999, 440, 0, 0
1593000, 488, 0, 0
1594000, 400, 0, 0
1594999, 472, 0, 0
1596000, 476, 0, 0
1597000, 456, 0, 0
1597999, 464, 0, 0
1599000, 420, 0, 0
1600000, 416, 0, 0
1600999, 520, 0, 0
1602000, 464, 0, 0
1603000, 444, 0, 0
1603999, 464, 0, 0
1604999, 496, 0, 0
1606000, 468, 0, 0
1606999, 508, 0, 0
1608000, 400, 0, 0
1609000, 460, 0, 0
1609999, 432, 0, 0
1610999, 480, 0, 0
1612000, 456, 0, 0
1612999, 472, 0, 0
1613999, 452, 0, 0
1615000, 496, 0, 0
1615999, 424, 0, 0
1616999, 468, 0, 0
1618000, 468, 0, 0
1619000, 428, 0, 0
1619999, 428, 0, 0
1621000, 496, 0, 0
1622000, 400, 0, 0
1622999, 448, 0, 0
1623999, 400, 0, 0
1625000, 476, 0, 0
1625999, 472, 0, 0
1626999, 484, 0, 0
1628000, 496, 0, 0
1628999, 428, 0, 0
1629999, 504, 0, 0
1631000, 436, 0, 0
1632000, 484, 0, 0
1632999, 424, 0, 0
1634000, 488, 0, 0
1634999, 416, 0, 0
1636000, 416, 0, 0
1637000, 532, 0, 0
1637999, 448, 0, 0
1639000, 460, 0, 0
1640000, 484, 0, 0
1640999, 448, 0, 0
1642000, 476, 0, 0
1643000, 480, 0, 0
1643999, 420, 0, 0
1645000, 504, 0, 0
1646000, 472, 0, 0
1646999, 432, 0, 0
1648000, 468, 0, 0
1649000, 504, 0, 0
1649999, 464, 0, 0
1651000, 428, 0, 0
1651999, 460, 0, 0
1652999, 436, 0, 0
1654000, 416, 0, 0
1654999, 468, 0, 0
1655999, 504, 0, 0
1657000, 404, 0, 0
1657999, 452, 0, 0
1658999, 424, 0, 0
1660000, 444, 0, 0
1660999, 448, 0, 0
1661999, 456, 0, 0
1663000, 448, 0, 0
1663999, 448, 0, 0
1664999, 452, 0, 0
1666000, 468, 0, 0
1666999, 456, 0, 0
1667999, 432, 0, 0
1669000, 468, 0, 0
1669999, 472, 0, 0
1670999, 464, 0, 0
1672000, 432, 0, 0
1672999, 440, 0, 0
1673999, 436, 0, 0
1675000, 484, 0, 0
1675999, 416, 0, 0
1676999, 472, 0, 0
1678000, 440, 0, 0
1678999, 492, 0, 0
1679999, 440, 0, 0
1681000, 472, 0, 0
1681999, 428, 0, 0
1682999, 468, 0, 0
1684000, 480, 0, 0
1684999, 440, 0, 0
1685999, 444, 0, 0
1687000, 520, 0, 0
1687999, 412, 0, 0
1688999, 520, 0, 0
1690000, 444, 0, 0
1690999, 448, 0, 0
1692000, 448, 0, 0
1693000, 440, 0, 0
1693999, 472, 0, 0
1695000, 432, 0, 0
1696000, 404, 0, 0
1696999, 460, 0, 0
1698000, 456, 0, 0
1698999, 424, 0, 0
1700000, 456, 0, 0
1701000, 476, 0, 0
1701999, 508, 0, 0
1703000, 416, 0, 0
1704000, 436, 0, 0
1704999, 480, 0, 0
1706000, 420, 0, 0
1707000, 500, 0, 0
1707999, 452, 0, 0
1709000, 452, 0, 0
1710000, 424, 0, 0
1710999, 456, 0, 0
1712000, 428, 0, 0
1712999, 384, 0, 0
1713999, 468, 0, 0
1715000, 440, 0, 0
1715999, 396, 0, 0
1716999, 468, 0, 0
1718000, 444, 0, 0
1718999, 420, 0, 0
1719999, 472, 0, 0
1721000, 472, 0, 0
1721999, 408, 0, 0
1722999, 492, 0, 0
1724000, 460, 0, 0
1724999, 500, 0, 0
1725999, 468, 0, 0
1727000, 448, 0, 0
1727999, 444, 0, 0
1728999, 468, 0, 0
1730000, 472, 0, 0
1730999, 464, 0, 0
1732000, 432, 0, 0
1733000, 464, 0, 0
1733999, 460, 0, 0
1735000, 452, 0, 0
1736000, 456, 0, 0
1736999, 476, 0, 0
1738000, 496, 0, 0
1738999, 480, 0, 0
1739999, 428, 0, 0
1741000, 452, 0, 0
1741999, 460, 0, 0
1742999, 444, 0, 0
1744000, 468, 0, 0
1744999, 464, 0, 0
1746000, 468, 0, 0
1747000, 444, 0, 0
1747999, 448, 0, 0
1749000, 448, 0, 0
1750000, 432, 0, 0
1750999, 448, 0, 0
1752000, 464, 0, 0
1753000, 444, 0, 0
1753999, 436, 0, 0
1755000, 408, 0, 0
1756000, 456, 0, 0
1756999, 476, 0, 0
1758000, 436, 0, 0
1759000, 460, 0, 0
1759999, 448, 0, 0
1761000, 464, 0, 0
1761999, 436, 0, 0
1762999, 472, 0, 0
1764000, 432, 0, 0
1764999, 420, 0, 0
1765999, 448, 0, 0
1767000, 488, 0, 0
1767999, 408, 0, 0
1768999, 456, 0, 0
1770000, 464, 0, 0
1770999, 408, 0, 0
1771999, 448, 0, 0
1773000, 432, 0, 0
1773999, 468, 0, 0
1775000, 444, 0, 0
1776000, 488, 0, 0
1776999, 468, 0, 0
1778000, 392, 0, 0
1779000, 504, 0, 0
1779999, 484, 0, 0
1781000, 444, 0, 0
1781999, 484, 0, 0
1782999, 452, 0, 0
1784000, 444, 0, 0
1784999, 456, 0, 0
1785999, 452, 0, 0
1787000, 448, 0, 0
1787999, 488, 0, 0
1789000, 476, 0, 0
1790000, 480, 0, 0
1790999, 428, 0, 0
1792000, 460, 0, 0
1793000, 400, 0, 0
1793999, 484, 0, 0
1795000, 408, 0, 0
1796000, 484, 0, 0
1796999, 396, 0, 0
1798000, 412, 0, 0
1798999, 452, 0, 0
1799999, 444, 0, 0
