999, 180, 0, 0
1999, 384, 0, 0
3000, 384, 0, 0
3999, 388, 0, 0
4999, 384, 0, 0
6000, 384, 0, 0
7000, 384, 0, 0
7999, 384, 0, 0
9000, 388, 0, 0
9999, 352, 0, 0
10999, 384, 0, 0
12000, 392, 0, 0
12999, 352, 0, 0
13999, 384, 0, 0
15000, 384, 0, 0
15999, 384, 0, 0
16999, 384, 0, 0
18000, 384, 0, 0
18999, 384, 0, 0
19999, 388, 0, 0
21000, 356, 0, 0
21999, 384, 0, 0
22999, 384, 0, 0
24000, 384, 0, 0
24999, 356, 0, 0
25999, 384, 0, 0
27000, 352, 0, 0
27999, 420, 0, 0
29000, 384, 0, 0
30000, 388, 0, 0
30999, 388, 0, 0
32000, 384, 0, 0
33000, 384, 0, 0
33999, 352, 0, 0
35000, 380, 0, 0
36000, 384, 0, 0
36999, 356, 0, 0
37999, 384, 0, 0
39000, 384, 0, 0
39999, 388, 0, 0
40999, 384, 0, 0
42000, 384, 0, 0
42999, 392, 0, 0
43999, 388, 0, 0
45000, 356, 0, 0
45999, 384, 0, 0
46999, 384, 0, 0
48000, 384, 0, 0
48999, 388, 0, 0
49999, 384, 0, 0
51000, 388, 0, 0
51999, 352, 0, 0
53000, 388, 0, 0
54000, 388, 0, 0
54999, 388, 0, 0
56000, 388, 0, 0
56999, 384, 0, 0
57999, 392, 0, 0
59000, 360, 0, 0
59999, 356, 0, 0
60999, 384, 0, 0
62000, 388, 0, 0
62999, 356, 0, 0
63999, 388, 0, 0
65000, 416, 0, 0
65999, 384, 0, 0
67000, 392, 0, 0
68000, 388, 0, 0
68999, 392, 0, 0
70000, 392, 0, 0
71000, 400, 0, 0
71999, 384, 0, 0
73000, 400, 0, 0
74000, 396, 0, 0
74999, 392, 0, 0
76000, 396, 0, 0
76999, 352, 0, 0
77999, 388, 0, 0
79000, 392, 0, 0
79999, 388, 0, 0
80999, 388, 0, 0
82000, 384, 0, 0
82999, 396, 0, 0
83999, 388, 0, 0
85000, 392, 0, 0
85999, 388, 0, 0
86999, 388, 0, 0
88000, 388, 0, 0
88999, 388, 0, 0
89999, 388, 0, 0
91000, 388, 0, 0
91999, 356, 0, 0
92999, 384, 0, 0
94000, 400, 0, 0
94999, 392, 0, 0
96000, 392, 0, 0
97000, 392, 0, 0
97999, 388, 0, 0
99000, 384, 0, 0
100000, 388, 0, 0
100999, 396, 0, 0
102000, 360, 0, 0
102999, 396, 0, 0
103999, 392, 0, 0
105000, 392, 0, 0
106000, 396, 0, 0
106999, 400, 0, 0
108000, 360, 0, 0
109000, 356, 0, 0
109999, 396, 0, 0
111000, 388, 0, 0
112000, 400, 0, 0
112999, 392, 0, 0
114000, 396, 0, 0
115000, 384, 0, 0
115999, 368, 0, 0
117000, 392, 0, 0
118000, 400, 0, 0
118999, 388, 0, 0
120000, 360, 0, 0
121000, 392, 0, 0
121999, 384, 0, 0
123000, 392, 0, 0
124000, 396, 0, 0
124999, 352, 0, 0
126000, 368, 0, 0
127000, 392, 0, 0
127999, 356, 0, 0
129000, 428, 0, 0
129999, 372, 0, 0
130999, 400, 0, 0
132000, 412, 0, 0
132999, 384, 0, 0
133999, 400, 0, 0
135000, 388, 0, 0
135999, 424, 0, 0
136999, 364, 0, 0
138000, 416, 0, 0
138999, 396, 0, 0
140000, 400, 0, 0
141000, 400, 0, 0
141999, 384, 0, 0
143000, 400, 0, 0
143999, 368, 0, 0
144999, 392, 0, 0
146000, 356, 0, 0
146999, 356, 0, 0
147999, 396, 0, 0
149000, 388, 0, 0
150000, 404, 0, 0
150999, 400, 0, 0
152000, 392, 0, 0
152999, 388, 0, 0
153999, 352, 0, 0
155000, 404, 0, 0
155999, 400, 0, 0
156999, 380, 0, 0
158000, 396, 0, 0
159000, 392, 0, 0
159999, 392, 0, 0
161000, 356, 0, 0
161999, 400, 0, 0
162999, 396, 0, 0
164000, 400, 0, 0
164999, 328, 0, 0
165999, 428, 0, 0
167000, 360, 0, 0
168000, 388, 0, 0
168999, 364, 0, 0
170000, 384, 0, 0
171000, 428, 0, 0
171999, 396, 0, 0
173000, 392, 0, 0
174000, 396, 0, 0
174999, 356, 0, 0
176000, 400, 0, 0
176999, 384, 0, 0
177999, 400, 0, 0
179000, 396, 0, 0
180000, 388, 0, 0
180999, 412, 0, 0
182000, 388, 0, 0
182999, 408, 0, 0
183999, 384, 0, 0
185000, 364, 0, 0
185999, 360, 0, 0
186999, 388, 0, 0
188000, 384, 0, 0
188999, 412, 0, 0
189999, 404, 0, 0
191000, 392, 0, 0
191999, 420, 0, 0
192999, 400, 0, 0
194000, 376, 0, 0
194999, 412, 0, 0
196000, 404, 0, 0
197000, 400, 0, 0
197999, 384, 0, 0
199000, 428, 0, 0
199999, 356, 0, 0
200999, 396, 0, 0
202000, 364, 0, 0
202999, 400, 0, 0
203999, 408, 0, 0
205000, 396, 0, 0
206000, 416, 0, 0
206999, 404, 0, 0
208000, 376, 0, 0
208999, 436, 0, 0
209999, 388, 0, 0
211000, 408, 0, 0
211999, 396, 0, 0
212999, 420, 0, 0
214000, 364, 0, 0
214999, 368, 0, 0
215999, 412, 0, 0
217000, 388, 0, 0
217999, 364, 0, 0
219000, 364, 0, 0
220000, 404, 0, 0
220999, 372, 0, 0
222000, 404, 0, 0
223000, 408, 0, 0
223999, 388, 0, 0
225000, 444, 0, 0
226000, 404, 0, 0
226999, 408, 0, 0
228000, 360, 0, 0
228999, 432, 0, 0
229999, 372, 0, 0
231000, 404, 0, 0
231999, 388, 0, 0
232999, 408, 0, 0
234000, 416, 0, 0
234999, 372, 0, 0
235999, 412, 0, 0
237000, 400, 0, 0
237999, 364, 0, 0
238999, 404, 0, 0
240000, 392, 0, 0
240999, 400, 0, 0
241999, 372, 0, 0
243000, 420, 0, 0
243999, 420, 0, 0
245000, 380, 0, 0
246000, 400, 0, 0
246999, 408, 0, 0
247999, 376, 0, 0
249000, 420, 0, 0
249999, 404, 0, 0
250999, 404, 0, 0
252000, 384, 0, 0
252999, 444, 0, 0
253999, 380, 0, 0
255000, 392, 0, 0
255999, 372, 0, 0
257000, 408, 0, 0
258000, 404, 0, 0
258999, 400, 0, 0
259999, 416, 0, 0
260999, 396, 0, 0
261999, 404, 0, 0
262999, 400, 0, 0
264000, 368, 0, 0
264999, 396, 0, 0
265999, 420, 0, 0
267000, 364, 0, 0
267999, 400, 0, 0
268999, 412, 0, 0
270000, 408, 0, 0
271000, 364, 0, 0
271999, 408, 0, 0
273000, 408, 0, 0
274000, 388, 0, 0
274999, 356, 0, 0
276000, 408, 0, 0
276999, 372, 0, 0
277999, 400, 0, 0
279000, 384, 0, 0
279999, 436, 0, 0
280999, 412, 0, 0
282000, 392, 0, 0
282999, 400, 0, 0
283999, 388, 0, 0
285000, 432, 0, 0
285999, 416, 0, 0
286999, 404, 0, 0
288000, 356, 0, 0
288999, 396, 0, 0
289999, 384, 0, 0
291000, 408, 0, 0
291999, 368, 0, 0
292999, 420, 0, 0
294000, 408, 0, 0
294999, 416, 0, 0
295999, 388, 0, 0
297000, 408, 0, 0
297999, 412, 0, 0
298999, 424, 0, 0
300000, 384, 0, 0
300999, 404, 0, 0
301999, 420, 0, 0
303000, 412, 0, 0
303999, 388, 0, 0
304999, 424, 0, 0
306000, 376, 0, 0
306999, 400, 0, 0
308000, 372, 0, 0
308999, 384, 0, 0
309999, 416, 0, 0
311000, 420, 0, 0
311999, 392, 0, 0
312999, 364, 0, 0
314000, 416, 0, 0
314999, 408, 0, 0
316000, 408, 0, 0
317000, 408, 0, 0
317999, 380, 0, 0
319000, 404, 0, 0
320000, 412, 0, 0
320999, 404, 0, 0
322000, 376, 0, 0
323000, 408, 0, 0
323999, 404, 0, 0
325000, 396, 0, 0
326000, 408, 0, 0
326999, 424, 0, 0
328000, 376, 0, 0
328999, 424, 0, 0
329999, 420, 0, 0
331000, 408, 0, 0
331999, 392, 0, 0
332999, 428, 0, 0
334000, 408, 0, 0
334999, 408, 0, 0
335999, 404, 0, 0
337000, 416, 0, 0
337999, 352, 0, 0
338999, 404, 0, 0
340000, 432, 0, 0
340999, 404, 0, 0
342000, 416, 0, 0
343000, 400, 0, 0
343999, 376, 0, 0
345000, 440, 0, 0
345999, 432, 0, 0
346999, 400, 0, 0
348000, 328, 0, 0
348999, 412, 0, 0
349999, 380, 0, 0
351000, 396, 0, 0
351999, 392, 0, 0
352999, 428, 0, 0
354000, 436, 0, 0
354999, 436, 0, 0
355999, 388, 0, 0
357000, 404, 0, 0
357999, 372, 0, 0
359000, 420, 0, 0
360000, 404, 0, 0
360999, 456, 0, 0
362000, 396, 0, 0
363000, 392, 0, 0
363999, 392, 0, 0
365000, 412, 0, 0
365999, 436, 0, 0
366999, 372, 0, 0
368000, 396, 0, 0
368999, 420, 0, 0
369999, 424, 0, 0
371000, 388, 0, 0
371999, 456, 0, 0
372999, 380, 0, 0
374000, 448, 0, 0
374999, 376, 0, 0
376000, 436, 0, 0
377000, 404, 0, 0
377999, 404, 0, 0
379000, 432, 0, 0
380000, 432, 0, 0
380999, 436, 0, 0
382000, 404, 0, 0
382999, 432, 0, 0
383999, 424, 0, 0
385000, 368, 0, 0
385999, 436, 0, 0
386999, 404, 0, 0
388000, 388, 0, 0
388999, 424, 0, 0
390000, 404, 0, 0
391000, 436, 0, 0
391999, 364, 0, 0
393000, 456, 0, 0
394000, 448, 0, 0
394999, 428, 0, 0
396000, 384, 0, 0
396999, 396, 0, 0
397999, 404, 0, 0
399000, 396, 0, 0
399999, 436, 0, 0
400999, 412, 0, 0
402000, 408, 0, 0
402999, 428, 0, 0
404000, 456, 0, 0
405000, 384, 0, 0
405999, 432, 0, 0
407000, 416, 0, 0
408000, 404, 0, 0
408999, 400, 0, 0
410000, 384, 0, 0
411000, 396, 0, 0
411999, 408, 0, 0
413000, 424, 0, 0
413999, 380, 0, 0
414999, 408, 0, 0
416000, 428, 0, 0
416999, 408, 0, 0
417999, 408, 0, 0
419000, 368, 0, 0
419999, 432, 0, 0
421000, 400, 0, 0
422000, 408, 0, 0
422999, 384, 0, 0
424000, 412, 0, 0
424999, 432, 0, 0
425999, 440, 0, 0
427000, 392, 0, 0
427999, 440, 0, 0
429000, 396, 0, 0
430000, 392, 0, 0
430999, 436, 0, 0
432000, 420, 0, 0
433000, 400, 0, 0
433999, 392, 0, 0
435000, 368, 0, 0
435999, 416, 0, 0
436999, 384, 0, 0
438000, 420, 0, 0
438999, 368, 0, 0
439999, 420, 0, 0
441000, 436, 0, 0
441999, 432, 0, 0
443000, 388, 0, 0
444000, 444, 0, 0
444999, 436, 0, 0
446000, 436, 0, 0
447000, 404, 0, 0
447999, 432, 0, 0
449000, 444, 0, 0
450000, 444, 0, 0
450999, 400, 0, 0
452000, 392, 0, 0
452999, 472, 0, 0
453999, 372, 0, 0
455000, 420, 0, 0
455999, 432, 0, 0
456999, 396, 0, 0
458000, 412, 0, 0
458999, 424, 0, 0
460000, 428, 0, 0
461000, 404, 0, 0
461999, 428, 0, 0
463000, 436, 0, 0
463999, 392, 0, 0
464999, 396, 0, 0
466000, 376, 0, 0
466999, 440, 0, 0
467999, 436, 0, 0
469000, 384, 0, 0
469999, 460, 0, 0
471000, 436, 0, 0
472000, 436, 0, 0
472999, 372, 0, 0
474000, 440, 0, 0
475000, 408, 0, 0
475999, 424, 0, 0
477000, 416, 0, 0
477999, 396, 0, 0
478999, 424, 0, 0
480000, 448, 0, 0
480999, 416, 0, 0
482000, 384, 0, 0
483000, 424, 0, 0
483999, 436, 0, 0
485000, 376, 0, 0
486000, 464, 0, 0
486999, 444, 0, 0
488000, 416, 0, 0
488999, 432, 0, 0
489999, 396, 0, 0
491000, 424, 0, 0
491999, 440, 0, 0
493000, 440, 0, 0
494000, 416, 0, 0
494999, 444, 0, 0
496000, 444, 0, 0
497000, 488, 0, 0
497999, 396, 0, 0
499000, 432, 0, 0
500000, 436, 0, 0
500999, 388, 0, 0
502000, 456, 0, 0
502999, 432, 0, 0
503999, 428, 0, 0
505000, 432, 0, 0
505999, 456, 0, 0
506999, 388, 0, 0
508000, 412, 0, 0
508999, 436, 0, 0
509999, 456, 0, 0
511000, 440, 0, 0
511999, 400, 0, 0
513000, 436, 0, 0
514000, 420, 0, 0
514999, 428, 0, 0
516000, 372, 0, 0
516999, 416, 0, 0
517999, 388, 0, 0
519000, 420, 0, 0
519999, 424, 0, 0
520999, 420, 0, 0
522000, 420, 0, 0
522999, 384, 0, 0
524000, 476, 0, 0
525000, 396, 0, 0
525999, 424, 0, 0
527000, 384, 0, 0
527999, 452, 0, 0
528999, 400, 0, 0
530000, 436, 0, 0
530999, 428, 0, 0
532000, 420, 0, 0
533000, 408, 0, 0
533999, 440, 0, 0
535000, 428, 0, 0
536000, 412, 0, 0
536999, 396, 0, 0
538000, 420, 0, 0
538999, 408, 0, 0
539999, 404, 0, 0
541000, 424, 0, 0
541999, 460, 0, 0
543000, 412, 0, 0
544000, 432, 0, 0
544999, 416, 0, 0
546000, 432, 0, 0
546999, 440, 0, 0
547999, 408, 0, 0
549000, 432, 0, 0
549999, 448, 0, 0
550999, 400, 0, 0
552000, 420, 0, 0
553000, 468, 0, 0
553999, 424, 0, 0
555000, 436, 0, 0
555999, 416, 0, 0
556999, 408, 0, 0
558000, 428, 0, 0
558999, 424, 0, 0
559999, 420, 0, 0
561000, 392, 0, 0
561999, 472, 0, 0
562999, 452, 0, 0
564000, 444, 0, 0
564999, 392, 0, 0
565999, 440, 0, 0
567000, 456, 0, 0
567999, 392, 0, 0
568999, 436, 0, 0
570000, 388, 0, 0
570999, 456, 0, 0
571999, 384, 0, 0
573000, 432, 0, 0
573999, 380, 0, 0
574999, 452, 0, 0
576000, 444, 0, 0
576999, 436, 0, 0
577999, 448, 0, 0
579000, 432, 0, 0
579999, 392, 0, 0
580999, 436, 0, 0
582000, 380, 0, 0
582999, 416, 0, 0
583999, 436, 0, 0
585000, 392, 0, 0
585999, 416, 0, 0
587000, 448, 0, 0
588000, 416, 0, 0
588999, 420, 0, 0
590000, 424, 0, 0
591000, 388, 0, 0
591999, 392, 0, 0
593000, 440, 0, 0
594000, 408, 0, 0
594999, 452, 0, 0
596000, 448, 0, 0
596999, 372, 0, 0
597999, 428, 0, 0
599000, 428, 0, 0
600000, 452, 0, 0
600999, 432, 0, 0
602000, 448, 0, 0
602999, 428, 0, 0
603999, 436, 0, 0
605000, 424, 0, 0
605999, 424, 0, 0
606999, 428, 0, 0
608000, 472, 0, 0
608999, 416, 0, 0
609999, 468, 0, 0
611000, 416, 0, 0
611999, 472, 0, 0
612999, 424, 0, 0
614000, 420, 0, 0
614999, 476, 0, 0
615999, 424, 0, 0
617000, 412, 0, 0
617999, 480, 0, 0
618999, 420, 0, 0
620000, 424, 0, 0
620999, 388, 0, 0
621999, 444, 0, 0
623000, 404, 0, 0
624000, 424, 0, 0
624999, 416, 0, 0
626000, 404, 0, 0
627000, 440, 0, 0
627999, 400, 0, 0
629000, 396, 0, 0
630000, 440, 0, 0
630999, 464, 0, 0
631999, 428, 0, 0
633000, 400, 0, 0
633999, 456, 0, 0
635000, 484, 0, 0
636000, 452, 0, 0
636999, 416, 0, 0
638000, 392, 0, 0
638999, 436, 0, 0
639999, 424, 0, 0
641000, 392, 0, 0
641999, 432, 0, 0
642999, 440, 0, 0
644000, 428, 0, 0
644999, 448, 0, 0
645999, 440, 0, 0
647000, 432, 0, 0
647999, 404, 0, 0
648999, 472, 0, 0
650000, 404, 0, 0
650999, 396, 0, 0
651999, 436, 0, 0
653000, 440, 0, 0
653999, 396, 0, 0
655000, 452, 0, 0
655999, 408, 0, 0
656999, 456, 0, 0
658000, 388, 0, 0
658999, 480, 0, 0
659999, 460, 0, 0
661000, 440, 0, 0
661999, 456, 0, 0
662999, 392, 0, 0
664000, 444, 0, 0
664999, 456, 0, 0
665999, 424, 0, 0
667000, 464, 0, 0
667999, 476, 0, 0
669000, 420, 0, 0
670000, 460, 0, 0
670999, 464, 0, 0
672000, 416, 0, 0
673000, 460, 0, 0
673999, 400, 0, 0
675000, 468, 0, 0
675999, 464, 0, 0
676999, 412, 0, 0
678000, 416, 0, 0
679000, 448, 0, 0
679999, 436, 0, 0
681000, 452, 0, 0
682000, 376, 0, 0
682999, 420, 0, 0
684000, 496, 0, 0
685000, 428, 0, 0
685999, 448, 0, 0
687000, 380, 0, 0
687999, 436, 0, 0
688999, 448, 0, 0
690000, 444, 0, 0
690999, 416, 0, 0
691999, 392, 0, 0
693000, 444, 0, 0
693999, 436, 0, 0
694999, 468, 0, 0
696000, 436, 0, 0
696999, 428, 0, 0
697999, 476, 0, 0
699000, 388, 0, 0
699999, 432, 0, 0
700999, 384, 0, 0
702000, 436, 0, 0
702999, 412, 0, 0
703999, 436, 0, 0
705000, 412, 0, 0
705999, 404, 0, 0
706999, 428, 0, 0
707999, 464, 0, 0
708999, 400, 0, 0
710000, 508, 0, 0
711000, 412, 0, 0
711999, 456, 0, 0
713000, 436, 0, 0
714000, 436, 0, 0
714999, 452, 0, 0
716000, 412, 0, 0
716999, 444, 0, 0
717999, 404, 0, 0
719000, 464, 0, 0
719999, 520, 0, 0
720999, 408, 0, 0
722000, 452, 0, 0
722999, 428, 0, 0
723999, 444, 0, 0
725000, 452, 0, 0
725999, 456, 0, 0
726999, 448, 0, 0
728000, 440, 0, 0
728999, 432, 0, 0
729999, 452, 0, 0
731000, 472, 0, 0
731999, 412, 0, 0
733000, 412, 0, 0
734000, 480, 0, 0
734999, 416, 0, 0
736000, 400, 0, 0
737000, 476, 0, 0
737999, 452, 0, 0
739000, 460, 0, 0
739999, 456, 0, 0
740999, 476, 0, 0
742000, 412, 0, 0
742999, 480, 0, 0
743999, 448, 0, 0
745000, 456, 0, 0
745999, 424, 0, 0
747000, 468, 0, 0
747999, 452, 0, 0
748999, 456, 0, 0
750000, 444, 0, 0
750999, 488, 0, 0
752000, 436, 0, 0
753000, 464, 0, 0
753999, 472, 0, 0
755000, 456, 0, 0
756000, 484, 0, 0
757000, 440, 0, 0
758000, 436, 0, 0
759000, 408, 0, 0
760000, 468, 0, 0
761000, 424, 0, 0
762000, 500, 0, 0
763000, 420, 0, 0
764000, 456, 0, 0
765000, 468, 0, 0
766000, 444, 0, 0
767000, 452, 0, 0
768000, 444, 0, 0
769000, 452, 0, 0
770000, 436, 0, 0
771000, 452, 0, 0
772000, 432, 0, 0
773000, 452, 0, 0
774000, 440, 0, 0
775000, 464, 0, 0
776000, 424, 0, 0
777000, 416, 0, 0
778000, 448, 0, 0
779000, 480, 0, 0
780000, 420, 0, 0
781000, 488, 0, 0
782000, 440, 0, 0
783000, 428, 0, 0
784000, 464, 0, 0
785000, 412, 0, 0
786000, 484, 0, 0
787000, 432, 0, 0
788000, 480, 0, 0
789000, 432, 0, 0
790001, 411, 0, 0
791000, 468, 0, 0
792000, 412, 0, 0
793000, 476, 0, 0
794000, 436, 0, 0
795000, 432, 0, 0
796000, 408, 0, 0
797000, 484, 0, 0
798000, 468, 0, 0
799000, 448, 0, 0
800000, 444, 0, 0
801000, 496, 0, 0
802000, 460, 0, 0
803000, 436, 0, 0
804000, 472, 0, 0
805000, 400, 0, 0
806000, 508, 0, 0
807000, 480, 0, 0
808000, 452, 0, 0
809000, 444, 0, 0
810000, 448, 0, 0
811000, 480, 0, 0
812000, 424, 0, 0
813000, 464, 0, 0
814000, 420, 0, 0
815000, 392, 0, 0
816000, 468, 0, 0
817000, 460, 0, 0
818000, 456, 0, 0
818999, 396, 0, 0
820000, 380, 0, 0
821000, 436, 0, 0
821999, 436, 0, 0
822999, 408, 0, 0
823999, 456, 0, 0
824999, 488, 0, 0
825999, 464, 0, 0
826998, 468, 0, 0
827998, 436, 0, 0
828999, 508, 0, 0
829998, 412, 0, 0
830998, 376, 0, 0
831998, 460, 0, 0
832997, 445, 0, 0
833998, 480, 0, 0
834997, 477, 0, 0
835997, 429, 0, 0
836997, 449, 0, 0
837997, 457, 0, 0
838997, 497, 0, 0
839996, 413, 0, 0
840997, 453, 0, 0
841997, 469, 0, 0
842996, 401, 0, 0
843996, 445, 0, 0
844995, 454, 0, 0
845996, 481, 0, 0
846996, 465, 0, 0
847995, 478, 0, 0
848995, 486, 0, 0
849995, 446, 0, 0
850995, 422, 0, 0
851995, 442, 0, 0
852994, 490, 0, 0
853995, 494, 0, 0
854994, 466, 0, 0
855994, 434, 0, 0
856994, 486, 0, 0
857993, 406, 0, 0
858994, 462, 0, 0
859994, 414, 0, 0
860993, 426, 0, 0
861993, 422, 0, 0
862993, 463, 0, 0
863993, 467, 0, 0
864993, 431, 0, 0
865993, 435, 0, 0
866992, 500, 0, 0
867993, 475, 0, 0
868992, 431, 0, 0
869992, 447, 0, 0
870992, 471, 0, 0
871992, 475, 0, 0
872992, 439, 0, 0
873991, 411, 0, 0
874991, 439, 0, 0
875992, 439, 0, 0
876991, 423, 0, 0
877991, 472, 0, 0
878991, 508, 0, 0
880000, 456, 0, 0
880991, 407, 0, 0
882000, 452, 0, 0
883000, 504, 0, 0
883999, 500, 0, 0
885000, 436, 0, 0
885999, 456, 0, 0
886999, 456, 0, 0
888000, 444, 0, 0
888999, 460, 0, 0
889999, 448, 0, 0
891000, 424, 0, 0
892000, 484, 0, 0
892999, 432, 0, 0
894000, 432, 0, 0
894999, 480, 0, 0
895999, 440, 0, 0
897000, 464, 0, 0
898000, 436, 0, 0
898999, 408, 0, 0
900000, 428, 0, 0
901000, 532, 0, 0
901999, 448, 0, 0
903000, 464, 0, 0
904000, 524, 0, 0
904999, 440, 0, 0
906000, 508, 0, 0
907000, 420, 0, 0
907999, 476, 0, 0
909000, 492, 0, 0
910000, 496, 0, 0
910999, 460, 0, 0
912000, 400, 0, 0
913000, 480, 0, 0
913999, 420, 0, 0
915000, 476, 0, 0
916000, 468, 0, 0
916999, 480, 0, 0
918000, 400, 0, 0
919000, 448, 0, 0
919999, 468, 0, 0
921000, 412, 0, 0
922000, 464, 0, 0
922999, 440, 0, 0
923999, 464, 0, 0
925000, 424, 0, 0
925999, 520, 0, 0
927000, 476, 0, 0
928000, 416, 0, 0
928999, 444, 0, 0
930000, 492, 0, 0
931000, 408, 0, 0
931999, 456, 0, 0
933000, 456, 0, 0
934000, 408, 0, 0
934999, 464, 0, 0
936000, 432, 0, 0
937000, 448, 0, 0
937999, 492, 0, 0
939000, 432, 0, 0
940000, 424, 0, 0
940999, 428, 0, 0
942000, 488, 0, 0
942999, 484, 0, 0
943999, 440, 0, 0
945000, 480, 0, 0
945999, 412, 0, 0
946999, 468, 0, 0
948000, 400, 0, 0
948999, 440, 0, 0
949999, 472, 0, 0
951000, 400, 0, 0
951999, 448, 0, 0
953000, 500, 0, 0
954000, 436, 0, 0
954999, 460, 0, 0
956000, 408, 0, 0
957000, 488, 0, 0
957999, 476, 0, 0
959000, 496, 0, 0
960000, 468, 0, 0
960999, 484, 0, 0
962000, 432, 0, 0
963000, 456, 0, 0
963999, 436, 0, 0
965000, 456, 0, 0
965999, 444, 0, 0
966999, 456, 0, 0
968000, 480, 0, 0
968999, 472, 0, 0
969999, 460, 0, 0
971000, 456, 0, 0
971999, 488, 0, 0
972999, 444, 0, 0
974000, 480, 0, 0
974999, 464, 0, 0
975999, 464, 0, 0
977000, 464, 0, 0
977999, 460, 0, 0
978999, 460, 0, 0
980000, 440, 0, 0
980999, 436, 0, 0
981999, 484, 0, 0
983000, 440, 0, 0
983999, 452, 0, 0
984999, 476, 0, 0
986000, 456, 0, 0
986999, 436, 0, 0
987999, 492, 0, 0
989000, 480, 0, 0
989999, 408, 0, 0
990999, 444, 0, 0
992000, 472, 0, 0
992999, 404, 0, 0
993999, 496, 0, 0
995000, 424, 0, 0
995999, 400, 0, 0
997000, 472, 0, 0
998000, 480, 0, 0
998999, 436, 0, 0
1000000, 428, 0, 0
1000999, 504, 0, 0
1001999, 464, 0, 0
1003000, 444, 0, 0
1003999, 412, 0, 0
1004999, 516, 0, 0
1006000, 432, 0, 0
1006999, 432, 0, 0
1007999, 528, 0, 0
1009000, 488, 0, 0
1009999, 484, 0, 0
1011000, 516, 0, 0
1012000, 424, 0, 0
1012999, 492, 0, 0
1014000, 496, 0, 0
1015000, 436, 0, 0
1015999, 488, 0, 0
1017000, 448, 0, 0
1017999, 464, 0, 0
1018999, 492, 0, 0
1020000, 448, 0, 0
1020999, 512, 0, 0
1021999, 464, 0, 0
1023000, 484, 0, 0
1023999, 452, 0, 0
1025000, 440, 0, 0
1026000, 412, 0, 0
1026999, 424, 0, 0
1028000, 468, 0, 0
1029000, 416, 0, 0
1029999, 452, 0, 0
1031000, 400, 0, 0
1032000, 468, 0, 0
1032999, 476, 0, 0
1034000, 436, 0, 0
1034999, 512, 0, 0
1035999, 484, 0, 0
1037000, 468, 0, 0
1037999, 480, 0, 0
1038999, 468, 0, 0
1040000, 416, 0, 0
1040999, 456, 0, 0
1042000, 444, 0, 0
1043000, 420, 0, 0
1043999, 484, 0, 0
1045000, 432, 0, 0
1046000, 452, 0, 0
1046999, 496, 0, 0
1048000, 520, 0, 0
1049000, 492, 0, 0
1049999, 488, 0, 0
1051000, 472, 0, 0
1052000, 444, 0, 0
1052999, 464, 0, 0
1054000, 400, 0, 0
1054999, 476, 0, 0
1055999, 444, 0, 0
1057000, 452, 0, 0
1057999, 440, 0, 0
1058999, 476, 0, 0
1060000, 476, 0, 0
1060999, 460, 0, 0
1061999, 416, 0, 0
1063000, 460, 0, 0
1063999, 404, 0, 0
1065000, 452, 0, 0
1066000, 460, 0, 0
1066999, 500, 0, 0
1068000, 428, 0, 0
1068999, 464, 0, 0
1069999, 424, 0, 0
1071000, 472, 0, 0
1071999, 452, 0, 0
1072999, 476, 0, 0
1074000, 424, 0, 0
1074999, 412, 0, 0
1075999, 464, 0, 0
1077000, 500, 0, 0
1077999, 460, 0, 0
1078999, 448, 0, 0
1080000, 424, 0, 0
1080999, 436, 0, 0
1082000, 448, 0, 0
1083000, 436, 0, 0
1083999, 496, 0, 0
1085000, 428, 0, 0
1086000, 460, 0, 0
1086999, 452, 0, 0
1088000, 512, 0, 0
1088999, 440, 0, 0
1089999, 436, 0, 0
1091000, 444, 0, 0
1091999, 400, 0, 0
1092999, 472, 0, 0
1094000, 440, 0, 0
1094999, 484, 0, 0
1095999, 456, 0, 0
1097000, 480, 0, 0
1097999, 408, 0, 0
1098999, 472, 0, 0
1100000, 444, 0, 0
1100999, 440, 0, 0
1101999, 404, 0, 0
1103000, 464, 0, 0
1104000, 436, 0, 0
1104999, 488, 0, 0
1106000, 444, 0, 0
1106999, 384, 0, 0
1108000, 440, 0, 0
1108999, 436, 0, 0
1109999, 476, 0, 0
1111000, 452, 0, 0
1111999, 444, 0, 0
1112999, 496, 0, 0
1114000, 384, 0, 0
1114999, 452, 0, 0
1115999, 412, 0, 0
1117000, 456, 0, 0
1118000, 416, 0, 0
1118999, 456, 0, 0
1120000, 444, 0, 0
1120999, 496, 0, 0
1122000, 456, 0, 0
1123000, 444, 0, 0
1123999, 476, 0, 0
1125000, 476, 0, 0
1126000, 504, 0, 0
1126999, 432, 0, 0
1128000, 488, 0, 0
1128999, 460, 0, 0
1129999, 456, 0, 0
1131000, 408, 0, 0
1131999, 468, 0, 0
1132999, 476, 0, 0
1134000, 472, 0, 0
1134999, 512, 0, 0
1135999, 468, 0, 0
1137000, 420, 0, 0
1137999, 432, 0, 0
1138999, 488, 0, 0
1140000, 464, 0, 0
1140999, 484, 0, 0
1142000, 428, 0, 0
1142999, 488, 0, 0
1143999, 440, 0, 0
1145000, 448, 0, 0
1145999, 420, 0, 0
1146999, 460, 0, 0
1148000, 432, 0, 0
1148999, 492, 0, 0
1149999, 452, 0, 0
1150999, 460, 0, 0
1151999, 476, 0, 0
1153000, 420, 0, 0
1154000, 448, 0, 0
1154999, 460, 0, 0
1156000, 452, 0, 0
1157000, 484, 0, 0
1157999, 452, 0, 0
1159000, 476, 0, 0
1159999, 460, 0, 0
1160999, 484, 0, 0
1162000, 420, 0, 0
1162999, 460, 0, 0
1163999, 480, 0, 0
1165000, 464, 0, 0
1165999, 476, 0, 0
1166999, 476, 0, 0
1168000, 448, 0, 0
1168999, 424, 0, 0
1169999, 492, 0, 0
1171000, 436, 0, 0
1171999, 468, 0, 0
1172999, 416, 0, 0
1174000, 524, 0, 0
1174999, 488, 0, 0
1175999, 468, 0, 0
1177000, 488, 0, 0
1177999, 428, 0, 0
1178999, 460, 0, 0
1180000, 476, 0, 0
1180999, 408, 0, 0
1182000, 452, 0, 0
1182999, 468, 0, 0
1183999, 476, 0, 0
1185000, 492, 0, 0
1185999, 408, 0, 0
1186999, 472, 0, 0
1188000, 464, 0, 0
1188999, 460, 0, 0
1190000, 488, 0, 0
1191000, 464, 0, 0
1191999, 460, 0, 0
1193000, 436, 0, 0
1194000, 484, 0, 0
1194999, 456, 0, 0
1196000, 460, 0, 0
1197000, 364, 0, 0
1197999, 452, 0, 0
1199000, 484, 0, 0
1200000, 456, 0, 0
1200999, 448, 0, 0
1202000, 416, 0, 0
1203000, 464, 0, 0
1203999, 420, 0, 0
1205000, 488, 0, 0
1206000, 444, 0, 0
1206999, 408, 0, 0
1208000, 452, 0, 0
1209000, 432, 0, 0
1209999, 472, 0, 0
1211000, 512, 0, 0
1212000, 412, 0, 0
1212999, 492, 0, 0
1214000, 464, 0, 0
1214999, 432, 0, 0
1215999, 460, 0, 0
1217000, 464, 0, 0
1218000, 460, 0, 0
1218999, 416, 0, 0
1220000, 440, 0, 0
1221000, 480, 0, 0
1221999, 448, 0, 0
1223000, 464, 0, 0
1223999, 444, 0, 0
1224999, 396, 0, 0
1226000, 464, 0, 0
1226999, 472, 0, 0
1227999, 468, 0, 0
1229000, 468, 0, 0
1229999, 420, 0, 0
1230999, 468, 0, 0
1232000, 428, 0, 0
1232999, 496, 0, 0
1233999, 436, 0, 0
1235000, 416, 0, 0
1235999, 476, 0, 0
1236999, 464, 0, 0
1238000, 396, 0, 0
1238999, 448, 0, 0
1239999, 452, 0, 0
1241000, 496, 0, 0
1241999, 468, 0, 0
1243000, 424, 0, 0
1244000, 488, 0, 0
1244999, 392, 0, 0
1246000, 452, 0, 0
1247000, 432, 0, 0
1247999, 480, 0, 0
1249000, 456, 0, 0
1250000, 452, 0, 0
1250999, 480, 0, 0
1252000, 448, 0, 0
1252999, 416, 0, 0
1253999, 484, 0, 0
1255000, 416, 0, 0
1255999, 400, 0, 0
1256999, 464, 0, 0
1258000, 400, 0, 0
1258999, 532, 0, 0
1259999, 444, 0, 0
1261000, 472, 0, 0
1261999, 448, 0, 0
1262999, 448, 0, 0
1264000, 468, 0, 0
1264999, 440, 0, 0
1265999, 448, 0, 0
1267000, 476, 0, 0
1267999, 464, 0, 0
1268999, 456, 0, 0
1270000, 476, 0, 0
1270999, 444, 0, 0
1271999, 456, 0, 0
1273000, 484, 0, 0
1273999, 420, 0, 0
1274999, 452, 0, 0
1276000, 436, 0, 0
1277000, 476, 0, 0
1277999, 460, 0, 0
1279000, 484, 0, 0
1280000, 524, 0, 0
1280999, 428, 0, 0
1282000, 488, 0, 0
1282999, 472, 0, 0
1283999, 444, 0, 0
1285000, 484, 0, 0
1286000, 468, 0, 0
1286999, 512, 0, 0
1287999, 428, 0, 0
1289000, 508, 0, 0
1289999, 420, 0, 0
1290999, 472, 0, 0
1292000, 404, 0, 0
1292999, 468, 0, 0
1294000, 472, 0, 0
1295000, 400, 0, 0
1295999, 456, 0, 0
1297000, 420, 0, 0
1298000, 444, 0, 0
1298999, 428, 0, 0
1300000, 472, 0, 0
1300999, 456, 0, 0
1301999, 460, 0, 0
1303000, 504, 0, 0
1303999, 452, 0, 0
1304999, 452, 0, 0
1306000, 436, 0, 0
1306999, 460, 0, 0
1307999, 436, 0, 0
1309000, 480, 0, 0
1309999, 468, 0, 0
1310999, 452, 0, 0
1312000, 416, 0, 0
1312999, 448, 0, 0
1313999, 524, 0, 0
1315000, 416, 0, 0
1315999, 436, 0, 0
1316999, 428, 0, 0
1318000, 488, 0, 0
1318999, 500, 0, 0
1319999, 456, 0, 0
1321000, 484, 0, 0
1321999, 492, 0, 0
1322999, 436, 0, 0
1324000, 472, 0, 0
1324999, 456, 0, 0
1325999, 492, 0, 0
1327000, 456, 0, 0
1327999, 412, 0, 0
1328999, 420, 0, 0
1330000, 432, 0, 0
1331000, 436, 0, 0
1331999, 472, 0, 0
1333000, 444, 0, 0
1333999, 480, 0, 0
1334999, 480, 0, 0
1336000, 460, 0, 0
1336999, 452, 0, 0
1337999, 488, 0, 0
1339000, 412, 0, 0
1339999, 456, 0, 0
1340999, 452, 0, 0
1342000, 416, 0, 0
1342999, 504, 0, 0
1343999, 416, 0, 0
1345000, 428, 0, 0
1346000, 472, 0, 0
1346999, 456, 0, 0
1348000, 448, 0, 0
1349000, 404, 0, 0
1349999, 484, 0, 0
1351000, 416, 0, 0
1352000, 392, 0, 0
1352999, 440, 0, 0
1354000, 500, 0, 0
1355000, 484, 0, 0
1355999, 492, 0, 0
1357000, 460, 0, 0
1357999, 456, 0, 0
1358999, 408, 0, 0
1360000, 464, 0, 0
1360999, 488, 0, 0
1361999, 436, 0, 0
1363000, 488, 0, 0
1363999, 504, 0, 0
1365000, 468, 0, 0
1366000, 436, 0, 0
1366999, 424, 0, 0
1368000, 452, 0, 0
1369000, 452, 0, 0
1369999, 472, 0, 0
1371000, 472, 0, 0
1371999, 424, 0, 0
1372999, 424, 0, 0
1374000, 496, 0, 0
1374999, 448, 0, 0
1376000, 452, 0, 0
1377000, 468, 0, 0
1377999, 464, 0, 0
1379000, 468, 0, 0
1380000, 444, 0, 0
1380999, 468, 0, 0
1382000, 460, 0, 0
1383000, 412, 0, 0
1383999, 480, 0, 0
1385000, 464, 0, 0
1386000, 456, 0, 0
1386999, 460, 0, 0
1388000, 460, 0, 0
1388999, 416, 0, 0
1389999, 472, 0, 0
1391000, 484, 0, 0
1391999, 444, 0, 0
1392999, 480, 0, 0
1394000, 448, 0, 0
1394999, 404, 0, 0
1396000, 488, 0, 0
1397000, 440, 0, 0
1397999, 416, 0, 0
1399000, 444, 0, 0
1400000, 432, 0, 0
1400999, 436, 0, 0
1402000, 444, 0, 0
1403000, 476, 0, 0
1403999, 460, 0, 0
1405000, 440, 0, 0
1406000, 468, 0, 0
1406999, 352, 0, 0
1408000, 452, 0, 0
1408999, 484, 0, 0
1409999, 524, 0, 0
1411000, 420, 0, 0
1412000, 484, 0, 0
1412999, 392, 0, 0
1414000, 404, 0, 0
1414999, 488, 0, 0
1415999, 480, 0, 0
1417000, 420, 0, 0
1418000, 480, 0, 0
1418999, 492, 0, 0
1420000, 484, 0, 0
1420999, 468, 0, 0
1422000, 500, 0, 0
1423000, 468, 0, 0
1423999, 428, 0, 0
1425000, 496, 0, 0
1426000, 436, 0, 0
1426999, 472, 0, 0
1428000, 464, 0, 0
1428999, 412, 0, 0
1429999, 484, 0, 0
1431000, 424, 0, 0
1432000, 508, 0, 0
1432999, 428, 0, 0
1434000, 460, 0, 0
1434999, 416, 0, 0
1435999, 420, 0, 0
1437000, 428, 0, 0
1438000, 484, 0, 0
1438999, 472, 0, 0
1440000, 436, 0, 0
1441000, 492, 0, 0
1441999, 444, 0, 0
1443000, 516, 0, 0
1444000, 476, 0, 0
1444999, 420, 0, 0
1446000, 496, 0, 0
1446999, 436, 0, 0
1447999, 460, 0, 0
1449000, 468, 0, 0
1449999, 460, 0, 0
1451000, 412, 0, 0
1452000, 484, 0, 0
1452999, 460, 0, 0
1454000, 476, 0, 0
1455000, 420, 0, 0
1455999, 464, 0, 0
1457000, 460, 0, 0
1458000, 452, 0, 0
1458999, 472, 0, 0
1460000, 472, 0, 0
1460999, 444, 0, 0
1461999, 496, 0, 0
1463000, 460, 0, 0
1463999, 484, 0, 0
1464999, 452, 0, 0
1466000, 472, 0, 0
1466999, 468, 0, 0
1468000, 468, 0, 0
1469000, 460, 0, 0
1469999, 432, 0, 0
1470999, 452, 0, 0
1472000, 476, 0, 0
1472999, 476, 0, 0
1474000, 392, 0, 0
1475000, 520, 0, 0
1475999, 448, 0, 0
1477000, 472, 0, 0
1478000, 480, 0, 0
1478999, 476, 0, 0
1480000, 424, 0, 0
1480999, 456, 0, 0
1481999, 432, 0, 0
1483000, 544, 0, 0
1483999, 492, 0, 0
1484999, 488, 0, 0
1486000, 424, 0, 0
1486999, 460, 0, 0
1487999, 488, 0, 0
1489000, 472, 0, 0
1490000, 460, 0, 0
1490999, 452, 0, 0
1492000, 488, 0, 0
1493000, 472, 0, 0
1493999, 492, 0, 0
1494999, 416, 0, 0
1496000, 480, 0, 0
1496999, 476, 0, 0
1497999, 480, 0, 0
1499000, 416, 0, 0
1499999, 464, 0, 0
1500999, 496, 0, 0
1502000, 416, 0, 0
1502999, 452, 0, 0
1503999, 532, 0, 0
1505000, 476, 0, 0
1506000, 412, 0, 0
1506999, 432, 0, 0
1507999, 456, 0, 0
1509000, 452, 0, 0
1509999, 448, 0, 0
1510999, 456, 0, 0
1512000, 504, 0, 0
1512999, 476, 0, 0
1513999, 496, 0, 0
1515000, 440, 0, 0
1515999, 488, 0, 0
1516999, 460, 0, 0
1518000, 436, 0, 0
1519000, 464, 0, 0
1519999, 492, 0, 0
1520999, 468, 0, 0
1522000, 416, 0, 0
1522999, 424, 0, 0
1523999, 468, 0, 0
1525000, 440, 0, 0
1526000, 472, 0, 0
1526999, 436, 0, 0
1528000, 492, 0, 0
1529000, 428, 0, 0
1529999, 464, 0, 0
1531000, 440, 0, 0
1532000, 496, 0, 0
1532999, 432, 0, 0
1534000, 448, 0, 0
1534999, 436, 0, 0
1535999, 432, 0, 0
1537000, 500, 0, 0
1537999, 484, 0, 0
1538999, 532, 0, 0
1540000, 464, 0, 0
1540999, 456, 0, 0
1541999, 480, 0, 0
1542999, 420, 0, 0
1543999, 436, 0, 0
1544999, 436, 0, 0
1546000, 468, 0, 0
1546999, 468, 0, 0
1547999, 464, 0, 0
1549000, 456, 0, 0
1549999, 424, 0, 0
1550999, 512, 0, 0
1552000, 456, 0, 0
1552999, 424, 0, 0
1553999, 452, 0, 0
1555000, 488, 0, 0
1555999, 432, 0, 0
1556999, 476, 0, 0
1558000, 484, 0, 0
1558999, 444, 0, 0
1560000, 460, 0, 0
1561000, 468, 0, 0
1561999, 424, 0, 0
1563000, 508, 0, 0
1564000, 460, 0, 0
1564999, 456, 0, 0
1565999, 496, 0, 0
1567000, 440, 0, 0
1567999, 500, 0, 0
1568999, 512, 0, 0
1570000, 448, 0, 0
1570999, 484, 0, 0
1571999, 428, 0, 0
1573000, 460, 0, 0
1573999, 480, 0, 0
1574999, 432, 0, 0
1576000, 484, 0, 0
1576999, 472, 0, 0
1577999, 444, 0, 0
1579000, 436, 0, 0
1579999, 416, 0, 0
1580999, 460, 0, 0
1582000, 436, 0, 0
1582999, 460, 0, 0
1583999, 472, 0, 0
1585000, 448, 0, 0
1585999, 412, 0, 0
1586999, 484, 0, 0
1588000, 316, 0, 0
1588999, 432, 0, 0
1589999, 444, 0, 0
1591000, 500, 0, 0
1591999, 440, 0, 0
1592999, 428, 0, 0
1594000, 540, 0, 0
1594999, 420, 0, 0
1595999, 424, 0, 0
1597000, 484, 0, 0
1597999, 448, 0, 0
1598999, 472, 0, 0
1600000, 488, 0, 0
1600999, 484, 0, 0
1601999, 488, 0, 0
1603000, 444, 0, 0
1603999, 512, 0, 0
1604999, 452, 0, 0
1606000, 504, 0, 0
1606999, 452, 0, 0
1607999, 432, 0, 0
1609000, 448, 0, 0
1609999, 468, 0, 0
1610999, 440, 0, 0
1612000, 440, 0, 0
1612999, 492, 0, 0
1613999, 456, 0, 0
1615000, 464, 0, 0
1615999, 440, 0, 0
1616999, 444, 0, 0
1617999, 464, 0, 0
1619000, 432, 0, 0
1619999, 452, 0, 0
1620999, 428, 0, 0
1622000, 448, 0, 0
1622999, 420, 0, 0
1623999, 440, 0, 0
1625000, 480, 0, 0
1625999, 480, 0, 0
1626999, 428, 0, 0
1628000, 440, 0, 0
1628999, 464, 0, 0
1629999, 472, 0, 0
1631000, 440, 0, 0
1632000, 508, 0, 0
1632999, 436, 0, 0
1634000, 500, 0, 0
1634999, 416, 0, 0
1635999, 488, 0, 0
1637000, 412, 0, 0
1637999, 472, 0, 0
1638999, 432, 0, 0
1640000, 444, 0, 0
1640999, 464, 0, 0
1641999, 400, 0, 0
1643000, 492, 0, 0
1643999, 448, 0, 0
1645000, 428, 0, 0
1646000, 496, 0, 0
1646999, 440, 0, 0
1648000, 456, 0, 0
1649000, 488, 0, 0
1649999, 416, 0, 0
1651000, 420, 0, 0
1651999, 420, 0, 0
1652999, 460, 0, 0
1654000, 464, 0, 0
1654999, 500, 0, 0
1655999, 444, 0, 0
1657000, 464, 0, 0
1657999, 440, 0, 0
1658999, 464, 0, 0
1660000, 464, 0, 0
1660999, 472, 0, 0
1661999, 500, 0, 0
1663000, 436, 0, 0
1663999, 436, 0, 0
1664999, 456, 0, 0
1666000, 464, 0, 0
1666999, 440, 0, 0
1667999, 436, 0, 0
1669000, 460, 0, 0
1669999, 432, 0, 0
1670999, 432, 0, 0
1672000, 484, 0, 0
1672999, 436, 0, 0
1673999, 464, 0, 0
1675000, 440, 0, 0
1675999, 440, 0, 0
1676999, 440, 0, 0
1678000, 448, 0, 0
1678999, 472, 0, 0
1679999, 424, 0, 0
1681000, 488, 0, 0
1681999, 460, 0, 0
1682999, 440, 0, 0
1684000, 428, 0, 0
1684999, 476, 0, 0
1685999, 488, 0, 0
1687000, 484, 0, 0
1687999, 448, 0, 0
1688999, 416, 0, 0
1690000, 468, 0, 0
1690999, 468, 0, 0
1692000, 440, 0, 0
1693000, 456, 0, 0
1693999, 500, 0, 0
1695000, 424, 0, 0
1696000, 468, 0, 0
1696999, 412, 0, 0
1698000, 484, 0, 0
1698999, 516, 0, 0
1699999, 496, 0, 0
1701000, 456, 0, 0
1701999, 452, 0, 0
1702999, 452, 0, 0
1704000, 464, 0, 0
1704999, 484, 0, 0
1706000, 408, 0, 0
1707000, 452, 0, 0
1707999, 412, 0, 0
1709000, 496, 0, 0
1710000, 476, 0, 0
1710999, 472, 0, 0
1712000, 420, 0, 0
1712999, 436, 0, 0
1713999, 472, 0, 0
1715000, 456, 0, 0
1715999, 456, 0, 0
1716999, 440, 0, 0
1718000, 468, 0, 0
1718999, 448, 0, 0
1719999, 408, 0, 0
1721000, 448, 0, 0
1721999, 440, 0, 0
1722999, 468, 0, 0
1724000, 520, 0, 0
1724999, 452, 0, 0
1725999, 460, 0, 0
1727000, 416, 0, 0
1727999, 512, 0, 0
1728999, 468, 0, 0
1730000, 504, 0, 0
1730999, 432, 0, 0
1731999, 480, 0, 0
1733000, 432, 0, 0
1733999, 472, 0, 0
1735000, 480, 0, 0
1736000, 460, 0, 0
1736999, 416, 0, 0
1738000, 468, 0, 0
1738999, 480, 0, 0
1739999, 476, 0, 0
1741000, 460, 0, 0
1741999, 492, 0, 0
1742999, 464, 0, 0
1744000, 440, 0, 0
1744999, 464, 0, 0
1745999, 484, 0, 0
1747000, 420, 0, 0
1747999, 460, 0, 0
1748999, 468, 0, 0
1750000, 520, 0, 0
1750999, 488, 0, 0
1752000, 476, 0, 0
1753000, 420, 0, 0
1753999, 436, 0, 0
1754999, 472, 0, 0
1756000, 412, 0, 0
1756999, 496, 0, 0
1758000, 476, 0, 0
1759000, 396, 0, 0
1759999, 436, 0, 0
1761000, 484, 0, 0
1761999, 468, 0, 0
1762999, 408, 0, 0
1764000, 460, 0, 0
1764999, 444, 0, 0
1765999, 432, 0, 0
1767000, 500, 0, 0
1767999, 488, 0, 0
1768999, 508, 0, 0
1770000, 476, 0, 0
1770999, 488, 0, 0
1771999, 436, 0, 0
1773000, 476, 0, 0
1773999, 432, 0, 0
1775000, 508, 0, 0
1776000, 416, 0, 0
1776999, 520, 0, 0
1778000, 476, 0, 0
1779000, 400, 0, 0
1779999, 476, 0, 0
1781000, 492, 0, 0
1781999, 420, 0, 0
1782999, 472, 0, 0
1784000, 440, 0, 0
1784999, 492, 0, 0
1785999, 464, 0, 0
1787000, 496, 0, 0
1787999, 444, 0, 0
1788999, 464, 0, 0
1790000, 472, 0, 0
1790999, 496, 0, 0
1791999, 408, 0, 0
1793000, 444, 0, 0
1793999, 456, 0, 0
1795000, 432, 0, 0
1796000, 496, 0, 0
1796999, 428, 0, 0
1798000, 356, 0, 0
1798999, 488, 0, 0
1799999, 424, 0, 0
