1069, 9295851, 0, 0
2006, 10635646, 0, 0
3000, 9929950, 0, 0
4021, 11093357, 0, 0
5005, 10243084, 0, 0
6077, 10307943, 0, 0
7006, 10428135, 0, 0
8000, 9737476, 0, 0
9056, 11735794, 0, 0
10077, 10515443, 0, 0
11010, 10596700, 0, 0
12056, 10890031, 0, 0
13017, 10792231, 0, 0
14005, 10285516, 0, 0
15048, 10851754, 0, 0
16071, 9736004, 0, 0
17004, 10596205, 0, 0
18010, 10476479, 0, 0
19083, 10311523, 0, 0
20063, 11130936, 0, 0
21011, 10761402, 0, 0
22028, 10591949, 0, 0
23077, 10081946, 0, 0
24088, 10524576, 0, 0
25058, 11018473, 0, 0
26014, 10849686, 0, 0
27069, 10871035, 0, 0
28032, 10025995, 0, 0
29040, 10384607, 0, 0
30046, 10368337, 0, 0
31043, 10373722, 0, 0
32032, 10188506, 0, 0
33056, 10666448, 0, 0
34071, 10352013, 0, 0
35002, 10451246, 0, 0
36039, 10791513, 0, 0
37073, 10652416, 0, 0
38071, 10394689, 0, 0
39073, 10323003, 0, 0
40048, 10828180, 0, 0
41058, 10508716, 0, 0
42011, 9817025, 0, 0
43000, 10194904, 0, 0
44036, 10455054, 0, 0
45078, 10852690, 0, 0
46022, 10720808, 0, 0
47067, 9754920, 0, 0
48087, 10510582, 0, 0
49028, 10454659, 0, 0
50051, 10539623, 0, 0
51046, 10355649, 0, 0
52072, 10679134, 0, 0
53065, 10332942, 0, 0
54079, 10455408, 0, 0
55006, 10525696, 0, 0
56053, 10787976, 0, 0
57053, 10192354, 0, 0
58048, 10155610, 0, 0
59009, 10910151, 0, 0
60081, 11044831, 0, 0
61066, 10257438, 0, 0
62025, 10648423, 0, 0
63068, 10741075, 0, 0
64058, 10199404, 0, 0
65034, 9850515, 0, 0
66038, 10452985, 0, 0
67100, 10106406, 0, 0
68056, 10624318, 0, 0
69010, 9827220, 0, 0
70025, 10677355, 0, 0
71022, 10274924, 0, 0
72039, 10364794, 0, 0
73026, 9968530, 0, 0
74009, 9924695, 0, 0
75025, 10465501, 0, 0
76043, 10599366, 0, 0
77006, 10807183, 0, 0
78006, 10196713, 0, 0
79038, 10529652, 0, 0
80044, 10468260, 0, 0
81065, 10307712, 0, 0
82033, 9971086, 0, 0
83038, 10358180, 0, 0
84032, 9836646, 0, 0
85035, 10122351, 0, 0
86024, 10088704, 0, 0
87009, 10045180, 0, 0
88088, 10273494, 0, 0
89024, 10058350, 0, 0
90053, 10708206, 0, 0
91044, 10104349, 0, 0
92072, 10484443, 0, 0
93003, 10459229, 0, 0
94027, 10334323, 0, 0
95007, 9988262, 0, 0
96070, 10124624, 0, 0
97018, 10522186, 0, 0
98045, 10365011, 0, 0
99023, 10081964, 0, 0
100031, 10275341, 0, 0
101052, 10306523, 0, 0
102094, 11073729, 0, 0
103002, 10204860, 0, 0
104005, 10122123, 0, 0
105038, 10537901, 0, 0
106045, 10369883, 0, 0
107062, 10369675, 0, 0
108018, 10280484, 0, 0
109067, 10587343, 0, 0
110060, 11148163, 0, 0
111054, 10139746, 0, 0
112044, 10092646, 0, 0
113044, 9989116, 0, 0
114041, 10065531, 0, 0
115030, 10089813, 0, 0
116067, 9593471, 0, 0
117067, 10200066, 0, 0
118018, 10800166, 0, 0
119080, 9821830, 0, 0
120062, 10669794, 0, 0
121076, 10239135, 0, 0
122009, 9922492, 0, 0
123013, 10030872, 0, 0
124020, 10484558, 0, 0
125056, 10462230, 0, 0
126053, 11061662, 0, 0
127000, 10066581, 0, 0
128047, 10684900, 0, 0
129041, 9739199, 0, 0
130063, 10006174, 0, 0
131047, 10044068, 0, 0
132049, 10213196, 0, 0
133081, 10107849, 0, 0
134058, 10070748, 0, 0
135067, 10185590, 0, 0
136033, 9746649, 0, 0
137061, 10376602, 0, 0
138059, 9973259, 0, 0
139089, 9999607, 0, 0
140010, 10116171, 0, 0
141013, 10122237, 0, 0
142010, 10378951, 0, 0
143026, 10806138, 0, 0
144027, 10003861, 0, 0
145079, 10507527, 0, 0
146032, 8213628, 0, 0
147070, 10585778, 0, 0
148018, 10295301, 0, 0
149020, 10326437, 0, 0
150063, 9919610, 0, 0
151007, 10374445, 0, 0
152031, 10226841, 0, 0
153008, 9862324, 0, 0
154052, 10434619, 0, 0
155086, 10547603, 0, 0
156050, 9827364, 0, 0
157075, 11515959, 0, 0
158060, 10149547, 0, 0
159010, 10547650, 0, 0
160028, 10167375, 0, 0
161066, 10379352, 0, 0
162007, 10333040, 0, 0
163080, 10018532, 0, 0
164037, 10871945, 0, 0
165054, 11046918, 0, 0
166029, 10152920, 0, 0
167000, 10667929, 0, 0
168012, 10107496, 0, 0
169072, 11041247, 0, 0
170056, 9638845, 0, 0
171007, 9502355, 0, 0
172022, 10046009, 0, 0
173006, 9638855, 0, 0
174079, 10212255, 0, 0
175035, 10382373, 0, 0
176048, 9925829, 0, 0
177084, 10673101, 0, 0
178002, 9658142, 0, 0
179080, 9885096, 0, 0
180001, 10111128, 0, 0
181021, 10194434, 0, 0
182059, 10168988, 0, 0
183005, 9546927, 0, 0
184043, 10269390, 0, 0
185036, 10445709, 0, 0
186076, 10944664, 0, 0
187009, 10027344, 0, 0
188025, 10151349, 0, 0
189007, 9910148, 0, 0
190020, 10228050, 0, 0
191075, 9763218, 0, 0
192034, 10416047, 0, 0
193061, 10165711, 0, 0
194008, 10631514, 0, 0
195075, 9965616, 0, 0
196020, 10264866, 0, 0
197025, 9850479, 0, 0
198031, 10152819, 0, 0
199040, 9881088, 0, 0
200021, 10325839, 0, 0
201052, 10202559, 0, 0
202000, 10410729, 0, 0
203010, 9993586, 0, 0
204027, 9958288, 0, 0
205019, 9267051, 0, 0
206053, 10655422, 0, 0
207058, 10354734, 0, 0
208057, 9886936, 0, 0
209050, 10027708, 0, 0
210042, 10005876, 0, 0
211018, 9562935, 0, 0
212027, 9889017, 0, 0
213026, 9982147, 0, 0
214028, 11127792, 0, 0
215048, 11205711, 0, 0
216030, 9912236, 0, 0
217041, 10209184, 0, 0
218034, 11018926, 0, 0
219068, 10333696, 0, 0
220037, 9880487, 0, 0
221002, 10490963, 0, 0
222031, 9979519, 0, 0
223042, 10004820, 0, 0
224055, 9646285, 0, 0
225047, 10108772, 0, 0
226047, 10094768, 0, 0
227045, 9972923, 0, 0
228067, 9917018, 0, 0
229041, 9362649, 0, 0
230072, 10509978, 0, 0
231067, 10153926, 0, 0
232013, 9639215, 0, 0
233065, 9472277, 0, 0
234033, 10186781, 0, 0
235004, 10541973, 0, 0
236013, 9796853, 0, 0
237050, 10256180, 0, 0
238013, 10941909, 0, 0
239021, 9590973, 0, 0
240018, 9965387, 0, 0
241042, 10125022, 0, 0
242007, 10371025, 0, 0
243030, 10124827, 0, 0
244057, 10262473, 0, 0
245003, 10062524, 0, 0
246034, 10407541, 0, 0
247063, 10179680, 0, 0
248000, 9852798, 0, 0
249079, 9895419, 0, 0
250006, 9653279, 0, 0
251057, 10393987, 0, 0
252070, 9925915, 0, 0
253045, 9654611, 0, 0
254029, 11041486, 0, 0
255064, 10448527, 0, 0
256053, 10750323, 0, 0
257059, 10148787, 0, 0
258035, 9567320, 0, 0
259039, 9934444, 0, 0
260017, 9772711, 0, 0
261025, 9781035, 0, 0
262041, 10156545, 0, 0
263050, 9510769, 0, 0
264079, 10176847, 0, 0
265077, 9783730, 0, 0
266028, 10111557, 0, 0
267081, 10516464, 0, 0
268082, 9807545, 0, 0
269069, 9668724, 0, 0
270007, 10304454, 0, 0
271078, 10394648, 0, 0
272020, 10011982, 0, 0
273054, 10334686, 0, 0
274063, 9605998, 0, 0
275009, 10274976, 0, 0
276032, 10017741, 0, 0
277090, 10167594, 0, 0
278064, 10249950, 0, 0
279029, 10481053, 0, 0
280071, 9296474, 0, 0
281026, 9270765, 0, 0
282029, 9730342, 0, 0
283007, 9489992, 0, 0
284010, 9924614, 0, 0
285024, 9835967, 0, 0
286041, 9769215, 0, 0
287031, 9424556, 0, 0
288074, 10421558, 0, 0
289028, 10484528, 0, 0
290005, 10164984, 0, 0
291044, 9983347, 0, 0
292063, 9790522, 0, 0
293002, 9991126, 0, 0
294037, 10034603, 0, 0
295048, 9715121, 0, 0
296036, 9587411, 0, 0
297055, 10084655, 0, 0
298045, 9609588, 0, 0
299039, 9828494, 0, 0
300069, 10195132, 0, 0
301032, 10349881, 0, 0
302023, 9611536, 0, 0
303057, 10134524, 0, 0
304036, 10410216, 0, 0
305040, 9376155, 0, 0
306077, 9597356, 0, 0
307046, 10194832, 0, 0
308003, 9958149, 0, 0
309060, 10351706, 0, 0
310065, 9393884, 0, 0
311029, 10247885, 0, 0
312059, 9617454, 0, 0
313069, 9796111, 0, 0
314006, 9968447, 0, 0
315039, 10318319, 0, 0
316029, 9794419, 0, 0
317019, 9607635, 0, 0
318011, 10223151, 0, 0
319091, 10473600, 0, 0
320044, 10246276, 0, 0
321049, 9752531, 0, 0
322066, 9498389, 0, 0
323031, 10367241, 0, 0
324055, 9838902, 0, 0
325017, 9714721, 0, 0
326053, 10351452, 0, 0
327045, 9909329, 0, 0
328079, 9938617, 0, 0
329036, 10400112, 0, 0
330013, 9471778, 0, 0
331048, 10149830, 0, 0
332041, 10552835, 0, 0
333016, 9551530, 0, 0
334052, 9676477, 0, 0
335051, 9595593, 0, 0
336046, 9567786, 0, 0
337064, 10071804, 0, 0
338073, 9882046, 0, 0
339061, 9585792, 0, 0
340032, 10109645, 0, 0
341047, 9569761, 0, 0
342048, 10000422, 0, 0
343047, 9335919, 0, 0
344012, 10253352, 0, 0
345050, 9436412, 0, 0
346041, 9607993, 0, 0
347050, 9699290, 0, 0
348078, 9258121, 0, 0
349031, 10234840, 0, 0
350044, 10129860, 0, 0
351075, 10400537, 0, 0
352004, 9880007, 0, 0
353002, 9503663, 0, 0
354039, 10261773, 0, 0
355021, 9517594, 0, 0
356054, 10224647, 0, 0
357086, 10013471, 0, 0
358057, 10109307, 0, 0
359084, 9960101, 0, 0
360031, 10181138, 0, 0
361011, 9505807, 0, 0
362007, 10595803, 0, 0
363052, 9577025, 0, 0
364050, 10077570, 0, 0
365064, 9838393, 0, 0
366004, 9114157, 0, 0
367053, 9797420, 0, 0
368060, 9676682, 0, 0
369005, 9637480, 0, 0
370008, 10331283, 0, 0
371027, 9608684, 0, 0
372013, 9387176, 0, 0
373032, 9518524, 0, 0
374084, 8983509, 0, 0
375053, 9975609, 0, 0
376056, 9732714, 0, 0
377034, 9397410, 0, 0
378063, 9985181, 0, 0
379010, 9862231, 0, 0
380025, 9138819, 0, 0
381052, 8996620, 0, 0
382069, 9683214, 0, 0
383044, 9363915, 0, 0
384019, 10258209, 0, 0
385048, 10184456, 0, 0
386075, 9682697, 0, 0
387066, 10102929, 0, 0
388045, 10086613, 0, 0
389023, 10293954, 0, 0
390087, 10216162, 0, 0
391021, 9827162, 0, 0
392046, 9317322, 0, 0
393003, 9283689, 0, 0
394010, 9769360, 0, 0
395019, 9692171, 0, 0
396066, 11137497, 0, 0
397026, 10311801, 0, 0
398008, 9171963, 0, 0
399057, 9987608, 0, 0
400081, 10335826, 0, 0
401062, 9900945, 0, 0
402070, 10066816, 0, 0
403048, 9134084, 0, 0
404052, 9561475, 0, 0
405052, 9606850, 0, 0
406000, 10297508, 0, 0
407087, 9362041, 0, 0
408047, 9692404, 0, 0
409021, 10251911, 0, 0
410060, 10074199, 0, 0
411020, 9695226, 0, 0
412058, 10173414, 0, 0
413039, 9510763, 0, 0
414010, 10437680, 0, 0
415016, 9482127, 0, 0
416003, 9481516, 0, 0
417016, 9925412, 0, 0
418049, 9558767, 0, 0
419024, 10151442, 0, 0
420056, 9734569, 0, 0
421083, 9410028, 0, 0
422027, 9930254, 0, 0
423069, 9640129, 0, 0
424008, 9680101, 0, 0
425020, 10016171, 0, 0
426026, 9479990, 0, 0
427024, 10721755, 0, 0
428039, 9143303, 0, 0
429069, 8874163, 0, 0
430059, 10407738, 0, 0
431075, 9761455, 0, 0
432007, 9809798, 0, 0
433043, 9859231, 0, 0
434036, 10439918, 0, 0
435040, 9742751, 0, 0
436049, 9426022, 0, 0
437074, 9224709, 0, 0
438035, 9798582, 0, 0
439066, 10306799, 0, 0
440022, 9958149, 0, 0
441005, 9007794, 0, 0
442049, 9748507, 0, 0
443083, 10035152, 0, 0
444023, 9490339, 0, 0
445034, 9531530, 0, 0
446041, 9066935, 0, 0
447007, 10493554, 0, 0
448005, 8669603, 0, 0
449020, 10044825, 0, 0
450020, 9339101, 0, 0
451082, 10200287, 0, 0
452062, 8991156, 0, 0
453049, 9301781, 0, 0
454101, 9913703, 0, 0
455029, 9570039, 0, 0
456057, 10068704, 0, 0
457017, 9692514, 0, 0
458074, 10158220, 0, 0
459034, 10308103, 0, 0
460026, 9632303, 0, 0
461073, 9957594, 0, 0
462003, 9998783, 0, 0
463053, 9282218, 0, 0
464005, 10128233, 0, 0
465046, 9122424, 0, 0
466001, 9944697, 0, 0
467058, 8868709, 0, 0
468043, 9949258, 0, 0
469092, 9708462, 0, 0
470051, 9391755, 0, 0
471034, 8620302, 0, 0
472021, 9130628, 0, 0
473077, 10348274, 0, 0
474003, 9251042, 0, 0
475005, 10016065, 0, 0
476017, 9446138, 0, 0
477031, 10037431, 0, 0
478073, 9130807, 0, 0
479077, 9379448, 0, 0
480063, 10823823, 0, 0
481058, 9037385, 0, 0
482010, 9712453, 0, 0
483040, 9526852, 0, 0
484073, 9738465, 0, 0
485005, 9708404, 0, 0
486022, 9233883, 0, 0
487023, 9269802, 0, 0
488040, 9071969, 0, 0
489015, 8939455, 0, 0
490071, 9763214, 0, 0
491080, 9892845, 0, 0
492046, 10375577, 0, 0
493033, 8888712, 0, 0
494080, 9866886, 0, 0
495005, 9943221, 0, 0
496020, 9224286, 0, 0
497010, 9787538, 0, 0
498050, 9371218, 0, 0
499069, 9255598, 0, 0
500014, 9438065, 0, 0
501023, 9428106, 0, 0
502039, 9483173, 0, 0
503063, 9307050, 0, 0
504064, 9090372, 0, 0
505056, 9098284, 0, 0
506077, 9449922, 0, 0
507034, 9557730, 0, 0
508002, 8794606, 0, 0
509034, 9727959, 0, 0
510004, 8500288, 0, 0
511049, 9954271, 0, 0
512038, 9498489, 0, 0
513064, 8841001, 0, 0
514037, 10019252, 0, 0
515031, 9035727, 0, 0
516016, 10041498, 0, 0
517061, 10038357, 0, 0
518020, 9586199, 0, 0
519055, 9757810, 0, 0
520005, 9401521, 0, 0
521013, 9597038, 0, 0
522030, 9319844, 0, 0
523029, 10080403, 0, 0
524016, 10176541, 0, 0
525031, 9137962, 0, 0
526056, 9941961, 0, 0
527031, 9837153, 0, 0
528022, 9909269, 0, 0
529044, 10008956, 0, 0
530050, 9397519, 0, 0
531071, 9538833, 0, 0
532014, 9420737, 0, 0
533026, 9452623, 0, 0
534021, 9746691, 0, 0
535074, 9228327, 0, 0
536000, 9344233, 0, 0
537032, 9291116, 0, 0
538071, 9711298, 0, 0
539075, 9646689, 0, 0
540024, 9203729, 0, 0
541026, 9445279, 0, 0
542005, 8894911, 0, 0
543068, 8853226, 0, 0
544000, 9409056, 0, 0
545000, 9428651, 0, 0
546001, 9172686, 0, 0
547011, 9522222, 0, 0
548079, 9978203, 0, 0
549011, 9405385, 0, 0
550026, 9307280, 0, 0
551044, 9690266, 0, 0
552035, 9254337, 0, 0
553031, 9044756, 0, 0
554064, 9558877, 0, 0
555065, 9179051, 0, 0
556004, 9025612, 0, 0
557041, 9499407, 0, 0
558078, 9173510, 0, 0
559021, 9153544, 0, 0
560007, 8563144, 0, 0
561045, 9980091, 0, 0
562061, 9313756, 0, 0
563049, 8735097, 0, 0
564011, 9808909, 0, 0
565049, 9882053, 0, 0
566088, 9703651, 0, 0
567016, 8830489, 0, 0
568038, 9455520, 0, 0
569083, 8849211, 0, 0
570026, 9913785, 0, 0
571017, 9254204, 0, 0
572024, 8391409, 0, 0
573074, 9045547, 0, 0
574022, 9762968, 0, 0
575050, 9172885, 0, 0
576064, 8891946, 0, 0
577062, 8978272, 0, 0
578035, 8461346, 0, 0
579065, 9183757, 0, 0
580033, 9397567, 0, 0
581085, 9549189, 0, 0
582040, 8918769, 0, 0
583073, 8902835, 0, 0
584018, 9835066, 0, 0
585074, 10145507, 0, 0
586071, 10605129, 0, 0
587065, 8711639, 0, 0
588046, 9613714, 0, 0
589081, 9319939, 0, 0
590034, 9813477, 0, 0
591002, 9215380, 0, 0
592071, 9625246, 0, 0
593046, 9550191, 0, 0
594066, 9613619, 0, 0
595068, 9540157, 0, 0
596180, 10192782, 0, 0
597051, 9074441, 0, 0
598071, 9099812, 0, 0
599059, 9489841, 0, 0
600076, 9073502, 0, 0
601069, 8938827, 0, 0
602068, 8686147, 0, 0
603062, 9023263, 0, 0
604074, 8873204, 0, 0
605073, 8912125, 0, 0
606011, 9281791, 0, 0
607082, 8773534, 0, 0
608010, 9362179, 0, 0
609078, 8683574, 0, 0
610030, 9602362, 0, 0
611056, 9323111, 0, 0
612021, 8607229, 0, 0
613031, 9524291, 0, 0
614064, 9217651, 0, 0
615009, 8428405, 0, 0
616022, 9554225, 0, 0
617048, 9579777, 0, 0
618027, 8084519, 0, 0
619058, 9284580, 0, 0
620022, 9627745, 0, 0
621059, 9170652, 0, 0
622012, 9427596, 0, 0
623073, 10010719, 0, 0
624025, 8805159, 0, 0
625067, 9820060, 0, 0
626053, 9957218, 0, 0
627016, 10345158, 0, 0
628015, 10736783, 0, 0
629074, 9284984, 0, 0
630001, 8993915, 0, 0
631028, 9588968, 0, 0
632006, 9584417, 0, 0
633056, 9365955, 0, 0
634064, 8762308, 0, 0
635001, 9087582, 0, 0
636020, 8780262, 0, 0
637087, 9517166, 0, 0
638049, 9814653, 0, 0
639081, 9125664, 0, 0
640028, 8602656, 0, 0
641015, 10059866, 0, 0
642023, 8998768, 0, 0
643076, 9481054, 0, 0
644039, 9431408, 0, 0
645048, 8843837, 0, 0
646023, 9841708, 0, 0
647036, 9466076, 0, 0
648008, 9520926, 0, 0
649021, 8577707, 0, 0
650017, 10059361, 0, 0
651063, 9248377, 0, 0
652003, 9394490, 0, 0
653021, 8998463, 0, 0
654058, 9423259, 0, 0
655019, 9607527, 0, 0
656067, 9426731, 0, 0
657088, 8798911, 0, 0
658040, 9609370, 0, 0
659067, 8850773, 0, 0
660075, 8678255, 0, 0
661080, 9127593, 0, 0
662024, 8653318, 0, 0
663069, 9167115, 0, 0
664025, 9452905, 0, 0
665028, 9283506, 0, 0
666072, 9315469, 0, 0
667084, 9367679, 0, 0
668022, 9764525, 0, 0
669010, 8506819, 0, 0
670016, 8816990, 0, 0
671023, 8983632, 0, 0
672073, 9128212, 0, 0
673037, 9447142, 0, 0
674002, 9264637, 0, 0
675003, 9098482, 0, 0
676021, 8690380, 0, 0
677073, 8688483, 0, 0
678066, 9453023, 0, 0
679069, 8872936, 0, 0
680060, 8316414, 0, 0
681059, 8250214, 0, 0
682046, 9773416, 0, 0
683070, 9300200, 0, 0
684049, 9882629, 0, 0
685075, 8989655, 0, 0
686035, 9316870, 0, 0
687068, 10118498, 0, 0
688071, 9641751, 0, 0
689000, 8678167, 0, 0
690028, 9593349, 0, 0
691073, 9583452, 0, 0
692067, 9281707, 0, 0
693056, 9238280, 0, 0
694066, 9093475, 0, 0
695022, 9190991, 0, 0
696023, 9011477, 0, 0
697077, 9749476, 0, 0
698001, 9139483, 0, 0
699021, 9991343, 0, 0
700089, 8089529, 0, 0
701033, 9241358, 0, 0
702022, 8746910, 0, 0
703054, 9290869, 0, 0
704087, 8981795, 0, 0
705031, 8650742, 0, 0
706066, 8914901, 0, 0
707036, 9603107, 0, 0
708039, 9546271, 0, 0
709017, 9308047, 0, 0
710018, 8620602, 0, 0
711027, 8839544, 0, 0
712079, 9831359, 0, 0
713076, 9765807, 0, 0
714049, 9725714, 0, 0
715020, 9999754, 0, 0
716060, 8809218, 0, 0
717081, 8871933, 0, 0
718040, 9781476, 0, 0
719062, 8656111, 0, 0
720009, 9012178, 0, 0
721036, 9082394, 0, 0
722065, 9349163, 0, 0
723023, 8541631, 0, 0
724041, 9001810, 0, 0
725008, 9203986, 0, 0
726020, 8496603, 0, 0
727028, 8680735, 0, 0
728045, 9781568, 0, 0
729061, 9229678, 0, 0
730047, 8713665, 0, 0
731013, 10613350, 0, 0
732046, 9741504, 0, 0
733036, 8670014, 0, 0
734022, 9213834, 0, 0
735060, 9016719, 0, 0
736036, 9562806, 0, 0
737007, 9516593, 0, 0
738024, 9075741, 0, 0
739028, 8799576, 0, 0
740051, 9127426, 0, 0
741009, 8781991, 0, 0
742032, 9460723, 0, 0
743083, 9378528, 0, 0
744082, 8833766, 0, 0
745077, 9039697, 0, 0
746042, 8772185, 0, 0
747036, 8944465, 0, 0
748022, 8013750, 0, 0
749059, 9503231, 0, 0
750004, 9080827, 0, 0
751085, 9315675, 0, 0
752011, 9072845, 0, 0
753064, 8916809, 0, 0
754059, 8493158, 0, 0
755066, 8460175, 0, 0
756065, 9073739, 0, 0
757046, 9801444, 0, 0
758044, 9152433, 0, 0
759062, 8997239, 0, 0
760011, 9123457, 0, 0
761050, 8950950, 0, 0
762027, 8415910, 0, 0
763003, 9656650, 0, 0
764006, 8712704, 0, 0
765009, 9369176, 0, 0
766086, 9278703, 0, 0
767001, 8876423, 0, 0
768064, 8775248, 0, 0
769035, 9910742, 0, 0
770065, 9265583, 0, 0
771026, 8423567, 0, 0
772050, 9481096, 0, 0
773018, 8873914, 0, 0
774017, 9158206, 0, 0
775026, 8767989, 0, 0
776080, 9317332, 0, 0
777066, 9566229, 0, 0
778021, 9178680, 0, 0
779042, 8570888, 0, 0
780041, 8253074, 0, 0
781037, 8970870, 0, 0
782008, 9146636, 0, 0
783046, 8796607, 0, 0
784027, 8752900, 0, 0
785048, 8287858, 0, 0
786008, 9136646, 0, 0
787079, 9149407, 0, 0
788018, 9200133, 0, 0
789022, 9372054, 0, 0
790066, 9237347, 0, 0
791086, 8564138, 0, 0
792054, 10072814, 0, 0
793026, 9919739, 0, 0
794089, 8635547, 0, 0
795014, 9152465, 0, 0
796060, 9588339, 0, 0
797007, 9180407, 0, 0
798002, 8288321, 0, 0
799028, 8689934, 0, 0
800030, 9181819, 0, 0
801036, 8590505, 0, 0
802032, 9220090, 0, 0
803075, 8831568, 0, 0
804003, 8284718, 0, 0
805042, 9265661, 0, 0
806052, 8274621, 0, 0
807061, 8762113, 0, 0
808067, 8982844, 0, 0
809013, 8217988, 0, 0
810003, 8755508, 0, 0
811030, 8617068, 0, 0
812093, 8708399, 0, 0
813035, 8717581, 0, 0
814055, 9437963, 0, 0
815049, 8493725, 0, 0
816084, 9316834, 0, 0
817001, 8108648, 0, 0
818030, 9428253, 0, 0
819013, 9354999, 0, 0
820020, 8754926, 0, 0
821068, 8653945, 0, 0
822026, 8326394, 0, 0
823091, 9940229, 0, 0
824078, 8811440, 0, 0
825064, 8716965, 0, 0
826012, 9475765, 0, 0
827055, 8900897, 0, 0
828066, 9360811, 0, 0
829065, 8606730, 0, 0
830035, 9226686, 0, 0
831084, 9193381, 0, 0
832079, 8360174, 0, 0
833005, 8561503, 0, 0
834046, 8133429, 0, 0
835055, 8685909, 0, 0
836075, 7902447, 0, 0
837000, 8330950, 0, 0
838025, 8460939, 0, 0
839043, 8269374, 0, 0
840061, 8690994, 0, 0
841003, 8969526, 0, 0
842022, 8854347, 0, 0
843072, 8817707, 0, 0
844007, 8121645, 0, 0
845062, 7807709, 0, 0
846059, 8668846, 0, 0
847068, 8262786, 0, 0
848081, 8801482, 0, 0
849031, 8548903, 0, 0
850085, 8227847, 0, 0
851046, 9145279, 0, 0
852014, 8955889, 0, 0
853028, 8447137, 0, 0
854005, 9037497, 0, 0
855042, 8292866, 0, 0
856042, 8538709, 0, 0
857081, 8948658, 0, 0
858088, 8528141, 0, 0
859000, 8519059, 0, 0
860012, 8793301, 0, 0
861052, 8958757, 0, 0
862052, 8468135, 0, 0
863070, 9415344, 0, 0
864074, 8433941, 0, 0
865027, 8905051, 0, 0
866043, 8673743, 0, 0
867095, 8758099, 0, 0
868030, 8498531, 0, 0
869016, 9119889, 0, 0
870043, 8481039, 0, 0
871006, 8749097, 0, 0
872019, 7846779, 0, 0
873082, 8631295, 0, 0
874072, 8915264, 0, 0
875043, 8743485, 0, 0
876084, 9042165, 0, 0
877028, 9075687, 0, 0
878064, 8152288, 0, 0
879077, 8577514, 0, 0
880053, 8549061, 0, 0
881015, 8822649, 0, 0
882041, 8336227, 0, 0
883016, 8469449, 0, 0
884006, 7730876, 0, 0
885000, 9189504, 0, 0
886002, 8278709, 0, 0
887017, 8822918, 0, 0
888074, 9346238, 0, 0
889016, 8795272, 0, 0
890079, 8362449, 0, 0
891030, 8804880, 0, 0
892012, 9527508, 0, 0
893029, 8755214, 0, 0
894080, 8979913, 0, 0
895008, 8586229, 0, 0
896023, 9052784, 0, 0
897090, 9354727, 0, 0
898055, 9013575, 0, 0
899059, 9287081, 0, 0
900025, 8622955, 0, 0
901006, 8235399, 0, 0
902051, 9242320, 0, 0
903038, 7883887, 0, 0
904083, 8930093, 0, 0
905046, 8442464, 0, 0
906019, 8164708, 0, 0
907089, 8695404, 0, 0
908062, 8754869, 0, 0
909069, 8319664, 0, 0
910070, 8694777, 0, 0
911013, 9521790, 0, 0
912059, 8928574, 0, 0
913005, 9270743, 0, 0
914059, 8704626, 0, 0
915072, 9040273, 0, 0
916054, 9002796, 0, 0
917006, 9144768, 0, 0
918039, 8393393, 0, 0
919026, 9300658, 0, 0
920052, 9154676, 0, 0
921039, 9669904, 0, 0
922073, 8476588, 0, 0
923035, 9150764, 0, 0
924000, 9181690, 0, 0
925044, 8625309, 0, 0
926077, 8597197, 0, 0
927019, 8331342, 0, 0
928074, 8642654, 0, 0
929024, 8474046, 0, 0
930009, 8068177, 0, 0
931071, 9068414, 0, 0
932060, 8099243, 0, 0
933058, 8912294, 0, 0
934023, 9091842, 0, 0
935036, 8650028, 0, 0
936034, 9070977, 0, 0
937007, 7713172, 0, 0
938010, 8085755, 0, 0
939012, 9356574, 0, 0
940063, 8975479, 0, 0
941019, 8930762, 0, 0
942051, 8967291, 0, 0
943061, 8410029, 0, 0
944049, 9583059, 0, 0
945014, 9095261, 0, 0
946069, 9016131, 0, 0
947062, 8128334, 0, 0
948048, 8964028, 0, 0
949032, 8939335, 0, 0
950007, 9016693, 0, 0
951061, 9157474, 0, 0
952074, 8230686, 0, 0
953003, 8440406, 0, 0
954063, 9629674, 0, 0
955010, 8848775, 0, 0
956056, 9503466, 0, 0
957075, 8923797, 0, 0
958072, 8104655, 0, 0
959059, 8726489, 0, 0
960060, 9016000, 0, 0
961015, 9353011, 0, 0
962061, 8936076, 0, 0
963012, 8330804, 0, 0
964045, 8391494, 0, 0
965047, 7884743, 0, 0
966035, 8736719, 0, 0
967040, 8167139, 0, 0
968030, 8527035, 0, 0
969068, 8297716, 0, 0
970071, 8279398, 0, 0
971007, 8354743, 0, 0
972088, 8123160, 0, 0
973022, 8562766, 0, 0
974065, 8540738, 0, 0
975025, 8961637, 0, 0
976059, 8909559, 0, 0
977015, 8769634, 0, 0
978020, 9943147, 0, 0
979078, 9611162, 0, 0
980037, 9129082, 0, 0
981091, 8558185, 0, 0
982018, 8422253, 0, 0
983059, 8743199, 0, 0
984003, 8728636, 0, 0
985043, 8740453, 0, 0
986004, 8648148, 0, 0
987021, 8401818, 0, 0
988034, 8796957, 0, 0
989077, 8984136, 0, 0
990038, 8352386, 0, 0
991067, 9103350, 0, 0
992061, 8696216, 0, 0
993056, 9468124, 0, 0
994072, 8748803, 0, 0
995029, 9290169, 0, 0
996000, 9898765, 0, 0
997076, 9195383, 0, 0
998000, 8705360, 0, 0
999013, 8511461, 0, 0
1000044, 8371496, 0, 0
1001070, 8841989, 0, 0
1002022, 10457625, 0, 0
1003090, 9120219, 0, 0
1004046, 9097602, 0, 0
1005037, 8997713, 0, 0
1006090, 8695818, 0, 0
1007042, 8813685, 0, 0
1008027, 8862145, 0, 0
1009041, 8667185, 0, 0
1010006, 7837119, 0, 0
1011032, 8991414, 0, 0
1012079, 8647937, 0, 0
1013063, 8055476, 0, 0
1014047, 8335381, 0, 0
1015093, 8641198, 0, 0
1016036, 8124628, 0, 0
1017059, 8966757, 0, 0
1018080, 8868478, 0, 0
1019022, 8048605, 0, 0
1020037, 8665463, 0, 0
1021085, 8651576, 0, 0
1022081, 8027644, 0, 0
1023090, 8134498, 0, 0
1024059, 8880973, 0, 0
1025016, 8773432, 0, 0
1026079, 9161063, 0, 0
1027053, 9442869, 0, 0
1028080, 8349896, 0, 0
1029060, 8743211, 0, 0
1030005, 9165248, 0, 0
1031053, 8654173, 0, 0
1032066, 8581992, 0, 0
1033008, 8962522, 0, 0
1034060, 8983703, 0, 0
1035062, 7643284, 0, 0
1036031, 9131057, 0, 0
1037032, 8201389, 0, 0
1038073, 9124443, 0, 0
1039004, 8383915, 0, 0
1040091, 9694510, 0, 0
1041028, 9002693, 0, 0
1042032, 9288732, 0, 0
1043058, 8543556, 0, 0
1044024, 8856417, 0, 0
1045058, 9480899, 0, 0
1046000, 7712079, 0, 0
1047051, 9468029, 0, 0
1048067, 8903286, 0, 0
1049002, 8814089, 0, 0
1050086, 8141897, 0, 0
1051037, 8409737, 0, 0
1052049, 8500110, 0, 0
1053062, 8509670, 0, 0
1054048, 9558920, 0, 0
1055083, 8840375, 0, 0
1056069, 9474167, 0, 0
1057080, 8787349, 0, 0
1058044, 8922759, 0, 0
1059046, 8858259, 0, 0
1060017, 8740475, 0, 0
1061014, 7719380, 0, 0
1062040, 8274064, 0, 0
1063086, 9676618, 0, 0
1064038, 8722496, 0, 0
1065043, 8509708, 0, 0
1066078, 8214609, 0, 0
1067014, 8740152, 0, 0
1068063, 8730223, 0, 0
1069087, 8897910, 0, 0
1070041, 9082518, 0, 0
1071082, 8190966, 0, 0
1072051, 9220805, 0, 0
1073041, 8313269, 0, 0
1074062, 8432338, 0, 0
1075057, 8644063, 0, 0
1076067, 8556287, 0, 0
1077000, 8630129, 0, 0
1078088, 9451367, 0, 0
1079002, 9141339, 0, 0
1080056, 8420533, 0, 0
1081014, 8398847, 0, 0
1082073, 9200643, 0, 0
1083043, 9318707, 0, 0
1084014, 8436327, 0, 0
1085033, 9095789, 0, 0
1086036, 8214959, 0, 0
1087085, 9040072, 0, 0
1088024, 8302828, 0, 0
1089049, 8125746, 0, 0
1090029, 9326783, 0, 0
1091071, 9138800, 0, 0
1092059, 9403093, 0, 0
1093071, 8567757, 0, 0
1094041, 8976701, 0, 0
1095071, 8644900, 0, 0
1096043, 8755394, 0, 0
1097001, 9028974, 0, 0
1098030, 9095965, 0, 0
1099007, 9301726, 0, 0
1100066, 8815176, 0, 0
1101001, 8573366, 0, 0
1102063, 8625002, 0, 0
1103009, 9183584, 0, 0
1104053, 8768589, 0, 0
1105063, 8549516, 0, 0
1106021, 8705596, 0, 0
1107005, 9452753, 0, 0
1108033, 9424188, 0, 0
1109038, 9387154, 0, 0
1110069, 8444126, 0, 0
1111018, 8947601, 0, 0
1112065, 9513109, 0, 0
1113062, 8228574, 0, 0
1114036, 8616837, 0, 0
1115013, 9387915, 0, 0
1116022, 8766648, 0, 0
1117007, 9110173, 0, 0
1118068, 8693607, 0, 0
1119012, 8131536, 0, 0
1120068, 8651660, 0, 0
1121075, 9060163, 0, 0
1122027, 9153428, 0, 0
1123041, 8374514, 0, 0
1124055, 8508361, 0, 0
1125054, 8685285, 0, 0
1126073, 9513382, 0, 0
1127079, 9396714, 0, 0
1128076, 8820348, 0, 0
1129040, 8831476, 0, 0
1130001, 8655581, 0, 0
1131023, 9455005, 0, 0
1132056, 8972173, 0, 0
1133058, 8713980, 0, 0
1134038, 9145496, 0, 0
1135022, 8940068, 0, 0
1136071, 8660882, 0, 0
1137024, 8432079, 0, 0
1138026, 9184636, 0, 0
1139062, 9680725, 0, 0
1140046, 8618782, 0, 0
1141001, 8601054, 0, 0
1142019, 8202113, 0, 0
1143039, 9266592, 0, 0
1144037, 9061894, 0, 0
1145020, 9632144, 0, 0
1146026, 9142411, 0, 0
1147010, 9543832, 0, 0
1148052, 9213137, 0, 0
1149005, 8582072, 0, 0
1150033, 8356011, 0, 0
1151036, 8351574, 0, 0
1152089, 9230616, 0, 0
1153085, 9390367, 0, 0
1154035, 9037341, 0, 0
1155046, 8712420, 0, 0
1156028, 9614405, 0, 0
1157063, 8411120, 0, 0
1158083, 8783473, 0, 0
1159032, 7971755, 0, 0
1160052, 8638701, 0, 0
1161067, 8898073, 0, 0
1162042, 8049022, 0, 0
1163013, 8979251, 0, 0
1164069, 8872002, 0, 0
1165036, 9199444, 0, 0
1166011, 9107208, 0, 0
1167076, 8311524, 0, 0
1168087, 7897793, 0, 0
1169062, 9021677, 0, 0
1170010, 8237756, 0, 0
1171067, 8121611, 0, 0
1172020, 9070496, 0, 0
1173042, 10639169, 0, 0
1174047, 7785270, 0, 0
1175074, 8209902, 0, 0
1176016, 8709679, 0, 0
1177057, 9045766, 0, 0
1178021, 8844719, 0, 0
1179011, 8450235, 0, 0
1180061, 9044321, 0, 0
1181014, 8358581, 0, 0
1182080, 9177919, 0, 0
1183018, 8686404, 0, 0
1184062, 8691333, 0, 0
1185047, 9110000, 0, 0
1186009, 8821272, 0, 0
1187001, 7992113, 0, 0
1188015, 8446752, 0, 0
1189025, 9890366, 0, 0
1190018, 8487288, 0, 0
1191042, 8671884, 0, 0
1192047, 8965768, 0, 0
1193051, 8222157, 0, 0
1194042, 8180864, 0, 0
1195041, 8253620, 0, 0
1196049, 7994540, 0, 0
1197067, 10377096, 0, 0
1198020, 8500496, 0, 0
1199008, 7597644, 0, 0
1200004, 7894786, 0, 0
1201038, 8680466, 0, 0
1202026, 8980288, 0, 0
1203019, 8702918, 0, 0
1204065, 8780960, 0, 0
1205030, 8851839, 0, 0
1206047, 8990325, 0, 0
1207034, 9769099, 0, 0
1208050, 8319458, 0, 0
1209065, 8522207, 0, 0
1210029, 8761222, 0, 0
1211041, 8794612, 0, 0
1212070, 8155009, 0, 0
1213059, 9419948, 0, 0
1214058, 8242418, 0, 0
1215077, 8629957, 0, 0
1216035, 8865509, 0, 0
1217029, 8869459, 0, 0
1218026, 8307527, 0, 0
1219011, 9370213, 0, 0
1220037, 8542123, 0, 0
1221065, 8154787, 0, 0
1222077, 8945385, 0, 0
1223036, 8715583, 0, 0
1224013, 8954928, 0, 0
1225081, 8089397, 0, 0
1226022, 8866656, 0, 0
1227055, 8746804, 0, 0
1228064, 8404556, 0, 0
1229042, 8283708, 0, 0
1230004, 8660981, 0, 0
1231053, 8958540, 0, 0
1232058, 8165065, 0, 0
1233067, 8544503, 0, 0
1234073, 8239082, 0, 0
1235033, 8967622, 0, 0
1236075, 8260576, 0, 0
1237016, 8036806, 0, 0
1238063, 8786580, 0, 0
1239076, 8657103, 0, 0
1240052, 9287147, 0, 0
1241000, 7701997, 0, 0
1242010, 8696741, 0, 0
1243025, 8598709, 0, 0
1244045, 8782734, 0, 0
1245073, 10706592, 0, 0
1246005, 8393607, 0, 0
1247023, 8618705, 0, 0
1248076, 8414408, 0, 0
1249009, 8324478, 0, 0
1250021, 8719784, 0, 0
1251018, 9226152, 0, 0
1252070, 8763848, 0, 0
1253028, 8857440, 0, 0
1254005, 8801858, 0, 0
1255077, 9149402, 0, 0
1256021, 8422666, 0, 0
1257014, 9025152, 0, 0
1258067, 9310423, 0, 0
1259078, 8781813, 0, 0
1260044, 8857967, 0, 0
1261011, 8945841, 0, 0
1262039, 8711510, 0, 0
1263036, 8896356, 0, 0
1264066, 8099489, 0, 0
1265026, 9135608, 0, 0
1266017, 8684983, 0, 0
1267065, 9194419, 0, 0
1268061, 8579553, 0, 0
1269035, 9450019, 0, 0
1270029, 8346837, 0, 0
1271068, 8718429, 0, 0
1272077, 9986160, 0, 0
1273072, 7953529, 0, 0
1274023, 9797099, 0, 0
1275056, 9650346, 0, 0
1276033, 9040622, 0, 0
1277080, 9513822, 0, 0
1278066, 9206880, 0, 0
1279009, 8265423, 0, 0
1280012, 9277768, 0, 0
1281024, 9191210, 0, 0
1282010, 9123394, 0, 0
1283011, 7880379, 0, 0
1284049, 8715667, 0, 0
1285068, 8413478, 0, 0
1286017, 8247770, 0, 0
1287000, 8254601, 0, 0
1288040, 8590279, 0, 0
1289064, 8819035, 0, 0
1290041, 10059253, 0, 0
1291010, 8576298, 0, 0
1292063, 9307849, 0, 0
1293081, 7945187, 0, 0
1294019, 8849371, 0, 0
1295071, 9378928, 0, 0
1296100, 8497920, 0, 0
1297007, 9451210, 0, 0
1298078, 9221203, 0, 0
1299040, 8743391, 0, 0
1300070, 8644629, 0, 0
1301077, 8314364, 0, 0
1302050, 8764597, 0, 0
1303091, 8388023, 0, 0
1304054, 9345163, 0, 0
1305013, 8959035, 0, 0
1306068, 8428244, 0, 0
1307014, 9272048, 0, 0
1308044, 9024773, 0, 0
1309029, 8001730, 0, 0
1310083, 9751222, 0, 0
1311036, 8736984, 0, 0
1312091, 8440404, 0, 0
1313051, 8881964, 0, 0
1314000, 8861158, 0, 0
1315064, 9241460, 0, 0
1316041, 8494402, 0, 0
1317075, 9652647, 0, 0
1318087, 7900609, 0, 0
1319006, 8501356, 0, 0
1320051, 8929441, 0, 0
1321007, 8608077, 0, 0
1322047, 8374532, 0, 0
1323083, 8851375, 0, 0
1324023, 8464536, 0, 0
1325045, 7915485, 0, 0
1326077, 8964202, 0, 0
1327030, 9522410, 0, 0
1328018, 9141003, 0, 0
1329071, 8558118, 0, 0
1330082, 8344879, 0, 0
1331071, 8453164, 0, 0
1332009, 8673759, 0, 0
1333000, 9345412, 0, 0
1334043, 9144677, 0, 0
1335001, 9116975, 0, 0
1336038, 8419362, 0, 0
1337002, 8757363, 0, 0
1338033, 8962868, 0, 0
1339055, 8730216, 0, 0
1340062, 8672797, 0, 0
1341026, 9352355, 0, 0
1342055, 8567807, 0, 0
1343023, 8794842, 0, 0
1344001, 8881379, 0, 0
1345047, 8932497, 0, 0
1346013, 8548431, 0, 0
1347087, 9017398, 0, 0
1348022, 7980938, 0, 0
1349011, 9068255, 0, 0
1350033, 8376109, 0, 0
1351011, 9489283, 0, 0
1352028, 8538067, 0, 0
1353063, 8691699, 0, 0
1354041, 9766799, 0, 0
1355046, 8888967, 0, 0
1356030, 8197850, 0, 0
1357015, 9114336, 0, 0
1358005, 7845091, 0, 0
1359087, 8936715, 0, 0
1360049, 8823931, 0, 0
1361006, 9193515, 0, 0
1362047, 8594567, 0, 0
1363060, 7910246, 0, 0
1364028, 9210566, 0, 0
1365040, 8796137, 0, 0
1366079, 8441879, 0, 0
1367038, 8629249, 0, 0
1368084, 9012269, 0, 0
1369062, 9400541, 0, 0
1370080, 8769948, 0, 0
1371001, 8139378, 0, 0
1372049, 9436686, 0, 0
1373078, 9526556, 0, 0
1374045, 9113113, 0, 0
1375012, 9031558, 0, 0
1376068, 9422094, 0, 0
1377006, 9184016, 0, 0
1378072, 8731998, 0, 0
1379001, 7868306, 0, 0
1380019, 8922707, 0, 0
1381061, 8755816, 0, 0
1382033, 8588653, 0, 0
1383091, 9358593, 0, 0
1384008, 7832008, 0, 0
1385019, 7714388, 0, 0
1386049, 8037387, 0, 0
1387080, 9541210, 0, 0
1388026, 8669480, 0, 0
1389018, 9092712, 0, 0
1390017, 9329850, 0, 0
1391090, 8509028, 0, 0
1392003, 7937241, 0, 0
1393036, 8975392, 0, 0
1394063, 8695210, 0, 0
1395053, 9426868, 0, 0
1396015, 8581256, 0, 0
1397043, 8557788, 0, 0
1398010, 8264181, 0, 0
1399083, 7941991, 0, 0
1400042, 9041484, 0, 0
1401060, 8921585, 0, 0
1402024, 9446277, 0, 0
1403048, 9135965, 0, 0
1404001, 8349214, 0, 0
1405083, 8647854, 0, 0
1406026, 9238462, 0, 0
1407011, 9381049, 0, 0
1408010, 8835398, 0, 0
1409016, 8734428, 0, 0
1410032, 8128322, 0, 0
1411072, 8242133, 0, 0
1412011, 9200887, 0, 0
1413023, 9635453, 0, 0
1414023, 7992247, 0, 0
1415013, 8177500, 0, 0
1416030, 8470012, 0, 0
1417081, 9212155, 0, 0
1418083, 8203468, 0, 0
1419064, 9616231, 0, 0
1420017, 8133770, 0, 0
1421031, 8105368, 0, 0
1422031, 9167426, 0, 0
1423066, 8479362, 0, 0
1424013, 8605646, 0, 0
1425051, 9016037, 0, 0
1426003, 8201911, 0, 0
1427027, 8748285, 0, 0
1428070, 8980526, 0, 0
1429068, 8110429, 0, 0
1430046, 9215045, 0, 0
1431093, 9021932, 0, 0
1432043, 9402293, 0, 0
1433080, 8636025, 0, 0
1434029, 8693155, 0, 0
1435043, 9470594, 0, 0
1436032, 9071637, 0, 0
1437068, 8484052, 0, 0
1438022, 9169688, 0, 0
1439031, 8473077, 0, 0
1440022, 8387182, 0, 0
1441047, 8909691, 0, 0
1442005, 9478496, 0, 0
1443037, 8520333, 0, 0
1444047, 8008265, 0, 0
1445002, 8525513, 0, 0
1446059, 7936465, 0, 0
1447080, 7785860, 0, 0
1448080, 9085450, 0, 0
1449023, 8413097, 0, 0
1450054, 8590264, 0, 0
1451013, 8709085, 0, 0
1452020, 8826911, 0, 0
1453046, 8616613, 0, 0
1454055, 8692841, 0, 0
1455042, 8727857, 0, 0
1456073, 8655133, 0, 0
1457011, 8686333, 0, 0
1458030, 8345329, 0, 0
1459039, 8841055, 0, 0
1460056, 8685343, 0, 0
1461073, 8836587, 0, 0
1462065, 8257594, 0, 0
1463067, 8863887, 0, 0
1464035, 9483719, 0, 0
1465034, 8836511, 0, 0
1466046, 8945413, 0, 0
1467050, 8960742, 0, 0
1468014, 7896339, 0, 0
1469124, 9812455, 0, 0
1470070, 7753202, 0, 0
1471024, 8149762, 0, 0
1472051, 8268621, 0, 0
1473088, 9424962, 0, 0
1474029, 8179691, 0, 0
1475019, 8747610, 0, 0
1476059, 9283969, 0, 0
1477051, 9443864, 0, 0
1478046, 8417687, 0, 0
1479086, 9284069, 0, 0
1480048, 8284415, 0, 0
1481091, 9306523, 0, 0
1482024, 8632226, 0, 0
1483076, 8838906, 0, 0
1484034, 8040891, 0, 0
1485016, 9435139, 0, 0
1486045, 8868178, 0, 0
1487053, 8753937, 0, 0
1488060, 7983979, 0, 0
1489000, 8697412, 0, 0
1490010, 8277802, 0, 0
1491031, 8719233, 0, 0
1492061, 7978763, 0, 0
1493076, 9661930, 0, 0
1494097, 9354702, 0, 0
1495055, 8477755, 0, 0
1496007, 9703812, 0, 0
1497075, 8334364, 0, 0
1498073, 8046600, 0, 0
1499023, 9036700, 0, 0
1500036, 8097055, 0, 0
1501068, 8592413, 0, 0
1502033, 9270882, 0, 0
1503037, 8657660, 0, 0
1504003, 9105145, 0, 0
1505006, 8866057, 0, 0
1506037, 9039682, 0, 0
1507028, 9002987, 0, 0
1508026, 8826173, 0, 0
1509073, 8939253, 0, 0
1510071, 7976516, 0, 0
1511027, 8453603, 0, 0
1512057, 8721640, 0, 0
1513092, 8694998, 0, 0
1514003, 8352102, 0, 0
1515040, 8780510, 0, 0
1516067, 9080156, 0, 0
1517068, 8696907, 0, 0
1518084, 9071616, 0, 0
1519027, 8563614, 0, 0
1520000, 10129020, 0, 0
1521006, 8451241, 0, 0
1522009, 9359419, 0, 0
1523041, 8816857, 0, 0
1524055, 8303332, 0, 0
1525028, 9173034, 0, 0
1526046, 8623808, 0, 0
1527026, 9507684, 0, 0
1528046, 8421151, 0, 0
1529016, 8078066, 0, 0
1530052, 8699272, 0, 0
1531004, 8569826, 0, 0
1532062, 9530263, 0, 0
1533007, 8745533, 0, 0
1534020, 9201917, 0, 0
1535065, 8557208, 0, 0
1536016, 8332223, 0, 0
1537019, 8282475, 0, 0
1538010, 9085569, 0, 0
1539078, 7905449, 0, 0
1540085, 8117319, 0, 0
1541039, 8662273, 0, 0
1542040, 7877663, 0, 0
1543078, 8642744, 0, 0
1544039, 9062669, 0, 0
1545061, 9033413, 0, 0
1546090, 8360696, 0, 0
1547021, 8701090, 0, 0
1548023, 9185798, 0, 0
1549027, 9289310, 0, 0
1550002, 9106225, 0, 0
1551043, 9364618, 0, 0
1552069, 9157841, 0, 0
1553072, 7056756, 0, 0
1554012, 8542405, 0, 0
1555052, 8954726, 0, 0
1556080, 8562097, 0, 0
1557028, 8611218, 0, 0
1558017, 9500893, 0, 0
1559088, 8635911, 0, 0
1560066, 8140205, 0, 0
1561017, 8798423, 0, 0
1562076, 8334700, 0, 0
1563087, 8938841, 0, 0
1564075, 7903132, 0, 0
1565031, 8162613, 0, 0
1566037, 8171508, 0, 0
1567078, 8451961, 0, 0
1568074, 8893900, 0, 0
1569059, 7867258, 0, 0
1570013, 9354484, 0, 0
1571068, 9326198, 0, 0
1572007, 8529163, 0, 0
1573093, 9440374, 0, 0
1574021, 8582965, 0, 0
1575063, 8979275, 0, 0
1576004, 8958654, 0, 0
1577045, 8966500, 0, 0
1578063, 8694098, 0, 0
1579050, 9477535, 0, 0
1580059, 8622629, 0, 0
1581012, 8813089, 0, 0
1582072, 8545985, 0, 0
1583053, 8234940, 0, 0
1584022, 9492785, 0, 0
1585043, 8294833, 0, 0
1586067, 8897938, 0, 0
1587014, 8764249, 0, 0
1588077, 9403690, 0, 0
1589037, 9401835, 0, 0
1590072, 8270648, 0, 0
1591009, 9181620, 0, 0
1592099, 8930079, 0, 0
1593095, 8967099, 0, 0
1594062, 9027092, 0, 0
1595026, 8921012, 0, 0
1596077, 8606159, 0, 0
1597011, 9339812, 0, 0
1598082, 8557904, 0, 0
1599098, 8126096, 0, 0
1600012, 8221269, 0, 0
1601056, 8998190, 0, 0
1602072, 8182247, 0, 0
1603076, 8963543, 0, 0
1604038, 8661885, 0, 0
1605014, 9849077, 0, 0
1606059, 8090373, 0, 0
1607061, 8415987, 0, 0
1608007, 8833015, 0, 0
1609040, 8609081, 0, 0
1610059, 8339899, 0, 0
1611025, 8046675, 0, 0
1612029, 8571671, 0, 0
1613016, 8581368, 0, 0
1614056, 8884793, 0, 0
1615062, 8813916, 0, 0
1616044, 9001756, 0, 0
1617076, 8666748, 0, 0
1618046, 8813749, 0, 0
1619081, 9317253, 0, 0
1620030, 8945158, 0, 0
1621073, 8912451, 0, 0
1622008, 8488779, 0, 0
1623069, 9471438, 0, 0
1624019, 9210881, 0, 0
1625035, 8752503, 0, 0
1626066, 8244502, 0, 0
1627022, 8926889, 0, 0
1628080, 9037638, 0, 0
1629020, 8861248, 0, 0
1630034, 8589475, 0, 0
1631004, 9144582, 0, 0
1632046, 8260891, 0, 0
1633064, 9082415, 0, 0
1634072, 8535310, 0, 0
1635080, 7933896, 0, 0
1636030, 9402348, 0, 0
1637070, 8048735, 0, 0
1638022, 9068657, 0, 0
1639046, 8453432, 0, 0
1640031, 9200160, 0, 0
1641062, 7861331, 0, 0
1642012, 8954331, 0, 0
1643050, 8232904, 0, 0
1644047, 9669946, 0, 0
1645077, 8441787, 0, 0
1646070, 8061960, 0, 0
1647071, 8851064, 0, 0
1648014, 9064824, 0, 0
1649037, 8517386, 0, 0
1650080, 9481955, 0, 0
1651022, 8107754, 0, 0
1652063, 7822807, 0, 0
1653082, 8856569, 0, 0
1654003, 8850627, 0, 0
1655046, 8978823, 0, 0
1656035, 8671230, 0, 0
1657056, 9274242, 0, 0
1658038, 8682800, 0, 0
1659028, 8180797, 0, 0
1660046, 8767749, 0, 0
1661030, 7739168, 0, 0
1662053, 8669115, 0, 0
1663061, 8755217, 0, 0
1664010, 8858666, 0, 0
1665026, 8605527, 0, 0
1666020, 9466304, 0, 0
1667062, 8898295, 0, 0
1668020, 9029474, 0, 0
1669030, 7472309, 0, 0
1670028, 8528630, 0, 0
1671068, 9193968, 0, 0
1672058, 8758651, 0, 0
1673036, 8966360, 0, 0
1674068, 8663189, 0, 0
1675074, 8519522, 0, 0
1676022, 9109364, 0, 0
1677062, 9531781, 0, 0
1678041, 8817014, 0, 0
1679027, 8563545, 0, 0
1680107, 8849208, 0, 0
1681015, 8555235, 0, 0
1682065, 7953549, 0, 0
1683058, 9357836, 0, 0
1684000, 8636674, 0, 0
1685021, 8501799, 0, 0
1686014, 8707341, 0, 0
1687069, 8927633, 0, 0
1688039, 9236041, 0, 0
1689070, 8516346, 0, 0
1690013, 9060852, 0, 0
1691040, 8413906, 0, 0
1692075, 8617445, 0, 0
1693016, 8706220, 0, 0
1694076, 8145115, 0, 0
1695000, 10148020, 0, 0
1696066, 8948916, 0, 0
1697004, 9192294, 0, 0
1698082, 8485154, 0, 0
1699017, 7473743, 0, 0
1700025, 7992787, 0, 0
1701041, 8982191, 0, 0
1702001, 9048680, 0, 0
1703083, 9245122, 0, 0
1704039, 8530665, 0, 0
1705036, 8096498, 0, 0
1706049, 8581117, 0, 0
1707048, 8754638, 0, 0
1708007, 8477276, 0, 0
1709007, 7691166, 0, 0
1710067, 7846818, 0, 0
1711013, 8285460, 0, 0
1712001, 8588009, 0, 0
1713003, 9533125, 0, 0
1714045, 8900971, 0, 0
1715058, 9044900, 0, 0
1716009, 8791937, 0, 0
1717069, 8213298, 0, 0
1718070, 7875741, 0, 0
1719054, 8550701, 0, 0
1720036, 9169505, 0, 0
1721055, 9013826, 0, 0
1722053, 8523087, 0, 0
1723074, 9274352, 0, 0
1724043, 8883985, 0, 0
1725055, 9452649, 0, 0
1726032, 8413856, 0, 0
1727074, 9297118, 0, 0
1728080, 8976413, 0, 0
1729043, 8910103, 0, 0
1730073, 9028317, 0, 0
1731013, 8942867, 0, 0
1732044, 8806034, 0, 0
1733061, 8686530, 0, 0
1734007, 8758844, 0, 0
1735040, 8389476, 0, 0
1736063, 8589504, 0, 0
1737029, 8470079, 0, 0
1738072, 10015159, 0, 0
1739088, 7998274, 0, 0
1740019, 8692302, 0, 0
1741052, 9134338, 0, 0
1742051, 8324261, 0, 0
1743004, 9522829, 0, 0
1744070, 8660983, 0, 0
1745083, 8290467, 0, 0
1746010, 8583781, 0, 0
1747087, 8534302, 0, 0
1748049, 9249937, 0, 0
1749042, 8270956, 0, 0
1750045, 9023558, 0, 0
1751049, 8505492, 0, 0
1752058, 8544299, 0, 0
1753065, 9958484, 0, 0
1754013, 8616377, 0, 0
1755058, 8554909, 0, 0
1756013, 9269142, 0, 0
1757027, 8445204, 0, 0
1758024, 9051608, 0, 0
1759039, 9669781, 0, 0
1760015, 8474175, 0, 0
1761020, 8586350, 0, 0
1762055, 8915847, 0, 0
1763000, 8433879, 0, 0
1764050, 8741083, 0, 0
1765015, 9275068, 0, 0
1766019, 9198378, 0, 0
1767054, 9236400, 0, 0
1768060, 8596321, 0, 0
1769054, 8069606, 0, 0
1770048, 8418919, 0, 0
1771095, 8794603, 0, 0
1772065, 9233638, 0, 0
1773070, 8652897, 0, 0
1774021, 9225550, 0, 0
1775020, 8994810, 0, 0
1776031, 8786798, 0, 0
1777004, 8998432, 0, 0
1778043, 8654582, 0, 0
1779009, 9744477, 0, 0
1780048, 8514007, 0, 0
1781009, 8723525, 0, 0
1782053, 9237804, 0, 0
1783023, 9229555, 0, 0
1784017, 8422286, 0, 0
1785036, 8209732, 0, 0
1786074, 8036277, 0, 0
1787072, 8311443, 0, 0
1788063, 9007187, 0, 0
1789003, 8380432, 0, 0
1790002, 8912754, 0, 0
1791018, 8464645, 0, 0
1792022, 9830992, 0, 0
1793074, 8691263, 0, 0
1794013, 8225448, 0, 0
1795067, 8164383, 0, 0
1796075, 8328874, 0, 0
1797053, 9678694, 0, 0
1798035, 11149727, 0, 0
1799047, 8026887, 0, 0
1800011, 8839648, 0, 0
