1056, 8248491, 0, 0
2000, 8420340, 0, 0
3010, 8338313, 0, 0
4023, 8955976, 0, 0
5027, 8366372, 0, 0
6001, 9182421, 0, 0
7034, 7817759, 0, 0
8004, 8574217, 0, 0
9063, 8268091, 0, 0
10056, 8198825, 0, 0
11050, 8637702, 0, 0
12039, 8164794, 0, 0
13034, 9847243, 0, 0
14001, 7987286, 0, 0
15021, 8426859, 0, 0
16032, 8344983, 0, 0
17039, 8384833, 0, 0
18015, 8634648, 0, 0
19035, 8494315, 0, 0
20033, 8234085, 0, 0
21024, 8118255, 0, 0
22035, 8347081, 0, 0
23066, 8521854, 0, 0
24014, 7761232, 0, 0
25005, 8046512, 0, 0
26022, 8071941, 0, 0
27011, 8227304, 0, 0
28048, 8565482, 0, 0
29014, 7850693, 0, 0
30019, 8369262, 0, 0
31041, 8367365, 0, 0
32055, 8242505, 0, 0
33044, 8164779, 0, 0
34021, 8561384, 0, 0
35052, 8513220, 0, 0
36053, 8197881, 0, 0
37049, 8092381, 0, 0
38004, 8521884, 0, 0
39049, 8633245, 0, 0
40060, 8348828, 0, 0
41039, 8574808, 0, 0
42060, 8230387, 0, 0
43037, 7932798, 0, 0
44039, 8345358, 0, 0
45039, 8920655, 0, 0
46019, 8099094, 0, 0
47004, 8630733, 0, 0
48059, 8109631, 0, 0
49011, 7926421, 0, 0
50070, 8265310, 0, 0
51017, 8157200, 0, 0
52062, 8631379, 0, 0
53014, 8273522, 0, 0
54018, 8219819, 0, 0
55002, 7999201, 0, 0
56006, 8084167, 0, 0
57010, 8296269, 0, 0
58025, 8112986, 0, 0
59019, 7947035, 0, 0
60011, 8124375, 0, 0
61013, 8068531, 0, 0
62039, 8137697, 0, 0
63051, 8090495, 0, 0
64018, 8475972, 0, 0
65033, 8245336, 0, 0
66031, 8174371, 0, 0
67032, 8198342, 0, 0
68056, 8530741, 0, 0
69037, 7904134, 0, 0
70005, 8481216, 0, 0
71001, 7898117, 0, 0
72037, 8554635, 0, 0
73048, 7830835, 0, 0
74029, 8675267, 0, 0
75027, 8524370, 0, 0
76046, 7894301, 0, 0
77045, 8177787, 0, 0
78043, 7920419, 0, 0
79055, 7897485, 0, 0
80055, 8123556, 0, 0
81001, 8218573, 0, 0
82007, 8308663, 0, 0
83011, 7896099, 0, 0
84003, 7870908, 0, 0
85015, 8157556, 0, 0
86055, 8380069, 0, 0
87024, 7741693, 0, 0
88006, 7916154, 0, 0
89004, 7978419, 0, 0
90014, 8075757, 0, 0
91047, 8120270, 0, 0
92043, 8031939, 0, 0
93054, 8282442, 0, 0
94038, 7556901, 0, 0
95050, 7840216, 0, 0
96063, 7973185, 0, 0
97052, 7775966, 0, 0
98050, 7857154, 0, 0
99026, 8407217, 0, 0
100056, 8165684, 0, 0
101050, 8559049, 0, 0
102043, 7936543, 0, 0
103052, 8006958, 0, 0
104004, 7992773, 0, 0
105000, 7769286, 0, 0
106007, 7927518, 0, 0
107052, 7507735, 0, 0
108048, 8584454, 0, 0
109009, 8493743, 0, 0
110030, 8098354, 0, 0
111006, 7676891, 0, 0
112050, 8214548, 0, 0
113030, 7894913, 0, 0
114023, 7749989, 0, 0
115064, 8259541, 0, 0
116030, 8469394, 0, 0
117030, 7803963, 0, 0
118062, 8184284, 0, 0
119008, 8075094, 0, 0
120016, 7810138, 0, 0
121050, 7949153, 0, 0
122035, 7628762, 0, 0
123037, 8206328, 0, 0
124041, 7774683, 0, 0
125022, 8526206, 0, 0
126042, 7658463, 0, 0
127053, 8017037, 0, 0
128040, 7888028, 0, 0
129033, 7515989, 0, 0
130045, 7778537, 0, 0
131038, 8002542, 0, 0
132018, 7587907, 0, 0
133026, 7867824, 0, 0
134025, 7987248, 0, 0
135042, 7941961, 0, 0
136024, 8240801, 0, 0
137003, 7831084, 0, 0
138014, 7830635, 0, 0
139029, 7981951, 0, 0
140036, 7988002, 0, 0
141035, 7796512, 0, 0
142035, 8128518, 0, 0
143010, 7604552, 0, 0
144033, 7865069, 0, 0
145028, 7704816, 0, 0
146056, 7840129, 0, 0
147061, 7905216, 0, 0
148039, 7638909, 0, 0
149067, 7666170, 0, 0
150028, 7617287, 0, 0
151071, 7495163, 0, 0
152011, 7642703, 0, 0
153049, 7794797, 0, 0
154004, 8295971, 0, 0
155003, 7619651, 0, 0
156034, 7924093, 0, 0
157014, 7473335, 0, 0
158026, 7836952, 0, 0
159061, 7954270, 0, 0
160003, 7781346, 0, 0
161031, 8151537, 0, 0
162042, 7770878, 0, 0
163062, 8089829, 0, 0
164034, 7301540, 0, 0
165031, 7493212, 0, 0
166048, 7751414, 0, 0
167000, 7929567, 0, 0
168035, 7952252, 0, 0
169019, 7451633, 0, 0
170061, 7713961, 0, 0
171047, 7137087, 0, 0
172018, 7824991, 0, 0
173002, 7738772, 0, 0
174037, 7715835, 0, 0
175021, 8064675, 0, 0
176000, 7460136, 0, 0
177016, 7809121, 0, 0
178028, 7547768, 0, 0
179007, 7524378, 0, 0
180021, 7791520, 0, 0
181053, 7876600, 0, 0
182000, 7446821, 0, 0
183009, 7938299, 0, 0
184058, 8127212, 0, 0
185032, 7780284, 0, 0
186031, 7624280, 0, 0
187065, 7486947, 0, 0
188056, 7617146, 0, 0
189027, 7458402, 0, 0
190028, 8137434, 0, 0
191069, 7819726, 0, 0
192055, 7753121, 0, 0
193031, 7930947, 0, 0
194037, 7228990, 0, 0
195045, 7928259, 0, 0
196046, 7757755, 0, 0
197025, 7463192, 0, 0
198025, 7571045, 0, 0
199021, 7593785, 0, 0
200025, 7486971, 0, 0
201048, 7865853, 0, 0
202048, 7292745, 0, 0
203001, 7319177, 0, 0
204010, 7636608, 0, 0
205045, 7895525, 0, 0
206044, 7677869, 0, 0
207019, 7919012, 0, 0
208055, 7189218, 0, 0
209057, 7765877, 0, 0
210039, 7426621, 0, 0
211035, 7715708, 0, 0
212021, 7582068, 0, 0
213052, 8377284, 0, 0
214047, 7762237, 0, 0
215012, 7776155, 0, 0
216045, 7644270, 0, 0
217033, 7593410, 0, 0
218036, 8087111, 0, 0
219064, 7718744, 0, 0
220043, 7522726, 0, 0
221022, 7305276, 0, 0
222060, 7054992, 0, 0
223046, 7940595, 0, 0
224060, 7237271, 0, 0
225026, 7976202, 0, 0
226070, 7614039, 0, 0
227026, 8101289, 0, 0
228005, 6980797, 0, 0
229068, 7277467, 0, 0
230025, 7296503, 0, 0
231045, 7839047, 0, 0
232025, 8095250, 0, 0
233001, 7504243, 0, 0
234054, 7731162, 0, 0
235012, 7422583, 0, 0
236042, 7352220, 0, 0
237037, 7824893, 0, 0
238053, 7754725, 0, 0
239049, 7650013, 0, 0
240003, 7686064, 0, 0
241013, 7317004, 0, 0
242027, 7675046, 0, 0
243053, 7768255, 0, 0
244061, 7292788, 0, 0
245036, 7550177, 0, 0
246006, 7695063, 0, 0
247035, 6947590, 0, 0
248023, 7654917, 0, 0
249043, 7328127, 0, 0
250053, 7259086, 0, 0
251023, 7401398, 0, 0
252026, 7208023, 0, 0
253010, 7390518, 0, 0
254006, 7536776, 0, 0
255011, 7671548, 0, 0
256076, 8001056, 0, 0
257033, 7710832, 0, 0
258052, 7591639, 0, 0
259050, 6353608, 0, 0
260001, 7480523, 0, 0
261004, 7313320, 0, 0
262060, 7177177, 0, 0
263061, 7635121, 0, 0
264039, 7575340, 0, 0
265007, 8064061, 0, 0
266019, 7718250, 0, 0
267033, 7342118, 0, 0
268014, 7902806, 0, 0
269008, 7251274, 0, 0
270016, 7087288, 0, 0
271032, 7304450, 0, 0
272045, 6981843, 0, 0
273053, 7244769, 0, 0
274033, 6798136, 0, 0
275000, 6898795, 0, 0
276012, 7435586, 0, 0
277043, 7746635, 0, 0
278053, 7259442, 0, 0
279014, 6621977, 0, 0
280032, 7017127, 0, 0
281046, 7788247, 0, 0
282065, 7546336, 0, 0
283044, 8148253, 0, 0
284065, 6845001, 0, 0
285017, 7740743, 0, 0
286008, 6965969, 0, 0
287055, 7216596, 0, 0
288056, 7143546, 0, 0
289053, 7113712, 0, 0
290042, 7214790, 0, 0
291040, 7222755, 0, 0
292030, 7018050, 0, 0
293058, 7036703, 0, 0
294049, 7017409, 0, 0
295045, 7059767, 0, 0
296032, 7193716, 0, 0
297011, 6838735, 0, 0
298000, 7485149, 0, 0
299012, 7609465, 0, 0
300023, 7318383, 0, 0
301031, 7628505, 0, 0
302024, 7031774, 0, 0
303037, 7078861, 0, 0
304059, 7567751, 0, 0
305059, 7085878, 0, 0
306053, 7090944, 0, 0
307025, 7585738, 0, 0
308018, 7036103, 0, 0
309021, 7106370, 0, 0
310029, 7518232, 0, 0
311039, 6773381, 0, 0
312049, 7056320, 0, 0
313001, 7100366, 0, 0
314034, 7369488, 0, 0
315038, 7060813, 0, 0
316005, 7674126, 0, 0
317039, 6707580, 0, 0
318008, 7278271, 0, 0
319017, 6589467, 0, 0
320043, 7216000, 0, 0
321032, 7783568, 0, 0
322029, 6961201, 0, 0
323060, 7412562, 0, 0
324029, 7012563, 0, 0
325017, 6625132, 0, 0
326030, 6615114, 0, 0
327012, 7488667, 0, 0
328053, 7026997, 0, 0
329033, 7532001, 0, 0
330046, 7182228, 0, 0
331040, 6491362, 0, 0
332053, 7124662, 0, 0
333018, 7140939, 0, 0
334020, 7943071, 0, 0
335037, 7061998, 0, 0
336058, 7080843, 0, 0
337001, 7303536, 0, 0
338010, 7150455, 0, 0
339009, 7031863, 0, 0
340014, 7016876, 0, 0
341044, 6951932, 0, 0
342039, 6584310, 0, 0
343062, 6682419, 0, 0
344051, 7315787, 0, 0
345015, 7191823, 0, 0
346054, 6921490, 0, 0
347012, 7590757, 0, 0
348010, 7445915, 0, 0
349000, 6722653, 0, 0
350062, 6552021, 0, 0
351006, 7142526, 0, 0
352026, 6795151, 0, 0
353032, 7283952, 0, 0
354015, 7121225, 0, 0
355025, 6862101, 0, 0
356050, 7011382, 0, 0
357061, 6686723, 0, 0
358002, 7124860, 0, 0
359026, 7522845, 0, 0
360047, 7732005, 0, 0
361057, 7528970, 0, 0
362050, 6983366, 0, 0
363002, 7433134, 0, 0
364003, 6852403, 0, 0
365062, 7296438, 0, 0
366005, 6829563, 0, 0
367051, 7305440, 0, 0
368048, 6917831, 0, 0
369058, 7204149, 0, 0
370032, 7317677, 0, 0
371048, 7250043, 0, 0
372055, 7037658, 0, 0
373041, 7040140, 0, 0
374062, 7554681, 0, 0
375010, 7066631, 0, 0
376056, 7257620, 0, 0
377004, 6533420, 0, 0
378011, 6935280, 0, 0
379030, 6928713, 0, 0
380006, 6726036, 0, 0
381010, 6597004, 0, 0
382044, 6885542, 0, 0
383026, 6628009, 0, 0
384001, 6811604, 0, 0
385013, 6203219, 0, 0
386002, 6459349, 0, 0
387061, 6530388, 0, 0
388051, 7382677, 0, 0
389034, 6214438, 0, 0
390040, 7076749, 0, 0
391035, 7100321, 0, 0
392070, 6627884, 0, 0
393013, 6684506, 0, 0
394006, 6484033, 0, 0
395074, 6971820, 0, 0
396017, 6682120, 0, 0
397007, 5921443, 0, 0
398009, 6458580, 0, 0
399002, 7752548, 0, 0
400064, 6671676, 0, 0
401041, 6686661, 0, 0
402057, 6765886, 0, 0
403069, 6973838, 0, 0
404031, 6860675, 0, 0
405044, 7081381, 0, 0
406047, 7106650, 0, 0
407005, 7252624, 0, 0
408066, 6345580, 0, 0
409004, 7099463, 0, 0
410027, 6952751, 0, 0
411042, 6543739, 0, 0
412002, 6999840, 0, 0
413032, 6904399, 0, 0
414016, 7175484, 0, 0
415042, 6788038, 0, 0
416016, 7006629, 0, 0
417018, 7939920, 0, 0
418006, 6249563, 0, 0
419009, 7102776, 0, 0
420011, 6768771, 0, 0
421013, 6902429, 0, 0
422004, 6265307, 0, 0
423025, 7288859, 0, 0
424025, 6202383, 0, 0
425024, 6483304, 0, 0
426035, 6731067, 0, 0
427049, 6580223, 0, 0
428030, 7154926, 0, 0
429019, 6098136, 0, 0
430015, 6294822, 0, 0
431060, 6251170, 0, 0
432037, 6178523, 0, 0
433008, 7185219, 0, 0
434013, 6516613, 0, 0
435042, 6011418, 0, 0
436058, 6861283, 0, 0
437022, 6929016, 0, 0
438057, 7082852, 0, 0
439022, 6470771, 0, 0
440054, 6650967, 0, 0
441067, 6526892, 0, 0
442024, 6779539, 0, 0
443025, 6370040, 0, 0
444016, 6303933, 0, 0
445000, 6516294, 0, 0
446037, 6430623, 0, 0
447022, 6698837, 0, 0
448014, 6881628, 0, 0
449064, 6280542, 0, 0
450033, 6963300, 0, 0
451011, 6431230, 0, 0
452048, 6995486, 0, 0
453011, 6590722, 0, 0
454050, 6489042, 0, 0
455029, 7087721, 0, 0
456029, 6613657, 0, 0
457027, 7226656, 0, 0
458049, 6632166, 0, 0
459065, 6264613, 0, 0
460020, 6865728, 0, 0
461008, 7048109, 0, 0
462046, 6958425, 0, 0
463012, 6523161, 0, 0
464056, 6768266, 0, 0
465052, 6729561, 0, 0
466014, 6717335, 0, 0
467009, 6581819, 0, 0
468016, 6664464, 0, 0
469023, 6169291, 0, 0
470040, 6598808, 0, 0
471038, 6969297, 0, 0
472039, 6901227, 0, 0
473005, 6748750, 0, 0
474052, 6115942, 0, 0
475052, 6703626, 0, 0
476055, 6423779, 0, 0
477057, 6806011, 0, 0
478057, 6168400, 0, 0
479042, 6653427, 0, 0
480038, 6858225, 0, 0
481055, 6640500, 0, 0
482027, 6743485, 0, 0
483002, 6762632, 0, 0
484014, 6321811, 0, 0
485033, 6877378, 0, 0
486063, 6598548, 0, 0
487044, 6805715, 0, 0
488020, 6171972, 0, 0
489032, 6275246, 0, 0
490014, 6289152, 0, 0
491055, 6081485, 0, 0
492016, 6807518, 0, 0
493008, 6786484, 0, 0
494004, 6728265, 0, 0
495023, 6284360, 0, 0
496052, 6675198, 0, 0
497053, 6286272, 0, 0
498047, 6324813, 0, 0
499018, 6300454, 0, 0
500008, 5852294, 0, 0
501000, 5830358, 0, 0
502059, 6223686, 0, 0
503060, 6209297, 0, 0
504037, 6687631, 0, 0
505042, 6313228, 0, 0
506024, 6015806, 0, 0
507038, 6413312, 0, 0
508055, 6391425, 0, 0
509064, 6630317, 0, 0
510046, 5737415, 0, 0
511066, 6444548, 0, 0
512007, 6489348, 0, 0
513016, 6419976, 0, 0
514020, 5793105, 0, 0
515059, 6182618, 0, 0
516020, 6529800, 0, 0
517065, 6484249, 0, 0
518066, 6097040, 0, 0
519027, 6316206, 0, 0
520018, 6183701, 0, 0
521031, 6064356, 0, 0
522049, 6732320, 0, 0
523035, 7038587, 0, 0
524038, 6382662, 0, 0
525023, 5853554, 0, 0
526004, 6717557, 0, 0
527026, 5970812, 0, 0
528047, 6750229, 0, 0
529064, 6775629, 0, 0
530031, 6273652, 0, 0
531007, 5834079, 0, 0
532055, 6589489, 0, 0
533033, 6508106, 0, 0
534065, 6831528, 0, 0
535010, 6171442, 0, 0
536044, 6660838, 0, 0
537045, 6173718, 0, 0
538061, 6590784, 0, 0
539036, 6164779, 0, 0
540004, 6361491, 0, 0
541012, 6140230, 0, 0
542032, 6177760, 0, 0
543058, 6211773, 0, 0
544059, 5848072, 0, 0
545023, 6879060, 0, 0
546045, 6383580, 0, 0
547076, 7006633, 0, 0
548027, 6244773, 0, 0
549039, 6740722, 0, 0
550028, 6178423, 0, 0
551024, 6864505, 0, 0
552021, 6109984, 0, 0
553025, 6153892, 0, 0
554038, 6404507, 0, 0
555059, 6580202, 0, 0
556006, 6524851, 0, 0
557057, 5584089, 0, 0
558071, 6210424, 0, 0
559048, 6177224, 0, 0
560003, 6317907, 0, 0
561003, 5984726, 0, 0
562030, 6887019, 0, 0
563061, 6316132, 0, 0
564048, 6752620, 0, 0
565065, 6639317, 0, 0
566050, 5895416, 0, 0
567022, 6473775, 0, 0
568047, 6167554, 0, 0
569059, 6397777, 0, 0
570060, 6061545, 0, 0
571061, 5617330, 0, 0
572069, 5721854, 0, 0
573053, 6426707, 0, 0
574024, 6061308, 0, 0
575043, 6165925, 0, 0
576034, 6689117, 0, 0
577058, 6317163, 0, 0
578059, 6578436, 0, 0
579047, 6019960, 0, 0
580042, 5879936, 0, 0
581058, 6465639, 0, 0
582039, 5698238, 0, 0
583018, 6189803, 0, 0
584018, 5876774, 0, 0
585038, 5959650, 0, 0
586022, 6340968, 0, 0
587041, 6880943, 0, 0
588025, 5885707, 0, 0
589011, 5758251, 0, 0
590038, 6143902, 0, 0
591030, 6311113, 0, 0
592050, 6369621, 0, 0
593004, 5538240, 0, 0
594064, 6089752, 0, 0
595152, 7543296, 0, 0
596023, 6357559, 0, 0
597029, 6012318, 0, 0
598043, 6069622, 0, 0
599059, 6505563, 0, 0
600044, 6152274, 0, 0
601050, 6480908, 0, 0
602026, 6132240, 0, 0
603026, 5580961, 0, 0
604017, 5998242, 0, 0
605080, 6435672, 0, 0
606054, 6201919, 0, 0
607060, 5805738, 0, 0
608062, 6905474, 0, 0
609011, 5921820, 0, 0
610012, 6212977, 0, 0
611036, 6554951, 0, 0
612051, 6342787, 0, 0
613018, 6272597, 0, 0
614054, 5503829, 0, 0
615018, 6093057, 0, 0
616018, 6404084, 0, 0
617002, 6181206, 0, 0
618045, 6022975, 0, 0
619018, 5966436, 0, 0
620008, 5781228, 0, 0
621029, 6068631, 0, 0
622001, 6071732, 0, 0
623056, 5955106, 0, 0
624046, 5683109, 0, 0
625007, 4996353, 0, 0
626031, 5469148, 0, 0
627030, 5311220, 0, 0
628040, 5224731, 0, 0
629012, 6559680, 0, 0
630033, 6339438, 0, 0
631035, 5883082, 0, 0
632012, 6297050, 0, 0
633032, 5367105, 0, 0
634003, 6022117, 0, 0
635001, 6188650, 0, 0
636023, 6046275, 0, 0
637032, 5726255, 0, 0
638025, 5665368, 0, 0
639000, 6366819, 0, 0
640041, 6156202, 0, 0
641040, 6120340, 0, 0
642041, 5431427, 0, 0
643034, 6939359, 0, 0
644055, 5761091, 0, 0
645051, 5785806, 0, 0
646053, 5561879, 0, 0
647032, 6559099, 0, 0
648031, 5907479, 0, 0
649000, 5378380, 0, 0
650003, 5927171, 0, 0
651034, 5754589, 0, 0
652041, 6249862, 0, 0
653027, 5858912, 0, 0
654059, 5665618, 0, 0
655018, 5702558, 0, 0
656017, 6081210, 0, 0
657032, 6262761, 0, 0
658045, 5653739, 0, 0
659001, 6160213, 0, 0
660001, 5909642, 0, 0
661017, 5701820, 0, 0
662016, 5576108, 0, 0
663014, 5502913, 0, 0
664037, 5778597, 0, 0
665009, 5810107, 0, 0
666043, 5584994, 0, 0
667007, 5833953, 0, 0
668021, 5887371, 0, 0
669015, 6131831, 0, 0
670025, 5365909, 0, 0
671035, 6467048, 0, 0
672018, 5454849, 0, 0
673047, 5412441, 0, 0
674068, 5571519, 0, 0
675009, 5948665, 0, 0
676005, 5347317, 0, 0
677010, 5735524, 0, 0
678030, 5480041, 0, 0
679011, 5214589, 0, 0
680061, 4699501, 0, 0
681046, 5824066, 0, 0
682033, 5270654, 0, 0
683036, 5535236, 0, 0
684045, 5477074, 0, 0
685083, 6324870, 0, 0
686013, 6408657, 0, 0
687025, 5550583, 0, 0
688021, 5755810, 0, 0
689010, 5951023, 0, 0
690057, 5149734, 0, 0
691042, 5927296, 0, 0
692049, 5782693, 0, 0
693054, 5901091, 0, 0
694039, 5966678, 0, 0
695010, 5913355, 0, 0
696004, 5223954, 0, 0
697037, 6147330, 0, 0
698005, 5686175, 0, 0
699052, 5779316, 0, 0
700061, 5759907, 0, 0
701003, 5807174, 0, 0
702062, 5623808, 0, 0
703063, 5883731, 0, 0
704055, 5413028, 0, 0
705058, 5417451, 0, 0
706004, 6260913, 0, 0
707071, 5411053, 0, 0
708053, 6055238, 0, 0
709026, 5850599, 0, 0
710019, 5424184, 0, 0
711008, 5946926, 0, 0
712024, 5834496, 0, 0
713027, 5242977, 0, 0
714051, 6162494, 0, 0
715026, 5384395, 0, 0
716013, 5665512, 0, 0
717056, 5884998, 0, 0
718021, 4821287, 0, 0
719031, 5569013, 0, 0
720014, 5992134, 0, 0
721019, 5799799, 0, 0
722062, 5696502, 0, 0
723000, 5964782, 0, 0
724012, 5808782, 0, 0
725060, 5819258, 0, 0
726033, 5426793, 0, 0
727031, 5764237, 0, 0
728007, 5733020, 0, 0
729028, 5342966, 0, 0
730046, 5909892, 0, 0
731070, 5652692, 0, 0
732016, 5586900, 0, 0
733012, 5995388, 0, 0
734040, 5350545, 0, 0
735032, 6392738, 0, 0
736037, 5285251, 0, 0
737028, 5855074, 0, 0
738064, 5847499, 0, 0
739006, 5257252, 0, 0
740048, 5474174, 0, 0
741051, 5448453, 0, 0
742017, 6186968, 0, 0
743028, 4996748, 0, 0
744037, 5446494, 0, 0
745008, 5953644, 0, 0
746005, 5441851, 0, 0
747012, 5810154, 0, 0
748027, 5794829, 0, 0
749036, 5364808, 0, 0
750036, 5638348, 0, 0
751060, 5746359, 0, 0
752054, 5707606, 0, 0
753007, 5533697, 0, 0
754054, 5154440, 0, 0
755047, 6273927, 0, 0
756047, 5312651, 0, 0
757047, 5947488, 0, 0
758039, 5478155, 0, 0
759051, 5127589, 0, 0
760034, 5742805, 0, 0
761019, 5961576, 0, 0
762034, 5227579, 0, 0
763035, 6249917, 0, 0
764005, 5502219, 0, 0
765054, 5040261, 0, 0
766045, 6032730, 0, 0
767068, 5494641, 0, 0
768047, 5344177, 0, 0
769055, 5787085, 0, 0
770037, 5539713, 0, 0
771017, 5234691, 0, 0
772038, 5577354, 0, 0
773021, 5844087, 0, 0
774046, 5064267, 0, 0
775044, 5570676, 0, 0
776062, 5500108, 0, 0
777030, 5717398, 0, 0
778028, 6083350, 0, 0
779034, 5547170, 0, 0
780031, 6072897, 0, 0
781037, 5912507, 0, 0
782043, 5949611, 0, 0
783064, 5927000, 0, 0
784009, 5830264, 0, 0
785002, 5446383, 0, 0
786046, 5609497, 0, 0
787006, 5574154, 0, 0
788012, 5520906, 0, 0
789071, 5511621, 0, 0
790028, 5492895, 0, 0
791077, 5988577, 0, 0
792015, 5786324, 0, 0
793018, 5687089, 0, 0
794031, 5595251, 0, 0
795028, 5472116, 0, 0
796052, 5681721, 0, 0
797058, 5808449, 0, 0
798038, 5236524, 0, 0
799046, 5352356, 0, 0
800027, 5905584, 0, 0
801034, 5712764, 0, 0
802034, 5428193, 0, 0
803026, 5476508, 0, 0
804040, 5723635, 0, 0
805040, 5546270, 0, 0
806054, 5888591, 0, 0
807046, 5271153, 0, 0
808059, 5326783, 0, 0
809015, 5453723, 0, 0
810025, 5699629, 0, 0
811055, 5563969, 0, 0
812002, 6178645, 0, 0
813023, 5764113, 0, 0
814052, 5299623, 0, 0
815023, 5539718, 0, 0
816006, 5878294, 0, 0
817024, 5780925, 0, 0
818029, 5229731, 0, 0
819037, 5324474, 0, 0
820039, 5996765, 0, 0
821023, 5580512, 0, 0
822031, 5217692, 0, 0
823048, 5739307, 0, 0
824032, 5310192, 0, 0
825017, 5265676, 0, 0
826047, 6193980, 0, 0
827054, 5587912, 0, 0
828002, 5445014, 0, 0
829013, 5971612, 0, 0
830007, 5227715, 0, 0
831037, 5169216, 0, 0
832011, 5754275, 0, 0
833041, 5687328, 0, 0
834009, 5653591, 0, 0
835038, 6345701, 0, 0
836014, 4804491, 0, 0
837047, 5635523, 0, 0
838032, 5178509, 0, 0
839011, 5557580, 0, 0
840041, 5444106, 0, 0
841034, 5419601, 0, 0
842035, 5431461, 0, 0
843006, 5447154, 0, 0
844060, 5430288, 0, 0
845058, 5300076, 0, 0
846048, 5557816, 0, 0
847042, 5703548, 0, 0
848038, 5816877, 0, 0
849000, 6010344, 0, 0
850033, 5483948, 0, 0
851021, 5035244, 0, 0
852011, 5402614, 0, 0
853035, 5245158, 0, 0
854025, 5957423, 0, 0
855062, 5366072, 0, 0
856073, 5489618, 0, 0
857042, 5761571, 0, 0
858009, 5339797, 0, 0
859041, 5003238, 0, 0
860064, 5676009, 0, 0
861044, 5497157, 0, 0
862009, 5673059, 0, 0
863033, 5683065, 0, 0
864007, 5586832, 0, 0
865045, 5516931, 0, 0
866041, 5128514, 0, 0
867046, 5904538, 0, 0
868033, 5477339, 0, 0
869011, 5647529, 0, 0
870014, 5217659, 0, 0
871036, 5903586, 0, 0
872014, 5742611, 0, 0
873003, 5429586, 0, 0
874031, 5671127, 0, 0
875051, 5448586, 0, 0
876047, 5409043, 0, 0
877030, 5984788, 0, 0
878010, 5380794, 0, 0
879027, 5491404, 0, 0
880006, 5373404, 0, 0
881068, 5550464, 0, 0
882024, 5650155, 0, 0
883060, 5505561, 0, 0
884013, 5737535, 0, 0
885017, 6078585, 0, 0
886065, 5058184, 0, 0
887026, 5329902, 0, 0
888023, 4953456, 0, 0
889022, 5938344, 0, 0
890063, 5418421, 0, 0
891039, 5385632, 0, 0
892032, 6082279, 0, 0
893025, 5576162, 0, 0
894034, 5727998, 0, 0
895068, 6002971, 0, 0
896039, 5477402, 0, 0
897048, 5016400, 0, 0
898082, 5580551, 0, 0
899036, 5607106, 0, 0
900026, 5177478, 0, 0
901058, 5788898, 0, 0
902045, 5191726, 0, 0
903037, 5595384, 0, 0
904013, 5838437, 0, 0
905014, 5373313, 0, 0
906034, 5570912, 0, 0
907004, 5630949, 0, 0
908056, 5531755, 0, 0
909025, 5797394, 0, 0
910031, 5771031, 0, 0
911038, 5529694, 0, 0
912017, 6347519, 0, 0
913044, 5864019, 0, 0
914015, 5606610, 0, 0
915039, 5984662, 0, 0
916052, 5949470, 0, 0
917025, 6229834, 0, 0
918052, 5372639, 0, 0
919048, 5524987, 0, 0
920031, 5847556, 0, 0
921059, 5639583, 0, 0
922066, 5186850, 0, 0
923024, 5939276, 0, 0
924008, 5922223, 0, 0
925021, 5532087, 0, 0
926012, 6383103, 0, 0
927004, 5082796, 0, 0
928052, 5367429, 0, 0
929050, 6152408, 0, 0
930061, 5490266, 0, 0
931011, 5548005, 0, 0
932009, 5447079, 0, 0
933012, 5087101, 0, 0
934046, 4872352, 0, 0
935066, 5990441, 0, 0
936057, 5435465, 0, 0
937002, 5132752, 0, 0
938004, 5717867, 0, 0
939052, 5566211, 0, 0
940042, 5888157, 0, 0
941072, 5748043, 0, 0
942031, 5572009, 0, 0
943028, 6548953, 0, 0
944019, 5858383, 0, 0
945017, 5541229, 0, 0
946024, 5557414, 0, 0
947019, 6133353, 0, 0
948036, 5613951, 0, 0
949039, 5691129, 0, 0
950035, 5587909, 0, 0
951068, 5829061, 0, 0
952007, 5301433, 0, 0
953056, 5484261, 0, 0
954051, 5712043, 0, 0
955064, 5086320, 0, 0
956028, 5200224, 0, 0
957030, 5654057, 0, 0
958011, 4974442, 0, 0
959053, 5849240, 0, 0
960007, 5416288, 0, 0
961002, 6208655, 0, 0
962062, 4946966, 0, 0
963023, 5964916, 0, 0
964003, 5321022, 0, 0
965017, 5415994, 0, 0
966063, 5772000, 0, 0
967056, 5386310, 0, 0
968017, 4728459, 0, 0
969057, 5645768, 0, 0
970038, 5539022, 0, 0
971047, 5890167, 0, 0
972015, 5655850, 0, 0
973066, 5356494, 0, 0
974029, 5432414, 0, 0
975068, 5580773, 0, 0
976016, 5174415, 0, 0
977043, 5547487, 0, 0
978007, 5203453, 0, 0
979064, 5965249, 0, 0
980025, 5852837, 0, 0
981061, 5751970, 0, 0
982001, 5619476, 0, 0
983064, 5282794, 0, 0
984045, 5764902, 0, 0
985065, 5661115, 0, 0
986005, 5426888, 0, 0
987023, 5650302, 0, 0
988040, 5371006, 0, 0
989038, 5600923, 0, 0
990073, 5653916, 0, 0
991024, 5521949, 0, 0
992027, 5329522, 0, 0
993045, 5617636, 0, 0
994001, 6116990, 0, 0
995036, 5743560, 0, 0
996046, 4692129, 0, 0
997006, 5707269, 0, 0
998005, 5906280, 0, 0
999021, 5672964, 0, 0
1000014, 5935356, 0, 0
1001052, 5316689, 0, 0
1002043, 5723705, 0, 0
1003001, 5498713, 0, 0
1004020, 5749183, 0, 0
1005056, 5335456, 0, 0
1006005, 5713360, 0, 0
1007006, 5553169, 0, 0
1008012, 5491779, 0, 0
1009010, 5795729, 0, 0
1010002, 5187234, 0, 0
1011000, 5359169, 0, 0
1012056, 5927093, 0, 0
1013018, 5461851, 0, 0
1014010, 5628578, 0, 0
1015045, 5142191, 0, 0
1016032, 5696672, 0, 0
1017026, 5226386, 0, 0
1018051, 5885928, 0, 0
1019036, 5176060, 0, 0
1020034, 5865466, 0, 0
1021052, 5190825, 0, 0
1022041, 6457345, 0, 0
1023038, 5858130, 0, 0
1024000, 5518987, 0, 0
1025052, 5505620, 0, 0
1026053, 6056022, 0, 0
1027009, 5491093, 0, 0
1028065, 5192047, 0, 0
1029041, 5239936, 0, 0
1030038, 6072867, 0, 0
1031027, 5616817, 0, 0
1032032, 5227403, 0, 0
1033067, 6076928, 0, 0
1034018, 6382515, 0, 0
1035053, 5466258, 0, 0
1036031, 5460269, 0, 0
1037043, 5675690, 0, 0
1038020, 5425303, 0, 0
1039057, 5422189, 0, 0
1040000, 5059425, 0, 0
1041039, 5349391, 0, 0
1042002, 6682809, 0, 0
1043028, 5857798, 0, 0
1044021, 5478662, 0, 0
1045021, 5643838, 0, 0
1046037, 5732114, 0, 0
1047046, 5762033, 0, 0
1048021, 5730262, 0, 0
1049033, 5774356, 0, 0
1050040, 5782512, 0, 0
1051015, 5411527, 0, 0
1052066, 5965792, 0, 0
1053038, 5884165, 0, 0
1054032, 5425200, 0, 0
1055024, 5759128, 0, 0
1056018, 5310402, 0, 0
1057058, 5707641, 0, 0
1058023, 5772689, 0, 0
1059046, 5403121, 0, 0
1060055, 5696006, 0, 0
1061045, 5494280, 0, 0
1062038, 5361721, 0, 0
1063011, 5851627, 0, 0
1064018, 5412430, 0, 0
1065030, 5317142, 0, 0
1066026, 5718366, 0, 0
1067001, 5663543, 0, 0
1068077, 6933964, 0, 0
1069062, 5206334, 0, 0
1070023, 5615266, 0, 0
1071057, 5901587, 0, 0
1072034, 5640538, 0, 0
1073051, 5552089, 0, 0
1074009, 5729690, 0, 0
1075048, 5896384, 0, 0
1076061, 5589028, 0, 0
1077056, 5096961, 0, 0
1078043, 5245574, 0, 0
1079067, 5808170, 0, 0
1080000, 5652252, 0, 0
1081018, 6236883, 0, 0
1082046, 5612761, 0, 0
1083034, 5331463, 0, 0
1084026, 5158120, 0, 0
1085039, 5242847, 0, 0
1086011, 5426628, 0, 0
1087042, 5279016, 0, 0
1088060, 5215073, 0, 0
1089040, 5693448, 0, 0
1090032, 5658167, 0, 0
1091019, 5386558, 0, 0
1092053, 5836177, 0, 0
1093040, 5801106, 0, 0
1094022, 5109396, 0, 0
1095033, 5513221, 0, 0
1096040, 5991036, 0, 0
1097040, 5400616, 0, 0
1098018, 5395191, 0, 0
1099056, 5030424, 0, 0
1100026, 5240826, 0, 0
1101065, 5187647, 0, 0
1102027, 5856560, 0, 0
1103048, 5202493, 0, 0
1104007, 5355399, 0, 0
1105002, 5743128, 0, 0
1106012, 5666382, 0, 0
1107003, 5185401, 0, 0
1108058, 5543747, 0, 0
1109017, 5950281, 0, 0
1110012, 5714152, 0, 0
1111055, 5951296, 0, 0
1112045, 5526856, 0, 0
1113043, 5299102, 0, 0
1114041, 5477156, 0, 0
1115051, 5542091, 0, 0
1116047, 5721915, 0, 0
1117035, 5671971, 0, 0
1118027, 6006994, 0, 0
1119042, 5537265, 0, 0
1120027, 5654054, 0, 0
1121045, 5408856, 0, 0
1122051, 5983972, 0, 0
1123053, 5587213, 0, 0
1124060, 6210236, 0, 0
1125029, 5725840, 0, 0
1126006, 5008345, 0, 0
1127033, 5126480, 0, 0
1128067, 5553527, 0, 0
1129015, 5806315, 0, 0
1130036, 5895140, 0, 0
1131011, 5101503, 0, 0
1132050, 5829690, 0, 0
1133050, 5427753, 0, 0
1134019, 5147325, 0, 0
1135004, 5657866, 0, 0
1136011, 5157474, 0, 0
1137014, 5214819, 0, 0
1138051, 5990793, 0, 0
1139044, 5390953, 0, 0
1140055, 5637953, 0, 0
1141050, 6100815, 0, 0
1142032, 5804715, 0, 0
1143055, 5708375, 0, 0
1144043, 5481907, 0, 0
1145008, 5669611, 0, 0
1146022, 5890969, 0, 0
1147034, 5648636, 0, 0
1148049, 5758504, 0, 0
1149030, 6534315, 0, 0
1150014, 5091369, 0, 0
1151016, 5350871, 0, 0
1152058, 6346094, 0, 0
1153050, 5630626, 0, 0
1154042, 5537278, 0, 0
1155031, 5197127, 0, 0
1156052, 5369747, 0, 0
1157046, 4939295, 0, 0
1158016, 5440379, 0, 0
1159024, 6030960, 0, 0
1160024, 5073037, 0, 0
1161022, 6688828, 0, 0
1162007, 5205742, 0, 0
1163071, 5775424, 0, 0
1164006, 6065812, 0, 0
1165042, 5280667, 0, 0
1166024, 5509567, 0, 0
1167020, 5650915, 0, 0
1168017, 5299872, 0, 0
1169019, 5467900, 0, 0
1170015, 5320699, 0, 0
1171061, 5248728, 0, 0
1172034, 5460439, 0, 0
1173001, 5716891, 0, 0
1174056, 5040601, 0, 0
1175014, 5663416, 0, 0
1176001, 5764194, 0, 0
1177053, 4958459, 0, 0
1178061, 5854308, 0, 0
1179039, 5453526, 0, 0
1180038, 5610864, 0, 0
1181007, 5971028, 0, 0
1182012, 5641722, 0, 0
1183036, 5244888, 0, 0
1184059, 5432601, 0, 0
1185019, 5575206, 0, 0
1186033, 4987624, 0, 0
1187056, 5678378, 0, 0
1188050, 5645081, 0, 0
1189018, 5310526, 0, 0
1190041, 5907597, 0, 0
1191055, 5138983, 0, 0
1192037, 4739940, 0, 0
1193019, 5732394, 0, 0
1194006, 5735805, 0, 0
1195013, 5406904, 0, 0
1196031, 6516661, 0, 0
1197026, 5813555, 0, 0
1198038, 5377362, 0, 0
1199019, 5598999, 0, 0
1200027, 5852580, 0, 0
1201003, 5507975, 0, 0
1202017, 5886953, 0, 0
1203010, 4702014, 0, 0
1204018, 5996168, 0, 0
1205011, 5331592, 0, 0
1206023, 5493801, 0, 0
1207037, 6060423, 0, 0
1208015, 5680074, 0, 0
1209021, 5208683, 0, 0
1210052, 5820288, 0, 0
1211037, 5821884, 0, 0
1212027, 5886331, 0, 0
1213028, 5179940, 0, 0
1214064, 5592220, 0, 0
1215000, 5732925, 0, 0
1216056, 5583506, 0, 0
1217071, 5996794, 0, 0
1218015, 4762920, 0, 0
1219066, 5584471, 0, 0
1220002, 5772069, 0, 0
1221036, 5494847, 0, 0
1222039, 5892770, 0, 0
1223051, 5208409, 0, 0
1224058, 4882284, 0, 0
1225045, 5109253, 0, 0
1226039, 5738986, 0, 0
1227033, 5011735, 0, 0
1228017, 5401792, 0, 0
1229054, 5101809, 0, 0
1230016, 5931268, 0, 0
1231062, 6144718, 0, 0
1232020, 5531497, 0, 0
1233021, 5404878, 0, 0
1234070, 5606750, 0, 0
1235007, 5669575, 0, 0
1236040, 6069666, 0, 0
1237062, 6006832, 0, 0
1238063, 5650704, 0, 0
1239027, 5981249, 0, 0
1240017, 5285568, 0, 0
1241030, 5590451, 0, 0
1242016, 5796559, 0, 0
1243009, 5475337, 0, 0
1244011, 5383608, 0, 0
1245015, 5696486, 0, 0
1246063, 5817957, 0, 0
1247027, 5119801, 0, 0
1248009, 5081167, 0, 0
1249059, 5380473, 0, 0
1250043, 5281524, 0, 0
1251038, 5178744, 0, 0
1252063, 6607543, 0, 0
1253041, 5612701, 0, 0
1254058, 6593401, 0, 0
1255015, 6015733, 0, 0
1256064, 5292454, 0, 0
1257003, 5615139, 0, 0
1258002, 5702354, 0, 0
1259007, 5201176, 0, 0
1260014, 5684093, 0, 0
1261011, 5719412, 0, 0
1262024, 5469764, 0, 0
1263066, 5595347, 0, 0
1264058, 4981827, 0, 0
1265052, 5738596, 0, 0
1266067, 5506036, 0, 0
1267002, 6106784, 0, 0
1268059, 5254485, 0, 0
1269027, 5115892, 0, 0
1270036, 5758461, 0, 0
1271058, 6301432, 0, 0
1272006, 5534642, 0, 0
1273028, 5131239, 0, 0
1274038, 5196640, 0, 0
1275034, 4856592, 0, 0
1276030, 5347662, 0, 0
1277030, 5607178, 0, 0
1278035, 5944597, 0, 0
1279046, 4972786, 0, 0
1280014, 5432915, 0, 0
1281014, 5742514, 0, 0
1282032, 5106040, 0, 0
1283003, 4925933, 0, 0
1284022, 5985736, 0, 0
1285032, 4714860, 0, 0
1286011, 5816649, 0, 0
1287043, 5425658, 0, 0
1288043, 5022167, 0, 0
1289064, 5631645, 0, 0
1290047, 5779003, 0, 0
1291048, 5643930, 0, 0
1292038, 5073617, 0, 0
1293053, 5480561, 0, 0
1294007, 5845641, 0, 0
1295039, 5888103, 0, 0
1296020, 5387739, 0, 0
1297009, 5336662, 0, 0
1298006, 4952871, 0, 0
1299059, 5056061, 0, 0
1300025, 5518512, 0, 0
1301037, 6273967, 0, 0
1302018, 6124614, 0, 0
1303021, 5246905, 0, 0
1304023, 5624841, 0, 0
1305041, 5556813, 0, 0
1306014, 5427660, 0, 0
1307035, 6037065, 0, 0
1308065, 5499245, 0, 0
1309064, 5573605, 0, 0
1310042, 5169370, 0, 0
1311037, 5400960, 0, 0
1312037, 5200853, 0, 0
1313024, 5359741, 0, 0
1314053, 6119469, 0, 0
1315049, 5884347, 0, 0
1316023, 5897729, 0, 0
1317040, 5549688, 0, 0
1318021, 5079707, 0, 0
1319031, 5864383, 0, 0
1320033, 5560465, 0, 0
1321059, 6065170, 0, 0
1322007, 5776110, 0, 0
1323019, 5839482, 0, 0
1324012, 5768096, 0, 0
1325020, 5411562, 0, 0
1326035, 5395935, 0, 0
1327012, 5160369, 0, 0
1328010, 5089255, 0, 0
1329030, 5657626, 0, 0
1330036, 5740443, 0, 0
1331047, 5740898, 0, 0
1332035, 4717866, 0, 0
1333014, 5588540, 0, 0
1334042, 5610906, 0, 0
1335049, 5747547, 0, 0
1336051, 5323024, 0, 0
1337066, 5451524, 0, 0
1338004, 5326816, 0, 0
1339024, 5720025, 0, 0
1340053, 5810103, 0, 0
1341059, 5403903, 0, 0
1342004, 5894307, 0, 0
1343002, 4984245, 0, 0
1344068, 5270493, 0, 0
1345055, 5085367, 0, 0
1346005, 6201440, 0, 0
1347012, 6020547, 0, 0
1348053, 5876580, 0, 0
1349066, 5186849, 0, 0
1350037, 5641577, 0, 0
1351044, 5264377, 0, 0
1352027, 5712271, 0, 0
1353042, 5757129, 0, 0
1354051, 5251728, 0, 0
1355028, 5770051, 0, 0
1356059, 5200998, 0, 0
1357047, 5877902, 0, 0
1358043, 5236691, 0, 0
1359062, 6058682, 0, 0
1360012, 5854916, 0, 0
1361068, 5329449, 0, 0
1362018, 5716765, 0, 0
1363012, 5610371, 0, 0
1364046, 5060620, 0, 0
1365013, 5519680, 0, 0
1366025, 5842105, 0, 0
1367042, 6270937, 0, 0
1368006, 5877547, 0, 0
1369046, 4760029, 0, 0
1370001, 5683175, 0, 0
1371028, 5926266, 0, 0
1372024, 5499136, 0, 0
1373010, 5625198, 0, 0
1374046, 5282209, 0, 0
1375027, 5564090, 0, 0
1376038, 5520762, 0, 0
1377046, 5654494, 0, 0
1378049, 5141485, 0, 0
1379046, 5559265, 0, 0
1380051, 5806328, 0, 0
1381069, 5497137, 0, 0
1382026, 5896451, 0, 0
1383051, 5017980, 0, 0
1384008, 5656353, 0, 0
1385058, 5142081, 0, 0
1386062, 5733979, 0, 0
1387006, 5745878, 0, 0
1388025, 5092065, 0, 0
1389044, 6281491, 0, 0
1390062, 6201259, 0, 0
1391059, 5270489, 0, 0
1392001, 5225718, 0, 0
1393019, 5746381, 0, 0
1394005, 5153555, 0, 0
1395018, 5563914, 0, 0
1396042, 5244163, 0, 0
1397055, 5083483, 0, 0
1398059, 5304206, 0, 0
1399064, 5773913, 0, 0
1400002, 5640010, 0, 0
1401029, 5314544, 0, 0
1402040, 5673970, 0, 0
1403001, 5752038, 0, 0
1404018, 5642126, 0, 0
1405039, 5204254, 0, 0
1406016, 6295787, 0, 0
1407061, 5998604, 0, 0
1408004, 5643404, 0, 0
1409033, 6046844, 0, 0
1410042, 5626359, 0, 0
1411045, 5596012, 0, 0
1412015, 5384417, 0, 0
1413006, 5755120, 0, 0
1414054, 5396285, 0, 0
1415049, 6135494, 0, 0
1416015, 5362136, 0, 0
1417039, 5585071, 0, 0
1418056, 5873022, 0, 0
1419008, 5499824, 0, 0
1420059, 5042530, 0, 0
1421064, 5401062, 0, 0
1422017, 6097378, 0, 0
1423049, 5697273, 0, 0
1424020, 5159538, 0, 0
1425039, 5984499, 0, 0
1426030, 5155427, 0, 0
1427026, 5590359, 0, 0
1428048, 5736271, 0, 0
1429064, 5287853, 0, 0
1430026, 5752006, 0, 0
1431026, 5740459, 0, 0
1432038, 5709731, 0, 0
1433001, 5009164, 0, 0
1434006, 5367472, 0, 0
1435061, 5375884, 0, 0
1436017, 5164828, 0, 0
1437005, 5639929, 0, 0
1438044, 5461798, 0, 0
1439046, 5953971, 0, 0
1440043, 5245163, 0, 0
1441000, 6009221, 0, 0
1442042, 5480047, 0, 0
1443004, 6002655, 0, 0
1444051, 5875656, 0, 0
1445068, 5131245, 0, 0
1446062, 5949135, 0, 0
1447054, 5054784, 0, 0
1448029, 5014939, 0, 0
1449015, 5474709, 0, 0
1450021, 5344660, 0, 0
1451009, 5362112, 0, 0
1452000, 5353156, 0, 0
1453056, 5353287, 0, 0
1454053, 5158972, 0, 0
1455063, 5365647, 0, 0
1456056, 5167413, 0, 0
1457021, 5671925, 0, 0
1458027, 5582379, 0, 0
1459017, 5461586, 0, 0
1460007, 5123800, 0, 0
1461052, 5579067, 0, 0
1462032, 5181301, 0, 0
1463073, 5561474, 0, 0
1464007, 5097063, 0, 0
1465032, 5065474, 0, 0
1466025, 5420634, 0, 0
1467029, 5512181, 0, 0
1468004, 5663700, 0, 0
1469023, 5214823, 0, 0
1470048, 5475220, 0, 0
1471005, 5727598, 0, 0
1472048, 6471284, 0, 0
1473040, 5297767, 0, 0
1474056, 5001684, 0, 0
1475001, 5421503, 0, 0
1476055, 5692730, 0, 0
1477011, 6045384, 0, 0
1478014, 5597234, 0, 0
1479026, 5406199, 0, 0
1480002, 5475011, 0, 0
1481061, 6223534, 0, 0
1482018, 5755454, 0, 0
1483063, 6003164, 0, 0
1484042, 5227690, 0, 0
1485037, 5779215, 0, 0
1486086, 5571251, 0, 0
1487008, 5416918, 0, 0
1488033, 5253884, 0, 0
1489044, 5287902, 0, 0
1490003, 5261027, 0, 0
1491038, 5556464, 0, 0
1492048, 5635929, 0, 0
1493063, 5451336, 0, 0
1494040, 4857972, 0, 0
1495057, 5372120, 0, 0
1496003, 5464998, 0, 0
1497012, 5142236, 0, 0
1498039, 5791427, 0, 0
1499044, 4973596, 0, 0
1500040, 5291620, 0, 0
1501027, 5131780, 0, 0
1502015, 5546727, 0, 0
1503030, 5331201, 0, 0
1504005, 4751707, 0, 0
1505001, 6178594, 0, 0
1506000, 5638657, 0, 0
1507064, 5012791, 0, 0
1508028, 5568738, 0, 0
1509038, 5223543, 0, 0
1510055, 5709832, 0, 0
1511062, 5406012, 0, 0
1512011, 5446206, 0, 0
1513033, 5156459, 0, 0
1514027, 5224615, 0, 0
1515029, 5240772, 0, 0
1516047, 5650806, 0, 0
1517024, 5544343, 0, 0
1518020, 5436136, 0, 0
1519056, 5656586, 0, 0
1520025, 5436593, 0, 0
1521017, 5503425, 0, 0
1522000, 5516976, 0, 0
1523021, 5572349, 0, 0
1524045, 6019464, 0, 0
1525059, 5566389, 0, 0
1526020, 5779615, 0, 0
1527024, 5119114, 0, 0
1528023, 5452411, 0, 0
1529020, 5656497, 0, 0
1530008, 5736718, 0, 0
1531045, 5370114, 0, 0
1532011, 5673294, 0, 0
1533045, 5675901, 0, 0
1534050, 5870845, 0, 0
1535029, 5788474, 0, 0
1536065, 5942627, 0, 0
1537066, 5291567, 0, 0
1538020, 5508859, 0, 0
1539056, 5501672, 0, 0
1540016, 5159911, 0, 0
1541042, 5097997, 0, 0
1542051, 5825944, 0, 0
1543064, 5683192, 0, 0
1544047, 5609688, 0, 0
1545059, 5876296, 0, 0
1546010, 5218942, 0, 0
1547058, 5511798, 0, 0
1548023, 5477431, 0, 0
1549023, 5119748, 0, 0
1550048, 5818071, 0, 0
1551023, 5563548, 0, 0
1552040, 5435127, 0, 0
1553055, 5476247, 0, 0
1554058, 5601983, 0, 0
1555060, 5103491, 0, 0
1556011, 5396346, 0, 0
1557054, 5264693, 0, 0
1558037, 4786807, 0, 0
1559056, 4965250, 0, 0
1560031, 4965920, 0, 0
1561063, 5727631, 0, 0
1562046, 5111108, 0, 0
1563000, 5239004, 0, 0
1564055, 5823610, 0, 0
1565056, 5099827, 0, 0
1566032, 5266801, 0, 0
1567037, 5454691, 0, 0
1568065, 5907044, 0, 0
1569013, 6066543, 0, 0
1570051, 5156458, 0, 0
1571043, 5902955, 0, 0
1572008, 5237777, 0, 0
1573013, 5769274, 0, 0
1574027, 5501554, 0, 0
1575037, 5455882, 0, 0
1576025, 5164572, 0, 0
1577020, 4942578, 0, 0
1578025, 5707666, 0, 0
1579033, 5058822, 0, 0
1580025, 5862161, 0, 0
1581045, 6250251, 0, 0
1582016, 5160972, 0, 0
1583038, 5516860, 0, 0
1584047, 5391275, 0, 0
1585003, 5753093, 0, 0
1586069, 5401767, 0, 0
1587022, 5637052, 0, 0
1588064, 5879950, 0, 0
1589004, 5759489, 0, 0
1590026, 5259313, 0, 0
1591055, 6196454, 0, 0
1592008, 5563537, 0, 0
1593063, 5958030, 0, 0
1594067, 5301754, 0, 0
1595063, 5857581, 0, 0
1596039, 5239323, 0, 0
1597058, 5414397, 0, 0
1598013, 5742516, 0, 0
1599010, 5662768, 0, 0
1600046, 4555933, 0, 0
1601001, 5484292, 0, 0
1602048, 5470593, 0, 0
1603057, 5602809, 0, 0
1604024, 6270650, 0, 0
1605048, 5115542, 0, 0
1606041, 5767732, 0, 0
1607018, 5420221, 0, 0
1608000, 5541600, 0, 0
1609050, 5351009, 0, 0
1610064, 5416910, 0, 0
1611004, 5274389, 0, 0
1612004, 4687942, 0, 0
1613033, 5977756, 0, 0
1614036, 5329084, 0, 0
1615068, 5310085, 0, 0
1616031, 5975604, 0, 0
1617029, 6006490, 0, 0
1618047, 5681560, 0, 0
1619020, 5087677, 0, 0
1620047, 5343907, 0, 0
1621027, 4968288, 0, 0
1622053, 5390147, 0, 0
1623005, 5226615, 0, 0
1624055, 5891811, 0, 0
1625000, 5302487, 0, 0
1626048, 6423023, 0, 0
1627044, 5820575, 0, 0
1628004, 6351832, 0, 0
1629033, 5556369, 0, 0
1630018, 5068603, 0, 0
1631008, 5287330, 0, 0
1632010, 5326051, 0, 0
1633026, 6075470, 0, 0
1634003, 5191031, 0, 0
1635048, 5433354, 0, 0
1636033, 5466056, 0, 0
1637019, 5415856, 0, 0
1638014, 5401028, 0, 0
1639036, 5487664, 0, 0
1640047, 5609409, 0, 0
1641048, 5524818, 0, 0
1642019, 5950616, 0, 0
1643041, 5971143, 0, 0
1644027, 5660013, 0, 0
1645017, 5953570, 0, 0
1646025, 5993475, 0, 0
1647045, 5278619, 0, 0
1648052, 5132730, 0, 0
1649018, 5778232, 0, 0
1650015, 5414515, 0, 0
1651066, 5197580, 0, 0
1652004, 5289489, 0, 0
1653043, 5611346, 0, 0
1654024, 5352165, 0, 0
1655025, 5129832, 0, 0
1656023, 5217744, 0, 0
1657035, 5645525, 0, 0
1658042, 5350346, 0, 0
1659064, 5612957, 0, 0
1660004, 5552630, 0, 0
1661043, 5350924, 0, 0
1662045, 5655100, 0, 0
1663049, 5478931, 0, 0
1664061, 5553452, 0, 0
1665040, 5464672, 0, 0
1666044, 5422864, 0, 0
1667005, 6193653, 0, 0
1668063, 5416965, 0, 0
1669024, 4948657, 0, 0
1670022, 5162541, 0, 0
1671014, 5056796, 0, 0
1672000, 5410009, 0, 0
1673005, 5285689, 0, 0
1674052, 5713961, 0, 0
1675050, 6310561, 0, 0
1676058, 5623027, 0, 0
1677012, 5068479, 0, 0
1678037, 5507059, 0, 0
1679002, 5507174, 0, 0
1680001, 4964603, 0, 0
1681000, 4985442, 0, 0
1682020, 6414798, 0, 0
1683012, 5025134, 0, 0
1684021, 5171201, 0, 0
1685021, 5908772, 0, 0
1686043, 5103026, 0, 0
1687059, 5344120, 0, 0
1688046, 5213921, 0, 0
1689053, 5714572, 0, 0
1690013, 5019758, 0, 0
1691032, 5041817, 0, 0
1692020, 5393044, 0, 0
1693066, 5642961, 0, 0
1694070, 5393686, 0, 0
1695032, 5370141, 0, 0
1696035, 5658531, 0, 0
1697032, 5006218, 0, 0
1698055, 5610798, 0, 0
1699040, 5687641, 0, 0
1700055, 5795219, 0, 0
1701036, 5865025, 0, 0
1702003, 5335132, 0, 0
1703012, 5253541, 0, 0
1704000, 5358563, 0, 0
1705016, 5641160, 0, 0
1706029, 5267938, 0, 0
1707066, 5234050, 0, 0
1708038, 5810684, 0, 0
1709022, 5230105, 0, 0
1710057, 6080729, 0, 0
1711032, 5292433, 0, 0
1712038, 5402286, 0, 0
1713044, 5777224, 0, 0
1714021, 5275504, 0, 0
1715039, 5676256, 0, 0
1716022, 5580703, 0, 0
1717051, 5806704, 0, 0
1718054, 5564561, 0, 0
1719064, 5177738, 0, 0
1720049, 5015975, 0, 0
1721033, 6685805, 0, 0
1722049, 5579674, 0, 0
1723046, 5323089, 0, 0
1724042, 5653801, 0, 0
1725018, 5267887, 0, 0
1726039, 5397428, 0, 0
1727003, 5798592, 0, 0
1728051, 5288808, 0, 0
1729000, 5643521, 0, 0
1730042, 5389405, 0, 0
1731037, 5317971, 0, 0
1732053, 5203572, 0, 0
1733057, 5539441, 0, 0
1734015, 5375086, 0, 0
1735034, 5273505, 0, 0
1736051, 5774845, 0, 0
1737024, 5429144, 0, 0
1738051, 5667370, 0, 0
1739054, 5692755, 0, 0
1740062, 5820285, 0, 0
1741015, 5285171, 0, 0
1742051, 5337747, 0, 0
1743048, 5654585, 0, 0
1744047, 5396245, 0, 0
1745027, 5125135, 0, 0
1746007, 5316707, 0, 0
1747050, 5288891, 0, 0
1748027, 5742121, 0, 0
1749055, 5265826, 0, 0
1750018, 5560754, 0, 0
1751036, 5267036, 0, 0
1752036, 5809877, 0, 0
1753062, 5334555, 0, 0
1754038, 6132662, 0, 0
1755060, 5078564, 0, 0
1756031, 5840542, 0, 0
1757045, 5389831, 0, 0
1758047, 6032306, 0, 0
1759049, 5621907, 0, 0
1760041, 5240214, 0, 0
1761031, 5319661, 0, 0
1762055, 5295323, 0, 0
1763047, 5729212, 0, 0
1764056, 5197071, 0, 0
1765004, 5670647, 0, 0
1766001, 5002355, 0, 0
1767000, 5423381, 0, 0
1768053, 5255886, 0, 0
1769048, 5344152, 0, 0
1770000, 5496811, 0, 0
1771034, 5405834, 0, 0
1772046, 5381661, 0, 0
1773042, 5019706, 0, 0
1774052, 5607258, 0, 0
1775070, 5840616, 0, 0
1776026, 5107629, 0, 0
1777030, 5449233, 0, 0
1778038, 5473744, 0, 0
1779028, 5494658, 0, 0
1780036, 5594285, 0, 0
1781036, 4848871, 0, 0
1782042, 5707478, 0, 0
1783038, 5207232, 0, 0
1784041, 4863967, 0, 0
1785024, 5743553, 0, 0
1786019, 6495808, 0, 0
1787043, 5088234, 0, 0
1788030, 4852874, 0, 0
1789035, 5230195, 0, 0
1790057, 5516455, 0, 0
1791004, 5343314, 0, 0
1792049, 5555775, 0, 0
1793001, 5430476, 0, 0
1794003, 5268736, 0, 0
1795031, 5376277, 0, 0
1796007, 5506273, 0, 0
1797009, 5957759, 0, 0
1798047, 5668201, 0, 0
1799019, 5920876, 0, 0
1800037, 5525787, 0, 0
