1023, 519688687, 0, 0
2036, 526085418, 0, 0
3040, 534509210, 0, 0
4054, 557560660, 0, 0
5062, 537617577, 0, 0
6001, 541935951, 0, 0
7072, 522409053, 0, 0
8035, 542594261, 0, 0
9027, 523371575, 0, 0
10026, 516849788, 0, 0
11033, 578176148, 0, 0
12022, 520607590, 0, 0
13000, 394006299, 0, 0
14035, 509000796, 0, 0
15052, 526595105, 0, 0
16000, 535038524, 0, 0
17003, 528761889, 0, 0
18045, 541489324, 0, 0
19064, 530485198, 0, 0
20000, 526038742, 0, 0
21053, 516713198, 0, 0
22005, 503248502, 0, 0
23030, 526275773, 0, 0
24046, 512174718, 0, 0
25034, 519082449, 0, 0
26052, 523681699, 0, 0
27048, 524449758, 0, 0
28020, 533013809, 0, 0
29046, 503934867, 0, 0
30052, 515522725, 0, 0
31007, 533931105, 0, 0
32023, 520668823, 0, 0
33014, 525481899, 0, 0
34052, 531509704, 0, 0
35022, 526533937, 0, 0
36018, 530388565, 0, 0
37016, 502295657, 0, 0
38039, 520748571, 0, 0
39019, 534539062, 0, 0
40031, 533289788, 0, 0
41069, 509350339, 0, 0
42027, 529152111, 0, 0
43005, 521847875, 0, 0
44009, 518932914, 0, 0
45004, 527485198, 0, 0
46062, 503912426, 0, 0
47035, 532593608, 0, 0
48025, 509962736, 0, 0
49035, 494456578, 0, 0
50033, 505117618, 0, 0
51048, 501821036, 0, 0
52030, 536998486, 0, 0
53047, 538843507, 0, 0
54055, 513205520, 0, 0
55038, 512931378, 0, 0
56038, 509635996, 0, 0
57038, 515736309, 0, 0
58060, 511114030, 0, 0
59054, 524497598, 0, 0
60044, 517353199, 0, 0
61050, 509831441, 0, 0
62010, 523085981, 0, 0
63017, 518304364, 0, 0
64051, 527244297, 0, 0
65068, 527435683, 0, 0
66000, 516320493, 0, 0
67065, 497766796, 0, 0
68024, 505835654, 0, 0
69004, 507254769, 0, 0
70040, 524315475, 0, 0
71027, 500400226, 0, 0
72001, 528197950, 0, 0
73012, 536736631, 0, 0
74064, 532614959, 0, 0
75061, 537907495, 0, 0
76010, 530621168, 0, 0
77013, 513884439, 0, 0
78014, 496237911, 0, 0
79016, 514798172, 0, 0
80024, 506983512, 0, 0
81032, 515952293, 0, 0
82040, 526584912, 0, 0
83040, 513410497, 0, 0
84035, 516475279, 0, 0
85052, 508828205, 0, 0
86027, 525607392, 0, 0
87055, 498605096, 0, 0
88038, 511829178, 0, 0
89039, 510057264, 0, 0
90055, 498760819, 0, 0
91016, 536027979, 0, 0
92013, 502760365, 0, 0
93040, 508763390, 0, 0
94022, 516334614, 0, 0
95069, 471345393, 0, 0
96005, 487726568, 0, 0
97067, 506154827, 0, 0
98070, 488740235, 0, 0
99041, 509285251, 0, 0
100009, 516381591, 0, 0
101002, 511575006, 0, 0
102063, 489708712, 0, 0
103007, 510382345, 0, 0
104021, 513705959, 0, 0
105016, 486482202, 0, 0
106021, 512143248, 0, 0
107003, 495173167, 0, 0
108066, 529009608, 0, 0
109028, 521033209, 0, 0
110046, 517990530, 0, 0
111019, 497254378, 0, 0
112005, 520090567, 0, 0
113048, 517602896, 0, 0
114036, 483568869, 0, 0
115009, 501141637, 0, 0
116045, 526336982, 0, 0
117054, 505449768, 0, 0
118007, 514412351, 0, 0
119025, 498434943, 0, 0
120036, 490537672, 0, 0
121070, 511499694, 0, 0
122003, 467771913, 0, 0
123073, 493051746, 0, 0
124008, 507441733, 0, 0
125057, 514893057, 0, 0
126011, 507572884, 0, 0
127025, 483706516, 0, 0
128005, 499110368, 0, 0
129071, 488370376, 0, 0
130012, 513761656, 0, 0
131000, 524172087, 0, 0
132054, 492129489, 0, 0
133063, 514962452, 0, 0
134054, 498789790, 0, 0
135008, 480079823, 0, 0
136054, 509381858, 0, 0
137030, 497049349, 0, 0
138048, 489741116, 0, 0
139065, 482669433, 0, 0
140000, 499635226, 0, 0
141004, 472364284, 0, 0
142001, 511534477, 0, 0
143042, 486376042, 0, 0
144070, 489047697, 0, 0
145057, 502824013, 0, 0
146026, 494316329, 0, 0
147025, 507116457, 0, 0
148008, 485151252, 0, 0
149031, 502206085, 0, 0
150059, 475797657, 0, 0
151037, 485790621, 0, 0
152043, 487848153, 0, 0
153015, 522636791, 0, 0
154033, 482832873, 0, 0
155033, 499890012, 0, 0
156000, 493767956, 0, 0
157047, 497216462, 0, 0
158058, 455617722, 0, 0
159030, 500356751, 0, 0
160037, 493811502, 0, 0
161060, 455073545, 0, 0
162007, 507521731, 0, 0
163029, 506365265, 0, 0
164000, 475921753, 0, 0
165058, 479714012, 0, 0
166011, 490574922, 0, 0
167035, 490791511, 0, 0
168006, 522296810, 0, 0
169050, 480144054, 0, 0
170020, 469053371, 0, 0
171014, 481120684, 0, 0
172051, 474962238, 0, 0
173034, 462183056, 0, 0
174005, 475744394, 0, 0
175053, 509498163, 0, 0
176033, 442646152, 0, 0
177046, 518652184, 0, 0
178059, 497614636, 0, 0
179042, 480446651, 0, 0
180052, 503525974, 0, 0
181022, 478355708, 0, 0
182036, 503549325, 0, 0
183043, 481047368, 0, 0
184024, 510385509, 0, 0
185047, 499032370, 0, 0
186047, 498351266, 0, 0
187017, 462423985, 0, 0
188002, 460646252, 0, 0
189011, 485889541, 0, 0
190059, 468238907, 0, 0
191035, 509971796, 0, 0
192022, 528080495, 0, 0
193002, 495550644, 0, 0
194002, 491061378, 0, 0
195011, 480183347, 0, 0
196014, 495783842, 0, 0
197057, 486666645, 0, 0
198058, 511627784, 0, 0
199056, 491584816, 0, 0
200056, 472574987, 0, 0
201016, 499058567, 0, 0
202017, 492837578, 0, 0
203034, 498705400, 0, 0
204042, 493015102, 0, 0
205010, 484136970, 0, 0
206010, 498236292, 0, 0
207046, 500178274, 0, 0
208019, 484514295, 0, 0
209026, 471757239, 0, 0
210010, 485698954, 0, 0
211065, 470174232, 0, 0
212055, 461820100, 0, 0
213037, 480813510, 0, 0
214031, 455047694, 0, 0
215072, 485089776, 0, 0
216030, 502375936, 0, 0
217017, 462029078, 0, 0
218019, 504815874, 0, 0
219045, 457669689, 0, 0
220025, 465152744, 0, 0
221010, 459155290, 0, 0
222043, 459219629, 0, 0
223031, 493565364, 0, 0
224035, 482714551, 0, 0
225009, 493794681, 0, 0
226053, 488746351, 0, 0
227012, 497935797, 0, 0
228050, 463506939, 0, 0
229053, 445759342, 0, 0
230008, 469364036, 0, 0
231067, 494163565, 0, 0
232051, 458762869, 0, 0
233017, 508409953, 0, 0
234005, 462353850, 0, 0
235030, 479859890, 0, 0
236057, 494291578, 0, 0
237052, 474345800, 0, 0
238011, 465170102, 0, 0
239065, 472200357, 0, 0
240016, 461398573, 0, 0
241031, 467941481, 0, 0
242041, 467501574, 0, 0
243073, 460183401, 0, 0
244009, 470992392, 0, 0
245061, 478618367, 0, 0
246023, 490405877, 0, 0
247053, 461890714, 0, 0
248036, 441147975, 0, 0
249057, 489998841, 0, 0
250008, 463880214, 0, 0
251043, 447077304, 0, 0
252043, 471403710, 0, 0
253027, 458873503, 0, 0
254025, 478339246, 0, 0
255030, 472652060, 0, 0
256016, 472880783, 0, 0
257054, 497391077, 0, 0
258007, 510024400, 0, 0
259007, 430205025, 0, 0
260018, 447977791, 0, 0
261022, 445026624, 0, 0
262012, 458502315, 0, 0
263079, 455422601, 0, 0
264053, 467758145, 0, 0
265022, 466681109, 0, 0
266036, 448108479, 0, 0
267050, 464334384, 0, 0
268031, 476358076, 0, 0
269024, 479115894, 0, 0
270032, 459807301, 0, 0
271044, 467890878, 0, 0
272062, 480690802, 0, 0
273004, 474643312, 0, 0
274051, 463585996, 0, 0
275016, 446944837, 0, 0
276027, 459543940, 0, 0
277027, 457123045, 0, 0
278035, 434582227, 0, 0
279061, 444695936, 0, 0
280016, 460647160, 0, 0
281032, 472487071, 0, 0
282049, 474858617, 0, 0
283027, 455177034, 0, 0
284048, 475182164, 0, 0
285000, 499305821, 0, 0
286058, 469717515, 0, 0
287035, 419497477, 0, 0
288040, 446351296, 0, 0
289034, 436656982, 0, 0
290025, 435735747, 0, 0
291023, 461999754, 0, 0
292016, 443050192, 0, 0
293042, 425441569, 0, 0
294034, 417656520, 0, 0
295029, 419846370, 0, 0
296015, 458075281, 0, 0
297059, 457051151, 0, 0
298048, 429056258, 0, 0
299070, 453743852, 0, 0
300009, 444143565, 0, 0
301015, 448991642, 0, 0
302010, 450770148, 0, 0
303018, 458982004, 0, 0
304033, 452484913, 0, 0
305040, 459410019, 0, 0
306035, 465356673, 0, 0
307010, 487515959, 0, 0
308001, 450450678, 0, 0
309003, 475505358, 0, 0
310015, 449301267, 0, 0
311022, 486879968, 0, 0
312033, 461029594, 0, 0
313047, 463477848, 0, 0
314015, 464036575, 0, 0
315017, 471147671, 0, 0
316053, 459746617, 0, 0
317020, 440728924, 0, 0
318057, 463119772, 0, 0
319000, 459995401, 0, 0
320023, 470577241, 0, 0
321014, 479136784, 0, 0
322013, 443159977, 0, 0
323039, 460351467, 0, 0
324014, 448288426, 0, 0
325001, 461739554, 0, 0
326016, 437469638, 0, 0
327068, 492656306, 0, 0
328018, 451818156, 0, 0
329062, 463169175, 0, 0
330014, 415670025, 0, 0
331007, 436298306, 0, 0
332015, 441838579, 0, 0
333051, 440573938, 0, 0
334054, 458553959, 0, 0
335007, 456578231, 0, 0
336030, 458133551, 0, 0
337049, 442977825, 0, 0
338043, 472820063, 0, 0
339040, 416416740, 0, 0
340045, 460514184, 0, 0
341015, 446080540, 0, 0
342008, 421885524, 0, 0
343022, 430603567, 0, 0
344020, 479900510, 0, 0
345048, 442383532, 0, 0
346023, 452852138, 0, 0
347045, 454821170, 0, 0
348041, 475243793, 0, 0
349050, 446665352, 0, 0
350044, 429432547, 0, 0
351063, 460677529, 0, 0
352009, 443693817, 0, 0
353017, 454163864, 0, 0
354061, 456552095, 0, 0
355010, 454710961, 0, 0
356034, 439494990, 0, 0
357042, 449683428, 0, 0
358055, 461107265, 0, 0
359012, 456028845, 0, 0
360033, 489279402, 0, 0
361039, 409457258, 0, 0
362032, 471178114, 0, 0
363046, 457905475, 0, 0
364050, 438837207, 0, 0
365045, 465777586, 0, 0
366053, 429198810, 0, 0
367036, 443600883, 0, 0
368033, 442057529, 0, 0
369044, 427682671, 0, 0
370064, 473841792, 0, 0
371014, 480077669, 0, 0
372022, 443978654, 0, 0
373010, 440913496, 0, 0
374029, 437777756, 0, 0
375040, 416297724, 0, 0
376025, 495351025, 0, 0
377037, 429733755, 0, 0
378043, 443122008, 0, 0
379058, 423055200, 0, 0
380038, 445428780, 0, 0
381044, 446418568, 0, 0
382011, 416296138, 0, 0
383061, 415444878, 0, 0
384035, 452974619, 0, 0
385047, 433208235, 0, 0
386036, 421540821, 0, 0
387033, 422691209, 0, 0
388015, 425769765, 0, 0
389004, 395038948, 0, 0
390005, 422121261, 0, 0
391007, 422477115, 0, 0
392027, 403300162, 0, 0
393049, 435813435, 0, 0
394039, 439273570, 0, 0
395035, 415501289, 0, 0
396047, 434161309, 0, 0
397041, 411352482, 0, 0
398041, 442380300, 0, 0
399035, 458762494, 0, 0
400030, 421952847, 0, 0
401009, 421350567, 0, 0
402025, 429065374, 0, 0
403039, 426148153, 0, 0
404065, 462891156, 0, 0
405006, 413813242, 0, 0
406008, 453060250, 0, 0
407037, 439928533, 0, 0
408026, 422751897, 0, 0
409045, 417744820, 0, 0
410059, 440343449, 0, 0
411009, 430014226, 0, 0
412032, 459875546, 0, 0
413063, 441917004, 0, 0
414049, 449655566, 0, 0
415004, 443453784, 0, 0
416016, 423218173, 0, 0
417002, 536415052, 0, 0
418053, 431459511, 0, 0
419053, 407142308, 0, 0
420056, 417309252, 0, 0
421056, 430252622, 0, 0
422058, 394907347, 0, 0
423010, 410037494, 0, 0
424008, 380770485, 0, 0
425008, 422961495, 0, 0
426021, 422147103, 0, 0
427035, 462064861, 0, 0
428013, 465530851, 0, 0
429062, 411533067, 0, 0
430001, 400922218, 0, 0
431041, 400543580, 0, 0
432020, 412147514, 0, 0
433055, 448358687, 0, 0
434066, 442518935, 0, 0
435024, 378081341, 0, 0
436038, 432027622, 0, 0
437008, 387317116, 0, 0
438040, 450168979, 0, 0
439004, 428020631, 0, 0
440039, 426854502, 0, 0
441050, 457315472, 0, 0
442006, 412212739, 0, 0
443010, 429855173, 0, 0
444000, 422095140, 0, 0
445047, 438045099, 0, 0
446012, 404811479, 0, 0
447002, 432478950, 0, 0
448000, 395363027, 0, 0
449047, 399846255, 0, 0
450018, 424849300, 0, 0
451060, 439295578, 0, 0
452032, 421295913, 0, 0
453062, 422451185, 0, 0
454067, 484080861, 0, 0
455048, 500953936, 0, 0
456051, 422897436, 0, 0
457045, 445417757, 0, 0
458067, 434488613, 0, 0
459008, 407910074, 0, 0
460040, 393360382, 0, 0
461031, 410599328, 0, 0
462061, 367317562, 0, 0
463046, 437867676, 0, 0
464019, 401469911, 0, 0
465018, 431997589, 0, 0
466048, 421060393, 0, 0
467045, 415196450, 0, 0
468052, 402835984, 0, 0
469056, 388880991, 0, 0
470007, 396235277, 0, 0
471007, 387544691, 0, 0
472008, 371238819, 0, 0
473048, 437568707, 0, 0
474022, 382569234, 0, 0
475018, 374255005, 0, 0
476023, 435144060, 0, 0
477021, 407149770, 0, 0
478026, 400659723, 0, 0
479013, 408498549, 0, 0
480005, 377231566, 0, 0
481025, 421595581, 0, 0
482056, 407863560, 0, 0
483035, 409191523, 0, 0
484055, 421342222, 0, 0
485065, 403898774, 0, 0
486031, 457040831, 0, 0
487013, 428569825, 0, 0
488049, 380388055, 0, 0
489066, 399085270, 0, 0
490044, 421602731, 0, 0
491015, 401044817, 0, 0
492046, 409301714, 0, 0
493038, 401794723, 0, 0
494041, 382093562, 0, 0
495073, 414151122, 0, 0
496017, 421377966, 0, 0
497021, 403437503, 0, 0
498014, 423504952, 0, 0
499055, 390478019, 0, 0
500041, 436607101, 0, 0
501030, 402671842, 0, 0
502031, 449336530, 0, 0
503027, 390155391, 0, 0
504002, 405374749, 0, 0
505000, 401991463, 0, 0
506057, 371663513, 0, 0
507067, 410436128, 0, 0
508010, 367730499, 0, 0
509014, 407195725, 0, 0
510060, 362211787, 0, 0
511014, 371010459, 0, 0
512026, 401072754, 0, 0
513044, 415209933, 0, 0
514038, 394658608, 0, 0
515011, 389576075, 0, 0
516035, 364459607, 0, 0
517011, 416296917, 0, 0
518015, 419050086, 0, 0
519043, 405905198, 0, 0
520034, 377100796, 0, 0
521047, 402368971, 0, 0
522066, 415052278, 0, 0
523052, 454019866, 0, 0
524056, 424654291, 0, 0
525040, 391303414, 0, 0
526025, 378404708, 0, 0
527045, 392240895, 0, 0
528066, 398462610, 0, 0
529012, 424652526, 0, 0
530047, 413234480, 0, 0
531020, 418372308, 0, 0
532072, 393744669, 0, 0
533049, 422055263, 0, 0
534020, 406020069, 0, 0
535046, 446903088, 0, 0
536006, 368993926, 0, 0
537012, 429865081, 0, 0
538025, 377888837, 0, 0
539000, 410816912, 0, 0
540041, 385195915, 0, 0
541051, 379830192, 0, 0
542000, 384224433, 0, 0
543024, 399021929, 0, 0
544027, 421760262, 0, 0
545056, 361615444, 0, 0
546012, 418673773, 0, 0
547041, 387118146, 0, 0
548061, 410400217, 0, 0
549005, 407596924, 0, 0
550078, 385346151, 0, 0
551056, 402808368, 0, 0
552055, 395992907, 0, 0
553058, 388145705, 0, 0
554006, 362246607, 0, 0
555025, 389156634, 0, 0
556050, 414985194, 0, 0
557039, 406281832, 0, 0
558055, 397876236, 0, 0
559033, 398525678, 0, 0
560051, 405625566, 0, 0
561053, 405911477, 0, 0
562015, 387857556, 0, 0
563046, 383772166, 0, 0
564030, 398672199, 0, 0
565047, 384805606, 0, 0
566036, 406771249, 0, 0
567002, 379374560, 0, 0
568031, 388095010, 0, 0
569043, 387138057, 0, 0
570045, 382881066, 0, 0
571040, 393807004, 0, 0
572049, 416226523, 0, 0
573036, 381566036, 0, 0
574005, 402948245, 0, 0
575023, 422184357, 0, 0
576014, 442857769, 0, 0
577037, 393181753, 0, 0
578039, 395143208, 0, 0
579030, 374084787, 0, 0
580026, 403056091, 0, 0
581040, 354451875, 0, 0
582020, 370926968, 0, 0
583007, 395554763, 0, 0
584065, 375347160, 0, 0
585021, 364768558, 0, 0
586007, 439591448, 0, 0
587027, 372608073, 0, 0
588008, 415382668, 0, 0
589060, 376387718, 0, 0
590021, 384708799, 0, 0
591012, 379696331, 0, 0
592036, 367280969, 0, 0
593068, 386201389, 0, 0
594048, 385277117, 0, 0
595007, 349701222, 0, 0
596003, 438204901, 0, 0
597011, 384045183, 0, 0
598028, 380886223, 0, 0
599041, 397746626, 0, 0
600031, 362106893, 0, 0
601036, 374089352, 0, 0
602042, 380744333, 0, 0
603045, 367206337, 0, 0
604034, 387367546, 0, 0
605013, 400133723, 0, 0
606006, 412375906, 0, 0
607009, 363369707, 0, 0
608012, 377241825, 0, 0
609026, 390822322, 0, 0
610027, 383899743, 0, 0
611053, 387481137, 0, 0
612066, 383636916, 0, 0
613033, 401514293, 0, 0
614000, 369961097, 0, 0
615032, 377679457, 0, 0
616041, 372596895, 0, 0
617017, 411720540, 0, 0
618061, 399498720, 0, 0
619039, 370572928, 0, 0
620032, 349467583, 0, 0
621044, 381985778, 0, 0
622019, 377040655, 0, 0
623009, 348683577, 0, 0
624061, 370213059, 0, 0
625022, 380112077, 0, 0
626045, 364098349, 0, 0
627047, 372332679, 0, 0
628054, 389107607, 0, 0
629029, 405742020, 0, 0
630050, 376350199, 0, 0
631053, 372727961, 0, 0
632035, 359792552, 0, 0
633049, 351469437, 0, 0
634020, 353735838, 0, 0
635013, 328558162, 0, 0
636037, 357271787, 0, 0
637050, 375329852, 0, 0
638039, 361757582, 0, 0
639017, 336536591, 0, 0
640058, 367841520, 0, 0
641062, 374434995, 0, 0
642057, 358814528, 0, 0
643051, 341090317, 0, 0
644005, 363853993, 0, 0
645008, 368465185, 0, 0
646007, 355181941, 0, 0
647048, 395019836, 0, 0
648045, 367501211, 0, 0
649016, 429714379, 0, 0
650053, 410757144, 0, 0
651020, 346156730, 0, 0
652024, 378104166, 0, 0
653010, 349219512, 0, 0
654041, 325411153, 0, 0
655001, 362452209, 0, 0
656001, 375849323, 0, 0
657018, 367622711, 0, 0
658030, 417194058, 0, 0
659047, 383253537, 0, 0
660062, 344934255, 0, 0
661001, 378060879, 0, 0
662068, 331590089, 0, 0
663057, 358177069, 0, 0
664021, 376526508, 0, 0
665062, 338216733, 0, 0
666028, 363926054, 0, 0
667050, 358040188, 0, 0
668005, 394622376, 0, 0
669068, 380823124, 0, 0
670008, 361856417, 0, 0
671018, 352267518, 0, 0
672003, 361002306, 0, 0
673030, 368902594, 0, 0
674053, 380913911, 0, 0
675058, 380579016, 0, 0
676060, 365529746, 0, 0
677058, 392826655, 0, 0
678010, 357754503, 0, 0
679061, 355482499, 0, 0
680043, 343699471, 0, 0
681026, 386350792, 0, 0
682009, 368104195, 0, 0
683021, 344785982, 0, 0
684031, 350114026, 0, 0
685066, 345848466, 0, 0
686056, 406812043, 0, 0
687007, 383100122, 0, 0
688004, 367166467, 0, 0
689061, 384214331, 0, 0
690044, 368371173, 0, 0
691028, 348045035, 0, 0
692031, 334292021, 0, 0
693036, 340872507, 0, 0
694022, 386614868, 0, 0
695066, 411223155, 0, 0
696018, 318041754, 0, 0
697053, 376617908, 0, 0
698018, 396580329, 0, 0
699002, 379106329, 0, 0
700016, 358907035, 0, 0
701030, 320488161, 0, 0
702015, 360652338, 0, 0
703008, 368059254, 0, 0
704007, 339633090, 0, 0
705001, 377273039, 0, 0
706018, 336537783, 0, 0
707021, 313894142, 0, 0
708007, 364608803, 0, 0
709038, 389883620, 0, 0
710039, 330338452, 0, 0
711025, 361925642, 0, 0
712042, 365865203, 0, 0
713044, 320909596, 0, 0
714067, 337259893, 0, 0
715042, 345577293, 0, 0
716028, 347813067, 0, 0
717071, 365119582, 0, 0
718036, 411869570, 0, 0
719050, 367339431, 0, 0
720032, 339071363, 0, 0
721037, 313124191, 0, 0
722015, 352397747, 0, 0
723016, 358006373, 0, 0
724045, 333271311, 0, 0
725016, 406512920, 0, 0
726051, 324403724, 0, 0
727047, 361555116, 0, 0
728021, 360611928, 0, 0
729045, 370644195, 0, 0
730003, 355136452, 0, 0
731015, 349558615, 0, 0
732032, 373019971, 0, 0
733031, 354820287, 0, 0
734055, 355668311, 0, 0
735050, 364320091, 0, 0
736052, 340961550, 0, 0
737047, 349994577, 0, 0
738014, 339622760, 0, 0
739018, 338058504, 0, 0
740063, 327829262, 0, 0
741001, 336367019, 0, 0
742051, 402066476, 0, 0
743043, 321069718, 0, 0
744053, 347878342, 0, 0
745025, 344965060, 0, 0
746022, 337740222, 0, 0
747030, 334220282, 0, 0
748042, 354224043, 0, 0
749052, 350090007, 0, 0
750053, 362318538, 0, 0
751078, 328296679, 0, 0
752008, 367497166, 0, 0
753023, 340386555, 0, 0
754005, 326671858, 0, 0
755060, 371702429, 0, 0
756059, 379082424, 0, 0
757004, 356727065, 0, 0
758060, 364675918, 0, 0
759003, 376147765, 0, 0
760052, 361017370, 0, 0
761037, 352829696, 0, 0
762048, 359427920, 0, 0
763050, 360293591, 0, 0
764021, 355722584, 0, 0
765010, 322738787, 0, 0
766059, 365537654, 0, 0
767012, 354444340, 0, 0
768062, 380262595, 0, 0
769011, 321623096, 0, 0
770054, 361430852, 0, 0
771034, 358112661, 0, 0
772056, 362334669, 0, 0
773038, 373241099, 0, 0
774000, 331501100, 0, 0
775059, 350718775, 0, 0
776006, 344976949, 0, 0
777048, 352774998, 0, 0
778042, 358908520, 0, 0
779052, 344869101, 0, 0
780047, 382811495, 0, 0
781053, 355130885, 0, 0
782059, 347992772, 0, 0
783010, 333330461, 0, 0
784026, 373619139, 0, 0
785022, 359284769, 0, 0
786060, 370412369, 0, 0
787021, 368006483, 0, 0
788027, 364194713, 0, 0
789008, 403219600, 0, 0
790046, 373571290, 0, 0
791006, 364101701, 0, 0
792030, 350042332, 0, 0
793035, 337484372, 0, 0
794050, 348028327, 0, 0
795046, 364392917, 0, 0
796000, 375108706, 0, 0
797008, 340219077, 0, 0
798053, 327760691, 0, 0
799063, 360925861, 0, 0
800040, 352854395, 0, 0
801048, 399110683, 0, 0
802048, 371981076, 0, 0
803042, 315527404, 0, 0
804055, 346787238, 0, 0
805055, 325537489, 0, 0
806069, 335060239, 0, 0
807063, 357716228, 0, 0
808013, 375148855, 0, 0
809030, 344273248, 0, 0
810042, 375382777, 0, 0
811010, 354752817, 0, 0
812020, 343548040, 0, 0
813041, 333164870, 0, 0
814007, 328193266, 0, 0
815037, 359812511, 0, 0
816023, 350082133, 0, 0
817039, 332302894, 0, 0
818045, 354083732, 0, 0
819054, 357765640, 0, 0
820056, 406169099, 0, 0
821039, 341295067, 0, 0
822048, 366609602, 0, 0
823062, 361010388, 0, 0
824045, 336460400, 0, 0
825033, 336329715, 0, 0
826063, 349158449, 0, 0
827005, 360811584, 0, 0
828017, 342137890, 0, 0
829027, 339499903, 0, 0
830026, 364197633, 0, 0
831055, 345762959, 0, 0
832028, 313724766, 0, 0
833059, 355428124, 0, 0
834025, 383436930, 0, 0
835038, 353500627, 0, 0
836049, 368843058, 0, 0
837012, 332295630, 0, 0
838065, 324837521, 0, 0
839047, 369094012, 0, 0
840010, 365620760, 0, 0
841002, 349748286, 0, 0
842000, 348301298, 0, 0
843038, 334212778, 0, 0
844030, 349761163, 0, 0
845025, 347929910, 0, 0
846012, 388883770, 0, 0
847008, 364463836, 0, 0
848007, 359670937, 0, 0
849029, 351043366, 0, 0
850000, 351372891, 0, 0
851055, 352619262, 0, 0
852045, 325647331, 0, 0
853001, 323774097, 0, 0
854058, 339027329, 0, 0
855023, 326658835, 0, 0
856035, 355842872, 0, 0
857006, 342434326, 0, 0
858024, 396674426, 0, 0
859058, 348174838, 0, 0
860010, 385734780, 0, 0
861027, 417373255, 0, 0
862058, 374412545, 0, 0
863015, 364435872, 0, 0
864066, 384279909, 0, 0
865028, 359309517, 0, 0
866026, 330195703, 0, 0
867029, 381605565, 0, 0
868006, 347306696, 0, 0
869064, 380138466, 0, 0
870065, 381641349, 0, 0
871021, 346036619, 0, 0
872065, 380304891, 0, 0
873057, 325539850, 0, 0
874015, 342930104, 0, 0
875033, 359932044, 0, 0
876032, 354928102, 0, 0
877015, 328338345, 0, 0
878060, 362940988, 0, 0
879012, 388013049, 0, 0
880056, 349847833, 0, 0
881050, 339214011, 0, 0
882043, 342050778, 0, 0
883013, 397821625, 0, 0
884030, 308475797, 0, 0
885034, 324249313, 0, 0
886017, 316319114, 0, 0
887040, 365365402, 0, 0
888039, 348155238, 0, 0
889040, 354049266, 0, 0
890014, 329548403, 0, 0
891056, 373670344, 0, 0
892048, 383470655, 0, 0
893041, 355573439, 0, 0
894053, 352535440, 0, 0
895015, 369159972, 0, 0
896055, 362053470, 0, 0
897006, 311522620, 0, 0
898015, 380149430, 0, 0
899051, 356418926, 0, 0
900044, 326745663, 0, 0
901008, 362477034, 0, 0
902062, 369194992, 0, 0
903054, 346178253, 0, 0
904032, 334256973, 0, 0
905033, 320877844, 0, 0
906051, 362770086, 0, 0
907017, 360519560, 0, 0
908008, 333123109, 0, 0
909043, 353224676, 0, 0
910045, 373864202, 0, 0
911059, 343055010, 0, 0
912034, 380818069, 0, 0
913064, 365788120, 0, 0
914032, 368083626, 0, 0
915055, 390908959, 0, 0
916018, 366901772, 0, 0
917055, 348142953, 0, 0
918016, 343943904, 0, 0
919010, 336061019, 0, 0
920063, 382971562, 0, 0
921029, 361625299, 0, 0
922029, 332253413, 0, 0
923056, 340706641, 0, 0
924040, 400415190, 0, 0
925051, 392691472, 0, 0
926049, 342432637, 0, 0
927035, 332167973, 0, 0
928019, 349257763, 0, 0
929029, 433557724, 0, 0
930038, 339794663, 0, 0
931057, 399050441, 0, 0
932057, 342338882, 0, 0
933065, 372269634, 0, 0
934028, 334474146, 0, 0
935048, 367971208, 0, 0
936041, 383090848, 0, 0
937050, 341347212, 0, 0
938054, 330192057, 0, 0
939037, 396320883, 0, 0
940023, 359178875, 0, 0
941053, 358244288, 0, 0
942016, 320908507, 0, 0
943008, 340687994, 0, 0
944003, 366237147, 0, 0
945003, 387971661, 0, 0
946008, 329396382, 0, 0
947063, 396594954, 0, 0
948019, 381761255, 0, 0
949023, 352461823, 0, 0
950019, 317480179, 0, 0
951051, 339141020, 0, 0
952053, 381379951, 0, 0
953039, 351854368, 0, 0
954026, 316284466, 0, 0
955050, 327205701, 0, 0
956013, 328598801, 0, 0
957016, 314571066, 0, 0
958062, 314176223, 0, 0
959036, 342092091, 0, 0
960051, 350442301, 0, 0
961051, 309051983, 0, 0
962047, 370885548, 0, 0
963006, 329730913, 0, 0
964056, 370740956, 0, 0
965000, 355981846, 0, 0
966045, 372151908, 0, 0
967038, 361230738, 0, 0
968002, 319240561, 0, 0
969042, 355389940, 0, 0
970025, 339770644, 0, 0
971031, 346026928, 0, 0
972064, 341396741, 0, 0
973046, 320504217, 0, 0
974013, 346292254, 0, 0
975028, 335907359, 0, 0
976060, 340671622, 0, 0
977012, 386216335, 0, 0
978047, 388328431, 0, 0
979030, 390687006, 0, 0
980065, 362259105, 0, 0
981024, 342727405, 0, 0
982038, 383748188, 0, 0
983033, 351450758, 0, 0
984018, 353941404, 0, 0
985030, 389588787, 0, 0
986040, 356496983, 0, 0
987053, 368570347, 0, 0
988073, 359835311, 0, 0
989005, 349648504, 0, 0
990036, 370060442, 0, 0
991057, 370358439, 0, 0
992057, 337259592, 0, 0
993012, 350767499, 0, 0
994032, 329545726, 0, 0
995069, 353479884, 0, 0
996013, 354541028, 0, 0
997034, 374191827, 0, 0
998038, 395979905, 0, 0
999059, 345240161, 0, 0
1000048, 387679066, 0, 0
1001020, 325969713, 0, 0
1002009, 340081790, 0, 0
1003035, 358813561, 0, 0
1004059, 346013728, 0, 0
1005020, 349814969, 0, 0
1006041, 372462072, 0, 0
1007042, 336624680, 0, 0
1008043, 370829032, 0, 0
1009041, 354553673, 0, 0
1010036, 367989956, 0, 0
1011031, 349447048, 0, 0
1012020, 350547334, 0, 0
1013052, 355313205, 0, 0
1014040, 342432532, 0, 0
1015014, 350746702, 0, 0
1016065, 379369712, 0, 0
1017057, 350454836, 0, 0
1018021, 353659395, 0, 0
1019004, 350963247, 0, 0
1020002, 364763170, 0, 0
1021024, 359165522, 0, 0
1022076, 342530672, 0, 0
1023003, 365591050, 0, 0
1024031, 375921798, 0, 0
1025017, 340188606, 0, 0
1026024, 305179463, 0, 0
1027043, 336119817, 0, 0
1028033, 329015734, 0, 0
1029011, 311383486, 0, 0
1030006, 365192283, 0, 0
1031056, 340685486, 0, 0
1032001, 357988998, 0, 0
1033030, 377602204, 0, 0
1034062, 350720321, 0, 0
1035018, 378833504, 0, 0
1036002, 339834471, 0, 0
1037000, 342304474, 0, 0
1038053, 334533702, 0, 0
1039027, 321603634, 0, 0
1040031, 348934955, 0, 0
1041007, 322214225, 0, 0
1042043, 360058112, 0, 0
1043057, 365039470, 0, 0
1044055, 358636918, 0, 0
1045051, 352494888, 0, 0
1046004, 345579423, 0, 0
1047017, 361060613, 0, 0
1048065, 317674343, 0, 0
1049003, 331535602, 0, 0
1050012, 349693385, 0, 0
1051049, 358846242, 0, 0
1052028, 375389032, 0, 0
1053003, 356478161, 0, 0
1054064, 360376235, 0, 0
1055051, 330936022, 0, 0
1056049, 331770274, 0, 0
1057028, 365556402, 0, 0
1058061, 366788960, 0, 0
1059011, 371307815, 0, 0
1060026, 322718686, 0, 0
1061014, 367523237, 0, 0
1062070, 369613153, 0, 0
1063043, 383480545, 0, 0
1064054, 379599543, 0, 0
1065062, 335363617, 0, 0
1066057, 347899257, 0, 0
1067035, 377411855, 0, 0
1068077, 366499015, 0, 0
1069032, 396304160, 0, 0
1070054, 363562869, 0, 0
1071019, 376418978, 0, 0
1072002, 377137732, 0, 0
1073001, 335513373, 0, 0
1074043, 359173883, 0, 0
1075014, 384486843, 0, 0
1076026, 350102362, 0, 0
1077016, 366001230, 0, 0
1078013, 347429136, 0, 0
1079034, 340636308, 0, 0
1080020, 430369260, 0, 0
1081035, 340945915, 0, 0
1082067, 359288591, 0, 0
1083049, 326789921, 0, 0
1084009, 359273471, 0, 0
1085022, 356965787, 0, 0
1086056, 346740411, 0, 0
1087027, 374124281, 0, 0
1088045, 344292823, 0, 0
1089025, 381451446, 0, 0
1090010, 360142710, 0, 0
1091071, 366796265, 0, 0
1092037, 373133029, 0, 0
1093024, 400997370, 0, 0
1094006, 392278620, 0, 0
1095016, 343735996, 0, 0
1096025, 358808682, 0, 0
1097024, 350462073, 0, 0
1098001, 328622873, 0, 0
1099040, 328609092, 0, 0
1100004, 330804291, 0, 0
1101013, 347381519, 0, 0
1102041, 340810446, 0, 0
1103067, 376055166, 0, 0
1104024, 359257108, 0, 0
1105015, 321994204, 0, 0
1106030, 331440827, 0, 0
1107018, 329303403, 0, 0
1108000, 320427478, 0, 0
1109031, 388077449, 0, 0
1110027, 372000378, 0, 0
1111006, 353346494, 0, 0
1112063, 337161295, 0, 0
1113057, 366160640, 0, 0
1114055, 373856558, 0, 0
1115020, 378819737, 0, 0
1116001, 375897428, 0, 0
1117003, 319841803, 0, 0
1118059, 340500489, 0, 0
1119005, 344124036, 0, 0
1120059, 365071868, 0, 0
1121014, 359695494, 0, 0
1122018, 338580057, 0, 0
1123019, 343871440, 0, 0
1124026, 337672846, 0, 0
1125061, 368194588, 0, 0
1126040, 340188174, 0, 0
1127002, 327743802, 0, 0
1128024, 348242169, 0, 0
1129048, 358930846, 0, 0
1130070, 353367919, 0, 0
1131050, 366471204, 0, 0
1132016, 362204833, 0, 0
1133014, 325854954, 0, 0
1134050, 347137148, 0, 0
1135034, 361008949, 0, 0
1136047, 349376005, 0, 0
1137045, 340894056, 0, 0
1138021, 347904886, 0, 0
1139013, 343100103, 0, 0
1140020, 357170977, 0, 0
1141013, 351962540, 0, 0
1142069, 371640703, 0, 0
1143026, 352408986, 0, 0
1144008, 334322717, 0, 0
1145043, 348614371, 0, 0
1146049, 343455466, 0, 0
1147068, 345834560, 0, 0
1148018, 371097937, 0, 0
1149060, 359413466, 0, 0
1150045, 407473015, 0, 0
1151047, 363207974, 0, 0
1152020, 373131778, 0, 0
1153019, 372191089, 0, 0
1154007, 314267827, 0, 0
1155065, 350468906, 0, 0
1156016, 355647379, 0, 0
1157014, 391044717, 0, 0
1158050, 390944950, 0, 0
1159058, 333761682, 0, 0
1160066, 379922728, 0, 0
1161022, 388339789, 0, 0
1162023, 344986475, 0, 0
1163018, 334957838, 0, 0
1164023, 329489580, 0, 0
1165057, 346159402, 0, 0
1166044, 366421464, 0, 0
1167036, 343462174, 0, 0
1168033, 326683099, 0, 0
1169032, 351908253, 0, 0
1170030, 315064019, 0, 0
1171010, 328990342, 0, 0
1172049, 383104934, 0, 0
1173017, 374600670, 0, 0
1174009, 341945076, 0, 0
1175030, 348202629, 0, 0
1176018, 369050266, 0, 0
1177005, 359940243, 0, 0
1178007, 367019610, 0, 0
1179012, 341534399, 0, 0
1180022, 336418936, 0, 0
1181059, 324480268, 0, 0
1182063, 359653625, 0, 0
1183021, 342368581, 0, 0
1184040, 363192038, 0, 0
1185001, 377442167, 0, 0
1186016, 329893015, 0, 0
1187037, 320264113, 0, 0
1188032, 348676824, 0, 0
1189000, 363811498, 0, 0
1190021, 365314309, 0, 0
1191037, 369619631, 0, 0
1192018, 336608947, 0, 0
1193075, 347378607, 0, 0
1194064, 403243374, 0, 0
1195063, 369949288, 0, 0
1196009, 383889239, 0, 0
1197009, 397817585, 0, 0
1198023, 347465889, 0, 0
1199003, 349844898, 0, 0
1200010, 323673270, 0, 0
1201049, 347215487, 0, 0
1202002, 385830369, 0, 0
1203059, 350148948, 0, 0
1204072, 389055452, 0, 0
1205061, 347473846, 0, 0
1206008, 350809627, 0, 0
1207020, 336684301, 0, 0
1208031, 361776676, 0, 0
1209036, 338330261, 0, 0
1210007, 403480685, 0, 0
1211053, 355206777, 0, 0
1212041, 352643768, 0, 0
1213043, 339904169, 0, 0
1214010, 358156898, 0, 0
1215015, 394268003, 0, 0
1216008, 336373308, 0, 0
1217021, 376510128, 0, 0
1218035, 328889470, 0, 0
1219018, 343482103, 0, 0
1220021, 366638464, 0, 0
1221052, 348448644, 0, 0
1222056, 374264216, 0, 0
1223004, 344056558, 0, 0
1224011, 365631939, 0, 0
1225061, 322347768, 0, 0
1226055, 328823186, 0, 0
1227048, 344493463, 0, 0
1228033, 323886506, 0, 0
1229006, 348856498, 0, 0
1230031, 374927064, 0, 0
1231008, 362140033, 0, 0
1232035, 343660059, 0, 0
1233038, 329106367, 0, 0
1234019, 375944396, 0, 0
1235027, 366165926, 0, 0
1236058, 339340096, 0, 0
1237012, 355866155, 0, 0
1238008, 334760178, 0, 0
1239043, 384581992, 0, 0
1240031, 340520420, 0, 0
1241047, 370615924, 0, 0
1242034, 385013197, 0, 0
1243026, 368752656, 0, 0
1244026, 331558860, 0, 0
1245032, 368229756, 0, 0
1246014, 348462448, 0, 0
1247044, 346367195, 0, 0
1248024, 346535207, 0, 0
1249013, 346203510, 0, 0
1250058, 318101114, 0, 0
1251053, 329386967, 0, 0
1252009, 355174389, 0, 0
1253061, 350404646, 0, 0
1254006, 344879279, 0, 0
1255032, 432911883, 0, 0
1256008, 319294740, 0, 0
1257014, 330943269, 0, 0
1258019, 346133462, 0, 0
1259023, 322588957, 0, 0
1260030, 352662153, 0, 0
1261028, 333487447, 0, 0
1262040, 348580409, 0, 0
1263011, 346171246, 0, 0
1264008, 346300004, 0, 0
1265008, 336528161, 0, 0
1266008, 335834050, 0, 0
1267021, 346177760, 0, 0
1268008, 315092988, 0, 0
1269047, 356959824, 0, 0
1270055, 316792174, 0, 0
1271012, 351552412, 0, 0
1272024, 394075570, 0, 0
1273049, 367860708, 0, 0
1274055, 336315589, 0, 0
1275055, 326884353, 0, 0
1276046, 347658460, 0, 0
1277043, 346988071, 0, 0
1278051, 341370469, 0, 0
1279031, 325154868, 0, 0
1280061, 321829451, 0, 0
1281065, 364522666, 0, 0
1282019, 364551193, 0, 0
1283062, 343757023, 0, 0
1284071, 337328626, 0, 0
1285017, 322288969, 0, 0
1286062, 328530501, 0, 0
1287026, 333168719, 0, 0
1288026, 375845646, 0, 0
1289046, 329345864, 0, 0
1290030, 382098210, 0, 0
1291031, 332238805, 0, 0
1292021, 313452010, 0, 0
1293037, 329262420, 0, 0
1294054, 353875341, 0, 0
1295021, 374353812, 0, 0
1296005, 349548908, 0, 0
1297053, 326839840, 0, 0
1298048, 337908964, 0, 0
1299043, 319357971, 0, 0
1300004, 320834003, 0, 0
1301022, 329804742, 0, 0
1302072, 361416822, 0, 0
1303005, 347990173, 0, 0
1304006, 361080553, 0, 0
1305024, 300561667, 0, 0
1306061, 388575256, 0, 0
1307020, 350962123, 0, 0
1308047, 372558651, 0, 0
1309047, 305555473, 0, 0
1310022, 335491432, 0, 0
1311018, 365529474, 0, 0
1312022, 359780840, 0, 0
1313006, 347311188, 0, 0
1314036, 325605153, 0, 0
1315028, 358859464, 0, 0
1316000, 378232445, 0, 0
1317023, 380910491, 0, 0
1318004, 362652491, 0, 0
1319016, 344505742, 0, 0
1320017, 311123246, 0, 0
1321039, 339183114, 0, 0
1322053, 347801493, 0, 0
1323076, 347300593, 0, 0
1324062, 361906560, 0, 0
1325003, 345137812, 0, 0
1326021, 368948120, 0, 0
1327065, 362290714, 0, 0
1328059, 345003857, 0, 0
1329013, 361566332, 0, 0
1330021, 309434675, 0, 0
1331034, 342070416, 0, 0
1332020, 338742848, 0, 0
1333065, 352136215, 0, 0
1334028, 335160906, 0, 0
1335026, 307309958, 0, 0
1336032, 311333577, 0, 0
1337050, 387088715, 0, 0
1338065, 357223188, 0, 0
1339006, 383099559, 0, 0
1340036, 344560614, 0, 0
1341045, 352992621, 0, 0
1342055, 340166231, 0, 0
1343050, 365187333, 0, 0
1344052, 379355138, 0, 0
1345037, 333907708, 0, 0
1346052, 336368799, 0, 0
1347078, 354133666, 0, 0
1348001, 364275148, 0, 0
1349013, 366451333, 0, 0
1350070, 337645481, 0, 0
1351015, 334344244, 0, 0
1352058, 360084684, 0, 0
1353010, 332413809, 0, 0
1354018, 370977968, 0, 0
1355069, 332790262, 0, 0
1356032, 339713502, 0, 0
1357013, 353385375, 0, 0
1358005, 317571365, 0, 0
1359028, 363862326, 0, 0
1360041, 337039388, 0, 0
1361031, 343010767, 0, 0
1362050, 329373340, 0, 0
1363047, 339230931, 0, 0
1364016, 361484568, 0, 0
1365046, 329955772, 0, 0
1366056, 357519721, 0, 0
1367005, 365765742, 0, 0
1368036, 365364568, 0, 0
1369011, 318583035, 0, 0
1370035, 336771698, 0, 0
1371055, 374288125, 0, 0
1372054, 354398590, 0, 0
1373042, 329951294, 0, 0
1374010, 366185336, 0, 0
1375002, 348844031, 0, 0
1376004, 329000642, 0, 0
1377017, 344637204, 0, 0
1378016, 381532859, 0, 0
1379013, 346127243, 0, 0
1380020, 352770024, 0, 0
1381035, 361129909, 0, 0
1382060, 371388222, 0, 0
1383018, 355817271, 0, 0
1384040, 359580849, 0, 0
1385020, 340992106, 0, 0
1386029, 350971287, 0, 0
1387046, 338622469, 0, 0
1388057, 329261271, 0, 0
1389005, 307497240, 0, 0
1390027, 333301239, 0, 0
1391022, 347348151, 0, 0
1392037, 334795264, 0, 0
1393052, 360949919, 0, 0
1394054, 327934596, 0, 0
1395036, 330669478, 0, 0
1396057, 355396300, 0, 0
1397004, 366162723, 0, 0
1398011, 336188037, 0, 0
1399010, 348163183, 0, 0
1400019, 343339005, 0, 0
1401044, 372885772, 0, 0
1402062, 358051267, 0, 0
1403019, 381720693, 0, 0
1404033, 357756432, 0, 0
1405057, 367769888, 0, 0
1406028, 348400120, 0, 0
1407013, 371171124, 0, 0
1408021, 345082445, 0, 0
1409050, 335142634, 0, 0
1410058, 349341786, 0, 0
1411001, 372531155, 0, 0
1412028, 349699413, 0, 0
1413023, 336956131, 0, 0
1414004, 375365064, 0, 0
1415067, 358297122, 0, 0
1416030, 341645963, 0, 0
1417054, 317239661, 0, 0
1418014, 357376644, 0, 0
1419023, 377522991, 0, 0
1420005, 343831891, 0, 0
1421017, 335294838, 0, 0
1422034, 361981312, 0, 0
1423064, 353719522, 0, 0
1424039, 354259711, 0, 0
1425054, 344198178, 0, 0
1426046, 335552669, 0, 0
1427042, 351997158, 0, 0
1428015, 343827635, 0, 0
1429031, 350340751, 0, 0
1430055, 350742562, 0, 0
1431067, 364999753, 0, 0
1432006, 366850775, 0, 0
1433043, 369405100, 0, 0
1434034, 373353732, 0, 0
1435030, 346263566, 0, 0
1436054, 348532287, 0, 0
1437039, 346317701, 0, 0
1438015, 310726046, 0, 0
1439015, 335265827, 0, 0
1440007, 335563763, 0, 0
1441014, 391338134, 0, 0
1442061, 313359635, 0, 0
1443022, 361809620, 0, 0
1444066, 351721264, 0, 0
1445013, 365171085, 0, 0
1446015, 363543735, 0, 0
1447000, 333082000, 0, 0
1448046, 367724883, 0, 0
1449033, 350343654, 0, 0
1450036, 354674237, 0, 0
1451026, 308223068, 0, 0
1452018, 343260614, 0, 0
1453012, 372886533, 0, 0
1454070, 328660068, 0, 0
1455012, 292760094, 0, 0
1456010, 368849249, 0, 0
1457037, 357946633, 0, 0
1458041, 340182097, 0, 0
1459036, 349776709, 0, 0
1460026, 318259107, 0, 0
1461004, 325068336, 0, 0
1462049, 358204387, 0, 0
1463017, 307690409, 0, 0
1464030, 351358472, 0, 0
1465045, 358043749, 0, 0
1466041, 340429060, 0, 0
1467042, 328719460, 0, 0
1468016, 315124654, 0, 0
1469037, 343420591, 0, 0
1470064, 352990370, 0, 0
1471032, 340960162, 0, 0
1472000, 347359918, 0, 0
1473055, 356669100, 0, 0
1474003, 345591989, 0, 0
1475025, 367518033, 0, 0
1476072, 352427921, 0, 0
1477025, 320373221, 0, 0
1478032, 367604648, 0, 0
1479043, 345930727, 0, 0
1480020, 402841048, 0, 0
1481016, 366151571, 0, 0
1482038, 340050868, 0, 0
1483010, 328435241, 0, 0
1484059, 335805050, 0, 0
1485053, 341699208, 0, 0
1486041, 344382290, 0, 0
1487025, 345298363, 0, 0
1488064, 343105860, 0, 0
1489012, 383223148, 0, 0
1490041, 355659728, 0, 0
1491004, 362635271, 0, 0
1492015, 324222460, 0, 0
1493029, 374800160, 0, 0
1494013, 352486591, 0, 0
1495020, 328049287, 0, 0
1496036, 369293761, 0, 0
1497049, 325948841, 0, 0
1498007, 369925705, 0, 0
1499009, 355851717, 0, 0
1500008, 363354144, 0, 0
1501058, 345285660, 0, 0
1502050, 348498871, 0, 0
1503065, 362081738, 0, 0
1504037, 326629819, 0, 0
1505032, 340180210, 0, 0
1506032, 308082228, 0, 0
1507033, 396584311, 0, 0
1508059, 359831445, 0, 0
1509000, 333503440, 0, 0
1510021, 343225739, 0, 0
1511027, 358488457, 0, 0
1512042, 325904330, 0, 0
1513064, 334289693, 0, 0
1514058, 362125868, 0, 0
1515059, 326652384, 0, 0
1516002, 339830283, 0, 0
1517058, 344304163, 0, 0
1518055, 385377010, 0, 0
1519022, 360217757, 0, 0
1520059, 378010061, 0, 0
1521049, 316772454, 0, 0
1522032, 330042684, 0, 0
1523055, 343690914, 0, 0
1524013, 341427468, 0, 0
1525026, 377488828, 0, 0
1526058, 375738279, 0, 0
1527067, 368738438, 0, 0
1528055, 324445959, 0, 0
1529049, 351155611, 0, 0
1530040, 316926004, 0, 0
1531013, 334609854, 0, 0
1532045, 319537520, 0, 0
1533005, 385893180, 0, 0
1534066, 378863105, 0, 0
1535013, 353360974, 0, 0
1536046, 382763736, 0, 0
1537052, 330418308, 0, 0
1538001, 387834636, 0, 0
1539039, 367075557, 0, 0
1540002, 355248510, 0, 0
1541028, 346561009, 0, 0
1542035, 330716355, 0, 0
1543049, 338181798, 0, 0
1544029, 333379526, 0, 0
1545042, 346501337, 0, 0
1546054, 302809351, 0, 0
1547027, 361116264, 0, 0
1548059, 346279406, 0, 0
1549055, 334104370, 0, 0
1550018, 365643341, 0, 0
1551060, 356204003, 0, 0
1552009, 339585590, 0, 0
1553019, 331623164, 0, 0
1554025, 333235740, 0, 0
1555028, 338246953, 0, 0
1556045, 316923185, 0, 0
1557019, 384616668, 0, 0
1558002, 298609102, 0, 0
1559023, 323752763, 0, 0
1560000, 353549384, 0, 0
1561031, 352981678, 0, 0
1562014, 347534652, 0, 0
1563034, 347226454, 0, 0
1564020, 318921945, 0, 0
1565026, 351048288, 0, 0
1566002, 312418164, 0, 0
1567001, 356084414, 0, 0
1568031, 359919273, 0, 0
1569042, 348270985, 0, 0
1570019, 329992756, 0, 0
1571008, 414119298, 0, 0
1572042, 383972725, 0, 0
1573045, 342594785, 0, 0
1574057, 376994959, 0, 0
1575005, 319502159, 0, 0
1576057, 315378105, 0, 0
1577049, 354115960, 0, 0
1578062, 349093872, 0, 0
1579001, 353863169, 0, 0
1580065, 309641039, 0, 0
1581006, 337464543, 0, 0
1582059, 344859453, 0, 0
1583021, 354289615, 0, 0
1584033, 362143188, 0, 0
1585051, 358914723, 0, 0
1586047, 330053691, 0, 0
1587008, 349453972, 0, 0
1588047, 365565887, 0, 0
1589055, 360373382, 0, 0
1590010, 365408274, 0, 0
1591038, 332218285, 0, 0
1592061, 324085647, 0, 0
1593048, 377398225, 0, 0
1594050, 329522033, 0, 0
1595048, 334633931, 0, 0
1596024, 380643219, 0, 0
1597043, 337719226, 0, 0
1598062, 372395327, 0, 0
1599057, 354251464, 0, 0
1600030, 320602166, 0, 0
1601056, 336578400, 0, 0
1602033, 304375242, 0, 0
1603043, 364632083, 0, 0
1604007, 327840785, 0, 0
1605030, 375086888, 0, 0
1606025, 327844490, 0, 0
1607003, 344534992, 0, 0
1608042, 338164314, 0, 0
1609032, 321229976, 0, 0
1610048, 356787892, 0, 0
1611052, 368558755, 0, 0
1612057, 342403238, 0, 0
1613011, 370066431, 0, 0
1614021, 358489294, 0, 0
1615050, 362138550, 0, 0
1616014, 353592457, 0, 0
1617004, 388031128, 0, 0
1618032, 371161125, 0, 0
1619006, 331201129, 0, 0
1620031, 340705969, 0, 0
1621013, 284072374, 0, 0
1622032, 350817118, 0, 0
1623055, 339730856, 0, 0
1624039, 347929120, 0, 0
1625049, 340873947, 0, 0
1626032, 364941355, 0, 0
1627027, 351258403, 0, 0
1628018, 389263717, 0, 0
1629050, 357825146, 0, 0
1630033, 338852315, 0, 0
1631022, 324085778, 0, 0
1632027, 340959381, 0, 0
1633042, 338641276, 0, 0
1634020, 326633823, 0, 0
1635064, 312159590, 0, 0
1636049, 342992280, 0, 0
1637035, 323462923, 0, 0
1638032, 325318374, 0, 0
1639052, 374971512, 0, 0
1640000, 335086116, 0, 0
1641064, 314816852, 0, 0
1642036, 390626843, 0, 0
1643058, 338256473, 0, 0
1644045, 349759188, 0, 0
1645032, 323612158, 0, 0
1646040, 357649465, 0, 0
1647002, 372575437, 0, 0
1648000, 327762392, 0, 0
1649035, 363530070, 0, 0
1650032, 354941507, 0, 0
1651016, 353520374, 0, 0
1652016, 362243279, 0, 0
1653060, 329617412, 0, 0
1654043, 330767627, 0, 0
1655042, 378507848, 0, 0
1656040, 316067128, 0, 0
1657050, 351110460, 0, 0
1658057, 343402013, 0, 0
1659014, 367183426, 0, 0
1660022, 323993118, 0, 0
1661061, 332544776, 0, 0
1662063, 324720648, 0, 0
1663003, 374431720, 0, 0
1664007, 313309583, 0, 0
1665057, 329455603, 0, 0
1666061, 310459600, 0, 0
1667019, 306523171, 0, 0
1668012, 324515695, 0, 0
1669044, 328366056, 0, 0
1670040, 372467296, 0, 0
1671030, 330037374, 0, 0
1672019, 350742660, 0, 0
1673023, 336216447, 0, 0
1674003, 306786209, 0, 0
1675033, 354788406, 0, 0
1676039, 345826804, 0, 0
1677060, 398701783, 0, 0
1678024, 345938257, 0, 0
1679065, 360786634, 0, 0
1680060, 330554162, 0, 0
1681042, 366085165, 0, 0
1682006, 344866309, 0, 0
1683053, 345335832, 0, 0
1684006, 340941155, 0, 0
1685005, 408825207, 0, 0
1686028, 327229592, 0, 0
1687043, 325821905, 0, 0
1688029, 321171681, 0, 0
1689036, 362077182, 0, 0
1690057, 341597407, 0, 0
1691015, 369078558, 0, 0
1692007, 334272014, 0, 0
1693049, 337520334, 0, 0
1694053, 354473799, 0, 0
1695015, 356472497, 0, 0
1696019, 350241012, 0, 0
1697018, 325980997, 0, 0
1698039, 357885396, 0, 0
1699025, 345661522, 0, 0
1700038, 330463814, 0, 0
1701021, 376789425, 0, 0
1702070, 348472556, 0, 0
1703064, 334660267, 0, 0
1704051, 331752914, 0, 0
1705000, 355319629, 0, 0
1706012, 328407876, 0, 0
1707051, 329740581, 0, 0
1708020, 341131758, 0, 0
1709007, 344287670, 0, 0
1710042, 324747644, 0, 0
1711016, 365141082, 0, 0
1712019, 322766976, 0, 0
1713028, 325656842, 0, 0
1714007, 329327347, 0, 0
1715024, 327945594, 0, 0
1716007, 364076692, 0, 0
1717031, 332480853, 0, 0
1718036, 341475535, 0, 0
1719048, 345908118, 0, 0
1720031, 341610081, 0, 0
1721001, 321101985, 0, 0
1722016, 341341594, 0, 0
1723012, 316083700, 0, 0
1724010, 355716471, 0, 0
1725048, 333778949, 0, 0
1726003, 344615421, 0, 0
1727030, 356506818, 0, 0
1728009, 328629442, 0, 0
1729036, 352199026, 0, 0
1730002, 377984213, 0, 0
1731005, 344698320, 0, 0
1732028, 358941379, 0, 0
1733023, 372319473, 0, 0
1734050, 356388183, 0, 0
1735067, 341157998, 0, 0
1736021, 374438413, 0, 0
1737057, 311761476, 0, 0
1738018, 372449484, 0, 0
1739024, 357712620, 0, 0
1740031, 337420380, 0, 0
1741044, 361412131, 0, 0
1742024, 346953258, 0, 0
1743016, 323961972, 0, 0
1744012, 326959848, 0, 0
1745072, 323766991, 0, 0
1746053, 358880384, 0, 0
1747038, 367682318, 0, 0
1748011, 354471053, 0, 0
1749040, 347884492, 0, 0
1750000, 372392826, 0, 0
1751021, 344544028, 0, 0
1752020, 315785863, 0, 0
1753046, 341360292, 0, 0
1754022, 347317527, 0, 0
1755042, 361117948, 0, 0
1756013, 361060895, 0, 0
1757026, 341949100, 0, 0
1758032, 349312055, 0, 0
1759029, 333684022, 0, 0
1760021, 336970448, 0, 0
1761016, 337943297, 0, 0
1762040, 343213345, 0, 0
1763031, 331760687, 0, 0
1764041, 344162197, 0, 0
1765052, 364278298, 0, 0
1766051, 320405553, 0, 0
1767121, 352411905, 0, 0
1768039, 349045656, 0, 0
1769032, 355824328, 0, 0
1770057, 319988742, 0, 0
1771017, 340148154, 0, 0
1772022, 312772147, 0, 0
1773025, 349470496, 0, 0
1774037, 337727665, 0, 0
1775054, 338114031, 0, 0
1776008, 346336482, 0, 0
1777014, 346543215, 0, 0
1778021, 352955546, 0, 0
1779012, 355263736, 0, 0
1780020, 328963060, 0, 0
1781021, 340436026, 0, 0
1782025, 324082018, 0, 0
1783022, 384266458, 0, 0
1784027, 338492187, 0, 0
1785008, 354005323, 0, 0
1786004, 353731800, 0, 0
1787026, 346119659, 0, 0
1788011, 298566929, 0, 0
1789016, 350317826, 0, 0
1790038, 321693979, 0, 0
1791059, 348674820, 0, 0
1792025, 353191225, 0, 0
1793047, 340520237, 0, 0
1794052, 333252347, 0, 0
1795016, 371384022, 0, 0
1796058, 377847252, 0, 0
1797056, 417326067, 0, 0
1798032, 326527575, 0, 0
1799072, 341677447, 0, 0
1800019, 388884905, 0, 0
1800180, 354956705, 0, 0
