1010, 514670916, 0, 0
2023, 530616575, 0, 0
3012, 532325162, 0, 0
4036, 517415512, 0, 0
5064, 547317800, 0, 0
6001, 541405930, 0, 0
7051, 553955800, 0, 0
8049, 504322324, 0, 0
9067, 504166166, 0, 0
10043, 525657725, 0, 0
11051, 509973546, 0, 0
12004, 527225165, 0, 0
13047, 533176477, 0, 0
14006, 533529619, 0, 0
15039, 517561015, 0, 0
16038, 542815893, 0, 0
17060, 535347600, 0, 0
18041, 526841201, 0, 0
19004, 546835133, 0, 0
20039, 538055710, 0, 0
21016, 540959482, 0, 0
22072, 546157210, 0, 0
23053, 528017951, 0, 0
24007, 521147376, 0, 0
25051, 533286838, 0, 0
26004, 524280406, 0, 0
27016, 526210142, 0, 0
28007, 528435657, 0, 0
29055, 508029781, 0, 0
30058, 525896513, 0, 0
31036, 498584011, 0, 0
32025, 534156362, 0, 0
33018, 517537629, 0, 0
34052, 522063223, 0, 0
35002, 546612702, 0, 0
36031, 525895217, 0, 0
37061, 535744247, 0, 0
38004, 505871181, 0, 0
39035, 555734217, 0, 0
40043, 543230583, 0, 0
41060, 529107023, 0, 0
42018, 528638669, 0, 0
43039, 523331751, 0, 0
44026, 519000025, 0, 0
45020, 507563586, 0, 0
46065, 538015894, 0, 0
47011, 525043826, 0, 0
48057, 543111623, 0, 0
49045, 501109498, 0, 0
50016, 532732275, 0, 0
51005, 504474868, 0, 0
52079, 510745633, 0, 0
53025, 516317803, 0, 0
54002, 506615120, 0, 0
55056, 505853649, 0, 0
56045, 509362896, 0, 0
57031, 525025733, 0, 0
58018, 510136092, 0, 0
59060, 489500581, 0, 0
60047, 542351123, 0, 0
61014, 543855885, 0, 0
62036, 515259118, 0, 0
63043, 522574561, 0, 0
64024, 533265422, 0, 0
65045, 531841039, 0, 0
66048, 521701192, 0, 0
67053, 531017049, 0, 0
68007, 523464625, 0, 0
69041, 516143353, 0, 0
70006, 554322671, 0, 0
71013, 467031449, 0, 0
72035, 453456749, 0, 0
73060, 512439780, 0, 0
74034, 529475828, 0, 0
75018, 520348523, 0, 0
76061, 520257490, 0, 0
77057, 508949878, 0, 0
78027, 524597865, 0, 0
79034, 522051826, 0, 0
80023, 532344927, 0, 0
81062, 541374923, 0, 0
82024, 530613304, 0, 0
83006, 527587876, 0, 0
84015, 534283492, 0, 0
85020, 519629534, 0, 0
86060, 528901522, 0, 0
87059, 545636337, 0, 0
88042, 509666269, 0, 0
89017, 519429746, 0, 0
90027, 556933628, 0, 0
91033, 522669395, 0, 0
92039, 487245204, 0, 0
93032, 525528600, 0, 0
94012, 522276752, 0, 0
95014, 528587953, 0, 0
96028, 500690462, 0, 0
97011, 479542255, 0, 0
98001, 506759808, 0, 0
99018, 487745192, 0, 0
100009, 535368384, 0, 0
101058, 514320594, 0, 0
102013, 505972701, 0, 0
103023, 504599767, 0, 0
104022, 512275648, 0, 0
105038, 495693692, 0, 0
106047, 493315246, 0, 0
107016, 492511046, 0, 0
108016, 476860530, 0, 0
109031, 499789759, 0, 0
110072, 494542255, 0, 0
111055, 532837997, 0, 0
112010, 545560380, 0, 0
113038, 510392750, 0, 0
114029, 505165198, 0, 0
115049, 506728139, 0, 0
116043, 491562363, 0, 0
117044, 502372576, 0, 0
118049, 509539610, 0, 0
119017, 466947232, 0, 0
120035, 503972246, 0, 0
121050, 534761618, 0, 0
122023, 497131595, 0, 0
123039, 495668379, 0, 0
124000, 507326610, 0, 0
125040, 492634516, 0, 0
126022, 512101767, 0, 0
127011, 479690570, 0, 0
128022, 484984637, 0, 0
129055, 499412476, 0, 0
130017, 504975152, 0, 0
131055, 509913563, 0, 0
132015, 507417666, 0, 0
133023, 500786214, 0, 0
134041, 486129785, 0, 0
135047, 502952637, 0, 0
136058, 514304225, 0, 0
137058, 480452993, 0, 0
138014, 513180553, 0, 0
139051, 511426593, 0, 0
140024, 486125640, 0, 0
141018, 488114642, 0, 0
142025, 509594252, 0, 0
143051, 493865928, 0, 0
144002, 494243402, 0, 0
145028, 508692517, 0, 0
146001, 490891156, 0, 0
147018, 509279694, 0, 0
148031, 507204541, 0, 0
149033, 491284727, 0, 0
150060, 504844431, 0, 0
151016, 502713768, 0, 0
152008, 494455699, 0, 0
153010, 488059840, 0, 0
154017, 473104201, 0, 0
155051, 495222082, 0, 0
156011, 507869022, 0, 0
157038, 499956936, 0, 0
158038, 485286589, 0, 0
159050, 491302176, 0, 0
160043, 489585132, 0, 0
161000, 497672520, 0, 0
162019, 493845098, 0, 0
163028, 494208118, 0, 0
164061, 482328083, 0, 0
165055, 462984841, 0, 0
166015, 475378692, 0, 0
167022, 492796817, 0, 0
168024, 473159771, 0, 0
169011, 470713959, 0, 0
170036, 488677040, 0, 0
171046, 490857226, 0, 0
172010, 506903543, 0, 0
173020, 485852388, 0, 0
174028, 491060684, 0, 0
175040, 506170118, 0, 0
176042, 526406958, 0, 0
177053, 493636011, 0, 0
178020, 481689080, 0, 0
179048, 479873839, 0, 0
180073, 501976976, 0, 0
181017, 483863802, 0, 0
182052, 525422808, 0, 0
183032, 509546803, 0, 0
184000, 529979380, 0, 0
185040, 523164942, 0, 0
186022, 512636842, 0, 0
187025, 516329506, 0, 0
188015, 450663935, 0, 0
189022, 465430890, 0, 0
190017, 501795248, 0, 0
191028, 481901346, 0, 0
192070, 498390351, 0, 0
193062, 462153967, 0, 0
194040, 487169944, 0, 0
195021, 497039435, 0, 0
196005, 479340547, 0, 0
197046, 475162113, 0, 0
198062, 487567115, 0, 0
199023, 468997437, 0, 0
200050, 500043362, 0, 0
201038, 471655006, 0, 0
202033, 533502244, 0, 0
203052, 472088725, 0, 0
204000, 493370795, 0, 0
205037, 482620879, 0, 0
206012, 456096102, 0, 0
207052, 466153016, 0, 0
208005, 487139989, 0, 0
209037, 488827328, 0, 0
210034, 497506982, 0, 0
211000, 471880051, 0, 0
212015, 484530575, 0, 0
213004, 469738444, 0, 0
214036, 500060803, 0, 0
215086, 504453943, 0, 0
216051, 495698311, 0, 0
217012, 453028015, 0, 0
218024, 455654782, 0, 0
219037, 486588670, 0, 0
220021, 475688533, 0, 0
221015, 483127863, 0, 0
222002, 474601891, 0, 0
223045, 451537640, 0, 0
224046, 489719448, 0, 0
225032, 458484052, 0, 0
226018, 457187245, 0, 0
227036, 453037962, 0, 0
228023, 453067446, 0, 0
229046, 477229538, 0, 0
230055, 499359925, 0, 0
231029, 473034821, 0, 0
232058, 462254098, 0, 0
233015, 495213745, 0, 0
234018, 484466806, 0, 0
235066, 464672432, 0, 0
236067, 445488328, 0, 0
237053, 484527036, 0, 0
238041, 443458988, 0, 0
239013, 447839212, 0, 0
240026, 505859919, 0, 0
241021, 505888873, 0, 0
242052, 490609837, 0, 0
243048, 459812365, 0, 0
244022, 456121817, 0, 0
245038, 461773297, 0, 0
246042, 455695517, 0, 0
247016, 451816252, 0, 0
248016, 473219070, 0, 0
249035, 455729482, 0, 0
250006, 473735613, 0, 0
251012, 459976715, 0, 0
252004, 465906620, 0, 0
253003, 493059981, 0, 0
254007, 482039618, 0, 0
255009, 464595922, 0, 0
256065, 435517945, 0, 0
257020, 451662377, 0, 0
258052, 481340895, 0, 0
259044, 455694788, 0, 0
260073, 474930880, 0, 0
261045, 469521161, 0, 0
262053, 463654136, 0, 0
263047, 452548207, 0, 0
264041, 465832815, 0, 0
265010, 479093512, 0, 0
266049, 494030886, 0, 0
267067, 492448974, 0, 0
268006, 475438746, 0, 0
269050, 445978360, 0, 0
270004, 474778227, 0, 0
271069, 447674984, 0, 0
272061, 442119332, 0, 0
273001, 492474573, 0, 0
274075, 451540706, 0, 0
275013, 450946041, 0, 0
276039, 460575813, 0, 0
277045, 475183497, 0, 0
278048, 424983896, 0, 0
279052, 473109765, 0, 0
280056, 472445083, 0, 0
281016, 442669831, 0, 0
282015, 463023898, 0, 0
283063, 441536933, 0, 0
284053, 444833946, 0, 0
285064, 450870064, 0, 0
286038, 458473821, 0, 0
287055, 458831559, 0, 0
288019, 442323186, 0, 0
289019, 445630726, 0, 0
290045, 428589165, 0, 0
291061, 460225868, 0, 0
292005, 449048758, 0, 0
293070, 465957109, 0, 0
294053, 446408471, 0, 0
295002, 473385531, 0, 0
296030, 440715866, 0, 0
297071, 429455427, 0, 0
298038, 462151465, 0, 0
299016, 454893951, 0, 0
300047, 459540942, 0, 0
301037, 457920902, 0, 0
302060, 461045895, 0, 0
303016, 455725625, 0, 0
304004, 444037446, 0, 0
305054, 481568075, 0, 0
306010, 457307441, 0, 0
307000, 457557708, 0, 0
308011, 476980033, 0, 0
309066, 475873310, 0, 0
310023, 488260946, 0, 0
311061, 436177219, 0, 0
312012, 462832339, 0, 0
313046, 464743016, 0, 0
314037, 447899511, 0, 0
315020, 427252827, 0, 0
316040, 433270742, 0, 0
317053, 456932368, 0, 0
318048, 429533706, 0, 0
319037, 477697557, 0, 0
320065, 435870003, 0, 0
321073, 439660413, 0, 0
322030, 463843383, 0, 0
323059, 434152347, 0, 0
324004, 447674559, 0, 0
325009, 440841151, 0, 0
326022, 470887741, 0, 0
327072, 447547702, 0, 0
328048, 428088282, 0, 0
329046, 440700623, 0, 0
330035, 460648237, 0, 0
331031, 449500698, 0, 0
332007, 470007444, 0, 0
333021, 442802596, 0, 0
334062, 442244524, 0, 0
335013, 434733534, 0, 0
336008, 471638983, 0, 0
337072, 429102581, 0, 0
338046, 444335069, 0, 0
339016, 456298065, 0, 0
340005, 412436068, 0, 0
341044, 476689517, 0, 0
342033, 474492894, 0, 0
343045, 458483279, 0, 0
344021, 465426053, 0, 0
345023, 446664295, 0, 0
346061, 453402173, 0, 0
347036, 437752133, 0, 0
348053, 453428234, 0, 0
349059, 455958240, 0, 0
350070, 472608732, 0, 0
351026, 466598563, 0, 0
352051, 424843383, 0, 0
353060, 430334022, 0, 0
354015, 483966608, 0, 0
355057, 453421266, 0, 0
356029, 477367723, 0, 0
357051, 459885801, 0, 0
358050, 429205713, 0, 0
359005, 443486028, 0, 0
360051, 448987545, 0, 0
361015, 466015735, 0, 0
362057, 455282982, 0, 0
363022, 446059333, 0, 0
364029, 446619606, 0, 0
365028, 455780240, 0, 0
366024, 415290323, 0, 0
367033, 432930610, 0, 0
368002, 436963734, 0, 0
369003, 433517404, 0, 0
370012, 472548334, 0, 0
371010, 478520194, 0, 0
372029, 439178852, 0, 0
373031, 445983030, 0, 0
374018, 411661357, 0, 0
375017, 441223824, 0, 0
376044, 425554732, 0, 0
377034, 449485837, 0, 0
378000, 459560425, 0, 0
379033, 408900779, 0, 0
380039, 466259425, 0, 0
381042, 413657690, 0, 0
382048, 444714696, 0, 0
383064, 451573948, 0, 0
384065, 442237948, 0, 0
385000, 402758988, 0, 0
386044, 454503403, 0, 0
387047, 473229357, 0, 0
388055, 431494888, 0, 0
389073, 428859412, 0, 0
390030, 432225613, 0, 0
391056, 452487080, 0, 0
392018, 399492204, 0, 0
393011, 444172757, 0, 0
394057, 445155979, 0, 0
395018, 459212591, 0, 0
396011, 442873079, 0, 0
397024, 413696871, 0, 0
398064, 433810057, 0, 0
399060, 418758371, 0, 0
400070, 427609809, 0, 0
401034, 428568272, 0, 0
402025, 410992875, 0, 0
403026, 464096026, 0, 0
404016, 411895995, 0, 0
405025, 452621584, 0, 0
406040, 455063062, 0, 0
407010, 399444022, 0, 0
408042, 428663630, 0, 0
409032, 456441855, 0, 0
410060, 435010432, 0, 0
411062, 427329928, 0, 0
412011, 409900496, 0, 0
413014, 419528087, 0, 0
414041, 461398985, 0, 0
415001, 420046696, 0, 0
416016, 428008526, 0, 0
417016, 566088466, 0, 0
418022, 467982859, 0, 0
419069, 438293174, 0, 0
420054, 461490571, 0, 0
421026, 416489791, 0, 0
422056, 435805401, 0, 0
423034, 438863906, 0, 0
424019, 433791991, 0, 0
425017, 399779296, 0, 0
426007, 423120705, 0, 0
427062, 405563384, 0, 0
428021, 446604826, 0, 0
429058, 433442539, 0, 0
430043, 446239289, 0, 0
431048, 420215535, 0, 0
432043, 431729468, 0, 0
433058, 406106017, 0, 0
434046, 381015970, 0, 0
435014, 435569818, 0, 0
436033, 423817933, 0, 0
437031, 453683980, 0, 0
438014, 411540911, 0, 0
439025, 426078779, 0, 0
440046, 434256732, 0, 0
441014, 460665045, 0, 0
442026, 447519217, 0, 0
443019, 415448379, 0, 0
444030, 404516300, 0, 0
445004, 431145258, 0, 0
446054, 388060370, 0, 0
447057, 461922176, 0, 0
448050, 432624516, 0, 0
449006, 400881243, 0, 0
450045, 439938205, 0, 0
451054, 422768507, 0, 0
452060, 430060447, 0, 0
453049, 417891198, 0, 0
454044, 414164398, 0, 0
455002, 400595809, 0, 0
456071, 407343310, 0, 0
457003, 427810418, 0, 0
458048, 381141462, 0, 0
459016, 408912262, 0, 0
460036, 411687662, 0, 0
461034, 445058808, 0, 0
462060, 439525228, 0, 0
463001, 426784335, 0, 0
464016, 418994573, 0, 0
465024, 436296284, 0, 0
466012, 408171780, 0, 0
467015, 433027995, 0, 0
468004, 408832630, 0, 0
469020, 400828518, 0, 0
470057, 434592508, 0, 0
471015, 418481508, 0, 0
472003, 400019363, 0, 0
473035, 420500070, 0, 0
474069, 442543940, 0, 0
475005, 413010563, 0, 0
476055, 392264399, 0, 0
477052, 415726818, 0, 0
478012, 413756992, 0, 0
479020, 404885888, 0, 0
480008, 408810835, 0, 0
481003, 428692566, 0, 0
482002, 419315034, 0, 0
483005, 379721945, 0, 0
484018, 386879592, 0, 0
485048, 398025617, 0, 0
486050, 432447565, 0, 0
487008, 360600561, 0, 0
488041, 385004072, 0, 0
489077, 463894024, 0, 0
490051, 441867843, 0, 0
491029, 441339685, 0, 0
492002, 448578497, 0, 0
493053, 392546083, 0, 0
494060, 437489298, 0, 0
495024, 433329368, 0, 0
496025, 418549528, 0, 0
497000, 403689329, 0, 0
498005, 386701613, 0, 0
499069, 466413858, 0, 0
500054, 430288143, 0, 0
501040, 438588765, 0, 0
502027, 429580083, 0, 0
503014, 410253421, 0, 0
504026, 420852322, 0, 0
505059, 435032247, 0, 0
506028, 436202244, 0, 0
507050, 424973164, 0, 0
508031, 407356234, 0, 0
509046, 435942704, 0, 0
510002, 365249804, 0, 0
511057, 399696254, 0, 0
512043, 431572178, 0, 0
513040, 447140197, 0, 0
514002, 392113956, 0, 0
515037, 403655034, 0, 0
516039, 447307839, 0, 0
517058, 382436669, 0, 0
518050, 394452782, 0, 0
519064, 380827125, 0, 0
520047, 445346942, 0, 0
521052, 411086564, 0, 0
522056, 412667142, 0, 0
523047, 394801997, 0, 0
524070, 416305474, 0, 0
525071, 392692278, 0, 0
526031, 405575717, 0, 0
527009, 437695820, 0, 0
528011, 391880098, 0, 0
529012, 380027841, 0, 0
530024, 394107577, 0, 0
531025, 404373203, 0, 0
532041, 397071571, 0, 0
533066, 388003875, 0, 0
534061, 408495172, 0, 0
535009, 405916647, 0, 0
536047, 394083086, 0, 0
537020, 385620671, 0, 0
538049, 388420721, 0, 0
539029, 420309495, 0, 0
540006, 418219469, 0, 0
541018, 389556021, 0, 0
542040, 428033682, 0, 0
543053, 396904758, 0, 0
544013, 409091502, 0, 0
545035, 393092369, 0, 0
546046, 384890443, 0, 0
547021, 402659985, 0, 0
548001, 373880631, 0, 0
549038, 422034273, 0, 0
550055, 391797937, 0, 0
551052, 401343276, 0, 0
552019, 409109829, 0, 0
553019, 376608772, 0, 0
554008, 375239902, 0, 0
555059, 367256847, 0, 0
556005, 380793168, 0, 0
557024, 390328802, 0, 0
558038, 370933145, 0, 0
559013, 397719946, 0, 0
560001, 408081256, 0, 0
561020, 388947870, 0, 0
562021, 409552645, 0, 0
563027, 394473476, 0, 0
564018, 371164330, 0, 0
565049, 436542025, 0, 0
566041, 387887421, 0, 0
567020, 389216124, 0, 0
568062, 377448692, 0, 0
569039, 381250865, 0, 0
570049, 386914777, 0, 0
571050, 380202410, 0, 0
572051, 374721339, 0, 0
573009, 398705062, 0, 0
574064, 372480222, 0, 0
575018, 365749693, 0, 0
576055, 363089936, 0, 0
577004, 360644593, 0, 0
578041, 394230104, 0, 0
579018, 411282969, 0, 0
580016, 376158323, 0, 0
581011, 366262057, 0, 0
582065, 373533651, 0, 0
583045, 399545527, 0, 0
584056, 385773945, 0, 0
585046, 360659451, 0, 0
586067, 367280221, 0, 0
587035, 395706728, 0, 0
588011, 386351546, 0, 0
589067, 369297598, 0, 0
590031, 353525040, 0, 0
591006, 374141739, 0, 0
592048, 388450517, 0, 0
593018, 386966285, 0, 0
594019, 353878694, 0, 0
595022, 420651603, 0, 0
596017, 450585302, 0, 0
597028, 372000710, 0, 0
598038, 408858417, 0, 0
599046, 366251817, 0, 0
600005, 407983318, 0, 0
601013, 393370784, 0, 0
602065, 398894142, 0, 0
603000, 388712101, 0, 0
604071, 403929565, 0, 0
605000, 399478541, 0, 0
606006, 353961608, 0, 0
607060, 345539693, 0, 0
608055, 381119869, 0, 0
609041, 405646075, 0, 0
610035, 425167984, 0, 0
611053, 378031579, 0, 0
612070, 388527097, 0, 0
613005, 357531106, 0, 0
614011, 408451138, 0, 0
615022, 392666721, 0, 0
616009, 392051699, 0, 0
617058, 383553187, 0, 0
618000, 394367859, 0, 0
619005, 370570673, 0, 0
620022, 349744706, 0, 0
621036, 384530004, 0, 0
622036, 373640684, 0, 0
623012, 388673153, 0, 0
624019, 396674416, 0, 0
625027, 363370539, 0, 0
626009, 376462630, 0, 0
627039, 413610492, 0, 0
628035, 406103744, 0, 0
629056, 338096471, 0, 0
630038, 379051882, 0, 0
631030, 351937920, 0, 0
632060, 378460488, 0, 0
633005, 355937828, 0, 0
634047, 388849675, 0, 0
635051, 355806552, 0, 0
636038, 383369433, 0, 0
637027, 372312637, 0, 0
638061, 358414058, 0, 0
639011, 385731965, 0, 0
640000, 418855158, 0, 0
641068, 382180736, 0, 0
642037, 419187768, 0, 0
643054, 365799386, 0, 0
644001, 398958210, 0, 0
645065, 391942547, 0, 0
646057, 352556586, 0, 0
647050, 362295459, 0, 0
648045, 373549717, 0, 0
649016, 365002506, 0, 0
650001, 349460096, 0, 0
651072, 370917729, 0, 0
652037, 389305517, 0, 0
653011, 400454991, 0, 0
654022, 348776898, 0, 0
655040, 364467027, 0, 0
656062, 341531638, 0, 0
657012, 359319688, 0, 0
658012, 381921851, 0, 0
659043, 376384912, 0, 0
660016, 357762900, 0, 0
661022, 358110916, 0, 0
662035, 374082026, 0, 0
663035, 392457719, 0, 0
664031, 338219005, 0, 0
665046, 356167652, 0, 0
666024, 350374598, 0, 0
667030, 378232112, 0, 0
668036, 359103331, 0, 0
669049, 369731838, 0, 0
670041, 327531496, 0, 0
671046, 385670017, 0, 0
672000, 399891197, 0, 0
673052, 365754205, 0, 0
674065, 372747646, 0, 0
675002, 302523701, 0, 0
676016, 385042274, 0, 0
677046, 352470661, 0, 0
678057, 342028948, 0, 0
679017, 378661527, 0, 0
680010, 357263784, 0, 0
681028, 386204962, 0, 0
682053, 364118629, 0, 0
683015, 358249984, 0, 0
684030, 332617445, 0, 0
685047, 387681603, 0, 0
686052, 391290229, 0, 0
687066, 335016701, 0, 0
688067, 336701002, 0, 0
689004, 380850862, 0, 0
690042, 364895702, 0, 0
691048, 356616869, 0, 0
692062, 360825098, 0, 0
693032, 335223636, 0, 0
694003, 350794063, 0, 0
695048, 380627115, 0, 0
696031, 385653675, 0, 0
697005, 409288942, 0, 0
698070, 349133664, 0, 0
699048, 349825312, 0, 0
700022, 358654589, 0, 0
701052, 351302224, 0, 0
702021, 392791634, 0, 0
703039, 356193050, 0, 0
704048, 350871300, 0, 0
705034, 363511312, 0, 0
706056, 371611470, 0, 0
707024, 354243675, 0, 0
708053, 322464014, 0, 0
709025, 330784072, 0, 0
710052, 376542449, 0, 0
711050, 314745455, 0, 0
712001, 344966475, 0, 0
713042, 350782109, 0, 0
714036, 338553526, 0, 0
715025, 340904131, 0, 0
716000, 362633806, 0, 0
717051, 376903535, 0, 0
718048, 385169953, 0, 0
719053, 359390571, 0, 0
720001, 384806531, 0, 0
721020, 351285183, 0, 0
722050, 366406591, 0, 0
723046, 347169135, 0, 0
724060, 345723509, 0, 0
725012, 377247631, 0, 0
726008, 357153674, 0, 0
727058, 347098925, 0, 0
728019, 348937038, 0, 0
729050, 371231782, 0, 0
730015, 381127636, 0, 0
731047, 323102161, 0, 0
732013, 358556337, 0, 0
733007, 348474927, 0, 0
734035, 316737980, 0, 0
735051, 337374699, 0, 0
736036, 370028470, 0, 0
737001, 348012938, 0, 0
738012, 329630905, 0, 0
739014, 349932091, 0, 0
740004, 320285251, 0, 0
741015, 360621677, 0, 0
742052, 390783229, 0, 0
743007, 341446647, 0, 0
744032, 381732666, 0, 0
745029, 333495911, 0, 0
746066, 340581415, 0, 0
747045, 352788395, 0, 0
748024, 353871388, 0, 0
749063, 332737184, 0, 0
750044, 351890889, 0, 0
751038, 374389254, 0, 0
752041, 380266815, 0, 0
753063, 359918451, 0, 0
754050, 341437862, 0, 0
755044, 376253244, 0, 0
756055, 349728297, 0, 0
757068, 357998823, 0, 0
758009, 394352977, 0, 0
759010, 330903407, 0, 0
760043, 381125084, 0, 0
761033, 343634037, 0, 0
762024, 314095844, 0, 0
763011, 372186454, 0, 0
764039, 377040751, 0, 0
765055, 330678787, 0, 0
766049, 336691753, 0, 0
767000, 342014413, 0, 0
768007, 378901997, 0, 0
769055, 337671839, 0, 0
770043, 320847762, 0, 0
771000, 349332521, 0, 0
772026, 361212885, 0, 0
773058, 327781702, 0, 0
774010, 344048408, 0, 0
775018, 321760102, 0, 0
776040, 368726932, 0, 0
777066, 354772652, 0, 0
778011, 355650070, 0, 0
779029, 365402033, 0, 0
780017, 320873401, 0, 0
781042, 327743112, 0, 0
782027, 363393809, 0, 0
783060, 318604355, 0, 0
784022, 329905468, 0, 0
785051, 375132326, 0, 0
786018, 387523847, 0, 0
787033, 352146121, 0, 0
788045, 361567605, 0, 0
789027, 327603124, 0, 0
790037, 344139575, 0, 0
791015, 338681489, 0, 0
792040, 371255336, 0, 0
793038, 328724387, 0, 0
794029, 368817062, 0, 0
795002, 360579796, 0, 0
796062, 382557714, 0, 0
797038, 366000415, 0, 0
798041, 381866274, 0, 0
799011, 336462327, 0, 0
800000, 385931714, 0, 0
801058, 325994803, 0, 0
802040, 340216619, 0, 0
803022, 379004315, 0, 0
804019, 349033421, 0, 0
805064, 334096153, 0, 0
806064, 362300092, 0, 0
807057, 347649198, 0, 0
808010, 320811258, 0, 0
809025, 358675999, 0, 0
810049, 390460030, 0, 0
811000, 326912361, 0, 0
812012, 349374843, 0, 0
813023, 346734136, 0, 0
814015, 350888532, 0, 0
815016, 397400826, 0, 0
816026, 360447896, 0, 0
817020, 352964702, 0, 0
818009, 326498403, 0, 0
819038, 364664785, 0, 0
820037, 400822839, 0, 0
821023, 375795708, 0, 0
822036, 354783051, 0, 0
823053, 385451392, 0, 0
824059, 328603699, 0, 0
825056, 344169477, 0, 0
826026, 324169081, 0, 0
827008, 345272207, 0, 0
828001, 322550962, 0, 0
829014, 351745019, 0, 0
830037, 362816633, 0, 0
831009, 372487940, 0, 0
832023, 356434534, 0, 0
833002, 320674767, 0, 0
834040, 355073788, 0, 0
835038, 360530961, 0, 0
836034, 416546562, 0, 0
837045, 351454765, 0, 0
838054, 359614159, 0, 0
839036, 346010996, 0, 0
840032, 359291790, 0, 0
841029, 328590370, 0, 0
842002, 343055983, 0, 0
843020, 362788827, 0, 0
844039, 350806415, 0, 0
845036, 333590890, 0, 0
846018, 353342502, 0, 0
847036, 366943925, 0, 0
848039, 348435773, 0, 0
849011, 326668510, 0, 0
850015, 365791255, 0, 0
851032, 349738058, 0, 0
852001, 346603310, 0, 0
853050, 346968745, 0, 0
854002, 338710657, 0, 0
855062, 314074956, 0, 0
856057, 341182187, 0, 0
857010, 347800256, 0, 0
858055, 363470536, 0, 0
859005, 359413256, 0, 0
860024, 376293168, 0, 0
861025, 345036538, 0, 0
862016, 339312399, 0, 0
863003, 385532090, 0, 0
864038, 368131121, 0, 0
865021, 347990715, 0, 0
866011, 352920561, 0, 0
867022, 363290402, 0, 0
868024, 361650185, 0, 0
869010, 343562763, 0, 0
870038, 355100514, 0, 0
871008, 363647380, 0, 0
872072, 348054128, 0, 0
873063, 373724541, 0, 0
874012, 352982488, 0, 0
875019, 331649196, 0, 0
876030, 347621091, 0, 0
877017, 347464669, 0, 0
878033, 312882880, 0, 0
879024, 320951838, 0, 0
880041, 354595582, 0, 0
881016, 361248351, 0, 0
882049, 361872140, 0, 0
883055, 394746456, 0, 0
884049, 346981510, 0, 0
885001, 333051062, 0, 0
886036, 342354951, 0, 0
887014, 361482992, 0, 0
888063, 331123464, 0, 0
889048, 330144922, 0, 0
890039, 349224129, 0, 0
891014, 347756128, 0, 0
892055, 357245088, 0, 0
893026, 355396046, 0, 0
894022, 353330236, 0, 0
895019, 350199831, 0, 0
896047, 354721830, 0, 0
897023, 375712343, 0, 0
898043, 358915978, 0, 0
899011, 343966361, 0, 0
900045, 346904576, 0, 0
901020, 402986310, 0, 0
902054, 357094443, 0, 0
903061, 326141442, 0, 0
904040, 348211938, 0, 0
905045, 325374906, 0, 0
906033, 356558999, 0, 0
907015, 354982954, 0, 0
908020, 351941309, 0, 0
909045, 344104245, 0, 0
910026, 337513323, 0, 0
911050, 384459073, 0, 0
912017, 378312543, 0, 0
913032, 372437738, 0, 0
914061, 360897552, 0, 0
915049, 345994501, 0, 0
916004, 349504740, 0, 0
917038, 350077207, 0, 0
918023, 354972105, 0, 0
919024, 354843465, 0, 0
920033, 362293123, 0, 0
921053, 380677133, 0, 0
922012, 352242413, 0, 0
923036, 369059807, 0, 0
924020, 375225073, 0, 0
925057, 338285339, 0, 0
926033, 334399429, 0, 0
927020, 331982067, 0, 0
928000, 403726822, 0, 0
929075, 363651735, 0, 0
930069, 356002983, 0, 0
931022, 348930010, 0, 0
932039, 353216411, 0, 0
933023, 353324498, 0, 0
934015, 309124319, 0, 0
935021, 317749677, 0, 0
936001, 355040809, 0, 0
937030, 299945607, 0, 0
938050, 367918479, 0, 0
939012, 318035758, 0, 0
940050, 354241338, 0, 0
941058, 317637175, 0, 0
942046, 313606969, 0, 0
943010, 358877798, 0, 0
944015, 409079691, 0, 0
945057, 373388644, 0, 0
946006, 350066928, 0, 0
947012, 333703945, 0, 0
948015, 369020849, 0, 0
949009, 369115983, 0, 0
950053, 335019335, 0, 0
951062, 359907122, 0, 0
952066, 345593436, 0, 0
953056, 362895423, 0, 0
954030, 366380840, 0, 0
955021, 354996596, 0, 0
956054, 352809929, 0, 0
957040, 329207679, 0, 0
958049, 321132656, 0, 0
959002, 354973864, 0, 0
960038, 341375535, 0, 0
961025, 353016711, 0, 0
962013, 318251759, 0, 0
963041, 366601194, 0, 0
964027, 340948845, 0, 0
965009, 360724297, 0, 0
966020, 359681726, 0, 0
967016, 321817206, 0, 0
968012, 349722489, 0, 0
969021, 360100667, 0, 0
970022, 375249948, 0, 0
971016, 344635080, 0, 0
972057, 312004876, 0, 0
973015, 351012469, 0, 0
974034, 411533863, 0, 0
975018, 334294511, 0, 0
976006, 329235229, 0, 0
977004, 330597841, 0, 0
978037, 316941657, 0, 0
979064, 369847812, 0, 0
980058, 340831098, 0, 0
981002, 353407228, 0, 0
982056, 350087401, 0, 0
983031, 384747660, 0, 0
984028, 397368861, 0, 0
985055, 353942271, 0, 0
986041, 316521355, 0, 0
987047, 320593112, 0, 0
988060, 353894449, 0, 0
989035, 331841867, 0, 0
990007, 322703775, 0, 0
991006, 326849300, 0, 0
992029, 376366173, 0, 0
993053, 367806357, 0, 0
994043, 332801349, 0, 0
995025, 371645327, 0, 0
996048, 351184464, 0, 0
997063, 364910037, 0, 0
998038, 359663149, 0, 0
999055, 319948382, 0, 0
1000069, 381067553, 0, 0
1001031, 342771520, 0, 0
1002012, 392816349, 0, 0
1003016, 330320349, 0, 0
1004051, 340291978, 0, 0
1005010, 344198933, 0, 0
1006034, 375759794, 0, 0
1007049, 370477458, 0, 0
1008039, 361468590, 0, 0
1009037, 340170967, 0, 0
1010015, 348185820, 0, 0
1011024, 348327376, 0, 0
1012005, 370711731, 0, 0
1013044, 369991083, 0, 0
1014025, 356631137, 0, 0
1015023, 344311604, 0, 0
1016005, 314984928, 0, 0
1017070, 365430879, 0, 0
1018045, 346857503, 0, 0
1019032, 359039147, 0, 0
1020022, 380174692, 0, 0
1021063, 359269279, 0, 0
1022036, 378603357, 0, 0
1023061, 368160529, 0, 0
1024035, 367852350, 0, 0
1025017, 365634871, 0, 0
1026029, 395186668, 0, 0
1027045, 355489630, 0, 0
1028047, 340426333, 0, 0
1029041, 342352810, 0, 0
1030039, 369414335, 0, 0
1031003, 349329834, 0, 0
1032022, 363886643, 0, 0
1033057, 363294710, 0, 0
1034039, 337658359, 0, 0
1035035, 363874725, 0, 0
1036058, 341904129, 0, 0
1037056, 359974830, 0, 0
1038010, 365907094, 0, 0
1039019, 395914757, 0, 0
1040032, 324356190, 0, 0
1041053, 368177838, 0, 0
1042022, 364359848, 0, 0
1043052, 348557907, 0, 0
1044049, 340644762, 0, 0
1045046, 340147075, 0, 0
1046032, 345325164, 0, 0
1047041, 354371027, 0, 0
1048057, 358034458, 0, 0
1049051, 333693194, 0, 0
1050020, 354427397, 0, 0
1051016, 343989491, 0, 0
1052011, 355483569, 0, 0
1053008, 380121623, 0, 0
1054016, 364906562, 0, 0
1055006, 325958214, 0, 0
1056042, 317605189, 0, 0
1057021, 381288673, 0, 0
1058031, 362099425, 0, 0
1059046, 335562741, 0, 0
1060038, 360882179, 0, 0
1061038, 375151789, 0, 0
1062062, 350944360, 0, 0
1063063, 316410717, 0, 0
1064018, 343478626, 0, 0
1065054, 346691954, 0, 0
1066024, 356102433, 0, 0
1067036, 364644816, 0, 0
1068077, 364643885, 0, 0
1069043, 365549395, 0, 0
1070021, 347169912, 0, 0
1071045, 338962168, 0, 0
1072063, 371778723, 0, 0
1073030, 343830722, 0, 0
1074018, 352590430, 0, 0
1075031, 349509493, 0, 0
1076022, 355050690, 0, 0
1077011, 333118941, 0, 0
1078028, 334228030, 0, 0
1079024, 361514115, 0, 0
1080058, 356658808, 0, 0
1081019, 338129285, 0, 0
1082038, 348724570, 0, 0
1083020, 344888661, 0, 0
1084022, 344587869, 0, 0
1085008, 326661563, 0, 0
1086045, 339390023, 0, 0
1087028, 361303401, 0, 0
1088047, 362507890, 0, 0
1089062, 357399706, 0, 0
1090068, 337925067, 0, 0
1091021, 353584890, 0, 0
1092072, 351286810, 0, 0
1093030, 343365950, 0, 0
1094039, 358707124, 0, 0
1095047, 384011961, 0, 0
1096039, 333301418, 0, 0
1097030, 336000075, 0, 0
1098052, 365140457, 0, 0
1099043, 341470673, 0, 0
1100064, 339811572, 0, 0
1101027, 361339642, 0, 0
1102022, 341373321, 0, 0
1103026, 316639571, 0, 0
1104029, 376284474, 0, 0
1105007, 373263063, 0, 0
1106011, 351553385, 0, 0
1107058, 369116381, 0, 0
1108019, 359338343, 0, 0
1109045, 381106213, 0, 0
1110011, 331546633, 0, 0
1111064, 346609334, 0, 0
1112026, 346274819, 0, 0
1113012, 363966781, 0, 0
1114060, 347076088, 0, 0
1115045, 432970845, 0, 0
1116038, 325646001, 0, 0
1117014, 328998667, 0, 0
1118025, 318499397, 0, 0
1119058, 347838056, 0, 0
1120029, 350764143, 0, 0
1121057, 335897634, 0, 0
1122027, 394212907, 0, 0
1123022, 350823279, 0, 0
1124025, 352487925, 0, 0
1125035, 332746733, 0, 0
1126026, 366152464, 0, 0
1127059, 352139467, 0, 0
1128013, 364227063, 0, 0
1129051, 374287518, 0, 0
1130012, 386730015, 0, 0
1131043, 334153642, 0, 0
1132022, 365026072, 0, 0
1133009, 334916326, 0, 0
1134029, 318915954, 0, 0
1135024, 329209602, 0, 0
1136000, 363227049, 0, 0
1137029, 339204822, 0, 0
1138063, 362103571, 0, 0
1139055, 357282756, 0, 0
1140034, 356097423, 0, 0
1141039, 318845253, 0, 0
1142022, 358731896, 0, 0
1143055, 351521054, 0, 0
1144012, 381005834, 0, 0
1145029, 330478266, 0, 0
1146021, 353667715, 0, 0
1147002, 349902409, 0, 0
1148044, 368132087, 0, 0
1149036, 362712684, 0, 0
1150015, 378091037, 0, 0
1151023, 364038523, 0, 0
1152052, 374465256, 0, 0
1153037, 350202786, 0, 0
1154025, 345534107, 0, 0
1155013, 359269464, 0, 0
1156024, 324509548, 0, 0
1157050, 344227426, 0, 0
1158014, 343193787, 0, 0
1159057, 368040639, 0, 0
1160003, 355083208, 0, 0
1161022, 340079286, 0, 0
1162020, 364849637, 0, 0
1163018, 326485995, 0, 0
1164008, 330144247, 0, 0
1165002, 351069665, 0, 0
1166058, 342147798, 0, 0
1167058, 350173174, 0, 0
1168012, 336503209, 0, 0
1169032, 341872741, 0, 0
1170030, 329295971, 0, 0
1171017, 330582765, 0, 0
1172006, 333427546, 0, 0
1173008, 360686191, 0, 0
1174055, 330969813, 0, 0
1175004, 336111200, 0, 0
1176000, 314324246, 0, 0
1177005, 359737783, 0, 0
1178042, 364446352, 0, 0
1179037, 390095134, 0, 0
1180030, 364552248, 0, 0
1181058, 333303417, 0, 0
1182012, 349544444, 0, 0
1183012, 357617356, 0, 0
1184016, 335220546, 0, 0
1185044, 346463701, 0, 0
1186006, 340457487, 0, 0
1187054, 362302927, 0, 0
1188059, 355006796, 0, 0
1189014, 372753759, 0, 0
1190050, 349161864, 0, 0
1191003, 355431088, 0, 0
1192020, 359954446, 0, 0
1193010, 363853886, 0, 0
1194000, 366530513, 0, 0
1195011, 351634674, 0, 0
1196052, 360244994, 0, 0
1197006, 366060434, 0, 0
1198041, 362950436, 0, 0
1199001, 374339830, 0, 0
1200054, 376690118, 0, 0
1201058, 346905637, 0, 0
1202030, 365982686, 0, 0
1203036, 330292743, 0, 0
1204069, 356203226, 0, 0
1205026, 343151814, 0, 0
1206018, 345033915, 0, 0
1207063, 318687241, 0, 0
1208039, 376719777, 0, 0
1209048, 335400415, 0, 0
1210031, 339352865, 0, 0
1211017, 318274605, 0, 0
1212040, 372896702, 0, 0
1213010, 369845090, 0, 0
1214025, 369794092, 0, 0
1215009, 374518637, 0, 0
1216004, 346761423, 0, 0
1217061, 382021076, 0, 0
1218067, 344989895, 0, 0
1219061, 333225883, 0, 0
1220040, 370904379, 0, 0
1221042, 338482465, 0, 0
1222045, 349123864, 0, 0
1223066, 336201330, 0, 0
1224019, 340626849, 0, 0
1225049, 364336837, 0, 0
1226043, 366314062, 0, 0
1227058, 373839414, 0, 0
1228035, 384914124, 0, 0
1229047, 347309199, 0, 0
1230043, 351931065, 0, 0
1231054, 354469051, 0, 0
1232052, 360843253, 0, 0
1233053, 328954569, 0, 0
1234019, 331807273, 0, 0
1235015, 325344519, 0, 0
1236036, 347174185, 0, 0
1237000, 351717509, 0, 0
1238065, 348975751, 0, 0
1239027, 328807801, 0, 0
1240059, 316483725, 0, 0
1241032, 354006112, 0, 0
1242021, 370879091, 0, 0
1243020, 374849056, 0, 0
1244017, 378681620, 0, 0
1245014, 350794041, 0, 0
1246065, 344302582, 0, 0
1247013, 341484277, 0, 0
1248031, 317995441, 0, 0
1249058, 365174906, 0, 0
1250028, 371709605, 0, 0
1251007, 349672769, 0, 0
1252032, 383805850, 0, 0
1253004, 376533847, 0, 0
1254042, 360110800, 0, 0
1255016, 439879140, 0, 0
1256050, 345075266, 0, 0
1257029, 369379083, 0, 0
1258037, 358455416, 0, 0
1259030, 355485657, 0, 0
1260036, 344831581, 0, 0
1261036, 353476463, 0, 0
1262032, 340411390, 0, 0
1263034, 374882468, 0, 0
1264007, 360093270, 0, 0
1265043, 383787485, 0, 0
1266034, 341251374, 0, 0
1267016, 324391316, 0, 0
1268009, 332874994, 0, 0
1269063, 343594061, 0, 0
1270007, 332230956, 0, 0
1271034, 346523017, 0, 0
1272017, 331291666, 0, 0
1273004, 368587511, 0, 0
1274050, 314166747, 0, 0
1275053, 370951255, 0, 0
1276006, 360763503, 0, 0
1277014, 342525154, 0, 0
1278048, 352044338, 0, 0
1279049, 358035424, 0, 0
1280006, 332400404, 0, 0
1281013, 356251728, 0, 0
1282058, 351127675, 0, 0
1283037, 334037908, 0, 0
1284029, 347215009, 0, 0
1285043, 342896776, 0, 0
1286059, 383463723, 0, 0
1287029, 331938727, 0, 0
1288006, 345514376, 0, 0
1289013, 350869822, 0, 0
1290035, 356240639, 0, 0
1291064, 356419234, 0, 0
1292046, 372447341, 0, 0
1293040, 359981330, 0, 0
1294004, 357201143, 0, 0
1295029, 346385194, 0, 0
1296044, 332981409, 0, 0
1297007, 390345263, 0, 0
1298068, 368813994, 0, 0
1299032, 352750386, 0, 0
1300035, 351266996, 0, 0
1301058, 346911525, 0, 0
1302048, 324773349, 0, 0
1303019, 343721208, 0, 0
1304066, 337991179, 0, 0
1305060, 347136503, 0, 0
1306016, 375814105, 0, 0
1307026, 364364206, 0, 0
1308031, 359519444, 0, 0
1309010, 392131993, 0, 0
1310059, 362940749, 0, 0
1311034, 359317654, 0, 0
1312036, 370859742, 0, 0
1313050, 355236792, 0, 0
1314014, 321261756, 0, 0
1315018, 344572679, 0, 0
1316075, 335079307, 0, 0
1317042, 330341993, 0, 0
1318055, 334008880, 0, 0
1319051, 344694962, 0, 0
1320028, 342643015, 0, 0
1321005, 311501654, 0, 0
1322022, 343341182, 0, 0
1323021, 385646590, 0, 0
1324054, 335395208, 0, 0
1325037, 358568443, 0, 0
1326044, 340778384, 0, 0
1327020, 330743807, 0, 0
1328041, 337983571, 0, 0
1329054, 367680805, 0, 0
1330036, 387647570, 0, 0
1331007, 368120457, 0, 0
1332007, 366219517, 0, 0
1333069, 337029034, 0, 0
1334035, 349493132, 0, 0
1335023, 364192533, 0, 0
1336004, 343365250, 0, 0
1337031, 355302585, 0, 0
1338001, 366265799, 0, 0
1339044, 386848073, 0, 0
1340010, 385502297, 0, 0
1341022, 336680611, 0, 0
1342031, 354508935, 0, 0
1343050, 322020185, 0, 0
1344056, 349370203, 0, 0
1345013, 391469636, 0, 0
1346035, 371053735, 0, 0
1347007, 347009166, 0, 0
1348036, 350416510, 0, 0
1349064, 344384559, 0, 0
1350058, 331899893, 0, 0
1351009, 361541611, 0, 0
1352007, 343998946, 0, 0
1353003, 339718430, 0, 0
1354060, 313254736, 0, 0
1355038, 353248271, 0, 0
1356036, 392897442, 0, 0
1357022, 341416345, 0, 0
1358055, 340546070, 0, 0
1359003, 383815744, 0, 0
1360042, 349145760, 0, 0
1361050, 353663940, 0, 0
1362044, 331148533, 0, 0
1363056, 340897435, 0, 0
1364024, 351043289, 0, 0
1365016, 350588674, 0, 0
1366039, 352670670, 0, 0
1367000, 401429758, 0, 0
1368026, 387505162, 0, 0
1369044, 341891410, 0, 0
1370002, 323276375, 0, 0
1371008, 338021921, 0, 0
1372031, 363134350, 0, 0
1373056, 349953065, 0, 0
1374037, 348097021, 0, 0
1375092, 359542880, 0, 0
1376014, 363718912, 0, 0
1377054, 328902410, 0, 0
1378037, 328435199, 0, 0
1379048, 339342441, 0, 0
1380029, 343038230, 0, 0
1381005, 356229253, 0, 0
1382078, 352043546, 0, 0
1383028, 388902460, 0, 0
1384069, 335312756, 0, 0
1385076, 365465607, 0, 0
1386053, 384833754, 0, 0
1387047, 334943685, 0, 0
1388066, 343192125, 0, 0
1389057, 349801801, 0, 0
1390048, 355516810, 0, 0
1391037, 343942413, 0, 0
1392005, 360265663, 0, 0
1393004, 355496565, 0, 0
1394025, 319039164, 0, 0
1395017, 330367577, 0, 0
1396033, 374156442, 0, 0
1397044, 363017969, 0, 0
1398011, 339504298, 0, 0
1399006, 335424361, 0, 0
1400059, 353277174, 0, 0
1401039, 376358075, 0, 0
1402026, 337878629, 0, 0
1403025, 360121377, 0, 0
1404019, 331406246, 0, 0
1405006, 358381119, 0, 0
1406008, 338719417, 0, 0
1407030, 386167951, 0, 0
1408020, 381356373, 0, 0
1409001, 338218298, 0, 0
1410048, 364654318, 0, 0
1411015, 359537450, 0, 0
1412048, 357362029, 0, 0
1413069, 370178697, 0, 0
1414012, 347224831, 0, 0
1415042, 345209426, 0, 0
1416006, 361667757, 0, 0
1417009, 333781861, 0, 0
1418005, 332358277, 0, 0
1419022, 329374236, 0, 0
1420050, 342101838, 0, 0
1421050, 345317739, 0, 0
1422044, 377097467, 0, 0
1423015, 333311985, 0, 0
1424079, 327797549, 0, 0
1425003, 344819954, 0, 0
1426029, 316756961, 0, 0
1427052, 332396558, 0, 0
1428059, 358094970, 0, 0
1429058, 366467695, 0, 0
1430041, 342853872, 0, 0
1431021, 348353559, 0, 0
1432028, 345784710, 0, 0
1433053, 335716198, 0, 0
1434055, 353127722, 0, 0
1435023, 337940020, 0, 0
1436023, 356411828, 0, 0
1437019, 338114520, 0, 0
1438063, 391900459, 0, 0
1439018, 354639581, 0, 0
1440041, 367712624, 0, 0
1441061, 399204801, 0, 0
1442041, 367257392, 0, 0
1443050, 368118127, 0, 0
1444034, 361789034, 0, 0
1445044, 349808569, 0, 0
1446028, 331411848, 0, 0
1447035, 359555940, 0, 0
1448035, 366641494, 0, 0
1449025, 356908200, 0, 0
1450053, 385051134, 0, 0
1451047, 348175303, 0, 0
1452062, 322195449, 0, 0
1453038, 398631850, 0, 0
1454070, 346234448, 0, 0
1455000, 335310003, 0, 0
1456035, 360892968, 0, 0
1457001, 320817536, 0, 0
1458059, 355034793, 0, 0
1459015, 326070966, 0, 0
1460060, 304593283, 0, 0
1461016, 356868745, 0, 0
1462000, 324041075, 0, 0
1463048, 334007159, 0, 0
1464097, 342683131, 0, 0
1465076, 432969965, 0, 0
1466039, 437518953, 0, 0
1467003, 344680725, 0, 0
1468004, 351189436, 0, 0
1469043, 362130483, 0, 0
1470005, 343724113, 0, 0
1471013, 364507829, 0, 0
1472062, 387134378, 0, 0
1473033, 324827976, 0, 0
1474027, 341214103, 0, 0
1475054, 378089067, 0, 0
1476057, 372171548, 0, 0
1477007, 351332282, 0, 0
1478026, 360071943, 0, 0
1479059, 344201864, 0, 0
1480063, 369442802, 0, 0
1481009, 401790587, 0, 0
1482056, 318724404, 0, 0
1483038, 324510870, 0, 0
1484006, 341198611, 0, 0
1485065, 375296698, 0, 0
1486059, 373389886, 0, 0
1487059, 324411470, 0, 0
1488045, 317168466, 0, 0
1489050, 325847535, 0, 0
1490025, 346331671, 0, 0
1491031, 338778779, 0, 0
1492040, 347595385, 0, 0
1493026, 373677023, 0, 0
1494038, 343159935, 0, 0
1495019, 337057355, 0, 0
1496022, 343547827, 0, 0
1497045, 343244639, 0, 0
1498032, 361597606, 0, 0
1499034, 346903982, 0, 0
1500026, 339216333, 0, 0
1501020, 370166878, 0, 0
1502065, 344525655, 0, 0
1503012, 380309996, 0, 0
1504010, 349943524, 0, 0
1505034, 329989513, 0, 0
1506015, 331989192, 0, 0
1507057, 393137459, 0, 0
1508074, 339802921, 0, 0
1509038, 359981416, 0, 0
1510020, 366239702, 0, 0
1511011, 347928935, 0, 0
1512052, 377660272, 0, 0
1513040, 337032633, 0, 0
1514002, 340382354, 0, 0
1515054, 349908070, 0, 0
1516038, 364872129, 0, 0
1517030, 353342954, 0, 0
1518028, 345202170, 0, 0
1519030, 355057094, 0, 0
1520018, 344330523, 0, 0
1521053, 372244463, 0, 0
1522022, 328706609, 0, 0
1523033, 334661982, 0, 0
1524019, 330265124, 0, 0
1525013, 323070631, 0, 0
1526043, 347020179, 0, 0
1527028, 327546241, 0, 0
1528038, 372630172, 0, 0
1529025, 334649078, 0, 0
1530032, 357963892, 0, 0
1531004, 350401887, 0, 0
1532048, 322114469, 0, 0
1533003, 351309363, 0, 0
1534047, 371069476, 0, 0
1535042, 341201147, 0, 0
1536004, 364700588, 0, 0
1537028, 354265118, 0, 0
1538042, 331118179, 0, 0
1539010, 358114952, 0, 0
1540009, 343151211, 0, 0
1541066, 361672517, 0, 0
1542040, 349801891, 0, 0
1543062, 346534274, 0, 0
1544045, 369740569, 0, 0
1545034, 328867758, 0, 0
1546044, 336953810, 0, 0
1547034, 327847378, 0, 0
1548059, 351259367, 0, 0
1549011, 365006548, 0, 0
1550031, 369570157, 0, 0
1551059, 329219110, 0, 0
1552004, 348945753, 0, 0
1553038, 384165978, 0, 0
1554037, 313726893, 0, 0
1555008, 318993249, 0, 0
1556003, 371183758, 0, 0
1557026, 350056913, 0, 0
1558044, 351703956, 0, 0
1559020, 357458769, 0, 0
1560052, 353971600, 0, 0
1561011, 358548079, 0, 0
1562048, 350973639, 0, 0
1563053, 373688482, 0, 0
1564032, 322744974, 0, 0
1565011, 331702160, 0, 0
1566023, 360994935, 0, 0
1567022, 375673122, 0, 0
1568058, 325522917, 0, 0
1569010, 357084215, 0, 0
1570005, 324139707, 0, 0
1571053, 334721243, 0, 0
1572072, 363581769, 0, 0
1573046, 359974003, 0, 0
1574054, 319163198, 0, 0
1575008, 358173802, 0, 0
1576026, 343092664, 0, 0
1577021, 368430685, 0, 0
1578031, 339812592, 0, 0
1579000, 390232443, 0, 0
1580028, 365919189, 0, 0
1581078, 331104527, 0, 0
1582043, 360089558, 0, 0
1583009, 347414466, 0, 0
1584022, 339088947, 0, 0
1585065, 341361782, 0, 0
1586012, 333441587, 0, 0
1587046, 322740424, 0, 0
1588000, 344027147, 0, 0
1589015, 331434354, 0, 0
1590000, 357889567, 0, 0
1591012, 350268538, 0, 0
1592015, 338056431, 0, 0
1593033, 329764941, 0, 0
1594008, 347338292, 0, 0
1595004, 340394883, 0, 0
1596006, 372740251, 0, 0
1597045, 344293137, 0, 0
1598038, 319664452, 0, 0
1599040, 368964792, 0, 0
1600000, 367893569, 0, 0
1601030, 335847114, 0, 0
1602025, 372283870, 0, 0
1603027, 347753221, 0, 0
1604063, 351647319, 0, 0
1605029, 367973432, 0, 0
1606030, 377268732, 0, 0
1607040, 375974960, 0, 0
1608012, 353833567, 0, 0
1609022, 349230896, 0, 0
1610024, 380419346, 0, 0
1611043, 354757902, 0, 0
1612061, 338709162, 0, 0
1613057, 330006673, 0, 0
1614013, 334476655, 0, 0
1615063, 310173909, 0, 0
1616006, 359847169, 0, 0
1617037, 354052445, 0, 0
1618007, 358182540, 0, 0
1619013, 364915599, 0, 0
1620053, 373631105, 0, 0
1621060, 318308706, 0, 0
1622015, 349968020, 0, 0
1623000, 344827410, 0, 0
1624004, 356717307, 0, 0
1625019, 333696316, 0, 0
1626001, 357870661, 0, 0
1627018, 358758355, 0, 0
1628047, 391384539, 0, 0
1629027, 288126377, 0, 0
1630027, 345897394, 0, 0
1631050, 353137066, 0, 0
1632055, 338750382, 0, 0
1633035, 347793418, 0, 0
1634001, 375151557, 0, 0
1635018, 331781543, 0, 0
1636003, 372117290, 0, 0
1637009, 347953245, 0, 0
1638013, 307676818, 0, 0
1639000, 331663775, 0, 0
1640010, 353703541, 0, 0
1641071, 354602762, 0, 0
1642004, 358524087, 0, 0
1643022, 369793372, 0, 0
1644019, 356997406, 0, 0
1645039, 314685402, 0, 0
1646006, 336844186, 0, 0
1647049, 329843350, 0, 0
1648051, 320929189, 0, 0
1649015, 348482396, 0, 0
1650021, 365219746, 0, 0
1651004, 302880911, 0, 0
1652016, 393423697, 0, 0
1653063, 390923584, 0, 0
1654011, 327635606, 0, 0
1655034, 351716924, 0, 0
1656058, 327871158, 0, 0
1657058, 325791767, 0, 0
1658057, 357556440, 0, 0
1659014, 352720245, 0, 0
1660046, 320955302, 0, 0
1661050, 331678032, 0, 0
1662047, 351294278, 0, 0
1663030, 376506134, 0, 0
1664031, 340736022, 0, 0
1665056, 339985613, 0, 0
1666026, 331606438, 0, 0
1667061, 348531775, 0, 0
1668042, 372600132, 0, 0
1669030, 343163191, 0, 0
1670060, 342805342, 0, 0
1671005, 333464270, 0, 0
1672058, 336713088, 0, 0
1673007, 388747130, 0, 0
1674016, 360740374, 0, 0
1675002, 429490078, 0, 0
1676061, 344435770, 0, 0
1677050, 340873016, 0, 0
1678040, 356530594, 0, 0
1679049, 333884906, 0, 0
1680061, 327399591, 0, 0
1681042, 332971934, 0, 0
1682058, 296781923, 0, 0
1683045, 336718323, 0, 0
1684010, 333944712, 0, 0
1685042, 325192064, 0, 0
1686007, 314215388, 0, 0
1687054, 320981982, 0, 0
1688055, 314623714, 0, 0
1689004, 353130968, 0, 0
1690070, 307814050, 0, 0
1691037, 333474888, 0, 0
1692001, 348160986, 0, 0
1693035, 347546938, 0, 0
1694011, 371656208, 0, 0
1695052, 327683748, 0, 0
1696052, 353859760, 0, 0
1697063, 364224168, 0, 0
1698044, 337473147, 0, 0
1699001, 346718851, 0, 0
1700025, 330783678, 0, 0
1701025, 373204660, 0, 0
1702024, 340075693, 0, 0
1703019, 375469415, 0, 0
1704021, 314360253, 0, 0
1705003, 353380852, 0, 0
1706064, 400763548, 0, 0
1707020, 351491064, 0, 0
1708060, 365942007, 0, 0
1709065, 333405668, 0, 0
1710010, 372016512, 0, 0
1711000, 370018673, 0, 0
1712012, 380412807, 0, 0
1713000, 382760707, 0, 0
1714071, 335058103, 0, 0
1715018, 375582213, 0, 0
1716061, 355179241, 0, 0
1717029, 359749016, 0, 0
1718012, 307463428, 0, 0
1719018, 344636934, 0, 0
1720057, 285561508, 0, 0
1721004, 383474283, 0, 0
1722049, 359099434, 0, 0
1723031, 370423181, 0, 0
1724050, 342163707, 0, 0
1725028, 351210346, 0, 0
1726057, 344756423, 0, 0
1727055, 343587906, 0, 0
1728000, 303173514, 0, 0
1729057, 360773697, 0, 0
1730053, 391881474, 0, 0
1731059, 354046847, 0, 0
1732018, 302457630, 0, 0
1733040, 359538725, 0, 0
1734001, 358335906, 0, 0
1735013, 319356394, 0, 0
1736056, 325764001, 0, 0
1737019, 333405120, 0, 0
1738010, 361368500, 0, 0
1739003, 362410744, 0, 0
1740045, 349274463, 0, 0
1741018, 334284428, 0, 0
1742031, 357912042, 0, 0
1743014, 356849608, 0, 0
1744025, 358833091, 0, 0
1745054, 323214660, 0, 0
1746064, 327722108, 0, 0
1747004, 337681920, 0, 0
1748009, 346305067, 0, 0
1749026, 336019039, 0, 0
1750046, 363363175, 0, 0
1751042, 349747310, 0, 0
1752029, 369929291, 0, 0
1753042, 340128042, 0, 0
1754001, 350770650, 0, 0
1755056, 345563347, 0, 0
1756027, 351748667, 0, 0
1757031, 364514611, 0, 0
1758008, 376853579, 0, 0
1759001, 330420277, 0, 0
1760027, 338836415, 0, 0
1761042, 355997349, 0, 0
1762006, 336258846, 0, 0
1763009, 343576430, 0, 0
1764020, 324691988, 0, 0
1765023, 344433813, 0, 0
1766015, 351181590, 0, 0
1767121, 323520196, 0, 0
1768043, 360582961, 0, 0
1769002, 348438018, 0, 0
1770041, 341281957, 0, 0
1771038, 345389695, 0, 0
1772001, 359275169, 0, 0
1773028, 340360938, 0, 0
1774000, 367436000, 0, 0
1775030, 330175437, 0, 0
1776060, 381773836, 0, 0
1777029, 351952854, 0, 0
1778013, 346312032, 0, 0
1779026, 359429637, 0, 0
1780028, 339769949, 0, 0
1781042, 359611251, 0, 0
1782077, 315090080, 0, 0
1783018, 369651063, 0, 0
1784000, 323598849, 0, 0
1785026, 336504234, 0, 0
1786024, 315189079, 0, 0
1787065, 360713899, 0, 0
1788051, 342211271, 0, 0
1789044, 354668174, 0, 0
1790042, 343167768, 0, 0
1791005, 381316965, 0, 0
1792019, 382531225, 0, 0
1793056, 357073409, 0, 0
1794030, 357636808, 0, 0
1795046, 335569756, 0, 0
1796022, 347623796, 0, 0
1797038, 348448235, 0, 0
1798000, 345645267, 0, 0
1799024, 395681784, 0, 0
1800031, 367720403, 0, 0
1800177, 360606440, 0, 0
