1000, 329610, 1, 0
2000, 157604, 1, 0
3000, 160273, 1, 0
4000, 160684, 1, 0
5000, 175940, 1, 0
6000, 150571, 1, 0
7000, 156561, 1, 0
8000, 148030, 1, 0
9000, 146725, 1, 0
10000, 166865, 1, 0
11000, 142294, 1, 0
12000, 216178, 1, 0
13000, 155456, 1, 0
14000, 150568, 1, 0
15000, 149977, 1, 0
16000, 149876, 1, 0
17000, 164277, 1, 0
18000, 149169, 1, 0
19000, 249278, 1, 0
20000, 149403, 1, 0
21004, 156154, 1, 0
22000, 148613, 1, 0
23000, 151341, 1, 0
24000, 142206, 1, 0
25005, 169230, 1, 0
26052, 228575, 1, 0
27000, 199621, 1, 0
28000, 122980, 1, 0
29000, 95469, 1, 0
30000, 105418, 1, 0
31000, 126479, 1, 0
32000, 120304, 1, 0
33000, 102353, 1, 0
34000, 1335504, 1, 0
35000, 100497, 1, 0
36000, 111976, 1, 0
37000, 137473, 1, 0
38000, 149085, 1, 0
39000, 155138, 1, 0
40000, 143311, 1, 0
41000, 3058731, 1, 0
42000, 132817, 1, 0
43000, 125925, 1, 0
44000, 116276, 1, 0
45000, 115269, 1, 0
46000, 131914, 1, 0
47000, 130880, 1, 0
48000, 2947162, 1, 0
49000, 161408, 1, 0
50000, 160125, 1, 0
51000, 133135, 1, 0
52000, 118761, 1, 0
53000, 106697, 1, 0
54000, 104825, 1, 0
55000, 454531, 1, 0
56000, 118362, 1, 0
57000, 126727, 1, 0
58000, 128061, 1, 0
59000, 161649, 1, 0
60000, 139750, 1, 0
61000, 99779, 1, 0
62000, 7510387, 1, 0
63000, 157108, 1, 0
64000, 150382, 1, 0
65000, 120527, 1, 0
66005, 161181, 1, 0
67000, 148042, 1, 0
68000, 141537, 1, 0
69037, 536051, 1, 0
70000, 3397844, 1, 0
71000, 128256, 1, 0
72002, 128215, 1, 0
73000, 145996, 1, 0
74000, 143460, 1, 0
75000, 162758, 1, 0
76000, 141995, 1, 0
77000, 12904199, 1, 0
78000, 128135, 1, 0
79001, 52696025, 1, 0
80052, 542454694, 1, 0
81042, 871178471, 1, 0
82065, 767204424, 1, 0
83186, 753807040, 1, 0
84046, 702561072, 1, 0
85134, 1263618614, 1, 0
86018, 1319261914, 1, 0
87102, 662925461, 1, 0
88009, 760917073, 1, 0
89168, 928813025, 1, 0
90028, 748183861, 1, 0
91105, 785946925, 1, 0
92213, 1024308618, 1, 0
93022, 901379030, 1, 0
94103, 620976901, 1, 0
95038, 757419287, 1, 0
96007, 550502936, 1, 0
97112, 829206456, 1, 0
98038, 733575956, 1, 0
99129, 807378086, 1, 0
100157, 855612098, 1, 0
101043, 844200460, 1, 0
102155, 611994251, 1, 0
103010, 1074592949, 1, 0
104013, 1198901835, 1, 0
105027, 737901214, 1, 0
106095, 714055682, 1, 0
107048, 716603115, 1, 0
108092, 833397667, 1, 0
109208, 730123330, 1, 0
110009, 884222268, 1, 0
111000, 781636368, 1, 0
112021, 659360260, 1, 0
113141, 757716583, 1, 0
114025, 926443830, 1, 0
115000, 840378556, 1, 0
116165, 734554204, 1, 0
117158, 739766010, 1, 0
118015, 772627031, 1, 0
119044, 1002531795, 1, 0
120039, 769566787, 1, 0
121063, 999923930, 1, 0
122005, 867454327, 1, 0
123003, 808774871, 1, 0
124031, 580564045, 1, 0
125213, 791274578, 1, 0
126051, 723712959, 1, 0
127121, 682559347, 1, 0
128038, 855116752, 1, 0
129183, 702185091, 1, 0
130021, 638388736, 1, 0
131003, 640399133, 1, 0
132088, 668223263, 1, 0
133027, 700657743, 1, 0
134085, 663258446, 1, 0
135022, 720823390, 1, 0
136060, 772482605, 1, 0
137194, 1133137644, 1, 0
138115, 783075328, 1, 0
139002, 638775954, 1, 0
140003, 751905636, 1, 0
141142, 708725680, 1, 0
142041, 569381175, 1, 0
143175, 647531437, 1, 0
144082, 762741885, 1, 0
145007, 614661885, 1, 0
146045, 687010272, 1, 0
147009, 721557993, 1, 0
148084, 715304053, 1, 0
149075, 717793917, 1, 0
150025, 858812063, 1, 0
151092, 766827178, 1, 0
152029, 630059532, 1, 0
153123, 758409188, 1, 0
154095, 522769024, 1, 0
155042, 843409438, 1, 0
156152, 997886207, 1, 0
157116, 616515001, 1, 0
158176, 762405997, 1, 0
159037, 762787850, 1, 0
160108, 794138300, 1, 0
161023, 735734617, 1, 0
162043, 852346313, 1, 0
163005, 892753520, 1, 0
164079, 902625000, 1, 0
165078, 871636289, 1, 0
166027, 880004173, 1, 0
167106, 831124112, 1, 0
168109, 919613039, 1, 0
169024, 961702191, 1, 0
170032, 668927621, 1, 0
171017, 808709822, 1, 0
172046, 892718350, 1, 0
173073, 718965681, 1, 0
174034, 927166470, 1, 0
175030, 872303329, 1, 0
176035, 862851165, 1, 0
177010, 819716730, 1, 0
178212, 542154082, 1, 0
179041, 917110975, 1, 0
180059, 1002321119, 1, 0
181008, 687284142, 1, 0
182041, 720199325, 1, 0
183096, 651635990, 1, 0
184113, 1011696878, 1, 0
185075, 719992134, 1, 0
186032, 706046934, 1, 0
187111, 740230504, 1, 0
188204, 982198443, 1, 0
189085, 744108563, 1, 0
190122, 887535445, 1, 0
191218, 907421283, 1, 0
192017, 760968993, 1, 0
193075, 611571676, 1, 0
194153, 783546393, 1, 0
195029, 809475710, 1, 0
196039, 693658622, 1, 0
197027, 670526566, 1, 0
198047, 714329588, 1, 0
199031, 848493001, 1, 0
200075, 757425034, 1, 0
201011, 844614332, 1, 0
202113, 777818157, 1, 0
203164, 741038838, 1, 0
204063, 788035523, 1, 0
205090, 1014339184, 1, 0
206131, 1003919752, 1, 0
207000, 971926532, 1, 0
208039, 661421616, 1, 0
209024, 1062117518, 1, 0
210061, 850459179, 1, 0
211046, 1052418828, 1, 0
212119, 661085434, 1, 0
213138, 849521144, 1, 0
214036, 1352480930, 1, 0
215030, 1116863901, 1, 0
216097, 836515071, 1, 0
217076, 703540317, 1, 0
218090, 760262283, 1, 0
219013, 903906469, 1, 0
220198, 1016399154, 1, 0
221058, 827283016, 1, 0
222000, 677223397, 1, 0
223025, 664168972, 1, 0
224002, 806143979, 1, 0
225187, 672408103, 1, 0
226234, 1077338783, 1, 0
227088, 1075590814, 1, 0
228187, 898205281, 1, 0
229105, 637521483, 1, 0
230010, 714163345, 1, 0
231116, 967844433, 1, 0
232007, 811825823, 1, 0
233205, 906752094, 1, 0
234215, 688023626, 1, 0
235029, 833173761, 1, 0
236031, 813074488, 1, 0
237076, 666352577, 1, 0
238178, 775558294, 1, 0
239010, 1209370169, 1, 0
240054, 1019391317, 1, 0
241024, 911001288, 1, 0
242038, 898581808, 1, 0
243020, 814084857, 1, 0
244115, 967835715, 1, 0
245008, 637332027, 1, 0
246116, 1067889076, 1, 0
247024, 1077735799, 1, 0
248085, 726342001, 1, 0
249034, 753931762, 1, 0
250215, 735458371, 1, 0
251014, 838972603, 1, 0
252005, 893415548, 1, 0
253072, 1047408121, 1, 0
254054, 1007105940, 1, 0
255048, 881659477, 1, 0
256032, 966358269, 1, 0
257018, 1161211094, 1, 0
258052, 738461635, 1, 0
259039, 841896108, 1, 0
260023, 795958214, 1, 0
261076, 712232838, 1, 0
262015, 956365220, 1, 0
263032, 898997012, 1, 0
264077, 706291640, 1, 0
265009, 972549385, 1, 0
266080, 808306631, 1, 0
267099, 1198417041, 1, 0
268080, 837259142, 1, 0
269091, 831550130, 1, 0
270102, 853417174, 1, 0
271044, 970689293, 1, 0
272057, 946562213, 1, 0
273076, 985251143, 1, 0
274093, 999059460, 1, 0
275072, 1006777614, 1, 0
276251, 682286806, 1, 0
277218, 1005273595, 1, 0
278009, 1103665550, 1, 0
279027, 663922733, 1, 0
280198, 838628895, 1, 0
281014, 692273793, 1, 0
282027, 827858220, 1, 0
283194, 1123511996, 1, 0
284077, 764025087, 1, 0
285049, 924714200, 1, 0
286110, 1004789701, 1, 0
287040, 1053923779, 1, 0
288006, 878585515, 1, 0
289005, 670773494, 1, 0
290005, 1097709559, 1, 0
291108, 1111036159, 1, 0
292011, 871655774, 1, 0
293100, 834513162, 1, 0
294003, 872688339, 1, 0
295262, 738355235, 1, 0
296066, 921144427, 1, 0
297076, 1046747241, 1, 0
298034, 878676023, 1, 0
299012, 808311499, 1, 0
300015, 921132399, 1, 0
301059, 706840534, 1, 0
302021, 863508279, 1, 0
303211, 862813412, 1, 0
304030, 1018122464, 1, 0
305106, 933376231, 1, 0
306025, 792863801, 1, 0
307113, 905555459, 1, 0
308169, 1000729267, 1, 0
309160, 906649216, 1, 0
310037, 1093375584, 1, 0
311022, 801022310, 1, 0
312020, 855382787, 1, 0
313117, 865397812, 1, 0
314110, 934556296, 1, 0
315056, 818813122, 1, 0
316016, 921868915, 1, 0
317046, 887274476, 1, 0
318041, 950152400, 1, 0
319042, 850269118, 1, 0
320183, 807404001, 1, 0
321023, 787760658, 1, 0
322030, 833279071, 1, 0
323041, 777425574, 1, 0
324135, 993134921, 1, 0
325018, 840756566, 1, 0
326105, 738086405, 1, 0
327012, 834349877, 1, 0
328032, 899339869, 1, 0
329042, 981247861, 1, 0
330094, 725423017, 1, 0
331110, 1036616828, 1, 0
332084, 846539782, 1, 0
333287, 698761891, 1, 0
334033, 814479711, 1, 0
335000, 530816149, 1, 0
336150, 771712228, 1, 0
337022, 937042244, 1, 0
338008, 707656181, 1, 0
339040, 808589500, 1, 0
340142, 933210803, 1, 0
341118, 787283770, 1, 0
342023, 586600028, 1, 0
343037, 662158633, 1, 0
344001, 795708012, 1, 0
345089, 761392072, 1, 0
346075, 777698535, 1, 0
347191, 889896736, 1, 0
348196, 897684178, 1, 0
349044, 677728936, 1, 0
350238, 807349379, 1, 0
351039, 852612923, 1, 0
352157, 900748467, 1, 0
353235, 829233806, 1, 0
354009, 702686004, 1, 0
355211, 685471992, 1, 0
356065, 1113499504, 1, 0
357180, 995983549, 1, 0
358001, 909937326, 1, 0
359021, 937139367, 1, 0
360112, 999215437, 1, 0
361218, 840874381, 1, 0
362121, 825455916, 1, 0
363174, 797936578, 1, 0
364004, 699068334, 1, 0
365018, 701631272, 1, 0
366054, 718545731, 1, 0
367025, 665607210, 1, 0
368200, 864667086, 1, 0
369070, 1029251282, 1, 0
370218, 999495646, 1, 0
371013, 683877934, 1, 0
372056, 780415748, 1, 0
373052, 1144859569, 1, 0
374035, 903611679, 1, 0
375082, 878248948, 1, 0
376011, 907325067, 1, 0
377135, 1124493564, 1, 0
378234, 912207803, 1, 0
379020, 801915136, 1, 0
380116, 874981310, 1, 0
381011, 933930810, 1, 0
382192, 712170285, 1, 0
383152, 1102603147, 1, 0
384143, 966499176, 1, 0
385032, 922177266, 1, 0
386174, 982136504, 1, 0
387005, 846998364, 1, 0
388102, 768207087, 1, 0
389024, 942088612, 1, 0
390072, 965684601, 1, 0
391087, 830677145, 1, 0
392031, 742734811, 1, 0
393022, 946325906, 1, 0
394039, 1007972656, 1, 0
395050, 960868521, 1, 0
396052, 833976191, 1, 0
397121, 952271807, 1, 0
398086, 1001766288, 1, 0
399014, 1012216721, 1, 0
400075, 842973760, 1, 0
401168, 1041630081, 1, 0
402015, 791829233, 1, 0
403251, 724536832, 1, 0
404005, 1058140235, 1, 0
405059, 1285347769, 1, 0
406003, 600873683, 1, 0
407102, 873608507, 1, 0
408014, 824989903, 1, 0
409199, 861810289, 1, 0
410062, 899379748, 1, 0
411146, 622905523, 1, 0
412023, 729092319, 1, 0
413001, 894590618, 1, 0
414023, 932013586, 1, 0
415019, 783516833, 1, 0
416178, 953400246, 1, 0
417086, 958614792, 1, 0
418093, 926287794, 1, 0
419028, 851288328, 1, 0
420019, 682231479, 1, 0
421024, 742283591, 1, 0
422112, 912279696, 1, 0
423004, 886315990, 1, 0
424000, 833869955, 1, 0
425125, 697907060, 1, 0
426086, 1049660041, 1, 0
427068, 828133809, 1, 0
428013, 805243222, 1, 0
429007, 773185100, 1, 0
430139, 668599204, 1, 0
431153, 662080174, 1, 0
432160, 919442588, 1, 0
433042, 741025381, 1, 0
434168, 971601608, 1, 0
435002, 1127602556, 1, 0
436037, 758207123, 1, 0
437048, 888435652, 1, 0
438088, 758502503, 1, 0
439147, 857997750, 1, 0
440012, 865867587, 1, 0
441189, 963888691, 1, 0
442037, 806960443, 1, 0
443016, 933569282, 1, 0
444014, 847819364, 1, 0
445107, 923214675, 1, 0
446139, 970971421, 1, 0
447212, 798059837, 1, 0
448043, 729715376, 1, 0
449145, 675476091, 1, 0
450231, 754103240, 1, 0
451007, 694498064, 1, 0
452019, 667064759, 1, 0
453138, 1043422954, 1, 0
454024, 867096779, 1, 0
455083, 899684953, 1, 0
456007, 1021658971, 1, 0
457028, 748093527, 1, 0
458023, 869530527, 1, 0
459001, 652965040, 1, 0
460233, 894605752, 1, 0
461013, 1088118305, 1, 0
462269, 835175353, 1, 0
463117, 767462916, 1, 0
464158, 717280973, 1, 0
465076, 1119316948, 1, 0
466006, 814793758, 1, 0
467009, 671985662, 1, 0
468015, 890616421, 1, 0
469147, 887675275, 1, 0
470008, 994873876, 1, 0
471098, 839729876, 1, 0
472201, 541266105, 1, 0
473141, 939344956, 1, 0
474003, 874547540, 1, 0
475029, 1046640022, 1, 0
476111, 757039159, 1, 0
477029, 916242467, 1, 0
478025, 1056447776, 1, 0
479012, 854328188, 1, 0
480010, 764778913, 1, 0
481055, 703443510, 1, 0
482002, 759446385, 1, 0
483087, 646091099, 1, 0
484007, 881691296, 1, 0
485049, 941651446, 1, 0
486016, 1005650567, 1, 0
487018, 862294861, 1, 0
488041, 811417054, 1, 0
489017, 701394224, 1, 0
490219, 701291432, 1, 0
491048, 907682073, 1, 0
492041, 915316098, 1, 0
493030, 688918148, 1, 0
494064, 1206252457, 1, 0
495067, 949529112, 1, 0
496090, 790988015, 1, 0
497022, 591887982, 1, 0
498047, 723632859, 1, 0
499013, 716578174, 1, 0
500108, 665053259, 1, 0
501041, 825683069, 1, 0
502039, 599888633, 1, 0
503009, 715069832, 1, 0
504083, 838062510, 1, 0
505129, 1055397159, 1, 0
506066, 880492992, 1, 0
507033, 1034516049, 1, 0
508059, 708224261, 1, 0
509005, 877515963, 1, 0
510146, 822217965, 1, 0
511067, 543629572, 1, 0
512115, 897701375, 1, 0
513088, 692433184, 1, 0
514051, 853435933, 1, 0
515158, 937801235, 1, 0
516183, 1200633658, 1, 0
517175, 871777706, 1, 0
518016, 883175375, 1, 0
519223, 945176609, 1, 0
520194, 747192435, 1, 0
521003, 679761554, 1, 0
522213, 605050422, 1, 0
523006, 892402155, 1, 0
524127, 681718907, 1, 0
525001, 949207039, 1, 0
526093, 580878798, 1, 0
527125, 888622238, 1, 0
528064, 559478616, 1, 0
529023, 830938899, 1, 0
530005, 976903498, 1, 0
531062, 753834077, 1, 0
532016, 967910906, 1, 0
533097, 755725151, 1, 0
534009, 694800018, 1, 0
535019, 780913727, 1, 0
536038, 1231299037, 1, 0
537030, 914735371, 1, 0
538050, 902521908, 1, 0
539086, 783259993, 1, 0
540268, 891580008, 1, 0
541021, 774258349, 1, 0
542153, 782269266, 1, 0
543050, 771015975, 1, 0
544149, 910943034, 1, 0
545056, 584529754, 1, 0
546253, 840460605, 1, 0
547036, 762716757, 1, 0
548031, 737263701, 1, 0
549004, 630048806, 1, 0
550071, 597442638, 1, 0
551040, 1164792686, 1, 0
552022, 1112484128, 1, 0
553004, 676068985, 1, 0
554173, 871993893, 1, 0
555058, 1162778550, 1, 0
556032, 1156986861, 1, 0
557027, 704460507, 1, 0
558246, 811716679, 1, 0
559019, 731800188, 1, 0
560167, 902317209, 1, 0
561094, 1107617015, 1, 0
562109, 667035874, 1, 0
563180, 724191423, 1, 0
564072, 892024283, 1, 0
565103, 724097371, 1, 0
566082, 653025681, 1, 0
567026, 729192642, 1, 0
568108, 833852030, 1, 0
569074, 735879255, 1, 0
570051, 680092668, 1, 0
571111, 776785346, 1, 0
572050, 733710116, 1, 0
573094, 880176348, 1, 0
574084, 1034626010, 1, 0
575274, 754184638, 1, 0
576060, 1018335734, 1, 0
577128, 1079933027, 1, 0
578024, 1021816197, 1, 0
579131, 905215045, 1, 0
580016, 772371095, 1, 0
581008, 773736507, 1, 0
582015, 703581574, 1, 0
583015, 785986282, 1, 0
584069, 732345250, 1, 0
585000, 773282266, 1, 0
586007, 742931133, 1, 0
587039, 975358508, 1, 0
588036, 901951378, 1, 0
589040, 637273828, 1, 0
590106, 771651858, 1, 0
591074, 985367738, 1, 0
592071, 700209901, 1, 0
593137, 870179219, 1, 0
594083, 1203901091, 1, 0
595199, 915474732, 1, 0
596036, 650750082, 1, 0
597015, 874195108, 1, 0
598005, 1026171906, 1, 0
599108, 793273342, 1, 0
600213, 825161566, 1, 0
600266, 658417571, 1, 0
