1000, 768, 1, 0
2000, 768, 1, 0
2999, 768, 1, 0
3999, 768, 1, 0
5000, 768, 1, 0
6000, 769, 1, 0
6999, 767, 1, 0
7999, 768, 1, 0
9000, 768, 1, 0
10000, 769, 1, 0
10999, 767, 1, 0
12000, 768, 1, 0
12999, 768, 1, 0
13999, 768, 1, 0
15000, 768, 1, 0
16000, 769, 1, 0
16999, 767, 1, 0
17999, 768, 1, 0
19000, 768, 1, 0
20000, 769, 1, 0
20999, 767, 1, 0
21999, 768, 1, 0
23000, 768, 1, 0
24000, 769, 1, 0
24999, 764, 1, 0
26000, 765, 1, 0
27000, 775, 1, 0
27999, 767, 1, 0
28999, 768, 1, 0
30000, 769, 1, 0
31000, 768, 1, 0
31999, 767, 1, 0
32999, 768, 1, 0
34000, 768, 1, 0
34999, 768, 1, 0
35999, 768, 1, 0
36999, 768, 1, 0
38000, 768, 1, 0
38999, 768, 1, 0
39999, 768, 1, 0
40999, 768, 1, 0
42000, 768, 1, 0
43000, 769, 1, 0
43999, 767, 1, 0
44999, 768, 1, 0
46000, 768, 1, 0
47000, 769, 1, 0
47999, 767, 1, 0
48999, 768, 1, 0
50000, 768, 1, 0
51000, 768, 1, 0
51999, 768, 1, 0
52999, 768, 1, 0
54000, 768, 1, 0
55000, 769, 1, 0
55999, 767, 1, 0
56999, 768, 1, 0
57999, 768, 1, 0
59000, 768, 1, 0
60000, 769, 1, 0
60999, 767, 1, 0
61999, 768, 1, 0
63000, 768, 1, 0
64000, 769, 1, 0
64999, 767, 1, 0
65999, 765, 1, 0
67000, 771, 1, 0
68000, 769, 1, 0
68999, 754, 1, 0
69999, 781, 1, 0
70999, 768, 1, 0
72000, 768, 1, 0
73000, 768, 1, 0
74000, 769, 1, 0
74999, 767, 1, 0
75999, 768, 1, 0
77000, 768, 1, 0
78000, 769, 1, 0
78999, 147, 1, 0
80000, 47, 1, 0
81000, 101, 1, 0
81999, 69, 1, 0
83000, 84, 1, 0
84000, 74, 1, 0
84999, 90, 1, 0
86000, 101, 1, 0
86999, 84, 1, 0
88000, 83, 1, 0
89000, 114, 1, 0
89999, 79, 1, 0
91000, 81, 1, 0
92000, 83, 1, 0
92999, 97, 1, 0
94000, 66, 1, 0
94999, 57, 1, 0
96000, 86, 1, 0
97000, 84, 1, 0
97999, 89, 1, 0
99000, 91, 1, 0
99999, 84, 1, 0
101000, 60, 1, 0
102000, 106, 1, 0
102999, 98, 1, 0
104000, 105, 1, 0
105000, 88, 1, 0
105999, 71, 1, 0
107000, 67, 1, 0
107999, 69, 1, 0
108999, 100, 1, 0
110000, 53, 1, 0
110999, 64, 1, 0
112000, 105, 1, 0
112999, 73, 1, 0
114000, 78, 1, 0
115000, 64, 1, 0
115999, 69, 1, 0
117000, 84, 1, 0
117999, 86, 1, 0
118999, 90, 1, 0
120000, 68, 1, 0
120999, 100, 1, 0
122000, 96, 1, 0
123000, 111, 1, 0
123999, 82, 1, 0
125000, 105, 1, 0
126000, 67, 1, 0
126999, 89, 1, 0
128000, 45, 1, 0
129000, 108, 1, 0
129999, 59, 1, 0
131000, 85, 1, 0
132000, 87, 1, 0
132999, 78, 1, 0
134000, 78, 1, 0
135000, 70, 1, 0
135999, 88, 1, 0
137000, 111, 1, 0
138000, 82, 1, 0
138999, 88, 1, 0
140000, 84, 1, 0
141000, 62, 1, 0
141999, 86, 1, 0
143000, 90, 1, 0
144000, 72, 1, 0
144999, 69, 1, 0
146000, 83, 1, 0
147000, 87, 1, 0
147999, 69, 1, 0
149000, 76, 1, 0
149999, 100, 1, 0
150999, 71, 1, 0
152000, 50, 1, 0
152999, 114, 1, 0
153999, 59, 1, 0
155000, 91, 1, 0
155999, 96, 1, 0
157000, 77, 1, 0
158000, 93, 1, 0
158999, 114, 1, 0
160000, 111, 1, 0
161000, 77, 1, 0
161999, 71, 1, 0
163000, 87, 1, 0
164000, 56, 1, 0
164999, 75, 1, 0
166000, 117, 1, 0
166999, 87, 1, 0
167999, 85, 1, 0
169000, 83, 1, 0
169999, 80, 1, 0
171000, 106, 1, 0
172000, 102, 1, 0
172999, 54, 1, 0
173999, 97, 1, 0
175000, 110, 1, 0
175999, 83, 1, 0
177000, 81, 1, 0
178000, 86, 1, 0
178999, 84, 1, 0
180000, 70, 1, 0
181000, 55, 1, 0
181999, 85, 1, 0
183000, 107, 1, 0
183999, 94, 1, 0
184999, 86, 1, 0
186000, 82, 1, 0
186999, 96, 1, 0
187999, 62, 1, 0
189000, 59, 1, 0
189999, 107, 1, 0
190999, 86, 1, 0
192000, 101, 1, 0
192999, 47, 1, 0
194000, 89, 1, 0
195000, 78, 1, 0
195999, 88, 1, 0
197000, 81, 1, 0
198000, 45, 1, 0
198999, 75, 1, 0
200000, 99, 1, 0
201000, 98, 1, 0
201999, 82, 1, 0
203000, 85, 1, 0
203999, 69, 1, 0
204999, 99, 1, 0
206000, 112, 1, 0
206999, 68, 1, 0
208000, 107, 1, 0
209000, 87, 1, 0
209999, 67, 1, 0
211000, 154, 1, 0
211999, 81, 1, 0
212999, 92, 1, 0
214000, 107, 1, 0
214999, 65, 1, 0
216000, 78, 1, 0
217000, 64, 1, 0
217999, 73, 1, 0
219000, 96, 1, 0
219999, 88, 1, 0
221000, 80, 1, 0
222000, 58, 1, 0
222999, 66, 1, 0
224000, 73, 1, 0
224999, 75, 1, 0
225999, 65, 1, 0
227000, 77, 1, 0
227999, 72, 1, 0
229000, 70, 1, 0
230000, 63, 1, 0
230999, 57, 1, 0
232000, 77, 1, 0
232999, 87, 1, 0
233999, 82, 1, 0
235000, 101, 1, 0
235999, 74, 1, 0
237000, 67, 1, 0
237999, 83, 1, 0
238999, 67, 1, 0
240000, 82, 1, 0
240999, 68, 1, 0
242000, 108, 1, 0
243000, 88, 1, 0
243999, 98, 1, 0
245000, 71, 1, 0
245999, 78, 1, 0
246999, 81, 1, 0
248000, 80, 1, 0
248999, 59, 1, 0
250000, 95, 1, 0
251000, 58, 1, 0
251999, 76, 1, 0
253000, 66, 1, 0
253999, 87, 1, 0
254999, 92, 1, 0
256000, 81, 1, 0
256999, 68, 1, 0
258000, 64, 1, 0
259000, 65, 1, 0
259999, 59, 1, 0
261000, 113, 1, 0
261999, 79, 1, 0
262999, 82, 1, 0
264000, 77, 1, 0
264999, 77, 1, 0
266000, 78, 1, 0
266999, 135, 1, 0
268000, 69, 1, 0
269000, 88, 1, 0
269999, 59, 1, 0
271000, 79, 1, 0
271999, 85, 1, 0
272999, 53, 1, 0
274000, 82, 1, 0
274999, 79, 1, 0
276000, 56, 1, 0
277000, 67, 1, 0
277999, 63, 1, 0
279000, 78, 1, 0
279999, 93, 1, 0
281000, 60, 1, 0
282000, 76, 1, 0
282999, 85, 1, 0
284000, 79, 1, 0
284999, 84, 1, 0
285999, 106, 1, 0
287000, 87, 1, 0
287999, 42, 1, 0
289000, 85, 1, 0
289999, 77, 1, 0
290999, 99, 1, 0
292000, 100, 1, 0
292999, 74, 1, 0
294000, 73, 1, 0
295000, 96, 1, 0
295999, 87, 1, 0
297000, 80, 1, 0
297999, 40, 1, 0
299000, 95, 1, 0
300000, 74, 1, 0
300999, 85, 1, 0
302000, 45, 1, 0
302999, 120, 1, 0
304000, 63, 1, 0
305000, 70, 1, 0
305999, 84, 1, 0
307000, 75, 1, 0
307999, 71, 1, 0
308999, 97, 1, 0
310000, 70, 1, 0
310999, 73, 1, 0
312000, 95, 1, 0
312999, 85, 1, 0
313999, 62, 1, 0
315000, 81, 1, 0
315999, 76, 1, 0
317000, 59, 1, 0
317999, 118, 1, 0
318999, 60, 1, 0
320000, 96, 1, 0
320999, 77, 1, 0
322000, 64, 1, 0
323000, 107, 1, 0
323999, 74, 1, 0
325000, 52, 1, 0
325999, 112, 1, 0
327000, 101, 1, 0
327999, 69, 1, 0
329000, 81, 1, 0
330000, 88, 1, 0
330999, 110, 1, 0
332000, 82, 1, 0
332999, 68, 1, 0
334000, 82, 1, 0
335000, 73, 1, 0
335999, 66, 1, 0
337000, 97, 1, 0
338000, 91, 1, 0
338999, 74, 1, 0
340000, 82, 1, 0
340999, 78, 1, 0
341999, 48, 1, 0
343000, 72, 1, 0
343999, 100, 1, 0
345000, 79, 1, 0
346000, 68, 1, 0
346999, 44, 1, 0
348000, 63, 1, 0
349000, 61, 1, 0
349999, 74, 1, 0
351000, 104, 1, 0
351999, 67, 1, 0
352999, 74, 1, 0
354000, 61, 1, 0
354999, 68, 1, 0
355999, 46, 1, 0
357000, 82, 1, 0
357999, 77, 1, 0
359000, 69, 1, 0
360000, 100, 1, 0
360999, 90, 1, 0
362000, 84, 1, 0
363000, 59, 1, 0
363999, 81, 1, 0
365000, 79, 1, 0
365999, 62, 1, 0
367000, 64, 1, 0
368000, 92, 1, 0
368999, 92, 1, 0
370000, 55, 1, 0
371000, 63, 1, 0
371999, 87, 1, 0
373000, 99, 1, 0
373999, 108, 1, 0
374999, 62, 1, 0
376000, 78, 1, 0
376999, 91, 1, 0
378000, 60, 1, 0
378999, 65, 1, 0
379999, 61, 1, 0
381000, 60, 1, 0
381999, 98, 1, 0
383000, 71, 1, 0
384000, 81, 1, 0
384999, 109, 1, 0
385999, 64, 1, 0
387000, 76, 1, 0
387999, 82, 1, 0
389000, 79, 1, 0
389999, 62, 1, 0
390999, 61, 1, 0
392000, 83, 1, 0
392999, 140, 1, 0
394000, 65, 1, 0
394999, 78, 1, 0
395999, 69, 1, 0
397000, 69, 1, 0
397999, 45, 1, 0
399000, 112, 1, 0
400000, 73, 1, 0
400999, 70, 1, 0
402000, 58, 1, 0
402999, 82, 1, 0
404000, 64, 1, 0
405000, 63, 1, 0
405999, 64, 1, 0
407000, 93, 1, 0
407999, 75, 1, 0
408999, 70, 1, 0
410000, 71, 1, 0
410999, 60, 1, 0
412000, 89, 1, 0
412999, 95, 1, 0
414000, 51, 1, 0
415000, 70, 1, 0
415999, 66, 1, 0
417000, 60, 1, 0
418000, 63, 1, 0
418999, 129, 1, 0
420000, 71, 1, 0
420999, 89, 1, 0
421999, 77, 1, 0
423000, 92, 1, 0
423999, 52, 1, 0
425000, 79, 1, 0
426000, 82, 1, 0
426999, 32, 1, 0
428000, 71, 1, 0
428999, 72, 1, 0
430000, 85, 1, 0
431000, 66, 1, 0
431999, 55, 1, 0
433000, 76, 1, 0
433999, 110, 1, 0
435000, 83, 1, 0
436000, 84, 1, 0
436999, 99, 1, 0
438000, 58, 1, 0
438999, 78, 1, 0
440000, 68, 1, 0
441000, 94, 1, 0
441999, 110, 1, 0
443000, 102, 1, 0
443999, 77, 1, 0
444999, 71, 1, 0
446000, 91, 1, 0
446999, 57, 1, 0
448000, 83, 1, 0
448999, 96, 1, 0
449999, 84, 1, 0
451000, 66, 1, 0
451999, 92, 1, 0
453000, 69, 1, 0
454000, 74, 1, 0
454999, 76, 1, 0
456000, 65, 1, 0
456999, 63, 1, 0
457999, 58, 1, 0
459000, 58, 1, 0
459999, 90, 1, 0
461000, 81, 1, 0
461999, 98, 1, 0
462999, 72, 1, 0
464000, 80, 1, 0
464999, 53, 1, 0
466000, 70, 1, 0
467000, 89, 1, 0
467999, 76, 1, 0
469000, 79, 1, 0
469999, 108, 1, 0
471000, 74, 1, 0
471999, 66, 1, 0
472999, 88, 1, 0
474000, 70, 1, 0
474999, 89, 1, 0
476000, 70, 1, 0
476999, 45, 1, 0
478000, 78, 1, 0
479000, 105, 1, 0
479999, 77, 1, 0
481000, 59, 1, 0
481999, 41, 1, 0
483000, 94, 1, 0
484000, 89, 1, 0
484999, 73, 1, 0
486000, 60, 1, 0
486999, 57, 1, 0
487999, 87, 1, 0
489000, 65, 1, 0
489999, 62, 1, 0
491000, 92, 1, 0
491999, 63, 1, 0
492999, 101, 1, 0
494000, 86, 1, 0
494999, 68, 1, 0
495999, 93, 1, 0
497000, 80, 1, 0
497999, 59, 1, 0
499000, 103, 1, 0
500000, 108, 1, 0
500999, 48, 1, 0
502000, 60, 1, 0
502999, 74, 1, 0
504000, 88, 1, 0
505000, 95, 1, 0
505999, 80, 1, 0
507000, 76, 1, 0
507999, 80, 1, 0
509000, 86, 1, 0
510000, 54, 1, 0
510999, 55, 1, 0
512000, 91, 1, 0
512999, 63, 1, 0
514000, 89, 1, 0
515000, 60, 1, 0
515999, 86, 1, 0
517000, 55, 1, 0
517999, 70, 1, 0
519000, 74, 1, 0
520000, 67, 1, 0
520999, 69, 1, 0
522000, 59, 1, 0
522999, 98, 1, 0
523999, 94, 1, 0
525000, 76, 1, 0
525999, 70, 1, 0
527000, 53, 1, 0
528000, 52, 1, 0
528999, 85, 1, 0
530000, 69, 1, 0
531000, 69, 1, 0
531999, 77, 1, 0
533000, 84, 1, 0
533999, 78, 1, 0
535000, 60, 1, 0
536000, 102, 1, 0
536999, 71, 1, 0
538000, 87, 1, 0
538999, 76, 1, 0
539999, 120, 1, 0
541000, 75, 1, 0
541999, 92, 1, 0
543000, 80, 1, 0
543999, 71, 1, 0
544999, 75, 1, 0
546000, 82, 1, 0
546999, 57, 1, 0
548000, 62, 1, 0
548999, 81, 1, 0
549999, 101, 1, 0
551000, 89, 1, 0
551999, 72, 1, 0
553000, 79, 1, 0
554000, 68, 1, 0
554999, 79, 1, 0
556000, 97, 1, 0
556999, 79, 1, 0
558000, 90, 1, 0
559000, 71, 1, 0
559999, 61, 1, 0
561000, 73, 1, 0
561999, 55, 1, 0
563000, 83, 1, 0
563999, 82, 1, 0
564999, 72, 1, 0
566000, 75, 1, 0
566999, 64, 1, 0
568000, 71, 1, 0
568999, 75, 1, 0
570000, 81, 1, 0
571000, 78, 1, 0
571999, 77, 1, 0
573000, 81, 1, 0
573999, 71, 1, 0
574999, 68, 1, 0
576000, 62, 1, 0
576999, 91, 1, 0
578000, 76, 1, 0
579000, 111, 1, 0
579999, 61, 1, 0
581000, 63, 1, 0
581999, 106, 1, 0
583000, 64, 1, 0
584000, 75, 1, 0
584999, 89, 1, 0
586000, 54, 1, 0
586999, 66, 1, 0
588000, 63, 1, 0
588999, 95, 1, 0
589999, 77, 1, 0
591000, 70, 1, 0
591999, 59, 1, 0
593000, 86, 1, 0
594000, 70, 1, 0
594999, 66, 1, 0
596000, 55, 1, 0
596999, 63, 1, 0
597999, 75, 1, 0
599000, 46, 1, 0
599999, 98, 1, 0
