1000, 143227, 1, 0
2000, 164988, 1, 0
3000, 139062, 1, 0
4000, 190715, 1, 0
5004, 140827, 1, 0
6000, 230361, 1, 0
7000, 98363, 1, 0
8000, 287084, 1, 0
9000, 134745, 1, 0
10000, 674205, 1, 0
11000, 107657, 1, 0
12000, 101983, 1, 0
13000, 402847, 1, 0
14000, 137589, 1, 0
15000, 2235033, 1, 0
16000, 108957, 1, 0
17000, 341292, 1, 0
18000, 98858, 1, 0
19000, 1304403, 1, 0
20000, 99411, 1, 0
21000, 5208643, 1, 0
22000, 135495, 1, 0
23006, 582498, 1, 0
24116, 6575558, 1, 0
25065, 675280638, 1, 0
26004, 746073461, 1, 0
27048, 697951782, 1, 0
28055, 717019160, 1, 0
29047, 731801953, 1, 0
30003, 711485045, 1, 0
31067, 822470354, 1, 0
32030, 1126644580, 1, 0
33028, 890470290, 1, 0
34063, 781764081, 1, 0
35193, 659118061, 1, 0
36004, 878708034, 1, 0
37066, 708412501, 1, 0
38124, 882448975, 1, 0
39064, 849474871, 1, 0
40056, 694234705, 1, 0
41235, 804270461, 1, 0
42092, 675001536, 1, 0
43020, 884565540, 1, 0
44209, 729746233, 1, 0
45029, 594602098, 1, 0
46088, 650199158, 1, 0
47018, 867682047, 1, 0
48012, 751963439, 1, 0
49064, 803429759, 1, 0
50107, 722026406, 1, 0
51026, 795391330, 1, 0
52070, 567166381, 1, 0
53117, 670976202, 1, 0
54013, 764073814, 1, 0
55054, 771834054, 1, 0
56101, 758151094, 1, 0
57179, 718099653, 1, 0
58074, 905151005, 1, 0
59023, 927984239, 1, 0
60059, 715589066, 1, 0
61277, 732479224, 1, 0
62061, 764584428, 1, 0
63015, 779685441, 1, 0
64019, 902492934, 1, 0
65088, 873196074, 1, 0
66000, 701721678, 1, 0
67005, 761735708, 1, 0
68086, 808432082, 1, 0
69065, 688581118, 1, 0
70009, 973160220, 1, 0
71006, 719752321, 1, 0
72139, 909550509, 1, 0
73049, 1023673549, 1, 0
74036, 853718360, 1, 0
75185, 748938921, 1, 0
76033, 809395772, 1, 0
77065, 650740216, 1, 0
78220, 774662723, 1, 0
79232, 623744861, 1, 0
80211, 725519678, 1, 0
81021, 722192779, 1, 0
82128, 829433565, 1, 0
83019, 866856259, 1, 0
84016, 724535919, 1, 0
85000, 807370161, 1, 0
86019, 982372827, 1, 0
87043, 1198034886, 1, 0
88050, 784145295, 1, 0
89039, 714013401, 1, 0
90146, 638175702, 1, 0
91007, 800846041, 1, 0
92017, 933575512, 1, 0
93043, 693198161, 1, 0
94183, 657991330, 1, 0
95056, 1033602473, 1, 0
96042, 972730926, 1, 0
97093, 759976221, 1, 0
98139, 1008505721, 1, 0
99039, 814810188, 1, 0
100011, 837636402, 1, 0
100033, 665600426, 1, 0
