1004, 7326572, 0, 0
2004, 7805588, 0, 0
3002, 7786298, 0, 0
4021, 7957619, 0, 0
5020, 7795971, 0, 0
6021, 7700939, 0, 0
7034, 7780346, 0, 0
8046, 7964685, 0, 0
9001, 7820670, 0, 0
10057, 7757127, 0, 0
11018, 8004725, 0, 0
12020, 7759277, 0, 0
13043, 7985592, 0, 0
14059, 7868951, 0, 0
15057, 7733757, 0, 0
16020, 8220391, 0, 0
17032, 7385338, 0, 0
18018, 7573871, 0, 0
19017, 7231550, 0, 0
20015, 7735651, 0, 0
21018, 7826091, 0, 0
22031, 7847345, 0, 0
23021, 7665863, 0, 0
24010, 7488431, 0, 0
25046, 7558048, 0, 0
26027, 7597110, 0, 0
27049, 7559696, 0, 0
28050, 7578013, 0, 0
29031, 7598740, 0, 0
30023, 7567935, 0, 0
31048, 7872505, 0, 0
32053, 7731251, 0, 0
33025, 7469412, 0, 0
34044, 7831349, 0, 0
35043, 7673424, 0, 0
36016, 6898072, 0, 0
37026, 7704428, 0, 0
38036, 7641393, 0, 0
39056, 7784134, 0, 0
40057, 8002170, 0, 0
41031, 7310870, 0, 0
42030, 7507963, 0, 0
43025, 7310620, 0, 0
44020, 7586338, 0, 0
45056, 8022107, 0, 0
46002, 7690371, 0, 0
47061, 7613179, 0, 0
48015, 7625345, 0, 0
49001, 7573531, 0, 0
50054, 7063780, 0, 0
51057, 7159096, 0, 0
52026, 7683890, 0, 0
53063, 7240507, 0, 0
54053, 8180572, 0, 0
55036, 7165451, 0, 0
56039, 7425680, 0, 0
57038, 7562715, 0, 0
58057, 7485091, 0, 0
59049, 7622034, 0, 0
60005, 7350384, 0, 0
61044, 7255000, 0, 0
62029, 7079383, 0, 0
63011, 7168106, 0, 0
64038, 7655111, 0, 0
65002, 7707428, 0, 0
66031, 7290984, 0, 0
67008, 7396838, 0, 0
68055, 7470435, 0, 0
69040, 7287594, 0, 0
70002, 7631161, 0, 0
71016, 8035494, 0, 0
72018, 7362864, 0, 0
73012, 7360638, 0, 0
74002, 7437172, 0, 0
75032, 7145166, 0, 0
76015, 7493278, 0, 0
77009, 7098339, 0, 0
78020, 7534165, 0, 0
79054, 7599549, 0, 0
80025, 7465554, 0, 0
81051, 6829873, 0, 0
82010, 7427146, 0, 0
83012, 7474863, 0, 0
84043, 7098753, 0, 0
85027, 7235557, 0, 0
86030, 7203226, 0, 0
87034, 7488962, 0, 0
88024, 7273237, 0, 0
89053, 6762393, 0, 0
90006, 7107514, 0, 0
91037, 7103871, 0, 0
92069, 7810350, 0, 0
93021, 7318409, 0, 0
94025, 7324774, 0, 0
95001, 7216842, 0, 0
96054, 7159548, 0, 0
97044, 7013834, 0, 0
98009, 6886809, 0, 0
99003, 7046540, 0, 0
100028, 7367650, 0, 0
101047, 7169642, 0, 0
102058, 7160604, 0, 0
103020, 7121701, 0, 0
104055, 7183243, 0, 0
105053, 6829656, 0, 0
106027, 7312502, 0, 0
107061, 7278189, 0, 0
108031, 7075419, 0, 0
109054, 7516710, 0, 0
110045, 7017844, 0, 0
111059, 7289142, 0, 0
112057, 7228443, 0, 0
113021, 7296909, 0, 0
114020, 7180669, 0, 0
115034, 7555166, 0, 0
116059, 7263277, 0, 0
117051, 7292707, 0, 0
118041, 7063863, 0, 0
119057, 7463143, 0, 0
120026, 6818547, 0, 0
121026, 7346737, 0, 0
122001, 7059266, 0, 0
123052, 7000521, 0, 0
124009, 7468190, 0, 0
125046, 6951991, 0, 0
126031, 7401261, 0, 0
127027, 6506278, 0, 0
128004, 7686082, 0, 0
129013, 7100191, 0, 0
130027, 7183497, 0, 0
131001, 7431381, 0, 0
132060, 6913858, 0, 0
133056, 7005139, 0, 0
134047, 6878677, 0, 0
135002, 7013224, 0, 0
136057, 6715982, 0, 0
137007, 7190850, 0, 0
138057, 6636852, 0, 0
139002, 7323692, 0, 0
140008, 7173268, 0, 0
141040, 7164991, 0, 0
142054, 7030368, 0, 0
143027, 7097671, 0, 0
144036, 7103812, 0, 0
145030, 7089230, 0, 0
146009, 6939829, 0, 0
147001, 6788503, 0, 0
148012, 7009782, 0, 0
149025, 6843045, 0, 0
150015, 7061848, 0, 0
151016, 6992063, 0, 0
152058, 6760822, 0, 0
153015, 6734797, 0, 0
154004, 7055235, 0, 0
155023, 6366313, 0, 0
156015, 7028939, 0, 0
157030, 6897549, 0, 0
158028, 6783767, 0, 0
159011, 6817769, 0, 0
160000, 6860215, 0, 0
161018, 6690674, 0, 0
162055, 6641381, 0, 0
163025, 6597319, 0, 0
164053, 6499040, 0, 0
165001, 6813130, 0, 0
166044, 6470117, 0, 0
167063, 7019327, 0, 0
168058, 7001784, 0, 0
169056, 6646041, 0, 0
170042, 7194453, 0, 0
171048, 6321079, 0, 0
172041, 6567338, 0, 0
173045, 6969688, 0, 0
174038, 6746920, 0, 0
175012, 7373925, 0, 0
176034, 6899430, 0, 0
177056, 6583649, 0, 0
178015, 6843890, 0, 0
179029, 6752383, 0, 0
180018, 7109738, 0, 0
181050, 6408243, 0, 0
182048, 6599119, 0, 0
183039, 6690522, 0, 0
184032, 6656501, 0, 0
185052, 6883627, 0, 0
186035, 6823944, 0, 0
187034, 6740234, 0, 0
188019, 6648436, 0, 0
189027, 6219549, 0, 0
190034, 6447768, 0, 0
191008, 6577572, 0, 0
192008, 6401937, 0, 0
193060, 6449715, 0, 0
194024, 6590312, 0, 0
195008, 6388304, 0, 0
196017, 6905466, 0, 0
197040, 6348121, 0, 0
198049, 6628352, 0, 0
199048, 6699690, 0, 0
200047, 6699789, 0, 0
201014, 6484356, 0, 0
202035, 6987409, 0, 0
203018, 6211162, 0, 0
204015, 6921548, 0, 0
205003, 6452082, 0, 0
206000, 6963390, 0, 0
207048, 6504125, 0, 0
208040, 6153938, 0, 0
209072, 6917744, 0, 0
210009, 6505500, 0, 0
211022, 6445164, 0, 0
212027, 6275598, 0, 0
213053, 6877425, 0, 0
214006, 6946633, 0, 0
215028, 6382835, 0, 0
216057, 6633724, 0, 0
217039, 6408645, 0, 0
218022, 6776915, 0, 0
219003, 6280404, 0, 0
220051, 6194818, 0, 0
221004, 6392209, 0, 0
222005, 6405826, 0, 0
223016, 7215510, 0, 0
224001, 6516332, 0, 0
225047, 7163646, 0, 0
226004, 6373953, 0, 0
227013, 6631722, 0, 0
228038, 6735158, 0, 0
229038, 6488640, 0, 0
230017, 6565155, 0, 0
231015, 6600000, 0, 0
232061, 6654832, 0, 0
233035, 6483691, 0, 0
234024, 6416486, 0, 0
235041, 6643606, 0, 0
236012, 6294495, 0, 0
237042, 6162397, 0, 0
238017, 6054732, 0, 0
239025, 6174418, 0, 0
240009, 6427617, 0, 0
241049, 6219046, 0, 0
242002, 6304994, 0, 0
243046, 6557551, 0, 0
244056, 5902775, 0, 0
245031, 5901651, 0, 0
246033, 6255172, 0, 0
247032, 6610454, 0, 0
248020, 6210125, 0, 0
249009, 6135474, 0, 0
250020, 6083353, 0, 0
251030, 6553302, 0, 0
252007, 6779165, 0, 0
253050, 6724069, 0, 0
254063, 6487289, 0, 0
255049, 6002100, 0, 0
256060, 6435707, 0, 0
257045, 6265713, 0, 0
258052, 6618399, 0, 0
259074, 6116192, 0, 0
260028, 6483146, 0, 0
261028, 5981928, 0, 0
262004, 5803950, 0, 0
263015, 6272614, 0, 0
264004, 6373535, 0, 0
265002, 6604179, 0, 0
266047, 5797362, 0, 0
267001, 6616881, 0, 0
268036, 6015248, 0, 0
269041, 6519527, 0, 0
270010, 6364378, 0, 0
271039, 6306922, 0, 0
272008, 6329428, 0, 0
273044, 5781718, 0, 0
274035, 6264853, 0, 0
275038, 6465847, 0, 0
276049, 6195043, 0, 0
277019, 6250572, 0, 0
278056, 6560594, 0, 0
279011, 6445171, 0, 0
280032, 6218508, 0, 0
281063, 6056365, 0, 0
282028, 6179684, 0, 0
283029, 6671528, 0, 0
284016, 5970885, 0, 0
285037, 6380283, 0, 0
286009, 6739980, 0, 0
287029, 6572626, 0, 0
288065, 5984326, 0, 0
289008, 6238180, 0, 0
290062, 6303316, 0, 0
291060, 5974066, 0, 0
292048, 6204815, 0, 0
293009, 5683709, 0, 0
294014, 5936573, 0, 0
295011, 6186953, 0, 0
296012, 6176904, 0, 0
297008, 5885061, 0, 0
298056, 6119118, 0, 0
299029, 5896997, 0, 0
300028, 6044917, 0, 0
301024, 6028280, 0, 0
302031, 6024925, 0, 0
303041, 6192355, 0, 0
304021, 5931909, 0, 0
305020, 5836081, 0, 0
306017, 6112086, 0, 0
307034, 6079694, 0, 0
308041, 6099566, 0, 0
309002, 6232693, 0, 0
310055, 5656844, 0, 0
311062, 6094513, 0, 0
312054, 5728596, 0, 0
313005, 6086651, 0, 0
314011, 5986367, 0, 0
315033, 6149783, 0, 0
316010, 5704519, 0, 0
317014, 5796205, 0, 0
318032, 5779682, 0, 0
319026, 5911718, 0, 0
320044, 6087898, 0, 0
321052, 6802723, 0, 0
322069, 5773936, 0, 0
323019, 6082851, 0, 0
324042, 5773515, 0, 0
325005, 5346361, 0, 0
326039, 5867798, 0, 0
327027, 5451134, 0, 0
328063, 6052981, 0, 0
329013, 6160166, 0, 0
330022, 6262187, 0, 0
331057, 5621746, 0, 0
332027, 6680632, 0, 0
333014, 5569087, 0, 0
334008, 6287458, 0, 0
335016, 5500346, 0, 0
336065, 5486827, 0, 0
337046, 6712526, 0, 0
338008, 5552500, 0, 0
339045, 5884587, 0, 0
340007, 5523887, 0, 0
341021, 5889300, 0, 0
342018, 6189159, 0, 0
343070, 5620094, 0, 0
344063, 5390425, 0, 0
345020, 5589462, 0, 0
346046, 5759084, 0, 0
347032, 5628913, 0, 0
348043, 5705026, 0, 0
349021, 6143024, 0, 0
350016, 5713173, 0, 0
351009, 5391894, 0, 0
352019, 5338077, 0, 0
353045, 5820391, 0, 0
354057, 5524885, 0, 0
355036, 5463988, 0, 0
356053, 5736169, 0, 0
357056, 5930465, 0, 0
358030, 5865641, 0, 0
359059, 5437658, 0, 0
360054, 5679142, 0, 0
361042, 5542657, 0, 0
362004, 6079139, 0, 0
363040, 5815954, 0, 0
364004, 5833968, 0, 0
365041, 5452489, 0, 0
366068, 6257276, 0, 0
367016, 5474281, 0, 0
368057, 5711140, 0, 0
369004, 5991156, 0, 0
370015, 5311992, 0, 0
371026, 5125945, 0, 0
372050, 5502523, 0, 0
373027, 5572990, 0, 0
374033, 5680292, 0, 0
375018, 5376324, 0, 0
376015, 5592548, 0, 0
377019, 6077126, 0, 0
378029, 5342582, 0, 0
379048, 5498477, 0, 0
380039, 5235479, 0, 0
381016, 5221238, 0, 0
382004, 5606846, 0, 0
383050, 5415798, 0, 0
384007, 6453746, 0, 0
385040, 4938493, 0, 0
386039, 5144527, 0, 0
387033, 5338328, 0, 0
388010, 4951617, 0, 0
389006, 5748727, 0, 0
390034, 5241046, 0, 0
391051, 5375255, 0, 0
392041, 5887398, 0, 0
393024, 5061730, 0, 0
394002, 5920023, 0, 0
395003, 5582790, 0, 0
396014, 5579286, 0, 0
397029, 5509868, 0, 0
398014, 5626649, 0, 0
399005, 5290547, 0, 0
400031, 5231761, 0, 0
401006, 5405717, 0, 0
402016, 5456684, 0, 0
403024, 5561493, 0, 0
404042, 5006427, 0, 0
405035, 5391531, 0, 0
406042, 5682032, 0, 0
407025, 5398243, 0, 0
408015, 5404265, 0, 0
409008, 5243745, 0, 0
410058, 5549777, 0, 0
411005, 4849618, 0, 0
412005, 5984245, 0, 0
413019, 5659577, 0, 0
414013, 5338086, 0, 0
415013, 5199248, 0, 0
416053, 4997240, 0, 0
417033, 5499540, 0, 0
418030, 5531722, 0, 0
419015, 5288880, 0, 0
420034, 5657102, 0, 0
421010, 5022990, 0, 0
422037, 5603125, 0, 0
423061, 5652132, 0, 0
424031, 4945558, 0, 0
425041, 4990775, 0, 0
426013, 5746589, 0, 0
427054, 5709112, 0, 0
428023, 5442008, 0, 0
429024, 5613446, 0, 0
430028, 5115821, 0, 0
431002, 5350266, 0, 0
432015, 5714361, 0, 0
433026, 5837143, 0, 0
434022, 4829449, 0, 0
435040, 5213123, 0, 0
436025, 5436284, 0, 0
437029, 5198749, 0, 0
438043, 5355378, 0, 0
439047, 5039833, 0, 0
440062, 5603275, 0, 0
441041, 5310762, 0, 0
442035, 5642564, 0, 0
443054, 5117299, 0, 0
444014, 5292861, 0, 0
445002, 5011595, 0, 0
446010, 5442450, 0, 0
447058, 5286809, 0, 0
448055, 5240872, 0, 0
449015, 5213841, 0, 0
450035, 5477569, 0, 0
451015, 5176364, 0, 0
452018, 5417942, 0, 0
453054, 5389100, 0, 0
454006, 5312817, 0, 0
455032, 5824591, 0, 0
456047, 4824379, 0, 0
457042, 5462272, 0, 0
458041, 4703601, 0, 0
459060, 5785689, 0, 0
460060, 5284553, 0, 0
461029, 5069356, 0, 0
462042, 4981670, 0, 0
463000, 5226417, 0, 0
464016, 5287713, 0, 0
465014, 5537123, 0, 0
466004, 4921825, 0, 0
467003, 5061222, 0, 0
468006, 5137980, 0, 0
469019, 5009796, 0, 0
470019, 5201177, 0, 0
471009, 5151275, 0, 0
472053, 4574093, 0, 0
473044, 5320506, 0, 0
474012, 5008862, 0, 0
475013, 5099856, 0, 0
476048, 5169073, 0, 0
477007, 5411993, 0, 0
478018, 4949727, 0, 0
479057, 4761794, 0, 0
480049, 4784838, 0, 0
481014, 5126619, 0, 0
482046, 5078367, 0, 0
483001, 5270697, 0, 0
484055, 4830106, 0, 0
485022, 5366637, 0, 0
486036, 5113242, 0, 0
487048, 4811619, 0, 0
488042, 5197695, 0, 0
489058, 4763738, 0, 0
490057, 4515250, 0, 0
491057, 5069284, 0, 0
492047, 4971523, 0, 0
493021, 5144859, 0, 0
494060, 5187712, 0, 0
495001, 4972517, 0, 0
496004, 4866345, 0, 0
497041, 5023786, 0, 0
498024, 4888090, 0, 0
499020, 4895916, 0, 0
500017, 5028930, 0, 0
501014, 5269727, 0, 0
502015, 5181877, 0, 0
503007, 5382509, 0, 0
504008, 5050971, 0, 0
505019, 4902802, 0, 0
506018, 4989828, 0, 0
507016, 4813602, 0, 0
508040, 5381237, 0, 0
509035, 4780338, 0, 0
510043, 4637628, 0, 0
511063, 5116947, 0, 0
512026, 4560500, 0, 0
513029, 5108681, 0, 0
514055, 4857309, 0, 0
515039, 5069035, 0, 0
516005, 4968467, 0, 0
517040, 4744449, 0, 0
518050, 5280840, 0, 0
519005, 4519006, 0, 0
520023, 4844720, 0, 0
521053, 4588583, 0, 0
522055, 4766286, 0, 0
523036, 4644247, 0, 0
524029, 5112038, 0, 0
525009, 4995973, 0, 0
526038, 5008801, 0, 0
527033, 4690051, 0, 0
528037, 4773118, 0, 0
529056, 4732934, 0, 0
530011, 4869410, 0, 0
531041, 4967571, 0, 0
532034, 4589589, 0, 0
533052, 5060393, 0, 0
534052, 4872302, 0, 0
535045, 4836309, 0, 0
536054, 4601926, 0, 0
537056, 4408051, 0, 0
538029, 4397005, 0, 0
539055, 4852926, 0, 0
540022, 4692064, 0, 0
541049, 4438410, 0, 0
542031, 4977690, 0, 0
543048, 4978015, 0, 0
544036, 4614466, 0, 0
545014, 4282731, 0, 0
546022, 4703520, 0, 0
547067, 4744747, 0, 0
548040, 4980991, 0, 0
549064, 4779476, 0, 0
550030, 4976103, 0, 0
551055, 4826418, 0, 0
552036, 4516970, 0, 0
553054, 4770637, 0, 0
554015, 4504040, 0, 0
555024, 4777219, 0, 0
556024, 4896181, 0, 0
557061, 4192580, 0, 0
558050, 4448392, 0, 0
559005, 4609923, 0, 0
560030, 4945012, 0, 0
561021, 4476945, 0, 0
562045, 4650237, 0, 0
563034, 4219460, 0, 0
564037, 4470853, 0, 0
565040, 4414058, 0, 0
566031, 4416221, 0, 0
567021, 4394371, 0, 0
568066, 4439714, 0, 0
569044, 4342252, 0, 0
570002, 4805825, 0, 0
571022, 3980356, 0, 0
572057, 4344217, 0, 0
573055, 4593383, 0, 0
574000, 4366105, 0, 0
575058, 4347810, 0, 0
576004, 4869609, 0, 0
577037, 4281057, 0, 0
578046, 4178815, 0, 0
579023, 4263804, 0, 0
580010, 4623540, 0, 0
581016, 4631925, 0, 0
582028, 4156676, 0, 0
583055, 4911359, 0, 0
584009, 4268014, 0, 0
585033, 4695662, 0, 0
586042, 4287658, 0, 0
587028, 4082529, 0, 0
588014, 4226895, 0, 0
589043, 4177858, 0, 0
590068, 4715823, 0, 0
591039, 4271170, 0, 0
592043, 4398364, 0, 0
593037, 4509418, 0, 0
594022, 4372504, 0, 0
595002, 4703796, 0, 0
596047, 4498825, 0, 0
597041, 4372467, 0, 0
598056, 4406207, 0, 0
599003, 4416088, 0, 0
600068, 4470356, 0, 0
601047, 4462533, 0, 0
602035, 4215872, 0, 0
603061, 4436138, 0, 0
604009, 4130682, 0, 0
605052, 4356734, 0, 0
606015, 4496071, 0, 0
607000, 3869779, 0, 0
608050, 4128432, 0, 0
609037, 4398107, 0, 0
610030, 4100455, 0, 0
611001, 4071182, 0, 0
612000, 4473025, 0, 0
613036, 4106287, 0, 0
614011, 4504099, 0, 0
615014, 4319197, 0, 0
616020, 4234879, 0, 0
617032, 4012309, 0, 0
618017, 4181498, 0, 0
619037, 4570316, 0, 0
620042, 4480406, 0, 0
621015, 4028131, 0, 0
622000, 4352992, 0, 0
623026, 4097360, 0, 0
624052, 4306463, 0, 0
625020, 4006863, 0, 0
626047, 4817733, 0, 0
627004, 4283369, 0, 0
628056, 4305951, 0, 0
629023, 4022868, 0, 0
630028, 4249444, 0, 0
631048, 4043103, 0, 0
632027, 4003500, 0, 0
633012, 3697444, 0, 0
634034, 4307564, 0, 0
635053, 4134882, 0, 0
636065, 3960888, 0, 0
637013, 3878009, 0, 0
638063, 3940891, 0, 0
639021, 4369062, 0, 0
640009, 4061613, 0, 0
641016, 4296389, 0, 0
642056, 4150127, 0, 0
643010, 4788652, 0, 0
644049, 3961858, 0, 0
645047, 3984604, 0, 0
646026, 4633886, 0, 0
647017, 4069697, 0, 0
648042, 4128403, 0, 0
649046, 4089282, 0, 0
650026, 4164347, 0, 0
651028, 3833906, 0, 0
652000, 4129006, 0, 0
653055, 4215902, 0, 0
654026, 3559962, 0, 0
655033, 4024857, 0, 0
656040, 4241260, 0, 0
657000, 4295191, 0, 0
658018, 3924610, 0, 0
659041, 3869459, 0, 0
660051, 3501787, 0, 0
661007, 3911794, 0, 0
662037, 3671435, 0, 0
663000, 3598582, 0, 0
664047, 3578762, 0, 0
665002, 3990161, 0, 0
666036, 3754735, 0, 0
667045, 3917720, 0, 0
668058, 4011747, 0, 0
669042, 3809286, 0, 0
670028, 4172113, 0, 0
671000, 4429365, 0, 0
672017, 4078679, 0, 0
673034, 3551179, 0, 0
674059, 3965134, 0, 0
675045, 4103356, 0, 0
676015, 4209502, 0, 0
677026, 4154867, 0, 0
678038, 4227182, 0, 0
679004, 4137590, 0, 0
680019, 3976382, 0, 0
681025, 4461568, 0, 0
682052, 4328595, 0, 0
683030, 3905029, 0, 0
684044, 4130601, 0, 0
685055, 3767672, 0, 0
686046, 4227627, 0, 0
687060, 3667054, 0, 0
688038, 4249095, 0, 0
689053, 4033718, 0, 0
690049, 4400347, 0, 0
691045, 3979931, 0, 0
692025, 4076376, 0, 0
693013, 4567840, 0, 0
694014, 3965681, 0, 0
695033, 3836296, 0, 0
696018, 3754929, 0, 0
697028, 3677525, 0, 0
698039, 3839234, 0, 0
699056, 3534972, 0, 0
700002, 4107610, 0, 0
701063, 4139714, 0, 0
702001, 3869434, 0, 0
703042, 3817986, 0, 0
704027, 4185402, 0, 0
705041, 3970496, 0, 0
706061, 3886208, 0, 0
707012, 3908439, 0, 0
708011, 4106195, 0, 0
709058, 3869182, 0, 0
710048, 3491253, 0, 0
711040, 4235751, 0, 0
712023, 4267858, 0, 0
713008, 4371583, 0, 0
714051, 3769835, 0, 0
715053, 4068640, 0, 0
716042, 4148463, 0, 0
717029, 4174021, 0, 0
718040, 3721627, 0, 0
719052, 3770786, 0, 0
720023, 3907340, 0, 0
721058, 4118924, 0, 0
722056, 3923948, 0, 0
723021, 3850191, 0, 0
724054, 3391810, 0, 0
725004, 3650120, 0, 0
726037, 3802574, 0, 0
727039, 3332649, 0, 0
728005, 3696095, 0, 0
729048, 4530254, 0, 0
730022, 4209846, 0, 0
731015, 4633187, 0, 0
732025, 4115586, 0, 0
733019, 4135640, 0, 0
734012, 3723568, 0, 0
735024, 3623075, 0, 0
736022, 4881103, 0, 0
737015, 4000004, 0, 0
738048, 3805515, 0, 0
739039, 3585532, 0, 0
740052, 4043822, 0, 0
741033, 3230004, 0, 0
742017, 3945418, 0, 0
743008, 3762900, 0, 0
744040, 3757283, 0, 0
745004, 3979995, 0, 0
746012, 4104411, 0, 0
747005, 4331009, 0, 0
748042, 3891705, 0, 0
749000, 4069924, 0, 0
750039, 4149809, 0, 0
751029, 3659284, 0, 0
752007, 4303057, 0, 0
753029, 3458297, 0, 0
754017, 3807420, 0, 0
755004, 3717495, 0, 0
756027, 3824681, 0, 0
757057, 4230827, 0, 0
758036, 3897055, 0, 0
759037, 3727599, 0, 0
760012, 4125144, 0, 0
761047, 3700706, 0, 0
762067, 3773909, 0, 0
763032, 4012007, 0, 0
764040, 3673262, 0, 0
765038, 4275299, 0, 0
766033, 4418211, 0, 0
767062, 3300092, 0, 0
768037, 4466000, 0, 0
769042, 3546068, 0, 0
770006, 3589095, 0, 0
771064, 4240386, 0, 0
772023, 4741771, 0, 0
773024, 3874416, 0, 0
774030, 3280747, 0, 0
775003, 3637595, 0, 0
776030, 3795549, 0, 0
777042, 3770316, 0, 0
778018, 3883322, 0, 0
779058, 3721642, 0, 0
780036, 3352679, 0, 0
781051, 3710701, 0, 0
782054, 4469913, 0, 0
783015, 3983494, 0, 0
784011, 4162154, 0, 0
785017, 4047758, 0, 0
786020, 4038896, 0, 0
787048, 3946364, 0, 0
788062, 4065495, 0, 0
789010, 4527354, 0, 0
790013, 3738180, 0, 0
791014, 3274243, 0, 0
792007, 3566968, 0, 0
793007, 4091294, 0, 0
794036, 3816383, 0, 0
795036, 4268812, 0, 0
796035, 3864209, 0, 0
797016, 3752301, 0, 0
798000, 3693278, 0, 0
799017, 3979152, 0, 0
800049, 3447591, 0, 0
801047, 3786188, 0, 0
802002, 3940315, 0, 0
803031, 3876069, 0, 0
804044, 4497767, 0, 0
805041, 3658137, 0, 0
806023, 3874599, 0, 0
807053, 3925155, 0, 0
808064, 3942579, 0, 0
809015, 4165841, 0, 0
810050, 4675125, 0, 0
811049, 3790828, 0, 0
812012, 3422745, 0, 0
813006, 3954558, 0, 0
814061, 4371194, 0, 0
815008, 4456460, 0, 0
816051, 4233946, 0, 0
817037, 4017869, 0, 0
818004, 3684549, 0, 0
819038, 3823412, 0, 0
820029, 3833124, 0, 0
821013, 4146864, 0, 0
822047, 3878418, 0, 0
823062, 3867807, 0, 0
824053, 4073251, 0, 0
825045, 3510709, 0, 0
826050, 4324007, 0, 0
827005, 4239846, 0, 0
828034, 4141064, 0, 0
829057, 4685315, 0, 0
830056, 3572897, 0, 0
831063, 4037034, 0, 0
832065, 3719259, 0, 0
833018, 4246276, 0, 0
834062, 3427164, 0, 0
835043, 3887255, 0, 0
836033, 3862636, 0, 0
837044, 4066668, 0, 0
838004, 4440825, 0, 0
839000, 3613433, 0, 0
840014, 4100508, 0, 0
841011, 4423393, 0, 0
842026, 4223419, 0, 0
843040, 3589309, 0, 0
844042, 3598042, 0, 0
845070, 4277302, 0, 0
846060, 3619740, 0, 0
847027, 4291870, 0, 0
848002, 4269582, 0, 0
849051, 3608458, 0, 0
850066, 3870505, 0, 0
851065, 4169414, 0, 0
852020, 3456750, 0, 0
853001, 3681403, 0, 0
854034, 4522506, 0, 0
855048, 3706955, 0, 0
856003, 3858804, 0, 0
857001, 3939142, 0, 0
858009, 3994957, 0, 0
859019, 4082809, 0, 0
860053, 3607749, 0, 0
861015, 3794077, 0, 0
862013, 3907740, 0, 0
863028, 3751859, 0, 0
864016, 4405085, 0, 0
865056, 3747069, 0, 0
866041, 3872524, 0, 0
867041, 3681816, 0, 0
868031, 4395847, 0, 0
869009, 4134463, 0, 0
870027, 3792426, 0, 0
871039, 4142233, 0, 0
872035, 3882035, 0, 0
873006, 3565149, 0, 0
874055, 3850331, 0, 0
875008, 3775717, 0, 0
876059, 3856213, 0, 0
877038, 3878910, 0, 0
878018, 3944291, 0, 0
879018, 4397329, 0, 0
880018, 3590969, 0, 0
881048, 3685830, 0, 0
882013, 4282931, 0, 0
883053, 3918528, 0, 0
884006, 3803968, 0, 0
885038, 4158021, 0, 0
886037, 4156396, 0, 0
887024, 3702976, 0, 0
888059, 4082196, 0, 0
889052, 3842212, 0, 0
890034, 3772615, 0, 0
891055, 4336882, 0, 0
892043, 3835861, 0, 0
893053, 3908034, 0, 0
894047, 3815896, 0, 0
895050, 3910772, 0, 0
896014, 3791069, 0, 0
897041, 3727893, 0, 0
898010, 4114504, 0, 0
899004, 3759397, 0, 0
900034, 3810290, 0, 0
901047, 3874983, 0, 0
902057, 3863524, 0, 0
903008, 3991233, 0, 0
904019, 3867653, 0, 0
905019, 3588773, 0, 0
906002, 3664000, 0, 0
907057, 4036435, 0, 0
908051, 3542409, 0, 0
909014, 3832239, 0, 0
910024, 3986311, 0, 0
911034, 4082657, 0, 0
912053, 4020857, 0, 0
913057, 3607110, 0, 0
914035, 3937368, 0, 0
915030, 3956159, 0, 0
916021, 3864258, 0, 0
917013, 3812500, 0, 0
918051, 3998348, 0, 0
919026, 4059423, 0, 0
920010, 3651031, 0, 0
921042, 4386563, 0, 0
922034, 3334058, 0, 0
923026, 3723530, 0, 0
924055, 4058944, 0, 0
925022, 4127335, 0, 0
926042, 4207561, 0, 0
927036, 3774225, 0, 0
928032, 3794341, 0, 0
929028, 3947964, 0, 0
930008, 3995307, 0, 0
931036, 3800243, 0, 0
932019, 4023735, 0, 0
933012, 3784047, 0, 0
934012, 3752874, 0, 0
935035, 3767827, 0, 0
936050, 3852356, 0, 0
937039, 3553913, 0, 0
938048, 3714658, 0, 0
939004, 4208681, 0, 0
940006, 3650158, 0, 0
941005, 4596381, 0, 0
942036, 3757987, 0, 0
943055, 3897043, 0, 0
944033, 3462078, 0, 0
945044, 4950532, 0, 0
946034, 3743232, 0, 0
947025, 3849045, 0, 0
948025, 4195279, 0, 0
949016, 3819753, 0, 0
950030, 3795138, 0, 0
951012, 4048241, 0, 0
952051, 4308875, 0, 0
953021, 3903226, 0, 0
954032, 3927372, 0, 0
955048, 4614963, 0, 0
956006, 3885167, 0, 0
957037, 4184996, 0, 0
958021, 3709177, 0, 0
959051, 3849106, 0, 0
960040, 3336948, 0, 0
961036, 3868777, 0, 0
962044, 3726717, 0, 0
963053, 4114058, 0, 0
964051, 3744597, 0, 0
965036, 3713641, 0, 0
966027, 3820384, 0, 0
967006, 4245948, 0, 0
968011, 3689244, 0, 0
969021, 4050958, 0, 0
970026, 3569847, 0, 0
971024, 3534080, 0, 0
972029, 4129760, 0, 0
973058, 4209759, 0, 0
974047, 3918126, 0, 0
975022, 3817992, 0, 0
976001, 4548440, 0, 0
977024, 4223444, 0, 0
978052, 4223150, 0, 0
979017, 3734343, 0, 0
980018, 4145977, 0, 0
981031, 4234685, 0, 0
982020, 3683212, 0, 0
983050, 3522662, 0, 0
984027, 3869056, 0, 0
985069, 3883464, 0, 0
986060, 3990993, 0, 0
987028, 3590036, 0, 0
988003, 3878550, 0, 0
989021, 3684531, 0, 0
990049, 3855565, 0, 0
991048, 3694831, 0, 0
992019, 3604077, 0, 0
993064, 3700706, 0, 0
994027, 4215837, 0, 0
995003, 4369530, 0, 0
996059, 3573612, 0, 0
997040, 3547971, 0, 0
998023, 3898529, 0, 0
999022, 3833015, 0, 0
1000018, 3541727, 0, 0
1001040, 3653789, 0, 0
1002054, 4018909, 0, 0
1003002, 4322152, 0, 0
1004031, 4373593, 0, 0
1005002, 4346909, 0, 0
1006049, 3788083, 0, 0
1007033, 5066084, 0, 0
1008040, 3943045, 0, 0
1009046, 3803159, 0, 0
1010044, 4051631, 0, 0
1011008, 4719544, 0, 0
1012010, 3732222, 0, 0
1013025, 3594958, 0, 0
1014013, 3850917, 0, 0
1015037, 3817300, 0, 0
1016021, 3494108, 0, 0
1017009, 3709195, 0, 0
1018017, 3784944, 0, 0
1019058, 4403376, 0, 0
1020000, 3899376, 0, 0
1021057, 4156200, 0, 0
1022019, 4123692, 0, 0
1023008, 3917927, 0, 0
1024021, 4305042, 0, 0
1025021, 3642851, 0, 0
1026061, 3996182, 0, 0
1027007, 3983944, 0, 0
1028054, 4412174, 0, 0
1029041, 3609535, 0, 0
1030011, 3796199, 0, 0
1031040, 4374460, 0, 0
1032029, 3962249, 0, 0
1033048, 3755534, 0, 0
1034014, 4123391, 0, 0
1035054, 3831177, 0, 0
1036000, 4290602, 0, 0
1037026, 4595099, 0, 0
1038038, 3859284, 0, 0
1039025, 3716476, 0, 0
1040048, 3673117, 0, 0
1041032, 4215711, 0, 0
1042046, 3752961, 0, 0
1043012, 4264843, 0, 0
1044032, 3572386, 0, 0
1045018, 4069541, 0, 0
1046019, 4114449, 0, 0
1047001, 3890443, 0, 0
1048020, 4006984, 0, 0
1049031, 3972978, 0, 0
1050006, 4216166, 0, 0
1051040, 4113693, 0, 0
1052014, 3841988, 0, 0
1053058, 3790157, 0, 0
1054016, 4087650, 0, 0
1055030, 3893020, 0, 0
1056021, 3765109, 0, 0
1057020, 4085679, 0, 0
1058038, 3941111, 0, 0
1059032, 3608005, 0, 0
1060033, 3934177, 0, 0
1061000, 4197730, 0, 0
1062060, 3517552, 0, 0
1063071, 4259383, 0, 0
1064020, 3359957, 0, 0
1065029, 4129245, 0, 0
1066044, 3724712, 0, 0
1067043, 3705834, 0, 0
1068035, 4147559, 0, 0
1069004, 3622401, 0, 0
1070027, 3741272, 0, 0
1071014, 3457480, 0, 0
1072027, 3662334, 0, 0
1073040, 3653552, 0, 0
1074051, 3957745, 0, 0
1075012, 3915302, 0, 0
1076051, 4100947, 0, 0
1077061, 4082089, 0, 0
1078023, 3709327, 0, 0
1079031, 3994605, 0, 0
1080055, 3548612, 0, 0
1081055, 3961199, 0, 0
1082052, 4407124, 0, 0
1083052, 3683375, 0, 0
1084049, 4164200, 0, 0
1085063, 4186200, 0, 0
1086000, 4065315, 0, 0
1087008, 3755828, 0, 0
1088047, 3786004, 0, 0
1089036, 4032911, 0, 0
1090006, 4190855, 0, 0
1091003, 4483826, 0, 0
1092024, 3503630, 0, 0
1093043, 3618377, 0, 0
1094034, 3977567, 0, 0
1095014, 4093268, 0, 0
1096057, 4286455, 0, 0
1097034, 4114053, 0, 0
1098061, 4021192, 0, 0
1099030, 3665990, 0, 0
1100007, 4221403, 0, 0
1101022, 4139512, 0, 0
1102019, 3673599, 0, 0
1103035, 4025302, 0, 0
1104049, 4399178, 0, 0
1105056, 4299024, 0, 0
1106055, 3975959, 0, 0
1107056, 4011467, 0, 0
1108057, 4115252, 0, 0
1109024, 3769604, 0, 0
1110000, 4079925, 0, 0
1111011, 3627927, 0, 0
1112032, 3629626, 0, 0
1113005, 3840524, 0, 0
1114059, 3968770, 0, 0
1115019, 4479233, 0, 0
1116059, 4154144, 0, 0
1117025, 4307986, 0, 0
1118025, 4942588, 0, 0
1119038, 4287945, 0, 0
1120041, 4006782, 0, 0
1121038, 4503840, 0, 0
1122031, 3965361, 0, 0
1123027, 4077312, 0, 0
1124066, 4261440, 0, 0
1125056, 3925427, 0, 0
1126030, 4674937, 0, 0
1127003, 4049673, 0, 0
1128008, 4112333, 0, 0
1129032, 3745221, 0, 0
1130027, 4242895, 0, 0
1131017, 3849647, 0, 0
1132052, 3538692, 0, 0
1133023, 3906392, 0, 0
1134029, 4066942, 0, 0
1135047, 4166581, 0, 0
1136034, 3975258, 0, 0
1137043, 4112677, 0, 0
1138048, 4216723, 0, 0
1139060, 3978232, 0, 0
1140028, 3787890, 0, 0
1141025, 4220265, 0, 0
1142047, 3878814, 0, 0
1143040, 3800162, 0, 0
1144036, 4041474, 0, 0
1145022, 4017254, 0, 0
1146050, 4209196, 0, 0
1147002, 4150081, 0, 0
1148004, 3987634, 0, 0
1149025, 4108521, 0, 0
1150040, 4222884, 0, 0
1151045, 3534096, 0, 0
1152028, 3911380, 0, 0
1153018, 4640295, 0, 0
1154016, 3704101, 0, 0
1155039, 3825238, 0, 0
1156019, 3836419, 0, 0
1157029, 3805048, 0, 0
1158049, 3843036, 0, 0
1159057, 3686870, 0, 0
1160035, 3906872, 0, 0
1161027, 4975257, 0, 0
1162061, 4376221, 0, 0
1163051, 3688260, 0, 0
1164011, 4062596, 0, 0
1165060, 4698291, 0, 0
1166050, 4153115, 0, 0
1167044, 4002584, 0, 0
1168030, 3672822, 0, 0
1169053, 4086085, 0, 0
1170000, 3635448, 0, 0
1171054, 3882596, 0, 0
1172028, 4087366, 0, 0
1173040, 3931475, 0, 0
1174045, 4014121, 0, 0
1175044, 3586721, 0, 0
1176061, 3735013, 0, 0
1177013, 4131039, 0, 0
1178013, 3740878, 0, 0
1179053, 3814997, 0, 0
1180040, 4072321, 0, 0
1181003, 3409039, 0, 0
1182055, 3766754, 0, 0
1183042, 3663992, 0, 0
1184070, 4119005, 0, 0
1185004, 3805649, 0, 0
1186019, 3928155, 0, 0
1187037, 3866833, 0, 0
1188056, 3972191, 0, 0
1189061, 4099255, 0, 0
1190006, 3996070, 0, 0
1191009, 4022563, 0, 0
1192008, 3626687, 0, 0
1193050, 4302052, 0, 0
1194045, 4317987, 0, 0
1195058, 4014524, 0, 0
1196005, 4726408, 0, 0
1197054, 4142471, 0, 0
1198056, 3876777, 0, 0
1199054, 4017915, 0, 0
1200036, 4246597, 0, 0
1201034, 4446487, 0, 0
1202021, 3926915, 0, 0
1203063, 4504460, 0, 0
1204046, 4139855, 0, 0
1205045, 3476878, 0, 0
1206028, 4071127, 0, 0
1207014, 3889288, 0, 0
1208000, 3789032, 0, 0
1209059, 4516470, 0, 0
1210038, 4128404, 0, 0
1211000, 4529876, 0, 0
1212049, 4075091, 0, 0
1213064, 4673161, 0, 0
1214021, 3947734, 0, 0
1215041, 3784243, 0, 0
1216005, 3760833, 0, 0
1217049, 4436342, 0, 0
1218065, 3996022, 0, 0
1219004, 4759037, 0, 0
1220008, 4266972, 0, 0
1221014, 4064101, 0, 0
1222019, 4063175, 0, 0
1223040, 3721102, 0, 0
1224059, 4088172, 0, 0
1225031, 3941850, 0, 0
1226012, 3935205, 0, 0
1227010, 4049683, 0, 0
1228044, 3895594, 0, 0
1229018, 3861371, 0, 0
1230049, 4066845, 0, 0
1231020, 4215904, 0, 0
1232014, 4171224, 0, 0
1233039, 3640405, 0, 0
1234060, 3578115, 0, 0
1235033, 4135064, 0, 0
1236041, 4039327, 0, 0
1237015, 3830876, 0, 0
1238056, 4206345, 0, 0
1239045, 3771180, 0, 0
1240032, 3718196, 0, 0
1241058, 4379692, 0, 0
1242060, 3598682, 0, 0
1243023, 4179184, 0, 0
1244013, 4035825, 0, 0
1245027, 3601677, 0, 0
1246024, 4148948, 0, 0
1247055, 5174018, 0, 0
1248054, 3941628, 0, 0
1249056, 4135119, 0, 0
1250031, 4251557, 0, 0
1251009, 4051999, 0, 0
1252019, 4669859, 0, 0
1253010, 3974154, 0, 0
1254054, 4038358, 0, 0
1255050, 3981389, 0, 0
1256016, 4209785, 0, 0
1257057, 3808534, 0, 0
1258056, 4086844, 0, 0
1259055, 3928005, 0, 0
1260041, 3348434, 0, 0
1261005, 4559541, 0, 0
1262013, 3994796, 0, 0
1263024, 3913461, 0, 0
1264041, 3906546, 0, 0
1265032, 4123499, 0, 0
1266047, 3973677, 0, 0
1267010, 3891012, 0, 0
1268047, 3385018, 0, 0
1269030, 3730532, 0, 0
1270052, 3985906, 0, 0
1271037, 3981525, 0, 0
1272054, 3762023, 0, 0
1273011, 3775636, 0, 0
1274050, 3974089, 0, 0
1275005, 4355900, 0, 0
1276045, 4086797, 0, 0
1277049, 4162722, 0, 0
1278057, 4338375, 0, 0
1279033, 4163905, 0, 0
1280044, 3956364, 0, 0
1281004, 3865256, 0, 0
1282021, 4287986, 0, 0
1283029, 3826431, 0, 0
1284057, 4539947, 0, 0
1285045, 3899666, 0, 0
1286029, 3763589, 0, 0
1287024, 3762600, 0, 0
1288033, 4112033, 0, 0
1289020, 4177073, 0, 0
1290039, 3868866, 0, 0
1291028, 3982534, 0, 0
1292020, 4041513, 0, 0
1293046, 4032956, 0, 0
1294057, 4140984, 0, 0
1295013, 4165581, 0, 0
1296008, 4174896, 0, 0
1297062, 3720928, 0, 0
1298021, 4126010, 0, 0
1299069, 4119418, 0, 0
1300006, 4035056, 0, 0
1301039, 4350036, 0, 0
1302010, 3758611, 0, 0
1303055, 3750896, 0, 0
1304012, 4365692, 0, 0
1305048, 4190045, 0, 0
1306003, 3783407, 0, 0
1307047, 3917268, 0, 0
1308046, 3943614, 0, 0
1309016, 4033598, 0, 0
1310045, 4282071, 0, 0
1311006, 4031189, 0, 0
1312039, 3909666, 0, 0
1313068, 4109114, 0, 0
1314004, 3926560, 0, 0
1315018, 4623963, 0, 0
1316031, 3966362, 0, 0
1317035, 4192909, 0, 0
1318012, 4396348, 0, 0
1319033, 3773119, 0, 0
1320036, 4037957, 0, 0
1321010, 4613051, 0, 0
1322050, 4613420, 0, 0
1323019, 3854884, 0, 0
1324025, 4185010, 0, 0
1325005, 4144882, 0, 0
1326007, 3954641, 0, 0
1327017, 3908020, 0, 0
1328025, 4264516, 0, 0
1329002, 4047515, 0, 0
1330012, 4084298, 0, 0
1331044, 4221840, 0, 0
1332017, 4049285, 0, 0
1333045, 4424072, 0, 0
1334054, 5066231, 0, 0
1335043, 4329079, 0, 0
1336056, 4499315, 0, 0
1337057, 3388110, 0, 0
1338055, 4331981, 0, 0
1339046, 3910383, 0, 0
1340037, 4319149, 0, 0
1341003, 3969131, 0, 0
1342057, 3744286, 0, 0
1343049, 4931624, 0, 0
1344029, 4329320, 0, 0
1345038, 4401612, 0, 0
1346067, 4608869, 0, 0
1347033, 3824757, 0, 0
1348007, 4612714, 0, 0
1349059, 4529069, 0, 0
1350060, 4110066, 0, 0
1351007, 3830592, 0, 0
1352010, 3640016, 0, 0
1353030, 3744283, 0, 0
1354046, 3916057, 0, 0
1355006, 4206591, 0, 0
1356046, 3859358, 0, 0
1357049, 4102925, 0, 0
1358037, 4200758, 0, 0
1359033, 4228866, 0, 0
1360007, 4194835, 0, 0
1361000, 4294017, 0, 0
1362002, 4203124, 0, 0
1363028, 3954542, 0, 0
1364041, 4791462, 0, 0
1365028, 3959534, 0, 0
1366040, 4490743, 0, 0
1367023, 4196224, 0, 0
1368051, 4584326, 0, 0
1369014, 4391625, 0, 0
1370015, 3885535, 0, 0
1371011, 4013968, 0, 0
1372048, 4091057, 0, 0
1373022, 4052161, 0, 0
1374022, 4228666, 0, 0
1375015, 4387685, 0, 0
1376007, 4028860, 0, 0
1377016, 4916112, 0, 0
1378026, 3575051, 0, 0
1379006, 4219795, 0, 0
1380000, 3608202, 0, 0
1381013, 4128759, 0, 0
1382066, 4471442, 0, 0
1383009, 4463061, 0, 0
1384035, 3582763, 0, 0
1385047, 4338328, 0, 0
1386034, 4159129, 0, 0
1387021, 3717740, 0, 0
1388054, 3833573, 0, 0
1389007, 4266087, 0, 0
1390013, 4347573, 0, 0
1391035, 4795511, 0, 0
1392032, 3995528, 0, 0
1393011, 4124334, 0, 0
1394017, 4054171, 0, 0
1395069, 4266731, 0, 0
1396024, 3799668, 0, 0
1397046, 3711786, 0, 0
1398057, 3942365, 0, 0
1399040, 3703662, 0, 0
1400028, 4162802, 0, 0
1401053, 4284490, 0, 0
1402009, 4398341, 0, 0
1403010, 4669780, 0, 0
1404021, 4567585, 0, 0
1405054, 4650761, 0, 0
1406014, 4059885, 0, 0
1407056, 4373037, 0, 0
1408054, 5010868, 0, 0
1409040, 4641296, 0, 0
1410044, 4248180, 0, 0
1411069, 4533379, 0, 0
1412052, 4156099, 0, 0
1413023, 4075688, 0, 0
1414024, 4112009, 0, 0
1415006, 4477480, 0, 0
1416012, 4610572, 0, 0
1417031, 4201669, 0, 0
1418045, 4668567, 0, 0
1419024, 3788585, 0, 0
1420026, 5161015, 0, 0
1421042, 3621637, 0, 0
1422015, 3707363, 0, 0
1423059, 3789893, 0, 0
1424050, 4022251, 0, 0
1425061, 4406358, 0, 0
1426061, 4127371, 0, 0
1427018, 4051256, 0, 0
1428008, 4081725, 0, 0
1429007, 4339674, 0, 0
1430033, 4515703, 0, 0
1431051, 3952422, 0, 0
1432026, 4348751, 0, 0
1433057, 4148189, 0, 0
1434013, 4382895, 0, 0
1435009, 4398145, 0, 0
1436051, 3840861, 0, 0
1437058, 4529250, 0, 0
1438055, 4237161, 0, 0
1439019, 4838494, 0, 0
1440017, 4349697, 0, 0
1441023, 3955532, 0, 0
1442056, 4143277, 0, 0
1443043, 4246357, 0, 0
1444011, 3961117, 0, 0
1445026, 4171111, 0, 0
1446015, 4047399, 0, 0
1447031, 4281789, 0, 0
1448040, 4015292, 0, 0
1449003, 4235306, 0, 0
1450041, 4485446, 0, 0
1451041, 4162931, 0, 0
1452044, 4318392, 0, 0
1453032, 4197678, 0, 0
1454061, 4315652, 0, 0
1455058, 4218490, 0, 0
1456026, 4009103, 0, 0
1457016, 4263835, 0, 0
1458044, 4206369, 0, 0
1459031, 4212646, 0, 0
1460058, 4306628, 0, 0
1461035, 3810983, 0, 0
1462049, 4290010, 0, 0
1463019, 5043050, 0, 0
1464059, 4438916, 0, 0
1465040, 4353481, 0, 0
1466020, 4236843, 0, 0
1467034, 4459656, 0, 0
1468021, 4008757, 0, 0
1469004, 4214320, 0, 0
1470006, 3702535, 0, 0
1471032, 4657177, 0, 0
1472069, 4521398, 0, 0
1473013, 4324794, 0, 0
1474023, 4293604, 0, 0
1475014, 4228931, 0, 0
1476021, 4907803, 0, 0
1477012, 4136784, 0, 0
1478040, 4277159, 0, 0
1479040, 3902099, 0, 0
1480006, 4068311, 0, 0
1481020, 3955618, 0, 0
1482014, 4430078, 0, 0
1483000, 4358064, 0, 0
1484009, 4197584, 0, 0
1485011, 3938262, 0, 0
1486016, 4237477, 0, 0
1487078, 4259431, 0, 0
1488047, 3979058, 0, 0
1489074, 4400746, 0, 0
1490051, 4099566, 0, 0
1491056, 4147116, 0, 0
1492023, 4025574, 0, 0
1493019, 4322491, 0, 0
1494018, 3960703, 0, 0
1495041, 4101985, 0, 0
1496032, 4227667, 0, 0
1497035, 4055764, 0, 0
1498034, 4087240, 0, 0
1499036, 4678899, 0, 0
1500053, 4231421, 0, 0
1501003, 3886371, 0, 0
1502030, 4791615, 0, 0
1503022, 4198334, 0, 0
1504044, 4049904, 0, 0
1505012, 4114199, 0, 0
1506013, 4852739, 0, 0
1507042, 3665983, 0, 0
1508046, 4645837, 0, 0
1509004, 4406156, 0, 0
1510046, 4179343, 0, 0
1511052, 3864723, 0, 0
1512020, 4496478, 0, 0
1513016, 4160499, 0, 0
1514023, 4392621, 0, 0
1515059, 4056277, 0, 0
1516030, 4386718, 0, 0
1517010, 4639955, 0, 0
1518052, 4111209, 0, 0
1519007, 3924691, 0, 0
1520058, 4018575, 0, 0
1521026, 4628328, 0, 0
1522012, 4052112, 0, 0
1523049, 4726118, 0, 0
1524046, 4309770, 0, 0
1525005, 3957752, 0, 0
1526042, 4644068, 0, 0
1527033, 4561094, 0, 0
1528016, 4956808, 0, 0
1529031, 4222918, 0, 0
1530020, 4168314, 0, 0
1531040, 4505445, 0, 0
1532033, 4294661, 0, 0
1533031, 4410080, 0, 0
1534006, 4328190, 0, 0
1535043, 4620658, 0, 0
1536037, 4172771, 0, 0
1537014, 4205980, 0, 0
1538009, 4705660, 0, 0
1539004, 4141722, 0, 0
1540001, 4217706, 0, 0
1541009, 4337956, 0, 0
1542016, 3896404, 0, 0
1543054, 4471960, 0, 0
1544058, 4516393, 0, 0
1545034, 3959624, 0, 0
1546054, 4263526, 0, 0
1547030, 4576577, 0, 0
1548013, 4173231, 0, 0
1549073, 5601891, 0, 0
1550040, 4023051, 0, 0
1551000, 4459785, 0, 0
1552056, 3964904, 0, 0
1553050, 4260151, 0, 0
1554045, 4038644, 0, 0
1555041, 4142154, 0, 0
1556075, 5089814, 0, 0
1557012, 4797469, 0, 0
1558013, 4950721, 0, 0
1559055, 4605349, 0, 0
1560017, 4597845, 0, 0
1561001, 4528682, 0, 0
1562032, 4307311, 0, 0
1563028, 4214358, 0, 0
1564050, 4655154, 0, 0
1565033, 4568180, 0, 0
1566008, 4423564, 0, 0
1567060, 4432652, 0, 0
1568019, 4604036, 0, 0
1569047, 4581737, 0, 0
1570035, 4426591, 0, 0
1571048, 4337406, 0, 0
1572035, 4158077, 0, 0
1573056, 4378111, 0, 0
1574036, 4059491, 0, 0
1575059, 4540240, 0, 0
1576051, 4785051, 0, 0
1577019, 4812180, 0, 0
1578049, 4714720, 0, 0
1579045, 4162699, 0, 0
1580001, 4567386, 0, 0
1581021, 4264568, 0, 0
1582017, 4124789, 0, 0
1583018, 4545906, 0, 0
1584037, 4580510, 0, 0
1585001, 3947157, 0, 0
1586057, 4234549, 0, 0
1587023, 4571332, 0, 0
1588003, 5069968, 0, 0
1589047, 3919257, 0, 0
1590001, 4350814, 0, 0
1591034, 4389711, 0, 0
1592062, 4986751, 0, 0
1593022, 4223241, 0, 0
1594015, 4444337, 0, 0
1595013, 4511473, 0, 0
1596047, 4263721, 0, 0
1597016, 4086288, 0, 0
1598057, 4385068, 0, 0
1599040, 4320926, 0, 0
1600026, 4454424, 0, 0
1601003, 4498673, 0, 0
1602031, 4642750, 0, 0
1603041, 4670323, 0, 0
1604055, 4479965, 0, 0
1605040, 4352416, 0, 0
1606059, 4603454, 0, 0
1607001, 4590357, 0, 0
1608018, 4299455, 0, 0
1609038, 4194087, 0, 0
1610045, 4137625, 0, 0
1611048, 4747130, 0, 0
1612047, 4261695, 0, 0
1613002, 4698421, 0, 0
1614045, 4710155, 0, 0
1615061, 4551776, 0, 0
1616012, 4434545, 0, 0
1617042, 4304747, 0, 0
1618000, 4557411, 0, 0
1619039, 4491346, 0, 0
1620046, 4465373, 0, 0
1621032, 4435382, 0, 0
1622023, 4540486, 0, 0
1623029, 4115333, 0, 0
1624001, 4183695, 0, 0
1625049, 4672973, 0, 0
1626018, 5121776, 0, 0
1627058, 4453488, 0, 0
1628041, 4504505, 0, 0
1629060, 4502865, 0, 0
1630033, 4931584, 0, 0
1631029, 4540740, 0, 0
1632025, 4440380, 0, 0
1633047, 4724767, 0, 0
1634031, 4112975, 0, 0
1635012, 4491648, 0, 0
1636024, 5553101, 0, 0
1637034, 4649933, 0, 0
1638015, 4045144, 0, 0
1639021, 4997931, 0, 0
1640021, 4195886, 0, 0
1641025, 4300694, 0, 0
1642014, 4891890, 0, 0
1643023, 4417906, 0, 0
1644022, 4725809, 0, 0
1645019, 4447565, 0, 0
1646032, 4534732, 0, 0
1647042, 4922155, 0, 0
1648014, 4094065, 0, 0
1649021, 4410184, 0, 0
1650033, 5026412, 0, 0
1651048, 4172627, 0, 0
1652042, 4239296, 0, 0
1653032, 4513218, 0, 0
1654034, 4489107, 0, 0
1655009, 4361831, 0, 0
1656037, 4819489, 0, 0
1657030, 4656215, 0, 0
1658011, 4800999, 0, 0
1659023, 4475413, 0, 0
1660056, 4351064, 0, 0
1661028, 4433173, 0, 0
1662058, 4430206, 0, 0
1663027, 5041043, 0, 0
1664028, 4690717, 0, 0
1665009, 4452577, 0, 0
1666010, 4715513, 0, 0
1667053, 4629092, 0, 0
1668065, 4813944, 0, 0
1669004, 4358626, 0, 0
1670018, 4687320, 0, 0
1671008, 4170909, 0, 0
1672042, 3955121, 0, 0
1673032, 4435127, 0, 0
1674003, 4194290, 0, 0
1675005, 4677337, 0, 0
1676009, 4751721, 0, 0
1677001, 4691721, 0, 0
1678008, 4354722, 0, 0
1679002, 5872773, 0, 0
1680045, 4512231, 0, 0
1681060, 4541257, 0, 0
1682012, 5199047, 0, 0
1683025, 4267496, 0, 0
1684053, 5208395, 0, 0
1685020, 4667683, 0, 0
1686050, 4267431, 0, 0
1687022, 4414588, 0, 0
1688022, 4706813, 0, 0
1689058, 4091778, 0, 0
1690010, 4418243, 0, 0
1691013, 4157442, 0, 0
1692004, 5076299, 0, 0
1693048, 4594770, 0, 0
1694024, 4751128, 0, 0
1695025, 4200057, 0, 0
1696009, 4347043, 0, 0
1697048, 4360987, 0, 0
1698041, 4408328, 0, 0
1699052, 4694652, 0, 0
1700078, 4396651, 0, 0
1701008, 4090818, 0, 0
1702016, 5060450, 0, 0
1703003, 4953999, 0, 0
1704000, 4953710, 0, 0
1705007, 4530704, 0, 0
1706054, 4930701, 0, 0
1707011, 4731001, 0, 0
1708040, 4528789, 0, 0
1709055, 5148636, 0, 0
1710037, 4538088, 0, 0
1711018, 4925556, 0, 0
1712040, 4636511, 0, 0
1713066, 4722119, 0, 0
1714057, 4807042, 0, 0
1715019, 4824999, 0, 0
1716031, 4769972, 0, 0
1717028, 4445119, 0, 0
1718014, 4597991, 0, 0
1719055, 4706273, 0, 0
1720055, 4643727, 0, 0
1721051, 5000007, 0, 0
1722049, 5697030, 0, 0
1723041, 4444545, 0, 0
1724010, 4045660, 0, 0
1725013, 4816442, 0, 0
1726045, 4539614, 0, 0
1727014, 4697708, 0, 0
1728052, 4890084, 0, 0
1729054, 4905038, 0, 0
1730058, 4965061, 0, 0
1731062, 4304646, 0, 0
1732042, 4489435, 0, 0
1733050, 4302794, 0, 0
1734028, 5083431, 0, 0
1735074, 4930805, 0, 0
1736049, 4367020, 0, 0
1737000, 4458408, 0, 0
1738050, 4788636, 0, 0
1739020, 4589700, 0, 0
1740046, 4879654, 0, 0
1741019, 4762025, 0, 0
1742037, 4480382, 0, 0
1743000, 5284614, 0, 0
1744054, 4618430, 0, 0
1745054, 4777147, 0, 0
1746037, 4525065, 0, 0
1747038, 4850915, 0, 0
1748019, 4514489, 0, 0
1749015, 4901205, 0, 0
1750005, 4496803, 0, 0
1751016, 5072192, 0, 0
1752018, 5105611, 0, 0
1753031, 4248726, 0, 0
1754042, 4469007, 0, 0
1755005, 4832394, 0, 0
1756068, 5255548, 0, 0
1757027, 5414030, 0, 0
1758055, 4984998, 0, 0
1759009, 4859430, 0, 0
1760048, 4739182, 0, 0
1761056, 4377547, 0, 0
1762052, 5021917, 0, 0
1763036, 4704542, 0, 0
1764020, 5399382, 0, 0
1765013, 5421619, 0, 0
1766027, 4460772, 0, 0
1767014, 4831509, 0, 0
1768005, 4687904, 0, 0
1769026, 5312983, 0, 0
1770025, 4433243, 0, 0
1771003, 4460178, 0, 0
1772028, 4968225, 0, 0
1773033, 4780482, 0, 0
1774040, 4570902, 0, 0
1775045, 4566020, 0, 0
1776044, 4960845, 0, 0
1777036, 5006096, 0, 0
1778053, 4679839, 0, 0
1779021, 5139304, 0, 0
1780044, 5059825, 0, 0
1781031, 4906234, 0, 0
1782024, 4910108, 0, 0
1783013, 5225628, 0, 0
1784060, 4930840, 0, 0
1785001, 4794552, 0, 0
1786042, 5070996, 0, 0
1787020, 5255677, 0, 0
1788018, 4700436, 0, 0
1789033, 4946021, 0, 0
1790043, 4966009, 0, 0
1791054, 4855987, 0, 0
1792011, 4826431, 0, 0
1793065, 5109212, 0, 0
1794018, 4809604, 0, 0
1795002, 4724848, 0, 0
1796041, 5375765, 0, 0
1797031, 5890249, 0, 0
1798066, 4761767, 0, 0
1799038, 4580944, 0, 0
1800029, 4283484, 0, 0
