1000, 77, 0, 0
1999, 128, 0, 0
2999, 121, 0, 0
4000, 129, 0, 0
5000, 129, 0, 0
5999, 129, 0, 0
6999, 128, 0, 0
8000, 136, 0, 0
8999, 121, 0, 0
9999, 136, 0, 0
11000, 129, 0, 0
11999, 129, 0, 0
12999, 128, 0, 0
14000, 129, 0, 0
14999, 136, 0, 0
15999, 132, 0, 0
17000, 129, 0, 0
18000, 131, 0, 0
18999, 122, 0, 0
19999, 137, 0, 0
21000, 133, 0, 0
21999, 124, 0, 0
22999, 137, 0, 0
24000, 128, 0, 0
24999, 131, 0, 0
25999, 133, 0, 0
27000, 147, 0, 0
27999, 138, 0, 0
28999, 130, 0, 0
30000, 121, 0, 0
30999, 130, 0, 0
31999, 138, 0, 0
33000, 133, 0, 0
33999, 131, 0, 0
34999, 117, 0, 0
36000, 130, 0, 0
36999, 129, 0, 0
37999, 130, 0, 0
39000, 131, 0, 0
40000, 131, 0, 0
40999, 134, 0, 0
42000, 130, 0, 0
43000, 125, 0, 0
43999, 133, 0, 0
45000, 126, 0, 0
45999, 133, 0, 0
46999, 137, 0, 0
48000, 131, 0, 0
48999, 136, 0, 0
49999, 132, 0, 0
51000, 134, 0, 0
52000, 144, 0, 0
52999, 134, 0, 0
54000, 135, 0, 0
54999, 133, 0, 0
55999, 130, 0, 0
57000, 136, 0, 0
57999, 138, 0, 0
58999, 132, 0, 0
60000, 138, 0, 0
61000, 143, 0, 0
62000, 134, 0, 0
62999, 137, 0, 0
64000, 131, 0, 0
64999, 136, 0, 0
65999, 143, 0, 0
67000, 135, 0, 0
67999, 138, 0, 0
68999, 132, 0, 0
70000, 141, 0, 0
71000, 134, 0, 0
71999, 140, 0, 0
73000, 136, 0, 0
74000, 137, 0, 0
74999, 126, 0, 0
75999, 146, 0, 0
77000, 132, 0, 0
77999, 140, 0, 0
78999, 144, 0, 0
80000, 136, 0, 0
81000, 133, 0, 0
81999, 134, 0, 0
82999, 140, 0, 0
84000, 132, 0, 0
84999, 142, 0, 0
85999, 142, 0, 0
87000, 126, 0, 0
87999, 147, 0, 0
88999, 141, 0, 0
90000, 137, 0, 0
90999, 134, 0, 0
91999, 135, 0, 0
93000, 140, 0, 0
93999, 143, 0, 0
94999, 141, 0, 0
96000, 142, 0, 0
96999, 142, 0, 0
97999, 139, 0, 0
99000, 132, 0, 0
99999, 140, 0, 0
100999, 131, 0, 0
102000, 145, 0, 0
102999, 133, 0, 0
103999, 145, 0, 0
105000, 151, 0, 0
105999, 140, 0, 0
106999, 139, 0, 0
108000, 134, 0, 0
108999, 143, 0, 0
110000, 136, 0, 0
110999, 144, 0, 0
111999, 144, 0, 0
113000, 136, 0, 0
113999, 138, 0, 0
114999, 134, 0, 0
116000, 153, 0, 0
116999, 144, 0, 0
118000, 140, 0, 0
119000, 137, 0, 0
119999, 137, 0, 0
121000, 146, 0, 0
122000, 136, 0, 0
122999, 142, 0, 0
124000, 142, 0, 0
124999, 138, 0, 0
125999, 146, 0, 0
127000, 141, 0, 0
127999, 149, 0, 0
128999, 148, 0, 0
130000, 131, 0, 0
130999, 143, 0, 0
132000, 130, 0, 0
133000, 149, 0, 0
133999, 146, 0, 0
135000, 140, 0, 0
135999, 148, 0, 0
136999, 142, 0, 0
138000, 146, 0, 0
138999, 144, 0, 0
140000, 131, 0, 0
140999, 156, 0, 0
141999, 151, 0, 0
143000, 140, 0, 0
143999, 147, 0, 0
145000, 137, 0, 0
146000, 146, 0, 0
146999, 140, 0, 0
148000, 142, 0, 0
149000, 152, 0, 0
149999, 142, 0, 0
151000, 158, 0, 0
152000, 150, 0, 0
152999, 148, 0, 0
154000, 138, 0, 0
155000, 148, 0, 0
155999, 139, 0, 0
157000, 134, 0, 0
157999, 146, 0, 0
158999, 150, 0, 0
160000, 157, 0, 0
160999, 133, 0, 0
161999, 141, 0, 0
163000, 165, 0, 0
163999, 140, 0, 0
164999, 142, 0, 0
166000, 143, 0, 0
166999, 144, 0, 0
167999, 144, 0, 0
169000, 160, 0, 0
169999, 149, 0, 0
170999, 159, 0, 0
172000, 143, 0, 0
172999, 143, 0, 0
174000, 155, 0, 0
175000, 148, 0, 0
175999, 144, 0, 0
177000, 142, 0, 0
178000, 149, 0, 0
178999, 144, 0, 0
180000, 144, 0, 0
181000, 143, 0, 0
181999, 153, 0, 0
182999, 159, 0, 0
184000, 142, 0, 0
184999, 150, 0, 0
185999, 151, 0, 0
187000, 155, 0, 0
187999, 156, 0, 0
189000, 150, 0, 0
190000, 149, 0, 0
190999, 147, 0, 0
191999, 150, 0, 0
193000, 144, 0, 0
194000, 151, 0, 0
194999, 158, 0, 0
195999, 148, 0, 0
196999, 150, 0, 0
198000, 145, 0, 0
199000, 149, 0, 0
199999, 151, 0, 0
200999, 152, 0, 0
202000, 155, 0, 0
203000, 170, 0, 0
203999, 155, 0, 0
204999, 150, 0, 0
205999, 144, 0, 0
207000, 155, 0, 0
208000, 158, 0, 0
208999, 155, 0, 0
210000, 144, 0, 0
211000, 151, 0, 0
211999, 174, 0, 0
212999, 154, 0, 0
214000, 148, 0, 0
214999, 148, 0, 0
215999, 155, 0, 0
217000, 153, 0, 0
217999, 156, 0, 0
218999, 152, 0, 0
220000, 161, 0, 0
220999, 156, 0, 0
222000, 162, 0, 0
223000, 151, 0, 0
223999, 150, 0, 0
225000, 166, 0, 0
226000, 143, 0, 0
226999, 142, 0, 0
228000, 160, 0, 0
228999, 148, 0, 0
229999, 158, 0, 0
231000, 157, 0, 0
231999, 150, 0, 0
232999, 154, 0, 0
234000, 157, 0, 0
234999, 145, 0, 0
235999, 152, 0, 0
237000, 141, 0, 0
237999, 151, 0, 0
238999, 148, 0, 0
240000, 167, 0, 0
240999, 161, 0, 0
242000, 164, 0, 0
243000, 134, 0, 0
243999, 167, 0, 0
245000, 158, 0, 0
245999, 154, 0, 0
246999, 179, 0, 0
248000, 145, 0, 0
248999, 152, 0, 0
249999, 156, 0, 0
251000, 161, 0, 0
252000, 167, 0, 0
252999, 153, 0, 0
254000, 148, 0, 0
255000, 169, 0, 0
255999, 159, 0, 0
257000, 166, 0, 0
258000, 164, 0, 0
258999, 161, 0, 0
260000, 156, 0, 0
261000, 164, 0, 0
261999, 148, 0, 0
263000, 155, 0, 0
263999, 173, 0, 0
264999, 161, 0, 0
266000, 164, 0, 0
266999, 171, 0, 0
267999, 179, 0, 0
269000, 171, 0, 0
269999, 158, 0, 0
270999, 166, 0, 0
272000, 154, 0, 0
272999, 174, 0, 0
273999, 158, 0, 0
275000, 161, 0, 0
276000, 160, 0, 0
276999, 149, 0, 0
278000, 166, 0, 0
278999, 181, 0, 0
279999, 170, 0, 0
281000, 154, 0, 0
281999, 159, 0, 0
282999, 153, 0, 0
284000, 168, 0, 0
284999, 160, 0, 0
285999, 175, 0, 0
287000, 165, 0, 0
287999, 169, 0, 0
289000, 151, 0, 0
289999, 171, 0, 0
290999, 160, 0, 0
292000, 161, 0, 0
292999, 172, 0, 0
293999, 160, 0, 0
295000, 163, 0, 0
295999, 181, 0, 0
297000, 169, 0, 0
297999, 185, 0, 0
298999, 153, 0, 0
300000, 174, 0, 0
300999, 157, 0, 0
301999, 144, 0, 0
303000, 170, 0, 0
303999, 169, 0, 0
305000, 177, 0, 0
306000, 175, 0, 0
306999, 164, 0, 0
308000, 166, 0, 0
308999, 156, 0, 0
309999, 172, 0, 0
311000, 181, 0, 0
311999, 163, 0, 0
312999, 160, 0, 0
314000, 157, 0, 0
314999, 148, 0, 0
316000, 170, 0, 0
317000, 177, 0, 0
317999, 154, 0, 0
319000, 169, 0, 0
320000, 167, 0, 0
320999, 162, 0, 0
322000, 174, 0, 0
323000, 163, 0, 0
323999, 159, 0, 0
325000, 176, 0, 0
325999, 146, 0, 0
326999, 173, 0, 0
327999, 165, 0, 0
329000, 180, 0, 0
329999, 164, 0, 0
330999, 175, 0, 0
332000, 172, 0, 0
332999, 178, 0, 0
333999, 170, 0, 0
335000, 171, 0, 0
335999, 162, 0, 0
336999, 184, 0, 0
338000, 167, 0, 0
338999, 168, 0, 0
339999, 160, 0, 0
341000, 157, 0, 0
341999, 176, 0, 0
343000, 175, 0, 0
343999, 190, 0, 0
344999, 183, 0, 0
346000, 170, 0, 0
346999, 179, 0, 0
347999, 184, 0, 0
349000, 184, 0, 0
349999, 201, 0, 0
350999, 165, 0, 0
352000, 188, 0, 0
352999, 169, 0, 0
353999, 175, 0, 0
355000, 161, 0, 0
355999, 176, 0, 0
356999, 176, 0, 0
358000, 177, 0, 0
358999, 184, 0, 0
359999, 166, 0, 0
361000, 180, 0, 0
361999, 168, 0, 0
363000, 188, 0, 0
363999, 171, 0, 0
364999, 156, 0, 0
366000, 179, 0, 0
366999, 168, 0, 0
367999, 179, 0, 0
369000, 171, 0, 0
369999, 182, 0, 0
371000, 172, 0, 0
372000, 179, 0, 0
372999, 189, 0, 0
374000, 172, 0, 0
375000, 186, 0, 0
375999, 175, 0, 0
377000, 189, 0, 0
378000, 195, 0, 0
378999, 185, 0, 0
380000, 176, 0, 0
381000, 180, 0, 0
381999, 178, 0, 0
383000, 198, 0, 0
383999, 142, 0, 0
384999, 210, 0, 0
386000, 186, 0, 0
386999, 186, 0, 0
387999, 185, 0, 0
389000, 168, 0, 0
389999, 180, 0, 0
391000, 193, 0, 0
392000, 179, 0, 0
392999, 172, 0, 0
394000, 194, 0, 0
395000, 184, 0, 0
395999, 192, 0, 0
397000, 181, 0, 0
397999, 190, 0, 0
398999, 197, 0, 0
400000, 184, 0, 0
401000, 191, 0, 0
401999, 185, 0, 0
403000, 180, 0, 0
403999, 163, 0, 0
404999, 175, 0, 0
406000, 185, 0, 0
406999, 185, 0, 0
407999, 176, 0, 0
409000, 164, 0, 0
409999, 186, 0, 0
411000, 170, 0, 0
412000, 181, 0, 0
412999, 196, 0, 0
414000, 197, 0, 0
414999, 200, 0, 0
415999, 185, 0, 0
417000, 181, 0, 0
417999, 202, 0, 0
419000, 207, 0, 0
419999, 191, 0, 0
420999, 189, 0, 0
422000, 202, 0, 0
422999, 197, 0, 0
424000, 184, 0, 0
425000, 184, 0, 0
425999, 185, 0, 0
427000, 169, 0, 0
428000, 192, 0, 0
428999, 193, 0, 0
430000, 180, 0, 0
430999, 188, 0, 0
431999, 180, 0, 0
433000, 182, 0, 0
433999, 180, 0, 0
434999, 192, 0, 0
436000, 172, 0, 0
436999, 166, 0, 0
437999, 204, 0, 0
439000, 186, 0, 0
439999, 182, 0, 0
441000, 205, 0, 0
441999, 192, 0, 0
442999, 179, 0, 0
444000, 185, 0, 0
444999, 192, 0, 0
445999, 212, 0, 0
447000, 160, 0, 0
447999, 195, 0, 0
449000, 213, 0, 0
449999, 191, 0, 0
450999, 198, 0, 0
452000, 208, 0, 0
452999, 174, 0, 0
454000, 191, 0, 0
454999, 196, 0, 0
455999, 190, 0, 0
457000, 186, 0, 0
457999, 182, 0, 0
459000, 207, 0, 0
460000, 189, 0, 0
460999, 193, 0, 0
462000, 194, 0, 0
462999, 201, 0, 0
463999, 213, 0, 0
465000, 189, 0, 0
465999, 188, 0, 0
467000, 209, 0, 0
468000, 212, 0, 0
468999, 183, 0, 0
470000, 178, 0, 0
470999, 206, 0, 0
471999, 188, 0, 0
473000, 184, 0, 0
473999, 182, 0, 0
475000, 217, 0, 0
476000, 200, 0, 0
476999, 193, 0, 0
478000, 225, 0, 0
478999, 209, 0, 0
479999, 228, 0, 0
481000, 214, 0, 0
481999, 175, 0, 0
483000, 214, 0, 0
483999, 186, 0, 0
484999, 185, 0, 0
486000, 221, 0, 0
486999, 212, 0, 0
488000, 177, 0, 0
489000, 208, 0, 0
489999, 204, 0, 0
491000, 218, 0, 0
492000, 222, 0, 0
492999, 216, 0, 0
494000, 238, 0, 0
494999, 205, 0, 0
496000, 205, 0, 0
496999, 199, 0, 0
497999, 194, 0, 0
499000, 211, 0, 0
499999, 205, 0, 0
500999, 240, 0, 0
502000, 204, 0, 0
502999, 224, 0, 0
504000, 211, 0, 0
505000, 219, 0, 0
505999, 222, 0, 0
507000, 217, 0, 0
508000, 198, 0, 0
508999, 216, 0, 0
510000, 199, 0, 0
510999, 215, 0, 0
511999, 196, 0, 0
513000, 173, 0, 0
513999, 216, 0, 0
515000, 202, 0, 0
515999, 205, 0, 0
516999, 210, 0, 0
518000, 231, 0, 0
518999, 200, 0, 0
519999, 196, 0, 0
521000, 197, 0, 0
521999, 189, 0, 0
522999, 223, 0, 0
524000, 211, 0, 0
524999, 231, 0, 0
526000, 196, 0, 0
526999, 234, 0, 0
527999, 192, 0, 0
529000, 217, 0, 0
529999, 217, 0, 0
530999, 208, 0, 0
532000, 205, 0, 0
532999, 211, 0, 0
534000, 208, 0, 0
534999, 227, 0, 0
535999, 236, 0, 0
537000, 208, 0, 0
537999, 230, 0, 0
539000, 220, 0, 0
540000, 197, 0, 0
540999, 223, 0, 0
542000, 218, 0, 0
542999, 222, 0, 0
543999, 224, 0, 0
545000, 217, 0, 0
545999, 212, 0, 0
546999, 199, 0, 0
548000, 236, 0, 0
548999, 225, 0, 0
550000, 238, 0, 0
550999, 215, 0, 0
551999, 220, 0, 0
553000, 204, 0, 0
553999, 229, 0, 0
554999, 234, 0, 0
556000, 238, 0, 0
556999, 203, 0, 0
557999, 218, 0, 0
559000, 236, 0, 0
559999, 200, 0, 0
561000, 223, 0, 0
561999, 229, 0, 0
562999, 241, 0, 0
564000, 212, 0, 0
564999, 237, 0, 0
565999, 239, 0, 0
567000, 211, 0, 0
567999, 222, 0, 0
569000, 221, 0, 0
569999, 268, 0, 0
570999, 207, 0, 0
572000, 212, 0, 0
572999, 196, 0, 0
573999, 220, 0, 0
575000, 196, 0, 0
575999, 226, 0, 0
577000, 203, 0, 0
578000, 217, 0, 0
578999, 192, 0, 0
580000, 255, 0, 0
580999, 227, 0, 0
581999, 231, 0, 0
583000, 186, 0, 0
583999, 228, 0, 0
585000, 270, 0, 0
585999, 201, 0, 0
586999, 223, 0, 0
588000, 249, 0, 0
588999, 234, 0, 0
589999, 214, 0, 0
591000, 249, 0, 0
591999, 224, 0, 0
592999, 224, 0, 0
594000, 226, 0, 0
594999, 232, 0, 0
596000, 214, 0, 0
596999, 245, 0, 0
597999, 211, 0, 0
599000, 250, 0, 0
599999, 223, 0, 0
600999, 244, 0, 0
602000, 241, 0, 0
602999, 242, 0, 0
603999, 223, 0, 0
605000, 241, 0, 0
605999, 233, 0, 0
607000, 229, 0, 0
608000, 269, 0, 0
608999, 218, 0, 0
609999, 257, 0, 0
611000, 269, 0, 0
611999, 222, 0, 0
613000, 258, 0, 0
614000, 230, 0, 0
614999, 248, 0, 0
615999, 259, 0, 0
617000, 223, 0, 0
617999, 254, 0, 0
619000, 272, 0, 0
620000, 245, 0, 0
620999, 208, 0, 0
622000, 271, 0, 0
623000, 222, 0, 0
623999, 239, 0, 0
625000, 235, 0, 0
626000, 257, 0, 0
626999, 254, 0, 0
627999, 253, 0, 0
629000, 260, 0, 0
629999, 250, 0, 0
630999, 234, 0, 0
632000, 251, 0, 0
632999, 205, 0, 0
633999, 272, 0, 0
635000, 238, 0, 0
635999, 268, 0, 0
637000, 242, 0, 0
637999, 254, 0, 0
638999, 245, 0, 0
640000, 251, 0, 0
640999, 248, 0, 0
641999, 253, 0, 0
643000, 246, 0, 0
643999, 244, 0, 0
644999, 273, 0, 0
646000, 264, 0, 0
646999, 266, 0, 0
648000, 257, 0, 0
648999, 267, 0, 0
649999, 283, 0, 0
651000, 267, 0, 0
651999, 245, 0, 0
653000, 239, 0, 0
653999, 262, 0, 0
654999, 243, 0, 0
655999, 261, 0, 0
657000, 246, 0, 0
657999, 242, 0, 0
659000, 235, 0, 0
660000, 217, 0, 0
660999, 261, 0, 0
662000, 260, 0, 0
663000, 237, 0, 0
663999, 260, 0, 0
665000, 245, 0, 0
665999, 251, 0, 0
666999, 275, 0, 0
668000, 278, 0, 0
668999, 272, 0, 0
669999, 219, 0, 0
671000, 255, 0, 0
671999, 226, 0, 0
673000, 264, 0, 0
674000, 240, 0, 0
674999, 228, 0, 0
675999, 278, 0, 0
677000, 248, 0, 0
677999, 258, 0, 0
678999, 206, 0, 0
680000, 255, 0, 0
680999, 264, 0, 0
681999, 276, 0, 0
683000, 299, 0, 0
683999, 248, 0, 0
685000, 240, 0, 0
686000, 242, 0, 0
686999, 265, 0, 0
688000, 219, 0, 0
688999, 256, 0, 0
689999, 259, 0, 0
691000, 252, 0, 0
691999, 273, 0, 0
692999, 254, 0, 0
694000, 246, 0, 0
694999, 258, 0, 0
695999, 296, 0, 0
697000, 230, 0, 0
697999, 264, 0, 0
699000, 260, 0, 0
700000, 271, 0, 0
700999, 278, 0, 0
702000, 289, 0, 0
703000, 255, 0, 0
703999, 277, 0, 0
705000, 265, 0, 0
705999, 233, 0, 0
706999, 250, 0, 0
708000, 229, 0, 0
708999, 276, 0, 0
710000, 235, 0, 0
711000, 287, 0, 0
711999, 242, 0, 0
713000, 275, 0, 0
713999, 250, 0, 0
714999, 296, 0, 0
716000, 269, 0, 0
716999, 297, 0, 0
718000, 271, 0, 0
719000, 265, 0, 0
719999, 273, 0, 0
721000, 263, 0, 0
721999, 274, 0, 0
722999, 273, 0, 0
724000, 258, 0, 0
724999, 271, 0, 0
726000, 266, 0, 0
727000, 261, 0, 0
727999, 270, 0, 0
729000, 246, 0, 0
729999, 233, 0, 0
730999, 272, 0, 0
732000, 252, 0, 0
732999, 237, 0, 0
734000, 273, 0, 0
734999, 263, 0, 0
735999, 276, 0, 0
737000, 274, 0, 0
737999, 260, 0, 0
739000, 263, 0, 0
740000, 243, 0, 0
740999, 224, 0, 0
742000, 274, 0, 0
743000, 252, 0, 0
744001, 267, 0, 0
745000, 248, 0, 0
746000, 242, 0, 0
747000, 258, 0, 0
748000, 280, 0, 0
749000, 266, 0, 0
750000, 282, 0, 0
751000, 263, 0, 0
752000, 269, 0, 0
753000, 253, 0, 0
754000, 271, 0, 0
755000, 279, 0, 0
756000, 264, 0, 0
757000, 254, 0, 0
758000, 221, 0, 0
759000, 278, 0, 0
760000, 248, 0, 0
761000, 298, 0, 0
762000, 261, 0, 0
763000, 201, 0, 0
764000, 278, 0, 0
765000, 289, 0, 0
766000, 248, 0, 0
767000, 257, 0, 0
768000, 298, 0, 0
769000, 254, 0, 0
770000, 250, 0, 0
771000, 280, 0, 0
772000, 234, 0, 0
773000, 271, 0, 0
774000, 260, 0, 0
775000, 267, 0, 0
776000, 235, 0, 0
777000, 284, 0, 0
778000, 303, 0, 0
779000, 256, 0, 0
780000, 258, 0, 0
781000, 245, 0, 0
782000, 288, 0, 0
783000, 254, 0, 0
784000, 265, 0, 0
785000, 298, 0, 0
786000, 255, 0, 0
787000, 291, 0, 0
788000, 249, 0, 0
789000, 258, 0, 0
790000, 219, 0, 0
791000, 268, 0, 0
792000, 281, 0, 0
793000, 289, 0, 0
794000, 275, 0, 0
795000, 271, 0, 0
796000, 248, 0, 0
797000, 266, 0, 0
798000, 278, 0, 0
799000, 246, 0, 0
799999, 248, 0, 0
801000, 204, 0, 0
802000, 273, 0, 0
803000, 280, 0, 0
804000, 220, 0, 0
804999, 260, 0, 0
806000, 234, 0, 0
806999, 247, 0, 0
807999, 270, 0, 0
808999, 241, 0, 0
809999, 253, 0, 0
810999, 267, 0, 0
811998, 247, 0, 0
812999, 261, 0, 0
813998, 238, 0, 0
814998, 258, 0, 0
815998, 219, 0, 0
816998, 294, 0, 0
817998, 272, 0, 0
818997, 260, 0, 0
819997, 258, 0, 0
820998, 288, 0, 0
821997, 271, 0, 0
822997, 273, 0, 0
823996, 268, 0, 0
824997, 236, 0, 0
825996, 261, 0, 0
826996, 259, 0, 0
827996, 273, 0, 0
828996, 244, 0, 0
829996, 244, 0, 0
830995, 276, 0, 0
831995, 263, 0, 0
832996, 266, 0, 0
833995, 257, 0, 0
834995, 247, 0, 0
835995, 273, 0, 0
836995, 259, 0, 0
837995, 279, 0, 0
838994, 268, 0, 0
839994, 265, 0, 0
840994, 227, 0, 0
841994, 254, 0, 0
842994, 290, 0, 0
843994, 277, 0, 0
844994, 295, 0, 0
845993, 244, 0, 0
846993, 286, 0, 0
847993, 276, 0, 0
848993, 241, 0, 0
849993, 248, 0, 0
850992, 255, 0, 0
851993, 276, 0, 0
852992, 313, 0, 0
853992, 269, 0, 0
854992, 247, 0, 0
855992, 288, 0, 0
856992, 275, 0, 0
857991, 273, 0, 0
858991, 261, 0, 0
859992, 286, 0, 0
860991, 257, 0, 0
861992, 279, 0, 0
862991, 240, 0, 0
863991, 253, 0, 0
865000, 248, 0, 0
866000, 254, 0, 0
866999, 276, 0, 0
868000, 281, 0, 0
869000, 283, 0, 0
869999, 274, 0, 0
871000, 236, 0, 0
872000, 257, 0, 0
872999, 270, 0, 0
874000, 268, 0, 0
875000, 252, 0, 0
875999, 270, 0, 0
876999, 254, 0, 0
878000, 269, 0, 0
878999, 251, 0, 0
880000, 295, 0, 0
881000, 287, 0, 0
881999, 285, 0, 0
883000, 275, 0, 0
884000, 266, 0, 0
884999, 269, 0, 0
886000, 270, 0, 0
887000, 278, 0, 0
887999, 299, 0, 0
889000, 243, 0, 0
890000, 274, 0, 0
890999, 253, 0, 0
892000, 267, 0, 0
893000, 256, 0, 0
893999, 298, 0, 0
895000, 214, 0, 0
896000, 292, 0, 0
896999, 251, 0, 0
898000, 286, 0, 0
899000, 258, 0, 0
899999, 282, 0, 0
901000, 285, 0, 0
901999, 209, 0, 0
902999, 239, 0, 0
904000, 258, 0, 0
904999, 273, 0, 0
906000, 258, 0, 0
907000, 285, 0, 0
907999, 240, 0, 0
909000, 278, 0, 0
909999, 294, 0, 0
911000, 234, 0, 0
912000, 301, 0, 0
912999, 253, 0, 0
914000, 305, 0, 0
914999, 287, 0, 0
915999, 288, 0, 0
917000, 273, 0, 0
917999, 286, 0, 0
918999, 257, 0, 0
920000, 286, 0, 0
920999, 263, 0, 0
922000, 283, 0, 0
923000, 285, 0, 0
923999, 248, 0, 0
925000, 265, 0, 0
925999, 253, 0, 0
926999, 264, 0, 0
928000, 266, 0, 0
928999, 239, 0, 0
929999, 260, 0, 0
931000, 241, 0, 0
931999, 306, 0, 0
933000, 273, 0, 0
933999, 257, 0, 0
934999, 230, 0, 0
936000, 289, 0, 0
936999, 230, 0, 0
937999, 287, 0, 0
939000, 273, 0, 0
939999, 279, 0, 0
941000, 264, 0, 0
941999, 311, 0, 0
942999, 256, 0, 0
944000, 271, 0, 0
944999, 284, 0, 0
946000, 255, 0, 0
947000, 251, 0, 0
947999, 299, 0, 0
949000, 259, 0, 0
949999, 277, 0, 0
950999, 260, 0, 0
952000, 260, 0, 0
952999, 270, 0, 0
954000, 238, 0, 0
955000, 244, 0, 0
955999, 232, 0, 0
957000, 315, 0, 0
958000, 255, 0, 0
958999, 240, 0, 0
960000, 215, 0, 0
960999, 270, 0, 0
961999, 260, 0, 0
963000, 322, 0, 0
963999, 278, 0, 0
964999, 259, 0, 0
966000, 266, 0, 0
966999, 276, 0, 0
968000, 230, 0, 0
969000, 283, 0, 0
969999, 300, 0, 0
971000, 291, 0, 0
971999, 230, 0, 0
972999, 263, 0, 0
974000, 294, 0, 0
974999, 268, 0, 0
975999, 264, 0, 0
977000, 276, 0, 0
977999, 272, 0, 0
979000, 285, 0, 0
980000, 265, 0, 0
980999, 278, 0, 0
982000, 254, 0, 0
982999, 259, 0, 0
983999, 239, 0, 0
985000, 261, 0, 0
985999, 293, 0, 0
986999, 247, 0, 0
988000, 231, 0, 0
988999, 245, 0, 0
990000, 266, 0, 0
991000, 310, 0, 0
991999, 260, 0, 0
993000, 263, 0, 0
994000, 295, 0, 0
994999, 271, 0, 0
996000, 234, 0, 0
996999, 262, 0, 0
997999, 260, 0, 0
999000, 270, 0, 0
999999, 263, 0, 0
1001000, 290, 0, 0
1002000, 249, 0, 0
1002999, 273, 0, 0
1004000, 316, 0, 0
1005000, 283, 0, 0
1005999, 261, 0, 0
1007000, 253, 0, 0
1007999, 270, 0, 0
1008999, 245, 0, 0
1010000, 220, 0, 0
1010999, 257, 0, 0
1012000, 246, 0, 0
1013000, 271, 0, 0
1013999, 266, 0, 0
1015000, 263, 0, 0
1015999, 292, 0, 0
1016999, 252, 0, 0
1018000, 235, 0, 0
1018999, 270, 0, 0
1020000, 240, 0, 0
1021000, 255, 0, 0
1021999, 269, 0, 0
1023000, 234, 0, 0
1023999, 260, 0, 0
1024999, 286, 0, 0
1026000, 283, 0, 0
1026999, 241, 0, 0
1027999, 238, 0, 0
1029000, 302, 0, 0
1029999, 289, 0, 0
1031000, 260, 0, 0
1032000, 262, 0, 0
1032999, 273, 0, 0
1034000, 267, 0, 0
1034999, 316, 0, 0
1036000, 290, 0, 0
1037000, 273, 0, 0
1037999, 229, 0, 0
1039000, 274, 0, 0
1039999, 256, 0, 0
1041000, 250, 0, 0
1042000, 267, 0, 0
1042999, 293, 0, 0
1044000, 274, 0, 0
1045000, 287, 0, 0
1045999, 289, 0, 0
1047000, 277, 0, 0
1047999, 252, 0, 0
1048999, 237, 0, 0
1050000, 315, 0, 0
1050999, 323, 0, 0
1051999, 249, 0, 0
1053000, 265, 0, 0
1053999, 270, 0, 0
1055000, 325, 0, 0
1056000, 292, 0, 0
1056999, 269, 0, 0
1058000, 336, 0, 0
1059000, 281, 0, 0
1059999, 270, 0, 0
1061000, 272, 0, 0
1062000, 294, 0, 0
1062999, 274, 0, 0
1064000, 290, 0, 0
1065000, 285, 0, 0
1065999, 289, 0, 0
1067000, 258, 0, 0
1068000, 291, 0, 0
1068999, 299, 0, 0
1070000, 286, 0, 0
1070999, 263, 0, 0
1071999, 246, 0, 0
1073000, 304, 0, 0
1073999, 259, 0, 0
1075000, 300, 0, 0
1076000, 268, 0, 0
1076999, 272, 0, 0
1078000, 265, 0, 0
1078999, 286, 0, 0
1079999, 243, 0, 0
1081000, 294, 0, 0
1081999, 229, 0, 0
1082999, 292, 0, 0
1084000, 290, 0, 0
1085000, 294, 0, 0
1085999, 291, 0, 0
1086999, 318, 0, 0
1088000, 259, 0, 0
1089000, 270, 0, 0
1089999, 308, 0, 0
1091000, 286, 0, 0
1092000, 290, 0, 0
1092999, 280, 0, 0
1093999, 274, 0, 0
1095000, 258, 0, 0
1095999, 331, 0, 0
1096999, 291, 0, 0
1098000, 318, 0, 0
1098999, 288, 0, 0
1099999, 285, 0, 0
1101000, 271, 0, 0
1101999, 306, 0, 0
1103000, 265, 0, 0
1104000, 317, 0, 0
1104999, 298, 0, 0
1106000, 281, 0, 0
1107000, 300, 0, 0
1107999, 305, 0, 0
1109000, 282, 0, 0
1109999, 277, 0, 0
1110999, 293, 0, 0
1112000, 254, 0, 0
1112999, 284, 0, 0
1113999, 276, 0, 0
1115000, 279, 0, 0
1115999, 306, 0, 0
1116999, 272, 0, 0
1118000, 242, 0, 0
1118999, 278, 0, 0
1119999, 272, 0, 0
1121000, 282, 0, 0
1121999, 337, 0, 0
1122999, 251, 0, 0
1124000, 261, 0, 0
1124999, 328, 0, 0
1125999, 243, 0, 0
1127000, 278, 0, 0
1127999, 274, 0, 0
1128999, 266, 0, 0
1130000, 314, 0, 0
1130999, 255, 0, 0
1132000, 220, 0, 0
1133000, 298, 0, 0
1133999, 269, 0, 0
1135000, 273, 0, 0
1135999, 277, 0, 0
1136999, 292, 0, 0
1138000, 292, 0, 0
1138999, 291, 0, 0
1139999, 248, 0, 0
1141000, 276, 0, 0
1141999, 304, 0, 0
1142999, 271, 0, 0
1144000, 285, 0, 0
1144999, 288, 0, 0
1146000, 267, 0, 0
1147000, 284, 0, 0
1147999, 274, 0, 0
1149000, 277, 0, 0
1149999, 287, 0, 0
1150999, 309, 0, 0
1152000, 286, 0, 0
1152999, 259, 0, 0
1153999, 311, 0, 0
1155000, 313, 0, 0
1155999, 273, 0, 0
1156999, 247, 0, 0
1158000, 342, 0, 0
1158999, 292, 0, 0
1160000, 274, 0, 0
1161000, 248, 0, 0
1161999, 323, 0, 0
1163000, 275, 0, 0
1163999, 295, 0, 0
1164999, 291, 0, 0
1166000, 281, 0, 0
1166999, 274, 0, 0
1168000, 347, 0, 0
1169000, 308, 0, 0
1169999, 310, 0, 0
1171000, 254, 0, 0
1171999, 294, 0, 0
1172999, 289, 0, 0
1174000, 270, 0, 0
1174999, 277, 0, 0
1176000, 322, 0, 0
1176999, 293, 0, 0
1177999, 292, 0, 0
1179000, 271, 0, 0
1180000, 309, 0, 0
1180999, 288, 0, 0
1182000, 357, 0, 0
1183000, 281, 0, 0
1183999, 346, 0, 0
1185000, 258, 0, 0
1185999, 284, 0, 0
1187000, 255, 0, 0
1188000, 291, 0, 0
1188999, 323, 0, 0
1190000, 286, 0, 0
1190999, 250, 0, 0
1191999, 308, 0, 0
1193000, 277, 0, 0
1193999, 300, 0, 0
1195000, 310, 0, 0
1196000, 202, 0, 0
1196999, 279, 0, 0
1198000, 294, 0, 0
1199000, 320, 0, 0
1199999, 257, 0, 0
1201000, 281, 0, 0
1202000, 278, 0, 0
1202999, 305, 0, 0
1204000, 312, 0, 0
1205000, 304, 0, 0
1205999, 271, 0, 0
1207000, 257, 0, 0
1207999, 286, 0, 0
1208999, 298, 0, 0
1210000, 294, 0, 0
1210999, 302, 0, 0
1211999, 278, 0, 0
1213000, 293, 0, 0
1213999, 283, 0, 0
1214999, 276, 0, 0
1216000, 280, 0, 0
1216999, 332, 0, 0
1217999, 265, 0, 0
1219000, 273, 0, 0
1219999, 319, 0, 0
1220999, 290, 0, 0
1222000, 253, 0, 0
1222999, 319, 0, 0
1223999, 280, 0, 0
1225000, 259, 0, 0
1225999, 323, 0, 0
1226999, 277, 0, 0
1227999, 314, 0, 0
1228999, 272, 0, 0
1229999, 324, 0, 0
1231000, 322, 0, 0
1231999, 328, 0, 0
1232999, 321, 0, 0
1234000, 298, 0, 0
1234999, 258, 0, 0
1236000, 355, 0, 0
1237000, 303, 0, 0
1237999, 316, 0, 0
1238999, 285, 0, 0
1240000, 326, 0, 0
1240999, 287, 0, 0
1242000, 291, 0, 0
1243000, 303, 0, 0
1243999, 284, 0, 0
1245000, 269, 0, 0
1246000, 290, 0, 0
1246999, 259, 0, 0
1247999, 279, 0, 0
1249000, 307, 0, 0
1249999, 319, 0, 0
1251000, 307, 0, 0
1252000, 311, 0, 0
1252999, 297, 0, 0
1253999, 301, 0, 0
1255000, 304, 0, 0
1255999, 305, 0, 0
1257000, 320, 0, 0
1258000, 306, 0, 0
1258999, 292, 0, 0
1260000, 309, 0, 0
1260999, 316, 0, 0
1261999, 316, 0, 0
1263000, 323, 0, 0
1263999, 307, 0, 0
1265000, 275, 0, 0
1265999, 270, 0, 0
1266999, 310, 0, 0
1268000, 331, 0, 0
1269000, 337, 0, 0
1269999, 344, 0, 0
1271000, 305, 0, 0
1272000, 305, 0, 0
1272999, 336, 0, 0
1274000, 318, 0, 0
1274999, 289, 0, 0
1275999, 327, 0, 0
1277000, 278, 0, 0
1277999, 277, 0, 0
1278999, 348, 0, 0
1280000, 314, 0, 0
1280999, 285, 0, 0
1282000, 344, 0, 0
1282999, 341, 0, 0
1283999, 289, 0, 0
1285000, 276, 0, 0
1285999, 337, 0, 0
1286999, 336, 0, 0
1288000, 293, 0, 0
1288999, 299, 0, 0
1290000, 278, 0, 0
1291000, 286, 0, 0
1291999, 321, 0, 0
1293000, 305, 0, 0
1293999, 312, 0, 0
1294999, 360, 0, 0
1296000, 313, 0, 0
1296999, 305, 0, 0
1298000, 300, 0, 0
1299000, 319, 0, 0
1299999, 343, 0, 0
1301000, 334, 0, 0
1301999, 323, 0, 0
1302999, 321, 0, 0
1304000, 289, 0, 0
1304999, 307, 0, 0
1306000, 290, 0, 0
1307000, 358, 0, 0
1307999, 319, 0, 0
1309000, 353, 0, 0
1309999, 282, 0, 0
1310999, 332, 0, 0
1312000, 317, 0, 0
1312999, 311, 0, 0
1314000, 367, 0, 0
1315000, 317, 0, 0
1315999, 285, 0, 0
1317000, 318, 0, 0
1317999, 302, 0, 0
1318999, 260, 0, 0
1320000, 318, 0, 0
1320999, 385, 0, 0
1322000, 313, 0, 0
1323000, 334, 0, 0
1323999, 305, 0, 0
1325000, 353, 0, 0
1325999, 361, 0, 0
1326999, 322, 0, 0
1328000, 334, 0, 0
1328999, 307, 0, 0
1330000, 316, 0, 0
1331000, 306, 0, 0
1331999, 344, 0, 0
1333000, 303, 0, 0
1333999, 302, 0, 0
1334999, 274, 0, 0
1336000, 306, 0, 0
1336999, 319, 0, 0
1337999, 354, 0, 0
1339000, 330, 0, 0
1340000, 349, 0, 0
1340999, 357, 0, 0
1342000, 310, 0, 0
1342999, 284, 0, 0
1344000, 393, 0, 0
1345000, 315, 0, 0
1345999, 354, 0, 0
1347000, 335, 0, 0
1347999, 332, 0, 0
1348999, 384, 0, 0
1350000, 299, 0, 0
1350999, 374, 0, 0
1352000, 349, 0, 0
1353000, 325, 0, 0
1353999, 356, 0, 0
1355000, 413, 0, 0
1355999, 312, 0, 0
1356999, 333, 0, 0
1358000, 374, 0, 0
1358999, 337, 0, 0
1360000, 318, 0, 0
1361000, 343, 0, 0
1361999, 325, 0, 0
1362999, 349, 0, 0
1364000, 343, 0, 0
1364999, 338, 0, 0
1366000, 356, 0, 0
1367000, 397, 0, 0
1367999, 292, 0, 0
1369000, 322, 0, 0
1369999, 397, 0, 0
1370999, 328, 0, 0
1372000, 327, 0, 0
1372999, 299, 0, 0
1374000, 345, 0, 0
1375000, 337, 0, 0
1375999, 375, 0, 0
1377000, 359, 0, 0
1378000, 309, 0, 0
1378999, 368, 0, 0
1380000, 352, 0, 0
1380999, 346, 0, 0
1381999, 374, 0, 0
1383000, 376, 0, 0
1383999, 357, 0, 0
1384999, 367, 0, 0
1386000, 382, 0, 0
1386999, 323, 0, 0
1388000, 331, 0, 0
1389000, 308, 0, 0
1389999, 361, 0, 0
1391000, 348, 0, 0
1391999, 368, 0, 0
1392999, 354, 0, 0
1394000, 346, 0, 0
1394999, 336, 0, 0
1396000, 323, 0, 0
1397000, 353, 0, 0
1397999, 307, 0, 0
1399000, 398, 0, 0
1399999, 361, 0, 0
1400999, 375, 0, 0
1402000, 349, 0, 0
1402999, 362, 0, 0
1403999, 410, 0, 0
1405000, 299, 0, 0
1405999, 387, 0, 0
1406999, 425, 0, 0
1408000, 376, 0, 0
1408999, 331, 0, 0
1410000, 321, 0, 0
1410999, 367, 0, 0
1411999, 372, 0, 0
1413000, 351, 0, 0
1413999, 381, 0, 0
1414999, 358, 0, 0
1416000, 413, 0, 0
1416999, 395, 0, 0
1418000, 356, 0, 0
1419000, 344, 0, 0
1419999, 289, 0, 0
1421000, 401, 0, 0
1422000, 383, 0, 0
1422999, 367, 0, 0
1424000, 378, 0, 0
1425000, 397, 0, 0
1425999, 350, 0, 0
1427000, 378, 0, 0
1427999, 394, 0, 0
1428999, 389, 0, 0
1430000, 389, 0, 0
1430999, 379, 0, 0
1431999, 419, 0, 0
1433000, 398, 0, 0
1433999, 427, 0, 0
1435000, 314, 0, 0
1436000, 412, 0, 0
1436999, 388, 0, 0
1438000, 296, 0, 0
1439000, 430, 0, 0
1439999, 351, 0, 0
1441000, 464, 0, 0
1441999, 419, 0, 0
1442999, 393, 0, 0
1444000, 414, 0, 0
1444999, 345, 0, 0
1446000, 392, 0, 0
1446999, 384, 0, 0
1447999, 393, 0, 0
1449000, 361, 0, 0
1449999, 373, 0, 0
1451000, 462, 0, 0
1451999, 415, 0, 0
1452999, 454, 0, 0
1454000, 385, 0, 0
1454999, 388, 0, 0
1456000, 441, 0, 0
1457000, 381, 0, 0
1457999, 417, 0, 0
1459000, 382, 0, 0
1459999, 475, 0, 0
1460999, 355, 0, 0
1462000, 369, 0, 0
1463000, 419, 0, 0
1463999, 393, 0, 0
1465000, 383, 0, 0
1465999, 404, 0, 0
1466999, 360, 0, 0
1468000, 386, 0, 0
1468999, 399, 0, 0
1470000, 471, 0, 0
1470999, 402, 0, 0
1471999, 406, 0, 0
1473000, 444, 0, 0
1474000, 429, 0, 0
1474999, 376, 0, 0
1476000, 498, 0, 0
1476999, 408, 0, 0
1477999, 390, 0, 0
1479000, 430, 0, 0
1479999, 403, 0, 0
1480999, 470, 0, 0
1482000, 456, 0, 0
1482999, 447, 0, 0
1483999, 524, 0, 0
1485000, 488, 0, 0
1485999, 413, 0, 0
1487000, 373, 0, 0
1488000, 472, 0, 0
1488999, 367, 0, 0
1490000, 467, 0, 0
1491000, 367, 0, 0
1491999, 485, 0, 0
1493000, 409, 0, 0
1493999, 417, 0, 0
1494999, 472, 0, 0
1496000, 416, 0, 0
1496999, 460, 0, 0
1498000, 475, 0, 0
1498999, 434, 0, 0
1499999, 375, 0, 0
1501000, 464, 0, 0
1501999, 412, 0, 0
1502999, 448, 0, 0
1504000, 424, 0, 0
1504999, 431, 0, 0
1506000, 407, 0, 0
1507000, 485, 0, 0
1507999, 539, 0, 0
1509000, 407, 0, 0
1509999, 498, 0, 0
1510999, 481, 0, 0
1512000, 476, 0, 0
1512999, 504, 0, 0
1513999, 454, 0, 0
1515000, 508, 0, 0
1515999, 581, 0, 0
1516999, 436, 0, 0
1518000, 483, 0, 0
1518999, 507, 0, 0
1519999, 491, 0, 0
1521000, 443, 0, 0
1521999, 429, 0, 0
1522999, 504, 0, 0
1524000, 525, 0, 0
1524999, 505, 0, 0
1526000, 457, 0, 0
1526999, 467, 0, 0
1527999, 466, 0, 0
1529000, 409, 0, 0
1529999, 434, 0, 0
1531000, 510, 0, 0
1532000, 430, 0, 0
1532999, 442, 0, 0
1534000, 467, 0, 0
1534999, 504, 0, 0
1535999, 468, 0, 0
1537000, 496, 0, 0
1537999, 495, 0, 0
1538999, 512, 0, 0
1540000, 578, 0, 0
1540999, 401, 0, 0
1542000, 496, 0, 0
1543000, 412, 0, 0
1543999, 580, 0, 0
1545000, 589, 0, 0
1545999, 543, 0, 0
1546999, 584, 0, 0
1548000, 490, 0, 0
1549000, 412, 0, 0
1549999, 526, 0, 0
1551000, 491, 0, 0
1551999, 506, 0, 0
1552999, 546, 0, 0
1554000, 552, 0, 0
1554999, 494, 0, 0
1555999, 555, 0, 0
1557000, 505, 0, 0
1557999, 428, 0, 0
1558999, 532, 0, 0
1560000, 504, 0, 0
1560999, 496, 0, 0
1561999, 549, 0, 0
1563000, 588, 0, 0
1563999, 517, 0, 0
1564999, 491, 0, 0
1566000, 534, 0, 0
1566999, 486, 0, 0
1568000, 568, 0, 0
1569000, 624, 0, 0
1569999, 512, 0, 0
1571000, 560, 0, 0
1572000, 595, 0, 0
1572999, 474, 0, 0
1574000, 578, 0, 0
1575000, 492, 0, 0
1575999, 662, 0, 0
1577000, 552, 0, 0
1578000, 601, 0, 0
1578999, 500, 0, 0
1579999, 673, 0, 0
1581000, 578, 0, 0
1581999, 549, 0, 0
1582999, 560, 0, 0
1584000, 494, 0, 0
1584999, 591, 0, 0
1585999, 672, 0, 0
1587000, 677, 0, 0
1587999, 533, 0, 0
1589000, 499, 0, 0
1590000, 607, 0, 0
1590999, 554, 0, 0
1592000, 617, 0, 0
1592999, 524, 0, 0
1593999, 603, 0, 0
1595000, 666, 0, 0
1595999, 599, 0, 0
1596999, 582, 0, 0
1598000, 591, 0, 0
1598999, 508, 0, 0
1599999, 610, 0, 0
1601000, 642, 0, 0
1601999, 604, 0, 0
1603000, 527, 0, 0
1604000, 510, 0, 0
1604999, 660, 0, 0
1606000, 636, 0, 0
1607000, 615, 0, 0
1607999, 566, 0, 0
1609000, 596, 0, 0
1609999, 549, 0, 0
1610999, 665, 0, 0
1612000, 718, 0, 0
1612999, 640, 0, 0
1614000, 694, 0, 0
1615000, 635, 0, 0
1615999, 700, 0, 0
1617000, 632, 0, 0
1617999, 697, 0, 0
1618999, 637, 0, 0
1620000, 674, 0, 0
1620999, 618, 0, 0
1621999, 682, 0, 0
1623000, 784, 0, 0
1623999, 568, 0, 0
1625000, 715, 0, 0
1625999, 697, 0, 0
1626999, 623, 0, 0
1628000, 645, 0, 0
1628999, 774, 0, 0
1629999, 635, 0, 0
1631000, 709, 0, 0
1631999, 784, 0, 0
1633000, 641, 0, 0
1634000, 633, 0, 0
1634999, 850, 0, 0
1636000, 675, 0, 0
1636999, 672, 0, 0
1637999, 776, 0, 0
1639000, 718, 0, 0
1639999, 709, 0, 0
1640999, 735, 0, 0
1642000, 728, 0, 0
1642999, 740, 0, 0
1644000, 611, 0, 0
1645000, 673, 0, 0
1645999, 754, 0, 0
1647000, 652, 0, 0
1648000, 820, 0, 0
1648999, 883, 0, 0
1649999, 672, 0, 0
1651000, 742, 0, 0
1651999, 678, 0, 0
1653000, 753, 0, 0
1654000, 672, 0, 0
1654999, 737, 0, 0
1656000, 671, 0, 0
1656999, 759, 0, 0
1657999, 828, 0, 0
1659000, 747, 0, 0
1659999, 828, 0, 0
1660999, 822, 0, 0
1662000, 792, 0, 0
1662999, 757, 0, 0
1663999, 767, 0, 0
1665000, 761, 0, 0
1665999, 839, 0, 0
1667000, 755, 0, 0
1668000, 890, 0, 0
1668999, 810, 0, 0
1670000, 812, 0, 0
1670999, 791, 0, 0
1671999, 760, 0, 0
1673000, 766, 0, 0
1673999, 868, 0, 0
1674999, 845, 0, 0
1676000, 737, 0, 0
1676999, 945, 0, 0
1678000, 814, 0, 0
1679000, 784, 0, 0
1679999, 974, 0, 0
1680999, 766, 0, 0
1682000, 856, 0, 0
1682999, 798, 0, 0
1683999, 841, 0, 0
1685000, 754, 0, 0
1685999, 903, 0, 0
1686999, 1033, 0, 0
1688000, 946, 0, 0
1688999, 829, 0, 0
1689999, 936, 0, 0
1691000, 904, 0, 0
1691999, 1017, 0, 0
1693000, 955, 0, 0
1694000, 966, 0, 0
1694999, 1178, 0, 0
1696000, 1043, 0, 0
1696999, 973, 0, 0
1697999, 1008, 0, 0
1699000, 935, 0, 0
1699999, 1060, 0, 0
1700999, 926, 0, 0
1702000, 970, 0, 0
1702999, 901, 0, 0
1704000, 1050, 0, 0
1704999, 1116, 0, 0
1705999, 962, 0, 0
1707000, 977, 0, 0
1707999, 1018, 0, 0
1708999, 950, 0, 0
1710000, 1031, 0, 0
1710999, 1052, 0, 0
1712000, 1025, 0, 0
1713000, 1141, 0, 0
1713999, 1103, 0, 0
1715000, 1023, 0, 0
1716000, 1030, 0, 0
1716999, 1144, 0, 0
1718000, 1083, 0, 0
1718999, 900, 0, 0
1719999, 1048, 0, 0
1720999, 1337, 0, 0
1722000, 1333, 0, 0
1722999, 827, 0, 0
1724000, 1056, 0, 0
1724999, 1099, 0, 0
1725999, 1213, 0, 0
1727000, 990, 0, 0
1727999, 1020, 0, 0
1729000, 1131, 0, 0
1730000, 1260, 0, 0
1730999, 943, 0, 0
1732000, 1006, 0, 0
1732999, 1086, 0, 0
1733999, 1146, 0, 0
1735000, 1161, 0, 0
1735999, 1152, 0, 0
1737000, 1186, 0, 0
1738000, 1398, 0, 0
1738999, 1096, 0, 0
1740000, 1355, 0, 0
1740999, 1196, 0, 0
1741999, 1244, 0, 0
1743000, 1316, 0, 0
1743999, 1333, 0, 0
1745000, 1269, 0, 0
1746000, 1302, 0, 0
1746999, 1442, 0, 0
1748000, 1243, 0, 0
1748999, 1319, 0, 0
1749999, 1410, 0, 0
1751000, 1648, 0, 0
1751999, 1243, 0, 0
1753000, 1154, 0, 0
1754000, 1438, 0, 0
1754999, 1552, 0, 0
1756000, 1634, 0, 0
1757000, 1465, 0, 0
1757999, 1803, 0, 0
1759000, 1506, 0, 0
1760000, 1554, 0, 0
1760999, 1628, 0, 0
1762000, 1493, 0, 0
1762999, 1641, 0, 0
1763999, 1505, 0, 0
1765000, 1246, 0, 0
1765999, 1549, 0, 0
1767000, 1270, 0, 0
1767999, 1203, 0, 0
1768999, 1390, 0, 0
1770000, 1389, 0, 0
1771000, 1582, 0, 0
1771999, 1533, 0, 0
1773000, 1467, 0, 0
1774000, 1646, 0, 0
1774999, 1613, 0, 0
1776000, 1608, 0, 0
1776999, 1577, 0, 0
1778000, 1742, 0, 0
1779000, 1512, 0, 0
1779999, 2127, 0, 0
1781000, 1518, 0, 0
1782000, 1677, 0, 0
1782999, 1945, 0, 0
1784000, 1842, 0, 0
1785000, 1814, 0, 0
1785999, 1932, 0, 0
1787000, 1565, 0, 0
1787999, 1712, 0, 0
1788999, 1914, 0, 0
1790000, 1978, 0, 0
1790999, 1505, 0, 0
1791999, 1858, 0, 0
1793000, 1631, 0, 0
1793999, 1877, 0, 0
1795000, 2007, 0, 0
1796000, 2545, 0, 0
1796999, 1776, 0, 0
1798000, 2039, 0, 0
1798999, 2340, 0, 0
1799999, 2035, 0, 0
