1009, 457911347, 0, 0
2041, 504566479, 0, 0
3031, 486264508, 0, 0
4021, 496440886, 0, 0
5008, 487638761, 0, 0
6010, 492796492, 0, 0
7040, 496122212, 0, 0
8027, 485886971, 0, 0
9039, 485295794, 0, 0
10059, 491119924, 0, 0
11052, 494936257, 0, 0
12012, 376746485, 0, 0
13055, 474782951, 0, 0
14030, 505336849, 0, 0
15000, 531695311, 0, 0
16005, 495623038, 0, 0
17044, 481666983, 0, 0
18019, 492796875, 0, 0
19009, 484776181, 0, 0
20028, 513466771, 0, 0
21033, 504167371, 0, 0
22020, 482894621, 0, 0
23026, 491816056, 0, 0
24056, 482362875, 0, 0
25001, 480375160, 0, 0
26020, 509946400, 0, 0
27051, 481804352, 0, 0
28048, 487752507, 0, 0
29029, 480632060, 0, 0
30023, 519903628, 0, 0
31043, 459441944, 0, 0
32005, 454184675, 0, 0
33022, 483721972, 0, 0
34034, 461878563, 0, 0
35051, 506160968, 0, 0
36056, 527920428, 0, 0
37047, 480513382, 0, 0
38028, 467586413, 0, 0
39044, 493414602, 0, 0
40024, 517702346, 0, 0
41050, 477628619, 0, 0
42050, 482514038, 0, 0
43029, 502375258, 0, 0
44037, 525250662, 0, 0
45004, 477284185, 0, 0
46047, 459633973, 0, 0
47009, 466179493, 0, 0
48005, 481422719, 0, 0
49030, 493350244, 0, 0
50058, 493032727, 0, 0
51011, 469733348, 0, 0
52060, 471135173, 0, 0
53037, 471770715, 0, 0
54033, 473087451, 0, 0
55002, 492375992, 0, 0
56010, 481333942, 0, 0
57036, 477143181, 0, 0
58062, 481200349, 0, 0
59019, 486983353, 0, 0
60058, 498047036, 0, 0
61033, 481424975, 0, 0
62013, 447506375, 0, 0
63016, 448583060, 0, 0
64025, 476842641, 0, 0
65004, 486948350, 0, 0
66050, 476480934, 0, 0
67017, 470186754, 0, 0
68030, 467755304, 0, 0
69026, 475543372, 0, 0
70031, 517564479, 0, 0
71029, 464904075, 0, 0
72052, 510265054, 0, 0
73028, 455940431, 0, 0
74030, 477373244, 0, 0
75062, 450263834, 0, 0
76008, 447740306, 0, 0
77061, 480201990, 0, 0
78005, 473265710, 0, 0
79017, 458215036, 0, 0
80064, 481090530, 0, 0
81055, 475429718, 0, 0
82000, 457378977, 0, 0
83048, 462254127, 0, 0
84053, 494873588, 0, 0
85053, 502388971, 0, 0
86025, 443140221, 0, 0
87026, 462452586, 0, 0
88012, 483684613, 0, 0
89024, 452328606, 0, 0
90060, 477620805, 0, 0
91050, 492385387, 0, 0
92058, 473044350, 0, 0
93037, 441935861, 0, 0
94044, 456085815, 0, 0
95042, 510176524, 0, 0
96020, 452187516, 0, 0
97019, 475808849, 0, 0
98018, 467538929, 0, 0
99055, 475963174, 0, 0
100051, 443805288, 0, 0
101022, 448178356, 0, 0
102045, 458888936, 0, 0
103004, 483228496, 0, 0
104034, 453742236, 0, 0
105020, 464753960, 0, 0
106017, 467673872, 0, 0
107014, 470476363, 0, 0
108024, 472025917, 0, 0
109028, 453889633, 0, 0
110052, 470365063, 0, 0
111052, 464333319, 0, 0
112055, 467838840, 0, 0
113038, 462784856, 0, 0
114039, 470786026, 0, 0
115002, 447443123, 0, 0
116052, 434888284, 0, 0
117034, 461963390, 0, 0
118057, 449791116, 0, 0
119058, 423267802, 0, 0
120035, 447465774, 0, 0
121007, 441802883, 0, 0
122023, 430330193, 0, 0
123027, 448990104, 0, 0
124012, 464035275, 0, 0
125020, 449010878, 0, 0
126013, 442012899, 0, 0
127008, 485230934, 0, 0
128003, 426631479, 0, 0
129054, 433957867, 0, 0
130025, 433637115, 0, 0
131024, 449906491, 0, 0
132029, 466078901, 0, 0
133013, 445547691, 0, 0
134043, 456421999, 0, 0
135055, 447997596, 0, 0
136032, 458762354, 0, 0
137043, 442135116, 0, 0
138000, 459254376, 0, 0
139043, 451775482, 0, 0
140037, 431941717, 0, 0
141061, 477194232, 0, 0
142010, 450069315, 0, 0
143036, 425038769, 0, 0
144024, 413136657, 0, 0
145024, 452004827, 0, 0
146050, 411477148, 0, 0
147042, 451365075, 0, 0
148001, 440257702, 0, 0
149005, 457642098, 0, 0
150020, 408239885, 0, 0
151052, 408793374, 0, 0
152051, 450938859, 0, 0
153060, 456385861, 0, 0
154047, 461918936, 0, 0
155017, 460739188, 0, 0
156006, 443825763, 0, 0
157030, 395273088, 0, 0
158016, 436853090, 0, 0
159040, 425131706, 0, 0
160035, 435935190, 0, 0
161048, 463985352, 0, 0
162029, 428492889, 0, 0
163004, 432958105, 0, 0
164037, 452855356, 0, 0
165010, 472732969, 0, 0
166012, 439420327, 0, 0
167049, 436555785, 0, 0
168045, 416962460, 0, 0
169058, 446978403, 0, 0
170039, 448141569, 0, 0
171036, 448680089, 0, 0
172010, 451408972, 0, 0
173016, 460877397, 0, 0
174038, 448472835, 0, 0
175052, 444792250, 0, 0
176059, 419249587, 0, 0
177020, 425680258, 0, 0
178058, 433962706, 0, 0
179034, 453340156, 0, 0
180045, 436383108, 0, 0
181026, 435374720, 0, 0
182034, 454348398, 0, 0
183030, 479417479, 0, 0
184048, 447881849, 0, 0
185047, 423331822, 0, 0
186059, 397795580, 0, 0
187006, 426493893, 0, 0
188056, 417236222, 0, 0
189048, 415886605, 0, 0
190046, 474771496, 0, 0
191001, 410616599, 0, 0
192043, 414792236, 0, 0
193011, 401991658, 0, 0
194052, 412658810, 0, 0
195063, 411050267, 0, 0
196016, 431011291, 0, 0
197026, 418134627, 0, 0
198023, 402649165, 0, 0
199006, 434775974, 0, 0
200017, 439419411, 0, 0
201024, 409821599, 0, 0
202012, 408462716, 0, 0
203053, 437589810, 0, 0
204050, 441463959, 0, 0
205019, 373070249, 0, 0
206007, 407682445, 0, 0
207031, 422117084, 0, 0
208012, 420892184, 0, 0
209051, 418684631, 0, 0
210019, 432721852, 0, 0
211053, 418740156, 0, 0
212060, 438438033, 0, 0
213009, 423628403, 0, 0
214011, 399337225, 0, 0
215048, 411012642, 0, 0
216022, 395484481, 0, 0
217023, 414424830, 0, 0
218023, 403519213, 0, 0
219016, 406568778, 0, 0
220028, 431326809, 0, 0
221041, 414264670, 0, 0
222034, 391663436, 0, 0
223035, 420823556, 0, 0
224034, 408142369, 0, 0
225036, 388351916, 0, 0
226025, 409621416, 0, 0
227035, 428771450, 0, 0
228029, 426279699, 0, 0
229022, 407321363, 0, 0
230008, 428259877, 0, 0
231031, 435823582, 0, 0
232038, 409803578, 0, 0
233051, 393066625, 0, 0
234051, 395740695, 0, 0
235059, 422277661, 0, 0
236022, 416344815, 0, 0
237018, 406381110, 0, 0
238055, 379881173, 0, 0
239047, 393861887, 0, 0
240019, 423961315, 0, 0
241030, 425828625, 0, 0
242053, 407818724, 0, 0
243061, 427396112, 0, 0
244030, 419200308, 0, 0
245005, 388235444, 0, 0
246053, 396905287, 0, 0
247064, 410073946, 0, 0
248033, 412256011, 0, 0
249008, 393048571, 0, 0
250009, 414992597, 0, 0
251062, 411133702, 0, 0
252045, 428908813, 0, 0
253006, 378934646, 0, 0
254055, 420524336, 0, 0
255029, 398153348, 0, 0
256059, 409657083, 0, 0
257053, 390934059, 0, 0
258026, 372419373, 0, 0
259043, 403247362, 0, 0
260002, 402207153, 0, 0
261023, 405593954, 0, 0
262052, 389392137, 0, 0
263037, 378713559, 0, 0
264017, 406282867, 0, 0
265047, 389016614, 0, 0
266067, 406833631, 0, 0
267011, 408031614, 0, 0
268000, 371536710, 0, 0
269021, 402248549, 0, 0
270023, 428979662, 0, 0
271034, 374181611, 0, 0
272002, 383078399, 0, 0
273063, 430260265, 0, 0
274056, 409739397, 0, 0
275068, 420884184, 0, 0
276057, 407336805, 0, 0
277063, 388915108, 0, 0
278062, 411961772, 0, 0
279014, 384764512, 0, 0
280020, 392462631, 0, 0
281041, 400465339, 0, 0
282053, 386337550, 0, 0
283043, 378090789, 0, 0
284039, 381263453, 0, 0
285052, 407599034, 0, 0
286042, 369645375, 0, 0
287055, 383793240, 0, 0
288015, 377699518, 0, 0
289054, 378764552, 0, 0
290040, 392877194, 0, 0
291032, 394865372, 0, 0
292004, 379559461, 0, 0
293031, 378857642, 0, 0
294016, 388924633, 0, 0
295011, 422456154, 0, 0
296032, 360905041, 0, 0
297040, 382440753, 0, 0
298062, 364106221, 0, 0
299013, 399196365, 0, 0
300046, 366664310, 0, 0
301057, 389404106, 0, 0
302002, 400436114, 0, 0
303050, 364124627, 0, 0
304000, 382638466, 0, 0
305057, 425180046, 0, 0
306004, 412295265, 0, 0
307056, 382231783, 0, 0
308004, 405212022, 0, 0
309028, 381505507, 0, 0
310065, 372252889, 0, 0
311042, 410832602, 0, 0
312039, 389539114, 0, 0
313016, 392837280, 0, 0
314028, 385761971, 0, 0
315006, 368970516, 0, 0
316032, 377485691, 0, 0
317017, 383887481, 0, 0
318036, 395119195, 0, 0
319042, 365409091, 0, 0
320044, 354599121, 0, 0
321027, 363439358, 0, 0
322042, 399381171, 0, 0
323009, 368194197, 0, 0
324042, 380085311, 0, 0
325044, 373490148, 0, 0
326048, 363225752, 0, 0
327034, 378192610, 0, 0
328005, 355976341, 0, 0
329003, 387433653, 0, 0
330005, 363990779, 0, 0
331061, 403534209, 0, 0
332060, 389810465, 0, 0
333008, 365523069, 0, 0
334046, 383188359, 0, 0
335049, 374355814, 0, 0
336017, 341389037, 0, 0
337051, 388076321, 0, 0
338026, 359716309, 0, 0
339034, 365829154, 0, 0
340013, 351636828, 0, 0
341048, 358466649, 0, 0
342014, 372122050, 0, 0
343015, 366720819, 0, 0
344015, 352171775, 0, 0
345005, 363885224, 0, 0
346020, 364635816, 0, 0
347022, 371685052, 0, 0
348045, 344984959, 0, 0
349006, 376095782, 0, 0
350021, 372613049, 0, 0
351023, 395415117, 0, 0
352049, 366036648, 0, 0
353013, 374618522, 0, 0
354052, 382189271, 0, 0
355008, 382870564, 0, 0
356049, 349910314, 0, 0
357048, 388734294, 0, 0
358051, 381158657, 0, 0
359017, 356497635, 0, 0
360047, 378246372, 0, 0
361045, 378624294, 0, 0
362029, 366133484, 0, 0
363018, 362873576, 0, 0
364003, 374855984, 0, 0
365062, 349013806, 0, 0
366027, 381580349, 0, 0
367048, 372824908, 0, 0
368002, 385520383, 0, 0
369046, 345448128, 0, 0
370018, 323961777, 0, 0
371035, 333478766, 0, 0
372024, 343250045, 0, 0
373026, 338757545, 0, 0
374013, 350069430, 0, 0
375034, 381017504, 0, 0
376052, 378300846, 0, 0
377055, 351889835, 0, 0
378022, 362621732, 0, 0
379025, 367936545, 0, 0
380025, 357503129, 0, 0
381014, 339520384, 0, 0
382001, 342484546, 0, 0
383008, 372953711, 0, 0
384007, 356935025, 0, 0
385028, 368232233, 0, 0
386017, 370862696, 0, 0
387043, 329676057, 0, 0
388000, 385511088, 0, 0
389009, 376309089, 0, 0
390017, 360675872, 0, 0
391026, 344448543, 0, 0
392029, 363548956, 0, 0
393024, 356509465, 0, 0
394057, 360575805, 0, 0
395025, 332734148, 0, 0
396024, 356197764, 0, 0
397045, 365237781, 0, 0
398007, 335218950, 0, 0
399029, 379745571, 0, 0
400013, 359662074, 0, 0
401054, 346417867, 0, 0
402009, 342015963, 0, 0
403046, 315980206, 0, 0
404057, 347574181, 0, 0
405006, 377061002, 0, 0
406056, 348801262, 0, 0
407036, 348039766, 0, 0
408024, 328575924, 0, 0
409020, 346761840, 0, 0
410008, 323595783, 0, 0
411010, 337247802, 0, 0
412009, 355697427, 0, 0
413015, 325802084, 0, 0
414048, 320180449, 0, 0
415033, 377248760, 0, 0
416018, 329469375, 0, 0
417023, 337370978, 0, 0
418039, 326243329, 0, 0
419002, 346093778, 0, 0
420010, 316579860, 0, 0
421024, 363173900, 0, 0
422055, 358723812, 0, 0
423003, 361811823, 0, 0
424045, 346758052, 0, 0
425058, 323825678, 0, 0
426011, 346476239, 0, 0
427022, 374410240, 0, 0
428005, 337106978, 0, 0
429017, 348124871, 0, 0
430054, 344067954, 0, 0
431032, 339203192, 0, 0
432051, 318039404, 0, 0
433041, 339046807, 0, 0
434047, 320979643, 0, 0
435003, 361330253, 0, 0
436030, 395636709, 0, 0
437006, 312582489, 0, 0
438026, 318579061, 0, 0
439021, 330126368, 0, 0
440013, 341655001, 0, 0
441055, 304029088, 0, 0
442047, 323746133, 0, 0
443026, 312303333, 0, 0
444010, 328465344, 0, 0
445005, 343393729, 0, 0
446037, 325199839, 0, 0
447036, 335520202, 0, 0
448052, 323750820, 0, 0
449050, 342130282, 0, 0
450018, 317210734, 0, 0
451005, 314793252, 0, 0
452036, 371533123, 0, 0
453018, 341406202, 0, 0
454001, 338566187, 0, 0
455027, 283374882, 0, 0
456009, 323892124, 0, 0
457008, 314292848, 0, 0
458032, 336701991, 0, 0
459010, 330579723, 0, 0
460052, 325699214, 0, 0
461049, 334343956, 0, 0
462030, 348772916, 0, 0
463039, 334671964, 0, 0
464037, 348471502, 0, 0
465030, 318864879, 0, 0
466007, 313893809, 0, 0
467020, 321802602, 0, 0
468038, 331182984, 0, 0
469010, 313595827, 0, 0
470041, 343248308, 0, 0
471060, 311095974, 0, 0
472058, 310331472, 0, 0
473006, 326720775, 0, 0
474058, 313336769, 0, 0
475046, 311528996, 0, 0
476060, 321328145, 0, 0
477045, 298220896, 0, 0
478029, 285480180, 0, 0
479025, 302745497, 0, 0
480037, 338609230, 0, 0
481002, 340184094, 0, 0
482002, 329854621, 0, 0
483001, 330009758, 0, 0
484052, 305693943, 0, 0
485000, 333990055, 0, 0
486020, 328136173, 0, 0
487020, 306947615, 0, 0
488010, 309430602, 0, 0
489004, 319131098, 0, 0
490038, 325841004, 0, 0
491024, 315090957, 0, 0
492024, 338649617, 0, 0
493013, 311119918, 0, 0
494035, 304218387, 0, 0
495036, 332808637, 0, 0
496037, 314056208, 0, 0
497052, 337030758, 0, 0
498038, 294229667, 0, 0
499023, 304889770, 0, 0
500022, 335226773, 0, 0
501059, 285460117, 0, 0
502020, 294418557, 0, 0
503058, 319931893, 0, 0
504039, 326983482, 0, 0
505023, 322378229, 0, 0
506036, 309731409, 0, 0
507040, 305603671, 0, 0
508017, 299203567, 0, 0
509020, 298095402, 0, 0
510038, 323613229, 0, 0
511049, 278045920, 0, 0
512055, 310383165, 0, 0
513022, 348605341, 0, 0
514034, 309727960, 0, 0
515055, 309086834, 0, 0
516041, 299115228, 0, 0
517066, 288893232, 0, 0
518045, 302465478, 0, 0
519033, 308313220, 0, 0
520015, 276714599, 0, 0
521027, 291661656, 0, 0
522035, 312063186, 0, 0
523030, 298196625, 0, 0
524014, 307175063, 0, 0
525019, 317233372, 0, 0
526000, 326088950, 0, 0
527050, 288127949, 0, 0
528004, 314554219, 0, 0
529053, 279614563, 0, 0
530019, 269125582, 0, 0
531011, 288338749, 0, 0
532000, 287311740, 0, 0
533058, 292649748, 0, 0
534007, 326980735, 0, 0
535021, 302887176, 0, 0
536007, 288803282, 0, 0
537007, 297669506, 0, 0
538041, 272291284, 0, 0
539048, 289960820, 0, 0
540014, 277669004, 0, 0
541006, 276546823, 0, 0
542035, 283068105, 0, 0
543002, 297821363, 0, 0
544054, 315558346, 0, 0
545007, 274047555, 0, 0
546001, 279906306, 0, 0
547018, 253322685, 0, 0
548010, 277668767, 0, 0
549021, 283699218, 0, 0
550049, 289361047, 0, 0
551048, 299148872, 0, 0
552054, 293388270, 0, 0
553030, 306536171, 0, 0
554001, 305684584, 0, 0
555051, 314391962, 0, 0
556041, 309939290, 0, 0
557046, 284167664, 0, 0
558042, 296263490, 0, 0
559010, 282387882, 0, 0
560014, 311164828, 0, 0
561057, 285506038, 0, 0
562008, 273799875, 0, 0
563054, 290352859, 0, 0
564045, 284956778, 0, 0
565004, 271411100, 0, 0
566044, 282348634, 0, 0
567009, 303175292, 0, 0
568005, 280480911, 0, 0
569000, 275251539, 0, 0
570064, 258650387, 0, 0
571022, 264057671, 0, 0
572000, 301176747, 0, 0
573055, 283922333, 0, 0
574051, 300041092, 0, 0
575050, 302965200, 0, 0
576052, 280600528, 0, 0
577031, 286625615, 0, 0
578031, 288438051, 0, 0
579035, 296544943, 0, 0
580029, 276612788, 0, 0
581010, 267178638, 0, 0
582023, 281573339, 0, 0
583014, 311032847, 0, 0
584059, 278776411, 0, 0
585047, 282389651, 0, 0
586045, 267702276, 0, 0
587035, 294947264, 0, 0
588057, 296717146, 0, 0
589016, 260940189, 0, 0
590001, 294672897, 0, 0
591055, 306025411, 0, 0
592043, 275437522, 0, 0
593041, 285736163, 0, 0
594033, 271171009, 0, 0
595028, 271937238, 0, 0
596028, 315191807, 0, 0
597013, 244793779, 0, 0
598057, 270364158, 0, 0
599015, 269890874, 0, 0
600009, 253586062, 0, 0
601024, 262584395, 0, 0
602062, 278668564, 0, 0
603027, 248694726, 0, 0
604068, 272691623, 0, 0
605010, 273341858, 0, 0
606033, 283937600, 0, 0
607023, 247944830, 0, 0
608015, 276143121, 0, 0
609016, 283511840, 0, 0
610003, 277474821, 0, 0
611012, 280538985, 0, 0
612036, 278688867, 0, 0
613018, 269993749, 0, 0
614012, 290808761, 0, 0
615018, 262832303, 0, 0
616028, 264364132, 0, 0
617050, 267354839, 0, 0
618059, 248993869, 0, 0
619053, 268425225, 0, 0
620029, 264946730, 0, 0
621030, 261590190, 0, 0
622031, 261555362, 0, 0
623022, 254707857, 0, 0
624037, 287611811, 0, 0
625015, 282135205, 0, 0
626014, 254051482, 0, 0
627049, 266216047, 0, 0
628000, 307677056, 0, 0
629054, 289748888, 0, 0
630008, 239846798, 0, 0
631033, 307692441, 0, 0
632000, 264566716, 0, 0
633018, 256105620, 0, 0
634013, 254688120, 0, 0
635026, 273190009, 0, 0
636006, 270991503, 0, 0
637048, 243493180, 0, 0
638034, 280472123, 0, 0
639030, 278446799, 0, 0
640026, 269213674, 0, 0
641005, 240207733, 0, 0
642004, 268809120, 0, 0
643019, 269544961, 0, 0
644023, 253483813, 0, 0
645026, 260030306, 0, 0
646005, 264473856, 0, 0
647040, 248167711, 0, 0
648024, 281272888, 0, 0
649022, 245922629, 0, 0
650057, 238093467, 0, 0
651048, 246899247, 0, 0
652011, 259455572, 0, 0
653053, 240188589, 0, 0
654015, 260894641, 0, 0
655011, 255068235, 0, 0
656016, 255748935, 0, 0
657030, 272576383, 0, 0
658056, 256198778, 0, 0
659008, 231778741, 0, 0
660041, 242959868, 0, 0
661006, 237167521, 0, 0
662017, 266109831, 0, 0
663027, 254023714, 0, 0
664002, 259956898, 0, 0
665005, 222589911, 0, 0
666032, 238999011, 0, 0
667021, 240916546, 0, 0
668016, 259500917, 0, 0
669017, 237043674, 0, 0
670001, 302461583, 0, 0
671055, 269355041, 0, 0
672028, 257534576, 0, 0
673052, 252584050, 0, 0
674047, 246671736, 0, 0
675023, 248493285, 0, 0
676002, 238136306, 0, 0
677016, 256534738, 0, 0
678047, 240001697, 0, 0
679047, 266949646, 0, 0
680011, 258542133, 0, 0
681048, 252179702, 0, 0
682037, 280620727, 0, 0
683019, 272823669, 0, 0
684004, 265431646, 0, 0
685049, 264405634, 0, 0
686004, 252446420, 0, 0
687025, 260307196, 0, 0
688052, 247420391, 0, 0
689027, 234582266, 0, 0
690057, 244997125, 0, 0
691049, 225190480, 0, 0
692026, 203018833, 0, 0
693034, 250397472, 0, 0
694000, 231375031, 0, 0
695036, 250861493, 0, 0
696002, 248414931, 0, 0
697012, 225639172, 0, 0
698015, 274236049, 0, 0
699039, 278808569, 0, 0
700028, 248816204, 0, 0
701014, 218909381, 0, 0
702049, 225925278, 0, 0
703047, 252216120, 0, 0
704041, 270002712, 0, 0
705063, 263247964, 0, 0
706026, 275648117, 0, 0
707032, 263872444, 0, 0
708029, 270345985, 0, 0
709023, 266286184, 0, 0
710046, 269757520, 0, 0
711062, 262818367, 0, 0
712013, 278383277, 0, 0
713043, 242221276, 0, 0
714029, 231873944, 0, 0
715027, 256097827, 0, 0
716041, 247315763, 0, 0
717039, 237311756, 0, 0
718014, 270394453, 0, 0
719044, 239747297, 0, 0
720022, 264856267, 0, 0
721035, 240630164, 0, 0
722047, 263958161, 0, 0
723046, 275156386, 0, 0
724029, 253824275, 0, 0
725052, 252844812, 0, 0
726022, 270199312, 0, 0
727040, 235304071, 0, 0
728041, 258837284, 0, 0
729012, 262936754, 0, 0
730005, 336115713, 0, 0
731000, 248513112, 0, 0
732018, 244894879, 0, 0
733040, 220783387, 0, 0
734060, 266410289, 0, 0
735035, 252144547, 0, 0
736027, 221974387, 0, 0
737007, 286107941, 0, 0
738035, 243373199, 0, 0
739003, 212429746, 0, 0
740033, 268072301, 0, 0
741015, 215326122, 0, 0
742048, 245517010, 0, 0
743071, 240052611, 0, 0
744030, 309963396, 0, 0
745000, 252628870, 0, 0
746027, 258362571, 0, 0
747034, 250992875, 0, 0
748038, 261928606, 0, 0
749021, 254866416, 0, 0
750001, 223659088, 0, 0
751039, 261443087, 0, 0
752026, 262398796, 0, 0
753021, 240322419, 0, 0
754054, 272095377, 0, 0
755020, 245774936, 0, 0
756014, 238072585, 0, 0
757001, 258805771, 0, 0
758052, 237930174, 0, 0
759032, 252804257, 0, 0
760059, 247932822, 0, 0
761008, 260097803, 0, 0
762044, 263181356, 0, 0
763048, 264843585, 0, 0
764048, 266362597, 0, 0
765008, 232525058, 0, 0
766001, 244934971, 0, 0
767019, 243130878, 0, 0
768038, 274134687, 0, 0
769053, 262367506, 0, 0
770014, 231233638, 0, 0
771022, 241186014, 0, 0
772023, 253229101, 0, 0
773019, 274718796, 0, 0
774017, 226474832, 0, 0
775000, 254695086, 0, 0
776018, 246945917, 0, 0
777026, 239648350, 0, 0
778006, 232728430, 0, 0
779028, 259149976, 0, 0
780027, 265474383, 0, 0
781022, 260366599, 0, 0
782004, 294492550, 0, 0
783033, 262636629, 0, 0
784008, 242227524, 0, 0
785011, 273408393, 0, 0
786009, 246426697, 0, 0
787054, 241105968, 0, 0
788009, 251741817, 0, 0
789056, 264417014, 0, 0
790048, 268696742, 0, 0
791027, 265120703, 0, 0
792031, 298036647, 0, 0
793030, 232074648, 0, 0
794052, 313266284, 0, 0
795033, 249043619, 0, 0
796025, 239682355, 0, 0
797040, 277584359, 0, 0
798023, 258973909, 0, 0
799060, 251544230, 0, 0
800049, 237530668, 0, 0
801030, 264057633, 0, 0
802042, 252527551, 0, 0
803033, 247254386, 0, 0
804026, 267553793, 0, 0
805019, 240231680, 0, 0
806041, 245275648, 0, 0
807056, 235053348, 0, 0
808001, 263924438, 0, 0
809004, 250410690, 0, 0
810059, 258198637, 0, 0
811065, 228967956, 0, 0
812040, 276705338, 0, 0
813026, 242978676, 0, 0
814033, 237402518, 0, 0
815039, 246029671, 0, 0
816011, 267800816, 0, 0
817023, 290601464, 0, 0
818013, 244967164, 0, 0
819010, 256807874, 0, 0
820010, 272421188, 0, 0
821015, 244239823, 0, 0
822026, 256563561, 0, 0
823029, 266622020, 0, 0
824001, 254527554, 0, 0
825062, 254292201, 0, 0
826008, 251602800, 0, 0
827061, 238796185, 0, 0
828050, 261296427, 0, 0
829038, 234729177, 0, 0
830023, 265125589, 0, 0
831016, 270599251, 0, 0
832014, 261698335, 0, 0
833019, 257934769, 0, 0
834066, 228398077, 0, 0
835037, 274529616, 0, 0
836018, 258553698, 0, 0
837011, 250516702, 0, 0
838019, 254155918, 0, 0
839049, 246899052, 0, 0
840052, 257554816, 0, 0
841034, 251130647, 0, 0
842057, 240660117, 0, 0
843034, 283324472, 0, 0
844019, 235693389, 0, 0
845058, 259237228, 0, 0
846059, 273170859, 0, 0
847023, 240364497, 0, 0
848005, 276162293, 0, 0
849049, 267065421, 0, 0
850023, 253367578, 0, 0
851046, 234684283, 0, 0
852059, 277756045, 0, 0
853034, 241505913, 0, 0
854044, 254619720, 0, 0
855003, 262502091, 0, 0
856053, 265823432, 0, 0
857012, 250824195, 0, 0
858000, 231949952, 0, 0
859009, 300762770, 0, 0
860016, 271599969, 0, 0
861063, 268330392, 0, 0
862037, 267651702, 0, 0
863007, 233198590, 0, 0
864048, 247676028, 0, 0
865056, 265515083, 0, 0
866018, 258808700, 0, 0
867042, 257499858, 0, 0
868005, 273605042, 0, 0
869002, 272681098, 0, 0
870043, 232438012, 0, 0
871045, 270981930, 0, 0
872056, 281946216, 0, 0
873019, 275921398, 0, 0
874011, 263833257, 0, 0
875055, 243560790, 0, 0
876033, 264355515, 0, 0
877014, 281349600, 0, 0
878027, 256078637, 0, 0
879006, 280690566, 0, 0
880006, 234358994, 0, 0
881040, 243179580, 0, 0
882037, 244264970, 0, 0
883043, 233550804, 0, 0
884023, 238786438, 0, 0
885024, 256511891, 0, 0
886006, 251896025, 0, 0
887008, 272414733, 0, 0
888066, 257190795, 0, 0
889057, 266178003, 0, 0
890043, 237128114, 0, 0
891009, 268456169, 0, 0
892057, 267491381, 0, 0
893048, 233521726, 0, 0
894032, 253069261, 0, 0
895041, 277230868, 0, 0
896029, 247676343, 0, 0
897032, 273142420, 0, 0
898005, 282955430, 0, 0
899065, 275969222, 0, 0
900000, 251234707, 0, 0
901017, 244365539, 0, 0
902032, 276150939, 0, 0
903014, 251058314, 0, 0
904054, 259628266, 0, 0
905020, 248483716, 0, 0
906055, 270763952, 0, 0
907060, 245238645, 0, 0
908034, 260846357, 0, 0
909000, 232575436, 0, 0
910020, 257689191, 0, 0
911029, 282379964, 0, 0
912003, 249957052, 0, 0
913040, 255668438, 0, 0
914034, 243572312, 0, 0
915003, 277422288, 0, 0
916016, 260728991, 0, 0
917006, 240553217, 0, 0
918008, 261950697, 0, 0
919023, 245274018, 0, 0
920003, 268745223, 0, 0
921035, 267174420, 0, 0
922040, 251763100, 0, 0
923014, 248223377, 0, 0
924057, 269817531, 0, 0
925003, 262799993, 0, 0
926019, 268526787, 0, 0
927019, 266464200, 0, 0
928023, 225335240, 0, 0
929011, 256082065, 0, 0
930009, 248359204, 0, 0
931055, 249668689, 0, 0
932026, 255676103, 0, 0
933047, 261098841, 0, 0
934032, 240717101, 0, 0
935028, 234725890, 0, 0
936016, 267987411, 0, 0
937046, 236745519, 0, 0
938021, 269738461, 0, 0
939015, 268355314, 0, 0
940010, 245509372, 0, 0
941050, 255160702, 0, 0
942059, 285086639, 0, 0
943054, 258904734, 0, 0
944034, 231460232, 0, 0
945007, 292863933, 0, 0
946040, 255327191, 0, 0
947027, 243432927, 0, 0
948047, 252252595, 0, 0
949013, 280759461, 0, 0
950052, 265799421, 0, 0
951025, 272861479, 0, 0
952009, 247437203, 0, 0
953057, 286463863, 0, 0
954024, 297981746, 0, 0
955010, 255518241, 0, 0
956019, 238829926, 0, 0
957042, 281490790, 0, 0
958055, 260302392, 0, 0
959043, 250199164, 0, 0
960033, 256164055, 0, 0
961054, 243728219, 0, 0
962013, 256243983, 0, 0
963042, 239722941, 0, 0
964058, 249588076, 0, 0
965018, 285731486, 0, 0
966005, 268479961, 0, 0
967001, 265711519, 0, 0
968030, 230549436, 0, 0
969002, 275311404, 0, 0
970039, 269287754, 0, 0
971055, 261078406, 0, 0
972035, 250403623, 0, 0
973061, 268812278, 0, 0
974039, 242152757, 0, 0
975048, 246288859, 0, 0
976009, 235072467, 0, 0
977048, 236148025, 0, 0
978042, 274436241, 0, 0
979050, 256803547, 0, 0
980055, 252926010, 0, 0
981018, 290437778, 0, 0
982011, 259334231, 0, 0
983030, 268079508, 0, 0
984015, 250662846, 0, 0
985020, 252875692, 0, 0
986006, 272919794, 0, 0
987000, 272650966, 0, 0
988006, 274743417, 0, 0
989012, 247009131, 0, 0
990024, 248888698, 0, 0
991053, 282530991, 0, 0
992029, 259920941, 0, 0
993027, 243348554, 0, 0
994025, 249898660, 0, 0
995023, 269970463, 0, 0
996036, 258383094, 0, 0
997058, 254816396, 0, 0
998010, 233177969, 0, 0
999006, 270839934, 0, 0
1000031, 264589614, 0, 0
1001059, 275483328, 0, 0
1002023, 273769747, 0, 0
1003014, 265450170, 0, 0
1004057, 258331114, 0, 0
1005045, 298237019, 0, 0
1006032, 251658790, 0, 0
1007007, 253523412, 0, 0
1008053, 255688816, 0, 0
1009052, 269667111, 0, 0
1010008, 239448773, 0, 0
1011054, 249991807, 0, 0
1012025, 259039779, 0, 0
1013020, 260300366, 0, 0
1014032, 270721420, 0, 0
1015009, 256348245, 0, 0
1016051, 218615765, 0, 0
1017010, 243718426, 0, 0
1018051, 239305762, 0, 0
1019023, 240725590, 0, 0
1020053, 270945520, 0, 0
1021041, 258529020, 0, 0
1022001, 248920968, 0, 0
1023066, 241279208, 0, 0
1024005, 290118965, 0, 0
1025001, 287118248, 0, 0
1026012, 250969012, 0, 0
1027041, 243834395, 0, 0
1028016, 271256957, 0, 0
1029010, 278737775, 0, 0
1030033, 290923171, 0, 0
1031054, 290628207, 0, 0
1032035, 263919326, 0, 0
1033055, 273499934, 0, 0
1034002, 282451874, 0, 0
1035020, 288253233, 0, 0
1036014, 253386797, 0, 0
1037057, 258752397, 0, 0
1038057, 263051172, 0, 0
1039004, 276876215, 0, 0
1040001, 244778300, 0, 0
1041057, 270691882, 0, 0
1042035, 278873350, 0, 0
1043037, 270165226, 0, 0
1044019, 211475405, 0, 0
1045041, 250504897, 0, 0
1046017, 237029576, 0, 0
1047052, 259708566, 0, 0
1048017, 276109999, 0, 0
1049011, 243517120, 0, 0
1050055, 277049751, 0, 0
1051024, 254515077, 0, 0
1052047, 292597190, 0, 0
1053004, 244635788, 0, 0
1054025, 211667215, 0, 0
1055042, 289141540, 0, 0
1056056, 289231616, 0, 0
1057021, 266509920, 0, 0
1058050, 248068137, 0, 0
1059011, 241511718, 0, 0
1060002, 255542554, 0, 0
1061041, 251572605, 0, 0
1062009, 279353162, 0, 0
1063011, 287124266, 0, 0
1064033, 274602731, 0, 0
1065028, 248897147, 0, 0
1066044, 260859026, 0, 0
1067047, 267592470, 0, 0
1068054, 290109772, 0, 0
1069044, 259330231, 0, 0
1070034, 276024794, 0, 0
1071044, 250108289, 0, 0
1072049, 263435877, 0, 0
1073018, 300550430, 0, 0
1074014, 274193842, 0, 0
1075059, 279530127, 0, 0
1076019, 264764140, 0, 0
1077012, 272217921, 0, 0
1078017, 260807581, 0, 0
1079007, 246063642, 0, 0
1080051, 250684487, 0, 0
1081007, 285139929, 0, 0
1082027, 335154977, 0, 0
1083004, 295088638, 0, 0
1084053, 290085986, 0, 0
1085010, 264614598, 0, 0
1086002, 247737868, 0, 0
1087000, 278324846, 0, 0
1088061, 242976345, 0, 0
1089038, 248032559, 0, 0
1090021, 268050817, 0, 0
1091015, 248936705, 0, 0
1092020, 263082845, 0, 0
1093023, 265492700, 0, 0
1094011, 268871521, 0, 0
1095009, 241595345, 0, 0
1096024, 239286152, 0, 0
1097013, 247562840, 0, 0
1098067, 251532613, 0, 0
1099005, 276100999, 0, 0
1100015, 259998183, 0, 0
1101008, 290635555, 0, 0
1102044, 270042023, 0, 0
1103031, 236148766, 0, 0
1104001, 269313747, 0, 0
1105055, 251416101, 0, 0
1106010, 270331751, 0, 0
1107054, 271902721, 0, 0
1108026, 290087700, 0, 0
1109034, 297627727, 0, 0
1110020, 286296613, 0, 0
1111012, 260695678, 0, 0
1112042, 280118799, 0, 0
1113055, 281814854, 0, 0
1114025, 252678369, 0, 0
1115057, 254916351, 0, 0
1116001, 281718703, 0, 0
1117042, 247304864, 0, 0
1118043, 284810255, 0, 0
1119055, 258931975, 0, 0
1120055, 276647673, 0, 0
1121028, 272446619, 0, 0
1122017, 284991029, 0, 0
1123024, 253926694, 0, 0
1124061, 259231385, 0, 0
1125005, 263166591, 0, 0
1126017, 283286149, 0, 0
1127019, 279756503, 0, 0
1128029, 279062362, 0, 0
1129016, 276403125, 0, 0
1130017, 305237133, 0, 0
1131006, 275500396, 0, 0
1132006, 294223626, 0, 0
1133012, 277537862, 0, 0
1134006, 276240281, 0, 0
1135034, 256776443, 0, 0
1136008, 243329590, 0, 0
1137022, 273667967, 0, 0
1138029, 255471307, 0, 0
1139002, 271930436, 0, 0
1140020, 275022087, 0, 0
1141035, 262372410, 0, 0
1142044, 259929959, 0, 0
1143034, 260831550, 0, 0
1144022, 296355889, 0, 0
1145058, 275489430, 0, 0
1146038, 296687493, 0, 0
1147024, 233617961, 0, 0
1148025, 270195061, 0, 0
1149047, 257571508, 0, 0
1150027, 244343914, 0, 0
1151025, 267474957, 0, 0
1152009, 283331944, 0, 0
1153035, 305718242, 0, 0
1154058, 270375060, 0, 0
1155048, 310193239, 0, 0
1156012, 252973508, 0, 0
1157044, 276951975, 0, 0
1158045, 276308225, 0, 0
1159004, 274341623, 0, 0
1160028, 263535362, 0, 0
1161004, 310735536, 0, 0
1162045, 280271415, 0, 0
1163028, 265441855, 0, 0
1164015, 277337775, 0, 0
1165016, 275619964, 0, 0
1166021, 255015507, 0, 0
1167023, 250149536, 0, 0
1168011, 280016930, 0, 0
1169041, 307491156, 0, 0
1170026, 250954240, 0, 0
1171011, 253934729, 0, 0
1172004, 251283618, 0, 0
1173034, 277468654, 0, 0
1174025, 273460936, 0, 0
1175013, 271489489, 0, 0
1176008, 283238004, 0, 0
1177039, 274038570, 0, 0
1178045, 239718092, 0, 0
1179074, 281349608, 0, 0
1180023, 287989299, 0, 0
1181047, 267381857, 0, 0
1182039, 257946315, 0, 0
1183032, 280888685, 0, 0
1184050, 281600594, 0, 0
1185030, 267790045, 0, 0
1186008, 253846256, 0, 0
1187045, 254621113, 0, 0
1188029, 265361756, 0, 0
1189028, 266541181, 0, 0
1190056, 240536084, 0, 0
1191043, 250919662, 0, 0
1192032, 291544979, 0, 0
1193031, 268701600, 0, 0
1194037, 284291357, 0, 0
1195033, 274722316, 0, 0
1196058, 299350957, 0, 0
1197037, 310317189, 0, 0
1198028, 275964034, 0, 0
1199035, 263784984, 0, 0
1200020, 267808825, 0, 0
1201042, 293188391, 0, 0
1202044, 268067227, 0, 0
1203052, 308129016, 0, 0
1204000, 288087520, 0, 0
1205045, 252677349, 0, 0
1206005, 234057943, 0, 0
1207051, 237816130, 0, 0
1208004, 255802430, 0, 0
1209059, 247921241, 0, 0
1210068, 269223499, 0, 0
1211001, 255748374, 0, 0
1212055, 271444535, 0, 0
1213003, 268778871, 0, 0
1214055, 263007317, 0, 0
1215031, 298857073, 0, 0
1216054, 304986207, 0, 0
1217055, 303614070, 0, 0
1218007, 249338449, 0, 0
1219011, 286839866, 0, 0
1220008, 263984402, 0, 0
1221011, 290260904, 0, 0
1222021, 270549164, 0, 0
1223004, 261995847, 0, 0
1224030, 250458917, 0, 0
1225027, 272115076, 0, 0
1226048, 302654731, 0, 0
1227025, 296732701, 0, 0
1228021, 274944725, 0, 0
1229012, 272717565, 0, 0
1230052, 285367159, 0, 0
1231045, 308336138, 0, 0
1232049, 270558335, 0, 0
1233059, 298496010, 0, 0
1234062, 262659627, 0, 0
1235020, 272007234, 0, 0
1236063, 255908659, 0, 0
1237032, 271899652, 0, 0
1238005, 281793831, 0, 0
1239037, 291247520, 0, 0
1240053, 301525828, 0, 0
1241019, 317517576, 0, 0
1242048, 281820106, 0, 0
1243016, 300185511, 0, 0
1244010, 289764500, 0, 0
1245057, 319460242, 0, 0
1246037, 306274236, 0, 0
1247055, 286755336, 0, 0
1248012, 312241057, 0, 0
1249021, 263160331, 0, 0
1250038, 258608406, 0, 0
1251021, 263756992, 0, 0
1252047, 259772795, 0, 0
1253042, 281626900, 0, 0
1254025, 288575383, 0, 0
1255045, 297169522, 0, 0
1256053, 280656587, 0, 0
1257042, 296478599, 0, 0
1258046, 281828617, 0, 0
1259027, 277283438, 0, 0
1260030, 259893001, 0, 0
1261043, 308542163, 0, 0
1262026, 294946722, 0, 0
1263048, 272704330, 0, 0
1264004, 294443573, 0, 0
1265040, 302345587, 0, 0
1266041, 303340569, 0, 0
1267060, 276669938, 0, 0
1268018, 286455628, 0, 0
1269055, 276415382, 0, 0
1270027, 304455938, 0, 0
1271004, 279056786, 0, 0
1272056, 284421195, 0, 0
1273042, 259135098, 0, 0
1274060, 259415067, 0, 0
1275038, 287402089, 0, 0
1276018, 308447181, 0, 0
1277059, 264744370, 0, 0
1278005, 300245163, 0, 0
1279033, 266962660, 0, 0
1280028, 293293799, 0, 0
1281003, 286237231, 0, 0
1282048, 277697894, 0, 0
1283054, 287221197, 0, 0
1284056, 282308923, 0, 0
1285047, 291470417, 0, 0
1286009, 280218229, 0, 0
1287031, 275824909, 0, 0
1288058, 292803794, 0, 0
1289011, 305289207, 0, 0
1290039, 299650502, 0, 0
1291051, 300063024, 0, 0
1292035, 317164288, 0, 0
1293055, 278906342, 0, 0
1294045, 264788035, 0, 0
1295014, 273715275, 0, 0
1296021, 302152255, 0, 0
1297029, 303700367, 0, 0
1298011, 326249751, 0, 0
1299016, 290005630, 0, 0
1300022, 286818831, 0, 0
1301011, 311297128, 0, 0
1302016, 283157918, 0, 0
1303022, 300311734, 0, 0
1304037, 259808670, 0, 0
1305027, 271215462, 0, 0
1306035, 276068235, 0, 0
1307003, 272470636, 0, 0
1308049, 287213119, 0, 0
1309017, 284748181, 0, 0
1310007, 287882525, 0, 0
1311033, 300926251, 0, 0
1312028, 265925626, 0, 0
1313005, 288691216, 0, 0
1314041, 304281921, 0, 0
1315025, 304280285, 0, 0
1316037, 305901620, 0, 0
1317047, 307474252, 0, 0
1318028, 302742279, 0, 0
1319025, 313799269, 0, 0
1320025, 283665553, 0, 0
1321078, 317696925, 0, 0
1322019, 288088445, 0, 0
1323066, 290077043, 0, 0
1324052, 291838204, 0, 0
1325018, 297825304, 0, 0
1326046, 304276392, 0, 0
1327038, 290860588, 0, 0
1328019, 288457603, 0, 0
1329020, 286979171, 0, 0
1330000, 303048792, 0, 0
1331009, 292774460, 0, 0
1332014, 282885418, 0, 0
1333045, 312310369, 0, 0
1334051, 335504022, 0, 0
1335005, 308274314, 0, 0
1336058, 300886532, 0, 0
1337044, 300953383, 0, 0
1338047, 305349345, 0, 0
1339050, 305971011, 0, 0
1340024, 308311697, 0, 0
1341056, 283581246, 0, 0
1342032, 280732126, 0, 0
1343014, 299723003, 0, 0
1344003, 307787555, 0, 0
1345041, 287098404, 0, 0
1346026, 281032672, 0, 0
1347057, 285923912, 0, 0
1348008, 320374454, 0, 0
1349003, 305647453, 0, 0
1350043, 301622608, 0, 0
1351043, 292722170, 0, 0
1352039, 282607736, 0, 0
1353055, 304217532, 0, 0
1354070, 306711913, 0, 0
1355060, 321164916, 0, 0
1356000, 290157880, 0, 0
1357029, 311235291, 0, 0
1358038, 287732652, 0, 0
1359053, 303829156, 0, 0
1360035, 311215115, 0, 0
1361053, 304411138, 0, 0
1362045, 345975803, 0, 0
1363018, 323883435, 0, 0
1364032, 320988288, 0, 0
1365021, 318841406, 0, 0
1366020, 293398546, 0, 0
1367027, 296149366, 0, 0
1368018, 279327846, 0, 0
1369066, 280793045, 0, 0
1370061, 317660863, 0, 0
1371014, 300744426, 0, 0
1372012, 311320548, 0, 0
1373016, 282634186, 0, 0
1374025, 336258270, 0, 0
1375050, 297600674, 0, 0
1376018, 290134336, 0, 0
1377016, 311999153, 0, 0
1378017, 303834057, 0, 0
1379009, 306533492, 0, 0
1380044, 287903959, 0, 0
1381047, 305717971, 0, 0
1382025, 270491358, 0, 0
1383057, 303416195, 0, 0
1384048, 294990617, 0, 0
1385002, 320405343, 0, 0
1386047, 315400504, 0, 0
1387046, 302379468, 0, 0
1388038, 268083651, 0, 0
1389020, 288527744, 0, 0
1390018, 366288839, 0, 0
1391002, 333655709, 0, 0
1392004, 309774521, 0, 0
1393035, 285508145, 0, 0
1394028, 317973616, 0, 0
1395051, 299872299, 0, 0
1396023, 287278747, 0, 0
1397055, 270827458, 0, 0
1398073, 322651490, 0, 0
1399045, 337508274, 0, 0
1400046, 319258948, 0, 0
1401013, 275182440, 0, 0
1402048, 296567539, 0, 0
1403000, 320345882, 0, 0
1404005, 352020322, 0, 0
1405007, 321301173, 0, 0
1406003, 354758750, 0, 0
1407009, 336744722, 0, 0
1408056, 299426206, 0, 0
1409023, 343426245, 0, 0
1410015, 302482741, 0, 0
1411003, 302712771, 0, 0
1412012, 323968794, 0, 0
1413011, 324149059, 0, 0
1414036, 336078158, 0, 0
1415002, 306130095, 0, 0
1416034, 284934783, 0, 0
1417014, 343854445, 0, 0
1418050, 300994895, 0, 0
1419057, 312325273, 0, 0
1420027, 352139266, 0, 0
1421033, 299202795, 0, 0
1422020, 335620452, 0, 0
1423012, 300915905, 0, 0
1424033, 298146157, 0, 0
1425013, 307941331, 0, 0
1426031, 294428668, 0, 0
1427053, 297260646, 0, 0
1428021, 317628900, 0, 0
1429001, 280571023, 0, 0
1430009, 315161432, 0, 0
1431019, 321085965, 0, 0
1432057, 312032314, 0, 0
1433044, 310097870, 0, 0
1434021, 332819355, 0, 0
1435000, 298373494, 0, 0
1436060, 306979694, 0, 0
1437024, 307979834, 0, 0
1438044, 340704486, 0, 0
1439037, 315609828, 0, 0
1440027, 331642728, 0, 0
1441053, 295721773, 0, 0
1442058, 310764374, 0, 0
1443043, 306040614, 0, 0
1444016, 336764821, 0, 0
1445058, 282277218, 0, 0
1446022, 332427459, 0, 0
1447002, 336468478, 0, 0
1448014, 307945477, 0, 0
1449045, 302207454, 0, 0
1450051, 320541584, 0, 0
1451052, 299172809, 0, 0
1452054, 336644524, 0, 0
1453001, 294673264, 0, 0
1454017, 332905379, 0, 0
1455048, 325871338, 0, 0
1456060, 315478007, 0, 0
1457038, 316095719, 0, 0
1458020, 328121781, 0, 0
1459001, 320238928, 0, 0
1460004, 343804594, 0, 0
1461009, 299141831, 0, 0
1462014, 319796704, 0, 0
1463040, 314788801, 0, 0
1464051, 268649001, 0, 0
1465059, 359658933, 0, 0
1466057, 332319189, 0, 0
1467011, 325872983, 0, 0
1468003, 334607212, 0, 0
1469033, 350612543, 0, 0
1470055, 332948887, 0, 0
1471012, 317963068, 0, 0
1472009, 351028430, 0, 0
1473009, 300466636, 0, 0
1474018, 300284799, 0, 0
1475019, 309012441, 0, 0
1476034, 351624323, 0, 0
1477000, 344258579, 0, 0
1478025, 316905135, 0, 0
1479018, 313226763, 0, 0
1480048, 324379543, 0, 0
1481047, 321205587, 0, 0
1482049, 314786986, 0, 0
1483023, 320499570, 0, 0
1484017, 323934866, 0, 0
1485016, 305103827, 0, 0
1486038, 330932643, 0, 0
1487039, 338896622, 0, 0
1488014, 323049032, 0, 0
1489044, 327565699, 0, 0
1490030, 320495300, 0, 0
1491042, 329148469, 0, 0
1492012, 324913862, 0, 0
1493018, 324664489, 0, 0
1494006, 295607271, 0, 0
1495017, 314016095, 0, 0
1496012, 313420295, 0, 0
1497038, 356466722, 0, 0
1498004, 340921857, 0, 0
1499020, 314247349, 0, 0
1500004, 361961859, 0, 0
1501008, 329090966, 0, 0
1502004, 339036137, 0, 0
1503035, 339280493, 0, 0
1504029, 337499547, 0, 0
1505010, 330791995, 0, 0
1506013, 364206288, 0, 0
1507030, 302425844, 0, 0
1508055, 328745380, 0, 0
1509024, 312663709, 0, 0
1510021, 347461390, 0, 0
1511030, 298898967, 0, 0
1512026, 345268505, 0, 0
1513025, 339920708, 0, 0
1514044, 343955748, 0, 0
1515011, 331712150, 0, 0
1516038, 353756751, 0, 0
1517021, 318885817, 0, 0
1518046, 339787759, 0, 0
1519014, 316661147, 0, 0
1520005, 348997297, 0, 0
1521012, 339540622, 0, 0
1522041, 341917828, 0, 0
1523026, 331863143, 0, 0
1524022, 328181178, 0, 0
1525048, 301624547, 0, 0
1526019, 334322380, 0, 0
1527060, 321427783, 0, 0
1528057, 309494239, 0, 0
1529001, 307733231, 0, 0
1530016, 336132187, 0, 0
1531041, 337167265, 0, 0
1532060, 331152180, 0, 0
1533029, 332435841, 0, 0
1534030, 327347730, 0, 0
1535047, 342580761, 0, 0
1536043, 357917388, 0, 0
1537035, 344110636, 0, 0
1538001, 343939292, 0, 0
1539020, 342410008, 0, 0
1540053, 318576188, 0, 0
1541056, 341227759, 0, 0
1542047, 326259023, 0, 0
1543012, 356540424, 0, 0
1544009, 343035768, 0, 0
1545022, 340103599, 0, 0
1546048, 366580304, 0, 0
1547008, 357046208, 0, 0
1548043, 346742961, 0, 0
1549007, 366424934, 0, 0
1550009, 356920219, 0, 0
1551060, 354592884, 0, 0
1552043, 374829450, 0, 0
1553013, 345154988, 0, 0
1554048, 367370594, 0, 0
1555043, 352200598, 0, 0
1556018, 344946892, 0, 0
1557039, 328349540, 0, 0
1558054, 330937294, 0, 0
1559003, 347609028, 0, 0
1560061, 367689468, 0, 0
1561006, 358495879, 0, 0
1562051, 362990828, 0, 0
1563062, 347999359, 0, 0
1564002, 384443246, 0, 0
1565045, 327782418, 0, 0
1566052, 355542675, 0, 0
1567049, 349621998, 0, 0
1568040, 338435368, 0, 0
1569028, 350042304, 0, 0
1570034, 337112760, 0, 0
1571018, 335016850, 0, 0
1572051, 351307692, 0, 0
1573023, 374605454, 0, 0
1574038, 343009542, 0, 0
1575038, 344713268, 0, 0
1576004, 337384192, 0, 0
1577015, 339264158, 0, 0
1578018, 359906805, 0, 0
1579020, 359925019, 0, 0
1580037, 350294666, 0, 0
1581047, 332965410, 0, 0
1582055, 404963814, 0, 0
1583044, 379382633, 0, 0
1584049, 371060619, 0, 0
1585043, 344040653, 0, 0
1586054, 341322393, 0, 0
1587062, 359142845, 0, 0
1588004, 357692670, 0, 0
1589056, 374181731, 0, 0
1590021, 347641252, 0, 0
1591052, 358663155, 0, 0
1592026, 365063247, 0, 0
1593002, 365859209, 0, 0
1594029, 339273155, 0, 0
1595049, 339088642, 0, 0
1596028, 363147648, 0, 0
1597049, 356324463, 0, 0
1598023, 335285634, 0, 0
1599049, 350548512, 0, 0
1600024, 351789299, 0, 0
1601045, 334940888, 0, 0
1602051, 334163461, 0, 0
1603004, 386192207, 0, 0
1604051, 359841564, 0, 0
1605018, 369773789, 0, 0
1606033, 366467645, 0, 0
1607044, 352259077, 0, 0
1608060, 365228354, 0, 0
1609056, 359356474, 0, 0
1610052, 350347849, 0, 0
1611000, 370564307, 0, 0
1612023, 381276366, 0, 0
1613000, 359176443, 0, 0
1614002, 364453803, 0, 0
1615003, 392249788, 0, 0
1616062, 367212931, 0, 0
1617065, 375242162, 0, 0
1618021, 358775461, 0, 0
1619012, 325701851, 0, 0
1620012, 357881224, 0, 0
1621016, 358936732, 0, 0
1622014, 374816064, 0, 0
1623070, 332247113, 0, 0
1624059, 369210090, 0, 0
1625052, 372638631, 0, 0
1626048, 349927315, 0, 0
1627041, 374085852, 0, 0
1628017, 357618243, 0, 0
1629024, 375251848, 0, 0
1630007, 337060180, 0, 0
1631057, 338718990, 0, 0
1632045, 388190073, 0, 0
1633036, 366915162, 0, 0
1634017, 399129459, 0, 0
1635047, 372249911, 0, 0
1636019, 452942442, 0, 0
1637004, 374719627, 0, 0
1638020, 373054544, 0, 0
1639045, 362245532, 0, 0
1640045, 383515163, 0, 0
1641055, 356606026, 0, 0
1642018, 391453600, 0, 0
1643013, 368199948, 0, 0
1644075, 349059061, 0, 0
1645006, 380032632, 0, 0
1646011, 378565323, 0, 0
1647076, 376736417, 0, 0
1648053, 426900573, 0, 0
1649014, 379218198, 0, 0
1650040, 405323635, 0, 0
1651002, 367656598, 0, 0
1652039, 343638046, 0, 0
1653062, 347425995, 0, 0
1654041, 332972004, 0, 0
1655034, 372965217, 0, 0
1656027, 395671458, 0, 0
1657024, 415733225, 0, 0
1658025, 366416419, 0, 0
1659024, 395901476, 0, 0
1660019, 373713036, 0, 0
1661024, 362158391, 0, 0
1662019, 395756470, 0, 0
1663011, 375569661, 0, 0
1664024, 371066899, 0, 0
1665022, 367996977, 0, 0
1666010, 352256308, 0, 0
1667030, 413083532, 0, 0
1668025, 394914930, 0, 0
1669020, 373610930, 0, 0
1670019, 359329347, 0, 0
1671040, 395426721, 0, 0
1672056, 364544921, 0, 0
1673029, 372100382, 0, 0
1674040, 361524451, 0, 0
1675008, 370213266, 0, 0
1676061, 369042510, 0, 0
1677045, 385146080, 0, 0
1678006, 388710125, 0, 0
1679031, 413372760, 0, 0
1680060, 349707958, 0, 0
1681028, 382484141, 0, 0
1682045, 380200636, 0, 0
1683045, 360284012, 0, 0
1684054, 386983144, 0, 0
1685033, 371724328, 0, 0
1686051, 393153649, 0, 0
1687054, 382032453, 0, 0
1688038, 388557734, 0, 0
1689055, 394273840, 0, 0
1690027, 404794538, 0, 0
1691051, 380088534, 0, 0
1692026, 354396697, 0, 0
1693001, 367447852, 0, 0
1694024, 347112945, 0, 0
1695032, 365270293, 0, 0
1696040, 371710574, 0, 0
1697050, 358596036, 0, 0
1698046, 394487873, 0, 0
1699046, 384653219, 0, 0
1700001, 375287679, 0, 0
1701043, 399813674, 0, 0
1702019, 374560040, 0, 0
1703044, 372434507, 0, 0
1704019, 383696581, 0, 0
1705031, 393052140, 0, 0
1706062, 368434430, 0, 0
1707063, 386773263, 0, 0
1708059, 402621063, 0, 0
1709055, 405802814, 0, 0
1710042, 400340676, 0, 0
1711035, 401335954, 0, 0
1712042, 397068001, 0, 0
1713037, 394642484, 0, 0
1714024, 366496228, 0, 0
1715062, 419013839, 0, 0
1716043, 386909009, 0, 0
1717065, 421619606, 0, 0
1718055, 393562140, 0, 0
1719023, 403431755, 0, 0
1720005, 409621028, 0, 0
1721036, 383560883, 0, 0
1722057, 429266385, 0, 0
1723054, 373185980, 0, 0
1724030, 415293006, 0, 0
1725041, 395081959, 0, 0
1726037, 392306230, 0, 0
1727021, 400166361, 0, 0
1728011, 389805700, 0, 0
1729050, 371597520, 0, 0
1730043, 420526102, 0, 0
1731003, 414356628, 0, 0
1732003, 419307765, 0, 0
1733015, 380255692, 0, 0
1734007, 360111383, 0, 0
1735050, 383847262, 0, 0
1736048, 391441117, 0, 0
1737036, 356744075, 0, 0
1738037, 399303446, 0, 0
1739039, 390807774, 0, 0
1740040, 402690282, 0, 0
1741055, 397252058, 0, 0
1742016, 412810770, 0, 0
1743006, 395870187, 0, 0
1744008, 384284544, 0, 0
1745001, 417250909, 0, 0
1746026, 414848686, 0, 0
1747040, 396804421, 0, 0
1748043, 392610323, 0, 0
1749031, 367059910, 0, 0
1750048, 401081259, 0, 0
1751007, 389953986, 0, 0
1752047, 391022614, 0, 0
1753017, 399487509, 0, 0
1754055, 403048897, 0, 0
1755020, 386728277, 0, 0
1756051, 385352704, 0, 0
1757012, 392798481, 0, 0
1758054, 396251015, 0, 0
1759020, 407092776, 0, 0
1760056, 409243407, 0, 0
1761000, 391923344, 0, 0
1762041, 385804324, 0, 0
1763008, 408100471, 0, 0
1764002, 391552663, 0, 0
1765014, 445257665, 0, 0
1766027, 410942784, 0, 0
1767004, 374142135, 0, 0
1768041, 368975064, 0, 0
1769023, 406534588, 0, 0
1770002, 415347986, 0, 0
1771032, 365401677, 0, 0
1772043, 401129445, 0, 0
1773055, 413084438, 0, 0
1774049, 408641604, 0, 0
1775027, 396763490, 0, 0
1776028, 411980182, 0, 0
1777041, 403302613, 0, 0
1778027, 404966535, 0, 0
1779058, 380266802, 0, 0
1780020, 372623605, 0, 0
1781057, 380823371, 0, 0
1782007, 388838896, 0, 0
1783045, 417059100, 0, 0
1784009, 411194228, 0, 0
1785062, 385317481, 0, 0
1786011, 428851207, 0, 0
1787042, 416719466, 0, 0
1788011, 385123094, 0, 0
1789022, 406165023, 0, 0
1790040, 401647610, 0, 0
1791050, 406596942, 0, 0
1792034, 428336693, 0, 0
1793042, 392462322, 0, 0
1794024, 426163626, 0, 0
1795022, 422219680, 0, 0
1796048, 435077653, 0, 0
1797024, 449432650, 0, 0
1798052, 391873670, 0, 0
1799023, 385544085, 0, 0
1800016, 388942534, 0, 0
1800160, 349534299, 0, 0
