1036, 463020874, 0, 0
2032, 502282849, 0, 0
3031, 484211623, 0, 0
4054, 500846576, 0, 0
5049, 493242010, 0, 0
6056, 492148249, 0, 0
7001, 500675870, 0, 0
8015, 504652432, 0, 0
9028, 491133393, 0, 0
10018, 485518543, 0, 0
11055, 500139499, 0, 0
12048, 493769992, 0, 0
13014, 494075856, 0, 0
14028, 483058239, 0, 0
15030, 494186903, 0, 0
16036, 375191968, 0, 0
17048, 477900829, 0, 0
18032, 480412522, 0, 0
19032, 457756055, 0, 0
20032, 470102689, 0, 0
21031, 491889179, 0, 0
22044, 494622427, 0, 0
23037, 483177530, 0, 0
24025, 481268621, 0, 0
25001, 474076077, 0, 0
26044, 469112145, 0, 0
27019, 554967577, 0, 0
28019, 486003721, 0, 0
29003, 483325827, 0, 0
30054, 473856548, 0, 0
31015, 499702695, 0, 0
32007, 483210791, 0, 0
33054, 464667924, 0, 0
34013, 475291499, 0, 0
35014, 487763219, 0, 0
36031, 478905973, 0, 0
37043, 484056766, 0, 0
38053, 487398384, 0, 0
39004, 493580710, 0, 0
40000, 494866259, 0, 0
41046, 484667290, 0, 0
42043, 478974052, 0, 0
43058, 482463388, 0, 0
44051, 479458984, 0, 0
45025, 489779235, 0, 0
46034, 491517246, 0, 0
47031, 464880090, 0, 0
48047, 494013828, 0, 0
49032, 476103223, 0, 0
50019, 464725456, 0, 0
51027, 470397588, 0, 0
52057, 482318737, 0, 0
53029, 481935344, 0, 0
54036, 402821331, 0, 0
55022, 463123509, 0, 0
56023, 466158695, 0, 0
57021, 485266235, 0, 0
58044, 492465869, 0, 0
59033, 464765482, 0, 0
60054, 470718354, 0, 0
61027, 471755673, 0, 0
62012, 463440390, 0, 0
63058, 462469843, 0, 0
64024, 482134591, 0, 0
65044, 477098378, 0, 0
66018, 444666284, 0, 0
67051, 451668475, 0, 0
68042, 462354249, 0, 0
69023, 456246353, 0, 0
70043, 469189121, 0, 0
71065, 502496431, 0, 0
72001, 484605045, 0, 0
73060, 468547820, 0, 0
74044, 458803644, 0, 0
75017, 456069974, 0, 0
76063, 440862318, 0, 0
77053, 468463235, 0, 0
78003, 467574739, 0, 0
79039, 462410947, 0, 0
80009, 498815133, 0, 0
81036, 469248637, 0, 0
82055, 488333460, 0, 0
83059, 459939962, 0, 0
84029, 444523068, 0, 0
85013, 472418793, 0, 0
86047, 427260540, 0, 0
87049, 495322069, 0, 0
88048, 464045355, 0, 0
89005, 460676040, 0, 0
90022, 457890845, 0, 0
91054, 439370940, 0, 0
92013, 465983865, 0, 0
93035, 462338745, 0, 0
94040, 471067922, 0, 0
95018, 452677442, 0, 0
96009, 464908495, 0, 0
97060, 430904173, 0, 0
98021, 453826035, 0, 0
99016, 455328554, 0, 0
100044, 476104527, 0, 0
101000, 462291573, 0, 0
102005, 462675892, 0, 0
103037, 457952187, 0, 0
104000, 428192199, 0, 0
105002, 440145624, 0, 0
106043, 430968375, 0, 0
107006, 449673654, 0, 0
108048, 438649152, 0, 0
109002, 457206146, 0, 0
110000, 478494114, 0, 0
111009, 450828543, 0, 0
112009, 453324593, 0, 0
113039, 454838055, 0, 0
114045, 451249368, 0, 0
115049, 461729824, 0, 0
116001, 448328343, 0, 0
117067, 452124324, 0, 0
118056, 469544707, 0, 0
119015, 440882971, 0, 0
120042, 444050223, 0, 0
121040, 420149202, 0, 0
122017, 432691695, 0, 0
123008, 453624821, 0, 0
124023, 466567025, 0, 0
125060, 442900958, 0, 0
126045, 451993350, 0, 0
127044, 451392980, 0, 0
128048, 475532353, 0, 0
129057, 463676805, 0, 0
130014, 446217610, 0, 0
131049, 465664446, 0, 0
132041, 439504012, 0, 0
133042, 460262106, 0, 0
134025, 435529248, 0, 0
135045, 467681132, 0, 0
136043, 438062859, 0, 0
137051, 430934914, 0, 0
138044, 437041424, 0, 0
139045, 459543152, 0, 0
140049, 418632863, 0, 0
141026, 467422336, 0, 0
142037, 442247095, 0, 0
143011, 466988651, 0, 0
144022, 439705691, 0, 0
145014, 446625992, 0, 0
146059, 437274737, 0, 0
147045, 434879968, 0, 0
148066, 442575141, 0, 0
149011, 430646638, 0, 0
150001, 432385056, 0, 0
151001, 452832031, 0, 0
152043, 418916810, 0, 0
153001, 462829697, 0, 0
154046, 430147953, 0, 0
155009, 420339464, 0, 0
156001, 417773069, 0, 0
157013, 440050559, 0, 0
158014, 426043075, 0, 0
159059, 418668601, 0, 0
160061, 409923497, 0, 0
161004, 415744371, 0, 0
162039, 428084562, 0, 0
163006, 400523947, 0, 0
164039, 421954513, 0, 0
165048, 421841147, 0, 0
166027, 462226683, 0, 0
167047, 441793981, 0, 0
168043, 417786896, 0, 0
169041, 421763656, 0, 0
170030, 403110065, 0, 0
171001, 436821891, 0, 0
172057, 418589581, 0, 0
173060, 435801605, 0, 0
174054, 416566535, 0, 0
175033, 437220358, 0, 0
176049, 476412794, 0, 0
177009, 435199719, 0, 0
178031, 437433054, 0, 0
179042, 437501468, 0, 0
180031, 437699161, 0, 0
181007, 437414929, 0, 0
182063, 420809127, 0, 0
183053, 406568602, 0, 0
184049, 421507175, 0, 0
185006, 435551769, 0, 0
186051, 451369642, 0, 0
187052, 418885647, 0, 0
188034, 419569968, 0, 0
189040, 398510641, 0, 0
190052, 430724916, 0, 0
191023, 410998414, 0, 0
192023, 404582526, 0, 0
193012, 419512850, 0, 0
194039, 400645835, 0, 0
195024, 429376053, 0, 0
196031, 397911210, 0, 0
197059, 401576041, 0, 0
198065, 412561963, 0, 0
199003, 423073929, 0, 0
200016, 405880022, 0, 0
201047, 448756822, 0, 0
202005, 434351346, 0, 0
203056, 419740063, 0, 0
204049, 405250092, 0, 0
205035, 412625357, 0, 0
206031, 423701620, 0, 0
207017, 387956343, 0, 0
208011, 431025840, 0, 0
209032, 429926780, 0, 0
210042, 449549049, 0, 0
211050, 426846333, 0, 0
212055, 434314201, 0, 0
213039, 434389414, 0, 0
214054, 451733277, 0, 0
215014, 392113469, 0, 0
216040, 404847383, 0, 0
217024, 395665039, 0, 0
218009, 428237510, 0, 0
219045, 414966568, 0, 0
220038, 393563079, 0, 0
221054, 380940653, 0, 0
222061, 418770159, 0, 0
223064, 451527609, 0, 0
224061, 415114262, 0, 0
225031, 458604597, 0, 0
226055, 394659717, 0, 0
227064, 419714131, 0, 0
228022, 396746811, 0, 0
229024, 414140307, 0, 0
230000, 400437525, 0, 0
231001, 417205691, 0, 0
232046, 436519495, 0, 0
233019, 443915205, 0, 0
234005, 419971758, 0, 0
235024, 426457416, 0, 0
236059, 393717305, 0, 0
237026, 367938964, 0, 0
238064, 381284027, 0, 0
239007, 419603364, 0, 0
240052, 426846075, 0, 0
241037, 384379346, 0, 0
242050, 396638508, 0, 0
243029, 392464321, 0, 0
244039, 402489307, 0, 0
245015, 402138846, 0, 0
246019, 381125334, 0, 0
247009, 400803901, 0, 0
248062, 404827055, 0, 0
249054, 400723783, 0, 0
250005, 382690115, 0, 0
251013, 404372796, 0, 0
252050, 420669034, 0, 0
253032, 361465745, 0, 0
254047, 394192372, 0, 0
255031, 402304590, 0, 0
256044, 416807855, 0, 0
257027, 387547676, 0, 0
258038, 399271029, 0, 0
259059, 395540470, 0, 0
260017, 413539890, 0, 0
261015, 377894018, 0, 0
262054, 399554570, 0, 0
263056, 396202767, 0, 0
264050, 401443707, 0, 0
265047, 398592401, 0, 0
266023, 381168424, 0, 0
267045, 385698877, 0, 0
268021, 381491007, 0, 0
269024, 370667285, 0, 0
270051, 385849169, 0, 0
271025, 385385935, 0, 0
272053, 412889263, 0, 0
273028, 387517301, 0, 0
274022, 381075584, 0, 0
275021, 379483210, 0, 0
276035, 389547478, 0, 0
277004, 366926393, 0, 0
278041, 408334697, 0, 0
279055, 416770958, 0, 0
280016, 379316989, 0, 0
281046, 363193831, 0, 0
282009, 398690890, 0, 0
283013, 408416582, 0, 0
284001, 383362707, 0, 0
285023, 383937456, 0, 0
286058, 392425391, 0, 0
287013, 383967542, 0, 0
288048, 378128813, 0, 0
289053, 385233969, 0, 0
290044, 382800318, 0, 0
291042, 360106818, 0, 0
292029, 390252041, 0, 0
293054, 368954767, 0, 0
294063, 351447074, 0, 0
295055, 393604995, 0, 0
296066, 377994888, 0, 0
297060, 395937994, 0, 0
298043, 378106161, 0, 0
299061, 359787670, 0, 0
300061, 380577913, 0, 0
301056, 374353690, 0, 0
302004, 376229733, 0, 0
303002, 386667681, 0, 0
304051, 402066854, 0, 0
305053, 394671226, 0, 0
306049, 364758109, 0, 0
307001, 361372521, 0, 0
308006, 410997001, 0, 0
309031, 367591407, 0, 0
310023, 365046172, 0, 0
311020, 369841819, 0, 0
312024, 384146888, 0, 0
313031, 364068384, 0, 0
314040, 388037476, 0, 0
315002, 394254232, 0, 0
316037, 376542300, 0, 0
317044, 375423967, 0, 0
318059, 381007301, 0, 0
319057, 370942632, 0, 0
320008, 363032736, 0, 0
321011, 422839225, 0, 0
322034, 378391678, 0, 0
323048, 343362769, 0, 0
324008, 398355425, 0, 0
325038, 381621855, 0, 0
326073, 369161340, 0, 0
327059, 349001729, 0, 0
328019, 395819909, 0, 0
329047, 378486072, 0, 0
330058, 380566689, 0, 0
331026, 375890354, 0, 0
332056, 400488068, 0, 0
333045, 350039967, 0, 0
334040, 342927104, 0, 0
335044, 365454027, 0, 0
336026, 350739428, 0, 0
337017, 376636194, 0, 0
338042, 358454622, 0, 0
339015, 347934847, 0, 0
340032, 349080375, 0, 0
341053, 380570371, 0, 0
342004, 370916633, 0, 0
343053, 340864215, 0, 0
344048, 371648001, 0, 0
345002, 398965925, 0, 0
346030, 380309922, 0, 0
347016, 341435742, 0, 0
348031, 342947890, 0, 0
349004, 342899375, 0, 0
350001, 385873280, 0, 0
351052, 348133764, 0, 0
352005, 338787510, 0, 0
353028, 394233447, 0, 0
354040, 372460539, 0, 0
355021, 355498295, 0, 0
356037, 359895666, 0, 0
357041, 362260449, 0, 0
358016, 331882827, 0, 0
359037, 363442329, 0, 0
360039, 374220288, 0, 0
361024, 360585252, 0, 0
362048, 357200228, 0, 0
363025, 361198313, 0, 0
364050, 406576831, 0, 0
365028, 361018763, 0, 0
366042, 384568949, 0, 0
367002, 354345959, 0, 0
368042, 332363891, 0, 0
369052, 364747275, 0, 0
370001, 343705178, 0, 0
371012, 359920644, 0, 0
372035, 372992774, 0, 0
373010, 346531041, 0, 0
374019, 341005599, 0, 0
375004, 344997795, 0, 0
376002, 348324348, 0, 0
377001, 343847648, 0, 0
378011, 355931795, 0, 0
379033, 322933025, 0, 0
380024, 357939525, 0, 0
381001, 340153930, 0, 0
382050, 335256817, 0, 0
383033, 345484135, 0, 0
384007, 352152390, 0, 0
385009, 376938097, 0, 0
386011, 333950065, 0, 0
387061, 324895046, 0, 0
388042, 345223798, 0, 0
389036, 342543246, 0, 0
390005, 357999739, 0, 0
391022, 322262576, 0, 0
392013, 346451453, 0, 0
393064, 351812694, 0, 0
394036, 372877289, 0, 0
395034, 361860675, 0, 0
396043, 358297682, 0, 0
397058, 364563501, 0, 0
398045, 350358329, 0, 0
399046, 346951500, 0, 0
400065, 352830368, 0, 0
401036, 371328785, 0, 0
402053, 345925807, 0, 0
403055, 364430304, 0, 0
404013, 324573445, 0, 0
405003, 317324417, 0, 0
406008, 339352726, 0, 0
407056, 363826959, 0, 0
408046, 351430292, 0, 0
409033, 350278685, 0, 0
410027, 315603665, 0, 0
411033, 331882744, 0, 0
412035, 340353094, 0, 0
413048, 344633859, 0, 0
414042, 335603639, 0, 0
415046, 361871584, 0, 0
416023, 339576072, 0, 0
417003, 327995478, 0, 0
418062, 340768677, 0, 0
419050, 364485156, 0, 0
420002, 340361395, 0, 0
421040, 337207382, 0, 0
422005, 348900331, 0, 0
423027, 341937280, 0, 0
424005, 329563610, 0, 0
425013, 352025104, 0, 0
426043, 334489643, 0, 0
427037, 343489177, 0, 0
428009, 290798543, 0, 0
429009, 330123228, 0, 0
430014, 325947645, 0, 0
431051, 337715634, 0, 0
432000, 355115753, 0, 0
433011, 323874598, 0, 0
434010, 346129678, 0, 0
435015, 339244469, 0, 0
436012, 320634188, 0, 0
437013, 320931390, 0, 0
438017, 307803880, 0, 0
439033, 330267857, 0, 0
440043, 351870650, 0, 0
441000, 328212096, 0, 0
442049, 312039115, 0, 0
443012, 342714860, 0, 0
444028, 345863103, 0, 0
445019, 335825157, 0, 0
446025, 388143671, 0, 0
447003, 330330785, 0, 0
448001, 324715299, 0, 0
449039, 322593140, 0, 0
450050, 318479233, 0, 0
451031, 304684281, 0, 0
452034, 299576853, 0, 0
453004, 361652924, 0, 0
454020, 325657127, 0, 0
455049, 321566341, 0, 0
456001, 352223816, 0, 0
457056, 335461114, 0, 0
458057, 334372732, 0, 0
459006, 347131547, 0, 0
460012, 340255936, 0, 0
461045, 317316244, 0, 0
462056, 309147133, 0, 0
463016, 307592886, 0, 0
464032, 317911464, 0, 0
465032, 309351831, 0, 0
466019, 328996656, 0, 0
467027, 299908776, 0, 0
468022, 300846393, 0, 0
469036, 321354086, 0, 0
470035, 353268538, 0, 0
471024, 284265705, 0, 0
472003, 277998463, 0, 0
473001, 303044292, 0, 0
474029, 335138936, 0, 0
475028, 285732859, 0, 0
476063, 313962122, 0, 0
477021, 315443148, 0, 0
478034, 306721103, 0, 0
479007, 293916821, 0, 0
480071, 324388565, 0, 0
481030, 325155976, 0, 0
482000, 285290275, 0, 0
483020, 320949166, 0, 0
484008, 316943334, 0, 0
485041, 303087776, 0, 0
486048, 348567696, 0, 0
487002, 305420067, 0, 0
488001, 316843004, 0, 0
489010, 317196936, 0, 0
490014, 285691333, 0, 0
491006, 324133409, 0, 0
492004, 305526338, 0, 0
493034, 320421025, 0, 0
494006, 330993530, 0, 0
495013, 341850052, 0, 0
496017, 337579675, 0, 0
497056, 318944508, 0, 0
498049, 300535541, 0, 0
499031, 278242461, 0, 0
500033, 301161105, 0, 0
501030, 277522174, 0, 0
502031, 297530945, 0, 0
503030, 294399145, 0, 0
504025, 309578736, 0, 0
505034, 299752885, 0, 0
506032, 283524969, 0, 0
507031, 327399593, 0, 0
508055, 346828455, 0, 0
509052, 281491491, 0, 0
510059, 308884761, 0, 0
511016, 313544775, 0, 0
512040, 283765818, 0, 0
513044, 318569406, 0, 0
514003, 308312585, 0, 0
515003, 312103697, 0, 0
516023, 325695651, 0, 0
517056, 318565598, 0, 0
518000, 313082378, 0, 0
519023, 300837176, 0, 0
520041, 292971721, 0, 0
521010, 267021097, 0, 0
522009, 293893853, 0, 0
523049, 272997890, 0, 0
524042, 295528081, 0, 0
525026, 324880077, 0, 0
526053, 295529087, 0, 0
527049, 293937728, 0, 0
528052, 286691149, 0, 0
529009, 305755551, 0, 0
530028, 295427778, 0, 0
531058, 294083398, 0, 0
532047, 259147737, 0, 0
533008, 287998043, 0, 0
534001, 277483585, 0, 0
535000, 311244003, 0, 0
536006, 285520302, 0, 0
537008, 272949855, 0, 0
538049, 291621318, 0, 0
539002, 306539340, 0, 0
540038, 290665780, 0, 0
541006, 291374652, 0, 0
542045, 310864780, 0, 0
543067, 323632484, 0, 0
544050, 301104898, 0, 0
545031, 295732661, 0, 0
546037, 296222651, 0, 0
547013, 276853706, 0, 0
548063, 260370665, 0, 0
549015, 291606706, 0, 0
550045, 295197023, 0, 0
551011, 269882046, 0, 0
552051, 290170609, 0, 0
553068, 263492885, 0, 0
554031, 323924622, 0, 0
555037, 277419676, 0, 0
556067, 327269271, 0, 0
557032, 291837593, 0, 0
558019, 293022762, 0, 0
559038, 311246310, 0, 0
560062, 290020303, 0, 0
561053, 253366193, 0, 0
562006, 261871533, 0, 0
563000, 256843077, 0, 0
564001, 278326325, 0, 0
565012, 268930542, 0, 0
566004, 291696067, 0, 0
567048, 291415997, 0, 0
568034, 301395018, 0, 0
569016, 295726876, 0, 0
570037, 340208007, 0, 0
571054, 304613586, 0, 0
572028, 263204428, 0, 0
573024, 301898583, 0, 0
574030, 279227632, 0, 0
575027, 276413030, 0, 0
576036, 236750062, 0, 0
577003, 288662557, 0, 0
578016, 270851563, 0, 0
579053, 265650042, 0, 0
580052, 283119918, 0, 0
581044, 290435608, 0, 0
582061, 257568769, 0, 0
583021, 276243027, 0, 0
584041, 267252436, 0, 0
585004, 253756610, 0, 0
586012, 312880542, 0, 0
587000, 264109703, 0, 0
588047, 264409163, 0, 0
589013, 276206003, 0, 0
590035, 273345406, 0, 0
591011, 303520016, 0, 0
592014, 296182543, 0, 0
593007, 265960052, 0, 0
594050, 275947437, 0, 0
595035, 281921020, 0, 0
596013, 305521256, 0, 0
597008, 274850501, 0, 0
598022, 284062864, 0, 0
599035, 273733151, 0, 0
600012, 308405999, 0, 0
601061, 254608505, 0, 0
602050, 251331074, 0, 0
603008, 251149579, 0, 0
604025, 282121814, 0, 0
605008, 272267510, 0, 0
606038, 270902659, 0, 0
607015, 261688538, 0, 0
608004, 275007812, 0, 0
609051, 277670964, 0, 0
610045, 270710069, 0, 0
611016, 267581192, 0, 0
612013, 277855063, 0, 0
613054, 276802693, 0, 0
614027, 252781189, 0, 0
615028, 250821297, 0, 0
616033, 250881309, 0, 0
617049, 264130559, 0, 0
618031, 259503801, 0, 0
619058, 308639166, 0, 0
620063, 262421946, 0, 0
621030, 273910675, 0, 0
622014, 279291031, 0, 0
623042, 234123563, 0, 0
624004, 254919220, 0, 0
625037, 261892158, 0, 0
626004, 236772760, 0, 0
627021, 273263893, 0, 0
628011, 278875974, 0, 0
629038, 259968305, 0, 0
630044, 257688766, 0, 0
631004, 251499808, 0, 0
632042, 235051763, 0, 0
633027, 244067485, 0, 0
634050, 249230044, 0, 0
635009, 251339188, 0, 0
636015, 254388210, 0, 0
637027, 228604211, 0, 0
638010, 276429956, 0, 0
639041, 262193203, 0, 0
640026, 276000019, 0, 0
641031, 254710742, 0, 0
642009, 253191802, 0, 0
643054, 271637807, 0, 0
644035, 255519054, 0, 0
645029, 253408341, 0, 0
646010, 247973959, 0, 0
647001, 253309886, 0, 0
648025, 285793923, 0, 0
649030, 271061314, 0, 0
650012, 260438771, 0, 0
651012, 281212987, 0, 0
652055, 280818678, 0, 0
653042, 249261465, 0, 0
654009, 247315249, 0, 0
655014, 227294851, 0, 0
656025, 221349699, 0, 0
657039, 234902344, 0, 0
658000, 245032576, 0, 0
659025, 220099948, 0, 0
660035, 271422496, 0, 0
661056, 248531768, 0, 0
662022, 227492045, 0, 0
663040, 232162768, 0, 0
664030, 263206348, 0, 0
665044, 222881067, 0, 0
666021, 260374727, 0, 0
667030, 263031503, 0, 0
668042, 244879682, 0, 0
669027, 265195015, 0, 0
670011, 238115778, 0, 0
671057, 230495973, 0, 0
672002, 246145159, 0, 0
673020, 275721192, 0, 0
674043, 276027342, 0, 0
675029, 247100290, 0, 0
676069, 247505579, 0, 0
677006, 276525780, 0, 0
678021, 234226403, 0, 0
679048, 220954599, 0, 0
680004, 237485650, 0, 0
681010, 250784649, 0, 0
682035, 250887580, 0, 0
683013, 233047673, 0, 0
684026, 280225938, 0, 0
685037, 255830247, 0, 0
686008, 285336156, 0, 0
687047, 279853401, 0, 0
688021, 211336582, 0, 0
689040, 232388739, 0, 0
690032, 246780472, 0, 0
691034, 247793124, 0, 0
692009, 233185382, 0, 0
693065, 249559097, 0, 0
694002, 254046938, 0, 0
695017, 244634126, 0, 0
696007, 290968590, 0, 0
697013, 269260324, 0, 0
698023, 258735444, 0, 0
699044, 245358686, 0, 0
700045, 250052618, 0, 0
701049, 237840875, 0, 0
702043, 243537639, 0, 0
703027, 237863063, 0, 0
704010, 225230399, 0, 0
705028, 242134772, 0, 0
706049, 252772128, 0, 0
707056, 277225818, 0, 0
708053, 255718235, 0, 0
709040, 278746470, 0, 0
710032, 231424419, 0, 0
711023, 247286429, 0, 0
712010, 228092782, 0, 0
713061, 234717037, 0, 0
714036, 245685246, 0, 0
715038, 263132907, 0, 0
716030, 247887577, 0, 0
717011, 276350148, 0, 0
718025, 271692329, 0, 0
719038, 256126189, 0, 0
720004, 262149189, 0, 0
721042, 245186361, 0, 0
722034, 281866037, 0, 0
723067, 254821134, 0, 0
724040, 258783687, 0, 0
725053, 280792281, 0, 0
726022, 220239228, 0, 0
727025, 267408919, 0, 0
728047, 223998469, 0, 0
729032, 252946394, 0, 0
730039, 246591755, 0, 0
731031, 240461740, 0, 0
732041, 230233139, 0, 0
733035, 230395474, 0, 0
734026, 240517209, 0, 0
735040, 258110751, 0, 0
736037, 258648585, 0, 0
737030, 240502575, 0, 0
738004, 251088245, 0, 0
739052, 259396518, 0, 0
740004, 271491404, 0, 0
741047, 227279860, 0, 0
742037, 245352940, 0, 0
743023, 238947185, 0, 0
744053, 251824394, 0, 0
745021, 257238563, 0, 0
746022, 259985492, 0, 0
747018, 240482345, 0, 0
748057, 229901030, 0, 0
749015, 257220975, 0, 0
750055, 222557096, 0, 0
751043, 261972107, 0, 0
752024, 243472947, 0, 0
753051, 252177724, 0, 0
754030, 260839096, 0, 0
755023, 242072618, 0, 0
756001, 255435235, 0, 0
757025, 241439215, 0, 0
758063, 266910649, 0, 0
759006, 285794629, 0, 0
760043, 251719605, 0, 0
761017, 248932430, 0, 0
762039, 239557646, 0, 0
763000, 248127944, 0, 0
764004, 243874275, 0, 0
765010, 271010344, 0, 0
766001, 245743218, 0, 0
767033, 253866158, 0, 0
768007, 234385010, 0, 0
769014, 248983182, 0, 0
770034, 250530581, 0, 0
771029, 257757678, 0, 0
772023, 228404494, 0, 0
773053, 263418472, 0, 0
774005, 196394820, 0, 0
775034, 239305849, 0, 0
776058, 257066845, 0, 0
777015, 214523439, 0, 0
778050, 244782326, 0, 0
779027, 240553200, 0, 0
780006, 208892270, 0, 0
781024, 254816137, 0, 0
782026, 257033805, 0, 0
783045, 257323956, 0, 0
784037, 241988861, 0, 0
785048, 233395251, 0, 0
786053, 246666056, 0, 0
787013, 242615348, 0, 0
788031, 245761485, 0, 0
789037, 264853903, 0, 0
790043, 233448310, 0, 0
791047, 238459187, 0, 0
792036, 235586643, 0, 0
793033, 270045113, 0, 0
794004, 268178718, 0, 0
795004, 221265063, 0, 0
796065, 286547136, 0, 0
797056, 255953535, 0, 0
798043, 248482742, 0, 0
799044, 231643129, 0, 0
800019, 249158680, 0, 0
801018, 255387300, 0, 0
802029, 296816527, 0, 0
803001, 235385417, 0, 0
804015, 261406932, 0, 0
805008, 254658621, 0, 0
806056, 257262466, 0, 0
807022, 242542620, 0, 0
808032, 250429036, 0, 0
809046, 248290908, 0, 0
810011, 256610252, 0, 0
811022, 240054073, 0, 0
812026, 245828369, 0, 0
813020, 212776246, 0, 0
814015, 274638783, 0, 0
815018, 245813475, 0, 0
816064, 256095243, 0, 0
817054, 277438189, 0, 0
818020, 248390782, 0, 0
819051, 259715308, 0, 0
820045, 234230783, 0, 0
821027, 259487696, 0, 0
822009, 224613430, 0, 0
823016, 234692559, 0, 0
824008, 249900022, 0, 0
825063, 257643171, 0, 0
826003, 274834540, 0, 0
827020, 253360659, 0, 0
828050, 224262641, 0, 0
829008, 264678965, 0, 0
830010, 260429938, 0, 0
831011, 258357977, 0, 0
832003, 250807684, 0, 0
833031, 248790046, 0, 0
834013, 225961535, 0, 0
835002, 247279519, 0, 0
836049, 248400119, 0, 0
837057, 252869503, 0, 0
838019, 287693406, 0, 0
839012, 242328337, 0, 0
840027, 267162456, 0, 0
841025, 224511220, 0, 0
842040, 259922824, 0, 0
843055, 241753938, 0, 0
844000, 256332502, 0, 0
845011, 274865335, 0, 0
846010, 235916422, 0, 0
847042, 232683497, 0, 0
848021, 254180795, 0, 0
849002, 263196264, 0, 0
850011, 244448372, 0, 0
851012, 257044618, 0, 0
852033, 257221952, 0, 0
853015, 254485633, 0, 0
854051, 237567927, 0, 0
855065, 240650862, 0, 0
856021, 283071190, 0, 0
857015, 263022494, 0, 0
858025, 260803964, 0, 0
859038, 222957385, 0, 0
860009, 222809813, 0, 0
861030, 260362816, 0, 0
862026, 249500797, 0, 0
863045, 240829299, 0, 0
864031, 258186868, 0, 0
865011, 255023906, 0, 0
866058, 270188765, 0, 0
867056, 230386201, 0, 0
868048, 265747489, 0, 0
869024, 252348072, 0, 0
870040, 254918209, 0, 0
871054, 271780572, 0, 0
872050, 230591989, 0, 0
873022, 232733949, 0, 0
874010, 253495935, 0, 0
875022, 268940314, 0, 0
876003, 230478501, 0, 0
877055, 237756853, 0, 0
878031, 231129407, 0, 0
879032, 237662464, 0, 0
880030, 246621577, 0, 0
881061, 244062825, 0, 0
882027, 262307718, 0, 0
883010, 255208223, 0, 0
884026, 254981168, 0, 0
885055, 267614150, 0, 0
886051, 250495600, 0, 0
887037, 246869698, 0, 0
888010, 249971104, 0, 0
889004, 262221325, 0, 0
890055, 243026289, 0, 0
891005, 267327753, 0, 0
892058, 229301721, 0, 0
893006, 238093464, 0, 0
894004, 240708681, 0, 0
895063, 256490587, 0, 0
896000, 249030508, 0, 0
897024, 234382215, 0, 0
898055, 246338528, 0, 0
899053, 243121486, 0, 0
900018, 200578997, 0, 0
901024, 249854908, 0, 0
902007, 281995856, 0, 0
903025, 243910000, 0, 0
904034, 276475147, 0, 0
905034, 234626681, 0, 0
906016, 260636717, 0, 0
907015, 245609013, 0, 0
908008, 268844152, 0, 0
909032, 263122153, 0, 0
910039, 225831364, 0, 0
911051, 248216799, 0, 0
912006, 250020097, 0, 0
913009, 259734858, 0, 0
914052, 230381288, 0, 0
915047, 251380337, 0, 0
916035, 242247723, 0, 0
917028, 235312277, 0, 0
918000, 261007632, 0, 0
919041, 232765813, 0, 0
920026, 241408583, 0, 0
921058, 265949695, 0, 0
922048, 244344528, 0, 0
923039, 230216067, 0, 0
924007, 234167599, 0, 0
925039, 255636847, 0, 0
926058, 248604077, 0, 0
927053, 239624764, 0, 0
928048, 237562493, 0, 0
929047, 248181320, 0, 0
930025, 228455559, 0, 0
931051, 247207717, 0, 0
932035, 256943172, 0, 0
933026, 272109581, 0, 0
934027, 234769728, 0, 0
935052, 232869515, 0, 0
936065, 253048677, 0, 0
937052, 250031464, 0, 0
938001, 248656133, 0, 0
939021, 238085876, 0, 0
940023, 241462515, 0, 0
941020, 264763444, 0, 0
942054, 230536856, 0, 0
943006, 263009516, 0, 0
944047, 236085251, 0, 0
945013, 252498494, 0, 0
946003, 249815950, 0, 0
947056, 253004384, 0, 0
948057, 246175239, 0, 0
949042, 256179850, 0, 0
950064, 243332367, 0, 0
951046, 230120617, 0, 0
952020, 262082383, 0, 0
953050, 250664107, 0, 0
954002, 241783174, 0, 0
955009, 260999145, 0, 0
956033, 247913447, 0, 0
957010, 240253391, 0, 0
958049, 232457375, 0, 0
959020, 243728122, 0, 0
960074, 220366726, 0, 0
961008, 262010460, 0, 0
962014, 265016301, 0, 0
963021, 235277991, 0, 0
964022, 260350842, 0, 0
965004, 247706040, 0, 0
966056, 265035539, 0, 0
967036, 261879098, 0, 0
968041, 265368801, 0, 0
969050, 266562579, 0, 0
970056, 232303426, 0, 0
971058, 243030454, 0, 0
972059, 246437623, 0, 0
973028, 229982359, 0, 0
974013, 260285503, 0, 0
975048, 254085219, 0, 0
976035, 225447561, 0, 0
977057, 245070635, 0, 0
978014, 254279623, 0, 0
979048, 241558550, 0, 0
980048, 246381426, 0, 0
981061, 234070766, 0, 0
982048, 251143023, 0, 0
983006, 250904857, 0, 0
984042, 253214753, 0, 0
985012, 271691367, 0, 0
986013, 276176156, 0, 0
987042, 238522614, 0, 0
988020, 235897328, 0, 0
989035, 242543203, 0, 0
990002, 246885280, 0, 0
991004, 233547212, 0, 0
992033, 231569703, 0, 0
993012, 239942498, 0, 0
994043, 244220918, 0, 0
995019, 287977570, 0, 0
996011, 237643430, 0, 0
997054, 229466917, 0, 0
998038, 233095210, 0, 0
999039, 221139618, 0, 0
1000034, 256667394, 0, 0
1001052, 218816742, 0, 0
1002011, 245424849, 0, 0
1003017, 250864550, 0, 0
1004044, 271016176, 0, 0
1005019, 252687673, 0, 0
1006007, 239788934, 0, 0
1007049, 261601281, 0, 0
1008055, 255933300, 0, 0
1009064, 238719355, 0, 0
1010061, 237186657, 0, 0
1011026, 254694358, 0, 0
1012023, 269817575, 0, 0
1013037, 231506799, 0, 0
1014027, 243751064, 0, 0
1015055, 260806255, 0, 0
1016036, 251903232, 0, 0
1017025, 243473949, 0, 0
1018033, 240864532, 0, 0
1019040, 244206227, 0, 0
1020042, 246081542, 0, 0
1021040, 253956775, 0, 0
1022004, 235838568, 0, 0
1023049, 220246824, 0, 0
1024003, 269531155, 0, 0
1025006, 216663278, 0, 0
1026047, 240202577, 0, 0
1027055, 235825561, 0, 0
1028041, 276799003, 0, 0
1029027, 241072079, 0, 0
1030057, 236414095, 0, 0
1031056, 289143357, 0, 0
1032045, 219932216, 0, 0
1033003, 272018804, 0, 0
1034029, 278420162, 0, 0
1035009, 248264169, 0, 0
1036015, 227494552, 0, 0
1037040, 281056445, 0, 0
1038053, 257311102, 0, 0
1039038, 257861911, 0, 0
1040003, 244693917, 0, 0
1041047, 268329241, 0, 0
1042005, 256693118, 0, 0
1043026, 256106962, 0, 0
1044049, 229572344, 0, 0
1045034, 208519262, 0, 0
1046034, 264168325, 0, 0
1047017, 256135275, 0, 0
1048035, 255291278, 0, 0
1049055, 234621641, 0, 0
1050019, 231660102, 0, 0
1051054, 273968157, 0, 0
1052029, 231952770, 0, 0
1053006, 244208917, 0, 0
1054033, 261758661, 0, 0
1055046, 273663321, 0, 0
1056036, 261820970, 0, 0
1057033, 236681211, 0, 0
1058055, 254104735, 0, 0
1059049, 252548837, 0, 0
1060048, 239341887, 0, 0
1061012, 262027714, 0, 0
1062014, 246561338, 0, 0
1063020, 255140168, 0, 0
1064035, 254949603, 0, 0
1065045, 252121814, 0, 0
1066059, 254091178, 0, 0
1067002, 250472324, 0, 0
1068053, 240636619, 0, 0
1069022, 240058801, 0, 0
1070044, 258708449, 0, 0
1071030, 268568208, 0, 0
1072039, 240199973, 0, 0
1073058, 255971727, 0, 0
1074021, 239917191, 0, 0
1075027, 246375164, 0, 0
1076002, 264859552, 0, 0
1077007, 281386288, 0, 0
1078039, 283768800, 0, 0
1079048, 251963409, 0, 0
1080009, 239484461, 0, 0
1081078, 301273870, 0, 0
1082024, 361854791, 0, 0
1083021, 246711478, 0, 0
1084015, 245615708, 0, 0
1085025, 251144956, 0, 0
1086028, 252620514, 0, 0
1087038, 236093993, 0, 0
1088016, 256234352, 0, 0
1089002, 248136001, 0, 0
1090034, 265173411, 0, 0
1091030, 262988440, 0, 0
1092056, 236131995, 0, 0
1093010, 232785245, 0, 0
1094009, 263921070, 0, 0
1095066, 268860353, 0, 0
1096027, 239936889, 0, 0
1097066, 254127171, 0, 0
1098030, 243796606, 0, 0
1099001, 267646015, 0, 0
1100038, 290930587, 0, 0
1101057, 254277715, 0, 0
1102051, 234417075, 0, 0
1103005, 263389826, 0, 0
1104013, 250545105, 0, 0
1105026, 248925063, 0, 0
1106029, 252990708, 0, 0
1107023, 231243376, 0, 0
1108022, 253621475, 0, 0
1109055, 250089238, 0, 0
1110033, 219064679, 0, 0
1111037, 258069431, 0, 0
1112001, 252741062, 0, 0
1113039, 226176246, 0, 0
1114027, 264485723, 0, 0
1115051, 281559710, 0, 0
1116023, 218376172, 0, 0
1117054, 258576967, 0, 0
1118039, 248193265, 0, 0
1119054, 271795644, 0, 0
1120056, 305163532, 0, 0
1121055, 286578343, 0, 0
1122050, 261538462, 0, 0
1123042, 243672719, 0, 0
1124052, 243791288, 0, 0
1125040, 248728428, 0, 0
1126016, 240382827, 0, 0
1127057, 228511832, 0, 0
1128056, 258136312, 0, 0
1129020, 214756925, 0, 0
1130011, 223559381, 0, 0
1131000, 246817397, 0, 0
1132037, 232025751, 0, 0
1133008, 227259178, 0, 0
1134010, 273978500, 0, 0
1135029, 239343312, 0, 0
1136020, 264852784, 0, 0
1137029, 251692945, 0, 0
1138033, 238497335, 0, 0
1139044, 220000404, 0, 0
1140011, 251137993, 0, 0
1141011, 242929133, 0, 0
1142032, 229281288, 0, 0
1143025, 239918690, 0, 0
1144022, 247994729, 0, 0
1145009, 270623997, 0, 0
1146037, 223154363, 0, 0
1147043, 280377446, 0, 0
1148065, 220448102, 0, 0
1149009, 238736523, 0, 0
1150026, 277624665, 0, 0
1151028, 250498962, 0, 0
1152013, 256193704, 0, 0
1153062, 250065901, 0, 0
1154063, 238656900, 0, 0
1155023, 243130634, 0, 0
1156005, 248438284, 0, 0
1157015, 219484062, 0, 0
1158034, 273124872, 0, 0
1159040, 226693557, 0, 0
1160018, 244146901, 0, 0
1161011, 244063452, 0, 0
1162045, 233000971, 0, 0
1163034, 226007430, 0, 0
1164056, 267116898, 0, 0
1165045, 270146384, 0, 0
1166035, 216638834, 0, 0
1167030, 250591146, 0, 0
1168014, 250133796, 0, 0
1169034, 256476389, 0, 0
1170016, 269147955, 0, 0
1171005, 252328721, 0, 0
1172050, 288026755, 0, 0
1173054, 254694373, 0, 0
1174061, 250208435, 0, 0
1175060, 249641015, 0, 0
1176004, 249025454, 0, 0
1177027, 256439369, 0, 0
1178026, 288993425, 0, 0
1179009, 260302920, 0, 0
1180054, 247662986, 0, 0
1181018, 261744353, 0, 0
1182009, 261431829, 0, 0
1183060, 235068809, 0, 0
1184015, 270356996, 0, 0
1185019, 264518677, 0, 0
1186034, 246291945, 0, 0
1187051, 237594469, 0, 0
1188010, 251102152, 0, 0
1189019, 282167735, 0, 0
1190024, 253154741, 0, 0
1191025, 240943367, 0, 0
1192028, 230398006, 0, 0
1193065, 225392022, 0, 0
1194003, 237304291, 0, 0
1195001, 241772755, 0, 0
1196021, 253235570, 0, 0
1197014, 288229050, 0, 0
1198010, 252613548, 0, 0
1199010, 271344403, 0, 0
1200048, 246195905, 0, 0
1201050, 272798213, 0, 0
1202036, 264502431, 0, 0
1203012, 267025239, 0, 0
1204033, 291219987, 0, 0
1205029, 257632861, 0, 0
1206003, 246492028, 0, 0
1207000, 273774081, 0, 0
1208047, 239825054, 0, 0
1209039, 247751760, 0, 0
1210024, 303834870, 0, 0
1211050, 285216746, 0, 0
1212033, 230305655, 0, 0
1213039, 264327890, 0, 0
1214006, 235394899, 0, 0
1215028, 253579687, 0, 0
1216054, 253655208, 0, 0
1217025, 255234723, 0, 0
1218041, 257940148, 0, 0
1219048, 259516836, 0, 0
1220060, 273037346, 0, 0
1221063, 252662569, 0, 0
1222001, 242402410, 0, 0
1223023, 233085891, 0, 0
1224042, 234431765, 0, 0
1225017, 263764259, 0, 0
1226062, 259440500, 0, 0
1227055, 279426348, 0, 0
1228029, 264655696, 0, 0
1229002, 257057592, 0, 0
1230026, 268009059, 0, 0
1231003, 249806558, 0, 0
1232000, 260006566, 0, 0
1233023, 195316018, 0, 0
1234046, 228621215, 0, 0
1235018, 220206842, 0, 0
1236025, 248794609, 0, 0
1237001, 241685938, 0, 0
1238039, 242024494, 0, 0
1239030, 251367016, 0, 0
1240017, 254469247, 0, 0
1241045, 240507844, 0, 0
1242046, 261312369, 0, 0
1243007, 256829045, 0, 0
1244059, 261930339, 0, 0
1245012, 277963789, 0, 0
1246008, 266144801, 0, 0
1247055, 248022129, 0, 0
1248003, 286216569, 0, 0
1249007, 272463518, 0, 0
1250045, 258639446, 0, 0
1251025, 252237007, 0, 0
1252035, 269263923, 0, 0
1253025, 252004667, 0, 0
1254003, 231371134, 0, 0
1255008, 208303240, 0, 0
1256040, 285361014, 0, 0
1257013, 259950079, 0, 0
1258013, 290214186, 0, 0
1259009, 242436508, 0, 0
1260056, 236470305, 0, 0
1261021, 246877658, 0, 0
1262030, 249772057, 0, 0
1263038, 265074233, 0, 0
1264055, 250175480, 0, 0
1265047, 272523631, 0, 0
1266004, 247664357, 0, 0
1267027, 240092449, 0, 0
1268064, 234822786, 0, 0
1269045, 268673470, 0, 0
1270008, 245888417, 0, 0
1271051, 240736903, 0, 0
1272013, 265113527, 0, 0
1273028, 264666623, 0, 0
1274001, 249152265, 0, 0
1275019, 273254110, 0, 0
1276059, 246103233, 0, 0
1277066, 264810597, 0, 0
1278005, 246965956, 0, 0
1279046, 267509463, 0, 0
1280059, 250729125, 0, 0
1281019, 257092977, 0, 0
1282037, 242012251, 0, 0
1283044, 265240599, 0, 0
1284003, 262873334, 0, 0
1285061, 255644211, 0, 0
1286044, 259611788, 0, 0
1287039, 265586162, 0, 0
1288050, 240574198, 0, 0
1289035, 246141790, 0, 0
1290056, 267088320, 0, 0
1291013, 293902912, 0, 0
1292003, 244025696, 0, 0
1293029, 255588483, 0, 0
1294042, 253480940, 0, 0
1295000, 267446617, 0, 0
1296056, 248694446, 0, 0
1297043, 265973316, 0, 0
1298008, 239319696, 0, 0
1299052, 244195644, 0, 0
1300058, 287501418, 0, 0
1301023, 228130934, 0, 0
1302053, 252163993, 0, 0
1303039, 238658183, 0, 0
1304065, 284822585, 0, 0
1305032, 242176505, 0, 0
1306053, 252013435, 0, 0
1307034, 279731035, 0, 0
1308030, 220547818, 0, 0
1309000, 267445335, 0, 0
1310030, 245381682, 0, 0
1311051, 219328798, 0, 0
1312021, 239055402, 0, 0
1313051, 263522602, 0, 0
1314047, 267983477, 0, 0
1315000, 257196289, 0, 0
1316014, 290660896, 0, 0
1317019, 231320596, 0, 0
1318063, 244772462, 0, 0
1319020, 291200574, 0, 0
1320022, 244936454, 0, 0
1321055, 226646320, 0, 0
1322034, 241352799, 0, 0
1323005, 236601559, 0, 0
1324009, 240499889, 0, 0
1325063, 247654780, 0, 0
1326051, 258817119, 0, 0
1327003, 211962784, 0, 0
1328007, 231544620, 0, 0
1329043, 260001955, 0, 0
1330059, 247431145, 0, 0
1331059, 225459507, 0, 0
1332031, 251105503, 0, 0
1333059, 278285167, 0, 0
1334040, 264602397, 0, 0
1335029, 226072540, 0, 0
1336039, 266348758, 0, 0
1337044, 239272879, 0, 0
1338041, 238571365, 0, 0
1339035, 252230156, 0, 0
1340023, 255147160, 0, 0
1341050, 268631620, 0, 0
1342040, 261067980, 0, 0
1343035, 328078659, 0, 0
1344011, 303531510, 0, 0
1345021, 336402516, 0, 0
1346052, 247301516, 0, 0
1347020, 257347339, 0, 0
1348052, 250984696, 0, 0
1349040, 263113099, 0, 0
1350043, 260251261, 0, 0
1351060, 279550460, 0, 0
1352055, 255019397, 0, 0
1353016, 249407910, 0, 0
1354029, 248550418, 0, 0
1355051, 233677400, 0, 0
1356027, 253862925, 0, 0
1357032, 266091398, 0, 0
1358021, 249246242, 0, 0
1359016, 259874416, 0, 0
1360051, 272854810, 0, 0
1361049, 295794820, 0, 0
1362042, 252520813, 0, 0
1363011, 241462296, 0, 0
1364026, 250267054, 0, 0
1365014, 229241410, 0, 0
1366027, 260227499, 0, 0
1367010, 267099516, 0, 0
1368036, 258531139, 0, 0
1369001, 270887672, 0, 0
1370003, 285858135, 0, 0
1371056, 262731504, 0, 0
1372033, 272239630, 0, 0
1373008, 223788508, 0, 0
1374004, 271306949, 0, 0
1375056, 236144885, 0, 0
1376053, 247336660, 0, 0
1377016, 263242259, 0, 0
1378008, 254038186, 0, 0
1379060, 227130229, 0, 0
1380050, 267224933, 0, 0
1381001, 303728679, 0, 0
1382045, 283922837, 0, 0
1383056, 274668251, 0, 0
1384019, 258776388, 0, 0
1385034, 262291001, 0, 0
1386018, 258090413, 0, 0
1387008, 253922052, 0, 0
1388040, 253049670, 0, 0
1389046, 244224792, 0, 0
1390062, 244789180, 0, 0
1391021, 263306538, 0, 0
1392015, 278259037, 0, 0
1393052, 270574158, 0, 0
1394000, 266867959, 0, 0
1395055, 229202015, 0, 0
1396006, 230426874, 0, 0
1397029, 264508697, 0, 0
1398044, 264791885, 0, 0
1399023, 253518340, 0, 0
1400013, 283101380, 0, 0
1401039, 263306913, 0, 0
1402055, 282584377, 0, 0
1403055, 240274545, 0, 0
1404006, 254725158, 0, 0
1405037, 276981659, 0, 0
1406064, 261609180, 0, 0
1407041, 286795560, 0, 0
1408038, 272577939, 0, 0
1409026, 306699376, 0, 0
1410028, 255715006, 0, 0
1411055, 267758111, 0, 0
1412037, 277645733, 0, 0
1413010, 264624153, 0, 0
1414003, 253609106, 0, 0
1415063, 282266389, 0, 0
1416055, 275669952, 0, 0
1417015, 236484797, 0, 0
1418003, 284027176, 0, 0
1419046, 260904379, 0, 0
1420027, 293635327, 0, 0
1421058, 270850432, 0, 0
1422032, 272928430, 0, 0
1423011, 278164415, 0, 0
1424006, 239280405, 0, 0
1425012, 247691347, 0, 0
1426013, 249649592, 0, 0
1427033, 255167225, 0, 0
1428072, 274433516, 0, 0
1429022, 298595822, 0, 0
1430049, 281352124, 0, 0
1431002, 255901328, 0, 0
1432042, 249768208, 0, 0
1433002, 283645694, 0, 0
1434029, 301556875, 0, 0
1435026, 273863659, 0, 0
1436001, 254266355, 0, 0
1437013, 261552008, 0, 0
1438011, 271580026, 0, 0
1439034, 296394144, 0, 0
1440032, 251405641, 0, 0
1441037, 263596146, 0, 0
1442012, 251119626, 0, 0
1443060, 260525702, 0, 0
1444029, 253939515, 0, 0
1445042, 277407056, 0, 0
1446040, 271226603, 0, 0
1447051, 264132364, 0, 0
1448057, 284699977, 0, 0
1449017, 287257768, 0, 0
1450026, 270553154, 0, 0
1451024, 269185895, 0, 0
1452028, 269739252, 0, 0
1453015, 263219403, 0, 0
1454046, 256540301, 0, 0
1455041, 271607344, 0, 0
1456012, 269125356, 0, 0
1457000, 255445222, 0, 0
1458028, 262804495, 0, 0
1459018, 257255035, 0, 0
1460042, 254968158, 0, 0
1461016, 304021053, 0, 0
1462035, 271793459, 0, 0
1463040, 260753567, 0, 0
1464010, 243409524, 0, 0
1465056, 269134436, 0, 0
1466042, 313954325, 0, 0
1467047, 280675336, 0, 0
1468037, 283215484, 0, 0
1469020, 270380739, 0, 0
1470022, 257916468, 0, 0
1471048, 250959750, 0, 0
1472014, 272720939, 0, 0
1473030, 304801006, 0, 0
1474040, 269617162, 0, 0
1475031, 276123570, 0, 0
1476035, 273014535, 0, 0
1477028, 252457906, 0, 0
1478054, 305015264, 0, 0
1479000, 266203857, 0, 0
1480021, 241576243, 0, 0
1481035, 268705589, 0, 0
1482031, 276357276, 0, 0
1483017, 253462912, 0, 0
1484025, 262551404, 0, 0
1485028, 250577653, 0, 0
1486043, 252913278, 0, 0
1487038, 249571153, 0, 0
1488004, 276084669, 0, 0
1489012, 271188151, 0, 0
1490008, 272396068, 0, 0
1491012, 251997866, 0, 0
1492041, 246052677, 0, 0
1493033, 250417295, 0, 0
1494033, 242762930, 0, 0
1495061, 286159043, 0, 0
1496047, 274892166, 0, 0
1497054, 278443571, 0, 0
1498050, 271692049, 0, 0
1499051, 283534827, 0, 0
1500005, 286822490, 0, 0
1501020, 269930041, 0, 0
1502045, 258464007, 0, 0
1503036, 253103980, 0, 0
1504008, 270272309, 0, 0
1505028, 292104808, 0, 0
1506013, 292153485, 0, 0
1507011, 256615675, 0, 0
1508005, 261561111, 0, 0
1509036, 266010298, 0, 0
1510014, 270884093, 0, 0
1511026, 250668788, 0, 0
1512049, 287756227, 0, 0
1513055, 274416101, 0, 0
1514056, 257279612, 0, 0
1515024, 255804010, 0, 0
1516061, 284343048, 0, 0
1517041, 286400995, 0, 0
1518019, 285769657, 0, 0
1519037, 268552324, 0, 0
1520027, 294770689, 0, 0
1521058, 258606053, 0, 0
1522047, 254519799, 0, 0
1523017, 289114065, 0, 0
1524015, 268647522, 0, 0
1525036, 263431596, 0, 0
1526010, 282846044, 0, 0
1527070, 262171506, 0, 0
1528048, 264890799, 0, 0
1529076, 274287186, 0, 0
1530052, 280460653, 0, 0
1531006, 298474473, 0, 0
1532074, 281781035, 0, 0
1533058, 281698151, 0, 0
1534040, 251139234, 0, 0
1535010, 288167203, 0, 0
1536008, 306273415, 0, 0
1537046, 238713265, 0, 0
1538037, 284032574, 0, 0
1539030, 240499262, 0, 0
1540035, 280608635, 0, 0
1541039, 267447649, 0, 0
1542042, 287382424, 0, 0
1543025, 297964480, 0, 0
1544027, 289270173, 0, 0
1545006, 265736804, 0, 0
1546021, 298808213, 0, 0
1547059, 273071284, 0, 0
1548044, 283414051, 0, 0
1549022, 305799887, 0, 0
1550056, 255665760, 0, 0
1551015, 254399914, 0, 0
1552004, 271237247, 0, 0
1553003, 274383711, 0, 0
1554001, 277497002, 0, 0
1555060, 254548446, 0, 0
1556026, 276555059, 0, 0
1557026, 306441415, 0, 0
1558028, 244323991, 0, 0
1559011, 292139252, 0, 0
1560036, 270703742, 0, 0
1561018, 243200128, 0, 0
1562046, 241499225, 0, 0
1563043, 259417043, 0, 0
1564004, 263302058, 0, 0
1565050, 275121812, 0, 0
1566023, 264227541, 0, 0
1567012, 304737105, 0, 0
1568045, 280541656, 0, 0
1569062, 317444030, 0, 0
1570050, 263284451, 0, 0
1571001, 281716956, 0, 0
1572048, 242883175, 0, 0
1573072, 276960024, 0, 0
1574055, 271358196, 0, 0
1575008, 306672132, 0, 0
1576006, 290844436, 0, 0
1577035, 264312183, 0, 0
1578003, 264611834, 0, 0
1579001, 262275618, 0, 0
1580016, 284144209, 0, 0
1581036, 281829166, 0, 0
1582032, 300180357, 0, 0
1583035, 275619130, 0, 0
1584052, 270668902, 0, 0
1585014, 289192111, 0, 0
1586011, 288505959, 0, 0
1587038, 250767296, 0, 0
1588017, 259249376, 0, 0
1589002, 283308689, 0, 0
1590019, 263630658, 0, 0
1591048, 275164968, 0, 0
1592046, 309929311, 0, 0
1593009, 254327579, 0, 0
1594000, 286716860, 0, 0
1595000, 286072761, 0, 0
1596032, 305737753, 0, 0
1597002, 253309590, 0, 0
1598042, 270911366, 0, 0
1599022, 298831767, 0, 0
1600008, 304177744, 0, 0
1601046, 308398230, 0, 0
1602017, 260334620, 0, 0
1603023, 277386977, 0, 0
1604039, 298507327, 0, 0
1605025, 279151688, 0, 0
1606042, 268913888, 0, 0
1607053, 255213828, 0, 0
1608003, 279231828, 0, 0
1609021, 291517037, 0, 0
1610031, 293943447, 0, 0
1611035, 291874996, 0, 0
1612030, 307808921, 0, 0
1613047, 304586784, 0, 0
1614030, 264210923, 0, 0
1615040, 267287017, 0, 0
1616059, 274667254, 0, 0
1617023, 264515828, 0, 0
1618061, 276657900, 0, 0
1619021, 291006242, 0, 0
1620031, 281664303, 0, 0
1621018, 260316815, 0, 0
1622007, 300011975, 0, 0
1623012, 296735201, 0, 0
1624041, 290384661, 0, 0
1625032, 273232838, 0, 0
1626004, 318637867, 0, 0
1627043, 299124160, 0, 0
1628018, 264170740, 0, 0
1629048, 304538251, 0, 0
1630016, 319115340, 0, 0
1631015, 271142183, 0, 0
1632011, 274176440, 0, 0
1633030, 281614701, 0, 0
1634017, 274656996, 0, 0
1635055, 280986314, 0, 0
1636039, 303475874, 0, 0
1637048, 278335040, 0, 0
1638029, 306746389, 0, 0
1639036, 276384970, 0, 0
1640037, 317541699, 0, 0
1641039, 292275308, 0, 0
1642029, 276466148, 0, 0
1643040, 274778220, 0, 0
1644035, 275645826, 0, 0
1645035, 305851555, 0, 0
1646046, 289387603, 0, 0
1647000, 324265015, 0, 0
1648031, 292274376, 0, 0
1649036, 294105817, 0, 0
1650047, 313139544, 0, 0
1651003, 269604378, 0, 0
1652000, 312106242, 0, 0
1653048, 268768359, 0, 0
1654053, 284221495, 0, 0
1655026, 255946462, 0, 0
1656053, 295128525, 0, 0
1657045, 272844306, 0, 0
1658027, 294563378, 0, 0
1659039, 291034934, 0, 0
1660010, 287372109, 0, 0
1661046, 269962129, 0, 0
1662014, 277134926, 0, 0
1663044, 296569389, 0, 0
1664043, 302031251, 0, 0
1665022, 304657581, 0, 0
1666026, 279035547, 0, 0
1667005, 287584522, 0, 0
1668018, 301884499, 0, 0
1669018, 307362329, 0, 0
1670033, 274681022, 0, 0
1671033, 267209631, 0, 0
1672026, 264097888, 0, 0
1673015, 284167125, 0, 0
1674055, 301892086, 0, 0
1675049, 280481312, 0, 0
1676053, 296703998, 0, 0
1677050, 261464123, 0, 0
1678070, 283356359, 0, 0
1679031, 333903901, 0, 0
1680009, 273804395, 0, 0
1681028, 343104670, 0, 0
1682043, 303507651, 0, 0
1683060, 320403999, 0, 0
1684024, 270330421, 0, 0
1685049, 280083677, 0, 0
1686020, 288153075, 0, 0
1687050, 277652213, 0, 0
1688056, 284164308, 0, 0
1689032, 268229695, 0, 0
1690042, 299306435, 0, 0
1691044, 296524179, 0, 0
1692035, 283861062, 0, 0
1693014, 267161315, 0, 0
1694053, 281106622, 0, 0
1695051, 280071524, 0, 0
1696032, 267457139, 0, 0
1697019, 309741474, 0, 0
1698011, 279785030, 0, 0
1699019, 300619862, 0, 0
1700042, 270647434, 0, 0
1701038, 296486178, 0, 0
1702057, 287029491, 0, 0
1703036, 325578386, 0, 0
1704038, 313743861, 0, 0
1705041, 290658597, 0, 0
1706022, 296132129, 0, 0
1707041, 270621098, 0, 0
1708010, 267914638, 0, 0
1709023, 291822287, 0, 0
1710011, 280859583, 0, 0
1711047, 257160417, 0, 0
1712008, 270143075, 0, 0
1713026, 291108422, 0, 0
1714025, 296077189, 0, 0
1715054, 318565845, 0, 0
1716004, 305203765, 0, 0
1717062, 262518301, 0, 0
1718042, 310586570, 0, 0
1719016, 274725999, 0, 0
1720025, 305577887, 0, 0
1721025, 326036757, 0, 0
1722014, 277415832, 0, 0
1723011, 279257009, 0, 0
1724040, 286870745, 0, 0
1725048, 310230439, 0, 0
1726014, 302566651, 0, 0
1727040, 303877704, 0, 0
1728022, 303519111, 0, 0
1729024, 306418268, 0, 0
1730030, 294113427, 0, 0
1731031, 286826379, 0, 0
1732018, 290825692, 0, 0
1733017, 313676291, 0, 0
1734056, 323342705, 0, 0
1735038, 283263399, 0, 0
1736020, 304774824, 0, 0
1737027, 317859907, 0, 0
1738016, 306446216, 0, 0
1739066, 311377379, 0, 0
1740016, 304030278, 0, 0
1741048, 268391086, 0, 0
1742012, 285091505, 0, 0
1743030, 297914361, 0, 0
1744028, 312515296, 0, 0
1745024, 302893152, 0, 0
1746004, 281583544, 0, 0
1747007, 290490098, 0, 0
1748056, 305575114, 0, 0
1749042, 293724013, 0, 0
1750039, 289250648, 0, 0
1751047, 295576436, 0, 0
1752043, 291471923, 0, 0
1753000, 340350335, 0, 0
1754011, 298331980, 0, 0
1755036, 326582837, 0, 0
1756034, 313626738, 0, 0
1757056, 329730574, 0, 0
1758028, 279770269, 0, 0
1759041, 333871012, 0, 0
1760021, 325646666, 0, 0
1761024, 268381013, 0, 0
1762016, 294232218, 0, 0
1763007, 341746513, 0, 0
1764054, 281080860, 0, 0
1765014, 296774638, 0, 0
1766047, 288723455, 0, 0
1767026, 301653603, 0, 0
1768022, 296015051, 0, 0
1769040, 290795004, 0, 0
1770042, 324563584, 0, 0
1771019, 308763474, 0, 0
1772044, 315924580, 0, 0
1773047, 296768935, 0, 0
1774056, 295217346, 0, 0
1775002, 312586038, 0, 0
1776000, 312927509, 0, 0
1777052, 271602694, 0, 0
1778002, 333682010, 0, 0
1779038, 296128137, 0, 0
1780000, 280174282, 0, 0
1781047, 320214658, 0, 0
1782049, 309525535, 0, 0
1783027, 313951920, 0, 0
1784008, 293128814, 0, 0
1785016, 307733564, 0, 0
1786056, 285382094, 0, 0
1787038, 301456801, 0, 0
1788038, 290688676, 0, 0
1789048, 305407116, 0, 0
1790060, 314349619, 0, 0
1791005, 304784716, 0, 0
1792031, 322808023, 0, 0
1793012, 312754771, 0, 0
1794033, 290302969, 0, 0
1795016, 304905806, 0, 0
1796054, 311685978, 0, 0
1797050, 352049638, 0, 0
1798014, 330610081, 0, 0
1799054, 310278439, 0, 0
1800044, 302110108, 0, 0
1800158, 290894578, 0, 0
