1020, 476076121, 0, 0
2019, 511079865, 0, 0
3016, 492208679, 0, 0
4037, 507983423, 0, 0
5035, 497405949, 0, 0
6041, 509834706, 0, 0
7049, 499093540, 0, 0
8062, 482818800, 0, 0
9015, 495504579, 0, 0
10003, 494718034, 0, 0
11036, 508097155, 0, 0
12032, 511126022, 0, 0
13059, 492873489, 0, 0
14011, 512060490, 0, 0
15016, 500998803, 0, 0
16005, 515368374, 0, 0
17016, 477758644, 0, 0
18004, 483814007, 0, 0
19002, 469009225, 0, 0
20000, 486187644, 0, 0
21004, 507273912, 0, 0
22017, 501961839, 0, 0
23007, 487981349, 0, 0
24053, 492862190, 0, 0
25032, 477827261, 0, 0
26011, 483033537, 0, 0
27004, 418749447, 0, 0
28002, 481890314, 0, 0
29046, 486303684, 0, 0
30038, 488467866, 0, 0
31000, 499695973, 0, 0
32069, 488017668, 0, 0
33040, 481543360, 0, 0
34058, 485428378, 0, 0
35055, 496439240, 0, 0
36001, 498073532, 0, 0
37013, 506261011, 0, 0
38017, 485943457, 0, 0
39040, 494744434, 0, 0
40034, 504633265, 0, 0
41017, 479032904, 0, 0
42016, 480410310, 0, 0
43039, 483786600, 0, 0
44006, 474337378, 0, 0
45039, 498512643, 0, 0
46053, 495607919, 0, 0
47046, 468323021, 0, 0
48001, 489300586, 0, 0
49044, 471976134, 0, 0
50038, 463652937, 0, 0
51042, 478347791, 0, 0
52010, 500881468, 0, 0
53046, 485585710, 0, 0
54018, 484774886, 0, 0
55005, 476329361, 0, 0
56007, 482314764, 0, 0
57004, 490541792, 0, 0
58024, 492808910, 0, 0
59018, 470316860, 0, 0
60039, 468476144, 0, 0
61015, 492283854, 0, 0
62061, 460217146, 0, 0
63044, 467388029, 0, 0
64010, 503115445, 0, 0
65030, 498007182, 0, 0
66002, 477068708, 0, 0
67038, 469929851, 0, 0
68027, 478362710, 0, 0
69010, 470357442, 0, 0
70030, 498528472, 0, 0
71048, 490826203, 0, 0
72046, 477174694, 0, 0
73045, 473990347, 0, 0
74031, 477494296, 0, 0
75002, 459687957, 0, 0
76049, 461338053, 0, 0
77036, 486713375, 0, 0
78050, 473634468, 0, 0
79024, 465933876, 0, 0
80055, 470826989, 0, 0
81022, 480984159, 0, 0
82040, 483568030, 0, 0
83044, 468493935, 0, 0
84015, 476662412, 0, 0
85065, 451206269, 0, 0
86016, 475572310, 0, 0
87019, 473550089, 0, 0
88008, 460085652, 0, 0
89036, 454561134, 0, 0
90063, 460150814, 0, 0
91024, 481492551, 0, 0
92055, 476601664, 0, 0
93006, 474549546, 0, 0
94011, 497548764, 0, 0
95047, 456054047, 0, 0
96039, 453909882, 0, 0
97028, 461996856, 0, 0
98055, 466142131, 0, 0
99047, 462395476, 0, 0
100012, 470077565, 0, 0
101032, 452771028, 0, 0
102043, 477511502, 0, 0
103003, 445937448, 0, 0
104032, 446015770, 0, 0
105039, 469316247, 0, 0
106009, 451602619, 0, 0
107046, 472584129, 0, 0
108016, 461257061, 0, 0
109038, 445832055, 0, 0
110031, 460063903, 0, 0
111042, 459527184, 0, 0
112042, 470383199, 0, 0
113005, 459677855, 0, 0
114003, 469434811, 0, 0
115020, 482364147, 0, 0
116041, 465742088, 0, 0
117034, 476059120, 0, 0
118025, 453768907, 0, 0
119041, 465502221, 0, 0
120011, 440723793, 0, 0
121011, 425740797, 0, 0
122050, 409491749, 0, 0
123037, 450484313, 0, 0
124053, 466684936, 0, 0
125030, 456668972, 0, 0
126017, 465354703, 0, 0
127012, 463958250, 0, 0
128034, 396738009, 0, 0
129041, 452304455, 0, 0
130056, 480228667, 0, 0
131033, 460983948, 0, 0
132026, 450958139, 0, 0
133025, 446712849, 0, 0
134000, 455110054, 0, 0
135032, 451259385, 0, 0
136031, 447888504, 0, 0
137036, 465987654, 0, 0
138026, 442780894, 0, 0
139032, 438212443, 0, 0
140036, 460411631, 0, 0
141010, 464530771, 0, 0
142023, 453791534, 0, 0
143058, 436134129, 0, 0
144008, 450830616, 0, 0
145000, 467949402, 0, 0
146042, 437926842, 0, 0
147029, 445920143, 0, 0
148042, 429220083, 0, 0
149051, 441712800, 0, 0
150044, 440497429, 0, 0
151046, 444941759, 0, 0
152032, 440000953, 0, 0
153046, 461127418, 0, 0
154033, 437033527, 0, 0
155054, 435782470, 0, 0
156045, 422365631, 0, 0
157063, 456796488, 0, 0
158001, 451639401, 0, 0
159041, 443896782, 0, 0
160046, 433562634, 0, 0
161045, 464394413, 0, 0
162024, 434124896, 0, 0
163057, 405976629, 0, 0
164022, 424106156, 0, 0
165034, 427483344, 0, 0
166012, 440767998, 0, 0
167030, 440708999, 0, 0
168029, 432205915, 0, 0
169025, 429741411, 0, 0
170014, 446262466, 0, 0
171031, 456444612, 0, 0
172025, 439485259, 0, 0
173031, 449071239, 0, 0
174025, 427991704, 0, 0
175067, 471882225, 0, 0
176021, 464428694, 0, 0
177040, 424728070, 0, 0
178065, 450579444, 0, 0
179011, 461568865, 0, 0
180000, 442590004, 0, 0
181035, 443239343, 0, 0
182022, 430061848, 0, 0
183013, 429823445, 0, 0
184019, 430422965, 0, 0
185037, 436784163, 0, 0
186019, 440949576, 0, 0
187015, 415822826, 0, 0
188005, 444451867, 0, 0
189009, 410981126, 0, 0
190018, 407780471, 0, 0
191058, 407098072, 0, 0
192053, 442337582, 0, 0
193045, 424167039, 0, 0
194010, 405373949, 0, 0
195052, 425533400, 0, 0
196003, 411046698, 0, 0
197023, 417964054, 0, 0
198032, 412469437, 0, 0
199034, 441914334, 0, 0
200031, 413906513, 0, 0
201000, 402035037, 0, 0
202022, 420159425, 0, 0
203001, 423114675, 0, 0
204000, 396907263, 0, 0
205049, 411566522, 0, 0
206045, 456011478, 0, 0
207033, 407624524, 0, 0
208025, 410028441, 0, 0
209056, 411385964, 0, 0
210058, 426547403, 0, 0
211009, 436329555, 0, 0
212011, 418970948, 0, 0
213007, 391553402, 0, 0
214024, 433757398, 0, 0
215044, 386562422, 0, 0
216009, 416186266, 0, 0
217057, 415268812, 0, 0
218039, 399966297, 0, 0
219018, 406895155, 0, 0
220014, 391522458, 0, 0
221020, 436983066, 0, 0
222018, 384514090, 0, 0
223032, 433691790, 0, 0
224001, 451559305, 0, 0
225016, 410838169, 0, 0
226037, 405788931, 0, 0
227048, 405040673, 0, 0
228009, 422705055, 0, 0
229010, 423993561, 0, 0
230047, 421297348, 0, 0
231046, 406051226, 0, 0
232030, 441351304, 0, 0
233005, 423379596, 0, 0
234053, 425071134, 0, 0
235010, 418069556, 0, 0
236043, 387894551, 0, 0
237010, 398360016, 0, 0
238050, 396626848, 0, 0
239058, 437052264, 0, 0
240038, 417016836, 0, 0
241021, 379319916, 0, 0
242039, 413445257, 0, 0
243012, 411006273, 0, 0
244024, 395262161, 0, 0
245002, 381350289, 0, 0
246064, 404512606, 0, 0
247063, 426688147, 0, 0
248048, 421670010, 0, 0
249039, 396436800, 0, 0
250048, 385166255, 0, 0
251057, 407787014, 0, 0
252036, 371185616, 0, 0
253017, 369839923, 0, 0
254030, 387561900, 0, 0
255016, 407974103, 0, 0
256031, 434595828, 0, 0
257012, 400289384, 0, 0
258023, 388708332, 0, 0
259043, 373656322, 0, 0
260001, 407469134, 0, 0
261057, 425619059, 0, 0
262037, 403358373, 0, 0
263044, 399078701, 0, 0
264034, 350746262, 0, 0
265031, 403900110, 0, 0
266006, 399696587, 0, 0
267034, 404484546, 0, 0
268006, 376811849, 0, 0
269012, 404687248, 0, 0
270037, 401308608, 0, 0
271009, 407370451, 0, 0
272036, 410446692, 0, 0
273011, 402266401, 0, 0
274007, 365379372, 0, 0
275002, 394744002, 0, 0
276019, 427919862, 0, 0
277052, 412285372, 0, 0
278026, 378800439, 0, 0
279038, 391070484, 0, 0
280001, 371539385, 0, 0
281032, 340821540, 0, 0
282054, 388481569, 0, 0
283058, 401702209, 0, 0
284048, 411599044, 0, 0
285008, 421096220, 0, 0
286043, 391756707, 0, 0
287058, 403936568, 0, 0
288028, 415395257, 0, 0
289034, 396667765, 0, 0
290023, 395626833, 0, 0
291018, 372148111, 0, 0
292015, 414306080, 0, 0
293039, 380791813, 0, 0
294049, 408324867, 0, 0
295040, 387624192, 0, 0
296046, 407292959, 0, 0
297046, 379879500, 0, 0
298028, 376536679, 0, 0
299014, 372402039, 0, 0
300011, 403580260, 0, 0
301008, 416772635, 0, 0
302016, 382389626, 0, 0
303017, 394147769, 0, 0
304007, 393795342, 0, 0
305005, 369702496, 0, 0
306064, 389578115, 0, 0
307016, 362509190, 0, 0
308024, 374390605, 0, 0
309046, 362973068, 0, 0
310038, 340269148, 0, 0
311048, 373271089, 0, 0
312041, 361315078, 0, 0
313048, 385372506, 0, 0
314058, 391044409, 0, 0
315016, 359633441, 0, 0
316060, 342938923, 0, 0
317059, 389871938, 0, 0
318015, 402246056, 0, 0
319014, 385882823, 0, 0
320024, 404898201, 0, 0
321029, 385509989, 0, 0
322051, 388773015, 0, 0
323005, 405384341, 0, 0
324027, 377023507, 0, 0
325052, 378307676, 0, 0
326010, 366114571, 0, 0
327011, 432120170, 0, 0
328036, 382746991, 0, 0
329063, 387577715, 0, 0
330008, 377001040, 0, 0
331042, 382996597, 0, 0
332013, 402250844, 0, 0
333059, 371516932, 0, 0
334057, 359901174, 0, 0
335002, 395009564, 0, 0
336045, 386856948, 0, 0
337031, 403216150, 0, 0
338063, 370298724, 0, 0
339030, 383175974, 0, 0
340049, 362392469, 0, 0
341004, 371254114, 0, 0
342044, 387359108, 0, 0
343028, 381847784, 0, 0
344030, 357177972, 0, 0
345046, 389031633, 0, 0
346017, 355901818, 0, 0
347069, 396075772, 0, 0
348016, 370551764, 0, 0
349053, 367031264, 0, 0
350046, 368461696, 0, 0
351039, 373074642, 0, 0
352056, 349367381, 0, 0
353015, 341167883, 0, 0
354026, 383520288, 0, 0
355006, 369663260, 0, 0
356012, 346597011, 0, 0
357026, 408986816, 0, 0
358058, 378516742, 0, 0
359004, 354369007, 0, 0
360024, 401147367, 0, 0
361010, 343205258, 0, 0
362032, 366601809, 0, 0
363009, 364144648, 0, 0
364036, 390085293, 0, 0
365015, 358520526, 0, 0
366025, 353715592, 0, 0
367046, 406912021, 0, 0
368024, 377115569, 0, 0
369035, 368389662, 0, 0
370046, 391169875, 0, 0
371000, 332732652, 0, 0
372020, 360050428, 0, 0
373057, 350615052, 0, 0
374002, 373507862, 0, 0
375049, 355990018, 0, 0
376050, 341704232, 0, 0
377047, 372792300, 0, 0
378063, 341484347, 0, 0
379022, 340269387, 0, 0
380009, 335418653, 0, 0
381048, 361648008, 0, 0
382034, 344565774, 0, 0
383016, 337908162, 0, 0
384007, 359275840, 0, 0
385023, 393222434, 0, 0
386022, 347287158, 0, 0
387017, 347079668, 0, 0
388056, 371296730, 0, 0
389052, 342232305, 0, 0
390021, 355958315, 0, 0
391038, 348071673, 0, 0
392029, 387392638, 0, 0
393009, 363269086, 0, 0
394051, 355321646, 0, 0
395047, 331879437, 0, 0
396058, 365618128, 0, 0
397013, 382975516, 0, 0
398061, 374332356, 0, 0
399060, 362189974, 0, 0
400011, 364691457, 0, 0
401050, 347465180, 0, 0
402071, 348254174, 0, 0
403010, 373893755, 0, 0
404025, 327119490, 0, 0
405018, 348919612, 0, 0
406024, 355579783, 0, 0
407010, 344536597, 0, 0
408000, 354643687, 0, 0
409050, 346173813, 0, 0
410042, 330039130, 0, 0
411045, 323310760, 0, 0
412051, 371618649, 0, 0
413005, 351338658, 0, 0
414057, 325204131, 0, 0
415060, 317198488, 0, 0
416040, 345929439, 0, 0
417018, 315864065, 0, 0
418015, 325507870, 0, 0
419075, 334213257, 0, 0
420017, 364997763, 0, 0
421056, 319485009, 0, 0
422021, 357804397, 0, 0
423043, 351963715, 0, 0
424019, 340783500, 0, 0
425027, 345525062, 0, 0
426058, 324017386, 0, 0
427005, 365477217, 0, 0
428040, 324555755, 0, 0
429039, 353144726, 0, 0
430043, 301480050, 0, 0
431019, 356806555, 0, 0
432029, 336266090, 0, 0
433042, 352384860, 0, 0
434037, 332974595, 0, 0
435054, 338116327, 0, 0
436039, 339222970, 0, 0
437044, 354414344, 0, 0
438059, 332503257, 0, 0
439001, 324081431, 0, 0
440009, 328483920, 0, 0
441028, 330070191, 0, 0
442015, 333192078, 0, 0
443040, 333920787, 0, 0
444058, 349270059, 0, 0
445047, 319282799, 0, 0
446052, 364568909, 0, 0
447041, 320165246, 0, 0
448036, 351350952, 0, 0
449000, 341053645, 0, 0
450021, 324378463, 0, 0
451061, 338026843, 0, 0
452002, 337240893, 0, 0
453040, 347532702, 0, 0
454049, 362275905, 0, 0
455017, 321868100, 0, 0
456034, 338610177, 0, 0
457026, 331602792, 0, 0
458023, 323452897, 0, 0
459039, 358893465, 0, 0
460043, 297882934, 0, 0
461015, 331867143, 0, 0
462028, 320405721, 0, 0
463046, 340742073, 0, 0
464001, 344266733, 0, 0
465061, 319997857, 0, 0
466054, 334703294, 0, 0
467059, 322671550, 0, 0
468050, 332759136, 0, 0
469003, 348229804, 0, 0
470049, 336232234, 0, 0
471040, 288498903, 0, 0
472020, 318584262, 0, 0
473015, 306536238, 0, 0
474043, 303921795, 0, 0
475043, 343166795, 0, 0
476008, 354549097, 0, 0
477036, 374469084, 0, 0
478049, 362975311, 0, 0
479020, 346000597, 0, 0
480013, 321318712, 0, 0
481045, 339566743, 0, 0
482014, 306597272, 0, 0
483035, 334221000, 0, 0
484024, 327250054, 0, 0
485061, 317851925, 0, 0
486004, 317388095, 0, 0
487019, 324511733, 0, 0
488016, 327045299, 0, 0
489026, 287720338, 0, 0
490029, 309523414, 0, 0
491025, 319554671, 0, 0
492020, 301956237, 0, 0
493048, 322206534, 0, 0
494023, 346903902, 0, 0
495027, 313502556, 0, 0
496032, 282263721, 0, 0
497008, 274059760, 0, 0
498063, 317506118, 0, 0
499056, 308672886, 0, 0
500048, 322308739, 0, 0
501045, 313300709, 0, 0
502046, 290125985, 0, 0
503047, 322364342, 0, 0
504039, 311812739, 0, 0
505049, 324481658, 0, 0
506046, 311648076, 0, 0
507050, 315103023, 0, 0
508009, 304576891, 0, 0
509006, 295665197, 0, 0
510008, 304426388, 0, 0
511031, 316968017, 0, 0
512054, 317927318, 0, 0
513000, 347829295, 0, 0
514022, 305902349, 0, 0
515016, 289703228, 0, 0
516038, 321865809, 0, 0
517008, 314892918, 0, 0
518014, 370683671, 0, 0
519041, 306805993, 0, 0
520056, 313502529, 0, 0
521024, 293204445, 0, 0
522024, 290924380, 0, 0
523003, 316303142, 0, 0
524057, 306014890, 0, 0
525040, 317868731, 0, 0
526011, 334832450, 0, 0
527007, 317207360, 0, 0
528005, 356528227, 0, 0
529023, 298155184, 0, 0
530041, 287229806, 0, 0
531013, 278931091, 0, 0
532005, 289834594, 0, 0
533024, 315656030, 0, 0
534020, 306776402, 0, 0
535016, 319077870, 0, 0
536023, 298631879, 0, 0
537024, 281946216, 0, 0
538066, 307765332, 0, 0
539016, 285090165, 0, 0
540054, 284240255, 0, 0
541024, 307658981, 0, 0
542001, 285378240, 0, 0
543011, 332091017, 0, 0
544005, 326908418, 0, 0
545048, 299306590, 0, 0
546050, 275851562, 0, 0
547034, 319114902, 0, 0
548012, 325749923, 0, 0
549031, 289957504, 0, 0
550063, 303054307, 0, 0
551031, 309627711, 0, 0
552009, 282205586, 0, 0
553015, 288106323, 0, 0
554054, 290501113, 0, 0
555052, 323920580, 0, 0
556038, 318315161, 0, 0
557049, 300857354, 0, 0
558038, 276389829, 0, 0
559052, 324918850, 0, 0
560012, 289632306, 0, 0
561006, 286557659, 0, 0
562028, 295829904, 0, 0
563017, 283682736, 0, 0
564017, 300432763, 0, 0
565027, 289900577, 0, 0
566018, 270833205, 0, 0
567006, 287394438, 0, 0
568051, 300006251, 0, 0
569027, 309205595, 0, 0
570054, 279370596, 0, 0
571006, 286624770, 0, 0
572042, 291923102, 0, 0
573041, 286650595, 0, 0
574045, 280626510, 0, 0
575041, 297025273, 0, 0
576020, 285643722, 0, 0
577054, 292853790, 0, 0
578062, 326115411, 0, 0
579039, 279327856, 0, 0
580037, 286392220, 0, 0
581030, 294403093, 0, 0
582043, 296288670, 0, 0
583001, 293260350, 0, 0
584026, 290388577, 0, 0
585050, 265957191, 0, 0
586057, 279441299, 0, 0
587044, 302059752, 0, 0
588031, 277149003, 0, 0
589058, 292533213, 0, 0
590018, 299704448, 0, 0
591056, 299060491, 0, 0
592000, 281947879, 0, 0
593053, 254626524, 0, 0
594035, 247930019, 0, 0
595018, 259393466, 0, 0
596061, 300268662, 0, 0
597054, 293318291, 0, 0
598007, 250224420, 0, 0
599020, 294208303, 0, 0
600027, 244349572, 0, 0
601016, 272487451, 0, 0
602000, 278002694, 0, 0
603026, 302622344, 0, 0
604041, 297872109, 0, 0
605024, 259826920, 0, 0
606055, 267032412, 0, 0
607030, 258528151, 0, 0
608019, 241023199, 0, 0
609009, 257892618, 0, 0
610060, 274061454, 0, 0
611031, 260579328, 0, 0
612029, 237880684, 0, 0
613008, 280600247, 0, 0
614043, 261087952, 0, 0
615043, 250131129, 0, 0
616048, 251912233, 0, 0
617002, 267638800, 0, 0
618048, 292419458, 0, 0
619070, 279013458, 0, 0
620009, 295105240, 0, 0
621050, 270427802, 0, 0
622026, 263721941, 0, 0
623058, 258124486, 0, 0
624014, 274230565, 0, 0
625051, 283538097, 0, 0
626020, 272900292, 0, 0
627037, 281396894, 0, 0
628026, 246074679, 0, 0
629052, 277515745, 0, 0
630060, 253061042, 0, 0
631018, 269172956, 0, 0
632061, 252878577, 0, 0
633041, 259241026, 0, 0
634007, 282783900, 0, 0
635026, 270625135, 0, 0
636030, 264312289, 0, 0
637039, 259063877, 0, 0
638026, 278286324, 0, 0
639058, 264696601, 0, 0
640043, 271434989, 0, 0
641047, 270205276, 0, 0
642025, 252305900, 0, 0
643039, 232919112, 0, 0
644019, 253116716, 0, 0
645008, 251959853, 0, 0
646057, 253370757, 0, 0
647051, 271427602, 0, 0
648008, 268057476, 0, 0
649012, 257271030, 0, 0
650000, 233418964, 0, 0
651059, 260674271, 0, 0
652036, 242099461, 0, 0
653028, 278581932, 0, 0
654056, 248894335, 0, 0
655064, 266370627, 0, 0
656011, 256288498, 0, 0
657025, 232418913, 0, 0
658049, 222802151, 0, 0
659008, 221690176, 0, 0
660022, 267805202, 0, 0
661039, 276140960, 0, 0
662007, 248499001, 0, 0
663027, 246186049, 0, 0
664013, 253798582, 0, 0
665030, 270955384, 0, 0
666008, 233347358, 0, 0
667015, 235399564, 0, 0
668028, 263014126, 0, 0
669010, 244869042, 0, 0
670058, 236612182, 0, 0
671040, 264520796, 0, 0
672044, 276837267, 0, 0
673003, 235389787, 0, 0
674024, 285640773, 0, 0
675017, 227481516, 0, 0
676051, 256152407, 0, 0
677060, 256966349, 0, 0
678007, 242133995, 0, 0
679034, 252557067, 0, 0
680051, 260024250, 0, 0
681054, 244954443, 0, 0
682018, 231573825, 0, 0
683060, 253886504, 0, 0
684011, 289745965, 0, 0
685023, 241766781, 0, 0
686046, 277618019, 0, 0
687014, 253146451, 0, 0
688052, 249355160, 0, 0
689010, 253845516, 0, 0
690000, 224063932, 0, 0
691001, 247079141, 0, 0
692041, 277804413, 0, 0
693033, 240355243, 0, 0
694028, 231921610, 0, 0
695050, 249195331, 0, 0
696033, 255978215, 0, 0
697042, 236438311, 0, 0
698053, 248871950, 0, 0
699012, 277494278, 0, 0
700016, 267612611, 0, 0
701008, 277472822, 0, 0
702017, 261901177, 0, 0
703067, 234419022, 0, 0
704047, 291084192, 0, 0
705058, 266030655, 0, 0
706012, 229607680, 0, 0
707026, 274435059, 0, 0
708028, 254933339, 0, 0
709008, 240028119, 0, 0
710005, 281279845, 0, 0
711055, 240818759, 0, 0
712039, 229116237, 0, 0
713024, 247236947, 0, 0
714004, 228642089, 0, 0
715008, 244210827, 0, 0
716058, 246090509, 0, 0
717048, 273911418, 0, 0
718054, 287069507, 0, 0
719008, 235880393, 0, 0
720039, 259600822, 0, 0
721011, 273887230, 0, 0
722002, 290875222, 0, 0
723038, 236471494, 0, 0
724006, 236654762, 0, 0
725021, 252640792, 0, 0
726049, 237634101, 0, 0
727052, 251529680, 0, 0
728018, 240682384, 0, 0
729066, 297260775, 0, 0
730008, 246946779, 0, 0
731000, 252645279, 0, 0
732009, 254496320, 0, 0
733008, 242201041, 0, 0
734056, 242595508, 0, 0
735010, 217769786, 0, 0
736005, 281561865, 0, 0
737000, 254590932, 0, 0
738033, 245734813, 0, 0
739026, 250526868, 0, 0
740037, 259405228, 0, 0
741020, 252168029, 0, 0
742002, 238256988, 0, 0
743050, 251543973, 0, 0
744024, 246327198, 0, 0
745051, 276737677, 0, 0
746053, 246031272, 0, 0
747049, 246791341, 0, 0
748027, 230968029, 0, 0
749045, 245331649, 0, 0
750025, 243109544, 0, 0
751014, 259828468, 0, 0
752055, 266133845, 0, 0
753014, 232863823, 0, 0
754005, 228243328, 0, 0
755056, 248794341, 0, 0
756014, 281673714, 0, 0
757041, 233913761, 0, 0
758010, 260510879, 0, 0
759024, 230028199, 0, 0
760000, 272063799, 0, 0
761034, 256326991, 0, 0
762053, 265933013, 0, 0
763013, 270077654, 0, 0
764018, 243010103, 0, 0
765025, 233442353, 0, 0
766016, 259843722, 0, 0
767047, 281752828, 0, 0
768023, 246083664, 0, 0
769029, 261660029, 0, 0
770050, 255735736, 0, 0
771050, 231792786, 0, 0
772023, 280255083, 0, 0
773008, 245148999, 0, 0
774016, 248318620, 0, 0
775058, 248970258, 0, 0
776013, 273281758, 0, 0
777030, 266308939, 0, 0
778003, 210390050, 0, 0
779042, 247402345, 0, 0
780020, 242092692, 0, 0
781038, 251722593, 0, 0
782041, 257410399, 0, 0
783060, 248098021, 0, 0
784051, 252349844, 0, 0
785000, 257635226, 0, 0
786004, 236758374, 0, 0
787032, 250391841, 0, 0
788045, 229676874, 0, 0
789063, 290458883, 0, 0
790000, 255409234, 0, 0
791000, 258200904, 0, 0
792055, 270841254, 0, 0
793046, 291368593, 0, 0
794019, 234026027, 0, 0
795021, 228064164, 0, 0
796016, 221187156, 0, 0
797072, 229252338, 0, 0
798059, 250213677, 0, 0
799002, 286173964, 0, 0
800033, 260588391, 0, 0
801032, 241350966, 0, 0
802042, 224441827, 0, 0
803016, 256884770, 0, 0
804030, 273953428, 0, 0
805024, 240785899, 0, 0
806008, 259484631, 0, 0
807037, 232376887, 0, 0
808049, 278768236, 0, 0
809001, 245293626, 0, 0
810027, 250604402, 0, 0
811036, 255549157, 0, 0
812054, 262989827, 0, 0
813055, 245766142, 0, 0
814045, 279057288, 0, 0
815048, 250337344, 0, 0
816015, 262979929, 0, 0
817002, 281222587, 0, 0
818036, 234510802, 0, 0
819007, 228905247, 0, 0
820000, 245907099, 0, 0
821042, 242603517, 0, 0
822020, 248572768, 0, 0
823029, 283966970, 0, 0
824024, 236872016, 0, 0
825010, 234195263, 0, 0
826018, 255473488, 0, 0
827033, 259224030, 0, 0
828009, 268160678, 0, 0
829023, 260123349, 0, 0
830026, 244654178, 0, 0
831029, 264438398, 0, 0
832029, 254882918, 0, 0
833048, 242842298, 0, 0
834026, 241080339, 0, 0
835015, 251929484, 0, 0
836000, 251301807, 0, 0
837014, 237540681, 0, 0
838033, 241584062, 0, 0
839025, 257535745, 0, 0
840041, 251021607, 0, 0
841041, 263344145, 0, 0
842054, 269343815, 0, 0
843003, 226235967, 0, 0
844012, 288900629, 0, 0
845028, 235873145, 0, 0
846026, 274036941, 0, 0
847059, 240382103, 0, 0
848036, 258436760, 0, 0
849019, 241162750, 0, 0
850024, 271228450, 0, 0
851027, 245853437, 0, 0
852050, 240635371, 0, 0
853031, 222051989, 0, 0
854000, 268535343, 0, 0
855080, 250392232, 0, 0
856037, 259122572, 0, 0
857028, 245381514, 0, 0
858040, 241548330, 0, 0
859051, 252440365, 0, 0
860023, 271445866, 0, 0
861046, 223922633, 0, 0
862045, 241025828, 0, 0
863067, 243964099, 0, 0
864046, 249746726, 0, 0
865026, 256906671, 0, 0
866012, 241010654, 0, 0
867012, 239056680, 0, 0
868063, 235499040, 0, 0
869036, 251016572, 0, 0
870058, 274504518, 0, 0
871007, 284479209, 0, 0
872006, 240868624, 0, 0
873038, 248917051, 0, 0
874025, 236955311, 0, 0
875036, 246005864, 0, 0
876019, 226368804, 0, 0
877010, 239727186, 0, 0
878045, 228878087, 0, 0
879047, 251454091, 0, 0
880044, 267259472, 0, 0
881016, 231713576, 0, 0
882041, 255278865, 0, 0
883024, 242236018, 0, 0
884048, 250150843, 0, 0
885070, 259755119, 0, 0
886010, 272765684, 0, 0
887052, 254632258, 0, 0
888024, 272506031, 0, 0
889020, 209814106, 0, 0
890001, 245919778, 0, 0
891017, 251305267, 0, 0
892013, 252530044, 0, 0
893022, 235140089, 0, 0
894018, 277897103, 0, 0
895021, 276434183, 0, 0
896031, 240108460, 0, 0
897058, 250671799, 0, 0
898025, 253013179, 0, 0
899021, 286761154, 0, 0
900056, 234216902, 0, 0
901060, 254550719, 0, 0
902044, 285559033, 0, 0
903059, 258306519, 0, 0
904001, 283798152, 0, 0
905003, 264177389, 0, 0
906050, 258906334, 0, 0
907044, 228845522, 0, 0
908034, 240745673, 0, 0
909063, 227650012, 0, 0
910010, 257327993, 0, 0
911018, 215697654, 0, 0
912035, 245299354, 0, 0
913041, 252123276, 0, 0
914012, 253790915, 0, 0
915016, 233636963, 0, 0
916006, 265175496, 0, 0
917000, 216036353, 0, 0
918034, 240462507, 0, 0
919009, 238425716, 0, 0
920056, 241941869, 0, 0
921028, 271396210, 0, 0
922022, 250105356, 0, 0
923014, 240967016, 0, 0
924039, 222755032, 0, 0
925005, 285093580, 0, 0
926025, 263200303, 0, 0
927024, 282346159, 0, 0
928016, 255394712, 0, 0
929012, 256778406, 0, 0
930052, 223593077, 0, 0
931019, 250323122, 0, 0
932006, 244757573, 0, 0
933000, 218649257, 0, 0
934061, 229063976, 0, 0
935020, 246734594, 0, 0
936026, 269553366, 0, 0
937025, 246052525, 0, 0
938032, 235509832, 0, 0
939053, 247603122, 0, 0
940060, 262182439, 0, 0
941052, 259938502, 0, 0
942022, 247327988, 0, 0
943039, 257895970, 0, 0
944016, 243045445, 0, 0
945061, 241532017, 0, 0
946046, 282611089, 0, 0
947041, 234233784, 0, 0
948040, 279486009, 0, 0
949030, 252950701, 0, 0
950050, 255384854, 0, 0
951034, 264796191, 0, 0
952003, 249610694, 0, 0
953035, 272717100, 0, 0
954048, 227222691, 0, 0
955064, 254796443, 0, 0
956019, 267217298, 0, 0
957052, 226942500, 0, 0
958036, 247172752, 0, 0
959002, 246012912, 0, 0
960057, 229175208, 0, 0
961049, 255585607, 0, 0
962061, 239201524, 0, 0
963006, 243276719, 0, 0
964004, 266341693, 0, 0
965051, 260095885, 0, 0
966041, 241922218, 0, 0
967022, 266176944, 0, 0
968023, 248327234, 0, 0
969036, 250830931, 0, 0
970039, 269024127, 0, 0
971039, 237025162, 0, 0
972042, 254322042, 0, 0
973012, 237953965, 0, 0
974000, 280237165, 0, 0
975034, 232557739, 0, 0
976018, 263061754, 0, 0
977041, 259881008, 0, 0
978069, 268804977, 0, 0
979033, 256528928, 0, 0
980034, 298394586, 0, 0
981045, 250314960, 0, 0
982035, 238316102, 0, 0
983022, 279469400, 0, 0
984059, 242863215, 0, 0
985027, 282955161, 0, 0
986027, 243579813, 0, 0
987060, 228818257, 0, 0
988046, 273724052, 0, 0
989007, 228814278, 0, 0
990032, 217695221, 0, 0
991034, 256059907, 0, 0
992005, 229940284, 0, 0
993046, 258019808, 0, 0
994012, 247666608, 0, 0
995046, 265324324, 0, 0
996041, 258962832, 0, 0
997024, 247163427, 0, 0
998006, 227036575, 0, 0
999006, 246711913, 0, 0
1000002, 258326987, 0, 0
1001028, 236355663, 0, 0
1002038, 267129047, 0, 0
1003048, 271241817, 0, 0
1004018, 243395182, 0, 0
1005052, 241697201, 0, 0
1006037, 242947138, 0, 0
1007016, 261315478, 0, 0
1008025, 269702167, 0, 0
1009031, 237749423, 0, 0
1010030, 277239874, 0, 0
1011057, 252605546, 0, 0
1012056, 239424176, 0, 0
1013011, 236630301, 0, 0
1014060, 250026250, 0, 0
1015022, 226937244, 0, 0
1016007, 242107860, 0, 0
1017053, 253928872, 0, 0
1018002, 220519564, 0, 0
1019003, 249196949, 0, 0
1020014, 251119445, 0, 0
1021010, 216797838, 0, 0
1022034, 259798012, 0, 0
1023023, 242199777, 0, 0
1024034, 253200741, 0, 0
1025036, 232628383, 0, 0
1026017, 243179223, 0, 0
1027024, 223397018, 0, 0
1028011, 246527683, 0, 0
1029059, 271957989, 0, 0
1030026, 253121333, 0, 0
1031026, 250149461, 0, 0
1032016, 230434374, 0, 0
1033034, 256065650, 0, 0
1034002, 255495199, 0, 0
1035040, 225397795, 0, 0
1036044, 264912588, 0, 0
1037006, 255977356, 0, 0
1038021, 223876608, 0, 0
1039011, 252766017, 0, 0
1040032, 262098004, 0, 0
1041015, 275403576, 0, 0
1042031, 239731774, 0, 0
1043055, 255631066, 0, 0
1044013, 261073350, 0, 0
1045003, 241358296, 0, 0
1046001, 253980434, 0, 0
1047048, 270928706, 0, 0
1048004, 275723590, 0, 0
1049006, 260059689, 0, 0
1050051, 255768604, 0, 0
1051027, 260307520, 0, 0
1052057, 251028817, 0, 0
1053040, 225305921, 0, 0
1054000, 260002050, 0, 0
1055011, 240703762, 0, 0
1056006, 236320036, 0, 0
1057005, 258288069, 0, 0
1058022, 248122988, 0, 0
1059016, 232445098, 0, 0
1060016, 254893304, 0, 0
1061042, 254095034, 0, 0
1062045, 236346240, 0, 0
1063054, 262674995, 0, 0
1064006, 268937017, 0, 0
1065013, 258149970, 0, 0
1066029, 244988379, 0, 0
1067030, 255224140, 0, 0
1068019, 247383249, 0, 0
1069056, 283681514, 0, 0
1070004, 230609130, 0, 0
1071000, 261940689, 0, 0
1072012, 251724134, 0, 0
1073023, 251826338, 0, 0
1074004, 312630430, 0, 0
1075061, 298935583, 0, 0
1076037, 269805316, 0, 0
1077046, 288015124, 0, 0
1078009, 267208426, 0, 0
1079016, 239675806, 0, 0
1080038, 268770033, 0, 0
1081078, 298496013, 0, 0
1082009, 308608120, 0, 0
1083004, 246604095, 0, 0
1084001, 251143735, 0, 0
1085008, 231222202, 0, 0
1086013, 238186638, 0, 0
1087024, 231579065, 0, 0
1088001, 244448808, 0, 0
1089050, 230170074, 0, 0
1090021, 243240186, 0, 0
1091018, 265104076, 0, 0
1092040, 245756105, 0, 0
1093059, 263135336, 0, 0
1094056, 275515425, 0, 0
1095044, 228551216, 0, 0
1096013, 241319937, 0, 0
1097051, 240611453, 0, 0
1098014, 261101421, 0, 0
1099047, 255205871, 0, 0
1100022, 239807410, 0, 0
1101043, 242507092, 0, 0
1102037, 244428832, 0, 0
1103053, 241647770, 0, 0
1104063, 222264792, 0, 0
1105013, 219311851, 0, 0
1106010, 236979681, 0, 0
1107007, 245575304, 0, 0
1108008, 244491705, 0, 0
1109038, 250975613, 0, 0
1110015, 263146857, 0, 0
1111023, 231622993, 0, 0
1112053, 253343375, 0, 0
1113023, 244410454, 0, 0
1114014, 250726025, 0, 0
1115034, 254775424, 0, 0
1116005, 251877198, 0, 0
1117039, 277859434, 0, 0
1118009, 295027134, 0, 0
1119024, 249485477, 0, 0
1120029, 221490597, 0, 0
1121021, 302990882, 0, 0
1122017, 249825099, 0, 0
1123014, 278107058, 0, 0
1124009, 270699295, 0, 0
1125011, 249303915, 0, 0
1126042, 239782531, 0, 0
1127020, 262390597, 0, 0
1128031, 253960581, 0, 0
1129050, 244868588, 0, 0
1130040, 278747236, 0, 0
1131031, 258943516, 0, 0
1132006, 256229971, 0, 0
1133039, 259525234, 0, 0
1134044, 264547508, 0, 0
1135062, 245668871, 0, 0
1136047, 249497041, 0, 0
1137004, 259179970, 0, 0
1138003, 259733914, 0, 0
1139013, 242737224, 0, 0
1140044, 249556683, 0, 0
1141039, 247456833, 0, 0
1142061, 245660697, 0, 0
1143055, 261730446, 0, 0
1144051, 242398783, 0, 0
1145039, 223208364, 0, 0
1146004, 282723630, 0, 0
1147017, 288634987, 0, 0
1148030, 240865570, 0, 0
1149041, 257868090, 0, 0
1150055, 258199779, 0, 0
1151000, 256720810, 0, 0
1152047, 251090322, 0, 0
1153035, 258063551, 0, 0
1154031, 254015098, 0, 0
1155053, 251754683, 0, 0
1156034, 241285379, 0, 0
1157046, 228675983, 0, 0
1158006, 243384664, 0, 0
1159002, 244532414, 0, 0
1160051, 239737604, 0, 0
1161040, 291013078, 0, 0
1162011, 263004836, 0, 0
1163064, 257764295, 0, 0
1164027, 267142758, 0, 0
1165016, 269329664, 0, 0
1166004, 272486779, 0, 0
1167000, 273660618, 0, 0
1168045, 252171087, 0, 0
1169010, 236368822, 0, 0
1170048, 259863099, 0, 0
1171033, 241593973, 0, 0
1172010, 285020724, 0, 0
1173023, 276476348, 0, 0
1174020, 275613436, 0, 0
1175030, 255102890, 0, 0
1176045, 254498250, 0, 0
1177001, 235395394, 0, 0
1178056, 257657447, 0, 0
1179039, 228767842, 0, 0
1180023, 239623220, 0, 0
1181047, 260983166, 0, 0
1182038, 243676800, 0, 0
1183027, 261894796, 0, 0
1184052, 244510601, 0, 0
1185047, 264809792, 0, 0
1186004, 267951661, 0, 0
1187023, 245730726, 0, 0
1188041, 270388185, 0, 0
1189046, 285354883, 0, 0
1190062, 249125087, 0, 0
1191060, 256469987, 0, 0
1192058, 258780767, 0, 0
1193035, 246893137, 0, 0
1194031, 251702741, 0, 0
1195036, 226382767, 0, 0
1196061, 266202922, 0, 0
1197040, 279684240, 0, 0
1198040, 267004779, 0, 0
1199038, 239346251, 0, 0
1200020, 288722141, 0, 0
1201019, 238768659, 0, 0
1202004, 266980696, 0, 0
1203046, 263063141, 0, 0
1204062, 320706090, 0, 0
1205001, 243875108, 0, 0
1206045, 284585930, 0, 0
1207026, 263907197, 0, 0
1208015, 220517435, 0, 0
1209006, 278416910, 0, 0
1210061, 246872489, 0, 0
1211018, 254711521, 0, 0
1212002, 256320718, 0, 0
1213006, 254114212, 0, 0
1214044, 239229908, 0, 0
1215057, 256121896, 0, 0
1216022, 244596483, 0, 0
1217063, 289086305, 0, 0
1218014, 251017775, 0, 0
1219021, 270482968, 0, 0
1220023, 265492492, 0, 0
1221035, 245442579, 0, 0
1222033, 267296223, 0, 0
1223054, 251717014, 0, 0
1224011, 268126072, 0, 0
1225046, 269786858, 0, 0
1226031, 245256394, 0, 0
1227029, 265449606, 0, 0
1228059, 253529891, 0, 0
1229039, 245471809, 0, 0
1230063, 261058310, 0, 0
1231035, 232570719, 0, 0
1232038, 248595786, 0, 0
1233054, 228678100, 0, 0
1234013, 237425395, 0, 0
1235050, 235967409, 0, 0
1236058, 236349576, 0, 0
1237028, 229096002, 0, 0
1238010, 250133284, 0, 0
1239002, 236985958, 0, 0
1240047, 237712684, 0, 0
1241008, 265465911, 0, 0
1242012, 270519218, 0, 0
1243038, 242816700, 0, 0
1244043, 249635937, 0, 0
1245000, 247307695, 0, 0
1246058, 219510157, 0, 0
1247055, 248170190, 0, 0
1248015, 321691091, 0, 0
1249023, 219263321, 0, 0
1250000, 258709396, 0, 0
1251049, 291435910, 0, 0
1252052, 285037718, 0, 0
1253037, 272853715, 0, 0
1254022, 241773122, 0, 0
1255023, 261487228, 0, 0
1256056, 267175038, 0, 0
1257027, 248852384, 0, 0
1258029, 264978720, 0, 0
1259026, 263415827, 0, 0
1260014, 230284221, 0, 0
1261035, 276986226, 0, 0
1262047, 266512468, 0, 0
1263053, 277782016, 0, 0
1264009, 263121775, 0, 0
1265068, 269275559, 0, 0
1266018, 240875390, 0, 0
1267042, 241370775, 0, 0
1268009, 236701571, 0, 0
1269004, 247681819, 0, 0
1270021, 262311737, 0, 0
1271008, 269327830, 0, 0
1272026, 298563193, 0, 0
1273043, 262981301, 0, 0
1274015, 270166883, 0, 0
1275037, 275883040, 0, 0
1276011, 247067011, 0, 0
1277012, 294212300, 0, 0
1278024, 229911596, 0, 0
1279006, 245880521, 0, 0
1280011, 225170276, 0, 0
1281037, 265082886, 0, 0
1282051, 269829070, 0, 0
1283000, 255183658, 0, 0
1284028, 219858188, 0, 0
1285015, 258556641, 0, 0
1286000, 270438925, 0, 0
1287054, 222191271, 0, 0
1288000, 287027970, 0, 0
1289047, 271108277, 0, 0
1290006, 272191515, 0, 0
1291045, 280105302, 0, 0
1292036, 299402867, 0, 0
1293063, 274239832, 0, 0
1294013, 257179102, 0, 0
1295028, 231351057, 0, 0
1296025, 262250241, 0, 0
1297013, 264594367, 0, 0
1298041, 252970047, 0, 0
1299015, 270302277, 0, 0
1300029, 256086287, 0, 0
1301058, 265849944, 0, 0
1302023, 228502268, 0, 0
1303004, 273177600, 0, 0
1304029, 271078566, 0, 0
1305062, 248032664, 0, 0
1306016, 258472951, 0, 0
1307005, 258065135, 0, 0
1308000, 266175957, 0, 0
1309027, 245225602, 0, 0
1310061, 248914673, 0, 0
1311017, 255150851, 0, 0
1312052, 277619423, 0, 0
1313020, 254955888, 0, 0
1314016, 275952779, 0, 0
1315034, 249222671, 0, 0
1316043, 253176617, 0, 0
1317050, 256117686, 0, 0
1318032, 271460136, 0, 0
1319046, 281097506, 0, 0
1320054, 264480862, 0, 0
1321024, 256982221, 0, 0
1322002, 248238645, 0, 0
1323040, 254094542, 0, 0
1324041, 246244175, 0, 0
1325023, 264062248, 0, 0
1326021, 264106201, 0, 0
1327031, 262774517, 0, 0
1328040, 296327854, 0, 0
1329016, 256827482, 0, 0
1330029, 238451220, 0, 0
1331029, 259249864, 0, 0
1332059, 258581162, 0, 0
1333027, 278362074, 0, 0
1334025, 326892057, 0, 0
1335014, 270715132, 0, 0
1336025, 239518627, 0, 0
1337027, 241417002, 0, 0
1338027, 245243347, 0, 0
1339020, 266342740, 0, 0
1340008, 250042449, 0, 0
1341033, 254923746, 0, 0
1342024, 250038598, 0, 0
1343019, 308202789, 0, 0
1344061, 329694639, 0, 0
1345007, 306036842, 0, 0
1346036, 257740508, 0, 0
1347007, 254520811, 0, 0
1348037, 255815106, 0, 0
1349026, 242090141, 0, 0
1350027, 236637122, 0, 0
1351045, 277837845, 0, 0
1352041, 282033273, 0, 0
1353002, 248868396, 0, 0
1354011, 260081515, 0, 0
1355035, 250477450, 0, 0
1356012, 264883615, 0, 0
1357015, 278626006, 0, 0
1358005, 288001134, 0, 0
1359001, 276635674, 0, 0
1360032, 287511298, 0, 0
1361033, 288364169, 0, 0
1362028, 263905691, 0, 0
1363059, 275860055, 0, 0
1364002, 275923245, 0, 0
1365058, 274075599, 0, 0
1366009, 262080440, 0, 0
1367051, 262854312, 0, 0
1368018, 285493587, 0, 0
1369050, 253574373, 0, 0
1370042, 265160866, 0, 0
1371040, 284949832, 0, 0
1372018, 277201712, 0, 0
1373050, 236222419, 0, 0
1374059, 275114656, 0, 0
1375039, 283098480, 0, 0
1376038, 291553958, 0, 0
1377016, 284306811, 0, 0
1378056, 275995827, 0, 0
1379047, 236446096, 0, 0
1380036, 268891569, 0, 0
1381043, 254227481, 0, 0
1382028, 263700769, 0, 0
1383042, 258804711, 0, 0
1384003, 265655988, 0, 0
1385016, 241830675, 0, 0
1386002, 280091581, 0, 0
1387048, 258956855, 0, 0
1388024, 279204907, 0, 0
1389032, 274014301, 0, 0
1390045, 258023637, 0, 0
1391006, 261617362, 0, 0
1392001, 271953341, 0, 0
1393038, 283933985, 0, 0
1394051, 250735316, 0, 0
1395039, 254890633, 0, 0
1396053, 286502330, 0, 0
1397012, 272866042, 0, 0
1398023, 244710492, 0, 0
1399007, 300718217, 0, 0
1400054, 238516585, 0, 0
1401022, 259626675, 0, 0
1402040, 270792739, 0, 0
1403040, 270766747, 0, 0
1404053, 285642178, 0, 0
1405021, 261915709, 0, 0
1406050, 259403126, 0, 0
1407025, 271167274, 0, 0
1408025, 251500901, 0, 0
1409011, 286221347, 0, 0
1410004, 245887195, 0, 0
1411037, 275016499, 0, 0
1412023, 286095563, 0, 0
1413050, 253100456, 0, 0
1414066, 267533134, 0, 0
1415044, 264441490, 0, 0
1416042, 297594902, 0, 0
1417072, 255339613, 0, 0
1418015, 290220036, 0, 0
1419058, 259181012, 0, 0
1420027, 271564234, 0, 0
1421013, 275343776, 0, 0
1422045, 291983574, 0, 0
1423026, 254092873, 0, 0
1424022, 274483415, 0, 0
1425029, 272649100, 0, 0
1426032, 264096412, 0, 0
1427049, 246913920, 0, 0
1428088, 279720320, 0, 0
1429039, 290901413, 0, 0
1430005, 285398209, 0, 0
1431019, 240322963, 0, 0
1432061, 252890947, 0, 0
1433018, 281450445, 0, 0
1434043, 265113838, 0, 0
1435039, 263014924, 0, 0
1436018, 303265598, 0, 0
1437028, 288684870, 0, 0
1438027, 260692989, 0, 0
1439051, 272013036, 0, 0
1440048, 261567108, 0, 0
1441053, 256929276, 0, 0
1442027, 245593786, 0, 0
1443009, 262219385, 0, 0
1444042, 285022841, 0, 0
1445058, 281696694, 0, 0
1446059, 266964850, 0, 0
1447001, 265337327, 0, 0
1448010, 285090119, 0, 0
1449039, 254358964, 0, 0
1450055, 262941446, 0, 0
1451057, 275322075, 0, 0
1452000, 308063478, 0, 0
1453049, 242871807, 0, 0
1454016, 288485028, 0, 0
1455006, 281753348, 0, 0
1456038, 273237116, 0, 0
1457033, 242733500, 0, 0
1458059, 278968095, 0, 0
1459046, 250659304, 0, 0
1460012, 264933958, 0, 0
1461048, 273190726, 0, 0
1462004, 265984847, 0, 0
1463000, 329923596, 0, 0
1464040, 274207280, 0, 0
1465024, 277290265, 0, 0
1466004, 264333107, 0, 0
1467017, 266091517, 0, 0
1468007, 252098930, 0, 0
1469050, 270616354, 0, 0
1470052, 224711104, 0, 0
1471016, 267683178, 0, 0
1472043, 275117508, 0, 0
1473063, 277496424, 0, 0
1474009, 321280705, 0, 0
1475001, 301095790, 0, 0
1476005, 264889128, 0, 0
1477056, 257817487, 0, 0
1478018, 260067410, 0, 0
1479025, 255738797, 0, 0
1480058, 249854575, 0, 0
1481009, 262276998, 0, 0
1482063, 262338541, 0, 0
1483054, 251119515, 0, 0
1484054, 259970671, 0, 0
1485057, 261850255, 0, 0
1486000, 284008515, 0, 0
1487066, 271549943, 0, 0
1488032, 268264392, 0, 0
1489050, 268001390, 0, 0
1490037, 293298230, 0, 0
1491043, 281348101, 0, 0
1492007, 249538466, 0, 0
1493000, 283545126, 0, 0
1494004, 255140360, 0, 0
1495025, 283318889, 0, 0
1496013, 333046874, 0, 0
1497018, 275447955, 0, 0
1498018, 265957536, 0, 0
1499022, 271594671, 0, 0
1500039, 275952865, 0, 0
1501055, 265345361, 0, 0
1502016, 266371939, 0, 0
1503009, 282903975, 0, 0
1504032, 282853239, 0, 0
1505059, 281020432, 0, 0
1506013, 297787078, 0, 0
1507028, 323124725, 0, 0
1508023, 283428207, 0, 0
1509053, 274356082, 0, 0
1510030, 266595418, 0, 0
1511038, 286129103, 0, 0
1512005, 276640946, 0, 0
1513000, 264228199, 0, 0
1514008, 312152376, 0, 0
1515042, 269024130, 0, 0
1516012, 302711602, 0, 0
1517054, 265210337, 0, 0
1518034, 272261904, 0, 0
1519053, 268175319, 0, 0
1520045, 265168788, 0, 0
1521010, 283049569, 0, 0
1522065, 266842161, 0, 0
1523033, 276913571, 0, 0
1524031, 230639827, 0, 0
1525052, 271851132, 0, 0
1526025, 289515387, 0, 0
1527005, 271792374, 0, 0
1528000, 262249195, 0, 0
1529012, 270679949, 0, 0
1530003, 248465660, 0, 0
1531023, 293138974, 0, 0
1532017, 298422752, 0, 0
1533014, 258178191, 0, 0
1534057, 272557124, 0, 0
1535026, 298521232, 0, 0
1536023, 277571661, 0, 0
1537000, 252797574, 0, 0
1538053, 267641984, 0, 0
1539046, 297887804, 0, 0
1540052, 283675693, 0, 0
1541054, 273407716, 0, 0
1542001, 270848746, 0, 0
1543041, 307162200, 0, 0
1544042, 274795440, 0, 0
1545019, 244430073, 0, 0
1546036, 300041824, 0, 0
1547015, 279102591, 0, 0
1548059, 277065656, 0, 0
1549006, 302827975, 0, 0
1550009, 291318057, 0, 0
1551028, 283231948, 0, 0
1552017, 271392912, 0, 0
1553019, 260876832, 0, 0
1554016, 298375763, 0, 0
1555000, 279327849, 0, 0
1556043, 284376464, 0, 0
1557041, 284021317, 0, 0
1558043, 299860434, 0, 0
1559025, 277291211, 0, 0
1560049, 293306720, 0, 0
1561033, 261027696, 0, 0
1562003, 298380096, 0, 0
1563058, 266508662, 0, 0
1564022, 293777355, 0, 0
1565002, 299015962, 0, 0
1566037, 261343351, 0, 0
1567028, 275351913, 0, 0
1568062, 297284027, 0, 0
1569015, 278474743, 0, 0
1570003, 279053434, 0, 0
1571019, 278658581, 0, 0
1572003, 269895294, 0, 0
1573022, 262074036, 0, 0
1574003, 273890414, 0, 0
1575024, 301730192, 0, 0
1576021, 287261410, 0, 0
1577053, 294234445, 0, 0
1578021, 307818104, 0, 0
1579018, 280590397, 0, 0
1580032, 319352609, 0, 0
1581050, 310610498, 0, 0
1582049, 296873976, 0, 0
1583049, 260359710, 0, 0
1584006, 285514129, 0, 0
1585033, 274025945, 0, 0
1586028, 303355117, 0, 0
1587053, 273588883, 0, 0
1588038, 281694391, 0, 0
1589016, 272334331, 0, 0
1590036, 278626095, 0, 0
1591065, 287572226, 0, 0
1592032, 331463067, 0, 0
1593037, 288547627, 0, 0
1594030, 273011714, 0, 0
1595027, 282146089, 0, 0
1596001, 257132943, 0, 0
1597031, 281245742, 0, 0
1598009, 278659008, 0, 0
1599054, 281857411, 0, 0
1600039, 306205704, 0, 0
1601017, 314776142, 0, 0
1602053, 268793271, 0, 0
1603055, 282274458, 0, 0
1604006, 275809692, 0, 0
1605053, 303333224, 0, 0
1606009, 299975478, 0, 0
1607018, 330177916, 0, 0
1608042, 270307072, 0, 0
1609053, 307657719, 0, 0
1610001, 265739923, 0, 0
1611005, 294099889, 0, 0
1612000, 288976741, 0, 0
1613018, 306175564, 0, 0
1614062, 273328588, 0, 0
1615003, 270779304, 0, 0
1616027, 279911735, 0, 0
1617056, 301282885, 0, 0
1618022, 291493342, 0, 0
1619054, 255841207, 0, 0
1620000, 288494643, 0, 0
1621046, 246321475, 0, 0
1622038, 269675067, 0, 0
1623045, 315426660, 0, 0
1624015, 268385910, 0, 0
1625000, 272802448, 0, 0
1626034, 281864665, 0, 0
1627009, 302131377, 0, 0
1628056, 275761671, 0, 0
1629014, 298778988, 0, 0
1630050, 286927987, 0, 0
1631048, 295029274, 0, 0
1632041, 276594281, 0, 0
1633062, 260569067, 0, 0
1634047, 329654210, 0, 0
1635026, 318745008, 0, 0
1636008, 335607162, 0, 0
1637022, 289721680, 0, 0
1638001, 268843604, 0, 0
1639004, 249985437, 0, 0
1640008, 267069700, 0, 0
1641009, 268744276, 0, 0
1642059, 286110221, 0, 0
1643005, 309882467, 0, 0
1644006, 274008490, 0, 0
1645007, 292235020, 0, 0
1646014, 282750136, 0, 0
1647026, 310295400, 0, 0
1648000, 279680899, 0, 0
1649008, 283316255, 0, 0
1650018, 303641744, 0, 0
1651035, 289370413, 0, 0
1652027, 316431177, 0, 0
1653017, 287632220, 0, 0
1654019, 291017480, 0, 0
1655041, 316403478, 0, 0
1656005, 269624919, 0, 0
1657062, 277351826, 0, 0
1658041, 309641387, 0, 0
1659051, 278109986, 0, 0
1660025, 307376974, 0, 0
1661000, 254837076, 0, 0
1662029, 302414620, 0, 0
1663058, 280586609, 0, 0
1664060, 332192481, 0, 0
1665038, 286382133, 0, 0
1666042, 292035653, 0, 0
1667019, 326965823, 0, 0
1668032, 304091870, 0, 0
1669034, 330564516, 0, 0
1670050, 302773615, 0, 0
1671049, 285136827, 0, 0
1672007, 268051280, 0, 0
1673000, 297532720, 0, 0
1674032, 266338699, 0, 0
1675034, 282318189, 0, 0
1676037, 312259539, 0, 0
1677035, 294137816, 0, 0
1678052, 291346379, 0, 0
1679019, 327630138, 0, 0
1680061, 290292533, 0, 0
1681012, 297623091, 0, 0
1682030, 323209394, 0, 0
1683043, 309485093, 0, 0
1684011, 298014093, 0, 0
1685033, 275952507, 0, 0
1686004, 292326250, 0, 0
1687036, 273620764, 0, 0
1688039, 290088208, 0, 0
1689014, 295224818, 0, 0
1690025, 307647359, 0, 0
1691028, 303008815, 0, 0
1692020, 311927942, 0, 0
1693000, 279171211, 0, 0
1694039, 317482278, 0, 0
1695039, 313922981, 0, 0
1696022, 280364709, 0, 0
1697004, 288387107, 0, 0
1698054, 283303879, 0, 0
1699004, 288094161, 0, 0
1700012, 272204296, 0, 0
1701024, 324956757, 0, 0
1702032, 309908636, 0, 0
1703019, 294392915, 0, 0
1704014, 268738493, 0, 0
1705024, 311119367, 0, 0
1706005, 272684953, 0, 0
1707028, 307045357, 0, 0
1708053, 313147872, 0, 0
1709008, 282036781, 0, 0
1710055, 309630429, 0, 0
1711034, 291332211, 0, 0
1712054, 268202721, 0, 0
1713008, 289205550, 0, 0
1714009, 312185211, 0, 0
1715034, 284261515, 0, 0
1716045, 289951383, 0, 0
1717048, 308689957, 0, 0
1718031, 279703593, 0, 0
1719069, 292486868, 0, 0
1720008, 305969814, 0, 0
1721011, 286352773, 0, 0
1722065, 326973047, 0, 0
1723056, 293419461, 0, 0
1724027, 299982039, 0, 0
1725030, 297575627, 0, 0
1726066, 305508981, 0, 0
1727028, 307917270, 0, 0
1728008, 314152136, 0, 0
1729069, 306977475, 0, 0
1730014, 309950551, 0, 0
1731012, 305018893, 0, 0
1732004, 279819822, 0, 0
1733001, 302340982, 0, 0
1734041, 321310359, 0, 0
1735022, 301774584, 0, 0
1736006, 289781150, 0, 0
1737013, 293150226, 0, 0
1738000, 322623112, 0, 0
1739049, 310487727, 0, 0
1740001, 307985623, 0, 0
1741032, 282192735, 0, 0
1742052, 314317590, 0, 0
1743015, 312020171, 0, 0
1744013, 296986353, 0, 0
1745008, 303272837, 0, 0
1746053, 300763020, 0, 0
1747052, 283111932, 0, 0
1748036, 284009855, 0, 0
1749029, 279187176, 0, 0
1750022, 323972062, 0, 0
1751031, 327420421, 0, 0
1752030, 294794893, 0, 0
1753045, 296403071, 0, 0
1754064, 295816580, 0, 0
1755018, 308494866, 0, 0
1756017, 285746966, 0, 0
1757043, 303215335, 0, 0
1758013, 311101261, 0, 0
1759024, 272705930, 0, 0
1760008, 266489132, 0, 0
1761009, 283731626, 0, 0
1762000, 318164345, 0, 0
1763054, 316622057, 0, 0
1764035, 359388177, 0, 0
1765014, 333741363, 0, 0
1766062, 318177272, 0, 0
1767039, 319442629, 0, 0
1768038, 307680239, 0, 0
1769058, 302773042, 0, 0
1770056, 337745062, 0, 0
1771034, 290483934, 0, 0
1772000, 323604178, 0, 0
1773002, 332833048, 0, 0
1774010, 320300777, 0, 0
1775017, 321330225, 0, 0
1776015, 300159256, 0, 0
1777007, 302353488, 0, 0
1778021, 308053510, 0, 0
1779052, 316406638, 0, 0
1780014, 342010183, 0, 0
1781060, 301641588, 0, 0
1782068, 313006208, 0, 0
1783045, 310277521, 0, 0
1784029, 298016516, 0, 0
1785031, 305942105, 0, 0
1786007, 301322058, 0, 0
1787052, 297868652, 0, 0
1788050, 359934421, 0, 0
1789002, 329608633, 0, 0
1790011, 315577330, 0, 0
1791022, 323570975, 0, 0
1792048, 334909831, 0, 0
1793030, 311176012, 0, 0
1794053, 310661583, 0, 0
1795033, 302759778, 0, 0
1796014, 308106619, 0, 0
1797076, 341310380, 0, 0
1798031, 330587481, 0, 0
1799004, 300546493, 0, 0
1800002, 312389110, 0, 0
1800120, 328868075, 0, 0
