1057, 7091150, 0, 0
2036, 7644570, 0, 0
3007, 8079378, 0, 0
4031, 7524489, 0, 0
5052, 7502425, 0, 0
6006, 5892164, 0, 0
7017, 7545294, 0, 0
8034, 7466927, 0, 0
9034, 7805016, 0, 0
10058, 7994689, 0, 0
11035, 7566770, 0, 0
12005, 7631851, 0, 0
13039, 7485709, 0, 0
14028, 7664766, 0, 0
15049, 7443128, 0, 0
16032, 7676778, 0, 0
17035, 7203659, 0, 0
18052, 7477231, 0, 0
19002, 7188913, 0, 0
20029, 7329831, 0, 0
21040, 7827381, 0, 0
22009, 7445780, 0, 0
23021, 7383195, 0, 0
24046, 7943306, 0, 0
25012, 7310604, 0, 0
26016, 7376781, 0, 0
27061, 7621199, 0, 0
28021, 7379868, 0, 0
29054, 7366058, 0, 0
30005, 7365220, 0, 0
31034, 7453016, 0, 0
32034, 7511606, 0, 0
33028, 7526930, 0, 0
34022, 8141112, 0, 0
35002, 7644634, 0, 0
36006, 7274710, 0, 0
37010, 7653937, 0, 0
38060, 7547177, 0, 0
39039, 7085252, 0, 0
40036, 7667623, 0, 0
41070, 7273970, 0, 0
42042, 7304660, 0, 0
43014, 7087305, 0, 0
44006, 7626434, 0, 0
45011, 7068406, 0, 0
46006, 7528186, 0, 0
47043, 7353677, 0, 0
48007, 6973030, 0, 0
49054, 7269656, 0, 0
50016, 7168080, 0, 0
51026, 7312849, 0, 0
52003, 7282631, 0, 0
53051, 7427095, 0, 0
54001, 7417012, 0, 0
55043, 7830694, 0, 0
56014, 7293245, 0, 0
57044, 7294939, 0, 0
58034, 7381003, 0, 0
59027, 6842487, 0, 0
60063, 7289241, 0, 0
61049, 7466933, 0, 0
62021, 7195029, 0, 0
63049, 7129281, 0, 0
64050, 6805943, 0, 0
65019, 7168969, 0, 0
66046, 7274829, 0, 0
67031, 7406686, 0, 0
68026, 7050386, 0, 0
69063, 7348042, 0, 0
70054, 7495958, 0, 0
71050, 6960466, 0, 0
72023, 7197678, 0, 0
73015, 6745789, 0, 0
74040, 6692468, 0, 0
75014, 7105510, 0, 0
76012, 7122263, 0, 0
77043, 7052766, 0, 0
78064, 7667509, 0, 0
79042, 7239878, 0, 0
80028, 7298831, 0, 0
81000, 7191463, 0, 0
82014, 6847688, 0, 0
83005, 7332946, 0, 0
84004, 7681794, 0, 0
85035, 7411275, 0, 0
86007, 6981420, 0, 0
87006, 6701370, 0, 0
88013, 6529136, 0, 0
89048, 7083399, 0, 0
90042, 6668715, 0, 0
91028, 6988482, 0, 0
92003, 7007465, 0, 0
93050, 7579419, 0, 0
94015, 6883332, 0, 0
95047, 7019580, 0, 0
96022, 7006652, 0, 0
97004, 7054078, 0, 0
98025, 6894237, 0, 0
99016, 6783124, 0, 0
100036, 7025090, 0, 0
101039, 6910178, 0, 0
102009, 6639855, 0, 0
103042, 6534717, 0, 0
104011, 6367117, 0, 0
105000, 7209042, 0, 0
106013, 7615000, 0, 0
107052, 7157079, 0, 0
108030, 6881166, 0, 0
109014, 7230851, 0, 0
110037, 6814009, 0, 0
111032, 7359391, 0, 0
112036, 6824001, 0, 0
113039, 6911936, 0, 0
114024, 7033903, 0, 0
115040, 6421160, 0, 0
116013, 6990637, 0, 0
117035, 6677229, 0, 0
118058, 6591287, 0, 0
119041, 6869300, 0, 0
120045, 7322576, 0, 0
121001, 6874431, 0, 0
122030, 6585755, 0, 0
123015, 6931730, 0, 0
124024, 6718875, 0, 0
125027, 6345009, 0, 0
126001, 6801264, 0, 0
127029, 6671003, 0, 0
128013, 6733572, 0, 0
129042, 6503394, 0, 0
130060, 7163080, 0, 0
131046, 6936712, 0, 0
132037, 6602660, 0, 0
133005, 6766261, 0, 0
134062, 6942040, 0, 0
135028, 6568688, 0, 0
136017, 6911298, 0, 0
137031, 7132691, 0, 0
138008, 6972820, 0, 0
139014, 6698727, 0, 0
140048, 6978911, 0, 0
141037, 6860478, 0, 0
142029, 6789586, 0, 0
143003, 6855109, 0, 0
144048, 6443761, 0, 0
145052, 6470709, 0, 0
146050, 6830662, 0, 0
147000, 6775250, 0, 0
148020, 6795061, 0, 0
149057, 6475742, 0, 0
150024, 7001157, 0, 0
151004, 6659427, 0, 0
152046, 6234203, 0, 0
153060, 6756048, 0, 0
154032, 6889182, 0, 0
155016, 6640827, 0, 0
156035, 6323535, 0, 0
157029, 6018778, 0, 0
158055, 6284811, 0, 0
159019, 6379327, 0, 0
160031, 6524323, 0, 0
161048, 6305841, 0, 0
162032, 6732187, 0, 0
163042, 6555820, 0, 0
164042, 6322599, 0, 0
165044, 6372990, 0, 0
166001, 6375830, 0, 0
167049, 6626963, 0, 0
168051, 6811461, 0, 0
169000, 6817434, 0, 0
170036, 6428533, 0, 0
171040, 6602541, 0, 0
172051, 6730506, 0, 0
173046, 7257190, 0, 0
174047, 6989889, 0, 0
175046, 6279280, 0, 0
176007, 6576393, 0, 0
177041, 6150029, 0, 0
178018, 6295673, 0, 0
179050, 6363415, 0, 0
180003, 7680227, 0, 0
181017, 6140338, 0, 0
182013, 6030585, 0, 0
183045, 6245511, 0, 0
184005, 6310936, 0, 0
185026, 6578624, 0, 0
186046, 6104537, 0, 0
187015, 6491152, 0, 0
188025, 6386851, 0, 0
189022, 6227862, 0, 0
190022, 6283901, 0, 0
191032, 6383151, 0, 0
192000, 6236190, 0, 0
193066, 6702899, 0, 0
194054, 6531285, 0, 0
195027, 6756852, 0, 0
196007, 6483033, 0, 0
197006, 6654598, 0, 0
198004, 5931239, 0, 0
199057, 6044340, 0, 0
200032, 6246545, 0, 0
201025, 6480564, 0, 0
202041, 6346784, 0, 0
203024, 6296026, 0, 0
204038, 6663516, 0, 0
205046, 5993093, 0, 0
206001, 6579338, 0, 0
207015, 6755824, 0, 0
208019, 5762100, 0, 0
209063, 6515345, 0, 0
210047, 5890197, 0, 0
211006, 6026251, 0, 0
212044, 6028113, 0, 0
213001, 6007858, 0, 0
214057, 6517414, 0, 0
215062, 6436034, 0, 0
216054, 6312423, 0, 0
217066, 5981116, 0, 0
218035, 6088251, 0, 0
219021, 6436850, 0, 0
220049, 6260471, 0, 0
221001, 5907631, 0, 0
222049, 6052280, 0, 0
223013, 6174989, 0, 0
224014, 6367457, 0, 0
225043, 6046802, 0, 0
226030, 6235144, 0, 0
227009, 6397768, 0, 0
228045, 5943675, 0, 0
229000, 5648188, 0, 0
230049, 5982664, 0, 0
231016, 6195679, 0, 0
232002, 5968195, 0, 0
233009, 5750557, 0, 0
234001, 5861339, 0, 0
235041, 6185943, 0, 0
236031, 5850214, 0, 0
237047, 5703534, 0, 0
238052, 5635413, 0, 0
239024, 6477601, 0, 0
240033, 5858953, 0, 0
241027, 5549697, 0, 0
242001, 6157983, 0, 0
243007, 5981222, 0, 0
244056, 5819990, 0, 0
245056, 5739488, 0, 0
246046, 6222619, 0, 0
247000, 5410077, 0, 0
248046, 5905604, 0, 0
249065, 6246294, 0, 0
250026, 6036530, 0, 0
251039, 5531561, 0, 0
252012, 5926532, 0, 0
253003, 6148645, 0, 0
254004, 6286651, 0, 0
255026, 6383094, 0, 0
256022, 6300697, 0, 0
257042, 5505500, 0, 0
258044, 5528212, 0, 0
259010, 5611142, 0, 0
260054, 5828845, 0, 0
261010, 6002271, 0, 0
262011, 5747035, 0, 0
263042, 6023168, 0, 0
264025, 5367730, 0, 0
265047, 5639889, 0, 0
266039, 5506487, 0, 0
267020, 5972417, 0, 0
268057, 5659864, 0, 0
269014, 6211615, 0, 0
270055, 5839913, 0, 0
271026, 5805915, 0, 0
272014, 5879492, 0, 0
273019, 6118703, 0, 0
274005, 5441426, 0, 0
275056, 5617738, 0, 0
276058, 5917496, 0, 0
277005, 5845088, 0, 0
278053, 5205061, 0, 0
279021, 5723904, 0, 0
280005, 5953336, 0, 0
281009, 6152963, 0, 0
282041, 5891172, 0, 0
283055, 5535374, 0, 0
284009, 5639572, 0, 0
285045, 5878102, 0, 0
286019, 5724853, 0, 0
287004, 5860585, 0, 0
288039, 5647398, 0, 0
289015, 5669183, 0, 0
290036, 5451983, 0, 0
291051, 5543386, 0, 0
292015, 6051657, 0, 0
293047, 5515787, 0, 0
294042, 5644002, 0, 0
295051, 6225140, 0, 0
296042, 5350706, 0, 0
297027, 5722928, 0, 0
298055, 5732636, 0, 0
299029, 5757025, 0, 0
300047, 5380946, 0, 0
301008, 5579091, 0, 0
302044, 5782207, 0, 0
303000, 5308534, 0, 0
304025, 5470734, 0, 0
305007, 5509593, 0, 0
306046, 6002891, 0, 0
307035, 5744645, 0, 0
308033, 5631191, 0, 0
309003, 5381199, 0, 0
310026, 5494367, 0, 0
311029, 5930279, 0, 0
312014, 5652452, 0, 0
313035, 5076384, 0, 0
314015, 5377477, 0, 0
315044, 5410142, 0, 0
316029, 5618832, 0, 0
317044, 5450530, 0, 0
318006, 5462802, 0, 0
319011, 5484359, 0, 0
320015, 5141118, 0, 0
321030, 5047931, 0, 0
322001, 5297321, 0, 0
323013, 5264055, 0, 0
324003, 4992290, 0, 0
325033, 5418225, 0, 0
326054, 5695470, 0, 0
327038, 5039854, 0, 0
328020, 5081761, 0, 0
329054, 5496291, 0, 0
330024, 5291037, 0, 0
331031, 4861418, 0, 0
332020, 5425534, 0, 0
333006, 4999479, 0, 0
334017, 5287933, 0, 0
335031, 5167252, 0, 0
336057, 5632686, 0, 0
337053, 5918793, 0, 0
338027, 5287435, 0, 0
339009, 5331452, 0, 0
340045, 5000491, 0, 0
341007, 5687173, 0, 0
342048, 5412610, 0, 0
343041, 5361318, 0, 0
344047, 5290321, 0, 0
345016, 5317680, 0, 0
346044, 5184147, 0, 0
347021, 5812849, 0, 0
348055, 5405622, 0, 0
349023, 5823714, 0, 0
350003, 5209117, 0, 0
351026, 5134663, 0, 0
352000, 4909735, 0, 0
353051, 5708425, 0, 0
354038, 5635030, 0, 0
355038, 5643207, 0, 0
356010, 4732279, 0, 0
357050, 5045980, 0, 0
358032, 5907430, 0, 0
359049, 4978379, 0, 0
360054, 4779500, 0, 0
361037, 5426020, 0, 0
362026, 5040712, 0, 0
363009, 5424890, 0, 0
364020, 5176314, 0, 0
365051, 5024318, 0, 0
366046, 4993557, 0, 0
367044, 4700196, 0, 0
368000, 5079356, 0, 0
369056, 4546629, 0, 0
370039, 5611136, 0, 0
371034, 4992534, 0, 0
372046, 5184396, 0, 0
373042, 4901336, 0, 0
374055, 5497628, 0, 0
375008, 5473419, 0, 0
376025, 5402218, 0, 0
377055, 5442077, 0, 0
378036, 5900254, 0, 0
379019, 5063053, 0, 0
380023, 4683974, 0, 0
381009, 5443139, 0, 0
382036, 5261138, 0, 0
383044, 4935446, 0, 0
384054, 5016654, 0, 0
385003, 5041594, 0, 0
386068, 4923995, 0, 0
387046, 4911478, 0, 0
388003, 5134167, 0, 0
389035, 4958324, 0, 0
390049, 5271414, 0, 0
391000, 5278690, 0, 0
392050, 4746962, 0, 0
393038, 4884931, 0, 0
394057, 4939633, 0, 0
395005, 5090215, 0, 0
396052, 5281163, 0, 0
397044, 5032483, 0, 0
398000, 5215835, 0, 0
399031, 5626288, 0, 0
400014, 5193255, 0, 0
401067, 5032464, 0, 0
402011, 4647099, 0, 0
403017, 4974251, 0, 0
404020, 4614979, 0, 0
405048, 5032538, 0, 0
406025, 5032329, 0, 0
407051, 4948717, 0, 0
408047, 4854421, 0, 0
409055, 4551893, 0, 0
410055, 5179029, 0, 0
411049, 5362193, 0, 0
412001, 5405448, 0, 0
413049, 5009704, 0, 0
414033, 5339192, 0, 0
415051, 4664320, 0, 0
416012, 4525398, 0, 0
417024, 4433230, 0, 0
418052, 5010184, 0, 0
419014, 4732747, 0, 0
420032, 5525937, 0, 0
421008, 4778322, 0, 0
422017, 4818721, 0, 0
423035, 4688980, 0, 0
424034, 5169809, 0, 0
425011, 5083284, 0, 0
426012, 5315856, 0, 0
427053, 4661496, 0, 0
428060, 4532290, 0, 0
429045, 4388414, 0, 0
430017, 4782604, 0, 0
431054, 4773995, 0, 0
432014, 4397491, 0, 0
433041, 4748752, 0, 0
434044, 5476605, 0, 0
435056, 4765982, 0, 0
436023, 4620920, 0, 0
437053, 4829815, 0, 0
438035, 4500595, 0, 0
439035, 4870748, 0, 0
440029, 4430920, 0, 0
441000, 4160091, 0, 0
442026, 4616548, 0, 0
443032, 4628833, 0, 0
444046, 4963470, 0, 0
445006, 4242220, 0, 0
446012, 4426112, 0, 0
447010, 4617667, 0, 0
448005, 4356102, 0, 0
449033, 4331410, 0, 0
450012, 4087896, 0, 0
451032, 4432248, 0, 0
452019, 4420420, 0, 0
453010, 4712973, 0, 0
454060, 4577894, 0, 0
455020, 4721634, 0, 0
456021, 4900776, 0, 0
457029, 4058629, 0, 0
458016, 4650024, 0, 0
459046, 4719079, 0, 0
460047, 4782990, 0, 0
461054, 4408427, 0, 0
462032, 4440875, 0, 0
463003, 4349559, 0, 0
464011, 4412313, 0, 0
465023, 4494866, 0, 0
466014, 4644197, 0, 0
467051, 4687429, 0, 0
468049, 4744392, 0, 0
469012, 4627341, 0, 0
470000, 4565300, 0, 0
471015, 4448839, 0, 0
472000, 4640467, 0, 0
473025, 4141092, 0, 0
474027, 4429947, 0, 0
475058, 4616511, 0, 0
476034, 4948194, 0, 0
477029, 4156339, 0, 0
478034, 4757087, 0, 0
479055, 4491784, 0, 0
480049, 4574475, 0, 0
481017, 5461682, 0, 0
482007, 4173113, 0, 0
483041, 4547029, 0, 0
484041, 4520953, 0, 0
485061, 4313482, 0, 0
486005, 4491210, 0, 0
487052, 4486931, 0, 0
488001, 4309512, 0, 0
489036, 4531660, 0, 0
490057, 4358815, 0, 0
491004, 4218901, 0, 0
492006, 4528232, 0, 0
493009, 4037725, 0, 0
494057, 4310257, 0, 0
495053, 4380213, 0, 0
496049, 3959742, 0, 0
497062, 4268679, 0, 0
498037, 3578109, 0, 0
499000, 4375077, 0, 0
500043, 4249614, 0, 0
501024, 4240788, 0, 0
502013, 4131934, 0, 0
503019, 3970982, 0, 0
504041, 3590622, 0, 0
505026, 4150247, 0, 0
506028, 3862296, 0, 0
507040, 4059708, 0, 0
508011, 4212978, 0, 0
509045, 4360238, 0, 0
510017, 4390770, 0, 0
511005, 4233536, 0, 0
512008, 4355103, 0, 0
513022, 4522873, 0, 0
514048, 4550671, 0, 0
515087, 4785697, 0, 0
516060, 3934152, 0, 0
517009, 3406263, 0, 0
518049, 4398877, 0, 0
519046, 4219356, 0, 0
520021, 4092163, 0, 0
521029, 4041964, 0, 0
522036, 3927133, 0, 0
523060, 4241392, 0, 0
524025, 4138652, 0, 0
525015, 4512511, 0, 0
526056, 4010922, 0, 0
527038, 4052109, 0, 0
528017, 4025954, 0, 0
529009, 3883470, 0, 0
530053, 3619964, 0, 0
531028, 4106966, 0, 0
532057, 3789699, 0, 0
533019, 4124723, 0, 0
534054, 4149327, 0, 0
535018, 4435899, 0, 0
536044, 3835125, 0, 0
537027, 4700910, 0, 0
538051, 4296564, 0, 0
539000, 4138928, 0, 0
540029, 4869174, 0, 0
541026, 4182559, 0, 0
542049, 4087016, 0, 0
543044, 4038483, 0, 0
544004, 3835086, 0, 0
545047, 3974343, 0, 0
546020, 4063963, 0, 0
547026, 3776893, 0, 0
548051, 3845041, 0, 0
549001, 3719349, 0, 0
550017, 3931559, 0, 0
551027, 3514133, 0, 0
552055, 4666997, 0, 0
553001, 3969205, 0, 0
554037, 3504939, 0, 0
555039, 4051718, 0, 0
556016, 3682053, 0, 0
557020, 4227220, 0, 0
558043, 3452359, 0, 0
559016, 4240309, 0, 0
560025, 3425443, 0, 0
561005, 3868562, 0, 0
562024, 3622336, 0, 0
563047, 3796282, 0, 0
564017, 4087897, 0, 0
565025, 3795157, 0, 0
566013, 3389489, 0, 0
567024, 4138807, 0, 0
568014, 3702014, 0, 0
569013, 3879980, 0, 0
570058, 3660447, 0, 0
571042, 3837962, 0, 0
572055, 3801653, 0, 0
573022, 3833141, 0, 0
574009, 3773628, 0, 0
575015, 3428274, 0, 0
576029, 3707913, 0, 0
577011, 3579211, 0, 0
578022, 3492503, 0, 0
579047, 3997401, 0, 0
580044, 3950765, 0, 0
581032, 3652979, 0, 0
582040, 3809741, 0, 0
583017, 3842722, 0, 0
584049, 3239354, 0, 0
585008, 3988399, 0, 0
586018, 4624236, 0, 0
587016, 3448907, 0, 0
588038, 3657938, 0, 0
589013, 3771562, 0, 0
590055, 3678764, 0, 0
591044, 3796529, 0, 0
592056, 3194901, 0, 0
593008, 3325330, 0, 0
594020, 3176323, 0, 0
595029, 3389246, 0, 0
596052, 4461543, 0, 0
597042, 3351504, 0, 0
598005, 3954386, 0, 0
599007, 3585449, 0, 0
600008, 3715081, 0, 0
601012, 3590398, 0, 0
602050, 3611096, 0, 0
603052, 3745186, 0, 0
604081, 4318853, 0, 0
605046, 3440242, 0, 0
606042, 3551310, 0, 0
607013, 3586635, 0, 0
608055, 3798120, 0, 0
609015, 3942691, 0, 0
610017, 3522625, 0, 0
611053, 3481880, 0, 0
612020, 3361043, 0, 0
613012, 3289031, 0, 0
614065, 3447108, 0, 0
615045, 3661471, 0, 0
616027, 3542365, 0, 0
617041, 3407024, 0, 0
618006, 3333137, 0, 0
619042, 3292415, 0, 0
620059, 3316193, 0, 0
621044, 3630720, 0, 0
622052, 2865313, 0, 0
623007, 3401495, 0, 0
624019, 3291746, 0, 0
625031, 3620807, 0, 0
626055, 2987471, 0, 0
627034, 3464572, 0, 0
628010, 4110678, 0, 0
629019, 3720857, 0, 0
630037, 3432803, 0, 0
631047, 3251430, 0, 0
632008, 3619301, 0, 0
633040, 3390754, 0, 0
634045, 2822650, 0, 0
635003, 3230924, 0, 0
636025, 3645621, 0, 0
637057, 3388291, 0, 0
638049, 3487507, 0, 0
639045, 3426213, 0, 0
640007, 3444976, 0, 0
641031, 2878470, 0, 0
642016, 3091689, 0, 0
643000, 2937672, 0, 0
644035, 3470202, 0, 0
645014, 3462836, 0, 0
646009, 3575632, 0, 0
647055, 3446488, 0, 0
648053, 3920083, 0, 0
649052, 3187440, 0, 0
650051, 2840400, 0, 0
651052, 3469992, 0, 0
652008, 3076073, 0, 0
653003, 2964467, 0, 0
654054, 3556787, 0, 0
655036, 3181986, 0, 0
656025, 2955162, 0, 0
657030, 3246794, 0, 0
658052, 3400053, 0, 0
659031, 3174341, 0, 0
660044, 3272474, 0, 0
661006, 3148360, 0, 0
662046, 3602842, 0, 0
663026, 3494438, 0, 0
664052, 3020562, 0, 0
665007, 3370664, 0, 0
666043, 3505969, 0, 0
667035, 3653730, 0, 0
668067, 2908066, 0, 0
669038, 3686727, 0, 0
670011, 3838650, 0, 0
671022, 3364103, 0, 0
672003, 3255196, 0, 0
673006, 3588024, 0, 0
674068, 3272862, 0, 0
675019, 3352952, 0, 0
676048, 3065894, 0, 0
677041, 3492486, 0, 0
678000, 2981249, 0, 0
679043, 3181251, 0, 0
680018, 3488422, 0, 0
681059, 3585376, 0, 0
682046, 3239756, 0, 0
683028, 3313072, 0, 0
684001, 3204294, 0, 0
685044, 2967248, 0, 0
686039, 3330473, 0, 0
687016, 3190302, 0, 0
688008, 3265450, 0, 0
689015, 3308871, 0, 0
690025, 3197580, 0, 0
691000, 2994009, 0, 0
692046, 3175782, 0, 0
693049, 3439021, 0, 0
694004, 3418738, 0, 0
695056, 3199849, 0, 0
696021, 3649561, 0, 0
697002, 3331938, 0, 0
698042, 3349468, 0, 0
699000, 3297128, 0, 0
700025, 3445247, 0, 0
701064, 3742263, 0, 0
702034, 3458985, 0, 0
703040, 3304887, 0, 0
704033, 3360389, 0, 0
705010, 3422334, 0, 0
706005, 3192282, 0, 0
707011, 3358530, 0, 0
708014, 3229321, 0, 0
709034, 3170822, 0, 0
710004, 3282823, 0, 0
711028, 3087455, 0, 0
712026, 3922270, 0, 0
713056, 2786998, 0, 0
714021, 3045579, 0, 0
715053, 3947799, 0, 0
716038, 2916692, 0, 0
717016, 3462692, 0, 0
718052, 3221259, 0, 0
719043, 3014902, 0, 0
720025, 3323098, 0, 0
721024, 3627172, 0, 0
722062, 3478540, 0, 0
723015, 2962753, 0, 0
724054, 3515967, 0, 0
725042, 3496755, 0, 0
726053, 3331218, 0, 0
727030, 3387970, 0, 0
728004, 3242168, 0, 0
729052, 3484796, 0, 0
730035, 3898067, 0, 0
731033, 2749329, 0, 0
732059, 3520931, 0, 0
733014, 3125120, 0, 0
734013, 3749653, 0, 0
735021, 3296902, 0, 0
736001, 3447041, 0, 0
737064, 3774401, 0, 0
738044, 3583991, 0, 0
739022, 3660003, 0, 0
740047, 3602387, 0, 0
741023, 3071368, 0, 0
742042, 3273055, 0, 0
743027, 3781184, 0, 0
744050, 3141722, 0, 0
745022, 3464181, 0, 0
746014, 3564620, 0, 0
747043, 3270254, 0, 0
748034, 3510147, 0, 0
749043, 3583054, 0, 0
750054, 3591156, 0, 0
751037, 3282976, 0, 0
752013, 3623049, 0, 0
753012, 3164076, 0, 0
754016, 3141448, 0, 0
755022, 3639910, 0, 0
756005, 2999176, 0, 0
757037, 3456390, 0, 0
758010, 3572898, 0, 0
759044, 3034484, 0, 0
760017, 3361955, 0, 0
761023, 3357521, 0, 0
762019, 3187357, 0, 0
763000, 3187814, 0, 0
764001, 3102594, 0, 0
765015, 3820512, 0, 0
766048, 3472648, 0, 0
767032, 3209532, 0, 0
768044, 3379116, 0, 0
769026, 3391000, 0, 0
770012, 3056139, 0, 0
771078, 3399253, 0, 0
772020, 3422390, 0, 0
773057, 3751987, 0, 0
774031, 3115440, 0, 0
775016, 2996349, 0, 0
776061, 3032049, 0, 0
777010, 3233204, 0, 0
778033, 3209278, 0, 0
779017, 3694915, 0, 0
780021, 3409771, 0, 0
781002, 3723209, 0, 0
782009, 3232908, 0, 0
783020, 3642493, 0, 0
784002, 3553099, 0, 0
785000, 3204499, 0, 0
786045, 3249598, 0, 0
787040, 3172554, 0, 0
788043, 3216998, 0, 0
789068, 3605367, 0, 0
790043, 3265200, 0, 0
791022, 3465488, 0, 0
792033, 3565540, 0, 0
793026, 3294626, 0, 0
794013, 3647848, 0, 0
795037, 3431211, 0, 0
796006, 3257088, 0, 0
797002, 3439226, 0, 0
798001, 3575094, 0, 0
799049, 3545049, 0, 0
800017, 3298144, 0, 0
801017, 3696426, 0, 0
802024, 3331206, 0, 0
803042, 3466340, 0, 0
804008, 3383949, 0, 0
805001, 3858433, 0, 0
806022, 3417572, 0, 0
807049, 3550377, 0, 0
808044, 3473405, 0, 0
809011, 3316206, 0, 0
810052, 3167970, 0, 0
811046, 3517397, 0, 0
812005, 3310652, 0, 0
813041, 3367664, 0, 0
814009, 3390552, 0, 0
815029, 3201660, 0, 0
816049, 3573884, 0, 0
817034, 3509499, 0, 0
818004, 3523168, 0, 0
819022, 3277931, 0, 0
820006, 3495228, 0, 0
821016, 3466655, 0, 0
822052, 3313806, 0, 0
823054, 3436379, 0, 0
824012, 3333883, 0, 0
825002, 3348983, 0, 0
826038, 3426309, 0, 0
827024, 3464098, 0, 0
828018, 3636620, 0, 0
829057, 3552628, 0, 0
830040, 3504536, 0, 0
831049, 3701570, 0, 0
832001, 3076168, 0, 0
833049, 3050080, 0, 0
834047, 3130609, 0, 0
835029, 3478636, 0, 0
836059, 3673058, 0, 0
837028, 3255195, 0, 0
838059, 3562056, 0, 0
839044, 3874499, 0, 0
840024, 2971891, 0, 0
841004, 3251242, 0, 0
842022, 3396628, 0, 0
843040, 3185657, 0, 0
844005, 3581874, 0, 0
845003, 3436208, 0, 0
846063, 3317854, 0, 0
847055, 3298966, 0, 0
848025, 3572294, 0, 0
849056, 3236190, 0, 0
850018, 3495121, 0, 0
851026, 3122346, 0, 0
852028, 3717819, 0, 0
853046, 3355151, 0, 0
854029, 3156531, 0, 0
855048, 3807027, 0, 0
856018, 3036374, 0, 0
857033, 3469935, 0, 0
858043, 3361801, 0, 0
859018, 3686615, 0, 0
860031, 3524215, 0, 0
861037, 3336377, 0, 0
862049, 3458467, 0, 0
863012, 3531650, 0, 0
864025, 3733600, 0, 0
865047, 3495408, 0, 0
866042, 3610129, 0, 0
867000, 3480316, 0, 0
868064, 3130943, 0, 0
869065, 3906667, 0, 0
870049, 3705706, 0, 0
871012, 3292629, 0, 0
872041, 3555087, 0, 0
873052, 3202481, 0, 0
874048, 3176484, 0, 0
875052, 3605967, 0, 0
876021, 3268663, 0, 0
877049, 3676301, 0, 0
878058, 3335104, 0, 0
879050, 3682059, 0, 0
880056, 3368740, 0, 0
881028, 3430518, 0, 0
882046, 3278106, 0, 0
883039, 3314797, 0, 0
884035, 3807962, 0, 0
885006, 3617499, 0, 0
886038, 3601941, 0, 0
887053, 3673578, 0, 0
888027, 3262370, 0, 0
889010, 3729829, 0, 0
890014, 3685086, 0, 0
891009, 3269415, 0, 0
892003, 3178840, 0, 0
893036, 3391389, 0, 0
894051, 3568322, 0, 0
895039, 3436718, 0, 0
896007, 3837248, 0, 0
897033, 3505136, 0, 0
898053, 3477673, 0, 0
899018, 3378704, 0, 0
900036, 3563907, 0, 0
901021, 3550931, 0, 0
902041, 3275600, 0, 0
903019, 3376159, 0, 0
904039, 3756954, 0, 0
905010, 3413941, 0, 0
906014, 3841534, 0, 0
907035, 3135002, 0, 0
908025, 3493643, 0, 0
909001, 3204856, 0, 0
910019, 3275220, 0, 0
911028, 3705014, 0, 0
912047, 3438078, 0, 0
913021, 3811248, 0, 0
914009, 4126612, 0, 0
915037, 3888868, 0, 0
916033, 3525017, 0, 0
917037, 3351964, 0, 0
918038, 3086220, 0, 0
919048, 3147430, 0, 0
920021, 3722342, 0, 0
921054, 3416064, 0, 0
922045, 3958305, 0, 0
923035, 3383847, 0, 0
924009, 3843666, 0, 0
925016, 3696855, 0, 0
926008, 3641052, 0, 0
927009, 3410165, 0, 0
928008, 3460948, 0, 0
929014, 3489541, 0, 0
930055, 3440148, 0, 0
931051, 3304385, 0, 0
932043, 3483957, 0, 0
933035, 3126046, 0, 0
934037, 3376981, 0, 0
935060, 3263899, 0, 0
936047, 3745397, 0, 0
937009, 3694412, 0, 0
938047, 3179789, 0, 0
939032, 3780759, 0, 0
940027, 3182208, 0, 0
941018, 3600444, 0, 0
942000, 3601353, 0, 0
943046, 3667083, 0, 0
944015, 3516301, 0, 0
945049, 3463684, 0, 0
946008, 3801827, 0, 0
947017, 3366038, 0, 0
948050, 3877925, 0, 0
949059, 3761366, 0, 0
950014, 3557252, 0, 0
951051, 3655720, 0, 0
952001, 3401760, 0, 0
953035, 3393359, 0, 0
954007, 2905285, 0, 0
955027, 3662179, 0, 0
956031, 3172042, 0, 0
957041, 3816944, 0, 0
958066, 3530850, 0, 0
959043, 3637207, 0, 0
960045, 3303714, 0, 0
961018, 3583301, 0, 0
962049, 4132497, 0, 0
963041, 3537632, 0, 0
964010, 3442734, 0, 0
965016, 4465421, 0, 0
966003, 3924751, 0, 0
967052, 3797666, 0, 0
968017, 3230828, 0, 0
969034, 3846355, 0, 0
970015, 3613294, 0, 0
971009, 3365125, 0, 0
972054, 3396697, 0, 0
973032, 4191150, 0, 0
974019, 3457226, 0, 0
975039, 3742810, 0, 0
976032, 3406060, 0, 0
977013, 3798724, 0, 0
978046, 3592940, 0, 0
979024, 3756901, 0, 0
980040, 3313796, 0, 0
981038, 3716794, 0, 0
982030, 3994718, 0, 0
983049, 4238232, 0, 0
984009, 3882811, 0, 0
985061, 3724452, 0, 0
986054, 3528235, 0, 0
987005, 3706499, 0, 0
988050, 3343140, 0, 0
989011, 3636800, 0, 0
990050, 4065420, 0, 0
991049, 3960204, 0, 0
992002, 4248754, 0, 0
993051, 3922583, 0, 0
994057, 4082513, 0, 0
995006, 3967327, 0, 0
996023, 3305311, 0, 0
997006, 3606810, 0, 0
998028, 4309278, 0, 0
999042, 3613801, 0, 0
1000043, 3660007, 0, 0
1001047, 3411809, 0, 0
1002017, 3710284, 0, 0
1003055, 3865229, 0, 0
1004025, 4036237, 0, 0
1005040, 3727149, 0, 0
1006025, 4203329, 0, 0
1007009, 3362456, 0, 0
1008014, 3801165, 0, 0
1009037, 3558406, 0, 0
1010039, 3818938, 0, 0
1011014, 3451410, 0, 0
1012044, 3520653, 0, 0
1013032, 3667223, 0, 0
1014028, 3868994, 0, 0
1015024, 3404954, 0, 0
1016054, 3741657, 0, 0
1017029, 3514524, 0, 0
1018038, 3994678, 0, 0
1019036, 4001966, 0, 0
1020029, 4050183, 0, 0
1021007, 3781738, 0, 0
1022038, 3352092, 0, 0
1023045, 3737573, 0, 0
1024040, 3765502, 0, 0
1025036, 3794551, 0, 0
1026004, 3526173, 0, 0
1027031, 3730773, 0, 0
1028017, 3951712, 0, 0
1029059, 3434575, 0, 0
1030044, 3765283, 0, 0
1031044, 3552083, 0, 0
1032055, 4315944, 0, 0
1033039, 3794626, 0, 0
1034008, 3913783, 0, 0
1035016, 4095047, 0, 0
1036057, 3606985, 0, 0
1037020, 4216792, 0, 0
1038038, 3697653, 0, 0
1039008, 3858947, 0, 0
1040008, 4107760, 0, 0
1041031, 3927426, 0, 0
1042064, 4031482, 0, 0
1043020, 3668956, 0, 0
1044046, 3943352, 0, 0
1045043, 3949962, 0, 0
1046032, 4079376, 0, 0
1047040, 3769361, 0, 0
1048031, 4519666, 0, 0
1049049, 4097902, 0, 0
1050031, 4476670, 0, 0
1051023, 3738516, 0, 0
1052050, 3702677, 0, 0
1053018, 3977247, 0, 0
1054053, 3730917, 0, 0
1055056, 4224056, 0, 0
1056006, 4056509, 0, 0
1057014, 4494124, 0, 0
1058028, 3706477, 0, 0
1059035, 4070351, 0, 0
1060012, 4098910, 0, 0
1061008, 4233637, 0, 0
1062070, 4061486, 0, 0
1063021, 3784579, 0, 0
1064051, 4215722, 0, 0
1065017, 4195319, 0, 0
1066058, 3892675, 0, 0
1067044, 3660636, 0, 0
1068012, 4452498, 0, 0
1069051, 4286375, 0, 0
1070051, 4212915, 0, 0
1071041, 4189559, 0, 0
1072046, 3935426, 0, 0
1073058, 4338774, 0, 0
1074042, 4092281, 0, 0
1075002, 4046290, 0, 0
1076036, 4335178, 0, 0
1077061, 4065251, 0, 0
1078018, 3897904, 0, 0
1079040, 4217185, 0, 0
1080028, 3977139, 0, 0
1081026, 3864645, 0, 0
1082047, 4549543, 0, 0
1083009, 4640350, 0, 0
1084043, 4378213, 0, 0
1085058, 4069630, 0, 0
1086004, 4748437, 0, 0
1087039, 3663356, 0, 0
1088025, 4299193, 0, 0
1089057, 4314908, 0, 0
1090051, 4259272, 0, 0
1091030, 4567635, 0, 0
1092050, 3888352, 0, 0
1093054, 3992469, 0, 0
1094011, 4118584, 0, 0
1095011, 3979396, 0, 0
1096043, 4404003, 0, 0
1097006, 4040472, 0, 0
1098028, 4000008, 0, 0
1099006, 4380057, 0, 0
1100043, 3738745, 0, 0
1101063, 4279479, 0, 0
1102002, 3840670, 0, 0
1103051, 4598751, 0, 0
1104054, 4552507, 0, 0
1105005, 4523134, 0, 0
1106058, 3994790, 0, 0
1107022, 4206108, 0, 0
1108051, 3860318, 0, 0
1109030, 4386664, 0, 0
1110023, 4676500, 0, 0
1111051, 3965411, 0, 0
1112054, 4593304, 0, 0
1113014, 3895423, 0, 0
1114037, 4293200, 0, 0
1115033, 4758099, 0, 0
1116054, 4950571, 0, 0
1117008, 4292619, 0, 0
1118019, 4457566, 0, 0
1119006, 4764057, 0, 0
1120046, 4575320, 0, 0
1121005, 4493972, 0, 0
1122055, 4387787, 0, 0
1123016, 4286148, 0, 0
1124068, 4323970, 0, 0
1125071, 4244547, 0, 0
1126034, 4291148, 0, 0
1127023, 4447298, 0, 0
1128008, 4642568, 0, 0
1129034, 4903868, 0, 0
1130015, 4599357, 0, 0
1131003, 4482596, 0, 0
1132035, 4688504, 0, 0
1133052, 5460814, 0, 0
1134005, 4851973, 0, 0
1135054, 4458304, 0, 0
1136009, 4721382, 0, 0
1137064, 4902454, 0, 0
1138012, 4709222, 0, 0
1139029, 4096769, 0, 0
1140023, 4750249, 0, 0
1141012, 5196259, 0, 0
1142018, 4488374, 0, 0
1143047, 4543726, 0, 0
1144029, 4605692, 0, 0
1145030, 4545656, 0, 0
1146020, 4637869, 0, 0
1147024, 4125408, 0, 0
1148031, 4355898, 0, 0
1149028, 4525873, 0, 0
1150051, 4559614, 0, 0
1151045, 4068436, 0, 0
1152033, 4326978, 0, 0
1153002, 5039722, 0, 0
1154064, 4329700, 0, 0
1155017, 4362183, 0, 0
1156025, 4416888, 0, 0
1157014, 4963517, 0, 0
1158018, 5142096, 0, 0
1159020, 4547927, 0, 0
1160034, 4584259, 0, 0
1161038, 4891395, 0, 0
1162057, 4626097, 0, 0
1163030, 5109966, 0, 0
1164024, 4555467, 0, 0
1165027, 4637871, 0, 0
1166053, 4551584, 0, 0
1167048, 4435086, 0, 0
1168021, 4299434, 0, 0
1169044, 4687573, 0, 0
1170025, 4847950, 0, 0
1171007, 5004408, 0, 0
1172054, 5255245, 0, 0
1173003, 4534971, 0, 0
1174001, 5058387, 0, 0
1175055, 5780378, 0, 0
1176007, 4466342, 0, 0
1177037, 5140091, 0, 0
1178047, 4760241, 0, 0
1179049, 5157057, 0, 0
1180042, 4957023, 0, 0
1181038, 5076829, 0, 0
1182015, 5358615, 0, 0
1183002, 4854506, 0, 0
1184024, 4638114, 0, 0
1185037, 5062866, 0, 0
1186037, 4772858, 0, 0
1187036, 4821671, 0, 0
1188010, 4817397, 0, 0
1189035, 4059732, 0, 0
1190004, 4860317, 0, 0
1191015, 5675355, 0, 0
1192031, 4743046, 0, 0
1193023, 6003709, 0, 0
1194045, 4977787, 0, 0
1195056, 6012169, 0, 0
1196003, 5698380, 0, 0
1197004, 5315002, 0, 0
1198040, 5420686, 0, 0
1199039, 5219887, 0, 0
1200053, 5389133, 0, 0
1201044, 5233805, 0, 0
1202020, 5475965, 0, 0
1203000, 5154196, 0, 0
1204018, 5377774, 0, 0
1205029, 5202658, 0, 0
1206044, 5512599, 0, 0
1207035, 4995017, 0, 0
1208040, 4894549, 0, 0
1209004, 5410490, 0, 0
1210049, 5702343, 0, 0
1211018, 5259215, 0, 0
1212034, 4783973, 0, 0
1213022, 5251959, 0, 0
1214031, 5722930, 0, 0
1215025, 5282217, 0, 0
1216036, 5230140, 0, 0
1217020, 6382390, 0, 0
1218009, 5425680, 0, 0
1219054, 5328342, 0, 0
1220007, 5196689, 0, 0
1221020, 5191082, 0, 0
1222037, 5431731, 0, 0
1223032, 6094053, 0, 0
1224048, 5178064, 0, 0
1225057, 5628820, 0, 0
1226025, 5464262, 0, 0
1227017, 5445896, 0, 0
1228020, 5888600, 0, 0
1229009, 5677809, 0, 0
1230020, 5073659, 0, 0
1231045, 5753492, 0, 0
1232069, 5846193, 0, 0
1233017, 5599443, 0, 0
1234004, 5247483, 0, 0
1235001, 4998821, 0, 0
1236038, 5537557, 0, 0
1237053, 5668269, 0, 0
1238026, 5886361, 0, 0
1239048, 5736305, 0, 0
1240022, 5556591, 0, 0
1241054, 5757694, 0, 0
1242040, 5863023, 0, 0
1243055, 5699712, 0, 0
1244046, 5650800, 0, 0
1245055, 6185206, 0, 0
1246056, 5883220, 0, 0
1247213, 6963660, 0, 0
1248001, 6341870, 0, 0
1249024, 5493590, 0, 0
1250044, 5567559, 0, 0
1251003, 6102647, 0, 0
1252063, 5878766, 0, 0
1253017, 5887474, 0, 0
1254051, 5768208, 0, 0
1255052, 5746374, 0, 0
1256043, 6107104, 0, 0
1257046, 5760823, 0, 0
1258050, 6115257, 0, 0
1259018, 6274821, 0, 0
1260029, 5875052, 0, 0
1261005, 5797992, 0, 0
1262042, 5569701, 0, 0
1263024, 5483165, 0, 0
1264052, 6180565, 0, 0
1265025, 6158091, 0, 0
1266056, 5948184, 0, 0
1267000, 5516098, 0, 0
1268007, 5849187, 0, 0
1269045, 6246184, 0, 0
1270017, 6034215, 0, 0
1271000, 5874497, 0, 0
1272014, 5822129, 0, 0
1273050, 6235503, 0, 0
1274014, 6597267, 0, 0
1275011, 5627203, 0, 0
1276041, 6051339, 0, 0
1277017, 5910274, 0, 0
1278020, 6035784, 0, 0
1279059, 6256528, 0, 0
1280028, 6452614, 0, 0
1281044, 6543551, 0, 0
1282018, 6535347, 0, 0
1283002, 5681124, 0, 0
1284036, 6413019, 0, 0
1285008, 6391199, 0, 0
1286058, 5926621, 0, 0
1287037, 6074178, 0, 0
1288005, 6156852, 0, 0
1289018, 6169474, 0, 0
1290050, 6141849, 0, 0
1291016, 6431109, 0, 0
1292009, 6319249, 0, 0
1293022, 6486549, 0, 0
1294030, 6176190, 0, 0
1295035, 6608382, 0, 0
1296024, 6498545, 0, 0
1297063, 6368065, 0, 0
1298060, 6824582, 0, 0
1299015, 6151570, 0, 0
1300009, 6447362, 0, 0
1301005, 6866338, 0, 0
1302015, 6387079, 0, 0
1303025, 6912131, 0, 0
1304027, 6498133, 0, 0
1305062, 7032381, 0, 0
1306041, 6986375, 0, 0
1307028, 6710788, 0, 0
1308018, 6418593, 0, 0
1309041, 6312308, 0, 0
1310035, 6992308, 0, 0
1311001, 6990426, 0, 0
1312056, 6168149, 0, 0
1313057, 6367265, 0, 0
1314014, 6931058, 0, 0
1315030, 6719087, 0, 0
1316002, 6518324, 0, 0
1317053, 7000862, 0, 0
1318012, 6652454, 0, 0
1319018, 6358391, 0, 0
1320040, 6502999, 0, 0
1321036, 7322991, 0, 0
1322023, 6195997, 0, 0
1323057, 6934879, 0, 0
1324000, 7035501, 0, 0
1325032, 7259109, 0, 0
1326034, 6628388, 0, 0
1327035, 7046208, 0, 0
1328027, 6879472, 0, 0
1329056, 6548738, 0, 0
1330057, 6994870, 0, 0
1331006, 6494572, 0, 0
1332052, 6784522, 0, 0
1333038, 6983357, 0, 0
1334006, 6813568, 0, 0
1335036, 6904893, 0, 0
1336059, 6683273, 0, 0
1337056, 6773659, 0, 0
1338059, 6552061, 0, 0
1339027, 6807186, 0, 0
1340013, 7040059, 0, 0
1341049, 6994441, 0, 0
1342031, 6956736, 0, 0
1343051, 6928790, 0, 0
1344045, 6848666, 0, 0
1345055, 6910980, 0, 0
1346038, 7228432, 0, 0
1347022, 6873009, 0, 0
1348003, 7152028, 0, 0
1349004, 6756373, 0, 0
1350000, 7007182, 0, 0
1351048, 7174629, 0, 0
1352050, 7047220, 0, 0
1353033, 6969377, 0, 0
1354041, 7087905, 0, 0
1355035, 6760139, 0, 0
1356035, 7086282, 0, 0
1357038, 6960144, 0, 0
1358030, 7231063, 0, 0
1359034, 7434169, 0, 0
1360028, 7247261, 0, 0
1361000, 7188386, 0, 0
1362020, 7127417, 0, 0
1363043, 6952587, 0, 0
1364044, 7251126, 0, 0
1365029, 7238190, 0, 0
1366005, 6960191, 0, 0
1367009, 7017557, 0, 0
1368039, 7148964, 0, 0
1369048, 7247660, 0, 0
1370066, 6969463, 0, 0
1371023, 7030062, 0, 0
1372055, 7260254, 0, 0
1373033, 7295040, 0, 0
1374044, 7651311, 0, 0
1375013, 7387159, 0, 0
1376000, 7308635, 0, 0
1377023, 7046926, 0, 0
1378043, 7604104, 0, 0
1379029, 7756725, 0, 0
1380027, 7502154, 0, 0
1381011, 7502764, 0, 0
1382001, 6967797, 0, 0
1383032, 7253550, 0, 0
1384008, 7276914, 0, 0
1385042, 7330199, 0, 0
1386045, 7531469, 0, 0
1387055, 7823130, 0, 0
1388009, 7628278, 0, 0
1389050, 7375883, 0, 0
1390059, 7359800, 0, 0
1391002, 7084660, 0, 0
1392005, 7209011, 0, 0
1393040, 7436503, 0, 0
1394035, 7362575, 0, 0
1395054, 7122253, 0, 0
1396039, 7569480, 0, 0
1397020, 7541519, 0, 0
1398040, 7330949, 0, 0
1399027, 7414557, 0, 0
1400003, 7442110, 0, 0
1401049, 7411249, 0, 0
1402024, 7552696, 0, 0
1403013, 7546646, 0, 0
1404028, 7293869, 0, 0
1405058, 7798372, 0, 0
1406018, 7990955, 0, 0
1407005, 7650233, 0, 0
1408007, 7585131, 0, 0
1409032, 7469507, 0, 0
1410028, 7719709, 0, 0
1411044, 7353289, 0, 0
1412066, 7244150, 0, 0
1413049, 7062157, 0, 0
1414021, 7355781, 0, 0
1415070, 7596285, 0, 0
1416045, 7496591, 0, 0
1417039, 7638426, 0, 0
1418078, 7984735, 0, 0
1419042, 7351979, 0, 0
1420035, 7575133, 0, 0
1421046, 7113973, 0, 0
1422044, 7673276, 0, 0
1423000, 6965814, 0, 0
1424047, 7925894, 0, 0
1425051, 7218476, 0, 0
1426012, 7275356, 0, 0
1427005, 7240156, 0, 0
1428008, 7652357, 0, 0
1429039, 7256407, 0, 0
1430021, 7548838, 0, 0
1431035, 7728989, 0, 0
1432019, 7929974, 0, 0
1433011, 7625359, 0, 0
1434041, 7301628, 0, 0
1435042, 7352406, 0, 0
1436006, 7521648, 0, 0
1437067, 7574378, 0, 0
1438037, 6874371, 0, 0
1439056, 7324284, 0, 0
1440030, 8461743, 0, 0
1441061, 7574293, 0, 0
1442062, 7092257, 0, 0
1443060, 8245852, 0, 0
1444001, 7830374, 0, 0
1445054, 7408243, 0, 0
1446023, 7394623, 0, 0
1447044, 7334447, 0, 0
1448014, 8080615, 0, 0
1449018, 7485867, 0, 0
1450057, 7522889, 0, 0
1451048, 7615810, 0, 0
1452056, 7688892, 0, 0
1453047, 7499125, 0, 0
1454052, 7606066, 0, 0
1455038, 7407085, 0, 0
1456055, 7213141, 0, 0
1457028, 7363806, 0, 0
1458002, 7482411, 0, 0
1459038, 7395122, 0, 0
1460004, 7255382, 0, 0
1461011, 7799941, 0, 0
1462067, 7758475, 0, 0
1463037, 7814977, 0, 0
1464053, 7355862, 0, 0
1465049, 7597330, 0, 0
1466010, 7936926, 0, 0
1467017, 7800701, 0, 0
1468052, 7333055, 0, 0
1469028, 7069945, 0, 0
1470026, 7019599, 0, 0
1471054, 7439228, 0, 0
1472002, 7346007, 0, 0
1473038, 7395955, 0, 0
1474060, 7730481, 0, 0
1475000, 7121431, 0, 0
1476000, 7185820, 0, 0
1477036, 7040220, 0, 0
1478038, 7002142, 0, 0
1479041, 7207518, 0, 0
1480023, 7606907, 0, 0
1481000, 7508689, 0, 0
1482042, 7487791, 0, 0
1483001, 7375114, 0, 0
1484015, 7396838, 0, 0
1485014, 7732062, 0, 0
1486037, 7862397, 0, 0
1487036, 7623944, 0, 0
1488016, 7416761, 0, 0
1489060, 7672619, 0, 0
1490031, 7463592, 0, 0
1491045, 7129496, 0, 0
1492024, 7410589, 0, 0
1493001, 7455745, 0, 0
1494063, 7119311, 0, 0
1495047, 7505651, 0, 0
1496053, 7848747, 0, 0
1497056, 7770560, 0, 0
1498013, 7837806, 0, 0
1499062, 7596193, 0, 0
1500018, 7182290, 0, 0
1501031, 7783159, 0, 0
1502041, 7311941, 0, 0
1503037, 7600112, 0, 0
1504036, 7558713, 0, 0
1505047, 7771563, 0, 0
1506017, 7232003, 0, 0
1507010, 7407804, 0, 0
1508033, 7686151, 0, 0
1509031, 7123067, 0, 0
1510004, 7415967, 0, 0
1511048, 8152778, 0, 0
1512047, 7740646, 0, 0
1513019, 7414433, 0, 0
1514018, 7226728, 0, 0
1515018, 7633518, 0, 0
1516003, 7286797, 0, 0
1517048, 7405949, 0, 0
1518012, 7351041, 0, 0
1519034, 7398202, 0, 0
1520051, 7161051, 0, 0
1521018, 7313390, 0, 0
1522023, 7727701, 0, 0
1523035, 7171703, 0, 0
1524007, 7137735, 0, 0
1525049, 7547865, 0, 0
1526019, 7287817, 0, 0
1527000, 7592433, 0, 0
1528011, 7711895, 0, 0
1529063, 7401666, 0, 0
1530051, 7481454, 0, 0
1531005, 7166433, 0, 0
1532031, 7482009, 0, 0
1533013, 7551521, 0, 0
1534039, 7703389, 0, 0
1535029, 7552335, 0, 0
1536041, 7024327, 0, 0
1537003, 7225842, 0, 0
1538015, 7326203, 0, 0
1539004, 7369486, 0, 0
1540006, 7101941, 0, 0
1541018, 7899066, 0, 0
1542031, 7027647, 0, 0
1543002, 7407815, 0, 0
1544048, 7361934, 0, 0
1545007, 7256853, 0, 0
1546033, 7432284, 0, 0
1547020, 7587060, 0, 0
1548014, 7576992, 0, 0
1549049, 7389609, 0, 0
1550012, 7019364, 0, 0
1551050, 7360058, 0, 0
1552048, 7612025, 0, 0
1553010, 9064667, 0, 0
1554014, 7214347, 0, 0
1555040, 7219328, 0, 0
1556036, 7059986, 0, 0
1557035, 7390564, 0, 0
1558047, 7434194, 0, 0
1559019, 7416131, 0, 0
1560004, 7398720, 0, 0
1561054, 7494835, 0, 0
1562019, 7197950, 0, 0
1563016, 7546313, 0, 0
1564033, 7207987, 0, 0
1565004, 7950822, 0, 0
1566054, 7543582, 0, 0
1567011, 7194023, 0, 0
1568033, 7293082, 0, 0
1569000, 7547217, 0, 0
1570015, 7403976, 0, 0
1571030, 7858773, 0, 0
1572013, 7555114, 0, 0
1573016, 7654806, 0, 0
1574076, 7452400, 0, 0
1575043, 7434504, 0, 0
1576049, 7228488, 0, 0
1577031, 7550826, 0, 0
1578012, 7538312, 0, 0
1579025, 7080031, 0, 0
1580047, 7449699, 0, 0
1581031, 7451477, 0, 0
1582051, 7226081, 0, 0
1583055, 7543924, 0, 0
1584026, 7351689, 0, 0
1585042, 7405003, 0, 0
1586032, 7556680, 0, 0
1587017, 7023669, 0, 0
1588025, 8188679, 0, 0
1589041, 7811533, 0, 0
1590023, 7667845, 0, 0
1591014, 7620054, 0, 0
1592051, 7299346, 0, 0
1593024, 7093340, 0, 0
1594048, 7260420, 0, 0
1595056, 8532072, 0, 0
1596051, 7479096, 0, 0
1597051, 7521023, 0, 0
1598050, 7619270, 0, 0
1599026, 7448218, 0, 0
1600048, 7352016, 0, 0
1601026, 7237076, 0, 0
1602048, 7244715, 0, 0
1603063, 7147158, 0, 0
1604009, 7387320, 0, 0
1605045, 7397101, 0, 0
1606004, 7375351, 0, 0
1607037, 7318166, 0, 0
1608012, 7327644, 0, 0
1609047, 7189612, 0, 0
1610028, 7423678, 0, 0
1611032, 7384890, 0, 0
1612000, 7323810, 0, 0
1613048, 7488408, 0, 0
1614042, 7639445, 0, 0
1615014, 7196145, 0, 0
1616053, 7423190, 0, 0
1617022, 7280050, 0, 0
1618051, 7192425, 0, 0
1619051, 7513490, 0, 0
1620000, 7711346, 0, 0
1621005, 7128028, 0, 0
1622048, 7551358, 0, 0
1623013, 7254917, 0, 0
1624046, 7224450, 0, 0
1625008, 7876064, 0, 0
1626049, 7382157, 0, 0
1627056, 7139478, 0, 0
1628055, 7563359, 0, 0
1629016, 7222735, 0, 0
1630037, 7732901, 0, 0
1631049, 7329485, 0, 0
1632017, 7166154, 0, 0
1633040, 7257453, 0, 0
1634025, 7747902, 0, 0
1635000, 7219997, 0, 0
1636042, 7774136, 0, 0
1637018, 7335315, 0, 0
1638000, 7436387, 0, 0
1639027, 7031762, 0, 0
1640010, 7382939, 0, 0
1641019, 7153077, 0, 0
1642007, 8034296, 0, 0
1643038, 6780516, 0, 0
1644037, 7395064, 0, 0
1645013, 7339198, 0, 0
1646052, 7923713, 0, 0
1647047, 7158339, 0, 0
1648012, 6741078, 0, 0
1649028, 7101384, 0, 0
1650009, 7159288, 0, 0
1651005, 7541205, 0, 0
1652028, 7634519, 0, 0
1653010, 7489384, 0, 0
1654035, 7319511, 0, 0
1655010, 7381890, 0, 0
1656001, 6880012, 0, 0
1657015, 8047747, 0, 0
1658043, 7781728, 0, 0
1659006, 7180941, 0, 0
1660023, 7163465, 0, 0
1661053, 7147867, 0, 0
1662052, 7233893, 0, 0
1663058, 7234760, 0, 0
1664024, 7154494, 0, 0
1665028, 7164899, 0, 0
1666038, 7593739, 0, 0
1667006, 7274361, 0, 0
1668049, 7345442, 0, 0
1669032, 7386772, 0, 0
1670036, 7542081, 0, 0
1671028, 6988536, 0, 0
1672000, 7416104, 0, 0
1673001, 7575850, 0, 0
1674050, 7085230, 0, 0
1675013, 7237219, 0, 0
1676022, 7586381, 0, 0
1677039, 7311120, 0, 0
1678014, 7278177, 0, 0
1679027, 6749442, 0, 0
1680046, 7274562, 0, 0
1681034, 6906842, 0, 0
1682036, 7703688, 0, 0
1683039, 7213205, 0, 0
1684020, 6999820, 0, 0
1685017, 7611199, 0, 0
1686038, 7240408, 0, 0
1687012, 7151675, 0, 0
1688046, 7279517, 0, 0
1689043, 7333516, 0, 0
1690036, 7352727, 0, 0
1691053, 7638290, 0, 0
1692024, 7302671, 0, 0
1693007, 7496941, 0, 0
1694044, 7252141, 0, 0
1695034, 7436671, 0, 0
1696032, 7498857, 0, 0
1697009, 7454054, 0, 0
1698035, 7770668, 0, 0
1699014, 7304312, 0, 0
1700002, 7372188, 0, 0
1701034, 7214871, 0, 0
1702016, 7437990, 0, 0
1703000, 7333743, 0, 0
1704056, 7281977, 0, 0
1705001, 7683518, 0, 0
1706030, 7342870, 0, 0
1707073, 7240944, 0, 0
1708026, 8285467, 0, 0
1709050, 7207524, 0, 0
1710036, 7638561, 0, 0
1711054, 7320842, 0, 0
1712039, 7347763, 0, 0
1713024, 7295148, 0, 0
1714009, 7349925, 0, 0
1715033, 7468842, 0, 0
1716049, 7054343, 0, 0
1717040, 7389691, 0, 0
1718051, 7067215, 0, 0
1719020, 7177163, 0, 0
1720041, 6669925, 0, 0
1721052, 7535533, 0, 0
1722053, 7468025, 0, 0
1723043, 7495983, 0, 0
1724027, 6980251, 0, 0
1725050, 7096948, 0, 0
1726046, 7434616, 0, 0
1727057, 6919298, 0, 0
1728003, 7166956, 0, 0
1729055, 6822868, 0, 0
1730054, 7403959, 0, 0
1731020, 7252957, 0, 0
1732014, 6670701, 0, 0
1733037, 7205068, 0, 0
1734006, 7387294, 0, 0
1735034, 7086461, 0, 0
1736019, 7240697, 0, 0
1737015, 7272714, 0, 0
1738057, 7128762, 0, 0
1739057, 7458319, 0, 0
1740015, 7098866, 0, 0
1741014, 7564071, 0, 0
1742036, 7623835, 0, 0
1743000, 7133619, 0, 0
1744016, 7100983, 0, 0
1745040, 7259698, 0, 0
1746048, 7101068, 0, 0
1747048, 7086152, 0, 0
1748035, 7258246, 0, 0
1749011, 7390591, 0, 0
1750033, 7142312, 0, 0
1751023, 7380758, 0, 0
1752051, 7394141, 0, 0
1753031, 7314704, 0, 0
1754018, 7358789, 0, 0
1755039, 7187449, 0, 0
1756056, 7210348, 0, 0
1757033, 7752273, 0, 0
1758008, 7735064, 0, 0
1759026, 7650754, 0, 0
1760037, 7063434, 0, 0
1761016, 7705180, 0, 0
1762015, 7510920, 0, 0
1763020, 7074383, 0, 0
1764046, 7223902, 0, 0
1765053, 7569325, 0, 0
1766035, 7377960, 0, 0
1767014, 7146786, 0, 0
1768014, 7511377, 0, 0
1769037, 7691663, 0, 0
1770046, 7257148, 0, 0
1771032, 7300682, 0, 0
1772149, 9619659, 0, 0
1773058, 9179871, 0, 0
1774020, 7125562, 0, 0
1775055, 7333809, 0, 0
1776004, 6728181, 0, 0
1777041, 7253795, 0, 0
1778011, 6972205, 0, 0
1779021, 6962317, 0, 0
1780035, 7451608, 0, 0
1781028, 7466023, 0, 0
1782002, 7375377, 0, 0
1783015, 6837071, 0, 0
1784045, 7408962, 0, 0
1785012, 7109195, 0, 0
1786011, 7289049, 0, 0
1787017, 7082301, 0, 0
1788021, 6870436, 0, 0
1789049, 7040210, 0, 0
1790035, 7246196, 0, 0
1791046, 6872828, 0, 0
1792014, 7068220, 0, 0
1793059, 7249039, 0, 0
1794046, 6803970, 0, 0
1795046, 7573481, 0, 0
1796004, 7095380, 0, 0
1797049, 8220637, 0, 0
1798020, 7299350, 0, 0
1799037, 7419629, 0, 0
1800004, 7214562, 0, 0
