1000, 296, 0, 0
1999, 544, 0, 0
2999, 544, 0, 0
4000, 548, 0, 0
5000, 544, 0, 0
5999, 540, 0, 0
7000, 516, 0, 0
8000, 516, 0, 0
8999, 512, 0, 0
10000, 548, 0, 0
11000, 552, 0, 0
11999, 516, 0, 0
12999, 544, 0, 0
14000, 548, 0, 0
14999, 520, 0, 0
15999, 552, 0, 0
17000, 520, 0, 0
18000, 524, 0, 0
18999, 524, 0, 0
20000, 612, 0, 0
20999, 540, 0, 0
22000, 524, 0, 0
23000, 556, 0, 0
23999, 520, 0, 0
25000, 528, 0, 0
26000, 584, 0, 0
26999, 528, 0, 0
28000, 540, 0, 0
28999, 548, 0, 0
29999, 516, 0, 0
31000, 556, 0, 0
31999, 528, 0, 0
32999, 508, 0, 0
34000, 552, 0, 0
34999, 552, 0, 0
35999, 516, 0, 0
37000, 524, 0, 0
37999, 564, 0, 0
39000, 576, 0, 0
40000, 544, 0, 0
40999, 568, 0, 0
42000, 564, 0, 0
42999, 552, 0, 0
43999, 520, 0, 0
45000, 548, 0, 0
45999, 520, 0, 0
47000, 556, 0, 0
48000, 544, 0, 0
48999, 580, 0, 0
50000, 496, 0, 0
50999, 560, 0, 0
51999, 568, 0, 0
53000, 596, 0, 0
53999, 520, 0, 0
55000, 580, 0, 0
56000, 584, 0, 0
56999, 544, 0, 0
58000, 556, 0, 0
59000, 536, 0, 0
59999, 540, 0, 0
61000, 576, 0, 0
62000, 516, 0, 0
62999, 568, 0, 0
64000, 552, 0, 0
64999, 564, 0, 0
65999, 540, 0, 0
67000, 568, 0, 0
67999, 576, 0, 0
69000, 580, 0, 0
70000, 588, 0, 0
70999, 576, 0, 0
71999, 540, 0, 0
73000, 596, 0, 0
73999, 572, 0, 0
75000, 544, 0, 0
76000, 564, 0, 0
76999, 580, 0, 0
78000, 624, 0, 0
79000, 572, 0, 0
79999, 592, 0, 0
81000, 552, 0, 0
82000, 548, 0, 0
82999, 568, 0, 0
84000, 576, 0, 0
85000, 504, 0, 0
85999, 548, 0, 0
86999, 592, 0, 0
88000, 572, 0, 0
89000, 556, 0, 0
89999, 528, 0, 0
91000, 540, 0, 0
92000, 584, 0, 0
92999, 580, 0, 0
93999, 508, 0, 0
95000, 592, 0, 0
95999, 584, 0, 0
96999, 584, 0, 0
98000, 592, 0, 0
98999, 548, 0, 0
99999, 592, 0, 0
101000, 552, 0, 0
102000, 556, 0, 0
102999, 564, 0, 0
104000, 568, 0, 0
105000, 576, 0, 0
105999, 576, 0, 0
106999, 588, 0, 0
108000, 588, 0, 0
109000, 552, 0, 0
109999, 600, 0, 0
111000, 592, 0, 0
111999, 528, 0, 0
112999, 596, 0, 0
114000, 592, 0, 0
114999, 552, 0, 0
115999, 624, 0, 0
117000, 608, 0, 0
118000, 556, 0, 0
118999, 576, 0, 0
120000, 616, 0, 0
121000, 624, 0, 0
121999, 560, 0, 0
123000, 560, 0, 0
124000, 564, 0, 0
124999, 592, 0, 0
126000, 576, 0, 0
127000, 584, 0, 0
127999, 580, 0, 0
129000, 600, 0, 0
130000, 596, 0, 0
130999, 604, 0, 0
131999, 624, 0, 0
133000, 628, 0, 0
133999, 564, 0, 0
135000, 636, 0, 0
136000, 588, 0, 0
136999, 592, 0, 0
138000, 648, 0, 0
138999, 584, 0, 0
139999, 620, 0, 0
141000, 608, 0, 0
141999, 624, 0, 0
143000, 580, 0, 0
144000, 676, 0, 0
144999, 560, 0, 0
146000, 616, 0, 0
147000, 604, 0, 0
147999, 536, 0, 0
149000, 592, 0, 0
150000, 612, 0, 0
150999, 684, 0, 0
152000, 628, 0, 0
153000, 640, 0, 0
153999, 640, 0, 0
155000, 600, 0, 0
156000, 640, 0, 0
156999, 604, 0, 0
158000, 644, 0, 0
159000, 640, 0, 0
159999, 568, 0, 0
161000, 648, 0, 0
162000, 596, 0, 0
162999, 624, 0, 0
164000, 612, 0, 0
164999, 668, 0, 0
165999, 592, 0, 0
167000, 620, 0, 0
168000, 620, 0, 0
168999, 636, 0, 0
170000, 564, 0, 0
171000, 648, 0, 0
171999, 648, 0, 0
173000, 628, 0, 0
174000, 652, 0, 0
174999, 668, 0, 0
175999, 628, 0, 0
177000, 672, 0, 0
177999, 576, 0, 0
178999, 636, 0, 0
180000, 588, 0, 0
181000, 684, 0, 0
181999, 616, 0, 0
183000, 656, 0, 0
184000, 660, 0, 0
184999, 632, 0, 0
186000, 632, 0, 0
187000, 584, 0, 0
187999, 640, 0, 0
189000, 632, 0, 0
190000, 620, 0, 0
190999, 660, 0, 0
192000, 644, 0, 0
192999, 628, 0, 0
193999, 620, 0, 0
195000, 648, 0, 0
195999, 592, 0, 0
196999, 636, 0, 0
198000, 636, 0, 0
198999, 620, 0, 0
199999, 668, 0, 0
201000, 584, 0, 0
201999, 620, 0, 0
202999, 664, 0, 0
204000, 604, 0, 0
204999, 596, 0, 0
205999, 608, 0, 0
207000, 640, 0, 0
207999, 544, 0, 0
209000, 624, 0, 0
210000, 660, 0, 0
210999, 676, 0, 0
212000, 596, 0, 0
212999, 644, 0, 0
213999, 588, 0, 0
215000, 648, 0, 0
215999, 620, 0, 0
217000, 648, 0, 0
218000, 596, 0, 0
218999, 604, 0, 0
220000, 608, 0, 0
221000, 696, 0, 0
221999, 708, 0, 0
223000, 624, 0, 0
223999, 644, 0, 0
224999, 568, 0, 0
226000, 668, 0, 0
226999, 684, 0, 0
228000, 652, 0, 0
229000, 688, 0, 0
229999, 688, 0, 0
231000, 632, 0, 0
232000, 636, 0, 0
232999, 628, 0, 0
234000, 700, 0, 0
235000, 680, 0, 0
235999, 668, 0, 0
237000, 680, 0, 0
237999, 696, 0, 0
238999, 708, 0, 0
240000, 640, 0, 0
240999, 616, 0, 0
241999, 672, 0, 0
243000, 640, 0, 0
243999, 660, 0, 0
244999, 656, 0, 0
246000, 648, 0, 0
247000, 724, 0, 0
247999, 700, 0, 0
249000, 696, 0, 0
250000, 716, 0, 0
250999, 652, 0, 0
252000, 660, 0, 0
252999, 784, 0, 0
253999, 640, 0, 0
255000, 700, 0, 0
255999, 668, 0, 0
256999, 704, 0, 0
258000, 700, 0, 0
258999, 672, 0, 0
260000, 648, 0, 0
261000, 712, 0, 0
261999, 692, 0, 0
263000, 612, 0, 0
263999, 684, 0, 0
264999, 720, 0, 0
266000, 672, 0, 0
266999, 756, 0, 0
267999, 620, 0, 0
269000, 724, 0, 0
269999, 652, 0, 0
270999, 656, 0, 0
272000, 648, 0, 0
272999, 788, 0, 0
273999, 640, 0, 0
275000, 720, 0, 0
275999, 692, 0, 0
277000, 700, 0, 0
278000, 668, 0, 0
278999, 672, 0, 0
280000, 676, 0, 0
281000, 644, 0, 0
281999, 712, 0, 0
283000, 696, 0, 0
284000, 788, 0, 0
284999, 672, 0, 0
285999, 680, 0, 0
287000, 820, 0, 0
287999, 716, 0, 0
288999, 760, 0, 0
290000, 692, 0, 0
290999, 708, 0, 0
291999, 700, 0, 0
293000, 716, 0, 0
293999, 756, 0, 0
295000, 732, 0, 0
295999, 700, 0, 0
296999, 676, 0, 0
298000, 660, 0, 0
298999, 696, 0, 0
299999, 660, 0, 0
301000, 648, 0, 0
302000, 724, 0, 0
302999, 672, 0, 0
304000, 816, 0, 0
304999, 708, 0, 0
305999, 804, 0, 0
307000, 656, 0, 0
307999, 764, 0, 0
309000, 700, 0, 0
310000, 684, 0, 0
310999, 748, 0, 0
312000, 676, 0, 0
312999, 756, 0, 0
313999, 744, 0, 0
315000, 820, 0, 0
315999, 792, 0, 0
317000, 724, 0, 0
318000, 784, 0, 0
318999, 684, 0, 0
320000, 716, 0, 0
320999, 804, 0, 0
321999, 692, 0, 0
323000, 736, 0, 0
323998, 713, 0, 0
325000, 800, 0, 0
326000, 772, 0, 0
326999, 756, 0, 0
328000, 760, 0, 0
329000, 776, 0, 0
329999, 684, 0, 0
331000, 724, 0, 0
331999, 676, 0, 0
332999, 748, 0, 0
334000, 716, 0, 0
334999, 748, 0, 0
336000, 812, 0, 0
337000, 764, 0, 0
337999, 744, 0, 0
339000, 784, 0, 0
340000, 720, 0, 0
340999, 704, 0, 0
342000, 724, 0, 0
342999, 808, 0, 0
343999, 800, 0, 0
345000, 776, 0, 0
345999, 836, 0, 0
346999, 764, 0, 0
348000, 812, 0, 0
348999, 764, 0, 0
349999, 744, 0, 0
351000, 696, 0, 0
351999, 720, 0, 0
353000, 808, 0, 0
354000, 808, 0, 0
354999, 756, 0, 0
356000, 784, 0, 0
357000, 752, 0, 0
357999, 740, 0, 0
358999, 768, 0, 0
360000, 808, 0, 0
360999, 664, 0, 0
361999, 684, 0, 0
363000, 872, 0, 0
363999, 732, 0, 0
364999, 812, 0, 0
366000, 740, 0, 0
366999, 748, 0, 0
368000, 724, 0, 0
369000, 760, 0, 0
369999, 652, 0, 0
371000, 772, 0, 0
372000, 848, 0, 0
372999, 828, 0, 0
373999, 716, 0, 0
375000, 712, 0, 0
375999, 756, 0, 0
376999, 828, 0, 0
378000, 764, 0, 0
379000, 780, 0, 0
379999, 664, 0, 0
381000, 800, 0, 0
382000, 804, 0, 0
382999, 852, 0, 0
384000, 752, 0, 0
384999, 736, 0, 0
385999, 864, 0, 0
387000, 764, 0, 0
387999, 824, 0, 0
389000, 748, 0, 0
390000, 776, 0, 0
390999, 848, 0, 0
392000, 880, 0, 0
393000, 804, 0, 0
393999, 792, 0, 0
395000, 712, 0, 0
395999, 760, 0, 0
396999, 820, 0, 0
398000, 856, 0, 0
398999, 756, 0, 0
400000, 936, 0, 0
401000, 784, 0, 0
401999, 852, 0, 0
403000, 780, 0, 0
403999, 756, 0, 0
404999, 844, 0, 0
406000, 816, 0, 0
406999, 756, 0, 0
407999, 880, 0, 0
409000, 868, 0, 0
409999, 800, 0, 0
411000, 916, 0, 0
412000, 852, 0, 0
412999, 780, 0, 0
414000, 848, 0, 0
414999, 844, 0, 0
416000, 700, 0, 0
417000, 800, 0, 0
417999, 784, 0, 0
419000, 980, 0, 0
419999, 920, 0, 0
420999, 716, 0, 0
422000, 864, 0, 0
422999, 868, 0, 0
424000, 788, 0, 0
425000, 900, 0, 0
425999, 792, 0, 0
427000, 856, 0, 0
428000, 864, 0, 0
428999, 768, 0, 0
430000, 888, 0, 0
430999, 824, 0, 0
431999, 808, 0, 0
433000, 868, 0, 0
433999, 828, 0, 0
435000, 832, 0, 0
436000, 976, 0, 0
436999, 808, 0, 0
438000, 844, 0, 0
439000, 784, 0, 0
439999, 904, 0, 0
441000, 892, 0, 0
442000, 804, 0, 0
442999, 828, 0, 0
444000, 796, 0, 0
444999, 916, 0, 0
446000, 840, 0, 0
447000, 864, 0, 0
447999, 852, 0, 0
449000, 828, 0, 0
450000, 848, 0, 0
450999, 800, 0, 0
452000, 916, 0, 0
453000, 820, 0, 0
453999, 896, 0, 0
455000, 868, 0, 0
456000, 1020, 0, 0
456999, 840, 0, 0
457999, 928, 0, 0
459000, 964, 0, 0
460000, 756, 0, 0
460999, 864, 0, 0
462000, 860, 0, 0
462999, 868, 0, 0
464000, 900, 0, 0
465000, 836, 0, 0
465999, 864, 0, 0
467000, 840, 0, 0
467999, 916, 0, 0
468999, 944, 0, 0
470000, 1000, 0, 0
470999, 956, 0, 0
471999, 908, 0, 0
473000, 924, 0, 0
473999, 868, 0, 0
474999, 908, 0, 0
476000, 964, 0, 0
476999, 944, 0, 0
478000, 808, 0, 0
479000, 972, 0, 0
479999, 1013, 0, 0
481000, 932, 0, 0
481999, 860, 0, 0
482999, 920, 0, 0
484000, 912, 0, 0
484999, 912, 0, 0
485999, 944, 0, 0
487000, 884, 0, 0
487999, 944, 0, 0
489000, 832, 0, 0
490000, 836, 0, 0
490999, 892, 0, 0
492000, 940, 0, 0
493000, 880, 0, 0
493999, 908, 0, 0
495000, 1008, 0, 0
495999, 1037, 0, 0
496999, 884, 0, 0
498000, 924, 0, 0
498999, 1013, 0, 0
500000, 876, 0, 0
501000, 892, 0, 0
501999, 784, 0, 0
503000, 896, 0, 0
503999, 908, 0, 0
504999, 896, 0, 0
506000, 1064, 0, 0
506999, 964, 0, 0
508000, 888, 0, 0
509000, 980, 0, 0
509999, 1005, 0, 0
511000, 940, 0, 0
511999, 992, 0, 0
512999, 908, 0, 0
514000, 896, 0, 0
514999, 1069, 0, 0
516000, 952, 0, 0
517000, 1068, 0, 0
517999, 1073, 0, 0
519000, 972, 0, 0
519999, 1041, 0, 0
521000, 952, 0, 0
522000, 964, 0, 0
522999, 1017, 0, 0
524000, 988, 0, 0
525000, 936, 0, 0
525999, 1029, 0, 0
527000, 1056, 0, 0
527999, 896, 0, 0
529000, 1016, 0, 0
530000, 840, 0, 0
530999, 784, 0, 0
532000, 924, 0, 0
533000, 1016, 0, 0
533999, 984, 0, 0
535000, 964, 0, 0
535999, 976, 0, 0
536999, 984, 0, 0
538000, 1096, 0, 0
538999, 1077, 0, 0
540000, 1044, 0, 0
541000, 976, 0, 0
541999, 912, 0, 0
542999, 940, 0, 0
544000, 996, 0, 0
545000, 1012, 0, 0
545999, 1109, 0, 0
547000, 1020, 0, 0
548000, 992, 0, 0
548999, 1137, 0, 0
550000, 920, 0, 0
550999, 1021, 0, 0
551999, 1145, 0, 0
553000, 976, 0, 0
553999, 920, 0, 0
554999, 1025, 0, 0
556000, 1108, 0, 0
556999, 1045, 0, 0
558000, 996, 0, 0
559000, 1016, 0, 0
559999, 1037, 0, 0
561000, 1032, 0, 0
561999, 1153, 0, 0
562999, 1061, 0, 0
564000, 1056, 0, 0
564999, 972, 0, 0
566000, 1104, 0, 0
567000, 1020, 0, 0
567999, 1097, 0, 0
569000, 1028, 0, 0
570000, 952, 0, 0
570999, 916, 0, 0
572000, 1112, 0, 0
573000, 1128, 0, 0
573999, 1073, 0, 0
575000, 1076, 0, 0
576000, 1008, 0, 0
576999, 1125, 0, 0
578000, 1072, 0, 0
578999, 1297, 0, 0
580000, 1100, 0, 0
581000, 1112, 0, 0
581999, 956, 0, 0
583000, 1148, 0, 0
583999, 1061, 0, 0
585000, 1076, 0, 0
586000, 1040, 0, 0
586999, 1017, 0, 0
588000, 1156, 0, 0
589000, 972, 0, 0
589999, 1093, 0, 0
591000, 1020, 0, 0
591999, 972, 0, 0
592999, 1193, 0, 0
594000, 1220, 0, 0
595000, 1236, 0, 0
595999, 960, 0, 0
597000, 1104, 0, 0
598000, 1104, 0, 0
598999, 1213, 0, 0
600000, 1120, 0, 0
600999, 1133, 0, 0
601999, 1173, 0, 0
603000, 1280, 0, 0
603999, 1113, 0, 0
604999, 1165, 0, 0
606000, 968, 0, 0
606999, 1241, 0, 0
608000, 988, 0, 0
608999, 1209, 0, 0
609999, 1125, 0, 0
611000, 1120, 0, 0
611999, 1177, 0, 0
612999, 1109, 0, 0
614000, 1180, 0, 0
614999, 1105, 0, 0
616000, 1032, 0, 0
617000, 1256, 0, 0
617999, 1225, 0, 0
619000, 1092, 0, 0
620000, 1160, 0, 0
620999, 1081, 0, 0
622000, 1340, 0, 0
623000, 1316, 0, 0
623999, 1097, 0, 0
625000, 1308, 0, 0
625999, 1077, 0, 0
626999, 1269, 0, 0
628000, 1096, 0, 0
628999, 1141, 0, 0
629999, 1213, 0, 0
631000, 1088, 0, 0
631999, 1133, 0, 0
633000, 1024, 0, 0
634000, 1128, 0, 0
634999, 1177, 0, 0
636000, 1240, 0, 0
636999, 1233, 0, 0
637999, 1069, 0, 0
639000, 1224, 0, 0
639999, 1249, 0, 0
640999, 1189, 0, 0
642000, 1240, 0, 0
642999, 1385, 0, 0
644000, 1104, 0, 0
645000, 1136, 0, 0
645999, 1221, 0, 0
647000, 1204, 0, 0
648000, 1324, 0, 0
648999, 1293, 0, 0
650000, 1244, 0, 0
650999, 1273, 0, 0
651999, 1281, 0, 0
653000, 1228, 0, 0
653999, 1149, 0, 0
654999, 1185, 0, 0
656000, 1168, 0, 0
656999, 1089, 0, 0
658000, 1124, 0, 0
659000, 1172, 0, 0
659999, 1229, 0, 0
661000, 1328, 0, 0
661999, 1141, 0, 0
662999, 1273, 0, 0
664000, 1220, 0, 0
664999, 1197, 0, 0
665999, 1029, 0, 0
667000, 1184, 0, 0
667999, 1197, 0, 0
668999, 1369, 0, 0
670000, 960, 0, 0
670999, 1193, 0, 0
671999, 1121, 0, 0
673000, 1172, 0, 0
673999, 1405, 0, 0
674999, 1241, 0, 0
676000, 1184, 0, 0
676999, 1121, 0, 0
678000, 1261, 0, 0
679000, 1332, 0, 0
679999, 1461, 0, 0
681000, 1296, 0, 0
682000, 1244, 0, 0
682999, 1329, 0, 0
684000, 1440, 0, 0
684999, 1097, 0, 0
685999, 1333, 0, 0
687000, 1148, 0, 0
687999, 1229, 0, 0
689000, 1148, 0, 0
690000, 1220, 0, 0
690999, 1237, 0, 0
692000, 1152, 0, 0
692999, 1161, 0, 0
693999, 1309, 0, 0
695000, 1184, 0, 0
695999, 1225, 0, 0
697000, 1108, 0, 0
698000, 1284, 0, 0
698999, 1201, 0, 0
700000, 1240, 0, 0
700999, 1457, 0, 0
702000, 1316, 0, 0
702999, 1257, 0, 0
703999, 1189, 0, 0
705000, 1160, 0, 0
705999, 1397, 0, 0
707000, 1120, 0, 0
708000, 1168, 0, 0
708999, 1277, 0, 0
710000, 1144, 0, 0
711000, 1292, 0, 0
711999, 1177, 0, 0
712999, 1245, 0, 0
714000, 1188, 0, 0
714999, 1213, 0, 0
716000, 1328, 0, 0
717000, 1080, 0, 0
717999, 1297, 0, 0
719000, 1188, 0, 0
719999, 1273, 0, 0
720999, 1193, 0, 0
722000, 1200, 0, 0
722999, 1269, 0, 0
724000, 1064, 0, 0
724999, 1129, 0, 0
725999, 1309, 0, 0
727000, 1180, 0, 0
727999, 1313, 0, 0
729000, 1268, 0, 0
730000, 1136, 0, 0
730999, 1137, 0, 0
732000, 1376, 0, 0
732999, 1261, 0, 0
733999, 1141, 0, 0
735000, 1288, 0, 0
735999, 1257, 0, 0
736999, 1441, 0, 0
738000, 1384, 0, 0
738999, 1125, 0, 0
740000, 1176, 0, 0
741000, 1288, 0, 0
741999, 1177, 0, 0
743000, 1048, 0, 0
743999, 1173, 0, 0
745000, 1304, 0, 0
746000, 1188, 0, 0
747001, 1258, 0, 0
748000, 1120, 0, 0
749000, 1280, 0, 0
750000, 1324, 0, 0
751000, 1340, 0, 0
752000, 1032, 0, 0
753000, 1180, 0, 0
754000, 1144, 0, 0
755001, 1244, 0, 0
756000, 1376, 0, 0
757000, 1332, 0, 0
758000, 1232, 0, 0
759000, 1512, 0, 0
760000, 1268, 0, 0
761000, 1272, 0, 0
762000, 1180, 0, 0
763000, 1308, 0, 0
764000, 1224, 0, 0
765000, 1236, 0, 0
766001, 1302, 0, 0
767000, 1160, 0, 0
768000, 1232, 0, 0
769000, 1312, 0, 0
770000, 1344, 0, 0
771000, 1080, 0, 0
772000, 1444, 0, 0
773000, 1232, 0, 0
774000, 1100, 0, 0
775000, 1184, 0, 0
776000, 1252, 0, 0
777000, 1472, 0, 0
778000, 1224, 0, 0
779000, 1240, 0, 0
780000, 1364, 0, 0
781000, 1308, 0, 0
782001, 1262, 0, 0
783000, 1224, 0, 0
784000, 1224, 0, 0
785000, 1164, 0, 0
786000, 1348, 0, 0
787000, 1284, 0, 0
788000, 1168, 0, 0
789000, 1296, 0, 0
790000, 1188, 0, 0
791000, 1320, 0, 0
792000, 1364, 0, 0
793000, 1208, 0, 0
794000, 1132, 0, 0
795000, 1224, 0, 0
796000, 1304, 0, 0
797001, 1246, 0, 0
798000, 1096, 0, 0
799000, 1204, 0, 0
800000, 1304, 0, 0
801000, 1116, 0, 0
802000, 1188, 0, 0
803000, 1164, 0, 0
804001, 1306, 0, 0
805000, 1192, 0, 0
806000, 1132, 0, 0
807000, 1244, 0, 0
807999, 1369, 0, 0
809000, 1336, 0, 0
810000, 1204, 0, 0
810999, 1221, 0, 0
812000, 1284, 0, 0
812999, 1313, 0, 0
813999, 1249, 0, 0
814998, 1238, 0, 0
815999, 1325, 0, 0
816999, 1137, 0, 0
817998, 1174, 0, 0
818999, 1341, 0, 0
819998, 1230, 0, 0
820998, 1358, 0, 0
821998, 1350, 0, 0
822998, 1270, 0, 0
823998, 1158, 0, 0
824997, 1311, 0, 0
825997, 1352, 0, 0
826997, 1195, 0, 0
827997, 1227, 0, 0
828997, 1291, 0, 0
829997, 1243, 0, 0
830997, 1235, 0, 0
831996, 1204, 0, 0
832996, 1253, 0, 0
833996, 1220, 0, 0
834996, 1337, 0, 0
835996, 1228, 0, 0
836995, 1189, 0, 0
837996, 1240, 0, 0
838995, 1137, 0, 0
839995, 1286, 0, 0
840995, 1435, 0, 0
841995, 1254, 0, 0
842995, 1374, 0, 0
843994, 1126, 0, 0
844994, 1158, 0, 0
845995, 1238, 0, 0
846994, 1384, 0, 0
847994, 1259, 0, 0
848993, 1268, 0, 0
849994, 1150, 0, 0
850993, 1200, 0, 0
851993, 1305, 0, 0
852994, 1315, 0, 0
853993, 1345, 0, 0
854993, 1409, 0, 0
855992, 1185, 0, 0
856993, 1252, 0, 0
857992, 1189, 0, 0
858992, 1201, 0, 0
859992, 1302, 0, 0
860992, 1125, 0, 0
861992, 1399, 0, 0
862991, 1396, 0, 0
863991, 1194, 0, 0
864992, 1286, 0, 0
865991, 1348, 0, 0
866991, 1202, 0, 0
867991, 1303, 0, 0
868991, 1235, 0, 0
870000, 1440, 0, 0
870991, 1331, 0, 0
871999, 1217, 0, 0
873000, 1312, 0, 0
873999, 1345, 0, 0
874999, 1509, 0, 0
876000, 1132, 0, 0
876999, 1393, 0, 0
878000, 1328, 0, 0
879000, 1148, 0, 0
879999, 1205, 0, 0
881000, 1280, 0, 0
881999, 1189, 0, 0
882999, 1245, 0, 0
884000, 1184, 0, 0
884999, 1309, 0, 0
885999, 1297, 0, 0
887000, 1284, 0, 0
887999, 1157, 0, 0
889000, 1332, 0, 0
890000, 1312, 0, 0
890999, 1357, 0, 0
892000, 1244, 0, 0
892999, 1297, 0, 0
893999, 1313, 0, 0
895000, 1288, 0, 0
895999, 1317, 0, 0
897000, 1372, 0, 0
898000, 1364, 0, 0
898999, 1233, 0, 0
900000, 1220, 0, 0
900999, 1189, 0, 0
902000, 1433, 0, 0
903000, 1340, 0, 0
903999, 1109, 0, 0
905000, 1176, 0, 0
906000, 1496, 0, 0
906999, 1105, 0, 0
908000, 1188, 0, 0
908999, 1297, 0, 0
910000, 1400, 0, 0
911000, 1264, 0, 0
911999, 1325, 0, 0
913000, 1324, 0, 0
914000, 1272, 0, 0
914999, 1345, 0, 0
916000, 1380, 0, 0
916999, 1293, 0, 0
917999, 1193, 0, 0
919000, 1332, 0, 0
919999, 1289, 0, 0
921000, 1248, 0, 0
922000, 1188, 0, 0
922999, 1197, 0, 0
924000, 1432, 0, 0
925000, 1464, 0, 0
925999, 1381, 0, 0
927000, 1244, 0, 0
927999, 1301, 0, 0
929000, 1240, 0, 0
930000, 1368, 0, 0
930999, 1353, 0, 0
932000, 1292, 0, 0
932999, 1389, 0, 0
933999, 1257, 0, 0
935000, 1360, 0, 0
935999, 1529, 0, 0
937000, 1196, 0, 0
938000, 1248, 0, 0
938999, 1177, 0, 0
940000, 1128, 0, 0
940999, 1289, 0, 0
942000, 1277, 0, 0
943000, 1268, 0, 0
943999, 1121, 0, 0
945000, 1272, 0, 0
946000, 1216, 0, 0
946999, 1277, 0, 0
948000, 1188, 0, 0
948999, 1293, 0, 0
950000, 1344, 0, 0
951000, 1256, 0, 0
951999, 1349, 0, 0
952999, 1261, 0, 0
954000, 1208, 0, 0
955000, 1484, 0, 0
955999, 1349, 0, 0
956999, 1377, 0, 0
958000, 1416, 0, 0
958999, 1277, 0, 0
960000, 1408, 0, 0
961000, 1292, 0, 0
961999, 1505, 0, 0
963000, 1248, 0, 0
963999, 1065, 0, 0
964999, 1253, 0, 0
966000, 1412, 0, 0
966999, 1321, 0, 0
968000, 1364, 0, 0
969000, 1392, 0, 0
969999, 1385, 0, 0
971000, 1232, 0, 0
971999, 1349, 0, 0
973000, 1300, 0, 0
974000, 1332, 0, 0
974999, 1221, 0, 0
976000, 1480, 0, 0
976999, 1361, 0, 0
977999, 1241, 0, 0
979000, 1356, 0, 0
979999, 1421, 0, 0
980999, 1349, 0, 0
982000, 1268, 0, 0
982999, 1233, 0, 0
984000, 1144, 0, 0
985000, 1304, 0, 0
985999, 1317, 0, 0
987000, 1228, 0, 0
987999, 1257, 0, 0
988999, 1437, 0, 0
990000, 1156, 0, 0
990999, 1365, 0, 0
992000, 1416, 0, 0
993000, 1268, 0, 0
993999, 1553, 0, 0
995000, 1364, 0, 0
996000, 1168, 0, 0
996999, 1441, 0, 0
998000, 1312, 0, 0
998999, 1277, 0, 0
1000000, 1468, 0, 0
1001000, 1348, 0, 0
1001999, 1437, 0, 0
1003000, 1536, 0, 0
1004000, 1284, 0, 0
1004999, 1285, 0, 0
1006000, 1160, 0, 0
1007000, 1048, 0, 0
1007999, 1493, 0, 0
1008999, 1377, 0, 0
1010000, 1316, 0, 0
1010999, 1433, 0, 0
1012000, 1124, 0, 0
1013000, 1452, 0, 0
1013999, 1261, 0, 0
1015000, 1456, 0, 0
1015999, 1217, 0, 0
1016999, 1309, 0, 0
1018000, 1104, 0, 0
1018999, 1577, 0, 0
1020000, 1176, 0, 0
1020999, 1417, 0, 0
1021999, 1265, 0, 0
1023000, 1276, 0, 0
1023999, 1477, 0, 0
1025000, 1284, 0, 0
1026000, 1356, 0, 0
1026999, 1049, 0, 0
1028000, 1184, 0, 0
1028999, 1321, 0, 0
1029999, 1429, 0, 0
1031000, 1428, 0, 0
1031999, 1305, 0, 0
1033000, 1376, 0, 0
1034000, 1240, 0, 0
1034999, 1233, 0, 0
1036000, 1244, 0, 0
1036999, 1725, 0, 0
1037999, 1241, 0, 0
1039000, 1204, 0, 0
1039999, 1401, 0, 0
1040999, 1269, 0, 0
1042000, 1420, 0, 0
1042999, 1149, 0, 0
1044000, 1356, 0, 0
1045000, 1388, 0, 0
1045999, 1305, 0, 0
1047000, 1260, 0, 0
1047999, 1477, 0, 0
1048999, 1073, 0, 0
1050000, 1452, 0, 0
1050999, 1237, 0, 0
1052000, 1476, 0, 0
1053000, 1416, 0, 0
1053999, 1341, 0, 0
1055000, 1172, 0, 0
1056000, 1404, 0, 0
1056999, 1581, 0, 0
1058000, 1248, 0, 0
1059000, 1224, 0, 0
1059999, 1181, 0, 0
1061000, 1352, 0, 0
1061999, 1509, 0, 0
1062999, 1225, 0, 0
1064000, 1456, 0, 0
1064999, 1369, 0, 0
1065999, 1609, 0, 0
1067000, 1392, 0, 0
1067999, 1489, 0, 0
1069000, 1208, 0, 0
1070000, 1372, 0, 0
1070999, 1469, 0, 0
1072000, 1348, 0, 0
1073000, 1468, 0, 0
1073999, 1325, 0, 0
1075000, 1376, 0, 0
1076000, 1140, 0, 0
1076999, 1365, 0, 0
1078000, 1496, 0, 0
1079000, 1488, 0, 0
1079999, 1361, 0, 0
1081000, 1404, 0, 0
1081999, 1285, 0, 0
1083000, 1252, 0, 0
1084000, 1380, 0, 0
1084999, 1545, 0, 0
1086000, 1552, 0, 0
1087000, 1284, 0, 0
1087999, 1333, 0, 0
1089000, 1700, 0, 0
1089999, 1405, 0, 0
1090999, 1081, 0, 0
1092000, 1520, 0, 0
1093000, 1552, 0, 0
1093999, 1413, 0, 0
1095000, 1572, 0, 0
1095999, 1145, 0, 0
1096999, 1265, 0, 0
1098000, 1548, 0, 0
1098999, 1305, 0, 0
1100000, 1385, 0, 0
1101000, 1204, 0, 0
1101999, 1521, 0, 0
1103000, 1672, 0, 0
1104000, 1548, 0, 0
1104999, 1477, 0, 0
1106000, 1628, 0, 0
1107000, 1392, 0, 0
1107999, 1605, 0, 0
1109000, 1504, 0, 0
1109999, 1305, 0, 0
1110999, 1617, 0, 0
1112000, 1540, 0, 0
1112999, 1737, 0, 0
1113999, 1473, 0, 0
1115000, 1464, 0, 0
1115999, 1445, 0, 0
1116999, 1373, 0, 0
1118000, 1784, 0, 0
1118999, 1437, 0, 0
1119999, 1589, 0, 0
1121000, 1364, 0, 0
1121999, 1229, 0, 0
1122999, 1525, 0, 0
1124000, 1548, 0, 0
1124999, 1453, 0, 0
1126000, 1684, 0, 0
1127000, 1248, 0, 0
1127999, 1489, 0, 0
1129000, 1520, 0, 0
1130000, 1272, 0, 0
1130999, 1701, 0, 0
1132000, 1472, 0, 0
1133000, 1176, 0, 0
1133999, 1625, 0, 0
1135000, 1624, 0, 0
1136000, 1528, 0, 0
1136999, 1621, 0, 0
1138000, 1568, 0, 0
1139000, 1476, 0, 0
1139999, 1389, 0, 0
1141000, 1492, 0, 0
1142000, 1552, 0, 0
1142999, 1637, 0, 0
1144000, 1524, 0, 0
1145000, 1652, 0, 0
1145999, 1593, 0, 0
1147000, 1312, 0, 0
1147999, 1585, 0, 0
1148999, 1549, 0, 0
1150000, 1500, 0, 0
1150999, 1673, 0, 0
1151999, 1501, 0, 0
1153000, 1740, 0, 0
1153999, 1533, 0, 0
1154999, 1629, 0, 0
1156000, 1628, 0, 0
1157000, 1692, 0, 0
1157999, 1453, 0, 0
1159000, 1668, 0, 0
1160000, 1408, 0, 0
1160999, 1693, 0, 0
1162000, 1464, 0, 0
1163000, 1592, 0, 0
1163999, 1733, 0, 0
1165000, 1588, 0, 0
1166000, 1572, 0, 0
1166999, 1589, 0, 0
1167999, 1897, 0, 0
1169000, 1720, 0, 0
1169999, 1525, 0, 0
1170999, 1469, 0, 0
1172000, 1296, 0, 0
1172999, 1729, 0, 0
1173999, 1517, 0, 0
1175000, 1476, 0, 0
1176000, 1500, 0, 0
1176999, 1565, 0, 0
1178000, 1584, 0, 0
1178999, 1749, 0, 0
1179999, 1661, 0, 0
1181000, 1676, 0, 0
1181999, 1781, 0, 0
1183000, 1768, 0, 0
1184000, 1772, 0, 0
1184999, 1697, 0, 0
1186000, 1588, 0, 0
1187000, 1680, 0, 0
1187999, 1805, 0, 0
1188999, 1865, 0, 0
1190000, 1544, 0, 0
1190999, 1653, 0, 0
1191999, 1501, 0, 0
1193000, 1668, 0, 0
1193999, 1833, 0, 0
1194999, 1493, 0, 0
1196000, 1584, 0, 0
1196999, 1573, 0, 0
1197999, 1729, 0, 0
1199000, 1860, 0, 0
1199999, 1689, 0, 0
1200999, 1781, 0, 0
1202000, 2024, 0, 0
1202999, 1645, 0, 0
1204000, 2026, 0, 0
1205000, 1512, 0, 0
1205999, 1769, 0, 0
1207000, 1704, 0, 0
1208000, 1712, 0, 0
1208999, 1945, 0, 0
1210000, 1908, 0, 0
1211000, 1708, 0, 0
1211999, 1677, 0, 0
1213000, 1660, 0, 0
1213999, 1685, 0, 0
1214999, 1581, 0, 0
1216000, 1740, 0, 0
1216999, 1833, 0, 0
1218000, 1716, 0, 0
1219000, 1552, 0, 0
1219999, 1681, 0, 0
1221000, 1728, 0, 0
1222000, 1764, 0, 0
1222999, 1813, 0, 0
1224000, 1840, 0, 0
1224999, 1913, 0, 0
1225999, 1797, 0, 0
1227000, 2136, 0, 0
1227999, 1561, 0, 0
1229000, 1824, 0, 0
1229999, 1701, 0, 0
1230999, 2042, 0, 0
1232000, 1788, 0, 0
1232999, 1853, 0, 0
1233999, 2062, 0, 0
1235000, 1788, 0, 0
1235999, 1753, 0, 0
1237000, 1936, 0, 0
1238000, 1984, 0, 0
1238999, 1581, 0, 0
1240000, 1872, 0, 0
1241000, 1912, 0, 0
1241999, 1705, 0, 0
1243000, 1924, 0, 0
1243999, 2010, 0, 0
1244999, 2018, 0, 0
1246000, 1948, 0, 0
1247000, 2320, 0, 0
1247999, 1845, 0, 0
1249000, 1892, 0, 0
1250000, 1936, 0, 0
1250999, 1961, 0, 0
1252000, 2156, 0, 0
1252999, 1813, 0, 0
1253999, 2090, 0, 0
1255000, 2192, 0, 0
1255999, 1797, 0, 0
1257000, 2188, 0, 0
1258000, 1704, 0, 0
1258999, 1597, 0, 0
1260000, 1960, 0, 0
1261000, 2132, 0, 0
1261999, 2098, 0, 0
1263000, 1988, 0, 0
1263999, 2150, 0, 0
1264999, 1913, 0, 0
1266000, 2292, 0, 0
1266999, 1885, 0, 0
1268000, 1776, 0, 0
1269000, 2168, 0, 0
1269999, 1769, 0, 0
1271000, 2388, 0, 0
1271999, 2198, 0, 0
1272999, 2234, 0, 0
1274000, 2152, 0, 0
1274999, 2302, 0, 0
1275999, 2078, 0, 0
1277000, 2368, 0, 0
1277999, 2182, 0, 0
1279000, 2468, 0, 0
1280000, 2076, 0, 0
1280999, 2198, 0, 0
1282000, 2052, 0, 0
1283000, 2040, 0, 0
1283999, 1981, 0, 0
1285000, 2180, 0, 0
1285999, 2050, 0, 0
1286999, 1973, 0, 0
1288000, 1952, 0, 0
1288999, 2102, 0, 0
1290000, 2112, 0, 0
1291000, 2476, 0, 0
1291999, 2154, 0, 0
1293000, 2056, 0, 0
1294000, 2020, 0, 0
1294999, 2426, 0, 0
1296000, 1832, 0, 0
1296999, 2242, 0, 0
1298000, 2086, 0, 0
1299000, 2552, 0, 0
1299999, 2314, 0, 0
1300999, 2098, 0, 0
1302000, 2200, 0, 0
1302999, 2618, 0, 0
1304000, 2100, 0, 0
1305000, 2428, 0, 0
1305999, 2126, 0, 0
1307000, 2664, 0, 0
1308000, 2332, 0, 0
1308999, 2538, 0, 0
1310000, 2072, 0, 0
1310999, 2474, 0, 0
1311999, 2390, 0, 0
1313000, 2368, 0, 0
1313999, 2194, 0, 0
1314999, 2806, 0, 0
1316000, 2420, 0, 0
1317000, 2972, 0, 0
1317999, 2550, 0, 0
1319000, 2128, 0, 0
1319999, 2438, 0, 0
1320999, 1801, 0, 0
1322000, 2380, 0, 0
1322999, 2974, 0, 0
1323999, 2334, 0, 0
1325000, 2356, 0, 0
1325999, 2710, 0, 0
1326999, 2170, 0, 0
1328000, 3048, 0, 0
1328999, 2686, 0, 0
1329999, 2654, 0, 0
1331000, 2004, 0, 0
1331999, 2478, 0, 0
1333000, 2524, 0, 0
1333999, 2678, 0, 0
1334999, 2542, 0, 0
1336000, 2616, 0, 0
1337000, 2408, 0, 0
1337999, 2618, 0, 0
1339000, 2614, 0, 0
1340000, 2316, 0, 0
1340999, 2470, 0, 0
1342000, 2660, 0, 0
1343000, 2564, 0, 0
1343999, 2302, 0, 0
1345000, 3168, 0, 0
1345999, 2426, 0, 0
1346999, 3323, 0, 0
1348000, 2800, 0, 0
1348999, 3319, 0, 0
1349999, 3095, 0, 0
1351000, 2916, 0, 0
1351999, 2890, 0, 0
1353000, 3019, 0, 0
1354000, 3052, 0, 0
1354999, 2274, 0, 0
1356000, 2572, 0, 0
1356999, 2654, 0, 0
1357999, 2822, 0, 0
1359000, 3420, 0, 0
1359999, 2954, 0, 0
1360999, 2566, 0, 0
1362000, 2444, 0, 0
1362999, 2862, 0, 0
1363999, 2702, 0, 0
1365000, 2992, 0, 0
1365999, 2926, 0, 0
1367000, 3220, 0, 0
1368000, 3228, 0, 0
1368999, 2854, 0, 0
1370000, 2720, 0, 0
1370999, 3407, 0, 0
1371999, 3091, 0, 0
1373000, 3464, 0, 0
1373999, 2882, 0, 0
1374999, 3215, 0, 0
1376000, 3184, 0, 0
1376999, 2594, 0, 0
1378000, 2920, 0, 0
1379000, 3484, 0, 0
1379999, 3067, 0, 0
1381000, 3512, 0, 0
1382000, 2920, 0, 0
1382999, 3071, 0, 0
1384000, 2896, 0, 0
1385000, 3020, 0, 0
1385999, 3115, 0, 0
1387000, 2920, 0, 0
1388000, 3256, 0, 0
1388999, 3063, 0, 0
1390000, 3200, 0, 0
1390999, 3283, 0, 0
1391999, 2510, 0, 0
1393000, 3416, 0, 0
1394000, 3228, 0, 0
1394999, 3299, 0, 0
1396000, 3424, 0, 0
1396999, 3763, 0, 0
1397999, 2954, 0, 0
1399000, 3436, 0, 0
1399999, 3235, 0, 0
1400999, 3511, 0, 0
1402000, 3384, 0, 0
1403000, 3448, 0, 0
1403999, 3363, 0, 0
1405000, 2648, 0, 0
1405999, 3123, 0, 0
1406999, 3267, 0, 0
1408000, 3476, 0, 0
1408999, 3459, 0, 0
1409999, 2974, 0, 0
1411000, 3208, 0, 0
1411999, 3107, 0, 0
1413000, 3832, 0, 0
1414000, 2664, 0, 0
1414999, 3683, 0, 0
1416000, 3484, 0, 0
1416999, 3319, 0, 0
1417999, 3063, 0, 0
1419000, 3108, 0, 0
1419999, 2338, 0, 0
1421000, 2594, 0, 0
1422000, 2988, 0, 0
1422999, 3179, 0, 0
1424000, 3356, 0, 0
1424999, 3015, 0, 0
1426000, 3356, 0, 0
1427000, 2608, 0, 0
1427999, 3323, 0, 0
1429000, 2548, 0, 0
1430000, 3692, 0, 0
1430999, 3239, 0, 0
1431999, 2930, 0, 0
1433000, 2780, 0, 0
1433999, 3391, 0, 0
1434999, 3331, 0, 0
1436000, 3104, 0, 0
1436999, 3635, 0, 0
1437999, 3367, 0, 0
1439000, 3264, 0, 0
1439999, 2910, 0, 0
1440999, 2722, 0, 0
1442000, 2984, 0, 0
1442999, 2914, 0, 0
1443999, 3103, 0, 0
1445000, 2260, 0, 0
1445999, 2938, 0, 0
1446999, 3035, 0, 0
1448000, 3096, 0, 0
1449000, 2776, 0, 0
1449999, 2418, 0, 0
1451000, 2688, 0, 0
1451999, 3215, 0, 0
1452999, 2814, 0, 0
1454000, 2504, 0, 0
1455000, 2672, 0, 0
1455999, 2610, 0, 0
1457000, 2816, 0, 0
1457999, 2638, 0, 0
1458999, 2514, 0, 0
1460000, 3076, 0, 0
1461000, 2848, 0, 0
1461999, 3035, 0, 0
1463000, 2888, 0, 0
1463999, 2714, 0, 0
1464999, 2550, 0, 0
1466000, 3044, 0, 0
1466999, 2422, 0, 0
1468000, 2920, 0, 0
1469000, 2384, 0, 0
1469999, 2822, 0, 0
1471000, 2600, 0, 0
1472000, 2388, 0, 0
1472999, 2450, 0, 0
1474000, 2782, 0, 0
1475000, 2580, 0, 0
1475999, 2630, 0, 0
1476999, 2518, 0, 0
1478000, 2576, 0, 0
1479000, 2784, 0, 0
1479999, 2550, 0, 0
1481000, 2224, 0, 0
1482000, 2704, 0, 0
1482999, 2454, 0, 0
1484000, 2460, 0, 0
1485000, 2396, 0, 0
1485999, 2434, 0, 0
1487000, 2484, 0, 0
1488000, 2352, 0, 0
1488999, 2738, 0, 0
1490000, 2180, 0, 0
1491000, 2068, 0, 0
1491999, 2638, 0, 0
1493000, 2204, 0, 0
1493999, 2638, 0, 0
1494999, 2094, 0, 0
1496000, 1852, 0, 0
1496999, 2366, 0, 0
1497999, 2226, 0, 0
1499000, 2040, 0, 0
1499999, 2102, 0, 0
1500999, 2142, 0, 0
1502000, 2320, 0, 0
1503000, 2416, 0, 0
1503999, 2766, 0, 0
1505000, 2300, 0, 0
1506000, 2100, 0, 0
1506999, 2218, 0, 0
1508000, 2568, 0, 0
1509000, 2000, 0, 0
1509999, 2746, 0, 0
1510999, 1973, 0, 0
1512000, 2240, 0, 0
1512999, 2294, 0, 0
1513999, 2234, 0, 0
1515000, 2480, 0, 0
1515999, 2366, 0, 0
1516999, 2258, 0, 0
1518000, 2272, 0, 0
1518999, 2042, 0, 0
1519999, 2062, 0, 0
1521000, 2436, 0, 0
1522000, 1964, 0, 0
1522999, 2094, 0, 0
1524000, 2468, 0, 0
1524999, 1913, 0, 0
1525999, 1965, 0, 0
1527000, 2296, 0, 0
1527999, 2074, 0, 0
1529000, 2196, 0, 0
1530000, 2064, 0, 0
1530999, 1985, 0, 0
1532000, 1896, 0, 0
1533000, 2180, 0, 0
1533999, 1917, 0, 0
1535000, 2240, 0, 0
1536000, 1696, 0, 0
1536999, 2162, 0, 0
1538000, 2088, 0, 0
1539000, 1964, 0, 0
1539999, 2166, 0, 0
1541000, 1920, 0, 0
1542000, 1896, 0, 0
1542999, 1789, 0, 0
1544000, 1880, 0, 0
1544999, 1869, 0, 0
1545999, 1869, 0, 0
1547000, 1900, 0, 0
1548000, 2068, 0, 0
1548999, 2010, 0, 0
1550000, 1924, 0, 0
1550999, 2282, 0, 0
1551999, 2002, 0, 0
1553000, 1592, 0, 0
1554000, 1920, 0, 0
1554999, 1909, 0, 0
1556000, 1888, 0, 0
1557000, 1912, 0, 0
1557999, 1689, 0, 0
1559000, 1872, 0, 0
1560000, 1868, 0, 0
1560999, 1529, 0, 0
1562000, 1964, 0, 0
1562999, 1649, 0, 0
1563999, 1821, 0, 0
1565000, 2048, 0, 0
1566000, 1644, 0, 0
1566999, 1769, 0, 0
1568000, 1868, 0, 0
1568999, 2298, 0, 0
1569999, 1505, 0, 0
1571000, 1712, 0, 0
1572000, 1664, 0, 0
1572999, 1869, 0, 0
1574000, 1776, 0, 0
1575000, 1832, 0, 0
1575999, 1909, 0, 0
1577000, 1756, 0, 0
1577999, 1617, 0, 0
1578999, 1729, 0, 0
1580000, 1452, 0, 0
1581000, 1840, 0, 0
1581999, 1833, 0, 0
1582999, 1761, 0, 0
1584000, 1716, 0, 0
1585000, 1644, 0, 0
1585999, 1641, 0, 0
1586999, 1785, 0, 0
1588000, 1796, 0, 0
1589000, 1548, 0, 0
1589999, 1585, 0, 0
1591000, 1704, 0, 0
1592000, 1504, 0, 0
1593000, 1628, 0, 0
1593999, 1517, 0, 0
1594999, 1597, 0, 0
1596000, 1684, 0, 0
1597000, 1700, 0, 0
1598000, 1572, 0, 0
1598999, 1773, 0, 0
1599999, 1529, 0, 0
1600999, 1621, 0, 0
1602000, 1552, 0, 0
1603000, 1520, 0, 0
1604000, 1580, 0, 0
1605000, 1532, 0, 0
1605999, 1777, 0, 0
1606999, 1537, 0, 0
1608000, 1656, 0, 0
1609000, 1696, 0, 0
1610000, 1588, 0, 0
1610999, 1637, 0, 0
1611999, 1449, 0, 0
1612999, 1557, 0, 0
1614000, 1536, 0, 0
1615000, 1536, 0, 0
1616000, 1832, 0, 0
1616999, 1493, 0, 0
1617999, 1573, 0, 0
1618999, 1649, 0, 0
1620000, 1720, 0, 0
1621000, 1632, 0, 0
1622000, 1488, 0, 0
1622999, 1757, 0, 0
1623999, 1821, 0, 0
1624999, 1713, 0, 0
1626000, 1772, 0, 0
1627000, 1644, 0, 0
1628000, 1672, 0, 0
1628999, 1437, 0, 0
1629999, 1637, 0, 0
1630999, 1765, 0, 0
1632000, 1504, 0, 0
1633000, 1516, 0, 0
1634000, 1520, 0, 0
1634999, 1497, 0, 0
1635999, 1605, 0, 0
1636999, 1505, 0, 0
1638000, 1656, 0, 0
1639000, 1472, 0, 0
1640000, 1620, 0, 0
1640999, 1485, 0, 0
1641999, 1669, 0, 0
1642999, 1797, 0, 0
1644000, 1540, 0, 0
1645000, 1596, 0, 0
1646000, 1512, 0, 0
1646999, 1649, 0, 0
1647999, 1557, 0, 0
1648999, 1797, 0, 0
1650000, 1364, 0, 0
1651000, 1700, 0, 0
1652000, 1520, 0, 0
1652999, 1713, 0, 0
1653999, 1665, 0, 0
1654999, 1773, 0, 0
1656000, 1488, 0, 0
1657000, 1444, 0, 0
1658000, 1652, 0, 0
1658999, 1537, 0, 0
1659999, 1553, 0, 0
1661000, 1540, 0, 0
1662000, 1520, 0, 0
1663000, 1180, 0, 0
1664000, 1824, 0, 0
1664999, 1649, 0, 0
1665999, 1505, 0, 0
1667000, 1632, 0, 0
1668000, 1604, 0, 0
1669000, 1640, 0, 0
1670000, 1688, 0, 0
1670999, 1621, 0, 0
1671999, 1533, 0, 0
1673000, 1664, 0, 0
1674000, 1660, 0, 0
1675000, 1560, 0, 0
1676000, 1532, 0, 0
1676999, 1561, 0, 0
1677999, 1505, 0, 0
1679000, 1716, 0, 0
1680000, 1784, 0, 0
1681000, 1684, 0, 0
1682000, 1328, 0, 0
1682999, 1533, 0, 0
1683999, 1277, 0, 0
1685000, 1692, 0, 0
1686000, 1408, 0, 0
1687000, 1720, 0, 0
1688000, 1544, 0, 0
1688999, 1457, 0, 0
1689999, 1809, 0, 0
1691000, 1456, 0, 0
1692000, 1520, 0, 0
1693000, 1348, 0, 0
1694000, 1504, 0, 0
1694999, 1781, 0, 0
1695999, 1449, 0, 0
1697000, 1525, 0, 0
1698000, 1484, 0, 0
1699000, 1516, 0, 0
1700000, 1784, 0, 0
1700999, 1285, 0, 0
1701999, 1497, 0, 0
1702999, 1681, 0, 0
1704000, 1624, 0, 0
1705000, 1372, 0, 0
1706000, 1648, 0, 0
1706999, 1437, 0, 0
1707999, 1433, 0, 0
1709000, 1501, 0, 0
1710000, 1860, 0, 0
1711000, 1572, 0, 0
1712000, 1612, 0, 0
1712999, 1445, 0, 0
1713999, 1581, 0, 0
1715000, 1645, 0, 0
1716000, 1596, 0, 0
1717000, 1424, 0, 0
1718000, 1568, 0, 0
1718999, 1473, 0, 0
1719999, 1361, 0, 0
1721000, 1736, 0, 0
1722000, 1616, 0, 0
1723000, 1404, 0, 0
1724000, 1576, 0, 0
1724999, 1609, 0, 0
1725999, 1425, 0, 0
1727000, 1564, 0, 0
1728000, 1340, 0, 0
1729000, 1696, 0, 0
1730000, 1916, 0, 0
1730999, 1561, 0, 0
1731999, 1765, 0, 0
1733000, 1432, 0, 0
1734000, 1540, 0, 0
1735000, 1444, 0, 0
1736000, 1528, 0, 0
1736999, 1633, 0, 0
1737999, 1565, 0, 0
1739000, 1432, 0, 0
1740000, 1544, 0, 0
1741000, 1548, 0, 0
1742000, 1484, 0, 0
1742999, 1417, 0, 0
1743999, 1609, 0, 0
1745000, 1472, 0, 0
1746000, 1812, 0, 0
1747000, 1800, 0, 0
1748000, 1616, 0, 0
1748999, 1705, 0, 0
1749999, 1485, 0, 0
1751000, 1444, 0, 0
1752000, 1508, 0, 0
1753000, 1780, 0, 0
1754000, 1680, 0, 0
1754999, 1693, 0, 0
1755999, 1597, 0, 0
1757000, 1472, 0, 0
1758000, 1712, 0, 0
1759000, 1448, 0, 0
1760000, 1752, 0, 0
1760999, 1773, 0, 0
1761999, 1621, 0, 0
1763000, 1696, 0, 0
1764000, 1456, 0, 0
1765000, 1460, 0, 0
1766000, 1728, 0, 0
1766999, 1525, 0, 0
1767999, 1433, 0, 0
1769000, 1536, 0, 0
1770000, 1480, 0, 0
1771000, 1664, 0, 0
1772000, 1632, 0, 0
1772999, 1605, 0, 0
1773999, 1409, 0, 0
1775000, 1396, 0, 0
1776000, 1476, 0, 0
1777000, 1440, 0, 0
1778000, 1484, 0, 0
1778999, 1473, 0, 0
1779999, 1505, 0, 0
1781000, 1552, 0, 0
1782000, 1716, 0, 0
1783000, 1640, 0, 0
1784000, 1608, 0, 0
1784999, 1565, 0, 0
1785999, 1473, 0, 0
1787000, 1384, 0, 0
1788000, 1604, 0, 0
1789000, 1368, 0, 0
1790000, 1548, 0, 0
1790999, 1401, 0, 0
1791999, 1573, 0, 0
1793000, 1648, 0, 0
1794000, 1424, 0, 0
1795000, 1560, 0, 0
1796000, 1692, 0, 0
1796999, 1241, 0, 0
1797999, 1777, 0, 0
1799000, 1404, 0, 0
1800000, 1636, 0, 0
