1022, 476561433, 0, 0
2039, 477840443, 0, 0
3019, 477282672, 0, 0
4036, 474747648, 0, 0
5034, 456088750, 0, 0
6017, 488860416, 0, 0
7015, 484911370, 0, 0
8029, 477841893, 0, 0
9047, 461690070, 0, 0
10027, 490528523, 0, 0
11045, 454975064, 0, 0
12031, 475718473, 0, 0
13010, 476262077, 0, 0
14045, 486939301, 0, 0
15000, 452877976, 0, 0
16052, 463185632, 0, 0
17058, 461704347, 0, 0
18048, 464715310, 0, 0
19045, 472411946, 0, 0
20016, 479141704, 0, 0
21015, 473452025, 0, 0
22046, 463104490, 0, 0
23033, 466412206, 0, 0
24029, 482224921, 0, 0
25056, 467472451, 0, 0
26052, 465327447, 0, 0
27021, 461289432, 0, 0
28053, 472142724, 0, 0
29051, 474407302, 0, 0
30047, 493315756, 0, 0
31038, 475740623, 0, 0
32017, 483863743, 0, 0
33026, 477185138, 0, 0
34041, 439784033, 0, 0
35031, 450937044, 0, 0
36015, 448993536, 0, 0
37056, 481185593, 0, 0
38028, 490684334, 0, 0
39038, 460043024, 0, 0
40022, 462164067, 0, 0
41010, 470975633, 0, 0
42034, 420290428, 0, 0
43041, 442901672, 0, 0
44020, 458823373, 0, 0
45003, 456281982, 0, 0
46051, 487346346, 0, 0
47022, 470181089, 0, 0
48048, 447750285, 0, 0
49042, 467049724, 0, 0
50021, 454401461, 0, 0
51047, 461448958, 0, 0
52036, 456447213, 0, 0
53044, 469726713, 0, 0
54010, 465902242, 0, 0
55053, 452418094, 0, 0
56005, 458550764, 0, 0
57051, 459096232, 0, 0
58007, 472500967, 0, 0
59020, 442737555, 0, 0
60040, 433631734, 0, 0
61061, 466807673, 0, 0
62035, 443673120, 0, 0
63042, 464775966, 0, 0
64006, 462403394, 0, 0
65058, 446259992, 0, 0
66007, 442525105, 0, 0
67027, 444046225, 0, 0
68041, 446591409, 0, 0
69036, 442765782, 0, 0
70057, 445483772, 0, 0
71055, 454686256, 0, 0
72039, 454033539, 0, 0
73029, 427929610, 0, 0
74001, 463133614, 0, 0
75004, 438362536, 0, 0
76011, 425844060, 0, 0
77032, 432255641, 0, 0
78044, 420008061, 0, 0
79015, 417233932, 0, 0
80034, 439463685, 0, 0
81017, 455810911, 0, 0
82027, 446256407, 0, 0
83056, 451004241, 0, 0
84024, 453858604, 0, 0
85048, 457040165, 0, 0
86052, 459788940, 0, 0
87008, 441054063, 0, 0
88041, 461691245, 0, 0
89031, 431017848, 0, 0
90020, 446544403, 0, 0
91047, 430496338, 0, 0
92046, 442055427, 0, 0
93051, 432603452, 0, 0
94007, 432390619, 0, 0
95055, 439407118, 0, 0
96037, 438219271, 0, 0
97006, 442139535, 0, 0
98013, 430952245, 0, 0
99019, 419208821, 0, 0
100033, 403940325, 0, 0
101016, 429190804, 0, 0
102013, 424033525, 0, 0
103038, 434631515, 0, 0
104053, 455577981, 0, 0
105014, 423656383, 0, 0
106059, 451879874, 0, 0
107061, 413431494, 0, 0
108015, 431077149, 0, 0
109024, 435794680, 0, 0
110052, 418701126, 0, 0
111010, 419058594, 0, 0
112056, 429559729, 0, 0
113049, 423697823, 0, 0
114009, 413850359, 0, 0
115014, 421209139, 0, 0
116015, 442752461, 0, 0
117021, 431139432, 0, 0
118040, 414089644, 0, 0
119042, 418182684, 0, 0
120017, 428263461, 0, 0
121032, 395273574, 0, 0
122022, 451782632, 0, 0
123018, 437737608, 0, 0
124027, 448890745, 0, 0
125023, 422395404, 0, 0
126033, 410375678, 0, 0
127044, 445401716, 0, 0
128018, 437270740, 0, 0
129016, 395507693, 0, 0
130018, 417800451, 0, 0
131020, 403717482, 0, 0
132019, 416319853, 0, 0
133065, 411451062, 0, 0
134054, 425338195, 0, 0
135043, 433958039, 0, 0
136025, 445109921, 0, 0
137042, 396570248, 0, 0
138006, 399408079, 0, 0
139029, 430548397, 0, 0
140058, 436190880, 0, 0
141032, 436572835, 0, 0
142026, 407523509, 0, 0
143047, 434383887, 0, 0
144049, 409751055, 0, 0
145029, 425649868, 0, 0
146057, 418864316, 0, 0
147042, 383015195, 0, 0
148047, 380457834, 0, 0
149020, 392280930, 0, 0
150056, 421276769, 0, 0
151026, 408101232, 0, 0
152042, 390650457, 0, 0
153065, 423849372, 0, 0
154020, 405865998, 0, 0
155050, 424672219, 0, 0
156049, 433974147, 0, 0
157000, 423182002, 0, 0
158013, 409642723, 0, 0
159021, 400546311, 0, 0
160025, 429255093, 0, 0
161020, 426114200, 0, 0
162013, 389404584, 0, 0
163036, 429700197, 0, 0
164016, 395354956, 0, 0
165049, 421251688, 0, 0
166028, 409680499, 0, 0
167053, 416168488, 0, 0
168000, 401827465, 0, 0
169034, 413636286, 0, 0
170021, 434572315, 0, 0
171034, 379019538, 0, 0
172049, 413869822, 0, 0
173001, 397110269, 0, 0
174031, 399564727, 0, 0
175047, 393743017, 0, 0
176001, 385393961, 0, 0
177024, 407231244, 0, 0
178027, 422847820, 0, 0
179011, 417781675, 0, 0
180062, 413380270, 0, 0
181001, 431177603, 0, 0
182040, 391636431, 0, 0
183041, 424657962, 0, 0
184000, 401362552, 0, 0
185006, 395201951, 0, 0
186021, 432576702, 0, 0
187005, 400906949, 0, 0
188047, 412945142, 0, 0
189000, 384402989, 0, 0
190025, 388966224, 0, 0
191031, 406549822, 0, 0
192022, 405273604, 0, 0
193041, 412898149, 0, 0
194045, 386116129, 0, 0
195059, 386176802, 0, 0
196055, 393599206, 0, 0
197029, 391122606, 0, 0
198048, 382604013, 0, 0
199023, 389046228, 0, 0
200053, 402521799, 0, 0
201030, 371260386, 0, 0
202002, 400254879, 0, 0
203053, 393292166, 0, 0
204054, 364624203, 0, 0
205020, 380191902, 0, 0
206063, 397979418, 0, 0
207041, 397891379, 0, 0
208004, 407611152, 0, 0
209002, 394582313, 0, 0
210022, 382578826, 0, 0
211048, 380927697, 0, 0
212018, 386008225, 0, 0
213066, 372237756, 0, 0
214056, 377272747, 0, 0
215051, 424408325, 0, 0
216048, 369622543, 0, 0
217031, 389423194, 0, 0
218035, 405078883, 0, 0
219032, 403281519, 0, 0
220004, 387835084, 0, 0
221009, 418015656, 0, 0
222033, 367125115, 0, 0
223023, 413966649, 0, 0
224003, 365124868, 0, 0
225034, 384204262, 0, 0
226000, 373798523, 0, 0
227053, 397514475, 0, 0
228020, 397011746, 0, 0
229047, 361560281, 0, 0
230016, 383361330, 0, 0
231000, 400950094, 0, 0
232051, 372877436, 0, 0
233000, 377994161, 0, 0
234054, 386197339, 0, 0
235024, 367895770, 0, 0
236031, 382373953, 0, 0
237034, 380372984, 0, 0
238015, 377080684, 0, 0
239037, 349858130, 0, 0
240014, 388249498, 0, 0
241057, 366492486, 0, 0
242036, 373500453, 0, 0
243045, 364750437, 0, 0
244011, 360675355, 0, 0
245004, 358920875, 0, 0
246066, 374645214, 0, 0
247022, 364123542, 0, 0
248053, 374380003, 0, 0
249040, 386651868, 0, 0
250027, 366377847, 0, 0
251042, 401090903, 0, 0
252014, 397393423, 0, 0
253033, 377383379, 0, 0
254063, 361318484, 0, 0
255054, 378136049, 0, 0
256001, 413161211, 0, 0
257024, 360150028, 0, 0
258061, 393755213, 0, 0
259040, 417775149, 0, 0
260042, 365060383, 0, 0
261010, 392129646, 0, 0
262043, 341448866, 0, 0
263035, 345540528, 0, 0
264049, 388530734, 0, 0
265021, 348814585, 0, 0
266020, 380951278, 0, 0
267027, 379121109, 0, 0
268041, 390632764, 0, 0
269046, 360296301, 0, 0
270019, 382154864, 0, 0
271046, 378823313, 0, 0
272045, 355948652, 0, 0
273049, 342635898, 0, 0
274025, 369607138, 0, 0
275023, 366809019, 0, 0
276045, 358827158, 0, 0
277031, 384114791, 0, 0
278013, 357193842, 0, 0
279000, 365813791, 0, 0
280044, 386038307, 0, 0
281019, 357326877, 0, 0
282025, 381490843, 0, 0
283022, 418731019, 0, 0
284053, 378977164, 0, 0
285049, 370753171, 0, 0
286064, 396805948, 0, 0
287043, 358341804, 0, 0
288031, 335760926, 0, 0
289016, 373128364, 0, 0
290006, 386943519, 0, 0
291025, 347667869, 0, 0
292025, 369730489, 0, 0
293012, 343557733, 0, 0
294012, 374892863, 0, 0
295014, 342031856, 0, 0
296025, 332756388, 0, 0
297007, 343718156, 0, 0
298027, 353444733, 0, 0
299006, 355829513, 0, 0
300041, 353936615, 0, 0
301053, 357416615, 0, 0
302044, 372853314, 0, 0
303040, 375284363, 0, 0
304062, 356113168, 0, 0
305046, 356744828, 0, 0
306011, 315424985, 0, 0
307006, 340046813, 0, 0
308039, 328962785, 0, 0
309025, 341131199, 0, 0
310065, 340253912, 0, 0
311008, 346935255, 0, 0
312001, 333489693, 0, 0
313022, 320681427, 0, 0
314032, 338218740, 0, 0
315035, 353721851, 0, 0
316018, 364247829, 0, 0
317037, 347060148, 0, 0
318015, 334598729, 0, 0
319034, 318001664, 0, 0
320015, 371033005, 0, 0
321023, 345966406, 0, 0
322030, 310829421, 0, 0
323018, 355020635, 0, 0
324004, 348304933, 0, 0
325049, 310547382, 0, 0
326056, 338233154, 0, 0
327028, 360028805, 0, 0
328019, 321811420, 0, 0
329034, 337991641, 0, 0
330050, 342367144, 0, 0
331020, 357516043, 0, 0
332049, 342497923, 0, 0
333059, 314157243, 0, 0
334007, 342130060, 0, 0
335032, 341040760, 0, 0
336054, 300474667, 0, 0
337037, 362054689, 0, 0
338002, 316875352, 0, 0
339009, 334004959, 0, 0
340024, 361618294, 0, 0
341000, 316860404, 0, 0
342040, 338628950, 0, 0
343017, 315210407, 0, 0
344006, 352721649, 0, 0
345045, 337806711, 0, 0
346001, 328578143, 0, 0
347005, 306384480, 0, 0
348039, 329510380, 0, 0
349031, 346013564, 0, 0
350012, 343891661, 0, 0
351037, 302641406, 0, 0
352036, 313533763, 0, 0
353045, 316245643, 0, 0
354000, 353254849, 0, 0
355039, 314724550, 0, 0
356015, 309904221, 0, 0
357012, 293547889, 0, 0
358018, 336069841, 0, 0
359001, 339029353, 0, 0
360032, 329067759, 0, 0
361058, 318966584, 0, 0
362022, 328464012, 0, 0
363011, 352252277, 0, 0
364061, 297110469, 0, 0
365040, 324225425, 0, 0
366042, 360156755, 0, 0
367035, 329273381, 0, 0
368043, 333961686, 0, 0
369056, 319537306, 0, 0
370037, 318041756, 0, 0
371023, 353973406, 0, 0
372004, 359824632, 0, 0
373020, 331066503, 0, 0
374016, 317238088, 0, 0
375054, 327689291, 0, 0
376004, 374907401, 0, 0
377044, 344230424, 0, 0
378005, 303206184, 0, 0
379037, 306873735, 0, 0
380060, 332345863, 0, 0
381044, 311701782, 0, 0
382006, 312119880, 0, 0
383057, 333194169, 0, 0
384034, 336314834, 0, 0
385043, 313024331, 0, 0
386048, 297614378, 0, 0
387036, 343411799, 0, 0
388000, 298506246, 0, 0
389011, 322153156, 0, 0
390033, 317581847, 0, 0
391021, 300015660, 0, 0
392051, 299600118, 0, 0
393014, 277908603, 0, 0
394029, 311929053, 0, 0
395047, 293670040, 0, 0
396019, 346132558, 0, 0
397027, 286931062, 0, 0
398020, 304362850, 0, 0
399008, 327631642, 0, 0
400007, 292307200, 0, 0
401032, 308295816, 0, 0
402041, 324264220, 0, 0
403008, 316806958, 0, 0
404045, 309768312, 0, 0
405024, 306896692, 0, 0
406048, 289785869, 0, 0
407021, 288660753, 0, 0
408047, 303314460, 0, 0
409053, 269631320, 0, 0
410048, 294209241, 0, 0
411036, 333905025, 0, 0
412044, 286373811, 0, 0
413021, 323062274, 0, 0
414049, 308315073, 0, 0
415000, 333488579, 0, 0
416052, 283858618, 0, 0
417004, 300847619, 0, 0
418003, 308364153, 0, 0
419006, 306726705, 0, 0
420042, 293038431, 0, 0
421005, 302269255, 0, 0
422031, 304230910, 0, 0
423032, 314304484, 0, 0
424023, 304074760, 0, 0
425044, 289193790, 0, 0
426017, 250453888, 0, 0
427017, 309387851, 0, 0
428020, 288315019, 0, 0
429003, 297603603, 0, 0
430005, 304205861, 0, 0
431036, 334128053, 0, 0
432029, 294286051, 0, 0
433029, 300669565, 0, 0
434057, 287453819, 0, 0
435046, 283304059, 0, 0
436027, 306376879, 0, 0
437041, 289064272, 0, 0
438029, 264012743, 0, 0
439060, 289731119, 0, 0
440033, 299954588, 0, 0
441060, 283645305, 0, 0
442051, 279647115, 0, 0
443016, 246885804, 0, 0
444056, 268406232, 0, 0
445026, 285436947, 0, 0
446036, 281254223, 0, 0
447031, 278339667, 0, 0
448013, 290692275, 0, 0
449000, 274604982, 0, 0
450050, 281130575, 0, 0
451029, 287371111, 0, 0
452015, 271031124, 0, 0
453013, 288273123, 0, 0
454014, 312950393, 0, 0
455036, 284476366, 0, 0
456027, 294747046, 0, 0
457024, 287046849, 0, 0
458011, 266637710, 0, 0
459012, 272996560, 0, 0
460033, 312541497, 0, 0
461007, 255994839, 0, 0
462046, 279229929, 0, 0
463014, 312050363, 0, 0
464034, 280481041, 0, 0
465038, 288019584, 0, 0
466010, 294092303, 0, 0
467004, 296166404, 0, 0
468043, 274000018, 0, 0
469056, 267401964, 0, 0
470033, 252793574, 0, 0
471046, 292973912, 0, 0
472039, 283706331, 0, 0
473019, 239962202, 0, 0
474000, 256267757, 0, 0
475017, 269343585, 0, 0
476007, 298655510, 0, 0
477042, 271875433, 0, 0
478042, 336677581, 0, 0
479034, 319100629, 0, 0
480003, 274687223, 0, 0
481052, 293986252, 0, 0
482050, 272323749, 0, 0
483032, 284020870, 0, 0
484037, 292004939, 0, 0
485020, 244712691, 0, 0
486010, 288270468, 0, 0
487020, 283694973, 0, 0
488049, 247452806, 0, 0
489023, 293425423, 0, 0
490019, 297785674, 0, 0
491005, 257434372, 0, 0
492055, 275042912, 0, 0
493009, 285409778, 0, 0
494034, 272343234, 0, 0
495001, 283631066, 0, 0
496047, 258098563, 0, 0
497013, 251678940, 0, 0
498010, 271571859, 0, 0
499020, 259679899, 0, 0
500032, 261158371, 0, 0
501048, 267465013, 0, 0
502008, 276692910, 0, 0
503009, 280984294, 0, 0
504031, 272040975, 0, 0
505061, 264977493, 0, 0
506010, 255101893, 0, 0
507051, 236682846, 0, 0
508005, 281830704, 0, 0
509012, 266800082, 0, 0
510034, 256216206, 0, 0
511049, 222863536, 0, 0
512023, 258064940, 0, 0
513035, 245736525, 0, 0
514013, 256338639, 0, 0
515065, 227536846, 0, 0
516037, 272357816, 0, 0
517012, 273572094, 0, 0
518030, 247710350, 0, 0
519051, 258743665, 0, 0
520014, 255861640, 0, 0
521029, 267048262, 0, 0
522005, 245050382, 0, 0
523017, 250441386, 0, 0
524028, 276616486, 0, 0
525024, 235285074, 0, 0
526010, 290195647, 0, 0
527032, 242212034, 0, 0
528005, 254520499, 0, 0
529032, 262555294, 0, 0
530054, 246458725, 0, 0
531002, 269214450, 0, 0
532023, 249129284, 0, 0
533048, 257489326, 0, 0
534000, 246018565, 0, 0
535011, 266167454, 0, 0
536040, 266788046, 0, 0
537061, 253582275, 0, 0
538037, 273823493, 0, 0
539035, 239573820, 0, 0
540010, 259204268, 0, 0
541006, 208048039, 0, 0
542024, 238433176, 0, 0
543018, 271011948, 0, 0
544001, 294859455, 0, 0
545025, 239484687, 0, 0
546009, 228071609, 0, 0
547021, 213072824, 0, 0
548047, 253758624, 0, 0
549032, 279041926, 0, 0
550045, 234790691, 0, 0
551036, 231025247, 0, 0
552004, 247133748, 0, 0
553003, 233502271, 0, 0
554020, 220453474, 0, 0
555034, 238625905, 0, 0
556050, 224951839, 0, 0
557042, 232480156, 0, 0
558013, 243186944, 0, 0
559054, 237774906, 0, 0
560031, 226050662, 0, 0
561044, 234482863, 0, 0
562026, 240566553, 0, 0
563053, 209285381, 0, 0
564042, 233494771, 0, 0
565009, 233555937, 0, 0
566001, 254168007, 0, 0
567033, 241093176, 0, 0
568007, 241348593, 0, 0
569051, 229152022, 0, 0
570010, 255704014, 0, 0
571051, 237550931, 0, 0
572018, 237844415, 0, 0
573005, 205441588, 0, 0
574002, 235989067, 0, 0
575017, 242334475, 0, 0
576032, 264650698, 0, 0
577043, 248470498, 0, 0
578059, 252107489, 0, 0
579036, 241103312, 0, 0
580061, 220194121, 0, 0
581041, 222540901, 0, 0
582026, 217341749, 0, 0
583038, 190016385, 0, 0
584015, 229371131, 0, 0
585029, 221309711, 0, 0
586060, 231035939, 0, 0
587043, 237682563, 0, 0
588038, 217988598, 0, 0
589012, 218579908, 0, 0
590021, 260086559, 0, 0
591038, 258300620, 0, 0
592046, 250043249, 0, 0
593001, 228106784, 0, 0
594002, 253960829, 0, 0
595154, 229101085, 0, 0
596014, 283341288, 0, 0
597017, 230925423, 0, 0
598010, 228038225, 0, 0
599029, 214692167, 0, 0
600006, 220635938, 0, 0
601038, 216846461, 0, 0
602004, 203702511, 0, 0
603015, 221290769, 0, 0
604032, 230497289, 0, 0
605033, 222051432, 0, 0
606047, 204206171, 0, 0
607004, 246000537, 0, 0
608023, 208857300, 0, 0
609048, 234343680, 0, 0
610026, 211979525, 0, 0
611017, 206149800, 0, 0
612007, 201663386, 0, 0
613055, 206384161, 0, 0
614003, 219551540, 0, 0
615046, 241967982, 0, 0
616045, 235548629, 0, 0
617032, 211445356, 0, 0
618056, 232086934, 0, 0
619019, 258905960, 0, 0
620023, 233355364, 0, 0
621038, 238472986, 0, 0
622017, 206285514, 0, 0
623001, 244103609, 0, 0
624017, 199082890, 0, 0
625013, 214683921, 0, 0
626017, 202317973, 0, 0
627033, 206742076, 0, 0
628023, 212435699, 0, 0
629057, 201596947, 0, 0
630051, 216322139, 0, 0
631018, 197009616, 0, 0
632030, 207907742, 0, 0
633041, 195590820, 0, 0
634043, 186891305, 0, 0
635035, 223520929, 0, 0
636002, 187856313, 0, 0
637049, 196545472, 0, 0
638032, 176852854, 0, 0
639033, 217696445, 0, 0
640051, 212272977, 0, 0
641024, 207215871, 0, 0
642045, 220836673, 0, 0
643056, 210078837, 0, 0
644020, 182629464, 0, 0
645021, 187421630, 0, 0
646008, 211856557, 0, 0
647025, 203227738, 0, 0
648010, 189992446, 0, 0
649028, 203177177, 0, 0
650041, 181529007, 0, 0
651013, 239413568, 0, 0
652022, 207318998, 0, 0
653013, 191527303, 0, 0
654055, 173035767, 0, 0
655041, 180829739, 0, 0
656002, 198956266, 0, 0
657054, 195007710, 0, 0
658008, 217371568, 0, 0
659033, 227774150, 0, 0
660054, 207778271, 0, 0
661032, 215614014, 0, 0
662039, 212494436, 0, 0
663047, 219220657, 0, 0
664019, 187169443, 0, 0
665054, 211233322, 0, 0
666024, 207919675, 0, 0
667002, 200652407, 0, 0
668028, 196400814, 0, 0
669033, 210271439, 0, 0
670056, 237458115, 0, 0
671006, 204037199, 0, 0
672021, 206059801, 0, 0
673009, 199194594, 0, 0
674011, 185702390, 0, 0
675033, 194956543, 0, 0
676000, 180543347, 0, 0
677004, 194205250, 0, 0
678043, 184422877, 0, 0
679055, 219114036, 0, 0
680053, 195890108, 0, 0
681007, 216591967, 0, 0
682003, 199414561, 0, 0
683009, 186757773, 0, 0
684031, 197903935, 0, 0
685047, 208449732, 0, 0
686030, 196274444, 0, 0
687051, 174671781, 0, 0
688053, 182624076, 0, 0
689042, 190814203, 0, 0
690046, 187655259, 0, 0
691007, 200445430, 0, 0
692050, 184490314, 0, 0
693055, 222665849, 0, 0
694058, 202261778, 0, 0
695001, 165034423, 0, 0
696008, 213686928, 0, 0
697010, 208584665, 0, 0
698005, 216184068, 0, 0
699037, 208220036, 0, 0
700053, 235224962, 0, 0
701049, 195301269, 0, 0
702002, 205343232, 0, 0
703013, 196038109, 0, 0
704037, 202013262, 0, 0
705018, 194188373, 0, 0
706003, 189243389, 0, 0
707011, 205601870, 0, 0
708005, 180163062, 0, 0
709053, 188310167, 0, 0
710052, 195713583, 0, 0
711025, 209333449, 0, 0
712026, 257324608, 0, 0
713028, 186123965, 0, 0
714033, 210971365, 0, 0
715047, 181207262, 0, 0
716025, 213848340, 0, 0
717057, 193644723, 0, 0
718024, 175296762, 0, 0
719017, 203729715, 0, 0
720000, 198879816, 0, 0
721058, 190053677, 0, 0
722026, 209089825, 0, 0
723036, 206803403, 0, 0
724040, 200430470, 0, 0
725019, 199380062, 0, 0
726013, 186198075, 0, 0
727009, 225788107, 0, 0
728011, 214295889, 0, 0
729029, 218595279, 0, 0
730028, 212545366, 0, 0
731076, 183156428, 0, 0
732064, 268932276, 0, 0
733054, 218323037, 0, 0
734014, 191109106, 0, 0
735024, 186438039, 0, 0
736050, 182673263, 0, 0
737048, 197748660, 0, 0
738015, 200377035, 0, 0
739016, 216775272, 0, 0
740000, 210389615, 0, 0
741051, 185560088, 0, 0
742049, 201047224, 0, 0
743022, 198361043, 0, 0
744008, 191354891, 0, 0
745049, 214197791, 0, 0
746036, 198736604, 0, 0
747048, 189640568, 0, 0
748029, 220244760, 0, 0
749000, 184739914, 0, 0
750033, 178310865, 0, 0
751053, 210822841, 0, 0
752065, 204055033, 0, 0
753004, 187099593, 0, 0
754142, 231442672, 0, 0
755030, 219688087, 0, 0
756009, 221219254, 0, 0
757011, 204747338, 0, 0
758003, 202186192, 0, 0
759004, 183279214, 0, 0
760018, 198218763, 0, 0
761002, 215686441, 0, 0
762036, 227437804, 0, 0
763024, 186750852, 0, 0
764007, 212790079, 0, 0
765013, 188601682, 0, 0
766000, 203040900, 0, 0
767060, 212049004, 0, 0
768035, 213821797, 0, 0
769052, 209205472, 0, 0
770004, 204792501, 0, 0
771013, 207725296, 0, 0
772000, 223505475, 0, 0
773014, 182577523, 0, 0
774001, 196964711, 0, 0
775006, 203108098, 0, 0
776047, 214528016, 0, 0
777045, 188418698, 0, 0
778020, 186377308, 0, 0
779009, 229551474, 0, 0
780002, 175736386, 0, 0
781056, 211890254, 0, 0
782018, 205131411, 0, 0
783029, 208443341, 0, 0
784052, 226807519, 0, 0
785014, 204006178, 0, 0
786023, 204826301, 0, 0
787037, 183349312, 0, 0
788050, 190038028, 0, 0
789004, 204601608, 0, 0
790017, 192579387, 0, 0
791037, 183299397, 0, 0
792027, 185847755, 0, 0
793025, 184158606, 0, 0
794036, 197465909, 0, 0
795042, 197267702, 0, 0
796040, 230092264, 0, 0
797026, 241818518, 0, 0
798043, 198981078, 0, 0
799046, 197078844, 0, 0
800011, 178589072, 0, 0
801001, 200660765, 0, 0
802009, 211078804, 0, 0
803048, 187842944, 0, 0
804007, 194800598, 0, 0
805048, 195677260, 0, 0
806003, 210453036, 0, 0
807065, 179975915, 0, 0
808052, 202341380, 0, 0
809065, 184745614, 0, 0
810017, 207412876, 0, 0
811030, 188581245, 0, 0
812006, 184661340, 0, 0
813022, 207013398, 0, 0
814029, 209553038, 0, 0
815010, 204606028, 0, 0
816033, 226482172, 0, 0
817023, 193703985, 0, 0
818032, 207904120, 0, 0
819055, 194487713, 0, 0
820022, 225498212, 0, 0
821029, 223179065, 0, 0
822041, 214677088, 0, 0
823055, 178848046, 0, 0
824027, 209276428, 0, 0
825047, 192352015, 0, 0
826044, 201336594, 0, 0
827004, 188685483, 0, 0
828007, 200367838, 0, 0
829046, 190234973, 0, 0
830012, 197246358, 0, 0
831025, 198691234, 0, 0
832045, 186012720, 0, 0
833039, 184030449, 0, 0
834050, 192814766, 0, 0
835041, 204894500, 0, 0
836017, 215186797, 0, 0
837052, 183734547, 0, 0
838053, 209875243, 0, 0
839041, 232410035, 0, 0
840018, 209087716, 0, 0
841014, 207649353, 0, 0
842051, 209405353, 0, 0
843013, 177243719, 0, 0
844024, 204653761, 0, 0
845033, 185682248, 0, 0
846020, 227205767, 0, 0
847045, 200023875, 0, 0
848014, 168783565, 0, 0
849039, 184970500, 0, 0
850056, 206431410, 0, 0
851029, 200878007, 0, 0
852057, 191937255, 0, 0
853003, 186523675, 0, 0
854020, 211741050, 0, 0
855016, 213849306, 0, 0
856041, 192096177, 0, 0
857019, 198878418, 0, 0
858045, 189329544, 0, 0
859035, 182602860, 0, 0
860017, 197009409, 0, 0
861048, 220954839, 0, 0
862036, 192579683, 0, 0
863023, 185187631, 0, 0
864046, 201351252, 0, 0
865066, 203065542, 0, 0
866000, 205882259, 0, 0
867031, 203796338, 0, 0
868056, 195107379, 0, 0
869017, 166834884, 0, 0
870022, 215436169, 0, 0
871054, 189908983, 0, 0
872013, 193491373, 0, 0
873043, 218332405, 0, 0
874023, 196721943, 0, 0
875011, 184116105, 0, 0
876001, 196382558, 0, 0
877019, 202294039, 0, 0
878032, 195538097, 0, 0
879040, 220795305, 0, 0
880031, 212746907, 0, 0
881010, 206013688, 0, 0
882036, 223553407, 0, 0
883020, 213775151, 0, 0
884022, 212716284, 0, 0
885004, 215790197, 0, 0
886041, 213902507, 0, 0
887042, 198596820, 0, 0
888011, 209965942, 0, 0
889054, 194096680, 0, 0
890052, 222055075, 0, 0
891015, 212237853, 0, 0
892003, 211797255, 0, 0
893036, 211798902, 0, 0
894003, 199204295, 0, 0
895011, 190353616, 0, 0
896022, 184745702, 0, 0
897053, 182667095, 0, 0
898060, 204658227, 0, 0
899027, 180173213, 0, 0
900021, 184214981, 0, 0
901035, 204745382, 0, 0
902058, 198177350, 0, 0
903036, 193398245, 0, 0
904042, 179501380, 0, 0
905018, 185341675, 0, 0
906016, 175079023, 0, 0
907035, 182305856, 0, 0
908029, 196282778, 0, 0
909048, 204744337, 0, 0
910004, 214044193, 0, 0
911051, 188071545, 0, 0
912000, 218064522, 0, 0
913054, 205867778, 0, 0
914011, 188828048, 0, 0
915058, 199110605, 0, 0
916004, 183076906, 0, 0
917008, 222900228, 0, 0
918026, 197712674, 0, 0
919033, 185164868, 0, 0
920049, 193855055, 0, 0
921050, 182827137, 0, 0
922018, 212450417, 0, 0
923004, 241482820, 0, 0
924052, 201668712, 0, 0
925019, 193233241, 0, 0
926017, 228163072, 0, 0
927057, 196620295, 0, 0
928016, 188076392, 0, 0
929025, 176223047, 0, 0
930015, 190119987, 0, 0
931044, 204977377, 0, 0
932066, 212164514, 0, 0
933022, 204343263, 0, 0
934005, 183231763, 0, 0
935039, 205508197, 0, 0
936063, 195849200, 0, 0
937020, 212682998, 0, 0
938033, 230827374, 0, 0
939002, 182326051, 0, 0
940047, 176315440, 0, 0
941051, 185915244, 0, 0
942029, 191426034, 0, 0
943038, 208507182, 0, 0
944044, 202491993, 0, 0
945009, 187539523, 0, 0
946043, 195885639, 0, 0
947035, 188088856, 0, 0
948032, 224700501, 0, 0
949044, 221693840, 0, 0
950033, 216526700, 0, 0
951008, 205391960, 0, 0
952034, 207949059, 0, 0
953019, 191014045, 0, 0
954005, 210978120, 0, 0
955006, 205747417, 0, 0
956003, 184156930, 0, 0
957033, 221973798, 0, 0
958069, 204128136, 0, 0
959034, 217414537, 0, 0
960039, 201856140, 0, 0
961029, 182762107, 0, 0
962005, 215600991, 0, 0
963033, 190218853, 0, 0
964028, 189866042, 0, 0
965011, 248737822, 0, 0
966038, 215294841, 0, 0
967020, 200978787, 0, 0
968035, 189978643, 0, 0
969022, 204772163, 0, 0
970012, 170306842, 0, 0
971044, 203713580, 0, 0
972046, 189175941, 0, 0
973020, 189953186, 0, 0
974035, 177405055, 0, 0
975053, 188134273, 0, 0
976012, 188597291, 0, 0
977017, 182222228, 0, 0
978053, 169947160, 0, 0
979026, 194975763, 0, 0
980050, 184764113, 0, 0
981038, 173326748, 0, 0
982044, 191457350, 0, 0
983044, 222879211, 0, 0
984052, 184050107, 0, 0
985046, 230519794, 0, 0
986011, 173147858, 0, 0
987050, 165865328, 0, 0
988024, 213005523, 0, 0
989057, 192684450, 0, 0
990024, 183723374, 0, 0
991029, 194360289, 0, 0
992054, 190324660, 0, 0
993013, 183210457, 0, 0
994042, 205487260, 0, 0
995030, 190519600, 0, 0
996009, 192785673, 0, 0
997021, 176341737, 0, 0
998038, 193303333, 0, 0
999049, 209912129, 0, 0
1000061, 182907344, 0, 0
1001001, 173188715, 0, 0
1002047, 164130065, 0, 0
1003037, 209861778, 0, 0
1004018, 193242396, 0, 0
1005010, 182432282, 0, 0
1006045, 182422733, 0, 0
1007058, 201740697, 0, 0
1008005, 191909290, 0, 0
1009033, 170751790, 0, 0
1010058, 178539013, 0, 0
1011011, 191115219, 0, 0
1012044, 181342139, 0, 0
1013021, 174512748, 0, 0
1014049, 179336498, 0, 0
1015015, 171018269, 0, 0
1016021, 223370410, 0, 0
1017016, 221833447, 0, 0
1018025, 198056273, 0, 0
1019031, 175915776, 0, 0
1020041, 196496475, 0, 0
1021035, 206506749, 0, 0
1022052, 183478382, 0, 0
1023029, 196015417, 0, 0
1024014, 197314761, 0, 0
1025003, 183335912, 0, 0
1026000, 181449122, 0, 0
1027050, 192084264, 0, 0
1028023, 206734832, 0, 0
1029027, 175093447, 0, 0
1030031, 188262610, 0, 0
1031042, 205486265, 0, 0
1032016, 174361299, 0, 0
1033040, 191696160, 0, 0
1034025, 186687311, 0, 0
1035027, 187940508, 0, 0
1036061, 194238780, 0, 0
1037061, 189510192, 0, 0
1038031, 172931379, 0, 0
1039036, 167299597, 0, 0
1040014, 177204722, 0, 0
1041045, 179983180, 0, 0
1042017, 208794832, 0, 0
1043053, 189124503, 0, 0
1044042, 187675157, 0, 0
1045040, 178609509, 0, 0
1046038, 188663726, 0, 0
1047053, 171468608, 0, 0
1048053, 182547592, 0, 0
1049007, 183386414, 0, 0
1050022, 183151343, 0, 0
1051009, 163711282, 0, 0
1052032, 181585448, 0, 0
1053032, 175206129, 0, 0
1054044, 186578264, 0, 0
1055009, 173736894, 0, 0
1056029, 185446160, 0, 0
1057010, 182462694, 0, 0
1058041, 192644470, 0, 0
1059033, 190171800, 0, 0
1060002, 185651696, 0, 0
1061013, 193220681, 0, 0
1062037, 155858959, 0, 0
1063015, 209988281, 0, 0
1064044, 177391995, 0, 0
1065064, 174319441, 0, 0
1066050, 172189097, 0, 0
1067033, 162815463, 0, 0
1068045, 177920098, 0, 0
1069034, 167306122, 0, 0
1070057, 158676380, 0, 0
1071034, 156554456, 0, 0
1072040, 162331082, 0, 0
1073014, 170421737, 0, 0
1074049, 184762004, 0, 0
1075017, 161928173, 0, 0
1076025, 168590729, 0, 0
1077000, 179772531, 0, 0
1078048, 162072430, 0, 0
1079004, 160201605, 0, 0
1080055, 158548391, 0, 0
1081047, 169518197, 0, 0
1082049, 191527128, 0, 0
1083046, 154602739, 0, 0
1084000, 168352244, 0, 0
1085037, 187363715, 0, 0
1086032, 168817817, 0, 0
1087010, 154102637, 0, 0
1088001, 193864188, 0, 0
1089008, 190298846, 0, 0
1090029, 177709125, 0, 0
1091049, 196828898, 0, 0
1092001, 196348061, 0, 0
1093019, 184417993, 0, 0
1094006, 202944776, 0, 0
1095025, 155623125, 0, 0
1096051, 168734557, 0, 0
1097008, 162054321, 0, 0
1098026, 157246452, 0, 0
1099020, 178957989, 0, 0
1100029, 193351481, 0, 0
1101058, 166106411, 0, 0
1102021, 168385983, 0, 0
1103013, 181759435, 0, 0
1104031, 159397290, 0, 0
1105020, 169332652, 0, 0
1106070, 168015947, 0, 0
1107042, 207886091, 0, 0
1108034, 175769460, 0, 0
1109046, 170424127, 0, 0
1110028, 186679065, 0, 0
1111039, 167029275, 0, 0
1112037, 156943022, 0, 0
1113006, 152941725, 0, 0
1114027, 161966041, 0, 0
1115034, 159443763, 0, 0
1116014, 159459503, 0, 0
1117057, 173522882, 0, 0
1118020, 154521383, 0, 0
1119018, 163619912, 0, 0
1120005, 190985224, 0, 0
1121008, 166896188, 0, 0
1122018, 176416806, 0, 0
1123028, 168863023, 0, 0
1124019, 182882034, 0, 0
1125007, 160438822, 0, 0
1126017, 162965629, 0, 0
1127011, 154870063, 0, 0
1128051, 156520067, 0, 0
1129026, 160319656, 0, 0
1130000, 156107519, 0, 0
1131012, 183932369, 0, 0
1132040, 161094581, 0, 0
1133030, 175696292, 0, 0
1134002, 157485318, 0, 0
1135044, 155507679, 0, 0
1136052, 158824296, 0, 0
1137031, 151773755, 0, 0
1138018, 172534556, 0, 0
1139019, 146583706, 0, 0
1140039, 155894282, 0, 0
1141056, 155603675, 0, 0
1142005, 179358413, 0, 0
1143007, 180532606, 0, 0
1144000, 172760005, 0, 0
1145045, 167788751, 0, 0
1146049, 163517690, 0, 0
1147004, 139975882, 0, 0
1148008, 151562136, 0, 0
1149022, 162053800, 0, 0
1150012, 144458471, 0, 0
1151036, 126056510, 0, 0
1152043, 147227448, 0, 0
1153021, 181195951, 0, 0
1154027, 158264402, 0, 0
1155054, 169991735, 0, 0
1156037, 178656367, 0, 0
1157036, 142158158, 0, 0
1158042, 141019816, 0, 0
1159004, 169418093, 0, 0
1160045, 171369975, 0, 0
1161052, 146212651, 0, 0
1162013, 151298262, 0, 0
1163047, 153727202, 0, 0
1164015, 158809274, 0, 0
1165035, 149887214, 0, 0
1166054, 161942401, 0, 0
1167051, 138491897, 0, 0
1168008, 142247439, 0, 0
1169047, 162764594, 0, 0
1170010, 156379993, 0, 0
1171019, 150234944, 0, 0
1172035, 156399430, 0, 0
1173028, 140591610, 0, 0
1174054, 140159757, 0, 0
1175043, 143608419, 0, 0
1176056, 136601233, 0, 0
1177039, 164014186, 0, 0
1178027, 166510452, 0, 0
1179032, 143968204, 0, 0
1180046, 133735671, 0, 0
1181026, 141853460, 0, 0
1182059, 128693331, 0, 0
1183042, 155081105, 0, 0
1184008, 152481355, 0, 0
1185042, 140470823, 0, 0
1186056, 136282580, 0, 0
1187042, 159205890, 0, 0
1188050, 153142217, 0, 0
1189055, 162983700, 0, 0
1190031, 151698350, 0, 0
1191047, 147676629, 0, 0
1192000, 141073332, 0, 0
1193008, 157479839, 0, 0
1194041, 150983521, 0, 0
1195001, 148732079, 0, 0
1196054, 155694723, 0, 0
1197046, 147655681, 0, 0
1198043, 151448237, 0, 0
1199021, 142224427, 0, 0
1200009, 127826998, 0, 0
1201029, 148563738, 0, 0
1202035, 150791285, 0, 0
1203013, 141010048, 0, 0
1204033, 140552538, 0, 0
1205032, 128605030, 0, 0
1206003, 147700893, 0, 0
1207010, 116920961, 0, 0
1208049, 143895945, 0, 0
1209011, 136343293, 0, 0
1210033, 141681270, 0, 0
1211003, 138780523, 0, 0
1212021, 129205781, 0, 0
1213041, 153971621, 0, 0
1214051, 143082155, 0, 0
1215002, 142501924, 0, 0
1216014, 140041074, 0, 0
1217010, 167359475, 0, 0
1218022, 156752846, 0, 0
1219053, 142175654, 0, 0
1220055, 132252910, 0, 0
1221062, 126216231, 0, 0
1222009, 133777733, 0, 0
1223031, 124537018, 0, 0
1224040, 142761210, 0, 0
1225020, 118249742, 0, 0
1226035, 142667517, 0, 0
1227059, 147200658, 0, 0
1228019, 131261377, 0, 0
1229006, 117588487, 0, 0
1230049, 127680373, 0, 0
1231016, 120111461, 0, 0
1232045, 139531349, 0, 0
1233053, 142272231, 0, 0
1234008, 144699056, 0, 0
1235010, 129598752, 0, 0
1236017, 123510567, 0, 0
1237031, 130402931, 0, 0
1238031, 115966367, 0, 0
1239047, 124918900, 0, 0
1240011, 128204507, 0, 0
1241039, 117043549, 0, 0
1242027, 115636117, 0, 0
1243034, 130611800, 0, 0
1244027, 117400608, 0, 0
1245021, 114450789, 0, 0
1246056, 134176725, 0, 0
1247046, 149878127, 0, 0
1248006, 144631364, 0, 0
1249020, 130269356, 0, 0
1250051, 129032194, 0, 0
1251019, 127184339, 0, 0
1252041, 124672709, 0, 0
1253022, 139716376, 0, 0
1254011, 125971980, 0, 0
1255025, 123689202, 0, 0
1256001, 118739290, 0, 0
1257016, 110435105, 0, 0
1258059, 109567773, 0, 0
1259016, 151967355, 0, 0
1260068, 116099600, 0, 0
1261037, 151466492, 0, 0
1262022, 135768494, 0, 0
1263005, 111251154, 0, 0
1264057, 129531070, 0, 0
1265046, 112958541, 0, 0
1266008, 109538100, 0, 0
1267014, 117726928, 0, 0
1268029, 125336282, 0, 0
1269051, 112657360, 0, 0
1270009, 133059064, 0, 0
1271017, 134571006, 0, 0
1272003, 119617596, 0, 0
1273042, 116829165, 0, 0
1274021, 111350266, 0, 0
1275036, 121022111, 0, 0
1276047, 109959585, 0, 0
1277010, 116434287, 0, 0
1278041, 119113880, 0, 0
1279002, 112884709, 0, 0
1280020, 121689787, 0, 0
1281038, 99857457, 0, 0
1282047, 98238785, 0, 0
1283010, 92276160, 0, 0
1284049, 107585016, 0, 0
1285000, 127512448, 0, 0
1286017, 102970782, 0, 0
1287029, 109137439, 0, 0
1288023, 98556609, 0, 0
1289005, 93108467, 0, 0
1290016, 109915179, 0, 0
1291042, 122479193, 0, 0
1292052, 90476311, 0, 0
1293041, 107686767, 0, 0
1294054, 103778982, 0, 0
1295054, 113369486, 0, 0
1296060, 104552668, 0, 0
1297030, 105349629, 0, 0
1298005, 96785855, 0, 0
1299030, 97655299, 0, 0
1300056, 105859451, 0, 0
1301047, 115099672, 0, 0
1302004, 92172176, 0, 0
1303074, 98495147, 0, 0
1304036, 86568472, 0, 0
1305046, 112489717, 0, 0
1306016, 108543618, 0, 0
1307020, 92007232, 0, 0
1308002, 104961394, 0, 0
1309057, 98759860, 0, 0
1310027, 122397587, 0, 0
1311038, 93056416, 0, 0
1312012, 91500589, 0, 0
1313007, 102279961, 0, 0
1314021, 90246825, 0, 0
1315005, 95273564, 0, 0
1316027, 110668512, 0, 0
1317047, 83344930, 0, 0
1318035, 102266244, 0, 0
1319008, 95994505, 0, 0
1320057, 108271346, 0, 0
1321009, 97120522, 0, 0
1322027, 116572232, 0, 0
1323000, 104038591, 0, 0
1324022, 98035652, 0, 0
1325031, 87519281, 0, 0
1326017, 92424413, 0, 0
1327012, 87460740, 0, 0
1328038, 89884181, 0, 0
1329000, 102648942, 0, 0
1330042, 90806108, 0, 0
1331007, 96249947, 0, 0
1332000, 83265161, 0, 0
1333037, 89316063, 0, 0
1334021, 89666291, 0, 0
1335013, 88767622, 0, 0
1336016, 93812556, 0, 0
1337007, 91002833, 0, 0
1338049, 92686338, 0, 0
1339047, 104559890, 0, 0
1340000, 82937785, 0, 0
1341049, 80358948, 0, 0
1342008, 86706752, 0, 0
1343035, 102680282, 0, 0
1344041, 86679548, 0, 0
1345014, 89432053, 0, 0
1346005, 84152679, 0, 0
1347036, 84670786, 0, 0
1348018, 95379125, 0, 0
1349051, 91028831, 0, 0
1350029, 83197966, 0, 0
1351041, 91388444, 0, 0
1352041, 76032870, 0, 0
1353031, 95074615, 0, 0
1354054, 84565255, 0, 0
1355018, 80506237, 0, 0
1356048, 95319077, 0, 0
1357065, 92747562, 0, 0
1358042, 75197821, 0, 0
1359022, 79372194, 0, 0
1360003, 73348470, 0, 0
1361028, 76682998, 0, 0
1362032, 91673938, 0, 0
1363030, 86453774, 0, 0
1364051, 94877288, 0, 0
1365042, 86343513, 0, 0
1366036, 70302931, 0, 0
1367046, 88622346, 0, 0
1368025, 74669516, 0, 0
1369030, 79580927, 0, 0
1370047, 75094380, 0, 0
1371035, 82421352, 0, 0
1372052, 75123728, 0, 0
1373006, 73582311, 0, 0
1374028, 65062856, 0, 0
1375057, 71587248, 0, 0
1376040, 72826420, 0, 0
1377058, 74620259, 0, 0
1378047, 68561059, 0, 0
1379055, 77830845, 0, 0
1380047, 73990534, 0, 0
1381044, 76381098, 0, 0
1382003, 77658665, 0, 0
1383027, 71487505, 0, 0
1384048, 68931179, 0, 0
1385017, 76899237, 0, 0
1386000, 75948113, 0, 0
1387058, 70020628, 0, 0
1388017, 70189455, 0, 0
1389010, 86083206, 0, 0
1390060, 76395157, 0, 0
1391038, 68766858, 0, 0
1392053, 80416632, 0, 0
1393014, 60842186, 0, 0
1394011, 74258122, 0, 0
1395044, 67851480, 0, 0
1396008, 69772004, 0, 0
1397049, 67561507, 0, 0
1398049, 69203626, 0, 0
1399023, 73205202, 0, 0
1400043, 85422913, 0, 0
1401043, 62804738, 0, 0
1402000, 71027577, 0, 0
1403019, 76456729, 0, 0
1404002, 61619124, 0, 0
1405067, 73118326, 0, 0
1406053, 67229839, 0, 0
1407014, 67949991, 0, 0
1408028, 78770115, 0, 0
1409056, 71481664, 0, 0
1410009, 74885916, 0, 0
1411009, 76112090, 0, 0
1412038, 68971383, 0, 0
1413053, 72410618, 0, 0
1414000, 69226339, 0, 0
1415005, 75328244, 0, 0
1416036, 62240333, 0, 0
1417030, 72667597, 0, 0
1418031, 69727451, 0, 0
1419042, 70863266, 0, 0
1420035, 65034387, 0, 0
1421031, 68313555, 0, 0
1422033, 80754039, 0, 0
1423048, 73544713, 0, 0
1424092, 67118621, 0, 0
1425005, 66109108, 0, 0
1426024, 60915042, 0, 0
1427000, 65239153, 0, 0
1428047, 64932730, 0, 0
1429046, 82990503, 0, 0
1430058, 70077089, 0, 0
1431055, 66374107, 0, 0
1432051, 83238555, 0, 0
1433010, 73306981, 0, 0
1434005, 61078321, 0, 0
1435050, 62974365, 0, 0
1436049, 69019300, 0, 0
1437040, 61716335, 0, 0
1438025, 71231088, 0, 0
1439025, 63933622, 0, 0
1440044, 68375025, 0, 0
1441015, 58613448, 0, 0
1442036, 69095755, 0, 0
1443007, 57386407, 0, 0
1444055, 66713520, 0, 0
1445004, 73219235, 0, 0
1446037, 58021542, 0, 0
1447034, 60146721, 0, 0
1448003, 73967066, 0, 0
1449041, 86278040, 0, 0
1450007, 62200457, 0, 0
1451047, 69661525, 0, 0
1452042, 53099200, 0, 0
1453019, 70815523, 0, 0
1454073, 56285565, 0, 0
1455033, 62919393, 0, 0
1456059, 50686264, 0, 0
1457012, 56349216, 0, 0
1458039, 63794492, 0, 0
1459031, 48794456, 0, 0
1460041, 47599280, 0, 0
1461054, 52019704, 0, 0
1462007, 58725032, 0, 0
1463006, 55662069, 0, 0
1464014, 55279321, 0, 0
1465015, 54003928, 0, 0
1466057, 56052180, 0, 0
1467011, 55536220, 0, 0
1468003, 53141438, 0, 0
1469041, 57829313, 0, 0
1470083, 54526431, 0, 0
1471012, 68892529, 0, 0
1472014, 54861367, 0, 0
1473054, 59465236, 0, 0
1474020, 52228836, 0, 0
1475025, 48325014, 0, 0
1476030, 41281639, 0, 0
1477021, 53588905, 0, 0
1478010, 42043120, 0, 0
1479047, 41929762, 0, 0
1480000, 45728188, 0, 0
1481022, 52343184, 0, 0
1482010, 47556208, 0, 0
1483093, 47311918, 0, 0
1484062, 55058721, 0, 0
1485042, 47511010, 0, 0
1486014, 42630651, 0, 0
1487022, 32993271, 0, 0
1488027, 40704224, 0, 0
1489034, 45726590, 0, 0
1490037, 44782020, 0, 0
1491001, 45231035, 0, 0
1492034, 50635253, 0, 0
1493024, 35008262, 0, 0
1494001, 43312359, 0, 0
1495044, 38390560, 0, 0
1496034, 46334512, 0, 0
1497039, 47768747, 0, 0
1498034, 43000889, 0, 0
1499053, 42787917, 0, 0
1500055, 41032860, 0, 0
1501042, 35884038, 0, 0
1502034, 32520584, 0, 0
1503014, 38196517, 0, 0
1504032, 38687605, 0, 0
1505007, 46674162, 0, 0
1506076, 32330883, 0, 0
1507016, 38906581, 0, 0
1508057, 31451049, 0, 0
1509002, 45467150, 0, 0
1510020, 30672539, 0, 0
1511001, 47386783, 0, 0
1512040, 34740087, 0, 0
1513018, 51747839, 0, 0
1514004, 34332784, 0, 0
1515004, 40414080, 0, 0
1516088, 35772349, 0, 0
1517044, 40734831, 0, 0
1518027, 35106659, 0, 0
1519013, 31234507, 0, 0
1520049, 30233680, 0, 0
1521017, 30007564, 0, 0
1522050, 29659966, 0, 0
1523004, 30985321, 0, 0
1524000, 32319657, 0, 0
1525059, 26753740, 0, 0
1526005, 31096530, 0, 0
1527010, 29324875, 0, 0
1528015, 26853218, 0, 0
1529037, 29878390, 0, 0
1530015, 28443064, 0, 0
1531027, 27994733, 0, 0
1532039, 25050262, 0, 0
1533034, 26869210, 0, 0
1534038, 20934596, 0, 0
1535039, 29487015, 0, 0
1536009, 28800036, 0, 0
1537013, 25507770, 0, 0
1538040, 26207651, 0, 0
1539040, 24660112, 0, 0
1540045, 22111425, 0, 0
1541051, 22408803, 0, 0
1542029, 23411254, 0, 0
1543055, 20704623, 0, 0
1544053, 23138851, 0, 0
1545014, 18947714, 0, 0
1546042, 21825358, 0, 0
1547044, 27253740, 0, 0
1548032, 18428048, 0, 0
1549056, 22304150, 0, 0
1550050, 23311615, 0, 0
1551014, 18468110, 0, 0
1552050, 16182145, 0, 0
1553006, 21173826, 0, 0
1554037, 14835864, 0, 0
1555005, 16092755, 0, 0
1556000, 15185157, 0, 0
1557031, 14660212, 0, 0
1558009, 17645014, 0, 0
1559052, 15130407, 0, 0
1560039, 19842159, 0, 0
1561039, 11997273, 0, 0
1562009, 15316554, 0, 0
1563046, 16156484, 0, 0
1564010, 18544979, 0, 0
1565004, 14939878, 0, 0
1566016, 12106663, 0, 0
1567016, 22457284, 0, 0
1568009, 9383169, 0, 0
1569019, 9213451, 0, 0
1570054, 12892648, 0, 0
1571039, 8700864, 0, 0
1572011, 11036383, 0, 0
1573049, 8186956, 0, 0
1574023, 6925476, 0, 0
1575023, 7250522, 0, 0
1576055, 8827446, 0, 0
1577013, 11947194, 0, 0
1578029, 7540421, 0, 0
1579028, 7390506, 0, 0
1580009, 6086355, 0, 0
1581025, 5114737, 0, 0
1582000, 4381416, 0, 0
1583010, 6482601, 0, 0
1584000, 5331487, 0, 0
1585000, 4189552, 0, 0
1586045, 5457948, 0, 0
1587024, 4243424, 0, 0
1588032, 2291942, 0, 0
1589002, 2544986, 0, 0
1590000, 2258945, 0, 0
1591006, 1748437, 0, 0
1592000, 1538805, 0, 0
1593000, 985389, 0, 0
1594000, 884115, 0, 0
1595000, 1228301, 0, 0
1596000, 660485, 0, 0
1597000, 645096, 0, 0
1598000, 643822, 0, 0
1599000, 644033, 0, 0
1600000, 643008, 0, 0
1601000, 643084, 0, 0
1602000, 645271, 0, 0
1603000, 641927, 0, 0
1604000, 641070, 0, 0
1605000, 685178, 0, 0
1606000, 643356, 0, 0
1607000, 641988, 0, 0
1608000, 640924, 0, 0
1609000, 641251, 0, 0
1610000, 642992, 0, 0
1611000, 641396, 0, 0
1612000, 643977, 0, 0
1613000, 641126, 0, 0
1614000, 645175, 0, 0
1615000, 643937, 0, 0
1616000, 646961, 0, 0
1617000, 644167, 0, 0
1618000, 643801, 0, 0
1619000, 643811, 0, 0
1620000, 643242, 0, 0
1621000, 641376, 0, 0
1622000, 643033, 0, 0
1623000, 641481, 0, 0
1624000, 642289, 0, 0
1625000, 656114, 0, 0
1626000, 640508, 0, 0
1627000, 642656, 0, 0
1628000, 639165, 0, 0
1629000, 639525, 0, 0
1630000, 641101, 0, 0
1631000, 641393, 0, 0
1632000, 641200, 0, 0
1633000, 643248, 0, 0
1634000, 642852, 0, 0
1635000, 739371, 0, 0
1636000, 641397, 0, 0
1637000, 639174, 0, 0
1638000, 639354, 0, 0
1639000, 637651, 0, 0
1640000, 640218, 0, 0
1641000, 638902, 0, 0
1642000, 640327, 0, 0
1643000, 640142, 0, 0
1644000, 639690, 0, 0
1645000, 643872, 0, 0
1646000, 642068, 0, 0
1647000, 639917, 0, 0
1648000, 638497, 0, 0
1649000, 640534, 0, 0
1650000, 643691, 0, 0
1651000, 639734, 0, 0
1652000, 640098, 0, 0
1653000, 638484, 0, 0
1654000, 637827, 0, 0
1655000, 639756, 0, 0
1656000, 639628, 0, 0
1657000, 879664, 0, 0
1658000, 635576, 0, 0
1659000, 633643, 0, 0
1660000, 633606, 0, 0
1661000, 635620, 0, 0
1662000, 635616, 0, 0
1663000, 636925, 0, 0
1664000, 634381, 0, 0
1665000, 635590, 0, 0
1666000, 635599, 0, 0
1667000, 635590, 0, 0
1668000, 636226, 0, 0
1669000, 636655, 0, 0
1670000, 636921, 0, 0
1671000, 633816, 0, 0
1672000, 633912, 0, 0
1673000, 632556, 0, 0
1674000, 638488, 0, 0
1675000, 637813, 0, 0
1676000, 636403, 0, 0
1677000, 636351, 0, 0
1678000, 636462, 0, 0
1679000, 638328, 0, 0
1680000, 637466, 0, 0
1681000, 636030, 0, 0
1682000, 635339, 0, 0
1683000, 641194, 0, 0
1684000, 637266, 0, 0
1685000, 651120, 0, 0
1686000, 637828, 0, 0
1687000, 635357, 0, 0
1688000, 637001, 0, 0
1689000, 638247, 0, 0
1690000, 637532, 0, 0
1691000, 637282, 0, 0
1692000, 633814, 0, 0
1693000, 635099, 0, 0
1694000, 633327, 0, 0
1695000, 636342, 0, 0
1696000, 632425, 0, 0
1697000, 632741, 0, 0
1698000, 635191, 0, 0
1699000, 635045, 0, 0
1700000, 634396, 0, 0
1701000, 637014, 0, 0
1702000, 637190, 0, 0
1703000, 637318, 0, 0
1704000, 637819, 0, 0
1705000, 638995, 0, 0
1706000, 635279, 0, 0
1707000, 636643, 0, 0
1708000, 636780, 0, 0
1709000, 636873, 0, 0
1710000, 639809, 0, 0
1711000, 636576, 0, 0
1712000, 641791, 0, 0
1713000, 636509, 0, 0
1714000, 638245, 0, 0
1715000, 639268, 0, 0
1716000, 640249, 0, 0
1717000, 640007, 0, 0
1718000, 637908, 0, 0
1719000, 638085, 0, 0
1720000, 834440, 0, 0
1721000, 640343, 0, 0
1722000, 638100, 0, 0
1723000, 635331, 0, 0
1724000, 638200, 0, 0
1725000, 636601, 0, 0
1726000, 635057, 0, 0
1727000, 635865, 0, 0
1728000, 633903, 0, 0
1729000, 635165, 0, 0
1730000, 635304, 0, 0
1731000, 637818, 0, 0
1732000, 638033, 0, 0
1733000, 635255, 0, 0
1734000, 635939, 0, 0
1735000, 636754, 0, 0
1736000, 637336, 0, 0
1737000, 637384, 0, 0
1738000, 636851, 0, 0
1739000, 639051, 0, 0
1740000, 639665, 0, 0
1741000, 639085, 0, 0
1742000, 638994, 0, 0
1743000, 638300, 0, 0
1744000, 638562, 0, 0
1745000, 639730, 0, 0
1746000, 639766, 0, 0
1747000, 638742, 0, 0
1748000, 636687, 0, 0
1749000, 638281, 0, 0
1750000, 636673, 0, 0
1751000, 639100, 0, 0
1752000, 638380, 0, 0
1753000, 639634, 0, 0
1754000, 637928, 0, 0
1755000, 638092, 0, 0
1756000, 637655, 0, 0
1757000, 637006, 0, 0
1758000, 636761, 0, 0
1759000, 638731, 0, 0
1760000, 637245, 0, 0
1761000, 638738, 0, 0
1762000, 648396, 0, 0
1763000, 636908, 0, 0
1764000, 636582, 0, 0
1765000, 637808, 0, 0
1766000, 636510, 0, 0
1767000, 637582, 0, 0
1768000, 639484, 0, 0
1769000, 639053, 0, 0
1770000, 638820, 0, 0
1771000, 639211, 0, 0
1772000, 634384, 0, 0
1773000, 633785, 0, 0
1774000, 635326, 0, 0
1775000, 634912, 0, 0
1776000, 635657, 0, 0
1777000, 639069, 0, 0
1778000, 639214, 0, 0
1779000, 636244, 0, 0
1780000, 637008, 0, 0
1781000, 642029, 0, 0
1782000, 636461, 0, 0
1783000, 817297, 0, 0
1784000, 639534, 0, 0
1785000, 639456, 0, 0
1786000, 637421, 0, 0
1787000, 638452, 0, 0
1788000, 637703, 0, 0
1789000, 637861, 0, 0
1790000, 636394, 0, 0
1791000, 637743, 0, 0
1792000, 637396, 0, 0
1793000, 635796, 0, 0
1794000, 637858, 0, 0
1795000, 636105, 0, 0
1796000, 636725, 0, 0
1797000, 634027, 0, 0
1798000, 637060, 0, 0
1799000, 636426, 0, 0
1800000, 635916, 0, 0
1800000, 472115, 0, 0
