2075, 2075696391, 0, 0
2075, 2072036894, 0, 0
3000, 922672, 0, 0
4000, 158624, 0, 0
5000, 148356, 0, 0
6000, 144674, 0, 0
7000, 139178, 0, 0
8000, 147985, 0, 0
9000, 143544, 0, 0
10000, 139523, 0, 0
11000, 138293, 0, 0
12000, 138967, 0, 0
13000, 146124, 0, 0
14000, 144689, 0, 0
15000, 148525, 0, 0
16000, 150351, 0, 0
17000, 140421, 0, 0
18000, 141960, 0, 0
19000, 136844, 0, 0
20000, 151119, 0, 0
21000, 150521, 0, 0
22000, 155797, 0, 0
23000, 162287, 0, 0
24000, 149993, 0, 0
25000, 146677, 0, 0
26000, 142095, 0, 0
27000, 138440, 0, 0
28000, 141360, 0, 0
29000, 143465, 0, 0
30000, 140690, 0, 0
31000, 155457, 0, 0
32000, 143762, 0, 0
33000, 148704, 0, 0
34000, 137595, 0, 0
35000, 138436, 0, 0
36000, 142381, 0, 0
37000, 159497, 0, 0
38000, 141114, 0, 0
39000, 143468, 0, 0
40000, 142645, 0, 0
41000, 142733, 0, 0
42000, 153960, 0, 0
43000, 153945, 0, 0
44000, 140359, 0, 0
45000, 155560, 0, 0
46000, 140154, 0, 0
47000, 137735, 0, 0
48000, 137031, 0, 0
49000, 141007, 0, 0
50000, 136490, 0, 0
51000, 140749, 0, 0
52000, 138996, 0, 0
53000, 141695, 0, 0
54000, 134649, 0, 0
55000, 136080, 0, 0
56000, 151475, 0, 0
57000, 136122, 0, 0
58000, 138437, 0, 0
59000, 149872, 0, 0
60000, 143117, 0, 0
61000, 137786, 0, 0
62000, 137599, 0, 0
63000, 141413, 0, 0
64000, 142196, 0, 0
65000, 144897, 0, 0
66000, 136813, 0, 0
67000, 135539, 0, 0
68000, 136332, 0, 0
69000, 141610, 0, 0
70000, 141296, 0, 0
71000, 137860, 0, 0
72000, 138549, 0, 0
73000, 139893, 0, 0
74000, 140482, 0, 0
75000, 135108, 0, 0
76000, 144361, 0, 0
77000, 136544, 0, 0
78000, 141026, 0, 0
79000, 138530, 0, 0
80000, 166563, 0, 0
81000, 142494, 0, 0
82000, 143917, 0, 0
83000, 140009, 0, 0
84000, 143090, 0, 0
85000, 137618, 0, 0
86000, 138965, 0, 0
87000, 144222, 0, 0
88000, 144265, 0, 0
89000, 153269, 0, 0
90000, 149819, 0, 0
91000, 143139, 0, 0
92000, 229646, 0, 0
93000, 267966, 0, 0
94000, 255482, 0, 0
95000, 277356, 0, 0
96000, 262012, 0, 0
97000, 279129, 0, 0
98000, 264214, 0, 0
99000, 265456, 0, 0
100000, 282539, 0, 0
101000, 340932, 0, 0
102000, 1336036, 0, 0
103000, 1289846, 0, 0
104000, 1293517, 0, 0
105001, 1275277, 0, 0
106000, 1295415, 0, 0
107001, 1307187, 0, 0
108001, 1236724, 0, 0
109000, 1282028, 0, 0
110000, 1246458, 0, 0
111000, 1268824, 0, 0
112001, 1270252, 0, 0
113000, 1280323, 0, 0
114000, 1286479, 0, 0
115000, 1271156, 0, 0
116001, 1254005, 0, 0
117000, 1223591, 0, 0
118000, 1236294, 0, 0
119000, 1239804, 0, 0
120000, 1170736, 0, 0
121001, 1175034, 0, 0
122000, 1156935, 0, 0
123000, 1179572, 0, 0
124000, 1210896, 0, 0
125001, 1167075, 0, 0
126000, 1193908, 0, 0
127001, 1179092, 0, 0
128000, 1202325, 0, 0
129000, 1187148, 0, 0
130000, 1164842, 0, 0
131001, 1192092, 0, 0
132000, 1181263, 0, 0
133001, 1212558, 0, 0
134000, 1172719, 0, 0
135001, 1171055, 0, 0
136001, 1196458, 0, 0
137000, 1169180, 0, 0
138000, 1200109, 0, 0
139001, 1195344, 0, 0
140001, 1167627, 0, 0
141001, 1166534, 0, 0
142000, 1202875, 0, 0
143001, 1192608, 0, 0
144000, 1230798, 0, 0
145001, 1166588, 0, 0
146001, 1193254, 0, 0
147001, 1216864, 0, 0
148001, 1203078, 0, 0
149000, 1211028, 0, 0
150000, 1207428, 0, 0
151001, 1223594, 0, 0
152001, 1198158, 0, 0
153000, 1185536, 0, 0
154001, 1154450, 0, 0
155000, 1195637, 0, 0
156000, 1192088, 0, 0
157000, 1204718, 0, 0
158000, 1245331, 0, 0
159001, 1211281, 0, 0
160001, 1195968, 0, 0
161000, 1197119, 0, 0
162001, 1225379, 0, 0
163001, 1210042, 0, 0
164001, 1215032, 0, 0
165000, 1195151, 0, 0
166000, 1186241, 0, 0
167000, 1193184, 0, 0
168001, 1195311, 0, 0
169000, 1213090, 0, 0
170000, 1219328, 0, 0
171000, 1203059, 0, 0
172000, 1223670, 0, 0
173001, 1200540, 0, 0
174001, 1219630, 0, 0
175000, 1210242, 0, 0
176000, 1205583, 0, 0
177001, 1206447, 0, 0
178000, 1195076, 0, 0
179001, 1229701, 0, 0
180000, 1239096, 0, 0
181000, 1217352, 0, 0
182000, 1215833, 0, 0
183001, 1199857, 0, 0
184000, 1229038, 0, 0
185001, 1218458, 0, 0
186000, 1230366, 0, 0
187001, 1213876, 0, 0
188001, 1187004, 0, 0
189000, 1217422, 0, 0
190001, 1208442, 0, 0
191001, 1207116, 0, 0
192000, 1191464, 0, 0
193000, 1204477, 0, 0
194000, 1182101, 0, 0
195000, 1215373, 0, 0
196000, 1161947, 0, 0
197001, 1129862, 0, 0
198000, 1190017, 0, 0
199001, 1193100, 0, 0
200000, 1210214, 0, 0
201000, 1189471, 0, 0
202000, 1206574, 0, 0
203001, 1199543, 0, 0
204000, 1164135, 0, 0
205000, 1182880, 0, 0
206001, 1185414, 0, 0
207000, 1174929, 0, 0
208000, 1176030, 0, 0
209000, 1159593, 0, 0
210000, 1178576, 0, 0
211000, 1179497, 0, 0
212000, 1178480, 0, 0
213000, 1176859, 0, 0
214001, 1209132, 0, 0
215000, 1186803, 0, 0
216000, 1165649, 0, 0
217000, 1153727, 0, 0
218001, 1415159, 0, 0
219001, 1207326, 0, 0
220000, 1179947, 0, 0
221000, 1177924, 0, 0
222000, 1173914, 0, 0
223000, 1182370, 0, 0
224000, 1190722, 0, 0
225000, 1159361, 0, 0
226000, 1197212, 0, 0
227001, 1169965, 0, 0
228001, 1150494, 0, 0
229001, 1152937, 0, 0
230001, 1181155, 0, 0
231000, 706770, 0, 0
232000, 693956, 0, 0
233000, 706806, 0, 0
234000, 701439, 0, 0
235000, 707208, 0, 0
236000, 705454, 0, 0
237000, 698341, 0, 0
238000, 700629, 0, 0
239000, 695014, 0, 0
240000, 689324, 0, 0
241000, 711137, 0, 0
242000, 695108, 0, 0
243000, 699353, 0, 0
244000, 697363, 0, 0
245000, 700135, 0, 0
246000, 687968, 0, 0
247000, 693205, 0, 0
248000, 703636, 0, 0
249000, 794151, 0, 0
250000, 811366, 0, 0
251000, 809793, 0, 0
252000, 792797, 0, 0
253000, 791466, 0, 0
254000, 787677, 0, 0
255000, 806430, 0, 0
256000, 787768, 0, 0
257000, 786746, 0, 0
258000, 805790, 0, 0
259000, 805612, 0, 0
260000, 810494, 0, 0
261000, 799217, 0, 0
262000, 793696, 0, 0
263000, 799569, 0, 0
264001, 804653, 0, 0
265000, 832334, 0, 0
266001, 799362, 0, 0
267000, 800600, 0, 0
268000, 790618, 0, 0
269000, 786966, 0, 0
270000, 813311, 0, 0
271000, 804103, 0, 0
272000, 797088, 0, 0
273001, 806402, 0, 0
274000, 802623, 0, 0
275000, 795255, 0, 0
276000, 793272, 0, 0
277000, 793245, 0, 0
278000, 799270, 0, 0
279000, 791659, 0, 0
280000, 797811, 0, 0
281001, 787364, 0, 0
282000, 784681, 0, 0
283000, 811660, 0, 0
284000, 805294, 0, 0
285000, 805578, 0, 0
286000, 801049, 0, 0
287000, 806061, 0, 0
288000, 810630, 0, 0
289000, 805829, 0, 0
290000, 1099342, 0, 0
291000, 832386, 0, 0
292000, 848858, 0, 0
293000, 829532, 0, 0
294000, 827783, 0, 0
295001, 840510, 0, 0
296000, 829631, 0, 0
297000, 826608, 0, 0
298000, 839290, 0, 0
299000, 837835, 0, 0
300000, 837273, 0, 0
301000, 833906, 0, 0
302000, 843439, 0, 0
303000, 844341, 0, 0
304000, 835015, 0, 0
305000, 888921, 0, 0
306000, 836806, 0, 0
307000, 837792, 0, 0
308000, 831456, 0, 0
309000, 826609, 0, 0
310000, 835524, 0, 0
311000, 836158, 0, 0
312001, 836756, 0, 0
313000, 840283, 0, 0
314000, 821513, 0, 0
315000, 826579, 0, 0
316000, 811502, 0, 0
317001, 822879, 0, 0
318000, 819860, 0, 0
319001, 848571, 0, 0
320000, 857314, 0, 0
321000, 795699, 0, 0
322000, 803982, 0, 0
323000, 792228, 0, 0
324000, 795572, 0, 0
325000, 794844, 0, 0
326000, 804041, 0, 0
327000, 796100, 0, 0
328001, 792359, 0, 0
329000, 786355, 0, 0
330000, 784009, 0, 0
331001, 799222, 0, 0
332000, 795870, 0, 0
333000, 799725, 0, 0
334000, 796931, 0, 0
335000, 784784, 0, 0
336000, 779559, 0, 0
337000, 791346, 0, 0
338000, 785303, 0, 0
339001, 799690, 0, 0
340000, 789835, 0, 0
341000, 793729, 0, 0
342000, 780105, 0, 0
343000, 765487, 0, 0
344000, 770306, 0, 0
345000, 777201, 0, 0
346000, 786774, 0, 0
347000, 780494, 0, 0
348001, 786925, 0, 0
349000, 785730, 0, 0
350000, 780402, 0, 0
351000, 782918, 0, 0
352000, 780302, 0, 0
353000, 792600, 0, 0
354000, 782910, 0, 0
355000, 788952, 0, 0
356000, 787448, 0, 0
357000, 770632, 0, 0
358001, 776164, 0, 0
359000, 769413, 0, 0
360000, 779116, 0, 0
361000, 770551, 0, 0
362000, 784481, 0, 0
363000, 758472, 0, 0
364000, 760781, 0, 0
365000, 783105, 0, 0
366000, 768021, 0, 0
367000, 760717, 0, 0
368000, 762550, 0, 0
369000, 765643, 0, 0
370000, 760265, 0, 0
371000, 764374, 0, 0
372000, 761365, 0, 0
373000, 765783, 0, 0
374000, 773886, 0, 0
375000, 771283, 0, 0
376000, 750913, 0, 0
377000, 747405, 0, 0
378001, 743352, 0, 0
379000, 746829, 0, 0
380000, 728943, 0, 0
381000, 734072, 0, 0
382000, 732644, 0, 0
383000, 728228, 0, 0
384000, 723126, 0, 0
385001, 733347, 0, 0
386000, 754418, 0, 0
387000, 735544, 0, 0
388000, 744764, 0, 0
389001, 729985, 0, 0
390000, 727310, 0, 0
391000, 741874, 0, 0
392000, 732386, 0, 0
393000, 735947, 0, 0
394000, 723174, 0, 0
395000, 720278, 0, 0
396000, 749518, 0, 0
397000, 752122, 0, 0
398000, 735373, 0, 0
399000, 722207, 0, 0
400000, 726312, 0, 0
401000, 735953, 0, 0
402000, 727613, 0, 0
403000, 749116, 0, 0
404000, 733844, 0, 0
405000, 726681, 0, 0
406000, 728456, 0, 0
407000, 738814, 0, 0
408000, 746518, 0, 0
409000, 731524, 0, 0
410000, 733423, 0, 0
411000, 725077, 0, 0
412000, 742217, 0, 0
413000, 723217, 0, 0
414001, 733843, 0, 0
415000, 729957, 0, 0
416000, 730862, 0, 0
417000, 851880, 0, 0
418001, 961451, 0, 0
419000, 974134, 0, 0
420000, 986158, 0, 0
421000, 1042774, 0, 0
422000, 1046432, 0, 0
423000, 986517, 0, 0
424000, 988807, 0, 0
425000, 1000251, 0, 0
426000, 996498, 0, 0
427000, 1008618, 0, 0
428001, 1007278, 0, 0
429000, 987698, 0, 0
430001, 985447, 0, 0
431001, 992880, 0, 0
432000, 1001432, 0, 0
433000, 992065, 0, 0
434001, 975040, 0, 0
435000, 993723, 0, 0
436000, 990333, 0, 0
437001, 1002337, 0, 0
438000, 1008255, 0, 0
439001, 999894, 0, 0
440000, 958800, 0, 0
441000, 976649, 0, 0
442001, 967933, 0, 0
443000, 1007615, 0, 0
444000, 1002562, 0, 0
445000, 996744, 0, 0
446000, 987447, 0, 0
447000, 997355, 0, 0
448000, 963044, 0, 0
449000, 975316, 0, 0
450000, 977675, 0, 0
451001, 990334, 0, 0
452000, 976155, 0, 0
453001, 978817, 0, 0
454000, 986991, 0, 0
455000, 995990, 0, 0
456001, 1003366, 0, 0
457000, 987255, 0, 0
458000, 1002197, 0, 0
459000, 988079, 0, 0
460000, 991404, 0, 0
461000, 997352, 0, 0
462000, 998965, 0, 0
463000, 1023364, 0, 0
464001, 993564, 0, 0
465000, 997595, 0, 0
466000, 995118, 0, 0
467000, 1012785, 0, 0
468001, 995767, 0, 0
469000, 1002494, 0, 0
470001, 969927, 0, 0
471000, 993870, 0, 0
472000, 1006609, 0, 0
473001, 982753, 0, 0
474000, 1009894, 0, 0
475001, 985170, 0, 0
476000, 1001436, 0, 0
477000, 984900, 0, 0
478000, 993066, 0, 0
479000, 1012191, 0, 0
480000, 1028230, 0, 0
481001, 994161, 0, 0
482000, 989590, 0, 0
483000, 1006803, 0, 0
484000, 1019721, 0, 0
485000, 1008694, 0, 0
486000, 1017863, 0, 0
487000, 1018284, 0, 0
488000, 987901, 0, 0
489000, 985377, 0, 0
490001, 1000165, 0, 0
491000, 1004394, 0, 0
492000, 1008345, 0, 0
493000, 1023200, 0, 0
494001, 1004121, 0, 0
495000, 962985, 0, 0
496000, 952244, 0, 0
497000, 954838, 0, 0
498000, 954580, 0, 0
499000, 961513, 0, 0
500001, 950926, 0, 0
501000, 954560, 0, 0
502000, 960092, 0, 0
503000, 978484, 0, 0
504000, 955220, 0, 0
505001, 956834, 0, 0
506000, 963839, 0, 0
507000, 960841, 0, 0
508000, 979257, 0, 0
509000, 950868, 0, 0
510000, 965340, 0, 0
511000, 968475, 0, 0
512001, 967655, 0, 0
513000, 952344, 0, 0
514000, 983646, 0, 0
515000, 955172, 0, 0
516000, 969085, 0, 0
517000, 966427, 0, 0
518000, 964165, 0, 0
519000, 964272, 0, 0
520000, 970439, 0, 0
521000, 969356, 0, 0
522000, 959829, 0, 0
523000, 974720, 0, 0
524000, 964093, 0, 0
525000, 957900, 0, 0
526000, 951541, 0, 0
527000, 950105, 0, 0
528001, 947917, 0, 0
529013, 1223130, 0, 0
530001, 1017392, 0, 0
531000, 963211, 0, 0
532000, 961399, 0, 0
533000, 524654, 0, 0
534000, 513575, 0, 0
535000, 516662, 0, 0
536000, 520445, 0, 0
537000, 513280, 0, 0
538000, 491850, 0, 0
539000, 457289, 0, 0
540000, 451044, 0, 0
541000, 451284, 0, 0
542000, 448407, 0, 0
543000, 461479, 0, 0
544000, 449757, 0, 0
545000, 458940, 0, 0
546000, 456967, 0, 0
547000, 467940, 0, 0
548000, 447354, 0, 0
549000, 455224, 0, 0
550000, 457552, 0, 0
551000, 452373, 0, 0
552000, 450155, 0, 0
553000, 451882, 0, 0
554000, 457987, 0, 0
555000, 467111, 0, 0
556000, 465336, 0, 0
557000, 455132, 0, 0
558000, 456485, 0, 0
559000, 464765, 0, 0
560000, 462923, 0, 0
561000, 455627, 0, 0
562000, 457046, 0, 0
563000, 455745, 0, 0
564000, 459834, 0, 0
565000, 454787, 0, 0
566000, 466870, 0, 0
567000, 462531, 0, 0
568000, 542643, 0, 0
569000, 530620, 0, 0
570000, 535909, 0, 0
571000, 537384, 0, 0
572000, 531492, 0, 0
573000, 528952, 0, 0
574000, 536991, 0, 0
575000, 536623, 0, 0
576000, 536892, 0, 0
577000, 530590, 0, 0
578000, 531852, 0, 0
579000, 540186, 0, 0
580000, 538618, 0, 0
581000, 535841, 0, 0
582000, 531625, 0, 0
583000, 536931, 0, 0
584000, 539578, 0, 0
585000, 536286, 0, 0
586000, 542391, 0, 0
587000, 539657, 0, 0
588000, 535191, 0, 0
589000, 537224, 0, 0
590000, 536117, 0, 0
591000, 539599, 0, 0
592000, 536404, 0, 0
593001, 530267, 0, 0
594000, 534056, 0, 0
595000, 530902, 0, 0
596000, 529985, 0, 0
597000, 532127, 0, 0
598000, 533113, 0, 0
599000, 535542, 0, 0
600000, 528438, 0, 0
601000, 534598, 0, 0
602000, 535131, 0, 0
603000, 537872, 0, 0
604000, 543351, 0, 0
605000, 530355, 0, 0
606000, 534077, 0, 0
607000, 539759, 0, 0
608000, 537835, 0, 0
609000, 542528, 0, 0
610000, 531534, 0, 0
611000, 537686, 0, 0
612000, 534140, 0, 0
613000, 538154, 0, 0
614000, 540147, 0, 0
615000, 533818, 0, 0
616000, 533553, 0, 0
617000, 535036, 0, 0
618000, 540052, 0, 0
619000, 533889, 0, 0
620000, 536701, 0, 0
621000, 535289, 0, 0
622000, 535575, 0, 0
623000, 822957, 0, 0
624000, 534334, 0, 0
625000, 540851, 0, 0
626000, 539761, 0, 0
627000, 534545, 0, 0
628000, 540507, 0, 0
629000, 538486, 0, 0
630000, 537800, 0, 0
631000, 534132, 0, 0
632000, 537028, 0, 0
633000, 539127, 0, 0
634000, 538544, 0, 0
635000, 535271, 0, 0
636000, 540849, 0, 0
637000, 537702, 0, 0
638000, 541050, 0, 0
639000, 541356, 0, 0
640000, 535305, 0, 0
641000, 532293, 0, 0
642000, 537082, 0, 0
643000, 534473, 0, 0
644000, 540629, 0, 0
645000, 540177, 0, 0
646000, 535740, 0, 0
647000, 537519, 0, 0
648000, 538892, 0, 0
649000, 539311, 0, 0
650000, 534037, 0, 0
651000, 540856, 0, 0
652000, 542357, 0, 0
653000, 535539, 0, 0
654000, 539002, 0, 0
655000, 532393, 0, 0
656000, 534589, 0, 0
657000, 538333, 0, 0
658000, 534916, 0, 0
659000, 539947, 0, 0
660000, 537440, 0, 0
661000, 540457, 0, 0
662000, 631414, 0, 0
663000, 540597, 0, 0
664000, 539361, 0, 0
665000, 536503, 0, 0
666000, 540485, 0, 0
667000, 539638, 0, 0
668000, 534358, 0, 0
669000, 533628, 0, 0
670000, 539325, 0, 0
671000, 533784, 0, 0
672000, 539570, 0, 0
673000, 539457, 0, 0
674000, 537072, 0, 0
675000, 538497, 0, 0
676000, 538599, 0, 0
677000, 538199, 0, 0
678000, 541897, 0, 0
679000, 539436, 0, 0
680000, 538343, 0, 0
681000, 547366, 0, 0
682000, 538352, 0, 0
683000, 543353, 0, 0
684000, 545444, 0, 0
685000, 544279, 0, 0
686000, 544015, 0, 0
687000, 609457, 0, 0
688000, 691101, 0, 0
689000, 706276, 0, 0
690000, 695601, 0, 0
691000, 713451, 0, 0
692000, 704264, 0, 0
693000, 712317, 0, 0
694000, 677159, 0, 0
695000, 697506, 0, 0
696000, 725103, 0, 0
697000, 711507, 0, 0
698000, 692449, 0, 0
699000, 712370, 0, 0
700000, 703705, 0, 0
701003, 930476, 0, 0
702000, 798673, 0, 0
703000, 701516, 0, 0
704000, 701834, 0, 0
705000, 700145, 0, 0
706000, 705934, 0, 0
707000, 720885, 0, 0
708000, 731239, 0, 0
709000, 732801, 0, 0
710000, 697975, 0, 0
711000, 695205, 0, 0
712000, 704671, 0, 0
713000, 703241, 0, 0
714000, 733105, 0, 0
715000, 706825, 0, 0
716000, 708594, 0, 0
717000, 710446, 0, 0
718000, 716809, 0, 0
719000, 695843, 0, 0
720000, 692583, 0, 0
721000, 702543, 0, 0
722000, 704391, 0, 0
723000, 699050, 0, 0
724000, 711695, 0, 0
725000, 711625, 0, 0
726000, 700104, 0, 0
727000, 695072, 0, 0
728000, 717544, 0, 0
729000, 702950, 0, 0
730000, 732354, 0, 0
731001, 686441, 0, 0
732000, 698942, 0, 0
733000, 681760, 0, 0
734000, 692307, 0, 0
735000, 703397, 0, 0
736000, 691864, 0, 0
737000, 712788, 0, 0
738000, 695865, 0, 0
739000, 707114, 0, 0
740000, 696910, 0, 0
741000, 701501, 0, 0
742000, 701112, 0, 0
743000, 712352, 0, 0
744000, 719585, 0, 0
745000, 694315, 0, 0
746000, 698930, 0, 0
747001, 699917, 0, 0
748000, 712881, 0, 0
749000, 711583, 0, 0
750000, 705170, 0, 0
751000, 682373, 0, 0
752000, 680628, 0, 0
753000, 691454, 0, 0
754000, 711574, 0, 0
755000, 717569, 0, 0
756000, 692770, 0, 0
757000, 688653, 0, 0
758000, 712116, 0, 0
759000, 716682, 0, 0
760000, 758626, 0, 0
761000, 744856, 0, 0
762000, 693929, 0, 0
763000, 724957, 0, 0
764000, 738085, 0, 0
765000, 722940, 0, 0
766000, 693601, 0, 0
767000, 701081, 0, 0
768000, 710583, 0, 0
769000, 693571, 0, 0
770000, 707510, 0, 0
771000, 742410, 0, 0
772000, 711075, 0, 0
773000, 701348, 0, 0
774000, 707144, 0, 0
775000, 732275, 0, 0
776000, 722199, 0, 0
777000, 727292, 0, 0
778001, 727374, 0, 0
779000, 754797, 0, 0
780000, 733849, 0, 0
781000, 715986, 0, 0
782000, 729792, 0, 0
783000, 787348, 0, 0
784000, 726933, 0, 0
785000, 769152, 0, 0
786000, 736450, 0, 0
787000, 711933, 0, 0
788000, 700234, 0, 0
789000, 741087, 0, 0
790000, 690376, 0, 0
791000, 422999, 0, 0
792000, 425609, 0, 0
793000, 404392, 0, 0
794000, 390817, 0, 0
795000, 816210, 0, 0
796000, 407901, 0, 0
797000, 421273, 0, 0
798000, 409452, 0, 0
799000, 411153, 0, 0
800000, 417607, 0, 0
801000, 404722, 0, 0
802000, 404825, 0, 0
803000, 410690, 0, 0
804000, 400992, 0, 0
805000, 418182, 0, 0
806000, 398863, 0, 0
807000, 409615, 0, 0
808000, 410195, 0, 0
809000, 413286, 0, 0
810000, 416753, 0, 0
811000, 422939, 0, 0
812000, 384509, 0, 0
813000, 414176, 0, 0
814000, 399994, 0, 0
815000, 416701, 0, 0
816000, 410837, 0, 0
817000, 393051, 0, 0
818000, 403438, 0, 0
819000, 406463, 0, 0
820000, 407750, 0, 0
821000, 396814, 0, 0
822000, 418653, 0, 0
823000, 422776, 0, 0
824000, 415300, 0, 0
825000, 405376, 0, 0
826000, 406560, 0, 0
827000, 415900, 0, 0
828000, 396100, 0, 0
829000, 417438, 0, 0
830000, 418749, 0, 0
831000, 426576, 0, 0
832000, 444261, 0, 0
833000, 430013, 0, 0
834000, 435824, 0, 0
835000, 446107, 0, 0
836000, 453802, 0, 0
837000, 438953, 0, 0
838000, 453495, 0, 0
839000, 425006, 0, 0
840000, 425861, 0, 0
841000, 443146, 0, 0
842000, 439628, 0, 0
843000, 427893, 0, 0
844000, 436014, 0, 0
845000, 433441, 0, 0
846000, 429250, 0, 0
847000, 447050, 0, 0
848000, 440383, 0, 0
849000, 413373, 0, 0
850000, 407691, 0, 0
851000, 443962, 0, 0
852000, 448224, 0, 0
853000, 439081, 0, 0
854000, 442074, 0, 0
855000, 434186, 0, 0
856000, 428961, 0, 0
857000, 444412, 0, 0
858000, 444988, 0, 0
859000, 439602, 0, 0
860000, 442012, 0, 0
861000, 428392, 0, 0
862000, 433889, 0, 0
863000, 423102, 0, 0
864000, 441756, 0, 0
865000, 454735, 0, 0
866000, 435611, 0, 0
867000, 451808, 0, 0
868000, 419949, 0, 0
869000, 400861, 0, 0
870000, 413830, 0, 0
871000, 421267, 0, 0
872000, 427197, 0, 0
873000, 429468, 0, 0
874000, 433002, 0, 0
875000, 432112, 0, 0
876000, 413239, 0, 0
877000, 426048, 0, 0
878000, 420486, 0, 0
879000, 417099, 0, 0
880000, 417630, 0, 0
881000, 420270, 0, 0
882000, 427825, 0, 0
883000, 446797, 0, 0
884000, 294196, 0, 0
885000, 233311, 0, 0
886000, 234465, 0, 0
887000, 227644, 0, 0
888000, 242850, 0, 0
889000, 477926, 0, 0
890000, 573711, 0, 0
891000, 580303, 0, 0
892000, 591732, 0, 0
893000, 582362, 0, 0
894000, 576201, 0, 0
895000, 577624, 0, 0
896000, 589235, 0, 0
897000, 583018, 0, 0
898000, 589601, 0, 0
899000, 575335, 0, 0
900000, 585675, 0, 0
901000, 587698, 0, 0
902000, 592216, 0, 0
903000, 578344, 0, 0
904000, 591535, 0, 0
905000, 590554, 0, 0
906000, 597609, 0, 0
907000, 573163, 0, 0
908000, 588215, 0, 0
909000, 582731, 0, 0
910000, 587699, 0, 0
911000, 594073, 0, 0
912000, 587316, 0, 0
913000, 594996, 0, 0
914000, 582212, 0, 0
915000, 589526, 0, 0
916000, 579951, 0, 0
917000, 600132, 0, 0
918000, 582548, 0, 0
919000, 601432, 0, 0
920001, 591075, 0, 0
921000, 582327, 0, 0
922000, 585281, 0, 0
923000, 579970, 0, 0
924000, 608693, 0, 0
925000, 587892, 0, 0
926000, 591731, 0, 0
927086, 604659, 0, 0
928000, 784944, 0, 0
929000, 601788, 0, 0
930000, 594787, 0, 0
931000, 592148, 0, 0
932000, 569742, 0, 0
933000, 582564, 0, 0
934000, 578008, 0, 0
935000, 597378, 0, 0
936000, 593785, 0, 0
937000, 570660, 0, 0
938000, 589506, 0, 0
939000, 619762, 0, 0
940000, 622301, 0, 0
941000, 630095, 0, 0
942000, 613848, 0, 0
943000, 622905, 0, 0
944000, 619285, 0, 0
945000, 636574, 0, 0
946000, 621257, 0, 0
947000, 614607, 0, 0
948000, 619275, 0, 0
949000, 610298, 0, 0
950000, 622804, 0, 0
951000, 629223, 0, 0
952000, 615412, 0, 0
953000, 635744, 0, 0
954000, 631284, 0, 0
955000, 636602, 0, 0
956000, 629218, 0, 0
957000, 629378, 0, 0
958000, 619946, 0, 0
959000, 618914, 0, 0
960000, 624608, 0, 0
961000, 620492, 0, 0
962000, 628407, 0, 0
963000, 632168, 0, 0
964000, 628269, 0, 0
965000, 620353, 0, 0
966000, 615313, 0, 0
967001, 616375, 0, 0
968000, 626208, 0, 0
969000, 629190, 0, 0
970000, 630792, 0, 0
971000, 643581, 0, 0
972000, 568427, 0, 0
973000, 428554, 0, 0
974000, 427780, 0, 0
975000, 433337, 0, 0
976000, 426312, 0, 0
977000, 429949, 0, 0
978000, 431598, 0, 0
979000, 434077, 0, 0
980000, 429901, 0, 0
981000, 425741, 0, 0
982000, 439773, 0, 0
983000, 431180, 0, 0
984000, 427097, 0, 0
985000, 435288, 0, 0
986000, 537358, 0, 0
987000, 514227, 0, 0
988000, 455165, 0, 0
989000, 460790, 0, 0
990000, 443644, 0, 0
991000, 460634, 0, 0
992000, 510211, 0, 0
993000, 459228, 0, 0
994000, 462529, 0, 0
995000, 460207, 0, 0
996000, 462553, 0, 0
997000, 458273, 0, 0
998000, 463646, 0, 0
999000, 459685, 0, 0
1000000, 457344, 0, 0
1001000, 461148, 0, 0
1002000, 467875, 0, 0
1003000, 458048, 0, 0
1004000, 466725, 0, 0
1005000, 465731, 0, 0
1006000, 465136, 0, 0
1007000, 460290, 0, 0
1008000, 459896, 0, 0
1009000, 462764, 0, 0
1010000, 458068, 0, 0
1011000, 675184, 0, 0
1012000, 456348, 0, 0
1013000, 462967, 0, 0
1014000, 459361, 0, 0
1015000, 459046, 0, 0
1016000, 464239, 0, 0
1017000, 464623, 0, 0
1018000, 462254, 0, 0
1019000, 457385, 0, 0
1020000, 462672, 0, 0
1021000, 467031, 0, 0
1022000, 457051, 0, 0
1023000, 465156, 0, 0
1024000, 463549, 0, 0
1025000, 466827, 0, 0
1026000, 467606, 0, 0
1027000, 467384, 0, 0
1028000, 467578, 0, 0
1029000, 471581, 0, 0
1030000, 468527, 0, 0
1031000, 460667, 0, 0
1032000, 471796, 0, 0
1033000, 463192, 0, 0
1034000, 460463, 0, 0
1035000, 463277, 0, 0
1036000, 460269, 0, 0
1037000, 463263, 0, 0
1038000, 462310, 0, 0
1039000, 464014, 0, 0
1040000, 499871, 0, 0
1041000, 588534, 0, 0
1042000, 511936, 0, 0
1043000, 508410, 0, 0
1044000, 514213, 0, 0
1045000, 515308, 0, 0
1046000, 518947, 0, 0
1047000, 508257, 0, 0
1048000, 517147, 0, 0
1049000, 510851, 0, 0
1050000, 516838, 0, 0
1051000, 512701, 0, 0
1052000, 510509, 0, 0
1053000, 509807, 0, 0
1054000, 516063, 0, 0
1055000, 514946, 0, 0
1056000, 514324, 0, 0
1057000, 519071, 0, 0
1058000, 511433, 0, 0
1059000, 515165, 0, 0
1060000, 510625, 0, 0
1061004, 1000124, 0, 0
1062000, 558186, 0, 0
1063000, 511483, 0, 0
1064000, 508914, 0, 0
1065000, 512969, 0, 0
1066000, 509491, 0, 0
1067000, 513593, 0, 0
1068000, 510803, 0, 0
1069000, 520773, 0, 0
1070000, 517872, 0, 0
1071000, 513184, 0, 0
1072000, 505246, 0, 0
1073000, 509736, 0, 0
1074000, 512877, 0, 0
1075000, 502282, 0, 0
1076000, 503761, 0, 0
1077000, 509882, 0, 0
1078000, 506178, 0, 0
1079000, 501348, 0, 0
1080000, 510613, 0, 0
1081000, 505235, 0, 0
1082000, 497814, 0, 0
1083000, 504066, 0, 0
1084000, 507243, 0, 0
1085000, 510289, 0, 0
1086000, 509748, 0, 0
1087000, 504092, 0, 0
1088000, 506399, 0, 0
1089000, 504573, 0, 0
1090000, 498950, 0, 0
1091000, 502765, 0, 0
1092000, 506895, 0, 0
1093000, 507313, 0, 0
1094000, 508625, 0, 0
1095000, 506071, 0, 0
1096000, 505752, 0, 0
1097000, 503520, 0, 0
1098000, 490610, 0, 0
1099000, 535360, 0, 0
1100000, 505057, 0, 0
1101000, 500266, 0, 0
1102000, 509392, 0, 0
1103000, 503715, 0, 0
1104000, 502921, 0, 0
1105000, 642826, 0, 0
1106000, 710992, 0, 0
1107000, 495939, 0, 0
1108000, 507787, 0, 0
1109000, 496927, 0, 0
1110000, 521741, 0, 0
1111000, 509287, 0, 0
1112000, 508114, 0, 0
1113000, 500241, 0, 0
1114000, 503958, 0, 0
1115000, 508635, 0, 0
1116000, 509646, 0, 0
1117000, 504104, 0, 0
1118000, 512335, 0, 0
1119000, 504325, 0, 0
1120000, 516504, 0, 0
1121000, 507213, 0, 0
1122000, 511684, 0, 0
1123000, 500242, 0, 0
1124000, 513985, 0, 0
1125000, 514711, 0, 0
1126000, 506911, 0, 0
1127000, 504223, 0, 0
1128000, 500906, 0, 0
1129000, 507724, 0, 0
1130000, 507691, 0, 0
1131000, 511745, 0, 0
1132000, 510546, 0, 0
1133000, 507768, 0, 0
1134000, 510207, 0, 0
1135000, 508287, 0, 0
1136000, 511775, 0, 0
1137000, 509539, 0, 0
1138000, 517582, 0, 0
1139000, 595846, 0, 0
1140000, 508009, 0, 0
1141000, 501663, 0, 0
1142000, 504241, 0, 0
1143000, 511999, 0, 0
1144000, 510321, 0, 0
1145000, 509671, 0, 0
1146000, 511271, 0, 0
1147000, 507819, 0, 0
1148000, 515708, 0, 0
1149000, 510333, 0, 0
1150000, 503587, 0, 0
1151000, 519344, 0, 0
1152000, 511858, 0, 0
1153000, 511096, 0, 0
1154000, 509328, 0, 0
1155000, 499342, 0, 0
1156000, 512576, 0, 0
1157001, 510523, 0, 0
1158000, 509370, 0, 0
1159000, 507395, 0, 0
1160000, 510502, 0, 0
1161000, 508951, 0, 0
1162000, 503195, 0, 0
1163000, 505883, 0, 0
1164000, 511315, 0, 0
1165000, 509293, 0, 0
1166000, 515972, 0, 0
1167000, 516958, 0, 0
1168000, 511972, 0, 0
1169000, 503477, 0, 0
1170000, 506595, 0, 0
1171000, 500283, 0, 0
1172000, 515059, 0, 0
1173000, 511467, 0, 0
1174000, 508446, 0, 0
1175000, 509509, 0, 0
1176000, 506618, 0, 0
1177000, 500248, 0, 0
1178000, 512320, 0, 0
1179000, 504148, 0, 0
1180000, 514391, 0, 0
1181000, 501291, 0, 0
1182000, 508819, 0, 0
1183000, 507215, 0, 0
1184000, 506698, 0, 0
1185000, 515457, 0, 0
1186000, 509424, 0, 0
1187000, 506589, 0, 0
1188000, 507329, 0, 0
1189000, 512322, 0, 0
1190000, 512870, 0, 0
1191000, 509866, 0, 0
1192000, 509653, 0, 0
1193000, 508930, 0, 0
1194000, 594493, 0, 0
1195000, 615726, 0, 0
1196000, 513460, 0, 0
1197000, 606463, 0, 0
1198000, 687844, 0, 0
1199000, 705413, 0, 0
1200000, 739178, 0, 0
1200000, 846606, 0, 0
