1034, 1033800412, 0, 0
2000, 194154, 0, 0
3000, 54937, 0, 0
4000, 57824, 0, 0
5000, 56584, 0, 0
6000, 55996, 0, 0
7000, 55558, 0, 0
8000, 55133, 0, 0
9000, 53924, 0, 0
10000, 54506, 0, 0
11000, 54204, 0, 0
12000, 59825, 0, 0
13001, 55469, 0, 0
14000, 58439, 0, 0
15000, 54614, 0, 0
16000, 59494, 0, 0
17000, 56011, 0, 0
18000, 54461, 0, 0
19000, 54716, 0, 0
20000, 56300, 0, 0
21000, 53864, 0, 0
22000, 55329, 0, 0
23000, 53365, 0, 0
24000, 54308, 0, 0
25000, 56515, 0, 0
26000, 56536, 0, 0
27000, 54813, 0, 0
28000, 56670, 0, 0
29000, 54090, 0, 0
30000, 53174, 0, 0
31000, 56418, 0, 0
32000, 53935, 0, 0
33000, 56087, 0, 0
34000, 57327, 0, 0
35000, 54298, 0, 0
36000, 57861, 0, 0
37000, 55073, 0, 0
38000, 57665, 0, 0
39000, 55292, 0, 0
40000, 54007, 0, 0
41000, 59483, 0, 0
42000, 55642, 0, 0
43000, 56399, 0, 0
44000, 54348, 0, 0
45000, 56548, 0, 0
46000, 55813, 0, 0
47000, 54423, 0, 0
48000, 60432, 0, 0
49000, 57624, 0, 0
50000, 53946, 0, 0
51000, 55181, 0, 0
52000, 55549, 0, 0
53000, 55500, 0, 0
54000, 54383, 0, 0
55000, 54668, 0, 0
56000, 60121, 0, 0
57000, 54398, 0, 0
58000, 56366, 0, 0
59000, 56286, 0, 0
60000, 53423, 0, 0
61000, 54661, 0, 0
62000, 54661, 0, 0
63000, 54018, 0, 0
64000, 57740, 0, 0
65000, 54580, 0, 0
66000, 54882, 0, 0
67000, 57132, 0, 0
68000, 60718, 0, 0
69000, 60508, 0, 0
70000, 57056, 0, 0
71000, 55889, 0, 0
72000, 56778, 0, 0
73000, 54743, 0, 0
74000, 55065, 0, 0
75000, 54558, 0, 0
76000, 53972, 0, 0
77001, 54745, 0, 0
78000, 56369, 0, 0
79000, 55683, 0, 0
80000, 54606, 0, 0
81000, 56697, 0, 0
82000, 57111, 0, 0
83000, 56997, 0, 0
84000, 53996, 0, 0
85000, 56521, 0, 0
86000, 56984, 0, 0
87000, 59858, 0, 0
88000, 56584, 0, 0
89000, 58257, 0, 0
90000, 54652, 0, 0
91000, 57197, 0, 0
92000, 56429, 0, 0
93000, 54518, 0, 0
94000, 54699, 0, 0
95000, 55260, 0, 0
96000, 54156, 0, 0
97000, 57219, 0, 0
98000, 55873, 0, 0
99000, 53675, 0, 0
100000, 55953, 0, 0
101000, 89420, 0, 0
102001, 1383548, 0, 0
103000, 1385644, 0, 0
104001, 1378305, 0, 0
105001, 1364039, 0, 0
106000, 1364610, 0, 0
107000, 1382716, 0, 0
108000, 1364994, 0, 0
109000, 1357932, 0, 0
110000, 1371457, 0, 0
111000, 1367153, 0, 0
112001, 1369100, 0, 0
113000, 1374231, 0, 0
114000, 1355306, 0, 0
115001, 1322216, 0, 0
116000, 1317852, 0, 0
117000, 1291175, 0, 0
118000, 1306353, 0, 0
119000, 1288090, 0, 0
120000, 1290015, 0, 0
121000, 1241068, 0, 0
122001, 1241654, 0, 0
123000, 1264702, 0, 0
124000, 1230551, 0, 0
125001, 1242002, 0, 0
126000, 1221026, 0, 0
127000, 1243130, 0, 0
128000, 1267629, 0, 0
129000, 1234390, 0, 0
130000, 1230397, 0, 0
131000, 1256821, 0, 0
132001, 1233373, 0, 0
133001, 1264643, 0, 0
134000, 1238656, 0, 0
135000, 1227690, 0, 0
136000, 1224864, 0, 0
137000, 1237179, 0, 0
138000, 1244728, 0, 0
139000, 1250532, 0, 0
140000, 1234181, 0, 0
141000, 1237177, 0, 0
142001, 1234442, 0, 0
143000, 1208278, 0, 0
144000, 1112790, 0, 0
145000, 1058184, 0, 0
146000, 1076237, 0, 0
147000, 1040244, 0, 0
148001, 1107289, 0, 0
149001, 1067134, 0, 0
150000, 1099492, 0, 0
151000, 1086642, 0, 0
152000, 1080584, 0, 0
153000, 1071656, 0, 0
154001, 1051894, 0, 0
155000, 1084961, 0, 0
156000, 1086567, 0, 0
157000, 1056605, 0, 0
158000, 1041203, 0, 0
159000, 1055964, 0, 0
160001, 1081321, 0, 0
161001, 1085595, 0, 0
162000, 1087180, 0, 0
163000, 1079735, 0, 0
164000, 1078960, 0, 0
165000, 1080894, 0, 0
166000, 1067612, 0, 0
167000, 1092421, 0, 0
168001, 1104414, 0, 0
169001, 1086609, 0, 0
170000, 1091094, 0, 0
171000, 1067612, 0, 0
172001, 1088965, 0, 0
173001, 1075641, 0, 0
174000, 1105600, 0, 0
175000, 1085023, 0, 0
176000, 1092248, 0, 0
177000, 1082109, 0, 0
178000, 1080984, 0, 0
179000, 1063034, 0, 0
180000, 1081905, 0, 0
181000, 1098695, 0, 0
182000, 1074447, 0, 0
183001, 1095875, 0, 0
184000, 1102347, 0, 0
185000, 1066071, 0, 0
186000, 1055301, 0, 0
187000, 1081748, 0, 0
188001, 1070937, 0, 0
189001, 1078832, 0, 0
190000, 1084738, 0, 0
191000, 1085499, 0, 0
192000, 1083386, 0, 0
193000, 1087323, 0, 0
194001, 1090887, 0, 0
195000, 1101461, 0, 0
196000, 1079010, 0, 0
197000, 234988, 0, 0
198000, 230371, 0, 0
199000, 227294, 0, 0
200000, 227295, 0, 0
201000, 227510, 0, 0
202000, 224908, 0, 0
203000, 223614, 0, 0
204000, 225143, 0, 0
205000, 225083, 0, 0
206000, 232427, 0, 0
207000, 224950, 0, 0
208000, 227823, 0, 0
209000, 229260, 0, 0
210000, 219007, 0, 0
211000, 222648, 0, 0
212000, 225002, 0, 0
213000, 221798, 0, 0
214000, 224040, 0, 0
215000, 223256, 0, 0
216000, 224097, 0, 0
217000, 225641, 0, 0
218000, 220466, 0, 0
219000, 223039, 0, 0
220000, 226063, 0, 0
221000, 221672, 0, 0
222000, 223360, 0, 0
223000, 224955, 0, 0
224000, 225428, 0, 0
225000, 224703, 0, 0
226000, 220822, 0, 0
227000, 226962, 0, 0
228000, 229647, 0, 0
229000, 226610, 0, 0
230000, 223776, 0, 0
231000, 465450, 0, 0
232000, 605233, 0, 0
233000, 590388, 0, 0
234000, 595715, 0, 0
235000, 607410, 0, 0
236000, 588025, 0, 0
237000, 597966, 0, 0
238000, 598730, 0, 0
239000, 613878, 0, 0
240000, 607182, 0, 0
241000, 599688, 0, 0
242000, 601173, 0, 0
243000, 610304, 0, 0
244000, 615130, 0, 0
245000, 580520, 0, 0
246000, 608818, 0, 0
247000, 609927, 0, 0
248000, 598892, 0, 0
249000, 827631, 0, 0
250000, 820008, 0, 0
251000, 806837, 0, 0
252000, 796715, 0, 0
253000, 810079, 0, 0
254000, 783099, 0, 0
255000, 822797, 0, 0
256000, 813610, 0, 0
257000, 802701, 0, 0
258000, 824500, 0, 0
259000, 829194, 0, 0
260000, 830709, 0, 0
261000, 822373, 0, 0
262000, 789241, 0, 0
263000, 827448, 0, 0
264000, 839422, 0, 0
265000, 809638, 0, 0
266000, 806023, 0, 0
267000, 803290, 0, 0
268000, 822084, 0, 0
269000, 794844, 0, 0
270000, 828138, 0, 0
271000, 834742, 0, 0
272000, 804418, 0, 0
273000, 823975, 0, 0
274000, 819986, 0, 0
275000, 811487, 0, 0
276000, 813316, 0, 0
277001, 808188, 0, 0
278000, 822180, 0, 0
279000, 812860, 0, 0
280000, 832371, 0, 0
281000, 800579, 0, 0
282001, 804904, 0, 0
283000, 816373, 0, 0
284000, 839041, 0, 0
285000, 838996, 0, 0
286000, 819552, 0, 0
287000, 826179, 0, 0
288000, 827624, 0, 0
289000, 826594, 0, 0
290000, 477388, 0, 0
291000, 775695, 0, 0
292000, 785350, 0, 0
293000, 778775, 0, 0
294000, 783064, 0, 0
295000, 803516, 0, 0
296000, 788946, 0, 0
297001, 779558, 0, 0
298000, 793982, 0, 0
299000, 796311, 0, 0
300000, 792702, 0, 0
301000, 778796, 0, 0
302000, 773260, 0, 0
303000, 798317, 0, 0
304000, 772975, 0, 0
305000, 781454, 0, 0
306000, 780259, 0, 0
307000, 764798, 0, 0
308000, 793976, 0, 0
309000, 770454, 0, 0
310000, 805869, 0, 0
311000, 790332, 0, 0
312000, 783298, 0, 0
313000, 776148, 0, 0
314000, 215869, 0, 0
315000, 212644, 0, 0
316000, 203536, 0, 0
317000, 203821, 0, 0
318000, 157493, 0, 0
319000, 120218, 0, 0
320000, 77072, 0, 0
321000, 61321, 0, 0
322000, 59392, 0, 0
323000, 61680, 0, 0
324000, 58861, 0, 0
325000, 58904, 0, 0
326000, 61213, 0, 0
327000, 61276, 0, 0
328000, 59802, 0, 0
329000, 60406, 0, 0
330000, 60011, 0, 0
331000, 60992, 0, 0
332000, 60611, 0, 0
333000, 59058, 0, 0
334000, 59781, 0, 0
335000, 57462, 0, 0
336000, 56784, 0, 0
337000, 58050, 0, 0
338001, 61954, 0, 0
339000, 58707, 0, 0
340000, 59691, 0, 0
341000, 58906, 0, 0
342000, 62536, 0, 0
343000, 60368, 0, 0
344000, 59349, 0, 0
345000, 61849, 0, 0
346001, 59754, 0, 0
347000, 56613, 0, 0
348000, 57406, 0, 0
349000, 58877, 0, 0
350000, 59934, 0, 0
351000, 58694, 0, 0
352000, 60030, 0, 0
353000, 58392, 0, 0
354000, 57674, 0, 0
355000, 59318, 0, 0
356000, 172548, 0, 0
357000, 247796, 0, 0
358000, 246594, 0, 0
359000, 244567, 0, 0
360000, 246277, 0, 0
361000, 245756, 0, 0
362000, 244732, 0, 0
363000, 246059, 0, 0
364000, 247951, 0, 0
365000, 247381, 0, 0
366000, 250510, 0, 0
367000, 250154, 0, 0
368000, 248238, 0, 0
369000, 246498, 0, 0
370000, 255723, 0, 0
371000, 252827, 0, 0
372000, 252275, 0, 0
373000, 251843, 0, 0
374000, 253439, 0, 0
375000, 261960, 0, 0
376000, 257926, 0, 0
377000, 260220, 0, 0
378000, 258037, 0, 0
379000, 259737, 0, 0
380000, 260795, 0, 0
381000, 257509, 0, 0
382000, 259855, 0, 0
383000, 259321, 0, 0
384000, 261210, 0, 0
385000, 263039, 0, 0
386000, 258735, 0, 0
387000, 263800, 0, 0
388000, 260095, 0, 0
389000, 259813, 0, 0
390000, 259767, 0, 0
391000, 259829, 0, 0
392000, 262674, 0, 0
393000, 258568, 0, 0
394000, 260483, 0, 0
395000, 258860, 0, 0
396000, 263797, 0, 0
397000, 261345, 0, 0
398000, 262197, 0, 0
399000, 261851, 0, 0
400000, 260657, 0, 0
401000, 261099, 0, 0
402000, 262655, 0, 0
403000, 258222, 0, 0
404000, 257471, 0, 0
405000, 260952, 0, 0
406000, 261374, 0, 0
407000, 260351, 0, 0
408000, 262537, 0, 0
409000, 260785, 0, 0
410000, 260291, 0, 0
411000, 258706, 0, 0
412000, 262435, 0, 0
413000, 261961, 0, 0
414000, 259307, 0, 0
415000, 260070, 0, 0
416000, 257698, 0, 0
417000, 520273, 0, 0
418000, 1013674, 0, 0
419000, 1022595, 0, 0
420000, 1027312, 0, 0
421001, 1075651, 0, 0
422000, 1063101, 0, 0
423000, 1031368, 0, 0
424000, 1041226, 0, 0
425000, 1037094, 0, 0
426000, 1049702, 0, 0
427000, 1048337, 0, 0
428000, 1048032, 0, 0
429000, 1024618, 0, 0
430000, 1048297, 0, 0
431000, 1029314, 0, 0
432000, 1037606, 0, 0
433000, 1033625, 0, 0
434000, 1026076, 0, 0
435000, 1032512, 0, 0
436000, 1036034, 0, 0
437000, 1043050, 0, 0
438000, 1039010, 0, 0
439000, 1033157, 0, 0
440001, 1010520, 0, 0
441001, 1031876, 0, 0
442000, 1002265, 0, 0
443000, 1030084, 0, 0
444000, 1037415, 0, 0
445000, 1044307, 0, 0
446001, 1050036, 0, 0
447000, 1051569, 0, 0
448000, 1053411, 0, 0
449001, 1030344, 0, 0
450000, 1030451, 0, 0
451000, 1040570, 0, 0
452000, 1024934, 0, 0
453001, 1028871, 0, 0
454000, 1027242, 0, 0
455000, 1033037, 0, 0
456001, 1050257, 0, 0
457000, 1044975, 0, 0
458000, 1043572, 0, 0
459000, 1045731, 0, 0
460000, 1048674, 0, 0
461000, 1049331, 0, 0
462000, 1039220, 0, 0
463000, 1055498, 0, 0
464000, 1044112, 0, 0
465000, 1047049, 0, 0
466000, 1041755, 0, 0
467000, 1053687, 0, 0
468000, 1039786, 0, 0
469000, 1061358, 0, 0
470001, 1035960, 0, 0
471000, 1038013, 0, 0
472000, 1061759, 0, 0
473001, 1036558, 0, 0
474000, 1057932, 0, 0
475001, 1033981, 0, 0
476001, 1049062, 0, 0
477000, 1033336, 0, 0
478000, 1042002, 0, 0
479000, 1065243, 0, 0
480000, 1076135, 0, 0
481000, 1047992, 0, 0
482000, 1028177, 0, 0
483000, 1056970, 0, 0
484000, 1053354, 0, 0
485000, 1049413, 0, 0
486000, 1057399, 0, 0
487001, 1059124, 0, 0
488001, 1037906, 0, 0
489001, 1054920, 0, 0
490000, 1061147, 0, 0
491000, 1063433, 0, 0
492000, 1047000, 0, 0
493001, 1066545, 0, 0
494000, 1044682, 0, 0
495000, 1000677, 0, 0
496000, 994481, 0, 0
497000, 999373, 0, 0
498000, 1027483, 0, 0
499000, 1011608, 0, 0
500000, 996120, 0, 0
501001, 1012755, 0, 0
502001, 984133, 0, 0
503000, 1018618, 0, 0
504000, 998027, 0, 0
505000, 1016620, 0, 0
506000, 1011796, 0, 0
507000, 999202, 0, 0
508000, 1023846, 0, 0
509000, 996887, 0, 0
510000, 1000396, 0, 0
511000, 1024226, 0, 0
512000, 1004675, 0, 0
513000, 1006963, 0, 0
514001, 1026355, 0, 0
515001, 1006248, 0, 0
516000, 1026423, 0, 0
517000, 997027, 0, 0
518000, 1003442, 0, 0
519000, 1014510, 0, 0
520000, 1019539, 0, 0
521000, 1012457, 0, 0
522000, 1004941, 0, 0
523000, 1004283, 0, 0
524000, 1027437, 0, 0
525000, 995799, 0, 0
526000, 996607, 0, 0
527001, 1006171, 0, 0
528000, 989618, 0, 0
529012, 1107688, 0, 0
530000, 1031705, 0, 0
531000, 1014781, 0, 0
532000, 1002581, 0, 0
533000, 403230, 0, 0
534000, 412684, 0, 0
535000, 412166, 0, 0
536000, 408369, 0, 0
537000, 410401, 0, 0
538000, 361787, 0, 0
539000, 290093, 0, 0
540000, 290899, 0, 0
541000, 280223, 0, 0
542000, 291577, 0, 0
543000, 286658, 0, 0
544000, 289463, 0, 0
545000, 284871, 0, 0
546000, 284059, 0, 0
547000, 291316, 0, 0
548000, 286253, 0, 0
549000, 294668, 0, 0
550000, 291232, 0, 0
551000, 285783, 0, 0
552000, 286266, 0, 0
553000, 292833, 0, 0
554000, 283142, 0, 0
555000, 288953, 0, 0
556000, 284601, 0, 0
557000, 284723, 0, 0
558000, 285942, 0, 0
559000, 287664, 0, 0
560000, 283763, 0, 0
561000, 337811, 0, 0
562000, 294561, 0, 0
563000, 283297, 0, 0
564000, 283655, 0, 0
565000, 285971, 0, 0
566000, 287472, 0, 0
567000, 282707, 0, 0
568000, 274199, 0, 0
569000, 259739, 0, 0
570000, 259440, 0, 0
571000, 257998, 0, 0
572000, 261179, 0, 0
573000, 261760, 0, 0
574000, 260198, 0, 0
575000, 265236, 0, 0
576000, 210210, 0, 0
577000, 204742, 0, 0
578000, 203807, 0, 0
579000, 207131, 0, 0
580000, 204329, 0, 0
581000, 204686, 0, 0
582000, 205575, 0, 0
583000, 206734, 0, 0
584000, 208274, 0, 0
585000, 206280, 0, 0
586000, 207232, 0, 0
587000, 206265, 0, 0
588000, 204263, 0, 0
589000, 204337, 0, 0
590000, 207813, 0, 0
591000, 206764, 0, 0
592000, 203207, 0, 0
593000, 204591, 0, 0
594000, 206958, 0, 0
595000, 205376, 0, 0
596000, 206400, 0, 0
597000, 209634, 0, 0
598000, 217458, 0, 0
599000, 213147, 0, 0
600000, 212349, 0, 0
601000, 212939, 0, 0
602000, 210922, 0, 0
603000, 207332, 0, 0
604001, 238388, 0, 0
605000, 311990, 0, 0
606000, 307696, 0, 0
607000, 303148, 0, 0
608000, 304264, 0, 0
609000, 300743, 0, 0
610000, 310197, 0, 0
611000, 316276, 0, 0
612000, 309183, 0, 0
613000, 311349, 0, 0
614000, 305530, 0, 0
615000, 315025, 0, 0
616000, 315550, 0, 0
617000, 306769, 0, 0
618000, 311872, 0, 0
619000, 323857, 0, 0
620000, 306666, 0, 0
621000, 311139, 0, 0
622000, 301930, 0, 0
623000, 256040, 0, 0
624000, 314210, 0, 0
625000, 290665, 0, 0
626000, 313728, 0, 0
627000, 291157, 0, 0
628000, 319033, 0, 0
629000, 325019, 0, 0
630000, 315423, 0, 0
631000, 301611, 0, 0
632000, 302184, 0, 0
633000, 301213, 0, 0
634000, 323172, 0, 0
635000, 306782, 0, 0
636000, 311776, 0, 0
637000, 300068, 0, 0
638000, 298872, 0, 0
639000, 300377, 0, 0
640000, 301797, 0, 0
641000, 308247, 0, 0
642000, 311997, 0, 0
643000, 298131, 0, 0
644000, 329610, 0, 0
645000, 328656, 0, 0
646000, 300453, 0, 0
647000, 315962, 0, 0
648000, 307296, 0, 0
649000, 311159, 0, 0
650000, 319120, 0, 0
651000, 322392, 0, 0
652000, 311791, 0, 0
653000, 321095, 0, 0
654000, 335333, 0, 0
655000, 324372, 0, 0
656000, 306649, 0, 0
657000, 296318, 0, 0
658000, 315519, 0, 0
659000, 321358, 0, 0
660000, 305652, 0, 0
661000, 322018, 0, 0
662000, 303559, 0, 0
663000, 313300, 0, 0
664000, 319279, 0, 0
665000, 324411, 0, 0
666000, 307717, 0, 0
667000, 314785, 0, 0
668000, 313648, 0, 0
669000, 317834, 0, 0
670000, 303503, 0, 0
671000, 303738, 0, 0
672000, 299279, 0, 0
673000, 263876, 0, 0
674000, 280956, 0, 0
675000, 296032, 0, 0
676000, 290507, 0, 0
677000, 291688, 0, 0
678000, 287125, 0, 0
679000, 295172, 0, 0
680000, 246592, 0, 0
681000, 230203, 0, 0
682000, 240322, 0, 0
683000, 232931, 0, 0
684000, 219311, 0, 0
685000, 227181, 0, 0
686000, 235533, 0, 0
687000, 222261, 0, 0
688000, 209992, 0, 0
689000, 210006, 0, 0
690000, 213248, 0, 0
691000, 213234, 0, 0
692000, 209849, 0, 0
693000, 211960, 0, 0
694000, 212110, 0, 0
695000, 210725, 0, 0
696000, 218478, 0, 0
697000, 211073, 0, 0
698000, 218095, 0, 0
699000, 213627, 0, 0
700000, 211637, 0, 0
701002, 364491, 0, 0
702000, 264431, 0, 0
703000, 213253, 0, 0
704000, 215341, 0, 0
705000, 217597, 0, 0
706000, 220983, 0, 0
707000, 216158, 0, 0
708000, 213675, 0, 0
709000, 211125, 0, 0
710000, 216283, 0, 0
711000, 212053, 0, 0
712000, 219680, 0, 0
713000, 213341, 0, 0
714000, 213219, 0, 0
715000, 216474, 0, 0
716001, 212406, 0, 0
717000, 217617, 0, 0
718000, 210834, 0, 0
719000, 209428, 0, 0
720000, 210617, 0, 0
721000, 214387, 0, 0
722000, 215813, 0, 0
723000, 213898, 0, 0
724000, 215001, 0, 0
725000, 218611, 0, 0
726000, 214141, 0, 0
727000, 216351, 0, 0
728000, 221540, 0, 0
729000, 207972, 0, 0
730000, 205161, 0, 0
731000, 212668, 0, 0
732000, 208179, 0, 0
733000, 207655, 0, 0
734000, 208673, 0, 0
735000, 206320, 0, 0
736000, 207277, 0, 0
737000, 208000, 0, 0
738000, 212472, 0, 0
739000, 207650, 0, 0
740000, 208997, 0, 0
741000, 211632, 0, 0
742000, 207922, 0, 0
743000, 208303, 0, 0
744000, 207331, 0, 0
745000, 214595, 0, 0
746000, 202475, 0, 0
747000, 209179, 0, 0
748000, 206024, 0, 0
749000, 209484, 0, 0
750000, 202983, 0, 0
751000, 207194, 0, 0
752000, 210897, 0, 0
753000, 207566, 0, 0
754000, 205696, 0, 0
755000, 208455, 0, 0
756000, 204483, 0, 0
757000, 205285, 0, 0
758000, 200648, 0, 0
759000, 209389, 0, 0
760000, 202018, 0, 0
761000, 211525, 0, 0
762000, 218597, 0, 0
763000, 245841, 0, 0
764000, 239225, 0, 0
765000, 254168, 0, 0
766000, 251922, 0, 0
767000, 240134, 0, 0
768000, 258179, 0, 0
769000, 252787, 0, 0
770000, 253718, 0, 0
771000, 233319, 0, 0
772000, 253555, 0, 0
773000, 257487, 0, 0
774000, 252371, 0, 0
775000, 240279, 0, 0
776000, 246032, 0, 0
777000, 246686, 0, 0
778000, 243825, 0, 0
779000, 250338, 0, 0
780000, 252975, 0, 0
781000, 265245, 0, 0
782000, 256099, 0, 0
783000, 254654, 0, 0
784000, 274695, 0, 0
785000, 298236, 0, 0
786000, 298552, 0, 0
787000, 293251, 0, 0
788000, 288509, 0, 0
789000, 280388, 0, 0
790000, 292864, 0, 0
791000, 385181, 0, 0
792000, 415764, 0, 0
793000, 376324, 0, 0
794000, 354841, 0, 0
795000, 590579, 0, 0
796000, 396433, 0, 0
797000, 409727, 0, 0
798000, 385965, 0, 0
799000, 383178, 0, 0
800000, 389031, 0, 0
801000, 382661, 0, 0
802000, 380834, 0, 0
803000, 396099, 0, 0
804000, 376116, 0, 0
805000, 401108, 0, 0
806000, 373112, 0, 0
807000, 398852, 0, 0
808000, 397379, 0, 0
809000, 398004, 0, 0
810000, 403191, 0, 0
811000, 407928, 0, 0
812000, 358564, 0, 0
813000, 389109, 0, 0
814000, 379055, 0, 0
815000, 395027, 0, 0
816000, 379749, 0, 0
817000, 367731, 0, 0
818000, 386009, 0, 0
819000, 386482, 0, 0
820000, 384096, 0, 0
821000, 385639, 0, 0
822000, 400358, 0, 0
823000, 412570, 0, 0
824000, 396396, 0, 0
825000, 366344, 0, 0
826000, 388750, 0, 0
827000, 395459, 0, 0
828000, 373453, 0, 0
829000, 400061, 0, 0
830000, 413439, 0, 0
831000, 435956, 0, 0
832001, 460459, 0, 0
833000, 444412, 0, 0
834000, 443074, 0, 0
835000, 462302, 0, 0
836000, 462132, 0, 0
837000, 444464, 0, 0
838000, 460061, 0, 0
839000, 447822, 0, 0
840000, 430192, 0, 0
841000, 450458, 0, 0
842000, 448815, 0, 0
843000, 439778, 0, 0
844000, 425843, 0, 0
845000, 427116, 0, 0
846000, 430595, 0, 0
847000, 453529, 0, 0
848001, 449179, 0, 0
849000, 428343, 0, 0
850000, 424751, 0, 0
851000, 454229, 0, 0
852000, 459263, 0, 0
853000, 447218, 0, 0
854000, 453719, 0, 0
855000, 450469, 0, 0
856000, 442880, 0, 0
857000, 443434, 0, 0
858000, 453926, 0, 0
859000, 445202, 0, 0
860000, 459263, 0, 0
861000, 427040, 0, 0
862000, 443374, 0, 0
863000, 440683, 0, 0
864000, 459275, 0, 0
865000, 469273, 0, 0
866000, 442544, 0, 0
867000, 281504, 0, 0
868000, 436878, 0, 0
869000, 419504, 0, 0
870000, 433714, 0, 0
871000, 427364, 0, 0
872000, 440706, 0, 0
873000, 435983, 0, 0
874000, 441415, 0, 0
875000, 440849, 0, 0
876000, 436609, 0, 0
877000, 443404, 0, 0
878000, 435279, 0, 0
879000, 441971, 0, 0
880000, 435336, 0, 0
881000, 431909, 0, 0
882000, 439827, 0, 0
883000, 441040, 0, 0
884000, 318261, 0, 0
885000, 360853, 0, 0
886000, 350156, 0, 0
887001, 348003, 0, 0
888000, 378046, 0, 0
889000, 328676, 0, 0
890000, 295102, 0, 0
891000, 299491, 0, 0
892000, 306731, 0, 0
893000, 297184, 0, 0
894000, 291821, 0, 0
895000, 296541, 0, 0
896000, 304773, 0, 0
897000, 300354, 0, 0
898000, 307564, 0, 0
899000, 299652, 0, 0
900000, 294420, 0, 0
901000, 291781, 0, 0
902000, 301211, 0, 0
903000, 294688, 0, 0
904000, 298893, 0, 0
905000, 301301, 0, 0
906000, 290599, 0, 0
907000, 296983, 0, 0
908000, 306761, 0, 0
909000, 290813, 0, 0
910000, 294412, 0, 0
911000, 301771, 0, 0
912000, 296749, 0, 0
913000, 297766, 0, 0
914000, 297158, 0, 0
915000, 297098, 0, 0
916000, 296655, 0, 0
917000, 295086, 0, 0
918000, 293847, 0, 0
919000, 302416, 0, 0
920000, 298899, 0, 0
921000, 302281, 0, 0
922000, 296986, 0, 0
923000, 299152, 0, 0
924000, 302863, 0, 0
925000, 288670, 0, 0
926000, 302523, 0, 0
927084, 308428, 0, 0
928000, 350038, 0, 0
929000, 301959, 0, 0
930000, 298387, 0, 0
931000, 301387, 0, 0
932000, 297853, 0, 0
933000, 292771, 0, 0
934000, 296484, 0, 0
935000, 296457, 0, 0
936000, 298656, 0, 0
937000, 300144, 0, 0
938000, 296041, 0, 0
939000, 290354, 0, 0
940000, 292696, 0, 0
941000, 292611, 0, 0
942000, 302839, 0, 0
943000, 299102, 0, 0
944000, 306318, 0, 0
945000, 308214, 0, 0
946000, 300272, 0, 0
947000, 301689, 0, 0
948000, 299762, 0, 0
949000, 305173, 0, 0
950000, 299623, 0, 0
951000, 305660, 0, 0
952000, 306484, 0, 0
953000, 303002, 0, 0
954000, 298641, 0, 0
955000, 299678, 0, 0
956000, 305630, 0, 0
957000, 304157, 0, 0
958000, 290060, 0, 0
959000, 292255, 0, 0
960000, 297027, 0, 0
961000, 302365, 0, 0
962000, 297102, 0, 0
963000, 306316, 0, 0
964000, 306610, 0, 0
965000, 298218, 0, 0
966000, 300128, 0, 0
967000, 301570, 0, 0
968000, 300419, 0, 0
969000, 244145, 0, 0
970000, 164225, 0, 0
971000, 161788, 0, 0
972000, 168778, 0, 0
973000, 165524, 0, 0
974000, 166073, 0, 0
975000, 167267, 0, 0
976000, 168240, 0, 0
977000, 167258, 0, 0
978000, 165697, 0, 0
979000, 165742, 0, 0
980000, 168207, 0, 0
981000, 166241, 0, 0
982000, 166376, 0, 0
983000, 167275, 0, 0
984000, 167552, 0, 0
985000, 166324, 0, 0
986000, 171421, 0, 0
987000, 168320, 0, 0
988000, 166469, 0, 0
989000, 167887, 0, 0
990000, 171470, 0, 0
991000, 134982, 0, 0
992000, 60875, 0, 0
993000, 58359, 0, 0
994000, 59337, 0, 0
995000, 58628, 0, 0
996000, 61994, 0, 0
997000, 62792, 0, 0
998000, 60220, 0, 0
999000, 60833, 0, 0
1000000, 62890, 0, 0
1001000, 62292, 0, 0
1002000, 59567, 0, 0
1003000, 60219, 0, 0
1004000, 59757, 0, 0
1005000, 58274, 0, 0
1006000, 59684, 0, 0
1007000, 58612, 0, 0
1008000, 61579, 0, 0
1009000, 60177, 0, 0
1010000, 61908, 0, 0
1011000, 66996, 0, 0
1012000, 62010, 0, 0
1013000, 62997, 0, 0
1014000, 61596, 0, 0
1015000, 58550, 0, 0
1016000, 62762, 0, 0
1017000, 58031, 0, 0
1018000, 59681, 0, 0
1019000, 61283, 0, 0
1020000, 58173, 0, 0
1021000, 59821, 0, 0
1022000, 58664, 0, 0
1023000, 62041, 0, 0
1024000, 58471, 0, 0
1025000, 63266, 0, 0
1026000, 59560, 0, 0
1027000, 62956, 0, 0
1028000, 59020, 0, 0
1029000, 62043, 0, 0
1030000, 62388, 0, 0
1031000, 60924, 0, 0
1032000, 62341, 0, 0
1033000, 60119, 0, 0
1034000, 65403, 0, 0
1035000, 60934, 0, 0
1036000, 60745, 0, 0
1037000, 59748, 0, 0
1038000, 60686, 0, 0
1039000, 58723, 0, 0
1040000, 64387, 0, 0
1041000, 73973, 0, 0
1042000, 61561, 0, 0
1043000, 58510, 0, 0
1044000, 61881, 0, 0
1045000, 57832, 0, 0
1046000, 60538, 0, 0
1047001, 59490, 0, 0
1048000, 58516, 0, 0
1049000, 59676, 0, 0
1050000, 63965, 0, 0
1051000, 59193, 0, 0
1052000, 57970, 0, 0
1053000, 57701, 0, 0
1054000, 59825, 0, 0
1055000, 58750, 0, 0
1056000, 64819, 0, 0
1057000, 58755, 0, 0
1058000, 59659, 0, 0
1059000, 62351, 0, 0
1060000, 61055, 0, 0
1061014, 165801, 0, 0
1062000, 63570, 0, 0
1063000, 61122, 0, 0
1064000, 61942, 0, 0
1065000, 58748, 0, 0
1066000, 60439, 0, 0
1067000, 57804, 0, 0
1068000, 57706, 0, 0
1069000, 57861, 0, 0
1070000, 61116, 0, 0
1071000, 59528, 0, 0
1072000, 58859, 0, 0
1073000, 58480, 0, 0
1074000, 61802, 0, 0
1075000, 58264, 0, 0
1076000, 60770, 0, 0
1077000, 58222, 0, 0
1078000, 59111, 0, 0
1079000, 59280, 0, 0
1080000, 58205, 0, 0
1081000, 59124, 0, 0
1082000, 57975, 0, 0
1083000, 58329, 0, 0
1084000, 57807, 0, 0
1085000, 62468, 0, 0
1086000, 58878, 0, 0
1087000, 66102, 0, 0
1088000, 60004, 0, 0
1089000, 59452, 0, 0
1090000, 59467, 0, 0
1091000, 59062, 0, 0
1092000, 58753, 0, 0
1093000, 57741, 0, 0
1094000, 58579, 0, 0
1095000, 64882, 0, 0
1096000, 63635, 0, 0
1097000, 66234, 0, 0
1098000, 79099, 0, 0
1099000, 91411, 0, 0
1100000, 63671, 0, 0
1101000, 61268, 0, 0
1102000, 64030, 0, 0
1103000, 73729, 0, 0
1104000, 63582, 0, 0
1105000, 79040, 0, 0
1106000, 77064, 0, 0
1107000, 58030, 0, 0
1108000, 58115, 0, 0
1109000, 60547, 0, 0
1110000, 99258, 0, 0
1111000, 100382, 0, 0
1112000, 57537, 0, 0
1113000, 58550, 0, 0
1114000, 57736, 0, 0
1115000, 60737, 0, 0
1116000, 62742, 0, 0
1117000, 59830, 0, 0
1118000, 61693, 0, 0
1119000, 64875, 0, 0
1120000, 60243, 0, 0
1121000, 57779, 0, 0
1122000, 62074, 0, 0
1123000, 57827, 0, 0
1124000, 61920, 0, 0
1125000, 65872, 0, 0
1126000, 60021, 0, 0
1127000, 60780, 0, 0
1128000, 59522, 0, 0
1129000, 57753, 0, 0
1130000, 58005, 0, 0
1131000, 57406, 0, 0
1132000, 61078, 0, 0
1133000, 58706, 0, 0
1134000, 60723, 0, 0
1135000, 58126, 0, 0
1136000, 60344, 0, 0
1137000, 59920, 0, 0
1138000, 64179, 0, 0
1139000, 62425, 0, 0
1140000, 65218, 0, 0
1141001, 71754, 0, 0
1142000, 69716, 0, 0
1143000, 57593, 0, 0
1144000, 63235, 0, 0
1145000, 60996, 0, 0
1146000, 60951, 0, 0
1147000, 62660, 0, 0
1148000, 61038, 0, 0
1149000, 58840, 0, 0
1150000, 58574, 0, 0
1151000, 58618, 0, 0
1152000, 60238, 0, 0
1153000, 63057, 0, 0
1154000, 64083, 0, 0
1155000, 59835, 0, 0
1156000, 59165, 0, 0
1157000, 62566, 0, 0
1158000, 59115, 0, 0
1159000, 58917, 0, 0
1160000, 59751, 0, 0
1161000, 58308, 0, 0
1162000, 66873, 0, 0
1163000, 57727, 0, 0
1164000, 58295, 0, 0
1165000, 60385, 0, 0
1166000, 62396, 0, 0
1167000, 71743, 0, 0
1168000, 60526, 0, 0
1169000, 70564, 0, 0
1170000, 59733, 0, 0
1171000, 57808, 0, 0
1172000, 64903, 0, 0
1173000, 58820, 0, 0
1174000, 61692, 0, 0
1175000, 61886, 0, 0
1176000, 60745, 0, 0
1177000, 58669, 0, 0
1178000, 60723, 0, 0
1179000, 64517, 0, 0
1180000, 61331, 0, 0
1181000, 59308, 0, 0
1182000, 63731, 0, 0
1183000, 59870, 0, 0
1184000, 61596, 0, 0
1185000, 60693, 0, 0
1186000, 60550, 0, 0
1187000, 60618, 0, 0
1188000, 60154, 0, 0
1189000, 63205, 0, 0
1190000, 60857, 0, 0
1191000, 65208, 0, 0
1192000, 62970, 0, 0
1193000, 60456, 0, 0
1194000, 86760, 0, 0
1195000, 99043, 0, 0
1196000, 58540, 0, 0
1197000, 64088, 0, 0
1198000, 62779, 0, 0
1199000, 63191, 0, 0
1200000, 62795, 0, 0
