1000, 272, 0, 0
2000, 484, 0, 0
2999, 484, 0, 0
3999, 468, 0, 0
5000, 480, 0, 0
6000, 480, 0, 0
6999, 516, 0, 0
8000, 480, 0, 0
9000, 484, 0, 0
9999, 480, 0, 0
11000, 480, 0, 0
11999, 484, 0, 0
12999, 448, 0, 0
13999, 516, 0, 0
15000, 480, 0, 0
15999, 480, 0, 0
17000, 556, 0, 0
17999, 488, 0, 0
18999, 484, 0, 0
20000, 512, 0, 0
21000, 484, 0, 0
21999, 520, 0, 0
23000, 492, 0, 0
24000, 480, 0, 0
24999, 488, 0, 0
25999, 512, 0, 0
27000, 448, 0, 0
27999, 476, 0, 0
28999, 492, 0, 0
30000, 492, 0, 0
30999, 488, 0, 0
31999, 484, 0, 0
32999, 488, 0, 0
34000, 516, 0, 0
34999, 484, 0, 0
36000, 448, 0, 0
36999, 484, 0, 0
37999, 492, 0, 0
39000, 484, 0, 0
39999, 456, 0, 0
40999, 520, 0, 0
42000, 520, 0, 0
42999, 492, 0, 0
43999, 524, 0, 0
45000, 524, 0, 0
45999, 488, 0, 0
47000, 496, 0, 0
48000, 484, 0, 0
48999, 520, 0, 0
49999, 472, 0, 0
51000, 528, 0, 0
51999, 480, 0, 0
52999, 488, 0, 0
54000, 488, 0, 0
54999, 520, 0, 0
55999, 492, 0, 0
57000, 488, 0, 0
57999, 512, 0, 0
58999, 488, 0, 0
60000, 504, 0, 0
60999, 492, 0, 0
61999, 532, 0, 0
63000, 504, 0, 0
63999, 500, 0, 0
64999, 540, 0, 0
66000, 508, 0, 0
66999, 528, 0, 0
67999, 496, 0, 0
69000, 500, 0, 0
69999, 496, 0, 0
70999, 496, 0, 0
72000, 524, 0, 0
72999, 504, 0, 0
73999, 492, 0, 0
75000, 536, 0, 0
76000, 508, 0, 0
76999, 496, 0, 0
78000, 464, 0, 0
78999, 496, 0, 0
79999, 492, 0, 0
81000, 480, 0, 0
81999, 500, 0, 0
82999, 548, 0, 0
84000, 492, 0, 0
84999, 504, 0, 0
85999, 532, 0, 0
87000, 516, 0, 0
87999, 476, 0, 0
88999, 512, 0, 0
90000, 496, 0, 0
90999, 520, 0, 0
91999, 528, 0, 0
93000, 500, 0, 0
93999, 492, 0, 0
94999, 516, 0, 0
96000, 508, 0, 0
96999, 512, 0, 0
97999, 512, 0, 0
99000, 504, 0, 0
99999, 508, 0, 0
100999, 468, 0, 0
102000, 488, 0, 0
102999, 512, 0, 0
103999, 488, 0, 0
105000, 468, 0, 0
105999, 548, 0, 0
106999, 512, 0, 0
108000, 544, 0, 0
108999, 504, 0, 0
109999, 500, 0, 0
111000, 540, 0, 0
111999, 516, 0, 0
113000, 508, 0, 0
114000, 500, 0, 0
114999, 516, 0, 0
116000, 500, 0, 0
117000, 476, 0, 0
117999, 524, 0, 0
119000, 516, 0, 0
120000, 504, 0, 0
120999, 508, 0, 0
122000, 520, 0, 0
122999, 520, 0, 0
123999, 520, 0, 0
125000, 512, 0, 0
125999, 508, 0, 0
126999, 512, 0, 0
128000, 500, 0, 0
128999, 564, 0, 0
129999, 556, 0, 0
131000, 516, 0, 0
132000, 508, 0, 0
132999, 528, 0, 0
134000, 480, 0, 0
134999, 544, 0, 0
135999, 540, 0, 0
137000, 512, 0, 0
137999, 548, 0, 0
138999, 512, 0, 0
140000, 564, 0, 0
140999, 492, 0, 0
141999, 528, 0, 0
143000, 548, 0, 0
143999, 512, 0, 0
144999, 536, 0, 0
146000, 560, 0, 0
146999, 548, 0, 0
147999, 496, 0, 0
149000, 516, 0, 0
149999, 524, 0, 0
150999, 552, 0, 0
152000, 528, 0, 0
152999, 516, 0, 0
153999, 516, 0, 0
155000, 528, 0, 0
155999, 496, 0, 0
156999, 540, 0, 0
158000, 564, 0, 0
158999, 500, 0, 0
159999, 516, 0, 0
161000, 544, 0, 0
161999, 532, 0, 0
162999, 532, 0, 0
164000, 548, 0, 0
164999, 532, 0, 0
165999, 508, 0, 0
167000, 532, 0, 0
167999, 608, 0, 0
168999, 540, 0, 0
170000, 520, 0, 0
170999, 516, 0, 0
171999, 552, 0, 0
173000, 520, 0, 0
173999, 524, 0, 0
174999, 524, 0, 0
176000, 548, 0, 0
176999, 548, 0, 0
177999, 508, 0, 0
179000, 512, 0, 0
179999, 568, 0, 0
180999, 520, 0, 0
182000, 564, 0, 0
182999, 544, 0, 0
183999, 564, 0, 0
185000, 524, 0, 0
185999, 564, 0, 0
186999, 532, 0, 0
188000, 552, 0, 0
188999, 528, 0, 0
189999, 544, 0, 0
191000, 592, 0, 0
191999, 544, 0, 0
193000, 544, 0, 0
194000, 548, 0, 0
194999, 524, 0, 0
196000, 596, 0, 0
196999, 488, 0, 0
197999, 552, 0, 0
199000, 524, 0, 0
200000, 528, 0, 0
200999, 524, 0, 0
202000, 552, 0, 0
202999, 588, 0, 0
203999, 504, 0, 0
205000, 580, 0, 0
205999, 540, 0, 0
206999, 544, 0, 0
208000, 540, 0, 0
208999, 524, 0, 0
209999, 552, 0, 0
211000, 516, 0, 0
212000, 600, 0, 0
212999, 560, 0, 0
214000, 536, 0, 0
215000, 584, 0, 0
215999, 532, 0, 0
216999, 532, 0, 0
218000, 572, 0, 0
218999, 540, 0, 0
220000, 572, 0, 0
221000, 496, 0, 0
221999, 556, 0, 0
222999, 608, 0, 0
224000, 544, 0, 0
224999, 604, 0, 0
225999, 544, 0, 0
227000, 576, 0, 0
227999, 564, 0, 0
228999, 556, 0, 0
230000, 556, 0, 0
230999, 532, 0, 0
231999, 552, 0, 0
233000, 540, 0, 0
233999, 512, 0, 0
234999, 584, 0, 0
236000, 572, 0, 0
236999, 564, 0, 0
237999, 584, 0, 0
239000, 540, 0, 0
239999, 512, 0, 0
241000, 568, 0, 0
241999, 540, 0, 0
242999, 572, 0, 0
244000, 516, 0, 0
245000, 520, 0, 0
245999, 556, 0, 0
246999, 492, 0, 0
248000, 536, 0, 0
248999, 552, 0, 0
249999, 616, 0, 0
251000, 528, 0, 0
251999, 548, 0, 0
252999, 536, 0, 0
254000, 560, 0, 0
254999, 560, 0, 0
255999, 544, 0, 0
257000, 568, 0, 0
257999, 540, 0, 0
258999, 600, 0, 0
260000, 516, 0, 0
260999, 596, 0, 0
261999, 556, 0, 0
263000, 536, 0, 0
263999, 592, 0, 0
264999, 580, 0, 0
266000, 560, 0, 0
266999, 620, 0, 0
267999, 568, 0, 0
269000, 552, 0, 0
269999, 560, 0, 0
270999, 552, 0, 0
272000, 508, 0, 0
272999, 592, 0, 0
273999, 548, 0, 0
275000, 580, 0, 0
275999, 580, 0, 0
276999, 556, 0, 0
278000, 556, 0, 0
278999, 568, 0, 0
279999, 540, 0, 0
281000, 540, 0, 0
281999, 596, 0, 0
282999, 620, 0, 0
284000, 580, 0, 0
284999, 584, 0, 0
285999, 604, 0, 0
287000, 588, 0, 0
287999, 564, 0, 0
288999, 596, 0, 0
290000, 592, 0, 0
290999, 564, 0, 0
291999, 528, 0, 0
293000, 608, 0, 0
293999, 544, 0, 0
294999, 600, 0, 0
296000, 556, 0, 0
297000, 592, 0, 0
297999, 564, 0, 0
298999, 592, 0, 0
300000, 588, 0, 0
300999, 628, 0, 0
301999, 536, 0, 0
303000, 592, 0, 0
303999, 576, 0, 0
304999, 620, 0, 0
306000, 540, 0, 0
306999, 580, 0, 0
307999, 544, 0, 0
309000, 596, 0, 0
309999, 588, 0, 0
310999, 544, 0, 0
312000, 504, 0, 0
312999, 608, 0, 0
313999, 560, 0, 0
315000, 544, 0, 0
315999, 572, 0, 0
316999, 580, 0, 0
318000, 548, 0, 0
318999, 560, 0, 0
319999, 580, 0, 0
321000, 632, 0, 0
321999, 604, 0, 0
322999, 576, 0, 0
324000, 572, 0, 0
324999, 600, 0, 0
325999, 596, 0, 0
327000, 664, 0, 0
327999, 648, 0, 0
328999, 664, 0, 0
330000, 572, 0, 0
330999, 624, 0, 0
331999, 568, 0, 0
333000, 616, 0, 0
333999, 604, 0, 0
334999, 612, 0, 0
336000, 616, 0, 0
336999, 636, 0, 0
337999, 580, 0, 0
339000, 616, 0, 0
339999, 532, 0, 0
340999, 588, 0, 0
342000, 560, 0, 0
342999, 568, 0, 0
343999, 560, 0, 0
345000, 560, 0, 0
345999, 588, 0, 0
346999, 656, 0, 0
348000, 636, 0, 0
348999, 576, 0, 0
349999, 584, 0, 0
351000, 568, 0, 0
351999, 656, 0, 0
352999, 552, 0, 0
354000, 608, 0, 0
354999, 604, 0, 0
355999, 632, 0, 0
357000, 584, 0, 0
357999, 624, 0, 0
358999, 584, 0, 0
360000, 648, 0, 0
360999, 604, 0, 0
361999, 576, 0, 0
363000, 624, 0, 0
363999, 592, 0, 0
364999, 604, 0, 0
366000, 568, 0, 0
366999, 600, 0, 0
367999, 624, 0, 0
369000, 548, 0, 0
369999, 580, 0, 0
371000, 588, 0, 0
372000, 600, 0, 0
372999, 648, 0, 0
374000, 640, 0, 0
375000, 588, 0, 0
375999, 600, 0, 0
376999, 604, 0, 0
378000, 624, 0, 0
378999, 564, 0, 0
380000, 584, 0, 0
380999, 552, 0, 0
381999, 616, 0, 0
383000, 636, 0, 0
384000, 616, 0, 0
384999, 628, 0, 0
386000, 572, 0, 0
387000, 640, 0, 0
387999, 600, 0, 0
389000, 612, 0, 0
390000, 560, 0, 0
390999, 704, 0, 0
392000, 588, 0, 0
392999, 616, 0, 0
393999, 608, 0, 0
395000, 604, 0, 0
396000, 568, 0, 0
396999, 624, 0, 0
398000, 588, 0, 0
398999, 584, 0, 0
399999, 684, 0, 0
401000, 608, 0, 0
401999, 656, 0, 0
402999, 600, 0, 0
404000, 628, 0, 0
404999, 624, 0, 0
405999, 596, 0, 0
407000, 680, 0, 0
407999, 596, 0, 0
408999, 632, 0, 0
410000, 672, 0, 0
410999, 616, 0, 0
411999, 652, 0, 0
413000, 620, 0, 0
413999, 688, 0, 0
414999, 608, 0, 0
416000, 596, 0, 0
416999, 648, 0, 0
417999, 576, 0, 0
419000, 644, 0, 0
420000, 648, 0, 0
420999, 680, 0, 0
422000, 596, 0, 0
422999, 592, 0, 0
423999, 624, 0, 0
425000, 624, 0, 0
425999, 580, 0, 0
426999, 656, 0, 0
428000, 596, 0, 0
428999, 672, 0, 0
429999, 616, 0, 0
431000, 660, 0, 0
431999, 676, 0, 0
432999, 592, 0, 0
434000, 624, 0, 0
434999, 632, 0, 0
435999, 536, 0, 0
437000, 596, 0, 0
437999, 692, 0, 0
438999, 616, 0, 0
440000, 656, 0, 0
440999, 568, 0, 0
441999, 684, 0, 0
443000, 620, 0, 0
443999, 652, 0, 0
444999, 620, 0, 0
446000, 652, 0, 0
446999, 552, 0, 0
447999, 620, 0, 0
449000, 604, 0, 0
449999, 624, 0, 0
450999, 688, 0, 0
452000, 596, 0, 0
453000, 644, 0, 0
453999, 656, 0, 0
455000, 640, 0, 0
456000, 652, 0, 0
456999, 612, 0, 0
458000, 680, 0, 0
459000, 592, 0, 0
459999, 568, 0, 0
461000, 616, 0, 0
461999, 648, 0, 0
462999, 672, 0, 0
464000, 592, 0, 0
465000, 716, 0, 0
465999, 644, 0, 0
467000, 592, 0, 0
468000, 664, 0, 0
468999, 680, 0, 0
470000, 592, 0, 0
471000, 624, 0, 0
471999, 624, 0, 0
472999, 652, 0, 0
474000, 628, 0, 0
474999, 656, 0, 0
475999, 620, 0, 0
477000, 640, 0, 0
477999, 624, 0, 0
479000, 672, 0, 0
479999, 692, 0, 0
480999, 628, 0, 0
482000, 616, 0, 0
483000, 676, 0, 0
483999, 616, 0, 0
485000, 668, 0, 0
485999, 584, 0, 0
486999, 676, 0, 0
488000, 720, 0, 0
488999, 668, 0, 0
489999, 676, 0, 0
491000, 692, 0, 0
491999, 648, 0, 0
492999, 636, 0, 0
494000, 616, 0, 0
494999, 700, 0, 0
495999, 668, 0, 0
497000, 696, 0, 0
497999, 612, 0, 0
498999, 624, 0, 0
500000, 712, 0, 0
500999, 612, 0, 0
501999, 692, 0, 0
503000, 648, 0, 0
503999, 664, 0, 0
504999, 616, 0, 0
506000, 636, 0, 0
506999, 592, 0, 0
507999, 616, 0, 0
509000, 628, 0, 0
509999, 728, 0, 0
510999, 628, 0, 0
512000, 712, 0, 0
512999, 628, 0, 0
513999, 676, 0, 0
515000, 628, 0, 0
515999, 664, 0, 0
516999, 676, 0, 0
518000, 664, 0, 0
518999, 636, 0, 0
519999, 660, 0, 0
521000, 716, 0, 0
521999, 632, 0, 0
522999, 728, 0, 0
524000, 684, 0, 0
524999, 660, 0, 0
525999, 680, 0, 0
527000, 640, 0, 0
527999, 676, 0, 0
528999, 644, 0, 0
530000, 668, 0, 0
530999, 636, 0, 0
531999, 692, 0, 0
533000, 636, 0, 0
533999, 684, 0, 0
534999, 624, 0, 0
536000, 672, 0, 0
536999, 692, 0, 0
537999, 696, 0, 0
539000, 604, 0, 0
539999, 684, 0, 0
540999, 632, 0, 0
542000, 704, 0, 0
542999, 616, 0, 0
543999, 668, 0, 0
545000, 644, 0, 0
545999, 724, 0, 0
546999, 652, 0, 0
548000, 608, 0, 0
548999, 632, 0, 0
549999, 644, 0, 0
551000, 636, 0, 0
551999, 680, 0, 0
552999, 740, 0, 0
554000, 660, 0, 0
554999, 648, 0, 0
555999, 752, 0, 0
556999, 704, 0, 0
557999, 724, 0, 0
558999, 700, 0, 0
560000, 732, 0, 0
560999, 616, 0, 0
561999, 728, 0, 0
563000, 684, 0, 0
563999, 700, 0, 0
564999, 712, 0, 0
566000, 628, 0, 0
566999, 664, 0, 0
567999, 700, 0, 0
569000, 724, 0, 0
569999, 768, 0, 0
570999, 696, 0, 0
572000, 736, 0, 0
572999, 612, 0, 0
573999, 612, 0, 0
575000, 712, 0, 0
575999, 664, 0, 0
577000, 760, 0, 0
577999, 704, 0, 0
578999, 676, 0, 0
580000, 688, 0, 0
580999, 624, 0, 0
581999, 648, 0, 0
583000, 568, 0, 0
583999, 728, 0, 0
584999, 740, 0, 0
586000, 656, 0, 0
586999, 644, 0, 0
587999, 704, 0, 0
589000, 764, 0, 0
589999, 716, 0, 0
590999, 680, 0, 0
592000, 656, 0, 0
592999, 696, 0, 0
593999, 688, 0, 0
595000, 796, 0, 0
595999, 600, 0, 0
596999, 684, 0, 0
598000, 700, 0, 0
598999, 712, 0, 0
599999, 736, 0, 0
601000, 648, 0, 0
601999, 636, 0, 0
602999, 676, 0, 0
604000, 776, 0, 0
604999, 668, 0, 0
605999, 668, 0, 0
607000, 740, 0, 0
608000, 768, 0, 0
608999, 736, 0, 0
610000, 652, 0, 0
610999, 796, 0, 0
611999, 720, 0, 0
613000, 676, 0, 0
613999, 668, 0, 0
614999, 688, 0, 0
616000, 764, 0, 0
616999, 720, 0, 0
617999, 716, 0, 0
619000, 756, 0, 0
619999, 788, 0, 0
620999, 728, 0, 0
622000, 700, 0, 0
622999, 712, 0, 0
623999, 672, 0, 0
625000, 716, 0, 0
625999, 724, 0, 0
626999, 740, 0, 0
628000, 668, 0, 0
628999, 740, 0, 0
629999, 656, 0, 0
631000, 732, 0, 0
631999, 704, 0, 0
632999, 776, 0, 0
634000, 752, 0, 0
634999, 872, 0, 0
635999, 684, 0, 0
637000, 640, 0, 0
637999, 740, 0, 0
638999, 732, 0, 0
640000, 768, 0, 0
640999, 688, 0, 0
641999, 688, 0, 0
643000, 692, 0, 0
643999, 728, 0, 0
644999, 836, 0, 0
646000, 800, 0, 0
646999, 824, 0, 0
647999, 796, 0, 0
649000, 716, 0, 0
649999, 820, 0, 0
650999, 708, 0, 0
652000, 764, 0, 0
652999, 692, 0, 0
653999, 664, 0, 0
655000, 764, 0, 0
655999, 744, 0, 0
656999, 720, 0, 0
658000, 740, 0, 0
658999, 676, 0, 0
659999, 700, 0, 0
661000, 792, 0, 0
661999, 756, 0, 0
662999, 752, 0, 0
664000, 712, 0, 0
664999, 732, 0, 0
665999, 780, 0, 0
667000, 780, 0, 0
667999, 704, 0, 0
668999, 744, 0, 0
670000, 744, 0, 0
670999, 808, 0, 0
671999, 804, 0, 0
673000, 796, 0, 0
673999, 732, 0, 0
674999, 732, 0, 0
676000, 760, 0, 0
676999, 760, 0, 0
677999, 712, 0, 0
679000, 780, 0, 0
679999, 752, 0, 0
680999, 916, 0, 0
682000, 740, 0, 0
682999, 740, 0, 0
683999, 704, 0, 0
685000, 760, 0, 0
685999, 720, 0, 0
686999, 780, 0, 0
688000, 744, 0, 0
688999, 728, 0, 0
689999, 812, 0, 0
691000, 796, 0, 0
691999, 680, 0, 0
692999, 776, 0, 0
694000, 732, 0, 0
695000, 780, 0, 0
696000, 804, 0, 0
697000, 732, 0, 0
698000, 788, 0, 0
699000, 804, 0, 0
700000, 676, 0, 0
701000, 792, 0, 0
702000, 768, 0, 0
703000, 792, 0, 0
704000, 788, 0, 0
705000, 760, 0, 0
706000, 772, 0, 0
707000, 768, 0, 0
708000, 688, 0, 0
709000, 872, 0, 0
710000, 728, 0, 0
711000, 732, 0, 0
712000, 824, 0, 0
713000, 704, 0, 0
714000, 772, 0, 0
715000, 680, 0, 0
716000, 816, 0, 0
716999, 748, 0, 0
718000, 744, 0, 0
719000, 764, 0, 0
720000, 760, 0, 0
721000, 660, 0, 0
722000, 776, 0, 0
723000, 872, 0, 0
724000, 828, 0, 0
725000, 760, 0, 0
725999, 728, 0, 0
727000, 800, 0, 0
728000, 708, 0, 0
729000, 736, 0, 0
730000, 752, 0, 0
731000, 756, 0, 0
732000, 828, 0, 0
733000, 744, 0, 0
734000, 700, 0, 0
735000, 760, 0, 0
736000, 812, 0, 0
737000, 840, 0, 0
738001, 795, 0, 0
739000, 796, 0, 0
740000, 796, 0, 0
741000, 800, 0, 0
742000, 732, 0, 0
743000, 800, 0, 0
744000, 720, 0, 0
745000, 748, 0, 0
746000, 788, 0, 0
746999, 772, 0, 0
748000, 768, 0, 0
749000, 812, 0, 0
750000, 720, 0, 0
751000, 896, 0, 0
752000, 680, 0, 0
753000, 796, 0, 0
754000, 820, 0, 0
754999, 752, 0, 0
755999, 728, 0, 0
756999, 696, 0, 0
757999, 704, 0, 0
758999, 812, 0, 0
759998, 753, 0, 0
760999, 720, 0, 0
761999, 884, 0, 0
762998, 741, 0, 0
763998, 729, 0, 0
764997, 814, 0, 0
765998, 845, 0, 0
766998, 825, 0, 0
767997, 798, 0, 0
768997, 734, 0, 0
769997, 870, 0, 0
770997, 778, 0, 0
771997, 718, 0, 0
772996, 763, 0, 0
773996, 839, 0, 0
774996, 722, 0, 0
775996, 859, 0, 0
776996, 746, 0, 0
777995, 767, 0, 0
778996, 771, 0, 0
779995, 832, 0, 0
780995, 699, 0, 0
781995, 771, 0, 0
782995, 739, 0, 0
783995, 755, 0, 0
784994, 740, 0, 0
785994, 812, 0, 0
786995, 739, 0, 0
787994, 820, 0, 0
788994, 712, 0, 0
789994, 776, 0, 0
790993, 813, 0, 0
791994, 764, 0, 0
792993, 866, 0, 0
793993, 725, 0, 0
794993, 773, 0, 0
795993, 849, 0, 0
796993, 817, 0, 0
797992, 826, 0, 0
798992, 762, 0, 0
799993, 745, 0, 0
800992, 798, 0, 0
801992, 858, 0, 0
802991, 791, 0, 0
803991, 851, 0, 0
804992, 806, 0, 0
805991, 948, 0, 0
806991, 839, 0, 0
808000, 868, 0, 0
808991, 839, 0, 0
809991, 815, 0, 0
811000, 704, 0, 0
812000, 700, 0, 0
812999, 728, 0, 0
813999, 760, 0, 0
815000, 768, 0, 0
815999, 752, 0, 0
816999, 760, 0, 0
818000, 804, 0, 0
818999, 744, 0, 0
820000, 776, 0, 0
821000, 796, 0, 0
821999, 644, 0, 0
822999, 812, 0, 0
824000, 832, 0, 0
824999, 832, 0, 0
825999, 736, 0, 0
827000, 816, 0, 0
827999, 716, 0, 0
828999, 872, 0, 0
830000, 788, 0, 0
830999, 832, 0, 0
831999, 744, 0, 0
833000, 732, 0, 0
834000, 828, 0, 0
834999, 848, 0, 0
835999, 764, 0, 0
837000, 768, 0, 0
837999, 804, 0, 0
838999, 720, 0, 0
840000, 740, 0, 0
840999, 764, 0, 0
841999, 704, 0, 0
843000, 696, 0, 0
843999, 784, 0, 0
844999, 760, 0, 0
846000, 836, 0, 0
846999, 692, 0, 0
847999, 712, 0, 0
849000, 820, 0, 0
849999, 768, 0, 0
850999, 796, 0, 0
852000, 784, 0, 0
852999, 688, 0, 0
853999, 792, 0, 0
855000, 816, 0, 0
855999, 764, 0, 0
856999, 820, 0, 0
858000, 832, 0, 0
858999, 820, 0, 0
859999, 776, 0, 0
861000, 744, 0, 0
861999, 772, 0, 0
862999, 740, 0, 0
864000, 804, 0, 0
864999, 664, 0, 0
865999, 768, 0, 0
867000, 768, 0, 0
867999, 780, 0, 0
868999, 780, 0, 0
869999, 832, 0, 0
871000, 780, 0, 0
871999, 748, 0, 0
873000, 736, 0, 0
874000, 836, 0, 0
874999, 792, 0, 0
875999, 792, 0, 0
877000, 804, 0, 0
877999, 872, 0, 0
878999, 748, 0, 0
880000, 744, 0, 0
880999, 784, 0, 0
881999, 740, 0, 0
883000, 764, 0, 0
883999, 688, 0, 0
884999, 792, 0, 0
886000, 724, 0, 0
886999, 768, 0, 0
887999, 724, 0, 0
889000, 756, 0, 0
889999, 844, 0, 0
890999, 836, 0, 0
892000, 816, 0, 0
892999, 656, 0, 0
893999, 732, 0, 0
895000, 832, 0, 0
895999, 656, 0, 0
896999, 784, 0, 0
898000, 724, 0, 0
898999, 744, 0, 0
899999, 752, 0, 0
901000, 748, 0, 0
901999, 748, 0, 0
902999, 804, 0, 0
904000, 740, 0, 0
904999, 884, 0, 0
905999, 764, 0, 0
907000, 936, 0, 0
907999, 804, 0, 0
908999, 744, 0, 0
910000, 784, 0, 0
910999, 688, 0, 0
911999, 672, 0, 0
913000, 852, 0, 0
913999, 708, 0, 0
914999, 772, 0, 0
916000, 756, 0, 0
916999, 832, 0, 0
917999, 756, 0, 0
919000, 696, 0, 0
919999, 760, 0, 0
920999, 784, 0, 0
922000, 820, 0, 0
922999, 776, 0, 0
923999, 796, 0, 0
925000, 696, 0, 0
925999, 736, 0, 0
926999, 816, 0, 0
928000, 848, 0, 0
928999, 800, 0, 0
929999, 772, 0, 0
931000, 788, 0, 0
932000, 852, 0, 0
932999, 764, 0, 0
933999, 780, 0, 0
935000, 748, 0, 0
935999, 728, 0, 0
936999, 820, 0, 0
938000, 760, 0, 0
938999, 912, 0, 0
939999, 792, 0, 0
941000, 708, 0, 0
941999, 804, 0, 0
943000, 788, 0, 0
944000, 884, 0, 0
944999, 796, 0, 0
945999, 756, 0, 0
947000, 796, 0, 0
947999, 776, 0, 0
948999, 732, 0, 0
950000, 768, 0, 0
950999, 900, 0, 0
951999, 728, 0, 0
953000, 696, 0, 0
953999, 928, 0, 0
954999, 724, 0, 0
956000, 856, 0, 0
957000, 884, 0, 0
957999, 688, 0, 0
959000, 788, 0, 0
960000, 764, 0, 0
960999, 824, 0, 0
962000, 764, 0, 0
963000, 740, 0, 0
963999, 832, 0, 0
965000, 904, 0, 0
966000, 780, 0, 0
966999, 804, 0, 0
967999, 752, 0, 0
969000, 736, 0, 0
969999, 788, 0, 0
970999, 744, 0, 0
972000, 724, 0, 0
972999, 776, 0, 0
973999, 764, 0, 0
975000, 728, 0, 0
975999, 840, 0, 0
976999, 800, 0, 0
978000, 792, 0, 0
978999, 760, 0, 0
979999, 820, 0, 0
981000, 796, 0, 0
981999, 752, 0, 0
982999, 860, 0, 0
984000, 812, 0, 0
984999, 776, 0, 0
985999, 720, 0, 0
987000, 796, 0, 0
987999, 820, 0, 0
988999, 776, 0, 0
990000, 728, 0, 0
990999, 776, 0, 0
991999, 728, 0, 0
993000, 840, 0, 0
993999, 832, 0, 0
994999, 764, 0, 0
996000, 804, 0, 0
996999, 728, 0, 0
997999, 780, 0, 0
999000, 724, 0, 0
999999, 844, 0, 0
1000999, 784, 0, 0
1002000, 808, 0, 0
1002999, 744, 0, 0
1003999, 760, 0, 0
1005000, 740, 0, 0
1005999, 764, 0, 0
1006999, 724, 0, 0
1008000, 752, 0, 0
1008999, 856, 0, 0
1009999, 712, 0, 0
1011000, 744, 0, 0
1012000, 784, 0, 0
1012999, 772, 0, 0
1014000, 800, 0, 0
1015000, 880, 0, 0
1015999, 784, 0, 0
1016999, 700, 0, 0
1018000, 784, 0, 0
1018999, 840, 0, 0
1019999, 744, 0, 0
1021000, 860, 0, 0
1021999, 688, 0, 0
1022999, 816, 0, 0
1024000, 748, 0, 0
1024999, 784, 0, 0
1025999, 788, 0, 0
1027000, 732, 0, 0
1027999, 700, 0, 0
1028999, 808, 0, 0
1030000, 796, 0, 0
1031000, 784, 0, 0
1031999, 720, 0, 0
1033000, 900, 0, 0
1033999, 688, 0, 0
1034999, 876, 0, 0
1036000, 860, 0, 0
1037000, 796, 0, 0
1037999, 700, 0, 0
1038999, 772, 0, 0
1040000, 756, 0, 0
1040999, 796, 0, 0
1041999, 740, 0, 0
1043000, 728, 0, 0
1043999, 756, 0, 0
1044999, 816, 0, 0
1046000, 804, 0, 0
1046999, 816, 0, 0
1047999, 768, 0, 0
1049000, 776, 0, 0
1049999, 812, 0, 0
1050999, 740, 0, 0
1052000, 764, 0, 0
1052999, 808, 0, 0
1053999, 776, 0, 0
1055000, 792, 0, 0
1055999, 784, 0, 0
1056999, 776, 0, 0
1058000, 680, 0, 0
1058999, 868, 0, 0
1059999, 748, 0, 0
1061000, 788, 0, 0
1062000, 724, 0, 0
1062999, 844, 0, 0
1064000, 708, 0, 0
1064999, 744, 0, 0
1065999, 768, 0, 0
1067000, 872, 0, 0
1067999, 664, 0, 0
1068999, 704, 0, 0
1070000, 812, 0, 0
1070999, 772, 0, 0
1071999, 692, 0, 0
1073000, 748, 0, 0
1074000, 724, 0, 0
1074999, 744, 0, 0
1076000, 744, 0, 0
1076999, 772, 0, 0
1077999, 740, 0, 0
1079000, 888, 0, 0
1079999, 700, 0, 0
1080999, 852, 0, 0
1082000, 824, 0, 0
1082999, 856, 0, 0
1083999, 728, 0, 0
1085000, 816, 0, 0
1086000, 792, 0, 0
1086999, 832, 0, 0
1088000, 772, 0, 0
1089000, 720, 0, 0
1089999, 888, 0, 0
1090999, 804, 0, 0
1092000, 820, 0, 0
1092999, 740, 0, 0
1093999, 728, 0, 0
1095000, 748, 0, 0
1095999, 688, 0, 0
1096999, 836, 0, 0
1097999, 800, 0, 0
1099000, 804, 0, 0
1099999, 748, 0, 0
1100999, 812, 0, 0
1101999, 772, 0, 0
1103000, 764, 0, 0
1103999, 796, 0, 0
1104999, 720, 0, 0
1106000, 820, 0, 0
1106999, 740, 0, 0
1107999, 796, 0, 0
1109000, 728, 0, 0
1109999, 752, 0, 0
1110999, 812, 0, 0
1112000, 748, 0, 0
1112999, 772, 0, 0
1113999, 656, 0, 0
1115000, 808, 0, 0
1116000, 784, 0, 0
1116999, 768, 0, 0
1118000, 840, 0, 0
1119000, 744, 0, 0
1119999, 780, 0, 0
1121000, 744, 0, 0
1122000, 852, 0, 0
1122999, 676, 0, 0
1123999, 712, 0, 0
1125000, 784, 0, 0
1125999, 768, 0, 0
1126999, 888, 0, 0
1128000, 712, 0, 0
1128999, 856, 0, 0
1129999, 704, 0, 0
1131000, 724, 0, 0
1131999, 792, 0, 0
1132999, 932, 0, 0
1134000, 740, 0, 0
1134999, 788, 0, 0
1135999, 784, 0, 0
1137000, 728, 0, 0
1137999, 752, 0, 0
1138999, 784, 0, 0
1140000, 800, 0, 0
1140999, 768, 0, 0
1141999, 696, 0, 0
1143000, 796, 0, 0
1143999, 880, 0, 0
1144999, 760, 0, 0
1146000, 728, 0, 0
1146999, 804, 0, 0
1147999, 756, 0, 0
1149000, 696, 0, 0
1149999, 800, 0, 0
1150999, 680, 0, 0
1152000, 728, 0, 0
1152999, 772, 0, 0
1153999, 764, 0, 0
1155000, 768, 0, 0
1155999, 764, 0, 0
1156999, 780, 0, 0
1158000, 736, 0, 0
1158999, 724, 0, 0
1159999, 756, 0, 0
1161000, 852, 0, 0
1161999, 768, 0, 0
1162999, 784, 0, 0
1164000, 728, 0, 0
1164999, 796, 0, 0
1165999, 852, 0, 0
1167000, 688, 0, 0
1167999, 868, 0, 0
1168999, 812, 0, 0
1170000, 796, 0, 0
1170999, 792, 0, 0
1171999, 784, 0, 0
1173000, 808, 0, 0
1173999, 740, 0, 0
1174999, 740, 0, 0
1176000, 740, 0, 0
1177000, 764, 0, 0
1177999, 680, 0, 0
1178999, 760, 0, 0
1180000, 796, 0, 0
1180999, 824, 0, 0
1181999, 772, 0, 0
1183000, 788, 0, 0
1183999, 696, 0, 0
1184999, 736, 0, 0
1186000, 720, 0, 0
1186999, 820, 0, 0
1187999, 836, 0, 0
1189000, 748, 0, 0
1189999, 732, 0, 0
1190999, 760, 0, 0
1192000, 832, 0, 0
1192999, 752, 0, 0
1193999, 708, 0, 0
1195000, 744, 0, 0
1195999, 672, 0, 0
1196999, 780, 0, 0
1198000, 760, 0, 0
1198999, 732, 0, 0
1199999, 736, 0, 0
1200999, 800, 0, 0
1202000, 776, 0, 0
1202999, 772, 0, 0
1203999, 728, 0, 0
1205000, 736, 0, 0
1205999, 888, 0, 0
1206999, 752, 0, 0
1208000, 796, 0, 0
1208999, 648, 0, 0
1209999, 824, 0, 0
1211000, 788, 0, 0
1211999, 764, 0, 0
1213000, 768, 0, 0
1214000, 744, 0, 0
1214999, 772, 0, 0
1216000, 760, 0, 0
1216999, 784, 0, 0
1217999, 872, 0, 0
1219000, 784, 0, 0
1220000, 788, 0, 0
1220999, 808, 0, 0
1221999, 844, 0, 0
1222999, 780, 0, 0
1223999, 728, 0, 0
1225000, 884, 0, 0
1226000, 832, 0, 0
1226999, 820, 0, 0
1228000, 720, 0, 0
1229000, 828, 0, 0
1229999, 844, 0, 0
1231000, 824, 0, 0
1232000, 772, 0, 0
1232999, 768, 0, 0
1234000, 848, 0, 0
1235000, 740, 0, 0
1235999, 744, 0, 0
1237000, 764, 0, 0
1238000, 776, 0, 0
1238999, 784, 0, 0
1240000, 732, 0, 0
1241000, 896, 0, 0
1241999, 804, 0, 0
1242999, 864, 0, 0
1243999, 668, 0, 0
1244999, 756, 0, 0
1246000, 856, 0, 0
1246999, 800, 0, 0
1247999, 760, 0, 0
1249000, 756, 0, 0
1249999, 780, 0, 0
1250999, 876, 0, 0
1252000, 792, 0, 0
1253000, 748, 0, 0
1253999, 784, 0, 0
1255000, 688, 0, 0
1256000, 772, 0, 0
1256999, 768, 0, 0
1257999, 872, 0, 0
1259000, 748, 0, 0
1259999, 748, 0, 0
1260999, 748, 0, 0
1262000, 808, 0, 0
1262999, 764, 0, 0
1264000, 792, 0, 0
1265000, 820, 0, 0
1265999, 760, 0, 0
1266999, 780, 0, 0
1268000, 836, 0, 0
1268999, 792, 0, 0
1269999, 880, 0, 0
1271000, 656, 0, 0
1271999, 864, 0, 0
1272999, 716, 0, 0
1274000, 784, 0, 0
1274999, 736, 0, 0
1275999, 752, 0, 0
1277000, 748, 0, 0
1277999, 760, 0, 0
1278999, 724, 0, 0
1280000, 836, 0, 0
1280999, 840, 0, 0
1281999, 756, 0, 0
1283000, 724, 0, 0
1283999, 748, 0, 0
1284999, 752, 0, 0
1286000, 808, 0, 0
1286999, 840, 0, 0
1287999, 736, 0, 0
1289000, 792, 0, 0
1289999, 744, 0, 0
1291000, 784, 0, 0
1291999, 864, 0, 0
1292999, 820, 0, 0
1293999, 788, 0, 0
1295000, 812, 0, 0
1295999, 688, 0, 0
1296999, 800, 0, 0
1298000, 812, 0, 0
1298999, 756, 0, 0
1299999, 720, 0, 0
1301000, 820, 0, 0
1301999, 816, 0, 0
1302999, 752, 0, 0
1304000, 836, 0, 0
1304999, 832, 0, 0
1305999, 816, 0, 0
1307000, 900, 0, 0
1307999, 724, 0, 0
1308999, 824, 0, 0
1310000, 872, 0, 0
1310999, 724, 0, 0
1311999, 808, 0, 0
1313000, 872, 0, 0
1313999, 816, 0, 0
1314999, 824, 0, 0
1316000, 784, 0, 0
1316999, 788, 0, 0
1318000, 688, 0, 0
1319000, 772, 0, 0
1319999, 720, 0, 0
1321000, 748, 0, 0
1322000, 800, 0, 0
1322999, 756, 0, 0
1323999, 768, 0, 0
1325000, 736, 0, 0
1325999, 732, 0, 0
1326999, 836, 0, 0
1328000, 860, 0, 0
1328999, 772, 0, 0
1329999, 748, 0, 0
1331000, 704, 0, 0
1331999, 856, 0, 0
1332999, 856, 0, 0
1334000, 764, 0, 0
1334999, 696, 0, 0
1335999, 800, 0, 0
1337000, 808, 0, 0
1337999, 756, 0, 0
1338999, 768, 0, 0
1340000, 824, 0, 0
1340999, 756, 0, 0
1341999, 828, 0, 0
1343000, 764, 0, 0
1343999, 756, 0, 0
1344999, 876, 0, 0
1346000, 784, 0, 0
1346999, 752, 0, 0
1347999, 724, 0, 0
1349000, 816, 0, 0
1349999, 808, 0, 0
1351000, 768, 0, 0
1352000, 784, 0, 0
1352999, 756, 0, 0
1354000, 796, 0, 0
1355000, 708, 0, 0
1355999, 728, 0, 0
1356999, 724, 0, 0
1358000, 768, 0, 0
1358999, 796, 0, 0
1360000, 760, 0, 0
1361000, 724, 0, 0
1361999, 792, 0, 0
1362999, 740, 0, 0
1364000, 732, 0, 0
1364999, 812, 0, 0
1366000, 828, 0, 0
1366999, 824, 0, 0
1367999, 844, 0, 0
1369000, 788, 0, 0
1370000, 736, 0, 0
1370999, 796, 0, 0
1372000, 740, 0, 0
1372999, 832, 0, 0
1373999, 772, 0, 0
1375000, 852, 0, 0
1375999, 836, 0, 0
1376999, 792, 0, 0
1378000, 796, 0, 0
1378999, 840, 0, 0
1379999, 748, 0, 0
1381000, 796, 0, 0
1381999, 740, 0, 0
1382999, 880, 0, 0
1384000, 868, 0, 0
1384999, 792, 0, 0
1385999, 852, 0, 0
1387000, 720, 0, 0
1387999, 860, 0, 0
1388999, 736, 0, 0
1390000, 732, 0, 0
1390999, 908, 0, 0
1391999, 868, 0, 0
1393000, 808, 0, 0
1393999, 732, 0, 0
1394999, 828, 0, 0
1396000, 848, 0, 0
1396999, 812, 0, 0
1398000, 712, 0, 0
1399000, 732, 0, 0
1399999, 756, 0, 0
1401000, 840, 0, 0
1401999, 764, 0, 0
1402999, 724, 0, 0
1404000, 780, 0, 0
1404999, 756, 0, 0
1405999, 764, 0, 0
1407000, 820, 0, 0
1407999, 704, 0, 0
1408999, 792, 0, 0
1410000, 816, 0, 0
1410999, 880, 0, 0
1411999, 700, 0, 0
1413000, 768, 0, 0
1413999, 836, 0, 0
1414999, 848, 0, 0
1416000, 832, 0, 0
1416999, 804, 0, 0
1417999, 776, 0, 0
1419000, 652, 0, 0
1419999, 768, 0, 0
1420999, 744, 0, 0
1422000, 804, 0, 0
1423000, 796, 0, 0
1423999, 732, 0, 0
1425000, 796, 0, 0
1425999, 844, 0, 0
1426999, 772, 0, 0
1428000, 764, 0, 0
1429000, 756, 0, 0
1429999, 724, 0, 0
1431000, 748, 0, 0
1431999, 808, 0, 0
1432999, 792, 0, 0
1434000, 740, 0, 0
1434999, 840, 0, 0
1435999, 808, 0, 0
1437000, 756, 0, 0
1437999, 772, 0, 0
1438999, 764, 0, 0
1440000, 808, 0, 0
1440999, 960, 0, 0
1441999, 748, 0, 0
1443000, 736, 0, 0
1443999, 892, 0, 0
1444999, 736, 0, 0
1446000, 696, 0, 0
1446999, 776, 0, 0
1447999, 832, 0, 0
1449000, 700, 0, 0
1449999, 728, 0, 0
1450999, 776, 0, 0
1451999, 716, 0, 0
1452999, 716, 0, 0
1454000, 744, 0, 0
1455000, 816, 0, 0
1455999, 832, 0, 0
1457000, 720, 0, 0
1457999, 860, 0, 0
1458999, 780, 0, 0
1460000, 748, 0, 0
1461000, 812, 0, 0
1461999, 824, 0, 0
1463000, 812, 0, 0
1463999, 768, 0, 0
1464999, 856, 0, 0
1466000, 808, 0, 0
1466999, 772, 0, 0
1467999, 764, 0, 0
1469000, 804, 0, 0
1469999, 836, 0, 0
1470999, 776, 0, 0
1472000, 816, 0, 0
1473000, 752, 0, 0
1473999, 776, 0, 0
1475000, 868, 0, 0
1475999, 744, 0, 0
1476999, 804, 0, 0
1478000, 756, 0, 0
1478999, 776, 0, 0
1479999, 852, 0, 0
1481000, 804, 0, 0
1481999, 780, 0, 0
1482999, 772, 0, 0
1484000, 716, 0, 0
1484999, 784, 0, 0
1485999, 736, 0, 0
1487000, 816, 0, 0
1487999, 768, 0, 0
1488999, 856, 0, 0
1490000, 728, 0, 0
1490999, 792, 0, 0
1491999, 984, 0, 0
1493000, 800, 0, 0
1493999, 772, 0, 0
1494999, 748, 0, 0
1496000, 784, 0, 0
1496999, 732, 0, 0
1497999, 772, 0, 0
1499000, 676, 0, 0
1499999, 788, 0, 0
1500999, 724, 0, 0
1502000, 664, 0, 0
1502999, 876, 0, 0
1503999, 744, 0, 0
1505000, 764, 0, 0
1505999, 752, 0, 0
1507000, 808, 0, 0
1507999, 880, 0, 0
1508999, 788, 0, 0
1509999, 696, 0, 0
1511000, 820, 0, 0
1511999, 736, 0, 0
1512999, 768, 0, 0
1514000, 712, 0, 0
1514999, 840, 0, 0
1515999, 800, 0, 0
1517000, 860, 0, 0
1517999, 712, 0, 0
1518999, 764, 0, 0
1520000, 820, 0, 0
1520999, 732, 0, 0
1521999, 760, 0, 0
1523000, 760, 0, 0
1523999, 824, 0, 0
1524999, 744, 0, 0
1526000, 820, 0, 0
1526999, 816, 0, 0
1527999, 880, 0, 0
1529000, 840, 0, 0
1530000, 880, 0, 0
1530999, 780, 0, 0
1531999, 744, 0, 0
1533000, 840, 0, 0
1533999, 772, 0, 0
1534999, 848, 0, 0
1536000, 752, 0, 0
1536999, 804, 0, 0
1537999, 892, 0, 0
1539000, 788, 0, 0
1540000, 752, 0, 0
1540999, 824, 0, 0
1542000, 740, 0, 0
1543000, 760, 0, 0
1543999, 836, 0, 0
1545000, 860, 0, 0
1546000, 808, 0, 0
1546999, 764, 0, 0
1547999, 988, 0, 0
1549000, 748, 0, 0
1549999, 788, 0, 0
1550999, 848, 0, 0
1552000, 740, 0, 0
1552999, 860, 0, 0
1553999, 764, 0, 0
1555000, 784, 0, 0
1555999, 904, 0, 0
1556999, 736, 0, 0
1558000, 752, 0, 0
1558999, 816, 0, 0
1559999, 760, 0, 0
1561000, 828, 0, 0
1561999, 836, 0, 0
1562999, 772, 0, 0
1564000, 832, 0, 0
1564999, 716, 0, 0
1565999, 796, 0, 0
1567000, 756, 0, 0
1567999, 888, 0, 0
1568999, 812, 0, 0
1570000, 860, 0, 0
1570999, 764, 0, 0
1571999, 776, 0, 0
1573000, 888, 0, 0
1573999, 724, 0, 0
1574999, 788, 0, 0
1576000, 760, 0, 0
1576999, 792, 0, 0
1577999, 824, 0, 0
1579000, 788, 0, 0
1579999, 832, 0, 0
1580999, 744, 0, 0
1582000, 800, 0, 0
1583000, 832, 0, 0
1583999, 812, 0, 0
1585000, 716, 0, 0
1585999, 760, 0, 0
1586999, 804, 0, 0
1588000, 844, 0, 0
1588999, 816, 0, 0
1589999, 720, 0, 0
1591000, 776, 0, 0
1592000, 912, 0, 0
1592999, 824, 0, 0
1593999, 748, 0, 0
1595000, 816, 0, 0
1595999, 756, 0, 0
1596999, 848, 0, 0
1598000, 812, 0, 0
1598999, 828, 0, 0
1599999, 780, 0, 0
1601000, 828, 0, 0
1601999, 744, 0, 0
1603000, 932, 0, 0
1603999, 688, 0, 0
1604999, 916, 0, 0
1606000, 804, 0, 0
1606999, 776, 0, 0
1607999, 800, 0, 0
1609000, 868, 0, 0
1610000, 816, 0, 0
1610999, 764, 0, 0
1612000, 756, 0, 0
1613000, 752, 0, 0
1613999, 832, 0, 0
1615000, 736, 0, 0
1615999, 832, 0, 0
1616999, 844, 0, 0
1618000, 732, 0, 0
1618999, 740, 0, 0
1619999, 784, 0, 0
1621000, 908, 0, 0
1621999, 672, 0, 0
1622999, 844, 0, 0
1624000, 788, 0, 0
1624999, 780, 0, 0
1625999, 704, 0, 0
1627000, 764, 0, 0
1627999, 844, 0, 0
1628999, 792, 0, 0
1630000, 812, 0, 0
1630999, 716, 0, 0
1631999, 760, 0, 0
1633000, 852, 0, 0
1633999, 840, 0, 0
1634999, 812, 0, 0
1636000, 732, 0, 0
1636999, 784, 0, 0
1637999, 728, 0, 0
1639000, 840, 0, 0
1639999, 840, 0, 0
1640999, 816, 0, 0
1642000, 756, 0, 0
1642999, 816, 0, 0
1643999, 816, 0, 0
1645000, 808, 0, 0
1645999, 800, 0, 0
1646999, 772, 0, 0
1648000, 868, 0, 0
1648999, 796, 0, 0
1649999, 904, 0, 0
1651000, 792, 0, 0
1651999, 772, 0, 0
1652999, 768, 0, 0
1654000, 900, 0, 0
1654999, 828, 0, 0
1655999, 752, 0, 0
1657000, 792, 0, 0
1657999, 812, 0, 0
1658999, 832, 0, 0
1660000, 772, 0, 0
1661000, 828, 0, 0
1661999, 760, 0, 0
1663000, 708, 0, 0
1664000, 824, 0, 0
1664999, 792, 0, 0
1666000, 716, 0, 0
1666999, 828, 0, 0
1667999, 784, 0, 0
1669000, 696, 0, 0
1669999, 776, 0, 0
1670999, 856, 0, 0
1672000, 820, 0, 0
1672999, 836, 0, 0
1673999, 768, 0, 0
1675000, 784, 0, 0
1675999, 716, 0, 0
1676999, 752, 0, 0
1678000, 800, 0, 0
1678999, 684, 0, 0
1679999, 860, 0, 0
1681000, 728, 0, 0
1681999, 708, 0, 0
1682999, 856, 0, 0
1684000, 756, 0, 0
1684999, 684, 0, 0
1685999, 804, 0, 0
1687000, 752, 0, 0
1687999, 768, 0, 0
1688999, 772, 0, 0
1690000, 808, 0, 0
1690999, 784, 0, 0
1691999, 808, 0, 0
1693000, 804, 0, 0
1693999, 840, 0, 0
1694999, 860, 0, 0
1696000, 764, 0, 0
1696999, 732, 0, 0
1697999, 764, 0, 0
1699000, 840, 0, 0
1699999, 776, 0, 0
1700999, 780, 0, 0
1702000, 840, 0, 0
1702999, 828, 0, 0
1703999, 872, 0, 0
1705000, 808, 0, 0
1705999, 780, 0, 0
1706999, 776, 0, 0
1708000, 832, 0, 0
1708999, 852, 0, 0
1709999, 852, 0, 0
1711000, 800, 0, 0
1711999, 844, 0, 0
1712999, 764, 0, 0
1714000, 872, 0, 0
1714999, 812, 0, 0
1715999, 768, 0, 0
1717000, 828, 0, 0
1718000, 820, 0, 0
1718999, 760, 0, 0
1719999, 812, 0, 0
1721000, 748, 0, 0
1721999, 736, 0, 0
1722999, 744, 0, 0
1724000, 796, 0, 0
1724999, 692, 0, 0
1725999, 860, 0, 0
1727000, 856, 0, 0
1727999, 760, 0, 0
1728999, 804, 0, 0
1730000, 812, 0, 0
1730999, 864, 0, 0
1731999, 852, 0, 0
1733000, 780, 0, 0
1733999, 692, 0, 0
1734999, 788, 0, 0
1736000, 908, 0, 0
1736999, 796, 0, 0
1737999, 780, 0, 0
1739000, 872, 0, 0
1739999, 728, 0, 0
1740999, 832, 0, 0
1742000, 844, 0, 0
1742999, 780, 0, 0
1743999, 808, 0, 0
1745000, 864, 0, 0
1745999, 712, 0, 0
1746999, 804, 0, 0
1748000, 828, 0, 0
1748999, 792, 0, 0
1749999, 800, 0, 0
1751000, 840, 0, 0
1751999, 872, 0, 0
1752999, 888, 0, 0
1754000, 632, 0, 0
1754999, 776, 0, 0
1755999, 772, 0, 0
1757000, 840, 0, 0
1757999, 968, 0, 0
1758999, 868, 0, 0
1760000, 812, 0, 0
1760999, 732, 0, 0
1761999, 908, 0, 0
1763000, 732, 0, 0
1764000, 832, 0, 0
1764999, 764, 0, 0
1766000, 788, 0, 0
1767000, 856, 0, 0
1767999, 876, 0, 0
1769000, 796, 0, 0
1770000, 848, 0, 0
1770999, 772, 0, 0
1772000, 800, 0, 0
1772999, 804, 0, 0
1773999, 736, 0, 0
1775000, 788, 0, 0
1776000, 756, 0, 0
1776999, 848, 0, 0
1778000, 856, 0, 0
1778999, 744, 0, 0
1779999, 804, 0, 0
1781000, 856, 0, 0
1782000, 724, 0, 0
1782999, 808, 0, 0
1784000, 732, 0, 0
1785000, 720, 0, 0
1785999, 776, 0, 0
1787000, 844, 0, 0
1788000, 760, 0, 0
1788999, 724, 0, 0
1790000, 752, 0, 0
1791000, 760, 0, 0
1791999, 892, 0, 0
1792999, 724, 0, 0
1794000, 820, 0, 0
1794999, 848, 0, 0
1795999, 780, 0, 0
1797000, 700, 0, 0
1797999, 852, 0, 0
1798999, 732, 0, 0
1800000, 808, 0, 0
