1012, 7330987, 0, 0
2022, 8408764, 0, 0
3054, 8056350, 0, 0
4068, 6228912, 0, 0
5037, 8066716, 0, 0
6056, 8416662, 0, 0
7038, 8762609, 0, 0
8029, 8178402, 0, 0
9023, 8282059, 0, 0
10027, 8288837, 0, 0
11012, 8065892, 0, 0
12023, 8349195, 0, 0
13038, 8456378, 0, 0
14041, 8149342, 0, 0
15004, 8018483, 0, 0
16062, 8193185, 0, 0
17017, 7947233, 0, 0
18001, 8129300, 0, 0
19031, 8506505, 0, 0
20013, 8107259, 0, 0
21056, 7957260, 0, 0
22007, 8483363, 0, 0
23002, 8288192, 0, 0
24062, 8750868, 0, 0
25027, 8608471, 0, 0
26030, 8220900, 0, 0
27050, 8022253, 0, 0
28009, 7788234, 0, 0
29008, 7863669, 0, 0
30027, 8146357, 0, 0
31059, 8517455, 0, 0
32020, 7874470, 0, 0
33023, 8144974, 0, 0
34007, 7997379, 0, 0
35039, 8449243, 0, 0
36002, 8365737, 0, 0
37068, 8257883, 0, 0
38049, 8173260, 0, 0
39032, 8111490, 0, 0
40041, 7815219, 0, 0
41003, 7879861, 0, 0
42059, 7992054, 0, 0
43053, 8009280, 0, 0
44048, 8220256, 0, 0
45045, 8034739, 0, 0
46053, 8604002, 0, 0
47052, 7928117, 0, 0
48038, 8138413, 0, 0
49037, 8054286, 0, 0
50037, 8057330, 0, 0
51046, 8261384, 0, 0
52017, 7891805, 0, 0
53032, 7857373, 0, 0
54057, 7762947, 0, 0
55035, 7880629, 0, 0
56042, 8247944, 0, 0
57026, 8055597, 0, 0
58025, 8049300, 0, 0
59026, 8005609, 0, 0
60059, 7877216, 0, 0
61062, 8215108, 0, 0
62020, 7719101, 0, 0
63012, 8124469, 0, 0
64063, 8340223, 0, 0
65053, 7972877, 0, 0
66022, 8572178, 0, 0
67052, 8230419, 0, 0
68048, 7836831, 0, 0
69044, 8578457, 0, 0
70020, 7928401, 0, 0
71017, 8032929, 0, 0
72016, 7992045, 0, 0
73033, 8257604, 0, 0
74061, 8220712, 0, 0
75002, 7403554, 0, 0
76028, 7944083, 0, 0
77056, 8287424, 0, 0
78038, 7913506, 0, 0
79087, 8121006, 0, 0
80022, 7918569, 0, 0
81052, 8236934, 0, 0
82016, 7643596, 0, 0
83040, 7927346, 0, 0
84044, 7966433, 0, 0
85057, 8298921, 0, 0
86066, 8001816, 0, 0
87003, 8666476, 0, 0
88066, 8298516, 0, 0
89062, 7958341, 0, 0
90045, 7739387, 0, 0
91020, 7849740, 0, 0
92014, 7763863, 0, 0
93036, 8370883, 0, 0
94055, 8145116, 0, 0
95038, 7917711, 0, 0
96027, 7786469, 0, 0
97022, 7706744, 0, 0
98072, 8461032, 0, 0
99044, 8156083, 0, 0
100026, 8114915, 0, 0
101038, 7834259, 0, 0
102034, 7959068, 0, 0
103028, 8146443, 0, 0
104000, 7188719, 0, 0
105029, 8166794, 0, 0
106032, 8012958, 0, 0
107035, 8016372, 0, 0
108008, 7720784, 0, 0
109054, 7683247, 0, 0
110067, 8101331, 0, 0
111000, 7893106, 0, 0
112017, 7759083, 0, 0
113012, 7766288, 0, 0
114070, 7716265, 0, 0
115063, 6797883, 0, 0
116052, 7597590, 0, 0
117032, 7960416, 0, 0
118005, 7844499, 0, 0
119011, 7728515, 0, 0
120035, 7528260, 0, 0
121055, 8219688, 0, 0
122046, 7794884, 0, 0
123042, 7962857, 0, 0
124040, 7671923, 0, 0
125007, 7485791, 0, 0
126041, 7654370, 0, 0
127014, 7200531, 0, 0
128015, 7631505, 0, 0
129056, 7820641, 0, 0
130004, 7072443, 0, 0
131054, 7489202, 0, 0
132017, 7583659, 0, 0
133012, 7823516, 0, 0
134061, 8002497, 0, 0
135009, 7765321, 0, 0
136071, 7914182, 0, 0
137018, 7697088, 0, 0
138022, 7660309, 0, 0
139031, 8127720, 0, 0
140025, 7521294, 0, 0
141062, 7402909, 0, 0
142067, 7725142, 0, 0
143048, 7653998, 0, 0
144029, 7543244, 0, 0
145042, 8032721, 0, 0
146040, 7615568, 0, 0
147010, 7452593, 0, 0
148068, 7889728, 0, 0
149002, 7714869, 0, 0
150045, 7951505, 0, 0
151019, 8045690, 0, 0
152007, 7771949, 0, 0
153019, 7903579, 0, 0
154062, 7662522, 0, 0
155014, 7430825, 0, 0
156051, 7509306, 0, 0
157044, 7627932, 0, 0
158003, 7855701, 0, 0
159011, 7926902, 0, 0
160059, 7374960, 0, 0
161050, 7500350, 0, 0
162036, 7196073, 0, 0
163025, 7597457, 0, 0
164046, 7615393, 0, 0
165064, 7947650, 0, 0
166055, 7553889, 0, 0
167074, 8415328, 0, 0
168010, 7196143, 0, 0
169053, 7238050, 0, 0
170049, 7539790, 0, 0
171016, 6996521, 0, 0
172017, 7814132, 0, 0
173069, 7152135, 0, 0
174008, 7568003, 0, 0
175068, 7252037, 0, 0
176017, 7298894, 0, 0
177056, 7203898, 0, 0
178007, 7924486, 0, 0
179052, 7198095, 0, 0
180001, 7127564, 0, 0
181023, 7562693, 0, 0
182012, 7007891, 0, 0
183011, 7739440, 0, 0
184066, 7530092, 0, 0
185030, 8093473, 0, 0
186016, 7410792, 0, 0
187025, 7518491, 0, 0
188023, 7443298, 0, 0
189016, 7519619, 0, 0
190023, 7857417, 0, 0
191025, 7252274, 0, 0
192058, 7072187, 0, 0
193010, 7925952, 0, 0
194016, 8665399, 0, 0
195008, 7182588, 0, 0
196035, 7281072, 0, 0
197053, 7163240, 0, 0
198003, 7588407, 0, 0
199043, 7317324, 0, 0
200052, 7640883, 0, 0
201001, 7967965, 0, 0
202065, 7876337, 0, 0
203058, 7184639, 0, 0
204004, 7505817, 0, 0
205010, 7497403, 0, 0
206030, 7496867, 0, 0
207008, 7290267, 0, 0
208039, 6913429, 0, 0
209016, 7506837, 0, 0
210059, 7500499, 0, 0
211051, 7566081, 0, 0
212059, 7193513, 0, 0
213028, 7333678, 0, 0
214039, 7486659, 0, 0
215022, 7493751, 0, 0
216005, 7610977, 0, 0
217052, 7266404, 0, 0
218066, 7447224, 0, 0
219023, 7248271, 0, 0
220026, 7421027, 0, 0
221012, 7355722, 0, 0
222002, 7325252, 0, 0
223041, 7628920, 0, 0
224061, 6491577, 0, 0
225042, 7430003, 0, 0
226009, 7051818, 0, 0
227057, 7928274, 0, 0
228038, 7156542, 0, 0
229062, 7576552, 0, 0
230041, 7092627, 0, 0
231067, 7707128, 0, 0
232044, 7393397, 0, 0
233028, 7564822, 0, 0
234036, 7241804, 0, 0
235025, 7269167, 0, 0
236031, 6979092, 0, 0
237031, 7747830, 0, 0
238064, 7643514, 0, 0
239024, 7317557, 0, 0
240027, 6818505, 0, 0
241058, 7154512, 0, 0
242016, 7254596, 0, 0
243033, 6954475, 0, 0
244054, 6848825, 0, 0
245021, 6900121, 0, 0
246061, 7319676, 0, 0
247020, 7365737, 0, 0
248039, 7382293, 0, 0
249041, 7416100, 0, 0
250033, 7180681, 0, 0
251031, 7611369, 0, 0
252000, 7121489, 0, 0
253034, 7825096, 0, 0
254049, 7683675, 0, 0
255025, 7065920, 0, 0
256057, 7112026, 0, 0
257017, 6701906, 0, 0
258020, 7059269, 0, 0
259030, 7107730, 0, 0
260051, 7611420, 0, 0
261028, 7229727, 0, 0
262042, 7184286, 0, 0
263057, 7348221, 0, 0
264019, 7450857, 0, 0
265055, 6768652, 0, 0
266026, 7026248, 0, 0
267003, 7128339, 0, 0
268056, 7109793, 0, 0
269018, 6865486, 0, 0
270055, 7245965, 0, 0
271059, 7652450, 0, 0
272057, 6601729, 0, 0
273052, 6672369, 0, 0
274018, 7981063, 0, 0
275002, 7226363, 0, 0
276057, 6629201, 0, 0
277003, 6517985, 0, 0
278031, 7339981, 0, 0
279067, 6850945, 0, 0
280045, 6601741, 0, 0
281046, 6899680, 0, 0
282038, 7183599, 0, 0
283067, 6897448, 0, 0
284066, 7453659, 0, 0
285033, 6478139, 0, 0
286002, 7279010, 0, 0
287030, 6985866, 0, 0
288014, 7079353, 0, 0
289019, 7381804, 0, 0
290058, 7358505, 0, 0
291069, 6478547, 0, 0
292001, 7275048, 0, 0
293002, 7037977, 0, 0
294020, 6692846, 0, 0
295059, 6655484, 0, 0
296054, 7201101, 0, 0
297008, 7331344, 0, 0
298055, 7265911, 0, 0
299035, 7653081, 0, 0
300058, 6423991, 0, 0
301049, 7175640, 0, 0
302025, 7174344, 0, 0
303054, 6629092, 0, 0
304047, 6940589, 0, 0
305036, 6625381, 0, 0
306029, 6796757, 0, 0
307003, 7003532, 0, 0
308039, 6807661, 0, 0
309058, 7547085, 0, 0
310036, 6297288, 0, 0
311004, 7500874, 0, 0
312032, 6990079, 0, 0
313054, 6459904, 0, 0
314043, 6455112, 0, 0
315046, 6592861, 0, 0
316053, 6751936, 0, 0
317006, 6659002, 0, 0
318043, 6775352, 0, 0
319038, 7360914, 0, 0
320025, 6707111, 0, 0
321018, 6889367, 0, 0
322064, 6617380, 0, 0
323041, 6916710, 0, 0
324023, 7325152, 0, 0
325013, 6868094, 0, 0
326016, 6864065, 0, 0
327033, 7056578, 0, 0
328019, 6887747, 0, 0
329040, 6495871, 0, 0
330000, 6899422, 0, 0
331034, 6983875, 0, 0
332025, 6872771, 0, 0
333055, 7298575, 0, 0
334018, 7636664, 0, 0
335023, 6833941, 0, 0
336017, 6939958, 0, 0
337030, 6575582, 0, 0
338004, 6709180, 0, 0
339056, 6488880, 0, 0
340006, 7354208, 0, 0
341050, 7558009, 0, 0
342038, 6855866, 0, 0
343032, 7047336, 0, 0
344037, 6432685, 0, 0
345075, 7256721, 0, 0
346002, 6958474, 0, 0
347007, 6972312, 0, 0
348000, 6613866, 0, 0
349054, 7071653, 0, 0
350051, 7065367, 0, 0
351042, 7017120, 0, 0
352020, 6346687, 0, 0
353009, 6812117, 0, 0
354051, 6591004, 0, 0
355046, 6584447, 0, 0
356011, 7360040, 0, 0
357047, 7186903, 0, 0
358046, 6788330, 0, 0
359052, 6747883, 0, 0
360020, 6854682, 0, 0
361025, 6317605, 0, 0
362040, 7741135, 0, 0
363058, 6474810, 0, 0
364010, 6843886, 0, 0
365059, 6680085, 0, 0
366018, 6653524, 0, 0
367008, 6633001, 0, 0
368028, 6102062, 0, 0
369007, 6608087, 0, 0
370056, 6677574, 0, 0
371000, 6780638, 0, 0
372041, 6228843, 0, 0
373015, 6804446, 0, 0
374057, 6309569, 0, 0
375003, 7108345, 0, 0
376018, 6416334, 0, 0
377007, 6333477, 0, 0
378045, 6136021, 0, 0
379000, 6864244, 0, 0
380047, 6419290, 0, 0
381000, 7099489, 0, 0
382012, 6613286, 0, 0
383023, 6773866, 0, 0
384018, 6063978, 0, 0
385000, 6166170, 0, 0
386055, 7078836, 0, 0
387018, 6868131, 0, 0
388021, 6306020, 0, 0
389054, 6831920, 0, 0
390016, 6723180, 0, 0
391004, 6324049, 0, 0
392042, 6521947, 0, 0
393004, 6005657, 0, 0
394063, 6656390, 0, 0
395047, 6103950, 0, 0
396011, 6253025, 0, 0
397003, 6695351, 0, 0
398040, 6354690, 0, 0
399004, 6599505, 0, 0
400001, 6777594, 0, 0
401020, 7117052, 0, 0
402034, 7135751, 0, 0
403007, 6435403, 0, 0
404050, 6512291, 0, 0
405028, 6650178, 0, 0
406060, 6563690, 0, 0
407022, 6081485, 0, 0
408000, 6928746, 0, 0
409063, 6287004, 0, 0
410043, 6800750, 0, 0
411036, 6527014, 0, 0
412029, 6359134, 0, 0
413033, 6269461, 0, 0
414019, 6393187, 0, 0
415002, 6868647, 0, 0
416032, 6236869, 0, 0
417011, 6111562, 0, 0
418049, 6401708, 0, 0
419034, 6039290, 0, 0
420014, 6395798, 0, 0
421063, 6509436, 0, 0
422066, 6467250, 0, 0
423014, 6760418, 0, 0
424008, 6370064, 0, 0
425004, 6675450, 0, 0
426034, 5684869, 0, 0
427018, 6643040, 0, 0
428018, 6617946, 0, 0
429051, 6105261, 0, 0
430016, 6296958, 0, 0
431049, 5931531, 0, 0
432000, 6694521, 0, 0
433074, 6344388, 0, 0
434053, 6275064, 0, 0
435056, 6724131, 0, 0
436001, 6836901, 0, 0
437047, 6224697, 0, 0
438017, 6548622, 0, 0
439081, 6140812, 0, 0
440026, 6466595, 0, 0
441029, 6384753, 0, 0
442018, 6719448, 0, 0
443030, 6526403, 0, 0
444015, 6265690, 0, 0
445033, 6434556, 0, 0
446064, 6245113, 0, 0
447059, 5846564, 0, 0
448042, 6680270, 0, 0
449015, 6312123, 0, 0
450057, 6049988, 0, 0
451022, 6104361, 0, 0
452028, 6884803, 0, 0
453046, 6316617, 0, 0
454008, 6239466, 0, 0
455039, 6277056, 0, 0
456000, 6625999, 0, 0
457059, 6222432, 0, 0
458038, 6394410, 0, 0
459052, 6750109, 0, 0
460048, 6550674, 0, 0
461024, 6206113, 0, 0
462012, 6413660, 0, 0
463059, 6703492, 0, 0
464052, 5903772, 0, 0
465014, 6450140, 0, 0
466047, 6790493, 0, 0
467034, 6127290, 0, 0
468030, 6336709, 0, 0
469068, 5888927, 0, 0
470044, 5803257, 0, 0
471001, 6208825, 0, 0
472052, 6443942, 0, 0
473065, 6244959, 0, 0
474053, 6621242, 0, 0
475024, 6303952, 0, 0
476004, 6312271, 0, 0
477024, 5891340, 0, 0
478009, 6516124, 0, 0
479017, 6252488, 0, 0
480056, 6219709, 0, 0
481015, 6887299, 0, 0
482018, 6383902, 0, 0
483021, 6261734, 0, 0
484015, 6249808, 0, 0
485064, 6424987, 0, 0
486057, 5941751, 0, 0
487014, 6011391, 0, 0
488058, 6212495, 0, 0
489003, 5214242, 0, 0
490006, 6224527, 0, 0
491006, 6699020, 0, 0
492058, 6375036, 0, 0
493045, 5695023, 0, 0
494028, 6727510, 0, 0
495020, 5798217, 0, 0
496020, 6239372, 0, 0
497045, 6402689, 0, 0
498053, 6218684, 0, 0
499052, 6198946, 0, 0
500040, 6493063, 0, 0
501031, 6262008, 0, 0
502059, 5462948, 0, 0
503039, 5825187, 0, 0
504049, 5573793, 0, 0
505059, 6391318, 0, 0
506067, 6669984, 0, 0
507033, 6185105, 0, 0
508040, 6284126, 0, 0
509041, 6025640, 0, 0
510032, 6185870, 0, 0
511063, 6692904, 0, 0
512061, 5662642, 0, 0
513009, 6670160, 0, 0
514035, 5855911, 0, 0
515016, 6161650, 0, 0
516004, 5736954, 0, 0
517040, 6238498, 0, 0
518060, 5657692, 0, 0
519061, 5588093, 0, 0
520058, 6345419, 0, 0
521064, 6316087, 0, 0
522059, 5647565, 0, 0
523015, 5586735, 0, 0
524053, 6097397, 0, 0
525044, 6268038, 0, 0
526034, 5923506, 0, 0
527041, 5914568, 0, 0
528029, 6368757, 0, 0
529012, 5810867, 0, 0
530004, 6117869, 0, 0
531045, 5809390, 0, 0
532017, 5452253, 0, 0
533014, 6148636, 0, 0
534058, 6212969, 0, 0
535035, 5573343, 0, 0
536060, 6651539, 0, 0
537067, 5917552, 0, 0
538064, 6185064, 0, 0
539013, 6002830, 0, 0
540056, 5953665, 0, 0
541041, 6109620, 0, 0
542015, 5654570, 0, 0
543009, 5774019, 0, 0
544021, 6016683, 0, 0
545063, 6088953, 0, 0
546022, 5535046, 0, 0
547061, 5674377, 0, 0
548060, 6011332, 0, 0
549028, 5895219, 0, 0
550003, 5236647, 0, 0
551016, 5499426, 0, 0
552027, 5738562, 0, 0
553042, 6034275, 0, 0
554006, 6020765, 0, 0
555049, 5987891, 0, 0
556058, 5598832, 0, 0
557021, 6248139, 0, 0
558000, 5493460, 0, 0
559038, 5925557, 0, 0
560020, 5606869, 0, 0
561038, 6087496, 0, 0
562028, 5716115, 0, 0
563049, 5763101, 0, 0
564029, 5930337, 0, 0
565006, 5707605, 0, 0
566036, 5784343, 0, 0
567047, 6043187, 0, 0
568065, 5682131, 0, 0
569024, 5569346, 0, 0
570050, 5961258, 0, 0
571004, 6149098, 0, 0
572055, 5962907, 0, 0
573024, 5764975, 0, 0
574004, 5722240, 0, 0
575019, 5791159, 0, 0
576007, 5738293, 0, 0
577018, 5317071, 0, 0
578030, 6396935, 0, 0
579028, 5729500, 0, 0
580028, 5677849, 0, 0
581039, 6158824, 0, 0
582068, 7614017, 0, 0
583024, 6160346, 0, 0
584017, 5604912, 0, 0
585008, 6150802, 0, 0
586061, 5652647, 0, 0
587022, 6038664, 0, 0
588044, 5076960, 0, 0
589014, 6021901, 0, 0
590007, 6318258, 0, 0
591039, 6402921, 0, 0
592066, 5766680, 0, 0
593042, 6057124, 0, 0
594030, 5539740, 0, 0
595013, 5009672, 0, 0
596053, 6412916, 0, 0
597004, 5793445, 0, 0
598005, 5467641, 0, 0
599038, 6139000, 0, 0
600009, 5989036, 0, 0
601050, 5122697, 0, 0
602009, 5632569, 0, 0
603043, 5585409, 0, 0
604032, 5222739, 0, 0
605001, 5206488, 0, 0
606013, 6164915, 0, 0
607002, 5951227, 0, 0
608062, 5375992, 0, 0
609042, 5594683, 0, 0
610036, 6128396, 0, 0
611051, 5694608, 0, 0
612037, 5763250, 0, 0
613025, 5448006, 0, 0
614044, 6098361, 0, 0
615044, 5947887, 0, 0
616057, 5846001, 0, 0
617054, 5626938, 0, 0
618046, 5935593, 0, 0
619052, 5491075, 0, 0
620054, 5293533, 0, 0
621046, 5538457, 0, 0
622052, 5805115, 0, 0
623012, 5241391, 0, 0
624057, 5581386, 0, 0
625002, 5719702, 0, 0
626058, 5614778, 0, 0
627029, 5297394, 0, 0
628033, 6266096, 0, 0
629058, 5069148, 0, 0
630025, 5719400, 0, 0
631051, 5991407, 0, 0
632026, 5597217, 0, 0
633040, 5723806, 0, 0
634048, 5783947, 0, 0
635002, 6577051, 0, 0
636043, 5617392, 0, 0
637016, 5171806, 0, 0
638078, 5222907, 0, 0
639022, 5612378, 0, 0
640006, 5373718, 0, 0
641048, 5534142, 0, 0
642002, 4966324, 0, 0
643010, 5558790, 0, 0
644037, 5735600, 0, 0
645042, 6081233, 0, 0
646019, 5189444, 0, 0
647047, 5969547, 0, 0
648001, 6192656, 0, 0
649033, 5396310, 0, 0
650044, 5399795, 0, 0
651013, 5290231, 0, 0
652018, 6479026, 0, 0
653001, 5394482, 0, 0
654054, 5906680, 0, 0
655022, 4716288, 0, 0
656047, 5170949, 0, 0
657016, 5319936, 0, 0
658038, 5456601, 0, 0
659030, 5535737, 0, 0
660047, 5975696, 0, 0
661025, 5197215, 0, 0
662044, 5562563, 0, 0
663013, 4888374, 0, 0
664041, 4795728, 0, 0
665045, 5142752, 0, 0
666036, 5155334, 0, 0
667029, 5420911, 0, 0
668019, 5887117, 0, 0
669000, 5629846, 0, 0
670039, 5324694, 0, 0
671032, 5277118, 0, 0
672033, 5403627, 0, 0
673039, 5487844, 0, 0
674025, 5381751, 0, 0
675008, 5779527, 0, 0
676052, 5240857, 0, 0
677028, 5600680, 0, 0
678054, 5600945, 0, 0
679034, 4706829, 0, 0
680082, 6086357, 0, 0
681016, 4687047, 0, 0
682018, 5323003, 0, 0
683017, 4987701, 0, 0
684016, 5606396, 0, 0
685051, 5195970, 0, 0
686042, 5209822, 0, 0
687055, 5991603, 0, 0
688039, 4960877, 0, 0
689014, 5266931, 0, 0
690016, 5238897, 0, 0
691045, 5114312, 0, 0
692054, 5275721, 0, 0
693001, 5197295, 0, 0
694058, 5740230, 0, 0
695043, 5376387, 0, 0
696022, 5343775, 0, 0
697002, 5467061, 0, 0
698063, 5759420, 0, 0
699022, 5095675, 0, 0
700048, 5824723, 0, 0
701042, 4937084, 0, 0
702049, 5437597, 0, 0
703017, 5256699, 0, 0
704022, 5065207, 0, 0
705031, 5146120, 0, 0
706026, 5774985, 0, 0
707062, 5123209, 0, 0
708038, 5569153, 0, 0
709012, 5346934, 0, 0
710015, 5164806, 0, 0
711012, 5725357, 0, 0
712059, 5027143, 0, 0
713057, 4813655, 0, 0
714057, 4944755, 0, 0
715050, 5605949, 0, 0
716008, 4782313, 0, 0
717033, 5477391, 0, 0
718003, 5632692, 0, 0
719005, 5267248, 0, 0
720064, 5235590, 0, 0
721035, 5480113, 0, 0
722029, 5278308, 0, 0
723020, 5503160, 0, 0
724026, 4757032, 0, 0
725021, 4998170, 0, 0
726020, 5393651, 0, 0
727043, 4819280, 0, 0
728056, 4982561, 0, 0
729027, 5269412, 0, 0
730021, 4915953, 0, 0
731057, 5023251, 0, 0
732025, 4881683, 0, 0
733002, 5842089, 0, 0
734016, 5826705, 0, 0
735004, 5245039, 0, 0
736062, 5057188, 0, 0
737056, 5092808, 0, 0
738048, 5355240, 0, 0
739020, 5084292, 0, 0
740056, 5306739, 0, 0
741042, 5291427, 0, 0
742027, 4800377, 0, 0
743022, 5120764, 0, 0
744055, 5374119, 0, 0
745057, 5719398, 0, 0
746061, 5698535, 0, 0
747012, 5624191, 0, 0
748003, 5239532, 0, 0
749008, 5397185, 0, 0
750052, 5262135, 0, 0
751002, 5584389, 0, 0
752026, 5531009, 0, 0
753054, 5736418, 0, 0
754071, 5706686, 0, 0
755050, 5285290, 0, 0
756009, 4583123, 0, 0
757022, 4860125, 0, 0
758051, 5910274, 0, 0
759037, 5762747, 0, 0
760050, 5213290, 0, 0
761031, 5209372, 0, 0
762002, 5484000, 0, 0
763035, 4958930, 0, 0
764058, 4364731, 0, 0
765018, 5156571, 0, 0
766001, 5643018, 0, 0
767040, 5294180, 0, 0
768041, 5100528, 0, 0
769027, 4732932, 0, 0
770056, 5682491, 0, 0
771012, 5619742, 0, 0
772027, 5660460, 0, 0
773050, 5743043, 0, 0
774020, 5153239, 0, 0
775059, 4779347, 0, 0
776068, 4991641, 0, 0
777057, 5115628, 0, 0
778026, 5436867, 0, 0
779055, 5325099, 0, 0
780030, 5351196, 0, 0
781028, 5218717, 0, 0
782007, 5690538, 0, 0
783040, 5457133, 0, 0
784033, 5359732, 0, 0
785024, 5350983, 0, 0
786011, 5837208, 0, 0
787060, 5013352, 0, 0
788051, 5048151, 0, 0
789038, 5004053, 0, 0
790022, 5714673, 0, 0
791053, 5985274, 0, 0
792041, 5484533, 0, 0
793008, 5030829, 0, 0
794049, 5442794, 0, 0
795063, 5565882, 0, 0
796001, 5294351, 0, 0
797006, 5482963, 0, 0
798064, 5082965, 0, 0
799023, 4763673, 0, 0
800029, 4719108, 0, 0
801035, 4781960, 0, 0
802030, 5371056, 0, 0
803002, 5679076, 0, 0
804013, 5460363, 0, 0
805059, 5498552, 0, 0
806053, 5309308, 0, 0
807033, 5865471, 0, 0
808037, 5863044, 0, 0
809046, 5036475, 0, 0
810059, 5139798, 0, 0
811022, 5795066, 0, 0
812048, 5818717, 0, 0
813023, 5602230, 0, 0
814019, 5436030, 0, 0
815034, 5477373, 0, 0
816053, 5386545, 0, 0
817009, 5618257, 0, 0
818019, 4667913, 0, 0
819008, 5202108, 0, 0
820041, 5696740, 0, 0
821006, 5213356, 0, 0
822027, 4856226, 0, 0
823011, 4634157, 0, 0
824017, 5151204, 0, 0
825062, 5325866, 0, 0
826069, 4908614, 0, 0
827036, 5426990, 0, 0
828052, 5543137, 0, 0
829026, 5285414, 0, 0
830046, 5364920, 0, 0
831019, 5166435, 0, 0
832029, 4899507, 0, 0
833046, 5027626, 0, 0
834006, 5959555, 0, 0
835035, 5350370, 0, 0
836041, 5552048, 0, 0
837028, 5160837, 0, 0
838005, 5004124, 0, 0
839020, 5198419, 0, 0
840017, 5472236, 0, 0
841026, 5792733, 0, 0
842056, 4809582, 0, 0
843036, 4822713, 0, 0
844037, 5287525, 0, 0
845021, 5462053, 0, 0
846020, 5363513, 0, 0
847007, 5360063, 0, 0
848048, 5713633, 0, 0
849044, 5404603, 0, 0
850046, 5267679, 0, 0
851010, 5695820, 0, 0
852007, 5136914, 0, 0
853005, 5601340, 0, 0
854050, 5113350, 0, 0
855002, 5530344, 0, 0
856057, 5602201, 0, 0
857063, 5261862, 0, 0
858005, 5112967, 0, 0
859033, 5107840, 0, 0
860032, 4940635, 0, 0
861036, 4869436, 0, 0
862047, 5939702, 0, 0
863059, 5809195, 0, 0
864022, 6246472, 0, 0
865000, 5063273, 0, 0
866006, 5123875, 0, 0
867034, 5521938, 0, 0
868051, 5130358, 0, 0
869022, 5541147, 0, 0
870047, 5303338, 0, 0
871048, 5682978, 0, 0
872033, 5177438, 0, 0
873031, 4984373, 0, 0
874001, 5153827, 0, 0
875065, 5368225, 0, 0
876051, 5127417, 0, 0
877004, 5202749, 0, 0
878023, 4542139, 0, 0
879020, 5185849, 0, 0
880028, 4597871, 0, 0
881049, 5457900, 0, 0
882008, 4909222, 0, 0
883007, 5544432, 0, 0
884065, 5362136, 0, 0
885021, 5250347, 0, 0
886032, 5283169, 0, 0
887069, 4563227, 0, 0
888041, 6108615, 0, 0
889030, 4965336, 0, 0
890011, 5156488, 0, 0
891063, 5149993, 0, 0
892036, 5008617, 0, 0
893018, 5507753, 0, 0
894015, 5412964, 0, 0
895062, 5624039, 0, 0
896057, 5710758, 0, 0
897014, 5137758, 0, 0
898058, 5577486, 0, 0
899048, 4993884, 0, 0
900017, 5321427, 0, 0
901033, 5203855, 0, 0
902018, 5431712, 0, 0
903018, 5202141, 0, 0
904013, 5097415, 0, 0
905012, 5065045, 0, 0
906044, 5003002, 0, 0
907041, 5757644, 0, 0
908015, 4485954, 0, 0
909037, 5343723, 0, 0
910007, 5349974, 0, 0
911040, 5735658, 0, 0
912047, 5159441, 0, 0
913036, 5486967, 0, 0
914036, 5145098, 0, 0
915048, 5617842, 0, 0
916032, 5372774, 0, 0
917025, 5416264, 0, 0
918012, 5161338, 0, 0
919008, 5593231, 0, 0
920048, 5220216, 0, 0
921029, 5074691, 0, 0
922041, 5028349, 0, 0
923037, 4901755, 0, 0
924018, 5237475, 0, 0
925045, 5053091, 0, 0
926005, 5610229, 0, 0
927069, 5746371, 0, 0
928040, 5050706, 0, 0
929012, 4925446, 0, 0
930021, 4775837, 0, 0
931008, 5215302, 0, 0
932041, 5548458, 0, 0
933028, 4979888, 0, 0
934010, 5246743, 0, 0
935057, 5651209, 0, 0
936028, 5513512, 0, 0
937057, 4756433, 0, 0
938041, 5143530, 0, 0
939061, 5338820, 0, 0
940019, 5527685, 0, 0
941044, 5506899, 0, 0
942032, 5113718, 0, 0
943034, 5380504, 0, 0
944037, 5724983, 0, 0
945008, 5240013, 0, 0
946006, 5866116, 0, 0
947049, 5696118, 0, 0
948012, 5115551, 0, 0
949044, 5480762, 0, 0
950013, 5012733, 0, 0
951062, 5376006, 0, 0
952018, 5785268, 0, 0
953006, 5809692, 0, 0
954048, 5309787, 0, 0
955030, 5446578, 0, 0
956034, 5633342, 0, 0
957024, 5435521, 0, 0
958009, 4917761, 0, 0
959038, 5437031, 0, 0
960030, 5243269, 0, 0
961034, 5765368, 0, 0
962040, 5615547, 0, 0
963053, 5712503, 0, 0
964036, 5583944, 0, 0
965033, 5497597, 0, 0
966005, 5454328, 0, 0
967009, 5453948, 0, 0
968028, 5413097, 0, 0
969000, 5614508, 0, 0
970030, 5411515, 0, 0
971008, 5059608, 0, 0
972009, 5438207, 0, 0
973009, 5547577, 0, 0
974035, 4948662, 0, 0
975046, 5581245, 0, 0
976034, 5838041, 0, 0
977056, 4706860, 0, 0
978003, 5436662, 0, 0
979048, 5065691, 0, 0
980017, 5438075, 0, 0
981050, 4733067, 0, 0
982027, 4927730, 0, 0
983047, 4848489, 0, 0
984037, 5375511, 0, 0
985066, 4942583, 0, 0
986006, 5588459, 0, 0
987002, 5101533, 0, 0
988059, 5554962, 0, 0
989034, 5411135, 0, 0
990061, 5235639, 0, 0
991022, 4974055, 0, 0
992046, 5587824, 0, 0
993032, 5236538, 0, 0
994015, 5115871, 0, 0
995018, 5163187, 0, 0
996030, 5911878, 0, 0
997056, 5174228, 0, 0
998001, 5522358, 0, 0
999028, 6036636, 0, 0
1000029, 5125633, 0, 0
1001030, 5683719, 0, 0
1002051, 4808053, 0, 0
1003044, 5249252, 0, 0
1004041, 5296819, 0, 0
1005057, 4998944, 0, 0
1006051, 5575324, 0, 0
1007050, 5905142, 0, 0
1008047, 5159052, 0, 0
1009053, 5878924, 0, 0
1010004, 5652107, 0, 0
1011002, 5665856, 0, 0
1012043, 5172777, 0, 0
1013011, 5036373, 0, 0
1014066, 5214043, 0, 0
1015022, 5425455, 0, 0
1016060, 5458378, 0, 0
1017054, 5456835, 0, 0
1018003, 5264868, 0, 0
1019032, 5266955, 0, 0
1020018, 5107078, 0, 0
1021021, 5109085, 0, 0
1022034, 5034494, 0, 0
1023020, 5381913, 0, 0
1024004, 5550194, 0, 0
1025062, 5419491, 0, 0
1026046, 5786237, 0, 0
1027058, 5376328, 0, 0
1028013, 5297916, 0, 0
1029023, 4918380, 0, 0
1030002, 5068743, 0, 0
1031014, 5319066, 0, 0
1032036, 5428642, 0, 0
1033045, 5600184, 0, 0
1034004, 4936228, 0, 0
1035059, 5066959, 0, 0
1036055, 4950829, 0, 0
1037004, 5412033, 0, 0
1038064, 5166841, 0, 0
1039031, 5138633, 0, 0
1040048, 5077908, 0, 0
1041010, 5457424, 0, 0
1042015, 4968737, 0, 0
1043037, 5374544, 0, 0
1044010, 5617709, 0, 0
1045009, 5224122, 0, 0
1046034, 5251622, 0, 0
1047020, 5689706, 0, 0
1048034, 4848881, 0, 0
1049009, 5352012, 0, 0
1050021, 5489608, 0, 0
1051035, 4585061, 0, 0
1052047, 6089304, 0, 0
1053007, 5356685, 0, 0
1054024, 5517120, 0, 0
1055047, 5351436, 0, 0
1056018, 5215588, 0, 0
1057063, 5325128, 0, 0
1058058, 5043840, 0, 0
1059026, 5144228, 0, 0
1060052, 5889424, 0, 0
1061052, 5708433, 0, 0
1062005, 5697949, 0, 0
1063047, 5655774, 0, 0
1064024, 5034940, 0, 0
1065005, 5409513, 0, 0
1066063, 5478811, 0, 0
1067051, 5483011, 0, 0
1068036, 5178708, 0, 0
1069048, 5372353, 0, 0
1070016, 4859352, 0, 0
1071057, 6191865, 0, 0
1072019, 4854888, 0, 0
1073022, 5441027, 0, 0
1074046, 5750606, 0, 0
1075029, 5058003, 0, 0
1076015, 5185828, 0, 0
1077029, 5061830, 0, 0
1078006, 5363408, 0, 0
1079014, 5959380, 0, 0
1080009, 5740805, 0, 0
1081009, 5125898, 0, 0
1082024, 5224623, 0, 0
1083022, 5191940, 0, 0
1084003, 5050856, 0, 0
1085024, 4488880, 0, 0
1086019, 5018415, 0, 0
1087005, 5663933, 0, 0
1088032, 5396852, 0, 0
1089020, 6096393, 0, 0
1090000, 4214800, 0, 0
1091049, 5758467, 0, 0
1092040, 5410472, 0, 0
1093053, 5561813, 0, 0
1094041, 6015036, 0, 0
1095008, 5552642, 0, 0
1096035, 5602667, 0, 0
1097011, 4875079, 0, 0
1098035, 5164433, 0, 0
1099036, 5349435, 0, 0
1100031, 5230935, 0, 0
1101052, 5122731, 0, 0
1102006, 4910696, 0, 0
1103065, 5236548, 0, 0
1104045, 5155819, 0, 0
1105048, 5298871, 0, 0
1106057, 5362726, 0, 0
1107055, 5416599, 0, 0
1108033, 4882084, 0, 0
1109040, 5106966, 0, 0
1110020, 5179684, 0, 0
1111041, 5449958, 0, 0
1112029, 5577276, 0, 0
1113061, 4750615, 0, 0
1114011, 5300444, 0, 0
1115043, 5424292, 0, 0
1116061, 5190456, 0, 0
1117059, 5757917, 0, 0
1118051, 6787831, 0, 0
1119047, 6145942, 0, 0
1120030, 6418900, 0, 0
1121052, 4880571, 0, 0
1122061, 5537080, 0, 0
1123025, 4939332, 0, 0
1124025, 5070210, 0, 0
1125036, 5073006, 0, 0
1126037, 5181437, 0, 0
1127000, 4431015, 0, 0
1128052, 6006974, 0, 0
1129031, 4961770, 0, 0
1130042, 5460528, 0, 0
1131023, 5295046, 0, 0
1132022, 5063332, 0, 0
1133044, 5052858, 0, 0
1134058, 5756970, 0, 0
1135021, 5201517, 0, 0
1136067, 5145434, 0, 0
1137052, 4730486, 0, 0
1138017, 4938288, 0, 0
1139054, 5028389, 0, 0
1140048, 5312463, 0, 0
1141026, 5307625, 0, 0
1142022, 5208935, 0, 0
1143000, 5036048, 0, 0
1144043, 5104664, 0, 0
1145051, 5060519, 0, 0
1146019, 5521542, 0, 0
1147033, 5276596, 0, 0
1148014, 5027506, 0, 0
1149006, 5595202, 0, 0
1150004, 5480976, 0, 0
1151010, 4944857, 0, 0
1152069, 5210874, 0, 0
1153041, 5335482, 0, 0
1154050, 5829664, 0, 0
1155034, 5092017, 0, 0
1156015, 4973416, 0, 0
1157052, 5447791, 0, 0
1158049, 5931926, 0, 0
1159051, 5295289, 0, 0
1160057, 5207291, 0, 0
1161060, 5008201, 0, 0
1162044, 4747164, 0, 0
1163030, 5021072, 0, 0
1164032, 5888768, 0, 0
1165041, 5392103, 0, 0
1166012, 5049557, 0, 0
1167042, 5252359, 0, 0
1168048, 5124197, 0, 0
1169053, 5200953, 0, 0
1170040, 5189667, 0, 0
1171046, 5154357, 0, 0
1172035, 4771265, 0, 0
1173045, 5393228, 0, 0
1174040, 5845366, 0, 0
1175024, 5716028, 0, 0
1176026, 5354000, 0, 0
1177016, 4846232, 0, 0
1178049, 5287313, 0, 0
1179031, 5542203, 0, 0
1180035, 4917073, 0, 0
1181000, 5637603, 0, 0
1182003, 5191796, 0, 0
1183037, 4963417, 0, 0
1184036, 4866935, 0, 0
1185007, 5416796, 0, 0
1186049, 4912803, 0, 0
1187018, 4583999, 0, 0
1188019, 5103535, 0, 0
1189023, 4913326, 0, 0
1190059, 5389881, 0, 0
1191026, 5424734, 0, 0
1192010, 4888471, 0, 0
1193047, 5422795, 0, 0
1194062, 4946200, 0, 0
1195034, 5520083, 0, 0
1196039, 6010520, 0, 0
1197025, 5382006, 0, 0
1198067, 5282006, 0, 0
1199035, 5281908, 0, 0
1200003, 5492443, 0, 0
1201055, 5712948, 0, 0
1202049, 5338423, 0, 0
1203067, 5134924, 0, 0
1204009, 5635502, 0, 0
1205015, 5428694, 0, 0
1206052, 5311161, 0, 0
1207048, 5156629, 0, 0
1208005, 5524517, 0, 0
1209070, 5573405, 0, 0
1210070, 5428600, 0, 0
1211001, 4967909, 0, 0
1212051, 5193018, 0, 0
1213050, 4987891, 0, 0
1214068, 5325637, 0, 0
1215016, 5351064, 0, 0
1216027, 5073858, 0, 0
1217024, 5129694, 0, 0
1218050, 4977477, 0, 0
1219000, 4812457, 0, 0
1220039, 4828965, 0, 0
1221011, 5083952, 0, 0
1222015, 5086399, 0, 0
1223037, 5132067, 0, 0
1224065, 5006800, 0, 0
1225059, 5639626, 0, 0
1226039, 4971618, 0, 0
1227046, 5239515, 0, 0
1228059, 5159452, 0, 0
1229063, 5308268, 0, 0
1230065, 5077108, 0, 0
1231053, 5139055, 0, 0
1232004, 4502396, 0, 0
1233053, 4874767, 0, 0
1234028, 5532453, 0, 0
1235044, 5766806, 0, 0
1236007, 4809583, 0, 0
1237034, 5543980, 0, 0
1238010, 5358439, 0, 0
1239008, 5662841, 0, 0
1240056, 5104285, 0, 0
1241025, 5207140, 0, 0
1242037, 5405344, 0, 0
1243027, 5287604, 0, 0
1244034, 5292357, 0, 0
1245056, 5101513, 0, 0
1246000, 5243776, 0, 0
1247049, 5210852, 0, 0
1248034, 5290640, 0, 0
1249024, 5344869, 0, 0
1250040, 5369903, 0, 0
1251065, 5168560, 0, 0
1252064, 4773520, 0, 0
1253014, 5822271, 0, 0
1254034, 5148582, 0, 0
1255057, 4910106, 0, 0
1256030, 5063262, 0, 0
1257027, 4652020, 0, 0
1258041, 4645992, 0, 0
1259034, 4744627, 0, 0
1260017, 5334530, 0, 0
1261053, 5074703, 0, 0
1262028, 4993551, 0, 0
1263018, 5491745, 0, 0
1264027, 6187737, 0, 0
1265024, 5408332, 0, 0
1266026, 5161292, 0, 0
1267004, 5278248, 0, 0
1268023, 5328621, 0, 0
1269025, 5440700, 0, 0
1270014, 5425386, 0, 0
1271100, 5993119, 0, 0
1272054, 4964262, 0, 0
1273018, 5016870, 0, 0
1274067, 5236826, 0, 0
1275012, 6090176, 0, 0
1276047, 5382471, 0, 0
1277053, 4975554, 0, 0
1278066, 5560450, 0, 0
1279005, 4619544, 0, 0
1280050, 5165037, 0, 0
1281053, 5193919, 0, 0
1282046, 5272072, 0, 0
1283044, 4635889, 0, 0
1284023, 5122661, 0, 0
1285027, 4770965, 0, 0
1286024, 4955267, 0, 0
1287052, 5264412, 0, 0
1288016, 5178229, 0, 0
1289055, 4434822, 0, 0
1290032, 5389354, 0, 0
1291046, 5195061, 0, 0
1292048, 5561259, 0, 0
1293031, 5277200, 0, 0
1294054, 5033350, 0, 0
1295046, 5474984, 0, 0
1296030, 5041007, 0, 0
1297049, 5220691, 0, 0
1298017, 5195765, 0, 0
1299040, 5185981, 0, 0
1300053, 5035299, 0, 0
1301030, 5162746, 0, 0
1302017, 4905666, 0, 0
1303018, 5315780, 0, 0
1304048, 5415531, 0, 0
1305004, 5276826, 0, 0
1306035, 4699267, 0, 0
1307017, 5108161, 0, 0
1308006, 5146131, 0, 0
1309049, 4913334, 0, 0
1310039, 5099260, 0, 0
1311008, 5230270, 0, 0
1312063, 5433209, 0, 0
1313054, 4848095, 0, 0
1314041, 5189004, 0, 0
1315034, 4886345, 0, 0
1316057, 4913820, 0, 0
1317059, 5621356, 0, 0
1318050, 5755991, 0, 0
1319039, 5367512, 0, 0
1320019, 4777167, 0, 0
1321055, 5779697, 0, 0
1322040, 4895732, 0, 0
1323021, 5235526, 0, 0
1324053, 5080509, 0, 0
1325029, 5835476, 0, 0
1326031, 5081902, 0, 0
1327016, 5785463, 0, 0
1328023, 5211376, 0, 0
1329059, 5593620, 0, 0
1330039, 4775761, 0, 0
1331007, 5008912, 0, 0
1332012, 5201888, 0, 0
1333005, 5419841, 0, 0
1334003, 5060244, 0, 0
1335013, 5795945, 0, 0
1336017, 5974270, 0, 0
1337004, 5326147, 0, 0
1338032, 5082940, 0, 0
1339044, 5946447, 0, 0
1340011, 4690560, 0, 0
1341000, 5336468, 0, 0
1342034, 5090198, 0, 0
1343024, 5147571, 0, 0
1344016, 5162833, 0, 0
1345028, 5583775, 0, 0
1346006, 5486993, 0, 0
1347011, 5311741, 0, 0
1348065, 5083670, 0, 0
1349024, 5634972, 0, 0
1350032, 5563181, 0, 0
1351048, 4973775, 0, 0
1352050, 5242100, 0, 0
1353017, 5782366, 0, 0
1354053, 4880437, 0, 0
1355060, 5188822, 0, 0
1356044, 4791257, 0, 0
1357051, 4955128, 0, 0
1358039, 5085355, 0, 0
1359028, 5490041, 0, 0
1360016, 5248088, 0, 0
1361041, 5224131, 0, 0
1362025, 5614670, 0, 0
1363059, 5038905, 0, 0
1364027, 5592256, 0, 0
1365024, 5104185, 0, 0
1366048, 5618334, 0, 0
1367049, 5464817, 0, 0
1368050, 5234286, 0, 0
1369041, 5756773, 0, 0
1370012, 5358230, 0, 0
1371004, 5272541, 0, 0
1372039, 5246570, 0, 0
1373058, 5270519, 0, 0
1374031, 4739846, 0, 0
1375002, 5215980, 0, 0
1376002, 5313038, 0, 0
1377012, 5541029, 0, 0
1378042, 6166476, 0, 0
1379017, 5094053, 0, 0
1380005, 5644254, 0, 0
1381005, 4823210, 0, 0
1382048, 4867127, 0, 0
1383055, 5652394, 0, 0
1384041, 5471389, 0, 0
1385023, 4603360, 0, 0
1386022, 5168298, 0, 0
1387018, 4902137, 0, 0
1388020, 5079607, 0, 0
1389031, 5580495, 0, 0
1390019, 4860800, 0, 0
1391059, 4896908, 0, 0
1392012, 5376835, 0, 0
1393032, 5364624, 0, 0
1394011, 5089201, 0, 0
1395056, 4601025, 0, 0
1396034, 5222733, 0, 0
1397006, 4854587, 0, 0
1398039, 5184416, 0, 0
1399046, 4951952, 0, 0
1400051, 5905299, 0, 0
1401027, 5028136, 0, 0
1402013, 5238727, 0, 0
1403002, 5168186, 0, 0
1404014, 5158386, 0, 0
1405065, 5196519, 0, 0
1406043, 5366851, 0, 0
1407030, 5973233, 0, 0
1408002, 4978741, 0, 0
1409013, 5078673, 0, 0
1410057, 5403952, 0, 0
1411048, 4870974, 0, 0
1412055, 5109555, 0, 0
1413033, 5250783, 0, 0
1414065, 5453433, 0, 0
1415054, 5518026, 0, 0
1416004, 5217106, 0, 0
1417040, 5360754, 0, 0
1418013, 5060612, 0, 0
1419057, 5640072, 0, 0
1420057, 5457984, 0, 0
1421007, 5213515, 0, 0
1422031, 5060669, 0, 0
1423000, 4860927, 0, 0
1424050, 5608607, 0, 0
1425054, 4918395, 0, 0
1426026, 5245550, 0, 0
1427046, 5507928, 0, 0
1428049, 5595319, 0, 0
1429018, 5731818, 0, 0
1430010, 5384447, 0, 0
1431036, 5202481, 0, 0
1432038, 5053539, 0, 0
1433016, 4763475, 0, 0
1434055, 4991801, 0, 0
1435018, 5371068, 0, 0
1436053, 4701394, 0, 0
1437030, 4733493, 0, 0
1438008, 5399204, 0, 0
1439053, 5298609, 0, 0
1440006, 5259097, 0, 0
1441011, 5043060, 0, 0
1442026, 5018407, 0, 0
1443062, 5390204, 0, 0
1444034, 5084027, 0, 0
1445008, 5590820, 0, 0
1446006, 5449271, 0, 0
1447010, 5361537, 0, 0
1448022, 4976622, 0, 0
1449032, 5426741, 0, 0
1450008, 5210807, 0, 0
1451032, 5620468, 0, 0
1452052, 5480825, 0, 0
1453003, 4969117, 0, 0
1454016, 5624081, 0, 0
1455017, 5372680, 0, 0
1456062, 5170262, 0, 0
1457063, 5098235, 0, 0
1458027, 5734734, 0, 0
1459017, 5521893, 0, 0
1460043, 5232600, 0, 0
1461015, 5811140, 0, 0
1462007, 5242646, 0, 0
1463031, 4646798, 0, 0
1464049, 5383302, 0, 0
1465034, 5592029, 0, 0
1466042, 5241996, 0, 0
1467031, 5062660, 0, 0
1468007, 5419132, 0, 0
1469038, 5537898, 0, 0
1470002, 4740027, 0, 0
1471006, 5040475, 0, 0
1472021, 4716064, 0, 0
1473053, 5339357, 0, 0
1474023, 5180233, 0, 0
1475039, 5368877, 0, 0
1476000, 4731402, 0, 0
1477031, 5197453, 0, 0
1478027, 5157697, 0, 0
1479002, 5592096, 0, 0
1480051, 4806055, 0, 0
1481031, 4388458, 0, 0
1482026, 5205022, 0, 0
1483048, 4908273, 0, 0
1484033, 4871202, 0, 0
1485022, 5167340, 0, 0
1486067, 5557403, 0, 0
1487052, 5067094, 0, 0
1488028, 4898512, 0, 0
1489013, 4776806, 0, 0
1490031, 5267263, 0, 0
1491018, 5362362, 0, 0
1492051, 5133342, 0, 0
1493028, 5303976, 0, 0
1494060, 5450594, 0, 0
1495011, 5492573, 0, 0
1496029, 4820068, 0, 0
1497025, 5751355, 0, 0
1498010, 5431258, 0, 0
1499066, 5640775, 0, 0
1500000, 5624214, 0, 0
1501047, 5305816, 0, 0
1502009, 5338074, 0, 0
1503047, 5110633, 0, 0
1504029, 4560487, 0, 0
1505024, 5227802, 0, 0
1506042, 4938204, 0, 0
1507036, 5364122, 0, 0
1508052, 5179083, 0, 0
1509011, 5768657, 0, 0
1510044, 5519286, 0, 0
1511051, 5378929, 0, 0
1512009, 5196447, 0, 0
1513013, 5173837, 0, 0
1514003, 5177433, 0, 0
1515063, 5264268, 0, 0
1516029, 5362440, 0, 0
1517011, 5132000, 0, 0
1518000, 4572275, 0, 0
1519015, 6039042, 0, 0
1520022, 4931256, 0, 0
1521023, 5877257, 0, 0
1522026, 5331193, 0, 0
1523041, 5282484, 0, 0
1524043, 4928098, 0, 0
1525019, 5326442, 0, 0
1526042, 5584387, 0, 0
1527020, 4982809, 0, 0
1528019, 5280861, 0, 0
1529059, 4615124, 0, 0
1530046, 5386744, 0, 0
1531037, 4877589, 0, 0
1532014, 4783037, 0, 0
1533024, 5091653, 0, 0
1534037, 5356280, 0, 0
1535040, 4862058, 0, 0
1536069, 5937560, 0, 0
1537054, 4729776, 0, 0
1538036, 5029725, 0, 0
1539042, 5075856, 0, 0
1540015, 5115065, 0, 0
1541047, 5100988, 0, 0
1542048, 5128967, 0, 0
1543042, 4986536, 0, 0
1544000, 5093001, 0, 0
1545021, 4809402, 0, 0
1546051, 5041826, 0, 0
1547046, 5097387, 0, 0
1548038, 5156625, 0, 0
1549044, 6165643, 0, 0
1550013, 5801420, 0, 0
1551042, 5555122, 0, 0
1552004, 4506580, 0, 0
1553041, 4666306, 0, 0
1554045, 4776687, 0, 0
1555012, 4733636, 0, 0
1556029, 5130174, 0, 0
1557026, 4784758, 0, 0
1558017, 5383049, 0, 0
1559005, 5006546, 0, 0
1560032, 4863973, 0, 0
1561038, 5976672, 0, 0
1562017, 4773435, 0, 0
1563030, 5621558, 0, 0
1564033, 5472271, 0, 0
1565043, 5396472, 0, 0
1566019, 4662771, 0, 0
1567011, 5162638, 0, 0
1568058, 5589561, 0, 0
1569032, 5016019, 0, 0
1570032, 5981812, 0, 0
1571021, 5425450, 0, 0
1572056, 5170989, 0, 0
1573043, 5269354, 0, 0
1574062, 5950735, 0, 0
1575022, 5155849, 0, 0
1576022, 5551855, 0, 0
1577035, 5267715, 0, 0
1578019, 5284223, 0, 0
1579015, 5128984, 0, 0
1580043, 5236366, 0, 0
1581000, 4954080, 0, 0
1582027, 5794750, 0, 0
1583024, 5188992, 0, 0
1584028, 5166668, 0, 0
1585000, 4930283, 0, 0
1586041, 5021340, 0, 0
1587009, 5398802, 0, 0
1588052, 5208711, 0, 0
1589001, 5267702, 0, 0
1590043, 5178680, 0, 0
1591030, 5213296, 0, 0
1592017, 5330110, 0, 0
1593008, 5592616, 0, 0
1594031, 5467422, 0, 0
1595005, 4839848, 0, 0
1596009, 5139957, 0, 0
1597009, 5149815, 0, 0
1598002, 5361358, 0, 0
1599060, 4534764, 0, 0
1600055, 5255478, 0, 0
1601043, 5139543, 0, 0
1602009, 5302668, 0, 0
1603061, 5029031, 0, 0
1604006, 5586057, 0, 0
1605001, 5120691, 0, 0
1606050, 5292706, 0, 0
1607030, 5236684, 0, 0
1608044, 4361792, 0, 0
1609032, 5194786, 0, 0
1610025, 5391015, 0, 0
1611048, 5238782, 0, 0
1612013, 5241912, 0, 0
1613036, 4842466, 0, 0
1614042, 5738988, 0, 0
1615064, 5052256, 0, 0
1616033, 5290935, 0, 0
1617028, 4848723, 0, 0
1618053, 5471124, 0, 0
1619048, 5992717, 0, 0
1620030, 4949622, 0, 0
1621049, 4968953, 0, 0
1622026, 5187740, 0, 0
1623007, 4801518, 0, 0
1624055, 5849377, 0, 0
1625039, 4613109, 0, 0
1626033, 5014093, 0, 0
1627000, 4976917, 0, 0
1628039, 5087522, 0, 0
1629059, 5890344, 0, 0
1630060, 5289930, 0, 0
1631038, 5253438, 0, 0
1632057, 5062352, 0, 0
1633067, 4806201, 0, 0
1634045, 4931773, 0, 0
1635025, 5791919, 0, 0
1636009, 5493075, 0, 0
1637010, 5122570, 0, 0
1638008, 4886955, 0, 0
1639037, 5586207, 0, 0
1640045, 5112452, 0, 0
1641002, 5084058, 0, 0
1642057, 5137775, 0, 0
1643057, 4849393, 0, 0
1644012, 5579184, 0, 0
1645062, 5608636, 0, 0
1646048, 5412461, 0, 0
1647069, 4786792, 0, 0
1648013, 5210991, 0, 0
1649001, 4883784, 0, 0
1650039, 5129360, 0, 0
1651027, 5306572, 0, 0
1652029, 4953850, 0, 0
1653060, 5506766, 0, 0
1654010, 5487464, 0, 0
1655024, 4915227, 0, 0
1656044, 5226781, 0, 0
1657007, 5085920, 0, 0
1658022, 5933544, 0, 0
1659008, 4923305, 0, 0
1660055, 4794443, 0, 0
1661040, 4967851, 0, 0
1662035, 4897186, 0, 0
1663025, 4820456, 0, 0
1664042, 5055759, 0, 0
1665025, 5062040, 0, 0
1666002, 5271862, 0, 0
1667045, 5033469, 0, 0
1668000, 5154985, 0, 0
1669022, 5079423, 0, 0
1670026, 5600234, 0, 0
1671032, 4879888, 0, 0
1672010, 5520539, 0, 0
1673051, 4902017, 0, 0
1674036, 4946352, 0, 0
1675006, 5207156, 0, 0
1676015, 5761045, 0, 0
1677032, 5130451, 0, 0
1678001, 5530000, 0, 0
1679009, 4864212, 0, 0
1680061, 5769657, 0, 0
1681033, 4432101, 0, 0
1682009, 5806632, 0, 0
1683002, 5084404, 0, 0
1684064, 5227031, 0, 0
1685004, 5186540, 0, 0
1686011, 4979118, 0, 0
1687005, 5487002, 0, 0
1688024, 5589126, 0, 0
1689003, 4593781, 0, 0
1690010, 5002185, 0, 0
1691000, 5341318, 0, 0
1692032, 5157417, 0, 0
1693039, 5131040, 0, 0
1694047, 5186119, 0, 0
1695044, 5006513, 0, 0
1696019, 5235122, 0, 0
1697018, 5450925, 0, 0
1698034, 5576726, 0, 0
1699034, 5227771, 0, 0
1700026, 5244990, 0, 0
1701021, 5522805, 0, 0
1702020, 5305264, 0, 0
1703010, 5123647, 0, 0
1704038, 4730573, 0, 0
1705061, 5408019, 0, 0
1706019, 4805437, 0, 0
1707063, 4764160, 0, 0
1708058, 5016435, 0, 0
1709030, 4901674, 0, 0
1710030, 5399365, 0, 0
1711036, 4784779, 0, 0
1712033, 5214964, 0, 0
1713047, 5143919, 0, 0
1714018, 5572073, 0, 0
1715020, 4788134, 0, 0
1716051, 5279792, 0, 0
1717001, 5452819, 0, 0
1718003, 5786801, 0, 0
1719062, 4945536, 0, 0
1720006, 5546051, 0, 0
1721026, 4827912, 0, 0
1722041, 5446852, 0, 0
1723043, 5593050, 0, 0
1724035, 5106860, 0, 0
1725099, 5478094, 0, 0
1726024, 5132910, 0, 0
1727059, 5358869, 0, 0
1728065, 5458394, 0, 0
1729040, 5074253, 0, 0
1730063, 5185930, 0, 0
1731015, 5085930, 0, 0
1732046, 5687955, 0, 0
1733062, 5735974, 0, 0
1734002, 5216975, 0, 0
1735042, 5114125, 0, 0
1736010, 5653349, 0, 0
1737043, 5578499, 0, 0
1738044, 5027417, 0, 0
1739034, 5371574, 0, 0
1740027, 5362195, 0, 0
1741025, 5475630, 0, 0
1742047, 5430289, 0, 0
1743018, 4823799, 0, 0
1744016, 5192615, 0, 0
1745046, 4970195, 0, 0
1746031, 5854206, 0, 0
1747042, 5291134, 0, 0
1748013, 5506194, 0, 0
1749002, 5493284, 0, 0
1750054, 4731092, 0, 0
1751024, 5179838, 0, 0
1752024, 5149655, 0, 0
1753005, 5597492, 0, 0
1754010, 5019500, 0, 0
1755022, 4977178, 0, 0
1756004, 5276103, 0, 0
1757048, 5138136, 0, 0
1758049, 5492129, 0, 0
1759035, 4850737, 0, 0
1760000, 5043926, 0, 0
1761042, 5817296, 0, 0
1762034, 4879972, 0, 0
1763045, 4923751, 0, 0
1764034, 4729971, 0, 0
1765013, 5142661, 0, 0
1766067, 4945275, 0, 0
1767047, 5317872, 0, 0
1768039, 4737511, 0, 0
1769049, 5231806, 0, 0
1770039, 5043843, 0, 0
1771015, 5734489, 0, 0
1772031, 5603230, 0, 0
1773002, 5271273, 0, 0
1774050, 4962257, 0, 0
1775036, 5132227, 0, 0
1776041, 4779676, 0, 0
1777018, 6018765, 0, 0
1778016, 5538377, 0, 0
1779052, 5537597, 0, 0
1780065, 5212294, 0, 0
1781045, 4920680, 0, 0
1782032, 5162885, 0, 0
1783043, 4874302, 0, 0
1784012, 5150895, 0, 0
1785012, 4625739, 0, 0
1786000, 5271972, 0, 0
1787027, 5547621, 0, 0
1788025, 5192151, 0, 0
1789025, 5016640, 0, 0
1790059, 5140826, 0, 0
1791055, 5465229, 0, 0
1792022, 5246814, 0, 0
1793013, 5025072, 0, 0
1794022, 5278274, 0, 0
1795016, 5062024, 0, 0
1796034, 4772358, 0, 0
1797019, 6694362, 0, 0
1798005, 5630527, 0, 0
1799061, 5197235, 0, 0
1800005, 4595493, 0, 0
