1043, 503958017, 0, 0
2056, 506897380, 0, 0
3023, 511160414, 0, 0
4045, 506022739, 0, 0
5055, 524816480, 0, 0
6018, 524392684, 0, 0
7009, 536969168, 0, 0
8049, 505456648, 0, 0
9062, 509357893, 0, 0
10039, 530779769, 0, 0
11022, 515017434, 0, 0
12004, 507753409, 0, 0
13025, 526961236, 0, 0
14003, 509899445, 0, 0
15047, 513504310, 0, 0
16002, 507394178, 0, 0
17039, 582160129, 0, 0
18008, 520434635, 0, 0
19058, 517514429, 0, 0
20034, 532961202, 0, 0
21009, 497624881, 0, 0
22026, 520120795, 0, 0
23026, 513962883, 0, 0
24003, 510371526, 0, 0
25015, 521282596, 0, 0
26005, 513687153, 0, 0
27072, 541626524, 0, 0
28006, 590763261, 0, 0
29009, 522242509, 0, 0
30026, 529319598, 0, 0
31030, 543057115, 0, 0
32034, 527549548, 0, 0
33002, 512762666, 0, 0
34006, 503210919, 0, 0
35028, 509976190, 0, 0
36033, 497851594, 0, 0
37042, 527156106, 0, 0
38026, 499367378, 0, 0
39012, 496234090, 0, 0
40020, 547397437, 0, 0
41069, 523028088, 0, 0
42068, 514669099, 0, 0
43029, 531216450, 0, 0
44018, 508574917, 0, 0
45070, 504228642, 0, 0
46061, 517791622, 0, 0
47036, 532573603, 0, 0
48035, 521712592, 0, 0
49058, 520413513, 0, 0
50011, 537551267, 0, 0
51041, 486265041, 0, 0
52054, 516977718, 0, 0
53024, 510117602, 0, 0
54010, 494975097, 0, 0
55037, 511455026, 0, 0
56049, 512597222, 0, 0
57055, 528771767, 0, 0
58002, 462584839, 0, 0
59018, 508923198, 0, 0
60006, 533112772, 0, 0
61060, 520193823, 0, 0
62015, 493313073, 0, 0
63041, 497665777, 0, 0
64045, 540444210, 0, 0
65032, 510670434, 0, 0
66026, 459592207, 0, 0
67000, 524037244, 0, 0
68055, 505535812, 0, 0
69054, 506050668, 0, 0
70061, 521986706, 0, 0
71017, 521512591, 0, 0
72069, 496836416, 0, 0
73011, 502375963, 0, 0
74046, 463288714, 0, 0
75026, 486379821, 0, 0
76004, 506968627, 0, 0
77006, 506897663, 0, 0
78052, 489491401, 0, 0
79025, 505117480, 0, 0
80014, 496733948, 0, 0
81060, 484134611, 0, 0
82057, 520560748, 0, 0
83018, 504023857, 0, 0
84064, 487400507, 0, 0
85020, 499182693, 0, 0
86029, 481771775, 0, 0
87013, 497250000, 0, 0
88049, 495980596, 0, 0
89015, 495659338, 0, 0
90011, 537354804, 0, 0
91010, 516157702, 0, 0
92057, 507937897, 0, 0
93063, 513280291, 0, 0
94030, 486730670, 0, 0
95037, 506289217, 0, 0
96035, 522945110, 0, 0
97020, 521315626, 0, 0
98026, 481369364, 0, 0
99001, 500943602, 0, 0
100012, 512569133, 0, 0
101051, 483845611, 0, 0
102006, 501875270, 0, 0
103034, 512792256, 0, 0
104012, 496578259, 0, 0
105008, 509832522, 0, 0
106034, 464589554, 0, 0
107061, 506462198, 0, 0
108032, 501600069, 0, 0
109067, 475153657, 0, 0
110041, 513067227, 0, 0
111032, 480521323, 0, 0
112053, 498236332, 0, 0
113036, 486395657, 0, 0
114046, 486763651, 0, 0
115034, 483078396, 0, 0
116041, 479521859, 0, 0
117022, 481430524, 0, 0
118026, 500524262, 0, 0
119002, 505238039, 0, 0
120015, 497318950, 0, 0
121058, 483078621, 0, 0
122039, 485869467, 0, 0
123039, 475132254, 0, 0
124054, 495408494, 0, 0
125015, 505418423, 0, 0
126014, 499713753, 0, 0
127039, 499361064, 0, 0
128019, 488839805, 0, 0
129059, 488115399, 0, 0
130039, 489500074, 0, 0
131055, 486443207, 0, 0
132058, 491130901, 0, 0
133063, 475469302, 0, 0
134066, 490181975, 0, 0
135008, 512984308, 0, 0
136032, 497221301, 0, 0
137063, 484058686, 0, 0
138020, 467546058, 0, 0
139030, 470678001, 0, 0
140006, 478965369, 0, 0
141053, 470456997, 0, 0
142036, 480789173, 0, 0
143037, 502561545, 0, 0
144065, 447374017, 0, 0
145028, 505049303, 0, 0
146026, 470911061, 0, 0
147019, 490192351, 0, 0
148049, 476146244, 0, 0
149036, 484027060, 0, 0
150016, 447330554, 0, 0
151053, 478802775, 0, 0
152002, 478377037, 0, 0
153063, 465511435, 0, 0
154064, 488283366, 0, 0
155045, 475111831, 0, 0
156063, 462367214, 0, 0
157036, 483595956, 0, 0
158002, 486688993, 0, 0
159024, 408137983, 0, 0
160007, 486191448, 0, 0
161053, 464490386, 0, 0
162045, 484002998, 0, 0
163029, 484452217, 0, 0
164029, 459598365, 0, 0
165002, 457842710, 0, 0
166036, 484556192, 0, 0
167031, 474145279, 0, 0
168013, 464143465, 0, 0
169018, 451859095, 0, 0
170063, 461671473, 0, 0
171027, 440402691, 0, 0
172024, 486482172, 0, 0
173059, 509077060, 0, 0
174043, 467923605, 0, 0
175009, 472598996, 0, 0
176053, 447658786, 0, 0
177029, 474309417, 0, 0
178024, 466658447, 0, 0
179033, 481642652, 0, 0
180019, 489468830, 0, 0
181008, 486280351, 0, 0
182051, 460359180, 0, 0
183052, 476192211, 0, 0
184013, 455503912, 0, 0
185046, 444156360, 0, 0
186008, 464424890, 0, 0
187001, 480210185, 0, 0
188061, 476896013, 0, 0
189050, 472711840, 0, 0
190014, 487016442, 0, 0
191010, 488317762, 0, 0
192006, 460543235, 0, 0
193029, 449877713, 0, 0
194001, 475409925, 0, 0
195000, 447245784, 0, 0
196060, 479562329, 0, 0
197045, 477322683, 0, 0
198034, 461724591, 0, 0
199028, 476976591, 0, 0
200044, 455597070, 0, 0
201021, 478211405, 0, 0
202016, 476226379, 0, 0
203009, 447016925, 0, 0
204062, 477898725, 0, 0
205034, 432729906, 0, 0
206036, 466572889, 0, 0
207008, 500472316, 0, 0
208029, 462474564, 0, 0
209034, 457581415, 0, 0
210015, 479814992, 0, 0
211029, 464770412, 0, 0
212008, 474366991, 0, 0
213018, 447365547, 0, 0
214028, 463710820, 0, 0
215041, 486815344, 0, 0
216030, 487318084, 0, 0
217017, 454317828, 0, 0
218021, 471934500, 0, 0
219010, 467949031, 0, 0
220043, 474075261, 0, 0
221029, 446752955, 0, 0
222060, 453713523, 0, 0
223033, 452571332, 0, 0
224029, 493363792, 0, 0
225022, 428564291, 0, 0
226034, 485298038, 0, 0
227010, 435612093, 0, 0
228044, 468820671, 0, 0
229027, 465865194, 0, 0
230010, 457022505, 0, 0
231068, 433513330, 0, 0
232061, 474422737, 0, 0
233055, 471497715, 0, 0
234020, 470970888, 0, 0
235010, 451971889, 0, 0
236021, 472828001, 0, 0
237041, 464340416, 0, 0
238026, 456576531, 0, 0
239027, 439425201, 0, 0
240025, 443698587, 0, 0
241016, 455151849, 0, 0
242009, 456329727, 0, 0
243034, 429578389, 0, 0
244056, 480404377, 0, 0
245016, 459744397, 0, 0
246057, 434334183, 0, 0
247000, 458871275, 0, 0
248045, 464542264, 0, 0
249031, 471994607, 0, 0
250019, 453056340, 0, 0
251022, 461648848, 0, 0
252056, 478630692, 0, 0
253009, 473544019, 0, 0
254021, 437227965, 0, 0
255013, 434964374, 0, 0
256035, 446017569, 0, 0
257065, 425284827, 0, 0
258057, 437724284, 0, 0
259000, 482347723, 0, 0
260020, 476221056, 0, 0
261064, 451987367, 0, 0
262045, 444702378, 0, 0
263032, 447315043, 0, 0
264055, 417363787, 0, 0
265022, 442221084, 0, 0
266002, 455928621, 0, 0
267064, 423555139, 0, 0
268071, 459489394, 0, 0
269004, 456589913, 0, 0
270019, 478793233, 0, 0
271035, 430349104, 0, 0
272051, 431398124, 0, 0
273047, 433265724, 0, 0
274017, 437421010, 0, 0
275013, 450887462, 0, 0
276029, 438408845, 0, 0
277029, 440990492, 0, 0
278031, 436705874, 0, 0
279063, 447852036, 0, 0
280055, 448534933, 0, 0
281037, 428177420, 0, 0
282038, 446706771, 0, 0
283031, 458493216, 0, 0
284020, 467291768, 0, 0
285016, 439057079, 0, 0
286003, 455425933, 0, 0
287049, 440282125, 0, 0
288022, 449626926, 0, 0
289063, 453385932, 0, 0
290051, 433133354, 0, 0
291005, 439965426, 0, 0
292042, 455183133, 0, 0
293047, 471675725, 0, 0
294006, 438742960, 0, 0
295036, 457290250, 0, 0
296038, 462522099, 0, 0
297032, 444031214, 0, 0
298008, 459679913, 0, 0
299040, 426829367, 0, 0
300014, 424984744, 0, 0
301064, 406132725, 0, 0
302063, 458469991, 0, 0
303053, 458042651, 0, 0
304011, 468418370, 0, 0
305024, 464863169, 0, 0
306062, 465663138, 0, 0
307021, 453902633, 0, 0
308009, 425237652, 0, 0
309012, 439906137, 0, 0
310016, 475388646, 0, 0
311056, 455480510, 0, 0
312027, 433203358, 0, 0
313026, 421773880, 0, 0
314045, 440959924, 0, 0
315042, 436420135, 0, 0
316028, 466529521, 0, 0
317018, 440471833, 0, 0
318025, 443441498, 0, 0
319040, 426857073, 0, 0
320000, 480287870, 0, 0
321023, 506331956, 0, 0
322010, 434585119, 0, 0
323035, 422275594, 0, 0
324024, 450631806, 0, 0
325001, 435069683, 0, 0
326055, 448049117, 0, 0
327035, 423530525, 0, 0
328053, 443822773, 0, 0
329062, 475972776, 0, 0
330020, 442426095, 0, 0
331020, 433292499, 0, 0
332049, 459780509, 0, 0
333011, 450019878, 0, 0
334060, 446644830, 0, 0
335026, 425999250, 0, 0
336040, 437299744, 0, 0
337030, 426735762, 0, 0
338031, 451890560, 0, 0
339017, 447114379, 0, 0
340054, 445549986, 0, 0
341003, 440651792, 0, 0
342051, 461360817, 0, 0
343015, 444482408, 0, 0
344014, 433918803, 0, 0
345057, 427306520, 0, 0
346011, 441298096, 0, 0
347002, 424941937, 0, 0
348005, 479726959, 0, 0
349011, 426798297, 0, 0
350010, 460340484, 0, 0
351014, 426418057, 0, 0
352063, 429360956, 0, 0
353050, 391047578, 0, 0
354000, 419887431, 0, 0
355060, 397028972, 0, 0
356013, 433347411, 0, 0
357044, 430703356, 0, 0
358074, 440831759, 0, 0
359022, 440243609, 0, 0
360055, 420023514, 0, 0
361053, 397225975, 0, 0
362040, 421423040, 0, 0
363018, 433393916, 0, 0
364060, 428041055, 0, 0
365032, 414504114, 0, 0
366006, 421509395, 0, 0
367014, 444355030, 0, 0
368058, 420492611, 0, 0
369070, 381618840, 0, 0
370068, 427300570, 0, 0
371048, 408739107, 0, 0
372025, 414730151, 0, 0
373031, 422767151, 0, 0
374046, 432181537, 0, 0
375044, 453942790, 0, 0
376030, 391887095, 0, 0
377028, 425060191, 0, 0
378024, 423086000, 0, 0
379015, 423936242, 0, 0
380046, 403889549, 0, 0
381054, 408521358, 0, 0
382006, 432147326, 0, 0
383042, 427931499, 0, 0
384011, 398861114, 0, 0
385063, 418739215, 0, 0
386042, 409069549, 0, 0
387030, 392829434, 0, 0
388079, 436655112, 0, 0
389050, 421122604, 0, 0
390026, 387653794, 0, 0
391018, 412020197, 0, 0
392031, 409831453, 0, 0
393015, 420157508, 0, 0
394055, 426343329, 0, 0
395050, 418186012, 0, 0
396030, 388768634, 0, 0
397038, 442853552, 0, 0
398025, 436805780, 0, 0
399018, 432135841, 0, 0
400043, 405042402, 0, 0
401057, 407329760, 0, 0
402059, 413497880, 0, 0
403037, 437149771, 0, 0
404051, 410868643, 0, 0
405038, 388554902, 0, 0
406025, 415345017, 0, 0
407042, 466178548, 0, 0
408048, 416410289, 0, 0
409057, 409070015, 0, 0
410019, 409733441, 0, 0
411028, 419545200, 0, 0
412018, 369947837, 0, 0
413003, 434202487, 0, 0
414020, 384943665, 0, 0
415045, 408887574, 0, 0
416017, 391054345, 0, 0
417002, 375229465, 0, 0
418009, 396587172, 0, 0
419033, 427163093, 0, 0
420034, 407415600, 0, 0
421017, 367098151, 0, 0
422057, 438347292, 0, 0
423031, 410054429, 0, 0
424066, 388223432, 0, 0
425039, 413914105, 0, 0
426058, 399094837, 0, 0
427066, 441228669, 0, 0
428006, 428429489, 0, 0
429008, 412268219, 0, 0
430023, 403003360, 0, 0
431066, 397753406, 0, 0
432011, 416346114, 0, 0
433060, 413592321, 0, 0
434043, 414100775, 0, 0
435004, 382551793, 0, 0
436074, 393978613, 0, 0
437002, 422818291, 0, 0
438049, 393306171, 0, 0
439035, 401769787, 0, 0
440001, 428245381, 0, 0
441060, 446926351, 0, 0
442058, 409728839, 0, 0
443028, 359214798, 0, 0
444028, 391600726, 0, 0
445008, 428796215, 0, 0
446034, 386176046, 0, 0
447028, 387381181, 0, 0
448070, 388847398, 0, 0
449058, 414493902, 0, 0
450048, 432521541, 0, 0
451046, 369417427, 0, 0
452044, 387583000, 0, 0
453021, 390055757, 0, 0
454002, 396566133, 0, 0
455056, 393396676, 0, 0
456045, 401622844, 0, 0
457005, 389544454, 0, 0
458065, 417127231, 0, 0
459026, 364025865, 0, 0
460005, 382658694, 0, 0
461019, 375674841, 0, 0
462055, 372923536, 0, 0
463051, 396783169, 0, 0
464037, 381033831, 0, 0
465008, 420403511, 0, 0
466035, 391562503, 0, 0
467051, 395891709, 0, 0
468007, 429696022, 0, 0
469032, 378028508, 0, 0
470047, 389327655, 0, 0
471039, 409738733, 0, 0
472028, 391147324, 0, 0
473063, 357085527, 0, 0
474032, 401372303, 0, 0
475067, 387940053, 0, 0
476060, 394921707, 0, 0
477051, 371469248, 0, 0
478030, 390844544, 0, 0
479020, 346291270, 0, 0
480018, 407522340, 0, 0
481032, 375878616, 0, 0
482025, 394097377, 0, 0
483044, 370774817, 0, 0
484036, 405373026, 0, 0
485007, 429495467, 0, 0
486014, 401011778, 0, 0
487039, 416226746, 0, 0
488009, 403698777, 0, 0
489004, 376404355, 0, 0
490030, 393052824, 0, 0
491044, 382937605, 0, 0
492009, 356159438, 0, 0
493031, 384008696, 0, 0
494033, 404474233, 0, 0
495010, 394115108, 0, 0
496007, 368013926, 0, 0
497040, 401334039, 0, 0
498058, 444596156, 0, 0
499060, 396642787, 0, 0
500034, 414858336, 0, 0
501043, 418769271, 0, 0
502048, 376241110, 0, 0
503006, 390159499, 0, 0
504061, 341541028, 0, 0
505014, 383872277, 0, 0
506038, 373185906, 0, 0
507041, 388396503, 0, 0
508014, 374537995, 0, 0
509026, 393738546, 0, 0
510006, 372562152, 0, 0
511001, 410961181, 0, 0
512000, 381145763, 0, 0
513057, 386892898, 0, 0
514009, 407519368, 0, 0
515048, 358085600, 0, 0
516043, 392619991, 0, 0
517065, 357829829, 0, 0
518050, 385045653, 0, 0
519062, 370521988, 0, 0
520041, 381241417, 0, 0
521001, 353204451, 0, 0
522000, 382660582, 0, 0
523008, 369871628, 0, 0
524016, 392192085, 0, 0
525024, 391364355, 0, 0
526038, 370298520, 0, 0
527041, 386404838, 0, 0
528028, 368185729, 0, 0
529046, 383183648, 0, 0
530055, 392802617, 0, 0
531013, 379265135, 0, 0
532030, 381795775, 0, 0
533061, 368011163, 0, 0
534046, 380957520, 0, 0
535045, 359599245, 0, 0
536062, 395522283, 0, 0
537008, 369555089, 0, 0
538020, 375017331, 0, 0
539026, 377533614, 0, 0
540044, 368015072, 0, 0
541040, 360677178, 0, 0
542021, 395017036, 0, 0
543009, 388931108, 0, 0
544033, 373229577, 0, 0
545010, 397540901, 0, 0
546056, 344588539, 0, 0
547047, 366809530, 0, 0
548006, 349241321, 0, 0
549034, 392273965, 0, 0
550050, 339839421, 0, 0
551042, 393268115, 0, 0
552045, 413180810, 0, 0
553041, 354229133, 0, 0
554054, 398271614, 0, 0
555042, 361835693, 0, 0
556044, 401908888, 0, 0
557049, 350916033, 0, 0
558009, 354035665, 0, 0
559047, 362790764, 0, 0
560047, 359930078, 0, 0
561047, 382341224, 0, 0
562024, 336236174, 0, 0
563057, 359465116, 0, 0
564055, 371453918, 0, 0
565041, 366632239, 0, 0
566052, 368055381, 0, 0
567028, 368319559, 0, 0
568009, 351224911, 0, 0
569037, 396363630, 0, 0
570058, 371586492, 0, 0
571008, 370898579, 0, 0
572015, 399358644, 0, 0
573055, 403674984, 0, 0
574018, 385579898, 0, 0
575006, 358894057, 0, 0
576053, 376118340, 0, 0
577065, 398152299, 0, 0
578035, 414193522, 0, 0
579053, 335651025, 0, 0
580010, 385176860, 0, 0
581051, 341533105, 0, 0
582026, 332133951, 0, 0
583041, 424121806, 0, 0
584018, 344848246, 0, 0
585023, 413294768, 0, 0
586041, 378087275, 0, 0
587019, 377129024, 0, 0
588007, 399783388, 0, 0
589040, 357286543, 0, 0
590046, 335962291, 0, 0
591050, 374341974, 0, 0
592020, 349447839, 0, 0
593045, 356586742, 0, 0
594024, 371994394, 0, 0
595192, 328881309, 0, 0
596046, 405864609, 0, 0
597045, 334795199, 0, 0
598023, 343089148, 0, 0
599067, 318591030, 0, 0
600046, 361029529, 0, 0
601037, 375740951, 0, 0
602044, 396258119, 0, 0
603053, 361680261, 0, 0
604029, 370005500, 0, 0
605011, 342376090, 0, 0
606070, 372403840, 0, 0
607004, 390583301, 0, 0
608038, 364696670, 0, 0
609025, 331663142, 0, 0
610011, 343118926, 0, 0
611044, 352874557, 0, 0
612054, 351694837, 0, 0
613009, 375618146, 0, 0
614047, 363354229, 0, 0
615040, 358391215, 0, 0
616029, 338974836, 0, 0
617054, 353098663, 0, 0
618024, 343762290, 0, 0
619045, 335526848, 0, 0
620009, 345585196, 0, 0
621043, 353675108, 0, 0
622063, 338867158, 0, 0
623002, 352914823, 0, 0
624060, 347851441, 0, 0
625058, 361367557, 0, 0
626007, 356315702, 0, 0
627009, 349679043, 0, 0
628019, 356391894, 0, 0
629045, 333275981, 0, 0
630023, 371952735, 0, 0
631027, 344255377, 0, 0
632025, 358159944, 0, 0
633065, 346712323, 0, 0
634004, 397620743, 0, 0
635004, 362987927, 0, 0
636051, 328754796, 0, 0
637044, 353803157, 0, 0
638002, 350969004, 0, 0
639066, 313675280, 0, 0
640046, 339701662, 0, 0
641052, 333260996, 0, 0
642045, 343742982, 0, 0
643048, 329222970, 0, 0
644026, 324053969, 0, 0
645041, 344125802, 0, 0
646014, 343442664, 0, 0
647015, 330033819, 0, 0
648021, 332130532, 0, 0
649033, 345848744, 0, 0
650007, 321456951, 0, 0
651018, 385787634, 0, 0
652037, 373012888, 0, 0
653029, 334309399, 0, 0
654000, 350096407, 0, 0
655049, 359158196, 0, 0
656011, 339204351, 0, 0
657036, 304654510, 0, 0
658064, 329221314, 0, 0
659063, 324486019, 0, 0
660055, 342835927, 0, 0
661038, 363717297, 0, 0
662013, 327315646, 0, 0
663050, 335268741, 0, 0
664040, 337102357, 0, 0
665044, 318111234, 0, 0
666007, 331481704, 0, 0
667026, 354005595, 0, 0
668003, 383269775, 0, 0
669068, 382437005, 0, 0
670096, 337976419, 0, 0
671000, 352748189, 0, 0
672064, 343866915, 0, 0
673010, 344193586, 0, 0
674021, 349173883, 0, 0
675036, 320321549, 0, 0
676015, 323996684, 0, 0
677051, 309626765, 0, 0
678025, 321074638, 0, 0
679028, 293127056, 0, 0
680010, 327308299, 0, 0
681035, 310815957, 0, 0
682018, 345090923, 0, 0
683063, 322468773, 0, 0
684050, 320689269, 0, 0
685059, 354423526, 0, 0
686032, 348806030, 0, 0
687058, 318939276, 0, 0
688004, 283007489, 0, 0
689039, 320815593, 0, 0
690012, 324759728, 0, 0
691056, 336020632, 0, 0
692016, 336438835, 0, 0
693015, 318805290, 0, 0
694039, 354371996, 0, 0
695025, 357230100, 0, 0
696047, 344487044, 0, 0
697009, 322434543, 0, 0
698062, 304330481, 0, 0
699022, 317024685, 0, 0
700011, 358582535, 0, 0
701018, 338000805, 0, 0
702030, 344670734, 0, 0
703024, 317335232, 0, 0
704060, 351030597, 0, 0
705053, 351379084, 0, 0
706029, 346799040, 0, 0
707001, 331071984, 0, 0
708016, 304449661, 0, 0
709062, 348863171, 0, 0
710059, 346511232, 0, 0
711037, 340381682, 0, 0
712063, 300272131, 0, 0
713002, 284910269, 0, 0
714077, 359289862, 0, 0
715072, 337393758, 0, 0
716004, 320280102, 0, 0
717035, 289918221, 0, 0
718049, 330945107, 0, 0
719057, 335700072, 0, 0
720039, 327755682, 0, 0
721039, 291171480, 0, 0
722001, 341428590, 0, 0
723005, 335605029, 0, 0
724023, 343875984, 0, 0
725018, 348138143, 0, 0
726060, 402017097, 0, 0
727043, 307209235, 0, 0
728064, 338444590, 0, 0
729057, 357961322, 0, 0
730062, 336228388, 0, 0
731065, 340786839, 0, 0
732061, 362309515, 0, 0
733008, 326310201, 0, 0
734014, 358062510, 0, 0
735020, 331898357, 0, 0
736001, 352304594, 0, 0
737032, 319399513, 0, 0
738015, 326539901, 0, 0
739061, 360275864, 0, 0
740053, 317159757, 0, 0
741026, 347098960, 0, 0
742010, 313050996, 0, 0
743028, 328908564, 0, 0
744050, 349793540, 0, 0
745027, 324793075, 0, 0
746016, 340684536, 0, 0
747007, 344475821, 0, 0
748034, 332104790, 0, 0
749019, 301903193, 0, 0
750000, 337323467, 0, 0
751046, 386954343, 0, 0
752057, 331049327, 0, 0
753050, 325870608, 0, 0
754035, 351276546, 0, 0
755012, 331772833, 0, 0
756047, 330020872, 0, 0
757083, 340847216, 0, 0
758045, 332624025, 0, 0
759042, 336425928, 0, 0
760007, 343051365, 0, 0
761021, 313873296, 0, 0
762004, 359368694, 0, 0
763030, 329435081, 0, 0
764041, 355891430, 0, 0
765040, 321959179, 0, 0
766019, 340547684, 0, 0
767026, 337290271, 0, 0
768016, 351919027, 0, 0
769062, 340740632, 0, 0
770047, 375432564, 0, 0
771061, 387261116, 0, 0
772059, 325193420, 0, 0
773062, 360442689, 0, 0
774039, 360331991, 0, 0
775060, 333588559, 0, 0
776061, 341755620, 0, 0
777015, 359274843, 0, 0
778042, 340230325, 0, 0
779011, 321088486, 0, 0
780065, 309296902, 0, 0
781002, 318059688, 0, 0
782070, 362240666, 0, 0
783066, 331068759, 0, 0
784032, 289518336, 0, 0
785057, 306595768, 0, 0
786010, 316243577, 0, 0
787064, 299289551, 0, 0
788057, 306426878, 0, 0
789056, 327107916, 0, 0
790023, 342938047, 0, 0
791057, 348037177, 0, 0
792009, 317310627, 0, 0
793007, 356422968, 0, 0
794023, 310051622, 0, 0
795044, 330576264, 0, 0
796050, 346491924, 0, 0
797050, 348637591, 0, 0
798025, 302449105, 0, 0
799021, 309894934, 0, 0
800003, 322582561, 0, 0
801022, 314961580, 0, 0
802041, 324351695, 0, 0
803012, 324088755, 0, 0
804043, 362636105, 0, 0
805048, 379640950, 0, 0
806060, 336210875, 0, 0
807047, 358800864, 0, 0
808061, 366519302, 0, 0
809017, 304310253, 0, 0
810014, 320651367, 0, 0
811063, 331931701, 0, 0
812039, 328859655, 0, 0
813035, 331103987, 0, 0
814037, 338332814, 0, 0
815031, 330254726, 0, 0
816017, 307303505, 0, 0
817027, 336818341, 0, 0
818035, 329598836, 0, 0
819026, 321491933, 0, 0
820005, 351250111, 0, 0
821056, 332927836, 0, 0
822043, 390896891, 0, 0
823033, 313982563, 0, 0
824058, 306355672, 0, 0
825031, 364265358, 0, 0
826014, 344134393, 0, 0
827064, 332714022, 0, 0
828053, 312327741, 0, 0
829054, 306433495, 0, 0
830051, 319362554, 0, 0
831044, 323976604, 0, 0
832037, 323179306, 0, 0
833074, 321028996, 0, 0
834037, 370416207, 0, 0
835029, 351064522, 0, 0
836068, 340771042, 0, 0
837014, 334732189, 0, 0
838059, 334073427, 0, 0
839054, 353360005, 0, 0
840041, 353220435, 0, 0
841014, 316261323, 0, 0
842043, 343055971, 0, 0
843046, 337431030, 0, 0
844060, 348770608, 0, 0
845036, 322260237, 0, 0
846021, 339652543, 0, 0
847023, 324240892, 0, 0
848037, 315839577, 0, 0
849040, 345683581, 0, 0
850047, 306192067, 0, 0
851014, 341756679, 0, 0
852037, 341519796, 0, 0
853035, 334479313, 0, 0
854000, 327908548, 0, 0
855052, 334744208, 0, 0
856022, 338840231, 0, 0
857012, 324684273, 0, 0
858047, 329386756, 0, 0
859023, 305884342, 0, 0
860020, 276412408, 0, 0
861008, 330527677, 0, 0
862047, 351223677, 0, 0
863032, 316829055, 0, 0
864053, 317774171, 0, 0
865005, 336623391, 0, 0
866018, 306774487, 0, 0
867011, 356032561, 0, 0
868032, 325970629, 0, 0
869000, 353980416, 0, 0
870016, 287047459, 0, 0
871021, 355510896, 0, 0
872055, 362582427, 0, 0
873030, 308101913, 0, 0
874034, 309342567, 0, 0
875014, 350833421, 0, 0
876006, 300770759, 0, 0
877050, 323242720, 0, 0
878026, 326157314, 0, 0
879014, 347811545, 0, 0
880046, 333693491, 0, 0
881057, 354979784, 0, 0
882048, 345816246, 0, 0
883004, 341516588, 0, 0
884049, 325950713, 0, 0
885001, 329150011, 0, 0
886010, 326515775, 0, 0
887002, 314775631, 0, 0
888006, 306963957, 0, 0
889029, 354237786, 0, 0
890004, 347160843, 0, 0
891008, 342059924, 0, 0
892012, 352126916, 0, 0
893006, 335812167, 0, 0
894022, 332710326, 0, 0
895006, 345687260, 0, 0
896070, 308263623, 0, 0
897003, 389359433, 0, 0
898004, 337467978, 0, 0
899003, 337689377, 0, 0
900026, 363199634, 0, 0
901055, 338381203, 0, 0
902044, 307077452, 0, 0
903047, 378131798, 0, 0
904083, 382837582, 0, 0
905054, 319101001, 0, 0
906010, 361442207, 0, 0
907004, 374530593, 0, 0
908005, 393895512, 0, 0
909024, 297037629, 0, 0
910048, 340842584, 0, 0
911045, 357958238, 0, 0
912069, 338788460, 0, 0
913039, 326989327, 0, 0
914003, 323851479, 0, 0
915053, 322448208, 0, 0
916038, 292703189, 0, 0
917054, 348353620, 0, 0
918013, 330821937, 0, 0
919006, 316557096, 0, 0
920048, 328808726, 0, 0
921043, 346873609, 0, 0
922035, 338739576, 0, 0
923018, 366534867, 0, 0
924046, 328163000, 0, 0
925033, 321802628, 0, 0
926020, 303737807, 0, 0
927017, 330135418, 0, 0
928056, 310189305, 0, 0
929009, 359240601, 0, 0
930058, 369091582, 0, 0
931064, 332856708, 0, 0
932039, 336705288, 0, 0
933016, 328840558, 0, 0
934037, 304651279, 0, 0
935057, 330796304, 0, 0
936045, 360166402, 0, 0
937057, 309963099, 0, 0
938038, 309149109, 0, 0
939022, 344364816, 0, 0
940047, 329403253, 0, 0
941024, 323955143, 0, 0
942049, 322713272, 0, 0
943050, 340209447, 0, 0
944055, 333564372, 0, 0
945060, 327741332, 0, 0
946040, 324453668, 0, 0
947007, 375907171, 0, 0
948033, 335352535, 0, 0
949059, 336838779, 0, 0
950047, 333600600, 0, 0
951004, 313562076, 0, 0
952027, 314784741, 0, 0
953005, 380919795, 0, 0
954067, 314520042, 0, 0
955043, 348698374, 0, 0
956040, 354891851, 0, 0
957021, 309638827, 0, 0
958020, 328916393, 0, 0
959027, 333468582, 0, 0
960015, 328854852, 0, 0
961022, 347672368, 0, 0
962035, 317971998, 0, 0
963054, 320312565, 0, 0
964043, 330790346, 0, 0
965063, 324113489, 0, 0
966035, 320209452, 0, 0
967042, 349640028, 0, 0
968038, 347772260, 0, 0
969034, 334280982, 0, 0
970022, 337254059, 0, 0
971058, 296622846, 0, 0
972051, 354612012, 0, 0
973055, 354631013, 0, 0
974058, 337751599, 0, 0
975002, 344316918, 0, 0
976011, 346538072, 0, 0
977048, 326664045, 0, 0
978024, 319681009, 0, 0
979008, 340641827, 0, 0
980005, 350829857, 0, 0
981067, 334596368, 0, 0
982046, 333782844, 0, 0
983046, 339780587, 0, 0
984024, 328613548, 0, 0
985034, 316701080, 0, 0
986018, 324809283, 0, 0
987035, 333489314, 0, 0
988064, 334331729, 0, 0
989051, 312309348, 0, 0
990037, 354985425, 0, 0
991038, 367223039, 0, 0
992012, 340680265, 0, 0
993000, 351784127, 0, 0
994059, 336501318, 0, 0
995034, 333695742, 0, 0
996008, 327116813, 0, 0
997062, 343031959, 0, 0
998171, 314383350, 0, 0
999006, 365602256, 0, 0
1000008, 326926467, 0, 0
1001019, 339786682, 0, 0
1002058, 293959600, 0, 0
1003009, 343776475, 0, 0
1004041, 367056851, 0, 0
1005023, 324538187, 0, 0
1006038, 336197893, 0, 0
1007006, 305626507, 0, 0
1008054, 305277623, 0, 0
1009002, 366309537, 0, 0
1010032, 311949631, 0, 0
1011032, 331467800, 0, 0
1012006, 304117590, 0, 0
1013059, 323213450, 0, 0
1014058, 364287262, 0, 0
1015016, 364617104, 0, 0
1016015, 327148616, 0, 0
1017043, 372476579, 0, 0
1018022, 350558383, 0, 0
1019013, 328404365, 0, 0
1020041, 378264791, 0, 0
1021058, 336864912, 0, 0
1022000, 378241668, 0, 0
1023058, 341737297, 0, 0
1024055, 324305060, 0, 0
1025058, 358831116, 0, 0
1026010, 315906016, 0, 0
1027049, 340739335, 0, 0
1028034, 325042790, 0, 0
1029026, 332525103, 0, 0
1030034, 341030369, 0, 0
1031037, 344357709, 0, 0
1032032, 330016512, 0, 0
1033020, 292553023, 0, 0
1034063, 324777713, 0, 0
1035006, 351765562, 0, 0
1036000, 320067712, 0, 0
1037026, 327444803, 0, 0
1038022, 347944344, 0, 0
1039055, 370776074, 0, 0
1040021, 310474959, 0, 0
1041049, 337458827, 0, 0
1042036, 321359715, 0, 0
1043029, 353481384, 0, 0
1044054, 335123426, 0, 0
1045032, 315131022, 0, 0
1046015, 362567058, 0, 0
1047043, 313149430, 0, 0
1048048, 324090297, 0, 0
1049017, 341958759, 0, 0
1050010, 346150490, 0, 0
1051006, 359346397, 0, 0
1052008, 318681861, 0, 0
1053008, 334481742, 0, 0
1054002, 344756021, 0, 0
1055059, 343803498, 0, 0
1056068, 363928964, 0, 0
1057059, 308705729, 0, 0
1058005, 325641134, 0, 0
1059016, 286018438, 0, 0
1060063, 309325736, 0, 0
1061029, 320503822, 0, 0
1062054, 323908596, 0, 0
1063025, 338985877, 0, 0
1064016, 339039951, 0, 0
1065018, 312130070, 0, 0
1066056, 314313756, 0, 0
1067041, 319461821, 0, 0
1068023, 332022876, 0, 0
1069058, 326296360, 0, 0
1070006, 296565117, 0, 0
1071061, 362396731, 0, 0
1072048, 346129985, 0, 0
1073055, 305283860, 0, 0
1074037, 322598707, 0, 0
1075001, 303063261, 0, 0
1076004, 357514070, 0, 0
1077002, 346283557, 0, 0
1078008, 356453775, 0, 0
1079010, 370163306, 0, 0
1080005, 323999213, 0, 0
1081034, 312394714, 0, 0
1082030, 334969362, 0, 0
1083012, 317903041, 0, 0
1084005, 340843341, 0, 0
1085017, 323531980, 0, 0
1086015, 321581142, 0, 0
1087018, 330114175, 0, 0
1088054, 334903549, 0, 0
1089020, 328791478, 0, 0
1090018, 374267734, 0, 0
1091016, 345668492, 0, 0
1092013, 370801461, 0, 0
1093029, 339360851, 0, 0
1094010, 334928713, 0, 0
1095004, 297717767, 0, 0
1096016, 353650001, 0, 0
1097006, 328309356, 0, 0
1098058, 331042553, 0, 0
1099030, 333945782, 0, 0
1100005, 330299622, 0, 0
1101025, 332048624, 0, 0
1102018, 319856431, 0, 0
1103001, 345269409, 0, 0
1104037, 360552368, 0, 0
1105055, 366155684, 0, 0
1106034, 346136283, 0, 0
1107022, 295712694, 0, 0
1108037, 285506980, 0, 0
1109028, 353230872, 0, 0
1110019, 353243938, 0, 0
1111046, 305634951, 0, 0
1112021, 348975142, 0, 0
1113015, 316815446, 0, 0
1114046, 310627287, 0, 0
1115037, 341937597, 0, 0
1116034, 350294977, 0, 0
1117044, 336394552, 0, 0
1118006, 317076548, 0, 0
1119053, 322418439, 0, 0
1120045, 349205036, 0, 0
1121048, 341590817, 0, 0
1122052, 337613469, 0, 0
1123053, 285003300, 0, 0
1124028, 362357765, 0, 0
1125043, 312584326, 0, 0
1126019, 345155288, 0, 0
1127063, 338846776, 0, 0
1128012, 344717723, 0, 0
1129007, 299358708, 0, 0
1130064, 317912061, 0, 0
1131047, 308344434, 0, 0
1132022, 325734237, 0, 0
1133002, 332704202, 0, 0
1134003, 333773502, 0, 0
1135064, 346218130, 0, 0
1136044, 311608856, 0, 0
1137025, 359267393, 0, 0
1138034, 300221488, 0, 0
1139059, 323391384, 0, 0
1140056, 313073618, 0, 0
1141005, 335040451, 0, 0
1142046, 357404268, 0, 0
1143023, 332380781, 0, 0
1144063, 349281533, 0, 0
1145049, 315875602, 0, 0
1146024, 330605320, 0, 0
1147057, 360172983, 0, 0
1148005, 316580086, 0, 0
1149052, 299236182, 0, 0
1150030, 356117791, 0, 0
1151056, 364600212, 0, 0
1152061, 343254325, 0, 0
1153062, 314226316, 0, 0
1154032, 332140253, 0, 0
1155057, 305150050, 0, 0
1156008, 323736521, 0, 0
1157057, 339089268, 0, 0
1158048, 357897675, 0, 0
1159030, 342751560, 0, 0
1160049, 343685235, 0, 0
1161013, 373916868, 0, 0
1162002, 314369744, 0, 0
1163032, 327723235, 0, 0
1164038, 341695967, 0, 0
1165018, 341490058, 0, 0
1166024, 374045619, 0, 0
1167014, 376107871, 0, 0
1168010, 344107575, 0, 0
1169006, 291799586, 0, 0
1170043, 324575605, 0, 0
1171015, 362631776, 0, 0
1172058, 348623959, 0, 0
1173028, 376792400, 0, 0
1174046, 333222098, 0, 0
1175053, 332111569, 0, 0
1176020, 333622707, 0, 0
1177057, 321441916, 0, 0
1178033, 314445852, 0, 0
1179033, 328597294, 0, 0
1180001, 378244272, 0, 0
1181032, 352149064, 0, 0
1182003, 334771939, 0, 0
1183048, 345139199, 0, 0
1184021, 294952111, 0, 0
1185007, 337148069, 0, 0
1186033, 312058581, 0, 0
1187035, 338549769, 0, 0
1188030, 311848568, 0, 0
1189058, 329843984, 0, 0
1190013, 329346643, 0, 0
1191012, 372410957, 0, 0
1192032, 343841318, 0, 0
1193015, 374434758, 0, 0
1194066, 317324230, 0, 0
1195060, 353508873, 0, 0
1196044, 353100759, 0, 0
1197011, 376878618, 0, 0
1198000, 332311611, 0, 0
1199053, 350026027, 0, 0
1200061, 349244544, 0, 0
1201020, 313758052, 0, 0
1202071, 350306792, 0, 0
1203009, 337680606, 0, 0
1204064, 352198011, 0, 0
1205023, 364100905, 0, 0
1206045, 313427767, 0, 0
1207031, 345314546, 0, 0
1208006, 348112211, 0, 0
1209015, 339784278, 0, 0
1210009, 304261167, 0, 0
1211026, 318747324, 0, 0
1212040, 322853143, 0, 0
1213015, 348265260, 0, 0
1214008, 344869708, 0, 0
1215000, 329675061, 0, 0
1216050, 334181227, 0, 0
1217063, 330691731, 0, 0
1218034, 334238832, 0, 0
1219020, 332666353, 0, 0
1220001, 337584944, 0, 0
1221004, 350520121, 0, 0
1222062, 340706245, 0, 0
1223022, 325053914, 0, 0
1224001, 337604135, 0, 0
1225013, 339810498, 0, 0
1226023, 359956380, 0, 0
1227034, 309933893, 0, 0
1228019, 336761815, 0, 0
1229045, 340802105, 0, 0
1230019, 301852975, 0, 0
1231046, 315076967, 0, 0
1232041, 308780600, 0, 0
1233050, 359984169, 0, 0
1234036, 336358511, 0, 0
1235034, 338201129, 0, 0
1236025, 377205864, 0, 0
1237009, 311653490, 0, 0
1238061, 340754808, 0, 0
1239012, 337736985, 0, 0
1240040, 357126308, 0, 0
1241024, 320377839, 0, 0
1242015, 358506050, 0, 0
1243043, 336842917, 0, 0
1244038, 341130670, 0, 0
1245009, 332996601, 0, 0
1246064, 305668341, 0, 0
1247031, 324726285, 0, 0
1248046, 330623248, 0, 0
1249036, 315495831, 0, 0
1250041, 330027437, 0, 0
1251004, 366565306, 0, 0
1252019, 331024171, 0, 0
1253009, 369383476, 0, 0
1254062, 336387594, 0, 0
1255061, 377464118, 0, 0
1256027, 329036856, 0, 0
1257044, 321806143, 0, 0
1258039, 319782890, 0, 0
1259009, 341091224, 0, 0
1260057, 329997515, 0, 0
1261042, 326724795, 0, 0
1262030, 376652673, 0, 0
1263060, 317526875, 0, 0
1264032, 319650257, 0, 0
1265052, 362536516, 0, 0
1266053, 357429260, 0, 0
1267060, 331777441, 0, 0
1268030, 325247383, 0, 0
1269003, 368046904, 0, 0
1270056, 348835792, 0, 0
1271100, 348623167, 0, 0
1272061, 338036655, 0, 0
1273006, 342633272, 0, 0
1274051, 343205511, 0, 0
1275006, 330945693, 0, 0
1276024, 329470580, 0, 0
1277000, 343639697, 0, 0
1278011, 351435358, 0, 0
1279061, 360862619, 0, 0
1280018, 356541929, 0, 0
1281020, 380139346, 0, 0
1282056, 327327985, 0, 0
1283038, 325643984, 0, 0
1284018, 336471980, 0, 0
1285035, 345129073, 0, 0
1286045, 337592517, 0, 0
1287005, 308728039, 0, 0
1288039, 347805283, 0, 0
1289020, 344422057, 0, 0
1290030, 335866230, 0, 0
1291046, 330746764, 0, 0
1292022, 344006121, 0, 0
1293028, 313805274, 0, 0
1294080, 318672439, 0, 0
1295073, 342197098, 0, 0
1296003, 353479170, 0, 0
1297050, 331986561, 0, 0
1298039, 357066455, 0, 0
1299038, 348484079, 0, 0
1300024, 343278886, 0, 0
1301028, 342097046, 0, 0
1302027, 348568436, 0, 0
1303010, 317248257, 0, 0
1304057, 302100311, 0, 0
1305030, 340735213, 0, 0
1306032, 332240235, 0, 0
1307029, 344487228, 0, 0
1308044, 343442189, 0, 0
1309038, 342913281, 0, 0
1310006, 338361884, 0, 0
1311055, 330616898, 0, 0
1312054, 332100414, 0, 0
1313052, 337312361, 0, 0
1314010, 314650109, 0, 0
1315052, 299542908, 0, 0
1316012, 337633918, 0, 0
1317019, 364609175, 0, 0
1318013, 319783059, 0, 0
1319059, 331030512, 0, 0
1320055, 344997514, 0, 0
1321003, 355646965, 0, 0
1322046, 362039263, 0, 0
1323033, 346729676, 0, 0
1324076, 323776910, 0, 0
1325040, 324219154, 0, 0
1326019, 322564685, 0, 0
1327020, 342658204, 0, 0
1328031, 358418789, 0, 0
1329002, 337183671, 0, 0
1330023, 310953490, 0, 0
1331038, 309544574, 0, 0
1332014, 365457568, 0, 0
1333052, 322089558, 0, 0
1334046, 332516601, 0, 0
1335020, 336408511, 0, 0
1336000, 336525806, 0, 0
1337042, 334060655, 0, 0
1338035, 346638374, 0, 0
1339047, 350988007, 0, 0
1340035, 330278477, 0, 0
1341063, 321928406, 0, 0
1342037, 360044964, 0, 0
1343002, 322458559, 0, 0
1344058, 336992078, 0, 0
1345045, 335535047, 0, 0
1346035, 338085171, 0, 0
1347053, 350319639, 0, 0
1348039, 368442343, 0, 0
1349011, 350843268, 0, 0
1350048, 322815728, 0, 0
1351024, 348956068, 0, 0
1352066, 336999617, 0, 0
1353038, 356347492, 0, 0
1354049, 317311007, 0, 0
1355055, 340558771, 0, 0
1356058, 356117395, 0, 0
1357005, 299867822, 0, 0
1358003, 313486254, 0, 0
1359041, 336322449, 0, 0
1360009, 353874175, 0, 0
1361032, 332305243, 0, 0
1362021, 351538693, 0, 0
1363011, 311751189, 0, 0
1364046, 347002842, 0, 0
1365024, 322051905, 0, 0
1366029, 284764716, 0, 0
1367026, 357735152, 0, 0
1368029, 360612165, 0, 0
1369009, 298979220, 0, 0
1370026, 338416014, 0, 0
1371010, 367033176, 0, 0
1372058, 337129752, 0, 0
1373046, 321003428, 0, 0
1374027, 325072286, 0, 0
1375051, 340845646, 0, 0
1376054, 375513268, 0, 0
1377050, 352472590, 0, 0
1378022, 313429637, 0, 0
1379002, 361069417, 0, 0
1380062, 340158830, 0, 0
1381001, 363333994, 0, 0
1382055, 354573859, 0, 0
1383002, 335810477, 0, 0
1384026, 318410194, 0, 0
1385027, 339540765, 0, 0
1386056, 327877160, 0, 0
1387040, 373631648, 0, 0
1388018, 372464764, 0, 0
1389017, 363094593, 0, 0
1390043, 347121877, 0, 0
1391055, 298007026, 0, 0
1392046, 385288011, 0, 0
1393024, 343694798, 0, 0
1394010, 346098583, 0, 0
1395033, 363361974, 0, 0
1396005, 361106398, 0, 0
1397052, 364243100, 0, 0
1398026, 348999740, 0, 0
1399033, 352031465, 0, 0
1400026, 346244921, 0, 0
1401033, 334288430, 0, 0
1402043, 317557995, 0, 0
1403045, 343891034, 0, 0
1404005, 330789508, 0, 0
1405053, 317862450, 0, 0
1406014, 353588741, 0, 0
1407019, 382997190, 0, 0
1408061, 383436457, 0, 0
1409003, 380004839, 0, 0
1410002, 315281625, 0, 0
1411008, 327834985, 0, 0
1412054, 340045152, 0, 0
1413045, 322134951, 0, 0
1414013, 347565533, 0, 0
1415063, 326643889, 0, 0
1416014, 334203394, 0, 0
1417040, 340996584, 0, 0
1418010, 363839511, 0, 0
1419022, 350924818, 0, 0
1420064, 331535649, 0, 0
1421060, 377395079, 0, 0
1422023, 344222328, 0, 0
1423053, 340386613, 0, 0
1424061, 345246075, 0, 0
1425046, 323411479, 0, 0
1426027, 329087781, 0, 0
1427071, 318220833, 0, 0
1428003, 332080202, 0, 0
1429041, 349243500, 0, 0
1430033, 352816006, 0, 0
1431019, 342377137, 0, 0
1432062, 329019832, 0, 0
1433027, 348905140, 0, 0
1434030, 308701956, 0, 0
1435009, 354011106, 0, 0
1436060, 334994669, 0, 0
1437013, 338169427, 0, 0
1438028, 334520121, 0, 0
1439024, 348976848, 0, 0
1440062, 328867866, 0, 0
1441059, 310098341, 0, 0
1442020, 337205135, 0, 0
1443054, 385967474, 0, 0
1444003, 324166901, 0, 0
1445043, 338527259, 0, 0
1446062, 356164726, 0, 0
1447051, 326490715, 0, 0
1448035, 328418584, 0, 0
1449047, 324845774, 0, 0
1450026, 330798358, 0, 0
1451018, 334224852, 0, 0
1452024, 351015174, 0, 0
1453056, 392358262, 0, 0
1454051, 362872123, 0, 0
1455016, 322335449, 0, 0
1456035, 317271187, 0, 0
1457011, 360515309, 0, 0
1458047, 332442166, 0, 0
1459035, 347426347, 0, 0
1460035, 355410790, 0, 0
1461024, 336379771, 0, 0
1462012, 369617187, 0, 0
1463025, 371176276, 0, 0
1464018, 353780527, 0, 0
1465020, 391871475, 0, 0
1466009, 348648784, 0, 0
1467039, 322905427, 0, 0
1468053, 333010555, 0, 0
1469040, 395607845, 0, 0
1470051, 344770333, 0, 0
1471076, 315288370, 0, 0
1472010, 325668342, 0, 0
1473012, 362518000, 0, 0
1474033, 340354264, 0, 0
1475015, 367466142, 0, 0
1476055, 341086121, 0, 0
1477044, 348473669, 0, 0
1478002, 385824667, 0, 0
1479014, 352837816, 0, 0
1480006, 336227097, 0, 0
1481062, 358537323, 0, 0
1482027, 355355130, 0, 0
1483044, 294160232, 0, 0
1484039, 334217944, 0, 0
1485005, 384002862, 0, 0
1486036, 368238494, 0, 0
1487020, 315281226, 0, 0
1488042, 338803778, 0, 0
1489060, 357073457, 0, 0
1490062, 337467215, 0, 0
1491031, 364628904, 0, 0
1492053, 328652845, 0, 0
1493001, 325385393, 0, 0
1494077, 345059199, 0, 0
1495006, 353620199, 0, 0
1496013, 342816267, 0, 0
1497024, 340648377, 0, 0
1498061, 342045146, 0, 0
1499060, 389332765, 0, 0
1500043, 319560695, 0, 0
1501033, 356959984, 0, 0
1502018, 319728854, 0, 0
1503056, 366415577, 0, 0
1504049, 318391223, 0, 0
1505027, 341050338, 0, 0
1506017, 327396639, 0, 0
1507013, 321819627, 0, 0
1508040, 331286944, 0, 0
1509047, 352872483, 0, 0
1510039, 338402026, 0, 0
1511033, 322963995, 0, 0
1512059, 345315712, 0, 0
1513032, 361951672, 0, 0
1514046, 332557102, 0, 0
1515008, 315694602, 0, 0
1516032, 330355388, 0, 0
1517013, 312080454, 0, 0
1518025, 340294786, 0, 0
1519053, 326251099, 0, 0
1520047, 338391412, 0, 0
1521003, 331323046, 0, 0
1522051, 320872129, 0, 0
1523066, 347485462, 0, 0
1524038, 341996356, 0, 0
1525009, 372534785, 0, 0
1526000, 345398458, 0, 0
1527058, 331789903, 0, 0
1528020, 356395430, 0, 0
1529029, 343861080, 0, 0
1530001, 337439114, 0, 0
1531044, 346110230, 0, 0
1532029, 332144168, 0, 0
1533036, 319486686, 0, 0
1534019, 313466287, 0, 0
1535005, 373523406, 0, 0
1536030, 342691546, 0, 0
1537015, 340506943, 0, 0
1538029, 326752442, 0, 0
1539024, 338131583, 0, 0
1540005, 325232282, 0, 0
1541062, 319731842, 0, 0
1542048, 327076298, 0, 0
1543036, 323802958, 0, 0
1544031, 379676228, 0, 0
1545014, 368171728, 0, 0
1546050, 355874343, 0, 0
1547054, 333082398, 0, 0
1548003, 325503499, 0, 0
1549033, 344657346, 0, 0
1550019, 341274563, 0, 0
1551060, 337593395, 0, 0
1552001, 356436826, 0, 0
1553013, 332881009, 0, 0
1554042, 335634374, 0, 0
1555011, 337586655, 0, 0
1556033, 329304860, 0, 0
1557029, 338560095, 0, 0
1558053, 340037793, 0, 0
1559042, 339408496, 0, 0
1560064, 338282116, 0, 0
1561017, 322653838, 0, 0
1562009, 318403538, 0, 0
1563051, 339905339, 0, 0
1564052, 336990187, 0, 0
1565026, 333862785, 0, 0
1566063, 319191752, 0, 0
1567048, 339855152, 0, 0
1568031, 321518892, 0, 0
1569019, 368962489, 0, 0
1570032, 357278945, 0, 0
1571027, 322821574, 0, 0
1572002, 314321387, 0, 0
1573000, 350420113, 0, 0
1574063, 354085617, 0, 0
1575036, 339540668, 0, 0
1576061, 339833650, 0, 0
1577016, 375992418, 0, 0
1578041, 391149321, 0, 0
1579031, 351983248, 0, 0
1580012, 347477545, 0, 0
1581000, 337439400, 0, 0
1582036, 340320039, 0, 0
1583058, 320824106, 0, 0
1584019, 315460924, 0, 0
1585037, 371405599, 0, 0
1586051, 371532608, 0, 0
1587008, 378125185, 0, 0
1588052, 307422237, 0, 0
1589039, 366450776, 0, 0
1590032, 320889139, 0, 0
1591040, 371258476, 0, 0
1592046, 356544121, 0, 0
1593046, 348934274, 0, 0
1594060, 319167238, 0, 0
1595030, 342830497, 0, 0
1596044, 311852440, 0, 0
1597011, 336185957, 0, 0
1598066, 352154730, 0, 0
1599041, 349972646, 0, 0
1600055, 331469985, 0, 0
1601049, 377604403, 0, 0
1602043, 357682206, 0, 0
1603019, 332891040, 0, 0
1604001, 318278299, 0, 0
1605008, 351972619, 0, 0
1606054, 326087509, 0, 0
1607025, 334086625, 0, 0
1608053, 342926628, 0, 0
1609058, 339173763, 0, 0
1610050, 345755706, 0, 0
1611052, 327872438, 0, 0
1612028, 341786218, 0, 0
1613049, 351150674, 0, 0
1614026, 345913864, 0, 0
1615006, 321461587, 0, 0
1616004, 341141174, 0, 0
1617057, 348798834, 0, 0
1618009, 334450410, 0, 0
1619005, 350733202, 0, 0
1620051, 330566287, 0, 0
1621009, 360470280, 0, 0
1622063, 375613154, 0, 0
1623061, 349341797, 0, 0
1624029, 450423377, 0, 0
1625054, 417483021, 0, 0
1626039, 318247436, 0, 0
1627031, 342601654, 0, 0
1628009, 340663799, 0, 0
1629047, 358707720, 0, 0
1630039, 331957670, 0, 0
1631012, 354238033, 0, 0
1632013, 329720882, 0, 0
1633006, 333431218, 0, 0
1634024, 359059936, 0, 0
1635009, 329174237, 0, 0
1636040, 304016224, 0, 0
1637030, 338365577, 0, 0
1638048, 314585781, 0, 0
1639018, 331723228, 0, 0
1640063, 329659007, 0, 0
1641054, 332763071, 0, 0
1642057, 359207722, 0, 0
1643057, 347924017, 0, 0
1644026, 349716369, 0, 0
1645060, 346288095, 0, 0
1646038, 319168234, 0, 0
1647042, 309622157, 0, 0
1648030, 353085287, 0, 0
1649053, 336613445, 0, 0
1650033, 361689207, 0, 0
1651049, 346853061, 0, 0
1652042, 341570114, 0, 0
1653023, 318065757, 0, 0
1654042, 321415094, 0, 0
1655024, 334852750, 0, 0
1656002, 360769150, 0, 0
1657035, 326919179, 0, 0
1658035, 321827428, 0, 0
1659057, 336097730, 0, 0
1660024, 328426016, 0, 0
1661024, 342927644, 0, 0
1662057, 326065325, 0, 0
1663072, 345584831, 0, 0
1664056, 347602673, 0, 0
1665009, 375178848, 0, 0
1666028, 331113002, 0, 0
1667054, 355414909, 0, 0
1668004, 374446499, 0, 0
1669001, 350911781, 0, 0
1670071, 357758436, 0, 0
1671060, 312088909, 0, 0
1672043, 321673866, 0, 0
1673060, 318638771, 0, 0
1674041, 338232897, 0, 0
1675052, 347791765, 0, 0
1676057, 345068620, 0, 0
1677025, 329047600, 0, 0
1678057, 321281390, 0, 0
1679037, 336830120, 0, 0
1680043, 373886404, 0, 0
1681053, 364695487, 0, 0
1682061, 359228914, 0, 0
1683059, 350084155, 0, 0
1684039, 353229659, 0, 0
1685029, 339501032, 0, 0
1686011, 348048885, 0, 0
1687018, 368390102, 0, 0
1688010, 319832281, 0, 0
1689018, 364743262, 0, 0
1690047, 345584983, 0, 0
1691004, 352075794, 0, 0
1692030, 383561254, 0, 0
1693045, 349436986, 0, 0
1694047, 355071117, 0, 0
1695005, 318233200, 0, 0
1696058, 341105930, 0, 0
1697010, 355658844, 0, 0
1698060, 337643759, 0, 0
1699048, 324048656, 0, 0
1700075, 337322928, 0, 0
1701027, 377400290, 0, 0
1702050, 370978263, 0, 0
1703051, 369127305, 0, 0
1704011, 337059008, 0, 0
1705051, 319782345, 0, 0
1706060, 337172898, 0, 0
1707036, 361450389, 0, 0
1708040, 364905964, 0, 0
1709046, 344197821, 0, 0
1710013, 329375409, 0, 0
1711042, 321429717, 0, 0
1712017, 358580102, 0, 0
1713017, 353335819, 0, 0
1714000, 363196625, 0, 0
1715012, 343374168, 0, 0
1716015, 335575071, 0, 0
1717049, 312487040, 0, 0
1718069, 373893858, 0, 0
1719016, 367485414, 0, 0
1720035, 342455359, 0, 0
1721044, 341785392, 0, 0
1722058, 386160704, 0, 0
1723065, 388277622, 0, 0
1724000, 354903275, 0, 0
1725099, 351146598, 0, 0
1726029, 399959033, 0, 0
1727025, 335577336, 0, 0
1728018, 323649828, 0, 0
1729003, 328434684, 0, 0
1730024, 355968882, 0, 0
1731014, 374966934, 0, 0
1732012, 322986325, 0, 0
1733006, 351965026, 0, 0
1734048, 354882655, 0, 0
1735005, 316397381, 0, 0
1736055, 352113551, 0, 0
1737000, 390111783, 0, 0
1738033, 332768735, 0, 0
1739019, 344697596, 0, 0
1740032, 336213101, 0, 0
1741020, 343541520, 0, 0
1742057, 347109775, 0, 0
1743013, 328628464, 0, 0
1744005, 356742008, 0, 0
1745032, 339031049, 0, 0
1746059, 325665624, 0, 0
1747019, 311592795, 0, 0
1748047, 323820579, 0, 0
1749026, 379976182, 0, 0
1750015, 337935600, 0, 0
1751006, 316680607, 0, 0
1752018, 350388378, 0, 0
1753052, 389406190, 0, 0
1754019, 381250738, 0, 0
1755065, 342700647, 0, 0
1756058, 358112988, 0, 0
1757019, 340165859, 0, 0
1758052, 382359393, 0, 0
1759020, 336517500, 0, 0
1760043, 340264374, 0, 0
1761058, 334945186, 0, 0
1762021, 343371940, 0, 0
1763015, 370902193, 0, 0
1764019, 362910452, 0, 0
1765058, 409762317, 0, 0
1766034, 365587201, 0, 0
1767052, 341957570, 0, 0
1768015, 339863036, 0, 0
1769015, 344790971, 0, 0
1770060, 338316645, 0, 0
1771040, 425568746, 0, 0
1772018, 310174858, 0, 0
1773053, 353172913, 0, 0
1774016, 356805290, 0, 0
1775057, 330108688, 0, 0
1776061, 328973820, 0, 0
1777005, 346365991, 0, 0
1778019, 315886190, 0, 0
1779048, 366504326, 0, 0
1780039, 346655557, 0, 0
1781020, 344430770, 0, 0
1782050, 330424114, 0, 0
1783013, 356630424, 0, 0
1784033, 339597069, 0, 0
1785049, 350571817, 0, 0
1786053, 357496885, 0, 0
1787062, 347925386, 0, 0
1788066, 348575763, 0, 0
1789007, 360126987, 0, 0
1790026, 352217387, 0, 0
1791036, 340960218, 0, 0
1792041, 343455109, 0, 0
1793038, 328967697, 0, 0
1794034, 357654743, 0, 0
1795036, 353558942, 0, 0
1796025, 322054863, 0, 0
1797046, 424157925, 0, 0
1798003, 390579510, 0, 0
1799051, 350438537, 0, 0
1800010, 369311962, 0, 0
1800146, 341630611, 0, 0
