1059, 511509788, 0, 0
2006, 513540591, 0, 0
3040, 517749902, 0, 0
4027, 539313550, 0, 0
5042, 534808416, 0, 0
6064, 538406868, 0, 0
7060, 540226137, 0, 0
8032, 520005337, 0, 0
9044, 517202343, 0, 0
10024, 543174226, 0, 0
11007, 514710683, 0, 0
12054, 522405368, 0, 0
13011, 548345497, 0, 0
14052, 509493405, 0, 0
15031, 520800821, 0, 0
16060, 533396082, 0, 0
17052, 591728806, 0, 0
18034, 536653151, 0, 0
19075, 537264211, 0, 0
20049, 552033261, 0, 0
21026, 511147127, 0, 0
22044, 529011145, 0, 0
23041, 535057254, 0, 0
24019, 523554580, 0, 0
25029, 528249637, 0, 0
26022, 530088619, 0, 0
27015, 557383610, 0, 0
28057, 493054973, 0, 0
29054, 528311401, 0, 0
30006, 551883605, 0, 0
31014, 542893296, 0, 0
32020, 549974387, 0, 0
33061, 511295904, 0, 0
34052, 520955132, 0, 0
35016, 497305302, 0, 0
36013, 521649470, 0, 0
37028, 528480064, 0, 0
38010, 518518328, 0, 0
39057, 518009565, 0, 0
40004, 543050567, 0, 0
41045, 519323778, 0, 0
42053, 521887636, 0, 0
43010, 543920995, 0, 0
44002, 525993839, 0, 0
45052, 513362051, 0, 0
46044, 522777159, 0, 0
47022, 538619105, 0, 0
48020, 530219385, 0, 0
49042, 520100005, 0, 0
50058, 534537270, 0, 0
51024, 499253801, 0, 0
52040, 518502730, 0, 0
53007, 500012059, 0, 0
54062, 505289157, 0, 0
55019, 535969683, 0, 0
56032, 526243479, 0, 0
57042, 533899657, 0, 0
58053, 497266675, 0, 0
59063, 508958413, 0, 0
60056, 540114086, 0, 0
61045, 523090844, 0, 0
62067, 502556893, 0, 0
63013, 512488979, 0, 0
64028, 535055844, 0, 0
65016, 515586188, 0, 0
66008, 520573716, 0, 0
67045, 510363314, 0, 0
68043, 491709632, 0, 0
69036, 526288941, 0, 0
70043, 558032137, 0, 0
71004, 508190510, 0, 0
72048, 506802967, 0, 0
73059, 521366930, 0, 0
74031, 512724428, 0, 0
75010, 511242036, 0, 0
76054, 510247105, 0, 0
77054, 505604205, 0, 0
78033, 498182420, 0, 0
79006, 511603870, 0, 0
80056, 500255476, 0, 0
81046, 510571601, 0, 0
82042, 518308366, 0, 0
83001, 507559892, 0, 0
84047, 497717826, 0, 0
85003, 512434546, 0, 0
86010, 524831656, 0, 0
87058, 513071247, 0, 0
88004, 483692655, 0, 0
89034, 508231984, 0, 0
90025, 564208849, 0, 0
91024, 511185870, 0, 0
92014, 517328223, 0, 0
93015, 501844917, 0, 0
94043, 493504604, 0, 0
95054, 514224717, 0, 0
96002, 526625914, 0, 0
97051, 530310446, 0, 0
98052, 464784033, 0, 0
99030, 488248188, 0, 0
100044, 494249754, 0, 0
101020, 479004414, 0, 0
102037, 504892643, 0, 0
103064, 521047198, 0, 0
104042, 492706981, 0, 0
105038, 509620440, 0, 0
106007, 498975841, 0, 0
107026, 514854756, 0, 0
108004, 499300196, 0, 0
109030, 484146093, 0, 0
110010, 528115202, 0, 0
111073, 495735417, 0, 0
112021, 525850030, 0, 0
113006, 493365814, 0, 0
114015, 509017535, 0, 0
115004, 502814163, 0, 0
116012, 488580070, 0, 0
117051, 492733174, 0, 0
118060, 498465777, 0, 0
119031, 495792914, 0, 0
120049, 506776189, 0, 0
121025, 530185731, 0, 0
122009, 508543150, 0, 0
123002, 495564692, 0, 0
124023, 503157165, 0, 0
125049, 505757267, 0, 0
126049, 485801299, 0, 0
127076, 520929835, 0, 0
128056, 496068357, 0, 0
129029, 500698693, 0, 0
130011, 494707638, 0, 0
131022, 497461823, 0, 0
132030, 526399976, 0, 0
133028, 468888851, 0, 0
134030, 494102326, 0, 0
135044, 515441195, 0, 0
136046, 490785749, 0, 0
137015, 475149193, 0, 0
138034, 493285097, 0, 0
139045, 448837157, 0, 0
140022, 459278344, 0, 0
141002, 473427875, 0, 0
142053, 495130565, 0, 0
143050, 489750040, 0, 0
144014, 468584990, 0, 0
145044, 518067772, 0, 0
146042, 493921412, 0, 0
147036, 495541822, 0, 0
148007, 469547030, 0, 0
149055, 488150685, 0, 0
150036, 471637065, 0, 0
151002, 480002003, 0, 0
152018, 485845992, 0, 0
153011, 489870543, 0, 0
154014, 494830636, 0, 0
155059, 468827231, 0, 0
156015, 444856413, 0, 0
157052, 479954642, 0, 0
158017, 453782896, 0, 0
159045, 497931055, 0, 0
160024, 486203657, 0, 0
161009, 458020223, 0, 0
162063, 489581434, 0, 0
163045, 479623542, 0, 0
164041, 475567188, 0, 0
165018, 499139680, 0, 0
166052, 476344977, 0, 0
167048, 483700226, 0, 0
168027, 490953032, 0, 0
169035, 480867579, 0, 0
170013, 463034959, 0, 0
171043, 464247624, 0, 0
172041, 493598755, 0, 0
173004, 484649090, 0, 0
174060, 506889600, 0, 0
175023, 471162685, 0, 0
176005, 471065207, 0, 0
177054, 484872897, 0, 0
178038, 474287758, 0, 0
179048, 496642960, 0, 0
180034, 454043499, 0, 0
181011, 483141678, 0, 0
182005, 498120987, 0, 0
183002, 495848204, 0, 0
184030, 479972052, 0, 0
185064, 463174549, 0, 0
186024, 463913106, 0, 0
187015, 475430153, 0, 0
188008, 486072743, 0, 0
189004, 486102494, 0, 0
190032, 500785716, 0, 0
191026, 468475869, 0, 0
192022, 487149641, 0, 0
193044, 465237374, 0, 0
194015, 466226703, 0, 0
195016, 482094530, 0, 0
196024, 450983223, 0, 0
197016, 509311684, 0, 0
198004, 487128747, 0, 0
199060, 483512817, 0, 0
200011, 468024967, 0, 0
201053, 450984974, 0, 0
202044, 476455627, 0, 0
203040, 484311472, 0, 0
204028, 485953970, 0, 0
205067, 465599582, 0, 0
206076, 478743866, 0, 0
207042, 499771131, 0, 0
208001, 455946206, 0, 0
209007, 462014422, 0, 0
210057, 486983043, 0, 0
211061, 463668191, 0, 0
212040, 472009769, 0, 0
213051, 465698951, 0, 0
214065, 500767649, 0, 0
215007, 454155493, 0, 0
216060, 473717388, 0, 0
217053, 460129065, 0, 0
218050, 482095462, 0, 0
219038, 481923646, 0, 0
220007, 477707386, 0, 0
221062, 491454539, 0, 0
222023, 461480211, 0, 0
223002, 475265101, 0, 0
224063, 474911529, 0, 0
225051, 459444968, 0, 0
226006, 448352301, 0, 0
227029, 454775842, 0, 0
228061, 468421956, 0, 0
229045, 452233675, 0, 0
230023, 451535284, 0, 0
231021, 477045779, 0, 0
232007, 464095411, 0, 0
233008, 452241005, 0, 0
234035, 463970886, 0, 0
235024, 435206773, 0, 0
236038, 453451367, 0, 0
237059, 440560554, 0, 0
238042, 457915752, 0, 0
239045, 458034235, 0, 0
240045, 463826745, 0, 0
241031, 454400114, 0, 0
242028, 456683599, 0, 0
243051, 464785421, 0, 0
244005, 443821735, 0, 0
245028, 448693073, 0, 0
246013, 462595921, 0, 0
247013, 423500361, 0, 0
248000, 503829983, 0, 0
249051, 456268528, 0, 0
250034, 441992330, 0, 0
251035, 464841719, 0, 0
252002, 509036235, 0, 0
253027, 466315766, 0, 0
254037, 459130903, 0, 0
255029, 429760390, 0, 0
256053, 455392397, 0, 0
257012, 453584126, 0, 0
258009, 439080170, 0, 0
259018, 465382722, 0, 0
260038, 461283130, 0, 0
261015, 452795460, 0, 0
262060, 448039535, 0, 0
263049, 444253466, 0, 0
264008, 440289312, 0, 0
265036, 441094050, 0, 0
266016, 465167304, 0, 0
267010, 445178008, 0, 0
268016, 470735202, 0, 0
269022, 455985644, 0, 0
270037, 457737084, 0, 0
271050, 445183703, 0, 0
272035, 453403266, 0, 0
273029, 480062795, 0, 0
274003, 434253050, 0, 0
275063, 453198967, 0, 0
276011, 475138853, 0, 0
277014, 455033052, 0, 0
278062, 461046795, 0, 0
279028, 459005427, 0, 0
280025, 470013590, 0, 0
281002, 434160746, 0, 0
282003, 429477058, 0, 0
283067, 441314053, 0, 0
284048, 464729270, 0, 0
285056, 450914530, 0, 0
286039, 459582568, 0, 0
287016, 450588506, 0, 0
288055, 416151889, 0, 0
289031, 442372383, 0, 0
290007, 461076176, 0, 0
291037, 440281867, 0, 0
292004, 456518296, 0, 0
293018, 434106531, 0, 0
294039, 434739343, 0, 0
295007, 454035656, 0, 0
296003, 470637098, 0, 0
297001, 421897048, 0, 0
298038, 449829327, 0, 0
299009, 448424002, 0, 0
300049, 447463802, 0, 0
301031, 460907718, 0, 0
302046, 458609113, 0, 0
303039, 458517054, 0, 0
304057, 484950502, 0, 0
305008, 498953422, 0, 0
306046, 470459680, 0, 0
307005, 426066869, 0, 0
308070, 456823982, 0, 0
309062, 426249623, 0, 0
310000, 445248855, 0, 0
311037, 460117382, 0, 0
312011, 452509123, 0, 0
313005, 471487545, 0, 0
314032, 421051583, 0, 0
315027, 423923468, 0, 0
316009, 453088264, 0, 0
317036, 439872707, 0, 0
318038, 444544572, 0, 0
319054, 475774653, 0, 0
320021, 486840756, 0, 0
321041, 469552786, 0, 0
322025, 420557116, 0, 0
323052, 433248790, 0, 0
324043, 446184072, 0, 0
325018, 422830173, 0, 0
326004, 436233872, 0, 0
327049, 436209224, 0, 0
328006, 451389324, 0, 0
329011, 459567474, 0, 0
330036, 421394490, 0, 0
331034, 427184383, 0, 0
332001, 482186878, 0, 0
333027, 456498045, 0, 0
334004, 414598530, 0, 0
335044, 413463235, 0, 0
336057, 458953563, 0, 0
337051, 448426110, 0, 0
338047, 456724074, 0, 0
339033, 435815714, 0, 0
340000, 474107875, 0, 0
341021, 425300847, 0, 0
342002, 419854784, 0, 0
343029, 441345823, 0, 0
344029, 421670295, 0, 0
345076, 431849112, 0, 0
346028, 467231481, 0, 0
347019, 438121231, 0, 0
348020, 445224957, 0, 0
349028, 409852185, 0, 0
350025, 460708062, 0, 0
351031, 483814970, 0, 0
352003, 406268471, 0, 0
353001, 439269729, 0, 0
354016, 418980390, 0, 0
355008, 431337266, 0, 0
356028, 460654703, 0, 0
357059, 437817778, 0, 0
358018, 451412760, 0, 0
359042, 473921556, 0, 0
360007, 429595074, 0, 0
361000, 443109013, 0, 0
362040, 445190208, 0, 0
363068, 416372778, 0, 0
364045, 449824763, 0, 0
365012, 433513133, 0, 0
366055, 436949625, 0, 0
367058, 426574829, 0, 0
368044, 427457907, 0, 0
369057, 414110370, 0, 0
370052, 442541919, 0, 0
371029, 421398427, 0, 0
372008, 410194871, 0, 0
373012, 399669718, 0, 0
374027, 436561644, 0, 0
375028, 437178592, 0, 0
376012, 394202708, 0, 0
377012, 441115786, 0, 0
378012, 400837310, 0, 0
379003, 392977181, 0, 0
380035, 415164689, 0, 0
381037, 390491818, 0, 0
382055, 422099254, 0, 0
383027, 409750910, 0, 0
384056, 408333683, 0, 0
385049, 383526399, 0, 0
386023, 440013410, 0, 0
387012, 413772255, 0, 0
388059, 439033565, 0, 0
389036, 433137296, 0, 0
390009, 407314372, 0, 0
391003, 439737287, 0, 0
392014, 418592699, 0, 0
393067, 436268724, 0, 0
394040, 447498944, 0, 0
395034, 424998449, 0, 0
396012, 426520263, 0, 0
397020, 425054019, 0, 0
398009, 449649472, 0, 0
399002, 411670444, 0, 0
400026, 411645332, 0, 0
401043, 404984206, 0, 0
402045, 432784065, 0, 0
403017, 408696462, 0, 0
404034, 411998578, 0, 0
405019, 407166760, 0, 0
406008, 404911048, 0, 0
407024, 396885640, 0, 0
408065, 408495712, 0, 0
409008, 427031387, 0, 0
410036, 396471634, 0, 0
411048, 413166210, 0, 0
412034, 375498847, 0, 0
413019, 414447718, 0, 0
414035, 402345752, 0, 0
415060, 405342126, 0, 0
416034, 439213503, 0, 0
417016, 434238748, 0, 0
418024, 409330890, 0, 0
419049, 420525683, 0, 0
420049, 407796807, 0, 0
421036, 417376340, 0, 0
422008, 409667182, 0, 0
423046, 393810947, 0, 0
424012, 387681540, 0, 0
425051, 403939325, 0, 0
426008, 412584386, 0, 0
427014, 388230898, 0, 0
428053, 438297408, 0, 0
429054, 405801739, 0, 0
430006, 422005785, 0, 0
431050, 403054731, 0, 0
432061, 452109263, 0, 0
433039, 414802193, 0, 0
434028, 400412730, 0, 0
435052, 375638411, 0, 0
436055, 416525622, 0, 0
437050, 434015470, 0, 0
438031, 418583218, 0, 0
439016, 384354172, 0, 0
440051, 407445478, 0, 0
441043, 389176016, 0, 0
442041, 424990646, 0, 0
443008, 414848059, 0, 0
444012, 418126023, 0, 0
445058, 394684262, 0, 0
446019, 395540724, 0, 0
447008, 387027776, 0, 0
448055, 361274921, 0, 0
449046, 406175244, 0, 0
450032, 388580559, 0, 0
451031, 444247857, 0, 0
452027, 408525200, 0, 0
453039, 395461467, 0, 0
454021, 394885862, 0, 0
455009, 386881908, 0, 0
456062, 383896848, 0, 0
457024, 393227638, 0, 0
458017, 401628681, 0, 0
459044, 374164906, 0, 0
460024, 385697056, 0, 0
461036, 390849351, 0, 0
462071, 412528366, 0, 0
463001, 412714176, 0, 0
464055, 398118136, 0, 0
465026, 406835435, 0, 0
466053, 397380871, 0, 0
467001, 422451609, 0, 0
468024, 395722039, 0, 0
469049, 402222307, 0, 0
470065, 408869272, 0, 0
471056, 414171662, 0, 0
472043, 415596708, 0, 0
473013, 400631399, 0, 0
474049, 386275124, 0, 0
475012, 379913395, 0, 0
476007, 440285146, 0, 0
477005, 405822472, 0, 0
478047, 387912958, 0, 0
479037, 394892654, 0, 0
480033, 401916249, 0, 0
481045, 417204831, 0, 0
482042, 401387933, 0, 0
483065, 395591716, 0, 0
484054, 373014481, 0, 0
485027, 433789391, 0, 0
486067, 381785083, 0, 0
487023, 429608342, 0, 0
488058, 356101461, 0, 0
489052, 398207877, 0, 0
490015, 392383848, 0, 0
491031, 376672713, 0, 0
492061, 367680374, 0, 0
493014, 397356896, 0, 0
494019, 386962460, 0, 0
495059, 356632520, 0, 0
496055, 357860637, 0, 0
497027, 408466528, 0, 0
498042, 396693200, 0, 0
499042, 358862760, 0, 0
500018, 419543527, 0, 0
501029, 376253139, 0, 0
502031, 404651233, 0, 0
503058, 380902574, 0, 0
504044, 398358944, 0, 0
505059, 387686789, 0, 0
506020, 401544094, 0, 0
507022, 430490821, 0, 0
508061, 393308598, 0, 0
509008, 386435515, 0, 0
510055, 370111843, 0, 0
511046, 357456683, 0, 0
512046, 396733874, 0, 0
513037, 393080416, 0, 0
514055, 408545318, 0, 0
515031, 384508207, 0, 0
516025, 403188198, 0, 0
517047, 402756015, 0, 0
518033, 388838114, 0, 0
519042, 383528762, 0, 0
520026, 385214562, 0, 0
521045, 379517804, 0, 0
522053, 370752655, 0, 0
523056, 361236440, 0, 0
524002, 374683019, 0, 0
525007, 383389326, 0, 0
526020, 385314068, 0, 0
527027, 384004456, 0, 0
528007, 372386712, 0, 0
529031, 392670400, 0, 0
530038, 400698864, 0, 0
531065, 369075830, 0, 0
532003, 409386845, 0, 0
533040, 383145990, 0, 0
534028, 382774892, 0, 0
535027, 364300474, 0, 0
536044, 388700921, 0, 0
537067, 381407090, 0, 0
538000, 390008962, 0, 0
539009, 382663613, 0, 0
540030, 370749440, 0, 0
541025, 383925326, 0, 0
542004, 410504700, 0, 0
543009, 434937639, 0, 0
544013, 435673519, 0, 0
545068, 430979555, 0, 0
546040, 406981960, 0, 0
547027, 352143070, 0, 0
548052, 368704272, 0, 0
549018, 381399172, 0, 0
550036, 382051026, 0, 0
551022, 383803473, 0, 0
552028, 404541048, 0, 0
553024, 416329226, 0, 0
554040, 375490548, 0, 0
555029, 369712316, 0, 0
556029, 366237892, 0, 0
557033, 392825544, 0, 0
558058, 403467215, 0, 0
559029, 358019958, 0, 0
560032, 376740454, 0, 0
561032, 367107114, 0, 0
562007, 363927158, 0, 0
563043, 358335177, 0, 0
564037, 352581428, 0, 0
565023, 371718489, 0, 0
566032, 358650021, 0, 0
567014, 399959164, 0, 0
568073, 376607419, 0, 0
569022, 402890389, 0, 0
570043, 352400281, 0, 0
571056, 385513045, 0, 0
572083, 364528764, 0, 0
573040, 341598584, 0, 0
574002, 373683385, 0, 0
575054, 385788682, 0, 0
576034, 346654646, 0, 0
577042, 385307212, 0, 0
578020, 409034972, 0, 0
579002, 404116749, 0, 0
580029, 382257957, 0, 0
581000, 355490468, 0, 0
582041, 355638864, 0, 0
583060, 457274664, 0, 0
584031, 347077702, 0, 0
585039, 418687528, 0, 0
586057, 371780135, 0, 0
587036, 400644053, 0, 0
588021, 369199478, 0, 0
589012, 370625541, 0, 0
590059, 359890953, 0, 0
591062, 393191391, 0, 0
592035, 387905513, 0, 0
593000, 356602804, 0, 0
594040, 384881303, 0, 0
595006, 377121022, 0, 0
596061, 393361546, 0, 0
597002, 358968711, 0, 0
598039, 352397397, 0, 0
599011, 359537408, 0, 0
600061, 360231010, 0, 0
601052, 370617148, 0, 0
602000, 362181012, 0, 0
603067, 353943855, 0, 0
604043, 360606856, 0, 0
605028, 378601598, 0, 0
606011, 366425567, 0, 0
607021, 384408598, 0, 0
608052, 376092608, 0, 0
609042, 366340139, 0, 0
610027, 350944772, 0, 0
611060, 373660149, 0, 0
612004, 346839905, 0, 0
613026, 330248991, 0, 0
614063, 344633338, 0, 0
615054, 340816068, 0, 0
616046, 379758981, 0, 0
617006, 331463330, 0, 0
618040, 321262583, 0, 0
619061, 318537938, 0, 0
620026, 338693579, 0, 0
621057, 368960527, 0, 0
622014, 337125062, 0, 0
623019, 361316685, 0, 0
624006, 352590653, 0, 0
625016, 372522898, 0, 0
626023, 373592207, 0, 0
627025, 344687063, 0, 0
628036, 371391830, 0, 0
629062, 342027475, 0, 0
630037, 353415051, 0, 0
631040, 359331175, 0, 0
632042, 341412900, 0, 0
633007, 327662516, 0, 0
634021, 367902447, 0, 0
635051, 400969800, 0, 0
636035, 355318556, 0, 0
637026, 371919272, 0, 0
638049, 325135863, 0, 0
639009, 311849819, 0, 0
640062, 361086460, 0, 0
641068, 348922214, 0, 0
642000, 370616291, 0, 0
643061, 339887691, 0, 0
644042, 351527171, 0, 0
645060, 348916022, 0, 0
646029, 348608787, 0, 0
647031, 364305715, 0, 0
648059, 308590670, 0, 0
649000, 323786055, 0, 0
650038, 351222111, 0, 0
651057, 372173332, 0, 0
652004, 390674516, 0, 0
653065, 332973118, 0, 0
654028, 370956195, 0, 0
655015, 356323134, 0, 0
656043, 322013030, 0, 0
657004, 348145727, 0, 0
658027, 365186041, 0, 0
659023, 351685453, 0, 0
660025, 353782225, 0, 0
661087, 316315819, 0, 0
662045, 351665274, 0, 0
663019, 376448500, 0, 0
664012, 377786925, 0, 0
665015, 389986675, 0, 0
666044, 338227721, 0, 0
667056, 350060525, 0, 0
668039, 367672685, 0, 0
669027, 315866128, 0, 0
670027, 335013639, 0, 0
671035, 406356226, 0, 0
672035, 333895822, 0, 0
673047, 366478528, 0, 0
674050, 393357795, 0, 0
675004, 371212935, 0, 0
676041, 335727726, 0, 0
677016, 341788743, 0, 0
678057, 327703588, 0, 0
679056, 327312000, 0, 0
680053, 366649355, 0, 0
681050, 331659172, 0, 0
682035, 315150984, 0, 0
683006, 337607388, 0, 0
684005, 347887137, 0, 0
685011, 334424427, 0, 0
686047, 340279724, 0, 0
687013, 318583221, 0, 0
688021, 304810024, 0, 0
689052, 318634882, 0, 0
690031, 318890575, 0, 0
691006, 321115588, 0, 0
692033, 350311693, 0, 0
693031, 329725124, 0, 0
694055, 369045370, 0, 0
695043, 324828075, 0, 0
696063, 337637429, 0, 0
697024, 324452251, 0, 0
698008, 345248301, 0, 0
699038, 360239187, 0, 0
700026, 338256703, 0, 0
701034, 356033318, 0, 0
702044, 374347689, 0, 0
703040, 343347626, 0, 0
704011, 372556069, 0, 0
705001, 351423428, 0, 0
706045, 376132665, 0, 0
707018, 308531131, 0, 0
708032, 324623701, 0, 0
709014, 311146978, 0, 0
710011, 319817525, 0, 0
711052, 344530870, 0, 0
712016, 316071353, 0, 0
713016, 327560128, 0, 0
714015, 352809020, 0, 0
715023, 313606660, 0, 0
716020, 337477716, 0, 0
717050, 346617144, 0, 0
718069, 322751495, 0, 0
719002, 338263644, 0, 0
720055, 324178230, 0, 0
721057, 352706379, 0, 0
722021, 347892104, 0, 0
723021, 342729202, 0, 0
724038, 331244853, 0, 0
725035, 378186811, 0, 0
726026, 338170809, 0, 0
727006, 333898045, 0, 0
728032, 314489145, 0, 0
729022, 343193261, 0, 0
730033, 343770801, 0, 0
731030, 330220445, 0, 0
732030, 369150625, 0, 0
733054, 321959045, 0, 0
734046, 341991637, 0, 0
735053, 356668981, 0, 0
736031, 347234059, 0, 0
737002, 352220775, 0, 0
738043, 318291263, 0, 0
739031, 367085997, 0, 0
740022, 352269685, 0, 0
741058, 329081923, 0, 0
742040, 348562199, 0, 0
743063, 331229644, 0, 0
744015, 337877148, 0, 0
745076, 351679606, 0, 0
746051, 325856653, 0, 0
747039, 377665159, 0, 0
748004, 338716331, 0, 0
749051, 312734643, 0, 0
750035, 324316338, 0, 0
751016, 349864446, 0, 0
752025, 349336485, 0, 0
753019, 366648308, 0, 0
754003, 328855094, 0, 0
755046, 323513548, 0, 0
756014, 362657767, 0, 0
757039, 340303064, 0, 0
758014, 317833317, 0, 0
759010, 356400995, 0, 0
760037, 364427295, 0, 0
761055, 348044905, 0, 0
762039, 316692358, 0, 0
763069, 338122117, 0, 0
764006, 344392209, 0, 0
765011, 329618277, 0, 0
766053, 332220906, 0, 0
767057, 329501060, 0, 0
768051, 320467713, 0, 0
769030, 333052868, 0, 0
770017, 322708438, 0, 0
771028, 391574481, 0, 0
772027, 309343247, 0, 0
773023, 296941779, 0, 0
774004, 334644880, 0, 0
775024, 335344632, 0, 0
776031, 318743547, 0, 0
777049, 342484276, 0, 0
778002, 366243177, 0, 0
779044, 339647017, 0, 0
780030, 340939191, 0, 0
781037, 315179994, 0, 0
782034, 341085606, 0, 0
783037, 310143834, 0, 0
784063, 328763345, 0, 0
785026, 306574708, 0, 0
786043, 314874855, 0, 0
787020, 301873999, 0, 0
788024, 358634196, 0, 0
789021, 368638954, 0, 0
790060, 351618908, 0, 0
791018, 347680063, 0, 0
792042, 357204819, 0, 0
793043, 322142676, 0, 0
794055, 328661743, 0, 0
795013, 342227018, 0, 0
796014, 339583865, 0, 0
797012, 351559048, 0, 0
798057, 346242733, 0, 0
799050, 350113188, 0, 0
800035, 352227255, 0, 0
801054, 340147309, 0, 0
802007, 333856630, 0, 0
803042, 344567173, 0, 0
804007, 369371247, 0, 0
805016, 316634720, 0, 0
806024, 310063081, 0, 0
807013, 330024835, 0, 0
808028, 324270652, 0, 0
809048, 338105888, 0, 0
810044, 349338517, 0, 0
811030, 331833376, 0, 0
812005, 329876503, 0, 0
813066, 338303843, 0, 0
814003, 345736103, 0, 0
815066, 351684783, 0, 0
816046, 361027592, 0, 0
817066, 338807273, 0, 0
818001, 365126873, 0, 0
819060, 326163407, 0, 0
820044, 328917605, 0, 0
821027, 344292550, 0, 0
822015, 328574099, 0, 0
823066, 353412060, 0, 0
824021, 305261672, 0, 0
825063, 371390616, 0, 0
826051, 336201346, 0, 0
827026, 338120240, 0, 0
828018, 318329212, 0, 0
829017, 355648531, 0, 0
830011, 357025107, 0, 0
831013, 349117057, 0, 0
832073, 313731587, 0, 0
833033, 351368923, 0, 0
834006, 333740717, 0, 0
835061, 348397266, 0, 0
836034, 339933361, 0, 0
837048, 330189814, 0, 0
838028, 348774562, 0, 0
839018, 318230446, 0, 0
840011, 350190950, 0, 0
841048, 322158510, 0, 0
842002, 331001738, 0, 0
843014, 349730210, 0, 0
844025, 362817149, 0, 0
845004, 355931900, 0, 0
846051, 330845248, 0, 0
847056, 350721584, 0, 0
848007, 335716703, 0, 0
849007, 309456339, 0, 0
850017, 329863408, 0, 0
851053, 341628203, 0, 0
852005, 346336803, 0, 0
853003, 343757990, 0, 0
854033, 334048740, 0, 0
855024, 347952598, 0, 0
856055, 345115840, 0, 0
857044, 330501674, 0, 0
858013, 352970485, 0, 0
859056, 337540968, 0, 0
860051, 348646728, 0, 0
861045, 343321652, 0, 0
862034, 361463532, 0, 0
863017, 357157880, 0, 0
864036, 323061942, 0, 0
865056, 347272756, 0, 0
866001, 332708740, 0, 0
867073, 341289003, 0, 0
868015, 324108257, 0, 0
869049, 331527980, 0, 0
870069, 339854711, 0, 0
871003, 355507784, 0, 0
872039, 319441068, 0, 0
873014, 328437014, 0, 0
874021, 340552588, 0, 0
875066, 335716564, 0, 0
876054, 344475714, 0, 0
877037, 366994541, 0, 0
878013, 333032581, 0, 0
879064, 350038995, 0, 0
880030, 310903717, 0, 0
881041, 386158445, 0, 0
882032, 300007900, 0, 0
883054, 389019422, 0, 0
884032, 341381608, 0, 0
885047, 340326866, 0, 0
886061, 319875158, 0, 0
887050, 325238697, 0, 0
888074, 357533290, 0, 0
889042, 339163859, 0, 0
890019, 369343584, 0, 0
891023, 326489143, 0, 0
892027, 320379111, 0, 0
893026, 361549749, 0, 0
894039, 335215841, 0, 0
895024, 331299358, 0, 0
896015, 341900423, 0, 0
897019, 353737587, 0, 0
898017, 322881158, 0, 0
899020, 328120495, 0, 0
900042, 364281691, 0, 0
901005, 360704867, 0, 0
902060, 329828309, 0, 0
903000, 369647230, 0, 0
904024, 341044709, 0, 0
905001, 308206135, 0, 0
906028, 349039910, 0, 0
907020, 340236755, 0, 0
908037, 357204585, 0, 0
909058, 353075697, 0, 0
910017, 348337508, 0, 0
911015, 330813796, 0, 0
912040, 303843217, 0, 0
913005, 333597736, 0, 0
914031, 332075051, 0, 0
915020, 328262597, 0, 0
916001, 290307120, 0, 0
917021, 347604642, 0, 0
918044, 340852540, 0, 0
919034, 348545937, 0, 0
920018, 303860396, 0, 0
921016, 344524173, 0, 0
922004, 304022154, 0, 0
923057, 312835155, 0, 0
924012, 347972792, 0, 0
925063, 358843377, 0, 0
926051, 347676046, 0, 0
927046, 370541261, 0, 0
928019, 351899190, 0, 0
929043, 321617598, 0, 0
930025, 336224565, 0, 0
931030, 330434995, 0, 0
932010, 296435192, 0, 0
933048, 310610174, 0, 0
934003, 332847908, 0, 0
935026, 355836112, 0, 0
936017, 347022476, 0, 0
937029, 357149314, 0, 0
938004, 349987127, 0, 0
939054, 329023684, 0, 0
940016, 345732032, 0, 0
941052, 326610032, 0, 0
942013, 342204990, 0, 0
943017, 352340361, 0, 0
944021, 330765675, 0, 0
945028, 340836139, 0, 0
946004, 344289400, 0, 0
947041, 355520245, 0, 0
948000, 339526962, 0, 0
949022, 373943711, 0, 0
950015, 335632605, 0, 0
951038, 341943084, 0, 0
952060, 340279534, 0, 0
953038, 359292826, 0, 0
954031, 350434638, 0, 0
955015, 361701091, 0, 0
956074, 329494486, 0, 0
957050, 334473053, 0, 0
958050, 352191270, 0, 0
959057, 355215498, 0, 0
960048, 309836833, 0, 0
961055, 350114274, 0, 0
962003, 332391320, 0, 0
963025, 360347786, 0, 0
964007, 315415104, 0, 0
965030, 360443132, 0, 0
966000, 351218205, 0, 0
967011, 359878423, 0, 0
968000, 369107082, 0, 0
969004, 350338930, 0, 0
970051, 309247590, 0, 0
971025, 306152153, 0, 0
972020, 326966616, 0, 0
973025, 332128602, 0, 0
974020, 360530655, 0, 0
975036, 305447476, 0, 0
976038, 354724308, 0, 0
977020, 333418056, 0, 0
978054, 325843193, 0, 0
979040, 330795446, 0, 0
980040, 372018704, 0, 0
981026, 354234383, 0, 0
982015, 332163710, 0, 0
983010, 334708083, 0, 0
984056, 340575574, 0, 0
985004, 344234210, 0, 0
986055, 323958047, 0, 0
987000, 366791997, 0, 0
988033, 326801185, 0, 0
989022, 328402646, 0, 0
990008, 341404751, 0, 0
991006, 350328263, 0, 0
992049, 321294126, 0, 0
993033, 352396055, 0, 0
994030, 344621270, 0, 0
995003, 360200408, 0, 0
996040, 322658814, 0, 0
997029, 345780934, 0, 0
998031, 359721781, 0, 0
999058, 365357182, 0, 0
1000061, 347476921, 0, 0
1001001, 365840153, 0, 0
1002041, 348343100, 0, 0
1003052, 330131324, 0, 0
1004020, 336494039, 0, 0
1005011, 318846410, 0, 0
1006023, 328116586, 0, 0
1007060, 356151730, 0, 0
1008039, 352502334, 0, 0
1009050, 368727708, 0, 0
1010017, 335433728, 0, 0
1011017, 331254355, 0, 0
1012055, 321607698, 0, 0
1013045, 304341264, 0, 0
1014043, 345764658, 0, 0
1015067, 371282121, 0, 0
1016069, 331213997, 0, 0
1017025, 357661455, 0, 0
1018008, 344106740, 0, 0
1019063, 347697329, 0, 0
1020026, 344997528, 0, 0
1021042, 345033685, 0, 0
1022057, 367697669, 0, 0
1023043, 317092775, 0, 0
1024038, 351678208, 0, 0
1025045, 331610478, 0, 0
1026057, 352468572, 0, 0
1027034, 352249847, 0, 0
1028020, 317863572, 0, 0
1029011, 340507369, 0, 0
1030021, 349480878, 0, 0
1031018, 351560700, 0, 0
1032016, 362442366, 0, 0
1033005, 331315118, 0, 0
1034044, 335570591, 0, 0
1035055, 345182457, 0, 0
1036044, 328097927, 0, 0
1037013, 306574703, 0, 0
1038006, 375084192, 0, 0
1039040, 323029893, 0, 0
1040007, 337830824, 0, 0
1041034, 323731866, 0, 0
1042023, 361677676, 0, 0
1043013, 341243453, 0, 0
1044028, 325600295, 0, 0
1045002, 339657629, 0, 0
1046045, 340400225, 0, 0
1047010, 336692321, 0, 0
1048017, 360666523, 0, 0
1049048, 366544301, 0, 0
1050037, 340021903, 0, 0
1051034, 374284479, 0, 0
1052042, 354792449, 0, 0
1053040, 338959455, 0, 0
1054035, 344115627, 0, 0
1055025, 353783656, 0, 0
1056031, 357419266, 0, 0
1057026, 335156495, 0, 0
1058035, 342861365, 0, 0
1059052, 311650904, 0, 0
1060021, 340621385, 0, 0
1061000, 294164969, 0, 0
1062020, 314846402, 0, 0
1063057, 317596151, 0, 0
1064050, 316901950, 0, 0
1065053, 342916428, 0, 0
1066024, 356127858, 0, 0
1067012, 343842896, 0, 0
1068054, 331334175, 0, 0
1069016, 363154966, 0, 0
1070044, 373469328, 0, 0
1071028, 344713204, 0, 0
1072018, 339560683, 0, 0
1073024, 326233305, 0, 0
1074012, 330321772, 0, 0
1075038, 332540340, 0, 0
1076037, 348905626, 0, 0
1077036, 315664325, 0, 0
1078046, 372556478, 0, 0
1079043, 350345387, 0, 0
1080035, 338034933, 0, 0
1081003, 365553231, 0, 0
1082003, 335733161, 0, 0
1083048, 336715290, 0, 0
1084041, 350633370, 0, 0
1085051, 358398366, 0, 0
1086049, 331653114, 0, 0
1087055, 344682718, 0, 0
1088021, 331608356, 0, 0
1089020, 338807118, 0, 0
1090000, 351847412, 0, 0
1091059, 341539752, 0, 0
1092063, 326447627, 0, 0
1093014, 337060804, 0, 0
1094055, 293112606, 0, 0
1095064, 329024997, 0, 0
1096061, 374057944, 0, 0
1097055, 353353592, 0, 0
1098044, 346414091, 0, 0
1099011, 325386148, 0, 0
1100052, 343863522, 0, 0
1101010, 358698686, 0, 0
1102005, 334743506, 0, 0
1103056, 333920545, 0, 0
1104023, 347254606, 0, 0
1105038, 342366363, 0, 0
1106019, 347648555, 0, 0
1107008, 315612782, 0, 0
1108022, 332708573, 0, 0
1109011, 332164179, 0, 0
1110005, 370434411, 0, 0
1111030, 323401872, 0, 0
1112004, 313365482, 0, 0
1113063, 328666358, 0, 0
1114032, 339676645, 0, 0
1115018, 330370676, 0, 0
1116018, 341610362, 0, 0
1117027, 312150327, 0, 0
1118054, 346848359, 0, 0
1119039, 330727908, 0, 0
1120031, 337448260, 0, 0
1121031, 331724172, 0, 0
1122037, 355555115, 0, 0
1123037, 328684535, 0, 0
1124004, 349686170, 0, 0
1125027, 349491216, 0, 0
1126005, 352340719, 0, 0
1127048, 326679076, 0, 0
1128072, 346944044, 0, 0
1129060, 344427199, 0, 0
1130046, 364122947, 0, 0
1131031, 337099155, 0, 0
1132009, 308665997, 0, 0
1133052, 312316401, 0, 0
1134057, 352043255, 0, 0
1135013, 426635197, 0, 0
1136009, 341038918, 0, 0
1137056, 334418434, 0, 0
1138005, 295320711, 0, 0
1139031, 345563313, 0, 0
1140020, 360520135, 0, 0
1141039, 328481914, 0, 0
1142018, 354685580, 0, 0
1143059, 335812351, 0, 0
1144031, 319326910, 0, 0
1145014, 356670389, 0, 0
1146053, 338075906, 0, 0
1147027, 334243906, 0, 0
1148034, 326194275, 0, 0
1149020, 321275805, 0, 0
1150059, 377554039, 0, 0
1151024, 350421381, 0, 0
1152025, 374702838, 0, 0
1153018, 339266287, 0, 0
1154062, 369121585, 0, 0
1155027, 357093604, 0, 0
1156041, 344358456, 0, 0
1157027, 350359079, 0, 0
1158016, 328054456, 0, 0
1159000, 325523602, 0, 0
1160015, 355705138, 0, 0
1161041, 349505431, 0, 0
1162036, 326923295, 0, 0
1163002, 324898036, 0, 0
1164018, 339549492, 0, 0
1165004, 334797137, 0, 0
1166007, 371773181, 0, 0
1167000, 358595252, 0, 0
1168055, 352472246, 0, 0
1169052, 356688774, 0, 0
1170026, 351839797, 0, 0
1171002, 341268189, 0, 0
1172043, 335592744, 0, 0
1173012, 346499758, 0, 0
1174031, 313958823, 0, 0
1175034, 346696212, 0, 0
1176003, 351967655, 0, 0
1177042, 358915269, 0, 0
1178018, 333153107, 0, 0
1179015, 323758246, 0, 0
1180056, 353833334, 0, 0
1181020, 331000406, 0, 0
1182052, 343326027, 0, 0
1183035, 319054009, 0, 0
1184007, 347509083, 0, 0
1185055, 347645421, 0, 0
1186017, 333657996, 0, 0
1187015, 355055565, 0, 0
1188015, 355482009, 0, 0
1189044, 356444519, 0, 0
1190131, 327798506, 0, 0
1191060, 363709877, 0, 0
1192015, 323109256, 0, 0
1193063, 316696837, 0, 0
1194046, 367225111, 0, 0
1195046, 314101817, 0, 0
1196030, 372621572, 0, 0
1197062, 356602176, 0, 0
1198045, 348876150, 0, 0
1199039, 326779387, 0, 0
1200044, 307834008, 0, 0
1201004, 342957175, 0, 0
1202057, 346258089, 0, 0
1203060, 357014665, 0, 0
1204048, 333805716, 0, 0
1205006, 359589203, 0, 0
1206026, 330241336, 0, 0
1207014, 342251073, 0, 0
1208054, 321415274, 0, 0
1209066, 348304463, 0, 0
1210053, 305970453, 0, 0
1211011, 353808182, 0, 0
1212013, 335230399, 0, 0
1213062, 324464175, 0, 0
1214055, 360749828, 0, 0
1215047, 358648406, 0, 0
1216032, 355928127, 0, 0
1217046, 363478250, 0, 0
1218016, 357193880, 0, 0
1219003, 357255313, 0, 0
1220056, 360404093, 0, 0
1221050, 348304692, 0, 0
1222044, 337298818, 0, 0
1223006, 340053423, 0, 0
1224057, 322484306, 0, 0
1225066, 341572496, 0, 0
1226032, 410992371, 0, 0
1227052, 313063674, 0, 0
1228035, 375731894, 0, 0
1229000, 348105732, 0, 0
1230037, 332025501, 0, 0
1231000, 355249841, 0, 0
1232056, 371657642, 0, 0
1233066, 359704590, 0, 0
1234050, 382532969, 0, 0
1235048, 323480360, 0, 0
1236040, 349361386, 0, 0
1237024, 328332889, 0, 0
1238012, 315127194, 0, 0
1239027, 341746702, 0, 0
1240059, 387981089, 0, 0
1241042, 336888887, 0, 0
1242032, 399818279, 0, 0
1243060, 351652588, 0, 0
1244054, 317686591, 0, 0
1245024, 345877968, 0, 0
1246011, 345193046, 0, 0
1247049, 333551628, 0, 0
1248062, 382974622, 0, 0
1249050, 363041018, 0, 0
1250061, 327803539, 0, 0
1251015, 352685876, 0, 0
1252035, 333845978, 0, 0
1253024, 392341675, 0, 0
1254012, 320091677, 0, 0
1255011, 351400411, 0, 0
1256044, 337032234, 0, 0
1257062, 376321746, 0, 0
1258055, 342755429, 0, 0
1259026, 347473600, 0, 0
1260010, 344597699, 0, 0
1261059, 316681500, 0, 0
1262047, 335199983, 0, 0
1263011, 357462886, 0, 0
1264051, 319467449, 0, 0
1265009, 312976482, 0, 0
1266005, 331868165, 0, 0
1267011, 322359044, 0, 0
1268046, 352374220, 0, 0
1269020, 387037512, 0, 0
1270006, 317690098, 0, 0
1271101, 345342449, 0, 0
1272012, 440932012, 0, 0
1273024, 338151775, 0, 0
1274002, 323986896, 0, 0
1275022, 327965473, 0, 0
1276041, 333916486, 0, 0
1277015, 335554610, 0, 0
1278026, 380166321, 0, 0
1279010, 345996054, 0, 0
1280035, 329105824, 0, 0
1281036, 337220617, 0, 0
1282015, 380728765, 0, 0
1283057, 360298775, 0, 0
1284037, 343897822, 0, 0
1285051, 340123954, 0, 0
1286061, 347443940, 0, 0
1287023, 330814185, 0, 0
1288054, 337588333, 0, 0
1289046, 329886091, 0, 0
1290045, 342506150, 0, 0
1291002, 368569626, 0, 0
1292037, 313094179, 0, 0
1293043, 308783741, 0, 0
1294014, 330720887, 0, 0
1295018, 334656901, 0, 0
1296016, 383991667, 0, 0
1297005, 321875421, 0, 0
1298053, 368268596, 0, 0
1299053, 359053538, 0, 0
1300045, 346321189, 0, 0
1301044, 376851336, 0, 0
1302041, 365747309, 0, 0
1303027, 308408370, 0, 0
1304071, 334413249, 0, 0
1305049, 373279955, 0, 0
1306049, 348928581, 0, 0
1307047, 357131801, 0, 0
1308000, 343559336, 0, 0
1309056, 347754929, 0, 0
1310023, 332191297, 0, 0
1311010, 331564953, 0, 0
1312003, 347374481, 0, 0
1313000, 335075849, 0, 0
1314026, 342183891, 0, 0
1315004, 351713832, 0, 0
1316027, 346918122, 0, 0
1317070, 358074235, 0, 0
1318062, 332809880, 0, 0
1319041, 329295954, 0, 0
1320042, 339479347, 0, 0
1321052, 343154463, 0, 0
1322031, 358912701, 0, 0
1323016, 332552302, 0, 0
1324055, 334662766, 0, 0
1325020, 323135125, 0, 0
1326003, 345382623, 0, 0
1327005, 332643563, 0, 0
1328017, 319122942, 0, 0
1329052, 342263437, 0, 0
1330006, 365097600, 0, 0
1331020, 316363604, 0, 0
1332060, 332027020, 0, 0
1333034, 347100101, 0, 0
1334033, 334076898, 0, 0
1335005, 346902217, 0, 0
1336053, 361212179, 0, 0
1337026, 364354213, 0, 0
1338020, 369548905, 0, 0
1339030, 347846214, 0, 0
1340018, 318518581, 0, 0
1341048, 384086306, 0, 0
1342020, 332778559, 0, 0
1343057, 356287905, 0, 0
1344044, 362353472, 0, 0
1345032, 335409102, 0, 0
1346019, 349951546, 0, 0
1347041, 315576769, 0, 0
1348026, 349670239, 0, 0
1349063, 347494422, 0, 0
1350031, 335587374, 0, 0
1351009, 342004621, 0, 0
1352048, 322696359, 0, 0
1353025, 348550338, 0, 0
1354032, 335793472, 0, 0
1355038, 334979759, 0, 0
1356041, 373549025, 0, 0
1357056, 357324317, 0, 0
1358053, 370695525, 0, 0
1359021, 309637447, 0, 0
1360058, 351831592, 0, 0
1361017, 332257799, 0, 0
1362036, 355618115, 0, 0
1363041, 340080646, 0, 0
1364015, 338050524, 0, 0
1365053, 351136831, 0, 0
1366000, 350572427, 0, 0
1367061, 330256823, 0, 0
1368056, 329550631, 0, 0
1369041, 341916503, 0, 0
1370063, 379574534, 0, 0
1371048, 312073232, 0, 0
1372026, 358287770, 0, 0
1373011, 339375748, 0, 0
1374060, 339583074, 0, 0
1375020, 324964569, 0, 0
1376023, 340096114, 0, 0
1377019, 328873765, 0, 0
1378061, 350038122, 0, 0
1379036, 351172085, 0, 0
1380028, 331321703, 0, 0
1381037, 367122586, 0, 0
1382025, 341156305, 0, 0
1383040, 335476847, 0, 0
1384062, 331304012, 0, 0
1385060, 365543387, 0, 0
1386022, 370721775, 0, 0
1387008, 350036776, 0, 0
1388046, 355516714, 0, 0
1389048, 388187997, 0, 0
1390009, 389617912, 0, 0
1391021, 340277817, 0, 0
1392011, 330707354, 0, 0
1393059, 340675650, 0, 0
1394040, 336375068, 0, 0
1395073, 361824988, 0, 0
1396039, 366944271, 0, 0
1397025, 360450624, 0, 0
1398059, 342250094, 0, 0
1399065, 347015074, 0, 0
1400057, 341480711, 0, 0
1401067, 347917592, 0, 0
1402012, 351527594, 0, 0
1403012, 361483910, 0, 0
1404046, 340042282, 0, 0
1405021, 359422096, 0, 0
1406049, 350982248, 0, 0
1407048, 362056411, 0, 0
1408029, 397951451, 0, 0
1409031, 330171303, 0, 0
1410032, 315571957, 0, 0
1411038, 359155675, 0, 0
1412023, 352364186, 0, 0
1413019, 366370131, 0, 0
1414055, 308850440, 0, 0
1415025, 348883184, 0, 0
1416045, 368323921, 0, 0
1417008, 367125599, 0, 0
1418045, 356981561, 0, 0
1419048, 325424795, 0, 0
1420031, 365096939, 0, 0
1421029, 343494679, 0, 0
1422054, 374233809, 0, 0
1423018, 366270043, 0, 0
1424030, 334954303, 0, 0
1425012, 314811956, 0, 0
1426063, 366750095, 0, 0
1427029, 352140432, 0, 0
1428039, 325246332, 0, 0
1429004, 370950032, 0, 0
1430005, 382579720, 0, 0
1431053, 397774637, 0, 0
1432018, 374227288, 0, 0
1433055, 320325285, 0, 0
1434001, 291329001, 0, 0
1435042, 344030036, 0, 0
1436030, 330275436, 0, 0
1437043, 362138828, 0, 0
1438061, 387599322, 0, 0
1439055, 333278820, 0, 0
1440025, 365690330, 0, 0
1441024, 362173397, 0, 0
1442056, 368913929, 0, 0
1443023, 378023115, 0, 0
1444034, 329586609, 0, 0
1445007, 342356762, 0, 0
1446028, 366669721, 0, 0
1447025, 365657798, 0, 0
1448070, 349531354, 0, 0
1449018, 357836531, 0, 0
1450058, 339940089, 0, 0
1451050, 377173058, 0, 0
1452057, 324438262, 0, 0
1453008, 408066263, 0, 0
1454066, 344775184, 0, 0
1455030, 357084694, 0, 0
1456053, 339829133, 0, 0
1457027, 364168307, 0, 0
1458000, 328748511, 0, 0
1459050, 342707284, 0, 0
1460053, 364948964, 0, 0
1461039, 351476717, 0, 0
1462029, 308157781, 0, 0
1463041, 355783571, 0, 0
1464035, 328714024, 0, 0
1465034, 334849006, 0, 0
1466023, 324811259, 0, 0
1467056, 344049825, 0, 0
1468003, 360011077, 0, 0
1469057, 350663344, 0, 0
1470009, 340745056, 0, 0
1471094, 342035955, 0, 0
1472029, 358177892, 0, 0
1473032, 334602452, 0, 0
1474059, 345940568, 0, 0
1475032, 393886804, 0, 0
1476074, 342377308, 0, 0
1477070, 348804098, 0, 0
1478018, 351636471, 0, 0
1479033, 355499642, 0, 0
1480020, 351913841, 0, 0
1481013, 373569760, 0, 0
1482043, 362220608, 0, 0
1483059, 341970909, 0, 0
1484057, 336763995, 0, 0
1485023, 359860705, 0, 0
1486052, 310272024, 0, 0
1487046, 337930203, 0, 0
1488059, 353033006, 0, 0
1489008, 343861178, 0, 0
1490009, 347598369, 0, 0
1491047, 334083818, 0, 0
1492013, 331325551, 0, 0
1493017, 374039759, 0, 0
1494014, 364591335, 0, 0
1495023, 352703022, 0, 0
1496029, 362278895, 0, 0
1497042, 360503025, 0, 0
1498009, 346897345, 0, 0
1499026, 377784624, 0, 0
1500005, 344376787, 0, 0
1501000, 377312870, 0, 0
1502049, 369602978, 0, 0
1503026, 367329629, 0, 0
1504018, 347297373, 0, 0
1505000, 334399914, 0, 0
1506049, 326748518, 0, 0
1507045, 334810718, 0, 0
1508008, 333773248, 0, 0
1509012, 334891261, 0, 0
1510012, 358878446, 0, 0
1511000, 320931403, 0, 0
1512019, 379007746, 0, 0
1513002, 358879044, 0, 0
1514011, 357674615, 0, 0
1515034, 350175787, 0, 0
1516068, 356703589, 0, 0
1517045, 341726946, 0, 0
1518061, 352990713, 0, 0
1519024, 354770631, 0, 0
1520012, 346382342, 0, 0
1521041, 317543103, 0, 0
1522013, 348045332, 0, 0
1523024, 359622166, 0, 0
1524009, 340752785, 0, 0
1525039, 338797428, 0, 0
1526029, 364957249, 0, 0
1527025, 354830467, 0, 0
1528051, 364714530, 0, 0
1529063, 361780854, 0, 0
1530046, 358215277, 0, 0
1531007, 343491928, 0, 0
1532061, 331616614, 0, 0
1533003, 333732256, 0, 0
1534049, 338511583, 0, 0
1535038, 351636752, 0, 0
1536001, 386211207, 0, 0
1537054, 324914897, 0, 0
1538059, 336825694, 0, 0
1539056, 361753744, 0, 0
1540035, 359125681, 0, 0
1541026, 355555950, 0, 0
1542013, 303125363, 0, 0
1543006, 342836665, 0, 0
1544048, 396573381, 0, 0
1545029, 368485583, 0, 0
1546003, 386594352, 0, 0
1547004, 352590134, 0, 0
1548018, 363114820, 0, 0
1549049, 319390412, 0, 0
1550034, 314533744, 0, 0
1551010, 328807322, 0, 0
1552015, 367254013, 0, 0
1553034, 342718966, 0, 0
1554059, 338362621, 0, 0
1555026, 344439901, 0, 0
1556049, 335414669, 0, 0
1557048, 332207001, 0, 0
1558000, 350692742, 0, 0
1559058, 331546952, 0, 0
1560013, 344721699, 0, 0
1561038, 307701485, 0, 0
1562027, 330581808, 0, 0
1563003, 324680798, 0, 0
1564069, 336572236, 0, 0
1565042, 346948592, 0, 0
1566010, 389833070, 0, 0
1567000, 387123657, 0, 0
1568046, 332681618, 0, 0
1569036, 341418566, 0, 0
1570047, 358837526, 0, 0
1571000, 323074753, 0, 0
1572032, 337774332, 0, 0
1573033, 353395898, 0, 0
1574027, 352733435, 0, 0
1575005, 353892829, 0, 0
1576028, 355801377, 0, 0
1577049, 369005050, 0, 0
1578008, 363102770, 0, 0
1579065, 363313552, 0, 0
1580041, 327198048, 0, 0
1581033, 331151257, 0, 0
1582009, 349229812, 0, 0
1583028, 315474620, 0, 0
1584053, 324193502, 0, 0
1585002, 360800782, 0, 0
1586019, 364190422, 0, 0
1587041, 357397285, 0, 0
1588019, 344683669, 0, 0
1589024, 376951814, 0, 0
1590014, 369922410, 0, 0
1591021, 355182497, 0, 0
1592031, 384846580, 0, 0
1593030, 332908616, 0, 0
1594047, 319909972, 0, 0
1595013, 374534044, 0, 0
1596030, 318942797, 0, 0
1597053, 326295258, 0, 0
1598051, 347110514, 0, 0
1599027, 369117933, 0, 0
1600039, 329863806, 0, 0
1601031, 360114521, 0, 0
1602026, 376199308, 0, 0
1603070, 324373039, 0, 0
1604049, 367637855, 0, 0
1605053, 318311361, 0, 0
1606041, 334532593, 0, 0
1607011, 348166879, 0, 0
1608039, 320716247, 0, 0
1609038, 360630657, 0, 0
1610035, 381003365, 0, 0
1611035, 337036694, 0, 0
1612012, 363922751, 0, 0
1613034, 329242153, 0, 0
1614006, 323588412, 0, 0
1615055, 324763305, 0, 0
1616050, 343003648, 0, 0
1617040, 379091853, 0, 0
1618056, 343807802, 0, 0
1619057, 329882614, 0, 0
1620035, 351466325, 0, 0
1621055, 360909170, 0, 0
1622047, 388006776, 0, 0
1623041, 351671028, 0, 0
1624012, 416933164, 0, 0
1625041, 474684397, 0, 0
1626058, 382680443, 0, 0
1627047, 346972891, 0, 0
1628029, 337683856, 0, 0
1629002, 342352516, 0, 0
1630054, 344951761, 0, 0
1631027, 368509391, 0, 0
1632027, 329040938, 0, 0
1633023, 341942537, 0, 0
1634040, 339893489, 0, 0
1635059, 390482933, 0, 0
1636027, 333471877, 0, 0
1637015, 350151651, 0, 0
1638033, 357747928, 0, 0
1639004, 337856642, 0, 0
1640049, 326065514, 0, 0
1641039, 346088381, 0, 0
1642041, 357300090, 0, 0
1643039, 351359505, 0, 0
1644012, 352402241, 0, 0
1645045, 328613730, 0, 0
1646019, 335671452, 0, 0
1647015, 378581061, 0, 0
1648015, 359034444, 0, 0
1649036, 354150206, 0, 0
1650016, 357747819, 0, 0
1651032, 324261173, 0, 0
1652025, 373878200, 0, 0
1653006, 334949934, 0, 0
1654025, 332763605, 0, 0
1655007, 320079696, 0, 0
1656053, 364785511, 0, 0
1657018, 349935322, 0, 0
1658020, 360531911, 0, 0
1659041, 343319843, 0, 0
1660008, 378151241, 0, 0
1661009, 351599691, 0, 0
1662037, 354293984, 0, 0
1663053, 373603006, 0, 0
1664041, 356911543, 0, 0
1665056, 356122267, 0, 0
1666011, 371731179, 0, 0
1667038, 379494837, 0, 0
1668047, 369052007, 0, 0
1669047, 369599461, 0, 0
1670055, 339935145, 0, 0
1671042, 375228685, 0, 0
1672017, 310189866, 0, 0
1673043, 399104027, 0, 0
1674023, 362108322, 0, 0
1675033, 356350314, 0, 0
1676039, 363448642, 0, 0
1677009, 335874570, 0, 0
1678041, 312419789, 0, 0
1679022, 334961842, 0, 0
1680028, 397133064, 0, 0
1681033, 348697493, 0, 0
1682044, 336222136, 0, 0
1683047, 349658555, 0, 0
1684022, 372830121, 0, 0
1685015, 377352469, 0, 0
1686063, 374813659, 0, 0
1687004, 355852992, 0, 0
1688070, 346003525, 0, 0
1689001, 367889478, 0, 0
1690030, 347173706, 0, 0
1691052, 364129744, 0, 0
1692014, 354606228, 0, 0
1693028, 401835600, 0, 0
1694032, 350456307, 0, 0
1695051, 317897551, 0, 0
1696041, 337479753, 0, 0
1697061, 366025404, 0, 0
1698044, 335091435, 0, 0
1699031, 336015916, 0, 0
1700059, 390005155, 0, 0
1701009, 391472166, 0, 0
1702033, 384643699, 0, 0
1703029, 353936704, 0, 0
1704061, 384088282, 0, 0
1705037, 320656273, 0, 0
1706043, 349777386, 0, 0
1707019, 401965136, 0, 0
1708024, 358588260, 0, 0
1709029, 383772003, 0, 0
1710000, 340537001, 0, 0
1711026, 359515197, 0, 0
1712002, 398527821, 0, 0
1713000, 331515039, 0, 0
1714051, 361814176, 0, 0
1715066, 348346754, 0, 0
1716000, 362163485, 0, 0
1717035, 335897051, 0, 0
1718046, 369194763, 0, 0
1719063, 340781776, 0, 0
1720022, 366931202, 0, 0
1721026, 372648838, 0, 0
1722040, 376990996, 0, 0
1723049, 346795418, 0, 0
1724049, 381207755, 0, 0
1725099, 341995587, 0, 0
1726014, 370410671, 0, 0
1727010, 369606663, 0, 0
1728069, 350914648, 0, 0
1729060, 346258888, 0, 0
1730008, 303100345, 0, 0
1731059, 344497525, 0, 0
1732073, 354933811, 0, 0
1733055, 360259839, 0, 0
1734031, 353990126, 0, 0
1735051, 341096450, 0, 0
1736039, 343100399, 0, 0
1737046, 372815719, 0, 0
1738017, 320090548, 0, 0
1739005, 330971286, 0, 0
1740017, 329768728, 0, 0
1741003, 344786405, 0, 0
1742043, 369731493, 0, 0
1743000, 312703855, 0, 0
1744058, 359134728, 0, 0
1745019, 378813313, 0, 0
1746044, 348220326, 0, 0
1747003, 337909357, 0, 0
1748030, 349553714, 0, 0
1749009, 350216394, 0, 0
1750070, 352804315, 0, 0
1751057, 341933591, 0, 0
1752067, 377531254, 0, 0
1753031, 397240383, 0, 0
1754005, 385066414, 0, 0
1755048, 345749426, 0, 0
1756041, 368964639, 0, 0
1757005, 352269803, 0, 0
1758033, 375774794, 0, 0
1759005, 367106535, 0, 0
1760028, 342987306, 0, 0
1761041, 332391346, 0, 0
1762007, 355717062, 0, 0
1763059, 351582739, 0, 0
1764000, 331995426, 0, 0
1765043, 373453481, 0, 0
1766014, 392121827, 0, 0
1767034, 331694317, 0, 0
1768067, 361575982, 0, 0
1769002, 370853137, 0, 0
1770043, 345162205, 0, 0
1771056, 366361222, 0, 0
1772038, 325002845, 0, 0
1773003, 345030417, 0, 0
1774036, 350929316, 0, 0
1775006, 351694315, 0, 0
1776004, 348880507, 0, 0
1777023, 372627553, 0, 0
1778037, 374862447, 0, 0
1779001, 344348507, 0, 0
1780056, 349515322, 0, 0
1781036, 332208598, 0, 0
1782007, 356880344, 0, 0
1783032, 370601211, 0, 0
1784051, 361230093, 0, 0
1785064, 359352928, 0, 0
1786000, 362088872, 0, 0
1787011, 385751549, 0, 0
1788014, 346160696, 0, 0
1789023, 368329405, 0, 0
1790045, 357706130, 0, 0
1791052, 350067586, 0, 0
1792056, 379017910, 0, 0
1793054, 324128981, 0, 0
1794052, 375434641, 0, 0
1795053, 353214674, 0, 0
1796041, 324426412, 0, 0
1797064, 437435393, 0, 0
1798016, 399314705, 0, 0
1799002, 350923751, 0, 0
1800027, 372303781, 0, 0
1800105, 268461686, 0, 0
