1054, 7262833, 0, 0
2054, 8327009, 0, 0
3022, 8126976, 0, 0
4049, 8925599, 0, 0
5023, 8110700, 0, 0
6040, 8334416, 0, 0
7022, 8840394, 0, 0
8015, 8262886, 0, 0
9004, 8238641, 0, 0
10008, 8225693, 0, 0
11066, 8191011, 0, 0
12003, 8291661, 0, 0
13023, 8423955, 0, 0
14026, 8277863, 0, 0
15050, 7995192, 0, 0
16045, 8281095, 0, 0
17001, 7771054, 0, 0
18046, 8027719, 0, 0
19017, 8589413, 0, 0
20055, 7975911, 0, 0
21041, 8080182, 0, 0
22054, 8361655, 0, 0
23056, 8349941, 0, 0
24045, 8738619, 0, 0
25009, 8383738, 0, 0
26016, 8314129, 0, 0
27033, 7877884, 0, 0
28056, 7981771, 0, 0
29086, 9620525, 0, 0
30047, 8203765, 0, 0
31014, 8551895, 0, 0
32035, 7970804, 0, 0
33038, 8351119, 0, 0
34024, 7950328, 0, 0
35066, 8528500, 0, 0
36020, 8443073, 0, 0
37004, 8054270, 0, 0
38002, 8247347, 0, 0
39048, 8097264, 0, 0
40057, 7700771, 0, 0
41020, 7882894, 0, 0
42009, 7966063, 0, 0
43008, 7986786, 0, 0
44061, 7971257, 0, 0
45061, 8128086, 0, 0
46002, 8101397, 0, 0
47003, 8065190, 0, 0
48005, 7824850, 0, 0
49004, 8049859, 0, 0
50010, 8039943, 0, 0
51012, 8141754, 0, 0
52049, 7968291, 0, 0
53002, 7681629, 0, 0
54025, 7684821, 0, 0
55001, 8061216, 0, 0
56007, 8040685, 0, 0
57057, 7714812, 0, 0
58062, 8303437, 0, 0
59062, 7923771, 0, 0
60027, 7658035, 0, 0
61023, 8153308, 0, 0
62051, 7786716, 0, 0
63045, 8270276, 0, 0
64028, 8399050, 0, 0
65020, 8258150, 0, 0
66054, 8401788, 0, 0
67021, 8123150, 0, 0
68018, 8031141, 0, 0
69009, 8607127, 0, 0
70051, 8010429, 0, 0
71048, 8097132, 0, 0
72049, 7939017, 0, 0
73079, 8507748, 0, 0
74018, 8020115, 0, 0
75032, 7731566, 0, 0
76068, 7561481, 0, 0
77027, 8181908, 0, 0
78007, 7965113, 0, 0
79020, 7972207, 0, 0
80004, 8054157, 0, 0
81038, 8014148, 0, 0
82000, 7622387, 0, 0
83026, 8137079, 0, 0
84026, 7686123, 0, 0
85040, 7979821, 0, 0
86050, 7950387, 0, 0
87048, 8448529, 0, 0
88040, 7509480, 0, 0
89042, 8138649, 0, 0
90028, 7816981, 0, 0
91037, 7943369, 0, 0
92029, 7927468, 0, 0
93053, 7753527, 0, 0
94009, 8305868, 0, 0
95055, 7738602, 0, 0
96044, 7721877, 0, 0
97049, 7967271, 0, 0
98019, 8287183, 0, 0
99060, 8122130, 0, 0
100050, 7497947, 0, 0
101055, 8028748, 0, 0
102052, 8036053, 0, 0
103045, 7938959, 0, 0
104016, 7827729, 0, 0
105046, 7732734, 0, 0
106050, 8228698, 0, 0
107051, 8196060, 0, 0
108024, 7653452, 0, 0
109071, 7584655, 0, 0
110016, 8001893, 0, 0
111015, 7797970, 0, 0
112033, 8008616, 0, 0
113032, 8046699, 0, 0
114015, 7924133, 0, 0
115027, 7326590, 0, 0
116014, 7891070, 0, 0
117071, 7762981, 0, 0
118039, 7740330, 0, 0
119038, 7980761, 0, 0
120001, 7289377, 0, 0
121023, 7981504, 0, 0
122009, 7818191, 0, 0
123009, 8125915, 0, 0
124010, 7807567, 0, 0
125039, 7452225, 0, 0
126018, 7465564, 0, 0
127050, 7371591, 0, 0
128049, 7855348, 0, 0
129023, 7482640, 0, 0
130042, 7658355, 0, 0
131023, 7660780, 0, 0
132050, 7489343, 0, 0
133047, 8165212, 0, 0
134032, 8199152, 0, 0
135040, 7867479, 0, 0
136034, 7822518, 0, 0
137048, 7980161, 0, 0
138063, 7986585, 0, 0
139000, 7610359, 0, 0
140051, 7552463, 0, 0
141021, 7756581, 0, 0
142027, 7667213, 0, 0
143016, 7720731, 0, 0
144062, 7573286, 0, 0
145014, 8201473, 0, 0
146007, 7752703, 0, 0
147040, 7589154, 0, 0
148029, 8102448, 0, 0
149037, 7515468, 0, 0
150015, 7943743, 0, 0
151049, 8006237, 0, 0
152040, 7623506, 0, 0
153048, 7625923, 0, 0
154030, 7854502, 0, 0
155044, 7503525, 0, 0
156015, 7519952, 0, 0
157076, 7679950, 0, 0
158040, 8230402, 0, 0
159054, 7857803, 0, 0
160027, 7150246, 0, 0
161023, 7648539, 0, 0
162006, 7389222, 0, 0
163059, 7253886, 0, 0
164011, 7612406, 0, 0
165027, 8057916, 0, 0
166025, 7850076, 0, 0
167016, 8113412, 0, 0
168060, 8347246, 0, 0
169036, 7388237, 0, 0
170034, 7615751, 0, 0
171000, 7142659, 0, 0
172062, 8226322, 0, 0
173049, 7470904, 0, 0
174056, 7399735, 0, 0
175050, 7757943, 0, 0
176004, 7566288, 0, 0
177044, 7528595, 0, 0
178055, 7896697, 0, 0
179035, 7418621, 0, 0
180046, 6966234, 0, 0
181008, 7332271, 0, 0
182065, 7548828, 0, 0
183058, 7403204, 0, 0
184051, 7400925, 0, 0
185012, 7681478, 0, 0
186003, 7449162, 0, 0
187008, 7493170, 0, 0
188006, 7671524, 0, 0
189063, 7653674, 0, 0
190009, 7558398, 0, 0
191009, 7929578, 0, 0
192045, 7288298, 0, 0
193059, 7447711, 0, 0
194066, 7683130, 0, 0
195056, 7114226, 0, 0
196021, 7195398, 0, 0
197038, 7161070, 0, 0
198054, 7354085, 0, 0
199027, 7309151, 0, 0
200027, 7744761, 0, 0
201048, 7610269, 0, 0
202050, 7257902, 0, 0
203043, 7570237, 0, 0
204052, 7524229, 0, 0
205057, 7386320, 0, 0
206013, 7404597, 0, 0
207050, 7000232, 0, 0
208025, 7667837, 0, 0
209067, 7135060, 0, 0
210044, 7279426, 0, 0
211034, 7277035, 0, 0
212042, 7572457, 0, 0
213012, 7174907, 0, 0
214022, 7883467, 0, 0
215006, 7284904, 0, 0
216047, 7124461, 0, 0
217035, 7478033, 0, 0
218036, 7406660, 0, 0
219004, 7328770, 0, 0
220002, 7437238, 0, 0
221072, 7180675, 0, 0
222048, 6719977, 0, 0
223026, 7885947, 0, 0
224041, 6942605, 0, 0
225028, 7301692, 0, 0
226056, 6848756, 0, 0
227042, 7463547, 0, 0
228023, 6575677, 0, 0
229047, 7416500, 0, 0
230026, 7194613, 0, 0
231052, 7369739, 0, 0
232027, 7438420, 0, 0
233013, 7355243, 0, 0
234023, 7309402, 0, 0
235080, 7232317, 0, 0
236019, 7160365, 0, 0
237012, 7691309, 0, 0
238046, 7227469, 0, 0
239009, 7634579, 0, 0
240011, 7253265, 0, 0
241040, 7245354, 0, 0
242002, 7392951, 0, 0
243016, 7031184, 0, 0
244041, 7014818, 0, 0
245003, 7226854, 0, 0
246043, 7170310, 0, 0
247005, 7871591, 0, 0
248021, 7808749, 0, 0
249024, 7103483, 0, 0
250014, 7173642, 0, 0
251017, 7308655, 0, 0
252048, 6645608, 0, 0
253020, 7307174, 0, 0
254031, 7373003, 0, 0
255013, 7269576, 0, 0
256044, 6726611, 0, 0
257004, 6856790, 0, 0
258003, 6928857, 0, 0
259012, 7253863, 0, 0
260035, 7146558, 0, 0
261011, 6963556, 0, 0
262025, 7450303, 0, 0
263041, 7302213, 0, 0
264002, 7620349, 0, 0
265038, 7040564, 0, 0
266010, 7196576, 0, 0
267058, 7368444, 0, 0
268041, 7274393, 0, 0
269004, 6828630, 0, 0
270037, 6787661, 0, 0
271046, 6902815, 0, 0
272022, 7336217, 0, 0
273021, 7230509, 0, 0
274054, 7426270, 0, 0
275032, 6781272, 0, 0
276024, 6833627, 0, 0
277036, 6695592, 0, 0
278000, 7835092, 0, 0
279031, 6868768, 0, 0
280009, 6512879, 0, 0
281015, 7225032, 0, 0
282006, 7126321, 0, 0
283036, 6997045, 0, 0
284031, 6904334, 0, 0
285000, 6584551, 0, 0
286036, 8216205, 0, 0
287001, 6938849, 0, 0
288045, 6907986, 0, 0
289051, 7442516, 0, 0
290024, 7427896, 0, 0
291039, 6578812, 0, 0
292029, 7119728, 0, 0
293036, 6891410, 0, 0
294053, 6511654, 0, 0
295028, 6406884, 0, 0
296021, 6842046, 0, 0
297039, 6966898, 0, 0
298018, 7089069, 0, 0
299003, 7398445, 0, 0
300027, 6865995, 0, 0
301012, 6435292, 0, 0
302059, 7019017, 0, 0
303026, 7374247, 0, 0
304017, 7224862, 0, 0
305000, 7068383, 0, 0
306066, 6780243, 0, 0
307039, 6657489, 0, 0
308004, 6387968, 0, 0
309022, 7587430, 0, 0
310000, 7243850, 0, 0
311034, 7542279, 0, 0
312065, 7404021, 0, 0
313011, 6703650, 0, 0
314007, 7057262, 0, 0
315013, 6885595, 0, 0
316019, 6281703, 0, 0
317040, 6801884, 0, 0
318008, 6959529, 0, 0
319003, 7094504, 0, 0
320061, 7192100, 0, 0
321048, 6533078, 0, 0
322028, 7094311, 0, 0
323002, 6855159, 0, 0
324055, 7205056, 0, 0
325048, 7036176, 0, 0
326046, 6737768, 0, 0
327063, 6860221, 0, 0
328047, 6690220, 0, 0
329010, 6207067, 0, 0
330033, 6904453, 0, 0
331003, 6828622, 0, 0
332061, 6906309, 0, 0
333020, 7315483, 0, 0
334046, 7021837, 0, 0
335054, 7515225, 0, 0
336047, 6657657, 0, 0
337065, 6515537, 0, 0
338042, 6778530, 0, 0
339020, 6558365, 0, 0
340042, 6996473, 0, 0
341013, 7290248, 0, 0
342004, 6736702, 0, 0
343000, 7005082, 0, 0
344008, 7145868, 0, 0
345042, 7171140, 0, 0
346036, 7100145, 0, 0
347039, 6630358, 0, 0
348030, 6648689, 0, 0
349025, 7527122, 0, 0
350022, 6510554, 0, 0
351010, 6673578, 0, 0
352054, 6859679, 0, 0
353049, 7153241, 0, 0
354018, 6207894, 0, 0
355009, 7067652, 0, 0
356052, 6948313, 0, 0
357013, 7164476, 0, 0
358016, 6422117, 0, 0
359013, 6822366, 0, 0
360052, 7159533, 0, 0
361056, 6826500, 0, 0
362040, 7801265, 0, 0
363041, 6022592, 0, 0
364068, 7438622, 0, 0
365047, 6790321, 0, 0
366004, 6930743, 0, 0
367054, 6353677, 0, 0
368011, 6051329, 0, 0
369053, 6944004, 0, 0
370040, 6993341, 0, 0
371051, 6920472, 0, 0
372017, 6345000, 0, 0
373070, 7059453, 0, 0
374041, 6303699, 0, 0
375049, 6991203, 0, 0
376002, 6302897, 0, 0
377054, 6611179, 0, 0
378031, 6597455, 0, 0
379045, 7035094, 0, 0
380033, 6249146, 0, 0
381053, 6930398, 0, 0
382064, 6825179, 0, 0
383069, 6048751, 0, 0
384003, 6962213, 0, 0
385050, 6535956, 0, 0
386039, 7210465, 0, 0
387068, 6676451, 0, 0
388003, 6972783, 0, 0
389030, 6413144, 0, 0
390055, 6435849, 0, 0
391054, 6164592, 0, 0
392024, 6590961, 0, 0
393060, 6676965, 0, 0
394048, 6712914, 0, 0
395021, 6435946, 0, 0
396063, 7037187, 0, 0
397051, 6583048, 0, 0
398020, 6087566, 0, 0
399056, 6854395, 0, 0
400067, 6821133, 0, 0
401001, 6719385, 0, 0
402022, 6748966, 0, 0
403056, 6758012, 0, 0
404037, 5899542, 0, 0
405012, 7057679, 0, 0
406044, 6137260, 0, 0
407006, 6673254, 0, 0
408050, 6952669, 0, 0
409037, 6280688, 0, 0
410029, 6565422, 0, 0
411022, 6199192, 0, 0
412015, 6445884, 0, 0
413017, 6758983, 0, 0
414002, 6883899, 0, 0
415051, 6763728, 0, 0
416016, 6140266, 0, 0
417054, 6283093, 0, 0
418035, 6405441, 0, 0
419016, 6361604, 0, 0
420061, 6328577, 0, 0
421047, 6159867, 0, 0
422050, 6675768, 0, 0
423071, 6626170, 0, 0
424055, 6262345, 0, 0
425057, 6541928, 0, 0
426009, 6300531, 0, 0
427001, 6040206, 0, 0
428005, 6190973, 0, 0
429034, 6462246, 0, 0
430004, 6138825, 0, 0
431032, 6295332, 0, 0
432050, 6695743, 0, 0
433056, 6653217, 0, 0
434041, 6346524, 0, 0
435039, 6352864, 0, 0
436045, 6283084, 0, 0
437032, 6357619, 0, 0
438001, 6286197, 0, 0
439053, 6826081, 0, 0
440007, 6485060, 0, 0
441014, 6449767, 0, 0
442066, 7198875, 0, 0
443014, 6311059, 0, 0
444003, 6252893, 0, 0
445016, 5717058, 0, 0
446049, 6176659, 0, 0
447040, 6560446, 0, 0
448025, 6740783, 0, 0
449000, 6239165, 0, 0
450042, 5914534, 0, 0
451007, 5879910, 0, 0
452012, 6238783, 0, 0
453030, 6351661, 0, 0
454061, 6205839, 0, 0
455022, 5612660, 0, 0
456059, 5884632, 0, 0
457045, 6611396, 0, 0
458024, 5856580, 0, 0
459037, 6136157, 0, 0
460032, 6806194, 0, 0
461006, 5759125, 0, 0
462061, 6273658, 0, 0
463047, 6270080, 0, 0
464036, 6543285, 0, 0
465064, 6045017, 0, 0
466028, 6090013, 0, 0
467018, 6259283, 0, 0
468015, 6387666, 0, 0
469051, 5876047, 0, 0
470026, 6050160, 0, 0
471053, 6106861, 0, 0
472030, 6103115, 0, 0
473036, 6698058, 0, 0
474037, 6536252, 0, 0
475008, 5984155, 0, 0
476057, 6473002, 0, 0
477010, 6023404, 0, 0
478063, 6154456, 0, 0
479000, 6073034, 0, 0
480040, 5618800, 0, 0
481061, 5863669, 0, 0
482066, 6643098, 0, 0
483004, 6998790, 0, 0
484061, 6211456, 0, 0
485045, 6300647, 0, 0
486043, 6427547, 0, 0
487062, 6362007, 0, 0
488039, 6099972, 0, 0
489044, 5803907, 0, 0
490051, 6133155, 0, 0
491050, 7340893, 0, 0
492043, 6654555, 0, 0
493027, 5960686, 0, 0
494008, 6283549, 0, 0
495006, 6688107, 0, 0
496003, 6185701, 0, 0
497025, 6761865, 0, 0
498023, 7228040, 0, 0
499025, 6370812, 0, 0
500009, 5718897, 0, 0
501063, 5817460, 0, 0
502024, 5888853, 0, 0
503004, 6312484, 0, 0
504020, 6230462, 0, 0
505027, 6167713, 0, 0
506036, 6587592, 0, 0
507000, 6138096, 0, 0
508005, 6194600, 0, 0
509011, 6487325, 0, 0
510001, 5920872, 0, 0
511030, 5772650, 0, 0
512031, 6456115, 0, 0
513041, 5760818, 0, 0
514001, 6109678, 0, 0
515047, 6374066, 0, 0
516042, 5812042, 0, 0
517008, 5992363, 0, 0
518027, 5594643, 0, 0
519016, 6331261, 0, 0
520025, 6548203, 0, 0
521033, 6102171, 0, 0
522022, 5915767, 0, 0
523047, 5472184, 0, 0
524017, 6134750, 0, 0
525010, 6240057, 0, 0
526003, 6086655, 0, 0
527008, 6195247, 0, 0
528063, 6547884, 0, 0
529049, 5966557, 0, 0
530034, 6037541, 0, 0
531017, 6679359, 0, 0
532050, 6001092, 0, 0
533048, 6395949, 0, 0
534025, 5805265, 0, 0
535006, 6088931, 0, 0
536027, 6215517, 0, 0
537033, 6446235, 0, 0
538028, 6541026, 0, 0
539046, 5947577, 0, 0
540024, 6140509, 0, 0
541011, 5834668, 0, 0
542045, 6379119, 0, 0
543009, 5797394, 0, 0
544005, 5819490, 0, 0
545046, 5682747, 0, 0
546006, 5993614, 0, 0
547048, 5878704, 0, 0
548043, 6214623, 0, 0
549011, 5685250, 0, 0
550049, 5348474, 0, 0
551001, 5496097, 0, 0
552010, 5387578, 0, 0
553024, 6294683, 0, 0
554058, 6073629, 0, 0
555033, 5350963, 0, 0
556041, 4961357, 0, 0
557000, 5838554, 0, 0
558049, 5546801, 0, 0
559022, 5748105, 0, 0
560002, 5791927, 0, 0
561021, 6652218, 0, 0
562011, 5650980, 0, 0
563037, 5789241, 0, 0
564013, 6334772, 0, 0
565050, 6201377, 0, 0
566019, 6131437, 0, 0
567025, 6016383, 0, 0
568045, 5660874, 0, 0
569008, 5560433, 0, 0
570033, 5951683, 0, 0
571050, 6159453, 0, 0
572030, 5589345, 0, 0
573011, 5763784, 0, 0
574056, 5902682, 0, 0
575002, 5491841, 0, 0
576080, 6013653, 0, 0
577065, 5558676, 0, 0
578013, 6357525, 0, 0
579011, 6235120, 0, 0
580013, 6100490, 0, 0
581022, 5861116, 0, 0
582054, 7931163, 0, 0
583009, 5853264, 0, 0
584002, 5387494, 0, 0
585056, 5987041, 0, 0
586046, 6099932, 0, 0
587005, 5739781, 0, 0
588027, 5260791, 0, 0
589029, 6142475, 0, 0
590038, 6031002, 0, 0
591002, 5767908, 0, 0
592032, 6197097, 0, 0
593012, 5863106, 0, 0
594061, 5921643, 0, 0
595045, 5994028, 0, 0
596022, 6338789, 0, 0
597037, 5195292, 0, 0
598036, 5397020, 0, 0
599000, 6095614, 0, 0
600044, 5237486, 0, 0
601013, 5069007, 0, 0
602039, 5509497, 0, 0
603014, 5499635, 0, 0
604000, 5659980, 0, 0
605032, 5209731, 0, 0
606043, 6085376, 0, 0
607033, 6139004, 0, 0
608032, 5670874, 0, 0
609009, 5484956, 0, 0
610006, 5532747, 0, 0
611018, 5374144, 0, 0
612006, 5450575, 0, 0
613057, 5497086, 0, 0
614003, 6562798, 0, 0
615008, 5579897, 0, 0
616018, 5728539, 0, 0
617021, 5930235, 0, 0
618018, 5895407, 0, 0
619021, 5163351, 0, 0
620013, 5507294, 0, 0
621016, 5999765, 0, 0
622018, 5623286, 0, 0
623039, 5729901, 0, 0
624022, 5983941, 0, 0
625034, 5745921, 0, 0
626027, 5937015, 0, 0
627070, 5401479, 0, 0
628067, 5559174, 0, 0
629026, 5671034, 0, 0
630058, 5207709, 0, 0
631019, 5958435, 0, 0
632061, 5393182, 0, 0
633007, 5595746, 0, 0
634015, 5992949, 0, 0
635036, 6578914, 0, 0
636011, 5409949, 0, 0
637044, 5637411, 0, 0
638043, 5547011, 0, 0
639059, 5795403, 0, 0
640038, 5497118, 0, 0
641009, 5186430, 0, 0
642033, 6195499, 0, 0
643042, 5171290, 0, 0
644006, 5148669, 0, 0
645009, 5533207, 0, 0
646054, 5494422, 0, 0
647013, 5445043, 0, 0
648034, 5892120, 0, 0
649000, 5420455, 0, 0
650014, 5854394, 0, 0
651052, 5239173, 0, 0
652046, 5483369, 0, 0
653029, 5277823, 0, 0
654020, 5893910, 0, 0
655055, 5302927, 0, 0
656019, 5067267, 0, 0
657050, 5253734, 0, 0
658005, 5453167, 0, 0
659059, 5538250, 0, 0
660017, 5408914, 0, 0
661062, 5731616, 0, 0
662013, 5688511, 0, 0
663045, 5662096, 0, 0
664008, 5063902, 0, 0
665011, 5536177, 0, 0
666002, 5179837, 0, 0
667000, 5510430, 0, 0
668047, 5125108, 0, 0
669033, 5530237, 0, 0
670007, 5532670, 0, 0
671001, 5450783, 0, 0
672084, 5755198, 0, 0
673004, 5284496, 0, 0
674062, 5364055, 0, 0
675042, 5499085, 0, 0
676020, 5337121, 0, 0
677057, 4885500, 0, 0
678014, 5110798, 0, 0
679006, 5504871, 0, 0
680067, 6022896, 0, 0
681031, 5502326, 0, 0
682033, 4834832, 0, 0
683035, 5181837, 0, 0
684032, 5030804, 0, 0
685012, 5692121, 0, 0
686059, 5230211, 0, 0
687037, 5008973, 0, 0
688021, 5064821, 0, 0
689002, 5357931, 0, 0
690000, 4674913, 0, 0
691031, 5787589, 0, 0
692039, 5326607, 0, 0
693057, 5033074, 0, 0
694041, 5119958, 0, 0
695029, 4986100, 0, 0
696007, 4762994, 0, 0
697049, 5751554, 0, 0
698048, 4890590, 0, 0
699006, 4787457, 0, 0
700030, 4988370, 0, 0
701028, 5136706, 0, 0
702029, 5049833, 0, 0
703072, 5259026, 0, 0
704004, 6212806, 0, 0
705016, 5128975, 0, 0
706010, 5119684, 0, 0
707047, 4578978, 0, 0
708023, 5273894, 0, 0
709057, 4917373, 0, 0
710068, 4874877, 0, 0
711054, 5563560, 0, 0
712046, 4955141, 0, 0
713041, 4971330, 0, 0
714042, 5287713, 0, 0
715030, 5575254, 0, 0
716056, 4832566, 0, 0
717017, 5274731, 0, 0
718053, 5172822, 0, 0
719056, 5111079, 0, 0
720045, 4818920, 0, 0
721017, 5195367, 0, 0
722013, 5203814, 0, 0
723004, 5383054, 0, 0
724011, 5266074, 0, 0
725005, 5455102, 0, 0
726038, 6832085, 0, 0
727063, 6022294, 0, 0
728007, 5328110, 0, 0
729041, 5218523, 0, 0
730038, 5561070, 0, 0
731011, 5616116, 0, 0
732042, 5630233, 0, 0
733017, 5472073, 0, 0
734033, 5229964, 0, 0
735019, 4922592, 0, 0
736013, 5144321, 0, 0
737009, 5295362, 0, 0
738066, 5023808, 0, 0
739038, 5277081, 0, 0
740008, 5353895, 0, 0
741057, 5134878, 0, 0
742041, 4530357, 0, 0
743039, 5109941, 0, 0
744000, 5333293, 0, 0
745012, 5321183, 0, 0
746009, 5409543, 0, 0
747030, 5073144, 0, 0
748017, 5637169, 0, 0
749025, 5328216, 0, 0
750006, 5326058, 0, 0
751018, 5491020, 0, 0
752043, 5816788, 0, 0
753002, 4648923, 0, 0
754022, 5957831, 0, 0
755000, 4884851, 0, 0
756029, 5617590, 0, 0
757041, 4699741, 0, 0
758000, 6182909, 0, 0
759054, 5237621, 0, 0
760065, 5431551, 0, 0
761048, 5057362, 0, 0
762018, 5477619, 0, 0
763050, 5570704, 0, 0
764002, 5433274, 0, 0
765035, 5636862, 0, 0
766020, 5206192, 0, 0
767057, 5205434, 0, 0
768058, 5616187, 0, 0
769042, 5311071, 0, 0
770008, 5331904, 0, 0
771062, 6086044, 0, 0
772011, 5069195, 0, 0
773030, 5249554, 0, 0
774006, 5323446, 0, 0
775041, 4878300, 0, 0
776051, 5040973, 0, 0
777042, 5471805, 0, 0
778011, 4933893, 0, 0
779039, 5707090, 0, 0
780015, 4848826, 0, 0
781011, 5154782, 0, 0
782054, 4985008, 0, 0
783023, 5500889, 0, 0
784018, 5342591, 0, 0
785007, 5581357, 0, 0
786062, 5824021, 0, 0
787044, 4977327, 0, 0
788034, 4891229, 0, 0
789022, 4934272, 0, 0
790006, 5716622, 0, 0
791036, 5171682, 0, 0
792026, 5230681, 0, 0
793062, 4744643, 0, 0
794024, 5859613, 0, 0
795040, 5904523, 0, 0
796054, 5036649, 0, 0
797048, 4772743, 0, 0
798046, 6041748, 0, 0
799009, 5525980, 0, 0
800011, 5190300, 0, 0
801020, 5959490, 0, 0
802016, 5529260, 0, 0
803068, 5003643, 0, 0
804063, 5778066, 0, 0
805040, 5709204, 0, 0
806038, 5597096, 0, 0
807017, 5891473, 0, 0
808056, 5706093, 0, 0
809063, 5462764, 0, 0
810012, 5070032, 0, 0
811043, 5071047, 0, 0
812062, 5563264, 0, 0
813036, 4987842, 0, 0
814035, 5086805, 0, 0
815051, 5487338, 0, 0
816006, 4765736, 0, 0
817042, 5625448, 0, 0
818051, 5196853, 0, 0
819051, 5772753, 0, 0
820008, 5556574, 0, 0
821039, 5303990, 0, 0
822060, 5284460, 0, 0
823046, 5128267, 0, 0
824046, 5233563, 0, 0
825030, 4839501, 0, 0
826038, 4681724, 0, 0
827008, 5380888, 0, 0
828020, 5524000, 0, 0
829060, 5197402, 0, 0
830013, 5288367, 0, 0
831059, 5468303, 0, 0
832065, 5400028, 0, 0
833016, 5340307, 0, 0
834035, 4730385, 0, 0
835065, 5303833, 0, 0
836008, 5260292, 0, 0
837069, 5411207, 0, 0
838040, 5048634, 0, 0
839059, 5358762, 0, 0
840062, 5892610, 0, 0
841057, 4971307, 0, 0
842025, 4832314, 0, 0
843006, 4826543, 0, 0
844003, 5529493, 0, 0
845051, 5236820, 0, 0
846053, 6026131, 0, 0
847041, 5139301, 0, 0
848014, 5036846, 0, 0
849002, 5250084, 0, 0
850014, 5377936, 0, 0
851039, 5018137, 0, 0
852039, 5256224, 0, 0
853035, 5817687, 0, 0
854015, 5235787, 0, 0
855032, 5184593, 0, 0
856023, 5751913, 0, 0
857029, 5401722, 0, 0
858034, 5098918, 0, 0
859064, 5383908, 0, 0
860067, 5568800, 0, 0
861008, 5525096, 0, 0
862066, 5392264, 0, 0
863010, 5391507, 0, 0
864036, 5508891, 0, 0
865018, 4855224, 0, 0
866023, 5575987, 0, 0
867053, 6200155, 0, 0
868001, 5638758, 0, 0
869038, 4975925, 0, 0
870000, 5558060, 0, 0
871062, 5495772, 0, 0
872050, 5111013, 0, 0
873047, 5931239, 0, 0
874016, 5173248, 0, 0
875015, 5452282, 0, 0
876000, 5658050, 0, 0
877021, 5793393, 0, 0
878039, 5436764, 0, 0
879036, 5384883, 0, 0
880046, 5666071, 0, 0
881000, 5295516, 0, 0
882026, 5252400, 0, 0
883024, 5061913, 0, 0
884006, 5106874, 0, 0
885037, 5722722, 0, 0
886049, 5980014, 0, 0
887014, 4946233, 0, 0
888059, 5672406, 0, 0
889049, 5232642, 0, 0
890028, 4701022, 0, 0
891014, 5692140, 0, 0
892050, 5718672, 0, 0
893033, 5109274, 0, 0
894032, 5546744, 0, 0
895014, 5269536, 0, 0
896014, 4920356, 0, 0
897031, 5158736, 0, 0
898001, 5354885, 0, 0
899065, 5131411, 0, 0
900034, 5468467, 0, 0
901049, 5543044, 0, 0
902034, 5151296, 0, 0
903037, 5414218, 0, 0
904028, 4999413, 0, 0
905029, 5373674, 0, 0
906059, 4947882, 0, 0
907056, 5561451, 0, 0
908000, 5785862, 0, 0
909023, 5031024, 0, 0
910066, 5289018, 0, 0
911023, 5795760, 0, 0
912031, 5500171, 0, 0
913020, 5225118, 0, 0
914016, 5320708, 0, 0
915031, 5336329, 0, 0
916017, 5101019, 0, 0
917007, 4757051, 0, 0
918053, 5120565, 0, 0
919061, 5189830, 0, 0
920033, 5110072, 0, 0
921012, 5172994, 0, 0
922027, 5144094, 0, 0
923022, 5263299, 0, 0
924002, 5498175, 0, 0
925030, 5317359, 0, 0
926061, 5205356, 0, 0
927054, 5865501, 0, 0
928021, 5193807, 0, 0
929060, 5432654, 0, 0
930004, 5820156, 0, 0
931060, 5610510, 0, 0
932025, 5211599, 0, 0
933014, 5201437, 0, 0
934061, 5002681, 0, 0
935042, 4685688, 0, 0
936010, 4936277, 0, 0
937040, 4592354, 0, 0
938022, 5244558, 0, 0
939045, 5404862, 0, 0
940003, 5087060, 0, 0
941028, 5594859, 0, 0
942015, 5360651, 0, 0
943017, 5441377, 0, 0
944021, 5830813, 0, 0
945058, 5477482, 0, 0
946054, 5468072, 0, 0
947033, 5170396, 0, 0
948062, 5139020, 0, 0
949026, 5290356, 0, 0
950060, 4894581, 0, 0
951041, 5443183, 0, 0
952003, 5193706, 0, 0
953055, 6785247, 0, 0
954031, 4997957, 0, 0
955014, 5642358, 0, 0
956017, 5245901, 0, 0
957010, 5632458, 0, 0
958056, 5471189, 0, 0
959021, 4971903, 0, 0
960010, 5641422, 0, 0
961017, 5409185, 0, 0
962025, 5082550, 0, 0
963037, 5213275, 0, 0
964020, 5194804, 0, 0
965009, 5283912, 0, 0
966055, 5704831, 0, 0
967056, 5127746, 0, 0
968013, 5373442, 0, 0
969050, 5050017, 0, 0
970016, 5160564, 0, 0
971068, 4888799, 0, 0
972061, 5062288, 0, 0
973057, 5346450, 0, 0
974019, 5339913, 0, 0
975031, 5264051, 0, 0
976019, 4982673, 0, 0
977040, 5257065, 0, 0
978054, 5787104, 0, 0
979032, 5306446, 0, 0
980001, 4866832, 0, 0
981035, 5060922, 0, 0
982010, 5101731, 0, 0
983028, 5980578, 0, 0
984020, 5104959, 0, 0
985048, 4776925, 0, 0
986062, 5328191, 0, 0
987047, 5688090, 0, 0
988045, 5192595, 0, 0
989016, 4779425, 0, 0
990046, 5843543, 0, 0
991006, 4891616, 0, 0
992030, 5167105, 0, 0
993014, 5143833, 0, 0
994000, 5408179, 0, 0
995002, 5787488, 0, 0
996014, 4906399, 0, 0
997040, 5727894, 0, 0
998171, 6491141, 0, 0
999008, 6856676, 0, 0
1000013, 5283440, 0, 0
1001011, 5478848, 0, 0
1002036, 4943953, 0, 0
1003029, 5902244, 0, 0
1004024, 6064106, 0, 0
1005043, 5655000, 0, 0
1006034, 5753094, 0, 0
1007034, 5312907, 0, 0
1008030, 5377902, 0, 0
1009037, 5498363, 0, 0
1010054, 5645823, 0, 0
1011049, 5198358, 0, 0
1012026, 5518348, 0, 0
1013062, 4975384, 0, 0
1014050, 5304272, 0, 0
1015007, 5494992, 0, 0
1016043, 5592265, 0, 0
1017039, 5558673, 0, 0
1018048, 5660445, 0, 0
1019015, 5652435, 0, 0
1020001, 5211416, 0, 0
1021007, 5285040, 0, 0
1022019, 4745268, 0, 0
1023005, 5626992, 0, 0
1024051, 5049188, 0, 0
1025045, 5196462, 0, 0
1026013, 5685693, 0, 0
1027012, 4597445, 0, 0
1028030, 5083321, 0, 0
1029040, 5366142, 0, 0
1030021, 4782069, 0, 0
1031032, 4922459, 0, 0
1032051, 5532807, 0, 0
1033060, 5169436, 0, 0
1034022, 4950646, 0, 0
1035012, 5525216, 0, 0
1036010, 5055571, 0, 0
1037019, 4802349, 0, 0
1038010, 5320679, 0, 0
1039048, 5057550, 0, 0
1040000, 5524599, 0, 0
1041027, 5863076, 0, 0
1042028, 5231979, 0, 0
1043054, 4790989, 0, 0
1044024, 5943669, 0, 0
1045026, 5130007, 0, 0
1046061, 5382593, 0, 0
1047040, 5652144, 0, 0
1048054, 5599447, 0, 0
1049024, 5317901, 0, 0
1050036, 5319281, 0, 0
1051053, 5003398, 0, 0
1052063, 5637632, 0, 0
1053023, 5419043, 0, 0
1054039, 5699609, 0, 0
1055063, 5981168, 0, 0
1056033, 5380346, 0, 0
1057011, 5680345, 0, 0
1058014, 5191134, 0, 0
1059044, 4804898, 0, 0
1060065, 5398614, 0, 0
1061004, 5860531, 0, 0
1062021, 5157727, 0, 0
1063063, 5477392, 0, 0
1064039, 5269126, 0, 0
1065022, 4982081, 0, 0
1066014, 5827332, 0, 0
1067006, 4904350, 0, 0
1068063, 4756650, 0, 0
1069063, 4599833, 0, 0
1070035, 4951296, 0, 0
1071013, 5779500, 0, 0
1072039, 5175480, 0, 0
1073035, 5589189, 0, 0
1074060, 5628195, 0, 0
1075055, 5044544, 0, 0
1076029, 4861830, 0, 0
1077041, 5155943, 0, 0
1078018, 5273863, 0, 0
1079029, 6198546, 0, 0
1080022, 5111590, 0, 0
1081025, 5658709, 0, 0
1082037, 4810309, 0, 0
1083038, 5103380, 0, 0
1084021, 5139304, 0, 0
1085039, 4621826, 0, 0
1086038, 5248308, 0, 0
1087021, 5426784, 0, 0
1088048, 5760915, 0, 0
1089020, 7305116, 0, 0
1090050, 4943107, 0, 0
1091032, 5004118, 0, 0
1092021, 5577544, 0, 0
1093027, 5616219, 0, 0
1094026, 5013788, 0, 0
1095063, 5628736, 0, 0
1096018, 5019591, 0, 0
1097056, 5186342, 0, 0
1098017, 4918143, 0, 0
1099017, 5017990, 0, 0
1100017, 4970120, 0, 0
1101036, 5620093, 0, 0
1102055, 4803721, 0, 0
1103052, 5265380, 0, 0
1104029, 5642710, 0, 0
1105031, 4854693, 0, 0
1106042, 5152098, 0, 0
1107039, 5325973, 0, 0
1108018, 5341671, 0, 0
1109024, 5318102, 0, 0
1110004, 4967581, 0, 0
1111028, 6091214, 0, 0
1112013, 4893097, 0, 0
1113043, 5648368, 0, 0
1114072, 5910907, 0, 0
1115028, 5683763, 0, 0
1116045, 5578470, 0, 0
1117040, 5401787, 0, 0
1118033, 6161550, 0, 0
1119030, 7549344, 0, 0
1120008, 5811949, 0, 0
1121035, 5052905, 0, 0
1122044, 5303323, 0, 0
1123011, 5310878, 0, 0
1124009, 4589619, 0, 0
1125022, 4818960, 0, 0
1126023, 4585885, 0, 0
1127052, 4227421, 0, 0
1128037, 4870945, 0, 0
1129013, 4997274, 0, 0
1130025, 5158552, 0, 0
1131011, 4873823, 0, 0
1132004, 5137580, 0, 0
1133027, 4866035, 0, 0
1134041, 5475311, 0, 0
1135039, 7120874, 0, 0
1136009, 5502059, 0, 0
1137008, 5041834, 0, 0
1138034, 5853240, 0, 0
1139006, 5520051, 0, 0
1140003, 5407636, 0, 0
1141040, 5571655, 0, 0
1142038, 5359534, 0, 0
1143014, 5326384, 0, 0
1144060, 5019671, 0, 0
1145011, 5249731, 0, 0
1146035, 5189550, 0, 0
1147050, 5634138, 0, 0
1148032, 4805043, 0, 0
1149024, 5242832, 0, 0
1150018, 5146519, 0, 0
1151026, 5562540, 0, 0
1152013, 5797959, 0, 0
1153059, 4644724, 0, 0
1154001, 5566271, 0, 0
1155050, 5452914, 0, 0
1156032, 5606145, 0, 0
1157004, 5274210, 0, 0
1158003, 5197691, 0, 0
1159000, 5028764, 0, 0
1160010, 4627230, 0, 0
1161007, 5131742, 0, 0
1162059, 5680580, 0, 0
1163043, 5014311, 0, 0
1164047, 5475590, 0, 0
1165057, 5484528, 0, 0
1166027, 4612369, 0, 0
1167061, 5138369, 0, 0
1168070, 5509186, 0, 0
1169005, 5458674, 0, 0
1170054, 5572358, 0, 0
1171001, 4680847, 0, 0
1172055, 5212277, 0, 0
1173061, 5317694, 0, 0
1174054, 5246018, 0, 0
1175038, 4965168, 0, 0
1176042, 4936476, 0, 0
1177030, 4744883, 0, 0
1178065, 5195376, 0, 0
1179047, 6089484, 0, 0
1180019, 5139074, 0, 0
1181019, 4776336, 0, 0
1182020, 5208059, 0, 0
1183054, 5433554, 0, 0
1184051, 4718313, 0, 0
1185022, 5215441, 0, 0
1186004, 5479071, 0, 0
1187034, 4551131, 0, 0
1188038, 4938564, 0, 0
1189038, 5177038, 0, 0
1190000, 5367439, 0, 0
1191040, 5166613, 0, 0
1192025, 5175425, 0, 0
1193061, 5421094, 0, 0
1194009, 5600478, 0, 0
1195049, 5016966, 0, 0
1196053, 5866907, 0, 0
1197042, 5196947, 0, 0
1198085, 6093356, 0, 0
1199051, 4973579, 0, 0
1200022, 5542080, 0, 0
1201003, 5047268, 0, 0
1202002, 5227577, 0, 0
1203011, 5444679, 0, 0
1204027, 5454352, 0, 0
1205030, 5386679, 0, 0
1206004, 5258667, 0, 0
1207002, 4910917, 0, 0
1208022, 5534594, 0, 0
1209009, 5032360, 0, 0
1210009, 6161319, 0, 0
1211015, 5206708, 0, 0
1212002, 5190886, 0, 0
1213007, 4920152, 0, 0
1214015, 5267143, 0, 0
1215034, 5142535, 0, 0
1216049, 5390781, 0, 0
1217040, 5351257, 0, 0
1218004, 5042631, 0, 0
1219020, 5072241, 0, 0
1220060, 5495750, 0, 0
1221028, 5688254, 0, 0
1222031, 5500877, 0, 0
1223055, 5091207, 0, 0
1224006, 4632033, 0, 0
1225009, 5214890, 0, 0
1226005, 5856157, 0, 0
1227012, 4953134, 0, 0
1228027, 5226563, 0, 0
1229029, 5653829, 0, 0
1230027, 5330795, 0, 0
1231021, 5014169, 0, 0
1232041, 5361997, 0, 0
1233021, 4845368, 0, 0
1234046, 6091865, 0, 0
1235061, 5572465, 0, 0
1236020, 4696720, 0, 0
1237053, 5236974, 0, 0
1238026, 5254225, 0, 0
1239022, 5344584, 0, 0
1240006, 5433662, 0, 0
1241041, 5466255, 0, 0
1242051, 5513823, 0, 0
1243047, 5267319, 0, 0
1244047, 5311494, 0, 0
1245007, 4723290, 0, 0
1246017, 5201050, 0, 0
1247006, 5196956, 0, 0
1248051, 4995319, 0, 0
1249043, 5324120, 0, 0
1250057, 5196690, 0, 0
1251015, 5011055, 0, 0
1252015, 5703498, 0, 0
1253030, 5123611, 0, 0
1254051, 4764286, 0, 0
1255012, 4869679, 0, 0
1256047, 5275794, 0, 0
1257044, 5473666, 0, 0
1258057, 5213604, 0, 0
1259049, 5566261, 0, 0
1260031, 5451712, 0, 0
1261008, 5576526, 0, 0
1262051, 5571121, 0, 0
1263033, 5304866, 0, 0
1264043, 5198690, 0, 0
1265041, 5360409, 0, 0
1266044, 5214762, 0, 0
1267021, 4809575, 0, 0
1268040, 5327442, 0, 0
1269041, 5711313, 0, 0
1270026, 5072531, 0, 0
1271100, 5861411, 0, 0
1272038, 5122597, 0, 0
1273069, 5362548, 0, 0
1274045, 5212270, 0, 0
1275065, 5600052, 0, 0
1276032, 5816504, 0, 0
1277034, 5135398, 0, 0
1278054, 4736392, 0, 0
1279053, 4820167, 0, 0
1280036, 5485394, 0, 0
1281040, 5141965, 0, 0
1282029, 5520885, 0, 0
1283027, 5359213, 0, 0
1284005, 5009404, 0, 0
1285011, 4948038, 0, 0
1286006, 5202424, 0, 0
1287038, 5128025, 0, 0
1288067, 5498534, 0, 0
1289038, 5133045, 0, 0
1290019, 5295167, 0, 0
1291029, 5453201, 0, 0
1292032, 5330135, 0, 0
1293017, 5149668, 0, 0
1294038, 4786517, 0, 0
1295030, 5444189, 0, 0
1296017, 5418856, 0, 0
1297032, 5510500, 0, 0
1298002, 5232668, 0, 0
1299022, 4898481, 0, 0
1300033, 5708222, 0, 0
1301012, 5093681, 0, 0
1302000, 5058741, 0, 0
1303072, 5635731, 0, 0
1304022, 5076311, 0, 0
1305051, 5463188, 0, 0
1306017, 4618713, 0, 0
1307000, 5451582, 0, 0
1308056, 4819580, 0, 0
1309035, 5460645, 0, 0
1310023, 5035722, 0, 0
1311059, 5624025, 0, 0
1312045, 5561639, 0, 0
1313040, 5149575, 0, 0
1314022, 5574852, 0, 0
1315019, 5383485, 0, 0
1316041, 5937862, 0, 0
1317042, 5745479, 0, 0
1318036, 5608732, 0, 0
1319023, 4880304, 0, 0
1320002, 4744528, 0, 0
1321035, 5901461, 0, 0
1322028, 4789704, 0, 0
1323005, 4831651, 0, 0
1324038, 5342530, 0, 0
1325012, 4726058, 0, 0
1326015, 4491772, 0, 0
1327000, 4988897, 0, 0
1328008, 5446136, 0, 0
1329041, 5289950, 0, 0
1330024, 5007888, 0, 0
1331060, 5390167, 0, 0
1332062, 5410226, 0, 0
1333052, 5205004, 0, 0
1334052, 5201059, 0, 0
1335064, 5811518, 0, 0
1336001, 5316853, 0, 0
1337060, 5186401, 0, 0
1338015, 4674022, 0, 0
1339028, 5685601, 0, 0
1340058, 4970055, 0, 0
1341050, 5386468, 0, 0
1342019, 5317250, 0, 0
1343011, 5296521, 0, 0
1344065, 5113311, 0, 0
1345010, 5301720, 0, 0
1346055, 5494691, 0, 0
1347055, 5226982, 0, 0
1348048, 5136626, 0, 0
1349007, 6223798, 0, 0
1350016, 5445475, 0, 0
1351031, 5604309, 0, 0
1352035, 5169803, 0, 0
1353000, 4892970, 0, 0
1354038, 4960740, 0, 0
1355046, 5030322, 0, 0
1356029, 5643872, 0, 0
1357035, 5461176, 0, 0
1358023, 5223746, 0, 0
1359014, 5820857, 0, 0
1360001, 5568338, 0, 0
1361026, 5120604, 0, 0
1362064, 7057277, 0, 0
1363026, 5308615, 0, 0
1364065, 5377462, 0, 0
1365058, 5138233, 0, 0
1366013, 5450932, 0, 0
1367015, 5296067, 0, 0
1368014, 5669462, 0, 0
1369056, 5152300, 0, 0
1370032, 4801652, 0, 0
1371055, 5108956, 0, 0
1372023, 5398869, 0, 0
1373041, 5244987, 0, 0
1374015, 5496102, 0, 0
1375062, 5386842, 0, 0
1376046, 5313885, 0, 0
1377064, 5381415, 0, 0
1378025, 5964014, 0, 0
1379002, 5163225, 0, 0
1380052, 4657928, 0, 0
1381051, 5486709, 0, 0
1382035, 5061846, 0, 0
1383040, 5673929, 0, 0
1384019, 5286851, 0, 0
1385007, 4908928, 0, 0
1386002, 5096728, 0, 0
1387006, 5511242, 0, 0
1388006, 4895942, 0, 0
1389016, 6223060, 0, 0
1390005, 5230291, 0, 0
1391042, 5074740, 0, 0
1392061, 5358390, 0, 0
1393015, 4964497, 0, 0
1394060, 5432904, 0, 0
1395039, 5204607, 0, 0
1396019, 5094781, 0, 0
1397059, 4857443, 0, 0
1398021, 5053441, 0, 0
1399029, 5215044, 0, 0
1400031, 5187223, 0, 0
1401011, 5350740, 0, 0
1402000, 5009391, 0, 0
1403052, 5389497, 0, 0
1404000, 5008448, 0, 0
1405048, 6272382, 0, 0
1406026, 5366977, 0, 0
1407010, 5677580, 0, 0
1408021, 6783276, 0, 0
1409030, 5565957, 0, 0
1410002, 5957805, 0, 0
1411062, 4563045, 0, 0
1412000, 5031574, 0, 0
1413050, 5044174, 0, 0
1414015, 5265440, 0, 0
1415071, 4667231, 0, 0
1416022, 5021472, 0, 0
1417055, 4629523, 0, 0
1418028, 5031826, 0, 0
1419074, 5144679, 0, 0
1420008, 4961502, 0, 0
1421025, 5236328, 0, 0
1422047, 5551882, 0, 0
1423012, 5155051, 0, 0
1424004, 5658216, 0, 0
1425010, 4738380, 0, 0
1426042, 5106507, 0, 0
1427063, 5790799, 0, 0
1428000, 4901569, 0, 0
1429034, 5037844, 0, 0
1430027, 5508482, 0, 0
1431053, 5024268, 0, 0
1432056, 5414436, 0, 0
1433028, 4980917, 0, 0
1434005, 4953961, 0, 0
1435033, 5129332, 0, 0
1436005, 5004049, 0, 0
1437044, 4989271, 0, 0
1438025, 5047758, 0, 0
1439000, 5209282, 0, 0
1440020, 5334579, 0, 0
1441026, 5024588, 0, 0
1442044, 5130806, 0, 0
1443008, 5125298, 0, 0
1444051, 4934985, 0, 0
1445024, 5651726, 0, 0
1446023, 5363979, 0, 0
1447028, 5017993, 0, 0
1448037, 5303954, 0, 0
1449050, 5378702, 0, 0
1450023, 4959555, 0, 0
1451051, 5637261, 0, 0
1452069, 4983916, 0, 0
1453052, 5367125, 0, 0
1454073, 5393143, 0, 0
1455073, 5487761, 0, 0
1456046, 5555531, 0, 0
1457048, 5239035, 0, 0
1458010, 5339458, 0, 0
1459000, 5713013, 0, 0
1460028, 4775190, 0, 0
1461060, 4840091, 0, 0
1462052, 5441661, 0, 0
1463016, 5146979, 0, 0
1464031, 5604404, 0, 0
1465020, 5089711, 0, 0
1466024, 5667157, 0, 0
1467016, 5214108, 0, 0
1468066, 4992761, 0, 0
1469024, 4955186, 0, 0
1470049, 5360682, 0, 0
1471060, 4610979, 0, 0
1472006, 5306996, 0, 0
1473036, 5470749, 0, 0
1474006, 4547039, 0, 0
1475022, 5369120, 0, 0
1476044, 5131794, 0, 0
1477015, 4729205, 0, 0
1478008, 5602133, 0, 0
1479051, 5341430, 0, 0
1480038, 5160586, 0, 0
1481006, 4715889, 0, 0
1482003, 5136634, 0, 0
1483027, 5321997, 0, 0
1484012, 5526908, 0, 0
1485007, 5126427, 0, 0
1486050, 5313105, 0, 0
1487035, 5261660, 0, 0
1488013, 5581217, 0, 0
1489060, 5100032, 0, 0
1490014, 5177216, 0, 0
1491001, 4904980, 0, 0
1492037, 5070713, 0, 0
1493013, 5155984, 0, 0
1494044, 5072887, 0, 0
1495057, 5653584, 0, 0
1496013, 4679673, 0, 0
1497008, 5151290, 0, 0
1498064, 5403975, 0, 0
1499030, 5813065, 0, 0
1500032, 5657516, 0, 0
1501017, 5316893, 0, 0
1502039, 4952506, 0, 0
1503019, 4513485, 0, 0
1504059, 5115609, 0, 0
1505056, 4977256, 0, 0
1506005, 4764416, 0, 0
1507002, 5467512, 0, 0
1508014, 5322966, 0, 0
1509045, 5718274, 0, 0
1510014, 5014596, 0, 0
1511010, 5211439, 0, 0
1512042, 5283309, 0, 0
1513045, 4279919, 0, 0
1514037, 5079876, 0, 0
1515022, 5262563, 0, 0
1516057, 4897818, 0, 0
1517039, 5245151, 0, 0
1518036, 4696312, 0, 0
1519050, 4942360, 0, 0
1520073, 5238897, 0, 0
1521053, 5658956, 0, 0
1522059, 5461263, 0, 0
1523011, 5464048, 0, 0
1524011, 4993174, 0, 0
1525049, 5636053, 0, 0
1526010, 6003472, 0, 0
1527048, 5261562, 0, 0
1528053, 5516630, 0, 0
1529020, 5426741, 0, 0
1530009, 5089767, 0, 0
1531002, 5421795, 0, 0
1532044, 5363015, 0, 0
1533054, 5797703, 0, 0
1534007, 4738023, 0, 0
1535008, 5207447, 0, 0
1536029, 5662075, 0, 0
1537020, 5439435, 0, 0
1538001, 5160637, 0, 0
1539012, 5368828, 0, 0
1540050, 5891987, 0, 0
1541012, 5086524, 0, 0
1542020, 5033366, 0, 0
1543005, 5822988, 0, 0
1544046, 6151998, 0, 0
1545007, 5388690, 0, 0
1546036, 5065084, 0, 0
1547031, 5342341, 0, 0
1548020, 4796123, 0, 0
1549028, 5407917, 0, 0
1550058, 4853231, 0, 0
1551027, 6168295, 0, 0
1552052, 5167351, 0, 0
1553023, 5298115, 0, 0
1554030, 5183972, 0, 0
1555060, 5196682, 0, 0
1556015, 4914126, 0, 0
1557012, 5106835, 0, 0
1558001, 5255063, 0, 0
1559055, 5317662, 0, 0
1560017, 4803804, 0, 0
1561021, 5506236, 0, 0
1562001, 5469031, 0, 0
1563011, 5575283, 0, 0
1564006, 5123914, 0, 0
1565024, 5132843, 0, 0
1566000, 5188307, 0, 0
1567063, 5357371, 0, 0
1568040, 5677308, 0, 0
1569015, 4679701, 0, 0
1570015, 5341163, 0, 0
1571005, 5431790, 0, 0
1572039, 5273552, 0, 0
1573028, 5740755, 0, 0
1574045, 5583101, 0, 0
1575005, 4891987, 0, 0
1576007, 5212268, 0, 0
1577020, 5350245, 0, 0
1578001, 4603709, 0, 0
1579065, 5365522, 0, 0
1580024, 5599888, 0, 0
1581053, 4736665, 0, 0
1582012, 5093927, 0, 0
1583009, 5630645, 0, 0
1584010, 5290582, 0, 0
1585046, 5071706, 0, 0
1586024, 5281842, 0, 0
1587060, 5094839, 0, 0
1588039, 5655100, 0, 0
1589032, 5939864, 0, 0
1590010, 4788527, 0, 0
1591064, 5629874, 0, 0
1592049, 5653961, 0, 0
1593038, 5426935, 0, 0
1594066, 5210822, 0, 0
1595038, 5032492, 0, 0
1596039, 5810046, 0, 0
1597041, 5441249, 0, 0
1598034, 5388911, 0, 0
1599026, 5106217, 0, 0
1600024, 5276143, 0, 0
1601013, 4703287, 0, 0
1602043, 4832466, 0, 0
1603023, 4724181, 0, 0
1604038, 5281650, 0, 0
1605040, 5622937, 0, 0
1606015, 4870671, 0, 0
1607062, 5100086, 0, 0
1608010, 5039729, 0, 0
1609002, 5532489, 0, 0
1610061, 5183431, 0, 0
1611019, 5037874, 0, 0
1612000, 4778069, 0, 0
1613020, 5309086, 0, 0
1614029, 4939495, 0, 0
1615048, 5686526, 0, 0
1616014, 5188500, 0, 0
1617016, 4926244, 0, 0
1618035, 4803913, 0, 0
1619032, 5473675, 0, 0
1620012, 5375062, 0, 0
1621035, 4710274, 0, 0
1622011, 5537789, 0, 0
1623055, 5014080, 0, 0
1624039, 5282833, 0, 0
1625020, 5444627, 0, 0
1626019, 5194299, 0, 0
1627051, 6034129, 0, 0
1628023, 4925755, 0, 0
1629043, 4995508, 0, 0
1630043, 5312417, 0, 0
1631020, 5513917, 0, 0
1632037, 5259913, 0, 0
1633050, 5530100, 0, 0
1634026, 5508937, 0, 0
1635011, 5559465, 0, 0
1636059, 4888889, 0, 0
1637056, 4979175, 0, 0
1638039, 5363620, 0, 0
1639078, 4717828, 0, 0
1640012, 5014957, 0, 0
1641030, 5295020, 0, 0
1642023, 5422072, 0, 0
1643024, 5179665, 0, 0
1644043, 5560546, 0, 0
1645028, 5020687, 0, 0
1646012, 5583886, 0, 0
1647029, 5131205, 0, 0
1648044, 5572331, 0, 0
1649033, 4915087, 0, 0
1650009, 5352922, 0, 0
1651061, 5309412, 0, 0
1652065, 5166846, 0, 0
1653027, 5618920, 0, 0
1654045, 5037341, 0, 0
1655041, 5525346, 0, 0
1656057, 4998502, 0, 0
1657022, 4680882, 0, 0
1658037, 5248994, 0, 0
1659025, 5169212, 0, 0
1660002, 5057477, 0, 0
1661055, 4632885, 0, 0
1662050, 5458124, 0, 0
1663041, 5377742, 0, 0
1664058, 5375378, 0, 0
1665042, 5341278, 0, 0
1666015, 4862264, 0, 0
1667061, 5273771, 0, 0
1668017, 5000576, 0, 0
1669037, 5224135, 0, 0
1670040, 5009668, 0, 0
1671051, 5371716, 0, 0
1672023, 4876356, 0, 0
1673003, 4707814, 0, 0
1674062, 5109981, 0, 0
1675022, 4943240, 0, 0
1676031, 5445440, 0, 0
1677048, 5676123, 0, 0
1678016, 5171087, 0, 0
1679023, 5106327, 0, 0
1680029, 6014795, 0, 0
1681002, 5367718, 0, 0
1682039, 4980976, 0, 0
1683042, 5823540, 0, 0
1684033, 4458316, 0, 0
1685038, 4969860, 0, 0
1686044, 4806385, 0, 0
1687037, 4839226, 0, 0
1688059, 5290070, 0, 0
1689042, 5394530, 0, 0
1690046, 5663468, 0, 0
1691036, 5044422, 0, 0
1692065, 5112470, 0, 0
1693010, 5161054, 0, 0
1694016, 5176339, 0, 0
1695013, 5354615, 0, 0
1696053, 4946907, 0, 0
1697049, 5465858, 0, 0
1698066, 5158624, 0, 0
1699058, 5898191, 0, 0
1700062, 5221601, 0, 0
1701049, 5359881, 0, 0
1702051, 5349306, 0, 0
1703043, 5027710, 0, 0
1704006, 4886350, 0, 0
1705025, 5242615, 0, 0
1706053, 5348962, 0, 0
1707031, 5281095, 0, 0
1708014, 5114501, 0, 0
1709001, 5052879, 0, 0
1710064, 5474557, 0, 0
1711000, 4720594, 0, 0
1712001, 5555621, 0, 0
1713007, 4924603, 0, 0
1714054, 5444919, 0, 0
1715052, 4933710, 0, 0
1716017, 4822257, 0, 0
1717038, 5450149, 0, 0
1718030, 5028910, 0, 0
1719028, 4726650, 0, 0
1720035, 5405370, 0, 0
1721057, 5373453, 0, 0
1722005, 5444105, 0, 0
1723007, 5156695, 0, 0
1724063, 5273793, 0, 0
1725099, 6465501, 0, 0
1726054, 4748176, 0, 0
1727025, 5386205, 0, 0
1728024, 5337836, 0, 0
1729011, 5107037, 0, 0
1730033, 4978059, 0, 0
1731061, 5973502, 0, 0
1732015, 4883896, 0, 0
1733032, 5211696, 0, 0
1734036, 5246636, 0, 0
1735010, 5529729, 0, 0
1736037, 6001498, 0, 0
1737014, 4901074, 0, 0
1738013, 5801614, 0, 0
1739003, 5023583, 0, 0
1740060, 5026726, 0, 0
1741057, 5265393, 0, 0
1742014, 5168044, 0, 0
1743051, 4910625, 0, 0
1744052, 5489937, 0, 0
1745018, 5246324, 0, 0
1746062, 5293530, 0, 0
1747007, 5648857, 0, 0
1748048, 5045311, 0, 0
1749043, 5290035, 0, 0
1750021, 5135373, 0, 0
1751053, 4462695, 0, 0
1752058, 4732458, 0, 0
1753039, 5632959, 0, 0
1754041, 5496041, 0, 0
1755058, 5128071, 0, 0
1756037, 5345317, 0, 0
1757015, 4983698, 0, 0
1758012, 5439419, 0, 0
1759063, 5020437, 0, 0
1760033, 5076293, 0, 0
1761010, 5603672, 0, 0
1762064, 5039081, 0, 0
1763007, 4662609, 0, 0
1764001, 5194449, 0, 0
1765044, 5134087, 0, 0
1766037, 5215204, 0, 0
1767018, 5299589, 0, 0
1768003, 4771599, 0, 0
1769015, 5350445, 0, 0
1770007, 4979233, 0, 0
1771033, 5885370, 0, 0
1772054, 5830305, 0, 0
1773016, 4923885, 0, 0
1774070, 5455858, 0, 0
1775052, 4953354, 0, 0
1776061, 5217652, 0, 0
1777033, 5395799, 0, 0
1778032, 5308377, 0, 0
1779005, 5995556, 0, 0
1780007, 5657731, 0, 0
1781060, 5477287, 0, 0
1782047, 5729842, 0, 0
1783057, 5541238, 0, 0
1784029, 4648004, 0, 0
1785027, 5163826, 0, 0
1786019, 5326223, 0, 0
1787052, 5262758, 0, 0
1788045, 5034955, 0, 0
1789042, 5185400, 0, 0
1790008, 4753668, 0, 0
1791000, 4828877, 0, 0
1792039, 5164319, 0, 0
1793028, 5119180, 0, 0
1794036, 5559574, 0, 0
1795041, 4921531, 0, 0
1796048, 5347788, 0, 0
1797001, 6348228, 0, 0
1798054, 5104801, 0, 0
1799044, 5151795, 0, 0
1800050, 5178599, 0, 0
