999, 324, 0, 0
2000, 480, 0, 0
2999, 476, 0, 0
3999, 460, 0, 0
5000, 480, 0, 0
6000, 488, 0, 0
6999, 444, 0, 0
8000, 480, 0, 0
9000, 480, 0, 0
9999, 488, 0, 0
11000, 516, 0, 0
11999, 452, 0, 0
12999, 484, 0, 0
14000, 484, 0, 0
15000, 512, 0, 0
15999, 480, 0, 0
17000, 492, 0, 0
17999, 520, 0, 0
18999, 452, 0, 0
20000, 520, 0, 0
21000, 488, 0, 0
21999, 484, 0, 0
23000, 480, 0, 0
24000, 452, 0, 0
24999, 460, 0, 0
25999, 484, 0, 0
27000, 516, 0, 0
27999, 512, 0, 0
28999, 428, 0, 0
30000, 468, 0, 0
30999, 452, 0, 0
31999, 512, 0, 0
33000, 480, 0, 0
34000, 496, 0, 0
34999, 488, 0, 0
36000, 452, 0, 0
36999, 488, 0, 0
37999, 484, 0, 0
39000, 516, 0, 0
39999, 524, 0, 0
40999, 488, 0, 0
42000, 496, 0, 0
42999, 500, 0, 0
43999, 528, 0, 0
45000, 492, 0, 0
45999, 464, 0, 0
47000, 496, 0, 0
48000, 512, 0, 0
48999, 496, 0, 0
49999, 500, 0, 0
51000, 492, 0, 0
51999, 520, 0, 0
52999, 496, 0, 0
54000, 532, 0, 0
54999, 484, 0, 0
55999, 500, 0, 0
57000, 544, 0, 0
57999, 484, 0, 0
58999, 504, 0, 0
60000, 504, 0, 0
60999, 488, 0, 0
62000, 528, 0, 0
63000, 480, 0, 0
63999, 468, 0, 0
64999, 480, 0, 0
66000, 492, 0, 0
66999, 476, 0, 0
67999, 496, 0, 0
69000, 460, 0, 0
69999, 520, 0, 0
70999, 492, 0, 0
72000, 504, 0, 0
72999, 484, 0, 0
73999, 468, 0, 0
75000, 524, 0, 0
76000, 548, 0, 0
76999, 468, 0, 0
78000, 492, 0, 0
78999, 508, 0, 0
79999, 488, 0, 0
81000, 516, 0, 0
81999, 504, 0, 0
82999, 504, 0, 0
84000, 520, 0, 0
84999, 508, 0, 0
85999, 508, 0, 0
87000, 472, 0, 0
87999, 528, 0, 0
88999, 492, 0, 0
90000, 504, 0, 0
90999, 508, 0, 0
91999, 500, 0, 0
93000, 528, 0, 0
93999, 460, 0, 0
94999, 540, 0, 0
96000, 512, 0, 0
96999, 504, 0, 0
97999, 468, 0, 0
99000, 512, 0, 0
99999, 528, 0, 0
100999, 500, 0, 0
102000, 496, 0, 0
102999, 500, 0, 0
103999, 496, 0, 0
105000, 532, 0, 0
105999, 488, 0, 0
106999, 488, 0, 0
108000, 508, 0, 0
108999, 552, 0, 0
109999, 472, 0, 0
111000, 512, 0, 0
111999, 508, 0, 0
113000, 496, 0, 0
114000, 496, 0, 0
114999, 552, 0, 0
116000, 500, 0, 0
117000, 544, 0, 0
117999, 500, 0, 0
119000, 500, 0, 0
120000, 528, 0, 0
120999, 512, 0, 0
122000, 504, 0, 0
122999, 492, 0, 0
123999, 512, 0, 0
125000, 552, 0, 0
125999, 524, 0, 0
126999, 560, 0, 0
128000, 508, 0, 0
128999, 520, 0, 0
129999, 532, 0, 0
131000, 512, 0, 0
132000, 548, 0, 0
132999, 488, 0, 0
134000, 480, 0, 0
134999, 512, 0, 0
135999, 508, 0, 0
137000, 508, 0, 0
137999, 508, 0, 0
138999, 492, 0, 0
140000, 556, 0, 0
140999, 500, 0, 0
141999, 524, 0, 0
143000, 512, 0, 0
143999, 552, 0, 0
144999, 464, 0, 0
146000, 512, 0, 0
146999, 544, 0, 0
147999, 488, 0, 0
149000, 536, 0, 0
149999, 492, 0, 0
150999, 516, 0, 0
152000, 520, 0, 0
152999, 528, 0, 0
153999, 500, 0, 0
155000, 540, 0, 0
155999, 516, 0, 0
156999, 552, 0, 0
158000, 468, 0, 0
158999, 516, 0, 0
159999, 544, 0, 0
161000, 520, 0, 0
161999, 532, 0, 0
162999, 580, 0, 0
164000, 500, 0, 0
164999, 504, 0, 0
165999, 508, 0, 0
167000, 488, 0, 0
167999, 500, 0, 0
168999, 528, 0, 0
170000, 524, 0, 0
170999, 508, 0, 0
171999, 540, 0, 0
173000, 536, 0, 0
173999, 544, 0, 0
174999, 512, 0, 0
176000, 504, 0, 0
176999, 552, 0, 0
177999, 512, 0, 0
179000, 528, 0, 0
179999, 580, 0, 0
180999, 524, 0, 0
182000, 560, 0, 0
182999, 536, 0, 0
183999, 536, 0, 0
185000, 500, 0, 0
185999, 532, 0, 0
186999, 536, 0, 0
188000, 520, 0, 0
188999, 552, 0, 0
189999, 500, 0, 0
191000, 504, 0, 0
191999, 568, 0, 0
193000, 544, 0, 0
194000, 524, 0, 0
194999, 556, 0, 0
196000, 536, 0, 0
196999, 568, 0, 0
197999, 552, 0, 0
199000, 532, 0, 0
200000, 516, 0, 0
200999, 536, 0, 0
202000, 552, 0, 0
202999, 524, 0, 0
203999, 536, 0, 0
205000, 544, 0, 0
205999, 516, 0, 0
206999, 592, 0, 0
208000, 508, 0, 0
208999, 584, 0, 0
209999, 536, 0, 0
211000, 544, 0, 0
212000, 532, 0, 0
212999, 540, 0, 0
214000, 512, 0, 0
215000, 540, 0, 0
215999, 584, 0, 0
217000, 528, 0, 0
218000, 540, 0, 0
218999, 528, 0, 0
220000, 536, 0, 0
221000, 596, 0, 0
221999, 580, 0, 0
222999, 496, 0, 0
224000, 584, 0, 0
224999, 540, 0, 0
226000, 600, 0, 0
227000, 528, 0, 0
227999, 596, 0, 0
229000, 552, 0, 0
230000, 544, 0, 0
230999, 556, 0, 0
232000, 524, 0, 0
233000, 536, 0, 0
233999, 552, 0, 0
234999, 584, 0, 0
236000, 524, 0, 0
236999, 516, 0, 0
238000, 572, 0, 0
239000, 504, 0, 0
239999, 552, 0, 0
241000, 568, 0, 0
241999, 520, 0, 0
242999, 576, 0, 0
244000, 584, 0, 0
245000, 532, 0, 0
245999, 580, 0, 0
247000, 488, 0, 0
248000, 520, 0, 0
248999, 564, 0, 0
250000, 552, 0, 0
251000, 548, 0, 0
251999, 620, 0, 0
252999, 532, 0, 0
254000, 548, 0, 0
254999, 540, 0, 0
255999, 612, 0, 0
257000, 560, 0, 0
257999, 576, 0, 0
258999, 556, 0, 0
260000, 572, 0, 0
260999, 560, 0, 0
261999, 544, 0, 0
263000, 556, 0, 0
263999, 504, 0, 0
264999, 588, 0, 0
266000, 540, 0, 0
266999, 568, 0, 0
267999, 540, 0, 0
269000, 564, 0, 0
269999, 608, 0, 0
270999, 584, 0, 0
272000, 532, 0, 0
272999, 552, 0, 0
273999, 556, 0, 0
275000, 576, 0, 0
275999, 580, 0, 0
276999, 604, 0, 0
278000, 492, 0, 0
278999, 600, 0, 0
279999, 600, 0, 0
281000, 556, 0, 0
281999, 556, 0, 0
282999, 588, 0, 0
284000, 576, 0, 0
284999, 556, 0, 0
285999, 536, 0, 0
287000, 556, 0, 0
287999, 604, 0, 0
288999, 540, 0, 0
290000, 524, 0, 0
290999, 616, 0, 0
291999, 556, 0, 0
293000, 584, 0, 0
293999, 624, 0, 0
294999, 608, 0, 0
296000, 580, 0, 0
297000, 584, 0, 0
297999, 552, 0, 0
298999, 532, 0, 0
300000, 596, 0, 0
300999, 612, 0, 0
301999, 596, 0, 0
303000, 524, 0, 0
303999, 548, 0, 0
304999, 556, 0, 0
306000, 628, 0, 0
306999, 584, 0, 0
307999, 604, 0, 0
309000, 536, 0, 0
309999, 540, 0, 0
310999, 548, 0, 0
312000, 556, 0, 0
312999, 564, 0, 0
313999, 564, 0, 0
315000, 584, 0, 0
315999, 640, 0, 0
316999, 600, 0, 0
318000, 556, 0, 0
318999, 560, 0, 0
319999, 588, 0, 0
321000, 604, 0, 0
321999, 552, 0, 0
322999, 568, 0, 0
324000, 584, 0, 0
324999, 564, 0, 0
325999, 592, 0, 0
327000, 592, 0, 0
327999, 588, 0, 0
328999, 620, 0, 0
330000, 592, 0, 0
330999, 568, 0, 0
331999, 612, 0, 0
333000, 524, 0, 0
333999, 584, 0, 0
334999, 536, 0, 0
336000, 596, 0, 0
336999, 624, 0, 0
337999, 576, 0, 0
339000, 596, 0, 0
339999, 584, 0, 0
340999, 532, 0, 0
342000, 588, 0, 0
342999, 568, 0, 0
343999, 564, 0, 0
345000, 576, 0, 0
345999, 560, 0, 0
346999, 604, 0, 0
348000, 596, 0, 0
348999, 528, 0, 0
349999, 612, 0, 0
351000, 592, 0, 0
351999, 608, 0, 0
352999, 556, 0, 0
354000, 624, 0, 0
354999, 560, 0, 0
355999, 600, 0, 0
357000, 536, 0, 0
357999, 624, 0, 0
358999, 584, 0, 0
360000, 580, 0, 0
360999, 588, 0, 0
361999, 504, 0, 0
363000, 664, 0, 0
363999, 552, 0, 0
364999, 576, 0, 0
366000, 552, 0, 0
366999, 660, 0, 0
368000, 632, 0, 0
369000, 600, 0, 0
369999, 564, 0, 0
371000, 584, 0, 0
372000, 608, 0, 0
372999, 596, 0, 0
374000, 616, 0, 0
375000, 576, 0, 0
375999, 604, 0, 0
377000, 636, 0, 0
378000, 592, 0, 0
378999, 576, 0, 0
380000, 632, 0, 0
380999, 588, 0, 0
381999, 592, 0, 0
383000, 664, 0, 0
384000, 536, 0, 0
384999, 640, 0, 0
386000, 548, 0, 0
387000, 616, 0, 0
387999, 536, 0, 0
389000, 640, 0, 0
390000, 636, 0, 0
390999, 648, 0, 0
392000, 588, 0, 0
392999, 620, 0, 0
393999, 588, 0, 0
395000, 604, 0, 0
396000, 592, 0, 0
396999, 600, 0, 0
398000, 636, 0, 0
398999, 604, 0, 0
399999, 592, 0, 0
401000, 556, 0, 0
401999, 604, 0, 0
402999, 612, 0, 0
404000, 664, 0, 0
404999, 552, 0, 0
405999, 672, 0, 0
407000, 576, 0, 0
407999, 600, 0, 0
408999, 628, 0, 0
410000, 604, 0, 0
410999, 640, 0, 0
411999, 616, 0, 0
413000, 592, 0, 0
413999, 572, 0, 0
414999, 620, 0, 0
416000, 628, 0, 0
416999, 660, 0, 0
417999, 612, 0, 0
419000, 616, 0, 0
420000, 660, 0, 0
420999, 640, 0, 0
422000, 600, 0, 0
422999, 616, 0, 0
423999, 628, 0, 0
425000, 612, 0, 0
425999, 604, 0, 0
426999, 656, 0, 0
428000, 648, 0, 0
428999, 636, 0, 0
429999, 632, 0, 0
431000, 652, 0, 0
431999, 608, 0, 0
432999, 604, 0, 0
434000, 620, 0, 0
434999, 628, 0, 0
435999, 640, 0, 0
437000, 620, 0, 0
437999, 616, 0, 0
438999, 616, 0, 0
440000, 588, 0, 0
440999, 624, 0, 0
441999, 584, 0, 0
443000, 600, 0, 0
443999, 632, 0, 0
444999, 708, 0, 0
446000, 668, 0, 0
446999, 604, 0, 0
447999, 584, 0, 0
449000, 636, 0, 0
449999, 692, 0, 0
450999, 656, 0, 0
452000, 644, 0, 0
453000, 640, 0, 0
453999, 664, 0, 0
455000, 684, 0, 0
456000, 704, 0, 0
456999, 596, 0, 0
458000, 668, 0, 0
459000, 660, 0, 0
459999, 584, 0, 0
461000, 676, 0, 0
461999, 672, 0, 0
462999, 628, 0, 0
464000, 604, 0, 0
465000, 680, 0, 0
465999, 632, 0, 0
467000, 632, 0, 0
468000, 624, 0, 0
468999, 704, 0, 0
470000, 644, 0, 0
471000, 672, 0, 0
471999, 640, 0, 0
473000, 600, 0, 0
474000, 612, 0, 0
474999, 648, 0, 0
476000, 648, 0, 0
477000, 632, 0, 0
477999, 684, 0, 0
479000, 624, 0, 0
479999, 732, 0, 0
480999, 696, 0, 0
482000, 604, 0, 0
483000, 536, 0, 0
483999, 680, 0, 0
485000, 624, 0, 0
485999, 620, 0, 0
486999, 640, 0, 0
488000, 640, 0, 0
488999, 692, 0, 0
489999, 656, 0, 0
491000, 544, 0, 0
491999, 596, 0, 0
492999, 660, 0, 0
494000, 624, 0, 0
494999, 596, 0, 0
495999, 644, 0, 0
497000, 604, 0, 0
497999, 552, 0, 0
498999, 628, 0, 0
500000, 688, 0, 0
500999, 724, 0, 0
501999, 652, 0, 0
503000, 620, 0, 0
503999, 652, 0, 0
504999, 652, 0, 0
506000, 612, 0, 0
506999, 628, 0, 0
507999, 648, 0, 0
509000, 620, 0, 0
509999, 668, 0, 0
510999, 712, 0, 0
512000, 620, 0, 0
512999, 700, 0, 0
513999, 628, 0, 0
515000, 656, 0, 0
515999, 684, 0, 0
516999, 644, 0, 0
518000, 728, 0, 0
518999, 624, 0, 0
519999, 616, 0, 0
521000, 660, 0, 0
521999, 668, 0, 0
522999, 748, 0, 0
524000, 632, 0, 0
524999, 636, 0, 0
525999, 652, 0, 0
527000, 648, 0, 0
527999, 644, 0, 0
528999, 660, 0, 0
530000, 652, 0, 0
530999, 588, 0, 0
531999, 688, 0, 0
533000, 624, 0, 0
533999, 672, 0, 0
534999, 644, 0, 0
536000, 656, 0, 0
536999, 624, 0, 0
537999, 608, 0, 0
539000, 684, 0, 0
539999, 636, 0, 0
540999, 676, 0, 0
542000, 648, 0, 0
542999, 664, 0, 0
543999, 684, 0, 0
545000, 732, 0, 0
545999, 640, 0, 0
546999, 708, 0, 0
548000, 640, 0, 0
548999, 680, 0, 0
549999, 776, 0, 0
551000, 692, 0, 0
551999, 748, 0, 0
552999, 644, 0, 0
554000, 680, 0, 0
554999, 728, 0, 0
555999, 812, 0, 0
556999, 656, 0, 0
557999, 756, 0, 0
558999, 676, 0, 0
560000, 676, 0, 0
560999, 612, 0, 0
561999, 700, 0, 0
563000, 708, 0, 0
563999, 616, 0, 0
564999, 668, 0, 0
566000, 632, 0, 0
566999, 668, 0, 0
567999, 720, 0, 0
569000, 692, 0, 0
569999, 688, 0, 0
570999, 660, 0, 0
572000, 700, 0, 0
572999, 680, 0, 0
574000, 708, 0, 0
575000, 688, 0, 0
575999, 716, 0, 0
577000, 708, 0, 0
577999, 596, 0, 0
578999, 640, 0, 0
580000, 656, 0, 0
580999, 688, 0, 0
581999, 520, 0, 0
583000, 652, 0, 0
583999, 736, 0, 0
584999, 704, 0, 0
586000, 648, 0, 0
586999, 668, 0, 0
587999, 776, 0, 0
589000, 652, 0, 0
589999, 668, 0, 0
590999, 668, 0, 0
592000, 664, 0, 0
592999, 668, 0, 0
593999, 708, 0, 0
595000, 656, 0, 0
595999, 616, 0, 0
596999, 780, 0, 0
598000, 740, 0, 0
598999, 632, 0, 0
599999, 796, 0, 0
601000, 764, 0, 0
601999, 744, 0, 0
602999, 708, 0, 0
604000, 712, 0, 0
604999, 776, 0, 0
605999, 664, 0, 0
607000, 644, 0, 0
608000, 704, 0, 0
608999, 712, 0, 0
610000, 720, 0, 0
610999, 752, 0, 0
611999, 724, 0, 0
613000, 764, 0, 0
613999, 576, 0, 0
614999, 720, 0, 0
616000, 704, 0, 0
616999, 676, 0, 0
617999, 676, 0, 0
619000, 776, 0, 0
619999, 720, 0, 0
620999, 668, 0, 0
622000, 712, 0, 0
622999, 712, 0, 0
623999, 656, 0, 0
625000, 704, 0, 0
625999, 668, 0, 0
626999, 772, 0, 0
628000, 716, 0, 0
628999, 676, 0, 0
629999, 792, 0, 0
631000, 644, 0, 0
631999, 772, 0, 0
632999, 676, 0, 0
634000, 672, 0, 0
634999, 620, 0, 0
635999, 720, 0, 0
637000, 732, 0, 0
637999, 720, 0, 0
638999, 700, 0, 0
640000, 712, 0, 0
640999, 748, 0, 0
641999, 660, 0, 0
643000, 780, 0, 0
643999, 748, 0, 0
644999, 724, 0, 0
646000, 760, 0, 0
646999, 704, 0, 0
647999, 692, 0, 0
649000, 712, 0, 0
649999, 692, 0, 0
650999, 792, 0, 0
652000, 724, 0, 0
652999, 744, 0, 0
653999, 672, 0, 0
655000, 780, 0, 0
655999, 760, 0, 0
656999, 784, 0, 0
658000, 700, 0, 0
658999, 760, 0, 0
659999, 708, 0, 0
661000, 728, 0, 0
661999, 668, 0, 0
662999, 728, 0, 0
664000, 760, 0, 0
664999, 724, 0, 0
665999, 764, 0, 0
667000, 724, 0, 0
667999, 816, 0, 0
668999, 712, 0, 0
670000, 704, 0, 0
670999, 728, 0, 0
671999, 752, 0, 0
673000, 696, 0, 0
673999, 788, 0, 0
674999, 712, 0, 0
676000, 732, 0, 0
676999, 848, 0, 0
677999, 748, 0, 0
679000, 720, 0, 0
679999, 704, 0, 0
680999, 700, 0, 0
682000, 828, 0, 0
682999, 772, 0, 0
683999, 792, 0, 0
685000, 688, 0, 0
685999, 800, 0, 0
686999, 780, 0, 0
688000, 776, 0, 0
688999, 732, 0, 0
689999, 832, 0, 0
691000, 732, 0, 0
691999, 756, 0, 0
692999, 808, 0, 0
694000, 768, 0, 0
695000, 792, 0, 0
696000, 820, 0, 0
697000, 724, 0, 0
698000, 816, 0, 0
699000, 800, 0, 0
700000, 820, 0, 0
701000, 776, 0, 0
702000, 792, 0, 0
703000, 792, 0, 0
704000, 600, 0, 0
705000, 788, 0, 0
706000, 776, 0, 0
707000, 904, 0, 0
708000, 740, 0, 0
709000, 840, 0, 0
710000, 828, 0, 0
711000, 708, 0, 0
712000, 800, 0, 0
713000, 800, 0, 0
714000, 756, 0, 0
715000, 708, 0, 0
716000, 848, 0, 0
717000, 728, 0, 0
718000, 800, 0, 0
719000, 784, 0, 0
720000, 820, 0, 0
721000, 748, 0, 0
722000, 764, 0, 0
723000, 736, 0, 0
724000, 764, 0, 0
725000, 728, 0, 0
726000, 604, 0, 0
727000, 680, 0, 0
728000, 708, 0, 0
729000, 792, 0, 0
730000, 716, 0, 0
731000, 692, 0, 0
732000, 732, 0, 0
733000, 712, 0, 0
734000, 776, 0, 0
735000, 800, 0, 0
736000, 772, 0, 0
737000, 752, 0, 0
738001, 839, 0, 0
739000, 736, 0, 0
740000, 724, 0, 0
741000, 816, 0, 0
742000, 868, 0, 0
743000, 780, 0, 0
744000, 720, 0, 0
745000, 760, 0, 0
746000, 736, 0, 0
746999, 804, 0, 0
748000, 700, 0, 0
749000, 756, 0, 0
750000, 736, 0, 0
751000, 736, 0, 0
752000, 704, 0, 0
753000, 824, 0, 0
754000, 684, 0, 0
754999, 800, 0, 0
756000, 732, 0, 0
756999, 860, 0, 0
757999, 620, 0, 0
758999, 804, 0, 0
759998, 673, 0, 0
760999, 848, 0, 0
761999, 708, 0, 0
762998, 741, 0, 0
763998, 701, 0, 0
764997, 734, 0, 0
765998, 757, 0, 0
766998, 797, 0, 0
767997, 714, 0, 0
768997, 742, 0, 0
769997, 726, 0, 0
770997, 694, 0, 0
771997, 750, 0, 0
772996, 779, 0, 0
773997, 734, 0, 0
774996, 851, 0, 0
775996, 803, 0, 0
776996, 726, 0, 0
777995, 787, 0, 0
778996, 722, 0, 0
779995, 808, 0, 0
780995, 775, 0, 0
781996, 839, 0, 0
782995, 707, 0, 0
783995, 747, 0, 0
784994, 712, 0, 0
785994, 728, 0, 0
786995, 791, 0, 0
787994, 812, 0, 0
788994, 804, 0, 0
789994, 692, 0, 0
790993, 801, 0, 0
791994, 760, 0, 0
792993, 878, 0, 0
793993, 660, 0, 0
794993, 692, 0, 0
795993, 809, 0, 0
796993, 837, 0, 0
797992, 665, 0, 0
798992, 701, 0, 0
799993, 777, 0, 0
800992, 681, 0, 0
801992, 725, 0, 0
802991, 847, 0, 0
803991, 641, 0, 0
804992, 741, 0, 0
805991, 718, 0, 0
806991, 670, 0, 0
808000, 728, 0, 0
808991, 742, 0, 0
809991, 754, 0, 0
811000, 812, 0, 0
812000, 732, 0, 0
812999, 780, 0, 0
814000, 784, 0, 0
815000, 740, 0, 0
815999, 800, 0, 0
816999, 736, 0, 0
818000, 776, 0, 0
818999, 692, 0, 0
820000, 688, 0, 0
821000, 776, 0, 0
821999, 724, 0, 0
822999, 816, 0, 0
824000, 764, 0, 0
824999, 812, 0, 0
825999, 860, 0, 0
827000, 720, 0, 0
827999, 732, 0, 0
828999, 800, 0, 0
830000, 720, 0, 0
830999, 764, 0, 0
831999, 744, 0, 0
833000, 712, 0, 0
834000, 860, 0, 0
834999, 776, 0, 0
836000, 716, 0, 0
837000, 784, 0, 0
837999, 768, 0, 0
838999, 760, 0, 0
840000, 680, 0, 0
840999, 800, 0, 0
842000, 800, 0, 0
843000, 812, 0, 0
843999, 720, 0, 0
844999, 800, 0, 0
846000, 664, 0, 0
846999, 768, 0, 0
848000, 772, 0, 0
849000, 752, 0, 0
849999, 752, 0, 0
850999, 816, 0, 0
852000, 760, 0, 0
852999, 684, 0, 0
853999, 748, 0, 0
855000, 784, 0, 0
855999, 688, 0, 0
856999, 744, 0, 0
858000, 788, 0, 0
858999, 764, 0, 0
860000, 720, 0, 0
861000, 680, 0, 0
861999, 784, 0, 0
862999, 700, 0, 0
864000, 744, 0, 0
864999, 808, 0, 0
865999, 720, 0, 0
867000, 664, 0, 0
867999, 672, 0, 0
868999, 832, 0, 0
870000, 692, 0, 0
871000, 772, 0, 0
871999, 772, 0, 0
873000, 672, 0, 0
874000, 748, 0, 0
874999, 732, 0, 0
875999, 696, 0, 0
877000, 704, 0, 0
877999, 748, 0, 0
878999, 740, 0, 0
880000, 712, 0, 0
880999, 720, 0, 0
881999, 780, 0, 0
883000, 788, 0, 0
883999, 768, 0, 0
884999, 720, 0, 0
886000, 676, 0, 0
886999, 780, 0, 0
887999, 736, 0, 0
889000, 756, 0, 0
889999, 832, 0, 0
890999, 692, 0, 0
892000, 724, 0, 0
892999, 768, 0, 0
893999, 720, 0, 0
895000, 744, 0, 0
895999, 812, 0, 0
896999, 788, 0, 0
898000, 724, 0, 0
898999, 828, 0, 0
899999, 708, 0, 0
901000, 732, 0, 0
901999, 764, 0, 0
902999, 740, 0, 0
904000, 792, 0, 0
904999, 744, 0, 0
905999, 832, 0, 0
907000, 716, 0, 0
907999, 652, 0, 0
908999, 812, 0, 0
910000, 788, 0, 0
910999, 660, 0, 0
911999, 732, 0, 0
913000, 756, 0, 0
913999, 748, 0, 0
914999, 760, 0, 0
916000, 772, 0, 0
916999, 832, 0, 0
917999, 816, 0, 0
919000, 776, 0, 0
919999, 760, 0, 0
920999, 756, 0, 0
922000, 788, 0, 0
922999, 756, 0, 0
923999, 712, 0, 0
925000, 772, 0, 0
925999, 792, 0, 0
926999, 676, 0, 0
928000, 744, 0, 0
928999, 764, 0, 0
929999, 648, 0, 0
931000, 752, 0, 0
932000, 740, 0, 0
932999, 760, 0, 0
934000, 836, 0, 0
935000, 836, 0, 0
935999, 784, 0, 0
936999, 896, 0, 0
938000, 748, 0, 0
938999, 756, 0, 0
939999, 752, 0, 0
941000, 732, 0, 0
941999, 736, 0, 0
943000, 736, 0, 0
944000, 688, 0, 0
944999, 756, 0, 0
946000, 728, 0, 0
947000, 756, 0, 0
947999, 800, 0, 0
948999, 728, 0, 0
950000, 844, 0, 0
950999, 720, 0, 0
951999, 740, 0, 0
953000, 620, 0, 0
953999, 780, 0, 0
954999, 696, 0, 0
956000, 764, 0, 0
957000, 704, 0, 0
957999, 764, 0, 0
959000, 776, 0, 0
960000, 700, 0, 0
960999, 744, 0, 0
962000, 792, 0, 0
963000, 776, 0, 0
963999, 756, 0, 0
965000, 748, 0, 0
966000, 732, 0, 0
966999, 780, 0, 0
968000, 712, 0, 0
969000, 820, 0, 0
969999, 748, 0, 0
970999, 860, 0, 0
972000, 784, 0, 0
972999, 744, 0, 0
973999, 720, 0, 0
975000, 768, 0, 0
975999, 792, 0, 0
977000, 776, 0, 0
978000, 700, 0, 0
978999, 736, 0, 0
980000, 796, 0, 0
981000, 816, 0, 0
981999, 764, 0, 0
983000, 680, 0, 0
984000, 776, 0, 0
984999, 860, 0, 0
985999, 760, 0, 0
987000, 692, 0, 0
987999, 768, 0, 0
988999, 812, 0, 0
990000, 704, 0, 0
990999, 784, 0, 0
991999, 792, 0, 0
993000, 764, 0, 0
993999, 680, 0, 0
994999, 740, 0, 0
996000, 824, 0, 0
996999, 716, 0, 0
997999, 696, 0, 0
999000, 488, 0, 0
999999, 760, 0, 0
1000999, 728, 0, 0
1002000, 828, 0, 0
1002999, 672, 0, 0
1003999, 656, 0, 0
1005000, 720, 0, 0
1005999, 688, 0, 0
1006999, 752, 0, 0
1008000, 740, 0, 0
1008999, 732, 0, 0
1009999, 720, 0, 0
1011000, 764, 0, 0
1012000, 708, 0, 0
1012999, 832, 0, 0
1014000, 744, 0, 0
1015000, 696, 0, 0
1015999, 740, 0, 0
1017000, 716, 0, 0
1018000, 712, 0, 0
1018999, 684, 0, 0
1019999, 756, 0, 0
1021000, 760, 0, 0
1021999, 852, 0, 0
1022999, 700, 0, 0
1024000, 828, 0, 0
1024999, 764, 0, 0
1025999, 680, 0, 0
1027000, 868, 0, 0
1027999, 800, 0, 0
1028999, 752, 0, 0
1030000, 820, 0, 0
1031000, 820, 0, 0
1031999, 736, 0, 0
1033000, 780, 0, 0
1033999, 776, 0, 0
1034999, 716, 0, 0
1036000, 788, 0, 0
1037000, 840, 0, 0
1037999, 744, 0, 0
1039000, 820, 0, 0
1040000, 688, 0, 0
1040999, 700, 0, 0
1041999, 764, 0, 0
1043000, 856, 0, 0
1043999, 652, 0, 0
1044999, 780, 0, 0
1046000, 768, 0, 0
1046999, 692, 0, 0
1047999, 724, 0, 0
1049000, 728, 0, 0
1049999, 760, 0, 0
1050999, 812, 0, 0
1052000, 716, 0, 0
1052999, 708, 0, 0
1053999, 712, 0, 0
1055000, 684, 0, 0
1055999, 720, 0, 0
1056999, 688, 0, 0
1058000, 772, 0, 0
1058999, 856, 0, 0
1059999, 756, 0, 0
1061000, 640, 0, 0
1062000, 788, 0, 0
1062999, 760, 0, 0
1064000, 740, 0, 0
1064999, 788, 0, 0
1065999, 680, 0, 0
1067000, 808, 0, 0
1067999, 888, 0, 0
1068999, 868, 0, 0
1070000, 784, 0, 0
1070999, 676, 0, 0
1071999, 792, 0, 0
1073000, 712, 0, 0
1074000, 728, 0, 0
1074999, 788, 0, 0
1076000, 800, 0, 0
1076999, 784, 0, 0
1077999, 740, 0, 0
1079000, 652, 0, 0
1079999, 776, 0, 0
1080999, 708, 0, 0
1082000, 840, 0, 0
1082999, 784, 0, 0
1083999, 764, 0, 0
1085000, 880, 0, 0
1086000, 760, 0, 0
1086999, 724, 0, 0
1088000, 712, 0, 0
1089000, 532, 0, 0
1089999, 832, 0, 0
1091000, 784, 0, 0
1092000, 708, 0, 0
1092999, 716, 0, 0
1093999, 796, 0, 0
1095000, 736, 0, 0
1095999, 760, 0, 0
1096999, 800, 0, 0
1097999, 780, 0, 0
1099000, 796, 0, 0
1099999, 804, 0, 0
1100999, 724, 0, 0
1101999, 848, 0, 0
1103000, 756, 0, 0
1103999, 692, 0, 0
1104999, 824, 0, 0
1106000, 784, 0, 0
1106999, 748, 0, 0
1107999, 732, 0, 0
1109000, 756, 0, 0
1109999, 788, 0, 0
1110999, 672, 0, 0
1112000, 804, 0, 0
1112999, 728, 0, 0
1113999, 696, 0, 0
1115000, 672, 0, 0
1116000, 728, 0, 0
1116999, 736, 0, 0
1118000, 644, 0, 0
1119000, 528, 0, 0
1119999, 672, 0, 0
1121000, 812, 0, 0
1122000, 760, 0, 0
1122999, 728, 0, 0
1124000, 868, 0, 0
1125000, 840, 0, 0
1125999, 872, 0, 0
1127000, 972, 0, 0
1128000, 808, 0, 0
1128999, 780, 0, 0
1129999, 784, 0, 0
1131000, 808, 0, 0
1131999, 772, 0, 0
1132999, 840, 0, 0
1134000, 740, 0, 0
1134999, 560, 0, 0
1135999, 704, 0, 0
1137000, 792, 0, 0
1137999, 700, 0, 0
1138999, 704, 0, 0
1140000, 736, 0, 0
1140999, 744, 0, 0
1141999, 744, 0, 0
1143000, 732, 0, 0
1143999, 832, 0, 0
1144999, 724, 0, 0
1146000, 788, 0, 0
1146999, 720, 0, 0
1147999, 816, 0, 0
1149000, 756, 0, 0
1149999, 772, 0, 0
1150999, 724, 0, 0
1152000, 680, 0, 0
1152999, 900, 0, 0
1153999, 676, 0, 0
1155000, 768, 0, 0
1155999, 700, 0, 0
1156999, 736, 0, 0
1158000, 768, 0, 0
1158999, 792, 0, 0
1159999, 872, 0, 0
1161000, 776, 0, 0
1161999, 736, 0, 0
1162999, 788, 0, 0
1164000, 732, 0, 0
1164999, 736, 0, 0
1165999, 840, 0, 0
1167000, 804, 0, 0
1167999, 732, 0, 0
1168999, 684, 0, 0
1170000, 752, 0, 0
1170999, 808, 0, 0
1171999, 808, 0, 0
1173000, 756, 0, 0
1173999, 756, 0, 0
1174999, 792, 0, 0
1176000, 812, 0, 0
1177000, 832, 0, 0
1177999, 796, 0, 0
1178999, 644, 0, 0
1180000, 756, 0, 0
1180999, 836, 0, 0
1181999, 768, 0, 0
1183000, 760, 0, 0
1183999, 844, 0, 0
1184999, 744, 0, 0
1186000, 716, 0, 0
1186999, 904, 0, 0
1187999, 812, 0, 0
1189000, 772, 0, 0
1189999, 716, 0, 0
1190999, 804, 0, 0
1192000, 760, 0, 0
1192999, 764, 0, 0
1193999, 676, 0, 0
1195000, 828, 0, 0
1195999, 684, 0, 0
1196999, 760, 0, 0
1198000, 684, 0, 0
1198999, 776, 0, 0
1199999, 700, 0, 0
1200999, 776, 0, 0
1202000, 764, 0, 0
1202999, 740, 0, 0
1203999, 744, 0, 0
1205000, 744, 0, 0
1205999, 740, 0, 0
1206999, 812, 0, 0
1208000, 736, 0, 0
1208999, 784, 0, 0
1209999, 648, 0, 0
1211000, 772, 0, 0
1211999, 760, 0, 0
1213000, 816, 0, 0
1214000, 764, 0, 0
1214999, 792, 0, 0
1216000, 752, 0, 0
1216999, 740, 0, 0
1217999, 764, 0, 0
1219000, 800, 0, 0
1220000, 756, 0, 0
1220999, 680, 0, 0
1222000, 728, 0, 0
1222999, 804, 0, 0
1223999, 820, 0, 0
1225000, 768, 0, 0
1226000, 680, 0, 0
1226999, 812, 0, 0
1228000, 776, 0, 0
1229000, 708, 0, 0
1229999, 748, 0, 0
1231000, 792, 0, 0
1232000, 760, 0, 0
1232999, 808, 0, 0
1234000, 672, 0, 0
1235000, 728, 0, 0
1235999, 816, 0, 0
1237000, 788, 0, 0
1238000, 740, 0, 0
1238999, 744, 0, 0
1240000, 724, 0, 0
1241000, 756, 0, 0
1241999, 732, 0, 0
1243000, 756, 0, 0
1243999, 752, 0, 0
1244999, 812, 0, 0
1246000, 776, 0, 0
1246999, 760, 0, 0
1247999, 836, 0, 0
1249000, 744, 0, 0
1249999, 780, 0, 0
1250999, 764, 0, 0
1252000, 700, 0, 0
1253000, 792, 0, 0
1253999, 856, 0, 0
1255000, 788, 0, 0
1256000, 784, 0, 0
1256999, 728, 0, 0
1257999, 776, 0, 0
1259000, 712, 0, 0
1259999, 720, 0, 0
1261000, 700, 0, 0
1262000, 748, 0, 0
1262999, 740, 0, 0
1264000, 776, 0, 0
1265000, 744, 0, 0
1265999, 768, 0, 0
1267000, 812, 0, 0
1268000, 764, 0, 0
1268999, 700, 0, 0
1269999, 776, 0, 0
1271000, 732, 0, 0
1271999, 732, 0, 0
1272999, 768, 0, 0
1274000, 748, 0, 0
1274999, 728, 0, 0
1275999, 664, 0, 0
1277000, 780, 0, 0
1277999, 860, 0, 0
1278999, 828, 0, 0
1280000, 716, 0, 0
1280999, 780, 0, 0
1281999, 716, 0, 0
1283000, 744, 0, 0
1283999, 780, 0, 0
1284999, 812, 0, 0
1286000, 764, 0, 0
1286999, 804, 0, 0
1287999, 748, 0, 0
1289000, 756, 0, 0
1289999, 740, 0, 0
1291000, 740, 0, 0
1291999, 752, 0, 0
1292999, 764, 0, 0
1293999, 852, 0, 0
1295000, 728, 0, 0
1295999, 728, 0, 0
1296999, 736, 0, 0
1298000, 740, 0, 0
1298999, 832, 0, 0
1299999, 708, 0, 0
1301000, 768, 0, 0
1301999, 780, 0, 0
1302999, 760, 0, 0
1304000, 748, 0, 0
1304999, 752, 0, 0
1305999, 836, 0, 0
1307000, 736, 0, 0
1307999, 860, 0, 0
1308999, 716, 0, 0
1310000, 784, 0, 0
1310999, 736, 0, 0
1311999, 708, 0, 0
1313000, 772, 0, 0
1313999, 704, 0, 0
1314999, 740, 0, 0
1316000, 688, 0, 0
1316999, 696, 0, 0
1318000, 708, 0, 0
1319000, 808, 0, 0
1319999, 824, 0, 0
1321000, 700, 0, 0
1322000, 828, 0, 0
1322999, 808, 0, 0
1323999, 772, 0, 0
1325000, 824, 0, 0
1325999, 892, 0, 0
1326999, 780, 0, 0
1328000, 748, 0, 0
1328999, 780, 0, 0
1329999, 784, 0, 0
1331000, 768, 0, 0
1331999, 740, 0, 0
1332999, 760, 0, 0
1334000, 768, 0, 0
1334999, 696, 0, 0
1335999, 704, 0, 0
1337000, 816, 0, 0
1337999, 816, 0, 0
1338999, 712, 0, 0
1340000, 828, 0, 0
1340999, 736, 0, 0
1341999, 728, 0, 0
1343000, 748, 0, 0
1343999, 824, 0, 0
1344999, 712, 0, 0
1346000, 760, 0, 0
1346999, 764, 0, 0
1347999, 772, 0, 0
1349000, 616, 0, 0
1349999, 740, 0, 0
1351000, 724, 0, 0
1352000, 776, 0, 0
1352999, 788, 0, 0
1354000, 836, 0, 0
1355000, 800, 0, 0
1355999, 696, 0, 0
1356999, 736, 0, 0
1358000, 756, 0, 0
1358999, 680, 0, 0
1360000, 708, 0, 0
1361000, 800, 0, 0
1361999, 588, 0, 0
1363000, 724, 0, 0
1364000, 772, 0, 0
1364999, 772, 0, 0
1366000, 700, 0, 0
1366999, 756, 0, 0
1367999, 704, 0, 0
1369000, 808, 0, 0
1370000, 812, 0, 0
1370999, 800, 0, 0
1372000, 716, 0, 0
1372999, 776, 0, 0
1373999, 708, 0, 0
1375000, 776, 0, 0
1375999, 740, 0, 0
1376999, 756, 0, 0
1378000, 644, 0, 0
1378999, 756, 0, 0
1379999, 900, 0, 0
1381000, 728, 0, 0
1381999, 776, 0, 0
1382999, 708, 0, 0
1384000, 740, 0, 0
1384999, 804, 0, 0
1385999, 780, 0, 0
1387000, 728, 0, 0
1387999, 816, 0, 0
1388999, 648, 0, 0
1390000, 756, 0, 0
1390999, 816, 0, 0
1391999, 760, 0, 0
1393000, 768, 0, 0
1393999, 768, 0, 0
1395000, 752, 0, 0
1396000, 768, 0, 0
1396999, 856, 0, 0
1398000, 760, 0, 0
1399000, 772, 0, 0
1399999, 772, 0, 0
1401000, 732, 0, 0
1401999, 748, 0, 0
1402999, 820, 0, 0
1404000, 772, 0, 0
1404999, 652, 0, 0
1405999, 728, 0, 0
1407000, 692, 0, 0
1407999, 596, 0, 0
1408999, 724, 0, 0
1410000, 652, 0, 0
1410999, 928, 0, 0
1411999, 740, 0, 0
1413000, 836, 0, 0
1413999, 732, 0, 0
1414999, 904, 0, 0
1416000, 756, 0, 0
1416999, 892, 0, 0
1417999, 772, 0, 0
1419000, 812, 0, 0
1419999, 752, 0, 0
1420999, 776, 0, 0
1422000, 736, 0, 0
1423000, 748, 0, 0
1423999, 700, 0, 0
1425000, 848, 0, 0
1425999, 808, 0, 0
1426999, 704, 0, 0
1428000, 764, 0, 0
1429000, 820, 0, 0
1429999, 720, 0, 0
1431000, 816, 0, 0
1431999, 740, 0, 0
1432999, 780, 0, 0
1434000, 788, 0, 0
1434999, 800, 0, 0
1435999, 776, 0, 0
1437000, 832, 0, 0
1437999, 776, 0, 0
1438999, 748, 0, 0
1440000, 764, 0, 0
1440999, 800, 0, 0
1441999, 792, 0, 0
1443000, 752, 0, 0
1443999, 844, 0, 0
1444999, 688, 0, 0
1446000, 744, 0, 0
1446999, 800, 0, 0
1447999, 760, 0, 0
1449000, 752, 0, 0
1449999, 784, 0, 0
1450999, 728, 0, 0
1451999, 816, 0, 0
1452999, 732, 0, 0
1454000, 756, 0, 0
1455000, 728, 0, 0
1455999, 700, 0, 0
1457000, 764, 0, 0
1457999, 720, 0, 0
1458999, 692, 0, 0
1460000, 860, 0, 0
1461000, 852, 0, 0
1461999, 728, 0, 0
1463000, 748, 0, 0
1463999, 724, 0, 0
1464999, 776, 0, 0
1466000, 708, 0, 0
1466999, 760, 0, 0
1467999, 840, 0, 0
1469000, 772, 0, 0
1469999, 764, 0, 0
1470999, 876, 0, 0
1472000, 712, 0, 0
1473000, 752, 0, 0
1473999, 852, 0, 0
1475000, 756, 0, 0
1475999, 796, 0, 0
1476999, 820, 0, 0
1478000, 708, 0, 0
1478999, 780, 0, 0
1479999, 764, 0, 0
1481000, 820, 0, 0
1481999, 776, 0, 0
1482999, 768, 0, 0
1484000, 712, 0, 0
1484999, 776, 0, 0
1485999, 784, 0, 0
1487000, 748, 0, 0
1487999, 700, 0, 0
1488999, 820, 0, 0
1490000, 736, 0, 0
1490999, 804, 0, 0
1491999, 816, 0, 0
1493000, 756, 0, 0
1493999, 812, 0, 0
1494999, 716, 0, 0
1496000, 816, 0, 0
1496999, 772, 0, 0
1497999, 780, 0, 0
1499000, 664, 0, 0
1499999, 708, 0, 0
1501000, 740, 0, 0
1502000, 824, 0, 0
1502999, 868, 0, 0
1503999, 812, 0, 0
1505000, 800, 0, 0
1505999, 796, 0, 0
1507000, 728, 0, 0
1507999, 760, 0, 0
1508999, 720, 0, 0
1510000, 772, 0, 0
1511000, 764, 0, 0
1511999, 780, 0, 0
1512999, 936, 0, 0
1514000, 780, 0, 0
1514999, 748, 0, 0
1515999, 844, 0, 0
1517000, 748, 0, 0
1517999, 848, 0, 0
1518999, 820, 0, 0
1520000, 780, 0, 0
1520999, 692, 0, 0
1521999, 736, 0, 0
1523000, 696, 0, 0
1523999, 800, 0, 0
1524999, 736, 0, 0
1526000, 640, 0, 0
1526999, 788, 0, 0
1527999, 728, 0, 0
1529000, 712, 0, 0
1530000, 776, 0, 0
1530999, 732, 0, 0
1531999, 776, 0, 0
1533000, 696, 0, 0
1533999, 804, 0, 0
1534999, 768, 0, 0
1536000, 720, 0, 0
1536999, 728, 0, 0
1537999, 760, 0, 0
1539000, 752, 0, 0
1540000, 704, 0, 0
1540999, 756, 0, 0
1542000, 800, 0, 0
1543000, 676, 0, 0
1543999, 676, 0, 0
1545000, 712, 0, 0
1546000, 812, 0, 0
1546999, 744, 0, 0
1548000, 824, 0, 0
1549000, 744, 0, 0
1549999, 848, 0, 0
1551000, 628, 0, 0
1552000, 792, 0, 0
1552999, 732, 0, 0
1553999, 776, 0, 0
1555000, 792, 0, 0
1555999, 776, 0, 0
1556999, 780, 0, 0
1558000, 752, 0, 0
1558999, 792, 0, 0
1559999, 800, 0, 0
1561000, 728, 0, 0
1561999, 716, 0, 0
1562999, 724, 0, 0
1564000, 776, 0, 0
1564999, 792, 0, 0
1565999, 752, 0, 0
1567000, 792, 0, 0
1567999, 688, 0, 0
1568999, 832, 0, 0
1570000, 748, 0, 0
1570999, 728, 0, 0
1571999, 784, 0, 0
1573000, 688, 0, 0
1573999, 728, 0, 0
1574999, 784, 0, 0
1576000, 768, 0, 0
1576999, 756, 0, 0
1577999, 852, 0, 0
1579000, 792, 0, 0
1579999, 684, 0, 0
1580999, 868, 0, 0
1582000, 752, 0, 0
1583000, 708, 0, 0
1583999, 756, 0, 0
1585000, 816, 0, 0
1585999, 740, 0, 0
1586999, 812, 0, 0
1588000, 692, 0, 0
1588999, 668, 0, 0
1589999, 816, 0, 0
1591000, 748, 0, 0
1592000, 696, 0, 0
1592999, 728, 0, 0
1593999, 788, 0, 0
1595000, 772, 0, 0
1595999, 688, 0, 0
1597000, 736, 0, 0
1598000, 736, 0, 0
1598999, 776, 0, 0
1599999, 756, 0, 0
1601000, 840, 0, 0
1601999, 852, 0, 0
1603000, 828, 0, 0
1603999, 768, 0, 0
1604999, 712, 0, 0
1606000, 800, 0, 0
1606999, 820, 0, 0
1607999, 752, 0, 0
1609000, 716, 0, 0
1610000, 816, 0, 0
1610999, 760, 0, 0
1612000, 820, 0, 0
1613000, 768, 0, 0
1613999, 816, 0, 0
1615000, 716, 0, 0
1615999, 744, 0, 0
1616999, 812, 0, 0
1618000, 848, 0, 0
1618999, 728, 0, 0
1619999, 728, 0, 0
1621000, 868, 0, 0
1621999, 704, 0, 0
1622999, 832, 0, 0
1624000, 744, 0, 0
1624999, 720, 0, 0
1625999, 768, 0, 0
1627000, 684, 0, 0
1627999, 788, 0, 0
1628999, 816, 0, 0
1630000, 752, 0, 0
1630999, 708, 0, 0
1631999, 772, 0, 0
1633000, 732, 0, 0
1633999, 708, 0, 0
1634999, 708, 0, 0
1636000, 856, 0, 0
1636999, 800, 0, 0
1637999, 732, 0, 0
1639000, 880, 0, 0
1639999, 744, 0, 0
1640999, 768, 0, 0
1642000, 732, 0, 0
1642999, 772, 0, 0
1643999, 732, 0, 0
1645000, 784, 0, 0
1645999, 704, 0, 0
1646999, 792, 0, 0
1648000, 728, 0, 0
1648999, 804, 0, 0
1649999, 728, 0, 0
1651000, 792, 0, 0
1651999, 776, 0, 0
1652999, 684, 0, 0
1654000, 808, 0, 0
1654999, 720, 0, 0
1655999, 812, 0, 0
1657000, 824, 0, 0
1657999, 772, 0, 0
1658999, 764, 0, 0
1660000, 772, 0, 0
1661000, 908, 0, 0
1661999, 728, 0, 0
1663000, 736, 0, 0
1664000, 756, 0, 0
1664999, 736, 0, 0
1666000, 800, 0, 0
1666999, 792, 0, 0
1667999, 764, 0, 0
1669000, 780, 0, 0
1669999, 800, 0, 0
1670999, 752, 0, 0
1672000, 796, 0, 0
1672999, 832, 0, 0
1673999, 828, 0, 0
1675000, 776, 0, 0
1675999, 740, 0, 0
1676999, 716, 0, 0
1678000, 748, 0, 0
1678999, 788, 0, 0
1679999, 668, 0, 0
1681000, 724, 0, 0
1681999, 832, 0, 0
1682999, 688, 0, 0
1684000, 888, 0, 0
1684999, 808, 0, 0
1685999, 836, 0, 0
1687000, 820, 0, 0
1687999, 772, 0, 0
1688999, 728, 0, 0
1690000, 708, 0, 0
1690999, 784, 0, 0
1691999, 804, 0, 0
1693000, 732, 0, 0
1693999, 776, 0, 0
1694999, 744, 0, 0
1696000, 840, 0, 0
1696999, 728, 0, 0
1697999, 788, 0, 0
1699000, 672, 0, 0
1699999, 768, 0, 0
1700999, 736, 0, 0
1702000, 748, 0, 0
1702999, 788, 0, 0
1703999, 788, 0, 0
1705000, 776, 0, 0
1705999, 768, 0, 0
1706999, 740, 0, 0
1708000, 768, 0, 0
1708999, 780, 0, 0
1709999, 776, 0, 0
1711000, 792, 0, 0
1711999, 720, 0, 0
1712999, 816, 0, 0
1714000, 768, 0, 0
1714999, 808, 0, 0
1715999, 800, 0, 0
1717000, 748, 0, 0
1718000, 788, 0, 0
1718999, 844, 0, 0
1719999, 744, 0, 0
1721000, 760, 0, 0
1721999, 696, 0, 0
1722999, 776, 0, 0
1724000, 800, 0, 0
1724999, 640, 0, 0
1725999, 804, 0, 0
1727000, 720, 0, 0
1727999, 748, 0, 0
1728999, 772, 0, 0
1730000, 820, 0, 0
1730999, 688, 0, 0
1731999, 780, 0, 0
1733000, 780, 0, 0
1733999, 764, 0, 0
1734999, 704, 0, 0
1736000, 684, 0, 0
1736999, 796, 0, 0
1737999, 688, 0, 0
1739000, 788, 0, 0
1739999, 840, 0, 0
1740999, 756, 0, 0
1742000, 740, 0, 0
1742999, 844, 0, 0
1743999, 728, 0, 0
1745000, 736, 0, 0
1745999, 748, 0, 0
1746999, 708, 0, 0
1748000, 824, 0, 0
1748999, 752, 0, 0
1749999, 760, 0, 0
1751000, 924, 0, 0
1751999, 848, 0, 0
1752999, 696, 0, 0
1754000, 728, 0, 0
1754999, 792, 0, 0
1755999, 732, 0, 0
1757000, 784, 0, 0
1757999, 732, 0, 0
1758999, 836, 0, 0
1760000, 764, 0, 0
1760999, 696, 0, 0
1761999, 836, 0, 0
1763000, 808, 0, 0
1764000, 764, 0, 0
1764999, 812, 0, 0
1766000, 760, 0, 0
1767000, 740, 0, 0
1767999, 824, 0, 0
1769000, 756, 0, 0
1770000, 796, 0, 0
1770999, 696, 0, 0
1772000, 700, 0, 0
1772999, 780, 0, 0
1773999, 772, 0, 0
1775000, 792, 0, 0
1776000, 772, 0, 0
1776999, 720, 0, 0
1778000, 752, 0, 0
1778999, 648, 0, 0
1779999, 708, 0, 0
1781000, 768, 0, 0
1782000, 688, 0, 0
1782999, 728, 0, 0
1784000, 836, 0, 0
1785000, 772, 0, 0
1785999, 744, 0, 0
1787000, 784, 0, 0
1788000, 788, 0, 0
1788999, 768, 0, 0
1790000, 812, 0, 0
1791000, 872, 0, 0
1791999, 752, 0, 0
1793000, 772, 0, 0
1794000, 724, 0, 0
1794999, 816, 0, 0
1795999, 752, 0, 0
1797000, 600, 0, 0
1797999, 824, 0, 0
1798999, 768, 0, 0
1800000, 776, 0, 0
