1000, 75, 0, 0
1999, 128, 0, 0
2999, 128, 0, 0
4000, 122, 0, 0
5000, 128, 0, 0
5999, 121, 0, 0
6999, 127, 0, 0
8000, 129, 0, 0
8999, 120, 0, 0
9999, 129, 0, 0
11000, 130, 0, 0
12000, 123, 0, 0
12999, 170, 0, 0
14000, 129, 0, 0
14999, 129, 0, 0
15999, 113, 0, 0
16999, 128, 0, 0
18000, 121, 0, 0
19000, 136, 0, 0
19999, 125, 0, 0
20999, 130, 0, 0
22000, 128, 0, 0
22999, 122, 0, 0
23999, 130, 0, 0
25000, 132, 0, 0
25999, 129, 0, 0
26999, 123, 0, 0
28000, 130, 0, 0
29000, 121, 0, 0
29999, 132, 0, 0
30999, 120, 0, 0
32000, 124, 0, 0
32999, 132, 0, 0
33999, 131, 0, 0
35000, 129, 0, 0
35999, 130, 0, 0
36999, 122, 0, 0
37999, 140, 0, 0
39000, 128, 0, 0
39999, 127, 0, 0
40999, 143, 0, 0
42000, 123, 0, 0
42999, 134, 0, 0
43999, 123, 0, 0
45000, 134, 0, 0
46000, 131, 0, 0
46999, 134, 0, 0
47999, 114, 0, 0
49000, 132, 0, 0
49999, 132, 0, 0
50999, 132, 0, 0
52000, 129, 0, 0
52999, 133, 0, 0
53999, 131, 0, 0
55000, 132, 0, 0
55999, 132, 0, 0
56999, 130, 0, 0
58000, 132, 0, 0
58999, 123, 0, 0
59999, 133, 0, 0
61000, 131, 0, 0
62000, 134, 0, 0
62999, 132, 0, 0
64000, 133, 0, 0
65000, 128, 0, 0
65999, 135, 0, 0
67000, 126, 0, 0
68000, 134, 0, 0
68999, 125, 0, 0
70000, 133, 0, 0
71000, 129, 0, 0
71999, 133, 0, 0
72999, 123, 0, 0
73999, 131, 0, 0
75000, 139, 0, 0
75999, 135, 0, 0
76999, 130, 0, 0
77999, 134, 0, 0
78999, 129, 0, 0
80000, 132, 0, 0
81000, 131, 0, 0
81999, 133, 0, 0
82999, 127, 0, 0
84000, 136, 0, 0
84999, 135, 0, 0
85999, 128, 0, 0
87000, 134, 0, 0
88000, 134, 0, 0
88999, 133, 0, 0
90000, 134, 0, 0
91000, 136, 0, 0
91999, 146, 0, 0
93000, 136, 0, 0
94000, 133, 0, 0
94999, 130, 0, 0
96000, 135, 0, 0
97000, 133, 0, 0
97999, 126, 0, 0
98999, 143, 0, 0
100000, 132, 0, 0
100999, 125, 0, 0
101999, 142, 0, 0
103000, 137, 0, 0
104000, 130, 0, 0
104999, 124, 0, 0
106000, 148, 0, 0
107000, 131, 0, 0
107999, 145, 0, 0
108999, 139, 0, 0
110000, 142, 0, 0
110999, 125, 0, 0
111999, 133, 0, 0
113000, 147, 0, 0
113999, 137, 0, 0
114999, 117, 0, 0
116000, 135, 0, 0
116999, 140, 0, 0
117999, 135, 0, 0
119000, 129, 0, 0
119999, 128, 0, 0
120999, 134, 0, 0
122000, 138, 0, 0
122999, 146, 0, 0
123999, 133, 0, 0
125000, 142, 0, 0
125999, 137, 0, 0
126999, 139, 0, 0
128000, 127, 0, 0
128999, 141, 0, 0
129999, 142, 0, 0
131000, 128, 0, 0
131999, 135, 0, 0
132999, 141, 0, 0
134000, 137, 0, 0
135000, 132, 0, 0
135999, 140, 0, 0
137000, 143, 0, 0
138000, 131, 0, 0
138999, 143, 0, 0
139999, 143, 0, 0
141000, 142, 0, 0
141999, 139, 0, 0
142999, 136, 0, 0
144000, 137, 0, 0
144999, 145, 0, 0
146000, 136, 0, 0
146999, 132, 0, 0
147999, 148, 0, 0
149000, 139, 0, 0
150000, 135, 0, 0
150999, 142, 0, 0
152000, 141, 0, 0
152999, 133, 0, 0
153999, 142, 0, 0
155000, 146, 0, 0
155999, 131, 0, 0
156999, 132, 0, 0
158000, 141, 0, 0
158999, 146, 0, 0
159999, 145, 0, 0
161000, 142, 0, 0
162000, 147, 0, 0
162999, 132, 0, 0
164000, 145, 0, 0
164999, 142, 0, 0
165999, 158, 0, 0
167000, 151, 0, 0
167999, 136, 0, 0
168999, 138, 0, 0
170000, 147, 0, 0
170999, 139, 0, 0
171999, 149, 0, 0
173000, 145, 0, 0
174000, 150, 0, 0
174999, 134, 0, 0
176000, 141, 0, 0
176999, 142, 0, 0
177999, 138, 0, 0
179000, 130, 0, 0
179999, 142, 0, 0
180999, 138, 0, 0
182000, 135, 0, 0
182999, 147, 0, 0
183999, 131, 0, 0
185000, 136, 0, 0
185999, 135, 0, 0
186999, 133, 0, 0
188000, 150, 0, 0
189000, 147, 0, 0
189999, 142, 0, 0
190999, 134, 0, 0
192000, 148, 0, 0
192999, 133, 0, 0
193999, 145, 0, 0
195000, 140, 0, 0
195999, 152, 0, 0
196999, 152, 0, 0
198000, 139, 0, 0
199000, 147, 0, 0
199999, 146, 0, 0
201000, 141, 0, 0
202000, 146, 0, 0
202999, 142, 0, 0
204000, 148, 0, 0
204999, 147, 0, 0
205999, 139, 0, 0
207000, 136, 0, 0
208000, 145, 0, 0
208999, 145, 0, 0
210000, 146, 0, 0
211000, 147, 0, 0
211999, 164, 0, 0
212999, 135, 0, 0
214000, 147, 0, 0
214999, 144, 0, 0
215999, 146, 0, 0
217000, 151, 0, 0
217999, 148, 0, 0
218999, 138, 0, 0
220000, 141, 0, 0
220999, 147, 0, 0
221999, 146, 0, 0
223000, 156, 0, 0
223999, 147, 0, 0
224999, 148, 0, 0
226000, 144, 0, 0
227000, 149, 0, 0
227999, 147, 0, 0
228999, 135, 0, 0
230000, 136, 0, 0
230999, 150, 0, 0
231999, 143, 0, 0
233000, 161, 0, 0
233999, 150, 0, 0
234999, 148, 0, 0
236000, 136, 0, 0
236999, 148, 0, 0
237999, 148, 0, 0
239000, 152, 0, 0
239999, 135, 0, 0
240999, 149, 0, 0
242000, 149, 0, 0
242999, 155, 0, 0
243999, 142, 0, 0
245000, 163, 0, 0
246000, 145, 0, 0
246999, 154, 0, 0
248000, 154, 0, 0
248999, 158, 0, 0
249999, 165, 0, 0
251000, 134, 0, 0
251999, 151, 0, 0
252999, 150, 0, 0
254000, 158, 0, 0
254999, 150, 0, 0
255999, 141, 0, 0
257000, 150, 0, 0
257999, 165, 0, 0
258999, 139, 0, 0
260000, 152, 0, 0
260999, 154, 0, 0
261999, 148, 0, 0
263000, 154, 0, 0
264000, 157, 0, 0
264999, 157, 0, 0
265999, 165, 0, 0
267000, 143, 0, 0
267999, 147, 0, 0
268999, 148, 0, 0
269999, 157, 0, 0
271000, 144, 0, 0
271999, 154, 0, 0
272999, 150, 0, 0
274000, 151, 0, 0
274999, 149, 0, 0
275999, 157, 0, 0
277000, 148, 0, 0
278000, 164, 0, 0
278999, 150, 0, 0
279999, 152, 0, 0
281000, 147, 0, 0
282000, 153, 0, 0
282999, 155, 0, 0
283999, 151, 0, 0
285000, 151, 0, 0
285999, 160, 0, 0
286999, 155, 0, 0
288000, 151, 0, 0
288999, 156, 0, 0
289999, 157, 0, 0
291000, 156, 0, 0
291999, 163, 0, 0
292999, 162, 0, 0
294000, 155, 0, 0
294999, 149, 0, 0
295999, 164, 0, 0
297000, 152, 0, 0
298000, 175, 0, 0
298999, 161, 0, 0
299999, 160, 0, 0
301000, 176, 0, 0
301999, 143, 0, 0
302999, 156, 0, 0
304000, 159, 0, 0
304999, 166, 0, 0
305999, 141, 0, 0
306999, 167, 0, 0
308000, 159, 0, 0
308999, 146, 0, 0
309999, 183, 0, 0
311000, 147, 0, 0
312000, 159, 0, 0
312999, 141, 0, 0
314000, 160, 0, 0
315000, 161, 0, 0
315999, 165, 0, 0
316999, 154, 0, 0
318000, 156, 0, 0
319000, 169, 0, 0
319999, 149, 0, 0
320999, 165, 0, 0
322000, 146, 0, 0
322999, 168, 0, 0
323999, 161, 0, 0
324999, 161, 0, 0
326000, 155, 0, 0
326999, 159, 0, 0
327999, 156, 0, 0
329000, 157, 0, 0
330000, 150, 0, 0
330999, 151, 0, 0
331999, 170, 0, 0
333000, 165, 0, 0
333999, 162, 0, 0
334999, 162, 0, 0
336000, 158, 0, 0
337000, 160, 0, 0
337999, 178, 0, 0
339000, 167, 0, 0
340000, 171, 0, 0
340999, 160, 0, 0
341999, 137, 0, 0
343000, 159, 0, 0
343999, 175, 0, 0
344999, 158, 0, 0
346000, 164, 0, 0
346999, 177, 0, 0
347999, 167, 0, 0
349000, 168, 0, 0
349999, 173, 0, 0
350999, 171, 0, 0
352000, 169, 0, 0
353000, 155, 0, 0
353999, 169, 0, 0
355000, 178, 0, 0
356000, 157, 0, 0
356999, 161, 0, 0
358000, 160, 0, 0
359000, 162, 0, 0
359999, 185, 0, 0
360999, 186, 0, 0
362000, 156, 0, 0
362999, 159, 0, 0
363999, 167, 0, 0
365000, 153, 0, 0
366000, 163, 0, 0
366999, 166, 0, 0
367999, 178, 0, 0
369000, 173, 0, 0
369999, 159, 0, 0
370999, 180, 0, 0
371999, 170, 0, 0
373000, 161, 0, 0
374000, 164, 0, 0
374999, 168, 0, 0
375999, 160, 0, 0
377000, 157, 0, 0
377999, 168, 0, 0
378999, 170, 0, 0
380000, 170, 0, 0
381000, 173, 0, 0
381999, 174, 0, 0
382999, 164, 0, 0
384000, 172, 0, 0
385000, 174, 0, 0
385999, 188, 0, 0
387000, 172, 0, 0
388000, 165, 0, 0
388999, 180, 0, 0
390000, 181, 0, 0
391000, 166, 0, 0
391999, 168, 0, 0
392999, 170, 0, 0
394000, 167, 0, 0
394999, 171, 0, 0
395999, 155, 0, 0
397000, 175, 0, 0
397999, 177, 0, 0
398999, 176, 0, 0
400000, 182, 0, 0
400999, 175, 0, 0
401999, 163, 0, 0
402999, 175, 0, 0
404000, 162, 0, 0
404999, 184, 0, 0
405999, 162, 0, 0
407000, 156, 0, 0
408000, 184, 0, 0
408999, 171, 0, 0
409999, 176, 0, 0
411000, 176, 0, 0
411999, 154, 0, 0
412999, 175, 0, 0
414000, 165, 0, 0
415000, 178, 0, 0
415999, 181, 0, 0
416999, 165, 0, 0
418000, 187, 0, 0
419000, 164, 0, 0
419999, 200, 0, 0
420999, 178, 0, 0
422000, 173, 0, 0
422999, 182, 0, 0
423999, 168, 0, 0
425000, 164, 0, 0
425999, 177, 0, 0
426999, 189, 0, 0
428000, 181, 0, 0
428999, 160, 0, 0
429999, 171, 0, 0
431000, 168, 0, 0
431999, 178, 0, 0
432999, 165, 0, 0
434000, 171, 0, 0
434999, 179, 0, 0
435999, 170, 0, 0
437000, 182, 0, 0
438000, 172, 0, 0
438999, 168, 0, 0
439999, 175, 0, 0
441000, 173, 0, 0
441999, 166, 0, 0
442999, 181, 0, 0
443999, 181, 0, 0
445000, 175, 0, 0
445999, 188, 0, 0
446999, 159, 0, 0
448000, 181, 0, 0
449000, 179, 0, 0
449999, 199, 0, 0
451000, 171, 0, 0
452000, 171, 0, 0
452999, 171, 0, 0
453999, 190, 0, 0
455000, 168, 0, 0
456000, 192, 0, 0
456999, 165, 0, 0
458000, 170, 0, 0
459000, 157, 0, 0
459999, 172, 0, 0
461000, 182, 0, 0
462000, 167, 0, 0
462999, 179, 0, 0
463999, 186, 0, 0
465000, 151, 0, 0
465999, 186, 0, 0
466999, 176, 0, 0
468000, 189, 0, 0
469000, 174, 0, 0
469999, 199, 0, 0
471000, 171, 0, 0
471999, 182, 0, 0
473000, 193, 0, 0
474000, 178, 0, 0
474999, 174, 0, 0
475999, 166, 0, 0
477000, 193, 0, 0
477999, 181, 0, 0
478999, 173, 0, 0
480000, 194, 0, 0
480999, 176, 0, 0
481999, 171, 0, 0
483000, 205, 0, 0
483999, 181, 0, 0
484999, 194, 0, 0
486000, 197, 0, 0
486999, 182, 0, 0
487999, 183, 0, 0
489000, 170, 0, 0
490000, 203, 0, 0
490999, 179, 0, 0
491999, 203, 0, 0
493000, 177, 0, 0
493999, 191, 0, 0
494999, 187, 0, 0
496000, 188, 0, 0
496999, 210, 0, 0
497999, 198, 0, 0
499000, 186, 0, 0
500000, 167, 0, 0
500999, 175, 0, 0
502000, 203, 0, 0
503000, 189, 0, 0
503999, 179, 0, 0
505000, 190, 0, 0
506000, 177, 0, 0
506999, 179, 0, 0
507999, 192, 0, 0
509000, 196, 0, 0
509999, 182, 0, 0
510999, 199, 0, 0
512000, 199, 0, 0
513000, 187, 0, 0
513999, 195, 0, 0
515000, 188, 0, 0
516000, 184, 0, 0
516999, 173, 0, 0
517999, 194, 0, 0
519000, 200, 0, 0
520000, 185, 0, 0
520999, 200, 0, 0
522000, 199, 0, 0
523000, 202, 0, 0
523999, 162, 0, 0
525000, 194, 0, 0
525999, 212, 0, 0
526999, 195, 0, 0
528000, 197, 0, 0
529000, 175, 0, 0
529999, 179, 0, 0
530999, 201, 0, 0
532000, 190, 0, 0
532999, 188, 0, 0
533999, 187, 0, 0
534999, 210, 0, 0
536000, 169, 0, 0
536999, 195, 0, 0
537999, 212, 0, 0
539000, 170, 0, 0
539999, 193, 0, 0
540999, 196, 0, 0
542000, 207, 0, 0
542999, 193, 0, 0
543999, 208, 0, 0
545000, 187, 0, 0
545999, 204, 0, 0
546999, 195, 0, 0
548000, 203, 0, 0
548999, 210, 0, 0
549999, 228, 0, 0
551000, 193, 0, 0
551999, 202, 0, 0
552999, 201, 0, 0
554000, 198, 0, 0
554999, 184, 0, 0
556000, 225, 0, 0
557000, 197, 0, 0
557999, 207, 0, 0
559000, 210, 0, 0
560000, 195, 0, 0
560999, 185, 0, 0
562000, 221, 0, 0
563000, 189, 0, 0
563999, 180, 0, 0
564999, 191, 0, 0
566000, 186, 0, 0
566999, 201, 0, 0
567999, 188, 0, 0
569000, 186, 0, 0
569999, 188, 0, 0
571000, 208, 0, 0
572000, 180, 0, 0
573000, 210, 0, 0
573999, 187, 0, 0
575000, 214, 0, 0
575999, 194, 0, 0
576999, 195, 0, 0
577999, 205, 0, 0
579000, 213, 0, 0
579999, 194, 0, 0
580999, 187, 0, 0
581999, 204, 0, 0
583000, 195, 0, 0
583999, 190, 0, 0
584999, 208, 0, 0
586000, 185, 0, 0
586999, 205, 0, 0
587999, 214, 0, 0
589000, 243, 0, 0
590000, 199, 0, 0
590999, 184, 0, 0
592000, 207, 0, 0
593000, 191, 0, 0
593999, 184, 0, 0
594999, 185, 0, 0
596000, 163, 0, 0
596999, 213, 0, 0
597999, 189, 0, 0
599000, 191, 0, 0
599999, 213, 0, 0
600999, 184, 0, 0
602000, 192, 0, 0
602999, 205, 0, 0
604000, 208, 0, 0
605000, 205, 0, 0
605999, 231, 0, 0
607000, 195, 0, 0
608000, 196, 0, 0
608999, 220, 0, 0
610000, 213, 0, 0
611000, 225, 0, 0
611999, 207, 0, 0
613000, 212, 0, 0
614000, 251, 0, 0
614999, 207, 0, 0
616000, 206, 0, 0
617000, 204, 0, 0
617999, 227, 0, 0
619000, 199, 0, 0
619999, 210, 0, 0
620999, 206, 0, 0
622000, 216, 0, 0
623000, 222, 0, 0
623999, 220, 0, 0
625000, 204, 0, 0
625999, 220, 0, 0
626999, 240, 0, 0
628000, 216, 0, 0
629000, 207, 0, 0
630000, 191, 0, 0
631000, 224, 0, 0
632000, 222, 0, 0
633000, 222, 0, 0
634000, 185, 0, 0
635000, 204, 0, 0
636000, 227, 0, 0
637000, 218, 0, 0
638000, 210, 0, 0
639000, 208, 0, 0
640000, 222, 0, 0
641000, 239, 0, 0
642001, 208, 0, 0
643000, 210, 0, 0
644000, 207, 0, 0
645000, 218, 0, 0
646000, 244, 0, 0
647000, 245, 0, 0
648000, 212, 0, 0
649000, 206, 0, 0
649999, 215, 0, 0
651000, 220, 0, 0
652000, 221, 0, 0
653000, 205, 0, 0
654000, 231, 0, 0
655000, 247, 0, 0
656000, 223, 0, 0
657000, 173, 0, 0
658000, 231, 0, 0
659000, 209, 0, 0
660000, 215, 0, 0
661000, 227, 0, 0
662000, 205, 0, 0
663000, 245, 0, 0
664000, 229, 0, 0
665000, 234, 0, 0
666000, 232, 0, 0
667000, 254, 0, 0
668000, 242, 0, 0
669000, 217, 0, 0
670000, 252, 0, 0
671000, 255, 0, 0
672000, 216, 0, 0
673000, 213, 0, 0
674000, 218, 0, 0
675000, 238, 0, 0
676000, 206, 0, 0
677000, 237, 0, 0
678000, 204, 0, 0
679000, 228, 0, 0
680000, 226, 0, 0
681000, 248, 0, 0
682000, 213, 0, 0
682999, 221, 0, 0
683999, 217, 0, 0
684999, 218, 0, 0
685999, 209, 0, 0
686999, 227, 0, 0
687998, 232, 0, 0
688998, 218, 0, 0
689998, 220, 0, 0
690998, 250, 0, 0
691998, 214, 0, 0
692997, 223, 0, 0
693998, 213, 0, 0
694998, 224, 0, 0
695997, 214, 0, 0
696997, 231, 0, 0
697996, 268, 0, 0
698997, 230, 0, 0
699996, 222, 0, 0
700996, 208, 0, 0
701996, 230, 0, 0
702996, 219, 0, 0
703996, 213, 0, 0
704995, 239, 0, 0
705995, 225, 0, 0
706995, 212, 0, 0
707995, 257, 0, 0
708995, 219, 0, 0
709994, 217, 0, 0
710994, 195, 0, 0
711994, 221, 0, 0
712994, 204, 0, 0
713994, 218, 0, 0
714993, 224, 0, 0
715994, 243, 0, 0
716993, 244, 0, 0
717993, 217, 0, 0
718993, 245, 0, 0
719993, 198, 0, 0
720993, 221, 0, 0
721992, 248, 0, 0
722992, 211, 0, 0
723992, 213, 0, 0
724992, 246, 0, 0
725992, 223, 0, 0
726991, 227, 0, 0
727992, 238, 0, 0
728991, 240, 0, 0
729991, 227, 0, 0
730991, 219, 0, 0
732000, 202, 0, 0
732991, 218, 0, 0
734000, 212, 0, 0
735000, 232, 0, 0
735999, 204, 0, 0
736999, 220, 0, 0
738000, 229, 0, 0
738999, 233, 0, 0
740000, 197, 0, 0
741000, 218, 0, 0
741999, 248, 0, 0
743000, 213, 0, 0
744000, 226, 0, 0
744999, 236, 0, 0
745999, 225, 0, 0
747000, 267, 0, 0
747999, 247, 0, 0
749000, 216, 0, 0
750000, 255, 0, 0
750999, 225, 0, 0
751999, 215, 0, 0
753000, 225, 0, 0
753999, 213, 0, 0
754999, 228, 0, 0
756000, 231, 0, 0
756999, 206, 0, 0
758000, 232, 0, 0
758999, 227, 0, 0
759999, 239, 0, 0
761000, 228, 0, 0
762000, 241, 0, 0
762999, 230, 0, 0
764000, 227, 0, 0
765000, 229, 0, 0
765999, 230, 0, 0
767000, 213, 0, 0
768000, 228, 0, 0
768999, 227, 0, 0
770000, 233, 0, 0
771000, 229, 0, 0
771999, 245, 0, 0
773000, 229, 0, 0
774000, 231, 0, 0
774999, 242, 0, 0
775999, 234, 0, 0
777000, 256, 0, 0
777999, 210, 0, 0
778999, 245, 0, 0
780000, 230, 0, 0
781000, 224, 0, 0
781999, 246, 0, 0
783000, 278, 0, 0
783999, 254, 0, 0
784999, 249, 0, 0
786000, 208, 0, 0
786999, 217, 0, 0
787999, 204, 0, 0
789000, 201, 0, 0
790000, 245, 0, 0
790999, 221, 0, 0
791999, 226, 0, 0
793000, 229, 0, 0
793999, 242, 0, 0
794999, 234, 0, 0
796000, 237, 0, 0
796999, 210, 0, 0
797999, 221, 0, 0
799000, 226, 0, 0
799999, 224, 0, 0
800999, 214, 0, 0
802000, 227, 0, 0
802999, 240, 0, 0
803999, 224, 0, 0
805000, 222, 0, 0
805999, 201, 0, 0
806999, 216, 0, 0
808000, 234, 0, 0
808999, 227, 0, 0
809999, 233, 0, 0
811000, 207, 0, 0
812000, 228, 0, 0
812999, 217, 0, 0
813999, 222, 0, 0
815000, 228, 0, 0
816000, 242, 0, 0
816999, 234, 0, 0
818000, 223, 0, 0
819000, 221, 0, 0
819999, 233, 0, 0
821000, 239, 0, 0
822000, 236, 0, 0
822999, 242, 0, 0
823999, 226, 0, 0
825000, 217, 0, 0
825999, 206, 0, 0
826999, 237, 0, 0
828000, 226, 0, 0
828999, 224, 0, 0
830000, 255, 0, 0
831000, 219, 0, 0
831999, 220, 0, 0
832999, 227, 0, 0
834000, 227, 0, 0
835000, 233, 0, 0
835999, 268, 0, 0
837000, 238, 0, 0
838000, 188, 0, 0
838999, 235, 0, 0
840000, 226, 0, 0
841000, 238, 0, 0
841999, 227, 0, 0
842999, 220, 0, 0
844000, 241, 0, 0
844999, 221, 0, 0
845999, 245, 0, 0
847000, 241, 0, 0
848000, 213, 0, 0
848999, 227, 0, 0
850000, 211, 0, 0
851000, 255, 0, 0
851999, 202, 0, 0
853000, 222, 0, 0
854000, 230, 0, 0
854999, 195, 0, 0
856000, 232, 0, 0
857000, 218, 0, 0
857999, 226, 0, 0
859000, 226, 0, 0
860000, 235, 0, 0
860999, 248, 0, 0
861999, 233, 0, 0
863000, 222, 0, 0
863999, 214, 0, 0
864999, 212, 0, 0
866000, 250, 0, 0
866999, 221, 0, 0
867999, 216, 0, 0
869000, 206, 0, 0
869999, 216, 0, 0
870999, 213, 0, 0
872000, 241, 0, 0
873000, 223, 0, 0
873999, 242, 0, 0
875000, 249, 0, 0
876000, 167, 0, 0
876999, 251, 0, 0
877999, 237, 0, 0
879000, 233, 0, 0
879999, 205, 0, 0
880999, 215, 0, 0
882000, 238, 0, 0
882999, 220, 0, 0
883999, 231, 0, 0
885000, 212, 0, 0
885999, 251, 0, 0
886999, 212, 0, 0
888000, 228, 0, 0
889000, 258, 0, 0
889999, 213, 0, 0
891000, 236, 0, 0
892000, 249, 0, 0
892999, 223, 0, 0
893999, 226, 0, 0
895000, 240, 0, 0
895999, 239, 0, 0
896999, 232, 0, 0
898000, 222, 0, 0
899000, 223, 0, 0
899999, 225, 0, 0
900999, 222, 0, 0
902000, 189, 0, 0
903000, 226, 0, 0
903999, 243, 0, 0
904999, 203, 0, 0
906000, 214, 0, 0
906999, 195, 0, 0
907999, 207, 0, 0
909000, 234, 0, 0
910000, 227, 0, 0
910999, 229, 0, 0
911999, 232, 0, 0
913000, 262, 0, 0
914000, 221, 0, 0
914999, 158, 0, 0
916000, 213, 0, 0
917000, 207, 0, 0
917999, 212, 0, 0
919000, 240, 0, 0
920000, 201, 0, 0
920999, 236, 0, 0
921999, 246, 0, 0
923000, 201, 0, 0
924000, 244, 0, 0
924999, 235, 0, 0
925999, 220, 0, 0
927000, 193, 0, 0
927999, 231, 0, 0
928999, 234, 0, 0
930000, 228, 0, 0
930999, 232, 0, 0
931999, 210, 0, 0
933000, 212, 0, 0
933999, 202, 0, 0
934999, 244, 0, 0
936000, 231, 0, 0
936999, 226, 0, 0
937999, 223, 0, 0
939000, 232, 0, 0
939999, 227, 0, 0
940999, 203, 0, 0
942000, 227, 0, 0
942999, 207, 0, 0
943999, 230, 0, 0
945000, 241, 0, 0
945999, 207, 0, 0
946999, 226, 0, 0
948000, 200, 0, 0
948999, 223, 0, 0
949999, 242, 0, 0
951000, 207, 0, 0
951999, 243, 0, 0
953000, 217, 0, 0
953999, 235, 0, 0
954999, 214, 0, 0
955999, 227, 0, 0
957000, 227, 0, 0
957999, 245, 0, 0
958999, 222, 0, 0
960000, 220, 0, 0
960999, 219, 0, 0
961999, 239, 0, 0
963000, 224, 0, 0
963999, 208, 0, 0
964999, 267, 0, 0
966000, 231, 0, 0
967000, 235, 0, 0
967999, 236, 0, 0
969000, 226, 0, 0
969999, 204, 0, 0
970999, 213, 0, 0
972000, 242, 0, 0
973000, 222, 0, 0
973999, 211, 0, 0
975000, 210, 0, 0
975999, 236, 0, 0
976999, 216, 0, 0
978000, 215, 0, 0
978999, 244, 0, 0
979999, 248, 0, 0
981000, 226, 0, 0
982000, 216, 0, 0
982999, 239, 0, 0
984000, 203, 0, 0
985000, 224, 0, 0
985999, 244, 0, 0
987000, 214, 0, 0
988000, 250, 0, 0
988999, 195, 0, 0
990000, 228, 0, 0
991000, 218, 0, 0
991999, 232, 0, 0
993000, 207, 0, 0
994000, 235, 0, 0
994999, 243, 0, 0
996000, 230, 0, 0
997000, 251, 0, 0
997999, 217, 0, 0
999000, 213, 0, 0
1000000, 214, 0, 0
1000999, 243, 0, 0
1001999, 205, 0, 0
1003000, 239, 0, 0
1003999, 240, 0, 0
1004999, 221, 0, 0
1006000, 245, 0, 0
1006999, 228, 0, 0
1007999, 185, 0, 0
1009000, 243, 0, 0
1009999, 249, 0, 0
1010999, 239, 0, 0
1012000, 204, 0, 0
1012999, 247, 0, 0
1013999, 219, 0, 0
1015000, 256, 0, 0
1016000, 224, 0, 0
1016999, 248, 0, 0
1018000, 229, 0, 0
1019000, 233, 0, 0
1019999, 194, 0, 0
1021000, 233, 0, 0
1022000, 231, 0, 0
1022999, 220, 0, 0
1024000, 248, 0, 0
1025000, 241, 0, 0
1025999, 232, 0, 0
1027000, 218, 0, 0
1028000, 219, 0, 0
1028999, 227, 0, 0
1030000, 261, 0, 0
1031000, 250, 0, 0
1031999, 244, 0, 0
1033000, 216, 0, 0
1034000, 214, 0, 0
1034999, 207, 0, 0
1036000, 227, 0, 0
1037000, 247, 0, 0
1037999, 226, 0, 0
1038999, 198, 0, 0
1040000, 193, 0, 0
1040999, 206, 0, 0
1041999, 238, 0, 0
1043000, 219, 0, 0
1044000, 233, 0, 0
1044999, 237, 0, 0
1045999, 222, 0, 0
1047000, 255, 0, 0
1047999, 227, 0, 0
1048999, 214, 0, 0
1050000, 227, 0, 0
1051000, 231, 0, 0
1051999, 208, 0, 0
1053000, 228, 0, 0
1053999, 216, 0, 0
1054999, 238, 0, 0
1056000, 209, 0, 0
1056999, 235, 0, 0
1057999, 222, 0, 0
1058999, 210, 0, 0
1060000, 219, 0, 0
1060999, 227, 0, 0
1061999, 199, 0, 0
1063000, 223, 0, 0
1063999, 231, 0, 0
1064999, 218, 0, 0
1066000, 206, 0, 0
1066999, 226, 0, 0
1067999, 250, 0, 0
1069000, 244, 0, 0
1069999, 261, 0, 0
1070999, 240, 0, 0
1072000, 188, 0, 0
1073000, 256, 0, 0
1073999, 269, 0, 0
1075000, 217, 0, 0
1075999, 231, 0, 0
1076999, 244, 0, 0
1078000, 228, 0, 0
1078999, 256, 0, 0
1079999, 238, 0, 0
1081000, 221, 0, 0
1081999, 226, 0, 0
1082999, 206, 0, 0
1084000, 195, 0, 0
1084999, 226, 0, 0
1085999, 217, 0, 0
1087000, 216, 0, 0
1087999, 238, 0, 0
1088999, 237, 0, 0
1090000, 241, 0, 0
1090999, 202, 0, 0
1091999, 241, 0, 0
1093000, 237, 0, 0
1093999, 214, 0, 0
1095000, 201, 0, 0
1096000, 204, 0, 0
1096999, 241, 0, 0
1097999, 223, 0, 0
1099000, 214, 0, 0
1100000, 228, 0, 0
1100999, 210, 0, 0
1101999, 159, 0, 0
1103000, 202, 0, 0
1104000, 228, 0, 0
1104999, 235, 0, 0
1106000, 194, 0, 0
1107000, 224, 0, 0
1107999, 250, 0, 0
1108999, 221, 0, 0
1110000, 249, 0, 0
1110999, 218, 0, 0
1111999, 217, 0, 0
1113000, 210, 0, 0
1113999, 228, 0, 0
1114999, 230, 0, 0
1116000, 235, 0, 0
1117000, 226, 0, 0
1117999, 233, 0, 0
1119000, 213, 0, 0
1119999, 233, 0, 0
1120999, 241, 0, 0
1122000, 209, 0, 0
1123000, 224, 0, 0
1123999, 235, 0, 0
1124999, 225, 0, 0
1126000, 217, 0, 0
1127000, 204, 0, 0
1127999, 237, 0, 0
1129000, 222, 0, 0
1130000, 215, 0, 0
1130999, 221, 0, 0
1131999, 244, 0, 0
1133000, 230, 0, 0
1133999, 254, 0, 0
1135000, 226, 0, 0
1136000, 225, 0, 0
1136999, 234, 0, 0
1138000, 208, 0, 0
1139000, 224, 0, 0
1139999, 207, 0, 0
1141000, 204, 0, 0
1142000, 223, 0, 0
1142999, 235, 0, 0
1144000, 211, 0, 0
1145000, 233, 0, 0
1145999, 242, 0, 0
1147000, 230, 0, 0
1148000, 200, 0, 0
1148999, 238, 0, 0
1149999, 249, 0, 0
1151000, 222, 0, 0
1151999, 229, 0, 0
1152999, 198, 0, 0
1154000, 255, 0, 0
1154999, 236, 0, 0
1155999, 208, 0, 0
1157000, 234, 0, 0
1157999, 190, 0, 0
1158999, 229, 0, 0
1160000, 231, 0, 0
1161000, 229, 0, 0
1161999, 218, 0, 0
1163000, 263, 0, 0
1164000, 246, 0, 0
1164999, 255, 0, 0
1166000, 217, 0, 0
1167000, 252, 0, 0
1167999, 205, 0, 0
1169000, 196, 0, 0
1170000, 207, 0, 0
1170999, 218, 0, 0
1171999, 207, 0, 0
1173000, 242, 0, 0
1173999, 247, 0, 0
1174999, 243, 0, 0
1176000, 243, 0, 0
1176999, 237, 0, 0
1177999, 231, 0, 0
1179000, 226, 0, 0
1179999, 235, 0, 0
1181000, 253, 0, 0
1182000, 239, 0, 0
1182999, 233, 0, 0
1184000, 254, 0, 0
1185000, 231, 0, 0
1185999, 238, 0, 0
1186999, 210, 0, 0
1188000, 221, 0, 0
1188999, 220, 0, 0
1189999, 231, 0, 0
1191000, 219, 0, 0
1191999, 220, 0, 0
1192999, 203, 0, 0
1194000, 213, 0, 0
1195000, 270, 0, 0
1195999, 169, 0, 0
1197000, 248, 0, 0
1198000, 243, 0, 0
1198999, 243, 0, 0
1199999, 230, 0, 0
1201000, 189, 0, 0
1201999, 229, 0, 0
1202999, 235, 0, 0
1204000, 230, 0, 0
1204999, 219, 0, 0
1205999, 202, 0, 0
1207000, 228, 0, 0
1207999, 245, 0, 0
1208999, 242, 0, 0
1210000, 209, 0, 0
1210999, 217, 0, 0
1211999, 232, 0, 0
1213000, 217, 0, 0
1213999, 210, 0, 0
1215000, 243, 0, 0
1216000, 214, 0, 0
1216999, 209, 0, 0
1218000, 218, 0, 0
1219000, 225, 0, 0
1219999, 250, 0, 0
1220999, 267, 0, 0
1222000, 246, 0, 0
1222999, 231, 0, 0
1223999, 240, 0, 0
1225000, 229, 0, 0
1225999, 223, 0, 0
1227000, 261, 0, 0
1227999, 219, 0, 0
1228999, 222, 0, 0
1230000, 207, 0, 0
1231000, 215, 0, 0
1231999, 232, 0, 0
1232999, 233, 0, 0
1234000, 252, 0, 0
1234999, 244, 0, 0
1235999, 198, 0, 0
1237000, 204, 0, 0
1237999, 235, 0, 0
1238999, 196, 0, 0
1240000, 246, 0, 0
1240999, 212, 0, 0
1241999, 250, 0, 0
1243000, 219, 0, 0
1244000, 229, 0, 0
1244999, 201, 0, 0
1246000, 215, 0, 0
1247000, 244, 0, 0
1247999, 251, 0, 0
1249000, 231, 0, 0
1250000, 263, 0, 0
1250999, 200, 0, 0
1251999, 239, 0, 0
1253000, 226, 0, 0
1253999, 200, 0, 0
1254999, 245, 0, 0
1256000, 221, 0, 0
1256999, 209, 0, 0
1257999, 243, 0, 0
1259000, 238, 0, 0
1260000, 225, 0, 0
1260999, 211, 0, 0
1261999, 208, 0, 0
1263000, 211, 0, 0
1263999, 215, 0, 0
1264999, 232, 0, 0
1266000, 226, 0, 0
1266999, 207, 0, 0
1267999, 210, 0, 0
1269000, 230, 0, 0
1269999, 211, 0, 0
1270999, 197, 0, 0
1272000, 237, 0, 0
1272999, 263, 0, 0
1273999, 223, 0, 0
1275000, 237, 0, 0
1275999, 216, 0, 0
1276999, 220, 0, 0
1277999, 233, 0, 0
1279000, 224, 0, 0
1280000, 212, 0, 0
1280999, 256, 0, 0
1281999, 234, 0, 0
1283000, 198, 0, 0
1283999, 228, 0, 0
1284999, 232, 0, 0
1286000, 200, 0, 0
1286999, 230, 0, 0
1287999, 261, 0, 0
1289000, 236, 0, 0
1289999, 219, 0, 0
1290999, 224, 0, 0
1292000, 237, 0, 0
1292999, 227, 0, 0
1293999, 220, 0, 0
1295000, 265, 0, 0
1295999, 197, 0, 0
1296999, 197, 0, 0
1298000, 216, 0, 0
1298999, 211, 0, 0
1299999, 249, 0, 0
1301000, 226, 0, 0
1301999, 199, 0, 0
1302999, 205, 0, 0
1304000, 247, 0, 0
1304999, 233, 0, 0
1305999, 245, 0, 0
1307000, 210, 0, 0
1307999, 200, 0, 0
1308999, 249, 0, 0
1310000, 211, 0, 0
1310999, 222, 0, 0
1311999, 210, 0, 0
1313000, 222, 0, 0
1313999, 231, 0, 0
1314999, 235, 0, 0
1316000, 234, 0, 0
1317000, 245, 0, 0
1317999, 211, 0, 0
1318999, 228, 0, 0
1320000, 244, 0, 0
1320999, 221, 0, 0
1321999, 262, 0, 0
1323000, 202, 0, 0
1323999, 195, 0, 0
1324999, 217, 0, 0
1326000, 219, 0, 0
1326999, 208, 0, 0
1327999, 195, 0, 0
1329000, 245, 0, 0
1330000, 182, 0, 0
1330999, 239, 0, 0
1331999, 248, 0, 0
1333000, 259, 0, 0
1334000, 212, 0, 0
1334999, 220, 0, 0
1335999, 246, 0, 0
1337000, 223, 0, 0
1337999, 206, 0, 0
1338999, 234, 0, 0
1340000, 223, 0, 0
1340999, 251, 0, 0
1341999, 217, 0, 0
1343000, 240, 0, 0
1343999, 224, 0, 0
1344999, 228, 0, 0
1346000, 221, 0, 0
1347000, 221, 0, 0
1347999, 246, 0, 0
1349000, 233, 0, 0
1349999, 208, 0, 0
1350999, 238, 0, 0
1352000, 243, 0, 0
1352999, 225, 0, 0
1353999, 214, 0, 0
1355000, 232, 0, 0
1355999, 218, 0, 0
1356999, 201, 0, 0
1358000, 202, 0, 0
1359000, 221, 0, 0
1359999, 223, 0, 0
1360999, 246, 0, 0
1362000, 264, 0, 0
1362999, 221, 0, 0
1363999, 228, 0, 0
1365000, 230, 0, 0
1366000, 251, 0, 0
1366999, 209, 0, 0
1368000, 239, 0, 0
1368999, 224, 0, 0
1369999, 229, 0, 0
1371000, 229, 0, 0
1372000, 237, 0, 0
1372999, 226, 0, 0
1373999, 225, 0, 0
1375000, 256, 0, 0
1375999, 226, 0, 0
1376999, 204, 0, 0
1378000, 244, 0, 0
1379000, 223, 0, 0
1379999, 231, 0, 0
1381000, 240, 0, 0
1381999, 243, 0, 0
1382999, 274, 0, 0
1384000, 239, 0, 0
1384999, 200, 0, 0
1385999, 232, 0, 0
1387000, 191, 0, 0
1388000, 251, 0, 0
1388999, 217, 0, 0
1390000, 243, 0, 0
1390999, 212, 0, 0
1391999, 240, 0, 0
1393000, 202, 0, 0
1394000, 217, 0, 0
1394999, 227, 0, 0
1396000, 196, 0, 0
1397000, 248, 0, 0
1397999, 229, 0, 0
1398999, 205, 0, 0
1400000, 227, 0, 0
1400999, 241, 0, 0
1401999, 215, 0, 0
1403000, 208, 0, 0
1403999, 252, 0, 0
1404999, 238, 0, 0
1406000, 237, 0, 0
1406999, 221, 0, 0
1408000, 249, 0, 0
1409000, 220, 0, 0
1409999, 227, 0, 0
1410999, 220, 0, 0
1412000, 223, 0, 0
1412999, 231, 0, 0
1413999, 229, 0, 0
1415000, 238, 0, 0
1415999, 209, 0, 0
1417000, 248, 0, 0
1418000, 221, 0, 0
1418999, 233, 0, 0
1419999, 235, 0, 0
1421000, 216, 0, 0
1421999, 225, 0, 0
1422999, 259, 0, 0
1424000, 220, 0, 0
1425000, 212, 0, 0
1425999, 248, 0, 0
1426999, 234, 0, 0
1428000, 250, 0, 0
1429000, 236, 0, 0
1429999, 246, 0, 0
1430999, 212, 0, 0
1432000, 230, 0, 0
1432999, 254, 0, 0
1434000, 226, 0, 0
1435000, 256, 0, 0
1435999, 204, 0, 0
1436999, 243, 0, 0
1438000, 207, 0, 0
1438999, 229, 0, 0
1439999, 234, 0, 0
1440999, 214, 0, 0
1442000, 251, 0, 0
1442999, 204, 0, 0
1444000, 214, 0, 0
1445000, 248, 0, 0
1445999, 234, 0, 0
1446999, 210, 0, 0
1448000, 242, 0, 0
1448999, 204, 0, 0
1449999, 244, 0, 0
1451000, 241, 0, 0
1451999, 229, 0, 0
1452999, 233, 0, 0
1454000, 223, 0, 0
1454999, 218, 0, 0
1455999, 243, 0, 0
1457000, 241, 0, 0
1458000, 240, 0, 0
1458999, 220, 0, 0
1460000, 230, 0, 0
1461000, 253, 0, 0
1461999, 230, 0, 0
1463000, 229, 0, 0
1463999, 195, 0, 0
1464999, 229, 0, 0
1466000, 224, 0, 0
1467000, 231, 0, 0
1467999, 247, 0, 0
1469000, 248, 0, 0
1469999, 226, 0, 0
1470999, 217, 0, 0
1472000, 236, 0, 0
1473000, 229, 0, 0
1473999, 208, 0, 0
1475000, 239, 0, 0
1476000, 233, 0, 0
1476999, 223, 0, 0
1477999, 229, 0, 0
1479000, 240, 0, 0
1479999, 235, 0, 0
1480999, 211, 0, 0
1482000, 236, 0, 0
1482999, 221, 0, 0
1483999, 230, 0, 0
1485000, 226, 0, 0
1485999, 230, 0, 0
1486999, 215, 0, 0
1488000, 204, 0, 0
1488999, 242, 0, 0
1489999, 231, 0, 0
1491000, 222, 0, 0
1491999, 214, 0, 0
1492999, 232, 0, 0
1494000, 226, 0, 0
1495000, 266, 0, 0
1495999, 231, 0, 0
1497000, 205, 0, 0
1498000, 244, 0, 0
1498999, 234, 0, 0
1499999, 215, 0, 0
1501000, 207, 0, 0
1501999, 220, 0, 0
1502999, 246, 0, 0
1504000, 257, 0, 0
1504999, 233, 0, 0
1505999, 242, 0, 0
1507000, 252, 0, 0
1507999, 219, 0, 0
1508999, 225, 0, 0
1510000, 208, 0, 0
1510999, 242, 0, 0
1512000, 237, 0, 0
1513000, 237, 0, 0
1513999, 227, 0, 0
1515000, 229, 0, 0
1516000, 240, 0, 0
1516999, 249, 0, 0
1518000, 241, 0, 0
1518999, 210, 0, 0
1519999, 237, 0, 0
1521000, 244, 0, 0
1521999, 234, 0, 0
1522999, 212, 0, 0
1524000, 230, 0, 0
1524999, 226, 0, 0
1525999, 222, 0, 0
1526999, 232, 0, 0
1528000, 235, 0, 0
1528999, 216, 0, 0
1529999, 247, 0, 0
1530999, 222, 0, 0
1532000, 242, 0, 0
1532999, 238, 0, 0
1533999, 238, 0, 0
1535000, 243, 0, 0
1535999, 211, 0, 0
1536999, 240, 0, 0
1537999, 215, 0, 0
1539000, 237, 0, 0
1539999, 223, 0, 0
1540999, 229, 0, 0
1542000, 225, 0, 0
1542999, 225, 0, 0
1543999, 232, 0, 0
1545000, 211, 0, 0
1545999, 233, 0, 0
1546999, 233, 0, 0
1548000, 226, 0, 0
1548999, 224, 0, 0
1549999, 219, 0, 0
1551000, 219, 0, 0
1551999, 214, 0, 0
1552999, 240, 0, 0
1554000, 233, 0, 0
1555000, 231, 0, 0
1555999, 246, 0, 0
1557000, 208, 0, 0
1558000, 222, 0, 0
1558999, 205, 0, 0
1559999, 215, 0, 0
1561000, 233, 0, 0
1562000, 241, 0, 0
1562999, 211, 0, 0
1564000, 231, 0, 0
1565000, 197, 0, 0
1565999, 233, 0, 0
1566999, 215, 0, 0
1568000, 249, 0, 0
1568999, 223, 0, 0
1569999, 234, 0, 0
1571000, 219, 0, 0
1572000, 231, 0, 0
1572999, 230, 0, 0
1574000, 231, 0, 0
1575000, 238, 0, 0
1575999, 205, 0, 0
1576999, 232, 0, 0
1578000, 222, 0, 0
1578999, 225, 0, 0
1579999, 232, 0, 0
1581000, 205, 0, 0
1581999, 263, 0, 0
1582999, 230, 0, 0
1584000, 244, 0, 0
1584999, 230, 0, 0
1585999, 236, 0, 0
1587000, 206, 0, 0
1587999, 234, 0, 0
1588999, 212, 0, 0
1590000, 215, 0, 0
1590999, 243, 0, 0
1591999, 210, 0, 0
1593000, 241, 0, 0
1594000, 229, 0, 0
1594999, 229, 0, 0
1596000, 229, 0, 0
1597000, 196, 0, 0
1597999, 258, 0, 0
1598999, 252, 0, 0
1600000, 226, 0, 0
1600999, 217, 0, 0
1601999, 231, 0, 0
1603000, 227, 0, 0
1604000, 259, 0, 0
1604999, 204, 0, 0
1606000, 262, 0, 0
1606999, 212, 0, 0
1607999, 226, 0, 0
1609000, 220, 0, 0
1610000, 223, 0, 0
1610999, 243, 0, 0
1611999, 215, 0, 0
1613000, 227, 0, 0
1613999, 237, 0, 0
1614999, 216, 0, 0
1616000, 248, 0, 0
1616999, 225, 0, 0
1617999, 211, 0, 0
1618999, 212, 0, 0
1620000, 217, 0, 0
1620999, 212, 0, 0
1621999, 242, 0, 0
1623000, 207, 0, 0
1623999, 202, 0, 0
1624999, 246, 0, 0
1626000, 232, 0, 0
1627000, 236, 0, 0
1627999, 248, 0, 0
1629000, 232, 0, 0
1630000, 194, 0, 0
1630999, 233, 0, 0
1631999, 233, 0, 0
1633000, 241, 0, 0
1634000, 210, 0, 0
1634999, 222, 0, 0
1636000, 232, 0, 0
1636999, 211, 0, 0
1637999, 212, 0, 0
1639000, 217, 0, 0
1640000, 220, 0, 0
1640999, 204, 0, 0
1641999, 218, 0, 0
1643000, 250, 0, 0
1643999, 207, 0, 0
1644999, 224, 0, 0
1646000, 211, 0, 0
1646999, 223, 0, 0
1647999, 210, 0, 0
1649000, 230, 0, 0
1650000, 196, 0, 0
1650999, 227, 0, 0
1652000, 208, 0, 0
1652999, 221, 0, 0
1653999, 220, 0, 0
1654999, 217, 0, 0
1656000, 233, 0, 0
1656999, 241, 0, 0
1657999, 211, 0, 0
1659000, 242, 0, 0
1659999, 228, 0, 0
1660999, 226, 0, 0
1662000, 230, 0, 0
1663000, 224, 0, 0
1663999, 213, 0, 0
1665000, 218, 0, 0
1666000, 220, 0, 0
1666999, 242, 0, 0
1667999, 212, 0, 0
1669000, 211, 0, 0
1669999, 225, 0, 0
1670999, 239, 0, 0
1672000, 221, 0, 0
1673000, 263, 0, 0
1673999, 211, 0, 0
1674999, 236, 0, 0
1676000, 210, 0, 0
1676999, 251, 0, 0
1677999, 223, 0, 0
1679000, 220, 0, 0
1680000, 252, 0, 0
1680999, 226, 0, 0
1681999, 222, 0, 0
1683000, 234, 0, 0
1683999, 240, 0, 0
1684999, 221, 0, 0
1686000, 233, 0, 0
1686999, 219, 0, 0
1687999, 268, 0, 0
1689000, 228, 0, 0
1690000, 236, 0, 0
1690999, 236, 0, 0
1691999, 209, 0, 0
1693000, 240, 0, 0
1693999, 254, 0, 0
1694999, 214, 0, 0
1696000, 218, 0, 0
1697000, 224, 0, 0
1697999, 226, 0, 0
1699000, 269, 0, 0
1699999, 211, 0, 0
1700999, 238, 0, 0
1701999, 233, 0, 0
1703000, 214, 0, 0
1703999, 246, 0, 0
1704999, 240, 0, 0
1706000, 228, 0, 0
1706999, 230, 0, 0
1708000, 221, 0, 0
1709000, 243, 0, 0
1709999, 218, 0, 0
1711000, 224, 0, 0
1712000, 246, 0, 0
1712999, 239, 0, 0
1714000, 241, 0, 0
1715000, 245, 0, 0
1715999, 220, 0, 0
1717000, 223, 0, 0
1718000, 223, 0, 0
1718999, 229, 0, 0
1720000, 221, 0, 0
1721000, 230, 0, 0
1721999, 229, 0, 0
1723000, 221, 0, 0
1723999, 221, 0, 0
1724999, 229, 0, 0
1726000, 226, 0, 0
1726999, 251, 0, 0
1727999, 236, 0, 0
1729000, 244, 0, 0
1729999, 241, 0, 0
1730999, 221, 0, 0
1732000, 208, 0, 0
1733000, 231, 0, 0
1733999, 259, 0, 0
1735000, 228, 0, 0
1736000, 272, 0, 0
1736999, 256, 0, 0
1737999, 222, 0, 0
1739000, 227, 0, 0
1739999, 219, 0, 0
1740999, 238, 0, 0
1742000, 237, 0, 0
1742999, 252, 0, 0
1743999, 206, 0, 0
1745000, 218, 0, 0
1746000, 256, 0, 0
1746999, 234, 0, 0
1748000, 225, 0, 0
1749000, 214, 0, 0
1749999, 203, 0, 0
1751000, 242, 0, 0
1752000, 210, 0, 0
1752999, 244, 0, 0
1753999, 240, 0, 0
1755000, 250, 0, 0
1755999, 229, 0, 0
1756999, 254, 0, 0
1758000, 232, 0, 0
1758999, 228, 0, 0
1759999, 242, 0, 0
1761000, 226, 0, 0
1761999, 231, 0, 0
1762999, 220, 0, 0
1764000, 223, 0, 0
1765000, 262, 0, 0
1765999, 206, 0, 0
1766999, 232, 0, 0
1768000, 236, 0, 0
1769000, 221, 0, 0
1769999, 215, 0, 0
1771000, 212, 0, 0
1772000, 248, 0, 0
1772999, 233, 0, 0
1773999, 248, 0, 0
1775000, 206, 0, 0
1775999, 244, 0, 0
1776999, 247, 0, 0
1778000, 230, 0, 0
1779000, 234, 0, 0
1779999, 226, 0, 0
1780999, 221, 0, 0
1782000, 226, 0, 0
1782999, 223, 0, 0
1783999, 264, 0, 0
1785000, 247, 0, 0
1785999, 226, 0, 0
1786999, 204, 0, 0
1788000, 278, 0, 0
1789000, 249, 0, 0
1789999, 226, 0, 0
1791000, 224, 0, 0
1791999, 234, 0, 0
1792999, 255, 0, 0
1794000, 240, 0, 0
1794999, 247, 0, 0
1795999, 244, 0, 0
1797000, 206, 0, 0
1797999, 208, 0, 0
1798999, 207, 0, 0
1800000, 244, 0, 0
