1017, 7529124, 0, 0
2019, 7819178, 0, 0
3036, 7881464, 0, 0
4023, 8354843, 0, 0
5043, 7960097, 0, 0
6044, 8340523, 0, 0
7005, 7938065, 0, 0
8049, 7553298, 0, 0
9013, 7967544, 0, 0
10024, 7885534, 0, 0
11016, 8124961, 0, 0
12047, 8052022, 0, 0
13022, 8393251, 0, 0
14025, 7828792, 0, 0
15051, 8011816, 0, 0
16048, 8231888, 0, 0
17047, 8254793, 0, 0
18048, 7807322, 0, 0
19049, 7753001, 0, 0
20027, 8150321, 0, 0
21075, 7641285, 0, 0
22022, 7816943, 0, 0
23068, 8038999, 0, 0
24026, 7976849, 0, 0
25020, 7583385, 0, 0
26043, 7922465, 0, 0
27016, 8034350, 0, 0
28028, 7776566, 0, 0
29056, 7723469, 0, 0
30011, 7819365, 0, 0
31050, 7988473, 0, 0
32037, 8084007, 0, 0
33036, 7682494, 0, 0
34036, 7456433, 0, 0
35008, 7891000, 0, 0
36011, 7773143, 0, 0
37035, 7748024, 0, 0
38022, 7528257, 0, 0
39019, 7723478, 0, 0
40032, 7608245, 0, 0
41025, 7515909, 0, 0
42040, 7683156, 0, 0
43012, 7832592, 0, 0
44049, 8033965, 0, 0
45052, 7830453, 0, 0
46042, 7976281, 0, 0
47047, 7492044, 0, 0
48057, 8140375, 0, 0
49057, 7565732, 0, 0
50054, 7546235, 0, 0
51003, 7354087, 0, 0
52030, 7658592, 0, 0
53012, 7317405, 0, 0
54035, 7686723, 0, 0
55020, 7403590, 0, 0
56044, 7930606, 0, 0
57044, 7622156, 0, 0
58043, 7510639, 0, 0
59066, 7922556, 0, 0
60035, 7938667, 0, 0
61018, 7438561, 0, 0
62025, 7681204, 0, 0
63021, 7592361, 0, 0
64046, 7758226, 0, 0
65002, 7648397, 0, 0
66033, 7923216, 0, 0
67004, 7884495, 0, 0
68046, 7829037, 0, 0
69036, 7980262, 0, 0
70038, 7361277, 0, 0
71012, 7847919, 0, 0
72037, 7818696, 0, 0
73005, 7797364, 0, 0
74014, 7470486, 0, 0
75023, 7516926, 0, 0
76042, 7659354, 0, 0
77014, 7468253, 0, 0
78058, 7449949, 0, 0
79030, 8301571, 0, 0
80026, 7484407, 0, 0
81015, 6814906, 0, 0
82027, 7322413, 0, 0
83001, 7983030, 0, 0
84060, 7400453, 0, 0
85047, 8151606, 0, 0
86029, 7849021, 0, 0
87033, 7263318, 0, 0
88042, 7522938, 0, 0
89028, 7193290, 0, 0
90037, 7202040, 0, 0
91042, 7551143, 0, 0
92019, 7073698, 0, 0
93013, 7299621, 0, 0
94020, 7507788, 0, 0
95035, 7241763, 0, 0
96041, 7396429, 0, 0
97054, 7493154, 0, 0
98026, 7475040, 0, 0
99021, 7420173, 0, 0
100032, 7710503, 0, 0
101046, 7443600, 0, 0
102021, 7217371, 0, 0
103033, 7274637, 0, 0
104029, 7777615, 0, 0
105055, 7267495, 0, 0
106040, 7236444, 0, 0
107003, 7580282, 0, 0
108062, 7243935, 0, 0
109006, 7252335, 0, 0
110047, 7536997, 0, 0
111052, 6978410, 0, 0
112049, 7214060, 0, 0
113030, 7001069, 0, 0
114046, 7407403, 0, 0
115046, 7351692, 0, 0
116008, 7448778, 0, 0
117045, 7971175, 0, 0
118039, 7642437, 0, 0
119033, 7879359, 0, 0
120057, 7259038, 0, 0
121054, 7601717, 0, 0
122048, 7466876, 0, 0
123045, 7117270, 0, 0
124055, 6640173, 0, 0
125005, 7031136, 0, 0
126000, 7099213, 0, 0
127058, 7188328, 0, 0
128019, 7273866, 0, 0
129047, 7494667, 0, 0
130054, 7403015, 0, 0
131036, 7055836, 0, 0
132064, 7446282, 0, 0
133061, 7372988, 0, 0
134004, 6979263, 0, 0
135035, 7306612, 0, 0
136035, 7245088, 0, 0
137056, 7554284, 0, 0
138028, 7472548, 0, 0
139008, 7142458, 0, 0
140002, 6946537, 0, 0
141003, 6992202, 0, 0
142016, 6888016, 0, 0
143018, 7198096, 0, 0
144034, 7256347, 0, 0
145045, 7057986, 0, 0
146007, 6965794, 0, 0
147013, 6884114, 0, 0
148007, 7144552, 0, 0
149019, 7173716, 0, 0
150019, 7084128, 0, 0
151022, 6726734, 0, 0
152007, 7180233, 0, 0
153027, 7281086, 0, 0
154049, 6806649, 0, 0
155010, 6857649, 0, 0
156054, 7398657, 0, 0
157028, 7153867, 0, 0
158030, 7153562, 0, 0
159001, 7290130, 0, 0
160038, 6559636, 0, 0
161061, 7144751, 0, 0
162062, 7193593, 0, 0
163045, 7172018, 0, 0
164040, 6953079, 0, 0
165026, 6439880, 0, 0
166048, 6545722, 0, 0
167055, 6617349, 0, 0
168024, 7276754, 0, 0
169029, 7019578, 0, 0
170045, 7149775, 0, 0
171040, 7049643, 0, 0
172063, 7252981, 0, 0
173017, 6907270, 0, 0
174007, 7010020, 0, 0
175010, 7485482, 0, 0
176027, 6954290, 0, 0
177030, 6915327, 0, 0
178051, 7391076, 0, 0
179002, 7420010, 0, 0
180011, 6811851, 0, 0
181022, 7320747, 0, 0
182053, 7105931, 0, 0
183039, 6888257, 0, 0
184044, 7275975, 0, 0
185000, 7022248, 0, 0
186049, 6545592, 0, 0
187001, 7492779, 0, 0
188024, 6858044, 0, 0
189040, 7004748, 0, 0
190048, 7141002, 0, 0
191054, 6610370, 0, 0
192008, 7217985, 0, 0
193013, 7279330, 0, 0
194027, 6452178, 0, 0
195015, 7206023, 0, 0
196043, 6986350, 0, 0
197049, 6566301, 0, 0
198007, 6936278, 0, 0
199051, 6603312, 0, 0
200038, 7305439, 0, 0
201055, 6815803, 0, 0
202051, 6551926, 0, 0
203066, 7509863, 0, 0
204001, 6670231, 0, 0
205041, 7120552, 0, 0
206027, 6651776, 0, 0
207005, 6789436, 0, 0
208009, 6465351, 0, 0
209035, 6789484, 0, 0
210026, 7391134, 0, 0
211042, 6545728, 0, 0
212023, 6621971, 0, 0
213051, 6804908, 0, 0
214054, 6595120, 0, 0
215012, 6788456, 0, 0
216018, 6784658, 0, 0
217029, 6433541, 0, 0
218026, 6266507, 0, 0
219041, 6543804, 0, 0
220037, 6768264, 0, 0
221031, 6796685, 0, 0
222055, 6605031, 0, 0
223047, 6787239, 0, 0
224001, 6760723, 0, 0
225056, 6628398, 0, 0
226023, 7100219, 0, 0
227018, 7048917, 0, 0
228014, 6302413, 0, 0
229002, 7046944, 0, 0
230043, 6937938, 0, 0
231009, 6941221, 0, 0
232041, 7111633, 0, 0
233038, 6772788, 0, 0
234050, 6695283, 0, 0
235062, 6564797, 0, 0
236068, 7176903, 0, 0
237015, 6711455, 0, 0
238031, 6637941, 0, 0
239030, 6738008, 0, 0
240002, 6840474, 0, 0
241006, 6390179, 0, 0
242053, 5840968, 0, 0
243026, 6529510, 0, 0
244049, 6899937, 0, 0
245010, 7066783, 0, 0
246009, 6559656, 0, 0
247000, 6428295, 0, 0
248023, 6954571, 0, 0
249007, 6180672, 0, 0
250014, 6624370, 0, 0
251029, 6800001, 0, 0
252050, 6337264, 0, 0
253028, 7029947, 0, 0
254025, 6776652, 0, 0
255024, 6401004, 0, 0
256046, 6260826, 0, 0
257036, 6867476, 0, 0
258009, 6656868, 0, 0
259060, 6289293, 0, 0
260014, 5994309, 0, 0
261017, 6639536, 0, 0
262022, 6689015, 0, 0
263011, 6818274, 0, 0
264019, 6290243, 0, 0
265048, 6427895, 0, 0
266012, 6638336, 0, 0
267031, 6361956, 0, 0
268004, 6610600, 0, 0
269058, 7070711, 0, 0
270050, 6393384, 0, 0
271037, 6753297, 0, 0
272039, 6292912, 0, 0
273036, 6874784, 0, 0
274042, 6165818, 0, 0
275021, 6649183, 0, 0
276043, 6228259, 0, 0
277017, 6399015, 0, 0
278055, 6737892, 0, 0
279003, 6394943, 0, 0
280045, 6158766, 0, 0
281022, 7123445, 0, 0
282053, 6058428, 0, 0
283036, 6100449, 0, 0
284034, 6647841, 0, 0
285051, 6728707, 0, 0
286056, 6311400, 0, 0
287052, 5927078, 0, 0
288036, 6550424, 0, 0
289046, 6229507, 0, 0
290001, 5965097, 0, 0
291022, 6538445, 0, 0
292013, 6424000, 0, 0
293005, 6435695, 0, 0
294040, 7033713, 0, 0
295019, 6477046, 0, 0
296014, 6411763, 0, 0
297028, 6710714, 0, 0
298014, 6040393, 0, 0
299049, 6715031, 0, 0
300008, 6028106, 0, 0
301003, 6627988, 0, 0
302039, 6546811, 0, 0
303014, 6912797, 0, 0
304036, 6499243, 0, 0
305038, 6420663, 0, 0
306050, 6832177, 0, 0
307042, 5966233, 0, 0
308044, 6178503, 0, 0
309001, 6205827, 0, 0
310034, 6142615, 0, 0
311009, 6245619, 0, 0
312035, 6529343, 0, 0
313009, 6712157, 0, 0
314013, 5794669, 0, 0
315019, 6284917, 0, 0
316027, 6135727, 0, 0
317010, 6216550, 0, 0
318061, 6002287, 0, 0
319045, 5995355, 0, 0
320039, 6015791, 0, 0
321021, 5770145, 0, 0
322062, 6154993, 0, 0
323002, 6299354, 0, 0
324024, 6300488, 0, 0
325017, 6204612, 0, 0
326002, 6183481, 0, 0
327025, 6554926, 0, 0
328032, 6286765, 0, 0
329047, 5962449, 0, 0
330020, 6524677, 0, 0
331048, 5969455, 0, 0
332021, 6525962, 0, 0
333010, 6136625, 0, 0
334005, 6495828, 0, 0
335022, 6158832, 0, 0
336035, 6132460, 0, 0
337003, 6447629, 0, 0
338003, 6707490, 0, 0
339010, 6021431, 0, 0
340009, 6123574, 0, 0
341033, 6197482, 0, 0
342041, 6540986, 0, 0
343005, 6213767, 0, 0
344022, 6118476, 0, 0
345048, 5961671, 0, 0
346021, 6349113, 0, 0
347039, 6875019, 0, 0
348028, 6456735, 0, 0
349037, 5998663, 0, 0
350048, 6390463, 0, 0
351058, 6076891, 0, 0
352011, 5801464, 0, 0
353031, 7075982, 0, 0
354043, 6205744, 0, 0
355031, 6406006, 0, 0
356056, 6321510, 0, 0
357006, 6242091, 0, 0
358061, 6311781, 0, 0
359049, 6445823, 0, 0
360037, 5910319, 0, 0
361052, 6299432, 0, 0
362045, 5797673, 0, 0
363046, 6370298, 0, 0
364041, 5647135, 0, 0
365013, 5992637, 0, 0
366008, 5849136, 0, 0
367035, 6292955, 0, 0
368021, 5566367, 0, 0
369003, 6448890, 0, 0
370025, 6463244, 0, 0
371041, 6304482, 0, 0
372052, 6394438, 0, 0
373025, 6272222, 0, 0
374040, 5723435, 0, 0
375061, 6110872, 0, 0
376010, 6277435, 0, 0
377063, 6299854, 0, 0
378049, 5724645, 0, 0
379054, 5578402, 0, 0
380004, 6285100, 0, 0
381054, 5796764, 0, 0
382011, 6129157, 0, 0
383025, 6026396, 0, 0
384015, 5495608, 0, 0
385000, 5960453, 0, 0
386053, 5655978, 0, 0
387046, 5768499, 0, 0
388025, 6191653, 0, 0
389005, 5408156, 0, 0
390044, 5828104, 0, 0
391009, 6219672, 0, 0
392015, 5615964, 0, 0
393057, 5715268, 0, 0
394039, 5981754, 0, 0
395049, 6268260, 0, 0
396002, 5732845, 0, 0
397003, 5464112, 0, 0
398051, 6195726, 0, 0
399018, 6275354, 0, 0
400020, 5820526, 0, 0
401037, 5771860, 0, 0
402045, 6176546, 0, 0
403050, 6232599, 0, 0
404001, 5904392, 0, 0
405018, 5609342, 0, 0
406009, 6004552, 0, 0
407057, 6306134, 0, 0
408036, 5258416, 0, 0
409047, 5546090, 0, 0
410042, 6099458, 0, 0
411041, 5870900, 0, 0
412003, 6200861, 0, 0
413021, 5877994, 0, 0
414013, 6352537, 0, 0
415029, 5929744, 0, 0
416028, 5455877, 0, 0
417025, 6074469, 0, 0
418021, 5585959, 0, 0
419044, 6049891, 0, 0
420031, 5731817, 0, 0
421056, 5721150, 0, 0
422040, 5460460, 0, 0
423043, 6072642, 0, 0
424014, 5843320, 0, 0
425052, 5313024, 0, 0
426017, 5880047, 0, 0
427019, 5716638, 0, 0
428043, 5749777, 0, 0
429020, 5450305, 0, 0
430053, 5267030, 0, 0
431005, 5250317, 0, 0
432057, 5125459, 0, 0
433000, 5885774, 0, 0
434023, 5944550, 0, 0
435040, 5316311, 0, 0
436000, 5814828, 0, 0
437011, 5904975, 0, 0
438069, 5871035, 0, 0
439020, 5933887, 0, 0
440029, 5864986, 0, 0
441020, 5821908, 0, 0
442030, 5765614, 0, 0
443028, 5504786, 0, 0
444049, 5455783, 0, 0
445037, 5576510, 0, 0
446016, 5525095, 0, 0
447031, 5510343, 0, 0
448037, 5489473, 0, 0
449013, 5387857, 0, 0
450015, 5621193, 0, 0
451015, 5704568, 0, 0
452044, 5977172, 0, 0
453044, 5612779, 0, 0
454018, 6120514, 0, 0
455052, 5641430, 0, 0
456044, 5386864, 0, 0
457032, 5366161, 0, 0
458077, 5375499, 0, 0
459022, 5591116, 0, 0
460040, 5495028, 0, 0
461046, 5838033, 0, 0
462031, 5627609, 0, 0
463023, 6078731, 0, 0
464033, 5452042, 0, 0
465038, 6084184, 0, 0
466018, 5528676, 0, 0
467049, 5598236, 0, 0
468053, 5335203, 0, 0
469050, 5533175, 0, 0
470013, 5690826, 0, 0
471055, 5686825, 0, 0
472010, 5356771, 0, 0
473026, 5180954, 0, 0
474001, 5178763, 0, 0
475013, 5376829, 0, 0
476042, 5188495, 0, 0
477066, 5440668, 0, 0
478008, 5572300, 0, 0
479044, 4877530, 0, 0
480008, 5320385, 0, 0
481026, 5322957, 0, 0
482003, 5421284, 0, 0
483021, 5554823, 0, 0
484039, 5499271, 0, 0
485007, 5371494, 0, 0
486011, 5223870, 0, 0
487027, 5761461, 0, 0
488059, 5858046, 0, 0
489031, 5883117, 0, 0
490047, 5124956, 0, 0
491054, 5214787, 0, 0
492076, 5153496, 0, 0
493046, 5151773, 0, 0
494003, 5462142, 0, 0
495018, 5252450, 0, 0
496056, 5828417, 0, 0
497014, 5629923, 0, 0
498026, 5583882, 0, 0
499026, 5487132, 0, 0
500039, 5135987, 0, 0
501055, 4946061, 0, 0
502047, 5085368, 0, 0
503068, 5448271, 0, 0
504052, 5146287, 0, 0
505054, 5501573, 0, 0
506010, 4944590, 0, 0
507059, 5293040, 0, 0
508002, 5540775, 0, 0
509027, 4947011, 0, 0
510055, 5291577, 0, 0
511025, 5801443, 0, 0
512058, 5055171, 0, 0
513042, 5342793, 0, 0
514068, 5227125, 0, 0
515017, 5239685, 0, 0
516011, 4531930, 0, 0
517053, 4820077, 0, 0
518001, 5199276, 0, 0
519023, 5003131, 0, 0
520033, 4756982, 0, 0
521018, 5045713, 0, 0
522014, 4781945, 0, 0
523018, 5450719, 0, 0
524043, 5070250, 0, 0
525086, 6554459, 0, 0
526003, 4920327, 0, 0
527021, 5270322, 0, 0
528045, 5499192, 0, 0
529061, 4901492, 0, 0
530000, 4830998, 0, 0
531044, 5323411, 0, 0
532011, 4778148, 0, 0
533059, 5132217, 0, 0
534004, 5490792, 0, 0
535011, 5076955, 0, 0
536050, 5269610, 0, 0
537005, 4842890, 0, 0
538049, 5374878, 0, 0
539039, 5551608, 0, 0
540041, 5591710, 0, 0
541014, 5339426, 0, 0
542008, 5144588, 0, 0
543002, 4794718, 0, 0
544010, 4619022, 0, 0
545011, 5557715, 0, 0
546023, 4881220, 0, 0
547018, 4775136, 0, 0
548023, 4993354, 0, 0
549018, 5584496, 0, 0
550024, 5237730, 0, 0
551043, 4773599, 0, 0
552059, 4614642, 0, 0
553015, 4873324, 0, 0
554025, 4894374, 0, 0
555050, 5044996, 0, 0
556000, 5210384, 0, 0
557069, 4988622, 0, 0
558013, 5014261, 0, 0
559020, 5378476, 0, 0
560002, 5083458, 0, 0
561038, 5146966, 0, 0
562018, 4637920, 0, 0
563036, 5138391, 0, 0
564015, 5285408, 0, 0
565033, 4771062, 0, 0
566007, 5289379, 0, 0
567053, 5498620, 0, 0
568064, 5153521, 0, 0
569001, 5027091, 0, 0
570043, 5152544, 0, 0
571027, 4987834, 0, 0
572052, 5388926, 0, 0
573039, 5303576, 0, 0
574055, 5021161, 0, 0
575017, 5028152, 0, 0
576003, 5080171, 0, 0
577058, 5345910, 0, 0
578034, 4874648, 0, 0
579005, 4974749, 0, 0
580016, 4698354, 0, 0
581055, 4940041, 0, 0
582012, 5003547, 0, 0
583037, 4898933, 0, 0
584048, 4740765, 0, 0
585013, 4565031, 0, 0
586025, 5292164, 0, 0
587041, 5049189, 0, 0
588057, 4999481, 0, 0
589026, 5406725, 0, 0
590019, 4720138, 0, 0
591032, 4665144, 0, 0
592009, 4855698, 0, 0
593010, 5230093, 0, 0
594050, 5095744, 0, 0
595025, 4844347, 0, 0
596053, 4862559, 0, 0
597009, 4924497, 0, 0
598017, 4533429, 0, 0
599007, 5021929, 0, 0
600027, 4826249, 0, 0
601040, 4817680, 0, 0
602039, 5336196, 0, 0
603045, 4588078, 0, 0
604055, 4943255, 0, 0
605067, 4700330, 0, 0
606030, 5115176, 0, 0
607005, 5208374, 0, 0
608001, 4737795, 0, 0
609049, 4844362, 0, 0
610018, 4840773, 0, 0
611030, 4410742, 0, 0
612041, 4998507, 0, 0
613003, 5138798, 0, 0
614046, 5035376, 0, 0
615014, 5057485, 0, 0
616029, 4527008, 0, 0
617031, 4907963, 0, 0
618036, 4991781, 0, 0
619030, 4614807, 0, 0
620056, 4183937, 0, 0
621037, 4433233, 0, 0
622047, 4669679, 0, 0
623058, 4275815, 0, 0
624053, 4518319, 0, 0
625055, 4275587, 0, 0
626001, 5306545, 0, 0
627047, 4334501, 0, 0
628004, 3965128, 0, 0
629038, 5378504, 0, 0
630044, 4879186, 0, 0
631009, 5265527, 0, 0
632029, 4762266, 0, 0
633031, 4238477, 0, 0
634038, 4351355, 0, 0
635031, 4256806, 0, 0
636060, 4430092, 0, 0
637058, 4551004, 0, 0
638007, 5015201, 0, 0
639008, 4094196, 0, 0
640036, 4010570, 0, 0
641000, 4147473, 0, 0
642053, 4675487, 0, 0
643019, 4618160, 0, 0
644036, 4231820, 0, 0
645052, 4568409, 0, 0
646053, 4587855, 0, 0
647036, 5060480, 0, 0
648057, 4430421, 0, 0
649037, 4774868, 0, 0
650058, 4832105, 0, 0
651028, 3859027, 0, 0
652038, 4713999, 0, 0
653041, 4983810, 0, 0
654038, 4675492, 0, 0
655050, 4701127, 0, 0
656048, 4387543, 0, 0
657008, 5645946, 0, 0
658056, 4133466, 0, 0
659014, 4760946, 0, 0
660035, 4574505, 0, 0
661026, 4358537, 0, 0
662057, 4237796, 0, 0
663031, 4382022, 0, 0
664010, 4836816, 0, 0
665034, 4315507, 0, 0
666015, 4665939, 0, 0
667049, 4527118, 0, 0
668036, 4142697, 0, 0
669000, 4884053, 0, 0
670032, 4444814, 0, 0
671041, 4269990, 0, 0
672033, 4363213, 0, 0
673047, 4364474, 0, 0
674057, 4203329, 0, 0
675012, 4275167, 0, 0
676009, 4548673, 0, 0
677060, 3987372, 0, 0
678056, 4383422, 0, 0
679037, 4515436, 0, 0
680019, 4669188, 0, 0
681023, 4414282, 0, 0
682020, 4100155, 0, 0
683011, 4434965, 0, 0
684009, 4259813, 0, 0
685017, 4359140, 0, 0
686025, 4335979, 0, 0
687009, 4234770, 0, 0
688012, 4495419, 0, 0
689034, 4554901, 0, 0
690062, 4172173, 0, 0
691006, 4384121, 0, 0
692053, 4268516, 0, 0
693037, 4290541, 0, 0
694007, 4424401, 0, 0
695018, 4487762, 0, 0
696035, 4511372, 0, 0
697052, 4794270, 0, 0
698028, 4126109, 0, 0
699056, 4646465, 0, 0
700016, 4500091, 0, 0
701022, 4487013, 0, 0
702045, 4500134, 0, 0
703062, 4596814, 0, 0
704017, 3920593, 0, 0
705007, 4354877, 0, 0
706018, 4832828, 0, 0
707045, 4289521, 0, 0
708038, 4274632, 0, 0
709017, 4570374, 0, 0
710024, 4105023, 0, 0
711043, 4646766, 0, 0
712046, 4208311, 0, 0
713040, 4552495, 0, 0
714000, 4045514, 0, 0
715058, 4139842, 0, 0
716057, 4518013, 0, 0
717000, 3675692, 0, 0
718049, 4175371, 0, 0
719016, 5001134, 0, 0
720012, 5210502, 0, 0
721042, 4529369, 0, 0
722014, 4853996, 0, 0
723024, 4327330, 0, 0
724011, 3975694, 0, 0
725010, 4452046, 0, 0
726021, 4106756, 0, 0
727018, 4672164, 0, 0
728029, 4786723, 0, 0
729051, 4884399, 0, 0
730060, 4287855, 0, 0
731034, 3918549, 0, 0
732041, 4614933, 0, 0
733070, 4428829, 0, 0
734026, 4207402, 0, 0
735018, 4043221, 0, 0
736044, 4358399, 0, 0
737059, 4826338, 0, 0
738056, 4883686, 0, 0
739010, 4176519, 0, 0
740038, 4403659, 0, 0
741045, 4140531, 0, 0
742025, 4798973, 0, 0
743037, 4592291, 0, 0
744046, 4287178, 0, 0
745064, 4753153, 0, 0
746008, 4380948, 0, 0
747024, 4212256, 0, 0
748015, 4713274, 0, 0
749051, 4535303, 0, 0
750049, 3908894, 0, 0
751034, 4202569, 0, 0
752049, 4331780, 0, 0
753041, 3795178, 0, 0
754039, 4675988, 0, 0
755058, 4408321, 0, 0
756005, 3904004, 0, 0
757014, 4730443, 0, 0
758006, 4307322, 0, 0
759024, 4256043, 0, 0
760038, 4418375, 0, 0
761054, 4249118, 0, 0
762037, 4088150, 0, 0
763012, 3849000, 0, 0
764050, 4388683, 0, 0
765019, 4225158, 0, 0
766015, 4606898, 0, 0
767012, 4181551, 0, 0
768008, 4160329, 0, 0
769006, 4054531, 0, 0
770010, 4533674, 0, 0
771003, 4168722, 0, 0
772009, 4272483, 0, 0
773017, 4126563, 0, 0
774043, 4249854, 0, 0
775056, 4775475, 0, 0
776012, 3928525, 0, 0
777022, 4522884, 0, 0
778055, 4465807, 0, 0
779003, 4659806, 0, 0
780006, 4055078, 0, 0
781030, 4208606, 0, 0
782028, 4937047, 0, 0
783051, 4581512, 0, 0
784042, 4263243, 0, 0
785001, 4538420, 0, 0
786058, 4091198, 0, 0
787075, 4285743, 0, 0
788049, 4842220, 0, 0
789046, 4365307, 0, 0
790022, 4145355, 0, 0
791051, 3905964, 0, 0
792023, 4257895, 0, 0
793041, 5161322, 0, 0
794020, 4008508, 0, 0
795035, 4257202, 0, 0
796003, 4581848, 0, 0
797020, 4416613, 0, 0
798039, 4222871, 0, 0
799041, 4463624, 0, 0
800021, 5234370, 0, 0
801037, 4193214, 0, 0
802067, 4397984, 0, 0
803038, 3973174, 0, 0
804015, 5031514, 0, 0
805035, 4647296, 0, 0
806056, 4574635, 0, 0
807053, 4236653, 0, 0
808012, 4581520, 0, 0
809019, 4430950, 0, 0
810040, 4430764, 0, 0
811012, 4623582, 0, 0
812023, 4509967, 0, 0
813028, 4380805, 0, 0
814072, 4942050, 0, 0
815074, 4788527, 0, 0
816024, 4559684, 0, 0
817055, 4361679, 0, 0
818058, 4494381, 0, 0
819009, 4563487, 0, 0
820010, 4272147, 0, 0
821009, 4299916, 0, 0
822007, 3791050, 0, 0
823024, 4414665, 0, 0
824041, 4616719, 0, 0
825009, 3941853, 0, 0
826064, 4464285, 0, 0
827057, 4275070, 0, 0
828010, 4643517, 0, 0
829011, 4481595, 0, 0
830044, 3966626, 0, 0
831065, 4456044, 0, 0
832088, 5208895, 0, 0
833057, 3900199, 0, 0
834054, 4098463, 0, 0
835041, 3833658, 0, 0
836055, 4364886, 0, 0
837055, 4781039, 0, 0
838030, 4527134, 0, 0
839033, 4885469, 0, 0
840042, 4477474, 0, 0
841053, 4589440, 0, 0
842071, 4217810, 0, 0
843036, 4681316, 0, 0
844026, 4116687, 0, 0
845024, 4278417, 0, 0
846034, 4133672, 0, 0
847009, 4426156, 0, 0
848006, 4610899, 0, 0
849029, 4274751, 0, 0
850042, 4575731, 0, 0
851008, 4157766, 0, 0
852010, 4569234, 0, 0
853000, 4262351, 0, 0
854002, 4347101, 0, 0
855038, 4347540, 0, 0
856053, 4428230, 0, 0
857019, 4326224, 0, 0
858058, 4470545, 0, 0
859030, 3976800, 0, 0
860055, 4613967, 0, 0
861000, 4011501, 0, 0
862056, 4547248, 0, 0
863038, 4280771, 0, 0
864028, 4396363, 0, 0
865031, 4314848, 0, 0
866049, 4889604, 0, 0
867034, 4239484, 0, 0
868003, 4440132, 0, 0
869049, 4332711, 0, 0
870009, 4461384, 0, 0
871020, 4277021, 0, 0
872037, 4532862, 0, 0
873020, 4884466, 0, 0
874012, 4344470, 0, 0
875023, 5103164, 0, 0
876016, 5111717, 0, 0
877005, 4182472, 0, 0
878066, 4508473, 0, 0
879010, 4765334, 0, 0
880020, 4305858, 0, 0
881042, 4288539, 0, 0
882049, 4224789, 0, 0
883042, 4772440, 0, 0
884017, 4842488, 0, 0
885032, 4330179, 0, 0
886008, 4450424, 0, 0
887060, 4453593, 0, 0
888041, 5099629, 0, 0
889032, 4229091, 0, 0
890053, 4677986, 0, 0
891043, 4475828, 0, 0
892028, 4349527, 0, 0
893004, 4046089, 0, 0
894024, 4448949, 0, 0
895063, 4182304, 0, 0
896051, 4526725, 0, 0
897002, 3859641, 0, 0
898007, 4324081, 0, 0
899035, 4154933, 0, 0
900050, 4241353, 0, 0
901055, 4251363, 0, 0
902032, 4498069, 0, 0
903045, 4268310, 0, 0
904017, 4390248, 0, 0
905039, 4596434, 0, 0
906036, 4507605, 0, 0
907028, 4629026, 0, 0
908031, 4573558, 0, 0
909004, 4186452, 0, 0
910059, 4790144, 0, 0
911051, 3796487, 0, 0
912012, 4154356, 0, 0
913056, 3993800, 0, 0
914009, 4642625, 0, 0
915016, 5845708, 0, 0
916074, 4517109, 0, 0
917016, 4458885, 0, 0
918047, 4574215, 0, 0
919047, 4127926, 0, 0
920004, 4948788, 0, 0
921043, 4166487, 0, 0
922113, 5115665, 0, 0
923027, 4344962, 0, 0
924019, 4217304, 0, 0
925024, 4109155, 0, 0
926035, 4209058, 0, 0
927004, 4790229, 0, 0
928054, 4349874, 0, 0
929012, 4714497, 0, 0
930020, 4473351, 0, 0
931006, 4103350, 0, 0
932060, 4554071, 0, 0
933031, 4470336, 0, 0
934047, 4023738, 0, 0
935000, 4785500, 0, 0
936031, 4151847, 0, 0
937024, 4219130, 0, 0
938033, 4516649, 0, 0
939014, 4220967, 0, 0
940021, 4355039, 0, 0
941000, 4229145, 0, 0
942032, 4818088, 0, 0
943006, 3845104, 0, 0
944033, 4417203, 0, 0
945028, 4089625, 0, 0
946006, 4438326, 0, 0
947015, 4326942, 0, 0
948003, 4405171, 0, 0
949035, 4239699, 0, 0
950048, 4534133, 0, 0
951032, 4167580, 0, 0
952042, 4383085, 0, 0
953036, 4189305, 0, 0
954038, 4388365, 0, 0
955034, 4380068, 0, 0
956042, 3842974, 0, 0
957016, 4173662, 0, 0
958042, 4377896, 0, 0
959053, 4505371, 0, 0
960073, 4566611, 0, 0
961053, 4511218, 0, 0
962014, 4081557, 0, 0
963003, 4530990, 0, 0
964048, 5299619, 0, 0
965018, 4845026, 0, 0
966037, 4500331, 0, 0
967043, 4369291, 0, 0
968060, 4378059, 0, 0
969007, 3938778, 0, 0
970008, 4738222, 0, 0
971027, 4311197, 0, 0
972010, 4907402, 0, 0
973010, 4028254, 0, 0
974047, 3619953, 0, 0
975042, 4778251, 0, 0
976037, 4495653, 0, 0
977018, 4151874, 0, 0
978047, 4409158, 0, 0
979057, 4425064, 0, 0
980032, 4363137, 0, 0
981009, 4014060, 0, 0
982002, 4132986, 0, 0
983029, 4053965, 0, 0
984033, 4887597, 0, 0
985027, 4353795, 0, 0
986041, 4803057, 0, 0
987060, 4645558, 0, 0
988039, 4158102, 0, 0
989004, 4247572, 0, 0
990034, 4828637, 0, 0
991075, 4369341, 0, 0
992018, 4261080, 0, 0
993059, 4723273, 0, 0
994006, 5005825, 0, 0
995023, 4434989, 0, 0
996001, 4478557, 0, 0
997034, 4779102, 0, 0
998049, 4445830, 0, 0
999037, 4505466, 0, 0
1000050, 4416740, 0, 0
1001027, 4415439, 0, 0
1002050, 4272098, 0, 0
1003014, 4319222, 0, 0
1004014, 4192929, 0, 0
1005022, 4214233, 0, 0
1006009, 4174736, 0, 0
1007044, 4362858, 0, 0
1008042, 5056653, 0, 0
1009037, 3943011, 0, 0
1010038, 4649411, 0, 0
1011013, 5071952, 0, 0
1012051, 4672609, 0, 0
1013003, 4523997, 0, 0
1014000, 4676809, 0, 0
1015014, 3722852, 0, 0
1016015, 4691100, 0, 0
1017050, 3757524, 0, 0
1018029, 4177650, 0, 0
1019005, 4472525, 0, 0
1020019, 3952508, 0, 0
1021059, 3845818, 0, 0
1022017, 4452001, 0, 0
1023038, 4512415, 0, 0
1024059, 4449525, 0, 0
1025055, 4880494, 0, 0
1026014, 4409871, 0, 0
1027009, 4377454, 0, 0
1028045, 4704636, 0, 0
1029022, 4375693, 0, 0
1030034, 4653579, 0, 0
1031044, 4567658, 0, 0
1032058, 4622412, 0, 0
1033055, 4181773, 0, 0
1034000, 4013844, 0, 0
1035010, 4119993, 0, 0
1036026, 4105079, 0, 0
1037011, 4754488, 0, 0
1038001, 4685936, 0, 0
1039041, 4453733, 0, 0
1040024, 4720800, 0, 0
1041020, 3962088, 0, 0
1042015, 4227854, 0, 0
1043041, 3939607, 0, 0
1044011, 4267087, 0, 0
1045021, 4542811, 0, 0
1046040, 4071165, 0, 0
1047053, 3745017, 0, 0
1048038, 4333762, 0, 0
1049045, 4632561, 0, 0
1050024, 4215554, 0, 0
1051066, 4336423, 0, 0
1052057, 4560553, 0, 0
1053018, 4700674, 0, 0
1054027, 4689769, 0, 0
1055005, 4322500, 0, 0
1056013, 4472380, 0, 0
1057012, 4599151, 0, 0
1058024, 4471706, 0, 0
1059039, 4348962, 0, 0
1060044, 5017173, 0, 0
1061048, 4161840, 0, 0
1062052, 4795374, 0, 0
1063051, 4210024, 0, 0
1064001, 4053002, 0, 0
1065057, 4393338, 0, 0
1066002, 4473558, 0, 0
1067025, 4666333, 0, 0
1068053, 4172468, 0, 0
1069006, 4597294, 0, 0
1070047, 4140880, 0, 0
1071043, 3886268, 0, 0
1072040, 4696346, 0, 0
1073033, 4547831, 0, 0
1074048, 4544611, 0, 0
1075052, 4060275, 0, 0
1076024, 4007765, 0, 0
1077048, 4429135, 0, 0
1078062, 4328559, 0, 0
1079000, 4276305, 0, 0
1080013, 4320922, 0, 0
1081038, 4112565, 0, 0
1082044, 4443980, 0, 0
1083030, 4101520, 0, 0
1084049, 4544452, 0, 0
1085043, 4681982, 0, 0
1086047, 4044218, 0, 0
1087056, 4774340, 0, 0
1088011, 4519111, 0, 0
1089015, 4774754, 0, 0
1090026, 4314758, 0, 0
1091006, 3931044, 0, 0
1092024, 4576099, 0, 0
1093007, 4546488, 0, 0
1094042, 4575278, 0, 0
1095051, 4705848, 0, 0
1096063, 4812529, 0, 0
1097031, 4375101, 0, 0
1098017, 4713410, 0, 0
1099029, 4038876, 0, 0
1100056, 4602165, 0, 0
1101054, 5825791, 0, 0
1102040, 5536988, 0, 0
1103054, 4686302, 0, 0
1104049, 4730732, 0, 0
1105030, 4318475, 0, 0
1106048, 4095459, 0, 0
1107013, 4050353, 0, 0
1108001, 4272839, 0, 0
1109054, 4867428, 0, 0
1110024, 3740424, 0, 0
1111055, 4164006, 0, 0
1112034, 4347571, 0, 0
1113038, 4397343, 0, 0
1114054, 3900604, 0, 0
1115035, 4170787, 0, 0
1116048, 4491794, 0, 0
1117047, 4090621, 0, 0
1118053, 4114416, 0, 0
1119051, 3777402, 0, 0
1120005, 4490892, 0, 0
1121022, 4746439, 0, 0
1122034, 4056975, 0, 0
1123036, 3895657, 0, 0
1124048, 4297933, 0, 0
1125036, 4061799, 0, 0
1126003, 4663406, 0, 0
1127040, 4686247, 0, 0
1128068, 4708853, 0, 0
1129006, 4780665, 0, 0
1130049, 4249748, 0, 0
1131019, 4268412, 0, 0
1132029, 4735618, 0, 0
1133049, 4405967, 0, 0
1134005, 3993829, 0, 0
1135057, 4153034, 0, 0
1136002, 4346961, 0, 0
1137055, 3954403, 0, 0
1138048, 4349656, 0, 0
1139003, 4180037, 0, 0
1140036, 5830547, 0, 0
1141036, 3994414, 0, 0
1142056, 4829026, 0, 0
1143053, 3918915, 0, 0
1144039, 3827096, 0, 0
1145007, 4081789, 0, 0
1146026, 4367342, 0, 0
1147010, 4675702, 0, 0
1148036, 4254367, 0, 0
1149010, 4084629, 0, 0
1150041, 4219310, 0, 0
1151004, 4390242, 0, 0
1152029, 4317670, 0, 0
1153018, 4512140, 0, 0
1154024, 4566356, 0, 0
1155018, 4394365, 0, 0
1156006, 4462200, 0, 0
1157027, 4510591, 0, 0
1158035, 4266015, 0, 0
1159034, 4374916, 0, 0
1160011, 4737343, 0, 0
1161002, 4563342, 0, 0
1162046, 4529695, 0, 0
1163035, 4428841, 0, 0
1164037, 4294040, 0, 0
1165049, 4473799, 0, 0
1166040, 4624372, 0, 0
1167022, 5188642, 0, 0
1168020, 5194011, 0, 0
1169012, 4691271, 0, 0
1170059, 4754272, 0, 0
1171012, 4100731, 0, 0
1172024, 3785073, 0, 0
1173019, 4776708, 0, 0
1174057, 4130800, 0, 0
1175015, 4449194, 0, 0
1176025, 4403655, 0, 0
1177013, 4347455, 0, 0
1178027, 4270625, 0, 0
1179039, 4451031, 0, 0
1180041, 4551186, 0, 0
1181042, 4364993, 0, 0
1182003, 3869160, 0, 0
1183032, 4141186, 0, 0
1184067, 5414315, 0, 0
1185032, 4030569, 0, 0
1186006, 4589178, 0, 0
1187043, 4092610, 0, 0
1188049, 4100130, 0, 0
1189055, 4033957, 0, 0
1190012, 4505405, 0, 0
1191051, 4572200, 0, 0
1192045, 4153730, 0, 0
1193001, 4148528, 0, 0
1194058, 4569207, 0, 0
1195018, 4588078, 0, 0
1196030, 4880943, 0, 0
1197050, 4139579, 0, 0
1198029, 3866529, 0, 0
1199040, 4735263, 0, 0
1200025, 4824667, 0, 0
1201014, 4277490, 0, 0
1202012, 4033331, 0, 0
1203041, 4013263, 0, 0
1204052, 4671470, 0, 0
1205032, 4871390, 0, 0
1206041, 4558745, 0, 0
1207056, 4649523, 0, 0
1208030, 4019951, 0, 0
1209028, 4528901, 0, 0
1210031, 4317423, 0, 0
1211030, 4282220, 0, 0
1212020, 4413260, 0, 0
1213028, 4819816, 0, 0
1214035, 4296525, 0, 0
1215006, 4253526, 0, 0
1216003, 4502276, 0, 0
1217017, 4519840, 0, 0
1218027, 4649217, 0, 0
1219043, 4450779, 0, 0
1220016, 4497194, 0, 0
1221024, 4195964, 0, 0
1222056, 4793659, 0, 0
1223012, 4396419, 0, 0
1224026, 3897413, 0, 0
1225049, 4118927, 0, 0
1226032, 4378853, 0, 0
1227010, 4120384, 0, 0
1228052, 5102303, 0, 0
1229046, 4471187, 0, 0
1230014, 4296150, 0, 0
1231029, 4608077, 0, 0
1232022, 4592559, 0, 0
1233022, 4175763, 0, 0
1234030, 4375423, 0, 0
1235012, 4696441, 0, 0
1236039, 4399600, 0, 0
1237031, 4544927, 0, 0
1238022, 4538780, 0, 0
1239000, 3904610, 0, 0
1240009, 4234501, 0, 0
1241003, 4375316, 0, 0
1242015, 4430492, 0, 0
1243047, 4642140, 0, 0
1244024, 4857672, 0, 0
1245014, 4773833, 0, 0
1246014, 4603973, 0, 0
1247035, 4227891, 0, 0
1248026, 4441804, 0, 0
1249046, 4225277, 0, 0
1250040, 4205858, 0, 0
1251042, 4067008, 0, 0
1252067, 4468042, 0, 0
1253066, 4298978, 0, 0
1254028, 4162629, 0, 0
1255055, 4576156, 0, 0
1256048, 4611832, 0, 0
1257061, 4416527, 0, 0
1258057, 4650398, 0, 0
1259009, 4637412, 0, 0
1260045, 4240608, 0, 0
1261009, 4696705, 0, 0
1262011, 3970290, 0, 0
1263013, 4164354, 0, 0
1264000, 4285203, 0, 0
1265038, 4034508, 0, 0
1266019, 4780887, 0, 0
1267058, 4629597, 0, 0
1268045, 4524684, 0, 0
1269004, 4667539, 0, 0
1270057, 4459076, 0, 0
1271012, 4840700, 0, 0
1272034, 4064688, 0, 0
1273057, 3840805, 0, 0
1274022, 4652678, 0, 0
1275000, 3984943, 0, 0
1276053, 4828366, 0, 0
1277067, 4420811, 0, 0
1278006, 4711150, 0, 0
1279025, 4690024, 0, 0
1280048, 4498208, 0, 0
1281045, 4239509, 0, 0
1282023, 4052511, 0, 0
1283010, 4832145, 0, 0
1284051, 4700100, 0, 0
1285052, 5049139, 0, 0
1286002, 4519383, 0, 0
1287001, 4263075, 0, 0
1288016, 4781606, 0, 0
1289019, 4514015, 0, 0
1290036, 4267152, 0, 0
1291047, 4446098, 0, 0
1292041, 4552343, 0, 0
1293000, 3989785, 0, 0
1294060, 4854682, 0, 0
1295004, 4246682, 0, 0
1296000, 4521153, 0, 0
1297057, 4712693, 0, 0
1298010, 4385318, 0, 0
1299006, 3918637, 0, 0
1300013, 4118849, 0, 0
1301012, 4280660, 0, 0
1302054, 5026499, 0, 0
1303033, 4637256, 0, 0
1304014, 4412109, 0, 0
1305007, 4145945, 0, 0
1306047, 4537460, 0, 0
1307049, 4489042, 0, 0
1308066, 4658848, 0, 0
1309017, 4792870, 0, 0
1310038, 4699341, 0, 0
1311005, 4219569, 0, 0
1312054, 4740323, 0, 0
1313048, 4512889, 0, 0
1314052, 4301102, 0, 0
1315045, 4699251, 0, 0
1316015, 4525338, 0, 0
1317024, 4420210, 0, 0
1318040, 4140686, 0, 0
1319061, 4093627, 0, 0
1320002, 4292938, 0, 0
1321046, 3873544, 0, 0
1322024, 4157780, 0, 0
1323052, 5006253, 0, 0
1324036, 4426542, 0, 0
1325003, 4452158, 0, 0
1326059, 4644631, 0, 0
1327033, 4651607, 0, 0
1328053, 4175632, 0, 0
1329005, 4011717, 0, 0
1330039, 4588691, 0, 0
1331056, 4320626, 0, 0
1332006, 4769801, 0, 0
1333020, 4181635, 0, 0
1334013, 3966204, 0, 0
1335035, 3880239, 0, 0
1336024, 4063409, 0, 0
1337024, 4379200, 0, 0
1338015, 4496758, 0, 0
1339054, 4495037, 0, 0
1340056, 4465878, 0, 0
1341051, 3958092, 0, 0
1342017, 3652531, 0, 0
1343014, 4147894, 0, 0
1344036, 4620702, 0, 0
1345021, 4276206, 0, 0
1346009, 4362993, 0, 0
1347041, 4425552, 0, 0
1348061, 4278701, 0, 0
1349020, 4294584, 0, 0
1350045, 4193012, 0, 0
1351032, 4674559, 0, 0
1352040, 4023326, 0, 0
1353059, 4670156, 0, 0
1354042, 4213019, 0, 0
1355050, 4106904, 0, 0
1356046, 4365336, 0, 0
1357056, 4540525, 0, 0
1358069, 4639600, 0, 0
1359058, 5615291, 0, 0
1360034, 4553174, 0, 0
1361003, 4068591, 0, 0
1362015, 5317625, 0, 0
1363013, 4278778, 0, 0
1364000, 4949536, 0, 0
1365014, 4422548, 0, 0
1366041, 4441608, 0, 0
1367023, 4191506, 0, 0
1368044, 4355268, 0, 0
1369005, 4246489, 0, 0
1370037, 4240771, 0, 0
1371058, 4159756, 0, 0
1372054, 4443198, 0, 0
1373016, 4640601, 0, 0
1374050, 4264150, 0, 0
1375033, 3926253, 0, 0
1376029, 4714088, 0, 0
1377053, 4630286, 0, 0
1378023, 4747198, 0, 0
1379003, 4111282, 0, 0
1380004, 4235416, 0, 0
1381039, 4573379, 0, 0
1382048, 5274658, 0, 0
1383012, 4280134, 0, 0
1384037, 4249352, 0, 0
1385016, 4631607, 0, 0
1386018, 4274617, 0, 0
1387053, 4495638, 0, 0
1388045, 4582922, 0, 0
1389016, 3974620, 0, 0
1390017, 4096829, 0, 0
1391012, 4210948, 0, 0
1392031, 4482681, 0, 0
1393053, 4400262, 0, 0
1394027, 5040176, 0, 0
1395044, 4433587, 0, 0
1396004, 4817090, 0, 0
1397008, 4283512, 0, 0
1398006, 4700254, 0, 0
1399055, 4556459, 0, 0
1400020, 4503465, 0, 0
1401041, 4697029, 0, 0
1402041, 4626545, 0, 0
1403010, 4476031, 0, 0
1404062, 4471058, 0, 0
1405051, 4205574, 0, 0
1406010, 4536147, 0, 0
1407046, 5073243, 0, 0
1408049, 4351656, 0, 0
1409000, 4092677, 0, 0
1410018, 4664464, 0, 0
1411019, 4648472, 0, 0
1412040, 4636882, 0, 0
1413000, 3741800, 0, 0
1414000, 3873647, 0, 0
1415025, 4110305, 0, 0
1416052, 4682018, 0, 0
1417013, 4303824, 0, 0
1418035, 4617781, 0, 0
1419009, 4462018, 0, 0
1420065, 4667572, 0, 0
1421017, 4379647, 0, 0
1422037, 4828820, 0, 0
1423029, 4042357, 0, 0
1424062, 4315482, 0, 0
1425058, 4211429, 0, 0
1426043, 4064086, 0, 0
1427023, 4450161, 0, 0
1428048, 4281142, 0, 0
1429027, 4725877, 0, 0
1430043, 4550284, 0, 0
1431035, 4584951, 0, 0
1432036, 3999556, 0, 0
1433011, 4724563, 0, 0
1434006, 3912903, 0, 0
1435024, 4341112, 0, 0
1436047, 4347627, 0, 0
1437058, 4155022, 0, 0
1438045, 4605501, 0, 0
1439019, 4547201, 0, 0
1440040, 4412420, 0, 0
1441033, 4294120, 0, 0
1442003, 4817790, 0, 0
1443054, 4197845, 0, 0
1444049, 4734479, 0, 0
1445019, 4525903, 0, 0
1446071, 3904528, 0, 0
1447064, 5542398, 0, 0
1448019, 4696947, 0, 0
1449009, 4336320, 0, 0
1450030, 4193485, 0, 0
1451014, 4368553, 0, 0
1452019, 4344753, 0, 0
1453018, 3959038, 0, 0
1454048, 3953995, 0, 0
1455043, 4475792, 0, 0
1456049, 4049042, 0, 0
1457055, 3986389, 0, 0
1458018, 3726515, 0, 0
1459053, 4024174, 0, 0
1460017, 4075993, 0, 0
1461034, 4396426, 0, 0
1462040, 4405810, 0, 0
1463032, 3886947, 0, 0
1464058, 5278309, 0, 0
1465050, 4366602, 0, 0
1466066, 4855480, 0, 0
1467063, 4386866, 0, 0
1468051, 4790285, 0, 0
1469002, 4654297, 0, 0
1470052, 4442366, 0, 0
1471017, 4610669, 0, 0
1472032, 4425304, 0, 0
1473009, 4081735, 0, 0
1474009, 4542191, 0, 0
1475057, 4218426, 0, 0
1476012, 4474481, 0, 0
1477006, 4916761, 0, 0
1478035, 4298345, 0, 0
1479012, 3783551, 0, 0
1480041, 4045272, 0, 0
1481029, 4107579, 0, 0
1482017, 4270668, 0, 0
1483053, 4223972, 0, 0
1484042, 4866874, 0, 0
1485027, 4448837, 0, 0
1486007, 3764207, 0, 0
1487003, 4757728, 0, 0
1488020, 4838486, 0, 0
1489035, 3911796, 0, 0
1490008, 4084026, 0, 0
1491014, 5048562, 0, 0
1492049, 4653123, 0, 0
1493054, 4646799, 0, 0
1494050, 4197080, 0, 0
1495048, 4334317, 0, 0
1496027, 4106481, 0, 0
1497001, 4053571, 0, 0
1498025, 4206848, 0, 0
1499041, 4373293, 0, 0
1500000, 4331513, 0, 0
1501006, 4696114, 0, 0
1502055, 4224791, 0, 0
1503033, 4101963, 0, 0
1504017, 3978075, 0, 0
1505037, 4226303, 0, 0
1506026, 4185494, 0, 0
1507050, 4241740, 0, 0
1508057, 4022480, 0, 0
1509041, 4657878, 0, 0
1510046, 3967956, 0, 0
1511056, 4605730, 0, 0
1512055, 4054696, 0, 0
1513059, 4911669, 0, 0
1514020, 4707330, 0, 0
1515035, 4312942, 0, 0
1516039, 4376703, 0, 0
1517012, 4152075, 0, 0
1518014, 4297052, 0, 0
1519018, 4395525, 0, 0
1520062, 4008678, 0, 0
1521000, 4219419, 0, 0
1522037, 3850908, 0, 0
1523000, 4235817, 0, 0
1524004, 4576699, 0, 0
1525039, 4325456, 0, 0
1526003, 4075756, 0, 0
1527001, 4355322, 0, 0
1528058, 4568461, 0, 0
1529028, 4286978, 0, 0
1530013, 4238661, 0, 0
1531023, 4870414, 0, 0
1532005, 4760765, 0, 0
1533052, 4509893, 0, 0
1534006, 4213435, 0, 0
1535011, 4992600, 0, 0
1536054, 4271210, 0, 0
1537072, 4306733, 0, 0
1538012, 4095919, 0, 0
1539021, 4200483, 0, 0
1540029, 4072646, 0, 0
1541003, 4380543, 0, 0
1542048, 4175566, 0, 0
1543057, 4728838, 0, 0
1544005, 4533254, 0, 0
1545030, 4209534, 0, 0
1546030, 4045395, 0, 0
1547057, 4597156, 0, 0
1548015, 4666108, 0, 0
1549057, 3957204, 0, 0
1550061, 4473263, 0, 0
1551023, 4621007, 0, 0
1552055, 3786639, 0, 0
1553042, 4673983, 0, 0
1554006, 4044823, 0, 0
1555017, 4426710, 0, 0
1556020, 4243983, 0, 0
1557062, 4932013, 0, 0
1558040, 4439245, 0, 0
1559020, 4386092, 0, 0
1560053, 4315798, 0, 0
1561001, 4362628, 0, 0
1562061, 4879623, 0, 0
1563019, 4468386, 0, 0
1564008, 4662411, 0, 0
1565012, 4556364, 0, 0
1566002, 4685225, 0, 0
1567005, 4316934, 0, 0
1568013, 3961172, 0, 0
1569051, 4128946, 0, 0
1570039, 4701555, 0, 0
1571010, 4685238, 0, 0
1572047, 4191995, 0, 0
1573008, 4612713, 0, 0
1574036, 4645432, 0, 0
1575048, 4410771, 0, 0
1576002, 4181305, 0, 0
1577019, 4615900, 0, 0
1578030, 4923880, 0, 0
1579014, 5399774, 0, 0
1580017, 4089024, 0, 0
1581032, 4873585, 0, 0
1582011, 4404738, 0, 0
1583025, 4286885, 0, 0
1584037, 3873608, 0, 0
1585053, 4042202, 0, 0
1586056, 4037553, 0, 0
1587035, 4463638, 0, 0
1588048, 4684819, 0, 0
1589057, 3874998, 0, 0
1590045, 4563916, 0, 0
1591051, 4762504, 0, 0
1592017, 4305299, 0, 0
1593000, 4768014, 0, 0
1594008, 4228604, 0, 0
1595056, 4471452, 0, 0
1596007, 4610454, 0, 0
1597018, 4280047, 0, 0
1598025, 4354071, 0, 0
1599042, 4245700, 0, 0
1600008, 4105224, 0, 0
1601043, 4535103, 0, 0
1602045, 4148895, 0, 0
1603061, 4813092, 0, 0
1604012, 3936511, 0, 0
1605044, 4043923, 0, 0
1606002, 4308129, 0, 0
1607020, 3971068, 0, 0
1608053, 5082318, 0, 0
1609037, 4288634, 0, 0
1610015, 4401031, 0, 0
1611024, 4457598, 0, 0
1612043, 4277548, 0, 0
1613029, 4015631, 0, 0
1614042, 4774537, 0, 0
1615046, 4596588, 0, 0
1616013, 4292580, 0, 0
1617048, 4743155, 0, 0
1618006, 4369442, 0, 0
1619056, 4680823, 0, 0
1620003, 5109296, 0, 0
1621045, 4733225, 0, 0
1622006, 3899722, 0, 0
1623025, 5302277, 0, 0
1624015, 4597830, 0, 0
1625044, 4504893, 0, 0
1626053, 4288966, 0, 0
1627057, 4195065, 0, 0
1628023, 4385432, 0, 0
1629000, 4028062, 0, 0
1630058, 4697329, 0, 0
1631063, 4849383, 0, 0
1632007, 4712465, 0, 0
1633031, 4585897, 0, 0
1634010, 4549241, 0, 0
1635029, 4524800, 0, 0
1636004, 4635404, 0, 0
1637042, 4211020, 0, 0
1638001, 4519138, 0, 0
1639026, 4804532, 0, 0
1640052, 4377217, 0, 0
1641055, 4796016, 0, 0
1642056, 4364011, 0, 0
1643025, 4378619, 0, 0
1644002, 4064658, 0, 0
1645003, 4651807, 0, 0
1646031, 4223460, 0, 0
1647039, 4377956, 0, 0
1648046, 4242571, 0, 0
1649015, 4605220, 0, 0
1650013, 4529071, 0, 0
1651038, 4411916, 0, 0
1652056, 4499639, 0, 0
1653006, 4162129, 0, 0
1654029, 4683570, 0, 0
1655008, 4180491, 0, 0
1656019, 4052369, 0, 0
1657048, 4159004, 0, 0
1658037, 4293770, 0, 0
1659001, 4203828, 0, 0
1660032, 4104503, 0, 0
1661051, 4820944, 0, 0
1662021, 4119968, 0, 0
1663002, 4317741, 0, 0
1664031, 4627233, 0, 0
1665055, 3902916, 0, 0
1666092, 5989167, 0, 0
1667012, 3794042, 0, 0
1668049, 4029891, 0, 0
1669055, 4017129, 0, 0
1670015, 4656189, 0, 0
1671055, 3679524, 0, 0
1672060, 4345043, 0, 0
1673046, 4018815, 0, 0
1674031, 4663839, 0, 0
1675031, 4559872, 0, 0
1676049, 4361827, 0, 0
1677009, 4097134, 0, 0
1678034, 4466015, 0, 0
1679044, 4424746, 0, 0
1680041, 4589939, 0, 0
1681027, 3983733, 0, 0
1682014, 4931073, 0, 0
1683036, 4398836, 0, 0
1684052, 4549707, 0, 0
1685111, 4540225, 0, 0
1686053, 4634738, 0, 0
1687023, 4840138, 0, 0
1688057, 4304950, 0, 0
1689056, 4617644, 0, 0
1690027, 4329284, 0, 0
1691006, 4362697, 0, 0
1692027, 3862159, 0, 0
1693048, 4319495, 0, 0
1694025, 4514852, 0, 0
1695011, 4477542, 0, 0
1696060, 4967575, 0, 0
1697001, 4287289, 0, 0
1698063, 4349576, 0, 0
1699029, 4266783, 0, 0
1700024, 4228266, 0, 0
1701058, 4394467, 0, 0
1702013, 4477792, 0, 0
1703051, 4248202, 0, 0
1704011, 3927203, 0, 0
1705000, 4078864, 0, 0
1706012, 3871665, 0, 0
1707019, 4054147, 0, 0
1708010, 4539156, 0, 0
1709010, 4217342, 0, 0
1710012, 5292868, 0, 0
1711039, 4271788, 0, 0
1712057, 4149243, 0, 0
1713031, 4283767, 0, 0
1714062, 4641000, 0, 0
1715027, 4522231, 0, 0
1716065, 4487185, 0, 0
1717004, 4532383, 0, 0
1718027, 4289860, 0, 0
1719012, 4256838, 0, 0
1720060, 4104244, 0, 0
1721059, 4536625, 0, 0
1722060, 4063297, 0, 0
1723053, 4327221, 0, 0
1724038, 4472710, 0, 0
1725015, 4356210, 0, 0
1726027, 4766879, 0, 0
1727024, 4164561, 0, 0
1728007, 4402255, 0, 0
1729033, 4217695, 0, 0
1730023, 4796746, 0, 0
1731020, 4254872, 0, 0
1732033, 4077599, 0, 0
1733066, 4078352, 0, 0
1734022, 4566337, 0, 0
1735062, 4555835, 0, 0
1736006, 4099113, 0, 0
1737012, 4239164, 0, 0
1738009, 4097001, 0, 0
1739046, 4259539, 0, 0
1740029, 4608977, 0, 0
1741028, 4414082, 0, 0
1742045, 4061226, 0, 0
1743015, 4248698, 0, 0
1744036, 4044710, 0, 0
1745049, 4362637, 0, 0
1746008, 4622850, 0, 0
1747009, 4385454, 0, 0
1748035, 4435537, 0, 0
1749037, 4350166, 0, 0
1750059, 4401202, 0, 0
1751004, 3964821, 0, 0
1752023, 4404448, 0, 0
1753041, 4215342, 0, 0
1754005, 4792508, 0, 0
1755045, 4416298, 0, 0
1756019, 4503730, 0, 0
1757026, 4120409, 0, 0
1758065, 4395536, 0, 0
1759021, 4462394, 0, 0
1760030, 3965679, 0, 0
1761027, 3875409, 0, 0
1762000, 3870101, 0, 0
1763044, 4590312, 0, 0
1764033, 4277962, 0, 0
1765014, 4312960, 0, 0
1766028, 4203786, 0, 0
1767000, 4216680, 0, 0
1768040, 4364238, 0, 0
1769002, 4428939, 0, 0
1770051, 4720596, 0, 0
1771029, 4457349, 0, 0
1772000, 4073497, 0, 0
1773009, 4364231, 0, 0
1774055, 4367349, 0, 0
1775031, 4390669, 0, 0
1776004, 4456257, 0, 0
1777005, 4199941, 0, 0
1778002, 4166889, 0, 0
1779061, 4536182, 0, 0
1780041, 4222057, 0, 0
1781050, 4094448, 0, 0
1782009, 4274398, 0, 0
1783051, 4389345, 0, 0
1784050, 4157727, 0, 0
1785033, 4587462, 0, 0
1786033, 4073480, 0, 0
1787026, 4064645, 0, 0
1788023, 4167529, 0, 0
1789032, 4380482, 0, 0
1790037, 3901928, 0, 0
1791034, 4610368, 0, 0
1792019, 3798454, 0, 0
1793030, 4448020, 0, 0
1794032, 4548505, 0, 0
1795049, 4212288, 0, 0
1796014, 4502289, 0, 0
1797053, 4697119, 0, 0
1798008, 5452285, 0, 0
1799049, 4206463, 0, 0
1800033, 4041293, 0, 0
