1000, 73, 0, 0
1999, 128, 0, 0
2999, 128, 0, 0
4000, 127, 0, 0
5000, 120, 0, 0
5999, 120, 0, 0
7000, 129, 0, 0
8000, 128, 0, 0
8999, 128, 0, 0
9999, 129, 0, 0
11000, 121, 0, 0
12000, 121, 0, 0
12999, 116, 0, 0
14000, 129, 0, 0
14999, 129, 0, 0
15999, 122, 0, 0
16999, 121, 0, 0
18000, 132, 0, 0
19000, 133, 0, 0
19999, 120, 0, 0
21000, 138, 0, 0
22000, 121, 0, 0
22999, 132, 0, 0
23999, 123, 0, 0
25000, 130, 0, 0
25999, 128, 0, 0
26999, 130, 0, 0
28000, 114, 0, 0
29000, 131, 0, 0
29999, 122, 0, 0
30999, 120, 0, 0
32000, 134, 0, 0
32999, 132, 0, 0
33999, 131, 0, 0
35000, 122, 0, 0
35999, 131, 0, 0
36999, 130, 0, 0
38000, 132, 0, 0
39000, 134, 0, 0
39999, 137, 0, 0
40999, 132, 0, 0
42000, 131, 0, 0
42999, 125, 0, 0
43999, 132, 0, 0
45000, 150, 0, 0
46000, 125, 0, 0
46999, 132, 0, 0
47999, 128, 0, 0
49000, 130, 0, 0
49999, 135, 0, 0
50999, 131, 0, 0
52000, 132, 0, 0
52999, 132, 0, 0
53999, 126, 0, 0
55000, 142, 0, 0
55999, 124, 0, 0
56999, 132, 0, 0
58000, 132, 0, 0
58999, 132, 0, 0
59999, 122, 0, 0
61000, 142, 0, 0
62000, 131, 0, 0
62999, 133, 0, 0
64000, 124, 0, 0
65000, 136, 0, 0
65999, 132, 0, 0
67000, 122, 0, 0
68000, 125, 0, 0
68999, 125, 0, 0
70000, 135, 0, 0
71000, 133, 0, 0
71999, 127, 0, 0
72999, 136, 0, 0
73999, 133, 0, 0
75000, 132, 0, 0
75999, 125, 0, 0
76999, 131, 0, 0
77999, 135, 0, 0
78999, 127, 0, 0
80000, 136, 0, 0
81000, 138, 0, 0
81999, 135, 0, 0
82999, 128, 0, 0
84000, 135, 0, 0
84999, 126, 0, 0
85999, 139, 0, 0
87000, 126, 0, 0
88000, 140, 0, 0
88999, 149, 0, 0
90000, 127, 0, 0
91000, 139, 0, 0
91999, 146, 0, 0
93000, 137, 0, 0
94000, 137, 0, 0
94999, 133, 0, 0
96000, 133, 0, 0
97000, 134, 0, 0
97999, 135, 0, 0
98999, 139, 0, 0
100000, 126, 0, 0
100999, 135, 0, 0
101999, 144, 0, 0
103000, 128, 0, 0
104000, 137, 0, 0
104999, 128, 0, 0
106000, 135, 0, 0
107000, 135, 0, 0
107999, 132, 0, 0
109000, 140, 0, 0
110000, 123, 0, 0
110999, 140, 0, 0
111999, 137, 0, 0
113000, 141, 0, 0
113999, 142, 0, 0
114999, 124, 0, 0
116000, 143, 0, 0
116999, 126, 0, 0
117999, 129, 0, 0
119000, 130, 0, 0
119999, 138, 0, 0
120999, 130, 0, 0
122000, 138, 0, 0
122999, 138, 0, 0
123999, 139, 0, 0
125000, 127, 0, 0
125999, 136, 0, 0
126999, 135, 0, 0
128000, 139, 0, 0
128999, 132, 0, 0
129999, 136, 0, 0
131000, 130, 0, 0
131999, 141, 0, 0
132999, 141, 0, 0
134000, 137, 0, 0
135000, 132, 0, 0
135999, 136, 0, 0
137000, 135, 0, 0
138000, 138, 0, 0
138999, 132, 0, 0
139999, 139, 0, 0
141000, 140, 0, 0
141999, 142, 0, 0
142999, 138, 0, 0
144000, 137, 0, 0
144999, 143, 0, 0
146000, 142, 0, 0
146999, 135, 0, 0
147999, 142, 0, 0
149000, 138, 0, 0
150000, 140, 0, 0
150999, 144, 0, 0
152000, 134, 0, 0
152999, 142, 0, 0
153999, 134, 0, 0
155000, 141, 0, 0
155999, 136, 0, 0
156999, 128, 0, 0
158000, 139, 0, 0
158999, 138, 0, 0
159999, 140, 0, 0
161000, 144, 0, 0
162000, 144, 0, 0
162999, 132, 0, 0
164000, 148, 0, 0
164999, 149, 0, 0
165999, 144, 0, 0
167000, 145, 0, 0
167999, 138, 0, 0
168999, 141, 0, 0
170000, 136, 0, 0
170999, 148, 0, 0
171999, 144, 0, 0
173000, 145, 0, 0
174000, 146, 0, 0
174999, 136, 0, 0
176000, 143, 0, 0
176999, 148, 0, 0
177999, 125, 0, 0
179000, 136, 0, 0
179999, 144, 0, 0
180999, 140, 0, 0
182000, 138, 0, 0
182999, 158, 0, 0
183999, 137, 0, 0
185000, 148, 0, 0
185999, 141, 0, 0
186999, 141, 0, 0
188000, 146, 0, 0
189000, 135, 0, 0
189999, 159, 0, 0
190999, 143, 0, 0
192000, 148, 0, 0
192999, 136, 0, 0
193999, 147, 0, 0
195000, 138, 0, 0
195999, 139, 0, 0
196999, 140, 0, 0
198000, 155, 0, 0
199000, 146, 0, 0
199999, 141, 0, 0
201000, 142, 0, 0
202000, 141, 0, 0
202999, 132, 0, 0
204000, 144, 0, 0
204999, 143, 0, 0
205999, 147, 0, 0
207000, 135, 0, 0
208000, 150, 0, 0
208999, 137, 0, 0
210000, 160, 0, 0
211000, 131, 0, 0
211999, 159, 0, 0
212999, 141, 0, 0
214000, 154, 0, 0
214999, 158, 0, 0
215999, 165, 0, 0
217000, 154, 0, 0
217999, 151, 0, 0
218999, 134, 0, 0
220000, 147, 0, 0
220999, 148, 0, 0
221999, 149, 0, 0
223000, 149, 0, 0
223999, 146, 0, 0
224999, 144, 0, 0
226000, 140, 0, 0
227000, 131, 0, 0
227999, 156, 0, 0
228999, 144, 0, 0
230000, 143, 0, 0
230999, 146, 0, 0
231999, 134, 0, 0
233000, 145, 0, 0
233999, 155, 0, 0
234999, 147, 0, 0
236000, 141, 0, 0
236999, 156, 0, 0
237999, 150, 0, 0
239000, 155, 0, 0
239999, 146, 0, 0
240999, 153, 0, 0
242000, 157, 0, 0
242999, 145, 0, 0
243999, 160, 0, 0
245000, 152, 0, 0
246000, 153, 0, 0
246999, 149, 0, 0
248000, 144, 0, 0
248999, 157, 0, 0
249999, 142, 0, 0
251000, 142, 0, 0
251999, 149, 0, 0
252999, 143, 0, 0
254000, 155, 0, 0
254999, 150, 0, 0
255999, 151, 0, 0
257000, 140, 0, 0
257999, 156, 0, 0
258999, 148, 0, 0
260000, 165, 0, 0
260999, 140, 0, 0
261999, 138, 0, 0
263000, 156, 0, 0
264000, 159, 0, 0
264999, 150, 0, 0
265999, 169, 0, 0
267000, 150, 0, 0
267999, 152, 0, 0
268999, 140, 0, 0
270000, 152, 0, 0
271000, 143, 0, 0
271999, 152, 0, 0
272999, 158, 0, 0
274000, 144, 0, 0
274999, 160, 0, 0
275999, 151, 0, 0
277000, 149, 0, 0
278000, 161, 0, 0
278999, 159, 0, 0
279999, 155, 0, 0
281000, 146, 0, 0
282000, 149, 0, 0
282999, 158, 0, 0
283999, 160, 0, 0
285000, 145, 0, 0
285999, 151, 0, 0
286999, 159, 0, 0
288000, 144, 0, 0
288999, 161, 0, 0
289999, 158, 0, 0
291000, 169, 0, 0
291999, 142, 0, 0
292999, 146, 0, 0
294000, 165, 0, 0
294999, 156, 0, 0
295999, 145, 0, 0
297000, 167, 0, 0
298000, 168, 0, 0
298999, 159, 0, 0
299999, 151, 0, 0
301000, 156, 0, 0
301999, 146, 0, 0
302999, 170, 0, 0
304000, 146, 0, 0
304999, 160, 0, 0
305999, 171, 0, 0
307000, 160, 0, 0
308000, 157, 0, 0
308999, 168, 0, 0
309999, 170, 0, 0
311000, 164, 0, 0
312000, 147, 0, 0
312999, 161, 0, 0
314000, 156, 0, 0
315000, 158, 0, 0
315999, 163, 0, 0
316999, 159, 0, 0
318000, 164, 0, 0
319000, 154, 0, 0
319999, 149, 0, 0
320999, 166, 0, 0
322000, 143, 0, 0
322999, 154, 0, 0
323999, 161, 0, 0
324999, 162, 0, 0
326000, 147, 0, 0
326999, 162, 0, 0
327999, 139, 0, 0
329000, 175, 0, 0
330000, 163, 0, 0
330999, 155, 0, 0
331999, 165, 0, 0
333000, 156, 0, 0
333999, 156, 0, 0
334999, 160, 0, 0
336000, 161, 0, 0
337000, 171, 0, 0
337999, 158, 0, 0
339000, 154, 0, 0
340000, 164, 0, 0
340999, 163, 0, 0
341999, 145, 0, 0
343000, 163, 0, 0
343999, 172, 0, 0
344999, 158, 0, 0
346000, 167, 0, 0
346999, 153, 0, 0
347999, 168, 0, 0
349000, 154, 0, 0
349999, 171, 0, 0
350999, 178, 0, 0
352000, 166, 0, 0
353000, 150, 0, 0
353999, 168, 0, 0
355000, 156, 0, 0
356000, 160, 0, 0
356999, 166, 0, 0
358000, 151, 0, 0
359000, 173, 0, 0
359999, 164, 0, 0
360999, 168, 0, 0
362000, 161, 0, 0
362999, 153, 0, 0
363999, 165, 0, 0
365000, 159, 0, 0
366000, 156, 0, 0
366999, 160, 0, 0
367999, 171, 0, 0
369000, 150, 0, 0
369999, 164, 0, 0
370999, 145, 0, 0
371999, 161, 0, 0
373000, 172, 0, 0
374000, 145, 0, 0
374999, 178, 0, 0
375999, 162, 0, 0
377000, 151, 0, 0
377999, 163, 0, 0
378999, 180, 0, 0
380000, 172, 0, 0
381000, 175, 0, 0
381999, 165, 0, 0
382999, 169, 0, 0
384000, 168, 0, 0
385000, 184, 0, 0
385999, 165, 0, 0
387000, 175, 0, 0
388000, 154, 0, 0
388999, 169, 0, 0
390000, 153, 0, 0
391000, 187, 0, 0
391999, 178, 0, 0
392999, 156, 0, 0
394000, 184, 0, 0
394999, 175, 0, 0
396000, 178, 0, 0
397000, 188, 0, 0
397999, 160, 0, 0
398999, 154, 0, 0
400000, 184, 0, 0
400999, 173, 0, 0
401999, 175, 0, 0
402999, 182, 0, 0
404000, 173, 0, 0
404999, 163, 0, 0
405999, 173, 0, 0
407000, 179, 0, 0
408000, 183, 0, 0
408999, 180, 0, 0
409999, 161, 0, 0
411000, 180, 0, 0
411999, 174, 0, 0
412999, 158, 0, 0
414000, 186, 0, 0
415000, 173, 0, 0
415999, 175, 0, 0
416999, 166, 0, 0
418000, 179, 0, 0
419000, 180, 0, 0
419999, 175, 0, 0
420999, 185, 0, 0
422000, 168, 0, 0
422999, 183, 0, 0
423999, 169, 0, 0
425000, 180, 0, 0
425999, 183, 0, 0
426999, 192, 0, 0
428000, 171, 0, 0
428999, 177, 0, 0
429999, 167, 0, 0
431000, 178, 0, 0
431999, 150, 0, 0
432999, 172, 0, 0
434000, 187, 0, 0
434999, 191, 0, 0
435999, 172, 0, 0
437000, 163, 0, 0
438000, 188, 0, 0
438999, 169, 0, 0
439999, 178, 0, 0
441000, 175, 0, 0
441999, 179, 0, 0
442999, 177, 0, 0
444000, 183, 0, 0
445000, 184, 0, 0
445999, 184, 0, 0
446999, 184, 0, 0
448000, 195, 0, 0
449000, 203, 0, 0
449999, 174, 0, 0
451000, 189, 0, 0
452000, 171, 0, 0
452999, 184, 0, 0
453999, 175, 0, 0
455000, 178, 0, 0
456000, 185, 0, 0
456999, 176, 0, 0
458000, 171, 0, 0
459000, 163, 0, 0
459999, 203, 0, 0
461000, 166, 0, 0
462000, 178, 0, 0
462999, 176, 0, 0
463999, 188, 0, 0
465000, 170, 0, 0
465999, 177, 0, 0
466999, 197, 0, 0
468000, 186, 0, 0
469000, 173, 0, 0
469999, 173, 0, 0
471000, 162, 0, 0
471999, 182, 0, 0
473000, 162, 0, 0
474000, 208, 0, 0
474999, 190, 0, 0
475999, 182, 0, 0
477000, 192, 0, 0
477999, 184, 0, 0
478999, 173, 0, 0
480000, 187, 0, 0
480999, 172, 0, 0
481999, 195, 0, 0
483000, 174, 0, 0
483999, 182, 0, 0
484999, 177, 0, 0
486000, 196, 0, 0
486999, 188, 0, 0
487999, 158, 0, 0
489000, 193, 0, 0
490000, 179, 0, 0
490999, 190, 0, 0
491999, 180, 0, 0
493000, 188, 0, 0
493999, 172, 0, 0
494999, 180, 0, 0
496000, 181, 0, 0
496999, 188, 0, 0
497999, 176, 0, 0
499000, 198, 0, 0
500000, 191, 0, 0
500999, 180, 0, 0
502000, 192, 0, 0
503000, 194, 0, 0
503999, 171, 0, 0
505000, 197, 0, 0
506000, 198, 0, 0
506999, 168, 0, 0
507999, 203, 0, 0
509000, 185, 0, 0
509999, 183, 0, 0
510999, 204, 0, 0
512000, 194, 0, 0
513000, 193, 0, 0
513999, 175, 0, 0
515000, 210, 0, 0
516000, 215, 0, 0
516999, 178, 0, 0
517999, 208, 0, 0
519000, 187, 0, 0
520000, 186, 0, 0
520999, 199, 0, 0
522000, 187, 0, 0
523000, 177, 0, 0
523999, 184, 0, 0
525000, 161, 0, 0
525999, 194, 0, 0
526999, 200, 0, 0
528000, 181, 0, 0
529000, 192, 0, 0
529999, 199, 0, 0
530999, 198, 0, 0
532000, 172, 0, 0
532999, 205, 0, 0
533999, 198, 0, 0
534999, 200, 0, 0
536000, 180, 0, 0
536999, 196, 0, 0
537999, 186, 0, 0
539000, 186, 0, 0
539999, 195, 0, 0
540999, 197, 0, 0
542000, 192, 0, 0
542999, 195, 0, 0
543999, 211, 0, 0
545000, 202, 0, 0
545999, 201, 0, 0
546999, 203, 0, 0
548000, 199, 0, 0
548999, 166, 0, 0
549999, 188, 0, 0
551000, 193, 0, 0
551999, 218, 0, 0
552999, 206, 0, 0
554000, 204, 0, 0
554999, 214, 0, 0
556000, 207, 0, 0
557000, 209, 0, 0
557999, 217, 0, 0
559000, 209, 0, 0
560000, 207, 0, 0
560999, 185, 0, 0
562000, 206, 0, 0
563000, 208, 0, 0
563999, 196, 0, 0
564999, 207, 0, 0
566000, 189, 0, 0
566999, 170, 0, 0
567999, 216, 0, 0
569000, 163, 0, 0
569999, 226, 0, 0
571000, 211, 0, 0
572000, 201, 0, 0
573000, 192, 0, 0
573999, 195, 0, 0
575000, 197, 0, 0
575999, 203, 0, 0
576999, 197, 0, 0
577999, 192, 0, 0
579000, 196, 0, 0
579999, 174, 0, 0
580999, 214, 0, 0
581999, 205, 0, 0
583000, 200, 0, 0
583999, 191, 0, 0
584999, 215, 0, 0
586000, 191, 0, 0
586999, 208, 0, 0
587999, 200, 0, 0
589000, 215, 0, 0
590000, 186, 0, 0
590999, 223, 0, 0
592000, 227, 0, 0
593000, 204, 0, 0
593999, 183, 0, 0
595000, 191, 0, 0
596000, 186, 0, 0
596999, 219, 0, 0
598000, 190, 0, 0
599000, 196, 0, 0
599999, 190, 0, 0
600999, 218, 0, 0
602000, 224, 0, 0
602999, 214, 0, 0
604000, 219, 0, 0
605000, 226, 0, 0
605999, 187, 0, 0
607000, 220, 0, 0
608000, 211, 0, 0
608999, 219, 0, 0
610000, 191, 0, 0
611000, 224, 0, 0
611999, 218, 0, 0
613000, 206, 0, 0
614000, 185, 0, 0
614999, 211, 0, 0
616000, 220, 0, 0
617000, 212, 0, 0
617999, 220, 0, 0
619000, 235, 0, 0
619999, 209, 0, 0
620999, 216, 0, 0
622000, 238, 0, 0
623000, 196, 0, 0
623999, 232, 0, 0
625000, 223, 0, 0
625999, 230, 0, 0
626999, 219, 0, 0
628000, 225, 0, 0
629000, 194, 0, 0
630000, 250, 0, 0
631000, 233, 0, 0
632000, 213, 0, 0
633000, 252, 0, 0
634000, 194, 0, 0
635000, 205, 0, 0
636000, 204, 0, 0
637000, 225, 0, 0
638000, 228, 0, 0
639000, 211, 0, 0
640000, 243, 0, 0
641000, 215, 0, 0
642001, 216, 0, 0
643000, 221, 0, 0
644000, 247, 0, 0
645000, 208, 0, 0
646000, 220, 0, 0
647000, 245, 0, 0
648000, 244, 0, 0
649000, 234, 0, 0
649999, 188, 0, 0
651000, 221, 0, 0
652000, 225, 0, 0
653000, 231, 0, 0
654000, 216, 0, 0
655000, 211, 0, 0
656000, 262, 0, 0
657000, 158, 0, 0
658000, 241, 0, 0
659000, 229, 0, 0
660000, 234, 0, 0
661000, 230, 0, 0
662000, 244, 0, 0
663000, 233, 0, 0
664000, 213, 0, 0
665000, 194, 0, 0
666000, 236, 0, 0
667000, 214, 0, 0
668000, 224, 0, 0
669000, 216, 0, 0
670000, 209, 0, 0
671000, 231, 0, 0
672000, 220, 0, 0
673000, 232, 0, 0
674000, 215, 0, 0
675000, 231, 0, 0
676000, 208, 0, 0
677000, 215, 0, 0
678000, 267, 0, 0
679000, 222, 0, 0
680000, 237, 0, 0
681000, 220, 0, 0
682000, 253, 0, 0
682999, 213, 0, 0
683999, 217, 0, 0
684999, 209, 0, 0
685999, 250, 0, 0
686999, 234, 0, 0
687998, 239, 0, 0
688998, 211, 0, 0
689998, 251, 0, 0
690998, 217, 0, 0
691998, 220, 0, 0
692997, 235, 0, 0
693998, 227, 0, 0
694998, 223, 0, 0
695997, 220, 0, 0
696997, 225, 0, 0
697996, 213, 0, 0
698997, 216, 0, 0
699996, 226, 0, 0
700996, 189, 0, 0
701996, 219, 0, 0
702996, 252, 0, 0
703996, 204, 0, 0
704995, 249, 0, 0
705995, 226, 0, 0
706995, 256, 0, 0
707995, 223, 0, 0
708995, 210, 0, 0
709994, 251, 0, 0
710994, 219, 0, 0
711994, 231, 0, 0
712994, 257, 0, 0
713994, 233, 0, 0
714993, 211, 0, 0
715994, 228, 0, 0
716993, 254, 0, 0
717993, 202, 0, 0
718993, 256, 0, 0
719993, 201, 0, 0
720993, 220, 0, 0
721992, 227, 0, 0
722992, 218, 0, 0
723992, 216, 0, 0
724992, 199, 0, 0
725992, 271, 0, 0
726991, 188, 0, 0
727992, 234, 0, 0
728991, 216, 0, 0
729991, 235, 0, 0
730991, 225, 0, 0
732000, 204, 0, 0
732991, 205, 0, 0
734000, 204, 0, 0
735000, 245, 0, 0
735999, 213, 0, 0
737000, 238, 0, 0
738000, 250, 0, 0
738999, 238, 0, 0
740000, 235, 0, 0
741000, 205, 0, 0
741999, 199, 0, 0
743000, 246, 0, 0
744000, 213, 0, 0
744999, 212, 0, 0
746000, 248, 0, 0
747000, 216, 0, 0
747999, 243, 0, 0
749000, 218, 0, 0
750000, 215, 0, 0
750999, 208, 0, 0
752000, 250, 0, 0
753000, 224, 0, 0
753999, 212, 0, 0
755000, 247, 0, 0
756000, 210, 0, 0
756999, 246, 0, 0
758000, 243, 0, 0
758999, 225, 0, 0
759999, 243, 0, 0
761000, 256, 0, 0
762000, 233, 0, 0
762999, 250, 0, 0
764000, 199, 0, 0
765000, 241, 0, 0
765999, 242, 0, 0
767000, 257, 0, 0
768000, 218, 0, 0
768999, 227, 0, 0
770000, 207, 0, 0
771000, 233, 0, 0
771999, 231, 0, 0
773000, 244, 0, 0
774000, 211, 0, 0
774999, 210, 0, 0
775999, 236, 0, 0
777000, 253, 0, 0
777999, 205, 0, 0
778999, 221, 0, 0
780000, 235, 0, 0
781000, 219, 0, 0
781999, 239, 0, 0
783000, 210, 0, 0
783999, 230, 0, 0
784999, 216, 0, 0
786000, 215, 0, 0
786999, 215, 0, 0
787999, 208, 0, 0
789000, 178, 0, 0
790000, 224, 0, 0
790999, 240, 0, 0
791999, 230, 0, 0
793000, 218, 0, 0
793999, 257, 0, 0
794999, 211, 0, 0
796000, 234, 0, 0
796999, 183, 0, 0
797999, 239, 0, 0
799000, 214, 0, 0
799999, 207, 0, 0
800999, 241, 0, 0
802000, 222, 0, 0
802999, 227, 0, 0
803999, 202, 0, 0
805000, 214, 0, 0
805999, 241, 0, 0
806999, 239, 0, 0
808000, 233, 0, 0
808999, 220, 0, 0
809999, 231, 0, 0
811000, 249, 0, 0
812000, 200, 0, 0
812999, 231, 0, 0
813999, 237, 0, 0
815000, 258, 0, 0
816000, 245, 0, 0
816999, 217, 0, 0
818000, 225, 0, 0
819000, 241, 0, 0
819999, 206, 0, 0
821000, 235, 0, 0
822000, 232, 0, 0
822999, 211, 0, 0
823999, 246, 0, 0
825000, 234, 0, 0
825999, 216, 0, 0
826999, 232, 0, 0
828000, 230, 0, 0
828999, 219, 0, 0
830000, 227, 0, 0
831000, 257, 0, 0
831999, 201, 0, 0
832999, 242, 0, 0
834000, 243, 0, 0
835000, 245, 0, 0
835999, 207, 0, 0
837000, 254, 0, 0
838000, 234, 0, 0
838999, 252, 0, 0
840000, 231, 0, 0
841000, 246, 0, 0
841999, 215, 0, 0
842999, 226, 0, 0
844000, 220, 0, 0
844999, 212, 0, 0
845999, 233, 0, 0
847000, 229, 0, 0
848000, 239, 0, 0
848999, 209, 0, 0
850000, 233, 0, 0
851000, 222, 0, 0
851999, 230, 0, 0
853000, 203, 0, 0
854000, 235, 0, 0
854999, 247, 0, 0
856000, 214, 0, 0
857000, 241, 0, 0
857999, 215, 0, 0
859000, 218, 0, 0
860000, 226, 0, 0
860999, 221, 0, 0
861999, 198, 0, 0
863000, 223, 0, 0
863999, 206, 0, 0
864999, 236, 0, 0
866000, 248, 0, 0
866999, 214, 0, 0
867999, 208, 0, 0
869000, 222, 0, 0
869999, 225, 0, 0
870999, 234, 0, 0
872000, 249, 0, 0
873000, 252, 0, 0
873999, 227, 0, 0
875000, 257, 0, 0
876000, 191, 0, 0
876999, 267, 0, 0
877999, 234, 0, 0
879000, 220, 0, 0
879999, 226, 0, 0
880999, 231, 0, 0
882000, 240, 0, 0
882999, 249, 0, 0
883999, 217, 0, 0
885000, 248, 0, 0
885999, 227, 0, 0
886999, 228, 0, 0
888000, 257, 0, 0
889000, 212, 0, 0
889999, 197, 0, 0
891000, 238, 0, 0
892000, 217, 0, 0
892999, 242, 0, 0
894000, 216, 0, 0
895000, 196, 0, 0
895999, 233, 0, 0
896999, 200, 0, 0
898000, 202, 0, 0
899000, 230, 0, 0
899999, 201, 0, 0
900999, 224, 0, 0
902000, 232, 0, 0
903000, 227, 0, 0
903999, 195, 0, 0
904999, 218, 0, 0
906000, 204, 0, 0
906999, 214, 0, 0
907999, 216, 0, 0
909000, 217, 0, 0
910000, 213, 0, 0
910999, 241, 0, 0
911999, 224, 0, 0
913000, 234, 0, 0
914000, 236, 0, 0
914999, 174, 0, 0
916000, 231, 0, 0
917000, 259, 0, 0
917999, 224, 0, 0
919000, 225, 0, 0
920000, 191, 0, 0
920999, 219, 0, 0
921999, 218, 0, 0
923000, 201, 0, 0
924000, 228, 0, 0
924999, 239, 0, 0
925999, 230, 0, 0
927000, 246, 0, 0
927999, 220, 0, 0
928999, 241, 0, 0
930000, 222, 0, 0
930999, 225, 0, 0
931999, 220, 0, 0
933000, 209, 0, 0
933999, 237, 0, 0
934999, 226, 0, 0
936000, 214, 0, 0
936999, 228, 0, 0
937999, 216, 0, 0
939000, 240, 0, 0
939999, 226, 0, 0
940999, 241, 0, 0
942000, 213, 0, 0
942999, 232, 0, 0
943999, 200, 0, 0
945000, 244, 0, 0
945999, 251, 0, 0
947000, 184, 0, 0
948000, 236, 0, 0
948999, 240, 0, 0
950000, 236, 0, 0
951000, 222, 0, 0
951999, 236, 0, 0
953000, 218, 0, 0
953999, 223, 0, 0
954999, 231, 0, 0
956000, 281, 0, 0
957000, 203, 0, 0
957999, 239, 0, 0
959000, 229, 0, 0
960000, 232, 0, 0
960999, 225, 0, 0
961999, 240, 0, 0
963000, 221, 0, 0
963999, 199, 0, 0
964999, 274, 0, 0
966000, 218, 0, 0
967000, 254, 0, 0
967999, 225, 0, 0
969000, 230, 0, 0
969999, 222, 0, 0
970999, 212, 0, 0
972000, 230, 0, 0
973000, 237, 0, 0
973999, 229, 0, 0
975000, 204, 0, 0
975999, 232, 0, 0
976999, 249, 0, 0
978000, 204, 0, 0
978999, 253, 0, 0
979999, 263, 0, 0
981000, 259, 0, 0
982000, 202, 0, 0
982999, 225, 0, 0
984000, 219, 0, 0
985000, 222, 0, 0
985999, 230, 0, 0
987000, 234, 0, 0
988000, 191, 0, 0
988999, 237, 0, 0
990000, 196, 0, 0
991000, 238, 0, 0
991999, 194, 0, 0
993000, 252, 0, 0
994000, 244, 0, 0
994999, 215, 0, 0
996000, 239, 0, 0
997000, 272, 0, 0
997999, 248, 0, 0
999000, 219, 0, 0
1000000, 213, 0, 0
1000999, 225, 0, 0
1002000, 226, 0, 0
1003000, 243, 0, 0
1003999, 244, 0, 0
1005000, 209, 0, 0
1006000, 261, 0, 0
1006999, 189, 0, 0
1007999, 197, 0, 0
1009000, 239, 0, 0
1009999, 222, 0, 0
1010999, 224, 0, 0
1012000, 215, 0, 0
1012999, 224, 0, 0
1013999, 228, 0, 0
1015000, 269, 0, 0
1016000, 226, 0, 0
1016999, 235, 0, 0
1018000, 218, 0, 0
1019000, 212, 0, 0
1019999, 204, 0, 0
1021000, 206, 0, 0
1022000, 223, 0, 0
1022999, 217, 0, 0
1024000, 251, 0, 0
1025000, 236, 0, 0
1025999, 243, 0, 0
1027000, 239, 0, 0
1028000, 215, 0, 0
1028999, 219, 0, 0
1030000, 243, 0, 0
1031000, 231, 0, 0
1031999, 214, 0, 0
1033000, 223, 0, 0
1034000, 222, 0, 0
1034999, 215, 0, 0
1036000, 220, 0, 0
1037000, 224, 0, 0
1037999, 227, 0, 0
1038999, 206, 0, 0
1040000, 225, 0, 0
1040999, 206, 0, 0
1041999, 259, 0, 0
1043000, 224, 0, 0
1044000, 231, 0, 0
1044999, 246, 0, 0
1045999, 210, 0, 0
1047000, 238, 0, 0
1047999, 232, 0, 0
1048999, 256, 0, 0
1050000, 239, 0, 0
1051000, 234, 0, 0
1051999, 208, 0, 0
1053000, 229, 0, 0
1053999, 233, 0, 0
1054999, 229, 0, 0
1056000, 238, 0, 0
1056999, 224, 0, 0
1057999, 214, 0, 0
1058999, 212, 0, 0
1060000, 209, 0, 0
1060999, 214, 0, 0
1061999, 210, 0, 0
1063000, 242, 0, 0
1063999, 208, 0, 0
1064999, 229, 0, 0
1066000, 238, 0, 0
1066999, 213, 0, 0
1067999, 225, 0, 0
1069000, 251, 0, 0
1069999, 246, 0, 0
1070999, 245, 0, 0
1072000, 220, 0, 0
1073000, 249, 0, 0
1073999, 241, 0, 0
1075000, 223, 0, 0
1075999, 220, 0, 0
1076999, 233, 0, 0
1078000, 252, 0, 0
1078999, 214, 0, 0
1079999, 219, 0, 0
1081000, 233, 0, 0
1081999, 220, 0, 0
1082999, 227, 0, 0
1084000, 223, 0, 0
1084999, 198, 0, 0
1085999, 246, 0, 0
1087000, 225, 0, 0
1087999, 234, 0, 0
1088999, 235, 0, 0
1090000, 214, 0, 0
1090999, 249, 0, 0
1091999, 223, 0, 0
1093000, 253, 0, 0
1093999, 213, 0, 0
1095000, 224, 0, 0
1096000, 204, 0, 0
1096999, 216, 0, 0
1097999, 242, 0, 0
1099000, 242, 0, 0
1100000, 254, 0, 0
1100999, 216, 0, 0
1101999, 180, 0, 0
1103000, 234, 0, 0
1104000, 221, 0, 0
1104999, 232, 0, 0
1106000, 237, 0, 0
1107000, 224, 0, 0
1107999, 239, 0, 0
1108999, 204, 0, 0
1110000, 242, 0, 0
1110999, 224, 0, 0
1111999, 194, 0, 0
1113000, 219, 0, 0
1113999, 231, 0, 0
1114999, 235, 0, 0
1116000, 193, 0, 0
1117000, 239, 0, 0
1117999, 243, 0, 0
1119000, 249, 0, 0
1119999, 233, 0, 0
1120999, 230, 0, 0
1122000, 230, 0, 0
1123000, 224, 0, 0
1123999, 237, 0, 0
1124999, 238, 0, 0
1126000, 226, 0, 0
1127000, 223, 0, 0
1127999, 227, 0, 0
1129000, 248, 0, 0
1130000, 234, 0, 0
1130999, 231, 0, 0
1132000, 202, 0, 0
1133000, 261, 0, 0
1133999, 226, 0, 0
1135000, 210, 0, 0
1136000, 231, 0, 0
1136999, 226, 0, 0
1138000, 207, 0, 0
1139000, 238, 0, 0
1139999, 211, 0, 0
1141000, 214, 0, 0
1142000, 219, 0, 0
1142999, 226, 0, 0
1144000, 268, 0, 0
1145000, 231, 0, 0
1145999, 241, 0, 0
1147000, 240, 0, 0
1148000, 245, 0, 0
1148999, 271, 0, 0
1149999, 235, 0, 0
1151000, 201, 0, 0
1151999, 208, 0, 0
1152999, 199, 0, 0
1154000, 235, 0, 0
1154999, 223, 0, 0
1155999, 224, 0, 0
1157000, 207, 0, 0
1157999, 210, 0, 0
1158999, 217, 0, 0
1160000, 237, 0, 0
1161000, 239, 0, 0
1161999, 236, 0, 0
1163000, 247, 0, 0
1164000, 239, 0, 0
1164999, 208, 0, 0
1166000, 241, 0, 0
1167000, 233, 0, 0
1167999, 215, 0, 0
1169000, 225, 0, 0
1170000, 218, 0, 0
1170999, 217, 0, 0
1171999, 246, 0, 0
1173000, 209, 0, 0
1173999, 241, 0, 0
1174999, 226, 0, 0
1176000, 241, 0, 0
1176999, 245, 0, 0
1177999, 218, 0, 0
1179000, 236, 0, 0
1179999, 213, 0, 0
1181000, 226, 0, 0
1182000, 233, 0, 0
1182999, 202, 0, 0
1184000, 186, 0, 0
1185000, 226, 0, 0
1185999, 218, 0, 0
1186999, 237, 0, 0
1188000, 238, 0, 0
1188999, 227, 0, 0
1189999, 220, 0, 0
1191000, 224, 0, 0
1191999, 245, 0, 0
1192999, 240, 0, 0
1194000, 244, 0, 0
1195000, 203, 0, 0
1195999, 175, 0, 0
1197000, 229, 0, 0
1198000, 240, 0, 0
1198999, 229, 0, 0
1199999, 215, 0, 0
1201000, 238, 0, 0
1201999, 230, 0, 0
1202999, 213, 0, 0
1204000, 248, 0, 0
1204999, 208, 0, 0
1205999, 212, 0, 0
1207000, 228, 0, 0
1207999, 245, 0, 0
1208999, 218, 0, 0
1210000, 243, 0, 0
1210999, 227, 0, 0
1211999, 229, 0, 0
1213000, 246, 0, 0
1213999, 265, 0, 0
1215000, 248, 0, 0
1216000, 213, 0, 0
1216999, 218, 0, 0
1218000, 213, 0, 0
1219000, 222, 0, 0
1219999, 204, 0, 0
1221000, 269, 0, 0
1222000, 228, 0, 0
1222999, 219, 0, 0
1224000, 212, 0, 0
1225000, 250, 0, 0
1225999, 217, 0, 0
1227000, 250, 0, 0
1227999, 175, 0, 0
1228999, 254, 0, 0
1230000, 225, 0, 0
1231000, 205, 0, 0
1231999, 212, 0, 0
1232999, 212, 0, 0
1234000, 219, 0, 0
1234999, 221, 0, 0
1235999, 219, 0, 0
1237000, 202, 0, 0
1237999, 228, 0, 0
1238999, 220, 0, 0
1240000, 239, 0, 0
1240999, 229, 0, 0
1241999, 252, 0, 0
1243000, 219, 0, 0
1244000, 220, 0, 0
1244999, 223, 0, 0
1246000, 237, 0, 0
1247000, 221, 0, 0
1247999, 212, 0, 0
1249000, 235, 0, 0
1250000, 201, 0, 0
1250999, 240, 0, 0
1251999, 228, 0, 0
1253000, 213, 0, 0
1253999, 237, 0, 0
1254999, 213, 0, 0
1256000, 231, 0, 0
1256999, 216, 0, 0
1257999, 225, 0, 0
1259000, 229, 0, 0
1260000, 227, 0, 0
1260999, 224, 0, 0
1261999, 247, 0, 0
1263000, 250, 0, 0
1263999, 218, 0, 0
1264999, 249, 0, 0
1266000, 245, 0, 0
1266999, 228, 0, 0
1267999, 242, 0, 0
1269000, 226, 0, 0
1269999, 226, 0, 0
1270999, 199, 0, 0
1272000, 211, 0, 0
1272999, 241, 0, 0
1273999, 227, 0, 0
1275000, 233, 0, 0
1275999, 212, 0, 0
1276999, 224, 0, 0
1277999, 234, 0, 0
1279000, 216, 0, 0
1280000, 209, 0, 0
1280999, 221, 0, 0
1281999, 239, 0, 0
1283000, 232, 0, 0
1283999, 203, 0, 0
1284999, 223, 0, 0
1286000, 224, 0, 0
1286999, 223, 0, 0
1287999, 239, 0, 0
1289000, 215, 0, 0
1289999, 244, 0, 0
1290999, 237, 0, 0
1292000, 238, 0, 0
1292999, 221, 0, 0
1293999, 247, 0, 0
1295000, 247, 0, 0
1295999, 237, 0, 0
1296999, 234, 0, 0
1298000, 231, 0, 0
1298999, 219, 0, 0
1299999, 239, 0, 0
1301000, 230, 0, 0
1301999, 207, 0, 0
1302999, 197, 0, 0
1304000, 205, 0, 0
1304999, 237, 0, 0
1305999, 233, 0, 0
1307000, 229, 0, 0
1307999, 211, 0, 0
1308999, 224, 0, 0
1310000, 237, 0, 0
1310999, 229, 0, 0
1311999, 214, 0, 0
1313000, 257, 0, 0
1313999, 250, 0, 0
1314999, 206, 0, 0
1316000, 221, 0, 0
1317000, 211, 0, 0
1317999, 219, 0, 0
1318999, 212, 0, 0
1320000, 227, 0, 0
1320999, 224, 0, 0
1321999, 244, 0, 0
1323000, 249, 0, 0
1323999, 205, 0, 0
1324999, 232, 0, 0
1326000, 219, 0, 0
1326999, 227, 0, 0
1327999, 212, 0, 0
1329000, 226, 0, 0
1330000, 203, 0, 0
1330999, 223, 0, 0
1331999, 230, 0, 0
1333000, 196, 0, 0
1334000, 236, 0, 0
1334999, 216, 0, 0
1335999, 217, 0, 0
1337000, 244, 0, 0
1337999, 227, 0, 0
1338999, 206, 0, 0
1340000, 235, 0, 0
1340999, 208, 0, 0
1341999, 233, 0, 0
1343000, 241, 0, 0
1343999, 212, 0, 0
1344999, 225, 0, 0
1346000, 253, 0, 0
1347000, 223, 0, 0
1347999, 245, 0, 0
1349000, 214, 0, 0
1349999, 224, 0, 0
1350999, 210, 0, 0
1352000, 210, 0, 0
1352999, 227, 0, 0
1353999, 231, 0, 0
1355000, 226, 0, 0
1355999, 252, 0, 0
1356999, 228, 0, 0
1358000, 217, 0, 0
1359000, 182, 0, 0
1359999, 209, 0, 0
1361000, 239, 0, 0
1362000, 224, 0, 0
1362999, 234, 0, 0
1363999, 244, 0, 0
1365000, 232, 0, 0
1366000, 228, 0, 0
1366999, 234, 0, 0
1368000, 229, 0, 0
1368999, 230, 0, 0
1369999, 255, 0, 0
1371000, 214, 0, 0
1372000, 229, 0, 0
1372999, 234, 0, 0
1373999, 218, 0, 0
1375000, 229, 0, 0
1375999, 244, 0, 0
1376999, 232, 0, 0
1378000, 231, 0, 0
1379000, 229, 0, 0
1379999, 224, 0, 0
1381000, 200, 0, 0
1381999, 215, 0, 0
1382999, 247, 0, 0
1384000, 221, 0, 0
1384999, 208, 0, 0
1385999, 239, 0, 0
1387000, 229, 0, 0
1388000, 208, 0, 0
1388999, 241, 0, 0
1390000, 238, 0, 0
1390999, 222, 0, 0
1391999, 205, 0, 0
1393000, 218, 0, 0
1394000, 233, 0, 0
1394999, 242, 0, 0
1396000, 224, 0, 0
1397000, 235, 0, 0
1397999, 197, 0, 0
1398999, 225, 0, 0
1400000, 227, 0, 0
1400999, 220, 0, 0
1401999, 233, 0, 0
1403000, 200, 0, 0
1403999, 267, 0, 0
1405000, 250, 0, 0
1406000, 213, 0, 0
1406999, 223, 0, 0
1408000, 225, 0, 0
1409000, 212, 0, 0
1409999, 217, 0, 0
1411000, 253, 0, 0
1412000, 224, 0, 0
1412999, 218, 0, 0
1413999, 246, 0, 0
1415000, 207, 0, 0
1415999, 241, 0, 0
1417000, 235, 0, 0
1418000, 204, 0, 0
1418999, 258, 0, 0
1419999, 226, 0, 0
1421000, 232, 0, 0
1421999, 229, 0, 0
1422999, 241, 0, 0
1424000, 220, 0, 0
1425000, 237, 0, 0
1425999, 254, 0, 0
1426999, 236, 0, 0
1428000, 266, 0, 0
1429000, 230, 0, 0
1429999, 239, 0, 0
1430999, 223, 0, 0
1432000, 247, 0, 0
1432999, 216, 0, 0
1434000, 233, 0, 0
1435000, 226, 0, 0
1435999, 248, 0, 0
1436999, 248, 0, 0
1438000, 217, 0, 0
1438999, 227, 0, 0
1439999, 239, 0, 0
1441000, 248, 0, 0
1442000, 252, 0, 0
1442999, 243, 0, 0
1444000, 222, 0, 0
1445000, 230, 0, 0
1445999, 242, 0, 0
1447000, 182, 0, 0
1448000, 228, 0, 0
1448999, 220, 0, 0
1449999, 242, 0, 0
1451000, 218, 0, 0
1451999, 209, 0, 0
1452999, 234, 0, 0
1454000, 252, 0, 0
1454999, 229, 0, 0
1455999, 213, 0, 0
1457000, 234, 0, 0
1458000, 228, 0, 0
1458999, 225, 0, 0
1460000, 249, 0, 0
1461000, 218, 0, 0
1461999, 234, 0, 0
1463000, 231, 0, 0
1463999, 202, 0, 0
1464999, 206, 0, 0
1466000, 244, 0, 0
1467000, 251, 0, 0
1467999, 216, 0, 0
1469000, 227, 0, 0
1469999, 219, 0, 0
1470999, 214, 0, 0
1472000, 237, 0, 0
1473000, 233, 0, 0
1473999, 238, 0, 0
1475000, 230, 0, 0
1476000, 231, 0, 0
1476999, 229, 0, 0
1478000, 211, 0, 0
1479000, 246, 0, 0
1479999, 210, 0, 0
1480999, 231, 0, 0
1482000, 227, 0, 0
1482999, 217, 0, 0
1483999, 240, 0, 0
1485000, 221, 0, 0
1485999, 251, 0, 0
1486999, 227, 0, 0
1488000, 218, 0, 0
1488999, 237, 0, 0
1489999, 250, 0, 0
1491000, 226, 0, 0
1491999, 188, 0, 0
1492999, 229, 0, 0
1494000, 232, 0, 0
1495000, 240, 0, 0
1495999, 204, 0, 0
1497000, 214, 0, 0
1498000, 226, 0, 0
1498999, 197, 0, 0
1499999, 221, 0, 0
1501000, 224, 0, 0
1501999, 227, 0, 0
1503000, 228, 0, 0
1504000, 238, 0, 0
1504999, 197, 0, 0
1505999, 257, 0, 0
1507000, 240, 0, 0
1507999, 251, 0, 0
1509000, 252, 0, 0
1510000, 240, 0, 0
1510999, 251, 0, 0
1512000, 206, 0, 0
1513000, 212, 0, 0
1513999, 223, 0, 0
1515000, 196, 0, 0
1516000, 226, 0, 0
1516999, 271, 0, 0
1518000, 234, 0, 0
1518999, 248, 0, 0
1519999, 227, 0, 0
1521000, 223, 0, 0
1521999, 217, 0, 0
1522999, 219, 0, 0
1524000, 203, 0, 0
1524999, 211, 0, 0
1525999, 230, 0, 0
1526999, 237, 0, 0
1528000, 203, 0, 0
1528999, 207, 0, 0
1529999, 218, 0, 0
1531000, 234, 0, 0
1532000, 218, 0, 0
1532999, 206, 0, 0
1533999, 240, 0, 0
1535000, 193, 0, 0
1535999, 249, 0, 0
1536999, 225, 0, 0
1537999, 224, 0, 0
1539000, 214, 0, 0
1539999, 210, 0, 0
1540999, 204, 0, 0
1542000, 237, 0, 0
1542999, 209, 0, 0
1543999, 255, 0, 0
1545000, 206, 0, 0
1545999, 239, 0, 0
1546999, 246, 0, 0
1548000, 229, 0, 0
1548999, 239, 0, 0
1549999, 245, 0, 0
1551000, 202, 0, 0
1551999, 251, 0, 0
1552999, 233, 0, 0
1554000, 260, 0, 0
1555000, 223, 0, 0
1555999, 254, 0, 0
1557000, 235, 0, 0
1558000, 228, 0, 0
1558999, 206, 0, 0
1559999, 243, 0, 0
1561000, 225, 0, 0
1562000, 189, 0, 0
1562999, 238, 0, 0
1564000, 202, 0, 0
1565000, 238, 0, 0
1565999, 219, 0, 0
1566999, 237, 0, 0
1568000, 219, 0, 0
1568999, 248, 0, 0
1569999, 220, 0, 0
1571000, 230, 0, 0
1572000, 209, 0, 0
1572999, 252, 0, 0
1574000, 228, 0, 0
1575000, 244, 0, 0
1575999, 253, 0, 0
1576999, 215, 0, 0
1578000, 250, 0, 0
1578999, 189, 0, 0
1579999, 237, 0, 0
1581000, 218, 0, 0
1581999, 226, 0, 0
1582999, 231, 0, 0
1584000, 240, 0, 0
1584999, 207, 0, 0
1585999, 252, 0, 0
1587000, 246, 0, 0
1587999, 209, 0, 0
1588999, 227, 0, 0
1590000, 225, 0, 0
1590999, 230, 0, 0
1591999, 247, 0, 0
1593000, 228, 0, 0
1594000, 233, 0, 0
1594999, 206, 0, 0
1596000, 227, 0, 0
1597000, 237, 0, 0
1597999, 236, 0, 0
1598999, 246, 0, 0
1600000, 198, 0, 0
1600999, 213, 0, 0
1601999, 236, 0, 0
1603000, 209, 0, 0
1604000, 244, 0, 0
1604999, 230, 0, 0
1606000, 220, 0, 0
1606999, 226, 0, 0
1607999, 236, 0, 0
1609000, 227, 0, 0
1610000, 234, 0, 0
1610999, 262, 0, 0
1611999, 223, 0, 0
1613000, 233, 0, 0
1613999, 242, 0, 0
1614999, 233, 0, 0
1616000, 220, 0, 0
1616999, 203, 0, 0
1617999, 197, 0, 0
1619000, 237, 0, 0
1620000, 224, 0, 0
1620999, 232, 0, 0
1621999, 223, 0, 0
1623000, 197, 0, 0
1623999, 237, 0, 0
1624999, 209, 0, 0
1626000, 227, 0, 0
1627000, 262, 0, 0
1627999, 239, 0, 0
1629000, 246, 0, 0
1630000, 219, 0, 0
1630999, 242, 0, 0
1631999, 228, 0, 0
1633000, 206, 0, 0
1634000, 244, 0, 0
1634999, 220, 0, 0
1636000, 225, 0, 0
1636999, 214, 0, 0
1637999, 220, 0, 0
1639000, 216, 0, 0
1640000, 255, 0, 0
1640999, 214, 0, 0
1641999, 245, 0, 0
1643000, 240, 0, 0
1643999, 244, 0, 0
1644999, 208, 0, 0
1646000, 205, 0, 0
1646999, 215, 0, 0
1647999, 221, 0, 0
1649000, 210, 0, 0
1650000, 236, 0, 0
1650999, 215, 0, 0
1652000, 240, 0, 0
1652999, 223, 0, 0
1653999, 231, 0, 0
1655000, 252, 0, 0
1656000, 212, 0, 0
1656999, 234, 0, 0
1657999, 225, 0, 0
1659000, 212, 0, 0
1659999, 243, 0, 0
1660999, 251, 0, 0
1662000, 204, 0, 0
1663000, 244, 0, 0
1663999, 213, 0, 0
1665000, 216, 0, 0
1666000, 228, 0, 0
1666999, 223, 0, 0
1667999, 243, 0, 0
1669000, 213, 0, 0
1669999, 239, 0, 0
1670999, 216, 0, 0
1672000, 202, 0, 0
1673000, 238, 0, 0
1673999, 227, 0, 0
1675000, 247, 0, 0
1676000, 197, 0, 0
1676999, 237, 0, 0
1677999, 218, 0, 0
1679000, 200, 0, 0
1680000, 234, 0, 0
1680999, 238, 0, 0
1682000, 210, 0, 0
1683000, 258, 0, 0
1683999, 226, 0, 0
1684999, 243, 0, 0
1686000, 254, 0, 0
1686999, 198, 0, 0
1687999, 252, 0, 0
1689000, 213, 0, 0
1690000, 209, 0, 0
1690999, 240, 0, 0
1692000, 239, 0, 0
1693000, 245, 0, 0
1693999, 205, 0, 0
1694999, 255, 0, 0
1696000, 222, 0, 0
1697000, 215, 0, 0
1697999, 219, 0, 0
1699000, 220, 0, 0
1699999, 211, 0, 0
1700999, 253, 0, 0
1702000, 219, 0, 0
1703000, 209, 0, 0
1703999, 227, 0, 0
1705000, 222, 0, 0
1706000, 215, 0, 0
1706999, 205, 0, 0
1708000, 238, 0, 0
1709000, 251, 0, 0
1709999, 195, 0, 0
1711000, 204, 0, 0
1712000, 209, 0, 0
1712999, 231, 0, 0
1714000, 238, 0, 0
1715000, 226, 0, 0
1715999, 217, 0, 0
1717000, 230, 0, 0
1718000, 213, 0, 0
1718999, 249, 0, 0
1720000, 214, 0, 0
1721000, 240, 0, 0
1721999, 238, 0, 0
1723000, 226, 0, 0
1723999, 257, 0, 0
1724999, 196, 0, 0
1726000, 244, 0, 0
1726999, 243, 0, 0
1727999, 250, 0, 0
1729000, 231, 0, 0
1729999, 220, 0, 0
1730999, 238, 0, 0
1732000, 210, 0, 0
1733000, 215, 0, 0
1733999, 225, 0, 0
1735000, 235, 0, 0
1736000, 239, 0, 0
1736999, 249, 0, 0
1737999, 231, 0, 0
1739000, 206, 0, 0
1739999, 205, 0, 0
1740999, 243, 0, 0
1742000, 243, 0, 0
1742999, 250, 0, 0
1743999, 230, 0, 0
1745000, 213, 0, 0
1746000, 244, 0, 0
1746999, 224, 0, 0
1748000, 211, 0, 0
1749000, 265, 0, 0
1749999, 228, 0, 0
1751000, 216, 0, 0
1752000, 225, 0, 0
1752999, 234, 0, 0
1753999, 210, 0, 0
1755000, 226, 0, 0
1755999, 231, 0, 0
1756999, 227, 0, 0
1758000, 226, 0, 0
1758999, 207, 0, 0
1759999, 249, 0, 0
1761000, 238, 0, 0
1761999, 217, 0, 0
1762999, 243, 0, 0
1764000, 218, 0, 0
1765000, 251, 0, 0
1765999, 211, 0, 0
1766999, 220, 0, 0
1768000, 242, 0, 0
1769000, 207, 0, 0
1769999, 235, 0, 0
1771000, 232, 0, 0
1772000, 218, 0, 0
1772999, 235, 0, 0
1773999, 218, 0, 0
1775000, 217, 0, 0
1775999, 194, 0, 0
1776999, 222, 0, 0
1778000, 248, 0, 0
1779000, 220, 0, 0
1779999, 227, 0, 0
1780999, 227, 0, 0
1782000, 240, 0, 0
1782999, 224, 0, 0
1783999, 214, 0, 0
1785000, 248, 0, 0
1785999, 233, 0, 0
1786999, 224, 0, 0
1788000, 252, 0, 0
1789000, 233, 0, 0
1789999, 230, 0, 0
1791000, 227, 0, 0
1791999, 240, 0, 0
1792999, 200, 0, 0
1794000, 238, 0, 0
1794999, 213, 0, 0
1795999, 234, 0, 0
1797000, 200, 0, 0
1797999, 201, 0, 0
1798999, 225, 0, 0
1800000, 249, 0, 0
