1000, 280, 0, 0
1999, 512, 0, 0
2999, 516, 0, 0
4000, 484, 0, 0
5000, 512, 0, 0
5999, 520, 0, 0
7000, 516, 0, 0
8000, 516, 0, 0
8999, 480, 0, 0
9999, 480, 0, 0
11000, 488, 0, 0
12000, 512, 0, 0
12999, 552, 0, 0
14000, 484, 0, 0
14999, 520, 0, 0
15999, 520, 0, 0
16999, 484, 0, 0
18000, 520, 0, 0
19000, 512, 0, 0
19999, 440, 0, 0
21000, 520, 0, 0
22000, 480, 0, 0
22999, 520, 0, 0
23999, 520, 0, 0
25000, 500, 0, 0
25999, 480, 0, 0
26999, 520, 0, 0
28000, 524, 0, 0
29000, 520, 0, 0
29999, 508, 0, 0
30999, 520, 0, 0
32000, 500, 0, 0
32999, 520, 0, 0
33999, 524, 0, 0
35000, 496, 0, 0
35999, 520, 0, 0
36999, 492, 0, 0
38000, 520, 0, 0
39000, 520, 0, 0
39999, 500, 0, 0
40999, 520, 0, 0
42000, 520, 0, 0
42999, 528, 0, 0
43999, 504, 0, 0
45000, 436, 0, 0
46000, 524, 0, 0
46999, 520, 0, 0
47999, 532, 0, 0
49000, 492, 0, 0
49999, 500, 0, 0
50999, 516, 0, 0
52000, 492, 0, 0
52999, 524, 0, 0
53999, 532, 0, 0
55000, 536, 0, 0
55999, 500, 0, 0
56999, 520, 0, 0
58000, 528, 0, 0
58999, 540, 0, 0
59999, 540, 0, 0
61000, 520, 0, 0
62000, 504, 0, 0
62999, 532, 0, 0
64000, 488, 0, 0
65000, 536, 0, 0
65999, 500, 0, 0
67000, 548, 0, 0
68000, 508, 0, 0
68999, 528, 0, 0
70000, 484, 0, 0
71000, 548, 0, 0
71999, 528, 0, 0
72999, 544, 0, 0
73999, 504, 0, 0
75000, 540, 0, 0
75999, 484, 0, 0
76999, 528, 0, 0
77999, 544, 0, 0
79000, 504, 0, 0
80000, 508, 0, 0
81000, 544, 0, 0
81999, 548, 0, 0
82999, 516, 0, 0
84000, 540, 0, 0
84999, 536, 0, 0
85999, 544, 0, 0
87000, 500, 0, 0
88000, 568, 0, 0
88999, 556, 0, 0
90000, 512, 0, 0
91000, 540, 0, 0
91999, 524, 0, 0
93000, 564, 0, 0
94000, 504, 0, 0
94999, 544, 0, 0
96000, 536, 0, 0
97000, 508, 0, 0
97999, 556, 0, 0
98999, 552, 0, 0
100000, 512, 0, 0
100999, 524, 0, 0
101999, 508, 0, 0
103000, 524, 0, 0
104000, 544, 0, 0
104999, 540, 0, 0
106000, 508, 0, 0
107000, 564, 0, 0
107999, 556, 0, 0
109000, 540, 0, 0
110000, 524, 0, 0
110999, 544, 0, 0
112000, 568, 0, 0
113000, 568, 0, 0
113999, 572, 0, 0
114999, 548, 0, 0
116000, 500, 0, 0
116999, 572, 0, 0
117999, 516, 0, 0
119000, 544, 0, 0
119999, 516, 0, 0
120999, 568, 0, 0
122000, 556, 0, 0
122999, 556, 0, 0
123999, 556, 0, 0
125000, 548, 0, 0
125999, 508, 0, 0
126999, 528, 0, 0
128000, 544, 0, 0
128999, 580, 0, 0
129999, 508, 0, 0
131000, 584, 0, 0
131999, 544, 0, 0
132999, 524, 0, 0
134000, 524, 0, 0
135000, 568, 0, 0
135999, 552, 0, 0
137000, 524, 0, 0
138000, 556, 0, 0
138999, 524, 0, 0
139999, 596, 0, 0
141000, 564, 0, 0
141999, 584, 0, 0
143000, 540, 0, 0
144000, 616, 0, 0
144999, 532, 0, 0
146000, 536, 0, 0
146999, 576, 0, 0
147999, 540, 0, 0
149000, 556, 0, 0
150000, 628, 0, 0
150999, 520, 0, 0
152000, 520, 0, 0
152999, 564, 0, 0
153999, 552, 0, 0
155000, 572, 0, 0
155999, 584, 0, 0
156999, 580, 0, 0
158000, 568, 0, 0
158999, 560, 0, 0
159999, 600, 0, 0
161000, 536, 0, 0
162000, 556, 0, 0
162999, 528, 0, 0
164000, 572, 0, 0
164999, 540, 0, 0
165999, 588, 0, 0
167000, 528, 0, 0
167999, 600, 0, 0
168999, 528, 0, 0
170000, 560, 0, 0
170999, 548, 0, 0
171999, 540, 0, 0
173000, 588, 0, 0
174000, 560, 0, 0
174999, 544, 0, 0
176000, 532, 0, 0
176999, 580, 0, 0
177999, 576, 0, 0
179000, 560, 0, 0
179999, 568, 0, 0
180999, 552, 0, 0
182000, 584, 0, 0
182999, 560, 0, 0
183999, 568, 0, 0
185000, 552, 0, 0
185999, 536, 0, 0
186999, 572, 0, 0
188000, 556, 0, 0
189000, 592, 0, 0
189999, 564, 0, 0
190999, 612, 0, 0
192000, 592, 0, 0
192999, 508, 0, 0
193999, 552, 0, 0
195000, 600, 0, 0
195999, 588, 0, 0
196999, 524, 0, 0
198000, 516, 0, 0
199000, 584, 0, 0
199999, 528, 0, 0
201000, 552, 0, 0
202000, 568, 0, 0
202999, 548, 0, 0
204000, 584, 0, 0
204999, 592, 0, 0
205999, 548, 0, 0
207000, 624, 0, 0
208000, 580, 0, 0
208999, 616, 0, 0
210000, 560, 0, 0
211000, 564, 0, 0
211999, 608, 0, 0
212999, 572, 0, 0
214000, 588, 0, 0
214999, 620, 0, 0
215999, 560, 0, 0
217000, 620, 0, 0
217999, 512, 0, 0
218999, 572, 0, 0
220000, 592, 0, 0
220999, 540, 0, 0
221999, 564, 0, 0
223000, 600, 0, 0
223999, 564, 0, 0
224999, 592, 0, 0
226000, 572, 0, 0
227000, 596, 0, 0
227999, 600, 0, 0
228999, 556, 0, 0
230000, 600, 0, 0
230999, 600, 0, 0
231999, 560, 0, 0
233000, 556, 0, 0
233999, 628, 0, 0
234999, 588, 0, 0
236000, 592, 0, 0
236999, 612, 0, 0
237999, 592, 0, 0
239000, 600, 0, 0
239999, 596, 0, 0
241000, 588, 0, 0
242000, 580, 0, 0
242999, 536, 0, 0
243999, 604, 0, 0
245000, 588, 0, 0
246000, 588, 0, 0
246999, 596, 0, 0
248000, 592, 0, 0
248999, 568, 0, 0
249999, 608, 0, 0
251000, 608, 0, 0
251999, 620, 0, 0
252999, 608, 0, 0
254000, 596, 0, 0
254999, 640, 0, 0
255999, 608, 0, 0
257000, 620, 0, 0
257999, 564, 0, 0
258999, 604, 0, 0
260000, 624, 0, 0
260999, 564, 0, 0
261999, 608, 0, 0
263000, 540, 0, 0
264000, 628, 0, 0
264999, 644, 0, 0
265999, 632, 0, 0
267000, 604, 0, 0
267999, 616, 0, 0
268999, 580, 0, 0
270000, 564, 0, 0
271000, 628, 0, 0
271999, 604, 0, 0
272999, 612, 0, 0
274000, 584, 0, 0
274999, 620, 0, 0
275999, 668, 0, 0
277000, 584, 0, 0
278000, 648, 0, 0
278999, 568, 0, 0
279999, 612, 0, 0
281000, 612, 0, 0
282000, 604, 0, 0
282999, 632, 0, 0
283999, 616, 0, 0
285000, 632, 0, 0
285999, 648, 0, 0
286999, 612, 0, 0
288000, 656, 0, 0
288999, 664, 0, 0
289999, 600, 0, 0
291000, 616, 0, 0
291999, 584, 0, 0
292999, 600, 0, 0
294000, 720, 0, 0
294999, 612, 0, 0
295999, 580, 0, 0
297000, 616, 0, 0
298000, 628, 0, 0
298999, 572, 0, 0
299999, 704, 0, 0
301000, 648, 0, 0
301999, 728, 0, 0
302999, 656, 0, 0
304000, 632, 0, 0
304999, 636, 0, 0
305999, 652, 0, 0
307000, 580, 0, 0
308000, 560, 0, 0
308999, 640, 0, 0
309999, 640, 0, 0
311000, 648, 0, 0
312000, 636, 0, 0
312999, 708, 0, 0
314000, 560, 0, 0
315000, 644, 0, 0
315999, 680, 0, 0
316999, 644, 0, 0
318000, 680, 0, 0
319000, 616, 0, 0
319999, 596, 0, 0
320999, 620, 0, 0
322000, 704, 0, 0
322999, 660, 0, 0
323999, 608, 0, 0
324999, 584, 0, 0
326000, 648, 0, 0
326999, 656, 0, 0
327999, 588, 0, 0
329000, 620, 0, 0
330000, 628, 0, 0
330999, 644, 0, 0
331999, 584, 0, 0
333000, 636, 0, 0
333999, 644, 0, 0
334999, 652, 0, 0
336000, 624, 0, 0
337000, 484, 0, 0
337999, 508, 0, 0
339000, 700, 0, 0
340000, 620, 0, 0
340999, 644, 0, 0
341999, 636, 0, 0
343000, 656, 0, 0
343999, 624, 0, 0
344999, 596, 0, 0
346000, 692, 0, 0
346999, 652, 0, 0
347999, 624, 0, 0
349000, 584, 0, 0
349999, 620, 0, 0
350999, 696, 0, 0
352000, 636, 0, 0
353000, 712, 0, 0
353999, 712, 0, 0
355000, 600, 0, 0
356000, 736, 0, 0
356999, 648, 0, 0
358000, 636, 0, 0
359000, 668, 0, 0
359999, 612, 0, 0
360999, 680, 0, 0
362000, 740, 0, 0
362999, 660, 0, 0
363999, 604, 0, 0
365000, 764, 0, 0
366000, 656, 0, 0
366999, 644, 0, 0
367999, 712, 0, 0
369000, 592, 0, 0
369999, 628, 0, 0
370999, 656, 0, 0
371999, 676, 0, 0
373000, 608, 0, 0
374000, 672, 0, 0
374999, 688, 0, 0
375999, 604, 0, 0
377000, 676, 0, 0
377999, 692, 0, 0
378999, 688, 0, 0
380000, 688, 0, 0
381000, 624, 0, 0
381999, 760, 0, 0
382999, 684, 0, 0
384000, 660, 0, 0
385000, 680, 0, 0
385999, 660, 0, 0
387000, 680, 0, 0
388000, 664, 0, 0
388999, 692, 0, 0
390000, 652, 0, 0
391000, 688, 0, 0
391999, 656, 0, 0
392999, 740, 0, 0
394000, 616, 0, 0
394999, 728, 0, 0
396000, 728, 0, 0
397000, 656, 0, 0
397999, 688, 0, 0
398999, 712, 0, 0
400000, 704, 0, 0
400999, 712, 0, 0
401999, 668, 0, 0
403000, 644, 0, 0
404000, 728, 0, 0
404999, 632, 0, 0
405999, 704, 0, 0
407000, 684, 0, 0
408000, 696, 0, 0
408999, 688, 0, 0
410000, 584, 0, 0
411000, 668, 0, 0
411999, 700, 0, 0
412999, 688, 0, 0
414000, 644, 0, 0
415000, 724, 0, 0
415999, 660, 0, 0
416999, 732, 0, 0
418000, 652, 0, 0
419000, 620, 0, 0
419999, 736, 0, 0
420999, 632, 0, 0
422000, 732, 0, 0
422999, 684, 0, 0
423999, 676, 0, 0
425000, 596, 0, 0
425999, 724, 0, 0
426999, 704, 0, 0
428000, 680, 0, 0
428999, 656, 0, 0
429999, 636, 0, 0
431000, 704, 0, 0
431999, 712, 0, 0
432999, 732, 0, 0
434000, 684, 0, 0
434999, 652, 0, 0
435999, 728, 0, 0
437000, 684, 0, 0
438000, 788, 0, 0
438999, 664, 0, 0
439999, 724, 0, 0
441000, 732, 0, 0
441999, 668, 0, 0
442999, 764, 0, 0
444000, 736, 0, 0
445000, 660, 0, 0
445999, 744, 0, 0
446999, 716, 0, 0
448000, 708, 0, 0
449000, 720, 0, 0
449999, 756, 0, 0
451000, 696, 0, 0
452000, 664, 0, 0
452999, 784, 0, 0
453999, 652, 0, 0
455000, 784, 0, 0
456000, 684, 0, 0
456999, 748, 0, 0
458000, 724, 0, 0
459000, 772, 0, 0
459999, 716, 0, 0
461000, 672, 0, 0
462000, 648, 0, 0
462999, 764, 0, 0
463999, 736, 0, 0
465000, 724, 0, 0
465999, 660, 0, 0
466999, 740, 0, 0
468000, 676, 0, 0
469000, 736, 0, 0
469999, 664, 0, 0
471000, 744, 0, 0
471999, 696, 0, 0
473000, 660, 0, 0
474000, 784, 0, 0
474999, 676, 0, 0
475999, 704, 0, 0
477000, 728, 0, 0
477999, 760, 0, 0
478999, 784, 0, 0
480000, 680, 0, 0
480999, 676, 0, 0
481999, 688, 0, 0
483000, 776, 0, 0
483999, 696, 0, 0
484999, 692, 0, 0
486000, 800, 0, 0
486999, 804, 0, 0
487999, 724, 0, 0
489000, 704, 0, 0
490000, 700, 0, 0
490999, 692, 0, 0
491999, 676, 0, 0
493000, 720, 0, 0
493999, 796, 0, 0
494999, 712, 0, 0
496000, 764, 0, 0
496999, 660, 0, 0
497999, 760, 0, 0
499000, 644, 0, 0
500000, 716, 0, 0
500999, 780, 0, 0
502000, 744, 0, 0
503000, 728, 0, 0
503999, 740, 0, 0
505000, 800, 0, 0
506000, 772, 0, 0
506999, 776, 0, 0
508000, 716, 0, 0
509000, 748, 0, 0
509999, 648, 0, 0
510999, 712, 0, 0
512000, 696, 0, 0
513000, 736, 0, 0
513999, 700, 0, 0
515000, 708, 0, 0
516000, 824, 0, 0
516999, 796, 0, 0
517999, 716, 0, 0
519000, 752, 0, 0
520000, 844, 0, 0
520999, 792, 0, 0
522000, 736, 0, 0
523000, 748, 0, 0
523999, 756, 0, 0
525000, 684, 0, 0
525999, 708, 0, 0
526999, 868, 0, 0
528000, 764, 0, 0
529000, 776, 0, 0
529999, 800, 0, 0
530999, 740, 0, 0
532000, 756, 0, 0
532999, 840, 0, 0
533999, 744, 0, 0
534999, 784, 0, 0
536000, 864, 0, 0
536999, 768, 0, 0
537999, 760, 0, 0
539000, 792, 0, 0
539999, 860, 0, 0
540999, 876, 0, 0
542000, 636, 0, 0
542999, 772, 0, 0
543999, 840, 0, 0
545000, 880, 0, 0
545999, 768, 0, 0
546999, 824, 0, 0
548000, 728, 0, 0
548999, 844, 0, 0
549999, 788, 0, 0
551000, 760, 0, 0
551999, 824, 0, 0
552999, 840, 0, 0
554000, 860, 0, 0
554999, 860, 0, 0
556000, 744, 0, 0
557000, 840, 0, 0
557999, 892, 0, 0
559000, 756, 0, 0
560000, 784, 0, 0
560999, 784, 0, 0
562000, 872, 0, 0
563000, 832, 0, 0
563999, 912, 0, 0
564999, 796, 0, 0
566000, 752, 0, 0
566999, 764, 0, 0
568000, 896, 0, 0
569000, 652, 0, 0
569999, 764, 0, 0
571000, 780, 0, 0
572000, 864, 0, 0
573000, 804, 0, 0
573999, 716, 0, 0
575000, 824, 0, 0
575999, 824, 0, 0
576999, 740, 0, 0
577999, 892, 0, 0
579000, 680, 0, 0
579999, 760, 0, 0
580999, 728, 0, 0
582000, 820, 0, 0
583000, 768, 0, 0
583999, 800, 0, 0
584999, 844, 0, 0
586000, 816, 0, 0
586999, 780, 0, 0
587999, 860, 0, 0
589000, 672, 0, 0
590000, 764, 0, 0
590999, 876, 0, 0
592000, 848, 0, 0
593000, 788, 0, 0
593999, 892, 0, 0
595000, 816, 0, 0
596000, 664, 0, 0
596999, 784, 0, 0
598000, 924, 0, 0
599000, 768, 0, 0
599999, 784, 0, 0
601000, 860, 0, 0
602000, 952, 0, 0
602999, 824, 0, 0
604000, 824, 0, 0
605000, 772, 0, 0
605999, 788, 0, 0
607000, 804, 0, 0
608000, 956, 0, 0
608999, 936, 0, 0
610000, 792, 0, 0
611000, 884, 0, 0
611999, 948, 0, 0
613000, 732, 0, 0
614000, 708, 0, 0
614999, 872, 0, 0
616000, 824, 0, 0
617000, 828, 0, 0
617999, 832, 0, 0
619000, 908, 0, 0
619999, 920, 0, 0
620999, 808, 0, 0
622000, 792, 0, 0
623000, 876, 0, 0
623999, 820, 0, 0
625000, 836, 0, 0
625999, 876, 0, 0
626999, 772, 0, 0
628000, 896, 0, 0
629000, 884, 0, 0
630000, 848, 0, 0
631000, 776, 0, 0
632000, 792, 0, 0
633000, 868, 0, 0
634000, 908, 0, 0
635000, 872, 0, 0
636000, 972, 0, 0
637000, 860, 0, 0
638000, 876, 0, 0
639000, 788, 0, 0
640000, 932, 0, 0
641000, 972, 0, 0
642001, 803, 0, 0
643000, 956, 0, 0
644000, 784, 0, 0
645000, 856, 0, 0
646000, 744, 0, 0
647000, 832, 0, 0
648000, 824, 0, 0
649000, 968, 0, 0
649999, 844, 0, 0
651000, 892, 0, 0
652000, 896, 0, 0
653000, 984, 0, 0
654000, 856, 0, 0
655000, 880, 0, 0
656000, 840, 0, 0
657000, 784, 0, 0
658000, 904, 0, 0
659000, 908, 0, 0
660000, 840, 0, 0
661000, 956, 0, 0
662000, 852, 0, 0
663000, 960, 0, 0
664000, 928, 0, 0
665000, 940, 0, 0
666000, 936, 0, 0
667000, 928, 0, 0
668000, 816, 0, 0
669000, 928, 0, 0
670000, 956, 0, 0
671000, 932, 0, 0
672000, 900, 0, 0
673000, 1092, 0, 0
674000, 848, 0, 0
675000, 928, 0, 0
676000, 816, 0, 0
677000, 1000, 0, 0
678000, 932, 0, 0
679000, 944, 0, 0
680000, 948, 0, 0
681000, 824, 0, 0
682000, 1032, 0, 0
682999, 968, 0, 0
683999, 852, 0, 0
684999, 880, 0, 0
685999, 960, 0, 0
686999, 860, 0, 0
687998, 825, 0, 0
688998, 929, 0, 0
689998, 861, 0, 0
690998, 769, 0, 0
691998, 749, 0, 0
692997, 814, 0, 0
693998, 917, 0, 0
694998, 977, 0, 0
695997, 902, 0, 0
696997, 910, 0, 0
697996, 947, 0, 0
698997, 870, 0, 0
699996, 859, 0, 0
700996, 903, 0, 0
701996, 891, 0, 0
702996, 879, 0, 0
703996, 955, 0, 0
704995, 900, 0, 0
705995, 876, 0, 0
706995, 944, 0, 0
707995, 920, 0, 0
708995, 948, 0, 0
709994, 933, 0, 0
710994, 933, 0, 0
711994, 1046, 0, 0
712994, 957, 0, 0
713994, 921, 0, 0
714993, 934, 0, 0
715994, 945, 0, 0
716993, 898, 0, 0
717993, 849, 0, 0
718993, 1003, 0, 0
719993, 946, 0, 0
720993, 833, 0, 0
721992, 947, 0, 0
722992, 1000, 0, 0
723992, 947, 0, 0
724992, 875, 0, 0
725992, 846, 0, 0
726991, 875, 0, 0
727992, 991, 0, 0
728991, 908, 0, 0
729991, 924, 0, 0
730991, 920, 0, 0
732000, 924, 0, 0
732991, 787, 0, 0
734000, 932, 0, 0
735000, 996, 0, 0
735999, 860, 0, 0
737000, 952, 0, 0
738000, 944, 0, 0
738999, 952, 0, 0
740000, 928, 0, 0
741000, 980, 0, 0
741999, 892, 0, 0
743000, 788, 0, 0
744000, 952, 0, 0
744999, 840, 0, 0
746000, 872, 0, 0
747000, 988, 0, 0
747999, 828, 0, 0
749000, 944, 0, 0
750000, 928, 0, 0
750999, 784, 0, 0
752000, 1005, 0, 0
753000, 864, 0, 0
753999, 904, 0, 0
755000, 876, 0, 0
756000, 1068, 0, 0
756999, 896, 0, 0
758000, 864, 0, 0
758999, 1029, 0, 0
759999, 1045, 0, 0
761000, 932, 0, 0
762000, 888, 0, 0
762999, 932, 0, 0
764000, 908, 0, 0
765000, 872, 0, 0
765999, 960, 0, 0
767000, 928, 0, 0
768000, 908, 0, 0
768999, 928, 0, 0
770000, 916, 0, 0
771000, 868, 0, 0
771999, 940, 0, 0
773000, 984, 0, 0
774000, 844, 0, 0
774999, 1005, 0, 0
775999, 956, 0, 0
777000, 948, 0, 0
777999, 968, 0, 0
778999, 912, 0, 0
780000, 884, 0, 0
781000, 808, 0, 0
781999, 924, 0, 0
783000, 948, 0, 0
783999, 1005, 0, 0
784999, 784, 0, 0
786000, 964, 0, 0
786999, 896, 0, 0
787999, 824, 0, 0
789000, 768, 0, 0
790000, 852, 0, 0
790999, 896, 0, 0
792000, 904, 0, 0
793000, 844, 0, 0
793999, 968, 0, 0
794999, 840, 0, 0
796000, 892, 0, 0
796999, 868, 0, 0
797999, 880, 0, 0
799000, 804, 0, 0
799999, 872, 0, 0
800999, 820, 0, 0
802000, 904, 0, 0
802999, 948, 0, 0
803999, 840, 0, 0
805000, 868, 0, 0
805999, 856, 0, 0
806999, 1045, 0, 0
808000, 920, 0, 0
808999, 840, 0, 0
809999, 852, 0, 0
811000, 984, 0, 0
812000, 948, 0, 0
812999, 892, 0, 0
813999, 896, 0, 0
815000, 940, 0, 0
816000, 820, 0, 0
816999, 980, 0, 0
818000, 844, 0, 0
819000, 896, 0, 0
819999, 876, 0, 0
821000, 924, 0, 0
822000, 876, 0, 0
822999, 960, 0, 0
823999, 964, 0, 0
825000, 896, 0, 0
825999, 984, 0, 0
826999, 868, 0, 0
828000, 888, 0, 0
828999, 960, 0, 0
830000, 932, 0, 0
831000, 888, 0, 0
831999, 752, 0, 0
832999, 880, 0, 0
834000, 964, 0, 0
835000, 1004, 0, 0
835999, 896, 0, 0
837000, 1072, 0, 0
838000, 844, 0, 0
838999, 952, 0, 0
840000, 812, 0, 0
841000, 972, 0, 0
841999, 836, 0, 0
842999, 848, 0, 0
844000, 920, 0, 0
844999, 1081, 0, 0
845999, 840, 0, 0
847000, 904, 0, 0
848000, 872, 0, 0
848999, 884, 0, 0
850000, 888, 0, 0
851000, 888, 0, 0
851999, 1025, 0, 0
853000, 916, 0, 0
854000, 912, 0, 0
854999, 860, 0, 0
856000, 880, 0, 0
857000, 924, 0, 0
857999, 920, 0, 0
859000, 904, 0, 0
860000, 936, 0, 0
860999, 952, 0, 0
861999, 880, 0, 0
863000, 884, 0, 0
863999, 920, 0, 0
864999, 988, 0, 0
866000, 948, 0, 0
866999, 848, 0, 0
867999, 992, 0, 0
869000, 912, 0, 0
869999, 864, 0, 0
870999, 876, 0, 0
872000, 980, 0, 0
873000, 776, 0, 0
873999, 964, 0, 0
875000, 920, 0, 0
876000, 632, 0, 0
876999, 1005, 0, 0
878000, 880, 0, 0
879000, 828, 0, 0
879999, 948, 0, 0
880999, 1009, 0, 0
882000, 972, 0, 0
882999, 944, 0, 0
883999, 944, 0, 0
885000, 904, 0, 0
885999, 928, 0, 0
886999, 948, 0, 0
888000, 944, 0, 0
889000, 912, 0, 0
889999, 964, 0, 0
891000, 876, 0, 0
892000, 916, 0, 0
892999, 872, 0, 0
894000, 904, 0, 0
895000, 936, 0, 0
895999, 812, 0, 0
896999, 940, 0, 0
898000, 828, 0, 0
899000, 840, 0, 0
899999, 876, 0, 0
900999, 836, 0, 0
902000, 940, 0, 0
903000, 836, 0, 0
903999, 1005, 0, 0
905000, 948, 0, 0
906000, 780, 0, 0
906999, 844, 0, 0
907999, 888, 0, 0
909000, 888, 0, 0
910000, 992, 0, 0
910999, 844, 0, 0
911999, 1085, 0, 0
913000, 916, 0, 0
914000, 948, 0, 0
914999, 788, 0, 0
916000, 940, 0, 0
917000, 896, 0, 0
917999, 900, 0, 0
919000, 936, 0, 0
920000, 728, 0, 0
920999, 888, 0, 0
921999, 904, 0, 0
923000, 904, 0, 0
924000, 912, 0, 0
924999, 928, 0, 0
925999, 824, 0, 0
927000, 816, 0, 0
927999, 952, 0, 0
928999, 908, 0, 0
930000, 1020, 0, 0
930999, 916, 0, 0
931999, 884, 0, 0
933000, 980, 0, 0
933999, 844, 0, 0
934999, 936, 0, 0
936000, 1020, 0, 0
936999, 856, 0, 0
937999, 928, 0, 0
939000, 904, 0, 0
939999, 984, 0, 0
940999, 840, 0, 0
942000, 880, 0, 0
942999, 912, 0, 0
943999, 944, 0, 0
945000, 1008, 0, 0
945999, 880, 0, 0
947000, 900, 0, 0
948000, 1000, 0, 0
948999, 888, 0, 0
950000, 804, 0, 0
951000, 948, 0, 0
951999, 924, 0, 0
953000, 948, 0, 0
953999, 868, 0, 0
954999, 832, 0, 0
956000, 900, 0, 0
957000, 984, 0, 0
957999, 868, 0, 0
959000, 940, 0, 0
960000, 724, 0, 0
960999, 900, 0, 0
961999, 872, 0, 0
963000, 980, 0, 0
963999, 828, 0, 0
964999, 860, 0, 0
966000, 820, 0, 0
967000, 848, 0, 0
967999, 876, 0, 0
969000, 976, 0, 0
969999, 988, 0, 0
970999, 920, 0, 0
972000, 1028, 0, 0
973000, 932, 0, 0
973999, 972, 0, 0
975000, 924, 0, 0
975999, 948, 0, 0
976999, 980, 0, 0
978000, 920, 0, 0
978999, 904, 0, 0
979999, 904, 0, 0
981000, 936, 0, 0
982000, 1048, 0, 0
982999, 880, 0, 0
984000, 964, 0, 0
985000, 920, 0, 0
985999, 912, 0, 0
987000, 840, 0, 0
988000, 924, 0, 0
988999, 892, 0, 0
990000, 1092, 0, 0
991000, 856, 0, 0
991999, 904, 0, 0
993000, 964, 0, 0
994000, 1004, 0, 0
994999, 848, 0, 0
996000, 944, 0, 0
997000, 932, 0, 0
997999, 980, 0, 0
999000, 912, 0, 0
1000000, 876, 0, 0
1000999, 824, 0, 0
1002000, 836, 0, 0
1003000, 1036, 0, 0
1003999, 980, 0, 0
1005000, 796, 0, 0
1006000, 884, 0, 0
1006999, 1021, 0, 0
1007999, 912, 0, 0
1009000, 872, 0, 0
1009999, 892, 0, 0
1010999, 936, 0, 0
1012000, 996, 0, 0
1012999, 928, 0, 0
1013999, 972, 0, 0
1015000, 900, 0, 0
1016000, 984, 0, 0
1016999, 908, 0, 0
1018000, 948, 0, 0
1019000, 836, 0, 0
1019999, 1013, 0, 0
1021000, 904, 0, 0
1022000, 820, 0, 0
1022999, 1009, 0, 0
1024000, 880, 0, 0
1025000, 856, 0, 0
1025999, 1013, 0, 0
1027000, 888, 0, 0
1028000, 984, 0, 0
1028999, 908, 0, 0
1030000, 956, 0, 0
1031000, 832, 0, 0
1031999, 952, 0, 0
1033000, 1056, 0, 0
1034000, 828, 0, 0
1034999, 960, 0, 0
1036000, 808, 0, 0
1037000, 988, 0, 0
1037999, 948, 0, 0
1038999, 864, 0, 0
1040000, 1000, 0, 0
1040999, 924, 0, 0
1041999, 968, 0, 0
1043000, 984, 0, 0
1044000, 868, 0, 0
1044999, 908, 0, 0
1045999, 916, 0, 0
1047000, 980, 0, 0
1047999, 948, 0, 0
1048999, 932, 0, 0
1050000, 868, 0, 0
1051000, 800, 0, 0
1051999, 748, 0, 0
1053000, 864, 0, 0
1053999, 972, 0, 0
1054999, 864, 0, 0
1056000, 876, 0, 0
1056999, 984, 0, 0
1057999, 924, 0, 0
1058999, 904, 0, 0
1060000, 896, 0, 0
1060999, 940, 0, 0
1062000, 824, 0, 0
1063000, 996, 0, 0
1063999, 932, 0, 0
1064999, 972, 0, 0
1066000, 868, 0, 0
1066999, 948, 0, 0
1067999, 940, 0, 0
1069000, 852, 0, 0
1069999, 948, 0, 0
1070999, 892, 0, 0
1072000, 836, 0, 0
1073000, 852, 0, 0
1073999, 812, 0, 0
1075000, 976, 0, 0
1075999, 796, 0, 0
1076999, 952, 0, 0
1078000, 1096, 0, 0
1078999, 932, 0, 0
1079999, 856, 0, 0
1081000, 964, 0, 0
1081999, 880, 0, 0
1082999, 944, 0, 0
1084000, 1032, 0, 0
1084999, 1009, 0, 0
1085999, 936, 0, 0
1087000, 788, 0, 0
1087999, 912, 0, 0
1088999, 884, 0, 0
1090000, 920, 0, 0
1090999, 916, 0, 0
1091999, 936, 0, 0
1093000, 884, 0, 0
1093999, 808, 0, 0
1095000, 976, 0, 0
1096000, 764, 0, 0
1096999, 992, 0, 0
1097999, 848, 0, 0
1099000, 924, 0, 0
1100000, 984, 0, 0
1100999, 900, 0, 0
1101999, 828, 0, 0
1103000, 852, 0, 0
1104000, 884, 0, 0
1104999, 984, 0, 0
1106000, 908, 0, 0
1107000, 912, 0, 0
1107999, 976, 0, 0
1109000, 900, 0, 0
1110000, 876, 0, 0
1110999, 932, 0, 0
1111999, 892, 0, 0
1113000, 1000, 0, 0
1113999, 876, 0, 0
1114999, 888, 0, 0
1116000, 824, 0, 0
1117000, 928, 0, 0
1117999, 944, 0, 0
1119000, 1092, 0, 0
1119999, 992, 0, 0
1120999, 896, 0, 0
1122000, 968, 0, 0
1123000, 848, 0, 0
1123999, 856, 0, 0
1124999, 1029, 0, 0
1126000, 908, 0, 0
1127000, 904, 0, 0
1127999, 976, 0, 0
1129000, 936, 0, 0
1130000, 868, 0, 0
1130999, 840, 0, 0
1132000, 972, 0, 0
1133000, 796, 0, 0
1133999, 968, 0, 0
1135000, 964, 0, 0
1136000, 876, 0, 0
1136999, 832, 0, 0
1138000, 1100, 0, 0
1139000, 1004, 0, 0
1139999, 800, 0, 0
1141000, 944, 0, 0
1142000, 840, 0, 0
1142999, 928, 0, 0
1144000, 896, 0, 0
1145000, 976, 0, 0
1145999, 912, 0, 0
1147000, 960, 0, 0
1148000, 952, 0, 0
1148999, 1065, 0, 0
1149999, 892, 0, 0
1151000, 880, 0, 0
1151999, 736, 0, 0
1152999, 880, 0, 0
1154000, 1028, 0, 0
1154999, 940, 0, 0
1155999, 844, 0, 0
1157000, 1024, 0, 0
1157999, 948, 0, 0
1158999, 904, 0, 0
1160000, 1008, 0, 0
1161000, 988, 0, 0
1161999, 836, 0, 0
1163000, 1076, 0, 0
1164000, 1008, 0, 0
1164999, 864, 0, 0
1166000, 948, 0, 0
1167000, 976, 0, 0
1167999, 852, 0, 0
1169000, 848, 0, 0
1170000, 916, 0, 0
1170999, 960, 0, 0
1171999, 936, 0, 0
1173000, 808, 0, 0
1173999, 876, 0, 0
1174999, 920, 0, 0
1176000, 984, 0, 0
1176999, 876, 0, 0
1177999, 912, 0, 0
1179000, 828, 0, 0
1179999, 1037, 0, 0
1181000, 924, 0, 0
1182000, 848, 0, 0
1182999, 972, 0, 0
1184000, 824, 0, 0
1185000, 904, 0, 0
1185999, 1021, 0, 0
1186999, 1037, 0, 0
1188000, 880, 0, 0
1188999, 944, 0, 0
1189999, 992, 0, 0
1191000, 844, 0, 0
1191999, 956, 0, 0
1192999, 960, 0, 0
1194000, 920, 0, 0
1195000, 1036, 0, 0
1195999, 764, 0, 0
1197000, 928, 0, 0
1198000, 924, 0, 0
1198999, 932, 0, 0
1199999, 852, 0, 0
1201000, 808, 0, 0
1201999, 880, 0, 0
1202999, 916, 0, 0
1204000, 960, 0, 0
1204999, 924, 0, 0
1205999, 880, 0, 0
1207000, 1016, 0, 0
1207999, 920, 0, 0
1208999, 836, 0, 0
1210000, 1020, 0, 0
1210999, 1037, 0, 0
1211999, 892, 0, 0
1213000, 940, 0, 0
1213999, 900, 0, 0
1215000, 948, 0, 0
1216000, 920, 0, 0
1216999, 1029, 0, 0
1218000, 908, 0, 0
1219000, 988, 0, 0
1219999, 1029, 0, 0
1221000, 956, 0, 0
1222000, 940, 0, 0
1222999, 980, 0, 0
1224000, 996, 0, 0
1225000, 1000, 0, 0
1225999, 932, 0, 0
1227000, 1028, 0, 0
1227999, 916, 0, 0
1228999, 944, 0, 0
1230000, 1080, 0, 0
1231000, 928, 0, 0
1231999, 964, 0, 0
1232999, 896, 0, 0
1234000, 760, 0, 0
1234999, 984, 0, 0
1235999, 1081, 0, 0
1237000, 1012, 0, 0
1237999, 944, 0, 0
1238999, 868, 0, 0
1240000, 956, 0, 0
1240999, 884, 0, 0
1241999, 936, 0, 0
1243000, 880, 0, 0
1244000, 944, 0, 0
1244999, 912, 0, 0
1246000, 1000, 0, 0
1247000, 1016, 0, 0
1247999, 1009, 0, 0
1249000, 864, 0, 0
1250000, 908, 0, 0
1250999, 1025, 0, 0
1251999, 928, 0, 0
1253000, 968, 0, 0
1253999, 988, 0, 0
1254999, 944, 0, 0
1256000, 1092, 0, 0
1256999, 860, 0, 0
1257999, 928, 0, 0
1259000, 980, 0, 0
1260000, 932, 0, 0
1260999, 1013, 0, 0
1262000, 1117, 0, 0
1263000, 880, 0, 0
1263999, 864, 0, 0
1264999, 996, 0, 0
1266000, 968, 0, 0
1266999, 908, 0, 0
1267999, 936, 0, 0
1269000, 1032, 0, 0
1269999, 852, 0, 0
1270999, 792, 0, 0
1272000, 1036, 0, 0
1272999, 1017, 0, 0
1273999, 868, 0, 0
1275000, 1076, 0, 0
1275999, 892, 0, 0
1276999, 932, 0, 0
1277999, 932, 0, 0
1279000, 908, 0, 0
1280000, 940, 0, 0
1280999, 940, 0, 0
1281999, 892, 0, 0
1283000, 852, 0, 0
1283999, 936, 0, 0
1284999, 880, 0, 0
1286000, 1012, 0, 0
1286999, 876, 0, 0
1287999, 980, 0, 0
1289000, 992, 0, 0
1289999, 980, 0, 0
1290999, 896, 0, 0
1292000, 996, 0, 0
1292999, 1005, 0, 0
1293999, 996, 0, 0
1295000, 1024, 0, 0
1295999, 916, 0, 0
1296999, 1009, 0, 0
1298000, 1052, 0, 0
1298999, 852, 0, 0
1299999, 976, 0, 0
1301000, 1008, 0, 0
1301999, 1085, 0, 0
1302999, 980, 0, 0
1304000, 896, 0, 0
1304999, 944, 0, 0
1305999, 996, 0, 0
1307000, 988, 0, 0
1307999, 840, 0, 0
1308999, 956, 0, 0
1310000, 1036, 0, 0
1310999, 1005, 0, 0
1311999, 984, 0, 0
1313000, 932, 0, 0
1313999, 992, 0, 0
1314999, 800, 0, 0
1316000, 924, 0, 0
1317000, 916, 0, 0
1317999, 888, 0, 0
1318999, 980, 0, 0
1320000, 1036, 0, 0
1320999, 1005, 0, 0
1321999, 888, 0, 0
1323000, 912, 0, 0
1323999, 944, 0, 0
1324999, 888, 0, 0
1326000, 980, 0, 0
1326999, 904, 0, 0
1327999, 832, 0, 0
1329000, 1048, 0, 0
1330000, 996, 0, 0
1330999, 928, 0, 0
1331999, 1025, 0, 0
1333000, 984, 0, 0
1334000, 996, 0, 0
1334999, 940, 0, 0
1335999, 1041, 0, 0
1337000, 1012, 0, 0
1337999, 912, 0, 0
1338999, 1049, 0, 0
1340000, 956, 0, 0
1340999, 896, 0, 0
1341999, 1069, 0, 0
1343000, 872, 0, 0
1343999, 968, 0, 0
1344999, 960, 0, 0
1346000, 860, 0, 0
1347000, 984, 0, 0
1347999, 956, 0, 0
1349000, 1044, 0, 0
1349999, 996, 0, 0
1350999, 908, 0, 0
1352000, 988, 0, 0
1352999, 928, 0, 0
1353999, 1009, 0, 0
1355000, 952, 0, 0
1355999, 848, 0, 0
1356999, 1069, 0, 0
1358000, 876, 0, 0
1359000, 760, 0, 0
1359999, 880, 0, 0
1361000, 992, 0, 0
1362000, 888, 0, 0
1362999, 1053, 0, 0
1363999, 976, 0, 0
1365000, 984, 0, 0
1366000, 892, 0, 0
1366999, 1077, 0, 0
1368000, 1056, 0, 0
1368999, 904, 0, 0
1369999, 1009, 0, 0
1371000, 1024, 0, 0
1372000, 908, 0, 0
1372999, 928, 0, 0
1373999, 1033, 0, 0
1375000, 996, 0, 0
1375999, 932, 0, 0
1376999, 968, 0, 0
1378000, 880, 0, 0
1379000, 992, 0, 0
1379999, 944, 0, 0
1381000, 992, 0, 0
1381999, 972, 0, 0
1382999, 892, 0, 0
1384000, 1004, 0, 0
1384999, 992, 0, 0
1385999, 916, 0, 0
1387000, 1016, 0, 0
1388000, 1124, 0, 0
1388999, 976, 0, 0
1390000, 956, 0, 0
1390999, 936, 0, 0
1391999, 892, 0, 0
1393000, 1048, 0, 0
1394000, 996, 0, 0
1394999, 904, 0, 0
1396000, 1048, 0, 0
1397000, 1120, 0, 0
1397999, 940, 0, 0
1398999, 1001, 0, 0
1400000, 1068, 0, 0
1400999, 1097, 0, 0
1401999, 988, 0, 0
1403000, 980, 0, 0
1403999, 856, 0, 0
1405000, 928, 0, 0
1406000, 932, 0, 0
1406999, 936, 0, 0
1408000, 852, 0, 0
1409000, 1088, 0, 0
1409999, 912, 0, 0
1411000, 912, 0, 0
1412000, 1040, 0, 0
1412999, 1041, 0, 0
1413999, 1121, 0, 0
1415000, 996, 0, 0
1415999, 976, 0, 0
1417000, 932, 0, 0
1418000, 972, 0, 0
1418999, 900, 0, 0
1419999, 1017, 0, 0
1421000, 1052, 0, 0
1421999, 952, 0, 0
1422999, 1049, 0, 0
1424000, 1008, 0, 0
1425000, 1156, 0, 0
1425999, 988, 0, 0
1426999, 1033, 0, 0
1428000, 956, 0, 0
1429000, 872, 0, 0
1429999, 1105, 0, 0
1430999, 980, 0, 0
1432000, 892, 0, 0
1432999, 1005, 0, 0
1434000, 988, 0, 0
1435000, 932, 0, 0
1435999, 960, 0, 0
1436999, 888, 0, 0
1438000, 1132, 0, 0
1438999, 1009, 0, 0
1439999, 980, 0, 0
1441000, 1200, 0, 0
1442000, 916, 0, 0
1442999, 1017, 0, 0
1444000, 844, 0, 0
1445000, 964, 0, 0
1445999, 912, 0, 0
1447000, 820, 0, 0
1448000, 932, 0, 0
1448999, 960, 0, 0
1449999, 920, 0, 0
1451000, 804, 0, 0
1451999, 988, 0, 0
1452999, 988, 0, 0
1454000, 1116, 0, 0
1454999, 936, 0, 0
1455999, 960, 0, 0
1457000, 980, 0, 0
1458000, 968, 0, 0
1458999, 980, 0, 0
1460000, 964, 0, 0
1461000, 996, 0, 0
1461999, 940, 0, 0
1463000, 1040, 0, 0
1463999, 1205, 0, 0
1464999, 1025, 0, 0
1466000, 1008, 0, 0
1467000, 896, 0, 0
1467999, 1009, 0, 0
1469000, 948, 0, 0
1469999, 1097, 0, 0
1470999, 972, 0, 0
1472000, 1108, 0, 0
1473000, 1004, 0, 0
1473999, 908, 0, 0
1475000, 992, 0, 0
1476000, 1064, 0, 0
1476999, 1049, 0, 0
1478000, 880, 0, 0
1479000, 976, 0, 0
1479999, 988, 0, 0
1481000, 1109, 0, 0
1482000, 1132, 0, 0
1482999, 944, 0, 0
1483999, 828, 0, 0
1485000, 1016, 0, 0
1485999, 1053, 0, 0
1486999, 1041, 0, 0
1488000, 1024, 0, 0
1488999, 940, 0, 0
1489999, 1057, 0, 0
1491000, 936, 0, 0
1491999, 1021, 0, 0
1492999, 1093, 0, 0
1494000, 896, 0, 0
1495000, 1036, 0, 0
1495999, 916, 0, 0
1497000, 880, 0, 0
1498000, 1092, 0, 0
1498999, 1001, 0, 0
1499999, 1153, 0, 0
1501000, 920, 0, 0
1501999, 1017, 0, 0
1503000, 1065, 0, 0
1504000, 980, 0, 0
1504999, 956, 0, 0
1505999, 1081, 0, 0
1507000, 924, 0, 0
1507999, 1133, 0, 0
1509000, 1044, 0, 0
1510000, 1096, 0, 0
1510999, 908, 0, 0
1512000, 920, 0, 0
1513000, 1024, 0, 0
1513999, 1137, 0, 0
1515000, 1004, 0, 0
1516000, 1044, 0, 0
1516999, 1029, 0, 0
1518000, 1072, 0, 0
1518999, 976, 0, 0
1519999, 908, 0, 0
1521000, 1012, 0, 0
1521999, 980, 0, 0
1522999, 1093, 0, 0
1524000, 912, 0, 0
1524999, 864, 0, 0
1525999, 1021, 0, 0
1526999, 1053, 0, 0
1528000, 984, 0, 0
1528999, 1049, 0, 0
1529999, 1009, 0, 0
1531000, 1084, 0, 0
1532000, 980, 0, 0
1532999, 1009, 0, 0
1533999, 1057, 0, 0
1535000, 752, 0, 0
1535999, 1117, 0, 0
1536999, 1001, 0, 0
1537999, 1017, 0, 0
1539000, 1000, 0, 0
1539999, 1081, 0, 0
1540999, 964, 0, 0
1542000, 1036, 0, 0
1542999, 1021, 0, 0
1543999, 952, 0, 0
1545000, 1060, 0, 0
1545999, 1033, 0, 0
1546999, 888, 0, 0
1548000, 1116, 0, 0
1548999, 904, 0, 0
1549999, 1033, 0, 0
1551000, 1124, 0, 0
1551999, 1005, 0, 0
1552999, 1053, 0, 0
1554000, 1012, 0, 0
1555000, 1084, 0, 0
1555999, 988, 0, 0
1557000, 996, 0, 0
1558000, 1016, 0, 0
1558999, 1037, 0, 0
1559999, 968, 0, 0
1561000, 852, 0, 0
1562000, 900, 0, 0
1562999, 980, 0, 0
1564000, 988, 0, 0
1565000, 1080, 0, 0
1565999, 976, 0, 0
1566999, 1017, 0, 0
1568000, 1016, 0, 0
1568999, 960, 0, 0
1569999, 1041, 0, 0
1571000, 864, 0, 0
1572000, 1264, 0, 0
1572999, 1021, 0, 0
1574000, 888, 0, 0
1575000, 1068, 0, 0
1575999, 1073, 0, 0
1576999, 1029, 0, 0
1578000, 1072, 0, 0
1578999, 1081, 0, 0
1579999, 932, 0, 0
1581000, 984, 0, 0
1581999, 956, 0, 0
1582999, 1053, 0, 0
1584000, 864, 0, 0
1584999, 1069, 0, 0
1585999, 1141, 0, 0
1587000, 944, 0, 0
1587999, 1145, 0, 0
1588999, 1113, 0, 0
1590000, 1016, 0, 0
1590999, 1069, 0, 0
1591999, 912, 0, 0
1593000, 1056, 0, 0
1594000, 956, 0, 0
1594999, 940, 0, 0
1596000, 1072, 0, 0
1597000, 944, 0, 0
1597999, 1097, 0, 0
1598999, 1013, 0, 0
1600000, 852, 0, 0
1600999, 1113, 0, 0
1601999, 968, 0, 0
1603000, 1024, 0, 0
1604000, 932, 0, 0
1604999, 1189, 0, 0
1606000, 920, 0, 0
1606999, 904, 0, 0
1607999, 1073, 0, 0
1609000, 964, 0, 0
1610000, 1124, 0, 0
1610999, 1069, 0, 0
1611999, 936, 0, 0
1613000, 1116, 0, 0
1613999, 1005, 0, 0
1614999, 876, 0, 0
1616000, 964, 0, 0
1616999, 936, 0, 0
1617999, 1057, 0, 0
1619000, 1044, 0, 0
1620000, 940, 0, 0
1620999, 952, 0, 0
1621999, 1093, 0, 0
1623000, 980, 0, 0
1623999, 860, 0, 0
1624999, 1173, 0, 0
1626000, 992, 0, 0
1627000, 1192, 0, 0
1627999, 1053, 0, 0
1629000, 1016, 0, 0
1630000, 976, 0, 0
1630999, 1065, 0, 0
1631999, 1097, 0, 0
1633000, 1136, 0, 0
1634000, 912, 0, 0
1634999, 1185, 0, 0
1636000, 1100, 0, 0
1636999, 1269, 0, 0
1637999, 1013, 0, 0
1639000, 948, 0, 0
1640000, 1148, 0, 0
1640999, 1065, 0, 0
1641999, 996, 0, 0
1643000, 1012, 0, 0
1643999, 1057, 0, 0
1644999, 984, 0, 0
1646000, 980, 0, 0
1646999, 880, 0, 0
1647999, 1125, 0, 0
1649000, 1100, 0, 0
1650000, 1208, 0, 0
1650999, 1005, 0, 0
1652000, 1068, 0, 0
1652999, 964, 0, 0
1653999, 1065, 0, 0
1655000, 1040, 0, 0
1656000, 1028, 0, 0
1656999, 1209, 0, 0
1657999, 1021, 0, 0
1659000, 956, 0, 0
1659999, 912, 0, 0
1660999, 1173, 0, 0
1662000, 1124, 0, 0
1663000, 1112, 0, 0
1663999, 940, 0, 0
1665000, 972, 0, 0
1666000, 932, 0, 0
1666999, 1029, 0, 0
1667999, 1013, 0, 0
1669000, 1036, 0, 0
1669999, 1205, 0, 0
1670999, 1085, 0, 0
1672000, 1016, 0, 0
1673000, 1164, 0, 0
1673999, 996, 0, 0
1675000, 996, 0, 0
1676000, 1092, 0, 0
1676999, 1065, 0, 0
1677999, 1081, 0, 0
1679000, 1024, 0, 0
1680000, 972, 0, 0
1680999, 1049, 0, 0
1682000, 956, 0, 0
1683000, 1176, 0, 0
1683999, 1009, 0, 0
1684999, 1005, 0, 0
1686000, 1044, 0, 0
1686999, 1081, 0, 0
1687999, 1161, 0, 0
1689000, 1052, 0, 0
1690000, 1312, 0, 0
1690999, 1097, 0, 0
1692000, 1080, 0, 0
1693000, 1036, 0, 0
1693999, 1037, 0, 0
1694999, 1061, 0, 0
1696000, 980, 0, 0
1697000, 1144, 0, 0
1697999, 1193, 0, 0
1699000, 960, 0, 0
1699999, 1069, 0, 0
1700999, 976, 0, 0
1702000, 1141, 0, 0
1703000, 1140, 0, 0
1703999, 1105, 0, 0
1705000, 948, 0, 0
1706000, 1156, 0, 0
1706999, 1181, 0, 0
1708000, 1076, 0, 0
1709000, 1048, 0, 0
1709999, 1065, 0, 0
1711000, 840, 0, 0
1712000, 1136, 0, 0
1712999, 1089, 0, 0
1714000, 976, 0, 0
1715000, 1080, 0, 0
1715999, 968, 0, 0
1717000, 1136, 0, 0
1718000, 1028, 0, 0
1718999, 1057, 0, 0
1720000, 992, 0, 0
1721000, 1152, 0, 0
1721999, 1037, 0, 0
1723000, 1092, 0, 0
1723999, 1157, 0, 0
1724999, 1065, 0, 0
1726000, 804, 0, 0
1726999, 1053, 0, 0
1727999, 1117, 0, 0
1729000, 1068, 0, 0
1729999, 1065, 0, 0
1730999, 904, 0, 0
1732000, 1280, 0, 0
1733000, 1096, 0, 0
1733999, 956, 0, 0
1735000, 1288, 0, 0
1736000, 1156, 0, 0
1736999, 1021, 0, 0
1737999, 1201, 0, 0
1739000, 1232, 0, 0
1739999, 1013, 0, 0
1740999, 1089, 0, 0
1742000, 1004, 0, 0
1742999, 1033, 0, 0
1743999, 1141, 0, 0
1745000, 1076, 0, 0
1746000, 1020, 0, 0
1746999, 1125, 0, 0
1748000, 1052, 0, 0
1749000, 928, 0, 0
1749999, 1089, 0, 0
1751000, 1112, 0, 0
1752000, 1108, 0, 0
1752999, 1257, 0, 0
1753999, 984, 0, 0
1755000, 1304, 0, 0
1755999, 1093, 0, 0
1756999, 952, 0, 0
1758000, 1220, 0, 0
1758999, 1137, 0, 0
1759999, 1093, 0, 0
1761000, 1120, 0, 0
1761999, 1177, 0, 0
1762999, 1273, 0, 0
1764000, 1104, 0, 0
1765000, 1136, 0, 0
1765999, 1077, 0, 0
1766999, 1113, 0, 0
1768000, 1216, 0, 0
1769000, 1152, 0, 0
1769999, 1033, 0, 0
1771000, 976, 0, 0
1772000, 1152, 0, 0
1772999, 1169, 0, 0
1773999, 1325, 0, 0
1775000, 1108, 0, 0
1775999, 1073, 0, 0
1776999, 1213, 0, 0
1778000, 1092, 0, 0
1779000, 1024, 0, 0
1779999, 1049, 0, 0
1780999, 1069, 0, 0
1782000, 1216, 0, 0
1782999, 1081, 0, 0
1783999, 1105, 0, 0
1785000, 1044, 0, 0
1785999, 1089, 0, 0
1786999, 1237, 0, 0
1788000, 1128, 0, 0
1789000, 1128, 0, 0
1789999, 1041, 0, 0
1791000, 1032, 0, 0
1791999, 1041, 0, 0
1792999, 992, 0, 0
1794000, 1100, 0, 0
1794999, 1209, 0, 0
1795999, 1097, 0, 0
1797000, 888, 0, 0
1797999, 1001, 0, 0
1798999, 1169, 0, 0
1800000, 1192, 0, 0
