1004, 483737652, 0, 0
2003, 493049419, 0, 0
3023, 495456537, 0, 0
4059, 514839163, 0, 0
5009, 498674280, 0, 0
6013, 525026742, 0, 0
7035, 506634857, 0, 0
8018, 481118706, 0, 0
9044, 504491719, 0, 0
10051, 485610062, 0, 0
11044, 520410695, 0, 0
12015, 510653896, 0, 0
13008, 535299515, 0, 0
14008, 497778759, 0, 0
15032, 486385188, 0, 0
16032, 529054505, 0, 0
17030, 503250151, 0, 0
18036, 485363815, 0, 0
19032, 471450003, 0, 0
20012, 526682251, 0, 0
21049, 472158242, 0, 0
22005, 500984645, 0, 0
23047, 488337881, 0, 0
24012, 500223707, 0, 0
25004, 479399809, 0, 0
26026, 495770742, 0, 0
27072, 496608359, 0, 0
28044, 561225901, 0, 0
29071, 479976173, 0, 0
30026, 506360437, 0, 0
31009, 506364851, 0, 0
32053, 497444325, 0, 0
33050, 487900622, 0, 0
34052, 474996271, 0, 0
35024, 491644988, 0, 0
36026, 481477225, 0, 0
37052, 499098732, 0, 0
38038, 480879157, 0, 0
39033, 462775294, 0, 0
40048, 460670770, 0, 0
41040, 484902802, 0, 0
42055, 483481871, 0, 0
43036, 481284376, 0, 0
44035, 489476865, 0, 0
45024, 443410259, 0, 0
46006, 464133668, 0, 0
47014, 477756726, 0, 0
48023, 492784125, 0, 0
49026, 491954810, 0, 0
50023, 468130575, 0, 0
51037, 474914134, 0, 0
52057, 488500504, 0, 0
53043, 477890982, 0, 0
54002, 477864134, 0, 0
55061, 471714941, 0, 0
56015, 475965315, 0, 0
57010, 484885628, 0, 0
58010, 475032985, 0, 0
59034, 482314299, 0, 0
60009, 508713210, 0, 0
61050, 464634425, 0, 0
62059, 476622925, 0, 0
63051, 481177325, 0, 0
64013, 473661244, 0, 0
65037, 480226841, 0, 0
66061, 489984303, 0, 0
67036, 495314046, 0, 0
68012, 490727328, 0, 0
69005, 520673086, 0, 0
70004, 456807565, 0, 0
71045, 484974343, 0, 0
72007, 470843305, 0, 0
73031, 487288836, 0, 0
74044, 476589599, 0, 0
75053, 488696502, 0, 0
76012, 480165178, 0, 0
77044, 489602653, 0, 0
78026, 468706813, 0, 0
79059, 500926769, 0, 0
80057, 472097111, 0, 0
81050, 445609464, 0, 0
82059, 481691146, 0, 0
83031, 470868488, 0, 0
84030, 464473226, 0, 0
85018, 488844993, 0, 0
86063, 478796396, 0, 0
87001, 470585008, 0, 0
88014, 460830774, 0, 0
89057, 436964304, 0, 0
90007, 472000570, 0, 0
91009, 451313098, 0, 0
92051, 460053517, 0, 0
93044, 446803379, 0, 0
94049, 467195984, 0, 0
95008, 458436784, 0, 0
96008, 467147671, 0, 0
97017, 471415404, 0, 0
98056, 491422832, 0, 0
99054, 456517104, 0, 0
100003, 469017503, 0, 0
101015, 465969543, 0, 0
102064, 460205157, 0, 0
103005, 472948195, 0, 0
104058, 466111809, 0, 0
105020, 485658460, 0, 0
106006, 465855204, 0, 0
107035, 476697480, 0, 0
108028, 473064543, 0, 0
109039, 452392998, 0, 0
110018, 489460743, 0, 0
111019, 459780605, 0, 0
112023, 450375027, 0, 0
113002, 456992717, 0, 0
114015, 452777991, 0, 0
115017, 476597412, 0, 0
116037, 472067645, 0, 0
117012, 481287142, 0, 0
118006, 489249878, 0, 0
119001, 472122888, 0, 0
120025, 477252827, 0, 0
121025, 475003568, 0, 0
122017, 469475348, 0, 0
123010, 435125737, 0, 0
124025, 478681049, 0, 0
125018, 487831098, 0, 0
126012, 457876977, 0, 0
127013, 461719298, 0, 0
128031, 470987582, 0, 0
129000, 463267819, 0, 0
130010, 465642080, 0, 0
131008, 471878548, 0, 0
132035, 463420520, 0, 0
133028, 452933029, 0, 0
134032, 461594777, 0, 0
135005, 452201519, 0, 0
136007, 469166684, 0, 0
137027, 463079197, 0, 0
138062, 469766691, 0, 0
139039, 483558428, 0, 0
140034, 450666691, 0, 0
141034, 454762906, 0, 0
142048, 441377173, 0, 0
143050, 458046380, 0, 0
144005, 443899066, 0, 0
145000, 440831324, 0, 0
146038, 458364431, 0, 0
147040, 472279371, 0, 0
148041, 437546007, 0, 0
149058, 451030691, 0, 0
150050, 463818910, 0, 0
151049, 438191639, 0, 0
152046, 450543161, 0, 0
153059, 456779983, 0, 0
154020, 460935053, 0, 0
155041, 451512613, 0, 0
156023, 449065290, 0, 0
157000, 474761781, 0, 0
158001, 464041233, 0, 0
159037, 468446816, 0, 0
160002, 439132478, 0, 0
161032, 448601672, 0, 0
162029, 438976111, 0, 0
163009, 464806999, 0, 0
164011, 431953368, 0, 0
165057, 438363044, 0, 0
166019, 435692493, 0, 0
167018, 416816850, 0, 0
168053, 481831761, 0, 0
169061, 443829479, 0, 0
170015, 457089126, 0, 0
171006, 408842094, 0, 0
172028, 443063736, 0, 0
173044, 438675975, 0, 0
174040, 436653216, 0, 0
175040, 466515742, 0, 0
176058, 443889850, 0, 0
177064, 433590136, 0, 0
178015, 466387763, 0, 0
179034, 473615990, 0, 0
180040, 447786819, 0, 0
181050, 456809051, 0, 0
182024, 441680002, 0, 0
183007, 401905516, 0, 0
184013, 440381646, 0, 0
185032, 441847261, 0, 0
186021, 444115590, 0, 0
187034, 460065552, 0, 0
188056, 431577376, 0, 0
189009, 443395359, 0, 0
190012, 402840546, 0, 0
191023, 447051761, 0, 0
192038, 436677608, 0, 0
193040, 460840784, 0, 0
194062, 434829348, 0, 0
195043, 446972907, 0, 0
196013, 427743945, 0, 0
197017, 464106297, 0, 0
198034, 414701516, 0, 0
199023, 433285561, 0, 0
200007, 434999802, 0, 0
201027, 439038125, 0, 0
202024, 457479862, 0, 0
203028, 459472713, 0, 0
204032, 448306823, 0, 0
205013, 430776256, 0, 0
206059, 448306085, 0, 0
207047, 458120343, 0, 0
208043, 433138151, 0, 0
209001, 434612454, 0, 0
210057, 420290078, 0, 0
211012, 449007762, 0, 0
212053, 423650014, 0, 0
213017, 431123023, 0, 0
214023, 401837036, 0, 0
215045, 416439885, 0, 0
216046, 377050415, 0, 0
217060, 420423941, 0, 0
218057, 414799180, 0, 0
219026, 442078632, 0, 0
220022, 445013220, 0, 0
221016, 410199567, 0, 0
222036, 435074564, 0, 0
223031, 426874896, 0, 0
224046, 429312232, 0, 0
225039, 432636221, 0, 0
226007, 453223945, 0, 0
227001, 448606492, 0, 0
228057, 445910506, 0, 0
229051, 414960051, 0, 0
230027, 448019657, 0, 0
231053, 452344600, 0, 0
232016, 431595505, 0, 0
233018, 441070972, 0, 0
234035, 420036990, 0, 0
235048, 422425040, 0, 0
236050, 448684777, 0, 0
237061, 422490742, 0, 0
238015, 402439197, 0, 0
239014, 392696276, 0, 0
240051, 439102510, 0, 0
241051, 426898566, 0, 0
242038, 392806794, 0, 0
243010, 434616368, 0, 0
244033, 394163702, 0, 0
245053, 429298373, 0, 0
246055, 404880252, 0, 0
247045, 421438307, 0, 0
248005, 404121035, 0, 0
249058, 430501692, 0, 0
250001, 414968953, 0, 0
251014, 451487260, 0, 0
252027, 426649544, 0, 0
253012, 432468430, 0, 0
254009, 414755190, 0, 0
255008, 417710859, 0, 0
256032, 417554194, 0, 0
257019, 441012633, 0, 0
258064, 428274004, 0, 0
259043, 416892392, 0, 0
260066, 401141006, 0, 0
261073, 419431216, 0, 0
262037, 470759795, 0, 0
263025, 407252052, 0, 0
264034, 393568399, 0, 0
265001, 401717566, 0, 0
266027, 381288142, 0, 0
267049, 415027069, 0, 0
268021, 423340667, 0, 0
269000, 420003534, 0, 0
270008, 439404251, 0, 0
271051, 436779811, 0, 0
272051, 419082033, 0, 0
273053, 411181692, 0, 0
274000, 416492975, 0, 0
275037, 402434072, 0, 0
276060, 419018644, 0, 0
277032, 417637059, 0, 0
278072, 404963342, 0, 0
279021, 379203915, 0, 0
280061, 414347762, 0, 0
281039, 429517729, 0, 0
282004, 414789460, 0, 0
283056, 408482017, 0, 0
284051, 398052444, 0, 0
285003, 401525992, 0, 0
286011, 438008635, 0, 0
287066, 409669413, 0, 0
288052, 434622582, 0, 0
289061, 396838750, 0, 0
290018, 381161825, 0, 0
291036, 366993271, 0, 0
292030, 450395767, 0, 0
293020, 421796476, 0, 0
294054, 402216652, 0, 0
295034, 412393410, 0, 0
296030, 409556397, 0, 0
297042, 387434713, 0, 0
298028, 379372597, 0, 0
299062, 403975545, 0, 0
300025, 399143704, 0, 0
301034, 403746476, 0, 0
302000, 405875086, 0, 0
303045, 400609663, 0, 0
304006, 423663039, 0, 0
305007, 376473006, 0, 0
306020, 378075848, 0, 0
307008, 399849364, 0, 0
308013, 395502939, 0, 0
309030, 388607731, 0, 0
310005, 356694822, 0, 0
311041, 396517428, 0, 0
312006, 414047304, 0, 0
313039, 396220243, 0, 0
314049, 417016604, 0, 0
315053, 388837379, 0, 0
316057, 396819964, 0, 0
317040, 395880618, 0, 0
318029, 374733866, 0, 0
319016, 404059437, 0, 0
320013, 417466179, 0, 0
321058, 393557243, 0, 0
322025, 430433281, 0, 0
323038, 407968769, 0, 0
324052, 405759140, 0, 0
325050, 383008826, 0, 0
326032, 412874094, 0, 0
327055, 414236156, 0, 0
328001, 420564458, 0, 0
329007, 372553055, 0, 0
330055, 389248684, 0, 0
331015, 392842983, 0, 0
332048, 418627241, 0, 0
333047, 382700390, 0, 0
334037, 390292261, 0, 0
335053, 406931429, 0, 0
336006, 377527071, 0, 0
337029, 380991388, 0, 0
338035, 383417963, 0, 0
339041, 423198836, 0, 0
340040, 393852923, 0, 0
341062, 383536985, 0, 0
342015, 405595816, 0, 0
343036, 409179218, 0, 0
344051, 372584355, 0, 0
345019, 385614510, 0, 0
346055, 380239947, 0, 0
347010, 398385299, 0, 0
348063, 390669636, 0, 0
349007, 393047338, 0, 0
350003, 372400661, 0, 0
351013, 355318212, 0, 0
352026, 383443350, 0, 0
353050, 411998467, 0, 0
354058, 390521028, 0, 0
355050, 403898948, 0, 0
356007, 381470120, 0, 0
357023, 373312393, 0, 0
358011, 400819728, 0, 0
359070, 397558371, 0, 0
360051, 379383834, 0, 0
361002, 358219609, 0, 0
362062, 405673298, 0, 0
363060, 412173909, 0, 0
364056, 394213615, 0, 0
365030, 387080035, 0, 0
366037, 395975749, 0, 0
367008, 369915819, 0, 0
368055, 402713150, 0, 0
369037, 397449999, 0, 0
370059, 403142606, 0, 0
371013, 399399566, 0, 0
372025, 413637881, 0, 0
373062, 378713574, 0, 0
374009, 403768517, 0, 0
375029, 368780730, 0, 0
376041, 392305951, 0, 0
377031, 406972268, 0, 0
378021, 385931243, 0, 0
379023, 362571957, 0, 0
380033, 363397696, 0, 0
381024, 355692515, 0, 0
382041, 388163670, 0, 0
383056, 369583350, 0, 0
384047, 374071181, 0, 0
385026, 343550917, 0, 0
386022, 376191659, 0, 0
387016, 365686506, 0, 0
388055, 405439534, 0, 0
389037, 373199152, 0, 0
390007, 400212596, 0, 0
391041, 354501824, 0, 0
392048, 357068461, 0, 0
393028, 387431210, 0, 0
394023, 345666709, 0, 0
395034, 352721655, 0, 0
396048, 355621405, 0, 0
397050, 345942163, 0, 0
398038, 391997611, 0, 0
399002, 391235698, 0, 0
400004, 338725464, 0, 0
401023, 370806244, 0, 0
402029, 358656516, 0, 0
403032, 366081176, 0, 0
404050, 343040365, 0, 0
405004, 380395575, 0, 0
406052, 386426736, 0, 0
407041, 351440718, 0, 0
408019, 341854466, 0, 0
409034, 347274208, 0, 0
410026, 369649497, 0, 0
411026, 368710756, 0, 0
412048, 365257279, 0, 0
413009, 381136320, 0, 0
414058, 354077763, 0, 0
415014, 360738789, 0, 0
416015, 353093374, 0, 0
417010, 373141777, 0, 0
418006, 366771745, 0, 0
419031, 352190648, 0, 0
420017, 346155657, 0, 0
421040, 358247073, 0, 0
422023, 349353204, 0, 0
423027, 360501481, 0, 0
424000, 365465522, 0, 0
425034, 345208124, 0, 0
426003, 343057028, 0, 0
427062, 343871098, 0, 0
428003, 370767967, 0, 0
429048, 348826001, 0, 0
430020, 373093966, 0, 0
431034, 353889625, 0, 0
432011, 382034870, 0, 0
433025, 396731076, 0, 0
434037, 359808053, 0, 0
435054, 324885591, 0, 0
436016, 345909520, 0, 0
437011, 367283056, 0, 0
438052, 363699645, 0, 0
439000, 345903844, 0, 0
440013, 361038331, 0, 0
441006, 360440959, 0, 0
442015, 355203944, 0, 0
443009, 346474308, 0, 0
444034, 366122074, 0, 0
445022, 340844472, 0, 0
446001, 336139837, 0, 0
447015, 341833514, 0, 0
448021, 333719640, 0, 0
449073, 313446043, 0, 0
450001, 347440473, 0, 0
451062, 343268010, 0, 0
452025, 352466509, 0, 0
453030, 348032128, 0, 0
454003, 352014743, 0, 0
455038, 368662727, 0, 0
456030, 334668641, 0, 0
457018, 350419791, 0, 0
458052, 370573801, 0, 0
459006, 369150996, 0, 0
460022, 332460201, 0, 0
461024, 368766697, 0, 0
462016, 363798992, 0, 0
463009, 343072182, 0, 0
464017, 341091290, 0, 0
465023, 370641604, 0, 0
466003, 351837525, 0, 0
467032, 331249049, 0, 0
468038, 345475198, 0, 0
469035, 359234233, 0, 0
470069, 365525758, 0, 0
471038, 384605017, 0, 0
472056, 358512852, 0, 0
473011, 371846125, 0, 0
474048, 318360285, 0, 0
475067, 331231408, 0, 0
476025, 329711004, 0, 0
477051, 330099777, 0, 0
478052, 350653457, 0, 0
479030, 363028335, 0, 0
480053, 338907355, 0, 0
481000, 340309242, 0, 0
482018, 330881784, 0, 0
483037, 360997603, 0, 0
484063, 362876735, 0, 0
485021, 344317371, 0, 0
486028, 323075487, 0, 0
487040, 342263706, 0, 0
488008, 371698432, 0, 0
489045, 342661671, 0, 0
490001, 346662992, 0, 0
491005, 327939089, 0, 0
492012, 359461132, 0, 0
493060, 334201338, 0, 0
494017, 360151100, 0, 0
495034, 349838342, 0, 0
496000, 350218970, 0, 0
497029, 345932876, 0, 0
498044, 343309123, 0, 0
499041, 332841683, 0, 0
500054, 326825598, 0, 0
501006, 342623442, 0, 0
502063, 336058771, 0, 0
503084, 339141941, 0, 0
504001, 326224593, 0, 0
505006, 331415844, 0, 0
506026, 326126549, 0, 0
507000, 349747627, 0, 0
508019, 322401840, 0, 0
509042, 354799839, 0, 0
510007, 317367884, 0, 0
511043, 327146082, 0, 0
512013, 325529636, 0, 0
513060, 330388934, 0, 0
514012, 335656800, 0, 0
515030, 320540993, 0, 0
516029, 289532815, 0, 0
517008, 336424262, 0, 0
518015, 316941929, 0, 0
519038, 344079670, 0, 0
520051, 326935474, 0, 0
521032, 324472094, 0, 0
522031, 331110058, 0, 0
523032, 351965329, 0, 0
524062, 356159068, 0, 0
525086, 335336878, 0, 0
526033, 372757462, 0, 0
527057, 308623819, 0, 0
528013, 339608729, 0, 0
529030, 334477212, 0, 0
530030, 313428735, 0, 0
531074, 330827004, 0, 0
532043, 365511486, 0, 0
533028, 308131349, 0, 0
534033, 311948737, 0, 0
535042, 318854269, 0, 0
536018, 330494699, 0, 0
537031, 343901652, 0, 0
538014, 319204657, 0, 0
539000, 333022381, 0, 0
540012, 334284371, 0, 0
541046, 320490205, 0, 0
542037, 332859456, 0, 0
543029, 324764905, 0, 0
544044, 297671831, 0, 0
545041, 313670026, 0, 0
546053, 313527971, 0, 0
547050, 303263761, 0, 0
548056, 325048512, 0, 0
549050, 365776828, 0, 0
550053, 343005610, 0, 0
551013, 316070820, 0, 0
552025, 296209428, 0, 0
553043, 311544857, 0, 0
554067, 308197488, 0, 0
555021, 291347974, 0, 0
556029, 299221556, 0, 0
557038, 306684833, 0, 0
558043, 301860323, 0, 0
559052, 298868336, 0, 0
560031, 310934635, 0, 0
561020, 314838005, 0, 0
562004, 298999750, 0, 0
563018, 312759524, 0, 0
564001, 320530689, 0, 0
565016, 316815464, 0, 0
566054, 315424150, 0, 0
567039, 379022284, 0, 0
568050, 288482648, 0, 0
569029, 373874350, 0, 0
570027, 291263748, 0, 0
571013, 299602963, 0, 0
572038, 303102390, 0, 0
573012, 325402980, 0, 0
574039, 340132351, 0, 0
575002, 307426017, 0, 0
576051, 321593713, 0, 0
577041, 322873917, 0, 0
578019, 314481591, 0, 0
579050, 335073980, 0, 0
580000, 327328150, 0, 0
581041, 315273453, 0, 0
582062, 312582093, 0, 0
583022, 302906844, 0, 0
584032, 334601490, 0, 0
585067, 297990629, 0, 0
586009, 322407512, 0, 0
587024, 302476715, 0, 0
588042, 320117588, 0, 0
589011, 287358784, 0, 0
590003, 321829638, 0, 0
591018, 291146618, 0, 0
592059, 292070298, 0, 0
593058, 317789015, 0, 0
594036, 327685079, 0, 0
595011, 321775269, 0, 0
596038, 354751581, 0, 0
597055, 293263507, 0, 0
598000, 313208290, 0, 0
599065, 327209439, 0, 0
600012, 325013061, 0, 0
601021, 281967134, 0, 0
602023, 294998413, 0, 0
603029, 291776699, 0, 0
604039, 295426402, 0, 0
605054, 281407410, 0, 0
606011, 318136381, 0, 0
607054, 297796141, 0, 0
608045, 300471565, 0, 0
609036, 280319057, 0, 0
610003, 318394565, 0, 0
611014, 292018850, 0, 0
612023, 290479442, 0, 0
613003, 274503010, 0, 0
614003, 367709209, 0, 0
615030, 305308425, 0, 0
616054, 285894971, 0, 0
617048, 300224416, 0, 0
618053, 285211886, 0, 0
619045, 280725367, 0, 0
620008, 271923137, 0, 0
621053, 318153412, 0, 0
622000, 259044978, 0, 0
623013, 304730122, 0, 0
624003, 272284432, 0, 0
625011, 286894177, 0, 0
626018, 269419439, 0, 0
627004, 291064165, 0, 0
628019, 286850497, 0, 0
629052, 312355090, 0, 0
630060, 272735676, 0, 0
631026, 253229701, 0, 0
632042, 297642229, 0, 0
633048, 257832603, 0, 0
634056, 320624569, 0, 0
635052, 306684499, 0, 0
636012, 297122938, 0, 0
637011, 282761593, 0, 0
638024, 277415101, 0, 0
639022, 296865543, 0, 0
640049, 284570917, 0, 0
641015, 265164912, 0, 0
642005, 284283907, 0, 0
643046, 297747553, 0, 0
644052, 269423576, 0, 0
645006, 278726791, 0, 0
646009, 283699104, 0, 0
647051, 266171575, 0, 0
648013, 252176485, 0, 0
649054, 286537674, 0, 0
650013, 312260972, 0, 0
651044, 295560546, 0, 0
652054, 282265812, 0, 0
653057, 273454746, 0, 0
654053, 294673108, 0, 0
655004, 285806197, 0, 0
656068, 254052775, 0, 0
657008, 318020548, 0, 0
658025, 301682789, 0, 0
659046, 277510626, 0, 0
660002, 257087309, 0, 0
661055, 285447080, 0, 0
662028, 255335755, 0, 0
663065, 280428600, 0, 0
664039, 294967684, 0, 0
665004, 307786642, 0, 0
666042, 279972095, 0, 0
667016, 278400481, 0, 0
668006, 277832925, 0, 0
669030, 295424204, 0, 0
670000, 292185865, 0, 0
671007, 276341405, 0, 0
672001, 288551298, 0, 0
673014, 283814814, 0, 0
674024, 280987935, 0, 0
675041, 282415770, 0, 0
676045, 293685614, 0, 0
677028, 306278494, 0, 0
678028, 236310147, 0, 0
679012, 270841946, 0, 0
680051, 282878370, 0, 0
681052, 276946754, 0, 0
682060, 252792485, 0, 0
683043, 294610680, 0, 0
684035, 279253537, 0, 0
685052, 299509034, 0, 0
686054, 265560565, 0, 0
687038, 261670384, 0, 0
688045, 271543815, 0, 0
689003, 283248543, 0, 0
690032, 262861921, 0, 0
691040, 280427332, 0, 0
692022, 274802094, 0, 0
693008, 271566112, 0, 0
694039, 286115228, 0, 0
695046, 293918785, 0, 0
696001, 269769414, 0, 0
697021, 293482755, 0, 0
698058, 279499129, 0, 0
699013, 291859491, 0, 0
700051, 299371841, 0, 0
701007, 315604383, 0, 0
702028, 286763109, 0, 0
703047, 270629980, 0, 0
704000, 277038233, 0, 0
705051, 268156233, 0, 0
706001, 268040795, 0, 0
707029, 260046422, 0, 0
708025, 271813062, 0, 0
709001, 296456203, 0, 0
710041, 265736171, 0, 0
711067, 269426229, 0, 0
712062, 278175702, 0, 0
713056, 264229721, 0, 0
714015, 250862164, 0, 0
715008, 297637739, 0, 0
716013, 284205007, 0, 0
717015, 246910274, 0, 0
718008, 314203016, 0, 0
719033, 253193924, 0, 0
720024, 304636359, 0, 0
721054, 283451507, 0, 0
722031, 288920250, 0, 0
723037, 297161304, 0, 0
724025, 288481237, 0, 0
725027, 311428650, 0, 0
726036, 243442296, 0, 0
727031, 322312517, 0, 0
728046, 282476019, 0, 0
729007, 271931892, 0, 0
730011, 278673813, 0, 0
731046, 295900627, 0, 0
732061, 312113819, 0, 0
733086, 303045122, 0, 0
734042, 300431473, 0, 0
735031, 253649053, 0, 0
736000, 283636568, 0, 0
737014, 268657491, 0, 0
738005, 251952585, 0, 0
739025, 284839231, 0, 0
740052, 267488930, 0, 0
741058, 314236092, 0, 0
742038, 303883058, 0, 0
743063, 270620837, 0, 0
744064, 273866603, 0, 0
745032, 295513121, 0, 0
746036, 265128150, 0, 0
747058, 291526330, 0, 0
748046, 257474227, 0, 0
749014, 280883656, 0, 0
750014, 282842842, 0, 0
751070, 311316953, 0, 0
752018, 261686044, 0, 0
753003, 260930205, 0, 0
754008, 304093681, 0, 0
755028, 259996958, 0, 0
756045, 298662742, 0, 0
757047, 271702843, 0, 0
758031, 253316999, 0, 0
759053, 275184828, 0, 0
760005, 248526990, 0, 0
761022, 254117521, 0, 0
762006, 265860386, 0, 0
763044, 258161872, 0, 0
764015, 303629009, 0, 0
765050, 282170124, 0, 0
766046, 252754491, 0, 0
767050, 242494406, 0, 0
768038, 290003064, 0, 0
769043, 274115572, 0, 0
770037, 305469157, 0, 0
771041, 272527751, 0, 0
772044, 269292038, 0, 0
773049, 256564145, 0, 0
774007, 286738800, 0, 0
775028, 313050182, 0, 0
776045, 272181155, 0, 0
777055, 254347438, 0, 0
778026, 290112445, 0, 0
779036, 285366667, 0, 0
780033, 272105519, 0, 0
781001, 282383947, 0, 0
782078, 275787476, 0, 0
783005, 289165274, 0, 0
784057, 276601063, 0, 0
785015, 290993922, 0, 0
786012, 293546750, 0, 0
787010, 283881803, 0, 0
788008, 300360658, 0, 0
789032, 365541542, 0, 0
790008, 279901276, 0, 0
791037, 266995208, 0, 0
792003, 259930225, 0, 0
793028, 300502749, 0, 0
794065, 263533667, 0, 0
795017, 272434548, 0, 0
796052, 276883090, 0, 0
797005, 328317863, 0, 0
798025, 273037924, 0, 0
799025, 295252220, 0, 0
800006, 293370188, 0, 0
801020, 265747927, 0, 0
802050, 299483935, 0, 0
803022, 270479383, 0, 0
804005, 297040996, 0, 0
805018, 295127390, 0, 0
806041, 274305900, 0, 0
807037, 253683798, 0, 0
808055, 284110771, 0, 0
809003, 267817959, 0, 0
810027, 286785163, 0, 0
811061, 254963523, 0, 0
812007, 299075374, 0, 0
813010, 280398813, 0, 0
814058, 273431530, 0, 0
815049, 243626835, 0, 0
816009, 244216480, 0, 0
817038, 283139323, 0, 0
818045, 300731497, 0, 0
819057, 264244085, 0, 0
820056, 295627173, 0, 0
821055, 273446102, 0, 0
822054, 273474941, 0, 0
823011, 269692627, 0, 0
824024, 270006375, 0, 0
825057, 282768687, 0, 0
826047, 279358158, 0, 0
827043, 273353929, 0, 0
828056, 284189959, 0, 0
829060, 279028797, 0, 0
830031, 275589806, 0, 0
831049, 259053824, 0, 0
832088, 270960207, 0, 0
833006, 270693635, 0, 0
834071, 275314843, 0, 0
835054, 257518406, 0, 0
836004, 282541518, 0, 0
837011, 252380432, 0, 0
838044, 282682668, 0, 0
839046, 253683760, 0, 0
840056, 269260915, 0, 0
841067, 254170103, 0, 0
842015, 288239762, 0, 0
843051, 280479464, 0, 0
844039, 283487885, 0, 0
845037, 298527248, 0, 0
846048, 277719113, 0, 0
847024, 259357343, 0, 0
848022, 266417990, 0, 0
849045, 302675813, 0, 0
850058, 272881996, 0, 0
851022, 277958387, 0, 0
852028, 273171940, 0, 0
853018, 320657619, 0, 0
854017, 272293549, 0, 0
855053, 248645450, 0, 0
856067, 292752332, 0, 0
857037, 275077965, 0, 0
858011, 274099474, 0, 0
859048, 291677197, 0, 0
860008, 276650816, 0, 0
861014, 288699748, 0, 0
862010, 297525882, 0, 0
863051, 307870340, 0, 0
864042, 307909608, 0, 0
865046, 273416699, 0, 0
866062, 259186612, 0, 0
867051, 275599173, 0, 0
868017, 294007489, 0, 0
869063, 281820470, 0, 0
870026, 293512566, 0, 0
871033, 265504634, 0, 0
872057, 260461206, 0, 0
873037, 241370608, 0, 0
874027, 278386783, 0, 0
875037, 251187592, 0, 0
876016, 263239063, 0, 0
877021, 269190956, 0, 0
878015, 277928525, 0, 0
879026, 283749767, 0, 0
880034, 281010791, 0, 0
881056, 283651774, 0, 0
882003, 247176344, 0, 0
883059, 272002014, 0, 0
884031, 272333364, 0, 0
885049, 263429397, 0, 0
886021, 262939201, 0, 0
887011, 278824650, 0, 0
888054, 255664427, 0, 0
889047, 287592031, 0, 0
890007, 302333529, 0, 0
891062, 290773869, 0, 0
892045, 286922119, 0, 0
893018, 255084483, 0, 0
894041, 288974610, 0, 0
895016, 319285971, 0, 0
896067, 275878480, 0, 0
897016, 304426831, 0, 0
898032, 311201281, 0, 0
899050, 295923790, 0, 0
900069, 305718750, 0, 0
901006, 271157142, 0, 0
902047, 269914070, 0, 0
903060, 289679370, 0, 0
904031, 305329213, 0, 0
905058, 303128540, 0, 0
906055, 296685519, 0, 0
907040, 306276897, 0, 0
908046, 279335871, 0, 0
909023, 288108097, 0, 0
910003, 287080823, 0, 0
911009, 270211812, 0, 0
912027, 292337110, 0, 0
913009, 262652483, 0, 0
914023, 270387835, 0, 0
915032, 356959408, 0, 0
916009, 261070789, 0, 0
917032, 262212299, 0, 0
918005, 273015295, 0, 0
919002, 276039231, 0, 0
920004, 280995244, 0, 0
921056, 317319435, 0, 0
922008, 302156901, 0, 0
923043, 311812454, 0, 0
924037, 289114998, 0, 0
925038, 264362715, 0, 0
926052, 282408035, 0, 0
927004, 247895025, 0, 0
928039, 284762830, 0, 0
929053, 260783552, 0, 0
930005, 268015740, 0, 0
931054, 291326216, 0, 0
932044, 289358404, 0, 0
933016, 289723442, 0, 0
934032, 266821870, 0, 0
935058, 290742241, 0, 0
936014, 285631056, 0, 0
937009, 266359288, 0, 0
938016, 292015864, 0, 0
939061, 282544796, 0, 0
940002, 259533392, 0, 0
941048, 269085675, 0, 0
942019, 288910286, 0, 0
943053, 284386858, 0, 0
944019, 299868273, 0, 0
945015, 263158212, 0, 0
946049, 253417049, 0, 0
947001, 320509986, 0, 0
948054, 285585759, 0, 0
949021, 257039651, 0, 0
950031, 269374937, 0, 0
951019, 281011212, 0, 0
952027, 271182834, 0, 0
953019, 282070147, 0, 0
954024, 287769435, 0, 0
955017, 269160024, 0, 0
956028, 232477891, 0, 0
957000, 293987225, 0, 0
958027, 274453029, 0, 0
959039, 269890986, 0, 0
960055, 277932209, 0, 0
961038, 275306971, 0, 0
962064, 275659783, 0, 0
963074, 272290864, 0, 0
964034, 305611942, 0, 0
965050, 250167445, 0, 0
966007, 268012586, 0, 0
967009, 252454856, 0, 0
968023, 273349093, 0, 0
969040, 276600510, 0, 0
970043, 277851471, 0, 0
971058, 300733108, 0, 0
972043, 277818455, 0, 0
973043, 274723654, 0, 0
974014, 259285429, 0, 0
975015, 286465259, 0, 0
976005, 297213007, 0, 0
977048, 268281182, 0, 0
978012, 288766938, 0, 0
979027, 258771797, 0, 0
980068, 241189031, 0, 0
981037, 241547671, 0, 0
982036, 295956789, 0, 0
983014, 286969168, 0, 0
984020, 271965305, 0, 0
985009, 289935946, 0, 0
986024, 275381017, 0, 0
987045, 279579912, 0, 0
988022, 311000663, 0, 0
989049, 277158766, 0, 0
990017, 313660902, 0, 0
991052, 278029992, 0, 0
992005, 308522417, 0, 0
993045, 252876910, 0, 0
994064, 262860441, 0, 0
995010, 288715601, 0, 0
996049, 267255646, 0, 0
997019, 241307815, 0, 0
998034, 243242462, 0, 0
999022, 279636696, 0, 0
1000037, 297093918, 0, 0
1001012, 278329508, 0, 0
1002034, 297656601, 0, 0
1003084, 253029785, 0, 0
1004059, 261983063, 0, 0
1005006, 284594649, 0, 0
1006048, 249978008, 0, 0
1007028, 323638719, 0, 0
1008042, 287238719, 0, 0
1009007, 297753257, 0, 0
1010070, 278507421, 0, 0
1011043, 286937132, 0, 0
1012018, 290732423, 0, 0
1013035, 278726237, 0, 0
1014031, 272744939, 0, 0
1015050, 239058894, 0, 0
1016046, 287919518, 0, 0
1017021, 259633537, 0, 0
1018061, 289944642, 0, 0
1019036, 300239879, 0, 0
1020047, 302415431, 0, 0
1021027, 300906088, 0, 0
1022052, 293576121, 0, 0
1023005, 274091496, 0, 0
1024024, 260231054, 0, 0
1025024, 267238293, 0, 0
1026043, 270877188, 0, 0
1027043, 252108763, 0, 0
1028012, 280826961, 0, 0
1029049, 308665262, 0, 0
1030001, 255390831, 0, 0
1031010, 266223004, 0, 0
1032028, 294286173, 0, 0
1033021, 284433176, 0, 0
1034030, 273785908, 0, 0
1035039, 298005592, 0, 0
1036056, 293781857, 0, 0
1037041, 283147380, 0, 0
1038043, 280954753, 0, 0
1039013, 288073789, 0, 0
1040051, 307421910, 0, 0
1041050, 285839041, 0, 0
1042051, 248114238, 0, 0
1043008, 268199322, 0, 0
1044042, 277505874, 0, 0
1045051, 263674580, 0, 0
1046009, 277823091, 0, 0
1047019, 270531384, 0, 0
1048010, 274522825, 0, 0
1049012, 245283033, 0, 0
1050052, 271197352, 0, 0
1051029, 267180332, 0, 0
1052043, 304993186, 0, 0
1053032, 277661463, 0, 0
1054044, 273510830, 0, 0
1055022, 265338337, 0, 0
1056029, 270984625, 0, 0
1057030, 275044008, 0, 0
1058039, 297244900, 0, 0
1059057, 304939766, 0, 0
1060056, 297256540, 0, 0
1061061, 297385734, 0, 0
1062005, 275586606, 0, 0
1063066, 271409257, 0, 0
1064016, 305951525, 0, 0
1065012, 270394181, 0, 0
1066017, 271165700, 0, 0
1067041, 289412860, 0, 0
1068009, 283886547, 0, 0
1069023, 258109409, 0, 0
1070034, 250793304, 0, 0
1071028, 255992054, 0, 0
1072022, 287590620, 0, 0
1073016, 255818398, 0, 0
1074030, 254661641, 0, 0
1075038, 283910962, 0, 0
1076007, 278148208, 0, 0
1077022, 271539901, 0, 0
1078048, 254212242, 0, 0
1079047, 299997661, 0, 0
1080000, 283063586, 0, 0
1081024, 272036041, 0, 0
1082029, 287931518, 0, 0
1083016, 281436976, 0, 0
1084032, 282375746, 0, 0
1085026, 310904004, 0, 0
1086032, 266981265, 0, 0
1087040, 281060037, 0, 0
1088054, 262263260, 0, 0
1089065, 266631100, 0, 0
1090010, 278914733, 0, 0
1091049, 269329224, 0, 0
1092006, 269889358, 0, 0
1093055, 265267785, 0, 0
1094027, 283784301, 0, 0
1095038, 283757241, 0, 0
1096045, 318659114, 0, 0
1097013, 275128328, 0, 0
1098002, 253945751, 0, 0
1099014, 267549509, 0, 0
1100042, 253874987, 0, 0
1101100, 289071915, 0, 0
1102027, 330234930, 0, 0
1103037, 286807122, 0, 0
1104033, 279169790, 0, 0
1105015, 266897878, 0, 0
1106032, 270159031, 0, 0
1107000, 284401755, 0, 0
1108047, 261534435, 0, 0
1109036, 307915245, 0, 0
1110009, 260856270, 0, 0
1111036, 289102038, 0, 0
1112022, 310616743, 0, 0
1113025, 288414868, 0, 0
1114042, 283329023, 0, 0
1115015, 260146837, 0, 0
1116033, 319035618, 0, 0
1117034, 282029275, 0, 0
1118038, 256411568, 0, 0
1119037, 249116991, 0, 0
1120048, 278146894, 0, 0
1121006, 253402368, 0, 0
1122020, 280148276, 0, 0
1123023, 291262047, 0, 0
1124033, 262706086, 0, 0
1125024, 260059139, 0, 0
1126056, 288642817, 0, 0
1127026, 278586404, 0, 0
1128049, 274438035, 0, 0
1129048, 259735941, 0, 0
1130035, 267021266, 0, 0
1131005, 259033241, 0, 0
1132011, 299782704, 0, 0
1133034, 264112621, 0, 0
1134050, 268306403, 0, 0
1135040, 301025871, 0, 0
1136050, 278417567, 0, 0
1137038, 278990769, 0, 0
1138033, 311629816, 0, 0
1139049, 260399672, 0, 0
1140051, 301138960, 0, 0
1141051, 292478618, 0, 0
1142006, 270947787, 0, 0
1143008, 272782290, 0, 0
1144053, 262326608, 0, 0
1145021, 258036876, 0, 0
1146044, 263624540, 0, 0
1147025, 259666194, 0, 0
1148053, 261533922, 0, 0
1149025, 231971186, 0, 0
1150057, 270430527, 0, 0
1151018, 297370529, 0, 0
1152049, 311024696, 0, 0
1153037, 304348875, 0, 0
1154039, 283696570, 0, 0
1155036, 278777887, 0, 0
1156020, 276551980, 0, 0
1157041, 304691962, 0, 0
1158050, 306507880, 0, 0
1159049, 280937356, 0, 0
1160026, 280394595, 0, 0
1161016, 259995622, 0, 0
1162061, 271425734, 0, 0
1163052, 257474911, 0, 0
1164049, 253529003, 0, 0
1165004, 294505976, 0, 0
1166053, 266865608, 0, 0
1167039, 275457438, 0, 0
1168034, 286305902, 0, 0
1169027, 281978418, 0, 0
1170000, 268941198, 0, 0
1171027, 307667072, 0, 0
1172039, 270997351, 0, 0
1173035, 282720518, 0, 0
1174011, 259985861, 0, 0
1175003, 289396584, 0, 0
1176008, 251729326, 0, 0
1177059, 262994136, 0, 0
1178012, 284854425, 0, 0
1179023, 273482656, 0, 0
1180029, 296170775, 0, 0
1181025, 276035222, 0, 0
1182046, 270951434, 0, 0
1183016, 300999238, 0, 0
1184054, 357144857, 0, 0
1185017, 265275866, 0, 0
1186053, 297123180, 0, 0
1187029, 277206640, 0, 0
1188033, 248855890, 0, 0
1189040, 278302453, 0, 0
1190055, 295518933, 0, 0
1191036, 277484887, 0, 0
1192030, 255803595, 0, 0
1193049, 258649914, 0, 0
1194042, 265432945, 0, 0
1195070, 307480706, 0, 0
1196016, 320289148, 0, 0
1197038, 301335508, 0, 0
1198017, 259551927, 0, 0
1199026, 273214030, 0, 0
1200008, 289934703, 0, 0
1201068, 276730888, 0, 0
1202057, 287869642, 0, 0
1203027, 277173612, 0, 0
1204037, 254239061, 0, 0
1205017, 306805559, 0, 0
1206026, 285692467, 0, 0
1207039, 289162342, 0, 0
1208014, 252381127, 0, 0
1209008, 279814037, 0, 0
1210016, 261124581, 0, 0
1211016, 277576289, 0, 0
1212006, 270496992, 0, 0
1213011, 264139088, 0, 0
1214017, 241885008, 0, 0
1215048, 256878803, 0, 0
1216057, 284504962, 0, 0
1217002, 284273713, 0, 0
1218011, 287194215, 0, 0
1219025, 297618588, 0, 0
1220002, 289620410, 0, 0
1221009, 251926794, 0, 0
1222042, 275155017, 0, 0
1223075, 294691976, 0, 0
1224012, 290075699, 0, 0
1225034, 258130256, 0, 0
1226016, 278114488, 0, 0
1227058, 255233535, 0, 0
1228009, 349268773, 0, 0
1229060, 262773636, 0, 0
1230033, 283643403, 0, 0
1231044, 287004041, 0, 0
1232037, 302452475, 0, 0
1233038, 303193715, 0, 0
1234046, 281891149, 0, 0
1235028, 284724567, 0, 0
1236054, 290090715, 0, 0
1237056, 314331944, 0, 0
1238051, 279681970, 0, 0
1239015, 267468010, 0, 0
1240027, 276523746, 0, 0
1241017, 272419755, 0, 0
1242031, 253047024, 0, 0
1243061, 289578045, 0, 0
1244045, 276757781, 0, 0
1245029, 280557416, 0, 0
1246037, 283920207, 0, 0
1247050, 270223716, 0, 0
1248041, 294377142, 0, 0
1249078, 283615745, 0, 0
1250057, 316164772, 0, 0
1251059, 262048669, 0, 0
1252012, 257900059, 0, 0
1253014, 299332601, 0, 0
1254013, 263802377, 0, 0
1255007, 292525184, 0, 0
1256065, 288479277, 0, 0
1257012, 268274171, 0, 0
1258015, 291917468, 0, 0
1259023, 281528751, 0, 0
1260002, 268949688, 0, 0
1261026, 288938936, 0, 0
1262030, 252501152, 0, 0
1263029, 254089999, 0, 0
1264016, 288022015, 0, 0
1265053, 261848467, 0, 0
1266035, 250743321, 0, 0
1267011, 261239852, 0, 0
1268059, 270697346, 0, 0
1269018, 281945108, 0, 0
1270015, 280283894, 0, 0
1271012, 259989163, 0, 0
1272019, 351632543, 0, 0
1273039, 262562746, 0, 0
1274007, 264068167, 0, 0
1275048, 281629730, 0, 0
1276039, 306061773, 0, 0
1277042, 274383761, 0, 0
1278053, 270726338, 0, 0
1279005, 276223230, 0, 0
1280030, 306456468, 0, 0
1281031, 290824231, 0, 0
1282008, 263601747, 0, 0
1283062, 280512174, 0, 0
1284036, 286779450, 0, 0
1285035, 292986664, 0, 0
1286051, 284101710, 0, 0
1287045, 281686175, 0, 0
1288065, 272200838, 0, 0
1289003, 272591746, 0, 0
1290021, 257837683, 0, 0
1291033, 279562833, 0, 0
1292027, 253391916, 0, 0
1293048, 287474344, 0, 0
1294044, 269002748, 0, 0
1295047, 250075283, 0, 0
1296053, 271470252, 0, 0
1297039, 268019326, 0, 0
1298056, 264609205, 0, 0
1299051, 292481710, 0, 0
1300062, 263061004, 0, 0
1301063, 271245394, 0, 0
1302037, 301576533, 0, 0
1303017, 312245457, 0, 0
1304000, 299006456, 0, 0
1305054, 288577471, 0, 0
1306031, 253868765, 0, 0
1307036, 293449923, 0, 0
1308050, 281001330, 0, 0
1309001, 280704682, 0, 0
1310024, 258711060, 0, 0
1311050, 289332221, 0, 0
1312037, 296058173, 0, 0
1313032, 235033684, 0, 0
1314038, 264637817, 0, 0
1315033, 289369715, 0, 0
1316061, 298229979, 0, 0
1317007, 283938184, 0, 0
1318023, 290436292, 0, 0
1319046, 301946168, 0, 0
1320048, 286698025, 0, 0
1321029, 269024412, 0, 0
1322009, 260618664, 0, 0
1323036, 258815502, 0, 0
1324021, 300675437, 0, 0
1325053, 283278096, 0, 0
1326041, 283498770, 0, 0
1327017, 272284787, 0, 0
1328037, 298129725, 0, 0
1329062, 290367548, 0, 0
1330021, 289035036, 0, 0
1331041, 292673573, 0, 0
1332053, 269020547, 0, 0
1333008, 317730949, 0, 0
1334058, 279059685, 0, 0
1335018, 280538842, 0, 0
1336009, 291420602, 0, 0
1337008, 260055264, 0, 0
1338002, 255857703, 0, 0
1339036, 317429331, 0, 0
1340038, 288972898, 0, 0
1341038, 289255507, 0, 0
1342002, 270788994, 0, 0
1343057, 263686134, 0, 0
1344021, 287329871, 0, 0
1345006, 271639568, 0, 0
1346056, 275110957, 0, 0
1347024, 266016868, 0, 0
1348042, 270352646, 0, 0
1349071, 291504394, 0, 0
1350030, 276267237, 0, 0
1351018, 296605935, 0, 0
1352026, 296924674, 0, 0
1353043, 286819354, 0, 0
1354026, 265305032, 0, 0
1355033, 279804271, 0, 0
1356032, 256334718, 0, 0
1357039, 259970859, 0, 0
1358052, 305322247, 0, 0
1359010, 321861357, 0, 0
1360000, 303216210, 0, 0
1361034, 276874810, 0, 0
1362047, 275362178, 0, 0
1363047, 284604729, 0, 0
1364030, 252574218, 0, 0
1365043, 269650010, 0, 0
1366010, 265651351, 0, 0
1367059, 281947023, 0, 0
1368008, 267638710, 0, 0
1369036, 272914091, 0, 0
1370064, 266877243, 0, 0
1371024, 277260669, 0, 0
1372021, 270187733, 0, 0
1373052, 268908694, 0, 0
1374018, 286018303, 0, 0
1375001, 263910938, 0, 0
1376000, 269465298, 0, 0
1377022, 270010395, 0, 0
1378057, 283325466, 0, 0
1379031, 271505741, 0, 0
1380038, 282768624, 0, 0
1381005, 295272015, 0, 0
1382006, 296298020, 0, 0
1383044, 273679670, 0, 0
1384006, 262551209, 0, 0
1385046, 324533614, 0, 0
1386050, 261247308, 0, 0
1387024, 274623561, 0, 0
1388016, 290910728, 0, 0
1389050, 279437605, 0, 0
1390048, 259168839, 0, 0
1391046, 282259627, 0, 0
1392001, 291212849, 0, 0
1393019, 289307946, 0, 0
1394053, 283005910, 0, 0
1395019, 260646994, 0, 0
1396037, 284036625, 0, 0
1397041, 261205535, 0, 0
1398040, 308244682, 0, 0
1399023, 294994677, 0, 0
1400049, 283350693, 0, 0
1401008, 267005174, 0, 0
1402013, 267822594, 0, 0
1403067, 334663606, 0, 0
1404045, 242663323, 0, 0
1405035, 250190138, 0, 0
1406058, 286985411, 0, 0
1407029, 274529178, 0, 0
1408033, 275032563, 0, 0
1409043, 306711805, 0, 0
1410004, 290262131, 0, 0
1411068, 256308762, 0, 0
1412024, 268586561, 0, 0
1413051, 300283184, 0, 0
1414047, 259582558, 0, 0
1415011, 291697782, 0, 0
1416036, 265845990, 0, 0
1417068, 274145597, 0, 0
1418020, 302209413, 0, 0
1419053, 253285620, 0, 0
1420051, 265217244, 0, 0
1421004, 267689255, 0, 0
1422023, 283451171, 0, 0
1423012, 249461234, 0, 0
1424039, 293850648, 0, 0
1425042, 276780571, 0, 0
1426030, 242216383, 0, 0
1427008, 253846113, 0, 0
1428032, 245432429, 0, 0
1429010, 275535343, 0, 0
1430028, 268154480, 0, 0
1431018, 275458433, 0, 0
1432020, 260388562, 0, 0
1433061, 289010034, 0, 0
1434061, 277918904, 0, 0
1435007, 264572177, 0, 0
1436033, 253228714, 0, 0
1437043, 257423301, 0, 0
1438029, 295032793, 0, 0
1439004, 276986811, 0, 0
1440020, 256500333, 0, 0
1441018, 260254393, 0, 0
1442053, 261748460, 0, 0
1443037, 248865006, 0, 0
1444023, 272217559, 0, 0
1445002, 261127335, 0, 0
1446049, 275183397, 0, 0
1447026, 344846116, 0, 0
1448045, 291796001, 0, 0
1449044, 279102945, 0, 0
1450062, 257377618, 0, 0
1451041, 293688687, 0, 0
1452051, 288178103, 0, 0
1453045, 276434568, 0, 0
1454018, 256475545, 0, 0
1455014, 267118334, 0, 0
1456019, 285535755, 0, 0
1457024, 270130804, 0, 0
1458046, 296029063, 0, 0
1459024, 273446229, 0, 0
1460048, 259284735, 0, 0
1461004, 266907566, 0, 0
1462012, 272329502, 0, 0
1463066, 277443825, 0, 0
1464027, 317073330, 0, 0
1465019, 295471862, 0, 0
1466031, 261785784, 0, 0
1467030, 256727547, 0, 0
1468022, 281238339, 0, 0
1469042, 277890282, 0, 0
1470021, 294684291, 0, 0
1471044, 307604834, 0, 0
1472062, 256672279, 0, 0
1473042, 279244630, 0, 0
1474037, 256080841, 0, 0
1475019, 263869767, 0, 0
1476044, 290469261, 0, 0
1477037, 263873876, 0, 0
1478003, 284352268, 0, 0
1479044, 269417335, 0, 0
1480014, 288769271, 0, 0
1481000, 292212326, 0, 0
1482048, 272127417, 0, 0
1483024, 284178320, 0, 0
1484012, 263822879, 0, 0
1485055, 290590339, 0, 0
1486041, 254866693, 0, 0
1487043, 265491855, 0, 0
1488050, 297351392, 0, 0
1489001, 256586656, 0, 0
1490044, 252684925, 0, 0
1491043, 291621484, 0, 0
1492014, 320665697, 0, 0
1493024, 277177397, 0, 0
1494021, 260382862, 0, 0
1495015, 270905037, 0, 0
1496058, 304996516, 0, 0
1497035, 293406640, 0, 0
1498055, 287014732, 0, 0
1499014, 305509527, 0, 0
1500030, 292274282, 0, 0
1501039, 284152378, 0, 0
1502025, 275071614, 0, 0
1503001, 273104825, 0, 0
1504050, 269360371, 0, 0
1505009, 315203397, 0, 0
1506058, 259488594, 0, 0
1507019, 253684396, 0, 0
1508023, 243257344, 0, 0
1509007, 260930267, 0, 0
1510017, 254991831, 0, 0
1511027, 254724846, 0, 0
1512024, 299523824, 0, 0
1513029, 291728458, 0, 0
1514050, 301277878, 0, 0
1515002, 294594651, 0, 0
1516006, 289555555, 0, 0
1517037, 238316510, 0, 0
1518045, 278018472, 0, 0
1519050, 255964032, 0, 0
1520030, 268691492, 0, 0
1521030, 278595072, 0, 0
1522003, 279810240, 0, 0
1523028, 293777790, 0, 0
1524034, 316401315, 0, 0
1525005, 282571029, 0, 0
1526031, 289471180, 0, 0
1527035, 265355680, 0, 0
1528026, 300768428, 0, 0
1529064, 300458930, 0, 0
1530043, 293824788, 0, 0
1531055, 284770885, 0, 0
1532036, 272050920, 0, 0
1533021, 303565919, 0, 0
1534040, 267276569, 0, 0
1535063, 334295617, 0, 0
1536038, 247222496, 0, 0
1537054, 285843566, 0, 0
1538062, 277118356, 0, 0
1539005, 277013464, 0, 0
1540014, 301765828, 0, 0
1541056, 323972864, 0, 0
1542031, 270691311, 0, 0
1543041, 299582711, 0, 0
1544057, 248652753, 0, 0
1545014, 296665664, 0, 0
1546015, 265720614, 0, 0
1547045, 260074475, 0, 0
1548058, 280023958, 0, 0
1549040, 262965561, 0, 0
1550047, 255814712, 0, 0
1551008, 297631550, 0, 0
1552041, 257845206, 0, 0
1553021, 263465507, 0, 0
1554052, 254537552, 0, 0
1555004, 263824216, 0, 0
1556004, 255841089, 0, 0
1557045, 273231683, 0, 0
1558087, 277041524, 0, 0
1559005, 282556100, 0, 0
1560033, 273820851, 0, 0
1561049, 285364847, 0, 0
1562043, 326724761, 0, 0
1563070, 270832634, 0, 0
1564053, 319463648, 0, 0
1565056, 254443318, 0, 0
1566050, 295413875, 0, 0
1567054, 270763873, 0, 0
1568061, 273778164, 0, 0
1569034, 268214678, 0, 0
1570018, 264997452, 0, 0
1571057, 272858494, 0, 0
1572029, 303242268, 0, 0
1573053, 264599815, 0, 0
1574017, 266582128, 0, 0
1575031, 256870570, 0, 0
1576044, 245450868, 0, 0
1577007, 291778413, 0, 0
1578017, 258120337, 0, 0
1579027, 334095318, 0, 0
1580032, 257300458, 0, 0
1581046, 289417762, 0, 0
1582025, 291492618, 0, 0
1583039, 269265959, 0, 0
1584052, 260485166, 0, 0
1585008, 293227204, 0, 0
1586010, 254837196, 0, 0
1587053, 266915091, 0, 0
1588006, 284816169, 0, 0
1589011, 275744189, 0, 0
1590000, 285373767, 0, 0
1591002, 277936551, 0, 0
1592039, 255801627, 0, 0
1593015, 262638366, 0, 0
1594026, 283536865, 0, 0
1595009, 297161627, 0, 0
1596024, 283222811, 0, 0
1597036, 263700623, 0, 0
1598040, 273037184, 0, 0
1599057, 254160661, 0, 0
1600023, 323258294, 0, 0
1601059, 291316053, 0, 0
1602059, 273663274, 0, 0
1603012, 282044536, 0, 0
1604027, 267199711, 0, 0
1605002, 268227411, 0, 0
1606017, 289005927, 0, 0
1607037, 276832098, 0, 0
1608070, 276080316, 0, 0
1609053, 275796508, 0, 0
1610030, 281055614, 0, 0
1611050, 232859725, 0, 0
1612057, 282095828, 0, 0
1613042, 264269506, 0, 0
1614059, 271694289, 0, 0
1615060, 271115820, 0, 0
1616028, 276492915, 0, 0
1617002, 296259434, 0, 0
1618027, 322912496, 0, 0
1619012, 266109627, 0, 0
1620019, 288155556, 0, 0
1621060, 283969540, 0, 0
1622022, 265535218, 0, 0
1623009, 325533019, 0, 0
1624061, 268332928, 0, 0
1625029, 286779412, 0, 0
1626039, 288266926, 0, 0
1627043, 250108851, 0, 0
1628009, 257957407, 0, 0
1629047, 266360162, 0, 0
1630041, 259579224, 0, 0
1631046, 277767564, 0, 0
1632055, 281105863, 0, 0
1633016, 283635872, 0, 0
1634061, 268821859, 0, 0
1635014, 276891833, 0, 0
1636049, 283802323, 0, 0
1637027, 290437569, 0, 0
1638053, 300577796, 0, 0
1639009, 282820037, 0, 0
1640034, 250129288, 0, 0
1641038, 294833366, 0, 0
1642040, 262715354, 0, 0
1643009, 248608740, 0, 0
1644048, 266305602, 0, 0
1645064, 289422035, 0, 0
1646015, 315835252, 0, 0
1647023, 290944000, 0, 0
1648028, 281830671, 0, 0
1649001, 295654667, 0, 0
1650058, 282428466, 0, 0
1651020, 278106842, 0, 0
1652040, 272832526, 0, 0
1653053, 287643868, 0, 0
1654012, 266218853, 0, 0
1655051, 255144368, 0, 0
1656002, 270611005, 0, 0
1657031, 287751552, 0, 0
1658022, 277106597, 0, 0
1659050, 299257004, 0, 0
1660016, 258288101, 0, 0
1661036, 252539918, 0, 0
1662004, 293934388, 0, 0
1663047, 280977632, 0, 0
1664013, 278093569, 0, 0
1665040, 291640121, 0, 0
1666092, 259459584, 0, 0
1667032, 313778307, 0, 0
1668067, 251386871, 0, 0
1669007, 289955963, 0, 0
1670031, 271604438, 0, 0
1671015, 288326506, 0, 0
1672012, 316216020, 0, 0
1673001, 260479871, 0, 0
1674045, 275383703, 0, 0
1675047, 258737226, 0, 0
1676004, 301640246, 0, 0
1677027, 275291742, 0, 0
1678048, 289029995, 0, 0
1679057, 327616016, 0, 0
1680056, 268453846, 0, 0
1681044, 264526221, 0, 0
1682031, 293752744, 0, 0
1683053, 251986339, 0, 0
1684002, 259211131, 0, 0
1685009, 264627985, 0, 0
1686038, 248456929, 0, 0
1687008, 318564614, 0, 0
1688042, 266585701, 0, 0
1689043, 287213346, 0, 0
1690013, 283082557, 0, 0
1691052, 272172456, 0, 0
1692012, 261848433, 0, 0
1693032, 257307071, 0, 0
1694012, 304997098, 0, 0
1695056, 254585838, 0, 0
1696044, 280875805, 0, 0
1697046, 296234928, 0, 0
1698040, 287921076, 0, 0
1699015, 272506897, 0, 0
1700006, 295515804, 0, 0
1701043, 263834240, 0, 0
1702059, 287482836, 0, 0
1703037, 293067873, 0, 0
1704059, 290523842, 0, 0
1705049, 274234589, 0, 0
1706057, 289188709, 0, 0
1707007, 301455738, 0, 0
1708057, 277991282, 0, 0
1709055, 246859321, 0, 0
1710061, 315051965, 0, 0
1711026, 306858026, 0, 0
1712042, 305801629, 0, 0
1713016, 275667930, 0, 0
1714045, 278403851, 0, 0
1715012, 256218494, 0, 0
1716048, 288475181, 0, 0
1717054, 287407962, 0, 0
1718012, 280594555, 0, 0
1719059, 284305550, 0, 0
1720045, 271251774, 0, 0
1721040, 266473705, 0, 0
1722044, 265662871, 0, 0
1723037, 275278136, 0, 0
1724020, 241148402, 0, 0
1725001, 303873924, 0, 0
1726011, 263298259, 0, 0
1727007, 255841439, 0, 0
1728049, 275336858, 0, 0
1729019, 260043516, 0, 0
1730006, 279098180, 0, 0
1731006, 263496954, 0, 0
1732018, 301963527, 0, 0
1733049, 297237454, 0, 0
1734005, 272208589, 0, 0
1735043, 288147533, 0, 0
1736058, 251632405, 0, 0
1737060, 262714645, 0, 0
1738058, 267090095, 0, 0
1739029, 299701628, 0, 0
1740015, 301110018, 0, 0
1741012, 265488982, 0, 0
1742031, 261900973, 0, 0
1743000, 241762817, 0, 0
1744020, 274467251, 0, 0
1745035, 309600435, 0, 0
1746060, 260744497, 0, 0
1747057, 284935639, 0, 0
1748016, 282385441, 0, 0
1749022, 244783570, 0, 0
1750042, 281925185, 0, 0
1751052, 282016949, 0, 0
1752008, 282870871, 0, 0
1753026, 259728060, 0, 0
1754017, 298530596, 0, 0
1755060, 298861241, 0, 0
1756037, 267997374, 0, 0
1757044, 273347343, 0, 0
1758008, 283324181, 0, 0
1759035, 299642216, 0, 0
1760043, 260186661, 0, 0
1761044, 257018308, 0, 0
1762014, 286253371, 0, 0
1763059, 274921433, 0, 0
1764049, 276059077, 0, 0
1765027, 251929477, 0, 0
1766054, 298534490, 0, 0
1767012, 270127399, 0, 0
1768052, 278969820, 0, 0
1769017, 291383887, 0, 0
1770006, 269926619, 0, 0
1771042, 285118509, 0, 0
1772015, 265915939, 0, 0
1773028, 283251966, 0, 0
1774007, 272286695, 0, 0
1775046, 295136536, 0, 0
1776019, 319377227, 0, 0
1777020, 293689940, 0, 0
1778018, 249353070, 0, 0
1779015, 281787678, 0, 0
1780058, 299844410, 0, 0
1781000, 268523566, 0, 0
1782025, 251661492, 0, 0
1783005, 281099280, 0, 0
1784007, 295228629, 0, 0
1785053, 264893875, 0, 0
1786051, 267750411, 0, 0
1787040, 280526618, 0, 0
1788040, 250928587, 0, 0
1789048, 273683347, 0, 0
1790056, 279331467, 0, 0
1791051, 281916898, 0, 0
1792041, 251899994, 0, 0
1793047, 309488503, 0, 0
1794046, 272436823, 0, 0
1795004, 280215066, 0, 0
1796029, 280668967, 0, 0
1797004, 299927141, 0, 0
1798024, 313534945, 0, 0
1799033, 292300153, 0, 0
1800016, 248442657, 0, 0
1800159, 320706391, 0, 0
