1000, 348, 0, 0
2000, 540, 0, 0
2999, 520, 0, 0
4000, 548, 0, 0
5000, 580, 0, 0
6000, 544, 0, 0
6999, 468, 0, 0
8000, 544, 0, 0
9000, 492, 0, 0
9999, 516, 0, 0
11000, 552, 0, 0
12000, 548, 0, 0
12999, 544, 0, 0
13999, 556, 0, 0
15000, 552, 0, 0
15999, 552, 0, 0
16999, 560, 0, 0
18000, 552, 0, 0
18999, 556, 0, 0
19999, 556, 0, 0
21000, 552, 0, 0
21999, 524, 0, 0
22999, 556, 0, 0
24000, 564, 0, 0
24999, 572, 0, 0
25999, 604, 0, 0
26999, 564, 0, 0
28000, 548, 0, 0
28999, 544, 0, 0
29999, 560, 0, 0
31000, 556, 0, 0
32000, 572, 0, 0
32999, 568, 0, 0
33999, 564, 0, 0
35000, 560, 0, 0
35999, 560, 0, 0
36999, 560, 0, 0
38000, 600, 0, 0
39000, 564, 0, 0
39999, 572, 0, 0
40999, 576, 0, 0
42000, 540, 0, 0
42999, 584, 0, 0
43999, 580, 0, 0
45000, 556, 0, 0
46000, 560, 0, 0
46999, 548, 0, 0
48000, 624, 0, 0
48999, 576, 0, 0
49999, 536, 0, 0
51000, 616, 0, 0
51999, 548, 0, 0
52999, 536, 0, 0
54000, 600, 0, 0
55000, 536, 0, 0
55999, 596, 0, 0
57000, 624, 0, 0
57999, 556, 0, 0
58999, 548, 0, 0
60000, 600, 0, 0
61000, 628, 0, 0
61999, 560, 0, 0
63000, 576, 0, 0
64000, 612, 0, 0
64999, 556, 0, 0
65999, 560, 0, 0
67000, 612, 0, 0
67999, 592, 0, 0
68999, 588, 0, 0
70000, 568, 0, 0
70999, 608, 0, 0
71999, 572, 0, 0
73000, 596, 0, 0
73999, 584, 0, 0
74999, 600, 0, 0
75999, 640, 0, 0
77000, 576, 0, 0
77999, 608, 0, 0
78999, 576, 0, 0
80000, 536, 0, 0
80999, 548, 0, 0
81999, 572, 0, 0
83000, 600, 0, 0
84000, 596, 0, 0
84999, 580, 0, 0
86000, 568, 0, 0
87000, 568, 0, 0
87999, 600, 0, 0
88999, 548, 0, 0
90000, 568, 0, 0
91000, 600, 0, 0
91999, 660, 0, 0
93000, 604, 0, 0
93999, 576, 0, 0
94999, 640, 0, 0
95999, 640, 0, 0
97000, 596, 0, 0
97999, 600, 0, 0
98999, 556, 0, 0
100000, 576, 0, 0
100999, 648, 0, 0
101999, 604, 0, 0
103000, 544, 0, 0
103999, 620, 0, 0
104999, 588, 0, 0
106000, 664, 0, 0
106999, 632, 0, 0
107999, 588, 0, 0
109000, 596, 0, 0
109999, 652, 0, 0
110999, 600, 0, 0
112000, 588, 0, 0
112999, 660, 0, 0
113999, 588, 0, 0
115000, 652, 0, 0
115999, 628, 0, 0
116999, 640, 0, 0
118000, 596, 0, 0
119000, 592, 0, 0
119999, 608, 0, 0
120999, 636, 0, 0
122000, 588, 0, 0
123000, 608, 0, 0
123999, 660, 0, 0
125000, 632, 0, 0
126000, 700, 0, 0
126999, 576, 0, 0
128000, 656, 0, 0
129000, 636, 0, 0
129999, 588, 0, 0
130999, 660, 0, 0
132000, 616, 0, 0
132999, 672, 0, 0
133999, 600, 0, 0
135000, 600, 0, 0
135999, 548, 0, 0
137000, 704, 0, 0
138000, 576, 0, 0
138999, 696, 0, 0
140000, 580, 0, 0
141000, 668, 0, 0
141999, 640, 0, 0
143000, 664, 0, 0
144000, 668, 0, 0
144999, 636, 0, 0
145999, 656, 0, 0
147000, 672, 0, 0
147999, 620, 0, 0
148999, 696, 0, 0
150000, 612, 0, 0
150999, 620, 0, 0
151999, 660, 0, 0
153000, 624, 0, 0
153999, 668, 0, 0
154999, 688, 0, 0
156000, 668, 0, 0
156999, 632, 0, 0
157999, 656, 0, 0
159000, 680, 0, 0
160000, 692, 0, 0
160999, 568, 0, 0
162000, 672, 0, 0
163000, 648, 0, 0
163999, 644, 0, 0
164999, 636, 0, 0
166000, 656, 0, 0
166999, 692, 0, 0
167999, 636, 0, 0
169000, 688, 0, 0
169999, 664, 0, 0
171000, 640, 0, 0
172000, 624, 0, 0
172999, 664, 0, 0
173999, 664, 0, 0
175000, 648, 0, 0
175999, 668, 0, 0
176999, 676, 0, 0
178000, 668, 0, 0
178999, 652, 0, 0
179999, 676, 0, 0
181000, 632, 0, 0
182000, 688, 0, 0
182999, 672, 0, 0
183999, 636, 0, 0
185000, 648, 0, 0
185999, 740, 0, 0
187000, 672, 0, 0
188000, 680, 0, 0
188999, 720, 0, 0
189999, 660, 0, 0
191000, 728, 0, 0
191999, 660, 0, 0
192999, 692, 0, 0
194000, 644, 0, 0
194999, 692, 0, 0
195999, 696, 0, 0
197000, 728, 0, 0
197999, 696, 0, 0
198999, 692, 0, 0
200000, 724, 0, 0
200999, 688, 0, 0
201999, 664, 0, 0
203000, 668, 0, 0
203999, 664, 0, 0
204999, 736, 0, 0
206000, 676, 0, 0
206999, 720, 0, 0
207999, 732, 0, 0
209000, 644, 0, 0
209999, 656, 0, 0
210999, 736, 0, 0
212000, 692, 0, 0
213000, 664, 0, 0
213999, 776, 0, 0
215000, 680, 0, 0
216000, 688, 0, 0
216999, 664, 0, 0
218000, 672, 0, 0
218999, 804, 0, 0
219999, 696, 0, 0
220999, 688, 0, 0
222000, 832, 0, 0
222999, 724, 0, 0
223999, 756, 0, 0
225000, 696, 0, 0
225999, 744, 0, 0
226999, 716, 0, 0
228000, 756, 0, 0
228999, 660, 0, 0
229999, 764, 0, 0
231000, 720, 0, 0
231999, 688, 0, 0
232999, 736, 0, 0
234000, 728, 0, 0
235000, 616, 0, 0
235999, 764, 0, 0
237000, 756, 0, 0
237999, 736, 0, 0
238999, 696, 0, 0
240000, 696, 0, 0
241000, 784, 0, 0
241999, 728, 0, 0
242999, 712, 0, 0
244000, 708, 0, 0
244999, 736, 0, 0
245999, 648, 0, 0
247000, 700, 0, 0
247999, 712, 0, 0
248999, 712, 0, 0
250000, 836, 0, 0
250999, 840, 0, 0
251999, 764, 0, 0
253000, 772, 0, 0
253999, 684, 0, 0
254999, 656, 0, 0
256000, 756, 0, 0
257000, 744, 0, 0
257999, 700, 0, 0
259000, 816, 0, 0
260000, 708, 0, 0
260999, 832, 0, 0
261999, 688, 0, 0
263000, 840, 0, 0
263999, 820, 0, 0
264999, 724, 0, 0
266000, 748, 0, 0
267000, 780, 0, 0
267999, 728, 0, 0
269000, 620, 0, 0
270000, 800, 0, 0
270999, 760, 0, 0
271999, 744, 0, 0
273000, 792, 0, 0
273999, 708, 0, 0
274999, 648, 0, 0
276000, 740, 0, 0
276999, 728, 0, 0
277999, 816, 0, 0
279000, 788, 0, 0
279999, 748, 0, 0
280999, 820, 0, 0
282000, 732, 0, 0
282999, 732, 0, 0
283999, 792, 0, 0
285000, 740, 0, 0
285999, 732, 0, 0
286999, 728, 0, 0
288000, 808, 0, 0
288999, 804, 0, 0
289999, 860, 0, 0
291000, 800, 0, 0
291999, 860, 0, 0
292999, 792, 0, 0
294000, 848, 0, 0
294999, 788, 0, 0
295999, 824, 0, 0
297000, 776, 0, 0
297999, 768, 0, 0
298999, 788, 0, 0
300000, 896, 0, 0
300999, 840, 0, 0
302000, 820, 0, 0
303000, 840, 0, 0
303999, 812, 0, 0
304999, 792, 0, 0
306000, 784, 0, 0
306999, 812, 0, 0
307999, 856, 0, 0
309000, 800, 0, 0
309999, 812, 0, 0
310999, 716, 0, 0
312000, 816, 0, 0
312999, 792, 0, 0
313999, 796, 0, 0
315000, 932, 0, 0
315999, 768, 0, 0
316999, 848, 0, 0
318000, 792, 0, 0
319000, 936, 0, 0
319999, 836, 0, 0
321000, 924, 0, 0
322000, 848, 0, 0
322999, 824, 0, 0
323999, 812, 0, 0
325000, 860, 0, 0
325999, 828, 0, 0
326999, 784, 0, 0
328000, 800, 0, 0
328999, 808, 0, 0
329999, 912, 0, 0
331000, 912, 0, 0
331999, 808, 0, 0
332999, 852, 0, 0
334000, 840, 0, 0
334999, 864, 0, 0
335999, 840, 0, 0
337000, 816, 0, 0
338000, 916, 0, 0
338999, 852, 0, 0
340000, 808, 0, 0
341000, 864, 0, 0
341999, 816, 0, 0
342999, 948, 0, 0
344000, 784, 0, 0
344999, 884, 0, 0
345999, 908, 0, 0
347000, 856, 0, 0
347999, 788, 0, 0
348999, 868, 0, 0
350000, 768, 0, 0
351000, 828, 0, 0
351999, 900, 0, 0
353000, 792, 0, 0
354000, 832, 0, 0
354999, 932, 0, 0
355999, 916, 0, 0
357000, 868, 0, 0
357999, 940, 0, 0
358999, 880, 0, 0
360000, 864, 0, 0
360999, 836, 0, 0
361999, 916, 0, 0
363000, 848, 0, 0
363999, 828, 0, 0
364999, 964, 0, 0
366000, 860, 0, 0
366999, 872, 0, 0
367999, 892, 0, 0
369000, 1056, 0, 0
369999, 832, 0, 0
370999, 872, 0, 0
372000, 796, 0, 0
372999, 960, 0, 0
373999, 840, 0, 0
375000, 980, 0, 0
375999, 892, 0, 0
376999, 996, 0, 0
378000, 852, 0, 0
378999, 912, 0, 0
379999, 972, 0, 0
381000, 968, 0, 0
381999, 960, 0, 0
382999, 904, 0, 0
384000, 936, 0, 0
384999, 900, 0, 0
386000, 1029, 0, 0
386999, 916, 0, 0
387999, 880, 0, 0
389000, 904, 0, 0
390000, 996, 0, 0
390999, 920, 0, 0
392000, 816, 0, 0
392999, 912, 0, 0
393999, 984, 0, 0
395000, 896, 0, 0
396000, 816, 0, 0
396999, 912, 0, 0
398000, 964, 0, 0
399000, 996, 0, 0
399999, 972, 0, 0
401000, 932, 0, 0
402000, 1064, 0, 0
402999, 892, 0, 0
404000, 924, 0, 0
405000, 968, 0, 0
405999, 1013, 0, 0
406999, 952, 0, 0
408000, 860, 0, 0
409000, 952, 0, 0
409999, 1065, 0, 0
410999, 1045, 0, 0
411999, 920, 0, 0
412999, 924, 0, 0
414000, 1084, 0, 0
414999, 948, 0, 0
415999, 960, 0, 0
417000, 1000, 0, 0
417999, 1021, 0, 0
418999, 828, 0, 0
420000, 1004, 0, 0
420999, 912, 0, 0
421999, 1045, 0, 0
423000, 1024, 0, 0
424000, 828, 0, 0
424999, 996, 0, 0
426000, 1052, 0, 0
427000, 976, 0, 0
427999, 1057, 0, 0
428999, 1001, 0, 0
430000, 1088, 0, 0
430999, 960, 0, 0
431999, 1025, 0, 0
433000, 1104, 0, 0
433999, 1025, 0, 0
434999, 1181, 0, 0
436000, 1016, 0, 0
436999, 1109, 0, 0
438000, 1052, 0, 0
438999, 948, 0, 0
439999, 960, 0, 0
440999, 1077, 0, 0
442000, 1104, 0, 0
442999, 1029, 0, 0
443999, 1089, 0, 0
445000, 776, 0, 0
445999, 988, 0, 0
446999, 1037, 0, 0
448000, 980, 0, 0
449000, 1096, 0, 0
449999, 1005, 0, 0
450999, 1173, 0, 0
452000, 1044, 0, 0
452999, 1037, 0, 0
453999, 1069, 0, 0
455000, 992, 0, 0
455999, 1081, 0, 0
456999, 1053, 0, 0
458000, 1004, 0, 0
458999, 1057, 0, 0
459999, 1137, 0, 0
461000, 1120, 0, 0
461999, 1197, 0, 0
462999, 1061, 0, 0
464000, 1048, 0, 0
464999, 1073, 0, 0
466000, 1040, 0, 0
467000, 1088, 0, 0
467999, 1057, 0, 0
468999, 1113, 0, 0
470000, 1152, 0, 0
470999, 952, 0, 0
471999, 1089, 0, 0
473000, 1208, 0, 0
473999, 1065, 0, 0
474999, 1069, 0, 0
476000, 1324, 0, 0
476999, 1089, 0, 0
477999, 1201, 0, 0
479000, 968, 0, 0
479999, 1077, 0, 0
480999, 1245, 0, 0
482000, 1072, 0, 0
483000, 1008, 0, 0
483999, 1105, 0, 0
485000, 924, 0, 0
486000, 1116, 0, 0
486999, 1125, 0, 0
487999, 1161, 0, 0
489000, 1048, 0, 0
489999, 1125, 0, 0
490999, 1149, 0, 0
492000, 1268, 0, 0
493000, 1164, 0, 0
493999, 1089, 0, 0
495000, 1080, 0, 0
496000, 1152, 0, 0
496999, 1193, 0, 0
497999, 1137, 0, 0
499000, 1132, 0, 0
499999, 1361, 0, 0
500999, 1217, 0, 0
502000, 1080, 0, 0
502999, 1321, 0, 0
503999, 1113, 0, 0
505000, 1260, 0, 0
506000, 1256, 0, 0
506999, 1037, 0, 0
508000, 1188, 0, 0
509000, 1336, 0, 0
509999, 1129, 0, 0
510999, 1353, 0, 0
512000, 1100, 0, 0
512999, 1173, 0, 0
513999, 1153, 0, 0
515000, 1272, 0, 0
515999, 1273, 0, 0
516999, 1349, 0, 0
518000, 1080, 0, 0
518999, 1325, 0, 0
519999, 1285, 0, 0
521000, 1300, 0, 0
522000, 1200, 0, 0
522999, 1169, 0, 0
523999, 1173, 0, 0
525000, 1236, 0, 0
525999, 1213, 0, 0
526999, 1033, 0, 0
528000, 1372, 0, 0
529000, 1172, 0, 0
529999, 1229, 0, 0
531000, 1184, 0, 0
532000, 1136, 0, 0
532999, 1261, 0, 0
533999, 1229, 0, 0
535000, 1368, 0, 0
535999, 1217, 0, 0
536999, 1473, 0, 0
538000, 1244, 0, 0
538999, 1325, 0, 0
539999, 1245, 0, 0
541000, 1064, 0, 0
541999, 1145, 0, 0
542999, 1269, 0, 0
544000, 1128, 0, 0
544999, 1241, 0, 0
545999, 1309, 0, 0
547000, 1288, 0, 0
547999, 1269, 0, 0
548999, 1237, 0, 0
550000, 1156, 0, 0
550999, 1445, 0, 0
551999, 1481, 0, 0
553000, 1356, 0, 0
554000, 1312, 0, 0
554999, 1301, 0, 0
555999, 1321, 0, 0
557000, 1140, 0, 0
557999, 1313, 0, 0
558999, 1353, 0, 0
560000, 1396, 0, 0
560999, 1501, 0, 0
561999, 1529, 0, 0
563000, 1284, 0, 0
564000, 1216, 0, 0
564999, 1285, 0, 0
566000, 1396, 0, 0
566999, 1213, 0, 0
567999, 1249, 0, 0
569000, 1204, 0, 0
570000, 1472, 0, 0
570999, 1237, 0, 0
572000, 1436, 0, 0
573000, 1360, 0, 0
573999, 1321, 0, 0
574999, 1513, 0, 0
576000, 1548, 0, 0
577000, 1376, 0, 0
577999, 1573, 0, 0
579000, 1465, 0, 0
580000, 1648, 0, 0
580999, 1513, 0, 0
582000, 1348, 0, 0
583000, 1660, 0, 0
584000, 1464, 0, 0
585000, 1604, 0, 0
586000, 1264, 0, 0
587000, 1360, 0, 0
588000, 1608, 0, 0
589000, 1572, 0, 0
590000, 1552, 0, 0
591000, 1408, 0, 0
592000, 1592, 0, 0
593000, 1572, 0, 0
594000, 1516, 0, 0
595000, 1428, 0, 0
596000, 1276, 0, 0
597000, 1588, 0, 0
598000, 1784, 0, 0
599000, 1520, 0, 0
600000, 1548, 0, 0
601000, 1344, 0, 0
602000, 1456, 0, 0
603000, 1608, 0, 0
604000, 1336, 0, 0
605000, 1632, 0, 0
606000, 1796, 0, 0
607000, 1408, 0, 0
608000, 1580, 0, 0
608999, 1685, 0, 0
610000, 1576, 0, 0
611000, 1520, 0, 0
612000, 1808, 0, 0
613000, 1636, 0, 0
614000, 1748, 0, 0
615000, 1636, 0, 0
616000, 1568, 0, 0
617000, 1464, 0, 0
618000, 1820, 0, 0
619000, 1388, 0, 0
620000, 1648, 0, 0
621000, 1576, 0, 0
622000, 1388, 0, 0
622999, 1789, 0, 0
624000, 1652, 0, 0
625000, 1712, 0, 0
626000, 1856, 0, 0
627000, 1428, 0, 0
627999, 1733, 0, 0
629000, 1824, 0, 0
630000, 1616, 0, 0
630999, 1573, 0, 0
631999, 1429, 0, 0
633000, 1636, 0, 0
633999, 1517, 0, 0
634999, 1717, 0, 0
635998, 1855, 0, 0
636999, 1633, 0, 0
637998, 1639, 0, 0
638998, 1807, 0, 0
639998, 1531, 0, 0
640998, 1759, 0, 0
641998, 1478, 0, 0
642997, 1624, 0, 0
643997, 2090, 0, 0
644996, 1742, 0, 0
645997, 1729, 0, 0
646997, 1789, 0, 0
647996, 1477, 0, 0
648996, 1566, 0, 0
649996, 1722, 0, 0
650996, 1722, 0, 0
651995, 1825, 0, 0
652995, 1612, 0, 0
653996, 1522, 0, 0
654995, 1889, 0, 0
655995, 1796, 0, 0
656994, 1782, 0, 0
657994, 1979, 0, 0
658995, 1656, 0, 0
659994, 1686, 0, 0
660994, 1726, 0, 0
661993, 1579, 0, 0
662993, 1820, 0, 0
663994, 1637, 0, 0
664993, 1796, 0, 0
665993, 1623, 0, 0
666992, 1592, 0, 0
667992, 1701, 0, 0
668993, 1812, 0, 0
669992, 1802, 0, 0
670992, 1919, 0, 0
671991, 1989, 0, 0
672992, 1725, 0, 0
673991, 1691, 0, 0
674991, 1626, 0, 0
675991, 1715, 0, 0
676991, 1848, 0, 0
677991, 1872, 0, 0
679000, 1608, 0, 0
680000, 1684, 0, 0
680999, 1877, 0, 0
682000, 1624, 0, 0
683000, 1660, 0, 0
683999, 1517, 0, 0
685000, 1772, 0, 0
686000, 1676, 0, 0
686999, 1685, 0, 0
688000, 1660, 0, 0
689000, 1788, 0, 0
689999, 1797, 0, 0
690999, 1673, 0, 0
692000, 1820, 0, 0
692999, 1685, 0, 0
693999, 1821, 0, 0
695000, 1500, 0, 0
695999, 1641, 0, 0
697000, 1896, 0, 0
698000, 1560, 0, 0
698999, 1825, 0, 0
700000, 1728, 0, 0
701000, 1620, 0, 0
701999, 1661, 0, 0
702999, 1789, 0, 0
704000, 1620, 0, 0
704999, 1757, 0, 0
705999, 1709, 0, 0
707000, 1756, 0, 0
707999, 1601, 0, 0
708999, 1817, 0, 0
710000, 1620, 0, 0
711000, 1528, 0, 0
711999, 1889, 0, 0
713000, 1692, 0, 0
714000, 1756, 0, 0
714999, 1817, 0, 0
715999, 1461, 0, 0
717000, 1664, 0, 0
717999, 1821, 0, 0
718999, 1709, 0, 0
720000, 1648, 0, 0
720999, 1841, 0, 0
721999, 1641, 0, 0
723000, 1780, 0, 0
724000, 1804, 0, 0
724999, 2002, 0, 0
725999, 1705, 0, 0
726999, 1477, 0, 0
727999, 1421, 0, 0
728999, 1517, 0, 0
730000, 1720, 0, 0
730999, 1849, 0, 0
731999, 1733, 0, 0
733000, 1732, 0, 0
733999, 2050, 0, 0
734999, 1725, 0, 0
736000, 1816, 0, 0
736999, 1681, 0, 0
737999, 1757, 0, 0
739000, 1668, 0, 0
739999, 1821, 0, 0
740999, 1617, 0, 0
742000, 1956, 0, 0
742999, 1917, 0, 0
743999, 1849, 0, 0
745000, 1688, 0, 0
745999, 1597, 0, 0
746999, 1833, 0, 0
748000, 1732, 0, 0
748999, 1969, 0, 0
749999, 1713, 0, 0
751000, 1832, 0, 0
751999, 1689, 0, 0
752999, 1717, 0, 0
754000, 1848, 0, 0
755000, 1536, 0, 0
755999, 1601, 0, 0
757000, 1564, 0, 0
758000, 2048, 0, 0
758999, 1801, 0, 0
760000, 1828, 0, 0
761000, 1892, 0, 0
761999, 1661, 0, 0
763000, 1732, 0, 0
764000, 1932, 0, 0
764999, 1537, 0, 0
765999, 1681, 0, 0
767000, 1648, 0, 0
767999, 2002, 0, 0
768999, 1525, 0, 0
770000, 1712, 0, 0
770999, 1625, 0, 0
772000, 1640, 0, 0
773000, 1544, 0, 0
773999, 1633, 0, 0
774999, 2178, 0, 0
776000, 1832, 0, 0
776999, 2062, 0, 0
777999, 1729, 0, 0
779000, 1960, 0, 0
780000, 1488, 0, 0
780999, 1769, 0, 0
781999, 1805, 0, 0
783000, 1852, 0, 0
783999, 1889, 0, 0
784999, 1869, 0, 0
786000, 1744, 0, 0
786999, 1585, 0, 0
787999, 2034, 0, 0
789000, 1656, 0, 0
789999, 1749, 0, 0
790999, 1881, 0, 0
792000, 2012, 0, 0
792999, 1853, 0, 0
793999, 1577, 0, 0
795000, 2020, 0, 0
795999, 1549, 0, 0
796999, 1953, 0, 0
798000, 1736, 0, 0
798999, 1937, 0, 0
799999, 1777, 0, 0
801000, 1744, 0, 0
802000, 2072, 0, 0
802999, 1813, 0, 0
804000, 1716, 0, 0
805000, 2160, 0, 0
805999, 1801, 0, 0
806999, 1589, 0, 0
808000, 1936, 0, 0
808999, 1533, 0, 0
809999, 2182, 0, 0
811000, 1868, 0, 0
811999, 1549, 0, 0
812999, 1873, 0, 0
814000, 1684, 0, 0
814999, 1925, 0, 0
815999, 1729, 0, 0
817000, 1816, 0, 0
817999, 2138, 0, 0
818999, 1737, 0, 0
820000, 1916, 0, 0
820999, 1901, 0, 0
821999, 1857, 0, 0
823000, 1816, 0, 0
824000, 1824, 0, 0
824999, 1825, 0, 0
826000, 1968, 0, 0
827000, 1968, 0, 0
827999, 1973, 0, 0
829000, 1844, 0, 0
830000, 1956, 0, 0
830999, 1817, 0, 0
831999, 2062, 0, 0
833000, 2060, 0, 0
833999, 1909, 0, 0
834999, 1929, 0, 0
836000, 1712, 0, 0
836999, 1889, 0, 0
837999, 1593, 0, 0
839000, 1940, 0, 0
839999, 2158, 0, 0
840999, 1649, 0, 0
842000, 1980, 0, 0
842999, 2182, 0, 0
843999, 1809, 0, 0
845000, 1788, 0, 0
845999, 2230, 0, 0
846999, 1685, 0, 0
848000, 1796, 0, 0
849000, 2380, 0, 0
849999, 1921, 0, 0
851000, 1980, 0, 0
852000, 2160, 0, 0
852999, 2018, 0, 0
854000, 1976, 0, 0
854999, 2194, 0, 0
855999, 1633, 0, 0
857000, 2292, 0, 0
858000, 1796, 0, 0
858999, 1881, 0, 0
860000, 2004, 0, 0
861000, 1812, 0, 0
861999, 1905, 0, 0
863000, 1952, 0, 0
864000, 1912, 0, 0
864999, 2290, 0, 0
866000, 2332, 0, 0
867000, 2100, 0, 0
867999, 1873, 0, 0
869000, 2216, 0, 0
869999, 1789, 0, 0
870999, 2226, 0, 0
872000, 2392, 0, 0
873000, 2100, 0, 0
873999, 2194, 0, 0
874999, 2386, 0, 0
876000, 2144, 0, 0
876999, 1977, 0, 0
877999, 1945, 0, 0
879000, 2160, 0, 0
879999, 2086, 0, 0
880999, 2286, 0, 0
882000, 1904, 0, 0
883000, 2036, 0, 0
883999, 2266, 0, 0
885000, 2586, 0, 0
886000, 2256, 0, 0
886999, 2166, 0, 0
887999, 2158, 0, 0
889000, 2112, 0, 0
889999, 2158, 0, 0
890999, 2182, 0, 0
892000, 2472, 0, 0
893000, 1896, 0, 0
893999, 2374, 0, 0
894999, 1957, 0, 0
896000, 2312, 0, 0
896999, 2414, 0, 0
897999, 2354, 0, 0
899000, 2704, 0, 0
899999, 2366, 0, 0
900999, 2526, 0, 0
902000, 2124, 0, 0
903000, 2536, 0, 0
903999, 2934, 0, 0
904999, 2194, 0, 0
906000, 2292, 0, 0
906999, 2370, 0, 0
907999, 2318, 0, 0
909000, 2236, 0, 0
909999, 2602, 0, 0
910999, 2502, 0, 0
912000, 2220, 0, 0
912999, 2298, 0, 0
913999, 2230, 0, 0
915000, 2268, 0, 0
916000, 2284, 0, 0
916999, 2258, 0, 0
917999, 2362, 0, 0
919000, 2644, 0, 0
919999, 2490, 0, 0
920999, 2470, 0, 0
922000, 3112, 0, 0
922999, 2334, 0, 0
923999, 2642, 0, 0
925000, 2968, 0, 0
925999, 2566, 0, 0
926999, 3079, 0, 0
928000, 2320, 0, 0
929000, 2784, 0, 0
929999, 2590, 0, 0
931000, 2948, 0, 0
932000, 2588, 0, 0
932999, 3155, 0, 0
933999, 2658, 0, 0
935000, 3072, 0, 0
935999, 2530, 0, 0
936999, 3227, 0, 0
938000, 2756, 0, 0
938999, 3119, 0, 0
939999, 3227, 0, 0
941000, 2944, 0, 0
941999, 3043, 0, 0
942999, 2746, 0, 0
944000, 3000, 0, 0
944999, 2926, 0, 0
945999, 2686, 0, 0
947000, 3184, 0, 0
947999, 3263, 0, 0
948999, 4000, 0, 0
950000, 3136, 0, 0
951000, 2592, 0, 0
951999, 2938, 0, 0
953000, 3428, 0, 0
954000, 2656, 0, 0
954999, 2786, 0, 0
956000, 2844, 0, 0
957000, 3604, 0, 0
957999, 3319, 0, 0
958999, 3123, 0, 0
960000, 2832, 0, 0
960999, 3539, 0, 0
961999, 2862, 0, 0
963000, 3332, 0, 0
963999, 3119, 0, 0
964999, 3479, 0, 0
966000, 3400, 0, 0
966999, 3623, 0, 0
967999, 3671, 0, 0
968999, 3551, 0, 0
970000, 3592, 0, 0
970999, 3699, 0, 0
971999, 3203, 0, 0
973000, 3480, 0, 0
974000, 3208, 0, 0
974999, 3359, 0, 0
975999, 3295, 0, 0
977000, 3764, 0, 0
977999, 3723, 0, 0
978999, 4032, 0, 0
980000, 3288, 0, 0
980999, 3627, 0, 0
981999, 3199, 0, 0
983000, 3368, 0, 0
984000, 3668, 0, 0
984999, 3915, 0, 0
985999, 2970, 0, 0
987000, 3492, 0, 0
987999, 4816, 0, 0
988999, 3559, 0, 0
990000, 4000, 0, 0
990999, 3559, 0, 0
991999, 4020, 0, 0
993000, 3716, 0, 0
993999, 3923, 0, 0
994999, 3987, 0, 0
996000, 4380, 0, 0
996999, 4932, 0, 0
997999, 4088, 0, 0
999000, 4820, 0, 0
999999, 4056, 0, 0
1000999, 5445, 0, 0
1002000, 4872, 0, 0
1002999, 3871, 0, 0
1003999, 3955, 0, 0
1005000, 5640, 0, 0
1005999, 4584, 0, 0
1006999, 5013, 0, 0
1008000, 5564, 0, 0
1008999, 4956, 0, 0
1009999, 5205, 0, 0
1011000, 5896, 0, 0
1012000, 5540, 0, 0
1012999, 4772, 0, 0
1013999, 4320, 0, 0
1015000, 4560, 0, 0
1015999, 4420, 0, 0
1016999, 5349, 0, 0
1018000, 5392, 0, 0
1018999, 5141, 0, 0
1019999, 6602, 0, 0
1021000, 4996, 0, 0
1022000, 5088, 0, 0
1022999, 6538, 0, 0
1023999, 5481, 0, 0
1025000, 6792, 0, 0
1025999, 5985, 0, 0
1026999, 5833, 0, 0
1028000, 5660, 0, 0
1028999, 4968, 0, 0
1029999, 5793, 0, 0
1030999, 5185, 0, 0
1032000, 4636, 0, 0
1032999, 6250, 0, 0
1033999, 6962, 0, 0
1035000, 5576, 0, 0
1035999, 5697, 0, 0
1036999, 7459, 0, 0
1038000, 6172, 0, 0
1039000, 6480, 0, 0
1039999, 7275, 0, 0
1041000, 6928, 0, 0
1042000, 6548, 0, 0
1042999, 7483, 0, 0
1043999, 6854, 0, 0
1045000, 7232, 0, 0
1046000, 7052, 0, 0
1046999, 6670, 0, 0
1047999, 6834, 0, 0
1049000, 7356, 0, 0
1049999, 7071, 0, 0
1050999, 6890, 0, 0
1052000, 8300, 0, 0
1052999, 5153, 0, 0
1053999, 8264, 0, 0
1055000, 7276, 0, 0
1056000, 7916, 0, 0
1056999, 9617, 0, 0
1057999, 8424, 0, 0
1059000, 7728, 0, 0
1060000, 8964, 0, 0
1060999, 9513, 0, 0
1061999, 8620, 0, 0
1063000, 9868, 0, 0
1063999, 10350, 0, 0
1064999, 8072, 0, 0
1066000, 9036, 0, 0
1066999, 9897, 0, 0
1067999, 8124, 0, 0
1069000, 8792, 0, 0
1070000, 12388, 0, 0
1070999, 11175, 0, 0
1072000, 11427, 0, 0
1073000, 9796, 0, 0
1073999, 10650, 0, 0
1074999, 11691, 0, 0
1076000, 10136, 0, 0
1076999, 11019, 0, 0
1077999, 14626, 0, 0
1079000, 11840, 0, 0
1080000, 13712, 0, 0
1080999, 16112, 0, 0
1081999, 15147, 0, 0
1083000, 15660, 0, 0
1083999, 13865, 0, 0
1084999, 13305, 0, 0
1086000, 13996, 0, 0
1086999, 13601, 0, 0
1087999, 19539, 0, 0
1089000, 18352, 0, 0
1090000, 16208, 0, 0
1090999, 20292, 0, 0
1091999, 21825, 0, 0
1093000, 20364, 0, 0
1094000, 16360, 0, 0
1094999, 21473, 0, 0
1095999, 18746, 0, 0
1097000, 30268, 0, 0
1098000, 35860, 0, 0
1098999, 24268, 0, 0
1099999, 30114, 0, 0
1101000, 33616, 0, 0
1101999, 33485, 0, 0
1102999, 33901, 0, 0
1104000, 50616, 0, 0
1105000, 38668, 0, 0
1105999, 57317, 0, 0
1106999, 44984, 0, 0
1108000, 56212, 0, 0
1109000, 59380, 0, 0
1109999, 75735, 0, 0
1110999, 100308, 0, 0
1112000, 115112, 0, 0
1113000, 132420, 0, 0
1114000, 161056, 0, 0
1114999, 270534, 0, 0
1115999, 384808, 0, 0
1116999, 384528, 0, 0
1118000, 397340, 0, 0
1119000, 400324, 0, 0
1120000, 402168, 0, 0
1121000, 401480, 0, 0
1122000, 398632, 0, 0
1122999, 397313, 0, 0
1123999, 395487, 0, 0
1124999, 398662, 0, 0
1126000, 399444, 0, 0
1127000, 396788, 0, 0
1128000, 395196, 0, 0
1129000, 406236, 0, 0
1130000, 408176, 0, 0
1130999, 407395, 0, 0
1131999, 406878, 0, 0
1133000, 408868, 0, 0
1134000, 409000, 0, 0
1135000, 407992, 0, 0
1136000, 407096, 0, 0
1137000, 403824, 0, 0
1137999, 404380, 0, 0
1138999, 404572, 0, 0
1139999, 405229, 0, 0
1141000, 404412, 0, 0
1142000, 308208, 0, 0
1143000, 406684, 0, 0
1144000, 409548, 0, 0
1145000, 410832, 0, 0
1145999, 411011, 0, 0
1146999, 410670, 0, 0
1148000, 407275, 0, 0
1149000, 407948, 0, 0
1150000, 405876, 0, 0
1151000, 409896, 0, 0
1152000, 408460, 0, 0
1152999, 410878, 0, 0
1153999, 410974, 0, 0
1154999, 406962, 0, 0
1156000, 409448, 0, 0
1157000, 410048, 0, 0
1158000, 407560, 0, 0
1159000, 411624, 0, 0
1160000, 407544, 0, 0
1160999, 410390, 0, 0
1161999, 407595, 0, 0
1163000, 411867, 0, 0
1164000, 410892, 0, 0
1165000, 409608, 0, 0
1166000, 411608, 0, 0
1167000, 410716, 0, 0
1167999, 408236, 0, 0
1168999, 410710, 0, 0
1169999, 410662, 0, 0
1171000, 410044, 0, 0
1172000, 410160, 0, 0
1173000, 410664, 0, 0
1174000, 409324, 0, 0
1175000, 410860, 0, 0
1175999, 409997, 0, 0
1176999, 410546, 0, 0
1178000, 410288, 0, 0
1179000, 410416, 0, 0
1180000, 408792, 0, 0
1181000, 409948, 0, 0
1182000, 409620, 0, 0
1182999, 411459, 0, 0
1183999, 409541, 0, 0
1184999, 410714, 0, 0
1186000, 410436, 0, 0
1187000, 409896, 0, 0
1188000, 410176, 0, 0
1189000, 410184, 0, 0
1190000, 385132, 0, 0
1190999, 409305, 0, 0
1191999, 409345, 0, 0
1193000, 409124, 0, 0
1194000, 409716, 0, 0
1195000, 411020, 0, 0
1196000, 411140, 0, 0
1196999, 410830, 0, 0
1197999, 410834, 0, 0
1198999, 411331, 0, 0
1199999, 411043, 0, 0
1201000, 410352, 0, 0
1202000, 408560, 0, 0
1203000, 312676, 0, 0
1204000, 410228, 0, 0
1205000, 410080, 0, 0
1205999, 410322, 0, 0
1206999, 412096, 0, 0
1208000, 410428, 0, 0
1209000, 412492, 0, 0
1210000, 412644, 0, 0
1211000, 412668, 0, 0
1211999, 410910, 0, 0
1212999, 412748, 0, 0
1213999, 412176, 0, 0
1214999, 411435, 0, 0
1216000, 411892, 0, 0
1217000, 409924, 0, 0
1218000, 411088, 0, 0
1219000, 411664, 0, 0
1219999, 411107, 0, 0
1220999, 411439, 0, 0
1221999, 411319, 0, 0
1223000, 411356, 0, 0
1224000, 411036, 0, 0
1225000, 412508, 0, 0
1226000, 412540, 0, 0
1226999, 411047, 0, 0
1227999, 411863, 0, 0
1228999, 412128, 0, 0
1230000, 412168, 0, 0
1231000, 411592, 0, 0
1232000, 411568, 0, 0
1233000, 413272, 0, 0
1234000, 412356, 0, 0
1234999, 412932, 0, 0
1235999, 413589, 0, 0
1237000, 412236, 0, 0
1238000, 412140, 0, 0
1239000, 413324, 0, 0
1240000, 411308, 0, 0
1241000, 412836, 0, 0
1241999, 412452, 0, 0
1242999, 413229, 0, 0
1243999, 410782, 0, 0
1245000, 411492, 0, 0
1246000, 413520, 0, 0
1247000, 412084, 0, 0
1248000, 412084, 0, 0
1248999, 413517, 0, 0
1249999, 413913, 0, 0
1250999, 412668, 0, 0
1252000, 412580, 0, 0
1253000, 412680, 0, 0
1254000, 413292, 0, 0
1255000, 411944, 0, 0
1256000, 412052, 0, 0
1256999, 411371, 0, 0
1257999, 412432, 0, 0
1259000, 411608, 0, 0
1260000, 412540, 0, 0
1261000, 412220, 0, 0
1262000, 411880, 0, 0
1262999, 330826, 0, 0
1263999, 383783, 0, 0
1264999, 413769, 0, 0
1266000, 414752, 0, 0
1267000, 411680, 0, 0
1268000, 411596, 0, 0
1269000, 412828, 0, 0
1270000, 411140, 0, 0
1270999, 410502, 0, 0
1271999, 410834, 0, 0
1273000, 410672, 0, 0
1274000, 411188, 0, 0
1275000, 410668, 0, 0
1276000, 412024, 0, 0
1277000, 411576, 0, 0
1278000, 410012, 0, 0
1279000, 411176, 0, 0
1279999, 410442, 0, 0
1280999, 410942, 0, 0
1281999, 410742, 0, 0
1282999, 410354, 0, 0
1284000, 411020, 0, 0
1285000, 409476, 0, 0
1286000, 410404, 0, 0
1287000, 411344, 0, 0
1288000, 410516, 0, 0
1289000, 411636, 0, 0
1290000, 411564, 0, 0
1290999, 410894, 0, 0
1291999, 409917, 0, 0
1292999, 409417, 0, 0
1293999, 409873, 0, 0
1295000, 409524, 0, 0
1296000, 407936, 0, 0
1297000, 409068, 0, 0
1298000, 409040, 0, 0
1299000, 410024, 0, 0
1300000, 409088, 0, 0
1301000, 408440, 0, 0
1301999, 408928, 0, 0
1302999, 409773, 0, 0
1303999, 411559, 0, 0
1305000, 408432, 0, 0
1306000, 408044, 0, 0
1307000, 410660, 0, 0
1308000, 409640, 0, 0
1309000, 410380, 0, 0
1310000, 410144, 0, 0
1311000, 411592, 0, 0
1312000, 410016, 0, 0
1312999, 409985, 0, 0
1313999, 412104, 0, 0
1314999, 411247, 0, 0
1316000, 411584, 0, 0
1317000, 410416, 0, 0
1318000, 409828, 0, 0
1319000, 410516, 0, 0
1320000, 411024, 0, 0
1321000, 411632, 0, 0
1322000, 410484, 0, 0
1323000, 381656, 0, 0
1323999, 343455, 0, 0
1324999, 409925, 0, 0
1325999, 409089, 0, 0
1327000, 408388, 0, 0
1328000, 409620, 0, 0
1329000, 410896, 0, 0
1330000, 409712, 0, 0
1331000, 410444, 0, 0
1332000, 410116, 0, 0
1332999, 411215, 0, 0
1333999, 411247, 0, 0
1334999, 411299, 0, 0
1336000, 409000, 0, 0
1337000, 409800, 0, 0
1338000, 411224, 0, 0
1339000, 410516, 0, 0
1340000, 409228, 0, 0
1341000, 409724, 0, 0
1341999, 409445, 0, 0
1342999, 409117, 0, 0
1343999, 409669, 0, 0
1345000, 409028, 0, 0
1346000, 410248, 0, 0
1347000, 410784, 0, 0
1348000, 409372, 0, 0
1349000, 410912, 0, 0
1349999, 410070, 0, 0
1350999, 410818, 0, 0
1351999, 407919, 0, 0
1353000, 409608, 0, 0
1354000, 410892, 0, 0
1355000, 409124, 0, 0
1356000, 410092, 0, 0
1356999, 409269, 0, 0
1357999, 409685, 0, 0
1358999, 409849, 0, 0
1360000, 409208, 0, 0
1361000, 409304, 0, 0
1362000, 410220, 0, 0
1363000, 409624, 0, 0
1364000, 408904, 0, 0
1364999, 406234, 0, 0
1365999, 385717, 0, 0
1367000, 407228, 0, 0
1368000, 409548, 0, 0
1369000, 410180, 0, 0
1370000, 409072, 0, 0
1371000, 408700, 0, 0
1371999, 407871, 0, 0
1372999, 408344, 0, 0
1374000, 410212, 0, 0
1375000, 407296, 0, 0
1376000, 408864, 0, 0
1377000, 407796, 0, 0
1378000, 408392, 0, 0
1378999, 408500, 0, 0
1379999, 410214, 0, 0
1380999, 408440, 0, 0
1382000, 407712, 0, 0
1383000, 408000, 0, 0
1384000, 314580, 0, 0
1385000, 409712, 0, 0
1385999, 409709, 0, 0
1386999, 409069, 0, 0
1387999, 409457, 0, 0
1389000, 407244, 0, 0
1390000, 410896, 0, 0
1391000, 410468, 0, 0
1392000, 408776, 0, 0
1393000, 408376, 0, 0
1393999, 409149, 0, 0
1394999, 408408, 0, 0
1396000, 408468, 0, 0
1397000, 408308, 0, 0
1398000, 408632, 0, 0
1399000, 409184, 0, 0
1400000, 409152, 0, 0
1400999, 409437, 0, 0
1401999, 407303, 0, 0
1403000, 409192, 0, 0
1404000, 409384, 0, 0
1405000, 408552, 0, 0
1406000, 408840, 0, 0
1406999, 406814, 0, 0
1407999, 409277, 0, 0
1408999, 410250, 0, 0
1409999, 409113, 0, 0
1411000, 409464, 0, 0
1412000, 407144, 0, 0
1413000, 407644, 0, 0
1414000, 408628, 0, 0
1414999, 409465, 0, 0
1415999, 409993, 0, 0
1416999, 408276, 0, 0
1418000, 411704, 0, 0
1419000, 411256, 0, 0
1420000, 407908, 0, 0
1421000, 409924, 0, 0
1422000, 408984, 0, 0
1422999, 410098, 0, 0
1423999, 409233, 0, 0
1425000, 408500, 0, 0
1426000, 409308, 0, 0
1427000, 408560, 0, 0
1428000, 409200, 0, 0
1429000, 409908, 0, 0
1430000, 407488, 0, 0
1430999, 411147, 0, 0
1431999, 410730, 0, 0
1432999, 410706, 0, 0
1434000, 410072, 0, 0
1435000, 409200, 0, 0
1436000, 410288, 0, 0
1437000, 409960, 0, 0
1437999, 409401, 0, 0
1438999, 411343, 0, 0
1439999, 409965, 0, 0
1441000, 410992, 0, 0
1442000, 409536, 0, 0
1443000, 409380, 0, 0
1444000, 408772, 0, 0
1445000, 302772, 0, 0
1445999, 407775, 0, 0
1446999, 408060, 0, 0
1447999, 407439, 0, 0
1449000, 408176, 0, 0
1450000, 407796, 0, 0
1451000, 407720, 0, 0
1452000, 405764, 0, 0
1453000, 405996, 0, 0
1453999, 405837, 0, 0
1454999, 406662, 0, 0
1456000, 405804, 0, 0
1457000, 405700, 0, 0
1458000, 404400, 0, 0
1459000, 403788, 0, 0
1460000, 403872, 0, 0
1460999, 407607, 0, 0
1461999, 405937, 0, 0
1462999, 406070, 0, 0
1463999, 406462, 0, 0
1465000, 405660, 0, 0
1466000, 405192, 0, 0
1467000, 405124, 0, 0
1468000, 406168, 0, 0
1469000, 404480, 0, 0
1470000, 402964, 0, 0
1471000, 407876, 0, 0
1471999, 406442, 0, 0
1472999, 405909, 0, 0
1473999, 405001, 0, 0
1474999, 405281, 0, 0
1475999, 407315, 0, 0
1477000, 405712, 0, 0
1478000, 407140, 0, 0
1479000, 405732, 0, 0
1480000, 404016, 0, 0
1481000, 407452, 0, 0
1482000, 406196, 0, 0
1483000, 406204, 0, 0
1483999, 402162, 0, 0
1484999, 406754, 0, 0
1485999, 403407, 0, 0
1486999, 403947, 0, 0
1488000, 405756, 0, 0
1489000, 405736, 0, 0
1490000, 404148, 0, 0
1491000, 406524, 0, 0
1491999, 404804, 0, 0
1492999, 404316, 0, 0
1493999, 406074, 0, 0
1494999, 407175, 0, 0
1496000, 405992, 0, 0
1497000, 406860, 0, 0
1498000, 407336, 0, 0
1499000, 406692, 0, 0
1500000, 405456, 0, 0
1500999, 404880, 0, 0
1501999, 404656, 0, 0
1502999, 404916, 0, 0
1504000, 404676, 0, 0
1505000, 309256, 0, 0
1506000, 404116, 0, 0
1507000, 404576, 0, 0
1508000, 405552, 0, 0
1509000, 406288, 0, 0
1509999, 405017, 0, 0
1510999, 407863, 0, 0
1511999, 406454, 0, 0
1512999, 405569, 0, 0
1514000, 407440, 0, 0
1515000, 406232, 0, 0
1516000, 405592, 0, 0
1517000, 402700, 0, 0
1518000, 405836, 0, 0
1518999, 406382, 0, 0
1519999, 406474, 0, 0
1520999, 409289, 0, 0
1521999, 408596, 0, 0
1523000, 405912, 0, 0
1524000, 406920, 0, 0
1525000, 407288, 0, 0
1526000, 406344, 0, 0
1527000, 407376, 0, 0
1528000, 406840, 0, 0
1528999, 407159, 0, 0
1529999, 408328, 0, 0
1530999, 409253, 0, 0
1531999, 408792, 0, 0
1533000, 407264, 0, 0
1534000, 407116, 0, 0
1535000, 408416, 0, 0
1536000, 408536, 0, 0
1537000, 406856, 0, 0
1537999, 407675, 0, 0
1538999, 407647, 0, 0
1539999, 406726, 0, 0
1541000, 406528, 0, 0
1542000, 405520, 0, 0
1543000, 406212, 0, 0
1544000, 406192, 0, 0
1545000, 408528, 0, 0
1545999, 406002, 0, 0
1546999, 407355, 0, 0
1548000, 408084, 0, 0
1549000, 406724, 0, 0
1550000, 406524, 0, 0
1551000, 407108, 0, 0
1552000, 408872, 0, 0
1552999, 406362, 0, 0
1553999, 408440, 0, 0
1554999, 408588, 0, 0
1556000, 408584, 0, 0
1557000, 407184, 0, 0
1558000, 407464, 0, 0
1559000, 405720, 0, 0
1559999, 405329, 0, 0
1560999, 407399, 0, 0
1561999, 408092, 0, 0
1563000, 407280, 0, 0
1564000, 405828, 0, 0
1565000, 273304, 0, 0
1565999, 407591, 0, 0
1566999, 410762, 0, 0
1567999, 411003, 0, 0
1568999, 409537, 0, 0
1570000, 406408, 0, 0
1571000, 405720, 0, 0
1572000, 404800, 0, 0
1572999, 405893, 0, 0
1573999, 408164, 0, 0
1574999, 406654, 0, 0
1575999, 406810, 0, 0
1577000, 407264, 0, 0
1578000, 408900, 0, 0
1579000, 408900, 0, 0
1580000, 408404, 0, 0
1580999, 408568, 0, 0
1581999, 408220, 0, 0
1582999, 407611, 0, 0
1584000, 408000, 0, 0
1585000, 407984, 0, 0
1586000, 407204, 0, 0
1587000, 408376, 0, 0
1588000, 406388, 0, 0
1588999, 407779, 0, 0
1589999, 405225, 0, 0
1591000, 405712, 0, 0
1592000, 404756, 0, 0
1593000, 403428, 0, 0
1594000, 404408, 0, 0
1594999, 404312, 0, 0
1595999, 401185, 0, 0
1596999, 404212, 0, 0
1597999, 401529, 0, 0
1599000, 402116, 0, 0
1600000, 403576, 0, 0
1601000, 404120, 0, 0
1602000, 401556, 0, 0
1602999, 403715, 0, 0
1603999, 403951, 0, 0
1604999, 403655, 0, 0
1606000, 400980, 0, 0
1607000, 403016, 0, 0
1608000, 404364, 0, 0
1609000, 407644, 0, 0
1609999, 407211, 0, 0
1610999, 408008, 0, 0
1611999, 407179, 0, 0
1613000, 404912, 0, 0
1614000, 409304, 0, 0
1615000, 408180, 0, 0
1616000, 404460, 0, 0
1617000, 405056, 0, 0
1617999, 404572, 0, 0
1618999, 403827, 0, 0
1620000, 405368, 0, 0
1621000, 405512, 0, 0
1622000, 406180, 0, 0
1623000, 406228, 0, 0
1624000, 401224, 0, 0
1624999, 308524, 0, 0
1625999, 402774, 0, 0
1626999, 403903, 0, 0
1628000, 403972, 0, 0
1629000, 403876, 0, 0
1630000, 402920, 0, 0
1631000, 403492, 0, 0
1632000, 404196, 0, 0
1632999, 403303, 0, 0
1633999, 404176, 0, 0
1634999, 406402, 0, 0
1636000, 403564, 0, 0
1637000, 405024, 0, 0
1638000, 406264, 0, 0
1639000, 402552, 0, 0
1640000, 404332, 0, 0
1641000, 406028, 0, 0
1641999, 405705, 0, 0
1642999, 404284, 0, 0
1643999, 405797, 0, 0
1644999, 406226, 0, 0
1646000, 404812, 0, 0
1647000, 405844, 0, 0
1648000, 403616, 0, 0
1649000, 405236, 0, 0
1650000, 404572, 0, 0
1650999, 405933, 0, 0
1651999, 404724, 0, 0
1653000, 403744, 0, 0
1654000, 404024, 0, 0
1655000, 403736, 0, 0
1656000, 403848, 0, 0
1657000, 404512, 0, 0
1657999, 405685, 0, 0
1658999, 402734, 0, 0
1659999, 403631, 0, 0
1661000, 407024, 0, 0
1662000, 402976, 0, 0
1663000, 401424, 0, 0
1664000, 403108, 0, 0
1664999, 405449, 0, 0
1665999, 403483, 0, 0
1666999, 405469, 0, 0
1668000, 405516, 0, 0
1669000, 404192, 0, 0
1670000, 407188, 0, 0
1671000, 403988, 0, 0
1672000, 405344, 0, 0
1673000, 406364, 0, 0
1673999, 406002, 0, 0
1674999, 406538, 0, 0
1675999, 404592, 0, 0
1676999, 405845, 0, 0
1677999, 404836, 0, 0
1679000, 404300, 0, 0
1680000, 406484, 0, 0
1681000, 407492, 0, 0
1682000, 404768, 0, 0
1683000, 406428, 0, 0
1684000, 406468, 0, 0
1684999, 304784, 0, 0
1685999, 405849, 0, 0
1686999, 407391, 0, 0
1687999, 404472, 0, 0
1689000, 402820, 0, 0
1690000, 404780, 0, 0
1691000, 404000, 0, 0
1692000, 403088, 0, 0
1693000, 400556, 0, 0
1693999, 403315, 0, 0
1694999, 401573, 0, 0
1695999, 403467, 0, 0
1697000, 402756, 0, 0
1698000, 405568, 0, 0
1699000, 401336, 0, 0
1700000, 402900, 0, 0
1701000, 403504, 0, 0
1701999, 397709, 0, 0
1702999, 402214, 0, 0
1704000, 398612, 0, 0
1705000, 401272, 0, 0
1706000, 403532, 0, 0
1707000, 402796, 0, 0
1708000, 403416, 0, 0
1708999, 404296, 0, 0
1709999, 403939, 0, 0
1710999, 403915, 0, 0
1712000, 404992, 0, 0
1713000, 404852, 0, 0
1714000, 401904, 0, 0
1715000, 401360, 0, 0
1715999, 404496, 0, 0
1716999, 402778, 0, 0
1717999, 404200, 0, 0
1719000, 404568, 0, 0
1720000, 405376, 0, 0
1721000, 402440, 0, 0
1722000, 401132, 0, 0
1722999, 405417, 0, 0
1723999, 403651, 0, 0
1724999, 405125, 0, 0
1726000, 405464, 0, 0
1727000, 408092, 0, 0
1728000, 407420, 0, 0
1729000, 408036, 0, 0
1729999, 408692, 0, 0
1730999, 408756, 0, 0
1731999, 407651, 0, 0
1733000, 405036, 0, 0
1734000, 405176, 0, 0
1735000, 405900, 0, 0
1736000, 407176, 0, 0
1737000, 405728, 0, 0
1737999, 405689, 0, 0
1738999, 407747, 0, 0
1739999, 408556, 0, 0
1741000, 407248, 0, 0
1742000, 402972, 0, 0
1743000, 407652, 0, 0
1744000, 355008, 0, 0
1744999, 366506, 0, 0
1745999, 411647, 0, 0
1747000, 411296, 0, 0
1748000, 411288, 0, 0
1749000, 409972, 0, 0
1750000, 406696, 0, 0
1751000, 405376, 0, 0
1752000, 402632, 0, 0
1752999, 404720, 0, 0
1753999, 406538, 0, 0
1754999, 402122, 0, 0
1756000, 403768, 0, 0
1757000, 398424, 0, 0
1758000, 402096, 0, 0
1759000, 403288, 0, 0
1760000, 405496, 0, 0
1761000, 403844, 0, 0
1761999, 406730, 0, 0
1762999, 408112, 0, 0
1763999, 407419, 0, 0
1765000, 400320, 0, 0
1766000, 405788, 0, 0
1767000, 406208, 0, 0
1768000, 395060, 0, 0
1769000, 403060, 0, 0
1770000, 407188, 0, 0
1770999, 405761, 0, 0
1771999, 404832, 0, 0
1772999, 407923, 0, 0
1773999, 406982, 0, 0
1775000, 404364, 0, 0
1776000, 407052, 0, 0
1777000, 405616, 0, 0
1778000, 402252, 0, 0
1779000, 403652, 0, 0
1780000, 403940, 0, 0
1781000, 403744, 0, 0
1781999, 401781, 0, 0
1782999, 405893, 0, 0
1783999, 405461, 0, 0
1785000, 401276, 0, 0
1786000, 406372, 0, 0
1787000, 406436, 0, 0
1788000, 404576, 0, 0
1788999, 395375, 0, 0
1789999, 404256, 0, 0
1790999, 403895, 0, 0
1792000, 404912, 0, 0
1793000, 408492, 0, 0
1794000, 401156, 0, 0
1795000, 401552, 0, 0
1795999, 410286, 0, 0
1796999, 408404, 0, 0
1797999, 409341, 0, 0
1799000, 408176, 0, 0
1800000, 410616, 0, 0
