1000, 88, 0, 0
2000, 137, 0, 0
2999, 145, 0, 0
4000, 137, 0, 0
5000, 136, 0, 0
6000, 144, 0, 0
6999, 151, 0, 0
8000, 140, 0, 0
9000, 137, 0, 0
9999, 138, 0, 0
11000, 138, 0, 0
12000, 138, 0, 0
12999, 136, 0, 0
14000, 145, 0, 0
15000, 137, 0, 0
15999, 131, 0, 0
17000, 138, 0, 0
18000, 138, 0, 0
18999, 137, 0, 0
19999, 138, 0, 0
21000, 128, 0, 0
21999, 138, 0, 0
22999, 137, 0, 0
24000, 139, 0, 0
24999, 143, 0, 0
25999, 132, 0, 0
27000, 141, 0, 0
28000, 143, 0, 0
28999, 138, 0, 0
29999, 142, 0, 0
31000, 143, 0, 0
32000, 138, 0, 0
32999, 141, 0, 0
33999, 146, 0, 0
35000, 138, 0, 0
35999, 147, 0, 0
36999, 142, 0, 0
38000, 146, 0, 0
39000, 143, 0, 0
39999, 126, 0, 0
41000, 154, 0, 0
42000, 141, 0, 0
42999, 142, 0, 0
43999, 136, 0, 0
45000, 149, 0, 0
46000, 145, 0, 0
46999, 151, 0, 0
48000, 145, 0, 0
48999, 133, 0, 0
49999, 144, 0, 0
51000, 145, 0, 0
51999, 142, 0, 0
52999, 143, 0, 0
54000, 148, 0, 0
55000, 138, 0, 0
55999, 138, 0, 0
57000, 148, 0, 0
57999, 143, 0, 0
58999, 144, 0, 0
60000, 137, 0, 0
61000, 159, 0, 0
61999, 142, 0, 0
63000, 144, 0, 0
64000, 153, 0, 0
64999, 152, 0, 0
66000, 151, 0, 0
67000, 151, 0, 0
67999, 157, 0, 0
68999, 154, 0, 0
70000, 141, 0, 0
70999, 147, 0, 0
71999, 144, 0, 0
73000, 155, 0, 0
73999, 153, 0, 0
74999, 152, 0, 0
76000, 147, 0, 0
77000, 146, 0, 0
77999, 149, 0, 0
78999, 149, 0, 0
80000, 150, 0, 0
80999, 159, 0, 0
81999, 149, 0, 0
83000, 158, 0, 0
84000, 148, 0, 0
84999, 152, 0, 0
86000, 145, 0, 0
87000, 162, 0, 0
87999, 138, 0, 0
88999, 159, 0, 0
90000, 156, 0, 0
91000, 147, 0, 0
91999, 154, 0, 0
93000, 136, 0, 0
93999, 155, 0, 0
94999, 138, 0, 0
96000, 152, 0, 0
97000, 143, 0, 0
97999, 151, 0, 0
98999, 150, 0, 0
100000, 139, 0, 0
100999, 156, 0, 0
101999, 143, 0, 0
103000, 151, 0, 0
103999, 164, 0, 0
104999, 154, 0, 0
106000, 156, 0, 0
106999, 144, 0, 0
107999, 149, 0, 0
109000, 156, 0, 0
109999, 141, 0, 0
110999, 155, 0, 0
112000, 160, 0, 0
112999, 151, 0, 0
113999, 152, 0, 0
115000, 162, 0, 0
115999, 149, 0, 0
116999, 155, 0, 0
118000, 158, 0, 0
119000, 146, 0, 0
119999, 149, 0, 0
120999, 153, 0, 0
122000, 151, 0, 0
123000, 155, 0, 0
123999, 158, 0, 0
125000, 160, 0, 0
126000, 159, 0, 0
126999, 162, 0, 0
128000, 165, 0, 0
129000, 153, 0, 0
129999, 156, 0, 0
131000, 147, 0, 0
132000, 152, 0, 0
132999, 167, 0, 0
134000, 162, 0, 0
135000, 161, 0, 0
135999, 157, 0, 0
137000, 162, 0, 0
138000, 152, 0, 0
138999, 154, 0, 0
140000, 160, 0, 0
141000, 162, 0, 0
141999, 175, 0, 0
143000, 152, 0, 0
144000, 158, 0, 0
144999, 154, 0, 0
146000, 155, 0, 0
147000, 179, 0, 0
147999, 151, 0, 0
148999, 152, 0, 0
150000, 147, 0, 0
150999, 163, 0, 0
151999, 163, 0, 0
153000, 161, 0, 0
153999, 169, 0, 0
154999, 161, 0, 0
156000, 166, 0, 0
156999, 169, 0, 0
157999, 166, 0, 0
159000, 169, 0, 0
160000, 146, 0, 0
160999, 166, 0, 0
162000, 178, 0, 0
163000, 166, 0, 0
163999, 158, 0, 0
165000, 182, 0, 0
166000, 156, 0, 0
166999, 149, 0, 0
168000, 169, 0, 0
169000, 169, 0, 0
169999, 151, 0, 0
171000, 178, 0, 0
172000, 168, 0, 0
172999, 173, 0, 0
174000, 156, 0, 0
175000, 151, 0, 0
175999, 174, 0, 0
176999, 168, 0, 0
178000, 174, 0, 0
178999, 178, 0, 0
179999, 172, 0, 0
181000, 169, 0, 0
182000, 142, 0, 0
182999, 164, 0, 0
184000, 177, 0, 0
185000, 175, 0, 0
185999, 155, 0, 0
187000, 179, 0, 0
188000, 163, 0, 0
188999, 174, 0, 0
190000, 163, 0, 0
191000, 176, 0, 0
191999, 168, 0, 0
192999, 147, 0, 0
194000, 177, 0, 0
194999, 170, 0, 0
196000, 174, 0, 0
197000, 175, 0, 0
197999, 168, 0, 0
198999, 179, 0, 0
200000, 184, 0, 0
200999, 178, 0, 0
201999, 157, 0, 0
203000, 173, 0, 0
203999, 164, 0, 0
204999, 183, 0, 0
206000, 166, 0, 0
206999, 182, 0, 0
207999, 181, 0, 0
209000, 184, 0, 0
209999, 182, 0, 0
210999, 180, 0, 0
212000, 180, 0, 0
213000, 175, 0, 0
213999, 183, 0, 0
215000, 167, 0, 0
216000, 167, 0, 0
216999, 194, 0, 0
218000, 180, 0, 0
218999, 160, 0, 0
219999, 193, 0, 0
221000, 186, 0, 0
222000, 166, 0, 0
222999, 188, 0, 0
224000, 175, 0, 0
225000, 180, 0, 0
225999, 170, 0, 0
226999, 177, 0, 0
228000, 179, 0, 0
228999, 174, 0, 0
229999, 197, 0, 0
231000, 199, 0, 0
231999, 187, 0, 0
232999, 178, 0, 0
234000, 178, 0, 0
235000, 177, 0, 0
235999, 175, 0, 0
237000, 191, 0, 0
237999, 174, 0, 0
238999, 180, 0, 0
240000, 177, 0, 0
241000, 180, 0, 0
241999, 167, 0, 0
242999, 174, 0, 0
244000, 174, 0, 0
244999, 178, 0, 0
245999, 198, 0, 0
247000, 183, 0, 0
247999, 185, 0, 0
248999, 184, 0, 0
250000, 166, 0, 0
250999, 187, 0, 0
251999, 194, 0, 0
253000, 195, 0, 0
253999, 168, 0, 0
254999, 184, 0, 0
256000, 201, 0, 0
257000, 198, 0, 0
257999, 199, 0, 0
259000, 195, 0, 0
260000, 191, 0, 0
260999, 184, 0, 0
261999, 180, 0, 0
263000, 197, 0, 0
263999, 184, 0, 0
264999, 173, 0, 0
266000, 179, 0, 0
267000, 184, 0, 0
267999, 189, 0, 0
269000, 204, 0, 0
270000, 159, 0, 0
270999, 188, 0, 0
272000, 182, 0, 0
273000, 160, 0, 0
273999, 184, 0, 0
275000, 192, 0, 0
276000, 178, 0, 0
276999, 192, 0, 0
277999, 183, 0, 0
279000, 204, 0, 0
279999, 207, 0, 0
280999, 190, 0, 0
282000, 160, 0, 0
282999, 195, 0, 0
283999, 189, 0, 0
285000, 192, 0, 0
285999, 188, 0, 0
286999, 204, 0, 0
288000, 200, 0, 0
288999, 195, 0, 0
289999, 213, 0, 0
291000, 176, 0, 0
291999, 208, 0, 0
292999, 199, 0, 0
294000, 196, 0, 0
294999, 198, 0, 0
295999, 199, 0, 0
297000, 235, 0, 0
297999, 188, 0, 0
298999, 191, 0, 0
300000, 209, 0, 0
300999, 208, 0, 0
302000, 198, 0, 0
303000, 197, 0, 0
303999, 212, 0, 0
305000, 195, 0, 0
306000, 206, 0, 0
306999, 210, 0, 0
308000, 189, 0, 0
309000, 193, 0, 0
309999, 191, 0, 0
310999, 177, 0, 0
312000, 189, 0, 0
312999, 212, 0, 0
313999, 200, 0, 0
315000, 203, 0, 0
315999, 213, 0, 0
316999, 225, 0, 0
318000, 234, 0, 0
319000, 222, 0, 0
319999, 205, 0, 0
321000, 199, 0, 0
322000, 214, 0, 0
322999, 206, 0, 0
324000, 208, 0, 0
325000, 221, 0, 0
325999, 207, 0, 0
326999, 196, 0, 0
328000, 218, 0, 0
328999, 186, 0, 0
330000, 205, 0, 0
331000, 205, 0, 0
331999, 195, 0, 0
332999, 227, 0, 0
334000, 198, 0, 0
334999, 218, 0, 0
335999, 210, 0, 0
337000, 220, 0, 0
338000, 218, 0, 0
338999, 204, 0, 0
340000, 198, 0, 0
341000, 207, 0, 0
341999, 209, 0, 0
342999, 216, 0, 0
344000, 221, 0, 0
344999, 221, 0, 0
345999, 212, 0, 0
347000, 210, 0, 0
347999, 222, 0, 0
348999, 231, 0, 0
350000, 206, 0, 0
351000, 220, 0, 0
351999, 209, 0, 0
353000, 232, 0, 0
354000, 194, 0, 0
354999, 213, 0, 0
355999, 212, 0, 0
357000, 208, 0, 0
357999, 201, 0, 0
358999, 222, 0, 0
360000, 220, 0, 0
360999, 241, 0, 0
361999, 208, 0, 0
363000, 209, 0, 0
363999, 204, 0, 0
364999, 212, 0, 0
366000, 225, 0, 0
366999, 228, 0, 0
367999, 233, 0, 0
369000, 230, 0, 0
369999, 232, 0, 0
370999, 216, 0, 0
372000, 213, 0, 0
372999, 213, 0, 0
373999, 229, 0, 0
375000, 205, 0, 0
375999, 208, 0, 0
376999, 254, 0, 0
378000, 233, 0, 0
378999, 229, 0, 0
379999, 212, 0, 0
381000, 231, 0, 0
381999, 249, 0, 0
382999, 222, 0, 0
384000, 226, 0, 0
384999, 248, 0, 0
386000, 217, 0, 0
386999, 247, 0, 0
387999, 229, 0, 0
389000, 221, 0, 0
390000, 248, 0, 0
390999, 239, 0, 0
392000, 227, 0, 0
392999, 240, 0, 0
393999, 231, 0, 0
395000, 261, 0, 0
396000, 246, 0, 0
396999, 255, 0, 0
398000, 222, 0, 0
399000, 256, 0, 0
399999, 238, 0, 0
401000, 225, 0, 0
402000, 247, 0, 0
402999, 216, 0, 0
404000, 208, 0, 0
405000, 237, 0, 0
405999, 229, 0, 0
407000, 273, 0, 0
408000, 280, 0, 0
409000, 240, 0, 0
409999, 264, 0, 0
410999, 236, 0, 0
411999, 231, 0, 0
412999, 221, 0, 0
414000, 249, 0, 0
414999, 222, 0, 0
415999, 261, 0, 0
417000, 226, 0, 0
417999, 240, 0, 0
418999, 230, 0, 0
420000, 252, 0, 0
420999, 254, 0, 0
421999, 276, 0, 0
423000, 290, 0, 0
424000, 256, 0, 0
424999, 263, 0, 0
426000, 279, 0, 0
427000, 290, 0, 0
427999, 232, 0, 0
428999, 258, 0, 0
430000, 218, 0, 0
430999, 242, 0, 0
431999, 300, 0, 0
433000, 258, 0, 0
433999, 283, 0, 0
435000, 242, 0, 0
436000, 263, 0, 0
436999, 282, 0, 0
438000, 250, 0, 0
438999, 228, 0, 0
439999, 292, 0, 0
441000, 241, 0, 0
442000, 249, 0, 0
442999, 267, 0, 0
443999, 220, 0, 0
445000, 245, 0, 0
445999, 261, 0, 0
446999, 271, 0, 0
448000, 246, 0, 0
449000, 274, 0, 0
449999, 272, 0, 0
451000, 277, 0, 0
452000, 260, 0, 0
452999, 282, 0, 0
453999, 254, 0, 0
455000, 264, 0, 0
455999, 264, 0, 0
456999, 257, 0, 0
458000, 281, 0, 0
458999, 241, 0, 0
459999, 274, 0, 0
461000, 261, 0, 0
461999, 246, 0, 0
463000, 260, 0, 0
464000, 275, 0, 0
464999, 255, 0, 0
466000, 278, 0, 0
467000, 285, 0, 0
467999, 276, 0, 0
468999, 239, 0, 0
470000, 251, 0, 0
470999, 286, 0, 0
471999, 283, 0, 0
473000, 309, 0, 0
473999, 275, 0, 0
474999, 258, 0, 0
476000, 293, 0, 0
476999, 277, 0, 0
477999, 297, 0, 0
479000, 342, 0, 0
479999, 294, 0, 0
480999, 284, 0, 0
482000, 274, 0, 0
483000, 312, 0, 0
483999, 311, 0, 0
485000, 251, 0, 0
486000, 255, 0, 0
486999, 272, 0, 0
488000, 292, 0, 0
489000, 314, 0, 0
489999, 332, 0, 0
490999, 284, 0, 0
492000, 273, 0, 0
493000, 290, 0, 0
493999, 297, 0, 0
495000, 255, 0, 0
496000, 324, 0, 0
496999, 283, 0, 0
497999, 275, 0, 0
499000, 326, 0, 0
499999, 308, 0, 0
500999, 303, 0, 0
502000, 259, 0, 0
502999, 304, 0, 0
503999, 280, 0, 0
505000, 299, 0, 0
506000, 293, 0, 0
506999, 290, 0, 0
508000, 295, 0, 0
509000, 296, 0, 0
509999, 328, 0, 0
511000, 314, 0, 0
512000, 267, 0, 0
512999, 310, 0, 0
513999, 289, 0, 0
515000, 304, 0, 0
515999, 294, 0, 0
517000, 325, 0, 0
518000, 329, 0, 0
518999, 318, 0, 0
519999, 300, 0, 0
521000, 317, 0, 0
522000, 291, 0, 0
522999, 297, 0, 0
523999, 329, 0, 0
525000, 299, 0, 0
525999, 245, 0, 0
526999, 352, 0, 0
528000, 300, 0, 0
529000, 350, 0, 0
529999, 327, 0, 0
531000, 320, 0, 0
532000, 307, 0, 0
532999, 307, 0, 0
534000, 269, 0, 0
535000, 358, 0, 0
535999, 329, 0, 0
537000, 316, 0, 0
538000, 325, 0, 0
538999, 298, 0, 0
540000, 288, 0, 0
541000, 329, 0, 0
541999, 343, 0, 0
542999, 331, 0, 0
544000, 311, 0, 0
544999, 287, 0, 0
545999, 282, 0, 0
547000, 320, 0, 0
547999, 311, 0, 0
548999, 325, 0, 0
550000, 401, 0, 0
550999, 340, 0, 0
551999, 376, 0, 0
553000, 314, 0, 0
554000, 307, 0, 0
554999, 340, 0, 0
555999, 327, 0, 0
557000, 331, 0, 0
557999, 341, 0, 0
558999, 311, 0, 0
560000, 297, 0, 0
560999, 398, 0, 0
561999, 302, 0, 0
563000, 344, 0, 0
564000, 401, 0, 0
564999, 364, 0, 0
566000, 342, 0, 0
566999, 327, 0, 0
567999, 287, 0, 0
569000, 386, 0, 0
570000, 360, 0, 0
570999, 350, 0, 0
572000, 370, 0, 0
573000, 364, 0, 0
573999, 358, 0, 0
574999, 356, 0, 0
576000, 344, 0, 0
577000, 345, 0, 0
577999, 365, 0, 0
579000, 318, 0, 0
580000, 361, 0, 0
580999, 379, 0, 0
582000, 363, 0, 0
583000, 333, 0, 0
584000, 337, 0, 0
585000, 388, 0, 0
586000, 375, 0, 0
587000, 349, 0, 0
588000, 369, 0, 0
589000, 410, 0, 0
590000, 393, 0, 0
591000, 407, 0, 0
592000, 347, 0, 0
593000, 352, 0, 0
594000, 326, 0, 0
595000, 335, 0, 0
596000, 307, 0, 0
597000, 405, 0, 0
598000, 408, 0, 0
599000, 367, 0, 0
600000, 427, 0, 0
601000, 369, 0, 0
602000, 430, 0, 0
603000, 378, 0, 0
604000, 414, 0, 0
605000, 436, 0, 0
606000, 379, 0, 0
607000, 386, 0, 0
608000, 412, 0, 0
608999, 402, 0, 0
610000, 408, 0, 0
611000, 437, 0, 0
612000, 351, 0, 0
613000, 423, 0, 0
614000, 394, 0, 0
615000, 375, 0, 0
616000, 341, 0, 0
617000, 411, 0, 0
618000, 385, 0, 0
619000, 407, 0, 0
620000, 363, 0, 0
621000, 407, 0, 0
622000, 395, 0, 0
623000, 443, 0, 0
624000, 420, 0, 0
625000, 368, 0, 0
626000, 373, 0, 0
627000, 369, 0, 0
628000, 402, 0, 0
629000, 376, 0, 0
630000, 437, 0, 0
630999, 424, 0, 0
631999, 414, 0, 0
633000, 382, 0, 0
633999, 417, 0, 0
634999, 393, 0, 0
635998, 418, 0, 0
636999, 467, 0, 0
637998, 393, 0, 0
638998, 402, 0, 0
639998, 467, 0, 0
640998, 448, 0, 0
641998, 374, 0, 0
642997, 353, 0, 0
643997, 425, 0, 0
644997, 362, 0, 0
645997, 290, 0, 0
646997, 402, 0, 0
647997, 327, 0, 0
648996, 396, 0, 0
649996, 424, 0, 0
650996, 392, 0, 0
651995, 401, 0, 0
652996, 402, 0, 0
653996, 425, 0, 0
654995, 452, 0, 0
655995, 429, 0, 0
656994, 429, 0, 0
657994, 425, 0, 0
658995, 371, 0, 0
659994, 370, 0, 0
660994, 408, 0, 0
661993, 398, 0, 0
662993, 377, 0, 0
663994, 369, 0, 0
664993, 422, 0, 0
665993, 421, 0, 0
666992, 405, 0, 0
667993, 476, 0, 0
668993, 441, 0, 0
669992, 488, 0, 0
670992, 398, 0, 0
671991, 417, 0, 0
672992, 350, 0, 0
673991, 419, 0, 0
674991, 439, 0, 0
675991, 430, 0, 0
676991, 385, 0, 0
677991, 438, 0, 0
679000, 419, 0, 0
680000, 392, 0, 0
680999, 451, 0, 0
682000, 427, 0, 0
683000, 405, 0, 0
683999, 395, 0, 0
685000, 391, 0, 0
686000, 380, 0, 0
686999, 407, 0, 0
688000, 397, 0, 0
689000, 389, 0, 0
689999, 373, 0, 0
691000, 420, 0, 0
692000, 427, 0, 0
692999, 376, 0, 0
694000, 408, 0, 0
695000, 469, 0, 0
695999, 389, 0, 0
697000, 364, 0, 0
698000, 428, 0, 0
698999, 435, 0, 0
700000, 458, 0, 0
701000, 361, 0, 0
701999, 467, 0, 0
703000, 406, 0, 0
704000, 428, 0, 0
704999, 382, 0, 0
705999, 391, 0, 0
707000, 436, 0, 0
707999, 401, 0, 0
708999, 424, 0, 0
710000, 476, 0, 0
711000, 480, 0, 0
711999, 493, 0, 0
713000, 341, 0, 0
714000, 411, 0, 0
714999, 377, 0, 0
715999, 381, 0, 0
717000, 448, 0, 0
717999, 373, 0, 0
718999, 454, 0, 0
720000, 409, 0, 0
720999, 383, 0, 0
721999, 434, 0, 0
723000, 392, 0, 0
724000, 408, 0, 0
724999, 413, 0, 0
725999, 420, 0, 0
726999, 421, 0, 0
727999, 416, 0, 0
729000, 340, 0, 0
730000, 397, 0, 0
730999, 372, 0, 0
732000, 430, 0, 0
733000, 432, 0, 0
733999, 427, 0, 0
734999, 373, 0, 0
736000, 428, 0, 0
736999, 340, 0, 0
737999, 416, 0, 0
739000, 412, 0, 0
739999, 398, 0, 0
741000, 407, 0, 0
742000, 489, 0, 0
742999, 427, 0, 0
743999, 449, 0, 0
745000, 374, 0, 0
745999, 447, 0, 0
746999, 398, 0, 0
748000, 445, 0, 0
748999, 435, 0, 0
749999, 462, 0, 0
751000, 461, 0, 0
751999, 412, 0, 0
752999, 441, 0, 0
754000, 423, 0, 0
755000, 389, 0, 0
755999, 454, 0, 0
757000, 373, 0, 0
758000, 437, 0, 0
758999, 404, 0, 0
760000, 383, 0, 0
761000, 424, 0, 0
761999, 446, 0, 0
763000, 416, 0, 0
764000, 482, 0, 0
764999, 387, 0, 0
765999, 372, 0, 0
767000, 406, 0, 0
767999, 437, 0, 0
768999, 393, 0, 0
770000, 454, 0, 0
770999, 420, 0, 0
772000, 519, 0, 0
773000, 418, 0, 0
773999, 438, 0, 0
775000, 477, 0, 0
776000, 486, 0, 0
776999, 429, 0, 0
777999, 426, 0, 0
779000, 448, 0, 0
780000, 400, 0, 0
780999, 435, 0, 0
782000, 398, 0, 0
783000, 446, 0, 0
783999, 460, 0, 0
784999, 451, 0, 0
786000, 433, 0, 0
786999, 434, 0, 0
787999, 441, 0, 0
789000, 456, 0, 0
789999, 316, 0, 0
790999, 384, 0, 0
792000, 464, 0, 0
792999, 475, 0, 0
793999, 448, 0, 0
795000, 423, 0, 0
795999, 418, 0, 0
796999, 421, 0, 0
798000, 514, 0, 0
798999, 402, 0, 0
799999, 412, 0, 0
801000, 379, 0, 0
802000, 466, 0, 0
802999, 421, 0, 0
804000, 419, 0, 0
805000, 428, 0, 0
805999, 436, 0, 0
807000, 454, 0, 0
808000, 445, 0, 0
808999, 435, 0, 0
810000, 420, 0, 0
811000, 376, 0, 0
811999, 384, 0, 0
813000, 463, 0, 0
814000, 504, 0, 0
814999, 398, 0, 0
815999, 512, 0, 0
817000, 488, 0, 0
817999, 482, 0, 0
818999, 409, 0, 0
820000, 440, 0, 0
820999, 389, 0, 0
821999, 452, 0, 0
823000, 503, 0, 0
824000, 498, 0, 0
824999, 399, 0, 0
826000, 424, 0, 0
827000, 473, 0, 0
827999, 480, 0, 0
829000, 512, 0, 0
830000, 396, 0, 0
830999, 448, 0, 0
832000, 382, 0, 0
833000, 468, 0, 0
833999, 444, 0, 0
834999, 482, 0, 0
836000, 483, 0, 0
836999, 468, 0, 0
838000, 453, 0, 0
839000, 456, 0, 0
839999, 437, 0, 0
840999, 478, 0, 0
842000, 433, 0, 0
842999, 473, 0, 0
843999, 512, 0, 0
845000, 442, 0, 0
845999, 445, 0, 0
846999, 415, 0, 0
848000, 534, 0, 0
849000, 384, 0, 0
849999, 485, 0, 0
851000, 474, 0, 0
852000, 534, 0, 0
852999, 479, 0, 0
854000, 427, 0, 0
854999, 482, 0, 0
855999, 500, 0, 0
857000, 473, 0, 0
858000, 434, 0, 0
858999, 437, 0, 0
860000, 418, 0, 0
861000, 394, 0, 0
861999, 462, 0, 0
863000, 501, 0, 0
864000, 509, 0, 0
864999, 507, 0, 0
866000, 493, 0, 0
867000, 512, 0, 0
867999, 472, 0, 0
869000, 448, 0, 0
869999, 560, 0, 0
870999, 468, 0, 0
872000, 494, 0, 0
873000, 474, 0, 0
873999, 541, 0, 0
874999, 443, 0, 0
876000, 507, 0, 0
876999, 511, 0, 0
877999, 471, 0, 0
879000, 498, 0, 0
879999, 500, 0, 0
880999, 571, 0, 0
882000, 473, 0, 0
883000, 520, 0, 0
883999, 481, 0, 0
885000, 501, 0, 0
886000, 432, 0, 0
886999, 565, 0, 0
888000, 493, 0, 0
889000, 494, 0, 0
889999, 578, 0, 0
890999, 473, 0, 0
892000, 486, 0, 0
893000, 471, 0, 0
893999, 489, 0, 0
895000, 510, 0, 0
896000, 505, 0, 0
896999, 594, 0, 0
897999, 508, 0, 0
899000, 508, 0, 0
899999, 511, 0, 0
900999, 559, 0, 0
902000, 577, 0, 0
903000, 535, 0, 0
903999, 474, 0, 0
904999, 655, 0, 0
906000, 560, 0, 0
906999, 448, 0, 0
907999, 566, 0, 0
909000, 597, 0, 0
909999, 531, 0, 0
910999, 469, 0, 0
912000, 592, 0, 0
912999, 513, 0, 0
913999, 533, 0, 0
915000, 618, 0, 0
916000, 637, 0, 0
916999, 626, 0, 0
917999, 540, 0, 0
919000, 561, 0, 0
919999, 614, 0, 0
920999, 563, 0, 0
922000, 548, 0, 0
922999, 592, 0, 0
923999, 538, 0, 0
925000, 555, 0, 0
925999, 599, 0, 0
926999, 604, 0, 0
928000, 504, 0, 0
929000, 567, 0, 0
929999, 501, 0, 0
931000, 613, 0, 0
932000, 513, 0, 0
932999, 570, 0, 0
934000, 642, 0, 0
935000, 605, 0, 0
935999, 562, 0, 0
936999, 629, 0, 0
938000, 573, 0, 0
938999, 572, 0, 0
939999, 611, 0, 0
941000, 660, 0, 0
941999, 605, 0, 0
942999, 613, 0, 0
944000, 634, 0, 0
944999, 675, 0, 0
945999, 675, 0, 0
947000, 664, 0, 0
947999, 644, 0, 0
948999, 640, 0, 0
950000, 675, 0, 0
951000, 557, 0, 0
951999, 738, 0, 0
953000, 673, 0, 0
954000, 592, 0, 0
954999, 579, 0, 0
956000, 666, 0, 0
957000, 651, 0, 0
957999, 646, 0, 0
959000, 591, 0, 0
960000, 700, 0, 0
960999, 827, 0, 0
961999, 657, 0, 0
963000, 651, 0, 0
963999, 695, 0, 0
964999, 827, 0, 0
966000, 724, 0, 0
966999, 824, 0, 0
967999, 680, 0, 0
969000, 726, 0, 0
970000, 616, 0, 0
970999, 775, 0, 0
971999, 663, 0, 0
973000, 740, 0, 0
974000, 859, 0, 0
974999, 704, 0, 0
976000, 712, 0, 0
977000, 736, 0, 0
977999, 660, 0, 0
978999, 746, 0, 0
980000, 676, 0, 0
980999, 774, 0, 0
981999, 638, 0, 0
983000, 739, 0, 0
984000, 810, 0, 0
984999, 762, 0, 0
986000, 699, 0, 0
987000, 680, 0, 0
987999, 910, 0, 0
988999, 1031, 0, 0
990000, 727, 0, 0
990999, 823, 0, 0
991999, 770, 0, 0
993000, 712, 0, 0
993999, 817, 0, 0
994999, 836, 0, 0
996000, 835, 0, 0
996999, 814, 0, 0
997999, 745, 0, 0
999000, 1031, 0, 0
999999, 955, 0, 0
1000999, 949, 0, 0
1002000, 897, 0, 0
1002999, 780, 0, 0
1003999, 751, 0, 0
1005000, 824, 0, 0
1005999, 1141, 0, 0
1006999, 1017, 0, 0
1008000, 934, 0, 0
1008999, 818, 0, 0
1009999, 1180, 0, 0
1011000, 850, 0, 0
1012000, 951, 0, 0
1012999, 909, 0, 0
1013999, 921, 0, 0
1015000, 929, 0, 0
1015999, 969, 0, 0
1016999, 1071, 0, 0
1018000, 968, 0, 0
1018999, 1033, 0, 0
1019999, 1089, 0, 0
1021000, 1085, 0, 0
1022000, 1149, 0, 0
1022999, 1057, 0, 0
1023999, 1119, 0, 0
1025000, 1113, 0, 0
1025999, 965, 0, 0
1026999, 1193, 0, 0
1028000, 1168, 0, 0
1028999, 1171, 0, 0
1029999, 1136, 0, 0
1030999, 1166, 0, 0
1032000, 1105, 0, 0
1032999, 1092, 0, 0
1033999, 1205, 0, 0
1035000, 1202, 0, 0
1035999, 979, 0, 0
1036999, 1270, 0, 0
1038000, 1352, 0, 0
1039000, 987, 0, 0
1039999, 1062, 0, 0
1041000, 1415, 0, 0
1042000, 1593, 0, 0
1042999, 1184, 0, 0
1043999, 1194, 0, 0
1045000, 1218, 0, 0
1046000, 1328, 0, 0
1046999, 1130, 0, 0
1047999, 1633, 0, 0
1049000, 1525, 0, 0
1049999, 1217, 0, 0
1050999, 1496, 0, 0
1052000, 1288, 0, 0
1052999, 1058, 0, 0
1053999, 1332, 0, 0
1055000, 1384, 0, 0
1056000, 1570, 0, 0
1056999, 1388, 0, 0
1057999, 1404, 0, 0
1059000, 1553, 0, 0
1060000, 1441, 0, 0
1060999, 1402, 0, 0
1062000, 2047, 0, 0
1063000, 1488, 0, 0
1063999, 1558, 0, 0
1064999, 1855, 0, 0
1066000, 1303, 0, 0
1066999, 1796, 0, 0
1067999, 1851, 0, 0
1069000, 1627, 0, 0
1070000, 1392, 0, 0
1070999, 1733, 0, 0
1072000, 2117, 0, 0
1073000, 1679, 0, 0
1073999, 1640, 0, 0
1074999, 1803, 0, 0
1076000, 1737, 0, 0
1076999, 1794, 0, 0
1077999, 1901, 0, 0
1079000, 2207, 0, 0
1080000, 1709, 0, 0
1080999, 1507, 0, 0
1082000, 1842, 0, 0
1083000, 2434, 0, 0
1083999, 2212, 0, 0
1084999, 2048, 0, 0
1086000, 2364, 0, 0
1086999, 2275, 0, 0
1087999, 2360, 0, 0
1089000, 2105, 0, 0
1090000, 2170, 0, 0
1090999, 2205, 0, 0
1091999, 2018, 0, 0
1093000, 2735, 0, 0
1094000, 2692, 0, 0
1094999, 2750, 0, 0
1095999, 2961, 0, 0
1097000, 3206, 0, 0
1098000, 2829, 0, 0
1098999, 3178, 0, 0
1100000, 3418, 0, 0
1101000, 3059, 0, 0
1101999, 2881, 0, 0
1102999, 2949, 0, 0
1104000, 3326, 0, 0
1105000, 3255, 0, 0
1105999, 3167, 0, 0
1107000, 3386, 0, 0
1108000, 4373, 0, 0
1109000, 2759, 0, 0
1109999, 2842, 0, 0
1110999, 4179, 0, 0
1112000, 3123, 0, 0
1113000, 4074, 0, 0
1114000, 5615, 0, 0
1114999, 3655, 0, 0
1115999, 4464, 0, 0
1116999, 4640, 0, 0
1118000, 4865, 0, 0
1119000, 5949, 0, 0
1120000, 4386, 0, 0
1121000, 5338, 0, 0
1122000, 4094, 0, 0
1122999, 5233, 0, 0
1123999, 5727, 0, 0
1125000, 4986, 0, 0
1126000, 7575, 0, 0
1127000, 7573, 0, 0
1128000, 7017, 0, 0
1129000, 8033, 0, 0
1130000, 10956, 0, 0
1130999, 10230, 0, 0
1131999, 9452, 0, 0
1133000, 7218, 0, 0
1134000, 8123, 0, 0
1135000, 12564, 0, 0
1136000, 11300, 0, 0
1137000, 11342, 0, 0
1137999, 11824, 0, 0
1138999, 11823, 0, 0
1139999, 8911, 0, 0
1141000, 8319, 0, 0
1142000, 11494, 0, 0
1143000, 13596, 0, 0
1144000, 6081, 0, 0
1145000, 12091, 0, 0
1145999, 9027, 0, 0
1146999, 8609, 0, 0
1148000, 9389, 0, 0
1149000, 10318, 0, 0
1150000, 6841, 0, 0
1151000, 9138, 0, 0
1152000, 8035, 0, 0
1152999, 10308, 0, 0
1153999, 6306, 0, 0
1154999, 7055, 0, 0
1156000, 8681, 0, 0
1157000, 9621, 0, 0
1158000, 9503, 0, 0
1159000, 8612, 0, 0
1160000, 9283, 0, 0
1160999, 9169, 0, 0
1161999, 8263, 0, 0
1163000, 11976, 0, 0
1164000, 10265, 0, 0
1165000, 8272, 0, 0
1166000, 8969, 0, 0
1167000, 6448, 0, 0
1167999, 8020, 0, 0
1168999, 9704, 0, 0
1169999, 7711, 0, 0
1171000, 11279, 0, 0
1172000, 5287, 0, 0
1173000, 7782, 0, 0
1174000, 5119, 0, 0
1175000, 10294, 0, 0
1175999, 6327, 0, 0
1176999, 7699, 0, 0
1178000, 8333, 0, 0
1179000, 6904, 0, 0
1180000, 6363, 0, 0
1181000, 6572, 0, 0
1182000, 7782, 0, 0
1182999, 10333, 0, 0
1183999, 8771, 0, 0
1185000, 9637, 0, 0
1186000, 5632, 0, 0
1187000, 7783, 0, 0
1188000, 8413, 0, 0
1189000, 6567, 0, 0
1190000, 7074, 0, 0
1190999, 6262, 0, 0
1191999, 6962, 0, 0
1193000, 5894, 0, 0
1194000, 6928, 0, 0
1195000, 7740, 0, 0
1196000, 6506, 0, 0
1196999, 7092, 0, 0
1197999, 7401, 0, 0
1198999, 8175, 0, 0
1200000, 5722, 0, 0
1201000, 9248, 0, 0
1202000, 8317, 0, 0
1203000, 6953, 0, 0
1204000, 9070, 0, 0
1205000, 10327, 0, 0
1205999, 7668, 0, 0
1206999, 9404, 0, 0
1208000, 6825, 0, 0
1209000, 7872, 0, 0
1210000, 7424, 0, 0
1211000, 8531, 0, 0
1211999, 10081, 0, 0
1212999, 10726, 0, 0
1213999, 8827, 0, 0
1215000, 7988, 0, 0
1216000, 7115, 0, 0
1217000, 7565, 0, 0
1218000, 7238, 0, 0
1219000, 9766, 0, 0
1219999, 11199, 0, 0
1220999, 10172, 0, 0
1221999, 5369, 0, 0
1223000, 7707, 0, 0
1224000, 7543, 0, 0
1225000, 6341, 0, 0
1226000, 7326, 0, 0
1226999, 11256, 0, 0
1227999, 8078, 0, 0
1229000, 9475, 0, 0
1230000, 6637, 0, 0
1231000, 9246, 0, 0
1232000, 7263, 0, 0
1233000, 7037, 0, 0
1234000, 6775, 0, 0
1234999, 8861, 0, 0
1235999, 7473, 0, 0
1237000, 9657, 0, 0
1238000, 9012, 0, 0
1239000, 9469, 0, 0
1240000, 8573, 0, 0
1241000, 9329, 0, 0
1241999, 8132, 0, 0
1242999, 7699, 0, 0
1244000, 9595, 0, 0
1245000, 10589, 0, 0
1246000, 9058, 0, 0
1247000, 9826, 0, 0
1248000, 7735, 0, 0
1248999, 7473, 0, 0
1249999, 8575, 0, 0
1250999, 9613, 0, 0
1252000, 9683, 0, 0
1253000, 7581, 0, 0
1254000, 9611, 0, 0
1255000, 7944, 0, 0
1256000, 7132, 0, 0
1256999, 8833, 0, 0
1257999, 11398, 0, 0
1259000, 8457, 0, 0
1260000, 6420, 0, 0
1261000, 8923, 0, 0
1262000, 7794, 0, 0
1262999, 6553, 0, 0
1263999, 7011, 0, 0
1264999, 5521, 0, 0
1266000, 7185, 0, 0
1267000, 8882, 0, 0
1268000, 11081, 0, 0
1269000, 9186, 0, 0
1270000, 9244, 0, 0
1270999, 10781, 0, 0
1271999, 8429, 0, 0
1273000, 10214, 0, 0
1274000, 11874, 0, 0
1275000, 7580, 0, 0
1276000, 9809, 0, 0
1277000, 6428, 0, 0
1278000, 8486, 0, 0
1279000, 8524, 0, 0
1279999, 9542, 0, 0
1280999, 10027, 0, 0
1281999, 10717, 0, 0
1283000, 10312, 0, 0
1284000, 10390, 0, 0
1285000, 9666, 0, 0
1286000, 10291, 0, 0
1287000, 6135, 0, 0
1288000, 7548, 0, 0
1289000, 14443, 0, 0
1290000, 9781, 0, 0
1290999, 10255, 0, 0
1291999, 11028, 0, 0
1292999, 8771, 0, 0
1294000, 7215, 0, 0
1295000, 10689, 0, 0
1296000, 8105, 0, 0
1297000, 8430, 0, 0
1298000, 10058, 0, 0
1299000, 10544, 0, 0
1300000, 9681, 0, 0
1301000, 10077, 0, 0
1301999, 12993, 0, 0
1302999, 11628, 0, 0
1303999, 6951, 0, 0
1305000, 6513, 0, 0
1306000, 10158, 0, 0
1307000, 8779, 0, 0
1308000, 6943, 0, 0
1309000, 11213, 0, 0
1310000, 8559, 0, 0
1311000, 9194, 0, 0
1312000, 10585, 0, 0
1312999, 9402, 0, 0
1313999, 9226, 0, 0
1314999, 8656, 0, 0
1316000, 8658, 0, 0
1317000, 7304, 0, 0
1318000, 8800, 0, 0
1319000, 7332, 0, 0
1320000, 11207, 0, 0
1321000, 9262, 0, 0
1322000, 9432, 0, 0
1323000, 11678, 0, 0
1323999, 11206, 0, 0
1324999, 10928, 0, 0
1326000, 9569, 0, 0
1327000, 8700, 0, 0
1328000, 10359, 0, 0
1329000, 9551, 0, 0
1330000, 6878, 0, 0
1331000, 6904, 0, 0
1332000, 8247, 0, 0
1332999, 9020, 0, 0
1333999, 10268, 0, 0
1335000, 11023, 0, 0
1336000, 6691, 0, 0
1337000, 9933, 0, 0
1338000, 10400, 0, 0
1339000, 7069, 0, 0
1340000, 6281, 0, 0
1341000, 9301, 0, 0
1341999, 8861, 0, 0
1342999, 8523, 0, 0
1343999, 7879, 0, 0
1345000, 10767, 0, 0
1346000, 8657, 0, 0
1347000, 8880, 0, 0
1348000, 8892, 0, 0
1349000, 10329, 0, 0
1349999, 8099, 0, 0
1350999, 11550, 0, 0
1352000, 9998, 0, 0
1353000, 13646, 0, 0
1354000, 8376, 0, 0
1355000, 8286, 0, 0
1356000, 10588, 0, 0
1356999, 7890, 0, 0
1357999, 10261, 0, 0
1358999, 11531, 0, 0
1360000, 12503, 0, 0
1361000, 8235, 0, 0
1362000, 11296, 0, 0
1363000, 7201, 0, 0
1364000, 10864, 0, 0
1364999, 10413, 0, 0
1365999, 11527, 0, 0
1367000, 13014, 0, 0
1368000, 8915, 0, 0
1369000, 9716, 0, 0
1370000, 9293, 0, 0
1371000, 6466, 0, 0
1371999, 9423, 0, 0
1372999, 11642, 0, 0
1374000, 7837, 0, 0
1375000, 7981, 0, 0
1376000, 8937, 0, 0
1377000, 7321, 0, 0
1378000, 8631, 0, 0
1378999, 10039, 0, 0
1379999, 10331, 0, 0
1381000, 12287, 0, 0
1382000, 8722, 0, 0
1383000, 8385, 0, 0
1384000, 7408, 0, 0
1385000, 11933, 0, 0
1385999, 9364, 0, 0
1386999, 8500, 0, 0
1388000, 9325, 0, 0
1389000, 11669, 0, 0
1390000, 7232, 0, 0
1391000, 9764, 0, 0
1392000, 9110, 0, 0
1393000, 8446, 0, 0
1393999, 9008, 0, 0
1394999, 11020, 0, 0
1396000, 7267, 0, 0
1397000, 9556, 0, 0
1398000, 9264, 0, 0
1399000, 10493, 0, 0
1400000, 7568, 0, 0
1400999, 6898, 0, 0
1401999, 9820, 0, 0
1403000, 6430, 0, 0
1404000, 8794, 0, 0
1405000, 10565, 0, 0
1406000, 8512, 0, 0
1406999, 8438, 0, 0
1407999, 10657, 0, 0
1408999, 11785, 0, 0
1410000, 12800, 0, 0
1411000, 8682, 0, 0
1412000, 7685, 0, 0
1413000, 12834, 0, 0
1414000, 8972, 0, 0
1414999, 9563, 0, 0
1415999, 11172, 0, 0
1416999, 9059, 0, 0
1418000, 9068, 0, 0
1419000, 10784, 0, 0
1420000, 9580, 0, 0
1421000, 9526, 0, 0
1422000, 12247, 0, 0
1422999, 11092, 0, 0
1423999, 11146, 0, 0
1425000, 7077, 0, 0
1426000, 12607, 0, 0
1427000, 7208, 0, 0
1428000, 7163, 0, 0
1429000, 8376, 0, 0
1430000, 8114, 0, 0
1430999, 10842, 0, 0
1431999, 8012, 0, 0
1433000, 8474, 0, 0
1434000, 8704, 0, 0
1435000, 11092, 0, 0
1436000, 11611, 0, 0
1437000, 11063, 0, 0
1437999, 7399, 0, 0
1438999, 11865, 0, 0
1439999, 10899, 0, 0
1441000, 8373, 0, 0
1442000, 9718, 0, 0
1443000, 7263, 0, 0
1444000, 10677, 0, 0
1445000, 7271, 0, 0
1445999, 8137, 0, 0
1446999, 10664, 0, 0
1447999, 10631, 0, 0
1449000, 11089, 0, 0
1450000, 10798, 0, 0
1451000, 9680, 0, 0
1452000, 11061, 0, 0
1453000, 9894, 0, 0
1453999, 7657, 0, 0
1454999, 9303, 0, 0
1456000, 14683, 0, 0
1457000, 11306, 0, 0
1458000, 12020, 0, 0
1459000, 11703, 0, 0
1460000, 11754, 0, 0
1460999, 11294, 0, 0
1461999, 11942, 0, 0
1462999, 10518, 0, 0
1463999, 11953, 0, 0
1465000, 11170, 0, 0
1466000, 11059, 0, 0
1467000, 16956, 0, 0
1468000, 10025, 0, 0
1469000, 16105, 0, 0
1470000, 13849, 0, 0
1471000, 9934, 0, 0
1471999, 11643, 0, 0
1472999, 15073, 0, 0
1473999, 14085, 0, 0
1474999, 10711, 0, 0
1476000, 14507, 0, 0
1477000, 13105, 0, 0
1478000, 9854, 0, 0
1479000, 12807, 0, 0
1480000, 9872, 0, 0
1481000, 12595, 0, 0
1482000, 12050, 0, 0
1483000, 15497, 0, 0
1483999, 9697, 0, 0
1484999, 12822, 0, 0
1485999, 11182, 0, 0
1487000, 10460, 0, 0
1488000, 10141, 0, 0
1489000, 7539, 0, 0
1490000, 9979, 0, 0
1491000, 9280, 0, 0
1491999, 15692, 0, 0
1492999, 8381, 0, 0
1493999, 8614, 0, 0
1495000, 11651, 0, 0
1496000, 17885, 0, 0
1497000, 12329, 0, 0
1498000, 9406, 0, 0
1499000, 12630, 0, 0
1500000, 11863, 0, 0
1500999, 11265, 0, 0
1501999, 7984, 0, 0
1502999, 9796, 0, 0
1504000, 11698, 0, 0
1505000, 12171, 0, 0
1506000, 12553, 0, 0
1507000, 11117, 0, 0
1508000, 14112, 0, 0
1509000, 15060, 0, 0
1509999, 15147, 0, 0
1510999, 13557, 0, 0
1511999, 9519, 0, 0
1513000, 14239, 0, 0
1514000, 12247, 0, 0
1515000, 10485, 0, 0
1516000, 13523, 0, 0
1517000, 13669, 0, 0
1518000, 13884, 0, 0
1518999, 9463, 0, 0
1519999, 14330, 0, 0
1520999, 13145, 0, 0
1522000, 14406, 0, 0
1523000, 18121, 0, 0
1524000, 9159, 0, 0
1525000, 11392, 0, 0
1526000, 13125, 0, 0
1527000, 10889, 0, 0
1528000, 9858, 0, 0
1528999, 16958, 0, 0
1529999, 16593, 0, 0
1530999, 11190, 0, 0
1531999, 14058, 0, 0
1533000, 11511, 0, 0
1534000, 10976, 0, 0
1535000, 12595, 0, 0
1536000, 17063, 0, 0
1537000, 16958, 0, 0
1537999, 11257, 0, 0
1538999, 11511, 0, 0
1539999, 15831, 0, 0
1541000, 8126, 0, 0
1542000, 9658, 0, 0
1543000, 13712, 0, 0
1544000, 12235, 0, 0
1545000, 8786, 0, 0
1545999, 8466, 0, 0
1546999, 10007, 0, 0
1548000, 8349, 0, 0
1549000, 10298, 0, 0
1550000, 7887, 0, 0
1551000, 13016, 0, 0
1552000, 13358, 0, 0
1552999, 11735, 0, 0
1553999, 13734, 0, 0
1555000, 10879, 0, 0
1556000, 11537, 0, 0
1557000, 14620, 0, 0
1558000, 11743, 0, 0
1559000, 8714, 0, 0
1559999, 14982, 0, 0
1560999, 13261, 0, 0
1562000, 7184, 0, 0
1563000, 10392, 0, 0
1564000, 13679, 0, 0
1565000, 11078, 0, 0
1565999, 12893, 0, 0
1566999, 12651, 0, 0
1567999, 14609, 0, 0
1569000, 15442, 0, 0
1570000, 14793, 0, 0
1571000, 13351, 0, 0
1572000, 13851, 0, 0
1572999, 11643, 0, 0
1573999, 12354, 0, 0
1574999, 11844, 0, 0
1575999, 11899, 0, 0
1577000, 13254, 0, 0
1578000, 13076, 0, 0
1579000, 15875, 0, 0
1580000, 12973, 0, 0
1580999, 14401, 0, 0
1581999, 11477, 0, 0
1582999, 11384, 0, 0
1584000, 13813, 0, 0
1585000, 16504, 0, 0
1586000, 13958, 0, 0
1587000, 8608, 0, 0
1588000, 16664, 0, 0
1588999, 14040, 0, 0
1589999, 17457, 0, 0
1591000, 9094, 0, 0
1592000, 16759, 0, 0
1593000, 12789, 0, 0
1594000, 12149, 0, 0
1594999, 16617, 0, 0
1595999, 13024, 0, 0
1596999, 12439, 0, 0
1598000, 16828, 0, 0
1599000, 16429, 0, 0
1600000, 11726, 0, 0
1601000, 18654, 0, 0
1602000, 15244, 0, 0
1602999, 11389, 0, 0
1603999, 11529, 0, 0
1605000, 15025, 0, 0
1606000, 17310, 0, 0
1607000, 17004, 0, 0
1608000, 13228, 0, 0
1609000, 17278, 0, 0
1609999, 13232, 0, 0
1610999, 10863, 0, 0
1611999, 11527, 0, 0
1613000, 10052, 0, 0
1614000, 14067, 0, 0
1615000, 18623, 0, 0
1616000, 14225, 0, 0
1617000, 9108, 0, 0
1617999, 13223, 0, 0
1618999, 11693, 0, 0
1620000, 9687, 0, 0
1621000, 15792, 0, 0
1622000, 18450, 0, 0
1623000, 10557, 0, 0
1624000, 8677, 0, 0
1624999, 11743, 0, 0
1625999, 14741, 0, 0
1627000, 16169, 0, 0
1628000, 11768, 0, 0
1629000, 11071, 0, 0
1630000, 16567, 0, 0
1631000, 10095, 0, 0
1632000, 17523, 0, 0
1632999, 18944, 0, 0
1633999, 8866, 0, 0
1635000, 17344, 0, 0
1636000, 16350, 0, 0
1637000, 14876, 0, 0
1638000, 15881, 0, 0
1639000, 14452, 0, 0
1640000, 15314, 0, 0
1641000, 10462, 0, 0
1641999, 17808, 0, 0
1642999, 18264, 0, 0
1643999, 9658, 0, 0
1644999, 14940, 0, 0
1646000, 7839, 0, 0
1647000, 18982, 0, 0
1648000, 10779, 0, 0
1649000, 15735, 0, 0
1650000, 17639, 0, 0
1650999, 14152, 0, 0
1651999, 13167, 0, 0
1653000, 15611, 0, 0
1654000, 17210, 0, 0
1655000, 14803, 0, 0
1656000, 13152, 0, 0
1657000, 13435, 0, 0
1657999, 15680, 0, 0
1658999, 18988, 0, 0
1660000, 18246, 0, 0
1661000, 15417, 0, 0
1662000, 15509, 0, 0
1663000, 19182, 0, 0
1664000, 15334, 0, 0
1664999, 12651, 0, 0
1665999, 18893, 0, 0
1666999, 11892, 0, 0
1668000, 16498, 0, 0
1669000, 13529, 0, 0
1670000, 14378, 0, 0
1671000, 15078, 0, 0
1672000, 11438, 0, 0
1673000, 18146, 0, 0
1673999, 12923, 0, 0
1674999, 17651, 0, 0
1675999, 23263, 0, 0
1676999, 13674, 0, 0
1678000, 14013, 0, 0
1679000, 14252, 0, 0
1680000, 14404, 0, 0
1681000, 13250, 0, 0
1682000, 18083, 0, 0
1683000, 21858, 0, 0
1684000, 14286, 0, 0
1684999, 17401, 0, 0
1685999, 16286, 0, 0
1686999, 12080, 0, 0
1688000, 14226, 0, 0
1689000, 13532, 0, 0
1690000, 11161, 0, 0
1691000, 13766, 0, 0
1692000, 22503, 0, 0
1693000, 11320, 0, 0
1693999, 13473, 0, 0
1694999, 13941, 0, 0
1695999, 18871, 0, 0
1697000, 10156, 0, 0
1698000, 17693, 0, 0
1699000, 21616, 0, 0
1700000, 13239, 0, 0
1701000, 20449, 0, 0
1701999, 22249, 0, 0
1702999, 22448, 0, 0
1704000, 16044, 0, 0
1705000, 20539, 0, 0
1706000, 13378, 0, 0
1707000, 16143, 0, 0
1708000, 15202, 0, 0
1708999, 17742, 0, 0
1709999, 14444, 0, 0
1711000, 19445, 0, 0
1712000, 12139, 0, 0
1713000, 14294, 0, 0
1714000, 13479, 0, 0
1715000, 18809, 0, 0
1715999, 17384, 0, 0
1716999, 13684, 0, 0
1718000, 17106, 0, 0
1719000, 15810, 0, 0
1720000, 14997, 0, 0
1721000, 24085, 0, 0
1722000, 15779, 0, 0
1722999, 18851, 0, 0
1723999, 16749, 0, 0
1724999, 23445, 0, 0
1726000, 23126, 0, 0
1727000, 15969, 0, 0
1728000, 21053, 0, 0
1729000, 15258, 0, 0
1729999, 15374, 0, 0
1730999, 16896, 0, 0
1731999, 25001, 0, 0
1733000, 18166, 0, 0
1734000, 20316, 0, 0
1735000, 25397, 0, 0
1736000, 16546, 0, 0
1737000, 13242, 0, 0
1737999, 21133, 0, 0
1738999, 24855, 0, 0
1740000, 15012, 0, 0
1741000, 19104, 0, 0
1742000, 15106, 0, 0
1743000, 16837, 0, 0
1744000, 18403, 0, 0
1744999, 18960, 0, 0
1745999, 22294, 0, 0
1747000, 18050, 0, 0
1748000, 22707, 0, 0
1749000, 21525, 0, 0
1750000, 29144, 0, 0
1751000, 27930, 0, 0
1752000, 25088, 0, 0
1752999, 16488, 0, 0
1753999, 24085, 0, 0
1755000, 23834, 0, 0
1756000, 18671, 0, 0
1757000, 25825, 0, 0
1758000, 26748, 0, 0
1759000, 22559, 0, 0
1760000, 23463, 0, 0
1761000, 25817, 0, 0
1761999, 24453, 0, 0
1762999, 18809, 0, 0
1763999, 26260, 0, 0
1765000, 40067, 0, 0
1766000, 21006, 0, 0
1767000, 25536, 0, 0
1768000, 24518, 0, 0
1769000, 30556, 0, 0
1770000, 20712, 0, 0
1770999, 23690, 0, 0
1771999, 30650, 0, 0
1772999, 14768, 0, 0
1774000, 25372, 0, 0
1775000, 22060, 0, 0
1776000, 16899, 0, 0
1777000, 28328, 0, 0
1778000, 32630, 0, 0
1779000, 25362, 0, 0
1780000, 24832, 0, 0
1781000, 29008, 0, 0
1781999, 21023, 0, 0
1782999, 18672, 0, 0
1784000, 26558, 0, 0
1785000, 32425, 0, 0
1786000, 18156, 0, 0
1787000, 22815, 0, 0
1788000, 28378, 0, 0
1788999, 36299, 0, 0
1789999, 17292, 0, 0
1791000, 33108, 0, 0
1792000, 28900, 0, 0
1793000, 18815, 0, 0
1794000, 23856, 0, 0
1795000, 28980, 0, 0
1795999, 17889, 0, 0
1796999, 20658, 0, 0
1797999, 29859, 0, 0
1799000, 23042, 0, 0
1800000, 21846, 0, 0
