1036, 451513697, 0, 0
2054, 454261275, 0, 0
3024, 454008909, 0, 0
4045, 459415369, 0, 0
5044, 453666860, 0, 0
6018, 455675543, 0, 0
7010, 479386034, 0, 0
8009, 467467562, 0, 0
9017, 464299598, 0, 0
10057, 479673423, 0, 0
11050, 463813514, 0, 0
12019, 452696068, 0, 0
13015, 466547212, 0, 0
14064, 449732621, 0, 0
15044, 460460081, 0, 0
16013, 463375095, 0, 0
17027, 469880758, 0, 0
18045, 468250406, 0, 0
19036, 469509020, 0, 0
20045, 468246764, 0, 0
21049, 481768257, 0, 0
22025, 459234835, 0, 0
23027, 469398133, 0, 0
24042, 449965013, 0, 0
25000, 475008026, 0, 0
26038, 467437333, 0, 0
27046, 466685734, 0, 0
28035, 460245239, 0, 0
29028, 463807668, 0, 0
30007, 474814992, 0, 0
31028, 441921224, 0, 0
32000, 455259832, 0, 0
33044, 464345284, 0, 0
34027, 481871657, 0, 0
35002, 456003831, 0, 0
36022, 435984152, 0, 0
37024, 443549347, 0, 0
38027, 464230072, 0, 0
39023, 442596476, 0, 0
40050, 490947972, 0, 0
41040, 457109824, 0, 0
42017, 436089724, 0, 0
43038, 443546218, 0, 0
44049, 448196198, 0, 0
45033, 449877126, 0, 0
46004, 431995261, 0, 0
47027, 428628146, 0, 0
48039, 442268797, 0, 0
49048, 450511094, 0, 0
50014, 469112901, 0, 0
51012, 450988672, 0, 0
52032, 449732899, 0, 0
53020, 444891413, 0, 0
54034, 417937284, 0, 0
55055, 450641454, 0, 0
56042, 460326179, 0, 0
57030, 430504951, 0, 0
58003, 433045037, 0, 0
59003, 437040535, 0, 0
60049, 473704953, 0, 0
61011, 429938342, 0, 0
62026, 457417254, 0, 0
63065, 430713115, 0, 0
64034, 423577819, 0, 0
65007, 430683958, 0, 0
66048, 435545635, 0, 0
67011, 406735576, 0, 0
68024, 425188472, 0, 0
69045, 444802520, 0, 0
70016, 472003958, 0, 0
71018, 449730996, 0, 0
72055, 439178720, 0, 0
73038, 445738374, 0, 0
74015, 442131676, 0, 0
75031, 433933670, 0, 0
76024, 439358633, 0, 0
77012, 449804881, 0, 0
78005, 419614179, 0, 0
79001, 431589978, 0, 0
80017, 448651014, 0, 0
81055, 428373634, 0, 0
82018, 418337355, 0, 0
83047, 412169124, 0, 0
84017, 419525060, 0, 0
85009, 425803403, 0, 0
86006, 421478387, 0, 0
87017, 401908516, 0, 0
88031, 435737653, 0, 0
89025, 405449780, 0, 0
90024, 420203475, 0, 0
91021, 427604190, 0, 0
92009, 402881437, 0, 0
93003, 417081504, 0, 0
94016, 433434985, 0, 0
95053, 439607683, 0, 0
96034, 422965799, 0, 0
97000, 413329694, 0, 0
98001, 432375079, 0, 0
99021, 406066597, 0, 0
100016, 434663424, 0, 0
101011, 446360166, 0, 0
102029, 431159970, 0, 0
103021, 428846649, 0, 0
104029, 411425440, 0, 0
105001, 415154444, 0, 0
106044, 431795922, 0, 0
107045, 424474648, 0, 0
108016, 388769155, 0, 0
109047, 407352786, 0, 0
110053, 449583369, 0, 0
111059, 400776533, 0, 0
112014, 412580044, 0, 0
113025, 442206555, 0, 0
114015, 434522436, 0, 0
115045, 415863369, 0, 0
116036, 412505714, 0, 0
117031, 401568705, 0, 0
118048, 424256294, 0, 0
119047, 420040422, 0, 0
120012, 410102310, 0, 0
121042, 429086783, 0, 0
122036, 425697396, 0, 0
123017, 402310097, 0, 0
124036, 417790815, 0, 0
125004, 391275151, 0, 0
126016, 397577739, 0, 0
127049, 381864652, 0, 0
128041, 391719933, 0, 0
129039, 398625421, 0, 0
130057, 389845923, 0, 0
131026, 416167800, 0, 0
132031, 399916628, 0, 0
133013, 381380662, 0, 0
134009, 399915003, 0, 0
135055, 407934671, 0, 0
136022, 420802651, 0, 0
137038, 406397467, 0, 0
138045, 414953189, 0, 0
139020, 390305010, 0, 0
140044, 398426239, 0, 0
141023, 387910220, 0, 0
142010, 403018981, 0, 0
143028, 391591740, 0, 0
144029, 405888317, 0, 0
145038, 412550895, 0, 0
146012, 430256282, 0, 0
147006, 398961986, 0, 0
148020, 403043789, 0, 0
149006, 395389726, 0, 0
150041, 420890748, 0, 0
151026, 375749587, 0, 0
152032, 396359400, 0, 0
153014, 415203905, 0, 0
154026, 422797689, 0, 0
155028, 388545170, 0, 0
156028, 406967673, 0, 0
157003, 379992819, 0, 0
158043, 389660050, 0, 0
159012, 389093033, 0, 0
160027, 386051096, 0, 0
161005, 390991442, 0, 0
162009, 399584451, 0, 0
163004, 387479383, 0, 0
164033, 397040813, 0, 0
165028, 408747279, 0, 0
166033, 385188935, 0, 0
167016, 421418130, 0, 0
168007, 410298869, 0, 0
169002, 414841690, 0, 0
170006, 400319260, 0, 0
171011, 363735412, 0, 0
172063, 369911706, 0, 0
173011, 401252356, 0, 0
174011, 385885855, 0, 0
175038, 385412372, 0, 0
176017, 403859328, 0, 0
177065, 393311956, 0, 0
178033, 376306789, 0, 0
179014, 358330590, 0, 0
180021, 383589972, 0, 0
181030, 380676283, 0, 0
182031, 439644143, 0, 0
183053, 410223282, 0, 0
184019, 392441813, 0, 0
185019, 360405583, 0, 0
186034, 381568687, 0, 0
187006, 360972402, 0, 0
188002, 361082713, 0, 0
189052, 351827650, 0, 0
190015, 407011181, 0, 0
191013, 378366531, 0, 0
192034, 397442764, 0, 0
193004, 404992341, 0, 0
194049, 406871604, 0, 0
195054, 367802745, 0, 0
196050, 342953438, 0, 0
197053, 382939042, 0, 0
198032, 387572810, 0, 0
199012, 403088941, 0, 0
200020, 361735182, 0, 0
201022, 364486596, 0, 0
202002, 375324492, 0, 0
203059, 350669853, 0, 0
204022, 393161810, 0, 0
205025, 353478835, 0, 0
206018, 376135473, 0, 0
207043, 379044387, 0, 0
208018, 367125352, 0, 0
209005, 354297239, 0, 0
210053, 356699954, 0, 0
211056, 371703146, 0, 0
212046, 333112433, 0, 0
213051, 369980884, 0, 0
214028, 357308313, 0, 0
215062, 372552242, 0, 0
216051, 391537230, 0, 0
217026, 377019838, 0, 0
218011, 380104496, 0, 0
219016, 374355327, 0, 0
220015, 369571864, 0, 0
221020, 368177862, 0, 0
222003, 347255109, 0, 0
223038, 335059383, 0, 0
224018, 350402813, 0, 0
225051, 354870080, 0, 0
226053, 363746205, 0, 0
227037, 342926400, 0, 0
228012, 403997003, 0, 0
229053, 358933131, 0, 0
230042, 371002807, 0, 0
231020, 351949900, 0, 0
232020, 326326482, 0, 0
233009, 367979689, 0, 0
234005, 345604000, 0, 0
235037, 324636158, 0, 0
236038, 338871084, 0, 0
237012, 362875205, 0, 0
238014, 345015851, 0, 0
239046, 346424314, 0, 0
240024, 391606544, 0, 0
241003, 329544232, 0, 0
242048, 341223156, 0, 0
243001, 337956863, 0, 0
244046, 350237081, 0, 0
245032, 338222674, 0, 0
246005, 339104166, 0, 0
247033, 312514282, 0, 0
248048, 360008389, 0, 0
249039, 332690131, 0, 0
250012, 367915488, 0, 0
251029, 334470165, 0, 0
252042, 331137105, 0, 0
253000, 365981708, 0, 0
254027, 338699640, 0, 0
255035, 327818120, 0, 0
256055, 353027923, 0, 0
257045, 334465492, 0, 0
258044, 354880137, 0, 0
259016, 329821575, 0, 0
260035, 325849896, 0, 0
261007, 338069855, 0, 0
262017, 345262801, 0, 0
263012, 352325325, 0, 0
264037, 345410096, 0, 0
265045, 331908481, 0, 0
266034, 333995422, 0, 0
267041, 351723580, 0, 0
268014, 327760863, 0, 0
269010, 338972410, 0, 0
270053, 349059714, 0, 0
271012, 356732727, 0, 0
272005, 340718282, 0, 0
273026, 361421573, 0, 0
274029, 337888210, 0, 0
275055, 338868040, 0, 0
276025, 353984530, 0, 0
277021, 337218970, 0, 0
278030, 327910517, 0, 0
279008, 345822663, 0, 0
280054, 358390391, 0, 0
281061, 353371472, 0, 0
282005, 379410618, 0, 0
283002, 331092710, 0, 0
284037, 334295352, 0, 0
285038, 325932523, 0, 0
286031, 345523586, 0, 0
287020, 324793190, 0, 0
288041, 327329160, 0, 0
289050, 328417020, 0, 0
290054, 356504932, 0, 0
291019, 344636646, 0, 0
292053, 338907385, 0, 0
293037, 338231704, 0, 0
294052, 339732168, 0, 0
295030, 319050937, 0, 0
296027, 334009176, 0, 0
297007, 334330322, 0, 0
298017, 331774008, 0, 0
299018, 314889768, 0, 0
300037, 334263734, 0, 0
301031, 302136100, 0, 0
302022, 292572141, 0, 0
303029, 318385147, 0, 0
304047, 306043453, 0, 0
305032, 316648339, 0, 0
306019, 296845715, 0, 0
307004, 323276668, 0, 0
308012, 330396255, 0, 0
309031, 299001821, 0, 0
310040, 315538375, 0, 0
311050, 324991229, 0, 0
312036, 323488778, 0, 0
313021, 325140834, 0, 0
314026, 320146286, 0, 0
315013, 298038351, 0, 0
316038, 319575374, 0, 0
317033, 313738455, 0, 0
318041, 298556134, 0, 0
319013, 310751938, 0, 0
320045, 307242050, 0, 0
321042, 328558115, 0, 0
322051, 298238619, 0, 0
323007, 311422431, 0, 0
324013, 285172821, 0, 0
325006, 310380584, 0, 0
326054, 281458899, 0, 0
327005, 311166944, 0, 0
328038, 300210416, 0, 0
329049, 320839330, 0, 0
330050, 323689848, 0, 0
331008, 311697496, 0, 0
332025, 312577290, 0, 0
333019, 316760511, 0, 0
334020, 298501199, 0, 0
335049, 294472712, 0, 0
336044, 289072671, 0, 0
337028, 308291768, 0, 0
338038, 308029156, 0, 0
339037, 298117061, 0, 0
340040, 289727325, 0, 0
341054, 284917813, 0, 0
342038, 289372846, 0, 0
343017, 309472980, 0, 0
344022, 309582103, 0, 0
345026, 303730397, 0, 0
346033, 295392045, 0, 0
347024, 273326269, 0, 0
348053, 303894726, 0, 0
349008, 290876923, 0, 0
350040, 314756078, 0, 0
351040, 298511929, 0, 0
352042, 287246212, 0, 0
353004, 333352914, 0, 0
354007, 288745657, 0, 0
355020, 284599164, 0, 0
356036, 310548764, 0, 0
357059, 287736224, 0, 0
358056, 300440089, 0, 0
359042, 296443268, 0, 0
360028, 322481072, 0, 0
361048, 285865415, 0, 0
362054, 319622729, 0, 0
363006, 294827685, 0, 0
364022, 267883176, 0, 0
365066, 302115610, 0, 0
366010, 293387098, 0, 0
367052, 274333686, 0, 0
368031, 309363582, 0, 0
369016, 276816629, 0, 0
370017, 287179257, 0, 0
371033, 281970085, 0, 0
372005, 277721637, 0, 0
373030, 298457949, 0, 0
374058, 298422841, 0, 0
375020, 265978587, 0, 0
376055, 276537902, 0, 0
377057, 256376853, 0, 0
378018, 255939992, 0, 0
379012, 315923070, 0, 0
380059, 319936492, 0, 0
381055, 279029716, 0, 0
382022, 285400792, 0, 0
383035, 298255220, 0, 0
384054, 248265481, 0, 0
385032, 298395028, 0, 0
386028, 283890734, 0, 0
387020, 313904648, 0, 0
388062, 272079477, 0, 0
389027, 285235976, 0, 0
390030, 304422847, 0, 0
391032, 306312174, 0, 0
392026, 290721334, 0, 0
393018, 275247352, 0, 0
394000, 259262935, 0, 0
395051, 273784072, 0, 0
396055, 265139483, 0, 0
397035, 280000584, 0, 0
398024, 264703214, 0, 0
399005, 268264320, 0, 0
400060, 264202298, 0, 0
401022, 283086863, 0, 0
402043, 265791135, 0, 0
403022, 287567285, 0, 0
404002, 309637246, 0, 0
405059, 252885985, 0, 0
406021, 267985706, 0, 0
407027, 264756215, 0, 0
408052, 248847083, 0, 0
409054, 269144442, 0, 0
410015, 246825973, 0, 0
411012, 261477359, 0, 0
412002, 292288477, 0, 0
413040, 299059414, 0, 0
414007, 270388802, 0, 0
415045, 246364782, 0, 0
416055, 270832381, 0, 0
417033, 269928703, 0, 0
418010, 282088791, 0, 0
419027, 267363713, 0, 0
420005, 256416100, 0, 0
421020, 268829390, 0, 0
422023, 255173536, 0, 0
423005, 236186608, 0, 0
424043, 265033163, 0, 0
425015, 241576964, 0, 0
426047, 245775709, 0, 0
427056, 247648440, 0, 0
428024, 248314587, 0, 0
429050, 294948959, 0, 0
430015, 248531211, 0, 0
431037, 256049024, 0, 0
432007, 247577166, 0, 0
433019, 266633089, 0, 0
434037, 233594832, 0, 0
435043, 233927351, 0, 0
436042, 245050117, 0, 0
437025, 227789520, 0, 0
438014, 254619373, 0, 0
439058, 248338340, 0, 0
440014, 250431428, 0, 0
441040, 261775688, 0, 0
442033, 243577163, 0, 0
443030, 250467657, 0, 0
444028, 233454227, 0, 0
445021, 213156456, 0, 0
446017, 242122126, 0, 0
447007, 231306932, 0, 0
448017, 289385747, 0, 0
449043, 231929719, 0, 0
450049, 240680465, 0, 0
451013, 272798253, 0, 0
452015, 241460614, 0, 0
453009, 255002822, 0, 0
454007, 267617812, 0, 0
455033, 224247935, 0, 0
456018, 252568462, 0, 0
457049, 259170006, 0, 0
458028, 244792645, 0, 0
459038, 252422957, 0, 0
460021, 246635235, 0, 0
461031, 232976223, 0, 0
462009, 236745879, 0, 0
463014, 235833129, 0, 0
464045, 232590760, 0, 0
465056, 235643125, 0, 0
466005, 262255920, 0, 0
467041, 219904735, 0, 0
468058, 225436496, 0, 0
469035, 202825224, 0, 0
470035, 223862766, 0, 0
471035, 227217430, 0, 0
472019, 233314126, 0, 0
473060, 228754006, 0, 0
474002, 240730737, 0, 0
475016, 239040719, 0, 0
476053, 235783484, 0, 0
477051, 231014509, 0, 0
478039, 259965351, 0, 0
479008, 216723647, 0, 0
480026, 214317077, 0, 0
481025, 207704808, 0, 0
482045, 233435337, 0, 0
483000, 240583553, 0, 0
484050, 231974598, 0, 0
485005, 254804163, 0, 0
486057, 254357172, 0, 0
487021, 226617621, 0, 0
488035, 219399717, 0, 0
489002, 231885102, 0, 0
490039, 213649191, 0, 0
491002, 213956307, 0, 0
492050, 225955486, 0, 0
493004, 194021192, 0, 0
494048, 227745605, 0, 0
495036, 226268598, 0, 0
496012, 231197866, 0, 0
497000, 197106866, 0, 0
498013, 197337633, 0, 0
499037, 228644836, 0, 0
500058, 229542703, 0, 0
501005, 216959465, 0, 0
502019, 212073892, 0, 0
503050, 244136601, 0, 0
504022, 214352095, 0, 0
505039, 222842052, 0, 0
506006, 213933977, 0, 0
507053, 194959317, 0, 0
508017, 212568666, 0, 0
509019, 225057512, 0, 0
510031, 209340449, 0, 0
511007, 211846861, 0, 0
512041, 224861610, 0, 0
513014, 222630325, 0, 0
514051, 225456682, 0, 0
515002, 189755055, 0, 0
516016, 212582962, 0, 0
517028, 209089547, 0, 0
518014, 191619706, 0, 0
519045, 212205279, 0, 0
520044, 194192126, 0, 0
521032, 208767458, 0, 0
522021, 213253566, 0, 0
523016, 206432745, 0, 0
524010, 203770944, 0, 0
525000, 214579511, 0, 0
526000, 219225314, 0, 0
527020, 193669033, 0, 0
528017, 183930188, 0, 0
529041, 182146826, 0, 0
530018, 201822411, 0, 0
531056, 177427620, 0, 0
532016, 204210910, 0, 0
533002, 171324654, 0, 0
534047, 193045279, 0, 0
535005, 226573115, 0, 0
536049, 212820911, 0, 0
537027, 193859230, 0, 0
538052, 201448917, 0, 0
539038, 192822826, 0, 0
540041, 186997578, 0, 0
541042, 204107852, 0, 0
542016, 190589184, 0, 0
543002, 197748144, 0, 0
544048, 197850100, 0, 0
545051, 200059753, 0, 0
546046, 171629675, 0, 0
547033, 190729797, 0, 0
548035, 184467683, 0, 0
549030, 218454565, 0, 0
550046, 170594386, 0, 0
551052, 180235803, 0, 0
552032, 193909982, 0, 0
553071, 188374782, 0, 0
554014, 181952434, 0, 0
555021, 190313315, 0, 0
556046, 167850936, 0, 0
557053, 179721279, 0, 0
558013, 188926910, 0, 0
559007, 199374958, 0, 0
560007, 181117395, 0, 0
561015, 174406822, 0, 0
562033, 174204229, 0, 0
563035, 194115354, 0, 0
564011, 186563730, 0, 0
565036, 179186526, 0, 0
566013, 182005875, 0, 0
567055, 182503319, 0, 0
568020, 172282460, 0, 0
569048, 162168442, 0, 0
570010, 172084077, 0, 0
571031, 183833052, 0, 0
572046, 181539690, 0, 0
573038, 185663965, 0, 0
574034, 173873917, 0, 0
575043, 160231572, 0, 0
576004, 201113802, 0, 0
577059, 203565740, 0, 0
578010, 177657997, 0, 0
579030, 180565704, 0, 0
580005, 173203425, 0, 0
581041, 163640211, 0, 0
582055, 169701536, 0, 0
583012, 189684777, 0, 0
584030, 173770049, 0, 0
585038, 183021258, 0, 0
586008, 166570897, 0, 0
587037, 175548763, 0, 0
588033, 162807291, 0, 0
589035, 164270045, 0, 0
590032, 184982532, 0, 0
591018, 181341811, 0, 0
592000, 152565746, 0, 0
593005, 166399913, 0, 0
594020, 183915490, 0, 0
595166, 178513813, 0, 0
596040, 213224973, 0, 0
597054, 179903004, 0, 0
598057, 187295375, 0, 0
599008, 193450785, 0, 0
600033, 159865649, 0, 0
601018, 168010555, 0, 0
602023, 140314692, 0, 0
603044, 160370385, 0, 0
604009, 129142054, 0, 0
605000, 156552218, 0, 0
606000, 158407384, 0, 0
607003, 169320260, 0, 0
608036, 164874004, 0, 0
609039, 167727035, 0, 0
610035, 169396146, 0, 0
611010, 177869965, 0, 0
612004, 152710272, 0, 0
613005, 172620932, 0, 0
614042, 160744201, 0, 0
615054, 168536207, 0, 0
616000, 137779679, 0, 0
617057, 159856048, 0, 0
618004, 148537253, 0, 0
619046, 185305115, 0, 0
620046, 162188360, 0, 0
621037, 140174920, 0, 0
622008, 161550626, 0, 0
623013, 167175147, 0, 0
624018, 135707725, 0, 0
625044, 146226256, 0, 0
626039, 162202246, 0, 0
627024, 138331847, 0, 0
628023, 149965340, 0, 0
629028, 158694370, 0, 0
630011, 160716396, 0, 0
631053, 158103324, 0, 0
632015, 148115774, 0, 0
633003, 179156042, 0, 0
634032, 149413166, 0, 0
635028, 143902049, 0, 0
636008, 130975023, 0, 0
637015, 164640081, 0, 0
638008, 147233214, 0, 0
639012, 148491407, 0, 0
640025, 161028208, 0, 0
641045, 174040485, 0, 0
642011, 131447904, 0, 0
643029, 153789340, 0, 0
644054, 172768428, 0, 0
645014, 138509762, 0, 0
646054, 164357496, 0, 0
647001, 141048915, 0, 0
648022, 161041204, 0, 0
649009, 145696064, 0, 0
650055, 173349668, 0, 0
651029, 150501825, 0, 0
652036, 147797850, 0, 0
653045, 148855305, 0, 0
654008, 160183938, 0, 0
655001, 146860483, 0, 0
656004, 169266817, 0, 0
657020, 176423748, 0, 0
658001, 153988860, 0, 0
659045, 154335723, 0, 0
660042, 155722325, 0, 0
661055, 150065179, 0, 0
662042, 165336134, 0, 0
663002, 140998335, 0, 0
664023, 140110454, 0, 0
665049, 152856173, 0, 0
666039, 150093379, 0, 0
667044, 159416680, 0, 0
668027, 158575025, 0, 0
669040, 156241305, 0, 0
670008, 155217866, 0, 0
671028, 157459177, 0, 0
672019, 158391174, 0, 0
673029, 147150906, 0, 0
674030, 165474124, 0, 0
675034, 151479951, 0, 0
676011, 152640521, 0, 0
677038, 142344512, 0, 0
678020, 169256153, 0, 0
679010, 157121475, 0, 0
680009, 177285725, 0, 0
681003, 157826511, 0, 0
682033, 170388564, 0, 0
683045, 166147261, 0, 0
684044, 138615287, 0, 0
685000, 135103246, 0, 0
686030, 156260594, 0, 0
687036, 152140819, 0, 0
688029, 178283859, 0, 0
689051, 166090650, 0, 0
690055, 141779883, 0, 0
691040, 170563591, 0, 0
692034, 166778160, 0, 0
693051, 165807256, 0, 0
694043, 152458315, 0, 0
695023, 172042648, 0, 0
696036, 144623576, 0, 0
697040, 167593145, 0, 0
698001, 145323159, 0, 0
699049, 150700317, 0, 0
700040, 147336280, 0, 0
701045, 155130020, 0, 0
702035, 144416530, 0, 0
703040, 163914876, 0, 0
704005, 160592004, 0, 0
705025, 150691566, 0, 0
706029, 148352061, 0, 0
707040, 162238508, 0, 0
708038, 139268831, 0, 0
709023, 145386575, 0, 0
710006, 137850786, 0, 0
711053, 156986320, 0, 0
712011, 156244472, 0, 0
713052, 158599784, 0, 0
714038, 175099476, 0, 0
715052, 170267986, 0, 0
716013, 168459232, 0, 0
717054, 171571401, 0, 0
718052, 155108780, 0, 0
719008, 154799228, 0, 0
720047, 155027636, 0, 0
721043, 154702995, 0, 0
722012, 186701481, 0, 0
723055, 149216857, 0, 0
724028, 169601427, 0, 0
725000, 141557348, 0, 0
726051, 149611033, 0, 0
727010, 152508137, 0, 0
728001, 160842888, 0, 0
729029, 186126979, 0, 0
730009, 134884325, 0, 0
731054, 147733572, 0, 0
732020, 161166269, 0, 0
733044, 147316515, 0, 0
734005, 160266972, 0, 0
735088, 160968061, 0, 0
736036, 170542870, 0, 0
737057, 160832184, 0, 0
738047, 151381636, 0, 0
739012, 139215065, 0, 0
740024, 149273232, 0, 0
741023, 162976968, 0, 0
742005, 152031142, 0, 0
743001, 144041928, 0, 0
744025, 165003211, 0, 0
745022, 175554016, 0, 0
746055, 162514679, 0, 0
747023, 134121791, 0, 0
748016, 145656725, 0, 0
749031, 163259390, 0, 0
750002, 166209160, 0, 0
751034, 172889846, 0, 0
752042, 146230805, 0, 0
753019, 148000413, 0, 0
754007, 165264177, 0, 0
755000, 142128024, 0, 0
756016, 150922393, 0, 0
757033, 166011578, 0, 0
758008, 136982119, 0, 0
759051, 166571729, 0, 0
760050, 157202573, 0, 0
761020, 143299542, 0, 0
762057, 147371371, 0, 0
763042, 183959748, 0, 0
764002, 125094806, 0, 0
765049, 175305826, 0, 0
766037, 140290815, 0, 0
767014, 150964352, 0, 0
768057, 142112260, 0, 0
769010, 156779289, 0, 0
770012, 141566741, 0, 0
771003, 159506032, 0, 0
772006, 153812722, 0, 0
773047, 150555927, 0, 0
774030, 155659633, 0, 0
775015, 154216257, 0, 0
776022, 145906021, 0, 0
777009, 149323782, 0, 0
778032, 153904419, 0, 0
779016, 142151626, 0, 0
780004, 137201247, 0, 0
781014, 158240843, 0, 0
782004, 161816293, 0, 0
783037, 137149673, 0, 0
784032, 128526962, 0, 0
785040, 149351890, 0, 0
786022, 143276316, 0, 0
787017, 158688777, 0, 0
788023, 155184926, 0, 0
789000, 138971637, 0, 0
790018, 155261057, 0, 0
791049, 140920171, 0, 0
792047, 136832837, 0, 0
793043, 136089396, 0, 0
794037, 145555110, 0, 0
795012, 141310721, 0, 0
796055, 196994392, 0, 0
797012, 131372198, 0, 0
798005, 173872880, 0, 0
799008, 159676892, 0, 0
800004, 139051693, 0, 0
801016, 145357697, 0, 0
802019, 147074581, 0, 0
803041, 147596356, 0, 0
804009, 139629854, 0, 0
805045, 170630127, 0, 0
806023, 137118691, 0, 0
807035, 138137548, 0, 0
808019, 162688328, 0, 0
809005, 130274863, 0, 0
810015, 158769748, 0, 0
811044, 156284388, 0, 0
812004, 129980081, 0, 0
813026, 143853385, 0, 0
814009, 158887394, 0, 0
815028, 139084447, 0, 0
816046, 147310687, 0, 0
817016, 141031020, 0, 0
818054, 130066488, 0, 0
819035, 133570708, 0, 0
820041, 127824865, 0, 0
821027, 158331939, 0, 0
822048, 168223852, 0, 0
823036, 147571717, 0, 0
824052, 133481315, 0, 0
825022, 146542739, 0, 0
826024, 160647442, 0, 0
827012, 148014847, 0, 0
828017, 138560861, 0, 0
829043, 130890942, 0, 0
830036, 141780789, 0, 0
831011, 155442552, 0, 0
832024, 128713582, 0, 0
833042, 148758060, 0, 0
834022, 132967172, 0, 0
835037, 139411009, 0, 0
836026, 127019663, 0, 0
837007, 143138200, 0, 0
838043, 123565263, 0, 0
839021, 160254771, 0, 0
840042, 136167323, 0, 0
841047, 126476823, 0, 0
842048, 133991573, 0, 0
843069, 140852253, 0, 0
844019, 150002109, 0, 0
845048, 137060623, 0, 0
846004, 126104353, 0, 0
847044, 141948842, 0, 0
848015, 122503151, 0, 0
849044, 147991103, 0, 0
850005, 160065556, 0, 0
851022, 135411958, 0, 0
852040, 135423901, 0, 0
853030, 129445851, 0, 0
854039, 129726885, 0, 0
855047, 133083029, 0, 0
856045, 132079240, 0, 0
857014, 142607859, 0, 0
858038, 143143139, 0, 0
859061, 133486296, 0, 0
860022, 136801474, 0, 0
861000, 140635266, 0, 0
862014, 126268633, 0, 0
863006, 127653537, 0, 0
864002, 145370252, 0, 0
865002, 137881485, 0, 0
866032, 130326501, 0, 0
867017, 141144643, 0, 0
868006, 128324305, 0, 0
869009, 115707535, 0, 0
870025, 144955615, 0, 0
871031, 134727767, 0, 0
872016, 126040098, 0, 0
873033, 126756575, 0, 0
874058, 134606550, 0, 0
875039, 116286759, 0, 0
876007, 127998563, 0, 0
877043, 127875482, 0, 0
878040, 118973154, 0, 0
879029, 129780490, 0, 0
880048, 132047448, 0, 0
881032, 125529323, 0, 0
882062, 139609865, 0, 0
883034, 125647425, 0, 0
884033, 125499610, 0, 0
885011, 127885705, 0, 0
886039, 122038933, 0, 0
887043, 126863974, 0, 0
888042, 124974281, 0, 0
889035, 126926830, 0, 0
890021, 107689202, 0, 0
891014, 132554775, 0, 0
892048, 120010423, 0, 0
893004, 130570570, 0, 0
894041, 122977168, 0, 0
895049, 120525504, 0, 0
896026, 123182722, 0, 0
897049, 116122697, 0, 0
898005, 114437077, 0, 0
899021, 131888741, 0, 0
900028, 124203352, 0, 0
901031, 119701171, 0, 0
902040, 120703235, 0, 0
903023, 120486706, 0, 0
904037, 119502553, 0, 0
905035, 124717790, 0, 0
906010, 108360818, 0, 0
907057, 123854981, 0, 0
908046, 120357442, 0, 0
909018, 113926258, 0, 0
910008, 113193911, 0, 0
911022, 122389962, 0, 0
912038, 125994699, 0, 0
913048, 113909746, 0, 0
914040, 124341089, 0, 0
915067, 111434641, 0, 0
916035, 110321624, 0, 0
917002, 107602438, 0, 0
918027, 120543813, 0, 0
919043, 101476426, 0, 0
920007, 110375145, 0, 0
921011, 102335776, 0, 0
922026, 125610654, 0, 0
923037, 102433416, 0, 0
924039, 104825803, 0, 0
925032, 120119051, 0, 0
926031, 109629263, 0, 0
927029, 100033750, 0, 0
928038, 110947464, 0, 0
929054, 105252418, 0, 0
930038, 115624576, 0, 0
931009, 127247335, 0, 0
932054, 111779731, 0, 0
933053, 109513274, 0, 0
934042, 109330415, 0, 0
935036, 93363625, 0, 0
936052, 105813455, 0, 0
937033, 107030002, 0, 0
938020, 99339122, 0, 0
939020, 102241509, 0, 0
940021, 94918863, 0, 0
941015, 109376588, 0, 0
942011, 98718215, 0, 0
943041, 88997157, 0, 0
944014, 108301784, 0, 0
945008, 102860882, 0, 0
946027, 112698399, 0, 0
947040, 99861110, 0, 0
948014, 107407669, 0, 0
949009, 116248921, 0, 0
950025, 99646189, 0, 0
951027, 96215774, 0, 0
952042, 98659515, 0, 0
953001, 89788768, 0, 0
954020, 100492975, 0, 0
955048, 93976018, 0, 0
956015, 96275621, 0, 0
957048, 99079353, 0, 0
958038, 100313625, 0, 0
959042, 89231622, 0, 0
960025, 94719434, 0, 0
961050, 84863020, 0, 0
962038, 101270234, 0, 0
963030, 111901113, 0, 0
964022, 84469893, 0, 0
965038, 82722683, 0, 0
966057, 93046636, 0, 0
967024, 92817715, 0, 0
968052, 82195927, 0, 0
969052, 99214532, 0, 0
970041, 86994776, 0, 0
971029, 90933114, 0, 0
972043, 99551009, 0, 0
973040, 73021613, 0, 0
974045, 102062549, 0, 0
975009, 88433629, 0, 0
976012, 89556125, 0, 0
977014, 75036909, 0, 0
978025, 86263475, 0, 0
979031, 80774066, 0, 0
980040, 69894713, 0, 0
981066, 80108410, 0, 0
982040, 78701273, 0, 0
983020, 98176977, 0, 0
984000, 82181276, 0, 0
985036, 80319233, 0, 0
986000, 78833429, 0, 0
987034, 74417396, 0, 0
988055, 80771600, 0, 0
989032, 99560937, 0, 0
990016, 75940156, 0, 0
991057, 80351801, 0, 0
992065, 67950665, 0, 0
993008, 67906494, 0, 0
994004, 77690525, 0, 0
995056, 72765194, 0, 0
996022, 61416382, 0, 0
997002, 73445075, 0, 0
998008, 67740369, 0, 0
999049, 75746297, 0, 0
1000024, 86478807, 0, 0
1001013, 62466632, 0, 0
1002018, 68726768, 0, 0
1003019, 63336585, 0, 0
1004053, 73317749, 0, 0
1005003, 70951954, 0, 0
1006038, 72769195, 0, 0
1007036, 63305733, 0, 0
1008023, 75030771, 0, 0
1009046, 65574127, 0, 0
1010000, 74806505, 0, 0
1011008, 66974004, 0, 0
1012010, 67666263, 0, 0
1013032, 73680656, 0, 0
1014036, 59012961, 0, 0
1015000, 67052537, 0, 0
1016058, 58829578, 0, 0
1017003, 63228782, 0, 0
1018038, 62360600, 0, 0
1019027, 61454948, 0, 0
1020057, 72447404, 0, 0
1021055, 62385662, 0, 0
1022050, 61298464, 0, 0
1023044, 60386871, 0, 0
1024024, 57783192, 0, 0
1025013, 56905856, 0, 0
1026036, 52295641, 0, 0
1027022, 67794178, 0, 0
1028020, 63372592, 0, 0
1029005, 58907848, 0, 0
1030000, 67000185, 0, 0
1031032, 58371869, 0, 0
1032025, 51545175, 0, 0
1033020, 62839016, 0, 0
1034026, 62198287, 0, 0
1035018, 52262657, 0, 0
1036042, 52502338, 0, 0
1037014, 63457457, 0, 0
1038031, 57772709, 0, 0
1039021, 57599149, 0, 0
1040024, 55617558, 0, 0
1041003, 64456218, 0, 0
1042026, 48182125, 0, 0
1043047, 47637874, 0, 0
1044048, 40777322, 0, 0
1045021, 45923163, 0, 0
1046049, 46517989, 0, 0
1047040, 52281088, 0, 0
1048026, 54245714, 0, 0
1049021, 47077813, 0, 0
1050041, 46388106, 0, 0
1051009, 53198396, 0, 0
1052023, 45996913, 0, 0
1053002, 55786682, 0, 0
1054001, 48371301, 0, 0
1055062, 43022014, 0, 0
1056002, 41174951, 0, 0
1057053, 41361346, 0, 0
1058000, 42217222, 0, 0
1059027, 42741134, 0, 0
1060003, 52968566, 0, 0
1061044, 42578887, 0, 0
1062053, 40344077, 0, 0
1063048, 49406035, 0, 0
1064017, 44407607, 0, 0
1065006, 38172074, 0, 0
1066024, 47145327, 0, 0
1067017, 37845697, 0, 0
1068052, 45043343, 0, 0
1069010, 42350489, 0, 0
1070026, 35672176, 0, 0
1071046, 38018485, 0, 0
1072019, 44092279, 0, 0
1073012, 38531308, 0, 0
1074035, 41153734, 0, 0
1075000, 30857259, 0, 0
1076000, 32437133, 0, 0
1077043, 41891967, 0, 0
1078023, 35477580, 0, 0
1079000, 41026049, 0, 0
1080006, 40877627, 0, 0
1081031, 27618835, 0, 0
1082071, 26700787, 0, 0
1083052, 36845286, 0, 0
1084032, 32945746, 0, 0
1085016, 29840925, 0, 0
1086046, 25603354, 0, 0
1087001, 27757390, 0, 0
1088011, 34751879, 0, 0
1089022, 34293402, 0, 0
1090046, 24938188, 0, 0
1091017, 26960845, 0, 0
1092048, 27284182, 0, 0
1093033, 21850714, 0, 0
1094049, 31001074, 0, 0
1095001, 18794512, 0, 0
1096025, 24283966, 0, 0
1097010, 21722535, 0, 0
1098041, 22760539, 0, 0
1099010, 25323546, 0, 0
1100048, 21655414, 0, 0
1101000, 19794130, 0, 0
1102043, 17430852, 0, 0
1103000, 15602424, 0, 0
1104034, 20646412, 0, 0
1105006, 18167995, 0, 0
1106035, 18697461, 0, 0
1107024, 16077368, 0, 0
1108015, 15458262, 0, 0
1109044, 15549211, 0, 0
1110039, 13136305, 0, 0
1111011, 16758818, 0, 0
1112024, 14920694, 0, 0
1113054, 17790697, 0, 0
1114026, 16123321, 0, 0
1115031, 17474862, 0, 0
1116012, 11977494, 0, 0
1117014, 13494128, 0, 0
1118048, 12529277, 0, 0
1119036, 12873884, 0, 0
1120034, 12246137, 0, 0
1121006, 10844531, 0, 0
1122012, 10916779, 0, 0
1123048, 10223081, 0, 0
1124041, 9541675, 0, 0
1125042, 8516329, 0, 0
1126038, 7591243, 0, 0
1127000, 9032561, 0, 0
1128029, 7400137, 0, 0
1129040, 5675516, 0, 0
1130022, 7379852, 0, 0
1131044, 7460359, 0, 0
1132002, 7123091, 0, 0
1133017, 8542021, 0, 0
1134000, 6937649, 0, 0
1135000, 6355441, 0, 0
1136036, 5228934, 0, 0
1137020, 6574931, 0, 0
1138001, 4906005, 0, 0
1139058, 5292913, 0, 0
1140080, 8254235, 0, 0
1141033, 8190434, 0, 0
1142027, 6181131, 0, 0
1143010, 7070356, 0, 0
1144086, 6667087, 0, 0
1145029, 8295039, 0, 0
1146000, 6586596, 0, 0
1147013, 8384436, 0, 0
1148002, 8131818, 0, 0
1149050, 7598718, 0, 0
1150022, 7033247, 0, 0
1151000, 7555246, 0, 0
1152022, 8489566, 0, 0
1153004, 7414140, 0, 0
1154000, 7824788, 0, 0
1155032, 6444104, 0, 0
1156047, 7596052, 0, 0
1157025, 8530005, 0, 0
1158025, 7522141, 0, 0
1159041, 10631730, 0, 0
1160051, 7467637, 0, 0
1161046, 6823746, 0, 0
1162002, 7845341, 0, 0
1163001, 9464488, 0, 0
1164052, 8737116, 0, 0
1165025, 6937523, 0, 0
1166002, 7480140, 0, 0
1167017, 6904284, 0, 0
1168009, 8334890, 0, 0
1169000, 6407290, 0, 0
1170009, 11583085, 0, 0
1171047, 6678987, 0, 0
1172016, 5952875, 0, 0
1173000, 7781556, 0, 0
1174020, 8479809, 0, 0
1175051, 7989568, 0, 0
1176037, 7512821, 0, 0
1177027, 6984268, 0, 0
1178012, 8828544, 0, 0
1179029, 8753556, 0, 0
1180004, 7801274, 0, 0
1181031, 8055140, 0, 0
1182039, 8585079, 0, 0
1183020, 9116433, 0, 0
1184027, 8421157, 0, 0
1185013, 7677927, 0, 0
1186026, 6269889, 0, 0
1187025, 8820520, 0, 0
1188036, 7998339, 0, 0
1189000, 7302035, 0, 0
1190000, 8296064, 0, 0
1191000, 8367575, 0, 0
1192002, 7593133, 0, 0
1193028, 8938599, 0, 0
1194036, 7513780, 0, 0
1195005, 8190531, 0, 0
1196000, 11303504, 0, 0
1197022, 9262104, 0, 0
1198052, 9178254, 0, 0
1199000, 8045674, 0, 0
1200035, 8580981, 0, 0
1201032, 8811815, 0, 0
1202010, 6077085, 0, 0
1203007, 5904141, 0, 0
1204000, 6840602, 0, 0
1205047, 5393340, 0, 0
1206039, 7453081, 0, 0
1207000, 7081686, 0, 0
1208034, 5623491, 0, 0
1209021, 7814909, 0, 0
1210003, 10198246, 0, 0
1211055, 6959312, 0, 0
1212008, 7618588, 0, 0
1213037, 8225146, 0, 0
1214024, 6778454, 0, 0
1215000, 9106071, 0, 0
1216028, 8472099, 0, 0
1217027, 8088937, 0, 0
1218046, 9323689, 0, 0
1219079, 8274017, 0, 0
1220028, 9389573, 0, 0
1221013, 7950616, 0, 0
1222040, 6631725, 0, 0
1223029, 6598321, 0, 0
1224034, 5280690, 0, 0
1225039, 11736190, 0, 0
1226000, 9701398, 0, 0
1227012, 8749845, 0, 0
1228057, 9612413, 0, 0
1229028, 6927324, 0, 0
1230024, 7491485, 0, 0
1231009, 6994659, 0, 0
1232014, 9999821, 0, 0
1233054, 8189680, 0, 0
1234042, 6969619, 0, 0
1235000, 7699214, 0, 0
1236000, 7257528, 0, 0
1237023, 6993580, 0, 0
1238036, 9221345, 0, 0
1239042, 10349583, 0, 0
1240084, 7687018, 0, 0
1241014, 9196742, 0, 0
1242022, 7342442, 0, 0
1243058, 6885436, 0, 0
1244056, 6138120, 0, 0
1245032, 8458927, 0, 0
1246010, 7577828, 0, 0
1247021, 11803301, 0, 0
1248013, 6804528, 0, 0
1249056, 8007495, 0, 0
1250031, 9446193, 0, 0
1251007, 8594253, 0, 0
1252000, 7355780, 0, 0
1253027, 7990714, 0, 0
1254058, 9781902, 0, 0
1255044, 9468244, 0, 0
1256018, 10493334, 0, 0
1257015, 6739873, 0, 0
1258017, 6762349, 0, 0
1259020, 7842394, 0, 0
1260022, 7194209, 0, 0
1261053, 10187441, 0, 0
1262026, 7158930, 0, 0
1263025, 9444598, 0, 0
1264024, 9577715, 0, 0
1265055, 6964293, 0, 0
1266056, 6927888, 0, 0
1267009, 6305979, 0, 0
1268008, 8435286, 0, 0
1269014, 7948207, 0, 0
1270022, 7618278, 0, 0
1271055, 7647210, 0, 0
1272026, 8375370, 0, 0
1273042, 7160579, 0, 0
1274011, 6245320, 0, 0
1275016, 5001318, 0, 0
1276008, 6828743, 0, 0
1277037, 5566293, 0, 0
1278031, 4905688, 0, 0
1279000, 8196524, 0, 0
1280041, 7143715, 0, 0
1281025, 7131205, 0, 0
1282005, 7885782, 0, 0
1283005, 6908674, 0, 0
1284000, 6613466, 0, 0
1285033, 5707692, 0, 0
1286053, 6403683, 0, 0
1287025, 7676270, 0, 0
1288015, 6355191, 0, 0
1289031, 8670907, 0, 0
1290003, 6759240, 0, 0
1291045, 8245913, 0, 0
1292035, 3848676, 0, 0
1293040, 6505884, 0, 0
1294013, 5747606, 0, 0
1295023, 6726679, 0, 0
1296054, 4346753, 0, 0
1297002, 7153081, 0, 0
1298039, 7557525, 0, 0
1299035, 5726205, 0, 0
1300052, 7302814, 0, 0
1301055, 5167069, 0, 0
1302014, 6603057, 0, 0
1303019, 5663826, 0, 0
1304005, 9372285, 0, 0
1305025, 4912818, 0, 0
1306000, 4285202, 0, 0
1307018, 6922393, 0, 0
1308021, 4821973, 0, 0
1309029, 7486267, 0, 0
1310015, 15034605, 0, 0
1311032, 6067416, 0, 0
1312022, 7490148, 0, 0
1313014, 5253738, 0, 0
1314000, 8696419, 0, 0
1315020, 7880089, 0, 0
1316000, 8710165, 0, 0
1317027, 5668222, 0, 0
1318014, 6348971, 0, 0
1319029, 5344640, 0, 0
1320017, 8054464, 0, 0
1321034, 8070173, 0, 0
1322001, 6655688, 0, 0
1323056, 6908437, 0, 0
1324016, 6900944, 0, 0
1325000, 5742767, 0, 0
1326045, 3922319, 0, 0
1327029, 6611532, 0, 0
1328037, 5263204, 0, 0
1329003, 7440292, 0, 0
1330009, 6277808, 0, 0
1331012, 7778002, 0, 0
1332039, 6350039, 0, 0
1333034, 12323644, 0, 0
1334021, 6489205, 0, 0
1335044, 7691429, 0, 0
1336005, 7097430, 0, 0
1337000, 6869410, 0, 0
1338006, 8178067, 0, 0
1339009, 6317461, 0, 0
1340038, 8967897, 0, 0
1341011, 6254760, 0, 0
1342047, 6463103, 0, 0
1343017, 5972353, 0, 0
1344019, 7685620, 0, 0
1345012, 7622535, 0, 0
1346026, 6396087, 0, 0
1347046, 7246569, 0, 0
1348018, 7027957, 0, 0
1349046, 8702334, 0, 0
1350036, 7285898, 0, 0
1351043, 7250940, 0, 0
1352034, 7573356, 0, 0
1353025, 6180797, 0, 0
1354042, 8373238, 0, 0
1355035, 5297922, 0, 0
1356002, 6175796, 0, 0
1357016, 7009261, 0, 0
1358032, 7691999, 0, 0
1359017, 7702803, 0, 0
1360013, 8039727, 0, 0
1361021, 6715215, 0, 0
1362011, 8552531, 0, 0
1363029, 5650876, 0, 0
1364029, 8656747, 0, 0
1365012, 11361491, 0, 0
1366017, 6353938, 0, 0
1367005, 5526196, 0, 0
1368016, 6563726, 0, 0
1369000, 6426353, 0, 0
1370000, 7876626, 0, 0
1371024, 5035495, 0, 0
1372055, 6636343, 0, 0
1373068, 6406375, 0, 0
1374011, 8882906, 0, 0
1375025, 7224758, 0, 0
1376022, 5704720, 0, 0
1377038, 5740112, 0, 0
1378042, 6851703, 0, 0
1379022, 8561678, 0, 0
1380004, 8250720, 0, 0
1381036, 6537002, 0, 0
1382037, 7201192, 0, 0
1383053, 7471203, 0, 0
1384075, 4927458, 0, 0
1385011, 7048346, 0, 0
1386054, 5802633, 0, 0
1387045, 6893657, 0, 0
1388005, 10871480, 0, 0
1389043, 6767781, 0, 0
1390018, 10207465, 0, 0
1391059, 7173843, 0, 0
1392051, 8123703, 0, 0
1393023, 8172969, 0, 0
1394030, 6749055, 0, 0
1395000, 6210577, 0, 0
1396001, 4962614, 0, 0
1397004, 6150589, 0, 0
1398024, 5450865, 0, 0
1399025, 5261290, 0, 0
1400021, 6787400, 0, 0
1401035, 7943647, 0, 0
1402031, 8052053, 0, 0
1403034, 7152860, 0, 0
1404017, 7448516, 0, 0
1405044, 5741052, 0, 0
1406036, 6559151, 0, 0
1407000, 5744231, 0, 0
1408009, 5981177, 0, 0
1409001, 6325145, 0, 0
1410014, 6803527, 0, 0
1411000, 5936530, 0, 0
1412026, 6715528, 0, 0
1413018, 5531795, 0, 0
1414010, 5097831, 0, 0
1415054, 7079293, 0, 0
1416033, 4556325, 0, 0
1417013, 5550316, 0, 0
1418016, 8854126, 0, 0
1419011, 7542528, 0, 0
1420033, 6851135, 0, 0
1421000, 10823200, 0, 0
1422027, 5521280, 0, 0
1423018, 6167216, 0, 0
1424023, 8362673, 0, 0
1425000, 5032548, 0, 0
1426017, 7492037, 0, 0
1427038, 6480018, 0, 0
1428045, 9735422, 0, 0
1429000, 9176602, 0, 0
1430028, 6286746, 0, 0
1431000, 7959433, 0, 0
1432000, 8639117, 0, 0
1433010, 6270354, 0, 0
1434053, 6196266, 0, 0
1435000, 7089422, 0, 0
1436043, 5671123, 0, 0
1437014, 9975173, 0, 0
1438011, 6468459, 0, 0
1439034, 5941339, 0, 0
1440011, 5672232, 0, 0
1441002, 8282669, 0, 0
1442032, 5913055, 0, 0
1443035, 4764515, 0, 0
1444030, 4755513, 0, 0
1445026, 6023802, 0, 0
1446002, 5740151, 0, 0
1447041, 7209456, 0, 0
1448019, 5880255, 0, 0
1449023, 8049635, 0, 0
1450016, 5929573, 0, 0
1451027, 6275152, 0, 0
1452008, 4895581, 0, 0
1453041, 4802343, 0, 0
1454014, 8889418, 0, 0
1455025, 5291605, 0, 0
1456038, 10001419, 0, 0
1457040, 7717913, 0, 0
1458020, 6404488, 0, 0
1459015, 5876678, 0, 0
1460030, 7273671, 0, 0
1461006, 6968159, 0, 0
1462038, 7221245, 0, 0
1463034, 4586331, 0, 0
1464051, 7749256, 0, 0
1465051, 5549590, 0, 0
1466002, 2985503, 0, 0
1467009, 4824893, 0, 0
1468015, 4734878, 0, 0
1469023, 4989074, 0, 0
1470053, 5749568, 0, 0
1471001, 6341570, 0, 0
1472051, 8135480, 0, 0
1473026, 4409047, 0, 0
1474021, 4847759, 0, 0
1475004, 5065412, 0, 0
1476044, 8351494, 0, 0
1477041, 4067427, 0, 0
1478052, 7001013, 0, 0
1479056, 6052524, 0, 0
1480006, 6390266, 0, 0
1481000, 6347626, 0, 0
1482000, 9070155, 0, 0
1483000, 8462583, 0, 0
1484033, 5645614, 0, 0
1485009, 5191538, 0, 0
1486002, 6596476, 0, 0
1487023, 5681836, 0, 0
1488000, 5138007, 0, 0
1489038, 3504270, 0, 0
1490000, 7072323, 0, 0
1491039, 7495376, 0, 0
1492000, 6936843, 0, 0
1493005, 3871972, 0, 0
1494039, 5385864, 0, 0
1495049, 5599305, 0, 0
1496009, 6500938, 0, 0
1497042, 6659936, 0, 0
1498029, 6716750, 0, 0
1499024, 13145533, 0, 0
1500004, 4190677, 0, 0
1501003, 4957034, 0, 0
1502024, 4253212, 0, 0
1503030, 4222927, 0, 0
1504000, 6888522, 0, 0
1505050, 5942817, 0, 0
1506000, 6120080, 0, 0
1507043, 6402096, 0, 0
1508000, 7267888, 0, 0
1509035, 5990538, 0, 0
1510028, 4997199, 0, 0
1511036, 6303237, 0, 0
1512000, 4620168, 0, 0
1513045, 5622316, 0, 0
1514014, 7293291, 0, 0
1515008, 5503117, 0, 0
1516009, 4474107, 0, 0
1517032, 3180429, 0, 0
1518019, 5870988, 0, 0
1519049, 4351806, 0, 0
1520052, 7047028, 0, 0
1521019, 6438599, 0, 0
1522042, 4726477, 0, 0
1523011, 4554588, 0, 0
1524022, 4970403, 0, 0
1525001, 4290773, 0, 0
1526000, 3618320, 0, 0
1527043, 5081145, 0, 0
1528034, 5724947, 0, 0
1529000, 4401381, 0, 0
1530007, 5440949, 0, 0
1531022, 5941718, 0, 0
1532016, 4806732, 0, 0
1533041, 4185346, 0, 0
1534052, 5336519, 0, 0
1535001, 5955951, 0, 0
1536005, 6792289, 0, 0
1537000, 4556921, 0, 0
1538057, 6189404, 0, 0
1539043, 5822967, 0, 0
1540020, 4558173, 0, 0
1541034, 5878110, 0, 0
1542036, 5535638, 0, 0
1543000, 7296465, 0, 0
1544002, 4252962, 0, 0
1545032, 6192186, 0, 0
1546009, 4790715, 0, 0
1547000, 4341017, 0, 0
1548045, 6449630, 0, 0
1549000, 4658237, 0, 0
1550000, 4828223, 0, 0
1551019, 4224052, 0, 0
1552010, 10575747, 0, 0
1553024, 3600129, 0, 0
1554053, 10728877, 0, 0
1555021, 5078071, 0, 0
1556027, 6007298, 0, 0
1557034, 5723379, 0, 0
1558029, 6965849, 0, 0
1559030, 4770674, 0, 0
1560000, 4168788, 0, 0
1561015, 5603048, 0, 0
1562029, 4878775, 0, 0
1563050, 6489784, 0, 0
1564014, 5578391, 0, 0
1565041, 9395763, 0, 0
1566015, 7032732, 0, 0
1567051, 5872432, 0, 0
1568003, 6670035, 0, 0
1569040, 6382275, 0, 0
1570066, 3842240, 0, 0
1571036, 5659160, 0, 0
1572002, 3416806, 0, 0
1573043, 3936950, 0, 0
1574030, 5807827, 0, 0
1575016, 5565913, 0, 0
1576012, 4626122, 0, 0
1577034, 4496032, 0, 0
1578023, 3842234, 0, 0
1579004, 5577423, 0, 0
1580000, 4853522, 0, 0
1581033, 5598585, 0, 0
1582010, 3761714, 0, 0
1583017, 4778954, 0, 0
1584006, 5114699, 0, 0
1585006, 3745013, 0, 0
1586025, 4516100, 0, 0
1587000, 6519183, 0, 0
1588035, 5462215, 0, 0
1589006, 4990653, 0, 0
1590016, 7622022, 0, 0
1591051, 4766197, 0, 0
1592021, 5716833, 0, 0
1593006, 4859004, 0, 0
1594045, 6684512, 0, 0
1595057, 5463248, 0, 0
1596003, 4497946, 0, 0
1597008, 5219473, 0, 0
1598034, 3865003, 0, 0
1599024, 5467493, 0, 0
1600001, 4831586, 0, 0
1601040, 4733462, 0, 0
1602027, 5092284, 0, 0
1603012, 4982961, 0, 0
1604019, 5207718, 0, 0
1605028, 4442435, 0, 0
1606001, 4006287, 0, 0
1607057, 4094385, 0, 0
1608016, 5250341, 0, 0
1609007, 4341246, 0, 0
1610028, 4666133, 0, 0
1611028, 6202737, 0, 0
1612009, 4603225, 0, 0
1613021, 5540738, 0, 0
1614004, 6796450, 0, 0
1615002, 3834592, 0, 0
1616038, 3362343, 0, 0
1617045, 5005566, 0, 0
1618042, 5520271, 0, 0
1619015, 5241251, 0, 0
1620044, 6769818, 0, 0
1621049, 5997203, 0, 0
1622037, 5461212, 0, 0
1623048, 4082884, 0, 0
1624056, 5069486, 0, 0
1625019, 5111455, 0, 0
1626007, 3031680, 0, 0
1627016, 5172970, 0, 0
1628024, 6111416, 0, 0
1629048, 4509323, 0, 0
1630000, 4240754, 0, 0
1631044, 4131905, 0, 0
1632009, 6780509, 0, 0
1633033, 5854085, 0, 0
1634000, 3671453, 0, 0
1635025, 6370517, 0, 0
1636026, 4345700, 0, 0
1637000, 5620559, 0, 0
1638000, 6154167, 0, 0
1639046, 3839284, 0, 0
1640022, 4256705, 0, 0
1641011, 5443895, 0, 0
1642000, 4247417, 0, 0
1643028, 3734132, 0, 0
1644058, 4665117, 0, 0
1645035, 4136954, 0, 0
1646000, 4350375, 0, 0
1647018, 5046867, 0, 0
1648039, 4123137, 0, 0
1649025, 4714186, 0, 0
1650005, 3945039, 0, 0
1651047, 4836065, 0, 0
1652000, 4898533, 0, 0
1653015, 2880387, 0, 0
1654013, 7410863, 0, 0
1655040, 5381553, 0, 0
1656008, 5039053, 0, 0
1657000, 3667197, 0, 0
1658029, 8041659, 0, 0
1659053, 3176640, 0, 0
1660003, 4060860, 0, 0
1661028, 6383144, 0, 0
1662000, 4451993, 0, 0
1663004, 5538084, 0, 0
1664050, 4892259, 0, 0
1665074, 4460009, 0, 0
1666027, 4097145, 0, 0
1667043, 3957186, 0, 0
1668022, 3939229, 0, 0
1669013, 4074882, 0, 0
1670042, 6619584, 0, 0
1671018, 5406409, 0, 0
1672021, 3773844, 0, 0
1673003, 4237367, 0, 0
1674018, 4525221, 0, 0
1675017, 3697768, 0, 0
1676052, 4470028, 0, 0
1677020, 5694969, 0, 0
1678006, 4055847, 0, 0
1679053, 3094534, 0, 0
1680037, 3996021, 0, 0
1681000, 6008142, 0, 0
1682019, 3452258, 0, 0
1683018, 5376660, 0, 0
1684007, 4114233, 0, 0
1685041, 6507656, 0, 0
1686008, 4909247, 0, 0
1687024, 4395704, 0, 0
1688025, 3965642, 0, 0
1689033, 3705796, 0, 0
1690016, 4053841, 0, 0
1691000, 5793879, 0, 0
1692021, 4476543, 0, 0
1693031, 4360154, 0, 0
1694050, 4287606, 0, 0
1695008, 3662493, 0, 0
1696013, 4175609, 0, 0
1697123, 4011740, 0, 0
1698094, 6853116, 0, 0
1699053, 4478008, 0, 0
1700000, 3391888, 0, 0
1701012, 3376401, 0, 0
1702000, 3868035, 0, 0
1703028, 3304799, 0, 0
1704005, 4454786, 0, 0
1705051, 3601457, 0, 0
1706005, 3422711, 0, 0
1707067, 3580990, 0, 0
1708034, 4079205, 0, 0
1709033, 5431059, 0, 0
1710057, 4037831, 0, 0
1711014, 5516221, 0, 0
1712000, 4442087, 0, 0
1713038, 3680789, 0, 0
1714028, 3829076, 0, 0
1715000, 4119714, 0, 0
1716033, 4462261, 0, 0
1717024, 3889797, 0, 0
1718008, 3485605, 0, 0
1719000, 3198206, 0, 0
1720000, 5295304, 0, 0
1721043, 3543587, 0, 0
1722055, 2567830, 0, 0
1723030, 4663499, 0, 0
1724004, 3801306, 0, 0
1725027, 2568734, 0, 0
1726032, 3141338, 0, 0
1727018, 4526555, 0, 0
1728036, 3361811, 0, 0
1729010, 2951775, 0, 0
1730019, 3687642, 0, 0
1731008, 3734242, 0, 0
1732000, 4026296, 0, 0
1733000, 3222441, 0, 0
1734037, 3756996, 0, 0
1735012, 3976066, 0, 0
1736028, 3559718, 0, 0
1737029, 4082617, 0, 0
1738019, 2991519, 0, 0
1739039, 5418376, 0, 0
1740047, 3895822, 0, 0
1741027, 3935870, 0, 0
1742042, 2937755, 0, 0
1743043, 3905441, 0, 0
1744006, 3223739, 0, 0
1745008, 3025777, 0, 0
1746000, 3296680, 0, 0
1747051, 2920802, 0, 0
1748002, 3167893, 0, 0
1749023, 2545293, 0, 0
1750003, 3238296, 0, 0
1751000, 3062064, 0, 0
1752017, 1902745, 0, 0
1753036, 2913821, 0, 0
1754060, 3074774, 0, 0
1755000, 2082417, 0, 0
1756000, 2639678, 0, 0
1757006, 2132922, 0, 0
1758023, 1945531, 0, 0
1759000, 2619567, 0, 0
1760000, 3314781, 0, 0
1761026, 2006441, 0, 0
1762014, 2726032, 0, 0
1763006, 3881713, 0, 0
1764000, 3144919, 0, 0
1765000, 2172860, 0, 0
1766037, 2615152, 0, 0
1767050, 2561426, 0, 0
1768007, 2399430, 0, 0
1769039, 2246613, 0, 0
1770023, 3530730, 0, 0
1771041, 2446013, 0, 0
1772005, 2537777, 0, 0
1773000, 3284824, 0, 0
1774015, 2340821, 0, 0
1775002, 2353974, 0, 0
1776026, 3342479, 0, 0
1777019, 2630720, 0, 0
1778000, 2370893, 0, 0
1779013, 2320408, 0, 0
1780031, 2775414, 0, 0
1781013, 2526457, 0, 0
1782031, 1764470, 0, 0
1783059, 3190616, 0, 0
1784039, 3949382, 0, 0
1785030, 2667752, 0, 0
1786053, 2719242, 0, 0
1787005, 3300806, 0, 0
1788000, 3002480, 0, 0
1789007, 1532955, 0, 0
1790000, 2322159, 0, 0
1791000, 2176006, 0, 0
1792050, 2020920, 0, 0
1793024, 3046567, 0, 0
1794010, 2809685, 0, 0
1795014, 2456044, 0, 0
1796028, 3613893, 0, 0
1797034, 2900033, 0, 0
1798013, 3150656, 0, 0
1799011, 2477972, 0, 0
1800039, 3655124, 0, 0
1800136, 168072481, 0, 0
