1034, 446304483, 0, 0
2015, 482996292, 0, 0
3030, 482738201, 0, 0
4032, 475967377, 0, 0
5014, 452432395, 0, 0
6049, 456566463, 0, 0
7055, 513322462, 0, 0
8054, 469349907, 0, 0
9057, 381663856, 0, 0
10041, 446920961, 0, 0
11010, 487435167, 0, 0
12006, 460951356, 0, 0
13054, 458777782, 0, 0
14002, 474101868, 0, 0
15007, 465328163, 0, 0
16003, 464969538, 0, 0
17013, 465615916, 0, 0
18039, 456718521, 0, 0
19029, 453939905, 0, 0
20015, 489607360, 0, 0
21011, 456828144, 0, 0
22002, 468397493, 0, 0
23009, 463204067, 0, 0
24000, 461960689, 0, 0
25035, 441708128, 0, 0
26015, 457549130, 0, 0
27052, 444476862, 0, 0
28032, 453298434, 0, 0
29038, 461338462, 0, 0
30022, 474168193, 0, 0
31001, 448540365, 0, 0
32000, 444258220, 0, 0
33055, 450699035, 0, 0
34016, 467999127, 0, 0
35014, 459700493, 0, 0
36008, 438968060, 0, 0
37001, 443366227, 0, 0
38002, 437408529, 0, 0
39035, 432860899, 0, 0
40009, 467876089, 0, 0
41014, 453611565, 0, 0
42028, 461571162, 0, 0
43012, 457746266, 0, 0
44027, 454664016, 0, 0
45059, 442136672, 0, 0
46014, 445361857, 0, 0
47037, 471711344, 0, 0
48009, 449578659, 0, 0
49050, 445272523, 0, 0
50040, 468777214, 0, 0
51026, 435537392, 0, 0
52049, 461961704, 0, 0
53051, 466642782, 0, 0
54018, 447250512, 0, 0
55030, 442852396, 0, 0
56033, 451665854, 0, 0
57029, 441632460, 0, 0
58045, 457046889, 0, 0
59046, 464920546, 0, 0
60041, 440641668, 0, 0
61022, 423302068, 0, 0
62040, 453688782, 0, 0
63047, 446514230, 0, 0
64047, 431882857, 0, 0
65032, 446178286, 0, 0
66000, 451262080, 0, 0
67024, 455442291, 0, 0
68021, 423804590, 0, 0
69014, 444034232, 0, 0
70032, 458353703, 0, 0
71007, 404958165, 0, 0
72018, 450835049, 0, 0
73052, 435038317, 0, 0
74001, 410232662, 0, 0
75009, 457588881, 0, 0
76025, 414839286, 0, 0
77035, 401752854, 0, 0
78054, 425923080, 0, 0
79011, 437970502, 0, 0
80050, 441293238, 0, 0
81025, 428772321, 0, 0
82004, 431838473, 0, 0
83046, 424494226, 0, 0
84041, 410668341, 0, 0
85029, 430310691, 0, 0
86037, 423480044, 0, 0
87009, 445730124, 0, 0
88026, 429726704, 0, 0
89058, 436022431, 0, 0
90009, 461635795, 0, 0
91052, 392928101, 0, 0
92027, 421311608, 0, 0
93031, 436567057, 0, 0
94002, 398028907, 0, 0
95045, 413943658, 0, 0
96021, 417270272, 0, 0
97005, 394013176, 0, 0
98031, 421332921, 0, 0
99007, 444787321, 0, 0
100040, 440250043, 0, 0
101020, 403068497, 0, 0
102023, 417670645, 0, 0
103010, 435281503, 0, 0
104016, 428727224, 0, 0
105047, 424903259, 0, 0
106010, 403489445, 0, 0
107020, 398263082, 0, 0
108048, 452686904, 0, 0
109007, 417158561, 0, 0
110028, 417813499, 0, 0
111039, 400677252, 0, 0
112045, 439665897, 0, 0
113031, 403130371, 0, 0
114004, 430186193, 0, 0
115006, 429929516, 0, 0
116046, 391713325, 0, 0
117060, 431291172, 0, 0
118010, 420794889, 0, 0
119010, 427008853, 0, 0
120032, 411673945, 0, 0
121007, 428558889, 0, 0
122014, 395049219, 0, 0
123052, 421731784, 0, 0
124031, 400907035, 0, 0
125051, 405802223, 0, 0
126014, 382415061, 0, 0
127022, 403840054, 0, 0
128034, 406099425, 0, 0
129053, 408467903, 0, 0
130035, 454843304, 0, 0
131038, 405044300, 0, 0
132020, 405974780, 0, 0
133056, 416304758, 0, 0
134008, 404041042, 0, 0
135011, 415567805, 0, 0
136026, 408436000, 0, 0
137004, 413277427, 0, 0
138019, 409119506, 0, 0
139010, 387402137, 0, 0
140026, 410570742, 0, 0
141036, 378766933, 0, 0
142015, 386037067, 0, 0
143028, 399063507, 0, 0
144010, 382208243, 0, 0
145013, 393658240, 0, 0
146032, 405853127, 0, 0
147064, 381573312, 0, 0
148012, 394322200, 0, 0
149001, 387980603, 0, 0
150056, 396536839, 0, 0
151016, 390468054, 0, 0
152042, 388480682, 0, 0
153023, 400408490, 0, 0
154025, 385098469, 0, 0
155043, 356125055, 0, 0
156058, 417102582, 0, 0
157009, 402503812, 0, 0
158051, 391802074, 0, 0
159005, 396911211, 0, 0
160034, 372611207, 0, 0
161005, 383681956, 0, 0
162044, 398289530, 0, 0
163056, 412441789, 0, 0
164024, 409526236, 0, 0
165024, 409469806, 0, 0
166022, 385115535, 0, 0
167003, 398350501, 0, 0
168011, 407556135, 0, 0
169055, 338970023, 0, 0
170003, 382804112, 0, 0
171006, 383757656, 0, 0
172031, 424329773, 0, 0
173033, 391334723, 0, 0
174052, 390175660, 0, 0
175024, 377292136, 0, 0
176040, 405595874, 0, 0
177033, 376750233, 0, 0
178055, 396498755, 0, 0
179039, 388789916, 0, 0
180009, 373402409, 0, 0
181022, 410503828, 0, 0
182027, 382516321, 0, 0
183039, 397670761, 0, 0
184049, 386731334, 0, 0
185007, 382649314, 0, 0
186002, 374756061, 0, 0
187012, 409410185, 0, 0
188039, 394667302, 0, 0
189007, 351542031, 0, 0
190021, 375418973, 0, 0
191005, 361365203, 0, 0
192022, 393687640, 0, 0
193011, 402297907, 0, 0
194018, 415049844, 0, 0
195026, 355234076, 0, 0
196022, 396784771, 0, 0
197025, 385614052, 0, 0
198000, 405151704, 0, 0
199033, 356195180, 0, 0
200027, 387637229, 0, 0
201014, 399421835, 0, 0
202020, 357261451, 0, 0
203032, 339774498, 0, 0
204061, 369445789, 0, 0
205044, 379192670, 0, 0
206008, 385863070, 0, 0
207003, 368063689, 0, 0
208021, 370145262, 0, 0
209009, 368665419, 0, 0
210039, 386058387, 0, 0
211017, 376679746, 0, 0
212016, 349463220, 0, 0
213016, 360925046, 0, 0
214013, 347459094, 0, 0
215026, 376481413, 0, 0
216055, 381116332, 0, 0
217036, 411713170, 0, 0
218010, 343191471, 0, 0
219037, 349647173, 0, 0
220046, 380543201, 0, 0
221043, 344139456, 0, 0
222026, 353694178, 0, 0
223024, 337573842, 0, 0
224028, 369152206, 0, 0
225005, 345720769, 0, 0
226033, 326894729, 0, 0
227053, 348135439, 0, 0
228022, 371489969, 0, 0
229042, 357571972, 0, 0
230034, 371970312, 0, 0
231039, 355845579, 0, 0
232009, 355733395, 0, 0
233006, 336026681, 0, 0
234012, 329251788, 0, 0
235016, 400903122, 0, 0
236002, 348805430, 0, 0
237027, 335213998, 0, 0
238059, 350626963, 0, 0
239035, 336850860, 0, 0
240017, 340690049, 0, 0
241001, 349286508, 0, 0
242007, 336931673, 0, 0
243027, 356928427, 0, 0
244035, 365378613, 0, 0
245036, 363183953, 0, 0
246001, 355699447, 0, 0
247001, 342722716, 0, 0
248053, 351874326, 0, 0
249021, 343477807, 0, 0
250049, 335769506, 0, 0
251025, 351536863, 0, 0
252047, 314218428, 0, 0
253006, 339168332, 0, 0
254025, 353828481, 0, 0
255010, 374378956, 0, 0
256007, 343228107, 0, 0
257053, 338970160, 0, 0
258033, 305104410, 0, 0
259021, 355195436, 0, 0
260009, 353118979, 0, 0
261021, 331879391, 0, 0
262032, 344374333, 0, 0
263008, 324723099, 0, 0
264010, 314903088, 0, 0
265051, 333108753, 0, 0
266006, 340080359, 0, 0
267025, 308963349, 0, 0
268022, 342225954, 0, 0
269055, 358205481, 0, 0
270026, 345184389, 0, 0
271022, 310931165, 0, 0
272009, 354197572, 0, 0
273012, 331569850, 0, 0
274015, 336763678, 0, 0
275043, 368544983, 0, 0
276052, 328644026, 0, 0
277051, 311958561, 0, 0
278039, 320889653, 0, 0
279026, 348503312, 0, 0
280006, 353796697, 0, 0
281006, 308296461, 0, 0
282005, 307165017, 0, 0
283012, 343328508, 0, 0
284013, 354347323, 0, 0
285007, 323758413, 0, 0
286051, 323013421, 0, 0
287053, 329978715, 0, 0
288018, 348471607, 0, 0
289043, 310783500, 0, 0
290039, 325918899, 0, 0
291052, 342999944, 0, 0
292044, 312658107, 0, 0
293036, 313577213, 0, 0
294028, 322388867, 0, 0
295008, 311568782, 0, 0
296004, 326614916, 0, 0
297020, 323463679, 0, 0
298034, 334300991, 0, 0
299029, 339030769, 0, 0
300016, 326663133, 0, 0
301065, 301576113, 0, 0
302002, 317993208, 0, 0
303003, 321614634, 0, 0
304014, 306228089, 0, 0
305013, 321627769, 0, 0
306023, 285677019, 0, 0
307035, 312311750, 0, 0
308051, 287499483, 0, 0
309021, 295122973, 0, 0
310012, 331983907, 0, 0
311010, 341911646, 0, 0
312018, 333251183, 0, 0
313019, 305725823, 0, 0
314007, 319151391, 0, 0
315018, 283819189, 0, 0
316027, 296561907, 0, 0
317046, 313217956, 0, 0
318043, 321461495, 0, 0
319054, 320794478, 0, 0
320037, 295319583, 0, 0
321016, 323284880, 0, 0
322024, 314781844, 0, 0
323003, 303928249, 0, 0
324053, 320856475, 0, 0
325010, 293501159, 0, 0
326027, 304727925, 0, 0
327058, 302303587, 0, 0
328053, 317836702, 0, 0
329040, 300793391, 0, 0
330023, 282626478, 0, 0
331045, 311473064, 0, 0
332042, 310234585, 0, 0
333057, 311686562, 0, 0
334017, 306633027, 0, 0
335032, 285684938, 0, 0
336048, 319591087, 0, 0
337000, 310954824, 0, 0
338037, 268744454, 0, 0
339050, 276114777, 0, 0
340015, 287936145, 0, 0
341016, 313055986, 0, 0
342025, 291998100, 0, 0
343034, 315465205, 0, 0
344011, 311443740, 0, 0
345034, 297719491, 0, 0
346058, 289982743, 0, 0
347040, 291381191, 0, 0
348001, 292586100, 0, 0
349058, 297292797, 0, 0
350033, 293745353, 0, 0
351053, 342129235, 0, 0
352032, 290354710, 0, 0
353033, 302717589, 0, 0
354042, 286749787, 0, 0
355044, 301172900, 0, 0
356006, 313616235, 0, 0
357043, 314267883, 0, 0
358032, 281324073, 0, 0
359047, 274698645, 0, 0
360046, 301459041, 0, 0
361054, 304636024, 0, 0
362047, 308547495, 0, 0
363034, 313956446, 0, 0
364032, 307895111, 0, 0
365025, 314689272, 0, 0
366039, 294330261, 0, 0
367014, 299990259, 0, 0
368062, 296676626, 0, 0
369003, 288778388, 0, 0
370034, 310934254, 0, 0
371005, 283180190, 0, 0
372005, 291284218, 0, 0
373055, 288214375, 0, 0
374037, 289081078, 0, 0
375029, 285190427, 0, 0
376030, 266685963, 0, 0
377012, 270936413, 0, 0
378054, 288368317, 0, 0
379056, 278824980, 0, 0
380049, 270539154, 0, 0
381052, 270743431, 0, 0
382008, 297897940, 0, 0
383027, 306259369, 0, 0
384045, 286484112, 0, 0
385025, 271548919, 0, 0
386021, 274940526, 0, 0
387002, 235976348, 0, 0
388003, 253792781, 0, 0
389030, 280076862, 0, 0
390047, 268416256, 0, 0
391051, 277870381, 0, 0
392041, 262884018, 0, 0
393035, 274899061, 0, 0
394014, 259265665, 0, 0
395022, 295049858, 0, 0
396040, 285391811, 0, 0
397025, 265660636, 0, 0
398037, 269717356, 0, 0
399066, 261017401, 0, 0
400040, 300192810, 0, 0
401037, 248101757, 0, 0
402000, 267019185, 0, 0
403038, 292425202, 0, 0
404021, 278970907, 0, 0
405021, 241302657, 0, 0
406034, 261277756, 0, 0
407025, 257143614, 0, 0
408004, 254468423, 0, 0
409009, 286729182, 0, 0
410007, 257538538, 0, 0
411038, 270245083, 0, 0
412002, 278559893, 0, 0
413054, 253370229, 0, 0
414003, 249406829, 0, 0
415043, 256932601, 0, 0
416002, 261802807, 0, 0
417016, 260936840, 0, 0
418017, 306116361, 0, 0
419012, 267774637, 0, 0
420048, 271085729, 0, 0
421055, 272764171, 0, 0
422064, 264424090, 0, 0
423019, 266716755, 0, 0
424053, 252253272, 0, 0
425023, 245514332, 0, 0
426036, 253507971, 0, 0
427042, 264783563, 0, 0
428046, 260082427, 0, 0
429051, 263832212, 0, 0
430021, 281405244, 0, 0
431032, 263680082, 0, 0
432066, 247979694, 0, 0
433034, 236980027, 0, 0
434031, 244668469, 0, 0
435028, 242175276, 0, 0
436045, 233024645, 0, 0
437021, 235339461, 0, 0
438015, 270844582, 0, 0
439040, 243938028, 0, 0
440025, 259411693, 0, 0
441073, 243230044, 0, 0
442007, 247388436, 0, 0
443017, 249230173, 0, 0
444030, 241486218, 0, 0
445026, 249289242, 0, 0
446020, 273782288, 0, 0
447001, 239710757, 0, 0
448053, 246119449, 0, 0
449033, 248549244, 0, 0
450047, 235864698, 0, 0
451003, 258827962, 0, 0
452031, 230500444, 0, 0
453028, 231045016, 0, 0
454021, 237994346, 0, 0
455001, 223425269, 0, 0
456003, 240677276, 0, 0
457053, 240713019, 0, 0
458037, 245017714, 0, 0
459054, 254907687, 0, 0
460027, 240565504, 0, 0
461041, 218288410, 0, 0
462033, 227825608, 0, 0
463038, 232727224, 0, 0
464014, 218295277, 0, 0
465035, 235905663, 0, 0
466065, 261321105, 0, 0
467029, 204537305, 0, 0
468000, 209277290, 0, 0
469033, 230577565, 0, 0
470039, 255559777, 0, 0
471061, 214732088, 0, 0
472005, 227554385, 0, 0
473015, 256831161, 0, 0
474056, 237618760, 0, 0
475020, 240456133, 0, 0
476037, 206772343, 0, 0
477017, 237487079, 0, 0
478036, 237797149, 0, 0
479020, 234885994, 0, 0
480002, 245490876, 0, 0
481040, 231109129, 0, 0
482039, 224639551, 0, 0
483012, 217311601, 0, 0
484014, 238256928, 0, 0
485025, 283845642, 0, 0
486016, 243945500, 0, 0
487016, 209418870, 0, 0
488057, 215396356, 0, 0
489010, 246538677, 0, 0
490016, 220097592, 0, 0
491015, 182282857, 0, 0
492051, 219599445, 0, 0
493059, 232258027, 0, 0
494025, 222600711, 0, 0
495056, 224776791, 0, 0
496035, 220046737, 0, 0
497026, 231195949, 0, 0
498027, 219480876, 0, 0
499017, 212540382, 0, 0
500035, 183777459, 0, 0
501058, 225514457, 0, 0
502027, 190865699, 0, 0
503013, 224856000, 0, 0
504002, 235459895, 0, 0
505006, 229842563, 0, 0
506052, 204706644, 0, 0
507040, 231238996, 0, 0
508014, 189121984, 0, 0
509013, 223902526, 0, 0
510014, 230567451, 0, 0
511036, 218983037, 0, 0
512003, 205015918, 0, 0
513005, 215265525, 0, 0
514014, 209832467, 0, 0
515010, 204238922, 0, 0
516045, 219269621, 0, 0
517021, 208792185, 0, 0
518019, 206968666, 0, 0
519020, 196670631, 0, 0
520024, 203658592, 0, 0
521005, 200755223, 0, 0
522051, 189424441, 0, 0
523032, 210986519, 0, 0
524052, 224381012, 0, 0
525050, 214072223, 0, 0
526004, 235346819, 0, 0
527025, 223891006, 0, 0
528050, 207265631, 0, 0
529046, 213519464, 0, 0
530030, 184276399, 0, 0
531029, 197283397, 0, 0
532032, 212505805, 0, 0
533020, 187070865, 0, 0
534009, 211875959, 0, 0
535013, 202434188, 0, 0
536043, 205869347, 0, 0
537022, 179816410, 0, 0
538003, 207632339, 0, 0
539054, 204574778, 0, 0
540007, 187101521, 0, 0
541028, 236955797, 0, 0
542030, 223638574, 0, 0
543059, 189006219, 0, 0
544033, 184690378, 0, 0
545052, 203314017, 0, 0
546056, 189574587, 0, 0
547060, 185125496, 0, 0
548005, 184312460, 0, 0
549011, 180680828, 0, 0
550014, 204885390, 0, 0
551050, 196075186, 0, 0
552005, 188228266, 0, 0
553011, 194840544, 0, 0
554004, 209927404, 0, 0
555011, 171376437, 0, 0
556010, 205784716, 0, 0
557013, 215533978, 0, 0
558052, 197292158, 0, 0
559038, 194210953, 0, 0
560039, 180353073, 0, 0
561002, 169555974, 0, 0
562052, 195668400, 0, 0
563015, 200694351, 0, 0
564033, 191619612, 0, 0
565007, 195834121, 0, 0
566001, 199268213, 0, 0
567009, 190092400, 0, 0
568058, 187484930, 0, 0
569020, 181888971, 0, 0
570006, 192322264, 0, 0
571013, 171862101, 0, 0
572039, 178269354, 0, 0
573053, 197757362, 0, 0
574015, 196901582, 0, 0
575015, 173673943, 0, 0
576001, 203631628, 0, 0
577013, 170933202, 0, 0
578028, 202754290, 0, 0
579020, 173815069, 0, 0
580048, 172989185, 0, 0
581009, 190270308, 0, 0
582047, 182119034, 0, 0
583006, 173838699, 0, 0
584024, 178871687, 0, 0
585016, 170668411, 0, 0
586032, 180034688, 0, 0
587020, 171458604, 0, 0
588007, 159426805, 0, 0
589035, 158540776, 0, 0
590069, 156062741, 0, 0
591056, 232797735, 0, 0
592028, 164873923, 0, 0
593030, 160826660, 0, 0
594027, 166041000, 0, 0
595186, 169084878, 0, 0
596054, 190733785, 0, 0
597007, 162584570, 0, 0
598025, 188217091, 0, 0
599021, 178123924, 0, 0
600047, 153999654, 0, 0
601058, 180228431, 0, 0
602007, 163785779, 0, 0
603007, 177311559, 0, 0
604032, 159033443, 0, 0
605026, 155872372, 0, 0
606011, 152382095, 0, 0
607039, 167050765, 0, 0
608009, 177033618, 0, 0
609050, 161400080, 0, 0
610053, 160023121, 0, 0
611020, 146585518, 0, 0
612046, 174973088, 0, 0
613029, 160216243, 0, 0
614060, 183306691, 0, 0
615046, 175487225, 0, 0
616000, 159015510, 0, 0
617050, 166267210, 0, 0
618042, 155851234, 0, 0
619032, 167356729, 0, 0
620030, 146202803, 0, 0
621001, 167578769, 0, 0
622053, 151907463, 0, 0
623020, 169876455, 0, 0
624043, 163556334, 0, 0
625020, 150902631, 0, 0
626010, 144146632, 0, 0
627032, 166475549, 0, 0
628000, 175414766, 0, 0
629016, 152446470, 0, 0
630062, 160303861, 0, 0
631033, 140732617, 0, 0
632001, 161988682, 0, 0
633010, 149349530, 0, 0
634056, 143332122, 0, 0
635046, 180547328, 0, 0
636007, 166020301, 0, 0
637005, 155604690, 0, 0
638052, 131332152, 0, 0
639038, 156734453, 0, 0
640020, 153712307, 0, 0
641019, 144956054, 0, 0
642051, 167187869, 0, 0
643019, 166438630, 0, 0
644035, 146506516, 0, 0
645027, 173163003, 0, 0
646021, 163829283, 0, 0
647055, 144907000, 0, 0
648056, 155975404, 0, 0
649050, 135349933, 0, 0
650011, 144966391, 0, 0
651039, 167051903, 0, 0
652020, 159874682, 0, 0
653017, 149867312, 0, 0
654052, 165878623, 0, 0
655050, 153217055, 0, 0
656003, 164677066, 0, 0
657026, 169136412, 0, 0
658022, 156522276, 0, 0
659022, 170369999, 0, 0
660015, 150096769, 0, 0
661035, 145680895, 0, 0
662040, 158957318, 0, 0
663002, 138689661, 0, 0
664050, 153706424, 0, 0
665004, 173293826, 0, 0
666053, 147611235, 0, 0
667018, 153940293, 0, 0
668016, 160218393, 0, 0
669017, 136879103, 0, 0
670021, 141362866, 0, 0
671036, 158975838, 0, 0
672045, 158173305, 0, 0
673055, 147166844, 0, 0
674039, 151610840, 0, 0
675034, 151812317, 0, 0
676017, 147388832, 0, 0
677033, 186773361, 0, 0
678014, 152923242, 0, 0
679041, 147435224, 0, 0
680052, 164871729, 0, 0
681022, 157666356, 0, 0
682027, 169628325, 0, 0
683011, 144844194, 0, 0
684006, 168424195, 0, 0
685009, 163053743, 0, 0
686047, 162055365, 0, 0
687056, 145597251, 0, 0
688031, 184410336, 0, 0
689032, 154867741, 0, 0
690027, 175470680, 0, 0
691009, 153223480, 0, 0
692003, 180538269, 0, 0
693039, 167967145, 0, 0
694064, 146526269, 0, 0
695061, 152404261, 0, 0
696055, 145171502, 0, 0
697013, 142958442, 0, 0
698043, 163472677, 0, 0
699052, 151456009, 0, 0
700020, 156739363, 0, 0
701033, 161021021, 0, 0
702020, 159309235, 0, 0
703000, 134606251, 0, 0
704055, 136445821, 0, 0
705033, 138579947, 0, 0
706014, 139696998, 0, 0
707036, 153138346, 0, 0
708022, 155507943, 0, 0
709044, 172254816, 0, 0
710000, 159997846, 0, 0
711040, 131215135, 0, 0
712027, 150247085, 0, 0
713021, 152051598, 0, 0
714006, 154918109, 0, 0
715012, 152210056, 0, 0
716000, 174465451, 0, 0
717043, 155258968, 0, 0
718045, 128685602, 0, 0
719020, 139859777, 0, 0
720028, 148252514, 0, 0
721034, 149364629, 0, 0
722059, 140559932, 0, 0
723024, 169998939, 0, 0
724020, 141318739, 0, 0
725006, 162929853, 0, 0
726030, 164293873, 0, 0
727057, 139188742, 0, 0
728002, 148136624, 0, 0
729035, 162366341, 0, 0
730033, 150450098, 0, 0
731035, 158729994, 0, 0
732031, 155076628, 0, 0
733047, 161430555, 0, 0
734030, 141229562, 0, 0
735009, 147991109, 0, 0
736052, 145072475, 0, 0
737043, 150615355, 0, 0
738025, 135941042, 0, 0
739047, 138008561, 0, 0
740019, 158240840, 0, 0
741001, 137785770, 0, 0
742051, 143308047, 0, 0
743038, 157163947, 0, 0
744040, 158377425, 0, 0
745044, 177545950, 0, 0
746039, 169981464, 0, 0
747019, 153294841, 0, 0
748045, 161029357, 0, 0
749004, 145891078, 0, 0
750034, 129458353, 0, 0
751022, 168795764, 0, 0
752016, 149173593, 0, 0
753004, 133227149, 0, 0
754006, 163188228, 0, 0
755011, 144854614, 0, 0
756005, 138714910, 0, 0
757046, 145870079, 0, 0
758025, 135275506, 0, 0
759030, 145072432, 0, 0
760025, 137966507, 0, 0
761003, 155722897, 0, 0
762051, 171388495, 0, 0
763000, 167510364, 0, 0
764021, 132084711, 0, 0
765026, 160702754, 0, 0
766004, 132182042, 0, 0
767041, 175564681, 0, 0
768018, 170124023, 0, 0
769045, 199586559, 0, 0
770009, 147993932, 0, 0
771032, 153497672, 0, 0
772024, 150619701, 0, 0
773063, 147140203, 0, 0
774003, 159231775, 0, 0
775056, 144622110, 0, 0
776014, 166709807, 0, 0
777035, 138169156, 0, 0
778041, 129760319, 0, 0
779025, 142369520, 0, 0
780045, 161989154, 0, 0
781039, 144833833, 0, 0
782002, 142440023, 0, 0
783020, 138465601, 0, 0
784029, 143554910, 0, 0
785004, 152327721, 0, 0
786002, 145567305, 0, 0
787040, 152336979, 0, 0
788043, 145765981, 0, 0
789015, 163466840, 0, 0
790030, 153081448, 0, 0
791031, 134017733, 0, 0
792007, 158507113, 0, 0
793021, 141477626, 0, 0
794004, 137176130, 0, 0
795024, 151337841, 0, 0
796045, 151627889, 0, 0
797002, 153100332, 0, 0
798051, 132609587, 0, 0
799048, 154525325, 0, 0
800036, 132285117, 0, 0
801047, 139025101, 0, 0
802035, 144320378, 0, 0
803018, 143596109, 0, 0
804011, 134744759, 0, 0
805037, 135504659, 0, 0
806018, 128887509, 0, 0
807041, 130818156, 0, 0
808018, 133305016, 0, 0
809022, 138309332, 0, 0
810025, 166371695, 0, 0
811061, 155708778, 0, 0
812043, 142460413, 0, 0
813038, 153167016, 0, 0
814006, 131748763, 0, 0
815048, 128860724, 0, 0
816024, 145990029, 0, 0
817016, 135291436, 0, 0
818042, 153577429, 0, 0
819006, 127868342, 0, 0
820000, 129542015, 0, 0
821036, 131325686, 0, 0
822046, 130253318, 0, 0
823057, 129181770, 0, 0
824025, 151243685, 0, 0
825050, 139677821, 0, 0
826030, 108279106, 0, 0
827048, 142970102, 0, 0
828039, 144758370, 0, 0
829042, 131081812, 0, 0
830014, 123969914, 0, 0
831049, 134639090, 0, 0
832048, 134566020, 0, 0
833034, 152495902, 0, 0
834033, 134185416, 0, 0
835018, 120406985, 0, 0
836015, 134523367, 0, 0
837019, 149807720, 0, 0
838031, 146532352, 0, 0
839027, 154669275, 0, 0
840008, 134795235, 0, 0
841023, 143272288, 0, 0
842054, 119306766, 0, 0
843012, 123634632, 0, 0
844037, 139745325, 0, 0
845020, 120611945, 0, 0
846023, 125637374, 0, 0
847046, 135095752, 0, 0
848055, 134816110, 0, 0
849028, 129346567, 0, 0
850029, 170258549, 0, 0
851027, 142700075, 0, 0
852039, 124937030, 0, 0
853030, 136376320, 0, 0
854032, 136213789, 0, 0
855024, 136769031, 0, 0
856023, 122174487, 0, 0
857012, 139741233, 0, 0
858006, 127950217, 0, 0
859037, 124430780, 0, 0
860043, 126900791, 0, 0
861036, 130363298, 0, 0
862057, 127602119, 0, 0
863008, 126961574, 0, 0
864047, 116673529, 0, 0
865016, 116460794, 0, 0
866024, 110767370, 0, 0
867053, 120589722, 0, 0
868019, 127156540, 0, 0
869023, 115357552, 0, 0
870068, 116224145, 0, 0
871033, 122981316, 0, 0
872053, 131818117, 0, 0
873048, 133981572, 0, 0
874016, 120818649, 0, 0
875000, 124797428, 0, 0
876021, 143443863, 0, 0
877050, 124570761, 0, 0
878047, 131487328, 0, 0
879004, 111984353, 0, 0
880052, 125643429, 0, 0
881001, 120819850, 0, 0
882004, 121838260, 0, 0
883001, 115378380, 0, 0
884046, 111893820, 0, 0
885041, 118888523, 0, 0
886010, 116321293, 0, 0
887026, 125747650, 0, 0
888017, 117932256, 0, 0
889015, 116541120, 0, 0
890003, 96824792, 0, 0
891025, 110468853, 0, 0
892002, 113288725, 0, 0
893022, 106895911, 0, 0
894060, 128195227, 0, 0
895052, 119254423, 0, 0
896031, 119154972, 0, 0
897016, 109068556, 0, 0
898049, 104715160, 0, 0
899047, 112093774, 0, 0
900037, 105630087, 0, 0
901047, 117172742, 0, 0
902036, 105868083, 0, 0
903035, 99835294, 0, 0
904030, 130441055, 0, 0
905036, 90527436, 0, 0
906059, 99000291, 0, 0
907020, 117657589, 0, 0
908028, 106048596, 0, 0
909008, 106782742, 0, 0
910054, 114828138, 0, 0
911000, 112773255, 0, 0
912028, 107630268, 0, 0
913032, 99771551, 0, 0
914031, 114564047, 0, 0
915057, 101283373, 0, 0
916049, 106797575, 0, 0
917003, 106081156, 0, 0
918031, 98693397, 0, 0
919037, 115352428, 0, 0
920049, 102434852, 0, 0
921004, 98480804, 0, 0
922022, 97955812, 0, 0
923043, 95789792, 0, 0
924010, 95763539, 0, 0
925045, 91627718, 0, 0
926021, 89073904, 0, 0
927024, 102316108, 0, 0
928045, 90827380, 0, 0
929054, 85940374, 0, 0
930010, 89644860, 0, 0
931005, 89519098, 0, 0
932019, 115974337, 0, 0
933008, 99485768, 0, 0
934003, 90003397, 0, 0
935027, 80655759, 0, 0
936040, 98065209, 0, 0
937051, 98873983, 0, 0
938007, 103368758, 0, 0
939022, 95522727, 0, 0
940053, 90417289, 0, 0
941023, 74525591, 0, 0
942000, 87850022, 0, 0
943055, 84887544, 0, 0
944041, 86315389, 0, 0
945021, 80156879, 0, 0
946004, 86840439, 0, 0
947046, 90006739, 0, 0
948047, 86524753, 0, 0
949009, 93808390, 0, 0
950044, 71525097, 0, 0
951045, 77715395, 0, 0
952028, 86470743, 0, 0
953010, 83765265, 0, 0
954003, 87083844, 0, 0
955022, 80660761, 0, 0
956058, 82831169, 0, 0
957035, 79202511, 0, 0
958007, 90824472, 0, 0
959028, 86833722, 0, 0
960006, 70757900, 0, 0
961055, 72680298, 0, 0
962038, 76946381, 0, 0
963040, 77745901, 0, 0
964054, 87262052, 0, 0
965036, 80193029, 0, 0
966013, 83322505, 0, 0
967017, 92704491, 0, 0
968032, 71610605, 0, 0
969041, 65026815, 0, 0
970008, 68494744, 0, 0
971054, 58192021, 0, 0
972043, 91679846, 0, 0
973012, 63525681, 0, 0
974005, 66741860, 0, 0
975013, 69215628, 0, 0
976045, 59398260, 0, 0
977031, 70662818, 0, 0
978047, 75206459, 0, 0
979044, 81630163, 0, 0
980039, 72403288, 0, 0
981048, 72582606, 0, 0
982015, 71105504, 0, 0
983005, 57904645, 0, 0
984023, 79237485, 0, 0
985031, 74215700, 0, 0
986046, 74135021, 0, 0
987000, 61953442, 0, 0
988006, 64718823, 0, 0
989024, 64961538, 0, 0
990069, 60481059, 0, 0
991042, 61003925, 0, 0
992022, 62182634, 0, 0
993042, 70547915, 0, 0
994033, 61855141, 0, 0
995070, 65319270, 0, 0
996055, 61273875, 0, 0
997009, 59824195, 0, 0
998005, 71522062, 0, 0
999020, 61227439, 0, 0
1000000, 55901367, 0, 0
1001028, 54851031, 0, 0
1002030, 49579589, 0, 0
1003032, 54057671, 0, 0
1004000, 58062615, 0, 0
1005010, 56240114, 0, 0
1006075, 51688226, 0, 0
1007043, 62506162, 0, 0
1008048, 57839202, 0, 0
1009041, 50559788, 0, 0
1010042, 47940031, 0, 0
1011013, 52569653, 0, 0
1012041, 63116086, 0, 0
1013002, 54814093, 0, 0
1014003, 53605446, 0, 0
1015048, 54776943, 0, 0
1016035, 54515220, 0, 0
1017026, 52040563, 0, 0
1018024, 46853629, 0, 0
1019063, 53179925, 0, 0
1020003, 51657669, 0, 0
1021044, 53453550, 0, 0
1022047, 47182301, 0, 0
1023048, 48284888, 0, 0
1024042, 56245173, 0, 0
1025007, 49248426, 0, 0
1026004, 49504121, 0, 0
1027040, 42996670, 0, 0
1028002, 45645168, 0, 0
1029026, 46878626, 0, 0
1030053, 38345705, 0, 0
1031000, 43851976, 0, 0
1032031, 47018213, 0, 0
1033084, 36486991, 0, 0
1034008, 38394493, 0, 0
1035002, 41900875, 0, 0
1036049, 37903808, 0, 0
1037024, 41803207, 0, 0
1038011, 37452951, 0, 0
1039023, 39739048, 0, 0
1040024, 42481212, 0, 0
1041012, 45289111, 0, 0
1042094, 37144811, 0, 0
1043029, 42881711, 0, 0
1044000, 36678539, 0, 0
1045037, 38813717, 0, 0
1046052, 30852065, 0, 0
1047060, 32701817, 0, 0
1048006, 32819628, 0, 0
1049032, 30692281, 0, 0
1050043, 33179995, 0, 0
1051026, 32142516, 0, 0
1052048, 36618686, 0, 0
1053005, 38051068, 0, 0
1054028, 33575712, 0, 0
1055031, 30090286, 0, 0
1056064, 35071574, 0, 0
1057028, 34579087, 0, 0
1058025, 28698026, 0, 0
1059000, 21980194, 0, 0
1060005, 30288108, 0, 0
1061017, 24086073, 0, 0
1062021, 27154570, 0, 0
1063029, 28387444, 0, 0
1064008, 25010196, 0, 0
1065031, 29486067, 0, 0
1066015, 29649595, 0, 0
1067063, 23003667, 0, 0
1068035, 24012908, 0, 0
1069039, 28696367, 0, 0
1070008, 31139232, 0, 0
1071023, 26286310, 0, 0
1072032, 21613826, 0, 0
1073025, 19985516, 0, 0
1074011, 22650403, 0, 0
1075000, 20542399, 0, 0
1076009, 21211587, 0, 0
1077053, 18749540, 0, 0
1078025, 31517796, 0, 0
1079025, 19561624, 0, 0
1080035, 18006913, 0, 0
1081020, 21768307, 0, 0
1082033, 17861252, 0, 0
1083026, 16755761, 0, 0
1084034, 15324166, 0, 0
1085039, 12606689, 0, 0
1086015, 18896880, 0, 0
1087036, 15237236, 0, 0
1088049, 16133168, 0, 0
1089041, 14313810, 0, 0
1090048, 13493276, 0, 0
1091012, 13171192, 0, 0
1092030, 9843317, 0, 0
1093037, 12286139, 0, 0
1094026, 13257908, 0, 0
1095019, 11403801, 0, 0
1096007, 8373099, 0, 0
1097036, 9091887, 0, 0
1098038, 12899632, 0, 0
1099037, 7379320, 0, 0
1100030, 7971120, 0, 0
1101017, 7502514, 0, 0
1102028, 6285837, 0, 0
1103006, 6836068, 0, 0
1104017, 5279320, 0, 0
1105039, 4915454, 0, 0
1106004, 5635300, 0, 0
1107000, 4540223, 0, 0
1108040, 4056830, 0, 0
1109013, 4534248, 0, 0
1110005, 5029432, 0, 0
1111023, 3093965, 0, 0
1112000, 2036788, 0, 0
1113005, 1947171, 0, 0
1114000, 1303796, 0, 0
1115000, 937930, 0, 0
1116000, 700301, 0, 0
1117000, 779353, 0, 0
1118000, 636224, 0, 0
1119000, 629518, 0, 0
1120000, 631359, 0, 0
1121000, 630730, 0, 0
1122000, 631882, 0, 0
1123000, 629659, 0, 0
1124000, 629847, 0, 0
1125000, 631057, 0, 0
1126000, 632152, 0, 0
1127000, 629401, 0, 0
1128000, 630359, 0, 0
1129000, 630269, 0, 0
1130000, 628091, 0, 0
1131000, 629277, 0, 0
1132000, 629599, 0, 0
1133000, 628693, 0, 0
1134000, 628184, 0, 0
1135000, 629394, 0, 0
1136000, 630583, 0, 0
1137000, 634581, 0, 0
1138000, 635482, 0, 0
1139000, 635595, 0, 0
1140000, 634335, 0, 0
1141000, 634501, 0, 0
1142000, 831221, 0, 0
1143000, 631139, 0, 0
1144000, 628660, 0, 0
1145000, 627275, 0, 0
1146000, 625251, 0, 0
1147000, 626884, 0, 0
1148000, 631161, 0, 0
1149000, 628424, 0, 0
1150000, 632108, 0, 0
1151000, 626427, 0, 0
1152000, 627679, 0, 0
1153000, 625395, 0, 0
1154000, 624796, 0, 0
1155000, 630837, 0, 0
1156000, 627421, 0, 0
1157000, 627248, 0, 0
1158000, 630969, 0, 0
1159000, 624169, 0, 0
1160000, 630115, 0, 0
1161000, 626531, 0, 0
1162000, 632820, 0, 0
1163000, 624256, 0, 0
1164000, 626197, 0, 0
1165000, 627570, 0, 0
1166000, 624682, 0, 0
1167000, 625327, 0, 0
1168000, 628054, 0, 0
1169000, 624838, 0, 0
1170000, 625459, 0, 0
1171000, 624883, 0, 0
1172000, 626391, 0, 0
1173000, 624416, 0, 0
1174000, 626702, 0, 0
1175000, 624921, 0, 0
1176000, 625163, 0, 0
1177000, 626275, 0, 0
1178000, 624172, 0, 0
1179000, 623825, 0, 0
1180000, 628295, 0, 0
1181000, 625850, 0, 0
1182000, 626015, 0, 0
1183000, 624296, 0, 0
1184000, 627836, 0, 0
1185000, 625607, 0, 0
1186000, 625811, 0, 0
1187000, 627242, 0, 0
1188000, 627090, 0, 0
1189000, 626631, 0, 0
1190000, 666250, 0, 0
1191000, 627913, 0, 0
1192000, 627994, 0, 0
1193000, 628760, 0, 0
1194000, 626839, 0, 0
1195000, 625894, 0, 0
1196000, 624685, 0, 0
1197000, 625430, 0, 0
1198000, 625197, 0, 0
1199000, 626124, 0, 0
1200000, 625397, 0, 0
1201000, 625939, 0, 0
1202000, 628842, 0, 0
1203000, 820726, 0, 0
1204000, 625067, 0, 0
1205000, 623912, 0, 0
1206000, 624736, 0, 0
1207000, 623021, 0, 0
1208000, 624715, 0, 0
1209000, 622871, 0, 0
1210000, 622585, 0, 0
1211000, 623030, 0, 0
1212000, 624142, 0, 0
1213000, 623376, 0, 0
1214000, 623280, 0, 0
1215000, 625316, 0, 0
1216000, 623078, 0, 0
1217000, 626666, 0, 0
1218000, 625105, 0, 0
1219000, 625455, 0, 0
1220000, 625794, 0, 0
1221000, 624675, 0, 0
1222000, 625595, 0, 0
1223000, 624034, 0, 0
1224000, 623993, 0, 0
1225000, 621108, 0, 0
1226000, 621264, 0, 0
1227000, 623888, 0, 0
1228000, 622052, 0, 0
1229000, 622707, 0, 0
1230000, 622620, 0, 0
1231000, 623478, 0, 0
1232000, 623523, 0, 0
1233000, 622670, 0, 0
1234000, 622561, 0, 0
1235000, 622386, 0, 0
1236000, 622536, 0, 0
1237000, 623852, 0, 0
1238000, 625364, 0, 0
1239000, 621244, 0, 0
1240000, 624348, 0, 0
1241000, 621681, 0, 0
1242000, 622969, 0, 0
1243000, 622080, 0, 0
1244000, 625669, 0, 0
1245000, 625201, 0, 0
1246000, 621576, 0, 0
1247000, 624088, 0, 0
1248000, 623962, 0, 0
1249000, 621954, 0, 0
1250000, 622307, 0, 0
1251000, 624303, 0, 0
1252000, 623634, 0, 0
1253000, 623462, 0, 0
1254000, 622015, 0, 0
1255000, 624216, 0, 0
1256000, 623840, 0, 0
1257000, 625318, 0, 0
1258000, 624692, 0, 0
1259000, 625101, 0, 0
1260000, 623698, 0, 0
1261000, 624398, 0, 0
1262000, 622928, 0, 0
1263060, 751621, 0, 0
1264000, 697940, 0, 0
1265000, 639988, 0, 0
1266000, 649118, 0, 0
1267000, 641760, 0, 0
1268000, 626447, 0, 0
1269000, 621740, 0, 0
1270000, 623012, 0, 0
1271000, 623254, 0, 0
1272000, 624570, 0, 0
1273000, 624365, 0, 0
1274000, 624064, 0, 0
1275000, 624956, 0, 0
1276000, 624073, 0, 0
1277000, 622365, 0, 0
1278000, 626695, 0, 0
1279000, 624852, 0, 0
1280000, 625181, 0, 0
1281000, 625446, 0, 0
1282000, 625757, 0, 0
1283000, 625532, 0, 0
1284000, 624479, 0, 0
1285000, 627517, 0, 0
1286000, 625372, 0, 0
1287000, 624151, 0, 0
1288000, 625230, 0, 0
1289000, 623110, 0, 0
1290000, 624342, 0, 0
1291000, 624429, 0, 0
1292000, 626164, 0, 0
1293000, 626430, 0, 0
1294000, 625741, 0, 0
1295000, 626287, 0, 0
1296000, 628712, 0, 0
1297000, 626527, 0, 0
1298000, 628090, 0, 0
1299000, 625874, 0, 0
1300000, 627224, 0, 0
1301000, 628668, 0, 0
1302000, 628976, 0, 0
1303000, 627394, 0, 0
1304000, 625733, 0, 0
1305000, 629883, 0, 0
1306000, 628703, 0, 0
1307000, 627635, 0, 0
1308000, 628269, 0, 0
1309000, 627502, 0, 0
1310000, 626579, 0, 0
1311000, 625739, 0, 0
1312000, 626245, 0, 0
1313000, 626680, 0, 0
1314000, 623936, 0, 0
1315000, 625356, 0, 0
1316000, 624145, 0, 0
1317000, 625942, 0, 0
1318000, 626432, 0, 0
1319000, 626076, 0, 0
1320000, 624574, 0, 0
1321000, 625065, 0, 0
1322000, 625391, 0, 0
1323056, 627559, 0, 0
1324000, 799848, 0, 0
1325000, 627819, 0, 0
1326000, 628781, 0, 0
1327000, 627776, 0, 0
1328000, 625422, 0, 0
1329000, 623627, 0, 0
1330000, 626536, 0, 0
1331000, 624556, 0, 0
1332000, 627048, 0, 0
1333000, 624733, 0, 0
1334000, 625529, 0, 0
1335000, 624839, 0, 0
1336000, 627240, 0, 0
1337000, 625663, 0, 0
1338000, 623516, 0, 0
1339000, 624766, 0, 0
1340000, 626147, 0, 0
1341000, 625752, 0, 0
1342000, 627282, 0, 0
1343000, 626916, 0, 0
1344000, 626317, 0, 0
1345000, 626307, 0, 0
1346000, 624782, 0, 0
1347000, 624117, 0, 0
1348000, 627911, 0, 0
1349000, 625316, 0, 0
1350000, 625935, 0, 0
1351000, 625528, 0, 0
1352000, 630067, 0, 0
1353000, 626772, 0, 0
1354000, 625078, 0, 0
1355000, 626895, 0, 0
1356000, 625826, 0, 0
1357000, 625873, 0, 0
1358000, 626187, 0, 0
1359000, 625850, 0, 0
1360000, 626328, 0, 0
1361000, 626764, 0, 0
1362000, 625009, 0, 0
1363000, 627029, 0, 0
1364000, 627245, 0, 0
1365000, 631933, 0, 0
1366000, 667079, 0, 0
1367000, 630687, 0, 0
1368000, 625690, 0, 0
1369000, 626133, 0, 0
1370000, 627160, 0, 0
1371000, 628066, 0, 0
1372000, 627690, 0, 0
1373000, 629315, 0, 0
1374000, 624749, 0, 0
1375000, 628928, 0, 0
1376000, 626520, 0, 0
1377000, 628090, 0, 0
1378000, 626989, 0, 0
1379000, 626142, 0, 0
1380000, 624035, 0, 0
1381000, 628809, 0, 0
1382000, 628732, 0, 0
1383000, 628188, 0, 0
1384000, 817561, 0, 0
1385000, 626260, 0, 0
1386000, 625466, 0, 0
1387000, 627135, 0, 0
1388000, 626207, 0, 0
1389000, 629308, 0, 0
1390000, 623994, 0, 0
1391000, 624389, 0, 0
1392000, 626352, 0, 0
1393000, 626458, 0, 0
1394000, 626156, 0, 0
1395000, 628557, 0, 0
1396000, 628720, 0, 0
1397000, 628091, 0, 0
1398000, 628120, 0, 0
1399000, 628317, 0, 0
1400000, 627251, 0, 0
1401000, 627619, 0, 0
1402000, 631114, 0, 0
1403000, 626738, 0, 0
1404000, 626040, 0, 0
1405000, 628240, 0, 0
1406000, 627240, 0, 0
1407000, 630721, 0, 0
1408000, 627246, 0, 0
1409000, 626404, 0, 0
1410000, 626829, 0, 0
1411000, 626570, 0, 0
1412000, 630259, 0, 0
1413000, 629226, 0, 0
1414000, 627961, 0, 0
1415000, 626859, 0, 0
1416000, 626843, 0, 0
1417000, 629697, 0, 0
1418000, 623384, 0, 0
1419000, 624306, 0, 0
1420000, 630408, 0, 0
1421000, 626575, 0, 0
1422000, 627207, 0, 0
1423000, 626603, 0, 0
1424000, 626780, 0, 0
1425000, 630087, 0, 0
1426000, 626852, 0, 0
1427000, 626037, 0, 0
1428000, 626473, 0, 0
1429000, 625811, 0, 0
1430000, 629877, 0, 0
1431000, 624832, 0, 0
1432000, 625416, 0, 0
1433000, 626059, 0, 0
1434000, 625122, 0, 0
1435000, 626366, 0, 0
1436000, 625127, 0, 0
1437000, 627311, 0, 0
1438000, 626453, 0, 0
1439000, 625400, 0, 0
1440000, 626606, 0, 0
1441000, 625114, 0, 0
1442000, 627007, 0, 0
1443000, 627461, 0, 0
1444000, 629256, 0, 0
1445000, 845285, 0, 0
1446000, 627001, 0, 0
1447000, 626293, 0, 0
1448000, 627747, 0, 0
1449000, 626555, 0, 0
1450000, 628845, 0, 0
1451000, 627777, 0, 0
1452000, 630878, 0, 0
1453000, 629609, 0, 0
1454000, 630341, 0, 0
1455000, 631283, 0, 0
1456000, 631177, 0, 0
1457000, 632094, 0, 0
1458000, 633349, 0, 0
1459000, 634333, 0, 0
1460000, 631819, 0, 0
1461000, 627826, 0, 0
1462000, 631111, 0, 0
1463000, 631701, 0, 0
1464000, 630418, 0, 0
1465000, 630917, 0, 0
1466000, 632933, 0, 0
1467000, 634350, 0, 0
1468000, 631704, 0, 0
1469000, 633372, 0, 0
1470000, 634532, 0, 0
1471000, 628658, 0, 0
1472000, 629395, 0, 0
1473000, 631883, 0, 0
1474000, 631925, 0, 0
1475000, 631888, 0, 0
1476000, 629326, 0, 0
1477000, 631467, 0, 0
1478000, 629100, 0, 0
1479000, 631044, 0, 0
1480000, 632187, 0, 0
1481000, 626699, 0, 0
1482000, 627993, 0, 0
1483000, 630065, 0, 0
1484000, 635520, 0, 0
1485000, 630549, 0, 0
1486002, 634581, 0, 0
1487000, 632484, 0, 0
1488000, 628708, 0, 0
1489000, 629535, 0, 0
1490000, 630107, 0, 0
1491000, 627842, 0, 0
1492000, 630509, 0, 0
1493000, 631498, 0, 0
1494000, 630854, 0, 0
1495000, 629076, 0, 0
1496000, 629491, 0, 0
1497000, 629435, 0, 0
1498000, 627355, 0, 0
1499000, 628974, 0, 0
1500000, 630994, 0, 0
1501000, 630689, 0, 0
1502000, 631872, 0, 0
1503000, 631497, 0, 0
1504000, 630988, 0, 0
1505000, 825628, 0, 0
1506000, 630343, 0, 0
1507000, 633142, 0, 0
1508000, 630503, 0, 0
1509000, 629636, 0, 0
1510000, 630825, 0, 0
1511000, 627031, 0, 0
1512000, 628805, 0, 0
1513000, 631555, 0, 0
1514000, 627679, 0, 0
1515000, 628373, 0, 0
1516000, 630724, 0, 0
1517000, 633792, 0, 0
1518000, 628333, 0, 0
1519000, 628974, 0, 0
1520000, 628351, 0, 0
1521000, 624225, 0, 0
1522000, 624634, 0, 0
1523000, 627954, 0, 0
1524000, 626679, 0, 0
1525000, 626636, 0, 0
1526000, 627542, 0, 0
1527000, 626705, 0, 0
1528000, 627528, 0, 0
1529000, 625478, 0, 0
1530000, 626053, 0, 0
1531000, 626135, 0, 0
1532000, 625752, 0, 0
1533000, 626986, 0, 0
1534000, 626594, 0, 0
1535000, 626190, 0, 0
1536000, 623840, 0, 0
1537000, 627269, 0, 0
1538000, 626992, 0, 0
1539000, 627298, 0, 0
1540000, 626940, 0, 0
1541000, 626770, 0, 0
1542000, 629770, 0, 0
1543000, 628819, 0, 0
1544000, 629859, 0, 0
1545000, 626686, 0, 0
1546000, 628145, 0, 0
1547000, 627749, 0, 0
1548000, 624627, 0, 0
1549000, 627328, 0, 0
1550000, 627905, 0, 0
1551000, 627486, 0, 0
1552000, 625214, 0, 0
1553000, 627973, 0, 0
1554000, 625029, 0, 0
1555000, 626731, 0, 0
1556000, 625592, 0, 0
1557000, 626090, 0, 0
1558000, 625795, 0, 0
1559000, 627562, 0, 0
1560000, 629730, 0, 0
1561000, 626758, 0, 0
1562000, 625717, 0, 0
1563000, 626718, 0, 0
1564000, 627536, 0, 0
1565000, 932865, 0, 0
1566000, 626166, 0, 0
1567000, 622456, 0, 0
1568000, 622638, 0, 0
1569000, 623847, 0, 0
1570000, 626888, 0, 0
1571000, 630144, 0, 0
1572000, 629997, 0, 0
1573000, 627652, 0, 0
1574000, 626855, 0, 0
1575000, 627721, 0, 0
1576000, 626739, 0, 0
1577000, 628579, 0, 0
1578000, 626298, 0, 0
1579000, 626224, 0, 0
1580000, 624794, 0, 0
1581000, 624475, 0, 0
1582000, 625905, 0, 0
1583000, 625757, 0, 0
1584000, 624969, 0, 0
1585000, 625454, 0, 0
1586000, 624496, 0, 0
1587000, 624062, 0, 0
1588000, 628669, 0, 0
1589000, 626779, 0, 0
1590000, 629646, 0, 0
1591000, 628300, 0, 0
1592000, 630762, 0, 0
1593000, 632075, 0, 0
1594000, 630534, 0, 0
1595000, 631913, 0, 0
1596000, 636586, 0, 0
1597000, 631328, 0, 0
1598000, 638104, 0, 0
1599000, 634604, 0, 0
1600000, 633117, 0, 0
1601000, 630580, 0, 0
1602000, 635692, 0, 0
1603000, 631755, 0, 0
1604000, 631278, 0, 0
1605000, 632387, 0, 0
1606000, 634978, 0, 0
1607000, 633926, 0, 0
1608000, 631312, 0, 0
1609000, 627159, 0, 0
1610000, 629211, 0, 0
1611000, 625774, 0, 0
1612000, 627263, 0, 0
1613000, 631126, 0, 0
1614000, 625840, 0, 0
1615000, 626610, 0, 0
1616000, 631925, 0, 0
1617000, 631353, 0, 0
1618000, 632517, 0, 0
1619000, 633440, 0, 0
1620000, 630053, 0, 0
1621000, 630817, 0, 0
1622000, 628218, 0, 0
1623000, 629587, 0, 0
1624000, 636193, 0, 0
1625000, 830662, 0, 0
1626000, 635806, 0, 0
1627000, 634665, 0, 0
1628000, 633619, 0, 0
1629000, 632629, 0, 0
1630000, 633775, 0, 0
1631000, 634857, 0, 0
1632000, 632286, 0, 0
1633000, 634573, 0, 0
1634000, 632539, 0, 0
1635000, 628391, 0, 0
1636000, 632071, 0, 0
1637000, 630476, 0, 0
1638000, 630380, 0, 0
1639000, 634102, 0, 0
1640000, 631270, 0, 0
1641000, 629036, 0, 0
1642000, 630626, 0, 0
1643000, 631848, 0, 0
1644000, 629910, 0, 0
1645000, 630320, 0, 0
1646000, 632220, 0, 0
1647000, 629620, 0, 0
1648000, 631779, 0, 0
1649000, 629781, 0, 0
1650000, 631243, 0, 0
1651000, 629416, 0, 0
1652000, 630997, 0, 0
1653000, 633307, 0, 0
1654000, 631456, 0, 0
1655000, 632413, 0, 0
1656000, 632204, 0, 0
1657000, 633730, 0, 0
1658000, 629223, 0, 0
1659000, 635750, 0, 0
1660000, 634048, 0, 0
1661000, 629695, 0, 0
1662000, 633299, 0, 0
1663000, 636420, 0, 0
1664000, 631622, 0, 0
1665000, 631413, 0, 0
1666000, 634342, 0, 0
1667000, 630523, 0, 0
1668000, 630817, 0, 0
1669000, 632956, 0, 0
1670000, 627496, 0, 0
1671000, 632531, 0, 0
1672000, 630210, 0, 0
1673000, 629672, 0, 0
1674000, 629461, 0, 0
1675000, 628710, 0, 0
1676000, 630311, 0, 0
1677000, 629406, 0, 0
1678000, 631981, 0, 0
1679000, 630564, 0, 0
1680000, 630095, 0, 0
1681000, 628136, 0, 0
1682000, 631547, 0, 0
1683000, 629061, 0, 0
1684000, 628640, 0, 0
1685000, 837938, 0, 0
1686000, 629226, 0, 0
1687000, 627220, 0, 0
1688000, 631576, 0, 0
1689000, 633705, 0, 0
1690000, 631267, 0, 0
1691000, 631613, 0, 0
1692000, 633740, 0, 0
1693000, 637882, 0, 0
1694000, 633255, 0, 0
1695000, 637624, 0, 0
1696000, 634041, 0, 0
1697000, 636006, 0, 0
1698000, 630584, 0, 0
1699000, 636441, 0, 0
1700000, 634904, 0, 0
1701000, 633838, 0, 0
1702000, 642899, 0, 0
1703000, 636682, 0, 0
1704000, 641504, 0, 0
1705000, 637351, 0, 0
1706000, 632596, 0, 0
1707000, 634151, 0, 0
1708000, 633806, 0, 0
1709000, 631391, 0, 0
1710000, 633033, 0, 0
1711000, 634863, 0, 0
1712000, 631449, 0, 0
1713000, 630282, 0, 0
1714000, 634431, 0, 0
1715000, 636192, 0, 0
1716000, 632725, 0, 0
1717000, 633859, 0, 0
1718000, 634638, 0, 0
1719000, 633089, 0, 0
1720000, 631092, 0, 0
1721000, 635686, 0, 0
1722000, 637146, 0, 0
1723000, 630616, 0, 0
1724000, 633719, 0, 0
1725000, 631511, 0, 0
1726000, 629429, 0, 0
1727000, 626535, 0, 0
1728000, 627682, 0, 0
1729000, 627651, 0, 0
1730000, 626549, 0, 0
1731000, 626002, 0, 0
1732000, 626696, 0, 0
1733000, 630823, 0, 0
1734000, 630540, 0, 0
1735000, 628774, 0, 0
1736000, 628056, 0, 0
1737000, 629638, 0, 0
1738000, 628238, 0, 0
1739000, 626499, 0, 0
1740000, 626803, 0, 0
1741000, 627071, 0, 0
1742000, 632976, 0, 0
1743000, 628352, 0, 0
1744000, 720462, 0, 0
1745000, 697271, 0, 0
1746000, 620343, 0, 0
1747000, 621323, 0, 0
1748000, 620085, 0, 0
1749000, 621839, 0, 0
1750000, 622217, 0, 0
1751000, 633365, 0, 0
1752000, 632689, 0, 0
1753000, 630291, 0, 0
1754000, 627265, 0, 0
1755000, 634510, 0, 0
1756000, 631871, 0, 0
1757000, 632709, 0, 0
1758000, 633981, 0, 0
1759000, 635591, 0, 0
1760000, 631236, 0, 0
1761000, 633007, 0, 0
1762000, 627874, 0, 0
1763000, 626311, 0, 0
1764000, 627934, 0, 0
1765000, 638619, 0, 0
1766000, 630186, 0, 0
1767000, 629732, 0, 0
1768000, 646583, 0, 0
1769000, 635043, 0, 0
1770000, 626474, 0, 0
1771000, 630019, 0, 0
1772000, 631494, 0, 0
1773000, 627098, 0, 0
1774000, 627364, 0, 0
1775000, 630891, 0, 0
1776000, 626620, 0, 0
1777000, 629971, 0, 0
1778000, 634524, 0, 0
1779000, 630408, 0, 0
1780000, 631097, 0, 0
1781000, 631618, 0, 0
1782000, 634675, 0, 0
1783000, 629069, 0, 0
1784000, 629636, 0, 0
1785000, 636999, 0, 0
1786000, 628231, 0, 0
1787000, 629676, 0, 0
1788000, 632079, 0, 0
1789000, 644554, 0, 0
1790000, 632138, 0, 0
1791000, 632893, 0, 0
1792000, 633554, 0, 0
1793000, 626769, 0, 0
1794000, 639469, 0, 0
1795000, 638632, 0, 0
1796000, 625488, 0, 0
1797000, 628952, 0, 0
1798000, 629066, 0, 0
1799000, 627653, 0, 0
1800000, 624825, 0, 0
1800000, 463989, 0, 0
