1020, 6704533, 0, 0
2047, 7080211, 0, 0
3041, 7248603, 0, 0
4006, 7144693, 0, 0
5000, 7297700, 0, 0
6016, 7416339, 0, 0
7006, 7217613, 0, 0
8048, 7128538, 0, 0
9046, 7335714, 0, 0
10028, 7107738, 0, 0
11026, 7172459, 0, 0
12022, 7164308, 0, 0
13016, 7301644, 0, 0
14057, 7171517, 0, 0
15008, 7419047, 0, 0
16033, 7477449, 0, 0
17033, 7687763, 0, 0
18018, 7182900, 0, 0
19060, 6988021, 0, 0
20002, 7352049, 0, 0
21006, 6780222, 0, 0
22041, 7129289, 0, 0
23054, 7176983, 0, 0
24014, 7213620, 0, 0
25054, 7422790, 0, 0
26043, 6810322, 0, 0
27046, 7158070, 0, 0
28053, 7086289, 0, 0
29054, 7148454, 0, 0
30044, 6962438, 0, 0
31014, 6922060, 0, 0
32046, 6922490, 0, 0
33026, 6994137, 0, 0
34016, 7012727, 0, 0
35016, 7036036, 0, 0
36051, 6894135, 0, 0
37038, 6847003, 0, 0
38020, 7060900, 0, 0
39000, 6796075, 0, 0
40015, 7192774, 0, 0
41046, 7107468, 0, 0
42047, 6664348, 0, 0
43000, 7105009, 0, 0
44047, 7070595, 0, 0
45006, 7096465, 0, 0
46013, 7037423, 0, 0
47021, 6494387, 0, 0
48041, 6792126, 0, 0
49036, 7001029, 0, 0
50050, 6895649, 0, 0
51030, 7474073, 0, 0
52006, 6770204, 0, 0
53035, 6585824, 0, 0
54023, 6856867, 0, 0
55016, 7460137, 0, 0
56008, 6885328, 0, 0
57008, 7188329, 0, 0
58054, 6964548, 0, 0
59040, 6937199, 0, 0
60041, 7195627, 0, 0
61004, 7231646, 0, 0
62008, 7165168, 0, 0
63040, 6741130, 0, 0
64030, 6818256, 0, 0
65049, 7600296, 0, 0
66050, 7461884, 0, 0
67045, 6810607, 0, 0
68054, 7301813, 0, 0
69040, 7248590, 0, 0
70038, 6875446, 0, 0
71076, 7056836, 0, 0
72006, 6931860, 0, 0
73002, 6630971, 0, 0
74028, 6659004, 0, 0
75060, 6916538, 0, 0
76000, 7114792, 0, 0
77024, 7008109, 0, 0
78047, 7150604, 0, 0
79056, 6812015, 0, 0
80049, 6702877, 0, 0
81088, 6914250, 0, 0
82017, 7031894, 0, 0
83002, 6884420, 0, 0
84019, 6152814, 0, 0
85021, 6860544, 0, 0
86043, 6546068, 0, 0
87013, 6413051, 0, 0
88010, 6732646, 0, 0
89003, 6522455, 0, 0
90006, 6727352, 0, 0
91029, 6681453, 0, 0
92029, 7136234, 0, 0
93026, 6822583, 0, 0
94020, 6243196, 0, 0
95018, 6695268, 0, 0
96014, 6632363, 0, 0
97012, 6474179, 0, 0
98055, 6596614, 0, 0
99019, 6826959, 0, 0
100030, 6781338, 0, 0
101005, 6494070, 0, 0
102042, 6726378, 0, 0
103051, 6547779, 0, 0
104001, 5964445, 0, 0
105019, 6921454, 0, 0
106058, 6327610, 0, 0
107048, 6260791, 0, 0
108004, 6679945, 0, 0
109025, 6451607, 0, 0
110041, 6551234, 0, 0
111057, 6677990, 0, 0
112024, 6758241, 0, 0
113000, 5942296, 0, 0
114027, 6455874, 0, 0
115013, 6652307, 0, 0
116025, 6477532, 0, 0
117022, 6387746, 0, 0
118003, 6238613, 0, 0
119029, 6142590, 0, 0
120014, 6691048, 0, 0
121009, 6253845, 0, 0
122049, 6333821, 0, 0
123011, 6719586, 0, 0
124018, 6575750, 0, 0
125044, 6446308, 0, 0
126004, 6351583, 0, 0
127050, 6451481, 0, 0
128044, 6246180, 0, 0
129038, 6448905, 0, 0
130028, 6137252, 0, 0
131002, 6531862, 0, 0
132057, 5922210, 0, 0
133055, 6117198, 0, 0
134022, 6898486, 0, 0
135020, 6313624, 0, 0
136051, 6472843, 0, 0
137041, 6032563, 0, 0
138050, 6258636, 0, 0
139017, 5788846, 0, 0
140014, 6186814, 0, 0
141053, 6064059, 0, 0
142008, 6194888, 0, 0
143012, 6646245, 0, 0
144051, 6141842, 0, 0
145038, 6275067, 0, 0
146032, 6205999, 0, 0
147053, 5863046, 0, 0
148012, 6220844, 0, 0
149008, 6296981, 0, 0
150024, 5901475, 0, 0
151023, 6046684, 0, 0
152041, 6357574, 0, 0
153011, 5977773, 0, 0
154025, 6454398, 0, 0
155027, 6181104, 0, 0
156031, 5895479, 0, 0
157018, 6487795, 0, 0
158020, 6255730, 0, 0
159063, 6277246, 0, 0
160022, 6065413, 0, 0
161005, 6680172, 0, 0
162053, 5813836, 0, 0
163007, 6191284, 0, 0
164016, 6376378, 0, 0
165017, 6026837, 0, 0
166051, 5901787, 0, 0
167037, 5727825, 0, 0
168040, 5962192, 0, 0
169005, 5948102, 0, 0
170062, 6327098, 0, 0
171048, 5560393, 0, 0
172039, 5963876, 0, 0
173030, 5897168, 0, 0
174053, 5872184, 0, 0
175020, 5889065, 0, 0
176040, 5922190, 0, 0
177043, 5965165, 0, 0
178050, 6023605, 0, 0
179041, 5826002, 0, 0
180057, 5933093, 0, 0
181046, 5548310, 0, 0
182017, 5989782, 0, 0
183038, 5928837, 0, 0
184039, 5952690, 0, 0
185026, 5417244, 0, 0
186006, 5934834, 0, 0
187016, 5570434, 0, 0
188040, 5811063, 0, 0
189009, 6204424, 0, 0
190043, 5493604, 0, 0
191036, 5672495, 0, 0
192009, 5457407, 0, 0
193012, 6033851, 0, 0
194042, 5472802, 0, 0
195008, 5996693, 0, 0
196013, 5973849, 0, 0
197026, 6210856, 0, 0
198044, 5880478, 0, 0
199057, 5881397, 0, 0
200048, 5720225, 0, 0
201039, 5725162, 0, 0
202048, 5419244, 0, 0
203004, 5485578, 0, 0
204057, 6043880, 0, 0
205030, 5855291, 0, 0
206033, 5600538, 0, 0
207008, 5761573, 0, 0
208054, 5708534, 0, 0
209031, 5989481, 0, 0
210032, 5646680, 0, 0
211000, 5559946, 0, 0
212047, 5650621, 0, 0
213011, 5567179, 0, 0
214006, 5843222, 0, 0
215021, 4996258, 0, 0
216038, 5461979, 0, 0
217017, 5752140, 0, 0
218024, 5846213, 0, 0
219013, 5648404, 0, 0
220061, 5781561, 0, 0
221018, 5795932, 0, 0
222044, 5822693, 0, 0
223051, 5239147, 0, 0
224038, 5767907, 0, 0
225016, 5745921, 0, 0
226015, 5197673, 0, 0
227012, 5154810, 0, 0
228054, 5233586, 0, 0
229039, 5148342, 0, 0
230021, 4978850, 0, 0
231011, 5403467, 0, 0
232019, 5755020, 0, 0
233027, 5502905, 0, 0
234044, 5463404, 0, 0
235031, 5271385, 0, 0
236015, 5280662, 0, 0
237036, 5634127, 0, 0
238006, 5383887, 0, 0
239034, 5404369, 0, 0
240047, 5035960, 0, 0
241035, 5512982, 0, 0
242025, 5341552, 0, 0
243006, 5505737, 0, 0
244030, 5410946, 0, 0
245020, 5591526, 0, 0
246056, 5654721, 0, 0
247039, 5776484, 0, 0
248048, 4844625, 0, 0
249000, 5367915, 0, 0
250010, 5517686, 0, 0
251052, 5623689, 0, 0
252051, 5116862, 0, 0
253020, 5726826, 0, 0
254006, 4434330, 0, 0
255001, 5345469, 0, 0
256009, 5242101, 0, 0
257058, 5662172, 0, 0
258044, 5444224, 0, 0
259034, 5147284, 0, 0
260020, 5828779, 0, 0
261046, 5543835, 0, 0
262040, 5393392, 0, 0
263027, 5029088, 0, 0
264038, 5519634, 0, 0
265028, 5230300, 0, 0
266018, 5431958, 0, 0
267000, 4854052, 0, 0
268041, 5360792, 0, 0
269061, 5095713, 0, 0
270006, 4788996, 0, 0
271032, 5072060, 0, 0
272036, 5222635, 0, 0
273043, 5465177, 0, 0
274035, 5083109, 0, 0
275009, 5376287, 0, 0
276023, 4989432, 0, 0
277051, 5056122, 0, 0
278038, 5054112, 0, 0
279000, 5059191, 0, 0
280001, 4973093, 0, 0
281017, 4718629, 0, 0
282006, 4987604, 0, 0
283016, 5019977, 0, 0
284019, 4912438, 0, 0
285014, 5175675, 0, 0
286037, 5159133, 0, 0
287007, 5569455, 0, 0
288050, 5314849, 0, 0
289039, 4795313, 0, 0
290026, 4902295, 0, 0
291004, 4813581, 0, 0
292046, 5174729, 0, 0
293025, 4967247, 0, 0
294042, 5401837, 0, 0
295022, 4594845, 0, 0
296011, 5115205, 0, 0
297032, 5178724, 0, 0
298036, 5308613, 0, 0
299005, 4810927, 0, 0
300031, 5152596, 0, 0
301025, 5142856, 0, 0
302051, 5478506, 0, 0
303041, 4666223, 0, 0
304020, 5115552, 0, 0
305037, 4701424, 0, 0
306039, 5324816, 0, 0
307026, 5329405, 0, 0
308025, 5607665, 0, 0
309013, 4930917, 0, 0
310047, 4802968, 0, 0
311057, 5201152, 0, 0
312050, 4910949, 0, 0
313012, 4576928, 0, 0
314040, 5056827, 0, 0
315048, 4660385, 0, 0
316045, 5158232, 0, 0
317024, 4840301, 0, 0
318053, 4737478, 0, 0
319053, 4778773, 0, 0
320011, 5140945, 0, 0
321018, 4861028, 0, 0
322014, 5782535, 0, 0
323022, 4818714, 0, 0
324029, 4784918, 0, 0
325038, 5197820, 0, 0
326047, 4727706, 0, 0
327057, 5017375, 0, 0
328019, 5195376, 0, 0
329040, 5152746, 0, 0
330009, 4720760, 0, 0
331015, 4760016, 0, 0
332033, 4795118, 0, 0
333049, 4318868, 0, 0
334019, 5152929, 0, 0
335028, 4495956, 0, 0
336047, 4505201, 0, 0
337001, 4882978, 0, 0
338051, 4619687, 0, 0
339006, 4747997, 0, 0
340010, 4774991, 0, 0
341055, 4458980, 0, 0
342030, 4467306, 0, 0
343034, 4964410, 0, 0
344062, 5182002, 0, 0
345007, 4697880, 0, 0
346008, 4974333, 0, 0
347024, 4673847, 0, 0
348030, 4650235, 0, 0
349034, 4867660, 0, 0
350042, 4984819, 0, 0
351025, 4212168, 0, 0
352016, 4458848, 0, 0
353033, 4615624, 0, 0
354033, 4826078, 0, 0
355015, 4320561, 0, 0
356011, 4877789, 0, 0
357056, 4190239, 0, 0
358041, 4471107, 0, 0
359049, 4433724, 0, 0
360035, 4395660, 0, 0
361036, 4626946, 0, 0
362001, 4381518, 0, 0
363022, 4632035, 0, 0
364046, 4010279, 0, 0
365037, 4140057, 0, 0
366055, 4641642, 0, 0
367007, 4116281, 0, 0
368030, 4328596, 0, 0
369046, 4124529, 0, 0
370017, 4289251, 0, 0
371040, 4865530, 0, 0
372058, 4478635, 0, 0
373017, 4674631, 0, 0
374020, 4102076, 0, 0
375039, 4736168, 0, 0
376006, 4530710, 0, 0
377021, 4389500, 0, 0
378004, 4287840, 0, 0
379048, 4306532, 0, 0
380001, 4487961, 0, 0
381058, 4205263, 0, 0
382028, 4002552, 0, 0
383022, 4190201, 0, 0
384014, 4383160, 0, 0
385024, 3732756, 0, 0
386036, 4028474, 0, 0
387027, 4003094, 0, 0
388019, 3916759, 0, 0
389025, 4830522, 0, 0
390043, 4557035, 0, 0
391008, 4747400, 0, 0
392041, 4647380, 0, 0
393008, 3988913, 0, 0
394058, 4405839, 0, 0
395045, 4812046, 0, 0
396041, 4160340, 0, 0
397020, 4160367, 0, 0
398036, 4208788, 0, 0
399042, 4442692, 0, 0
400027, 4779077, 0, 0
401038, 4188295, 0, 0
402042, 4359439, 0, 0
403004, 4123386, 0, 0
404015, 4650535, 0, 0
405013, 4411050, 0, 0
406026, 4265885, 0, 0
407058, 4090221, 0, 0
408020, 4388850, 0, 0
409014, 3999626, 0, 0
410036, 4619486, 0, 0
411016, 4165586, 0, 0
412047, 4596117, 0, 0
413002, 4004187, 0, 0
414010, 4075898, 0, 0
415022, 3946112, 0, 0
416027, 4133300, 0, 0
417041, 4400871, 0, 0
418058, 3731940, 0, 0
419021, 4294108, 0, 0
420043, 4304817, 0, 0
421039, 4215389, 0, 0
422035, 4422468, 0, 0
423037, 4064203, 0, 0
424048, 3782227, 0, 0
425040, 3992341, 0, 0
426027, 4325552, 0, 0
427048, 3790101, 0, 0
428045, 3981305, 0, 0
429010, 4208404, 0, 0
430017, 3837758, 0, 0
431015, 3844597, 0, 0
432046, 3959485, 0, 0
433032, 4020200, 0, 0
434052, 3857705, 0, 0
435013, 3553640, 0, 0
436057, 3946514, 0, 0
437018, 3824874, 0, 0
438035, 3744880, 0, 0
439018, 3674397, 0, 0
440010, 3934675, 0, 0
441057, 3553999, 0, 0
442011, 4000434, 0, 0
443003, 4060513, 0, 0
444008, 3703682, 0, 0
445058, 4368077, 0, 0
446048, 3673524, 0, 0
447001, 3996357, 0, 0
448041, 3904643, 0, 0
449041, 3869202, 0, 0
450027, 3703002, 0, 0
451028, 3782694, 0, 0
452047, 4409035, 0, 0
453034, 3895114, 0, 0
454010, 4026650, 0, 0
455028, 3245569, 0, 0
456047, 3824315, 0, 0
457033, 3770183, 0, 0
458026, 3920905, 0, 0
459011, 4047643, 0, 0
460017, 3983929, 0, 0
461020, 3349094, 0, 0
462037, 3831888, 0, 0
463042, 3830062, 0, 0
464003, 3869493, 0, 0
465032, 3835404, 0, 0
466033, 3528587, 0, 0
467031, 3704034, 0, 0
468035, 3363046, 0, 0
469012, 3694982, 0, 0
470004, 3512319, 0, 0
471047, 3899726, 0, 0
472050, 3696530, 0, 0
473031, 3612495, 0, 0
474004, 3314330, 0, 0
475042, 3743754, 0, 0
476002, 3698654, 0, 0
477013, 3353661, 0, 0
478053, 3339431, 0, 0
479023, 3682346, 0, 0
480045, 3591811, 0, 0
481039, 3647970, 0, 0
482053, 3590881, 0, 0
483003, 3483748, 0, 0
484039, 4042396, 0, 0
485033, 4118073, 0, 0
486052, 3583390, 0, 0
487046, 3386497, 0, 0
488032, 3477676, 0, 0
489000, 3165847, 0, 0
490015, 3671862, 0, 0
491055, 3593677, 0, 0
492056, 3717485, 0, 0
493046, 3134253, 0, 0
494045, 3475775, 0, 0
495024, 3542195, 0, 0
496039, 3518298, 0, 0
497038, 3653364, 0, 0
498022, 3341007, 0, 0
499022, 4056668, 0, 0
500050, 3239186, 0, 0
501037, 3360603, 0, 0
502045, 3727544, 0, 0
503045, 3564360, 0, 0
504030, 3112772, 0, 0
505036, 3484461, 0, 0
506044, 3686086, 0, 0
507045, 3422671, 0, 0
508015, 3423853, 0, 0
509022, 3512428, 0, 0
510000, 3040561, 0, 0
511017, 3721312, 0, 0
512050, 3212766, 0, 0
513007, 3214156, 0, 0
514061, 2970589, 0, 0
515036, 3081461, 0, 0
516035, 2967671, 0, 0
517043, 4055894, 0, 0
518030, 3805609, 0, 0
519040, 3102450, 0, 0
520016, 3204326, 0, 0
521024, 2965931, 0, 0
522031, 3162956, 0, 0
523025, 3187643, 0, 0
524003, 2986033, 0, 0
525011, 2976795, 0, 0
526022, 3353520, 0, 0
527016, 2770123, 0, 0
528030, 3021676, 0, 0
529049, 3505487, 0, 0
530032, 3165079, 0, 0
531045, 3252863, 0, 0
532009, 2715853, 0, 0
533026, 3254106, 0, 0
534030, 3273841, 0, 0
535009, 2990551, 0, 0
536003, 3012809, 0, 0
537015, 3016215, 0, 0
538034, 3357035, 0, 0
539036, 3004661, 0, 0
540063, 2978795, 0, 0
541050, 3262837, 0, 0
542012, 3288408, 0, 0
543007, 3120475, 0, 0
544004, 3351518, 0, 0
545020, 3189420, 0, 0
546038, 3311206, 0, 0
547055, 3251692, 0, 0
548024, 2939502, 0, 0
549012, 2953385, 0, 0
550046, 2631642, 0, 0
551047, 3170383, 0, 0
552047, 2962728, 0, 0
553015, 2668436, 0, 0
554016, 2894378, 0, 0
555036, 3191228, 0, 0
556023, 2789661, 0, 0
557057, 2746187, 0, 0
558003, 3167994, 0, 0
559053, 2944128, 0, 0
560023, 2461132, 0, 0
561036, 2879753, 0, 0
562035, 3047990, 0, 0
563009, 3330092, 0, 0
564006, 2927370, 0, 0
565052, 3025229, 0, 0
566001, 3094333, 0, 0
567010, 2796590, 0, 0
568009, 2711094, 0, 0
569029, 3210250, 0, 0
570000, 2705565, 0, 0
571055, 2600803, 0, 0
572018, 2818048, 0, 0
573044, 2834565, 0, 0
574048, 2657577, 0, 0
575030, 2714348, 0, 0
576035, 2801747, 0, 0
577034, 2594457, 0, 0
578012, 3440743, 0, 0
579001, 2928967, 0, 0
580019, 2843011, 0, 0
581011, 2691550, 0, 0
582018, 2888175, 0, 0
583031, 2611134, 0, 0
584013, 3201136, 0, 0
585005, 2397477, 0, 0
586050, 2802000, 0, 0
587035, 2528386, 0, 0
588001, 2670006, 0, 0
589021, 2982621, 0, 0
590017, 3004780, 0, 0
591037, 2850287, 0, 0
592001, 3187965, 0, 0
593062, 2814373, 0, 0
594016, 2759440, 0, 0
595034, 2557920, 0, 0
596017, 3155057, 0, 0
597031, 2744021, 0, 0
598012, 2580871, 0, 0
599054, 2486988, 0, 0
600044, 2654536, 0, 0
601051, 2707726, 0, 0
602001, 2642889, 0, 0
603039, 2717901, 0, 0
604013, 2510897, 0, 0
605008, 2468854, 0, 0
606007, 2346118, 0, 0
607040, 2894801, 0, 0
608029, 2771627, 0, 0
609009, 2574036, 0, 0
610004, 2437511, 0, 0
611001, 2498596, 0, 0
612010, 2467201, 0, 0
613046, 2597864, 0, 0
614000, 2966252, 0, 0
615006, 2515125, 0, 0
616011, 2482089, 0, 0
617039, 2764485, 0, 0
618045, 2400189, 0, 0
619058, 2333019, 0, 0
620041, 2296098, 0, 0
621034, 2201909, 0, 0
622040, 2332865, 0, 0
623037, 2437529, 0, 0
624029, 2720792, 0, 0
625047, 2609682, 0, 0
626025, 2637438, 0, 0
627039, 2582180, 0, 0
628052, 2185603, 0, 0
629019, 2307517, 0, 0
630044, 2749710, 0, 0
631061, 2370971, 0, 0
632029, 2265568, 0, 0
633037, 2464731, 0, 0
634001, 2813503, 0, 0
635004, 2625884, 0, 0
636008, 2471948, 0, 0
637016, 2750338, 0, 0
638009, 2983695, 0, 0
639020, 2472237, 0, 0
640052, 2523498, 0, 0
641047, 2433345, 0, 0
642051, 2685960, 0, 0
643000, 2242751, 0, 0
644046, 2601955, 0, 0
645001, 2829048, 0, 0
646012, 2430427, 0, 0
647006, 2613952, 0, 0
648044, 2570417, 0, 0
649047, 2697235, 0, 0
650035, 2402479, 0, 0
651040, 2252364, 0, 0
652025, 2378040, 0, 0
653027, 2611097, 0, 0
654052, 2635962, 0, 0
655002, 2731444, 0, 0
656035, 2399685, 0, 0
657016, 2612541, 0, 0
658014, 2810591, 0, 0
659010, 2473304, 0, 0
660059, 2782656, 0, 0
661038, 2461646, 0, 0
662000, 2392331, 0, 0
663000, 2439620, 0, 0
664001, 2903012, 0, 0
665042, 2705941, 0, 0
666023, 2561417, 0, 0
667013, 2591425, 0, 0
668051, 2779312, 0, 0
669030, 2610132, 0, 0
670023, 2686446, 0, 0
671010, 2472782, 0, 0
672047, 2581141, 0, 0
673055, 2268852, 0, 0
674031, 2428409, 0, 0
675037, 2713691, 0, 0
676021, 2441348, 0, 0
677032, 2502617, 0, 0
678056, 2444378, 0, 0
679015, 2619618, 0, 0
680009, 2443648, 0, 0
681002, 2391306, 0, 0
682006, 2313153, 0, 0
683006, 2288080, 0, 0
684018, 2421320, 0, 0
685020, 2480939, 0, 0
686012, 2460079, 0, 0
687043, 2516339, 0, 0
688047, 2522693, 0, 0
689016, 2525142, 0, 0
690010, 2761756, 0, 0
691040, 2271924, 0, 0
692007, 2474046, 0, 0
693007, 2712379, 0, 0
694011, 2436569, 0, 0
695002, 2582046, 0, 0
696050, 2524583, 0, 0
697061, 2561559, 0, 0
698003, 2372340, 0, 0
699019, 2245638, 0, 0
700027, 2677018, 0, 0
701045, 3106279, 0, 0
702041, 2678704, 0, 0
703028, 2774082, 0, 0
704000, 2326016, 0, 0
705014, 2520553, 0, 0
706044, 2549970, 0, 0
707047, 2423159, 0, 0
708051, 2714386, 0, 0
709028, 2384051, 0, 0
710053, 2655031, 0, 0
711055, 2769475, 0, 0
712030, 2216950, 0, 0
713000, 2493251, 0, 0
714057, 2604129, 0, 0
715054, 2522766, 0, 0
716015, 2724231, 0, 0
717030, 2435424, 0, 0
718034, 2735478, 0, 0
719049, 2944453, 0, 0
720017, 2706570, 0, 0
721045, 2526037, 0, 0
722031, 2555514, 0, 0
723027, 3039871, 0, 0
724028, 2515207, 0, 0
725013, 2685812, 0, 0
726045, 2708956, 0, 0
727027, 2190044, 0, 0
728008, 2705691, 0, 0
729021, 2560225, 0, 0
730032, 2507578, 0, 0
731002, 2303708, 0, 0
732036, 2533728, 0, 0
733056, 2589598, 0, 0
734047, 2568696, 0, 0
735036, 2813283, 0, 0
736050, 2495619, 0, 0
737039, 2828769, 0, 0
738000, 2755151, 0, 0
739036, 2764406, 0, 0
740053, 2596316, 0, 0
741028, 2827780, 0, 0
742013, 2572716, 0, 0
743005, 2604445, 0, 0
744007, 2576458, 0, 0
745018, 3002842, 0, 0
746020, 2610090, 0, 0
747011, 2440863, 0, 0
748028, 2415451, 0, 0
749000, 2579145, 0, 0
750033, 2454198, 0, 0
751051, 2525308, 0, 0
752039, 2362794, 0, 0
753016, 2567500, 0, 0
754000, 2331110, 0, 0
755006, 2794146, 0, 0
756054, 2689744, 0, 0
757024, 2630374, 0, 0
758000, 2527010, 0, 0
759051, 2906461, 0, 0
760011, 3498043, 0, 0
761041, 2670143, 0, 0
762018, 2612090, 0, 0
763038, 2215922, 0, 0
764016, 2904422, 0, 0
765007, 2667080, 0, 0
766027, 2743863, 0, 0
767046, 2783679, 0, 0
768050, 2897708, 0, 0
769030, 3174978, 0, 0
770030, 2795165, 0, 0
771045, 2393984, 0, 0
772021, 2758969, 0, 0
773000, 2958780, 0, 0
774023, 3056763, 0, 0
775041, 3016939, 0, 0
776040, 2730232, 0, 0
777041, 2649188, 0, 0
778011, 2773113, 0, 0
779054, 2845689, 0, 0
780037, 2754434, 0, 0
781013, 2543727, 0, 0
782009, 2715210, 0, 0
783017, 2625000, 0, 0
784024, 2695269, 0, 0
785021, 2850715, 0, 0
786052, 2809115, 0, 0
787031, 2800982, 0, 0
788024, 2546824, 0, 0
789037, 3092086, 0, 0
790030, 2830954, 0, 0
791003, 2790202, 0, 0
792037, 2921019, 0, 0
793000, 2896814, 0, 0
794048, 2833649, 0, 0
795018, 2813800, 0, 0
796005, 2597802, 0, 0
797041, 2686012, 0, 0
798034, 3001382, 0, 0
799047, 3140654, 0, 0
800026, 3214833, 0, 0
801043, 2924582, 0, 0
802022, 2563560, 0, 0
803011, 2974069, 0, 0
804006, 2820819, 0, 0
805038, 2768344, 0, 0
806053, 2678941, 0, 0
807004, 2783038, 0, 0
808021, 2511829, 0, 0
809059, 2760411, 0, 0
810054, 3133505, 0, 0
811046, 2697118, 0, 0
812042, 2648356, 0, 0
813001, 3070070, 0, 0
814002, 2706666, 0, 0
815039, 2757234, 0, 0
816046, 2505804, 0, 0
817011, 2698071, 0, 0
818013, 3246599, 0, 0
819016, 2953051, 0, 0
820036, 2697740, 0, 0
821054, 3034204, 0, 0
822041, 2766425, 0, 0
823034, 3096280, 0, 0
824015, 3041583, 0, 0
825048, 3013830, 0, 0
826034, 2909675, 0, 0
827060, 3273747, 0, 0
828013, 2925024, 0, 0
829002, 3417216, 0, 0
830053, 2746135, 0, 0
831046, 2967293, 0, 0
832035, 2883063, 0, 0
833041, 3239627, 0, 0
834039, 3182949, 0, 0
835038, 3136020, 0, 0
836026, 3190672, 0, 0
837024, 3547030, 0, 0
838011, 2860410, 0, 0
839023, 2884957, 0, 0
840007, 3254107, 0, 0
841022, 3288042, 0, 0
842046, 2979115, 0, 0
843009, 3205819, 0, 0
844018, 2750539, 0, 0
845005, 2880416, 0, 0
846030, 3118533, 0, 0
847029, 3126877, 0, 0
848057, 3364309, 0, 0
849015, 3123285, 0, 0
850010, 3236320, 0, 0
851048, 3635846, 0, 0
852017, 3502897, 0, 0
853043, 3451342, 0, 0
854019, 3183627, 0, 0
855030, 3084817, 0, 0
856004, 2990122, 0, 0
857006, 3438291, 0, 0
858038, 3562678, 0, 0
859003, 3663832, 0, 0
860046, 3284306, 0, 0
861042, 3667681, 0, 0
862013, 2927547, 0, 0
863020, 3241954, 0, 0
864018, 3132152, 0, 0
865051, 3023224, 0, 0
866001, 3397528, 0, 0
867033, 3400098, 0, 0
868031, 3505715, 0, 0
869026, 3311551, 0, 0
870011, 3265506, 0, 0
871017, 3461407, 0, 0
872024, 3171678, 0, 0
873038, 3574858, 0, 0
874056, 3400161, 0, 0
875027, 3684225, 0, 0
876011, 3273773, 0, 0
877024, 3009840, 0, 0
878040, 3961632, 0, 0
879057, 3677819, 0, 0
880034, 3459869, 0, 0
881029, 3972531, 0, 0
882060, 3562549, 0, 0
883004, 3928065, 0, 0
884016, 3619733, 0, 0
885048, 3198415, 0, 0
886048, 3591099, 0, 0
887023, 3013118, 0, 0
888033, 3615828, 0, 0
889011, 3398610, 0, 0
890000, 3550944, 0, 0
891024, 4315430, 0, 0
892033, 3981343, 0, 0
893010, 3810243, 0, 0
894060, 4147132, 0, 0
895039, 3552405, 0, 0
896044, 3984090, 0, 0
897049, 3932792, 0, 0
898010, 3664483, 0, 0
899020, 3893169, 0, 0
900034, 3538636, 0, 0
901000, 4054172, 0, 0
902034, 3752742, 0, 0
903054, 3814807, 0, 0
904009, 4106932, 0, 0
905061, 3765819, 0, 0
906025, 4129173, 0, 0
907018, 3772948, 0, 0
908033, 4441778, 0, 0
909037, 3727826, 0, 0
910036, 4071369, 0, 0
911034, 4448870, 0, 0
912049, 4204926, 0, 0
913037, 3838881, 0, 0
914030, 3996974, 0, 0
915047, 4356949, 0, 0
916031, 3963313, 0, 0
917025, 3758348, 0, 0
918024, 4006026, 0, 0
919018, 4085145, 0, 0
920018, 3931512, 0, 0
921021, 4039008, 0, 0
922050, 3874028, 0, 0
923051, 4465493, 0, 0
924067, 4569973, 0, 0
925010, 4460246, 0, 0
926001, 4175397, 0, 0
927007, 4003520, 0, 0
928055, 4185736, 0, 0
929039, 4146473, 0, 0
930024, 4027880, 0, 0
931007, 4179330, 0, 0
932017, 4824349, 0, 0
933010, 4367912, 0, 0
934038, 4224366, 0, 0
935050, 4341166, 0, 0
936003, 4507308, 0, 0
937015, 4008981, 0, 0
938052, 4178136, 0, 0
939050, 4590134, 0, 0
940043, 4257491, 0, 0
941010, 4351500, 0, 0
942018, 4393168, 0, 0
943005, 4343247, 0, 0
944011, 5023837, 0, 0
945045, 4566572, 0, 0
946047, 4674748, 0, 0
947014, 4646781, 0, 0
948038, 4368420, 0, 0
949033, 4337249, 0, 0
950056, 4500354, 0, 0
951004, 4132995, 0, 0
952028, 4445000, 0, 0
953039, 4900094, 0, 0
954033, 5040293, 0, 0
955005, 4331964, 0, 0
956020, 4506708, 0, 0
957046, 4510589, 0, 0
958066, 4611332, 0, 0
959032, 5052546, 0, 0
960025, 4404850, 0, 0
961003, 4440457, 0, 0
962010, 4877953, 0, 0
963002, 4483100, 0, 0
964057, 4767292, 0, 0
965024, 4709496, 0, 0
966003, 4889004, 0, 0
967023, 5119222, 0, 0
968007, 4449875, 0, 0
969014, 4833065, 0, 0
970050, 4856180, 0, 0
971021, 5134308, 0, 0
972000, 4965269, 0, 0
973047, 5224206, 0, 0
974003, 4635605, 0, 0
975008, 4919425, 0, 0
976001, 4987120, 0, 0
977050, 5010736, 0, 0
978007, 5491864, 0, 0
979006, 5513726, 0, 0
980008, 4980074, 0, 0
981038, 4828346, 0, 0
982040, 4884307, 0, 0
983026, 4948258, 0, 0
984021, 5042512, 0, 0
985052, 4836198, 0, 0
986044, 5241832, 0, 0
987041, 5266798, 0, 0
988030, 5228554, 0, 0
989051, 4926644, 0, 0
990050, 5332218, 0, 0
991043, 4768857, 0, 0
992034, 5073600, 0, 0
993044, 5368774, 0, 0
994015, 5105840, 0, 0
995058, 5479410, 0, 0
996029, 4847699, 0, 0
997031, 5626719, 0, 0
998037, 5838975, 0, 0
999028, 5239022, 0, 0
1000000, 5330612, 0, 0
1001040, 5527926, 0, 0
1002043, 5299163, 0, 0
1003011, 5864011, 0, 0
1004024, 5383142, 0, 0
1005003, 5198862, 0, 0
1006005, 5620489, 0, 0
1007029, 5411752, 0, 0
1008045, 5489396, 0, 0
1009002, 5687454, 0, 0
1010052, 5242763, 0, 0
1011023, 6302655, 0, 0
1012015, 5626365, 0, 0
1013031, 5549468, 0, 0
1014013, 5390518, 0, 0
1015001, 5602090, 0, 0
1016050, 5854424, 0, 0
1017003, 5913037, 0, 0
1018027, 5655365, 0, 0
1019051, 5243369, 0, 0
1020008, 5401658, 0, 0
1021035, 5483150, 0, 0
1022031, 5622579, 0, 0
1023016, 5721043, 0, 0
1024018, 6104355, 0, 0
1025028, 5864368, 0, 0
1026009, 5631372, 0, 0
1027022, 6092749, 0, 0
1028027, 6236465, 0, 0
1029026, 5872190, 0, 0
1030057, 5282106, 0, 0
1031004, 5730414, 0, 0
1032001, 5412401, 0, 0
1033025, 5090545, 0, 0
1034013, 6208320, 0, 0
1035036, 6192896, 0, 0
1036012, 5535782, 0, 0
1037025, 5881842, 0, 0
1038016, 5828207, 0, 0
1039003, 5693761, 0, 0
1040049, 5745301, 0, 0
1041035, 5626893, 0, 0
1042040, 6195165, 0, 0
1043030, 5993210, 0, 0
1044059, 6677268, 0, 0
1045000, 6351507, 0, 0
1046054, 6269643, 0, 0
1047009, 6356046, 0, 0
1048038, 6157094, 0, 0
1049048, 5900695, 0, 0
1050049, 6248067, 0, 0
1051038, 6457366, 0, 0
1052062, 6314169, 0, 0
1053108, 7257385, 0, 0
1054059, 5341017, 0, 0
1055047, 6054603, 0, 0
1056032, 6384725, 0, 0
1057041, 6592832, 0, 0
1058051, 5896740, 0, 0
1059042, 6307530, 0, 0
1060052, 6227311, 0, 0
1061000, 6314697, 0, 0
1062009, 6422829, 0, 0
1063016, 6366953, 0, 0
1064024, 6620731, 0, 0
1065042, 6360735, 0, 0
1066044, 6763067, 0, 0
1067004, 6105570, 0, 0
1068031, 6037285, 0, 0
1069031, 6613048, 0, 0
1070013, 6409688, 0, 0
1071015, 6718514, 0, 0
1072032, 6088122, 0, 0
1073046, 6797239, 0, 0
1074046, 6363715, 0, 0
1075059, 6484064, 0, 0
1076033, 6362240, 0, 0
1077008, 6538178, 0, 0
1078042, 6374262, 0, 0
1079005, 6636110, 0, 0
1080027, 6542081, 0, 0
1081015, 6496115, 0, 0
1082052, 6316778, 0, 0
1083011, 6946200, 0, 0
1084024, 6741608, 0, 0
1085040, 6551176, 0, 0
1086003, 6458386, 0, 0
1087049, 7152891, 0, 0
1088026, 6383886, 0, 0
1089050, 6555894, 0, 0
1090024, 6855273, 0, 0
1091035, 6960846, 0, 0
1092054, 6974243, 0, 0
1093001, 6567854, 0, 0
1094000, 7082991, 0, 0
1095057, 6945280, 0, 0
1096055, 6973815, 0, 0
1097058, 6909707, 0, 0
1098000, 6624156, 0, 0
1099046, 7748822, 0, 0
1100014, 6711197, 0, 0
1101042, 7182933, 0, 0
1102008, 6897082, 0, 0
1103021, 6657678, 0, 0
1104037, 7202219, 0, 0
1105021, 6874686, 0, 0
1106006, 7028682, 0, 0
1107042, 7046004, 0, 0
1108037, 7003025, 0, 0
1109015, 6831300, 0, 0
1110010, 7103700, 0, 0
1111003, 7189384, 0, 0
1112056, 7208022, 0, 0
1113028, 7300480, 0, 0
1114047, 7381585, 0, 0
1115014, 7318425, 0, 0
1116020, 7234872, 0, 0
1117021, 7097155, 0, 0
1118008, 7201794, 0, 0
1119067, 7052811, 0, 0
1120005, 7267835, 0, 0
1121053, 7179702, 0, 0
1122034, 7103411, 0, 0
1123017, 7118218, 0, 0
1124046, 7562806, 0, 0
1125030, 7625192, 0, 0
1126020, 7273215, 0, 0
1127013, 7244599, 0, 0
1128005, 7620412, 0, 0
1129053, 7643249, 0, 0
1130030, 7184527, 0, 0
1131047, 7306433, 0, 0
1132000, 7107968, 0, 0
1133001, 7524826, 0, 0
1134031, 7573523, 0, 0
1135011, 7199798, 0, 0
1136014, 7371323, 0, 0
1137059, 7300248, 0, 0
1138045, 7705646, 0, 0
1139023, 7130613, 0, 0
1140034, 7433018, 0, 0
1141026, 7345937, 0, 0
1142050, 7005358, 0, 0
1143017, 7379917, 0, 0
1144022, 7387750, 0, 0
1145036, 7446478, 0, 0
1146031, 7716864, 0, 0
1147022, 7225055, 0, 0
1148031, 7361963, 0, 0
1149057, 7483252, 0, 0
1150010, 7444830, 0, 0
1151026, 6958211, 0, 0
1152038, 7378960, 0, 0
1153032, 7311183, 0, 0
1154010, 7184118, 0, 0
1155035, 7068994, 0, 0
1156035, 7289947, 0, 0
1157005, 7026255, 0, 0
1158003, 7338293, 0, 0
1159040, 7150862, 0, 0
1160035, 7102695, 0, 0
1161012, 7624412, 0, 0
1162024, 7388423, 0, 0
1163056, 7529705, 0, 0
1164007, 7425390, 0, 0
1165030, 7462168, 0, 0
1166026, 7270394, 0, 0
1167043, 7366581, 0, 0
1168056, 7447139, 0, 0
1169023, 7101446, 0, 0
1170042, 7493525, 0, 0
1171021, 7195383, 0, 0
1172031, 7820504, 0, 0
1173037, 7394798, 0, 0
1174021, 7237215, 0, 0
1175040, 7025243, 0, 0
1176047, 7400762, 0, 0
1177023, 7170794, 0, 0
1178027, 7323834, 0, 0
1179014, 7200602, 0, 0
1180017, 7372683, 0, 0
1181006, 7722163, 0, 0
1182041, 7189291, 0, 0
1183020, 8153169, 0, 0
1184050, 7570629, 0, 0
1185049, 7288719, 0, 0
1186032, 7170788, 0, 0
1187042, 7369989, 0, 0
1188015, 7151899, 0, 0
1189033, 7479624, 0, 0
1190007, 7264777, 0, 0
1191015, 7356295, 0, 0
1192002, 7201934, 0, 0
1193035, 7586305, 0, 0
1194015, 7206697, 0, 0
1195044, 7507530, 0, 0
1196030, 8217264, 0, 0
1197013, 7212664, 0, 0
1198011, 7335177, 0, 0
1199046, 7131241, 0, 0
1200001, 7453783, 0, 0
1201018, 7419085, 0, 0
1202045, 7034380, 0, 0
1203050, 7280922, 0, 0
1204035, 7234522, 0, 0
1205058, 7468248, 0, 0
1206013, 7396931, 0, 0
1207043, 7102196, 0, 0
1208038, 7765542, 0, 0
1209059, 7504132, 0, 0
1210040, 7159480, 0, 0
1211030, 7223034, 0, 0
1212044, 7349330, 0, 0
1213036, 7290936, 0, 0
1214024, 7206101, 0, 0
1215060, 7192278, 0, 0
1216000, 7280076, 0, 0
1217049, 7179626, 0, 0
1218048, 7289547, 0, 0
1219042, 7306326, 0, 0
1220024, 7221008, 0, 0
1221019, 7209174, 0, 0
1222057, 7568676, 0, 0
1223045, 7264258, 0, 0
1224055, 7371343, 0, 0
1225044, 7266200, 0, 0
1226050, 7232748, 0, 0
1227058, 7403927, 0, 0
1228002, 7370569, 0, 0
1229011, 7418144, 0, 0
1230059, 7278694, 0, 0
1231034, 7498084, 0, 0
1232022, 7717128, 0, 0
1233033, 7373488, 0, 0
1234017, 7234157, 0, 0
1235047, 7460529, 0, 0
1236030, 7222744, 0, 0
1237015, 7242430, 0, 0
1238000, 7240421, 0, 0
1239021, 7500086, 0, 0
1240020, 7288831, 0, 0
1241020, 7197662, 0, 0
1242034, 7287334, 0, 0
1243047, 7392614, 0, 0
1244018, 8094408, 0, 0
1245009, 7230491, 0, 0
1246038, 7141480, 0, 0
1247037, 7345345, 0, 0
1248053, 7462526, 0, 0
1249042, 7273514, 0, 0
1250050, 7408389, 0, 0
1251050, 7244818, 0, 0
1252045, 7311522, 0, 0
1253045, 7346842, 0, 0
1254057, 7331305, 0, 0
1255045, 7265365, 0, 0
1256032, 7249528, 0, 0
1257023, 7183039, 0, 0
1258034, 7427543, 0, 0
1259031, 7330223, 0, 0
1260044, 7387296, 0, 0
1261042, 7336749, 0, 0
1262003, 7503000, 0, 0
1263060, 8658879, 0, 0
1264025, 7482866, 0, 0
1265015, 7272373, 0, 0
1266021, 6933201, 0, 0
1267014, 7244562, 0, 0
1268034, 7034671, 0, 0
1269041, 6990972, 0, 0
1270048, 6890564, 0, 0
1271003, 7458916, 0, 0
1272016, 7390567, 0, 0
1273025, 7419780, 0, 0
1274007, 7109515, 0, 0
1275056, 7281432, 0, 0
1276044, 7653202, 0, 0
1277039, 7260137, 0, 0
1278056, 7060786, 0, 0
1279007, 7429910, 0, 0
1280059, 7353766, 0, 0
1281033, 7600152, 0, 0
1282013, 7651597, 0, 0
1283010, 7276212, 0, 0
1284007, 7329747, 0, 0
1285048, 7651298, 0, 0
1286046, 7283521, 0, 0
1287053, 7398187, 0, 0
1288012, 7486391, 0, 0
1289057, 7629881, 0, 0
1290058, 7352361, 0, 0
1291008, 7310345, 0, 0
1292052, 7296552, 0, 0
1293015, 7520565, 0, 0
1294014, 7342191, 0, 0
1295049, 7131351, 0, 0
1296020, 7582747, 0, 0
1297015, 7594514, 0, 0
1298018, 7213116, 0, 0
1299004, 7191272, 0, 0
1300020, 7468185, 0, 0
1301023, 7375195, 0, 0
1302043, 7493959, 0, 0
1303043, 7295094, 0, 0
1304008, 7095696, 0, 0
1305003, 7766625, 0, 0
1306023, 7498371, 0, 0
1307055, 7166054, 0, 0
1308054, 7284560, 0, 0
1309008, 7452426, 0, 0
1310012, 7268707, 0, 0
1311021, 7312094, 0, 0
1312003, 7215257, 0, 0
1313043, 7170292, 0, 0
1314037, 7303782, 0, 0
1315059, 7407230, 0, 0
1316037, 7186506, 0, 0
1317049, 7380747, 0, 0
1318002, 7446688, 0, 0
1319058, 7330416, 0, 0
1320046, 7203408, 0, 0
1321044, 7339850, 0, 0
1322012, 7558417, 0, 0
1323056, 8619500, 0, 0
1324014, 6989154, 0, 0
1325001, 7649549, 0, 0
1326033, 7477577, 0, 0
1327059, 7427133, 0, 0
1328039, 7149693, 0, 0
1329046, 7298400, 0, 0
1330010, 7464685, 0, 0
1331029, 7027822, 0, 0
1332031, 7203819, 0, 0
1333035, 7381075, 0, 0
1334015, 7097660, 0, 0
1335031, 7002742, 0, 0
1336002, 7582338, 0, 0
1337038, 7191105, 0, 0
1338058, 7446965, 0, 0
1339042, 7125553, 0, 0
1340054, 7437598, 0, 0
1341030, 7170098, 0, 0
1342028, 7336486, 0, 0
1343018, 7223669, 0, 0
1344056, 7207354, 0, 0
1345024, 7554354, 0, 0
1346007, 7175635, 0, 0
1347025, 7429205, 0, 0
1348026, 7350869, 0, 0
1349016, 7278993, 0, 0
1350041, 7113241, 0, 0
1351050, 7362938, 0, 0
1352028, 7639825, 0, 0
1353038, 7367308, 0, 0
1354048, 7368517, 0, 0
1355054, 7237900, 0, 0
1356041, 7252634, 0, 0
1357052, 7428372, 0, 0
1358029, 7631674, 0, 0
1359010, 7542840, 0, 0
1360051, 7228236, 0, 0
1361020, 7115353, 0, 0
1362018, 7282220, 0, 0
1363005, 7254140, 0, 0
1364045, 7219805, 0, 0
1365005, 7053501, 0, 0
1366040, 7185155, 0, 0
1367004, 7036721, 0, 0
1368006, 7361938, 0, 0
1369025, 7962276, 0, 0
1370052, 7548644, 0, 0
1371054, 7359255, 0, 0
1372029, 7164034, 0, 0
1373003, 7160663, 0, 0
1374019, 7363823, 0, 0
1375048, 7137590, 0, 0
1376008, 7441010, 0, 0
1377026, 7430195, 0, 0
1378034, 7354630, 0, 0
1379002, 7059311, 0, 0
1380021, 7486231, 0, 0
1381029, 7409523, 0, 0
1382033, 7380440, 0, 0
1383028, 7314425, 0, 0
1384017, 7722132, 0, 0
1385008, 7281176, 0, 0
1386002, 7305048, 0, 0
1387031, 7096959, 0, 0
1388013, 7550148, 0, 0
1389019, 7394032, 0, 0
1390016, 7325313, 0, 0
1391060, 7200181, 0, 0
1392016, 7350809, 0, 0
1393001, 7189079, 0, 0
1394064, 7323539, 0, 0
1395012, 7346659, 0, 0
1396053, 7651059, 0, 0
1397032, 7198159, 0, 0
1398038, 7342060, 0, 0
1399047, 7409979, 0, 0
1400047, 7354588, 0, 0
1401004, 7417469, 0, 0
1402016, 7433456, 0, 0
1403029, 7391989, 0, 0
1404012, 7227393, 0, 0
1405039, 7549401, 0, 0
1406012, 7536004, 0, 0
1407018, 7342495, 0, 0
1408020, 7314157, 0, 0
1409029, 7417382, 0, 0
1410060, 7520968, 0, 0
1411009, 7299200, 0, 0
1412007, 7282346, 0, 0
1413035, 7494624, 0, 0
1414016, 8684667, 0, 0
1415017, 7301801, 0, 0
1416036, 7024225, 0, 0
1417041, 7390172, 0, 0
1418052, 7432234, 0, 0
1419050, 7121897, 0, 0
1420016, 7428780, 0, 0
1421039, 7519460, 0, 0
1422009, 7133298, 0, 0
1423002, 7242267, 0, 0
1424018, 7466620, 0, 0
1425026, 7360305, 0, 0
1426033, 7291526, 0, 0
1427035, 7312207, 0, 0
1428045, 7425406, 0, 0
1429057, 7433990, 0, 0
1430011, 6958909, 0, 0
1431049, 7156550, 0, 0
1432014, 7537226, 0, 0
1433005, 7284511, 0, 0
1434056, 7617231, 0, 0
1435046, 7276485, 0, 0
1436003, 7410018, 0, 0
1437019, 7415035, 0, 0
1438013, 7304121, 0, 0
1439057, 7253094, 0, 0
1440060, 7368599, 0, 0
1441055, 7311743, 0, 0
1442024, 7511805, 0, 0
1443017, 7298865, 0, 0
1444057, 7533564, 0, 0
1445039, 7167414, 0, 0
1446011, 7190823, 0, 0
1447033, 6954417, 0, 0
1448030, 7326035, 0, 0
1449001, 7527836, 0, 0
1450072, 7434811, 0, 0
1451044, 7142983, 0, 0
1452043, 7337213, 0, 0
1453055, 7387354, 0, 0
1454050, 7314918, 0, 0
1455009, 7487536, 0, 0
1456032, 7467940, 0, 0
1457024, 7236256, 0, 0
1458048, 7418222, 0, 0
1459002, 7389263, 0, 0
1460011, 7309887, 0, 0
1461010, 7344130, 0, 0
1462058, 7273070, 0, 0
1463008, 7419598, 0, 0
1464046, 7572294, 0, 0
1465068, 7402293, 0, 0
1466039, 7582827, 0, 0
1467004, 7481958, 0, 0
1468009, 7330383, 0, 0
1469024, 7462500, 0, 0
1470044, 7905662, 0, 0
1471051, 7186625, 0, 0
1472049, 7228798, 0, 0
1473021, 7531847, 0, 0
1474032, 7437229, 0, 0
1475023, 7177528, 0, 0
1476006, 7170579, 0, 0
1477029, 7410905, 0, 0
1478017, 7206370, 0, 0
1479058, 7542987, 0, 0
1480019, 7501839, 0, 0
1481002, 7679365, 0, 0
1482029, 7606179, 0, 0
1483039, 7007204, 0, 0
1484040, 7303952, 0, 0
1485024, 7624683, 0, 0
1486035, 7379421, 0, 0
1487026, 7284887, 0, 0
1488022, 7314978, 0, 0
1489052, 7101278, 0, 0
1490000, 7345010, 0, 0
1491000, 7299738, 0, 0
1492040, 7213848, 0, 0
1493026, 7093088, 0, 0
1494024, 7227173, 0, 0
1495040, 7417714, 0, 0
1496054, 7447465, 0, 0
1497056, 7370342, 0, 0
1498013, 7467144, 0, 0
1499016, 7376569, 0, 0
1500037, 7450788, 0, 0
1501049, 7383728, 0, 0
1502050, 7355209, 0, 0
1503016, 7096163, 0, 0
1504027, 7325780, 0, 0
1505056, 7090991, 0, 0
1506013, 7413372, 0, 0
1507059, 7364640, 0, 0
1508016, 7418692, 0, 0
1509009, 7752601, 0, 0
1510044, 7037421, 0, 0
1511042, 7338973, 0, 0
1512031, 7262955, 0, 0
1513041, 7371368, 0, 0
1514018, 7183868, 0, 0
1515018, 7293115, 0, 0
1516013, 7311758, 0, 0
1517049, 7143938, 0, 0
1518047, 7230716, 0, 0
1519048, 7302391, 0, 0
1520060, 7222532, 0, 0
1521016, 7409635, 0, 0
1522008, 7290790, 0, 0
1523048, 7169381, 0, 0
1524038, 7276646, 0, 0
1525025, 7249110, 0, 0
1526015, 7278778, 0, 0
1527001, 7193195, 0, 0
1528026, 7533254, 0, 0
1529000, 7547954, 0, 0
1530045, 7153969, 0, 0
1531029, 7237429, 0, 0
1532053, 7464490, 0, 0
1533024, 7038142, 0, 0
1534016, 7238756, 0, 0
1535050, 7127966, 0, 0
1536022, 7092648, 0, 0
1537007, 7180155, 0, 0
1538016, 7421167, 0, 0
1539046, 7048924, 0, 0
1540055, 7416379, 0, 0
1541025, 7074197, 0, 0
1542003, 7190008, 0, 0
1543046, 7667493, 0, 0
1544003, 7470084, 0, 0
1545021, 7375348, 0, 0
1546009, 7209691, 0, 0
1547049, 7118183, 0, 0
1548047, 7335311, 0, 0
1549007, 7443436, 0, 0
1550009, 7757403, 0, 0
1551039, 7522178, 0, 0
1552025, 7188547, 0, 0
1553032, 7191789, 0, 0
1554007, 7109642, 0, 0
1555037, 7461346, 0, 0
1556042, 7390670, 0, 0
1557058, 7355815, 0, 0
1558043, 7638103, 0, 0
1559021, 7578184, 0, 0
1560003, 7669459, 0, 0
1561000, 7327112, 0, 0
1562005, 7279649, 0, 0
1563051, 7259073, 0, 0
1564043, 7291895, 0, 0
1565016, 7712655, 0, 0
1566041, 7538682, 0, 0
1567027, 7188318, 0, 0
1568005, 7192644, 0, 0
1569032, 6981968, 0, 0
1570022, 7272785, 0, 0
1571072, 7240856, 0, 0
1572047, 7167310, 0, 0
1573028, 7157598, 0, 0
1574060, 7114873, 0, 0
1575050, 7271071, 0, 0
1576057, 6994302, 0, 0
1577035, 7185757, 0, 0
1578051, 7410734, 0, 0
1579001, 7253185, 0, 0
1580035, 7173246, 0, 0
1581026, 7234701, 0, 0
1582044, 7482885, 0, 0
1583026, 7216779, 0, 0
1584041, 7458349, 0, 0
1585004, 7523912, 0, 0
1586046, 7544897, 0, 0
1587052, 7339413, 0, 0
1588011, 7488163, 0, 0
1589043, 7531795, 0, 0
1590025, 7549876, 0, 0
1591032, 7399187, 0, 0
1592009, 7569988, 0, 0
1593049, 7224820, 0, 0
1594019, 7075968, 0, 0
1595003, 7231856, 0, 0
1596023, 7441510, 0, 0
1597049, 7486949, 0, 0
1598013, 7469071, 0, 0
1599055, 7659106, 0, 0
1600006, 7311287, 0, 0
1601037, 7572719, 0, 0
1602046, 7421855, 0, 0
1603056, 7423210, 0, 0
1604024, 7438822, 0, 0
1605011, 7257393, 0, 0
1606034, 7001808, 0, 0
1607039, 7333021, 0, 0
1608023, 7178658, 0, 0
1609001, 7636490, 0, 0
1610016, 7461029, 0, 0
1611052, 7616425, 0, 0
1612060, 7248912, 0, 0
1613060, 7348531, 0, 0
1614006, 7328360, 0, 0
1615029, 7518694, 0, 0
1616052, 7049924, 0, 0
1617002, 7364380, 0, 0
1618062, 7354986, 0, 0
1619005, 7359404, 0, 0
1620023, 7481317, 0, 0
1621043, 7080774, 0, 0
1622050, 7405823, 0, 0
1623042, 7237319, 0, 0
1624038, 7163128, 0, 0
1625032, 7755877, 0, 0
1626051, 7381103, 0, 0
1627009, 7425446, 0, 0
1628034, 7065728, 0, 0
1629002, 7063640, 0, 0
1630032, 7458623, 0, 0
1631052, 7444634, 0, 0
1632006, 7450568, 0, 0
1633058, 7249213, 0, 0
1634043, 7186989, 0, 0
1635025, 7728331, 0, 0
1636007, 7216656, 0, 0
1637028, 7449737, 0, 0
1638035, 7807120, 0, 0
1639026, 7174468, 0, 0
1640014, 7262746, 0, 0
1641052, 7206622, 0, 0
1642037, 7136936, 0, 0
1643048, 7425399, 0, 0
1644014, 7544219, 0, 0
1645043, 7092005, 0, 0
1646019, 7626365, 0, 0
1647015, 7057138, 0, 0
1648038, 7103511, 0, 0
1649050, 6977928, 0, 0
1650053, 7317897, 0, 0
1651052, 7289205, 0, 0
1652052, 7344431, 0, 0
1653054, 7310628, 0, 0
1654046, 7184190, 0, 0
1655000, 7455445, 0, 0
1656009, 7416770, 0, 0
1657022, 7442287, 0, 0
1658026, 7270239, 0, 0
1659045, 7488421, 0, 0
1660049, 7382460, 0, 0
1661034, 7691675, 0, 0
1662034, 7516411, 0, 0
1663038, 7322441, 0, 0
1664001, 7406065, 0, 0
1665036, 7608269, 0, 0
1666032, 7271830, 0, 0
1667021, 7269566, 0, 0
1668003, 7215760, 0, 0
1669031, 7134690, 0, 0
1670032, 7355975, 0, 0
1671037, 7338105, 0, 0
1672054, 7473634, 0, 0
1673044, 7274838, 0, 0
1674013, 7074640, 0, 0
1675033, 7080980, 0, 0
1676036, 7367209, 0, 0
1677032, 7214821, 0, 0
1678023, 7235701, 0, 0
1679001, 7083131, 0, 0
1680008, 7401698, 0, 0
1681000, 6929039, 0, 0
1682038, 7521197, 0, 0
1683058, 7500465, 0, 0
1684056, 7334432, 0, 0
1685059, 7425318, 0, 0
1686018, 7489477, 0, 0
1687017, 7800447, 0, 0
1688027, 7372360, 0, 0
1689054, 8017693, 0, 0
1690014, 7444777, 0, 0
1691046, 7210360, 0, 0
1692043, 7224511, 0, 0
1693010, 7548117, 0, 0
1694051, 7126289, 0, 0
1695015, 7532955, 0, 0
1696039, 7359906, 0, 0
1697040, 7357516, 0, 0
1698020, 7152377, 0, 0
1699039, 7073035, 0, 0
1700053, 6989406, 0, 0
1701008, 7401582, 0, 0
1702041, 7537323, 0, 0
1703005, 7469470, 0, 0
1704046, 7651517, 0, 0
1705033, 7253245, 0, 0
1706009, 7169908, 0, 0
1707052, 7237492, 0, 0
1708051, 7237365, 0, 0
1709041, 7222340, 0, 0
1710013, 7595437, 0, 0
1711018, 7381413, 0, 0
1712002, 7630159, 0, 0
1713012, 7421735, 0, 0
1714011, 7238071, 0, 0
1715040, 7089981, 0, 0
1716034, 7201417, 0, 0
1717016, 7219296, 0, 0
1718009, 7295942, 0, 0
1719029, 7496900, 0, 0
1720036, 7400003, 0, 0
1721003, 7550437, 0, 0
1722024, 7508535, 0, 0
1723054, 7567232, 0, 0
1724056, 7308542, 0, 0
1725037, 7159151, 0, 0
1726015, 7136768, 0, 0
1727021, 7290444, 0, 0
1728011, 7272051, 0, 0
1729034, 7519288, 0, 0
1730023, 7721798, 0, 0
1731001, 7084456, 0, 0
1732025, 7060070, 0, 0
1733056, 7153608, 0, 0
1734012, 7465386, 0, 0
1735019, 7300772, 0, 0
1736053, 7541528, 0, 0
1737051, 7225314, 0, 0
1738005, 7946714, 0, 0
1739023, 7066380, 0, 0
1740034, 7382142, 0, 0
1741024, 7666373, 0, 0
1742054, 7519289, 0, 0
1743003, 7348766, 0, 0
1744031, 7673452, 0, 0
1745017, 7408488, 0, 0
1746007, 7171573, 0, 0
1747013, 7393839, 0, 0
1748009, 7320950, 0, 0
1749051, 7230223, 0, 0
1750020, 7069667, 0, 0
1751024, 7323783, 0, 0
1752014, 7275551, 0, 0
1753060, 7265890, 0, 0
1754018, 7421119, 0, 0
1755051, 7170813, 0, 0
1756052, 6806872, 0, 0
1757047, 7258721, 0, 0
1758031, 7124488, 0, 0
1759023, 7242623, 0, 0
1760038, 7351094, 0, 0
1761053, 7401338, 0, 0
1762001, 7351055, 0, 0
1763001, 7138551, 0, 0
1764053, 7298831, 0, 0
1765003, 7416821, 0, 0
1766053, 7244032, 0, 0
1767003, 7360550, 0, 0
1768001, 7730627, 0, 0
1769019, 7478867, 0, 0
1770006, 7707035, 0, 0
1771036, 7573375, 0, 0
1772056, 7442762, 0, 0
1773017, 7503104, 0, 0
1774044, 7082141, 0, 0
1775001, 7470871, 0, 0
1776015, 8451175, 0, 0
1777045, 7567840, 0, 0
1778060, 7922739, 0, 0
1779036, 7173586, 0, 0
1780037, 7360683, 0, 0
1781008, 7579161, 0, 0
1782069, 7741993, 0, 0
1783003, 7780263, 0, 0
1784058, 7270396, 0, 0
1785046, 7159042, 0, 0
1786062, 7466683, 0, 0
1787019, 7473470, 0, 0
1788014, 7312442, 0, 0
1789025, 7430201, 0, 0
1790007, 7218897, 0, 0
1791049, 7232010, 0, 0
1792011, 7456656, 0, 0
1793020, 7310848, 0, 0
1794026, 6163495, 0, 0
1795023, 7277458, 0, 0
1796019, 7323576, 0, 0
1797029, 8406702, 0, 0
1798050, 7088190, 0, 0
1799010, 7439495, 0, 0
1800055, 7251599, 0, 0
