999, 2562, 1, 0
1999, 2562, 1, 0
3000, 2560, 1, 0
4000, 2561, 1, 0
5000, 2560, 1, 0
5999, 2560, 1, 0
6999, 2563, 1, 0
8000, 2560, 1, 0
9000, 2561, 1, 0
9999, 2560, 1, 0
10999, 2562, 1, 0
11999, 2563, 1, 0
12999, 2562, 1, 0
14000, 2561, 1, 0
15000, 2560, 1, 0
15999, 2560, 1, 0
16999, 2562, 1, 0
17999, 2563, 1, 0
19000, 2560, 1, 0
20000, 2561, 1, 0
20999, 2560, 1, 0
21999, 2561, 1, 0
22999, 2564, 1, 0
24000, 2560, 1, 0
25000, 2560, 1, 0
25999, 2561, 1, 0
26999, 2562, 1, 0
27999, 2563, 1, 0
28999, 2562, 1, 0
30000, 2561, 1, 0
30999, 2559, 1, 0
31999, 2563, 1, 0
32999, 2562, 1, 0
33999, 2563, 1, 0
35000, 2560, 1, 0
35999, 2560, 1, 0
36999, 2563, 1, 0
37999, 2562, 1, 0
38999, 2563, 1, 0
39999, 2562, 1, 0
41000, 1435, 1, 0
41999, 3687, 1, 0
42999, 2562, 1, 0
43999, 2562, 1, 0
44999, 2563, 1, 0
46000, 2560, 1, 0
47000, 2528, 1, 0
47999, 2593, 1, 0
48999, 2562, 1, 0
49999, 2563, 1, 0
51000, 2560, 1, 0
51999, 2546, 1, 0
53000, 2577, 1, 0
53999, 2214, 1, 0
54999, 2909, 1, 0
56000, 2552, 1, 0
57000, 2569, 1, 0
57999, 2560, 1, 0
58999, 2562, 1, 0
59999, 2563, 1, 0
61000, 1778, 1, 0
62000, 3343, 1, 0
63000, 2560, 1, 0
63999, 2560, 1, 0
64999, 2563, 1, 0
66000, 2560, 1, 0
67000, 2561, 1, 0
68000, 2560, 1, 0
68999, 2560, 1, 0
69999, 2563, 1, 0
71000, 1482, 1, 0
71999, 69, 1, 0
72999, 100, 1, 0
74000, 89, 1, 0
74999, 81, 1, 0
76000, 70, 1, 0
77000, 85, 1, 0
77999, 99, 1, 0
78999, 79, 1, 0
80000, 71, 1, 0
80999, 106, 1, 0
82000, 50, 1, 0
82999, 102, 1, 0
83999, 56, 1, 0
85000, 105, 1, 0
85999, 61, 1, 0
87000, 50, 1, 0
88000, 64, 1, 0
88999, 67, 1, 0
90000, 95, 1, 0
90999, 84, 1, 0
91999, 68, 1, 0
93000, 76, 1, 0
93999, 95, 1, 0
95000, 108, 1, 0
96000, 118, 1, 0
96999, 110, 1, 0
98000, 69, 1, 0
98999, 86, 1, 0
99999, 69, 1, 0
