1000, 275051, 1, 0
2000, 148890, 1, 0
3000, 142490, 1, 0
4000, 160757, 1, 0
5000, 136430, 1, 0
6000, 91505, 1, 0
7000, 142691, 1, 0
8000, 142904, 1, 0
9000, 140892, 1, 0
10000, 146503, 1, 0
11000, 158914, 1, 0
12004, 157933, 1, 0
13000, 158942, 1, 0
14000, 166652, 1, 0
15000, 211755, 1, 0
16000, 136689, 1, 0
17000, 140850, 1, 0
18000, 129164, 1, 0
19000, 164696, 1, 0
20000, 134900, 1, 0
21000, 175480, 1, 0
22000, 152111, 1, 0
23000, 155166, 1, 0
24000, 175881, 1, 0
25000, 135835, 1, 0
26000, 143452, 1, 0
27000, 129401, 1, 0
28000, 136586, 1, 0
29000, 130983, 1, 0
30000, 131522, 1, 0
31000, 158147, 1, 0
32000, 133725, 1, 0
33000, 135068, 1, 0
34000, 162519, 1, 0
35000, 143796, 1, 0
36000, 2517364, 1, 0
37000, 157950, 1, 0
38000, 156337, 1, 0
39000, 150608, 1, 0
40000, 148900, 1, 0
41000, 144946, 1, 0
42004, 147861, 1, 0
43000, 121192, 1, 0
44000, 130117, 1, 0
45000, 117397, 1, 0
46000, 133319, 1, 0
47000, 113506, 1, 0
48000, 115389, 1, 0
49000, 125846, 1, 0
50000, 116356, 1, 0
51000, 129726, 1, 0
52000, 118987, 1, 0
53000, 128116, 1, 0
54000, 122212, 1, 0
55000, 131816, 1, 0
56000, 126405, 1, 0
57000, 2685258, 1, 0
58000, 145210, 1, 0
59000, 156198, 1, 0
60000, 131882, 1, 0
61000, 138544, 1, 0
62000, 132484, 1, 0
63000, 131138, 1, 0
64000, 137628, 1, 0
65000, 120527, 1, 0
66000, 139392, 1, 0
67000, 146271, 1, 0
68000, 117655, 1, 0
69000, 124968, 1, 0
70000, 128849, 1, 0
71000, 111679, 1, 0
72000, 137220, 1, 0
73000, 136114, 1, 0
74000, 137609, 1, 0
75000, 139533, 1, 0
76000, 143048, 1, 0
77000, 159949, 1, 0
78000, 133609, 1, 0
79000, 8336596, 1, 0
80000, 128868, 1, 0
81000, 132727, 1, 0
82000, 141310, 1, 0
83000, 154677, 1, 0
84000, 144413, 1, 0
85000, 154210, 1, 0
86000, 137495, 1, 0
87000, 144288, 1, 0
88000, 141297, 1, 0
89000, 121806, 1, 0
90000, 147183, 1, 0
91000, 130245, 1, 0
92000, 151448, 1, 0
93000, 135547, 1, 0
94000, 133862, 1, 0
95004, 160204, 1, 0
96000, 143402, 1, 0
97000, 127878, 1, 0
98000, 146603, 1, 0
99000, 148796, 1, 0
100000, 1180768, 1, 0
101000, 449586, 1, 0
102000, 146230, 1, 0
103000, 135952, 1, 0
104000, 149474, 1, 0
105000, 125839, 1, 0
106000, 145592, 1, 0
107000, 149781, 1, 0
108000, 127536, 1, 0
109000, 137069, 1, 0
110000, 179356, 1, 0
111000, 123818, 1, 0
112000, 150415, 1, 0
113004, 177604, 1, 0
114000, 158131, 1, 0
115000, 130993, 1, 0
116002, 133979, 1, 0
117000, 115641, 1, 0
118000, 132361, 1, 0
119000, 126131, 1, 0
120001, 145421, 1, 0
121000, 124986, 1, 0
122000, 12776547, 1, 0
123000, 147398, 1, 0
124000, 123512, 1, 0
125000, 139135, 1, 0
126000, 134004, 1, 0
127000, 136658, 1, 0
128000, 139014, 1, 0
129000, 140477, 1, 0
130000, 145361, 1, 0
131000, 138668, 1, 0
132000, 134721, 1, 0
133000, 143886, 1, 0
134000, 136356, 1, 0
135000, 141195, 1, 0
136000, 139181, 1, 0
137000, 124293, 1, 0
138000, 135145, 1, 0
139000, 145378, 1, 0
140000, 131984, 1, 0
141000, 128152, 1, 0
142000, 126959, 1, 0
143000, 124827, 1, 0
144000, 7913805, 1, 0
145000, 124508, 1, 0
146000, 128710, 1, 0
147000, 155932, 1, 0
148000, 144953, 1, 0
149000, 129832, 1, 0
150000, 133998, 1, 0
151000, 136796, 1, 0
152000, 127249, 1, 0
153000, 165878, 1, 0
154004, 165948, 1, 0
155000, 140746, 1, 0
156000, 143673, 1, 0
157000, 132728, 1, 0
158000, 138303, 1, 0
159004, 155235, 1, 0
160000, 146801, 1, 0
161000, 136124, 1, 0
162000, 120688, 1, 0
163000, 147632, 1, 0
164000, 131426, 1, 0
165003, 3577807, 1, 0
166000, 9139855, 1, 0
167000, 127202, 1, 0
168000, 131542, 1, 0
169000, 141264, 1, 0
170000, 126539, 1, 0
171000, 140447, 1, 0
172000, 119918, 1, 0
173000, 142452, 1, 0
174000, 155311, 1, 0
175000, 136716, 1, 0
176000, 137847, 1, 0
177000, 144832, 1, 0
178000, 146413, 1, 0
179000, 141573, 1, 0
180000, 122736, 1, 0
181000, 149824, 1, 0
182000, 133174, 1, 0
183000, 118963, 1, 0
184000, 124655, 1, 0
185000, 127022, 1, 0
186000, 136345, 1, 0
187460, 5857021, 1, 0
188003, 8042387, 1, 0
189000, 120898, 1, 0
190000, 161108, 1, 0
191000, 171086, 1, 0
192000, 148627, 1, 0
193000, 117542, 1, 0
194000, 155885, 1, 0
195000, 143084, 1, 0
196000, 127235, 1, 0
197000, 119819, 1, 0
198000, 136713, 1, 0
199000, 129400, 1, 0
200000, 149692, 1, 0
201000, 112000, 1, 0
202000, 140971, 1, 0
203000, 135202, 1, 0
204000, 128840, 1, 0
205000, 140040, 1, 0
206000, 123235, 1, 0
207000, 149988, 1, 0
208000, 113974, 1, 0
209033, 2250148, 1, 0
210000, 6777290, 1, 0
211000, 109221, 1, 0
212000, 121489, 1, 0
213000, 146062, 1, 0
214000, 128816, 1, 0
215000, 124100, 1, 0
216000, 131256, 1, 0
217000, 131849, 1, 0
218000, 146767, 1, 0
219000, 111784, 1, 0
220000, 132613, 1, 0
221000, 138353, 1, 0
222000, 132522, 1, 0
223000, 144846, 1, 0
224000, 133934, 1, 0
225000, 126890, 1, 0
226000, 125828, 1, 0
227000, 134918, 1, 0
228000, 106650, 1, 0
229000, 111506, 1, 0
230000, 123735, 1, 0
231018, 6103758, 1, 0
232000, 9696928, 1, 0
233000, 121871, 1, 0
234000, 120595, 1, 0
235060, 14001363, 1, 0
236073, 712783562, 1, 0
237012, 750555976, 1, 0
238007, 911162355, 1, 0
239121, 1229511836, 1, 0
240269, 916635485, 1, 0
241040, 1020636420, 1, 0
242058, 718366570, 1, 0
243137, 846706668, 1, 0
244089, 1121234198, 1, 0
245001, 633906795, 1, 0
246204, 776376323, 1, 0
247000, 945100598, 1, 0
248002, 812829622, 1, 0
249055, 953269403, 1, 0
250008, 889273252, 1, 0
251227, 860888947, 1, 0
252144, 720233315, 1, 0
253024, 1138773154, 1, 0
254190, 738151268, 1, 0
255003, 798042598, 1, 0
256180, 678569699, 1, 0
257010, 902818636, 1, 0
258049, 920754341, 1, 0
259191, 832602669, 1, 0
260001, 991861876, 1, 0
261163, 551176461, 1, 0
262103, 989996516, 1, 0
263123, 780651643, 1, 0
264110, 628072910, 1, 0
265158, 727964153, 1, 0
266095, 818779185, 1, 0
267027, 798546875, 1, 0
268204, 966545802, 1, 0
269039, 1138269910, 1, 0
270017, 739912044, 1, 0
271089, 745269428, 1, 0
272036, 712161754, 1, 0
273023, 966419455, 1, 0
274127, 860094127, 1, 0
275006, 668313294, 1, 0
276112, 776348747, 1, 0
277012, 986566734, 1, 0
278025, 1008735914, 1, 0
279048, 802054345, 1, 0
280125, 685251462, 1, 0
281002, 685087910, 1, 0
282081, 644783702, 1, 0
283144, 798769445, 1, 0
284029, 657973294, 1, 0
285002, 734962819, 1, 0
286118, 810699959, 1, 0
287184, 599964757, 1, 0
288070, 812078749, 1, 0
289194, 921321322, 1, 0
290009, 661282726, 1, 0
291054, 883487955, 1, 0
292030, 756247060, 1, 0
293019, 744922610, 1, 0
294017, 701024151, 1, 0
295056, 918383560, 1, 0
296006, 610531435, 1, 0
297044, 964972279, 1, 0
298045, 765211217, 1, 0
299024, 704977673, 1, 0
300106, 821130950, 1, 0
301062, 687748147, 1, 0
302152, 877024534, 1, 0
303003, 850708741, 1, 0
304125, 873009374, 1, 0
305045, 837378360, 1, 0
306007, 977130776, 1, 0
307022, 683258217, 1, 0
308175, 774956834, 1, 0
309007, 655159522, 1, 0
310119, 733136308, 1, 0
311018, 825144544, 1, 0
312036, 808386004, 1, 0
313029, 859288738, 1, 0
314129, 968266555, 1, 0
315093, 1028340521, 1, 0
316075, 860889241, 1, 0
317024, 804246435, 1, 0
318070, 817956278, 1, 0
319005, 860489478, 1, 0
320084, 1046377157, 1, 0
321069, 890417323, 1, 0
322084, 921024140, 1, 0
323125, 768456460, 1, 0
324047, 738687230, 1, 0
325116, 778602061, 1, 0
326071, 886069647, 1, 0
327059, 824459315, 1, 0
328023, 749465786, 1, 0
329018, 765451498, 1, 0
330064, 975792928, 1, 0
331022, 952952819, 1, 0
332032, 887408300, 1, 0
333103, 903854976, 1, 0
334083, 746477721, 1, 0
335102, 727736243, 1, 0
336260, 722497843, 1, 0
337000, 981882308, 1, 0
338187, 797833787, 1, 0
339110, 870806465, 1, 0
340020, 878394216, 1, 0
341093, 853690463, 1, 0
342093, 1163710833, 1, 0
343119, 1156275129, 1, 0
344244, 1047734708, 1, 0
345098, 982912341, 1, 0
346020, 1155030330, 1, 0
347021, 739573088, 1, 0
348108, 863233688, 1, 0
349046, 822506559, 1, 0
350081, 826755584, 1, 0
351013, 760508309, 1, 0
352083, 710784144, 1, 0
353117, 810169686, 1, 0
354041, 1002704160, 1, 0
355089, 899275189, 1, 0
356056, 1132214644, 1, 0
357220, 825397364, 1, 0
358161, 986619407, 1, 0
359004, 842306875, 1, 0
360039, 611103773, 1, 0
361158, 673708231, 1, 0
362015, 598729297, 1, 0
363019, 697011686, 1, 0
364078, 641220901, 1, 0
365108, 782063785, 1, 0
366037, 828679883, 1, 0
367053, 875288289, 1, 0
368066, 803019591, 1, 0
369034, 930010944, 1, 0
370072, 784695439, 1, 0
371076, 708428585, 1, 0
372065, 705343331, 1, 0
373030, 773157396, 1, 0
374076, 984672279, 1, 0
375170, 763186595, 1, 0
376239, 894851081, 1, 0
377021, 1027646201, 1, 0
378019, 897246946, 1, 0
379197, 825040766, 1, 0
380035, 691654701, 1, 0
381106, 826376348, 1, 0
382225, 836890350, 1, 0
383031, 841818568, 1, 0
384238, 698035188, 1, 0
385035, 1021702907, 1, 0
386001, 842603402, 1, 0
387040, 1061965269, 1, 0
388021, 984704918, 1, 0
389040, 862106702, 1, 0
390031, 616595677, 1, 0
391050, 932200358, 1, 0
392208, 1036147582, 1, 0
393153, 876147126, 1, 0
394040, 988802397, 1, 0
395013, 901892853, 1, 0
396043, 825877337, 1, 0
397079, 961691147, 1, 0
398002, 1008974900, 1, 0
399034, 1239254536, 1, 0
400043, 776704184, 1, 0
401040, 831010692, 1, 0
402183, 1102093323, 1, 0
403022, 879523798, 1, 0
404017, 1360944735, 1, 0
405035, 618206911, 1, 0
406069, 1023569092, 1, 0
407015, 801117324, 1, 0
408107, 1151020853, 1, 0
409024, 1144278435, 1, 0
410182, 1158707576, 1, 0
411018, 946371446, 1, 0
412017, 781192470, 1, 0
413139, 891194441, 1, 0
414034, 740109480, 1, 0
415117, 785181155, 1, 0
416166, 1115089099, 1, 0
417005, 896125763, 1, 0
418217, 907826203, 1, 0
419205, 963137198, 1, 0
420113, 755600104, 1, 0
421242, 878317421, 1, 0
422049, 771746989, 1, 0
423015, 983243739, 1, 0
424034, 806976613, 1, 0
425301, 741916027, 1, 0
426242, 918741138, 1, 0
427157, 981002135, 1, 0
428116, 811432556, 1, 0
429004, 870338407, 1, 0
430253, 929250992, 1, 0
431051, 954756160, 1, 0
432242, 742375789, 1, 0
433090, 1003761883, 1, 0
434095, 852937981, 1, 0
435043, 1159787845, 1, 0
436036, 833588355, 1, 0
437137, 959141311, 1, 0
438211, 842794232, 1, 0
439015, 693517976, 1, 0
440100, 712080822, 1, 0
441040, 966900090, 1, 0
442034, 595792372, 1, 0
443025, 799233872, 1, 0
444175, 802583354, 1, 0
445033, 803550325, 1, 0
446099, 699156101, 1, 0
447053, 1016157888, 1, 0
448056, 1234646031, 1, 0
449053, 1020747548, 1, 0
450212, 775784656, 1, 0
451038, 802425656, 1, 0
452121, 827163662, 1, 0
453031, 825185816, 1, 0
454054, 1054715746, 1, 0
455014, 878094066, 1, 0
456010, 781175172, 1, 0
457216, 834328578, 1, 0
458040, 1109155436, 1, 0
459179, 897974390, 1, 0
460165, 919053581, 1, 0
461130, 765225723, 1, 0
462132, 1004933824, 1, 0
463111, 755770384, 1, 0
464015, 886884109, 1, 0
465147, 1025160995, 1, 0
466008, 910154422, 1, 0
467051, 764513884, 1, 0
468147, 662178411, 1, 0
469101, 958492032, 1, 0
470151, 1159867124, 1, 0
471075, 1154256813, 1, 0
472022, 748976143, 1, 0
473117, 963633898, 1, 0
474116, 911067945, 1, 0
475012, 813976104, 1, 0
476076, 674543871, 1, 0
477002, 852996335, 1, 0
478100, 865298283, 1, 0
479115, 1239837302, 1, 0
480109, 1004794272, 1, 0
481191, 944735715, 1, 0
482048, 944968664, 1, 0
483016, 821583663, 1, 0
484046, 864408296, 1, 0
485034, 850751375, 1, 0
486030, 690055917, 1, 0
487035, 732972211, 1, 0
488032, 1083211814, 1, 0
489005, 574095098, 1, 0
490197, 910931174, 1, 0
491094, 1042512809, 1, 0
492222, 1007898863, 1, 0
493145, 1097748631, 1, 0
494206, 958773000, 1, 0
495063, 856567660, 1, 0
496033, 928832398, 1, 0
497216, 1250119549, 1, 0
498079, 1086279302, 1, 0
499239, 863522842, 1, 0
500184, 871968689, 1, 0
501134, 781832612, 1, 0
502254, 833338601, 1, 0
503036, 600150403, 1, 0
504003, 710364002, 1, 0
505161, 1178519886, 1, 0
506147, 951746597, 1, 0
507130, 851705741, 1, 0
508033, 765732081, 1, 0
509004, 1108693168, 1, 0
510053, 748335043, 1, 0
511018, 725426337, 1, 0
512006, 833680439, 1, 0
513136, 636941129, 1, 0
514002, 1089224778, 1, 0
515244, 830898961, 1, 0
516058, 980551332, 1, 0
517093, 796522526, 1, 0
518127, 1127895381, 1, 0
519029, 977974839, 1, 0
520131, 785844062, 1, 0
521007, 921616257, 1, 0
522030, 869676892, 1, 0
523113, 725056223, 1, 0
524081, 999065396, 1, 0
525023, 1062418246, 1, 0
526018, 980946298, 1, 0
527004, 946607280, 1, 0
528107, 1245166284, 1, 0
529070, 690928215, 1, 0
530008, 872552824, 1, 0
531070, 977096680, 1, 0
532002, 851075263, 1, 0
533040, 663859612, 1, 0
534151, 679477257, 1, 0
535056, 981078038, 1, 0
536032, 870718788, 1, 0
537036, 788148061, 1, 0
538026, 957374444, 1, 0
539010, 949769483, 1, 0
540112, 869336912, 1, 0
541001, 956930719, 1, 0
542237, 847009730, 1, 0
543075, 862968951, 1, 0
544135, 923239369, 1, 0
545027, 897242266, 1, 0
546020, 739610464, 1, 0
547083, 1046459906, 1, 0
548010, 919300012, 1, 0
549014, 990139302, 1, 0
550220, 889269039, 1, 0
551051, 657910940, 1, 0
552037, 954091931, 1, 0
553088, 1112416427, 1, 0
554196, 740985989, 1, 0
555042, 681061959, 1, 0
556037, 706056615, 1, 0
557095, 666859570, 1, 0
558025, 960281738, 1, 0
559236, 948117781, 1, 0
560049, 747771298, 1, 0
561041, 659949250, 1, 0
562093, 748293893, 1, 0
563232, 610214765, 1, 0
564044, 833442611, 1, 0
565001, 1126469171, 1, 0
566022, 988028844, 1, 0
567160, 778973153, 1, 0
568088, 671469728, 1, 0
569031, 989536396, 1, 0
570021, 946564650, 1, 0
571001, 848948259, 1, 0
572014, 912634467, 1, 0
573123, 661414228, 1, 0
574038, 715721516, 1, 0
575001, 916563512, 1, 0
576078, 1020004752, 1, 0
577081, 1133331719, 1, 0
578058, 877605673, 1, 0
579227, 861267134, 1, 0
580082, 952776595, 1, 0
581040, 759802949, 1, 0
582095, 800833565, 1, 0
583013, 1033693941, 1, 0
584121, 1136110702, 1, 0
585079, 1007235245, 1, 0
586049, 874086740, 1, 0
587216, 558869797, 1, 0
588060, 1015255687, 1, 0
589079, 1291060301, 1, 0
590174, 850146799, 1, 0
591052, 887521618, 1, 0
592088, 896872497, 1, 0
593013, 993143585, 1, 0
594039, 959299088, 1, 0
595139, 1023793896, 1, 0
596164, 1033139652, 1, 0
597066, 1014197352, 1, 0
598045, 1178747635, 1, 0
599032, 1094034995, 1, 0
600030, 799179340, 1, 0
600033, 552114776, 1, 0
