1001, 5124, 1, 0
1999, 5121, 1, 0
2999, 5125, 1, 0
3999, 5125, 1, 0
5000, 4440, 1, 0
6000, 5804, 1, 0
6999, 5121, 1, 0
7999, 5125, 1, 0
8999, 5125, 1, 0
10000, 5120, 1, 0
11000, 5120, 1, 0
11999, 5125, 1, 0
12999, 5125, 1, 0
13999, 5125, 1, 0
15000, 5120, 1, 0
15999, 5125, 1, 0
16999, 5125, 1, 0
17999, 4868, 1, 0
18999, 5377, 1, 0
19999, 5129, 1, 0
20999, 5125, 1, 0
22000, 5124, 1, 0
22999, 5121, 1, 0
23999, 5125, 1, 0
25000, 5125, 1, 0
26000, 5124, 1, 0
26999, 5121, 1, 0
27999, 5125, 1, 0
29000, 5120, 1, 0
30000, 5124, 1, 0
30999, 4700, 1, 0
31999, 5545, 1, 0
32999, 5125, 1, 0
34000, 5120, 1, 0
34999, 5121, 1, 0
35999, 5129, 1, 0
36999, 5125, 1, 0
38000, 5120, 1, 0
39000, 5124, 1, 0
39999, 5121, 1, 0
40999, 5125, 1, 0
41999, 5125, 1, 0
43000, 5124, 1, 0
43999, 5121, 1, 0
44999, 5125, 1, 0
45999, 5125, 1, 0
47000, 5120, 1, 0
47999, 5121, 1, 0
48999, 5129, 1, 0
49999, 5125, 1, 0
51000, 5120, 1, 0
51999, 5125, 1, 0
52999, 5125, 1, 0
53999, 5125, 1, 0
54999, 5125, 1, 0
56000, 5120, 1, 0
56999, 5125, 1, 0
57999, 4372, 1, 0
58999, 5877, 1, 0
59999, 5121, 1, 0
60999, 5125, 1, 0
61999, 5129, 1, 0
62999, 5125, 1, 0
64000, 5120, 1, 0
65000, 5124, 1, 0
65999, 5121, 1, 0
66999, 5125, 1, 0
67999, 5125, 1, 0
69000, 5120, 1, 0
70000, 5124, 1, 0
70999, 4780, 1, 0
71999, 5465, 1, 0
72999, 5125, 1, 0
74000, 5120, 1, 0
75000, 5124, 1, 0
75999, 5121, 1, 0
76999, 5125, 1, 0
77999, 5125, 1, 0
79000, 5120, 1, 0
80000, 5124, 1, 0
80999, 5121, 1, 0
81999, 5125, 1, 0
82999, 5125, 1, 0
84000, 5120, 1, 0
84999, 4708, 1, 0
85999, 5541, 1, 0
86999, 5125, 1, 0
87999, 5125, 1, 0
89000, 5120, 1, 0
89999, 5121, 1, 0
90999, 5129, 1, 0
91999, 5125, 1, 0
92999, 5125, 1, 0
94000, 5120, 1, 0
94999, 5121, 1, 0
95999, 5129, 1, 0
96999, 5125, 1, 0
97999, 4788, 1, 0
99000, 5456, 1, 0
99999, 5125, 1, 0
100999, 5125, 1, 0
101999, 5125, 1, 0
102999, 5125, 1, 0
104000, 5120, 1, 0
105000, 5124, 1, 0
105999, 5121, 1, 0
106999, 5125, 1, 0
107999, 5125, 1, 0
109000, 5120, 1, 0
109999, 5121, 1, 0
110999, 4596, 1, 0
111999, 5657, 1, 0
112999, 5125, 1, 0
114000, 5120, 1, 0
114999, 5125, 1, 0
115999, 5125, 1, 0
116999, 5125, 1, 0
118000, 5120, 1, 0
119000, 5124, 1, 0
119999, 5121, 1, 0
120999, 5125, 1, 0
121999, 5125, 1, 0
123000, 5120, 1, 0
124000, 5120, 1, 0
124999, 5125, 1, 0
125999, 5125, 1, 0
126999, 5125, 1, 0
128000, 5120, 1, 0
129000, 5120, 1, 0
130000, 5124, 1, 0
130999, 5121, 1, 0
131999, 5125, 1, 0
132999, 5125, 1, 0
134000, 5120, 1, 0
134999, 5121, 1, 0
135999, 5129, 1, 0
136999, 5125, 1, 0
138000, 4628, 1, 0
139000, 5612, 1, 0
139999, 5125, 1, 0
140999, 4792, 1, 0
142000, 84, 1, 0
143000, 308, 1, 0
143999, 344, 1, 0
145000, 332, 1, 0
145999, 328, 1, 0
146999, 256, 1, 0
148000, 424, 1, 0
148999, 300, 1, 0
149999, 248, 1, 0
151000, 396, 1, 0
151999, 320, 1, 0
153000, 364, 1, 0
153999, 220, 1, 0
154999, 312, 1, 0
156000, 252, 1, 0
156999, 280, 1, 0
157999, 384, 1, 0
159000, 292, 1, 0
159999, 292, 1, 0
160999, 312, 1, 0
162000, 304, 1, 0
162999, 284, 1, 0
163999, 276, 1, 0
165000, 320, 1, 0
165999, 368, 1, 0
166999, 240, 1, 0
167999, 480, 1, 0
169000, 344, 1, 0
170000, 344, 1, 0
170999, 316, 1, 0
172000, 400, 1, 0
172999, 328, 1, 0
173999, 272, 1, 0
175000, 396, 1, 0
175999, 484, 1, 0
176999, 424, 1, 0
178000, 264, 1, 0
178999, 408, 1, 0
180000, 268, 1, 0
180999, 404, 1, 0
181999, 248, 1, 0
183000, 364, 1, 0
183999, 228, 1, 0
184999, 236, 1, 0
186000, 236, 1, 0
186999, 384, 1, 0
188000, 340, 1, 0
188999, 260, 1, 0
189999, 380, 1, 0
191000, 312, 1, 0
191999, 356, 1, 0
192999, 328, 1, 0
193999, 352, 1, 0
194999, 316, 1, 0
196000, 324, 1, 0
196999, 304, 1, 0
197999, 332, 1, 0
199000, 256, 1, 0
199999, 320, 1, 0
200999, 404, 1, 0
201999, 392, 1, 0
202999, 372, 1, 0
204000, 232, 1, 0
204999, 424, 1, 0
205999, 328, 1, 0
207000, 332, 1, 0
207999, 260, 1, 0
208999, 356, 1, 0
210000, 264, 1, 0
210999, 276, 1, 0
212000, 340, 1, 0
212999, 424, 1, 0
213999, 400, 1, 0
215000, 284, 1, 0
215999, 268, 1, 0
216999, 388, 1, 0
218000, 316, 1, 0
218999, 240, 1, 0
220000, 332, 1, 0
220999, 292, 1, 0
221999, 276, 1, 0
223000, 324, 1, 0
223999, 344, 1, 0
225000, 324, 1, 0
225999, 344, 1, 0
226999, 396, 1, 0
228000, 244, 1, 0
228999, 444, 1, 0
230000, 316, 1, 0
230999, 420, 1, 0
231999, 316, 1, 0
233000, 260, 1, 0
233999, 268, 1, 0
235000, 460, 1, 0
235999, 372, 1, 0
236999, 280, 1, 0
238000, 288, 1, 0
238999, 360, 1, 0
240000, 236, 1, 0
240999, 212, 1, 0
241999, 468, 1, 0
243000, 272, 1, 0
243999, 312, 1, 0
245000, 316, 1, 0
245999, 336, 1, 0
246999, 252, 1, 0
248000, 420, 1, 0
248999, 252, 1, 0
250000, 376, 1, 0
250999, 156, 1, 0
251999, 460, 1, 0
253000, 324, 1, 0
253999, 268, 1, 0
254999, 364, 1, 0
256000, 236, 1, 0
256999, 372, 1, 0
258000, 292, 1, 0
258999, 284, 1, 0
259999, 300, 1, 0
261000, 296, 1, 0
261999, 344, 1, 0
263000, 280, 1, 0
263999, 304, 1, 0
264999, 304, 1, 0
266000, 356, 1, 0
266999, 248, 1, 0
268000, 332, 1, 0
268999, 300, 1, 0
269999, 444, 1, 0
271000, 336, 1, 0
271999, 248, 1, 0
272999, 388, 1, 0
273999, 280, 1, 0
274999, 276, 1, 0
276000, 316, 1, 0
276999, 512, 1, 0
277999, 280, 1, 0
279000, 344, 1, 0
279999, 264, 1, 0
281000, 312, 1, 0
281999, 304, 1, 0
282999, 328, 1, 0
284000, 388, 1, 0
284999, 364, 1, 0
286000, 284, 1, 0
286999, 380, 1, 0
287999, 348, 1, 0
288999, 372, 1, 0
289999, 288, 1, 0
291000, 372, 1, 0
291999, 320, 1, 0
292999, 416, 1, 0
294000, 376, 1, 0
294999, 348, 1, 0
295999, 244, 1, 0
297000, 380, 1, 0
297999, 356, 1, 0
298999, 208, 1, 0
300000, 372, 1, 0
300999, 300, 1, 0
301999, 264, 1, 0
303000, 164, 1, 0
303999, 212, 1, 0
305000, 248, 1, 0
305999, 412, 1, 0
306999, 292, 1, 0
308000, 308, 1, 0
308999, 264, 1, 0
310000, 268, 1, 0
310999, 284, 1, 0
311999, 328, 1, 0
313000, 328, 1, 0
313999, 376, 1, 0
315000, 228, 1, 0
315999, 256, 1, 0
316999, 280, 1, 0
318000, 180, 1, 0
318999, 240, 1, 0
320000, 348, 1, 0
320999, 236, 1, 0
322000, 352, 1, 0
322999, 252, 1, 0
323999, 400, 1, 0
325000, 248, 1, 0
325999, 280, 1, 0
327000, 412, 1, 0
327999, 380, 1, 0
328999, 216, 1, 0
330000, 276, 1, 0
330999, 188, 1, 0
332000, 332, 1, 0
332999, 432, 1, 0
333999, 220, 1, 0
335000, 348, 1, 0
335999, 424, 1, 0
337000, 268, 1, 0
337999, 256, 1, 0
338999, 432, 1, 0
340000, 256, 1, 0
340999, 364, 1, 0
341999, 360, 1, 0
343000, 232, 1, 0
343999, 308, 1, 0
344999, 264, 1, 0
346000, 304, 1, 0
346999, 328, 1, 0
347999, 392, 1, 0
348999, 420, 1, 0
349999, 280, 1, 0
351000, 244, 1, 0
351999, 352, 1, 0
353000, 332, 1, 0
353999, 332, 1, 0
354999, 308, 1, 0
356000, 256, 1, 0
356999, 312, 1, 0
358000, 248, 1, 0
358999, 272, 1, 0
359999, 276, 1, 0
361000, 308, 1, 0
361999, 228, 1, 0
363000, 204, 1, 0
363999, 296, 1, 0
364999, 344, 1, 0
366000, 336, 1, 0
366999, 308, 1, 0
368000, 296, 1, 0
368999, 404, 1, 0
369999, 280, 1, 0
371000, 344, 1, 0
371999, 328, 1, 0
372999, 368, 1, 0
374000, 268, 1, 0
374999, 408, 1, 0
376000, 352, 1, 0
376999, 360, 1, 0
377999, 312, 1, 0
379000, 232, 1, 0
379999, 496, 1, 0
381000, 304, 1, 0
381999, 376, 1, 0
383000, 384, 1, 0
383999, 344, 1, 0
384999, 436, 1, 0
386000, 252, 1, 0
386999, 280, 1, 0
388000, 288, 1, 0
389000, 468, 1, 0
389999, 312, 1, 0
391000, 312, 1, 0
391999, 336, 1, 0
392999, 220, 1, 0
394000, 216, 1, 0
394999, 324, 1, 0
396000, 272, 1, 0
396999, 240, 1, 0
397999, 348, 1, 0
399000, 356, 1, 0
399999, 256, 1, 0
400999, 332, 1, 0
402000, 360, 1, 0
402999, 444, 1, 0
404000, 280, 1, 0
404999, 212, 1, 0
405999, 416, 1, 0
407000, 364, 1, 0
407999, 344, 1, 0
409000, 332, 1, 0
409999, 312, 1, 0
411000, 392, 1, 0
411999, 492, 1, 0
412999, 412, 1, 0
414000, 392, 1, 0
414999, 200, 1, 0
415999, 324, 1, 0
417000, 248, 1, 0
417999, 492, 1, 0
418999, 472, 1, 0
420000, 272, 1, 0
420999, 360, 1, 0
422000, 252, 1, 0
423000, 348, 1, 0
423999, 312, 1, 0
425000, 224, 1, 0
425999, 404, 1, 0
426999, 404, 1, 0
428000, 316, 1, 0
428999, 292, 1, 0
430000, 440, 1, 0
430999, 256, 1, 0
431999, 380, 1, 0
433000, 412, 1, 0
433999, 308, 1, 0
435000, 304, 1, 0
435999, 260, 1, 0
436999, 368, 1, 0
438000, 292, 1, 0
438999, 304, 1, 0
440000, 328, 1, 0
440998, 268, 1, 0
441999, 280, 1, 0
442999, 296, 1, 0
443999, 300, 1, 0
445000, 236, 1, 0
445999, 264, 1, 0
446999, 324, 1, 0
448000, 336, 1, 0
448999, 308, 1, 0
450000, 200, 1, 0
450999, 360, 1, 0
451999, 272, 1, 0
453000, 312, 1, 0
453999, 260, 1, 0
454999, 352, 1, 0
456000, 328, 1, 0
456999, 360, 1, 0
458000, 256, 1, 0
458999, 196, 1, 0
459999, 348, 1, 0
460999, 244, 1, 0
461999, 340, 1, 0
463000, 296, 1, 0
463999, 392, 1, 0
465000, 228, 1, 0
465999, 372, 1, 0
466999, 172, 1, 0
468000, 312, 1, 0
468999, 292, 1, 0
470000, 380, 1, 0
470999, 324, 1, 0
471999, 312, 1, 0
473000, 236, 1, 0
473999, 248, 1, 0
475000, 248, 1, 0
475999, 316, 1, 0
476999, 356, 1, 0
478000, 236, 1, 0
478999, 412, 1, 0
480000, 424, 1, 0
480999, 184, 1, 0
481999, 204, 1, 0
483000, 336, 1, 0
483999, 408, 1, 0
485000, 244, 1, 0
485999, 288, 1, 0
486999, 240, 1, 0
488000, 376, 1, 0
488999, 272, 1, 0
489999, 308, 1, 0
491000, 256, 1, 0
491999, 464, 1, 0
493000, 300, 1, 0
493999, 376, 1, 0
494999, 264, 1, 0
496000, 272, 1, 0
496999, 188, 1, 0
497999, 444, 1, 0
499000, 304, 1, 0
499999, 312, 1, 0
501000, 436, 1, 0
501999, 240, 1, 0
502999, 260, 1, 0
504000, 316, 1, 0
504999, 304, 1, 0
506000, 292, 1, 0
506999, 308, 1, 0
507999, 292, 1, 0
509000, 196, 1, 0
509999, 288, 1, 0
511000, 352, 1, 0
511999, 252, 1, 0
512999, 328, 1, 0
514000, 380, 1, 0
514999, 304, 1, 0
516000, 276, 1, 0
516999, 412, 1, 0
517999, 428, 1, 0
519000, 296, 1, 0
519999, 368, 1, 0
520999, 380, 1, 0
522000, 296, 1, 0
522999, 328, 1, 0
524000, 368, 1, 0
524999, 164, 1, 0
525999, 432, 1, 0
527000, 296, 1, 0
527999, 336, 1, 0
529000, 284, 1, 0
529999, 268, 1, 0
530999, 392, 1, 0
532000, 304, 1, 0
532999, 240, 1, 0
534000, 324, 1, 0
534999, 336, 1, 0
535999, 256, 1, 0
536999, 272, 1, 0
537999, 304, 1, 0
539000, 280, 1, 0
539999, 360, 1, 0
541000, 256, 1, 0
541999, 368, 1, 0
542999, 272, 1, 0
544000, 248, 1, 0
544999, 296, 1, 0
546000, 364, 1, 0
546999, 308, 1, 0
547999, 380, 1, 0
549000, 252, 1, 0
549999, 364, 1, 0
550999, 232, 1, 0
552000, 256, 1, 0
552999, 428, 1, 0
553999, 308, 1, 0
555000, 332, 1, 0
555999, 280, 1, 0
557000, 312, 1, 0
557999, 320, 1, 0
558999, 260, 1, 0
560000, 320, 1, 0
560999, 256, 1, 0
562000, 304, 1, 0
562999, 324, 1, 0
563999, 324, 1, 0
565000, 220, 1, 0
565999, 336, 1, 0
566999, 332, 1, 0
567999, 276, 1, 0
568999, 332, 1, 0
570000, 236, 1, 0
570999, 288, 1, 0
572000, 352, 1, 0
572999, 264, 1, 0
573999, 180, 1, 0
575000, 188, 1, 0
575999, 376, 1, 0
577000, 328, 1, 0
577999, 164, 1, 0
578999, 292, 1, 0
580000, 228, 1, 0
580999, 364, 1, 0
582000, 288, 1, 0
583000, 152, 1, 0
583999, 368, 1, 0
585000, 296, 1, 0
585999, 316, 1, 0
587000, 284, 1, 0
587999, 292, 1, 0
588999, 384, 1, 0
590000, 264, 1, 0
590999, 316, 1, 0
591999, 128, 1, 0
592999, 236, 1, 0
593999, 248, 1, 0
595000, 328, 1, 0
595999, 372, 1, 0
597000, 264, 1, 0
597999, 244, 1, 0
598999, 208, 1, 0
600000, 332, 1, 0
