1000, 218215, 1, 0
2000, 111928, 1, 0
3000, 112451, 1, 0
4000, 100946, 1, 0
5000, 93479, 1, 0
6000, 62371, 1, 0
7000, 97829, 1, 0
8000, 106991, 1, 0
9000, 100712, 1, 0
10000, 109188, 1, 0
11000, 122579, 1, 0
12004, 105589, 1, 0
13000, 103477, 1, 0
14000, 116255, 1, 0
15000, 179548, 1, 0
16000, 98671, 1, 0
17000, 99637, 1, 0
18000, 96718, 1, 0
19002, 111764, 1, 0
20000, 90682, 1, 0
21000, 120821, 1, 0
22000, 110537, 1, 0
23000, 101475, 1, 0
24000, 123862, 1, 0
25000, 95424, 1, 0
26000, 96572, 1, 0
27000, 103844, 1, 0
28000, 113822, 1, 0
29000, 92325, 1, 0
30000, 95126, 1, 0
31000, 113603, 1, 0
32000, 87136, 1, 0
33000, 100902, 1, 0
34000, 117644, 1, 0
35000, 103717, 1, 0
36000, 2418904, 1, 0
37000, 108032, 1, 0
38000, 113256, 1, 0
39000, 110130, 1, 0
40000, 111792, 1, 0
41000, 96179, 1, 0
42004, 99946, 1, 0
43000, 90357, 1, 0
44000, 90297, 1, 0
45000, 89922, 1, 0
46000, 88655, 1, 0
47000, 76649, 1, 0
48000, 94450, 1, 0
49000, 75669, 1, 0
50000, 71337, 1, 0
51000, 82570, 1, 0
52000, 75965, 1, 0
53000, 92682, 1, 0
54000, 68076, 1, 0
55000, 64806, 1, 0
56000, 82182, 1, 0
57000, 2652870, 1, 0
58000, 102371, 1, 0
59000, 100542, 1, 0
60000, 78341, 1, 0
61000, 85718, 1, 0
62000, 73124, 1, 0
63000, 82224, 1, 0
64000, 85805, 1, 0
65000, 63951, 1, 0
66000, 93005, 1, 0
67000, 107410, 1, 0
68000, 93559, 1, 0
69000, 77575, 1, 0
70000, 78201, 1, 0
71000, 76512, 1, 0
72000, 83997, 1, 0
73000, 93428, 1, 0
74000, 101758, 1, 0
75000, 97461, 1, 0
76000, 92363, 1, 0
77000, 120011, 1, 0
78000, 88524, 1, 0
79000, 8519957, 1, 0
80000, 82298, 1, 0
81000, 70923, 1, 0
82000, 80401, 1, 0
83000, 90935, 1, 0
84000, 93529, 1, 0
85000, 94227, 1, 0
86000, 96195, 1, 0
87000, 90361, 1, 0
88000, 86794, 1, 0
89000, 69098, 1, 0
90000, 103734, 1, 0
91000, 87147, 1, 0
92000, 97436, 1, 0
93000, 78434, 1, 0
94000, 76094, 1, 0
95000, 99764, 1, 0
96000, 91651, 1, 0
97000, 72839, 1, 0
98000, 73105, 1, 0
99000, 103235, 1, 0
100000, 1114271, 1, 0
101000, 462854, 1, 0
102000, 81036, 1, 0
103000, 96241, 1, 0
104000, 98225, 1, 0
105000, 84757, 1, 0
106000, 106055, 1, 0
107000, 127510, 1, 0
108000, 94613, 1, 0
109000, 89865, 1, 0
110000, 141956, 1, 0
111000, 93458, 1, 0
112000, 104302, 1, 0
113000, 102972, 1, 0
114000, 101008, 1, 0
115000, 84465, 1, 0
116002, 117117, 1, 0
117000, 93791, 1, 0
118000, 106997, 1, 0
119000, 77105, 1, 0
120000, 90811, 1, 0
121000, 73118, 1, 0
122000, 11756500, 1, 0
123000, 107882, 1, 0
124000, 82725, 1, 0
125000, 109291, 1, 0
126000, 108694, 1, 0
127000, 98466, 1, 0
128000, 132671, 1, 0
129000, 96296, 1, 0
130000, 113505, 1, 0
131000, 109404, 1, 0
132000, 105692, 1, 0
133000, 108685, 1, 0
134000, 107659, 1, 0
135000, 104046, 1, 0
136000, 97881, 1, 0
137000, 94047, 1, 0
138000, 94923, 1, 0
139000, 108191, 1, 0
140000, 102490, 1, 0
141000, 89238, 1, 0
142000, 61383, 1, 0
143000, 73992, 1, 0
144000, 7920744, 1, 0
145000, 58359, 1, 0
146000, 72095, 1, 0
147000, 94580, 1, 0
148000, 80228, 1, 0
149000, 85962, 1, 0
150000, 73999, 1, 0
151000, 87415, 1, 0
152000, 80367, 1, 0
153000, 101811, 1, 0
154000, 105412, 1, 0
155000, 87905, 1, 0
156000, 86435, 1, 0
157000, 79905, 1, 0
158000, 92035, 1, 0
159000, 86758, 1, 0
160000, 105985, 1, 0
161000, 93642, 1, 0
162000, 90444, 1, 0
163000, 83857, 1, 0
164000, 83847, 1, 0
165004, 3651664, 1, 0
166000, 9250343, 1, 0
167000, 68603, 1, 0
168000, 74514, 1, 0
169000, 84834, 1, 0
170000, 94934, 1, 0
171000, 85144, 1, 0
172000, 86659, 1, 0
173000, 89748, 1, 0
174000, 113981, 1, 0
175000, 81904, 1, 0
176000, 86255, 1, 0
177000, 74321, 1, 0
178000, 92636, 1, 0
179000, 80825, 1, 0
180000, 71608, 1, 0
181000, 100402, 1, 0
182000, 79218, 1, 0
183000, 83725, 1, 0
184000, 83196, 1, 0
185000, 83991, 1, 0
186000, 81778, 1, 0
187006, 5054021, 1, 0
188003, 35149933, 1, 0
189000, 83946, 1, 0
190000, 118825, 1, 0
191000, 119207, 1, 0
192000, 115906, 1, 0
193000, 70441, 1, 0
194000, 111045, 1, 0
195000, 81307, 1, 0
196000, 83200, 1, 0
197000, 62365, 1, 0
198000, 78742, 1, 0
199000, 75810, 1, 0
200000, 111385, 1, 0
201000, 93333, 1, 0
202000, 110450, 1, 0
203000, 95596, 1, 0
204000, 89200, 1, 0
205000, 117763, 1, 0
206000, 95684, 1, 0
207000, 100975, 1, 0
208000, 91157, 1, 0
209033, 2211928, 1, 0
210000, 6811995, 1, 0
211000, 75047, 1, 0
212000, 94922, 1, 0
213000, 113737, 1, 0
214000, 109793, 1, 0
215000, 90613, 1, 0
216000, 88817, 1, 0
217000, 77793, 1, 0
218000, 96472, 1, 0
219000, 84517, 1, 0
220000, 107032, 1, 0
221000, 89147, 1, 0
222000, 85547, 1, 0
223000, 97657, 1, 0
224000, 101196, 1, 0
225000, 93113, 1, 0
226000, 94960, 1, 0
227000, 91357, 1, 0
228000, 67683, 1, 0
229000, 74028, 1, 0
230000, 91438, 1, 0
231018, 6427030, 1, 0
232000, 9618047, 1, 0
233000, 69752, 1, 0
234000, 68501, 1, 0
235062, 1552850, 1, 0
236048, 797168091, 1, 0
237081, 807313533, 1, 0
238007, 849917143, 1, 0
239082, 631121515, 1, 0
240201, 816236816, 1, 0
241011, 796719117, 1, 0
242014, 760535618, 1, 0
243002, 730203052, 1, 0
244113, 521134296, 1, 0
245065, 864142207, 1, 0
246055, 887709015, 1, 0
247138, 695378950, 1, 0
248049, 860903409, 1, 0
249082, 904688121, 1, 0
250008, 823509238, 1, 0
251240, 667742793, 1, 0
252037, 1016359738, 1, 0
253027, 802943472, 1, 0
254009, 906345186, 1, 0
255030, 798060663, 1, 0
256170, 778218817, 1, 0
257010, 769281409, 1, 0
258050, 898238575, 1, 0
259041, 877437201, 1, 0
260001, 874904829, 1, 0
261169, 973363154, 1, 0
262183, 855676009, 1, 0
263172, 779393005, 1, 0
264068, 674128610, 1, 0
265137, 824446306, 1, 0
266053, 943311460, 1, 0
267028, 1041226522, 1, 0
268012, 824921454, 1, 0
269012, 616001454, 1, 0
270040, 697585277, 1, 0
271037, 883136603, 1, 0
272232, 831792081, 1, 0
273023, 600414348, 1, 0
274085, 655136292, 1, 0
275050, 703307814, 1, 0
276136, 657420027, 1, 0
277014, 976774594, 1, 0
278009, 851844421, 1, 0
279024, 1053541844, 1, 0
280092, 891602884, 1, 0
281001, 820636508, 1, 0
282082, 752217214, 1, 0
283143, 928935258, 1, 0
284025, 913351694, 1, 0
285018, 1131931755, 1, 0
286003, 1021291123, 1, 0
287184, 981043628, 1, 0
288001, 863952487, 1, 0
289217, 1168619144, 1, 0
290009, 891729829, 1, 0
291053, 942115227, 1, 0
292012, 785369336, 1, 0
293043, 884278326, 1, 0
294017, 653105450, 1, 0
295110, 603731266, 1, 0
296000, 668618368, 1, 0
297043, 539877800, 1, 0
298068, 743142979, 1, 0
299122, 668124052, 1, 0
300005, 1150743868, 1, 0
301042, 758920218, 1, 0
302145, 844327333, 1, 0
303003, 880026488, 1, 0
304153, 760461036, 1, 0
305219, 804731063, 1, 0
306029, 653308816, 1, 0
307053, 702109157, 1, 0
308152, 815669627, 1, 0
309097, 653167859, 1, 0
310011, 880747608, 1, 0
311221, 855988562, 1, 0
312004, 1264368429, 1, 0
313068, 943097605, 1, 0
314110, 736001508, 1, 0
315064, 708467030, 1, 0
316111, 802521559, 1, 0
317200, 638596819, 1, 0
318046, 809074068, 1, 0
319011, 838884144, 1, 0
320060, 814355223, 1, 0
321043, 917090035, 1, 0
322084, 1017524309, 1, 0
323073, 975317723, 1, 0
324020, 935148334, 1, 0
325099, 922842712, 1, 0
326052, 648854496, 1, 0
327066, 784681043, 1, 0
328078, 894526534, 1, 0
329059, 799351904, 1, 0
330014, 800425426, 1, 0
331147, 830119940, 1, 0
332004, 756259215, 1, 0
333022, 665872691, 1, 0
334096, 632444690, 1, 0
335019, 868361103, 1, 0
336210, 689336985, 1, 0
337042, 947973897, 1, 0
338163, 781974272, 1, 0
339046, 667344639, 1, 0
340020, 711185631, 1, 0
341068, 737342931, 1, 0
342011, 603248288, 1, 0
343082, 646161501, 1, 0
344146, 830183142, 1, 0
345066, 536397742, 1, 0
346060, 803838275, 1, 0
347019, 984095298, 1, 0
348064, 807513630, 1, 0
349079, 1019312551, 1, 0
350013, 878149575, 1, 0
351015, 781095437, 1, 0
352033, 738479927, 1, 0
353117, 642377641, 1, 0
354016, 623999239, 1, 0
355014, 678090029, 1, 0
356058, 824454709, 1, 0
357161, 883850606, 1, 0
358191, 791705208, 1, 0
359003, 732739323, 1, 0
360022, 780549923, 1, 0
361205, 814384225, 1, 0
362031, 975672505, 1, 0
363107, 1093618147, 1, 0
364081, 943851677, 1, 0
365108, 915112941, 1, 0
366262, 751647669, 1, 0
367028, 759401932, 1, 0
368038, 695804033, 1, 0
369010, 713975205, 1, 0
370019, 956186539, 1, 0
371041, 746383903, 1, 0
372010, 843439932, 1, 0
373030, 679670105, 1, 0
374051, 629603883, 1, 0
375085, 823573616, 1, 0
376000, 654513973, 1, 0
377028, 824967304, 1, 0
378107, 924615122, 1, 0
379151, 708176223, 1, 0
380035, 868778500, 1, 0
381087, 994953389, 1, 0
382165, 849979173, 1, 0
383062, 813717785, 1, 0
384057, 622182297, 1, 0
385114, 858348125, 1, 0
386001, 885899960, 1, 0
387071, 874890704, 1, 0
388022, 793153036, 1, 0
389019, 917084613, 1, 0
390014, 914197297, 1, 0
391050, 755711133, 1, 0
392205, 743829199, 1, 0
393127, 728179949, 1, 0
394040, 853589049, 1, 0
395084, 1040320031, 1, 0
396217, 908168083, 1, 0
397016, 719235582, 1, 0
398021, 493179238, 1, 0
399008, 730215248, 1, 0
400003, 1046795145, 1, 0
401140, 891540730, 1, 0
402199, 890967681, 1, 0
403001, 849517699, 1, 0
404121, 789717526, 1, 0
405035, 880986039, 1, 0
406161, 905542135, 1, 0
407218, 868237037, 1, 0
408198, 885654501, 1, 0
409023, 940090986, 1, 0
410220, 1037918951, 1, 0
411131, 965765138, 1, 0
412058, 815537610, 1, 0
413188, 927197672, 1, 0
414003, 935292450, 1, 0
415110, 927994872, 1, 0
416186, 764914609, 1, 0
417005, 942002752, 1, 0
418216, 782927812, 1, 0
419125, 927969908, 1, 0
420176, 883135020, 1, 0
421077, 770923277, 1, 0
422125, 1231002919, 1, 0
423069, 1262946915, 1, 0
424151, 903134919, 1, 0
425025, 795061491, 1, 0
426191, 994111306, 1, 0
427189, 679072773, 1, 0
428161, 780502567, 1, 0
429267, 792946171, 1, 0
430017, 849741092, 1, 0
431066, 630011929, 1, 0
432271, 1047416638, 1, 0
433074, 950699535, 1, 0
434179, 960179619, 1, 0
435026, 888723115, 1, 0
436002, 939995882, 1, 0
437117, 896369982, 1, 0
438189, 871871701, 1, 0
439165, 1162787724, 1, 0
440142, 913473307, 1, 0
441035, 1090864997, 1, 0
442130, 902760803, 1, 0
443075, 945951507, 1, 0
444157, 1055068037, 1, 0
445185, 863002505, 1, 0
446167, 822376778, 1, 0
447029, 1073702071, 1, 0
448016, 731309121, 1, 0
449014, 732830495, 1, 0
450177, 804145306, 1, 0
451242, 688957633, 1, 0
452166, 987978775, 1, 0
453020, 1131006974, 1, 0
454054, 916575685, 1, 0
455025, 817191017, 1, 0
456250, 791224452, 1, 0
457157, 639641292, 1, 0
458017, 837160778, 1, 0
459197, 724644967, 1, 0
460218, 939520516, 1, 0
461175, 1158230030, 1, 0
462101, 995882848, 1, 0
463097, 735045248, 1, 0
464037, 710487165, 1, 0
465147, 798771621, 1, 0
466237, 882323876, 1, 0
467105, 889459711, 1, 0
468106, 938677009, 1, 0
469100, 773526381, 1, 0
470168, 876483669, 1, 0
471092, 733831360, 1, 0
472079, 667257570, 1, 0
473101, 854342653, 1, 0
474074, 825168881, 1, 0
475003, 1030126336, 1, 0
476141, 701815300, 1, 0
477054, 810397816, 1, 0
478015, 885394361, 1, 0
479050, 679833343, 1, 0
480156, 734326282, 1, 0
481164, 657870712, 1, 0
482044, 766463414, 1, 0
483016, 995053351, 1, 0
484260, 704648257, 1, 0
485054, 942105997, 1, 0
486000, 864911320, 1, 0
487035, 830969141, 1, 0
488125, 853398748, 1, 0
489025, 1395460263, 1, 0
490002, 826571485, 1, 0
491014, 591205328, 1, 0
492166, 727093283, 1, 0
493122, 617647767, 1, 0
494181, 964338697, 1, 0
495165, 814430753, 1, 0
496099, 1053378399, 1, 0
497145, 908796563, 1, 0
498189, 1193205713, 1, 0
499181, 1076372164, 1, 0
500158, 718553956, 1, 0
501188, 900680730, 1, 0
502045, 960343854, 1, 0
503060, 922067237, 1, 0
504031, 859636663, 1, 0
505061, 823989804, 1, 0
506157, 1039267596, 1, 0
507209, 965256481, 1, 0
508015, 1184744839, 1, 0
509049, 1022499096, 1, 0
510130, 852896857, 1, 0
511078, 853537478, 1, 0
512014, 747668796, 1, 0
513086, 641661992, 1, 0
514023, 650763336, 1, 0
515030, 1254573362, 1, 0
516058, 807713914, 1, 0
517075, 792998675, 1, 0
518201, 620380927, 1, 0
519006, 600535503, 1, 0
520032, 1110445312, 1, 0
521007, 970447227, 1, 0
522012, 829093246, 1, 0
523066, 828636432, 1, 0
524050, 694659558, 1, 0
525023, 783237061, 1, 0
526075, 744803809, 1, 0
527013, 1021215544, 1, 0
528089, 896443252, 1, 0
529008, 938109936, 1, 0
530007, 956643685, 1, 0
531032, 666759486, 1, 0
532005, 1273891895, 1, 0
533125, 1037479636, 1, 0
534105, 904699464, 1, 0
535112, 779136783, 1, 0
536084, 813854875, 1, 0
537017, 1011912642, 1, 0
538008, 683425088, 1, 0
539033, 671620757, 1, 0
540031, 938822190, 1, 0
541001, 821802694, 1, 0
542280, 1082665665, 1, 0
543016, 1056632315, 1, 0
544146, 844354348, 1, 0
545007, 901216604, 1, 0
546020, 786167362, 1, 0
547030, 853082738, 1, 0
548136, 740042293, 1, 0
549074, 855071453, 1, 0
550235, 937948752, 1, 0
551036, 994685828, 1, 0
552168, 741751875, 1, 0
553017, 937780925, 1, 0
554119, 864112532, 1, 0
555057, 977476589, 1, 0
556000, 815640438, 1, 0
557279, 739607482, 1, 0
558012, 870572858, 1, 0
559185, 790005657, 1, 0
560029, 743530363, 1, 0
561058, 719080097, 1, 0
562061, 979463569, 1, 0
563220, 1165856939, 1, 0
564045, 1044540300, 1, 0
565001, 959753386, 1, 0
566044, 718907384, 1, 0
567008, 1021888045, 1, 0
568055, 1123335516, 1, 0
569073, 680755890, 1, 0
570044, 1014550345, 1, 0
571093, 1079674065, 1, 0
572016, 831844790, 1, 0
573075, 937339864, 1, 0
574008, 933473995, 1, 0
575090, 827197641, 1, 0
576154, 800466768, 1, 0
577081, 959708334, 1, 0
578004, 998942888, 1, 0
579046, 798031738, 1, 0
580104, 783937776, 1, 0
581144, 953218625, 1, 0
582118, 880969401, 1, 0
583188, 1044497205, 1, 0
584106, 580057192, 1, 0
585048, 877043432, 1, 0
586029, 996890184, 1, 0
587023, 822377626, 1, 0
588039, 645186923, 1, 0
589054, 823617706, 1, 0
590228, 883065049, 1, 0
591060, 813844667, 1, 0
592019, 1067600526, 1, 0
593034, 909858941, 1, 0
594050, 837529600, 1, 0
595096, 883600046, 1, 0
596149, 907382291, 1, 0
597050, 1224279498, 1, 0
598092, 820338253, 1, 0
599109, 989604904, 1, 0
600026, 1057777058, 1, 0
600033, 669617873, 1, 0
