1010, 588427702, 0, 0
2018, 547335538, 0, 0
3013, 534207406, 0, 0
4016, 506275672, 0, 0
5033, 510616419, 0, 0
6045, 523243344, 0, 0
7045, 521578932, 0, 0
8007, 511118040, 0, 0
9004, 525677266, 0, 0
10046, 505961897, 0, 0
11019, 513995029, 0, 0
12061, 504569832, 0, 0
13051, 518711853, 0, 0
14017, 503605289, 0, 0
15051, 515219060, 0, 0
16013, 507736237, 0, 0
17052, 514757216, 0, 0
18032, 514218479, 0, 0
19020, 495234706, 0, 0
20034, 528060843, 0, 0
21019, 505751138, 0, 0
22010, 515376082, 0, 0
23059, 513746175, 0, 0
24009, 540571597, 0, 0
25026, 563766482, 0, 0
26053, 509013611, 0, 0
27044, 504713570, 0, 0
28013, 517835946, 0, 0
29033, 500235803, 0, 0
30055, 517679854, 0, 0
31038, 498763664, 0, 0
32025, 504899694, 0, 0
33061, 501356201, 0, 0
34025, 507488962, 0, 0
35032, 498360494, 0, 0
36045, 504782315, 0, 0
37019, 547409879, 0, 0
38037, 501568675, 0, 0
39041, 518128453, 0, 0
40014, 515466867, 0, 0
41002, 514105655, 0, 0
42058, 504731885, 0, 0
43004, 489424772, 0, 0
44010, 490851473, 0, 0
45041, 491430182, 0, 0
46027, 502549057, 0, 0
47024, 527256709, 0, 0
48055, 497398481, 0, 0
49030, 492325177, 0, 0
50044, 516841792, 0, 0
51059, 516431477, 0, 0
52005, 508034493, 0, 0
53043, 461335066, 0, 0
54014, 489408541, 0, 0
55019, 473209041, 0, 0
56003, 504704605, 0, 0
57045, 520455969, 0, 0
58019, 498192631, 0, 0
59043, 483560340, 0, 0
60058, 506466057, 0, 0
61052, 503293564, 0, 0
62055, 511067771, 0, 0
63031, 484318480, 0, 0
64046, 495094168, 0, 0
65017, 466352503, 0, 0
66053, 535359614, 0, 0
67033, 504546160, 0, 0
68048, 519200811, 0, 0
69061, 496714060, 0, 0
70037, 468394606, 0, 0
71052, 486553196, 0, 0
72022, 501179187, 0, 0
73006, 500410421, 0, 0
74048, 483113427, 0, 0
75029, 506251545, 0, 0
76019, 494846786, 0, 0
77011, 464201439, 0, 0
78019, 527221948, 0, 0
79011, 486045255, 0, 0
80001, 506758968, 0, 0
81034, 498325216, 0, 0
82064, 512409546, 0, 0
83037, 478213612, 0, 0
84047, 479690569, 0, 0
85037, 478108266, 0, 0
86042, 476486295, 0, 0
87041, 468226976, 0, 0
88049, 519373821, 0, 0
89037, 493820966, 0, 0
90008, 516923523, 0, 0
91028, 507724900, 0, 0
92026, 477416436, 0, 0
93043, 476855036, 0, 0
94062, 503573091, 0, 0
95008, 468536687, 0, 0
96033, 423254294, 0, 0
97041, 514439348, 0, 0
98040, 513230228, 0, 0
99054, 510449416, 0, 0
100057, 500023384, 0, 0
101053, 501472128, 0, 0
102044, 490067795, 0, 0
103045, 478246307, 0, 0
104002, 501629783, 0, 0
105032, 474366696, 0, 0
106020, 498998025, 0, 0
107017, 495693237, 0, 0
108023, 467876840, 0, 0
109031, 505299770, 0, 0
110013, 487781962, 0, 0
111053, 486801657, 0, 0
112048, 494019579, 0, 0
113001, 477819692, 0, 0
114024, 486935043, 0, 0
115049, 481626364, 0, 0
116063, 469105552, 0, 0
117004, 480360259, 0, 0
118004, 479700816, 0, 0
119005, 478768016, 0, 0
120046, 500415153, 0, 0
121035, 470408753, 0, 0
122063, 488656059, 0, 0
123080, 497229249, 0, 0
124001, 528354181, 0, 0
125056, 508180504, 0, 0
126032, 482243100, 0, 0
127014, 488736852, 0, 0
128015, 488311345, 0, 0
129050, 495534988, 0, 0
130033, 485361314, 0, 0
131009, 499686631, 0, 0
132017, 451784206, 0, 0
133041, 429499584, 0, 0
134029, 485680698, 0, 0
135032, 499255529, 0, 0
136005, 488162315, 0, 0
137003, 506602517, 0, 0
138011, 488696295, 0, 0
139048, 481967470, 0, 0
140013, 489098873, 0, 0
141030, 487526089, 0, 0
142001, 482895890, 0, 0
143029, 465344340, 0, 0
144031, 464045124, 0, 0
145006, 449613634, 0, 0
146025, 503170318, 0, 0
147000, 483023378, 0, 0
148044, 474813711, 0, 0
149004, 463903923, 0, 0
150016, 466955882, 0, 0
151001, 479201528, 0, 0
152026, 474672054, 0, 0
153025, 460768943, 0, 0
154004, 485776126, 0, 0
155038, 501023130, 0, 0
156000, 492214300, 0, 0
157001, 487085498, 0, 0
158051, 478831927, 0, 0
159020, 464639167, 0, 0
160061, 488166997, 0, 0
161055, 467388192, 0, 0
162028, 474940955, 0, 0
163014, 447658794, 0, 0
164035, 457697903, 0, 0
165030, 440157306, 0, 0
166016, 486502794, 0, 0
167004, 474610635, 0, 0
168050, 477325568, 0, 0
169050, 462739771, 0, 0
170058, 495687447, 0, 0
171035, 475435275, 0, 0
172015, 481343711, 0, 0
173022, 487933833, 0, 0
174018, 492150607, 0, 0
175016, 453333652, 0, 0
176000, 475306699, 0, 0
177041, 501287553, 0, 0
178061, 495397993, 0, 0
179020, 477276448, 0, 0
180042, 480062581, 0, 0
181052, 472459830, 0, 0
182025, 474226931, 0, 0
183011, 482634658, 0, 0
184021, 446451373, 0, 0
185020, 465260997, 0, 0
186048, 471523485, 0, 0
187019, 467306426, 0, 0
188059, 471331196, 0, 0
189000, 489905797, 0, 0
190054, 461725427, 0, 0
191052, 473981446, 0, 0
192043, 485452850, 0, 0
193059, 468595088, 0, 0
194055, 459837716, 0, 0
195012, 475989944, 0, 0
196038, 453120079, 0, 0
197021, 463319707, 0, 0
198063, 466603257, 0, 0
199010, 467575781, 0, 0
200022, 472989640, 0, 0
201054, 460928611, 0, 0
202064, 469565915, 0, 0
203003, 465081305, 0, 0
204022, 428461684, 0, 0
205003, 476090364, 0, 0
206035, 446892760, 0, 0
207055, 440321560, 0, 0
208006, 463111988, 0, 0
209011, 469761963, 0, 0
210038, 463483904, 0, 0
211084, 454262175, 0, 0
212059, 450404943, 0, 0
213049, 473935234, 0, 0
214000, 471850690, 0, 0
215033, 470231876, 0, 0
216040, 465348893, 0, 0
217021, 470989680, 0, 0
218061, 488214667, 0, 0
219010, 460819126, 0, 0
220048, 452334749, 0, 0
221031, 471709281, 0, 0
222045, 470370838, 0, 0
223049, 476520660, 0, 0
224016, 454078019, 0, 0
225013, 479564337, 0, 0
226029, 459511346, 0, 0
227020, 438200820, 0, 0
228017, 473034875, 0, 0
229013, 437157610, 0, 0
230055, 434590035, 0, 0
231060, 442795332, 0, 0
232001, 484677690, 0, 0
233049, 465308007, 0, 0
234032, 478856692, 0, 0
235018, 466638485, 0, 0
236038, 471093273, 0, 0
237056, 429740434, 0, 0
238032, 427352831, 0, 0
239057, 469202586, 0, 0
240036, 453066519, 0, 0
241031, 439036606, 0, 0
242022, 465019011, 0, 0
243027, 462421391, 0, 0
244059, 449404814, 0, 0
245048, 459988134, 0, 0
246009, 448596669, 0, 0
247051, 468721501, 0, 0
248031, 453516313, 0, 0
249017, 466015369, 0, 0
250025, 436559893, 0, 0
251032, 450929187, 0, 0
252030, 405365736, 0, 0
253048, 419922930, 0, 0
254067, 479683759, 0, 0
255052, 448637772, 0, 0
256056, 433216918, 0, 0
257059, 475798783, 0, 0
258038, 453257819, 0, 0
259034, 446608801, 0, 0
260062, 451900568, 0, 0
261002, 474797847, 0, 0
262022, 448537973, 0, 0
263027, 416787506, 0, 0
264045, 444840936, 0, 0
265065, 448383111, 0, 0
266055, 439235635, 0, 0
267040, 447459395, 0, 0
268065, 449101062, 0, 0
269059, 457233413, 0, 0
270032, 418210952, 0, 0
271006, 445014223, 0, 0
272059, 453775897, 0, 0
273045, 479507839, 0, 0
274044, 421391389, 0, 0
275011, 433457009, 0, 0
276040, 476470491, 0, 0
277045, 455978970, 0, 0
278037, 424456236, 0, 0
279050, 470397165, 0, 0
280033, 479446530, 0, 0
281050, 432902923, 0, 0
282026, 446955618, 0, 0
283021, 462134932, 0, 0
284068, 436867543, 0, 0
285003, 449411851, 0, 0
286060, 458168494, 0, 0
287032, 428324950, 0, 0
288051, 442367665, 0, 0
289026, 454272486, 0, 0
290055, 447690189, 0, 0
291058, 463165645, 0, 0
292016, 424318740, 0, 0
293071, 457616987, 0, 0
294054, 448887347, 0, 0
295038, 461875094, 0, 0
296035, 445829799, 0, 0
297043, 470204310, 0, 0
298031, 414590303, 0, 0
299054, 430670922, 0, 0
300033, 437547536, 0, 0
301012, 444287770, 0, 0
302010, 435988197, 0, 0
303005, 448710638, 0, 0
304030, 443435549, 0, 0
305040, 456733133, 0, 0
306001, 412664731, 0, 0
307025, 421532038, 0, 0
308053, 463579493, 0, 0
309039, 419068595, 0, 0
310003, 440253768, 0, 0
311019, 388024850, 0, 0
312026, 464961056, 0, 0
313029, 438189270, 0, 0
314073, 488055443, 0, 0
315022, 466081744, 0, 0
316009, 452787983, 0, 0
317035, 404139435, 0, 0
318055, 421544410, 0, 0
319044, 461880846, 0, 0
320062, 457486633, 0, 0
321051, 447126556, 0, 0
322002, 435902904, 0, 0
323057, 425294602, 0, 0
324011, 461527635, 0, 0
325049, 425236184, 0, 0
326040, 437657441, 0, 0
327001, 456249772, 0, 0
328068, 460491602, 0, 0
329069, 414342036, 0, 0
330033, 443307516, 0, 0
331044, 447236168, 0, 0
332061, 440466207, 0, 0
333019, 451297163, 0, 0
334046, 448736602, 0, 0
335034, 441675391, 0, 0
336047, 442004602, 0, 0
337006, 441835501, 0, 0
338041, 445539619, 0, 0
339050, 430137248, 0, 0
340056, 436414725, 0, 0
341021, 415921933, 0, 0
342050, 429477862, 0, 0
343059, 468120838, 0, 0
344002, 420419128, 0, 0
345050, 429923866, 0, 0
346036, 474667493, 0, 0
347031, 455916891, 0, 0
348029, 450872585, 0, 0
349011, 440771366, 0, 0
350071, 405110319, 0, 0
351049, 427210660, 0, 0
352046, 446236496, 0, 0
353036, 415584668, 0, 0
354011, 463301017, 0, 0
355000, 428212252, 0, 0
356001, 445982098, 0, 0
357000, 431204771, 0, 0
358029, 448087160, 0, 0
359012, 432693635, 0, 0
360003, 426054631, 0, 0
361019, 413135318, 0, 0
362065, 411747397, 0, 0
363064, 434594628, 0, 0
364057, 442648220, 0, 0
365039, 432298229, 0, 0
366002, 438089717, 0, 0
367046, 429245364, 0, 0
368044, 428519643, 0, 0
369040, 455348673, 0, 0
370059, 397932674, 0, 0
371050, 404677663, 0, 0
372031, 413008238, 0, 0
373009, 458838205, 0, 0
374016, 455312394, 0, 0
375022, 414617651, 0, 0
376052, 409097813, 0, 0
377043, 401634784, 0, 0
378070, 420506886, 0, 0
379005, 417904369, 0, 0
380040, 440732953, 0, 0
381021, 407930536, 0, 0
382004, 410514462, 0, 0
383057, 421018719, 0, 0
384022, 429735926, 0, 0
385053, 453260569, 0, 0
386061, 432755099, 0, 0
387037, 408952777, 0, 0
388050, 427276659, 0, 0
389026, 371689409, 0, 0
390036, 435935892, 0, 0
391033, 416898872, 0, 0
392021, 417448276, 0, 0
393051, 427065741, 0, 0
394013, 442080618, 0, 0
395062, 430153431, 0, 0
396042, 450101325, 0, 0
397010, 416174656, 0, 0
398026, 414595193, 0, 0
399057, 408426974, 0, 0
400004, 428063755, 0, 0
401063, 408302197, 0, 0
402008, 457234739, 0, 0
403004, 413715396, 0, 0
404013, 405768756, 0, 0
405021, 387608022, 0, 0
406000, 436638935, 0, 0
407062, 401413986, 0, 0
408032, 412775546, 0, 0
409020, 401303891, 0, 0
410003, 410350769, 0, 0
411038, 388911049, 0, 0
412014, 410627580, 0, 0
413062, 405808639, 0, 0
414026, 407648130, 0, 0
415033, 393668221, 0, 0
416027, 381633724, 0, 0
417060, 428300988, 0, 0
418058, 417422503, 0, 0
419007, 393420277, 0, 0
420005, 390641987, 0, 0
421049, 416415823, 0, 0
422020, 391216482, 0, 0
423028, 417292703, 0, 0
424062, 385005404, 0, 0
425017, 373632511, 0, 0
426045, 437127023, 0, 0
427012, 413479369, 0, 0
428024, 396295626, 0, 0
429057, 396337627, 0, 0
430041, 399283335, 0, 0
431022, 406082479, 0, 0
432045, 398351615, 0, 0
433036, 411031237, 0, 0
434005, 409898608, 0, 0
435035, 399036117, 0, 0
436008, 416197394, 0, 0
437060, 389976057, 0, 0
438021, 388851580, 0, 0
439003, 395615456, 0, 0
440058, 434877743, 0, 0
441009, 394341178, 0, 0
442034, 360822518, 0, 0
443042, 399067615, 0, 0
444036, 430090745, 0, 0
445011, 415744000, 0, 0
446005, 416893744, 0, 0
447047, 416155395, 0, 0
448056, 411110311, 0, 0
449067, 416477513, 0, 0
450011, 394521982, 0, 0
451038, 393858479, 0, 0
452042, 433316150, 0, 0
453039, 410699444, 0, 0
454043, 413356800, 0, 0
455026, 420012503, 0, 0
456062, 406964052, 0, 0
457001, 418634521, 0, 0
458051, 419456632, 0, 0
459058, 423742881, 0, 0
460040, 378513461, 0, 0
461051, 346435069, 0, 0
462044, 411419554, 0, 0
463025, 394138196, 0, 0
464024, 426202716, 0, 0
465058, 379074777, 0, 0
466048, 416304699, 0, 0
467036, 425871531, 0, 0
468064, 388943281, 0, 0
469035, 390935952, 0, 0
470033, 434937985, 0, 0
471066, 384846211, 0, 0
472030, 405688274, 0, 0
473049, 383481457, 0, 0
474067, 393508057, 0, 0
475032, 432382765, 0, 0
476002, 362323273, 0, 0
477005, 403700709, 0, 0
478021, 398954854, 0, 0
479015, 386632922, 0, 0
480000, 390436675, 0, 0
481014, 470376676, 0, 0
482021, 490301490, 0, 0
483036, 460801532, 0, 0
484008, 399875724, 0, 0
485039, 375338868, 0, 0
486037, 396385767, 0, 0
487027, 417290518, 0, 0
488009, 381268269, 0, 0
489053, 420279202, 0, 0
490004, 396477512, 0, 0
491029, 371753572, 0, 0
492026, 408544289, 0, 0
493058, 411510523, 0, 0
494004, 445572439, 0, 0
495039, 393416501, 0, 0
496053, 389081743, 0, 0
497061, 395194537, 0, 0
498044, 412007374, 0, 0
499032, 404288751, 0, 0
500032, 397322490, 0, 0
501012, 410868895, 0, 0
502045, 423980364, 0, 0
503036, 386118944, 0, 0
504040, 361066670, 0, 0
505004, 383569505, 0, 0
506001, 390579110, 0, 0
507012, 391613063, 0, 0
508010, 401232781, 0, 0
509054, 358756090, 0, 0
510058, 383122974, 0, 0
511004, 414524836, 0, 0
512031, 386930113, 0, 0
513060, 393286455, 0, 0
514034, 383801382, 0, 0
515024, 362554759, 0, 0
516042, 362315462, 0, 0
517042, 399224012, 0, 0
518032, 419653773, 0, 0
519016, 387545060, 0, 0
520043, 376994986, 0, 0
521021, 378453811, 0, 0
522051, 394367324, 0, 0
523057, 392103357, 0, 0
524059, 382193738, 0, 0
525047, 398601133, 0, 0
526051, 359795881, 0, 0
527032, 347627184, 0, 0
528048, 362338422, 0, 0
529011, 378683928, 0, 0
530032, 405127286, 0, 0
531016, 356621578, 0, 0
532027, 382623427, 0, 0
533049, 350839208, 0, 0
534049, 375189233, 0, 0
535032, 393714467, 0, 0
536061, 369274938, 0, 0
537044, 366984228, 0, 0
538008, 344430542, 0, 0
539058, 371611074, 0, 0
540059, 405497622, 0, 0
541017, 386321957, 0, 0
542049, 381011854, 0, 0
543031, 387784342, 0, 0
544061, 381392101, 0, 0
545043, 384397522, 0, 0
546020, 376462593, 0, 0
547063, 337886246, 0, 0
548054, 365278392, 0, 0
549005, 335183972, 0, 0
550040, 368494547, 0, 0
551048, 356953883, 0, 0
552032, 398626327, 0, 0
553009, 381703236, 0, 0
554015, 361350668, 0, 0
555048, 379714459, 0, 0
556020, 378259654, 0, 0
557001, 378562107, 0, 0
558031, 369924569, 0, 0
559015, 370341569, 0, 0
560047, 352007114, 0, 0
561043, 386560541, 0, 0
562057, 349497445, 0, 0
563034, 363314389, 0, 0
564011, 397761618, 0, 0
565017, 370352192, 0, 0
566013, 379428670, 0, 0
567020, 350957590, 0, 0
568056, 359403579, 0, 0
569027, 387252516, 0, 0
570027, 383273084, 0, 0
571042, 382133756, 0, 0
572038, 375011553, 0, 0
573023, 415039597, 0, 0
574044, 416584733, 0, 0
575012, 380012081, 0, 0
576024, 352696838, 0, 0
577062, 400809216, 0, 0
578038, 355724709, 0, 0
579060, 388140118, 0, 0
580048, 372285364, 0, 0
581018, 342040294, 0, 0
582057, 340129722, 0, 0
583014, 346200690, 0, 0
584007, 369479743, 0, 0
585042, 376301249, 0, 0
586018, 397004703, 0, 0
587047, 366206296, 0, 0
588057, 389005008, 0, 0
589064, 402213866, 0, 0
590055, 380457913, 0, 0
591019, 371280293, 0, 0
592014, 345745427, 0, 0
593048, 353109816, 0, 0
594020, 356364139, 0, 0
595002, 352149554, 0, 0
596033, 357003387, 0, 0
597048, 319981277, 0, 0
598055, 356324039, 0, 0
599001, 320220795, 0, 0
600053, 359036961, 0, 0
601024, 340344043, 0, 0
602025, 331077419, 0, 0
603021, 375680715, 0, 0
604001, 345146950, 0, 0
605044, 330115434, 0, 0
606070, 351698667, 0, 0
607061, 371344616, 0, 0
608021, 347925933, 0, 0
609060, 344502176, 0, 0
610045, 349722796, 0, 0
611027, 352704100, 0, 0
612024, 328448060, 0, 0
613040, 403334230, 0, 0
614003, 368199949, 0, 0
615050, 346179106, 0, 0
616023, 346609817, 0, 0
617021, 353410370, 0, 0
618036, 364322139, 0, 0
619055, 321787631, 0, 0
620035, 320389867, 0, 0
621016, 330442794, 0, 0
622018, 353024067, 0, 0
623038, 349337784, 0, 0
624038, 359371389, 0, 0
625010, 366894771, 0, 0
626010, 353420165, 0, 0
627025, 359967316, 0, 0
628032, 341712405, 0, 0
629002, 336084377, 0, 0
630046, 377991845, 0, 0
631048, 340519023, 0, 0
632009, 342545042, 0, 0
633063, 342639608, 0, 0
634022, 354717999, 0, 0
635049, 365989759, 0, 0
636038, 340738288, 0, 0
637030, 369672117, 0, 0
638019, 398173032, 0, 0
639060, 350666242, 0, 0
640005, 351010048, 0, 0
641004, 318192106, 0, 0
642041, 342619738, 0, 0
643041, 341245328, 0, 0
644039, 313556914, 0, 0
645049, 340810285, 0, 0
646039, 361439536, 0, 0
647008, 321924955, 0, 0
648009, 331967791, 0, 0
649014, 326744107, 0, 0
650001, 335565651, 0, 0
651011, 342792761, 0, 0
652040, 377583525, 0, 0
653026, 346398587, 0, 0
654057, 344536555, 0, 0
655044, 363407737, 0, 0
656049, 361594322, 0, 0
657014, 318328920, 0, 0
658029, 320110100, 0, 0
659053, 354416161, 0, 0
660062, 335756409, 0, 0
661063, 342573083, 0, 0
662008, 343289947, 0, 0
663068, 321805286, 0, 0
664019, 330149246, 0, 0
665042, 329066408, 0, 0
666002, 299258052, 0, 0
667041, 332433124, 0, 0
668014, 355230285, 0, 0
669052, 353830598, 0, 0
670069, 323650454, 0, 0
671013, 355649769, 0, 0
672041, 318279374, 0, 0
673011, 336389425, 0, 0
674034, 328498119, 0, 0
675000, 317964650, 0, 0
676014, 328803494, 0, 0
677020, 322491011, 0, 0
678002, 326982776, 0, 0
679039, 311901066, 0, 0
680029, 330801715, 0, 0
681051, 318875020, 0, 0
682028, 328083798, 0, 0
683033, 302697214, 0, 0
684065, 319129635, 0, 0
685046, 372247960, 0, 0
686012, 339066192, 0, 0
687011, 335092164, 0, 0
688044, 282107285, 0, 0
689023, 329386552, 0, 0
690038, 315326981, 0, 0
691025, 359697798, 0, 0
692016, 357489510, 0, 0
693045, 308152253, 0, 0
694025, 341341218, 0, 0
695054, 333509545, 0, 0
696066, 325626455, 0, 0
697020, 331747971, 0, 0
698025, 313212176, 0, 0
699064, 322041763, 0, 0
700064, 363392953, 0, 0
701060, 336907050, 0, 0
702049, 323337580, 0, 0
703049, 334421848, 0, 0
704005, 310293914, 0, 0
705027, 327814826, 0, 0
706015, 328976258, 0, 0
707061, 336932245, 0, 0
708022, 341242882, 0, 0
709033, 335572426, 0, 0
710073, 349745652, 0, 0
711062, 343301153, 0, 0
712008, 346837735, 0, 0
713005, 307682585, 0, 0
714012, 386219676, 0, 0
715027, 361223582, 0, 0
716023, 284297369, 0, 0
717004, 281378942, 0, 0
718004, 324198752, 0, 0
719024, 318569535, 0, 0
720013, 343981480, 0, 0
721059, 294540004, 0, 0
722045, 351343084, 0, 0
723062, 299306496, 0, 0
724019, 327700079, 0, 0
725010, 339411515, 0, 0
726001, 340965859, 0, 0
727030, 305037915, 0, 0
728051, 335077073, 0, 0
729059, 325577213, 0, 0
730028, 351453181, 0, 0
731019, 329097424, 0, 0
732004, 330332149, 0, 0
733032, 323549786, 0, 0
734010, 333904171, 0, 0
735042, 309562968, 0, 0
736045, 294678741, 0, 0
737025, 324718562, 0, 0
738043, 322987418, 0, 0
739021, 301249749, 0, 0
740037, 308629677, 0, 0
741042, 307796437, 0, 0
742009, 327829008, 0, 0
743027, 296264749, 0, 0
744053, 316127460, 0, 0
745001, 317594319, 0, 0
746000, 286035927, 0, 0
747035, 291857918, 0, 0
748012, 306392696, 0, 0
749011, 336127047, 0, 0
750022, 367314674, 0, 0
751049, 302890171, 0, 0
752056, 322443386, 0, 0
753047, 304506791, 0, 0
754041, 301092149, 0, 0
755044, 308465860, 0, 0
756059, 305159376, 0, 0
757052, 278264918, 0, 0
758022, 301271334, 0, 0
759032, 320838102, 0, 0
760046, 297526725, 0, 0
761010, 330549346, 0, 0
762038, 299093709, 0, 0
763031, 352542764, 0, 0
764029, 326862188, 0, 0
765000, 301367227, 0, 0
766053, 336463210, 0, 0
767008, 361569718, 0, 0
768033, 321935587, 0, 0
769066, 312953034, 0, 0
770040, 299704930, 0, 0
771020, 289121288, 0, 0
772013, 308988985, 0, 0
773036, 317158938, 0, 0
774005, 298936090, 0, 0
775065, 305694181, 0, 0
776014, 282363263, 0, 0
777057, 279742586, 0, 0
778060, 273326411, 0, 0
779018, 295394261, 0, 0
780009, 311334002, 0, 0
781001, 298653312, 0, 0
782010, 334281095, 0, 0
783012, 268187045, 0, 0
784001, 313415902, 0, 0
785009, 293739120, 0, 0
786049, 281343178, 0, 0
787054, 290650082, 0, 0
788049, 301177942, 0, 0
789057, 273001054, 0, 0
790040, 322691130, 0, 0
791056, 293705461, 0, 0
792051, 290513842, 0, 0
793038, 289865224, 0, 0
794064, 302890535, 0, 0
795043, 376777332, 0, 0
796047, 277873712, 0, 0
797068, 316678180, 0, 0
798010, 304405033, 0, 0
799037, 313058705, 0, 0
800003, 310470375, 0, 0
801067, 311342145, 0, 0
802039, 309121606, 0, 0
803060, 270315030, 0, 0
804046, 302860317, 0, 0
805011, 303358936, 0, 0
806032, 311896471, 0, 0
807005, 304534791, 0, 0
808032, 296607244, 0, 0
809014, 276187567, 0, 0
810001, 298417996, 0, 0
811059, 303434766, 0, 0
812034, 293779167, 0, 0
813023, 304371861, 0, 0
814046, 299979582, 0, 0
815052, 288654322, 0, 0
816026, 288636472, 0, 0
817008, 289182317, 0, 0
818036, 262453925, 0, 0
819053, 260596260, 0, 0
820039, 259377452, 0, 0
821038, 291675214, 0, 0
822005, 285000393, 0, 0
823062, 285964550, 0, 0
824060, 317890622, 0, 0
825062, 319763981, 0, 0
826010, 306648432, 0, 0
827007, 319045088, 0, 0
828039, 308606378, 0, 0
829028, 297179522, 0, 0
830050, 275890612, 0, 0
831059, 272915965, 0, 0
832013, 268016542, 0, 0
833051, 284326288, 0, 0
834006, 281001751, 0, 0
835049, 292928286, 0, 0
836061, 276574915, 0, 0
837045, 317101596, 0, 0
838054, 276010352, 0, 0
839039, 292896423, 0, 0
840021, 301560849, 0, 0
841062, 283829379, 0, 0
842036, 325529277, 0, 0
843036, 313646493, 0, 0
844019, 284847107, 0, 0
845005, 281295409, 0, 0
846033, 261136274, 0, 0
847002, 248015623, 0, 0
848061, 288372605, 0, 0
849061, 261064238, 0, 0
850048, 255666392, 0, 0
851012, 310286141, 0, 0
852063, 277302803, 0, 0
853054, 312880901, 0, 0
854029, 294241778, 0, 0
855052, 272411038, 0, 0
856038, 277523197, 0, 0
857023, 309330992, 0, 0
858067, 309662070, 0, 0
859037, 249616344, 0, 0
860035, 303895701, 0, 0
861011, 265727564, 0, 0
862030, 292011971, 0, 0
863016, 295932539, 0, 0
864068, 261132851, 0, 0
865005, 266902650, 0, 0
866015, 277714402, 0, 0
867012, 268829834, 0, 0
868024, 252393717, 0, 0
869003, 300474072, 0, 0
870043, 262269847, 0, 0
871001, 268939456, 0, 0
872039, 290127491, 0, 0
873030, 284930726, 0, 0
874030, 293486349, 0, 0
875028, 272324611, 0, 0
876061, 251990770, 0, 0
877044, 256083676, 0, 0
878015, 285775308, 0, 0
879056, 306483452, 0, 0
880039, 277433555, 0, 0
881010, 265894378, 0, 0
882006, 282204215, 0, 0
883038, 295880392, 0, 0
884043, 292780277, 0, 0
885041, 285276478, 0, 0
886018, 310708473, 0, 0
887034, 285132187, 0, 0
888015, 277631787, 0, 0
889015, 287447190, 0, 0
890023, 283839805, 0, 0
891005, 249847347, 0, 0
892008, 248608901, 0, 0
893027, 293328407, 0, 0
894034, 250503811, 0, 0
895027, 265410932, 0, 0
896019, 266951432, 0, 0
897050, 264915788, 0, 0
898008, 274894930, 0, 0
899046, 259417801, 0, 0
900024, 268667379, 0, 0
901057, 243536734, 0, 0
902004, 273156406, 0, 0
903029, 233740478, 0, 0
904001, 288813305, 0, 0
905051, 297200920, 0, 0
906037, 253296117, 0, 0
907046, 255448684, 0, 0
908033, 237224495, 0, 0
909010, 284037650, 0, 0
910024, 255212756, 0, 0
911055, 248929636, 0, 0
912051, 257579039, 0, 0
913033, 277311819, 0, 0
914047, 282770928, 0, 0
915009, 240171043, 0, 0
916045, 265788589, 0, 0
917018, 266538426, 0, 0
918039, 284597835, 0, 0
919009, 271964268, 0, 0
920018, 280452983, 0, 0
921022, 245258671, 0, 0
922027, 243239726, 0, 0
923054, 266096171, 0, 0
924042, 262133603, 0, 0
925027, 262549276, 0, 0
926011, 243103171, 0, 0
927050, 251896197, 0, 0
928050, 309916886, 0, 0
929040, 260785586, 0, 0
930020, 245994155, 0, 0
931073, 276559156, 0, 0
932061, 267554925, 0, 0
933000, 255194504, 0, 0
934035, 253478990, 0, 0
935038, 255046712, 0, 0
936000, 234949787, 0, 0
937052, 259431568, 0, 0
938021, 287265230, 0, 0
939060, 269948051, 0, 0
940072, 264895301, 0, 0
941058, 277754572, 0, 0
942065, 245164234, 0, 0
943034, 247958646, 0, 0
944038, 256780716, 0, 0
945011, 265945897, 0, 0
946039, 269270236, 0, 0
947038, 263161349, 0, 0
948024, 235169278, 0, 0
949064, 243458111, 0, 0
950004, 261362816, 0, 0
951019, 262576470, 0, 0
952057, 285778997, 0, 0
953045, 245145857, 0, 0
954003, 272493812, 0, 0
955035, 268690472, 0, 0
956041, 278384760, 0, 0
957054, 280298092, 0, 0
958048, 232682238, 0, 0
959034, 256446155, 0, 0
960008, 245765501, 0, 0
961019, 242448360, 0, 0
962064, 268771797, 0, 0
963004, 273743725, 0, 0
964027, 260567438, 0, 0
965016, 234760179, 0, 0
966008, 246353689, 0, 0
967017, 252103415, 0, 0
968001, 232613433, 0, 0
969001, 256166531, 0, 0
970047, 260381661, 0, 0
971026, 247460981, 0, 0
972007, 276071876, 0, 0
973045, 249053067, 0, 0
974014, 228531460, 0, 0
975052, 231097139, 0, 0
976026, 264513247, 0, 0
977005, 225534419, 0, 0
978054, 265602856, 0, 0
979044, 243289716, 0, 0
980036, 242640761, 0, 0
981063, 237377509, 0, 0
982006, 229563863, 0, 0
983056, 216455475, 0, 0
984031, 242679495, 0, 0
985003, 267940723, 0, 0
986047, 222754059, 0, 0
987004, 238913331, 0, 0
988066, 247373453, 0, 0
989055, 263605835, 0, 0
990021, 247316406, 0, 0
991023, 246803010, 0, 0
992015, 211477299, 0, 0
993044, 260795146, 0, 0
994019, 236059955, 0, 0
995042, 226539272, 0, 0
996029, 257457028, 0, 0
997041, 215984676, 0, 0
998030, 231178813, 0, 0
999036, 233516811, 0, 0
1000003, 216555981, 0, 0
1001059, 252127120, 0, 0
1002029, 226474377, 0, 0
1003015, 214875069, 0, 0
1004037, 211854330, 0, 0
1005006, 223220448, 0, 0
1006000, 230032167, 0, 0
1007015, 239494726, 0, 0
1008008, 241653014, 0, 0
1009040, 257873223, 0, 0
1010029, 247327944, 0, 0
1011001, 228556361, 0, 0
1012048, 237237430, 0, 0
1013062, 210259850, 0, 0
1014039, 246169738, 0, 0
1015011, 242194092, 0, 0
1016060, 235386591, 0, 0
1017000, 203775470, 0, 0
1018028, 249125174, 0, 0
1019000, 233742033, 0, 0
1020046, 223341240, 0, 0
1021041, 223603718, 0, 0
1022008, 215427832, 0, 0
1023038, 219708941, 0, 0
1024015, 282957925, 0, 0
1025054, 235613187, 0, 0
1026059, 226281773, 0, 0
1027003, 236244531, 0, 0
1028007, 235694022, 0, 0
1029038, 236380347, 0, 0
1030044, 210436120, 0, 0
1031000, 221047461, 0, 0
1032048, 228705990, 0, 0
1033048, 244458037, 0, 0
1034010, 251935723, 0, 0
1035027, 224866240, 0, 0
1036057, 244436789, 0, 0
1037048, 257911495, 0, 0
1038037, 205252118, 0, 0
1039057, 263386853, 0, 0
1040055, 241113914, 0, 0
1041043, 214618017, 0, 0
1042012, 232006787, 0, 0
1043006, 252754371, 0, 0
1044032, 223260522, 0, 0
1045016, 236924223, 0, 0
1046019, 241373311, 0, 0
1047039, 226396917, 0, 0
1048053, 253994715, 0, 0
1049005, 186436532, 0, 0
1050024, 262180884, 0, 0
1051037, 229959195, 0, 0
1052070, 220697264, 0, 0
1053010, 212142107, 0, 0
1054004, 236496146, 0, 0
1055031, 218502401, 0, 0
1056014, 222931757, 0, 0
1057054, 238074693, 0, 0
1058008, 175296131, 0, 0
1059066, 221718891, 0, 0
1060031, 215196403, 0, 0
1061005, 249203926, 0, 0
1062035, 215150049, 0, 0
1063055, 223675383, 0, 0
1064019, 214786949, 0, 0
1065046, 206302999, 0, 0
1066011, 255995729, 0, 0
1067049, 222094374, 0, 0
1068011, 194728364, 0, 0
1069001, 200928129, 0, 0
1070006, 197208230, 0, 0
1071008, 210151918, 0, 0
1072036, 203661303, 0, 0
1073057, 182939123, 0, 0
1074032, 214001404, 0, 0
1075050, 210734296, 0, 0
1076041, 218098570, 0, 0
1077039, 196805167, 0, 0
1078010, 216005411, 0, 0
1079055, 228155299, 0, 0
1080061, 217407103, 0, 0
1081042, 229729557, 0, 0
1082002, 221210408, 0, 0
1083053, 198137665, 0, 0
1084037, 208192723, 0, 0
1085000, 215246313, 0, 0
1086009, 204153416, 0, 0
1087060, 213216379, 0, 0
1088050, 204763914, 0, 0
1089009, 213603864, 0, 0
1090040, 204866526, 0, 0
1091027, 223413687, 0, 0
1092003, 235488881, 0, 0
1093054, 206282729, 0, 0
1094014, 211894326, 0, 0
1095060, 202016862, 0, 0
1096030, 232142835, 0, 0
1097062, 203445134, 0, 0
1098021, 231178026, 0, 0
1099003, 208067960, 0, 0
1100032, 215090345, 0, 0
1101032, 226051791, 0, 0
1102011, 226691336, 0, 0
1103021, 180196841, 0, 0
1104017, 225553531, 0, 0
1105055, 220478350, 0, 0
1106027, 217274259, 0, 0
1107008, 228431534, 0, 0
1108010, 226111570, 0, 0
1109044, 202971313, 0, 0
1110035, 235419215, 0, 0
1111052, 205662322, 0, 0
1112040, 210381978, 0, 0
1113055, 192905197, 0, 0
1114036, 194858234, 0, 0
1115010, 195787399, 0, 0
1116049, 196350108, 0, 0
1117054, 190128146, 0, 0
1118047, 199666446, 0, 0
1119015, 252831252, 0, 0
1120035, 188249829, 0, 0
1121020, 223280422, 0, 0
1122060, 192986426, 0, 0
1123057, 213452216, 0, 0
1124027, 197190332, 0, 0
1125034, 225050824, 0, 0
1126027, 199487834, 0, 0
1127055, 183691017, 0, 0
1128016, 228961872, 0, 0
1129011, 207822297, 0, 0
1130057, 208223232, 0, 0
1131041, 218042443, 0, 0
1132003, 201342370, 0, 0
1133040, 211500603, 0, 0
1134015, 167548443, 0, 0
1135021, 206958109, 0, 0
1136009, 187176251, 0, 0
1137019, 183748293, 0, 0
1138002, 195683855, 0, 0
1139032, 215569843, 0, 0
1140011, 214414714, 0, 0
1141061, 212760511, 0, 0
1142054, 195919084, 0, 0
1143019, 183743804, 0, 0
1144021, 195864231, 0, 0
1145043, 178178066, 0, 0
1146049, 169542669, 0, 0
1147024, 192075668, 0, 0
1148061, 175165272, 0, 0
1149040, 202377379, 0, 0
1150019, 190664657, 0, 0
1151058, 190694282, 0, 0
1152023, 177088170, 0, 0
1153012, 196350627, 0, 0
1154000, 190326241, 0, 0
1155024, 192307424, 0, 0
1156055, 177712475, 0, 0
1157052, 180445188, 0, 0
1158038, 181982480, 0, 0
1159020, 182795441, 0, 0
1160054, 204092520, 0, 0
1161052, 199659822, 0, 0
1162048, 193905943, 0, 0
1163000, 181858200, 0, 0
1164056, 166906171, 0, 0
1165005, 179339337, 0, 0
1166047, 187058821, 0, 0
1167004, 209279625, 0, 0
1168053, 188374355, 0, 0
1169045, 170819054, 0, 0
1170011, 195378472, 0, 0
1171045, 184305959, 0, 0
1172001, 179210848, 0, 0
1173041, 181223528, 0, 0
1174030, 185874629, 0, 0
1175017, 203531080, 0, 0
1176038, 201838532, 0, 0
1177040, 193281656, 0, 0
1178004, 187652984, 0, 0
1179022, 175688522, 0, 0
1180027, 221721785, 0, 0
1181042, 208916393, 0, 0
1182064, 169778429, 0, 0
1183046, 201974454, 0, 0
1184021, 185364110, 0, 0
1185027, 201100719, 0, 0
1186013, 176727092, 0, 0
1187062, 185001779, 0, 0
1188011, 169358980, 0, 0
1189026, 204841189, 0, 0
1190030, 213896691, 0, 0
1191050, 201399085, 0, 0
1192017, 196659481, 0, 0
1193000, 171739896, 0, 0
1194049, 183951518, 0, 0
1195086, 171420004, 0, 0
1196030, 182493427, 0, 0
1197043, 168709028, 0, 0
1198050, 199234215, 0, 0
1199025, 168745515, 0, 0
1200056, 185756241, 0, 0
1200163, 239087489, 0, 0
