1000, 32652, 0, 0
1999, 109361, 0, 0
2999, 134398, 0, 0
3999, 126734, 0, 0
4999, 124088, 0, 0
5999, 138198, 0, 0
6999, 130702, 0, 0
7999, 146094, 0, 0
8999, 29881, 0, 0
9999, 1553, 0, 0
10999, 1433, 0, 0
11999, 1585, 0, 0
12999, 1621, 0, 0
13999, 1709, 0, 0
14999, 1537, 0, 0
16000, 1680, 0, 0
16999, 1653, 0, 0
17999, 1653, 0, 0
18999, 1557, 0, 0
19999, 1697, 0, 0
20999, 1713, 0, 0
21999, 1525, 0, 0
22999, 1465, 0, 0
23999, 1545, 0, 0
25000, 1729, 0, 0
25999, 1673, 0, 0
27000, 1500, 0, 0
27999, 1533, 0, 0
28999, 1569, 0, 0
29999, 1589, 0, 0
30999, 1605, 0, 0
31999, 1545, 0, 0
32999, 1349, 0, 0
33999, 1437, 0, 0
34999, 1645, 0, 0
36000, 1684, 0, 0
36999, 1633, 0, 0
37999, 1569, 0, 0
38999, 1513, 0, 0
39999, 1713, 0, 0
40999, 1721, 0, 0
41999, 1653, 0, 0
42999, 1417, 0, 0
44000, 1444, 0, 0
45000, 1528, 0, 0
45999, 1621, 0, 0
46999, 1569, 0, 0
47999, 1689, 0, 0
48999, 1497, 0, 0
49999, 1721, 0, 0
50999, 1653, 0, 0
51999, 1513, 0, 0
53000, 1568, 0, 0
54000, 1484, 0, 0
54999, 1801, 0, 0
55999, 1629, 0, 0
56999, 1729, 0, 0
57999, 1801, 0, 0
58999, 1601, 0, 0
59999, 1677, 0, 0
60999, 1885, 0, 0
61999, 1781, 0, 0
63000, 1668, 0, 0
63999, 1645, 0, 0
64999, 2030, 0, 0
65999, 1601, 0, 0
66999, 1569, 0, 0
67999, 1797, 0, 0
68999, 1581, 0, 0
69999, 1557, 0, 0
70999, 1733, 0, 0
71999, 1805, 0, 0
73000, 1532, 0, 0
73999, 1677, 0, 0
74999, 1817, 0, 0
75999, 1797, 0, 0
76999, 1689, 0, 0
77999, 1621, 0, 0
78999, 2190, 0, 0
80000, 2128, 0, 0
81000, 1776, 0, 0
81999, 1605, 0, 0
82999, 1637, 0, 0
83999, 1741, 0, 0
84999, 1541, 0, 0
85999, 1981, 0, 0
86999, 1561, 0, 0
87999, 1929, 0, 0
88999, 1729, 0, 0
90000, 1952, 0, 0
90999, 1945, 0, 0
91999, 1649, 0, 0
92999, 1549, 0, 0
93999, 1789, 0, 0
94999, 2134, 0, 0
95999, 1789, 0, 0
97000, 1857, 0, 0
98000, 2076, 0, 0
98999, 1861, 0, 0
99999, 1793, 0, 0
100999, 1889, 0, 0
101999, 1761, 0, 0
102999, 1869, 0, 0
103999, 1685, 0, 0
104999, 1957, 0, 0
106000, 2092, 0, 0
106999, 1821, 0, 0
107999, 1773, 0, 0
108999, 1741, 0, 0
109999, 1693, 0, 0
110999, 2030, 0, 0
111999, 1589, 0, 0
112999, 2118, 0, 0
113999, 1873, 0, 0
115000, 1816, 0, 0
115999, 2026, 0, 0
116999, 2034, 0, 0
117999, 1773, 0, 0
118999, 2070, 0, 0
119999, 1841, 0, 0
120999, 1909, 0, 0
121999, 1963, 0, 0
122999, 1829, 0, 0
123999, 1753, 0, 0
124999, 2362, 0, 0
125999, 2050, 0, 0
126999, 2358, 0, 0
127999, 2078, 0, 0
128999, 1881, 0, 0
130000, 2044, 0, 0
130999, 2002, 0, 0
131999, 1633, 0, 0
132999, 1865, 0, 0
133999, 1969, 0, 0
134999, 2154, 0, 0
135999, 2318, 0, 0
136999, 2022, 0, 0
137999, 2014, 0, 0
138999, 1857, 0, 0
139999, 2082, 0, 0
140999, 2022, 0, 0
141999, 2174, 0, 0
142999, 1721, 0, 0
143999, 2150, 0, 0
144999, 2014, 0, 0
145999, 2014, 0, 0
146999, 2110, 0, 0
148000, 2176, 0, 0
148999, 2066, 0, 0
149999, 1909, 0, 0
150999, 1953, 0, 0
151999, 2342, 0, 0
152999, 1957, 0, 0
153999, 2126, 0, 0
154999, 2654, 0, 0
156000, 2080, 0, 0
156999, 1937, 0, 0
157999, 2194, 0, 0
158999, 2446, 0, 0
159999, 1969, 0, 0
160999, 1877, 0, 0
161999, 1869, 0, 0
162999, 2350, 0, 0
164000, 1772, 0, 0
165000, 1980, 0, 0
165999, 2246, 0, 0
166999, 2006, 0, 0
167999, 2286, 0, 0
168999, 2410, 0, 0
169999, 2302, 0, 0
170999, 2518, 0, 0
172000, 2302, 0, 0
172999, 2074, 0, 0
173999, 2102, 0, 0
174999, 2262, 0, 0
175999, 2110, 0, 0
176999, 2014, 0, 0
177999, 2062, 0, 0
178999, 2030, 0, 0
179998, 2196, 0, 0
181000, 2444, 0, 0
181999, 2354, 0, 0
182999, 2050, 0, 0
183999, 2186, 0, 0
184999, 2194, 0, 0
185999, 2102, 0, 0
186999, 2394, 0, 0
187999, 2314, 0, 0
188999, 2258, 0, 0
190000, 2376, 0, 0
190999, 2074, 0, 0
191999, 2654, 0, 0
192999, 2774, 0, 0
193999, 2258, 0, 0
194999, 2306, 0, 0
195999, 1945, 0, 0
197000, 2470, 0, 0
198000, 2376, 0, 0
198999, 2194, 0, 0
199999, 1885, 0, 0
200999, 2586, 0, 0
201999, 2194, 0, 0
202999, 2322, 0, 0
203999, 2730, 0, 0
204999, 2330, 0, 0
205999, 2042, 0, 0
207000, 2194, 0, 0
208000, 2392, 0, 0
209000, 2560, 0, 0
209999, 2314, 0, 0
210999, 2530, 0, 0
211999, 2366, 0, 0
212999, 2370, 0, 0
213999, 2518, 0, 0
214999, 2930, 0, 0
215999, 2322, 0, 0
217000, 2864, 0, 0
217999, 2270, 0, 0
218999, 2434, 0, 0
219999, 2562, 0, 0
220999, 2214, 0, 0
221999, 2094, 0, 0
222998, 2613, 0, 0
223999, 2254, 0, 0
225000, 2352, 0, 0
225999, 2542, 0, 0
226999, 2950, 0, 0
227999, 2578, 0, 0
228999, 2542, 0, 0
229999, 2334, 0, 0
230999, 2658, 0, 0
231999, 2470, 0, 0
232999, 2742, 0, 0
233999, 2398, 0, 0
234999, 2726, 0, 0
236000, 2644, 0, 0
237000, 2852, 0, 0
237999, 2838, 0, 0
238999, 2694, 0, 0
239999, 3591, 0, 0
240999, 2734, 0, 0
241999, 2522, 0, 0
242999, 2770, 0, 0
243999, 2798, 0, 0
245000, 2784, 0, 0
245999, 3055, 0, 0
246999, 2186, 0, 0
247999, 2806, 0, 0
248999, 2906, 0, 0
249999, 2694, 0, 0
250999, 2810, 0, 0
251999, 2494, 0, 0
252999, 2706, 0, 0
254000, 2880, 0, 0
254999, 2710, 0, 0
255999, 3467, 0, 0
256999, 2946, 0, 0
257999, 2930, 0, 0
258999, 2938, 0, 0
259999, 2734, 0, 0
260999, 2754, 0, 0
261999, 3283, 0, 0
262999, 2818, 0, 0
264000, 2636, 0, 0
264999, 3335, 0, 0
265999, 3107, 0, 0
266999, 2798, 0, 0
267999, 3003, 0, 0
268999, 3235, 0, 0
269999, 3047, 0, 0
270999, 2818, 0, 0
271999, 2910, 0, 0
272999, 3127, 0, 0
273999, 2690, 0, 0
274999, 3359, 0, 0
275999, 3151, 0, 0
276998, 2889, 0, 0
277999, 3775, 0, 0
278999, 3555, 0, 0
279999, 3199, 0, 0
280999, 2846, 0, 0
281999, 2978, 0, 0
282999, 3159, 0, 0
283999, 3431, 0, 0
284999, 2718, 0, 0
285999, 3363, 0, 0
287000, 3368, 0, 0
287999, 3599, 0, 0
288999, 3207, 0, 0
289999, 3495, 0, 0
290999, 3471, 0, 0
291999, 2974, 0, 0
292999, 3039, 0, 0
293999, 3299, 0, 0
294999, 3055, 0, 0
295999, 3251, 0, 0
296999, 3107, 0, 0
297999, 3147, 0, 0
298999, 3491, 0, 0
299999, 4328, 0, 0
300999, 2806, 0, 0
301999, 3551, 0, 0
303000, 3364, 0, 0
303999, 3683, 0, 0
304999, 2606, 0, 0
305999, 3067, 0, 0
306999, 2682, 0, 0
307999, 2850, 0, 0
308999, 3319, 0, 0
309999, 3223, 0, 0
310999, 3927, 0, 0
311999, 3275, 0, 0
312999, 3087, 0, 0
313999, 3439, 0, 0
314999, 2954, 0, 0
315999, 3591, 0, 0
316999, 3827, 0, 0
317999, 3931, 0, 0
318999, 3947, 0, 0
319999, 3175, 0, 0
320999, 4228, 0, 0
321999, 3615, 0, 0
322999, 4180, 0, 0
323999, 3375, 0, 0
324999, 3555, 0, 0
325999, 3739, 0, 0
326999, 3879, 0, 0
328000, 3556, 0, 0
328999, 3631, 0, 0
329999, 3491, 0, 0
330999, 3491, 0, 0
331999, 3699, 0, 0
332999, 3755, 0, 0
333999, 3991, 0, 0
334999, 3435, 0, 0
336000, 3944, 0, 0
336999, 4976, 0, 0
337999, 4172, 0, 0
338999, 3815, 0, 0
339999, 4492, 0, 0
340999, 3323, 0, 0
341999, 4196, 0, 0
343000, 4156, 0, 0
344000, 3468, 0, 0
344999, 4232, 0, 0
345999, 3795, 0, 0
346999, 3987, 0, 0
347999, 4680, 0, 0
348999, 4564, 0, 0
349999, 5201, 0, 0
351000, 3200, 0, 0
351999, 4740, 0, 0
352999, 4880, 0, 0
353999, 4880, 0, 0
354999, 4248, 0, 0
355999, 4616, 0, 0
356999, 4372, 0, 0
357999, 4504, 0, 0
358999, 4704, 0, 0
360000, 4336, 0, 0
361000, 4448, 0, 0
361999, 4500, 0, 0
362999, 4536, 0, 0
363999, 5041, 0, 0
364999, 5157, 0, 0
365999, 5545, 0, 0
366999, 4852, 0, 0
367999, 4412, 0, 0
369000, 4120, 0, 0
369999, 4836, 0, 0
370999, 6406, 0, 0
371999, 4520, 0, 0
372999, 4892, 0, 0
373999, 4740, 0, 0
374999, 5109, 0, 0
375999, 4432, 0, 0
376999, 4012, 0, 0
377999, 5157, 0, 0
378999, 5621, 0, 0
380000, 5272, 0, 0
381000, 5648, 0, 0
381999, 4580, 0, 0
382999, 4892, 0, 0
383999, 4360, 0, 0
384999, 6894, 0, 0
385999, 5141, 0, 0
386999, 6186, 0, 0
388000, 6150, 0, 0
388999, 5157, 0, 0
389999, 4828, 0, 0
390999, 5445, 0, 0
391999, 5077, 0, 0
392999, 5281, 0, 0
393999, 5917, 0, 0
394999, 6090, 0, 0
395999, 6102, 0, 0
397000, 4760, 0, 0
397999, 5081, 0, 0
398999, 5781, 0, 0
399999, 4596, 0, 0
400999, 5737, 0, 0
401999, 4548, 0, 0
402999, 4988, 0, 0
403999, 5105, 0, 0
405000, 6254, 0, 0
405999, 5297, 0, 0
406999, 6714, 0, 0
407999, 6242, 0, 0
408999, 7543, 0, 0
409999, 5869, 0, 0
410999, 6394, 0, 0
411999, 5761, 0, 0
412999, 5021, 0, 0
413999, 8384, 0, 0
414999, 7143, 0, 0
415999, 6470, 0, 0
416999, 6646, 0, 0
417999, 7571, 0, 0
418999, 6458, 0, 0
420000, 6936, 0, 0
421000, 6960, 0, 0
422000, 5924, 0, 0
422999, 5605, 0, 0
423999, 7211, 0, 0
424999, 8332, 0, 0
425999, 7259, 0, 0
426999, 7251, 0, 0
427999, 8704, 0, 0
428999, 8092, 0, 0
429999, 6830, 0, 0
430999, 7459, 0, 0
431999, 7703, 0, 0
432999, 10486, 0, 0
433999, 8792, 0, 0
435000, 8748, 0, 0
436000, 7143, 0, 0
437000, 9116, 0, 0
438000, 8888, 0, 0
439000, 11304, 0, 0
440000, 8668, 0, 0
441000, 10052, 0, 0
442000, 8500, 0, 0
443000, 10012, 0, 0
443999, 8200, 0, 0
444999, 10350, 0, 0
445999, 10310, 0, 0
446999, 9157, 0, 0
447999, 8932, 0, 0
448999, 10306, 0, 0
449999, 11867, 0, 0
450999, 13805, 0, 0
452000, 11827, 0, 0
452999, 11731, 0, 0
453999, 14050, 0, 0
455000, 13664, 0, 0
456000, 8476, 0, 0
457000, 12588, 0, 0
458000, 12136, 0, 0
459000, 10160, 0, 0
460000, 15364, 0, 0
461000, 9288, 0, 0
462000, 12136, 0, 0
462999, 9397, 0, 0
463999, 13353, 0, 0
464999, 16504, 0, 0
465999, 15451, 0, 0
466998, 14881, 0, 0
467998, 11098, 0, 0
468998, 16480, 0, 0
469998, 21611, 0, 0
470997, 17873, 0, 0
471997, 14050, 0, 0
472997, 23338, 0, 0
473996, 21654, 0, 0
474997, 19105, 0, 0
475997, 14692, 0, 0
476997, 29357, 0, 0
477996, 31321, 0, 0
478996, 36626, 0, 0
479996, 19819, 0, 0
480996, 36012, 0, 0
481995, 38818, 0, 0
482995, 60687, 0, 0
483995, 84582, 0, 0
484994, 135951, 0, 0
485994, 150482, 0, 0
486994, 126591, 0, 0
487993, 125019, 0, 0
488994, 135258, 0, 0
489994, 143480, 0, 0
490993, 127963, 0, 0
491993, 124902, 0, 0
492992, 122092, 0, 0
493992, 137741, 0, 0
494992, 125745, 0, 0
495991, 121190, 0, 0
496991, 118651, 0, 0
497992, 132213, 0, 0
498991, 154546, 0, 0
499991, 144298, 0, 0
500991, 136516, 0, 0
502000, 135535, 0, 0
503000, 139756, 0, 0
504000, 140660, 0, 0
504999, 130370, 0, 0
505999, 136948, 0, 0
506999, 139507, 0, 0
507999, 148420, 0, 0
508999, 101505, 0, 0
509999, 117341, 0, 0
510998, 128432, 0, 0
512000, 139400, 0, 0
512999, 137945, 0, 0
513999, 139299, 0, 0
514999, 134602, 0, 0
515999, 138518, 0, 0
516999, 156724, 0, 0
517999, 152444, 0, 0
518999, 152620, 0, 0
519999, 132796, 0, 0
521000, 137600, 0, 0
521999, 128680, 0, 0
522999, 149389, 0, 0
523999, 151571, 0, 0
524999, 145213, 0, 0
525999, 152304, 0, 0
526999, 126674, 0, 0
527998, 118857, 0, 0
528999, 102962, 0, 0
529999, 102966, 0, 0
530999, 103119, 0, 0
531999, 103427, 0, 0
532999, 119179, 0, 0
533999, 107595, 0, 0
534999, 101741, 0, 0
535999, 141265, 0, 0
536999, 129141, 0, 0
537999, 130678, 0, 0
538999, 128168, 0, 0
539999, 114298, 0, 0
540999, 112520, 0, 0
541999, 135367, 0, 0
542999, 113973, 0, 0
543999, 109357, 0, 0
544999, 113917, 0, 0
546000, 112376, 0, 0
546999, 131395, 0, 0
547999, 126782, 0, 0
548999, 116272, 0, 0
549999, 118442, 0, 0
550999, 114050, 0, 0
551999, 134210, 0, 0
552999, 116956, 0, 0
554000, 119755, 0, 0
554999, 136896, 0, 0
555999, 137093, 0, 0
556999, 120092, 0, 0
557999, 119587, 0, 0
558999, 121685, 0, 0
559999, 123951, 0, 0
560999, 139483, 0, 0
561999, 123343, 0, 0
562999, 127223, 0, 0
564000, 124200, 0, 0
564999, 114598, 0, 0
565999, 135331, 0, 0
566999, 124400, 0, 0
567999, 133089, 0, 0
568999, 119975, 0, 0
569999, 115991, 0, 0
570999, 128376, 0, 0
571999, 139243, 0, 0
572999, 120824, 0, 0
574000, 120404, 0, 0
574999, 142970, 0, 0
575999, 130870, 0, 0
576999, 136092, 0, 0
577999, 136896, 0, 0
578999, 128472, 0, 0
579999, 143615, 0, 0
580999, 125493, 0, 0
581999, 150106, 0, 0
582999, 143306, 0, 0
584000, 125141, 0, 0
585000, 116896, 0, 0
585999, 128864, 0, 0
586999, 129197, 0, 0
587999, 125161, 0, 0
588999, 128900, 0, 0
589999, 143347, 0, 0
590999, 125845, 0, 0
591999, 113221, 0, 0
593000, 112024, 0, 0
593999, 114738, 0, 0
594999, 124340, 0, 0
595999, 117769, 0, 0
596999, 125313, 0, 0
597999, 112308, 0, 0
598999, 131147, 0, 0
599999, 110614, 0, 0
600999, 125513, 0, 0
601999, 134398, 0, 0
602999, 123903, 0, 0
603999, 128560, 0, 0
604999, 132424, 0, 0
605999, 138862, 0, 0
606999, 118094, 0, 0
607999, 133133, 0, 0
608999, 138410, 0, 0
609999, 122582, 0, 0
610999, 116044, 0, 0
611999, 110298, 0, 0
612999, 112412, 0, 0
613999, 136440, 0, 0
615000, 138512, 0, 0
615999, 132540, 0, 0
616999, 123463, 0, 0
617999, 132524, 0, 0
618999, 133925, 0, 0
619999, 127871, 0, 0
620999, 130970, 0, 0
621999, 133853, 0, 0
622999, 124376, 0, 0
623999, 140048, 0, 0
624999, 123023, 0, 0
625999, 120840, 0, 0
626999, 121325, 0, 0
627999, 119179, 0, 0
628999, 116004, 0, 0
629999, 134562, 0, 0
630999, 146018, 0, 0
631999, 134690, 0, 0
632999, 139967, 0, 0
633999, 127415, 0, 0
634999, 138506, 0, 0
635999, 143655, 0, 0
636999, 124328, 0, 0
637999, 155491, 0, 0
638999, 136436, 0, 0
639999, 131051, 0, 0
640999, 126898, 0, 0
641999, 133845, 0, 0
642999, 130534, 0, 0
643999, 126454, 0, 0
644999, 135631, 0, 0
645999, 120532, 0, 0
646999, 125257, 0, 0
647999, 143115, 0, 0
648999, 145769, 0, 0
649999, 143607, 0, 0
650999, 121561, 0, 0
651999, 157261, 0, 0
652999, 124252, 0, 0
653999, 126250, 0, 0
654999, 139783, 0, 0
655999, 128820, 0, 0
656999, 118006, 0, 0
657999, 134234, 0, 0
658999, 139123, 0, 0
659999, 135339, 0, 0
660999, 142550, 0, 0
661999, 153293, 0, 0
662999, 128960, 0, 0
663999, 122806, 0, 0
664999, 128312, 0, 0
665999, 135443, 0, 0
666999, 140696, 0, 0
667999, 139483, 0, 0
668999, 127335, 0, 0
669999, 135427, 0, 0
671000, 151068, 0, 0
671999, 151079, 0, 0
672999, 132100, 0, 0
673999, 139823, 0, 0
674999, 121073, 0, 0
675999, 119267, 0, 0
676999, 146766, 0, 0
677999, 136172, 0, 0
678999, 135339, 0, 0
679999, 136820, 0, 0
680999, 133885, 0, 0
681999, 125789, 0, 0
682999, 120964, 0, 0
683999, 120920, 0, 0
684999, 120312, 0, 0
685999, 124924, 0, 0
686999, 116088, 0, 0
687999, 120160, 0, 0
688999, 108472, 0, 0
689999, 107599, 0, 0
690999, 110146, 0, 0
691999, 107511, 0, 0
692999, 120780, 0, 0
693999, 133993, 0, 0
694999, 125377, 0, 0
695999, 128396, 0, 0
696999, 119675, 0, 0
697999, 125045, 0, 0
698999, 122282, 0, 0
699999, 130358, 0, 0
700999, 127543, 0, 0
701999, 122494, 0, 0
703000, 126044, 0, 0
703999, 138282, 0, 0
704999, 149321, 0, 0
705999, 124300, 0, 0
706999, 127543, 0, 0
707999, 138470, 0, 0
708999, 128008, 0, 0
709999, 119643, 0, 0
710999, 122606, 0, 0
711999, 121449, 0, 0
712999, 132156, 0, 0
713999, 110686, 0, 0
714999, 126886, 0, 0
715999, 132744, 0, 0
716999, 128328, 0, 0
717999, 107555, 0, 0
718999, 117049, 0, 0
719999, 117065, 0, 0
720999, 127639, 0, 0
721999, 124952, 0, 0
722999, 114870, 0, 0
723999, 137585, 0, 0
724999, 112420, 0, 0
725999, 113213, 0, 0
726999, 112328, 0, 0
727999, 114698, 0, 0
728999, 110622, 0, 0
729999, 114042, 0, 0
730999, 111395, 0, 0
732000, 108108, 0, 0
732999, 112392, 0, 0
733999, 105309, 0, 0
734999, 108532, 0, 0
735999, 113581, 0, 0
736999, 115531, 0, 0
737999, 121177, 0, 0
738999, 113185, 0, 0
739999, 115442, 0, 0
741000, 107644, 0, 0
741999, 132656, 0, 0
743000, 117824, 0, 0
743999, 112520, 0, 0
744999, 124820, 0, 0
745999, 121493, 0, 0
746999, 125081, 0, 0
747999, 130334, 0, 0
748999, 120612, 0, 0
749999, 118814, 0, 0
750999, 107767, 0, 0
751999, 128140, 0, 0
752999, 123927, 0, 0
753999, 116996, 0, 0
754999, 123031, 0, 0
756000, 116984, 0, 0
756999, 117585, 0, 0
757999, 118402, 0, 0
758999, 113713, 0, 0
759999, 124452, 0, 0
760999, 111007, 0, 0
761999, 115539, 0, 0
762999, 112412, 0, 0
763999, 113297, 0, 0
765000, 113952, 0, 0
765999, 113093, 0, 0
766999, 119451, 0, 0
767999, 116584, 0, 0
768999, 129477, 0, 0
769999, 138350, 0, 0
770999, 119043, 0, 0
771999, 126698, 0, 0
772999, 120892, 0, 0
773999, 119507, 0, 0
774999, 122538, 0, 0
775999, 119907, 0, 0
776999, 134882, 0, 0
777999, 120736, 0, 0
778999, 121277, 0, 0
779999, 125957, 0, 0
780999, 116912, 0, 0
781999, 124764, 0, 0
782999, 113221, 0, 0
783999, 116800, 0, 0
784999, 121997, 0, 0
785999, 130262, 0, 0
786999, 119371, 0, 0
788000, 138794, 0, 0
788999, 139231, 0, 0
789999, 136224, 0, 0
790999, 126930, 0, 0
791999, 118482, 0, 0
792999, 114022, 0, 0
793999, 130826, 0, 0
794999, 129377, 0, 0
795999, 117141, 0, 0
796999, 114850, 0, 0
797999, 116124, 0, 0
798999, 115699, 0, 0
799999, 127351, 0, 0
800999, 113701, 0, 0
802000, 127387, 0, 0
802999, 114658, 0, 0
804000, 119868, 0, 0
804999, 123851, 0, 0
805999, 121521, 0, 0
806999, 120640, 0, 0
807999, 135099, 0, 0
808999, 121877, 0, 0
809999, 117973, 0, 0
810999, 125325, 0, 0
811999, 124388, 0, 0
812999, 136232, 0, 0
813999, 126518, 0, 0
814999, 124708, 0, 0
815999, 125985, 0, 0
816999, 120884, 0, 0
818000, 132980, 0, 0
818999, 115219, 0, 0
819999, 117921, 0, 0
820999, 134014, 0, 0
821999, 117941, 0, 0
822999, 130262, 0, 0
823999, 129377, 0, 0
824999, 115159, 0, 0
825999, 112056, 0, 0
826999, 113329, 0, 0
827999, 118198, 0, 0
828998, 115543, 0, 0
829999, 124480, 0, 0
830999, 113105, 0, 0
831999, 115787, 0, 0
832999, 120164, 0, 0
833999, 119023, 0, 0
834999, 128424, 0, 0
835999, 109869, 0, 0
836999, 115871, 0, 0
837999, 125073, 0, 0
838999, 116116, 0, 0
839999, 114694, 0, 0
840999, 110362, 0, 0
842000, 114184, 0, 0
842999, 121145, 0, 0
843999, 129185, 0, 0
844999, 116336, 0, 0
845999, 129089, 0, 0
846999, 119531, 0, 0
847999, 132172, 0, 0
848999, 140760, 0, 0
849999, 132824, 0, 0
850999, 137161, 0, 0
851999, 132020, 0, 0
852999, 126358, 0, 0
853999, 120572, 0, 0
854999, 121269, 0, 0
855999, 121665, 0, 0
856999, 125877, 0, 0
857999, 124828, 0, 0
858999, 127531, 0, 0
859999, 126094, 0, 0
860999, 122858, 0, 0
861999, 110338, 0, 0
862999, 111135, 0, 0
863999, 107743, 0, 0
864999, 113869, 0, 0
865999, 109225, 0, 0
866999, 111631, 0, 0
867999, 107703, 0, 0
868999, 120352, 0, 0
869999, 111263, 0, 0
870999, 116152, 0, 0
871999, 122334, 0, 0
872999, 116332, 0, 0
873999, 112196, 0, 0
874999, 128024, 0, 0
876000, 114054, 0, 0
876999, 143239, 0, 0
877999, 127223, 0, 0
878999, 129441, 0, 0
879999, 125005, 0, 0
880999, 116028, 0, 0
881999, 117901, 0, 0
882999, 109873, 0, 0
883999, 113053, 0, 0
884999, 120800, 0, 0
885999, 111891, 0, 0
886999, 114170, 0, 0
887999, 109717, 0, 0
888999, 116500, 0, 0
889999, 127015, 0, 0
890999, 135727, 0, 0
891999, 116564, 0, 0
892999, 125485, 0, 0
893999, 132600, 0, 0
894999, 119847, 0, 0
895999, 117489, 0, 0
896999, 122038, 0, 0
897999, 124852, 0, 0
898999, 127463, 0, 0
899999, 132184, 0, 0
900999, 129149, 0, 0
901999, 127315, 0, 0
902999, 127043, 0, 0
903999, 109033, 0, 0
904999, 121793, 0, 0
905999, 123023, 0, 0
906999, 121145, 0, 0
907999, 117937, 0, 0
908999, 133201, 0, 0
909999, 134254, 0, 0
910999, 110266, 0, 0
911999, 124360, 0, 0
912999, 147551, 0, 0
913999, 137297, 0, 0
914999, 134650, 0, 0
915999, 137649, 0, 0
916999, 139319, 0, 0
917999, 120292, 0, 0
918999, 138726, 0, 0
919999, 142362, 0, 0
920999, 144372, 0, 0
921999, 138802, 0, 0
922999, 128344, 0, 0
923999, 119931, 0, 0
925000, 120460, 0, 0
925999, 133621, 0, 0
926999, 126286, 0, 0
927999, 115891, 0, 0
928999, 115439, 0, 0
929999, 114970, 0, 0
930999, 133441, 0, 0
931999, 127851, 0, 0
932999, 127271, 0, 0
933999, 128392, 0, 0
934999, 131267, 0, 0
935999, 113997, 0, 0
936999, 121393, 0, 0
937999, 137641, 0, 0
938999, 124476, 0, 0
939999, 134186, 0, 0
940999, 119075, 0, 0
941999, 124724, 0, 0
942999, 138578, 0, 0
943999, 125689, 0, 0
944999, 139087, 0, 0
945999, 118498, 0, 0
946999, 116944, 0, 0
947999, 116980, 0, 0
948999, 117237, 0, 0
949999, 117721, 0, 0
950999, 127447, 0, 0
951999, 111899, 0, 0
952999, 114962, 0, 0
953999, 121525, 0, 0
954999, 115311, 0, 0
955999, 124596, 0, 0
956999, 116708, 0, 0
957999, 123639, 0, 0
958999, 123239, 0, 0
959999, 120900, 0, 0
960999, 121693, 0, 0
961999, 127215, 0, 0
962999, 137282, 0, 0
963999, 121321, 0, 0
964999, 117593, 0, 0
965999, 132348, 0, 0
966999, 128988, 0, 0
967999, 132156, 0, 0
968999, 125513, 0, 0
969999, 128880, 0, 0
970999, 120296, 0, 0
971999, 126006, 0, 0
972999, 126642, 0, 0
973999, 121229, 0, 0
975000, 123876, 0, 0
975999, 116864, 0, 0
976999, 123487, 0, 0
977999, 116400, 0, 0
978999, 119843, 0, 0
979999, 115267, 0, 0
980999, 111755, 0, 0
981999, 118834, 0, 0
982999, 117961, 0, 0
983999, 115663, 0, 0
984999, 111543, 0, 0
985999, 110194, 0, 0
986999, 110730, 0, 0
987999, 111751, 0, 0
988999, 123299, 0, 0
989999, 114838, 0, 0
990999, 121921, 0, 0
991999, 116740, 0, 0
992999, 116616, 0, 0
993999, 115459, 0, 0
994999, 119095, 0, 0
995999, 112324, 0, 0
996999, 107827, 0, 0
997999, 115951, 0, 0
998999, 110946, 0, 0
999999, 112416, 0, 0
1000998, 114549, 0, 0
1001999, 114310, 0, 0
1002999, 120028, 0, 0
1003999, 116752, 0, 0
1004999, 119246, 0, 0
1005999, 123299, 0, 0
1007000, 115024, 0, 0
1008000, 118136, 0, 0
1008999, 111215, 0, 0
1009999, 111119, 0, 0
1010999, 115847, 0, 0
1011999, 115119, 0, 0
1012999, 115607, 0, 0
1013999, 117493, 0, 0
1014999, 118458, 0, 0
1015999, 119463, 0, 0
1016999, 123619, 0, 0
1017999, 109157, 0, 0
1018999, 122030, 0, 0
1019999, 122770, 0, 0
1020999, 115971, 0, 0
1021999, 114318, 0, 0
1022999, 134106, 0, 0
1023999, 129681, 0, 0
1025000, 120716, 0, 0
1025998, 108697, 0, 0
1026998, 121370, 0, 0
1027999, 123567, 0, 0
1029000, 120736, 0, 0
1029999, 117193, 0, 0
1030999, 137461, 0, 0
1031999, 137365, 0, 0
1032999, 142878, 0, 0
1033999, 134414, 0, 0
1034999, 133321, 0, 0
1035999, 125477, 0, 0
1036999, 114198, 0, 0
1037999, 111683, 0, 0
1038999, 114278, 0, 0
1039999, 112964, 0, 0
1040999, 123899, 0, 0
1041999, 123083, 0, 0
1042999, 130718, 0, 0
1043999, 134206, 0, 0
1044999, 128432, 0, 0
1045999, 114814, 0, 0
1046999, 141561, 0, 0
1047999, 122838, 0, 0
1048999, 113505, 0, 0
1049999, 117141, 0, 0
1050999, 110954, 0, 0
1052000, 117989, 0, 0
1052999, 112416, 0, 0
1053999, 121841, 0, 0
1054999, 123107, 0, 0
1055999, 115683, 0, 0
1056999, 131975, 0, 0
1057999, 116692, 0, 0
1058999, 118370, 0, 0
1059999, 125221, 0, 0
1060999, 112088, 0, 0
1061999, 127755, 0, 0
1062999, 109365, 0, 0
1063999, 115995, 0, 0
1064999, 125245, 0, 0
1065999, 123083, 0, 0
1066999, 117021, 0, 0
1067999, 126994, 0, 0
1068999, 125553, 0, 0
1069999, 115667, 0, 0
1070999, 125157, 0, 0
1071999, 114386, 0, 0
1072999, 129397, 0, 0
1073999, 121841, 0, 0
1075000, 125105, 0, 0
1075999, 130490, 0, 0
1076999, 116904, 0, 0
1077999, 120824, 0, 0
1078999, 122922, 0, 0
1079999, 121717, 0, 0
1080999, 114870, 0, 0
1081999, 119831, 0, 0
1082999, 110274, 0, 0
1083999, 116660, 0, 0
1084999, 118878, 0, 0
1085999, 115071, 0, 0
1086999, 126758, 0, 0
1087999, 114166, 0, 0
1088999, 119123, 0, 0
1090000, 120112, 0, 0
1090999, 115743, 0, 0
1091999, 122546, 0, 0
1092999, 116864, 0, 0
1093999, 111751, 0, 0
1094999, 118642, 0, 0
1095999, 123067, 0, 0
1096999, 120660, 0, 0
1097999, 114230, 0, 0
1098999, 114590, 0, 0
1099999, 113621, 0, 0
1100999, 110874, 0, 0
1101999, 119091, 0, 0
1103000, 114122, 0, 0
1103999, 116488, 0, 0
1104999, 120180, 0, 0
1105999, 115683, 0, 0
1106999, 116028, 0, 0
1107999, 117821, 0, 0
1108999, 121065, 0, 0
1109999, 118846, 0, 0
1110999, 115671, 0, 0
1111999, 119535, 0, 0
1112999, 118698, 0, 0
1114000, 113449, 0, 0
1114999, 119699, 0, 0
1115999, 123007, 0, 0
1116999, 124368, 0, 0
1117999, 125005, 0, 0
1118999, 119643, 0, 0
1119999, 113461, 0, 0
1120999, 121117, 0, 0
1121999, 107823, 0, 0
1122999, 113753, 0, 0
1123999, 116977, 0, 0
1124999, 113757, 0, 0
1125999, 114678, 0, 0
1126999, 119003, 0, 0
1127999, 128352, 0, 0
1128999, 116544, 0, 0
1129999, 114102, 0, 0
1130999, 113721, 0, 0
1131999, 111459, 0, 0
1132999, 118262, 0, 0
1133999, 113969, 0, 0
1134999, 117169, 0, 0
1135999, 115947, 0, 0
1136999, 105973, 0, 0
1137999, 120316, 0, 0
1138999, 112520, 0, 0
1139999, 125021, 0, 0
1140999, 127863, 0, 0
1141999, 125913, 0, 0
1142999, 125809, 0, 0
1143999, 124812, 0, 0
1144999, 126998, 0, 0
1145999, 139275, 0, 0
1146999, 117489, 0, 0
1147999, 113973, 0, 0
1148999, 113973, 0, 0
1150000, 112544, 0, 0
1150999, 120468, 0, 0
1151999, 124984, 0, 0
1152999, 118402, 0, 0
1153999, 111051, 0, 0
1154999, 109141, 0, 0
1155999, 107555, 0, 0
1156999, 114682, 0, 0
1157999, 112868, 0, 0
1158999, 109045, 0, 0
1159999, 113397, 0, 0
1160999, 112924, 0, 0
1161999, 127215, 0, 0
1162999, 130358, 0, 0
1163999, 125441, 0, 0
1164999, 119823, 0, 0
1165999, 136056, 0, 0
1166999, 116912, 0, 0
1167999, 130930, 0, 0
1168999, 131727, 0, 0
1169999, 126214, 0, 0
1170999, 142494, 0, 0
1171999, 142734, 0, 0
1172999, 115819, 0, 0
1173999, 128968, 0, 0
1174999, 129097, 0, 0
1175999, 119779, 0, 0
1176999, 117789, 0, 0
1177999, 128484, 0, 0
1178999, 128704, 0, 0
1179999, 142246, 0, 0
1180999, 118006, 0, 0
1181999, 117497, 0, 0
1182999, 117045, 0, 0
1183999, 116840, 0, 0
1184999, 121777, 0, 0
1185999, 109957, 0, 0
1186999, 112684, 0, 0
1187999, 108888, 0, 0
1188999, 112880, 0, 0
1189999, 109641, 0, 0
1190999, 117645, 0, 0
1191999, 112036, 0, 0
1192999, 122870, 0, 0
1193999, 125053, 0, 0
1194999, 114070, 0, 0
1195999, 117869, 0, 0
1196999, 127287, 0, 0
1197999, 116172, 0, 0
1198999, 111615, 0, 0
1199999, 120464, 0, 0
1200999, 126530, 0, 0
1201999, 120064, 0, 0
1202999, 130162, 0, 0
1203999, 116392, 0, 0
1204999, 113629, 0, 0
1205999, 113781, 0, 0
1206999, 123219, 0, 0
1207999, 127003, 0, 0
1208999, 121425, 0, 0
1209999, 123031, 0, 0
1210999, 126994, 0, 0
1211999, 117478, 0, 0
1212999, 121921, 0, 0
1213999, 117273, 0, 0
1214999, 118658, 0, 0
1215999, 116592, 0, 0
1216999, 115495, 0, 0
1217999, 116404, 0, 0
1218999, 113393, 0, 0
1219999, 124504, 0, 0
1220999, 127239, 0, 0
1221999, 123827, 0, 0
1222999, 115567, 0, 0
1223999, 127599, 0, 0
1224999, 110622, 0, 0
1225999, 113825, 0, 0
1226999, 118518, 0, 0
1227999, 121137, 0, 0
1228999, 122726, 0, 0
1229999, 112988, 0, 0
1230999, 119775, 0, 0
1231999, 119299, 0, 0
1232999, 136672, 0, 0
1233999, 122170, 0, 0
1234999, 126474, 0, 0
1235999, 111399, 0, 0
1236999, 121089, 0, 0
1237999, 111911, 0, 0
1238999, 120956, 0, 0
1239999, 139143, 0, 0
1240999, 146914, 0, 0
1241999, 118062, 0, 0
1242999, 128272, 0, 0
1243999, 115407, 0, 0
1244999, 114910, 0, 0
1245999, 109785, 0, 0
1246999, 110646, 0, 0
1247999, 109725, 0, 0
1248999, 111831, 0, 0
1249999, 113865, 0, 0
1250999, 117317, 0, 0
1251999, 121193, 0, 0
1252999, 119479, 0, 0
1253999, 116660, 0, 0
1254999, 127235, 0, 0
1255999, 115223, 0, 0
1256999, 128072, 0, 0
1257999, 121173, 0, 0
1258999, 113489, 0, 0
1259999, 115215, 0, 0
1260999, 114518, 0, 0
1261999, 113485, 0, 0
1262999, 113297, 0, 0
1263999, 114774, 0, 0
1264999, 111887, 0, 0
1265999, 114870, 0, 0
1266999, 114378, 0, 0
1267999, 119379, 0, 0
1268999, 125869, 0, 0
1269999, 134426, 0, 0
1270999, 123367, 0, 0
1271999, 121529, 0, 0
1272999, 123347, 0, 0
1273999, 119967, 0, 0
1274999, 122440, 0, 0
1275999, 141631, 0, 0
1276999, 138278, 0, 0
1277999, 125521, 0, 0
1278999, 131731, 0, 0
1279999, 121145, 0, 0
1280999, 122874, 0, 0
1281999, 131175, 0, 0
1282999, 122598, 0, 0
1283999, 142274, 0, 0
1284999, 146238, 0, 0
1285999, 132432, 0, 0
1286999, 121129, 0, 0
1287999, 117485, 0, 0
1288999, 122338, 0, 0
1289999, 126174, 0, 0
1290999, 128544, 0, 0
1291999, 148916, 0, 0
1292999, 128620, 0, 0
1293999, 139359, 0, 0
1294999, 120396, 0, 0
1295999, 129273, 0, 0
1296999, 129525, 0, 0
1297999, 116504, 0, 0
1298999, 116860, 0, 0
1299999, 127367, 0, 0
1300999, 137597, 0, 0
1301999, 134022, 0, 0
1302999, 124692, 0, 0
1303999, 128284, 0, 0
1304999, 132148, 0, 0
1305999, 124448, 0, 0
1306999, 140656, 0, 0
1307999, 133629, 0, 0
1308999, 121377, 0, 0
1309999, 129601, 0, 0
1310999, 129337, 0, 0
1311999, 116144, 0, 0
1312999, 128736, 0, 0
1313999, 113177, 0, 0
1314999, 117313, 0, 0
1315999, 115011, 0, 0
1316999, 120448, 0, 0
1317999, 109341, 0, 0
1318999, 129969, 0, 0
1319999, 122878, 0, 0
1320999, 125373, 0, 0
1321999, 117829, 0, 0
1322999, 113909, 0, 0
1323999, 100808, 0, 0
1324999, 106006, 0, 0
1325999, 106282, 0, 0
1326999, 101217, 0, 0
1327999, 125549, 0, 0
1328999, 133317, 0, 0
1329999, 104716, 0, 0
1330999, 111779, 0, 0
1331999, 120288, 0, 0
1332999, 113757, 0, 0
1333999, 125121, 0, 0
1334999, 145037, 0, 0
1335999, 123995, 0, 0
1336999, 133709, 0, 0
1337999, 139339, 0, 0
1338999, 126158, 0, 0
1339999, 137413, 0, 0
1340999, 127911, 0, 0
1341999, 118770, 0, 0
1342999, 108896, 0, 0
1343999, 132288, 0, 0
1344999, 126410, 0, 0
1345999, 131427, 0, 0
1346999, 126758, 0, 0
1347999, 122906, 0, 0
1348999, 119479, 0, 0
1349999, 127627, 0, 0
1350999, 110713, 0, 0
1351999, 118846, 0, 0
1352999, 106294, 0, 0
1353999, 110266, 0, 0
1354999, 113121, 0, 0
1355999, 98558, 0, 0
1356999, 153637, 0, 0
1357999, 146986, 0, 0
1358999, 139127, 0, 0
1359999, 156176, 0, 0
1360999, 143691, 0, 0
1361999, 155827, 0, 0
1362999, 140196, 0, 0
1363999, 152172, 0, 0
1364999, 152208, 0, 0
1365999, 149681, 0, 0
1366999, 156704, 0, 0
1367999, 141121, 0, 0
1368999, 159319, 0, 0
1369999, 144364, 0, 0
1370999, 137129, 0, 0
1371999, 140156, 0, 0
1372999, 135795, 0, 0
1373999, 152992, 0, 0
1375000, 137580, 0, 0
1375999, 161325, 0, 0
1376999, 153245, 0, 0
1377999, 140856, 0, 0
1378999, 146806, 0, 0
1379999, 156276, 0, 0
1380999, 159791, 0, 0
1381999, 144824, 0, 0
1382999, 159587, 0, 0
1383999, 152292, 0, 0
1384999, 164968, 0, 0
1385999, 146042, 0, 0
1386999, 161281, 0, 0
1387999, 156692, 0, 0
1388999, 159987, 0, 0
1389999, 162730, 0, 0
1390999, 142890, 0, 0
1391999, 152440, 0, 0
1392999, 148220, 0, 0
1393999, 160964, 0, 0
1394999, 153925, 0, 0
1395999, 151263, 0, 0
1396999, 168944, 0, 0
1397999, 151147, 0, 0
1398999, 152220, 0, 0
1399999, 167963, 0, 0
1400999, 158990, 0, 0
1401999, 159959, 0, 0
1402999, 151039, 0, 0
1403999, 143191, 0, 0
1404999, 145821, 0, 0
1405999, 154774, 0, 0
1406999, 154526, 0, 0
1408000, 156060, 0, 0
1409000, 170666, 0, 0
1410000, 172732, 0, 0
1410999, 151939, 0, 0
1412000, 148800, 0, 0
1413000, 139695, 0, 0
1413999, 154042, 0, 0
1414999, 146154, 0, 0
1415999, 152920, 0, 0
1416999, 147779, 0, 0
1417999, 150890, 0, 0
1418999, 143407, 0, 0
1419999, 139311, 0, 0
1420999, 150170, 0, 0
1421999, 164176, 0, 0
1422999, 144344, 0, 0
1423999, 144444, 0, 0
1424999, 140952, 0, 0
1425999, 151111, 0, 0
1426999, 164028, 0, 0
1427999, 156280, 0, 0
1428999, 149301, 0, 0
1429999, 139031, 0, 0
1430999, 139475, 0, 0
1431999, 146402, 0, 0
1432999, 144816, 0, 0
1433999, 159615, 0, 0
1434999, 141409, 0, 0
1436000, 161160, 0, 0
1436999, 148324, 0, 0
1437999, 145189, 0, 0
1438999, 158134, 0, 0
1439999, 153725, 0, 0
1440999, 149605, 0, 0
1441999, 140640, 0, 0
1442999, 144536, 0, 0
1443999, 145941, 0, 0
1444999, 161925, 0, 0
1445999, 150174, 0, 0
1446999, 151847, 0, 0
1447999, 142686, 0, 0
1448999, 160632, 0, 0
1449999, 161869, 0, 0
1450999, 154606, 0, 0
1451999, 161425, 0, 0
1452999, 167447, 0, 0
1453999, 167503, 0, 0
1454999, 167631, 0, 0
1455999, 147011, 0, 0
1456999, 157537, 0, 0
1457999, 156044, 0, 0
1458999, 155787, 0, 0
1459999, 153369, 0, 0
1460999, 140020, 0, 0
1461999, 145245, 0, 0
1462999, 149961, 0, 0
1463999, 140152, 0, 0
1464999, 140944, 0, 0
1465999, 142454, 0, 0
1466999, 147547, 0, 0
1468000, 145245, 0, 0
1469000, 146268, 0, 0
1470000, 153012, 0, 0
1470999, 150382, 0, 0
1471999, 153485, 0, 0
1472999, 150410, 0, 0
1473999, 144348, 0, 0
1474999, 154386, 0, 0
1475999, 141921, 0, 0
1476999, 147215, 0, 0
1477999, 141809, 0, 0
1478999, 151315, 0, 0
1479999, 147507, 0, 0
1480999, 155843, 0, 0
1481999, 143727, 0, 0
1482999, 140552, 0, 0
1484000, 157909, 0, 0
1484999, 156736, 0, 0
1485999, 162258, 0, 0
1486999, 162342, 0, 0
1487999, 163975, 0, 0
1488999, 158182, 0, 0
1489999, 156500, 0, 0
1490999, 152468, 0, 0
1491999, 164648, 0, 0
1492999, 154994, 0, 0
1493999, 167127, 0, 0
1494999, 172800, 0, 0
1495999, 157953, 0, 0
1496999, 169289, 0, 0
1497999, 171647, 0, 0
1498999, 140212, 0, 0
1499999, 171791, 0, 0
1500999, 167159, 0, 0
1501999, 163367, 0, 0
1502999, 166206, 0, 0
1503999, 173757, 0, 0
1504999, 163391, 0, 0
1505999, 158122, 0, 0
1507000, 153425, 0, 0
1507999, 160388, 0, 0
1508999, 176672, 0, 0
1509999, 177725, 0, 0
1510999, 159623, 0, 0
1511999, 157981, 0, 0
1512999, 156508, 0, 0
1513999, 150262, 0, 0
1514999, 150994, 0, 0
1516000, 164848, 0, 0
1517000, 156392, 0, 0
1518000, 152300, 0, 0
1519000, 143752, 0, 0
1519999, 150630, 0, 0
1520999, 159335, 0, 0
1522000, 138928, 0, 0
1523000, 147752, 0, 0
1524000, 146996, 0, 0
1525000, 168500, 0, 0
1525999, 158830, 0, 0
1527000, 142212, 0, 0
1528000, 160128, 0, 0
1529000, 144768, 0, 0
1530000, 135428, 0, 0
1531000, 153284, 0, 0
1532000, 144944, 0, 0
1533000, 141932, 0, 0
1534000, 155572, 0, 0
1535000, 147128, 0, 0
1536000, 149240, 0, 0
1537000, 144772, 0, 0
1538000, 173328, 0, 0
1539000, 160104, 0, 0
1540000, 168280, 0, 0
1541000, 161448, 0, 0
1542000, 150296, 0, 0
1543000, 161356, 0, 0
1543999, 162754, 0, 0
1544999, 156360, 0, 0
1545999, 155151, 0, 0
1546999, 149413, 0, 0
1547999, 146250, 0, 0
1548999, 146810, 0, 0
1549999, 136964, 0, 0
1550999, 150154, 0, 0
1551999, 146734, 0, 0
1553000, 129693, 0, 0
1553999, 127179, 0, 0
1554999, 132688, 0, 0
1555999, 133357, 0, 0
1556999, 134034, 0, 0
1557999, 133069, 0, 0
1558999, 137901, 0, 0
1559999, 135275, 0, 0
1560999, 129329, 0, 0
1561998, 131639, 0, 0
1562999, 131503, 0, 0
1563998, 137318, 0, 0
1564998, 131551, 0, 0
1565998, 137434, 0, 0
1566997, 135883, 0, 0
1567997, 134888, 0, 0
1568997, 134884, 0, 0
1569997, 131346, 0, 0
1570996, 138200, 0, 0
1571996, 138016, 0, 0
1572996, 138586, 0, 0
1573996, 133767, 0, 0
1574996, 140024, 0, 0
1575995, 135139, 0, 0
1576995, 134235, 0, 0
1577995, 133973, 0, 0
1578995, 135995, 0, 0
1579995, 137065, 0, 0
1580994, 141533, 0, 0
1581994, 137034, 0, 0
1582994, 144494, 0, 0
1583993, 141796, 0, 0
1584993, 137929, 0, 0
1585993, 152592, 0, 0
1586994, 148668, 0, 0
1587993, 140688, 0, 0
1588993, 143967, 0, 0
1589993, 155105, 0, 0
1590992, 141326, 0, 0
1591992, 148548, 0, 0
1592992, 151528, 0, 0
1593991, 155923, 0, 0
1594991, 151208, 0, 0
1595991, 159471, 0, 0
1597000, 148712, 0, 0
1597991, 144314, 0, 0
1598991, 148617, 0, 0
1599999, 143207, 0, 0
1600999, 145017, 0, 0
1601999, 146562, 0, 0
1602999, 153229, 0, 0
1603999, 150074, 0, 0
1604999, 145153, 0, 0
1606000, 138730, 0, 0
1607000, 138488, 0, 0
1608000, 137880, 0, 0
1608999, 138326, 0, 0
1610000, 139120, 0, 0
1611000, 144156, 0, 0
1611999, 145325, 0, 0
1612999, 152780, 0, 0
1613999, 148276, 0, 0
1614999, 137745, 0, 0
1615999, 143007, 0, 0
1616999, 137349, 0, 0
1617999, 134070, 0, 0
1618999, 135927, 0, 0
1619999, 134854, 0, 0
1620999, 137741, 0, 0
1621999, 141297, 0, 0
1622999, 139975, 0, 0
1623999, 146246, 0, 0
1625000, 138678, 0, 0
1626000, 151140, 0, 0
1627000, 140756, 0, 0
1627999, 154010, 0, 0
1628999, 151267, 0, 0
1629999, 142826, 0, 0
1630999, 139719, 0, 0
1631999, 141685, 0, 0
1632999, 146358, 0, 0
1633999, 139159, 0, 0
1634999, 140608, 0, 0
1635999, 136564, 0, 0
1636999, 138286, 0, 0
1637999, 142574, 0, 0
1638999, 135679, 0, 0
1639999, 150326, 0, 0
1640999, 146666, 0, 0
1641999, 135935, 0, 0
1642999, 152972, 0, 0
1643999, 144328, 0, 0
1644999, 143591, 0, 0
1645999, 140540, 0, 0
1646999, 136684, 0, 0
1647999, 143079, 0, 0
1649000, 143947, 0, 0
1650000, 139308, 0, 0
1651000, 143096, 0, 0
1652000, 136636, 0, 0
1652999, 137857, 0, 0
1653999, 135395, 0, 0
1654999, 139211, 0, 0
1655999, 154582, 0, 0
1656999, 139087, 0, 0
1657999, 132120, 0, 0
1658999, 135375, 0, 0
1659999, 145249, 0, 0
1660999, 150970, 0, 0
1661999, 136620, 0, 0
1662999, 137997, 0, 0
1663999, 139183, 0, 0
1664999, 135015, 0, 0
1665999, 131043, 0, 0
1666999, 142398, 0, 0
1668000, 143131, 0, 0
1669000, 136688, 0, 0
1669999, 143255, 0, 0
1670999, 137029, 0, 0
1671999, 147055, 0, 0
1673000, 155032, 0, 0
1673999, 144084, 0, 0
1674999, 141945, 0, 0
1675999, 139347, 0, 0
1676999, 140960, 0, 0
1677999, 137573, 0, 0
1678999, 135995, 0, 0
1679999, 132220, 0, 0
1680999, 136368, 0, 0
1681999, 146450, 0, 0
1682999, 138770, 0, 0
1683999, 141021, 0, 0
1684999, 137897, 0, 0
1685999, 152152, 0, 0
1686999, 151883, 0, 0
1688000, 150034, 0, 0
1689000, 151508, 0, 0
1690000, 140572, 0, 0
1690999, 140296, 0, 0
1692000, 138928, 0, 0
1692999, 142814, 0, 0
1693999, 151755, 0, 0
1694999, 140500, 0, 0
1695999, 142782, 0, 0
1696999, 162302, 0, 0
1697999, 150830, 0, 0
1698999, 142490, 0, 0
1699999, 149877, 0, 0
1700999, 154010, 0, 0
1701999, 147503, 0, 0
1702999, 152948, 0, 0
1704000, 156768, 0, 0
1705000, 154078, 0, 0
1706000, 163040, 0, 0
1707000, 146958, 0, 0
1708000, 139776, 0, 0
1708999, 154754, 0, 0
1709999, 139451, 0, 0
1710999, 148380, 0, 0
1711999, 142270, 0, 0
1712999, 141933, 0, 0
1713999, 143759, 0, 0
1714999, 142734, 0, 0
1715999, 142198, 0, 0
1716999, 147643, 0, 0
1717999, 142702, 0, 0
1718999, 147907, 0, 0
1719999, 150074, 0, 0
1720999, 151395, 0, 0
1721999, 147807, 0, 0
1722999, 151983, 0, 0
1723999, 147959, 0, 0
1724999, 141257, 0, 0
1725999, 148984, 0, 0
1726999, 142398, 0, 0
1727999, 150174, 0, 0
1728999, 145885, 0, 0
1729999, 156956, 0, 0
1730999, 142998, 0, 0
1731999, 150006, 0, 0
1733000, 161685, 0, 0
1733999, 139359, 0, 0
1734999, 139047, 0, 0
1735999, 135199, 0, 0
1736999, 141437, 0, 0
1737999, 142706, 0, 0
1738999, 137665, 0, 0
1739999, 136812, 0, 0
1740999, 144528, 0, 0
1741999, 151799, 0, 0
1742999, 140136, 0, 0
1743999, 140824, 0, 0
1744999, 146150, 0, 0
1745999, 144888, 0, 0
1746999, 144020, 0, 0
1747999, 139059, 0, 0
1748999, 144176, 0, 0
1749999, 150618, 0, 0
1750999, 146438, 0, 0
1751999, 150386, 0, 0
1752999, 141609, 0, 0
1753999, 148040, 0, 0
1754999, 142498, 0, 0
1756000, 140796, 0, 0
1756999, 146478, 0, 0
1757999, 148104, 0, 0
1758999, 140808, 0, 0
1759999, 149013, 0, 0
1760999, 136596, 0, 0
1761999, 135783, 0, 0
1762999, 145021, 0, 0
1763999, 138778, 0, 0
1764999, 155611, 0, 0
1765999, 149197, 0, 0
1766999, 141317, 0, 0
1767999, 136432, 0, 0
1768999, 133777, 0, 0
1769999, 135703, 0, 0
1771000, 138052, 0, 0
1771999, 143839, 0, 0
1773000, 139104, 0, 0
1774000, 152592, 0, 0
1774999, 153281, 0, 0
1775999, 133369, 0, 0
1776999, 146938, 0, 0
1777999, 144248, 0, 0
1778999, 141569, 0, 0
1779999, 144472, 0, 0
1780999, 145833, 0, 0
1781999, 136688, 0, 0
1782999, 142542, 0, 0
1783999, 148600, 0, 0
1784999, 143403, 0, 0
1785999, 142162, 0, 0
1786999, 144432, 0, 0
1787999, 140424, 0, 0
1788999, 140736, 0, 0
1789999, 144244, 0, 0
1790999, 148616, 0, 0
1791999, 140060, 0, 0
1793000, 142796, 0, 0
1793999, 148736, 0, 0
1794999, 144876, 0, 0
1796000, 139752, 0, 0
1796999, 151191, 0, 0
1797999, 145549, 0, 0
1798999, 137165, 0, 0
1799999, 148796, 0, 0
1800999, 147075, 0, 0
1801999, 149993, 0, 0
1802999, 151043, 0, 0
1803999, 149865, 0, 0
1804999, 149621, 0, 0
1805999, 153097, 0, 0
1807000, 147411, 0, 0
1808000, 145388, 0, 0
1808999, 156428, 0, 0
1809999, 157553, 0, 0
1810999, 148288, 0, 0
1811999, 145529, 0, 0
1812999, 144536, 0, 0
1813999, 148288, 0, 0
1814999, 150278, 0, 0
1815999, 147855, 0, 0
1816999, 147295, 0, 0
1817999, 152916, 0, 0
1818999, 138414, 0, 0
1819999, 138434, 0, 0
1820999, 136500, 0, 0
1821999, 154126, 0, 0
1822999, 155779, 0, 0
1824000, 154686, 0, 0
1825000, 159755, 0, 0
1826000, 156876, 0, 0
1827000, 159772, 0, 0
1827999, 145289, 0, 0
1828999, 135767, 0, 0
1829999, 150626, 0, 0
1830999, 145925, 0, 0
1831999, 147747, 0, 0
1832999, 139759, 0, 0
1833999, 139355, 0, 0
1834999, 138942, 0, 0
1835999, 143819, 0, 0
1836999, 145621, 0, 0
1837999, 144040, 0, 0
1838999, 142494, 0, 0
1840000, 142568, 0, 0
1840999, 138366, 0, 0
1841999, 143263, 0, 0
1842999, 149637, 0, 0
1843999, 146950, 0, 0
1844999, 136540, 0, 0
1845999, 145597, 0, 0
1846999, 146942, 0, 0
1847999, 148204, 0, 0
1848999, 152672, 0, 0
1850000, 154542, 0, 0
1850999, 144740, 0, 0
1851999, 154546, 0, 0
1852999, 149709, 0, 0
1853999, 156024, 0, 0
1854999, 151663, 0, 0
1855999, 159439, 0, 0
1856999, 147527, 0, 0
1857999, 145429, 0, 0
1858999, 143523, 0, 0
1859999, 144588, 0, 0
1860999, 135891, 0, 0
1861999, 145989, 0, 0
1862999, 151423, 0, 0
1863999, 150438, 0, 0
1864999, 147263, 0, 0
1866000, 149448, 0, 0
1866999, 140008, 0, 0
1867999, 147035, 0, 0
1868999, 152976, 0, 0
1869999, 143891, 0, 0
1870999, 138826, 0, 0
1871999, 148120, 0, 0
1872999, 144972, 0, 0
1873999, 151775, 0, 0
1874999, 149069, 0, 0
1875999, 141881, 0, 0
1876999, 141025, 0, 0
1877999, 148272, 0, 0
1879000, 140916, 0, 0
1880000, 141004, 0, 0
1881000, 142476, 0, 0
1881999, 145137, 0, 0
1882999, 147415, 0, 0
1883999, 149793, 0, 0
1884999, 156556, 0, 0
1885999, 154398, 0, 0
1886999, 151451, 0, 0
1887999, 133725, 0, 0
1888999, 137325, 0, 0
1889999, 141809, 0, 0
1890999, 144368, 0, 0
1891999, 162566, 0, 0
1892999, 146486, 0, 0
1893999, 124416, 0, 0
1894999, 117901, 0, 0
1895999, 112400, 0, 0
1896999, 110582, 0, 0
1897999, 134054, 0, 0
1898999, 118494, 0, 0
1900000, 120416, 0, 0
1900999, 152704, 0, 0
1901999, 142766, 0, 0
1902999, 155575, 0, 0
1903999, 135031, 0, 0
1904999, 118550, 0, 0
1905999, 117837, 0, 0
1906999, 128640, 0, 0
1907999, 117405, 0, 0
1908999, 112100, 0, 0
1909999, 115039, 0, 0
1910999, 141805, 0, 0
1911999, 141669, 0, 0
1912999, 140496, 0, 0
1913999, 141205, 0, 0
1914999, 136836, 0, 0
1915999, 141241, 0, 0
1916999, 140264, 0, 0
1917999, 132072, 0, 0
1918999, 133673, 0, 0
1919999, 143671, 0, 0
1920999, 142594, 0, 0
1921999, 146894, 0, 0
1923000, 142884, 0, 0
1924000, 146068, 0, 0
1924999, 143539, 0, 0
1925999, 140620, 0, 0
1926999, 150458, 0, 0
1927999, 154146, 0, 0
1928999, 147535, 0, 0
1929999, 148380, 0, 0
1930999, 144908, 0, 0
1931999, 149389, 0, 0
1932999, 151471, 0, 0
1933999, 156792, 0, 0
1934999, 148548, 0, 0
1935999, 148468, 0, 0
1936999, 146206, 0, 0
1937999, 154562, 0, 0
1938999, 158722, 0, 0
1939999, 147719, 0, 0
1941000, 149880, 0, 0
1941999, 151731, 0, 0
1942999, 142854, 0, 0
1943999, 149161, 0, 0
1944999, 144524, 0, 0
1945999, 145797, 0, 0
1946999, 147603, 0, 0
1947999, 144132, 0, 0
1948999, 157641, 0, 0
1949999, 140592, 0, 0
1950999, 149049, 0, 0
1951999, 142398, 0, 0
1952999, 147947, 0, 0
1953999, 146678, 0, 0
1954999, 149937, 0, 0
1955999, 140692, 0, 0
1956999, 140684, 0, 0
1957999, 142614, 0, 0
1958999, 141753, 0, 0
1959999, 143535, 0, 0
1960999, 150682, 0, 0
1961999, 145853, 0, 0
1962999, 144392, 0, 0
1963999, 152212, 0, 0
1964999, 139867, 0, 0
1965999, 141549, 0, 0
1966999, 148044, 0, 0
1967999, 140444, 0, 0
1968999, 144556, 0, 0
1969999, 145373, 0, 0
1970999, 147951, 0, 0
1971999, 139587, 0, 0
1972999, 145257, 0, 0
1973999, 146830, 0, 0
1974999, 147403, 0, 0
1975999, 147971, 0, 0
1976999, 148916, 0, 0
1977999, 148364, 0, 0
1978999, 146150, 0, 0
1979999, 147447, 0, 0
1980999, 140332, 0, 0
1981999, 152744, 0, 0
1982999, 151399, 0, 0
1983999, 154158, 0, 0
1984999, 157841, 0, 0
1985999, 161925, 0, 0
1986999, 153029, 0, 0
1987999, 142946, 0, 0
1988999, 145209, 0, 0
1989999, 149125, 0, 0
1990999, 144184, 0, 0
1991999, 144216, 0, 0
1992999, 140720, 0, 0
1993999, 147823, 0, 0
1994999, 143283, 0, 0
1995999, 154306, 0, 0
1996999, 150034, 0, 0
1997999, 147763, 0, 0
1998999, 150354, 0, 0
1999999, 143151, 0, 0
2000999, 143287, 0, 0
2001999, 147255, 0, 0
2002999, 159915, 0, 0
2003999, 153543, 0, 0
2005000, 163756, 0, 0
2005999, 144292, 0, 0
2006999, 153673, 0, 0
2007999, 161789, 0, 0
2008999, 168808, 0, 0
2009999, 161945, 0, 0
2010999, 161585, 0, 0
2011999, 175675, 0, 0
2012999, 156316, 0, 0
2013999, 160328, 0, 0
2014999, 157097, 0, 0
2016000, 170174, 0, 0
2017000, 169449, 0, 0
2017999, 172560, 0, 0
2018999, 162166, 0, 0
2019999, 159903, 0, 0
2021000, 174228, 0, 0
2021999, 161901, 0, 0
2022999, 166002, 0, 0
2023999, 153677, 0, 0
2024999, 166458, 0, 0
2025999, 145325, 0, 0
2026999, 170166, 0, 0
2027999, 177249, 0, 0
2029000, 162078, 0, 0
2030000, 146954, 0, 0
2031000, 172644, 0, 0
2031999, 147979, 0, 0
2032999, 144304, 0, 0
2033999, 152972, 0, 0
2034999, 155155, 0, 0
2035999, 140476, 0, 0
2036999, 179543, 0, 0
2037999, 174102, 0, 0
2038999, 161009, 0, 0
2039999, 157621, 0, 0
2041000, 162214, 0, 0
2041999, 154010, 0, 0
2042999, 152580, 0, 0
2043999, 152044, 0, 0
2044999, 160372, 0, 0
2045999, 149961, 0, 0
2046999, 159127, 0, 0
2047999, 149249, 0, 0
2048999, 149237, 0, 0
2049999, 165861, 0, 0
2050999, 168260, 0, 0
2051999, 176792, 0, 0
2052999, 157201, 0, 0
2053999, 152452, 0, 0
2054999, 158866, 0, 0
2055999, 157341, 0, 0
2056999, 144284, 0, 0
2057999, 155523, 0, 0
2059000, 162838, 0, 0
2060000, 168916, 0, 0
2061000, 160928, 0, 0
2061999, 171863, 0, 0
2062999, 172340, 0, 0
2063999, 162426, 0, 0
2064999, 173849, 0, 0
2065999, 162162, 0, 0
2066999, 153485, 0, 0
2067999, 166246, 0, 0
2068999, 170858, 0, 0
2069999, 166606, 0, 0
2071000, 173421, 0, 0
2071999, 151495, 0, 0
2073000, 165984, 0, 0
2073999, 157501, 0, 0
2074999, 158454, 0, 0
2075999, 154558, 0, 0
2076999, 168244, 0, 0
2077999, 173429, 0, 0
2078999, 174930, 0, 0
2079999, 158406, 0, 0
2080999, 169865, 0, 0
2081999, 172976, 0, 0
2082999, 157897, 0, 0
2083999, 152556, 0, 0
2084999, 154582, 0, 0
2085999, 142922, 0, 0
2086999, 170054, 0, 0
2087999, 152264, 0, 0
2088999, 150442, 0, 0
2089999, 145433, 0, 0
2090999, 156340, 0, 0
2091999, 142990, 0, 0
2092999, 151875, 0, 0
2094000, 151460, 0, 0
2095000, 156468, 0, 0
2095999, 152784, 0, 0
2096999, 141409, 0, 0
2097999, 153409, 0, 0
2098999, 153489, 0, 0
2099999, 150646, 0, 0
2100999, 149385, 0, 0
2101999, 140532, 0, 0
2102999, 140744, 0, 0
2103999, 161433, 0, 0
2104999, 136740, 0, 0
2105999, 136760, 0, 0
2106999, 123751, 0, 0
2108000, 148068, 0, 0
2108999, 144188, 0, 0
2109999, 136196, 0, 0
2110999, 145813, 0, 0
2111999, 147243, 0, 0
2112999, 147555, 0, 0
2113999, 149749, 0, 0
2114999, 151431, 0, 0
2115999, 150694, 0, 0
2116999, 149353, 0, 0
2117999, 138950, 0, 0
2118999, 146170, 0, 0
2119999, 146438, 0, 0
2120999, 140168, 0, 0
2121999, 137929, 0, 0
2122999, 150158, 0, 0
2123999, 151331, 0, 0
2124999, 143767, 0, 0
2125999, 154302, 0, 0
2126999, 147083, 0, 0
2127999, 138518, 0, 0
2129000, 143395, 0, 0
2130000, 145829, 0, 0
2130999, 141921, 0, 0
2131999, 134318, 0, 0
2132999, 136012, 0, 0
2133999, 145177, 0, 0
2134999, 135727, 0, 0
2135999, 141945, 0, 0
2136999, 163767, 0, 0
2137999, 170742, 0, 0
2138999, 163255, 0, 0
2140000, 161793, 0, 0
2140999, 152760, 0, 0
2141999, 148952, 0, 0
2142999, 157897, 0, 0
2143999, 149225, 0, 0
2144999, 148736, 0, 0
2145999, 151015, 0, 0
2146999, 156108, 0, 0
2147999, 168808, 0, 0
2148999, 152772, 0, 0
2149999, 138330, 0, 0
2150999, 168412, 0, 0
2151999, 144616, 0, 0
2152999, 169309, 0, 0
2153999, 153873, 0, 0
2154999, 148548, 0, 0
2155999, 154022, 0, 0
2156999, 162346, 0, 0
2157999, 155423, 0, 0
2158999, 140528, 0, 0
2159999, 148268, 0, 0
2160999, 142622, 0, 0
2161999, 160280, 0, 0
2162999, 140332, 0, 0
2163999, 154398, 0, 0
2164999, 145037, 0, 0
2166000, 161920, 0, 0
2166999, 158018, 0, 0
2167999, 142662, 0, 0
2168999, 141861, 0, 0
2169999, 148216, 0, 0
2171000, 151476, 0, 0
2172000, 145308, 0, 0
2172999, 155363, 0, 0
2173999, 155319, 0, 0
2174999, 157089, 0, 0
2175999, 160344, 0, 0
2176999, 150182, 0, 0
2177999, 154826, 0, 0
2178999, 153577, 0, 0
2179999, 162382, 0, 0
2180999, 143459, 0, 0
2181999, 146562, 0, 0
2182999, 138734, 0, 0
2183999, 135563, 0, 0
2185000, 139544, 0, 0
2186000, 142560, 0, 0
2187000, 147496, 0, 0
2188000, 145364, 0, 0
2189000, 142652, 0, 0
2189999, 140744, 0, 0
2190999, 140960, 0, 0
2191999, 142898, 0, 0
2192999, 142686, 0, 0
2193999, 143859, 0, 0
2194999, 147279, 0, 0
2195999, 150430, 0, 0
2196999, 138554, 0, 0
2197999, 145853, 0, 0
2198999, 139579, 0, 0
2199999, 142462, 0, 0
2200999, 150462, 0, 0
2201999, 140264, 0, 0
2202999, 164592, 0, 0
2203999, 144436, 0, 0
2204999, 144996, 0, 0
2205999, 156696, 0, 0
2206999, 154750, 0, 0
2207999, 143731, 0, 0
2208999, 154934, 0, 0
2209999, 155443, 0, 0
2210999, 152956, 0, 0
2211999, 162158, 0, 0
2212999, 159923, 0, 0
2213999, 159767, 0, 0
2214999, 145493, 0, 0
2215999, 141765, 0, 0
2216999, 153077, 0, 0
2217999, 149425, 0, 0
2218999, 146426, 0, 0
2219999, 152504, 0, 0
2220999, 146810, 0, 0
2222000, 142942, 0, 0
2222999, 155179, 0, 0
2223999, 153805, 0, 0
2224999, 163867, 0, 0
2225999, 161197, 0, 0
2226999, 168048, 0, 0
2227999, 162530, 0, 0
2228999, 170662, 0, 0
2230000, 160588, 0, 0
2230999, 154914, 0, 0
2231999, 154694, 0, 0
2232999, 144956, 0, 0
2233999, 159815, 0, 0
2234999, 150006, 0, 0
2235999, 154742, 0, 0
2236999, 148960, 0, 0
2237999, 148788, 0, 0
2238999, 150826, 0, 0
2239999, 153765, 0, 0
2240999, 156520, 0, 0
2241999, 149213, 0, 0
2242999, 142617, 0, 0
2243999, 145453, 0, 0
2244999, 150378, 0, 0
2245999, 143075, 0, 0
2246999, 149889, 0, 0
2247999, 168312, 0, 0
2248999, 139295, 0, 0
2249999, 136832, 0, 0
2250999, 135563, 0, 0
2251999, 142810, 0, 0
2252999, 146790, 0, 0
2253999, 137813, 0, 0
2254999, 143399, 0, 0
2255999, 152064, 0, 0
2256999, 165153, 0, 0
2257999, 144656, 0, 0
2258999, 152644, 0, 0
2259999, 160688, 0, 0
2260999, 151363, 0, 0
2261999, 151171, 0, 0
2262999, 143067, 0, 0
2263999, 152744, 0, 0
2264999, 149637, 0, 0
2265999, 148368, 0, 0
2266999, 151479, 0, 0
2267999, 155379, 0, 0
2268999, 152020, 0, 0
2270000, 158490, 0, 0
2270999, 168920, 0, 0
2271999, 164020, 0, 0
2272999, 154946, 0, 0
2273999, 152184, 0, 0
2274999, 151383, 0, 0
2275999, 166890, 0, 0
2276999, 159219, 0, 0
2277999, 159495, 0, 0
2278999, 149785, 0, 0
2279999, 155271, 0, 0
2280999, 162782, 0, 0
2281999, 161017, 0, 0
2282999, 158538, 0, 0
2283999, 143347, 0, 0
2284999, 153877, 0, 0
2285999, 154510, 0, 0
2286999, 142126, 0, 0
2287999, 145405, 0, 0
2288999, 153869, 0, 0
2289999, 160596, 0, 0
2290999, 141089, 0, 0
2291999, 145405, 0, 0
2292999, 153825, 0, 0
2293999, 149717, 0, 0
2294999, 164944, 0, 0
2295999, 168804, 0, 0
2296999, 139447, 0, 0
2297999, 134746, 0, 0
2298999, 137205, 0, 0
2300000, 141021, 0, 0
2300999, 145765, 0, 0
2302000, 149504, 0, 0
2302999, 154678, 0, 0
2303999, 147783, 0, 0
2304999, 146514, 0, 0
2305999, 150698, 0, 0
2306999, 145293, 0, 0
2307999, 151863, 0, 0
2308999, 157501, 0, 0
2309999, 148760, 0, 0
2310999, 152048, 0, 0
2311999, 156120, 0, 0
2312999, 159203, 0, 0
2313999, 150054, 0, 0
2314999, 147831, 0, 0
2315999, 147555, 0, 0
2316999, 147707, 0, 0
2317999, 150686, 0, 0
2319000, 152480, 0, 0
2319999, 158258, 0, 0
2321000, 157460, 0, 0
2321999, 145537, 0, 0
2322999, 155215, 0, 0
2323999, 160160, 0, 0
2324999, 165121, 0, 0
2325999, 138342, 0, 0
2326999, 147451, 0, 0
2327999, 148092, 0, 0
2328999, 149061, 0, 0
2329999, 163587, 0, 0
2330999, 164740, 0, 0
2331999, 152332, 0, 0
2332999, 146594, 0, 0
2333999, 145005, 0, 0
2334999, 151211, 0, 0
2335999, 147367, 0, 0
2336999, 154258, 0, 0
2337999, 151651, 0, 0
2338999, 156080, 0, 0
2339999, 153725, 0, 0
2340999, 149121, 0, 0
2341999, 158394, 0, 0
2342999, 155799, 0, 0
2343999, 129269, 0, 0
2344999, 128448, 0, 0
2345999, 139371, 0, 0
2347000, 146286, 0, 0
2347999, 151615, 0, 0
2348999, 143639, 0, 0
2349999, 148732, 0, 0
2350999, 145269, 0, 0
2351999, 143179, 0, 0
2352999, 156032, 0, 0
2353999, 151967, 0, 0
2354999, 158562, 0, 0
2355999, 151807, 0, 0
2356999, 147683, 0, 0
2357999, 146290, 0, 0
2358999, 148936, 0, 0
2359999, 145921, 0, 0
2360999, 148512, 0, 0
2361999, 148468, 0, 0
2362999, 150774, 0, 0
2363999, 146914, 0, 0
2364999, 144012, 0, 0
2365999, 145477, 0, 0
2366999, 157593, 0, 0
2367999, 149517, 0, 0
2368999, 142170, 0, 0
2369999, 144156, 0, 0
2370999, 159135, 0, 0
2371999, 149133, 0, 0
2372999, 163775, 0, 0
2374000, 138528, 0, 0
2375000, 156248, 0, 0
2375999, 151731, 0, 0
2376999, 151651, 0, 0
2377999, 150650, 0, 0
2378999, 156224, 0, 0
2379999, 153881, 0, 0
2380999, 145169, 0, 0
2381999, 161805, 0, 0
2382999, 153989, 0, 0
2383999, 163639, 0, 0
2385000, 156560, 0, 0
2385999, 156776, 0, 0
2386999, 157965, 0, 0
2387999, 154758, 0, 0
2388999, 156012, 0, 0
2389999, 154606, 0, 0
2390999, 153641, 0, 0
2391999, 162442, 0, 0
2392999, 161757, 0, 0
2393999, 158874, 0, 0
2394999, 156368, 0, 0
2396000, 154972, 0, 0
2396999, 157565, 0, 0
2397999, 162874, 0, 0
2398999, 151667, 0, 0
2399999, 158554, 0, 0
2400999, 167515, 0, 0
2401999, 164380, 0, 0
2402999, 156756, 0, 0
2403999, 148584, 0, 0
2404999, 144420, 0, 0
2405999, 155975, 0, 0
2407000, 152124, 0, 0
2407999, 149721, 0, 0
2408999, 148076, 0, 0
2409999, 143699, 0, 0
2410999, 138938, 0, 0
2411999, 140528, 0, 0
2412999, 150990, 0, 0
2413999, 141925, 0, 0
2414999, 144044, 0, 0
2415999, 147127, 0, 0
2416999, 152488, 0, 0
2417999, 151275, 0, 0
2419000, 146106, 0, 0
2419999, 146938, 0, 0
2420999, 161217, 0, 0
2421999, 150946, 0, 0
2422999, 171907, 0, 0
2423999, 151479, 0, 0
2424999, 153861, 0, 0
2425999, 152412, 0, 0
2426999, 149845, 0, 0
2427999, 155131, 0, 0
2428999, 143643, 0, 0
2430000, 145413, 0, 0
2430999, 153429, 0, 0
2431999, 151863, 0, 0
2432999, 142870, 0, 0
2433999, 155099, 0, 0
2434999, 153789, 0, 0
2435999, 154838, 0, 0
2436999, 149965, 0, 0
2437999, 152488, 0, 0
2438999, 157757, 0, 0
2439999, 159351, 0, 0
2440999, 153633, 0, 0
2441999, 152268, 0, 0
2442999, 159215, 0, 0
2443999, 150522, 0, 0
2445000, 154134, 0, 0
2445999, 154710, 0, 0
2446999, 163731, 0, 0
2447999, 147415, 0, 0
2448999, 151539, 0, 0
2449999, 159103, 0, 0
2450999, 155459, 0, 0
2451999, 153093, 0, 0
2452999, 148996, 0, 0
2453999, 156008, 0, 0
2454999, 161905, 0, 0
2455999, 159811, 0, 0
2456999, 158870, 0, 0
2457999, 164252, 0, 0
2458999, 172428, 0, 0
2459999, 148288, 0, 0
2460999, 152800, 0, 0
2461999, 153005, 0, 0
2462999, 153333, 0, 0
2463999, 147799, 0, 0
2464999, 169337, 0, 0
2465999, 156956, 0, 0
2466999, 156768, 0, 0
2467999, 140672, 0, 0
2468999, 160552, 0, 0
2469999, 168412, 0, 0
2470999, 177741, 0, 0
2471999, 146082, 0, 0
2472999, 157285, 0, 0
2473999, 142086, 0, 0
2474999, 166910, 0, 0
2476000, 145937, 0, 0
2476999, 141577, 0, 0
2477999, 161257, 0, 0
2478999, 161421, 0, 0
2479999, 145073, 0, 0
2480999, 153377, 0, 0
2481999, 162394, 0, 0
2482999, 163003, 0, 0
2483999, 159427, 0, 0
2484999, 147275, 0, 0
2485999, 149333, 0, 0
2486999, 159395, 0, 0
2487999, 154658, 0, 0
2488999, 149441, 0, 0
2490000, 159332, 0, 0
2490999, 169565, 0, 0
2491999, 163863, 0, 0
2492999, 154074, 0, 0
2493999, 151539, 0, 0
2494999, 150070, 0, 0
2495999, 139483, 0, 0
2496999, 151119, 0, 0
2497999, 156372, 0, 0
2498999, 153641, 0, 0
2499999, 164008, 0, 0
2501000, 163219, 0, 0
2501999, 148428, 0, 0
2502999, 145997, 0, 0
2503999, 150442, 0, 0
2504999, 164448, 0, 0
2505999, 155131, 0, 0
2506999, 163599, 0, 0
2507999, 159979, 0, 0
2508999, 154926, 0, 0
2509999, 153421, 0, 0
2510999, 152564, 0, 0
2512000, 151363, 0, 0
2513000, 149852, 0, 0
2513999, 161125, 0, 0
2514999, 157081, 0, 0
2515999, 153553, 0, 0
2516999, 137609, 0, 0
2517999, 139051, 0, 0
2518999, 153241, 0, 0
2519999, 153501, 0, 0
2520999, 146906, 0, 0
2521999, 150342, 0, 0
2522999, 149361, 0, 0
2523999, 164072, 0, 0
2524999, 149193, 0, 0
2525999, 158738, 0, 0
2526999, 158282, 0, 0
2528000, 143648, 0, 0
2528999, 138946, 0, 0
2529999, 163939, 0, 0
2530999, 150486, 0, 0
2531999, 150970, 0, 0
2532999, 138734, 0, 0
2533999, 136960, 0, 0
2534999, 131747, 0, 0
2535999, 140732, 0, 0
2536999, 139543, 0, 0
2537999, 139467, 0, 0
2538999, 139811, 0, 0
2539999, 146526, 0, 0
2540999, 144152, 0, 0
2541999, 147703, 0, 0
2542999, 147791, 0, 0
2543999, 158482, 0, 0
2544999, 152248, 0, 0
2545999, 163331, 0, 0
2547000, 150794, 0, 0
2548000, 142456, 0, 0
2548999, 140408, 0, 0
2549999, 141489, 0, 0
2550999, 151759, 0, 0
2551999, 140936, 0, 0
2552999, 152416, 0, 0
2553999, 145101, 0, 0
2554999, 137917, 0, 0
2555999, 144540, 0, 0
2556999, 147451, 0, 0
2557999, 147859, 0, 0
2559000, 152684, 0, 0
2559999, 151031, 0, 0
2560999, 165353, 0, 0
2561999, 144572, 0, 0
2562999, 155579, 0, 0
2563999, 145653, 0, 0
2564999, 150750, 0, 0
2565999, 138866, 0, 0
2566999, 161837, 0, 0
2567999, 158854, 0, 0
2568999, 164924, 0, 0
2569999, 150054, 0, 0
2570999, 169357, 0, 0
2571999, 145989, 0, 0
2572999, 150186, 0, 0
2573999, 159371, 0, 0
2574999, 151815, 0, 0
2575999, 139931, 0, 0
2577000, 156348, 0, 0
2577999, 140108, 0, 0
2578999, 144276, 0, 0
2579999, 144128, 0, 0
2580999, 141561, 0, 0
2581999, 140020, 0, 0
2582999, 140240, 0, 0
2583999, 153605, 0, 0
2584999, 150142, 0, 0
2585999, 145881, 0, 0
2586999, 172040, 0, 0
2587999, 151983, 0, 0
2588999, 150154, 0, 0
2589999, 160952, 0, 0
2590999, 140532, 0, 0
2591999, 150318, 0, 0
2592999, 158534, 0, 0
2593999, 149285, 0, 0
2594999, 164920, 0, 0
2595999, 155071, 0, 0
2596999, 161381, 0, 0
2597999, 156276, 0, 0
2598999, 133513, 0, 0
2599999, 131583, 0, 0
2600999, 151263, 0, 0
2601999, 148500, 0, 0
2603000, 131168, 0, 0
2604000, 148228, 0, 0
2605000, 141788, 0, 0
2606000, 159476, 0, 0
2607000, 141088, 0, 0
2608000, 154980, 0, 0
2609000, 143452, 0, 0
2610000, 153700, 0, 0
2610999, 137965, 0, 0
2611999, 144892, 0, 0
2612999, 155635, 0, 0
2613999, 141253, 0, 0
2614999, 141801, 0, 0
2615999, 153869, 0, 0
2616999, 142258, 0, 0
2617999, 151767, 0, 0
2618999, 159695, 0, 0
2619999, 159451, 0, 0
2620999, 148988, 0, 0
2621999, 149461, 0, 0
2622999, 147287, 0, 0
2623999, 150194, 0, 0
2624999, 149445, 0, 0
2625999, 144008, 0, 0
2626999, 146794, 0, 0
2627999, 140068, 0, 0
2628999, 117849, 0, 0
2629999, 145361, 0, 0
2630999, 154938, 0, 0
2631999, 157873, 0, 0
2632999, 151787, 0, 0
2633999, 156400, 0, 0
2634999, 152716, 0, 0
2635999, 152048, 0, 0
2636999, 154494, 0, 0
2637999, 158330, 0, 0
2639000, 145537, 0, 0
2639999, 147803, 0, 0
2641000, 145772, 0, 0
2642000, 143556, 0, 0
2643000, 147180, 0, 0
2644000, 156172, 0, 0
2645000, 161184, 0, 0
2645999, 151359, 0, 0
2646999, 156340, 0, 0
2647999, 146382, 0, 0
2648998, 155659, 0, 0
2649998, 156693, 0, 0
2650998, 148040, 0, 0
2651998, 149803, 0, 0
2652997, 156016, 0, 0
2653997, 147971, 0, 0
2654997, 153628, 0, 0
2655997, 144581, 0, 0
2656996, 155919, 0, 0
2657996, 145465, 0, 0
2658996, 141128, 0, 0
2659996, 145333, 0, 0
2660995, 149965, 0, 0
2661995, 147903, 0, 0
2662995, 158022, 0, 0
2663995, 153985, 0, 0
2664994, 147030, 0, 0
2665994, 151975, 0, 0
2666995, 154639, 0, 0
2667994, 147472, 0, 0
2668994, 150708, 0, 0
2669994, 145963, 0, 0
2670994, 144313, 0, 0
2671993, 136507, 0, 0
2672993, 147818, 0, 0
2673993, 145977, 0, 0
2674992, 157383, 0, 0
2675992, 149068, 0, 0
2676992, 156616, 0, 0
2677992, 159850, 0, 0
2678991, 149893, 0, 0
2679991, 159168, 0, 0
2680991, 160803, 0, 0
2681991, 154567, 0, 0
2683000, 149936, 0, 0
2684000, 156120, 0, 0
2685000, 153048, 0, 0
2685999, 155523, 0, 0
2686999, 150766, 0, 0
2687999, 145125, 0, 0
2688999, 148732, 0, 0
2689999, 158126, 0, 0
2690999, 154546, 0, 0
2691999, 167243, 0, 0
2692999, 153753, 0, 0
2693999, 169013, 0, 0
2694999, 160404, 0, 0
2695999, 167355, 0, 0
2697000, 155244, 0, 0
2697999, 156616, 0, 0
2698999, 156792, 0, 0
2699999, 160580, 0, 0
2700999, 156136, 0, 0
2701999, 143107, 0, 0
2702999, 149981, 0, 0
2703999, 151191, 0, 0
2704999, 152388, 0, 0
2705999, 162154, 0, 0
2706999, 150770, 0, 0
2707999, 171431, 0, 0
2709000, 146476, 0, 0
2709999, 147339, 0, 0
2710999, 154958, 0, 0
2711999, 145337, 0, 0
2712999, 153197, 0, 0
2713999, 149681, 0, 0
2714999, 151363, 0, 0
2715999, 162946, 0, 0
2716999, 165097, 0, 0
2718000, 139660, 0, 0
2719000, 149068, 0, 0
2719999, 143831, 0, 0
2720999, 149429, 0, 0
2721999, 133545, 0, 0
2722999, 131911, 0, 0
2723999, 155083, 0, 0
2724999, 155435, 0, 0
2725999, 156792, 0, 0
2726999, 148848, 0, 0
2727999, 146906, 0, 0
2728999, 140332, 0, 0
2730000, 160420, 0, 0
2731000, 154316, 0, 0
2731999, 151619, 0, 0
2733000, 160896, 0, 0
2733999, 146050, 0, 0
2734999, 155843, 0, 0
2735999, 153913, 0, 0
2736999, 143975, 0, 0
2738000, 158544, 0, 0
2738999, 150114, 0, 0
2739999, 137817, 0, 0
2741000, 142044, 0, 0
2741999, 140220, 0, 0
2742999, 165813, 0, 0
2743999, 154818, 0, 0
2744999, 157853, 0, 0
2746000, 165636, 0, 0
2746999, 151071, 0, 0
2747999, 148152, 0, 0
2748999, 163531, 0, 0
2749999, 149737, 0, 0
2750999, 158818, 0, 0
2751999, 148696, 0, 0
2752999, 149689, 0, 0
2753999, 163747, 0, 0
2754999, 164316, 0, 0
2755999, 154742, 0, 0
2756999, 148360, 0, 0
2757999, 168104, 0, 0
2759000, 161236, 0, 0
2760000, 143952, 0, 0
2760999, 161533, 0, 0
2761999, 148396, 0, 0
2763000, 145088, 0, 0
2764000, 138718, 0, 0
2765000, 142328, 0, 0
2766000, 154564, 0, 0
2766999, 144940, 0, 0
2768000, 149268, 0, 0
2769000, 141232, 0, 0
2770000, 140896, 0, 0
2770999, 147971, 0, 0
2771999, 148876, 0, 0
2772999, 143943, 0, 0
2773999, 148440, 0, 0
2774999, 141117, 0, 0
2775999, 136068, 0, 0
2776999, 134706, 0, 0
2777999, 132748, 0, 0
2778999, 134986, 0, 0
2779999, 133053, 0, 0
2780999, 135295, 0, 0
2781999, 136572, 0, 0
2782999, 132056, 0, 0
2783999, 138898, 0, 0
2784999, 136160, 0, 0
2785999, 138230, 0, 0
2786999, 135615, 0, 0
2787999, 131571, 0, 0
2788999, 140788, 0, 0
2789999, 128372, 0, 0
2790999, 132036, 0, 0
2792000, 127880, 0, 0
2792999, 133197, 0, 0
2793999, 133953, 0, 0
2794999, 135347, 0, 0
2795999, 156460, 0, 0
2796999, 136920, 0, 0
2797999, 118962, 0, 0
2798999, 127391, 0, 0
2799999, 124712, 0, 0
2800999, 116116, 0, 0
2802000, 113721, 0, 0
2803000, 122328, 0, 0
2803999, 116016, 0, 0
2804999, 117577, 0, 0
2805999, 125153, 0, 0
2806999, 117045, 0, 0
2807999, 116308, 0, 0
2808999, 112488, 0, 0
2809999, 138442, 0, 0
2810999, 118286, 0, 0
2811999, 114306, 0, 0
2812999, 111211, 0, 0
2813999, 144700, 0, 0
2814999, 133689, 0, 0
2815999, 125521, 0, 0
2816999, 122966, 0, 0
2817999, 132296, 0, 0
2818999, 134930, 0, 0
2819999, 141613, 0, 0
2820999, 140740, 0, 0
2821999, 136392, 0, 0
2822999, 140740, 0, 0
2823999, 141257, 0, 0
2824999, 141421, 0, 0
2825999, 138566, 0, 0
2827000, 138092, 0, 0
2827999, 138558, 0, 0
2828999, 134922, 0, 0
2829999, 137661, 0, 0
2830999, 147411, 0, 0
2831999, 159531, 0, 0
2832999, 150550, 0, 0
2833999, 149585, 0, 0
2834999, 158010, 0, 0
2835999, 158474, 0, 0
2836999, 159767, 0, 0
2837999, 141777, 0, 0
2838999, 154822, 0, 0
2839999, 155419, 0, 0
2840999, 154018, 0, 0
2841999, 154598, 0, 0
2843000, 152636, 0, 0
2843999, 147667, 0, 0
2844999, 151931, 0, 0
2845999, 155411, 0, 0
2846999, 153933, 0, 0
2847999, 129793, 0, 0
2848999, 135271, 0, 0
2849999, 141393, 0, 0
2850999, 119951, 0, 0
2851999, 118354, 0, 0
2852999, 142502, 0, 0
2853999, 130602, 0, 0
2854999, 113561, 0, 0
2856000, 108672, 0, 0
2856999, 110258, 0, 0
2857999, 129633, 0, 0
2858999, 154498, 0, 0
2859999, 155035, 0, 0
2860999, 136884, 0, 0
2861999, 150770, 0, 0
2862999, 146150, 0, 0
2863999, 154962, 0, 0
2864999, 139627, 0, 0
2865999, 142814, 0, 0
2866999, 125441, 0, 0
2867999, 120400, 0, 0
2868999, 120452, 0, 0
2870000, 121064, 0, 0
2870999, 148688, 0, 0
2871999, 156296, 0, 0
2872999, 161853, 0, 0
2873999, 160668, 0, 0
2874999, 162534, 0, 0
2875999, 153741, 0, 0
2876999, 163299, 0, 0
2877999, 149885, 0, 0
2878999, 158354, 0, 0
2879999, 158062, 0, 0
2880999, 139435, 0, 0
2882000, 146464, 0, 0
2883000, 139736, 0, 0
2883999, 147183, 0, 0
2884999, 157437, 0, 0
2885999, 158786, 0, 0
2886999, 142714, 0, 0
2887999, 156488, 0, 0
2888999, 148884, 0, 0
2889999, 158926, 0, 0
2890999, 147319, 0, 0
2891999, 172072, 0, 0
2892999, 150858, 0, 0
2893999, 157869, 0, 0
2894999, 151255, 0, 0
2895999, 155327, 0, 0
2896999, 163763, 0, 0
2898000, 159807, 0, 0
2899000, 155124, 0, 0
2899999, 179555, 0, 0
2900999, 154234, 0, 0
2901999, 169669, 0, 0
2902999, 168532, 0, 0
2903999, 141965, 0, 0
2904999, 156316, 0, 0
2905999, 164716, 0, 0
2906999, 156160, 0, 0
2907999, 166830, 0, 0
2908999, 160180, 0, 0
2909999, 144720, 0, 0
2910999, 150114, 0, 0
2912000, 153508, 0, 0
2912999, 156424, 0, 0
2913999, 174542, 0, 0
2914999, 169045, 0, 0
2915999, 162594, 0, 0
2916999, 162522, 0, 0
2917999, 147571, 0, 0
2918999, 149081, 0, 0
2919999, 150638, 0, 0
2920999, 160252, 0, 0
2921999, 150750, 0, 0
2922999, 161361, 0, 0
2923999, 162114, 0, 0
2924999, 156912, 0, 0
2925999, 146330, 0, 0
2926999, 145121, 0, 0
2927999, 143663, 0, 0
2928999, 146410, 0, 0
2929999, 143087, 0, 0
2930999, 145353, 0, 0
2931999, 151587, 0, 0
2932999, 143571, 0, 0
2933999, 140244, 0, 0
2934999, 145697, 0, 0
2935999, 136048, 0, 0
2937000, 137668, 0, 0
2938000, 137445, 0, 0
2939000, 148848, 0, 0
2940000, 156100, 0, 0
2940999, 141469, 0, 0
2941999, 137665, 0, 0
2943000, 139072, 0, 0
2943999, 136160, 0, 0
2944999, 145313, 0, 0
2945999, 160212, 0, 0
2946999, 152296, 0, 0
2947999, 151355, 0, 0
2948999, 168360, 0, 0
2949999, 163119, 0, 0
2950999, 162602, 0, 0
2951999, 143479, 0, 0
2952999, 148520, 0, 0
2953999, 137357, 0, 0
2955000, 151395, 0, 0
2956000, 140700, 0, 0
2957000, 140084, 0, 0
2957999, 144260, 0, 0
2958999, 151619, 0, 0
2959999, 148960, 0, 0
2960999, 155323, 0, 0
2961999, 153941, 0, 0
2962999, 146698, 0, 0
2963999, 146110, 0, 0
2964999, 150414, 0, 0
2965999, 149717, 0, 0
2966999, 160700, 0, 0
2968000, 158068, 0, 0
2969000, 157928, 0, 0
2969999, 165029, 0, 0
2970999, 166058, 0, 0
2971999, 173561, 0, 0
2972999, 153833, 0, 0
2973999, 154618, 0, 0
2974999, 139423, 0, 0
2975999, 133353, 0, 0
2976999, 144120, 0, 0
2977999, 154338, 0, 0
2978999, 158190, 0, 0
2979999, 160472, 0, 0
2980999, 146994, 0, 0
2981999, 146334, 0, 0
2982999, 141589, 0, 0
2983999, 150190, 0, 0
2985000, 169952, 0, 0
2985999, 165873, 0, 0
2986999, 154734, 0, 0
2987999, 155219, 0, 0
2988999, 146678, 0, 0
2989999, 170966, 0, 0
2990999, 148756, 0, 0
2991999, 155903, 0, 0
2992999, 151411, 0, 0
2993999, 167931, 0, 0
2994999, 144184, 0, 0
2995999, 144992, 0, 0
2996999, 150382, 0, 0
2997999, 166686, 0, 0
2998999, 178138, 0, 0
2999999, 162858, 0, 0
3000999, 150078, 0, 0
3002000, 140832, 0, 0
3003000, 165592, 0, 0
3003999, 148692, 0, 0
3004999, 141949, 0, 0
3005999, 142058, 0, 0
3006999, 150710, 0, 0
3007999, 145797, 0, 0
3008999, 167867, 0, 0
3009999, 159659, 0, 0
3010999, 141469, 0, 0
3012000, 169916, 0, 0
3012999, 163579, 0, 0
3014000, 165068, 0, 0
3015000, 158204, 0, 0
3015999, 147579, 0, 0
3016999, 160204, 0, 0
3018000, 165525, 0, 0
3018999, 165309, 0, 0
3019999, 164136, 0, 0
3020999, 146070, 0, 0
3021999, 142458, 0, 0
3022999, 147171, 0, 0
3023999, 148820, 0, 0
3024999, 156616, 0, 0
3025999, 160028, 0, 0
3026999, 154786, 0, 0
3027999, 148604, 0, 0
3028999, 158058, 0, 0
3030000, 152544, 0, 0
3030999, 159643, 0, 0
3031999, 151511, 0, 0
3032999, 168928, 0, 0
3033999, 167399, 0, 0
3034999, 153861, 0, 0
3035999, 148892, 0, 0
3036999, 148432, 0, 0
3037999, 153541, 0, 0
3038999, 150702, 0, 0
3039999, 152592, 0, 0
3040999, 143631, 0, 0
3041999, 144280, 0, 0
3042999, 146798, 0, 0
3043999, 163935, 0, 0
3044999, 156196, 0, 0
3045999, 147579, 0, 0
3046999, 149553, 0, 0
3047999, 144880, 0, 0
3048999, 149537, 0, 0
3049999, 147315, 0, 0
3050999, 152348, 0, 0
3052000, 148072, 0, 0
3052999, 160912, 0, 0
3053999, 141513, 0, 0
3054999, 149593, 0, 0
3055999, 153621, 0, 0
3056999, 153721, 0, 0
3057999, 157617, 0, 0
3058999, 139119, 0, 0
3059999, 147087, 0, 0
3060999, 141209, 0, 0
3061999, 145953, 0, 0
3062999, 140724, 0, 0
3063999, 132324, 0, 0
3064999, 149193, 0, 0
3065999, 150282, 0, 0
3066999, 155563, 0, 0
3067999, 165197, 0, 0
3068999, 146482, 0, 0
3069999, 149421, 0, 0
3071000, 149945, 0, 0
3072000, 160324, 0, 0
3072999, 145265, 0, 0
3073999, 153277, 0, 0
3074999, 165797, 0, 0
3075999, 161365, 0, 0
3076999, 148588, 0, 0
3077999, 153401, 0, 0
3078999, 148568, 0, 0
3079999, 138638, 0, 0
3080999, 145765, 0, 0
3081999, 158586, 0, 0
3082999, 149893, 0, 0
3084000, 166420, 0, 0
3084999, 146978, 0, 0
3085999, 156968, 0, 0
3086999, 151607, 0, 0
3087999, 145433, 0, 0
3088999, 156256, 0, 0
3089999, 136104, 0, 0
3090999, 144276, 0, 0
3091999, 141309, 0, 0
3092999, 148848, 0, 0
3093999, 147207, 0, 0
3094999, 153245, 0, 0
3095999, 154594, 0, 0
3096999, 128660, 0, 0
3097999, 113557, 0, 0
3098999, 129389, 0, 0
3100000, 135184, 0, 0
3100999, 146070, 0, 0
3101999, 166942, 0, 0
3102999, 142794, 0, 0
3103999, 159695, 0, 0
3104999, 156908, 0, 0
3105999, 158038, 0, 0
3106999, 153413, 0, 0
3107999, 157565, 0, 0
3108999, 161089, 0, 0
3109999, 144792, 0, 0
3110999, 142726, 0, 0
3111999, 167723, 0, 0
3112999, 174322, 0, 0
3114000, 176348, 0, 0
3114999, 163827, 0, 0
3115999, 146002, 0, 0
3116999, 162350, 0, 0
3117999, 172756, 0, 0
3118999, 166234, 0, 0
3119999, 156384, 0, 0
3120999, 161885, 0, 0
3121999, 160364, 0, 0
3122999, 164264, 0, 0
3123999, 151783, 0, 0
3124999, 155375, 0, 0
3125999, 161069, 0, 0
3127000, 157384, 0, 0
3127999, 166998, 0, 0
3128999, 146538, 0, 0
3129999, 143111, 0, 0
3130999, 151595, 0, 0
3131999, 150762, 0, 0
3132999, 159587, 0, 0
3133999, 170686, 0, 0
3134999, 160656, 0, 0
3135999, 171495, 0, 0
3136999, 153001, 0, 0
3137999, 163791, 0, 0
3138999, 167443, 0, 0
3140000, 171840, 0, 0
3140999, 167639, 0, 0
3141999, 168928, 0, 0
3142999, 135263, 0, 0
3143999, 116024, 0, 0
3144999, 115503, 0, 0
3145999, 157677, 0, 0
3146999, 160540, 0, 0
3147999, 160088, 0, 0
3148999, 145905, 0, 0
3149999, 153381, 0, 0
3150999, 157037, 0, 0
3151999, 147315, 0, 0
3152999, 142858, 0, 0
3154000, 153441, 0, 0
3155000, 156532, 0, 0
3156000, 151311, 0, 0
3156999, 145549, 0, 0
3158000, 142092, 0, 0
3158999, 152844, 0, 0
3159999, 171675, 0, 0
3160999, 160572, 0, 0
3161999, 163355, 0, 0
3162999, 144000, 0, 0
3163999, 151127, 0, 0
3164999, 146834, 0, 0
3165999, 143835, 0, 0
3166999, 144204, 0, 0
3167999, 138838, 0, 0
3168999, 154278, 0, 0
3169999, 143015, 0, 0
3170999, 173237, 0, 0
3171999, 149005, 0, 0
3172999, 142998, 0, 0
3173999, 154882, 0, 0
3174999, 139815, 0, 0
3175999, 147383, 0, 0
3176999, 162006, 0, 0
3177999, 147455, 0, 0
3178999, 143211, 0, 0
3179999, 149121, 0, 0
3180999, 161281, 0, 0
3181999, 153873, 0, 0
3182999, 161493, 0, 0
3183999, 143711, 0, 0
3184999, 156456, 0, 0
3185999, 153473, 0, 0
3186999, 166134, 0, 0
3187999, 160316, 0, 0
3188999, 148620, 0, 0
3189999, 153709, 0, 0
3190999, 153665, 0, 0
3191999, 160536, 0, 0
3192999, 153873, 0, 0
3193999, 137221, 0, 0
3194999, 146786, 0, 0
3195999, 157585, 0, 0
3196999, 142626, 0, 0
3197999, 145949, 0, 0
3198999, 160408, 0, 0
3199999, 148860, 0, 0
3200999, 149357, 0, 0
3201999, 151515, 0, 0
3202999, 167783, 0, 0
3203999, 146718, 0, 0
3204999, 153101, 0, 0
3205999, 145337, 0, 0
3206999, 167127, 0, 0
3207999, 158394, 0, 0
3208999, 159715, 0, 0
3210000, 167875, 0, 0
3210999, 152992, 0, 0
3211999, 152540, 0, 0
3212999, 152756, 0, 0
3213999, 166246, 0, 0
3214999, 152708, 0, 0
3215999, 162346, 0, 0
3216999, 157941, 0, 0
3217999, 156996, 0, 0
3218999, 158202, 0, 0
3219999, 166730, 0, 0
3220999, 155127, 0, 0
3221999, 158202, 0, 0
3222999, 155667, 0, 0
3223999, 162450, 0, 0
3224999, 153661, 0, 0
3225999, 169037, 0, 0
3226999, 139383, 0, 0
3227999, 141009, 0, 0
3229000, 145189, 0, 0
3230000, 156032, 0, 0
3230999, 137749, 0, 0
3231999, 153153, 0, 0
3232999, 153641, 0, 0
3233999, 148088, 0, 0
3234999, 149505, 0, 0
3235999, 140220, 0, 0
3236999, 140120, 0, 0
3237999, 140704, 0, 0
3238999, 136780, 0, 0
3239999, 138106, 0, 0
3240999, 139711, 0, 0
3241999, 140432, 0, 0
3242999, 133465, 0, 0
3244000, 141089, 0, 0
3244999, 157513, 0, 0
3245999, 134702, 0, 0
3247000, 147327, 0, 0
3247999, 141237, 0, 0
3249000, 144724, 0, 0
3249999, 150422, 0, 0
3250999, 164420, 0, 0
3251999, 143755, 0, 0
3252999, 142874, 0, 0
3253999, 151855, 0, 0
3254999, 133505, 0, 0
3255999, 137525, 0, 0
3256999, 136216, 0, 0
3257999, 124312, 0, 0
3258999, 128520, 0, 0
3259999, 140628, 0, 0
3260999, 127963, 0, 0
3261999, 129465, 0, 0
3262999, 132660, 0, 0
3263999, 162762, 0, 0
3264999, 163647, 0, 0
3265999, 161405, 0, 0
3266999, 144712, 0, 0
3267999, 158762, 0, 0
3268999, 154146, 0, 0
3269999, 159127, 0, 0
3270999, 157449, 0, 0
3271999, 155491, 0, 0
3272999, 153789, 0, 0
3273999, 151771, 0, 0
3274999, 143283, 0, 0
3275999, 150078, 0, 0
3276999, 152852, 0, 0
3278000, 143956, 0, 0
3278999, 163483, 0, 0
3279999, 156156, 0, 0
3280999, 167763, 0, 0
3281999, 149849, 0, 0
3282999, 155099, 0, 0
3283999, 156732, 0, 0
3284999, 151119, 0, 0
3285999, 157853, 0, 0
3287000, 150434, 0, 0
3287999, 135255, 0, 0
3288999, 151867, 0, 0
3289999, 143083, 0, 0
3291000, 150248, 0, 0
3292000, 150712, 0, 0
3293000, 156208, 0, 0
3294000, 132720, 0, 0
3295000, 144640, 0, 0
3295999, 145837, 0, 0
3297000, 137165, 0, 0
3297999, 140280, 0, 0
3298999, 142354, 0, 0
3299999, 154010, 0, 0
3300999, 150778, 0, 0
3302000, 148896, 0, 0
3303000, 135020, 0, 0
3303999, 155903, 0, 0
3305000, 146112, 0, 0
3305999, 153897, 0, 0
3306999, 147875, 0, 0
3307999, 153389, 0, 0
3308999, 141729, 0, 0
3309999, 141189, 0, 0
3310999, 142642, 0, 0
3311999, 154562, 0, 0
3312999, 142858, 0, 0
3313999, 148896, 0, 0
3314999, 145229, 0, 0
3315999, 142050, 0, 0
3316999, 143251, 0, 0
3317999, 148680, 0, 0
3318999, 154494, 0, 0
3319999, 153461, 0, 0
3320999, 153065, 0, 0
3321999, 146318, 0, 0
3322999, 152268, 0, 0
3323999, 150218, 0, 0
3324999, 142414, 0, 0
3325999, 147579, 0, 0
3326999, 140012, 0, 0
3327999, 152648, 0, 0
3328999, 145865, 0, 0
3329999, 165237, 0, 0
3330999, 155663, 0, 0
3331999, 165425, 0, 0
3332999, 160972, 0, 0
3334000, 157936, 0, 0
3334999, 151323, 0, 0
3335999, 158746, 0, 0
3336999, 140976, 0, 0
3337999, 155279, 0, 0
3338999, 151415, 0, 0
3339999, 143019, 0, 0
3340999, 152264, 0, 0
3341999, 155295, 0, 0
3342999, 139859, 0, 0
3343999, 145113, 0, 0
3344999, 145881, 0, 0
3345999, 147131, 0, 0
3346999, 139687, 0, 0
3347999, 151283, 0, 0
3348999, 148172, 0, 0
3350000, 142216, 0, 0
3350999, 148348, 0, 0
3351999, 148808, 0, 0
3353000, 146648, 0, 0
3353999, 137285, 0, 0
3354999, 140904, 0, 0
3355999, 149581, 0, 0
3356999, 155167, 0, 0
3357999, 144972, 0, 0
3358999, 145669, 0, 0
3359999, 150098, 0, 0
3360999, 146058, 0, 0
3361999, 148020, 0, 0
3362999, 151435, 0, 0
3363999, 149485, 0, 0
3364999, 148792, 0, 0
3365999, 138670, 0, 0
3366999, 132672, 0, 0
3367999, 141265, 0, 0
3368999, 151615, 0, 0
3369999, 144816, 0, 0
3370999, 143735, 0, 0
3372000, 150670, 0, 0
3373000, 158352, 0, 0
3373999, 146970, 0, 0
3374999, 139319, 0, 0
3375999, 148804, 0, 0
3376999, 155679, 0, 0
3377999, 159527, 0, 0
3378999, 153465, 0, 0
3379999, 153569, 0, 0
3380999, 160412, 0, 0
3382000, 147491, 0, 0
3382999, 149329, 0, 0
3383999, 141417, 0, 0
3384999, 167547, 0, 0
3385999, 161993, 0, 0
3386999, 150366, 0, 0
3387999, 165365, 0, 0
3388999, 152564, 0, 0
3389999, 147435, 0, 0
3390999, 146378, 0, 0
3391999, 156544, 0, 0
3392999, 152576, 0, 0
3394000, 168820, 0, 0
3395000, 156824, 0, 0
3395999, 160028, 0, 0
3396999, 144776, 0, 0
3397999, 157377, 0, 0
3398999, 146206, 0, 0
3399999, 142746, 0, 0
3400999, 151203, 0, 0
3401999, 167123, 0, 0
3402999, 151031, 0, 0
3403999, 150374, 0, 0
3404999, 144728, 0, 0
3405999, 147247, 0, 0
3406999, 166274, 0, 0
3407999, 152236, 0, 0
3408999, 130890, 0, 0
3409999, 166722, 0, 0
3411000, 144420, 0, 0
3412000, 140148, 0, 0
3412999, 156508, 0, 0
3413999, 146086, 0, 0
3414999, 158610, 0, 0
3415999, 154818, 0, 0
3416999, 150146, 0, 0
3417999, 153897, 0, 0
3418999, 141173, 0, 0
3419999, 143075, 0, 0
3420999, 139747, 0, 0
3421999, 147535, 0, 0
3422999, 151107, 0, 0
3423999, 154150, 0, 0
3424999, 157217, 0, 0
3425999, 154678, 0, 0
3426999, 158534, 0, 0
3427999, 150434, 0, 0
3428999, 153781, 0, 0
3429999, 155007, 0, 0
3430999, 137373, 0, 0
3431999, 148164, 0, 0
3432999, 144524, 0, 0
3433999, 139763, 0, 0
3434999, 138798, 0, 0
3435999, 147311, 0, 0
3436999, 126566, 0, 0
3437999, 129925, 0, 0
3438999, 136320, 0, 0
3439999, 160068, 0, 0
3440999, 135159, 0, 0
3441999, 108500, 0, 0
3443000, 120548, 0, 0
3443999, 140848, 0, 0
3444999, 157173, 0, 0
3445999, 119407, 0, 0
3446999, 116392, 0, 0
3447999, 135043, 0, 0
3448999, 129873, 0, 0
3449999, 134622, 0, 0
3450999, 147383, 0, 0
3451999, 142746, 0, 0
3452999, 147199, 0, 0
3454000, 150828, 0, 0
3454999, 137985, 0, 0
3455999, 131667, 0, 0
3456999, 124084, 0, 0
3457999, 118442, 0, 0
3458999, 122302, 0, 0
3459999, 148056, 0, 0
3460999, 165973, 0, 0
3461999, 153009, 0, 0
3462999, 150582, 0, 0
3464000, 152564, 0, 0
3464999, 151975, 0, 0
3465999, 141865, 0, 0
3466999, 144884, 0, 0
3467999, 153157, 0, 0
3468999, 141561, 0, 0
3469999, 141177, 0, 0
3470999, 143167, 0, 0
3471999, 146798, 0, 0
3472999, 136524, 0, 0
3473999, 144060, 0, 0
3474999, 138966, 0, 0
3475999, 137709, 0, 0
3476999, 133361, 0, 0
3477999, 138038, 0, 0
3478999, 137597, 0, 0
3479999, 138858, 0, 0
3480999, 137529, 0, 0
3481999, 138230, 0, 0
3482999, 135183, 0, 0
3483999, 132196, 0, 0
3484999, 139743, 0, 0
3485999, 132168, 0, 0
3486999, 134554, 0, 0
3487999, 132248, 0, 0
3488999, 131535, 0, 0
3489999, 134830, 0, 0
3490999, 134678, 0, 0
3491999, 133501, 0, 0
3492999, 132720, 0, 0
3493999, 133777, 0, 0
3494999, 130570, 0, 0
3495999, 131235, 0, 0
3496999, 133209, 0, 0
3497999, 137897, 0, 0
3498999, 135507, 0, 0
3499999, 135367, 0, 0
3500999, 133869, 0, 0
3501999, 134474, 0, 0
3502999, 134878, 0, 0
3503999, 137405, 0, 0
3504999, 142682, 0, 0
3505999, 136756, 0, 0
3506999, 143487, 0, 0
3507999, 111519, 0, 0
3508999, 109729, 0, 0
3509999, 115435, 0, 0
3510999, 119591, 0, 0
3511999, 108596, 0, 0
3512999, 120836, 0, 0
3513999, 114422, 0, 0
3514999, 110878, 0, 0
3515999, 121833, 0, 0
3516999, 113705, 0, 0
3517999, 114178, 0, 0
3518999, 109201, 0, 0
3519999, 111295, 0, 0
3520999, 117513, 0, 0
3521999, 129801, 0, 0
3522999, 134002, 0, 0
3524000, 135772, 0, 0
3525000, 131764, 0, 0
3525999, 135935, 0, 0
3526999, 131883, 0, 0
3527999, 133793, 0, 0
3528999, 136380, 0, 0
3529999, 146282, 0, 0
3530999, 138510, 0, 0
3531999, 138714, 0, 0
3532999, 132572, 0, 0
3533999, 137309, 0, 0
3534999, 141189, 0, 0
3535999, 132752, 0, 0
3536999, 137517, 0, 0
3537999, 133177, 0, 0
3538999, 148240, 0, 0
3539999, 130786, 0, 0
3540999, 129317, 0, 0
3541999, 130278, 0, 0
3542999, 135503, 0, 0
3543999, 133225, 0, 0
3544999, 130650, 0, 0
3545999, 134830, 0, 0
3546999, 137385, 0, 0
3547999, 139215, 0, 0
3548999, 142514, 0, 0
3549999, 131219, 0, 0
3550999, 137477, 0, 0
3551999, 131079, 0, 0
3552999, 131207, 0, 0
3553999, 141093, 0, 0
3554999, 135767, 0, 0
3556000, 135192, 0, 0
3556999, 129785, 0, 0
3557999, 131439, 0, 0
3558999, 131403, 0, 0
3559999, 141837, 0, 0
3561000, 140892, 0, 0
3561999, 146674, 0, 0
3563000, 140468, 0, 0
3564000, 144332, 0, 0
3565000, 145277, 0, 0
3566000, 144036, 0, 0
3566999, 152656, 0, 0
3567999, 158014, 0, 0
3568999, 139583, 0, 0
3569999, 152552, 0, 0
3570999, 161885, 0, 0
3571999, 159439, 0, 0
3572999, 151527, 0, 0
3573999, 144492, 0, 0
3574999, 138910, 0, 0
3575999, 141573, 0, 0
3576999, 136808, 0, 0
3577999, 137845, 0, 0
3578999, 136696, 0, 0
3579999, 136344, 0, 0
3580999, 134554, 0, 0
3581999, 138578, 0, 0
3582999, 139199, 0, 0
3583999, 138890, 0, 0
3584999, 138498, 0, 0
3585999, 133517, 0, 0
3586999, 132180, 0, 0
3587999, 144448, 0, 0
3588999, 142666, 0, 0
3589999, 146806, 0, 0
3590999, 150230, 0, 0
3591999, 143499, 0, 0
3592999, 143003, 0, 0
3593999, 159587, 0, 0
3594999, 181193, 0, 0
3595999, 149689, 0, 0
3596999, 142650, 0, 0
3597999, 146266, 0, 0
3598999, 145801, 0, 0
3600000, 144124, 0, 0
