1077, 543366862, 0, 0
2062, 545526103, 0, 0
3017, 532559370, 0, 0
4011, 492151078, 0, 0
5041, 505530994, 0, 0
6014, 503613235, 0, 0
7016, 496294539, 0, 0
8032, 503930784, 0, 0
9000, 499691170, 0, 0
10030, 517296459, 0, 0
11004, 523862733, 0, 0
12046, 501031073, 0, 0
13019, 503179998, 0, 0
14031, 500902076, 0, 0
15041, 530719836, 0, 0
16036, 487920301, 0, 0
17054, 500376897, 0, 0
18012, 502593918, 0, 0
19017, 496879267, 0, 0
20042, 500602880, 0, 0
21027, 507013105, 0, 0
22026, 494235953, 0, 0
23004, 511447533, 0, 0
24000, 516021386, 0, 0
25056, 519702495, 0, 0
26032, 512303352, 0, 0
27033, 498950437, 0, 0
28046, 486251494, 0, 0
29036, 486463158, 0, 0
30052, 487138352, 0, 0
31059, 488394712, 0, 0
32004, 494158774, 0, 0
33028, 483587178, 0, 0
34008, 513710284, 0, 0
35033, 491062390, 0, 0
36040, 484600029, 0, 0
37002, 507575315, 0, 0
38035, 496931999, 0, 0
39020, 576097972, 0, 0
40049, 505036898, 0, 0
41050, 495910681, 0, 0
42061, 506903914, 0, 0
43056, 494692134, 0, 0
44005, 490166440, 0, 0
45029, 478728622, 0, 0
46030, 479521161, 0, 0
47009, 508695171, 0, 0
48017, 488070891, 0, 0
49042, 491480443, 0, 0
50015, 494039289, 0, 0
51026, 515908753, 0, 0
52047, 496423581, 0, 0
53051, 514988478, 0, 0
54056, 483931835, 0, 0
55038, 476390245, 0, 0
56024, 473195070, 0, 0
57058, 494376660, 0, 0
58011, 472778173, 0, 0
59053, 500669691, 0, 0
60061, 505914454, 0, 0
61011, 495243581, 0, 0
62043, 492334887, 0, 0
63048, 510192009, 0, 0
64011, 497506698, 0, 0
65011, 486836443, 0, 0
66040, 480175842, 0, 0
67051, 505047526, 0, 0
68012, 498814047, 0, 0
69005, 478129988, 0, 0
70056, 480267104, 0, 0
71018, 513433352, 0, 0
72023, 480958048, 0, 0
73010, 487765310, 0, 0
74020, 495122771, 0, 0
75040, 499371007, 0, 0
76058, 506470772, 0, 0
77006, 503571540, 0, 0
78009, 485187407, 0, 0
79015, 491730795, 0, 0
80018, 489927523, 0, 0
81034, 494246019, 0, 0
82002, 487201550, 0, 0
83029, 498003116, 0, 0
84023, 517411198, 0, 0
85044, 491393369, 0, 0
86022, 490366585, 0, 0
87003, 493438039, 0, 0
88022, 491707571, 0, 0
89063, 503627400, 0, 0
90052, 492905864, 0, 0
91032, 504628525, 0, 0
92040, 498784453, 0, 0
93042, 512114438, 0, 0
94061, 481450659, 0, 0
95012, 459744344, 0, 0
96002, 466855530, 0, 0
97018, 467707105, 0, 0
98053, 486364198, 0, 0
99049, 493073944, 0, 0
100048, 493066938, 0, 0
101026, 495325741, 0, 0
102036, 465829910, 0, 0
103004, 491663731, 0, 0
104009, 485865979, 0, 0
105043, 501263590, 0, 0
106002, 479331277, 0, 0
107040, 493650773, 0, 0
108062, 509314923, 0, 0
109023, 483010013, 0, 0
110003, 478578690, 0, 0
111031, 472321694, 0, 0
112035, 491060288, 0, 0
113003, 450223249, 0, 0
114009, 479064118, 0, 0
115013, 464922195, 0, 0
116042, 489281481, 0, 0
117062, 472125935, 0, 0
118030, 503379525, 0, 0
119013, 486689253, 0, 0
120035, 497866162, 0, 0
121020, 451878536, 0, 0
122054, 477592431, 0, 0
123029, 498857095, 0, 0
124074, 471647958, 0, 0
125050, 443439727, 0, 0
126031, 482798438, 0, 0
127006, 510631923, 0, 0
128031, 469192267, 0, 0
129025, 459109755, 0, 0
130016, 473157935, 0, 0
131058, 495555908, 0, 0
132010, 498610781, 0, 0
133011, 452544619, 0, 0
134003, 454940141, 0, 0
135012, 448549835, 0, 0
136011, 503179541, 0, 0
137041, 458135019, 0, 0
138052, 472279249, 0, 0
139044, 468170828, 0, 0
140032, 492328438, 0, 0
141061, 471258086, 0, 0
142033, 485356680, 0, 0
143010, 491058291, 0, 0
144050, 487694121, 0, 0
145041, 487051069, 0, 0
146042, 465430789, 0, 0
147047, 449908194, 0, 0
148011, 468609015, 0, 0
149015, 455391531, 0, 0
150043, 445099391, 0, 0
151003, 484987611, 0, 0
152043, 473515825, 0, 0
153059, 462078580, 0, 0
154037, 487685045, 0, 0
155025, 464721091, 0, 0
156060, 477438413, 0, 0
157004, 450518493, 0, 0
158045, 489893861, 0, 0
159066, 473401905, 0, 0
160016, 466198575, 0, 0
161047, 460469802, 0, 0
162029, 479119098, 0, 0
163012, 488459702, 0, 0
164003, 462978978, 0, 0
165023, 464543980, 0, 0
166054, 466323302, 0, 0
167012, 470260401, 0, 0
168018, 454156911, 0, 0
169002, 443776608, 0, 0
170004, 455711989, 0, 0
171038, 468466007, 0, 0
172039, 444150326, 0, 0
173066, 440388112, 0, 0
174024, 483025183, 0, 0
175059, 484211146, 0, 0
176043, 469434552, 0, 0
177000, 485545662, 0, 0
178003, 437569045, 0, 0
179031, 455622116, 0, 0
180027, 437978061, 0, 0
181060, 472360048, 0, 0
182025, 455968343, 0, 0
183043, 456443702, 0, 0
184010, 456776718, 0, 0
185059, 482132571, 0, 0
186067, 494978623, 0, 0
187001, 451687601, 0, 0
188008, 462729039, 0, 0
189023, 456186323, 0, 0
190056, 488420327, 0, 0
191018, 472795777, 0, 0
192040, 476063688, 0, 0
193070, 474249474, 0, 0
194024, 453116042, 0, 0
195001, 476999412, 0, 0
196054, 494116822, 0, 0
197006, 476145993, 0, 0
198034, 471029677, 0, 0
199000, 449728369, 0, 0
200052, 436601175, 0, 0
201062, 495468375, 0, 0
202033, 448690970, 0, 0
203057, 446667749, 0, 0
204022, 454246712, 0, 0
205007, 470794900, 0, 0
206016, 452049248, 0, 0
207019, 480327594, 0, 0
208004, 442348580, 0, 0
209058, 466378987, 0, 0
210001, 430910305, 0, 0
211015, 451924827, 0, 0
212039, 454054847, 0, 0
213006, 444545903, 0, 0
214016, 444873719, 0, 0
215010, 459205749, 0, 0
216019, 453778406, 0, 0
217041, 438767979, 0, 0
218060, 449688407, 0, 0
219054, 429424328, 0, 0
220059, 439365267, 0, 0
221061, 456491416, 0, 0
222028, 450065367, 0, 0
223029, 490117294, 0, 0
224062, 459626641, 0, 0
225042, 451989275, 0, 0
226047, 488539810, 0, 0
227025, 481706259, 0, 0
228059, 453854623, 0, 0
229009, 443457878, 0, 0
230011, 453987137, 0, 0
231030, 442725878, 0, 0
232073, 465743498, 0, 0
233034, 453678978, 0, 0
234031, 481829415, 0, 0
235021, 478558258, 0, 0
236011, 432933492, 0, 0
237059, 457014581, 0, 0
238052, 475590744, 0, 0
239013, 450917079, 0, 0
240008, 416291206, 0, 0
241020, 439707108, 0, 0
242056, 446992022, 0, 0
243058, 470910405, 0, 0
244054, 450277713, 0, 0
245000, 441562348, 0, 0
246039, 429485673, 0, 0
247047, 451523480, 0, 0
248058, 496625585, 0, 0
249042, 459749217, 0, 0
250026, 441346512, 0, 0
251036, 442677835, 0, 0
252049, 427008480, 0, 0
253055, 433288865, 0, 0
254044, 411416173, 0, 0
255054, 461760054, 0, 0
256049, 424668711, 0, 0
257017, 435570342, 0, 0
258034, 456461667, 0, 0
259064, 433638370, 0, 0
260034, 439437785, 0, 0
261044, 447999860, 0, 0
262038, 421529150, 0, 0
263050, 445251157, 0, 0
264058, 416621256, 0, 0
265034, 439444127, 0, 0
266049, 429930252, 0, 0
267025, 424496342, 0, 0
268023, 455856634, 0, 0
269067, 448943960, 0, 0
270037, 456347615, 0, 0
271043, 444569083, 0, 0
272051, 440570142, 0, 0
273064, 446392832, 0, 0
274045, 460185634, 0, 0
275001, 420338283, 0, 0
276021, 431298930, 0, 0
277017, 459522253, 0, 0
278060, 438479035, 0, 0
279050, 431357922, 0, 0
280060, 430828669, 0, 0
281001, 439591059, 0, 0
282050, 431792350, 0, 0
283011, 463077780, 0, 0
284073, 445026335, 0, 0
285003, 428500565, 0, 0
286058, 412770753, 0, 0
287047, 414231082, 0, 0
288053, 445951033, 0, 0
289023, 423217207, 0, 0
290039, 417510225, 0, 0
291051, 437252184, 0, 0
292018, 435229570, 0, 0
293020, 449670993, 0, 0
294002, 403755229, 0, 0
295013, 437503894, 0, 0
296016, 430265325, 0, 0
297062, 432399407, 0, 0
298029, 433457147, 0, 0
299052, 428261274, 0, 0
300066, 412349598, 0, 0
301011, 447282947, 0, 0
302004, 427152598, 0, 0
303026, 419201538, 0, 0
304003, 419033690, 0, 0
305048, 453880453, 0, 0
306029, 431425579, 0, 0
307010, 428224099, 0, 0
308035, 400619124, 0, 0
309049, 402878570, 0, 0
310007, 450685667, 0, 0
311028, 435296676, 0, 0
312054, 425794511, 0, 0
313026, 433680129, 0, 0
314050, 426856859, 0, 0
315046, 435448730, 0, 0
316004, 423714957, 0, 0
317031, 416876116, 0, 0
318044, 441540625, 0, 0
319050, 445449759, 0, 0
320000, 396192472, 0, 0
321032, 426423999, 0, 0
322015, 428526079, 0, 0
323017, 427721397, 0, 0
324027, 430619045, 0, 0
325001, 474855472, 0, 0
326024, 433739442, 0, 0
327062, 460261215, 0, 0
328031, 431370086, 0, 0
329054, 402732249, 0, 0
330055, 448743147, 0, 0
331063, 405841721, 0, 0
332011, 437689663, 0, 0
333061, 433047464, 0, 0
334012, 419327632, 0, 0
335004, 445045776, 0, 0
336023, 425534789, 0, 0
337049, 419268136, 0, 0
338054, 413293337, 0, 0
339069, 437299629, 0, 0
340027, 441861239, 0, 0
341000, 404066128, 0, 0
342034, 439296316, 0, 0
343044, 396417868, 0, 0
344014, 426429922, 0, 0
345031, 404377904, 0, 0
346002, 448412120, 0, 0
347002, 411209913, 0, 0
348041, 429030430, 0, 0
349021, 408691036, 0, 0
350031, 452911159, 0, 0
351006, 435069227, 0, 0
352017, 454569319, 0, 0
353031, 403726400, 0, 0
354017, 415550095, 0, 0
355064, 418172875, 0, 0
356040, 426804139, 0, 0
357047, 417956430, 0, 0
358013, 454170954, 0, 0
359061, 436133572, 0, 0
360051, 391964224, 0, 0
361024, 402796857, 0, 0
362013, 406436077, 0, 0
363053, 404810501, 0, 0
364036, 421866226, 0, 0
365020, 447579798, 0, 0
366059, 387607439, 0, 0
367023, 429910392, 0, 0
368046, 419264552, 0, 0
369010, 428434498, 0, 0
370025, 408258335, 0, 0
371029, 440317101, 0, 0
372030, 413124036, 0, 0
373055, 432228981, 0, 0
374045, 411866773, 0, 0
375058, 408523999, 0, 0
376014, 401528427, 0, 0
377013, 426378891, 0, 0
378019, 381840650, 0, 0
379024, 397049273, 0, 0
380008, 438326577, 0, 0
381010, 405863158, 0, 0
382022, 423485235, 0, 0
383020, 444655954, 0, 0
384048, 395981997, 0, 0
385039, 410492205, 0, 0
386014, 406105078, 0, 0
387033, 428034390, 0, 0
388042, 416949574, 0, 0
389040, 394443169, 0, 0
390031, 395901332, 0, 0
391011, 411050028, 0, 0
392012, 408934186, 0, 0
393050, 388237960, 0, 0
394054, 391001686, 0, 0
395063, 440021962, 0, 0
396017, 407977843, 0, 0
397002, 412444477, 0, 0
398038, 412980991, 0, 0
399014, 388177083, 0, 0
400020, 380745179, 0, 0
401018, 427683454, 0, 0
402028, 382733931, 0, 0
403001, 393032772, 0, 0
404018, 391328670, 0, 0
405004, 398364180, 0, 0
406043, 381739845, 0, 0
407008, 420177914, 0, 0
408048, 402751179, 0, 0
409030, 431914688, 0, 0
410056, 408247164, 0, 0
411032, 378937172, 0, 0
412038, 387502478, 0, 0
413012, 430019567, 0, 0
414027, 386645300, 0, 0
415045, 393278056, 0, 0
416013, 436847911, 0, 0
417016, 387452486, 0, 0
418022, 392343211, 0, 0
419041, 367823789, 0, 0
420057, 379563648, 0, 0
421067, 365399744, 0, 0
422046, 394898253, 0, 0
423041, 418244542, 0, 0
424016, 396577386, 0, 0
425024, 405435178, 0, 0
426037, 387504943, 0, 0
427011, 389669194, 0, 0
428032, 424387875, 0, 0
429052, 410503087, 0, 0
430021, 416983281, 0, 0
431053, 397494247, 0, 0
432032, 393332862, 0, 0
433004, 412098331, 0, 0
434030, 378376788, 0, 0
435016, 377937139, 0, 0
436052, 414093336, 0, 0
437062, 389073884, 0, 0
438017, 418724712, 0, 0
439018, 387603573, 0, 0
440025, 376587669, 0, 0
441049, 414244531, 0, 0
442051, 370145836, 0, 0
443054, 361181946, 0, 0
444039, 410631663, 0, 0
445004, 405983288, 0, 0
446027, 411728067, 0, 0
447054, 387352737, 0, 0
448052, 416420107, 0, 0
449007, 389321490, 0, 0
450032, 356340371, 0, 0
451008, 384915255, 0, 0
452055, 425527369, 0, 0
453050, 360717968, 0, 0
454034, 372239428, 0, 0
455029, 393754637, 0, 0
456002, 380249406, 0, 0
457048, 399204429, 0, 0
458040, 378620080, 0, 0
459037, 357733225, 0, 0
460000, 386219848, 0, 0
461007, 375731311, 0, 0
462032, 356001156, 0, 0
463025, 393493602, 0, 0
464052, 414080083, 0, 0
465016, 378577496, 0, 0
466027, 412187192, 0, 0
467070, 400038143, 0, 0
468028, 350194971, 0, 0
469005, 388524701, 0, 0
470027, 411401800, 0, 0
471050, 379093119, 0, 0
472027, 393661496, 0, 0
473057, 406147322, 0, 0
474003, 388699478, 0, 0
475009, 394197484, 0, 0
476033, 410976668, 0, 0
477037, 380644492, 0, 0
478058, 380939384, 0, 0
479051, 367759060, 0, 0
480028, 370330595, 0, 0
481011, 362023083, 0, 0
482007, 364372707, 0, 0
483025, 378635594, 0, 0
484059, 407361035, 0, 0
485047, 400819674, 0, 0
486062, 379006961, 0, 0
487018, 384676268, 0, 0
488027, 400703683, 0, 0
489031, 380346553, 0, 0
490021, 381597928, 0, 0
491021, 357077820, 0, 0
492039, 353375200, 0, 0
493055, 373440513, 0, 0
494001, 364213754, 0, 0
495019, 372106533, 0, 0
496000, 388176797, 0, 0
497036, 411401152, 0, 0
498041, 376707727, 0, 0
499023, 356162877, 0, 0
500027, 376055041, 0, 0
501043, 399906366, 0, 0
502056, 405164923, 0, 0
503016, 361906455, 0, 0
504023, 384960068, 0, 0
505007, 373348607, 0, 0
506041, 367381766, 0, 0
507007, 353920388, 0, 0
508002, 390141067, 0, 0
509029, 361405204, 0, 0
510022, 356788440, 0, 0
511009, 378767783, 0, 0
512045, 432304422, 0, 0
513058, 370283553, 0, 0
514018, 361014598, 0, 0
515028, 405595120, 0, 0
516039, 371787565, 0, 0
517029, 341660265, 0, 0
518056, 367652825, 0, 0
519012, 362389474, 0, 0
520001, 355719830, 0, 0
521002, 353983807, 0, 0
522008, 373954540, 0, 0
523034, 333260801, 0, 0
524033, 354750343, 0, 0
525026, 371363757, 0, 0
526052, 374928949, 0, 0
527039, 346458695, 0, 0
528036, 380918635, 0, 0
529014, 393934967, 0, 0
530036, 358066726, 0, 0
531053, 360804814, 0, 0
532032, 388094833, 0, 0
533031, 344032049, 0, 0
534028, 342194933, 0, 0
535046, 370942846, 0, 0
536019, 375195840, 0, 0
537029, 355699685, 0, 0
538051, 380635422, 0, 0
539044, 356022446, 0, 0
540049, 345946738, 0, 0
541027, 364361991, 0, 0
542021, 367396766, 0, 0
543047, 351864101, 0, 0
544001, 358480111, 0, 0
545000, 363296583, 0, 0
546007, 353136707, 0, 0
547058, 374027170, 0, 0
548028, 369360601, 0, 0
549021, 368150987, 0, 0
550054, 355180495, 0, 0
551038, 361276376, 0, 0
552057, 380464629, 0, 0
553009, 374563338, 0, 0
554049, 338005265, 0, 0
555043, 393379000, 0, 0
556052, 349263832, 0, 0
557019, 374535214, 0, 0
558000, 389747274, 0, 0
559055, 346446166, 0, 0
560022, 338263074, 0, 0
561025, 373739939, 0, 0
562048, 389886288, 0, 0
563019, 341566450, 0, 0
564048, 371180656, 0, 0
565053, 346017523, 0, 0
566013, 370330898, 0, 0
567058, 339430257, 0, 0
568004, 361673922, 0, 0
569009, 335093959, 0, 0
570057, 364484825, 0, 0
571042, 371488700, 0, 0
572053, 346897565, 0, 0
573019, 388499332, 0, 0
574028, 363188881, 0, 0
575039, 339029242, 0, 0
576047, 370262515, 0, 0
577019, 346220651, 0, 0
578047, 354686236, 0, 0
579024, 348360252, 0, 0
580024, 366246652, 0, 0
581010, 328559909, 0, 0
582062, 382754420, 0, 0
583041, 329929826, 0, 0
584046, 329020836, 0, 0
585030, 381763360, 0, 0
586053, 334119041, 0, 0
587005, 331224312, 0, 0
588034, 332646605, 0, 0
589024, 307123259, 0, 0
590046, 313306402, 0, 0
591042, 382977642, 0, 0
592055, 332305970, 0, 0
593016, 366138742, 0, 0
594046, 330713669, 0, 0
595029, 341573354, 0, 0
596033, 329610228, 0, 0
597000, 364571565, 0, 0
598048, 353508757, 0, 0
599028, 351139809, 0, 0
600043, 345956459, 0, 0
601000, 337408000, 0, 0
602054, 353262433, 0, 0
603020, 378048333, 0, 0
604015, 386919269, 0, 0
605045, 378906461, 0, 0
606063, 354599325, 0, 0
607048, 334151143, 0, 0
608024, 322173177, 0, 0
609001, 335142896, 0, 0
610031, 374626288, 0, 0
611029, 365806264, 0, 0
612006, 357276791, 0, 0
613027, 351086333, 0, 0
614033, 356335147, 0, 0
615012, 312672276, 0, 0
616013, 356298764, 0, 0
617042, 370035692, 0, 0
618044, 378406818, 0, 0
619001, 312795287, 0, 0
620011, 341257401, 0, 0
621045, 360220162, 0, 0
622031, 343185583, 0, 0
623044, 343766586, 0, 0
624051, 332620711, 0, 0
625000, 319605475, 0, 0
626030, 327877912, 0, 0
627055, 319862649, 0, 0
628003, 328780241, 0, 0
629010, 318340964, 0, 0
630048, 338480654, 0, 0
631029, 327758358, 0, 0
632010, 388745896, 0, 0
633022, 333111648, 0, 0
634008, 338755866, 0, 0
635053, 385565273, 0, 0
636028, 367865011, 0, 0
637058, 366655370, 0, 0
638031, 338880686, 0, 0
639002, 345751274, 0, 0
640042, 368258310, 0, 0
641000, 334761961, 0, 0
642042, 300749394, 0, 0
643039, 340404145, 0, 0
644055, 329054653, 0, 0
645056, 294022057, 0, 0
646037, 340353490, 0, 0
647032, 328587454, 0, 0
648035, 335824327, 0, 0
649008, 331201701, 0, 0
650022, 301142801, 0, 0
651052, 298114967, 0, 0
652048, 331589208, 0, 0
653059, 343614596, 0, 0
654000, 355153119, 0, 0
655042, 363425816, 0, 0
656028, 363858875, 0, 0
657006, 346105381, 0, 0
658021, 299350928, 0, 0
659013, 368824668, 0, 0
660016, 360806512, 0, 0
661011, 315774105, 0, 0
662022, 355959246, 0, 0
663018, 319223627, 0, 0
664038, 334461095, 0, 0
665010, 358864774, 0, 0
666042, 357874113, 0, 0
667002, 317244858, 0, 0
668023, 304248276, 0, 0
669044, 352238139, 0, 0
670045, 321409996, 0, 0
671030, 319852957, 0, 0
672023, 365669443, 0, 0
673041, 326067119, 0, 0
674004, 315126676, 0, 0
675051, 322531830, 0, 0
676042, 351487375, 0, 0
677037, 352049924, 0, 0
678008, 327154208, 0, 0
679001, 343717665, 0, 0
680020, 305504096, 0, 0
681048, 322273138, 0, 0
682004, 346316318, 0, 0
683040, 342937967, 0, 0
684004, 310039291, 0, 0
685005, 341592981, 0, 0
686062, 308646403, 0, 0
687043, 340201251, 0, 0
688001, 313087658, 0, 0
689043, 335533816, 0, 0
690000, 298579467, 0, 0
691029, 336420619, 0, 0
692040, 341898413, 0, 0
693014, 332319506, 0, 0
694001, 300482964, 0, 0
695012, 320494873, 0, 0
696033, 311317930, 0, 0
697008, 324789648, 0, 0
698034, 315916065, 0, 0
699022, 315451509, 0, 0
700055, 293800566, 0, 0
701047, 324530103, 0, 0
702008, 329485677, 0, 0
703058, 315652230, 0, 0
704029, 307835511, 0, 0
705012, 334126798, 0, 0
706036, 303901198, 0, 0
707055, 322025912, 0, 0
708006, 323985243, 0, 0
709009, 308619841, 0, 0
710000, 291633461, 0, 0
711048, 294017166, 0, 0
712054, 301138005, 0, 0
713043, 315570280, 0, 0
714001, 314930712, 0, 0
715003, 323788626, 0, 0
716040, 338631351, 0, 0
717017, 276124531, 0, 0
718017, 311837672, 0, 0
719043, 321551915, 0, 0
720008, 328806452, 0, 0
721061, 323901336, 0, 0
722047, 305832037, 0, 0
723021, 332982866, 0, 0
724056, 336330516, 0, 0
725023, 343216576, 0, 0
726014, 347351393, 0, 0
727034, 315528130, 0, 0
728050, 294807713, 0, 0
729015, 306296972, 0, 0
730011, 304697148, 0, 0
731026, 289672000, 0, 0
732048, 351817432, 0, 0
733010, 323416135, 0, 0
734001, 322331967, 0, 0
735003, 318201541, 0, 0
736035, 287914055, 0, 0
737051, 312645386, 0, 0
738050, 312364362, 0, 0
739011, 297218298, 0, 0
740018, 269320746, 0, 0
741049, 318996078, 0, 0
742045, 320614271, 0, 0
743056, 310127139, 0, 0
744007, 285762968, 0, 0
745030, 321438989, 0, 0
746000, 324894994, 0, 0
747044, 283215951, 0, 0
748048, 331080067, 0, 0
749040, 300248329, 0, 0
750065, 331835690, 0, 0
751035, 324992539, 0, 0
752043, 243512465, 0, 0
753035, 333395633, 0, 0
754060, 299463194, 0, 0
755005, 288381759, 0, 0
756036, 314561357, 0, 0
757042, 301372565, 0, 0
758052, 319086174, 0, 0
759049, 292120699, 0, 0
760021, 303933109, 0, 0
761042, 297362012, 0, 0
762019, 303872531, 0, 0
763029, 286273395, 0, 0
764029, 341347771, 0, 0
765063, 278754047, 0, 0
766040, 287106018, 0, 0
767026, 275671502, 0, 0
768045, 299898446, 0, 0
769002, 266146696, 0, 0
770020, 285544543, 0, 0
771060, 362223580, 0, 0
772024, 315646797, 0, 0
773049, 284924846, 0, 0
774036, 291003459, 0, 0
775060, 330545935, 0, 0
776054, 328092989, 0, 0
777044, 283373261, 0, 0
778038, 283828184, 0, 0
779034, 270701621, 0, 0
780009, 292824950, 0, 0
781042, 301931088, 0, 0
782075, 289078987, 0, 0
783019, 293351773, 0, 0
784004, 309293521, 0, 0
785025, 273671707, 0, 0
786005, 283455612, 0, 0
787019, 304684530, 0, 0
788012, 324064447, 0, 0
789061, 298945971, 0, 0
790018, 305027010, 0, 0
791059, 296436983, 0, 0
792036, 270121684, 0, 0
793000, 301057976, 0, 0
794004, 294061471, 0, 0
795040, 343178604, 0, 0
796042, 313840942, 0, 0
797043, 302026389, 0, 0
798053, 237661949, 0, 0
799004, 304744921, 0, 0
800008, 251386262, 0, 0
801062, 305347537, 0, 0
802049, 299801295, 0, 0
803004, 297737136, 0, 0
804007, 293585921, 0, 0
805012, 261462190, 0, 0
806039, 283611921, 0, 0
807038, 318730514, 0, 0
808058, 278388102, 0, 0
809067, 296780630, 0, 0
810016, 290668265, 0, 0
811025, 296247720, 0, 0
812009, 275988410, 0, 0
813001, 284942784, 0, 0
814049, 322850070, 0, 0
815017, 301588516, 0, 0
816044, 291729796, 0, 0
817003, 280502664, 0, 0
818019, 259233483, 0, 0
819014, 301528406, 0, 0
820037, 284972509, 0, 0
821007, 287000187, 0, 0
822044, 309358137, 0, 0
823012, 261501153, 0, 0
824024, 278721923, 0, 0
825015, 264365872, 0, 0
826005, 259711856, 0, 0
827061, 274665008, 0, 0
828051, 285339395, 0, 0
829056, 246166200, 0, 0
830011, 280294712, 0, 0
831009, 263442208, 0, 0
832033, 284914296, 0, 0
833059, 274170158, 0, 0
834010, 275510557, 0, 0
835046, 279296428, 0, 0
836035, 268386738, 0, 0
837052, 261439258, 0, 0
838063, 262659154, 0, 0
839032, 272117660, 0, 0
840003, 263885336, 0, 0
841026, 276633559, 0, 0
842010, 270992145, 0, 0
843000, 302704078, 0, 0
844051, 264580654, 0, 0
845029, 273719318, 0, 0
846001, 288454955, 0, 0
847014, 247271629, 0, 0
848027, 250643003, 0, 0
849022, 246993366, 0, 0
850027, 256423840, 0, 0
851055, 260667396, 0, 0
852021, 292212708, 0, 0
853017, 264686393, 0, 0
854056, 265951158, 0, 0
855038, 283345694, 0, 0
856038, 253878291, 0, 0
857052, 258822475, 0, 0
858021, 294454698, 0, 0
859000, 282920803, 0, 0
860001, 286702404, 0, 0
861026, 260265228, 0, 0
862051, 267871141, 0, 0
863038, 264732063, 0, 0
864023, 267658877, 0, 0
865039, 264880162, 0, 0
866028, 276614738, 0, 0
867045, 296768427, 0, 0
868015, 263165618, 0, 0
869031, 275931788, 0, 0
870004, 284287254, 0, 0
871038, 270266977, 0, 0
872012, 258119870, 0, 0
873054, 283769055, 0, 0
874032, 252165156, 0, 0
875054, 275190711, 0, 0
876071, 246389683, 0, 0
877045, 280162726, 0, 0
878055, 267671416, 0, 0
879006, 245725372, 0, 0
880034, 278882888, 0, 0
881035, 256204359, 0, 0
882024, 231755421, 0, 0
883005, 261523290, 0, 0
884048, 260515477, 0, 0
885019, 282017678, 0, 0
886011, 272062232, 0, 0
887037, 241304708, 0, 0
888050, 270599634, 0, 0
889001, 264508401, 0, 0
890010, 267222828, 0, 0
891051, 254603642, 0, 0
892037, 253833431, 0, 0
893046, 270300500, 0, 0
894060, 250771964, 0, 0
895016, 268020727, 0, 0
896041, 270642772, 0, 0
897042, 259842244, 0, 0
898009, 261389737, 0, 0
899069, 278539049, 0, 0
900061, 263210681, 0, 0
901000, 267876197, 0, 0
902046, 285377497, 0, 0
903032, 240101314, 0, 0
904054, 257600101, 0, 0
905024, 252070297, 0, 0
906020, 254878387, 0, 0
907009, 253349724, 0, 0
908027, 261972135, 0, 0
909002, 266086102, 0, 0
910029, 248268106, 0, 0
911055, 239544760, 0, 0
912003, 257883304, 0, 0
913041, 264290390, 0, 0
914009, 263602764, 0, 0
915009, 282469170, 0, 0
916010, 256885629, 0, 0
917025, 252051152, 0, 0
918061, 286988100, 0, 0
919056, 258307261, 0, 0
920044, 327596581, 0, 0
921029, 281716443, 0, 0
922055, 245722177, 0, 0
923015, 274031470, 0, 0
924037, 239323548, 0, 0
925045, 238365151, 0, 0
926063, 233162323, 0, 0
927050, 249577501, 0, 0
928030, 237338824, 0, 0
929050, 257729325, 0, 0
930037, 250724977, 0, 0
931010, 243438691, 0, 0
932056, 228572295, 0, 0
933010, 265423858, 0, 0
934001, 249031405, 0, 0
935011, 232435393, 0, 0
936043, 240019464, 0, 0
937038, 237779076, 0, 0
938050, 234299689, 0, 0
939016, 260733329, 0, 0
940009, 262724445, 0, 0
941050, 256881994, 0, 0
942018, 272419833, 0, 0
943001, 239745457, 0, 0
944048, 229693877, 0, 0
945036, 235025112, 0, 0
946053, 249510328, 0, 0
947037, 262490470, 0, 0
948014, 281469630, 0, 0
949057, 266387697, 0, 0
950055, 229403906, 0, 0
951016, 227419345, 0, 0
952039, 249061263, 0, 0
953013, 230948735, 0, 0
954019, 263364793, 0, 0
955060, 260921463, 0, 0
956043, 226248185, 0, 0
957037, 243866817, 0, 0
958042, 228608783, 0, 0
959035, 248708760, 0, 0
960039, 282370805, 0, 0
961054, 244787284, 0, 0
962006, 239102790, 0, 0
963049, 228518276, 0, 0
964013, 233781283, 0, 0
965046, 249475369, 0, 0
966039, 240035695, 0, 0
967035, 250569670, 0, 0
968027, 237274106, 0, 0
969015, 240285037, 0, 0
970031, 244658739, 0, 0
971016, 229048030, 0, 0
972033, 243620468, 0, 0
973035, 263162180, 0, 0
974062, 241463801, 0, 0
975032, 251062931, 0, 0
976059, 242017265, 0, 0
977043, 246955071, 0, 0
978042, 243718815, 0, 0
979012, 240523675, 0, 0
980015, 232614640, 0, 0
981051, 231685347, 0, 0
982055, 255942524, 0, 0
983022, 227312948, 0, 0
984010, 244111689, 0, 0
985001, 246479705, 0, 0
986003, 256584592, 0, 0
987010, 250460546, 0, 0
988045, 256582380, 0, 0
989008, 241581522, 0, 0
990055, 225788307, 0, 0
991015, 230744679, 0, 0
992040, 246606849, 0, 0
993015, 208396040, 0, 0
994039, 229018365, 0, 0
995053, 234471573, 0, 0
996032, 230489640, 0, 0
997064, 222407192, 0, 0
998039, 245109749, 0, 0
999058, 223648430, 0, 0
1000021, 192361121, 0, 0
1001013, 231019339, 0, 0
1002016, 192339694, 0, 0
1003033, 227203417, 0, 0
1004030, 239326531, 0, 0
1005051, 234386918, 0, 0
1006058, 244326518, 0, 0
1007016, 236731970, 0, 0
1008053, 224357637, 0, 0
1009044, 240238484, 0, 0
1010000, 244276004, 0, 0
1011047, 222250939, 0, 0
1012032, 238363091, 0, 0
1013003, 234623500, 0, 0
1014059, 227035155, 0, 0
1015002, 210736287, 0, 0
1016019, 203885092, 0, 0
1017045, 262518783, 0, 0
1018008, 226032906, 0, 0
1019033, 207237659, 0, 0
1020047, 227903779, 0, 0
1021044, 217731076, 0, 0
1022041, 233982506, 0, 0
1023050, 223918817, 0, 0
1024009, 236280110, 0, 0
1025055, 250657328, 0, 0
1026014, 220753306, 0, 0
1027020, 226302615, 0, 0
1028001, 206544155, 0, 0
1029020, 233868548, 0, 0
1030043, 202556406, 0, 0
1031048, 215385247, 0, 0
1032026, 225047537, 0, 0
1033044, 231500282, 0, 0
1034026, 232165202, 0, 0
1035033, 226823757, 0, 0
1036029, 224295849, 0, 0
1037006, 238264061, 0, 0
1038014, 242392439, 0, 0
1039003, 205902710, 0, 0
1040007, 237810042, 0, 0
1041007, 194939480, 0, 0
1042013, 213775360, 0, 0
1043022, 207309768, 0, 0
1044042, 202237806, 0, 0
1045011, 221552604, 0, 0
1046061, 197770823, 0, 0
1047008, 203315634, 0, 0
1048033, 206118900, 0, 0
1049035, 250827574, 0, 0
1050029, 202870757, 0, 0
1051000, 201630290, 0, 0
1052026, 211882691, 0, 0
1053043, 231026820, 0, 0
1054021, 208705553, 0, 0
1055004, 200401520, 0, 0
1056009, 195947616, 0, 0
1057037, 241266396, 0, 0
1058063, 211674001, 0, 0
1059002, 204862258, 0, 0
1060054, 186860641, 0, 0
1061001, 308798065, 0, 0
1062007, 203770652, 0, 0
1063029, 225997865, 0, 0
1064054, 236796598, 0, 0
1065035, 228246883, 0, 0
1066009, 202942935, 0, 0
1067061, 211599899, 0, 0
1068035, 250680198, 0, 0
1069007, 218820276, 0, 0
1070027, 182330540, 0, 0
1071027, 196560364, 0, 0
1072048, 198838304, 0, 0
1073007, 211910736, 0, 0
1074006, 233349951, 0, 0
1075026, 211850420, 0, 0
1076032, 228182011, 0, 0
1077031, 223542673, 0, 0
1078040, 210142837, 0, 0
1079058, 220540879, 0, 0
1080006, 219299563, 0, 0
1081040, 213594724, 0, 0
1082062, 197717218, 0, 0
1083025, 203136356, 0, 0
1084018, 233116613, 0, 0
1085056, 216111970, 0, 0
1086055, 213592841, 0, 0
1087006, 206768328, 0, 0
1088022, 212987463, 0, 0
1089007, 212174585, 0, 0
1090069, 179378919, 0, 0
1091039, 191520121, 0, 0
1092005, 194614874, 0, 0
1093045, 193106287, 0, 0
1094045, 180182597, 0, 0
1095017, 189196986, 0, 0
1096046, 199684937, 0, 0
1097059, 205276659, 0, 0
1098031, 191986491, 0, 0
1099042, 180098933, 0, 0
1100029, 234430834, 0, 0
1101049, 181886208, 0, 0
1102037, 209768372, 0, 0
1103019, 187845565, 0, 0
1104067, 185936968, 0, 0
1105015, 209721484, 0, 0
1106010, 212962133, 0, 0
1107018, 177281155, 0, 0
1108042, 174937084, 0, 0
1109052, 208290586, 0, 0
1110048, 194174530, 0, 0
1111016, 216999025, 0, 0
1112033, 181671108, 0, 0
1113045, 213341816, 0, 0
1114048, 182424550, 0, 0
1115008, 165646699, 0, 0
1116013, 205063391, 0, 0
1117053, 186550265, 0, 0
1118052, 222212734, 0, 0
1119029, 204878645, 0, 0
1120046, 196086472, 0, 0
1121053, 186049627, 0, 0
1122049, 179257010, 0, 0
1123001, 188460747, 0, 0
1124017, 193554708, 0, 0
1125037, 200574153, 0, 0
1126040, 193347541, 0, 0
1127014, 177307374, 0, 0
1128022, 176047096, 0, 0
1129014, 162576085, 0, 0
1130041, 196543045, 0, 0
1131061, 189180961, 0, 0
1132068, 213542446, 0, 0
1133024, 216546384, 0, 0
1134052, 179089785, 0, 0
1135061, 214216115, 0, 0
1136032, 209961266, 0, 0
1137055, 196496765, 0, 0
1138049, 190229561, 0, 0
1139000, 178455456, 0, 0
1140027, 174340499, 0, 0
1141061, 200536690, 0, 0
1142017, 183753795, 0, 0
1143019, 178954010, 0, 0
1144005, 193847008, 0, 0
1145010, 201201365, 0, 0
1146045, 195446028, 0, 0
1147062, 171239680, 0, 0
1148000, 184606675, 0, 0
1149014, 188360821, 0, 0
1150024, 180425534, 0, 0
1151057, 171848321, 0, 0
1152045, 192033364, 0, 0
1153038, 197322683, 0, 0
1154036, 188429860, 0, 0
1155018, 212445077, 0, 0
1156010, 184921014, 0, 0
1157028, 179683069, 0, 0
1158060, 195469396, 0, 0
1159027, 195302201, 0, 0
1160011, 180882879, 0, 0
1161041, 192732686, 0, 0
1162041, 201151964, 0, 0
1163033, 190245632, 0, 0
1164019, 167308847, 0, 0
1165032, 181151696, 0, 0
1166000, 191806578, 0, 0
1167048, 174659467, 0, 0
1168012, 192545482, 0, 0
1169027, 177274449, 0, 0
1170043, 174695822, 0, 0
1171051, 177230564, 0, 0
1172045, 161824428, 0, 0
1173054, 172962267, 0, 0
1174042, 185915447, 0, 0
1175028, 198134499, 0, 0
1176000, 183985219, 0, 0
1177000, 166874375, 0, 0
1178009, 192931017, 0, 0
1179004, 164163789, 0, 0
1180017, 186218335, 0, 0
1181026, 195187474, 0, 0
1182016, 166227568, 0, 0
1183035, 172917370, 0, 0
1184060, 170998236, 0, 0
1185005, 174491561, 0, 0
1186068, 161294318, 0, 0
1187034, 175181699, 0, 0
1188009, 144547477, 0, 0
1189003, 162813570, 0, 0
1190042, 165662628, 0, 0
1191028, 198103744, 0, 0
1192037, 181446743, 0, 0
1193039, 194806046, 0, 0
1194049, 164896386, 0, 0
1195060, 187001403, 0, 0
1196049, 182381249, 0, 0
1197053, 181114630, 0, 0
1198000, 167323050, 0, 0
1199011, 189025254, 0, 0
1200017, 161395248, 0, 0
1200203, 349417094, 0, 0
