998, 7160, 0, 0
1997, 5843, 0, 0
2997, 5268, 0, 0
3998, 5560, 0, 0
4998, 5744, 0, 0
5998, 5606, 0, 0
6997, 4949, 0, 0
7997, 3932, 0, 0
8997, 7952, 0, 0
9997, 8347, 0, 0
10997, 8404, 0, 0
11997, 8208, 0, 0
12998, 8362, 0, 0
13998, 8690, 0, 0
14998, 8467, 0, 0
15998, 8284, 0, 0
16997, 8127, 0, 0
17997, 7787, 0, 0
18997, 8395, 0, 0
19997, 8232, 0, 0
20997, 8094, 0, 0
21998, 8422, 0, 0
22998, 7683, 0, 0
23998, 7839, 0, 0
24998, 8519, 0, 0
25997, 8178, 0, 0
26998, 7836, 0, 0
27997, 8175, 0, 0
28997, 7742, 0, 0
29997, 8271, 0, 0
30998, 8211, 0, 0
31998, 8380, 0, 0
32998, 8224, 0, 0
33998, 8029, 0, 0
34997, 8470, 0, 0
35998, 8002, 0, 0
36997, 8199, 0, 0
37997, 8082, 0, 0
38997, 7832, 0, 0
39997, 9093, 0, 0
40998, 8482, 0, 0
41998, 8233, 0, 0
42998, 7986, 0, 0
43998, 8371, 0, 0
44998, 8197, 0, 0
45997, 7895, 0, 0
46997, 8515, 0, 0
47997, 8395, 0, 0
48997, 8205, 0, 0
49998, 8032, 0, 0
50998, 8561, 0, 0
51998, 8113, 0, 0
52998, 8347, 0, 0
53998, 8398, 0, 0
54997, 7868, 0, 0
55997, 8280, 0, 0
56997, 8368, 0, 0
57997, 8488, 0, 0
58998, 7931, 0, 0
59998, 7566, 0, 0
60998, 7902, 0, 0
61997, 8440, 0, 0
62998, 8143, 0, 0
63997, 7600, 0, 0
64997, 8861, 0, 0
65997, 8380, 0, 0
66997, 8145, 0, 0
67998, 7956, 0, 0
68998, 8086, 0, 0
69998, 8281, 0, 0
70998, 8080, 0, 0
71997, 7627, 0, 0
72998, 7878, 0, 0
73997, 7685, 0, 0
74997, 7185, 0, 0
75997, 6917, 0, 0
76997, 6228, 0, 0
77998, 7292, 0, 0
78998, 7650, 0, 0
79998, 7632, 0, 0
80998, 7481, 0, 0
81997, 7585, 0, 0
82997, 7644, 0, 0
83997, 7742, 0, 0
84997, 7375, 0, 0
85997, 7651, 0, 0
86998, 7624, 0, 0
87998, 7578, 0, 0
88998, 7433, 0, 0
89998, 6505, 0, 0
90997, 6713, 0, 0
91997, 8593, 0, 0
92997, 7663, 0, 0
93997, 7393, 0, 0
94998, 7688, 0, 0
95998, 7229, 0, 0
96998, 7283, 0, 0
97998, 7208, 0, 0
98997, 7498, 0, 0
99997, 7384, 0, 0
100997, 7525, 0, 0
101997, 7408, 0, 0
102998, 7272, 0, 0
103998, 7358, 0, 0
104998, 7346, 0, 0
105998, 7515, 0, 0
106997, 7182, 0, 0
107997, 7173, 0, 0
108997, 7411, 0, 0
109997, 7281, 0, 0
110997, 7459, 0, 0
111998, 7205, 0, 0
112998, 7415, 0, 0
113998, 7358, 0, 0
114998, 7524, 0, 0
115997, 7525, 0, 0
116997, 7399, 0, 0
117997, 7275, 0, 0
118997, 7236, 0, 0
119998, 7215, 0, 0
120998, 7503, 0, 0
121997, 7200, 0, 0
122997, 7501, 0, 0
123997, 6935, 0, 0
124997, 7432, 0, 0
125997, 7552, 0, 0
126997, 6899, 0, 0
127998, 7536, 0, 0
128998, 7319, 0, 0
129998, 7710, 0, 0
130997, 7976, 0, 0
131997, 7489, 0, 0
132997, 5262, 0, 0
133997, 5073, 0, 0
134997, 7221, 0, 0
135998, 7617, 0, 0
136998, 7376, 0, 0
137998, 7412, 0, 0
138998, 7463, 0, 0
139997, 7486, 0, 0
140997, 7411, 0, 0
141997, 7263, 0, 0
142997, 7275, 0, 0
143997, 6968, 0, 0
144998, 7587, 0, 0
145998, 7421, 0, 0
146998, 7442, 0, 0
147998, 7719, 0, 0
148997, 7618, 0, 0
149997, 7588, 0, 0
150997, 7621, 0, 0
151997, 7603, 0, 0
152998, 7506, 0, 0
153998, 7448, 0, 0
154998, 7623, 0, 0
155998, 8083, 0, 0
156997, 7685, 0, 0
157997, 7787, 0, 0
158997, 7630, 0, 0
159997, 7459, 0, 0
160998, 7546, 0, 0
161998, 7472, 0, 0
162998, 7379, 0, 0
163998, 7364, 0, 0
164998, 7548, 0, 0
165997, 7673, 0, 0
166997, 7429, 0, 0
167997, 7498, 0, 0
168998, 7663, 0, 0
169998, 7397, 0, 0
170998, 7545, 0, 0
171998, 7280, 0, 0
172997, 7311, 0, 0
173997, 7107, 0, 0
174997, 7020, 0, 0
175997, 7224, 0, 0
176997, 6959, 0, 0
177998, 7113, 0, 0
178998, 7244, 0, 0
179997, 6845, 0, 0
180998, 7250, 0, 0
181997, 6977, 0, 0
182997, 7450, 0, 0
183997, 7029, 0, 0
184997, 7014, 0, 0
185997, 7062, 0, 0
186998, 7238, 0, 0
187998, 6961, 0, 0
188998, 7187, 0, 0
189998, 7166, 0, 0
190997, 6998, 0, 0
191997, 7041, 0, 0
192997, 7029, 0, 0
193997, 7062, 0, 0
194998, 7286, 0, 0
195998, 6991, 0, 0
196998, 7238, 0, 0
197998, 6943, 0, 0
198997, 6929, 0, 0
199997, 7008, 0, 0
200997, 7137, 0, 0
201997, 6965, 0, 0
202997, 7305, 0, 0
203998, 7709, 0, 0
204998, 7187, 0, 0
205998, 7049, 0, 0
206998, 6907, 0, 0
207998, 7049, 0, 0
208998, 7328, 0, 0
209997, 7092, 0, 0
210997, 7023, 0, 0
211997, 6956, 0, 0
212997, 7011, 0, 0
213998, 7112, 0, 0
214998, 7049, 0, 0
215997, 7161, 0, 0
216998, 7280, 0, 0
217997, 7263, 0, 0
218997, 7137, 0, 0
219997, 7215, 0, 0
220997, 6911, 0, 0
221998, 7070, 0, 0
222997, 7224, 0, 0
223998, 7154, 0, 0
224998, 7094, 0, 0
225997, 7044, 0, 0
226997, 7023, 0, 0
227997, 7011, 0, 0
228997, 6992, 0, 0
229997, 7119, 0, 0
230997, 6821, 0, 0
231997, 6830, 0, 0
232998, 6724, 0, 0
233998, 6691, 0, 0
234998, 7013, 0, 0
235998, 6790, 0, 0
236998, 6850, 0, 0
237997, 6938, 0, 0
238997, 6986, 0, 0
239997, 6878, 0, 0
240997, 6956, 0, 0
241998, 6838, 0, 0
242998, 6508, 0, 0
243998, 6820, 0, 0
244998, 6631, 0, 0
245997, 6848, 0, 0
246997, 6833, 0, 0
247997, 6761, 0, 0
248997, 6698, 0, 0
249997, 6722, 0, 0
250997, 6896, 0, 0
251998, 6631, 0, 0
252998, 6529, 0, 0
253998, 6592, 0, 0
254997, 6830, 0, 0
255997, 6902, 0, 0
256997, 6926, 0, 0
257997, 6863, 0, 0
258998, 6643, 0, 0
259998, 8726, 0, 0
260998, 6826, 0, 0
261998, 6904, 0, 0
262997, 6782, 0, 0
263998, 6646, 0, 0
264997, 6872, 0, 0
265997, 6944, 0, 0
266997, 3658, 0, 0
267997, 5930, 0, 0
268998, 7061, 0, 0
269998, 7001, 0, 0
270997, 6797, 0, 0
271997, 6995, 0, 0
272997, 6965, 0, 0
273997, 7838, 0, 0
274998, 6989, 0, 0
275998, 7016, 0, 0
276997, 7017, 0, 0
277997, 7038, 0, 0
278997, 6926, 0, 0
279997, 6929, 0, 0
280997, 6803, 0, 0
281997, 7008, 0, 0
282997, 6923, 0, 0
283998, 7031, 0, 0
284998, 7190, 0, 0
285998, 6835, 0, 0
286998, 7052, 0, 0
287997, 6977, 0, 0
288997, 7585, 0, 0
289997, 6989, 0, 0
290997, 6953, 0, 0
291998, 7061, 0, 0
292998, 7247, 0, 0
293997, 7083, 0, 0
294997, 6938, 0, 0
295997, 6881, 0, 0
296997, 7242, 0, 0
297997, 7155, 0, 0
298997, 7056, 0, 0
299998, 7104, 0, 0
300998, 7049, 0, 0
301997, 7215, 0, 0
302998, 7031, 0, 0
303997, 7014, 0, 0
304997, 7098, 0, 0
305997, 7161, 0, 0
306997, 7083, 0, 0
307998, 7223, 0, 0
308998, 7025, 0, 0
309998, 7136, 0, 0
310997, 7354, 0, 0
311997, 7059, 0, 0
312997, 7221, 0, 0
313997, 7245, 0, 0
314997, 7065, 0, 0
315998, 7361, 0, 0
316998, 7076, 0, 0
317998, 7103, 0, 0
318997, 6974, 0, 0
319997, 6968, 0, 0
320997, 7242, 0, 0
321997, 6998, 0, 0
322997, 7005, 0, 0
323997, 7098, 0, 0
324998, 7040, 0, 0
325998, 6955, 0, 0
326998, 7349, 0, 0
327998, 7319, 0, 0
328997, 7345, 0, 0
329997, 7101, 0, 0
330997, 7119, 0, 0
331997, 7050, 0, 0
332998, 7253, 0, 0
333998, 7052, 0, 0
334998, 7202, 0, 0
335998, 7238, 0, 0
336997, 7194, 0, 0
337997, 7101, 0, 0
338997, 7236, 0, 0
339997, 7263, 0, 0
340998, 7016, 0, 0
341998, 7070, 0, 0
342998, 7232, 0, 0
343998, 7187, 0, 0
344997, 7056, 0, 0
345997, 7188, 0, 0
346997, 7122, 0, 0
347997, 7077, 0, 0
348998, 7100, 0, 0
349998, 7133, 0, 0
350998, 6985, 0, 0
351997, 7170, 0, 0
352997, 6794, 0, 0
353997, 6523, 0, 0
354997, 6842, 0, 0
355997, 6833, 0, 0
356998, 6973, 0, 0
357998, 6988, 0, 0
358998, 7058, 0, 0
359998, 7064, 0, 0
360998, 7010, 0, 0
361997, 6896, 0, 0
362997, 6896, 0, 0
363997, 6914, 0, 0
364997, 7089, 0, 0
365997, 6956, 0, 0
366998, 7004, 0, 0
367998, 6931, 0, 0
368998, 6979, 0, 0
369997, 6956, 0, 0
370997, 7083, 0, 0
371997, 8524, 0, 0
372997, 7311, 0, 0
373997, 6875, 0, 0
374997, 6944, 0, 0
375997, 6779, 0, 0
376998, 5582, 0, 0
377998, 6718, 0, 0
378998, 6961, 0, 0
379998, 6886, 0, 0
380998, 6910, 0, 0
381997, 6986, 0, 0
382997, 7047, 0, 0
383997, 7011, 0, 0
384997, 7068, 0, 0
385998, 6952, 0, 0
386998, 6865, 0, 0
387998, 7010, 0, 0
388997, 7047, 0, 0
389997, 6944, 0, 0
390997, 6899, 0, 0
391997, 6890, 0, 0
392997, 6974, 0, 0
393997, 7847, 0, 0
394998, 6886, 0, 0
395998, 7121, 0, 0
396998, 6937, 0, 0
397997, 6806, 0, 0
398997, 6824, 0, 0
399997, 2398, 0, 0
400997, 6000, 0, 0
401997, 6938, 0, 0
402998, 6835, 0, 0
403998, 7055, 0, 0
404998, 6940, 0, 0
405997, 6851, 0, 0
406997, 6866, 0, 0
407997, 7053, 0, 0
408997, 6785, 0, 0
409997, 6821, 0, 0
410998, 6955, 0, 0
411998, 6844, 0, 0
412997, 7125, 0, 0
413997, 6851, 0, 0
414997, 6755, 0, 0
415997, 6616, 0, 0
416997, 6902, 0, 0
417997, 6857, 0, 0
418997, 6959, 0, 0
419998, 6979, 0, 0
420998, 6784, 0, 0
421998, 6925, 0, 0
422997, 7272, 0, 0
423997, 6749, 0, 0
424998, 6910, 0, 0
425998, 6739, 0, 0
426998, 6913, 0, 0
427997, 6830, 0, 0
428998, 6907, 0, 0
429998, 6731, 0, 0
430998, 6829, 0, 0
431998, 6748, 0, 0
432998, 6736, 0, 0
433998, 6607, 0, 0
434998, 6745, 0, 0
435998, 6874, 0, 0
436998, 6814, 0, 0
437998, 6934, 0, 0
438998, 6709, 0, 0
439998, 6796, 0, 0
440998, 6691, 0, 0
441998, 6772, 0, 0
442998, 6811, 0, 0
443997, 7068, 0, 0
444997, 6815, 0, 0
445998, 7038, 0, 0
446997, 6716, 0, 0
447997, 6692, 0, 0
448997, 6830, 0, 0
449998, 6781, 0, 0
450997, 7077, 0, 0
451998, 6922, 0, 0
452998, 6715, 0, 0
453998, 7031, 0, 0
454998, 6532, 0, 0
455998, 6015, 0, 0
456998, 7725, 0, 0
457998, 9162, 0, 0
458998, 9874, 0, 0
459998, 8897, 0, 0
460998, 9330, 0, 0
461998, 9348, 0, 0
462997, 9048, 0, 0
463997, 9027, 0, 0
464997, 9207, 0, 0
465997, 9120, 0, 0
466996, 9030, 0, 0
467996, 9340, 0, 0
468996, 9403, 0, 0
469996, 8566, 0, 0
470996, 9265, 0, 0
471996, 9337, 0, 0
472996, 9373, 0, 0
473995, 9413, 0, 0
474995, 9663, 0, 0
475995, 8791, 0, 0
476995, 9024, 0, 0
477994, 8827, 0, 0
478994, 8812, 0, 0
479994, 8471, 0, 0
480994, 8800, 0, 0
481993, 8525, 0, 0
482993, 8504, 0, 0
483993, 8471, 0, 0
484992, 7170, 0, 0
485993, 7897, 0, 0
486992, 7321, 0, 0
487992, 7608, 0, 0
488992, 7324, 0, 0
489992, 7862, 0, 0
490991, 7207, 0, 0
491991, 7283, 0, 0
493000, 6870, 0, 0
494000, 6717, 0, 0
495000, 6744, 0, 0
495999, 6723, 0, 0
496999, 6711, 0, 0
497999, 6801, 0, 0
498999, 6628, 0, 0
499999, 6630, 0, 0
500999, 6861, 0, 0
501998, 6715, 0, 0
502998, 6784, 0, 0
503998, 6700, 0, 0
504997, 6857, 0, 0
505997, 6887, 0, 0
506997, 6574, 0, 0
507997, 6613, 0, 0
508998, 6637, 0, 0
509998, 6757, 0, 0
510997, 6815, 0, 0
511998, 6586, 0, 0
512997, 6752, 0, 0
513997, 6707, 0, 0
514997, 6824, 0, 0
515997, 6574, 0, 0
516997, 6574, 0, 0
517998, 6535, 0, 0
518998, 6592, 0, 0
519998, 6495, 0, 0
520998, 6565, 0, 0
521997, 6655, 0, 0
522997, 6550, 0, 0
523997, 6430, 0, 0
524997, 6252, 0, 0
525998, 6060, 0, 0
526998, 6129, 0, 0
527997, 6051, 0, 0
528997, 6475, 0, 0
529997, 6273, 0, 0
530997, 6288, 0, 0
531997, 6135, 0, 0
532997, 6003, 0, 0
533997, 6123, 0, 0
534997, 6138, 0, 0
535998, 6451, 0, 0
536998, 5960, 0, 0
537998, 5780, 0, 0
538997, 5981, 0, 0
539997, 5738, 0, 0
540997, 6135, 0, 0
541997, 6216, 0, 0
542997, 6174, 0, 0
543998, 6114, 0, 0
544998, 6015, 0, 0
545998, 6054, 0, 0
546997, 5684, 0, 0
547997, 3529, 0, 0
548997, 6087, 0, 0
549997, 6306, 0, 0
550997, 6189, 0, 0
551998, 6351, 0, 0
552998, 6231, 0, 0
553998, 6246, 0, 0
554997, 6177, 0, 0
555997, 6186, 0, 0
556997, 6294, 0, 0
557997, 6135, 0, 0
558997, 6186, 0, 0
559997, 6261, 0, 0
560998, 6177, 0, 0
561998, 6213, 0, 0
562998, 6249, 0, 0
563998, 6108, 0, 0
564997, 6246, 0, 0
565997, 6267, 0, 0
566997, 6207, 0, 0
567997, 6198, 0, 0
568997, 6388, 0, 0
569997, 6358, 0, 0
570997, 6409, 0, 0
571998, 6213, 0, 0
572998, 6291, 0, 0
573998, 6222, 0, 0
574997, 6228, 0, 0
575997, 6285, 0, 0
576997, 6144, 0, 0
577997, 6195, 0, 0
578997, 6225, 0, 0
579998, 6189, 0, 0
580998, 6258, 0, 0
581998, 6240, 0, 0
582997, 6201, 0, 0
583998, 6183, 0, 0
584998, 6381, 0, 0
585997, 6144, 0, 0
586997, 6249, 0, 0
587997, 6309, 0, 0
588997, 6198, 0, 0
589998, 6210, 0, 0
590998, 6378, 0, 0
591998, 6363, 0, 0
592998, 6297, 0, 0
593997, 6120, 0, 0
594997, 6285, 0, 0
595997, 6261, 0, 0
596997, 6261, 0, 0
597997, 6312, 0, 0
598997, 6300, 0, 0
599998, 6135, 0, 0
600998, 6213, 0, 0
601998, 6234, 0, 0
602998, 6171, 0, 0
603997, 6150, 0, 0
604997, 6337, 0, 0
605997, 6312, 0, 0
606997, 6129, 0, 0
607997, 6270, 0, 0
608997, 6171, 0, 0
609997, 6352, 0, 0
610997, 6334, 0, 0
611998, 6162, 0, 0
612998, 6156, 0, 0
613998, 6270, 0, 0
614998, 6114, 0, 0
615997, 6288, 0, 0
616997, 6129, 0, 0
617997, 6340, 0, 0
618997, 6195, 0, 0
619997, 6327, 0, 0
620998, 6288, 0, 0
621998, 6219, 0, 0
622998, 6144, 0, 0
623998, 6243, 0, 0
624997, 6174, 0, 0
625997, 6291, 0, 0
626997, 6222, 0, 0
627997, 6189, 0, 0
628997, 6192, 0, 0
629998, 6186, 0, 0
630998, 6213, 0, 0
631998, 6120, 0, 0
632997, 6523, 0, 0
633997, 6168, 0, 0
634997, 6294, 0, 0
635997, 6168, 0, 0
636997, 6129, 0, 0
637997, 6261, 0, 0
638997, 6171, 0, 0
639998, 6222, 0, 0
640998, 6168, 0, 0
641998, 6252, 0, 0
642997, 6243, 0, 0
643997, 6246, 0, 0
644997, 6177, 0, 0
645997, 6174, 0, 0
646997, 6162, 0, 0
647997, 6207, 0, 0
648997, 6324, 0, 0
649997, 6216, 0, 0
650998, 6168, 0, 0
651998, 6117, 0, 0
652998, 6282, 0, 0
653997, 6312, 0, 0
654997, 6180, 0, 0
655997, 6252, 0, 0
656997, 6108, 0, 0
657997, 6312, 0, 0
658998, 6231, 0, 0
659998, 6216, 0, 0
660998, 6195, 0, 0
661998, 6270, 0, 0
662997, 6388, 0, 0
663997, 6222, 0, 0
664997, 6234, 0, 0
665997, 6231, 0, 0
666997, 6210, 0, 0
667998, 6192, 0, 0
668998, 6132, 0, 0
669998, 6237, 0, 0
670998, 6255, 0, 0
671997, 6129, 0, 0
672997, 6210, 0, 0
673997, 6249, 0, 0
674997, 6093, 0, 0
675997, 6045, 0, 0
676997, 6433, 0, 0
677998, 6222, 0, 0
678998, 6225, 0, 0
679998, 6315, 0, 0
680997, 6225, 0, 0
681997, 6144, 0, 0
682997, 6180, 0, 0
683997, 6195, 0, 0
684997, 6282, 0, 0
685997, 6285, 0, 0
686998, 6234, 0, 0
687998, 6189, 0, 0
688998, 6237, 0, 0
689998, 6195, 0, 0
690998, 6159, 0, 0
691998, 6210, 0, 0
692997, 6171, 0, 0
693997, 6084, 0, 0
694997, 6099, 0, 0
695997, 6036, 0, 0
696997, 5885, 0, 0
697997, 6069, 0, 0
698998, 6099, 0, 0
699998, 5978, 0, 0
700998, 6036, 0, 0
701997, 5966, 0, 0
702998, 6000, 0, 0
703997, 5987, 0, 0
704997, 5975, 0, 0
705997, 5566, 0, 0
706997, 4269, 0, 0
707998, 6433, 0, 0
708998, 6375, 0, 0
709998, 6342, 0, 0
710997, 6255, 0, 0
711997, 6358, 0, 0
712997, 6415, 0, 0
713997, 6352, 0, 0
714997, 6367, 0, 0
715997, 6273, 0, 0
716998, 6306, 0, 0
717998, 6255, 0, 0
718998, 6288, 0, 0
719998, 6264, 0, 0
720997, 6415, 0, 0
721997, 6303, 0, 0
722997, 6358, 0, 0
723997, 6352, 0, 0
724997, 6439, 0, 0
725997, 6288, 0, 0
726998, 6421, 0, 0
727998, 6345, 0, 0
728998, 6342, 0, 0
729997, 6373, 0, 0
730997, 6394, 0, 0
731998, 6252, 0, 0
732997, 6406, 0, 0
733997, 6418, 0, 0
734997, 6382, 0, 0
735997, 6475, 0, 0
736997, 6334, 0, 0
737998, 6403, 0, 0
738998, 6213, 0, 0
739997, 6346, 0, 0
740998, 6489, 0, 0
741997, 6237, 0, 0
742998, 6360, 0, 0
743997, 6472, 0, 0
744997, 6364, 0, 0
745997, 6318, 0, 0
746997, 6355, 0, 0
747997, 6352, 0, 0
748998, 6372, 0, 0
749998, 6288, 0, 0
750998, 6354, 0, 0
751998, 6357, 0, 0
752998, 6306, 0, 0
753998, 6387, 0, 0
754997, 6376, 0, 0
755998, 6303, 0, 0
756997, 6306, 0, 0
757997, 6484, 0, 0
758997, 6457, 0, 0
759998, 6297, 0, 0
760998, 6399, 0, 0
761998, 6381, 0, 0
762997, 6502, 0, 0
763997, 6321, 0, 0
764998, 6348, 0, 0
765997, 6364, 0, 0
766997, 6439, 0, 0
767997, 6439, 0, 0
768997, 6327, 0, 0
769997, 6376, 0, 0
770997, 6484, 0, 0
771998, 6330, 0, 0
772998, 6279, 0, 0
773998, 6502, 0, 0
774998, 6411, 0, 0
775998, 6402, 0, 0
776997, 6580, 0, 0
777997, 6424, 0, 0
778997, 6481, 0, 0
779997, 6337, 0, 0
780997, 6327, 0, 0
781997, 6361, 0, 0
782997, 6403, 0, 0
783997, 6352, 0, 0
784997, 6334, 0, 0
785998, 6258, 0, 0
786998, 6315, 0, 0
787998, 6456, 0, 0
788997, 6327, 0, 0
789997, 6397, 0, 0
790997, 6340, 0, 0
791997, 6487, 0, 0
792997, 6421, 0, 0
793997, 6364, 0, 0
794997, 6318, 0, 0
795997, 6273, 0, 0
796997, 6370, 0, 0
797997, 6424, 0, 0
798998, 6264, 0, 0
799998, 6360, 0, 0
800998, 6589, 0, 0
801998, 6486, 0, 0
802997, 6445, 0, 0
803998, 6363, 0, 0
804997, 6337, 0, 0
805997, 6340, 0, 0
806997, 6358, 0, 0
807997, 6436, 0, 0
808997, 6433, 0, 0
809997, 6448, 0, 0
810997, 6309, 0, 0
811997, 6364, 0, 0
812997, 6337, 0, 0
813997, 6359, 0, 0
814998, 6445, 0, 0
815998, 6333, 0, 0
816998, 6378, 0, 0
817998, 6411, 0, 0
818997, 6418, 0, 0
819997, 6349, 0, 0
820997, 6427, 0, 0
821997, 6367, 0, 0
822997, 6376, 0, 0
823997, 6303, 0, 0
824997, 6364, 0, 0
825998, 6423, 0, 0
826998, 6473, 0, 0
827998, 6369, 0, 0
828997, 6415, 0, 0
829997, 6334, 0, 0
830997, 6291, 0, 0
831997, 6264, 0, 0
832997, 6400, 0, 0
833997, 6490, 0, 0
834997, 6451, 0, 0
835997, 6439, 0, 0
836997, 6370, 0, 0
837997, 6252, 0, 0
838997, 6451, 0, 0
839998, 6366, 0, 0
840998, 6378, 0, 0
841998, 6315, 0, 0
842997, 6255, 0, 0
843997, 6439, 0, 0
844997, 6418, 0, 0
845997, 6303, 0, 0
846997, 6382, 0, 0
847997, 6282, 0, 0
848997, 6315, 0, 0
849997, 6373, 0, 0
850998, 6324, 0, 0
851998, 6369, 0, 0
852998, 6520, 0, 0
853998, 6279, 0, 0
854997, 6337, 0, 0
855997, 6318, 0, 0
856997, 6343, 0, 0
857997, 6412, 0, 0
858997, 6346, 0, 0
859997, 6337, 0, 0
860997, 6309, 0, 0
861998, 6489, 0, 0
862998, 6297, 0, 0
863998, 6345, 0, 0
864998, 6414, 0, 0
865997, 6442, 0, 0
866997, 6376, 0, 0
867997, 6385, 0, 0
868997, 6499, 0, 0
869997, 6376, 0, 0
870997, 6216, 0, 0
871998, 6385, 0, 0
872998, 6252, 0, 0
873998, 6348, 0, 0
874997, 6297, 0, 0
875998, 6312, 0, 0
876997, 6478, 0, 0
877997, 6409, 0, 0
878997, 6306, 0, 0
879997, 6294, 0, 0
880997, 6397, 0, 0
881997, 6538, 0, 0
882997, 6294, 0, 0
883997, 6279, 0, 0
884998, 6430, 0, 0
885997, 6478, 0, 0
886998, 6559, 0, 0
887998, 6423, 0, 0
888998, 6432, 0, 0
889998, 6456, 0, 0
890998, 6363, 0, 0
891998, 6432, 0, 0
892997, 6460, 0, 0
893997, 6364, 0, 0
894997, 6285, 0, 0
895997, 6403, 0, 0
896997, 6364, 0, 0
897998, 6232, 0, 0
898998, 6353, 0, 0
899998, 6285, 0, 0
900998, 6378, 0, 0
901997, 6484, 0, 0
902997, 6321, 0, 0
903997, 6400, 0, 0
904997, 6294, 0, 0
905997, 6303, 0, 0
906997, 6424, 0, 0
907997, 6337, 0, 0
908998, 6349, 0, 0
909998, 6390, 0, 0
910998, 6300, 0, 0
911997, 6358, 0, 0
912997, 6303, 0, 0
913997, 6285, 0, 0
914997, 6400, 0, 0
915997, 6388, 0, 0
916997, 6258, 0, 0
917997, 6574, 0, 0
918997, 6355, 0, 0
919997, 6312, 0, 0
920998, 6340, 0, 0
921998, 6396, 0, 0
922998, 6399, 0, 0
923998, 6240, 0, 0
924998, 6288, 0, 0
925997, 6397, 0, 0
926997, 6439, 0, 0
927997, 6421, 0, 0
928997, 6532, 0, 0
929997, 6412, 0, 0
930997, 6318, 0, 0
931997, 6430, 0, 0
932997, 6376, 0, 0
933997, 6427, 0, 0
934998, 6312, 0, 0
935997, 6312, 0, 0
936998, 6324, 0, 0
937998, 6361, 0, 0
938998, 6336, 0, 0
939998, 6369, 0, 0
940997, 6457, 0, 0
941997, 6409, 0, 0
942997, 6412, 0, 0
943997, 6385, 0, 0
944997, 6327, 0, 0
945997, 6337, 0, 0
946997, 6382, 0, 0
947997, 6312, 0, 0
948998, 6339, 0, 0
949998, 6402, 0, 0
950997, 6270, 0, 0
951997, 6288, 0, 0
952997, 6294, 0, 0
953997, 6361, 0, 0
954997, 6400, 0, 0
955997, 6343, 0, 0
956997, 6349, 0, 0
957997, 6475, 0, 0
958998, 6234, 0, 0
959998, 6343, 0, 0
960998, 6468, 0, 0
961998, 6447, 0, 0
962997, 6367, 0, 0
963997, 6330, 0, 0
964997, 6312, 0, 0
965997, 6346, 0, 0
966997, 6442, 0, 0
967997, 6337, 0, 0
968997, 6330, 0, 0
969998, 6396, 0, 0
970998, 6357, 0, 0
971998, 6465, 0, 0
972998, 6402, 0, 0
973997, 6427, 0, 0
974998, 6396, 0, 0
975997, 6376, 0, 0
976997, 6330, 0, 0
977997, 6337, 0, 0
978997, 6303, 0, 0
979997, 6391, 0, 0
980997, 6349, 0, 0
981997, 6490, 0, 0
982997, 6394, 0, 0
983997, 6445, 0, 0
984998, 6318, 0, 0
985998, 6360, 0, 0
986998, 6363, 0, 0
987998, 6375, 0, 0
988998, 6345, 0, 0
989998, 6333, 0, 0
990997, 6346, 0, 0
991997, 6337, 0, 0
992997, 6400, 0, 0
993997, 6300, 0, 0
994997, 6315, 0, 0
995997, 6418, 0, 0
996997, 6312, 0, 0
997998, 6333, 0, 0
998998, 6420, 0, 0
999998, 6538, 0, 0
1000997, 6225, 0, 0
1001998, 6417, 0, 0
1002998, 6354, 0, 0
1003998, 6384, 0, 0
1004997, 6255, 0, 0
1005997, 6379, 0, 0
1006998, 6369, 0, 0
1007998, 6267, 0, 0
1008997, 6427, 0, 0
1009997, 6415, 0, 0
1010997, 6306, 0, 0
1011997, 6273, 0, 0
1012997, 6448, 0, 0
1013997, 6448, 0, 0
1014997, 6364, 0, 0
1015997, 6424, 0, 0
1016997, 6370, 0, 0
1017997, 6421, 0, 0
1018997, 6312, 0, 0
1019997, 6318, 0, 0
1020997, 6294, 0, 0
1021998, 6423, 0, 0
1022998, 6303, 0, 0
1023998, 6390, 0, 0
1024998, 6372, 0, 0
1025997, 6334, 0, 0
1026997, 6376, 0, 0
1027997, 6385, 0, 0
1028998, 6288, 0, 0
1029997, 6397, 0, 0
1030997, 6385, 0, 0
1031997, 6318, 0, 0
1032997, 6394, 0, 0
1033997, 6355, 0, 0
1034998, 6436, 0, 0
1035998, 6354, 0, 0
1036998, 6381, 0, 0
1037997, 6361, 0, 0
1038997, 6349, 0, 0
1039997, 6315, 0, 0
1040997, 6424, 0, 0
1041997, 6346, 0, 0
1042997, 6415, 0, 0
1043997, 6394, 0, 0
1044997, 6430, 0, 0
1045997, 6379, 0, 0
1046997, 6258, 0, 0
1047997, 6276, 0, 0
1048998, 6358, 0, 0
1049998, 6348, 0, 0
1050998, 6321, 0, 0
1051998, 6315, 0, 0
1052997, 6451, 0, 0
1053997, 6529, 0, 0
1054997, 6502, 0, 0
1055997, 6403, 0, 0
1056997, 6409, 0, 0
1057997, 6388, 0, 0
1058998, 6403, 0, 0
1059998, 6378, 0, 0
1060998, 6465, 0, 0
1061998, 6435, 0, 0
1062997, 6273, 0, 0
1063997, 6391, 0, 0
1064997, 6454, 0, 0
1065997, 6315, 0, 0
1066997, 6409, 0, 0
1067997, 6463, 0, 0
1068997, 6273, 0, 0
1069997, 6370, 0, 0
1070997, 6279, 0, 0
1071998, 6345, 0, 0
1072998, 6354, 0, 0
1073998, 6243, 0, 0
1074998, 6345, 0, 0
1075997, 6273, 0, 0
1076997, 6400, 0, 0
1077997, 6457, 0, 0
1078997, 6264, 0, 0
1079997, 6535, 0, 0
1080997, 6382, 0, 0
1081997, 6442, 0, 0
1082997, 6306, 0, 0
1083997, 6394, 0, 0
1084998, 6409, 0, 0
1085998, 6415, 0, 0
1086998, 6465, 0, 0
1087998, 6393, 0, 0
1088998, 6339, 0, 0
1089998, 6360, 0, 0
1090997, 6334, 0, 0
1091997, 6343, 0, 0
1092997, 6340, 0, 0
1093997, 6400, 0, 0
1094997, 6445, 0, 0
1095997, 6306, 0, 0
1096997, 6382, 0, 0
1097997, 6321, 0, 0
1098997, 6346, 0, 0
1099998, 6396, 0, 0
1100998, 6283, 0, 0
1101998, 6356, 0, 0
1102998, 6330, 0, 0
1103997, 6499, 0, 0
1104997, 6454, 0, 0
1105997, 6397, 0, 0
1106997, 6388, 0, 0
1107997, 6255, 0, 0
1108997, 6337, 0, 0
1109997, 6412, 0, 0
1110998, 6451, 0, 0
1111998, 6300, 0, 0
1112998, 6387, 0, 0
1113998, 6517, 0, 0
1114997, 6367, 0, 0
1115997, 6273, 0, 0
1116997, 6303, 0, 0
1117997, 6433, 0, 0
1118997, 6373, 0, 0
1119997, 6433, 0, 0
1120998, 6409, 0, 0
1121998, 6345, 0, 0
1122998, 6285, 0, 0
1123997, 6370, 0, 0
1124997, 6562, 0, 0
1125997, 6324, 0, 0
1126997, 6300, 0, 0
1127997, 6340, 0, 0
1128997, 6303, 0, 0
1129997, 6415, 0, 0
1130997, 6394, 0, 0
1131997, 6355, 0, 0
1132998, 6544, 0, 0
1133998, 6399, 0, 0
1134998, 6441, 0, 0
1135997, 6367, 0, 0
1136997, 6379, 0, 0
1137997, 6312, 0, 0
1138997, 6291, 0, 0
1139997, 6454, 0, 0
1140997, 6343, 0, 0
1141997, 6349, 0, 0
1142997, 6475, 0, 0
1143997, 6391, 0, 0
1144997, 6293, 0, 0
1145997, 6380, 0, 0
1146998, 6345, 0, 0
1147998, 6381, 0, 0
1148998, 6381, 0, 0
1149998, 6426, 0, 0
1150997, 6475, 0, 0
1151997, 6418, 0, 0
1152997, 6330, 0, 0
1153997, 6343, 0, 0
1154997, 6433, 0, 0
1155997, 6343, 0, 0
1156998, 6364, 0, 0
1157998, 6282, 0, 0
1158997, 6373, 0, 0
1159997, 6367, 0, 0
1160997, 6352, 0, 0
1161997, 6379, 0, 0
1162998, 6388, 0, 0
1163998, 6300, 0, 0
1164998, 6357, 0, 0
1165998, 6396, 0, 0
1166997, 6285, 0, 0
1167997, 6267, 0, 0
1168997, 6327, 0, 0
1169997, 6337, 0, 0
1170997, 6367, 0, 0
1171998, 6321, 0, 0
1172998, 6393, 0, 0
1173998, 6372, 0, 0
1174997, 6370, 0, 0
1175997, 6294, 0, 0
1176997, 6330, 0, 0
1177997, 6318, 0, 0
1178997, 6261, 0, 0
1179997, 6315, 0, 0
1180998, 6379, 0, 0
1181998, 6495, 0, 0
1182998, 6465, 0, 0
1183997, 6478, 0, 0
1184997, 6349, 0, 0
1185997, 6427, 0, 0
1186997, 6267, 0, 0
1187997, 6424, 0, 0
1188997, 6418, 0, 0
1189997, 6406, 0, 0
1190998, 6339, 0, 0
1191998, 6348, 0, 0
1192998, 6456, 0, 0
1193997, 6418, 0, 0
1194997, 6412, 0, 0
1195997, 6370, 0, 0
1196997, 6403, 0, 0
1197997, 6294, 0, 0
1198997, 6421, 0, 0
1199997, 6324, 0, 0
1200998, 6484, 0, 0
1201998, 6366, 0, 0
1202998, 6402, 0, 0
1203997, 6309, 0, 0
1204997, 6382, 0, 0
1205997, 6403, 0, 0
1206997, 6388, 0, 0
1207997, 6364, 0, 0
1208997, 6418, 0, 0
1209998, 6336, 0, 0
1210998, 6312, 0, 0
1211997, 6315, 0, 0
1212997, 6346, 0, 0
1213997, 6330, 0, 0
1214997, 6469, 0, 0
1215997, 6343, 0, 0
1216997, 6556, 0, 0
1217997, 6406, 0, 0
1218998, 6379, 0, 0
1219998, 6420, 0, 0
1220998, 6438, 0, 0
1221997, 6514, 0, 0
1222997, 6505, 0, 0
1223997, 6370, 0, 0
1224997, 6343, 0, 0
1225997, 6430, 0, 0
1226997, 6303, 0, 0
1227998, 6370, 0, 0
1228998, 6526, 0, 0
1229998, 6450, 0, 0
1230997, 6448, 0, 0
1231997, 6291, 0, 0
1232997, 6454, 0, 0
1233997, 6409, 0, 0
1234997, 6379, 0, 0
1235997, 6454, 0, 0
1236997, 6562, 0, 0
1237997, 6397, 0, 0
1238998, 6403, 0, 0
1239998, 6396, 0, 0
1240998, 6351, 0, 0
1241998, 6369, 0, 0
1242997, 6397, 0, 0
1243997, 6264, 0, 0
1244997, 6294, 0, 0
1245997, 6324, 0, 0
1246997, 6454, 0, 0
1247997, 6376, 0, 0
1248997, 6337, 0, 0
1249997, 6334, 0, 0
1250997, 6370, 0, 0
1251997, 6330, 0, 0
1252998, 6415, 0, 0
1253998, 6339, 0, 0
1254998, 6357, 0, 0
1255998, 6423, 0, 0
1256998, 6360, 0, 0
1257997, 6373, 0, 0
1258997, 6306, 0, 0
1259997, 6376, 0, 0
1260997, 6337, 0, 0
1261997, 6330, 0, 0
1262997, 6403, 0, 0
1263997, 6409, 0, 0
1264997, 6505, 0, 0
1265997, 6412, 0, 0
1266997, 6448, 0, 0
1267997, 6412, 0, 0
1268997, 6358, 0, 0
1269997, 6466, 0, 0
1270998, 6403, 0, 0
1271998, 6414, 0, 0
1272998, 6390, 0, 0
1273998, 6381, 0, 0
1274997, 6297, 0, 0
1275997, 6282, 0, 0
1276997, 6364, 0, 0
1277997, 6397, 0, 0
1278997, 6469, 0, 0
1279997, 6373, 0, 0
1280997, 6330, 0, 0
1281997, 6249, 0, 0
1282997, 6511, 0, 0
1283998, 6321, 0, 0
1284998, 6381, 0, 0
1285998, 6384, 0, 0
1286997, 6391, 0, 0
1287997, 6433, 0, 0
1288997, 6415, 0, 0
1289997, 6394, 0, 0
1290997, 6415, 0, 0
1291997, 6327, 0, 0
1292997, 6303, 0, 0
1293997, 6421, 0, 0
1294998, 6453, 0, 0
1295998, 6423, 0, 0
1296998, 6372, 0, 0
1297998, 6526, 0, 0
1298997, 6385, 0, 0
1299997, 6589, 0, 0
1300997, 6327, 0, 0
1301997, 6397, 0, 0
1302997, 6376, 0, 0
1303997, 6312, 0, 0
1304997, 6361, 0, 0
1305997, 6204, 0, 0
1306997, 6285, 0, 0
1307997, 6409, 0, 0
1308997, 6385, 0, 0
1309997, 6321, 0, 0
1310997, 6273, 0, 0
1311997, 6379, 0, 0
1312997, 6394, 0, 0
1313997, 6427, 0, 0
1314997, 6430, 0, 0
1315997, 6373, 0, 0
1316998, 6361, 0, 0
1317998, 6342, 0, 0
1318998, 6351, 0, 0
1319997, 6403, 0, 0
1320997, 6324, 0, 0
1321997, 6294, 0, 0
1322997, 6412, 0, 0
1323997, 6288, 0, 0
1324997, 6370, 0, 0
1325998, 6379, 0, 0
1326998, 6336, 0, 0
1327998, 6330, 0, 0
1328998, 6291, 0, 0
1329998, 6411, 0, 0
1330998, 6297, 0, 0
1331997, 6379, 0, 0
1332997, 6327, 0, 0
1333997, 6349, 0, 0
1334997, 6412, 0, 0
1335997, 6409, 0, 0
1336997, 6427, 0, 0
1337997, 6388, 0, 0
1338998, 6550, 0, 0
1339998, 6336, 0, 0
1340998, 6402, 0, 0
1341998, 6363, 0, 0
1342997, 6303, 0, 0
1343997, 6508, 0, 0
1344997, 6300, 0, 0
1345997, 6312, 0, 0
1346997, 6364, 0, 0
1347997, 6349, 0, 0
1348998, 6309, 0, 0
1349998, 6309, 0, 0
1350997, 6240, 0, 0
1351997, 6267, 0, 0
1352997, 6352, 0, 0
1353997, 6324, 0, 0
1354997, 6349, 0, 0
1355997, 6276, 0, 0
1356997, 6069, 0, 0
1357997, 6168, 0, 0
1358997, 6177, 0, 0
1359997, 6063, 0, 0
1360998, 6105, 0, 0
1361998, 6045, 0, 0
1362998, 6168, 0, 0
1363997, 6135, 0, 0
1364997, 6153, 0, 0
1365997, 6156, 0, 0
1366997, 6216, 0, 0
1367997, 6126, 0, 0
1368997, 6090, 0, 0
1369997, 6039, 0, 0
1370997, 6138, 0, 0
1371998, 6042, 0, 0
1372998, 6108, 0, 0
1373998, 6096, 0, 0
1374998, 6141, 0, 0
1375997, 6099, 0, 0
1376997, 6021, 0, 0
1377997, 6144, 0, 0
1378997, 6096, 0, 0
1379997, 6159, 0, 0
1380997, 6138, 0, 0
1381997, 6198, 0, 0
1382997, 6063, 0, 0
1383997, 6156, 0, 0
1384997, 6108, 0, 0
1385997, 6129, 0, 0
1386997, 6162, 0, 0
1387997, 6123, 0, 0
1388997, 6096, 0, 0
1389997, 6123, 0, 0
1390997, 6207, 0, 0
1391997, 6159, 0, 0
1392997, 6162, 0, 0
1393997, 6087, 0, 0
1394998, 6153, 0, 0
1395998, 6045, 0, 0
1396997, 6099, 0, 0
1397997, 6120, 0, 0
1398997, 6117, 0, 0
1399997, 6099, 0, 0
1400997, 6207, 0, 0
1401997, 6036, 0, 0
1402997, 5915, 0, 0
1403997, 6024, 0, 0
1404998, 5987, 0, 0
1405998, 6054, 0, 0
1406998, 6051, 0, 0
1407998, 6042, 0, 0
1408998, 6129, 0, 0
1409998, 6066, 0, 0
1410997, 6027, 0, 0
1411998, 6180, 0, 0
1412998, 6120, 0, 0
1413997, 6162, 0, 0
1414997, 6138, 0, 0
1415997, 6072, 0, 0
1416997, 6195, 0, 0
1417997, 6120, 0, 0
1418997, 6117, 0, 0
1419997, 6186, 0, 0
1420997, 6066, 0, 0
1421998, 6066, 0, 0
1422998, 6162, 0, 0
1423998, 6069, 0, 0
1424997, 6114, 0, 0
1425997, 6162, 0, 0
1426997, 6147, 0, 0
1427997, 6126, 0, 0
1428997, 6282, 0, 0
1429997, 6108, 0, 0
1430997, 6180, 0, 0
1431997, 6096, 0, 0
1432998, 6126, 0, 0
1433998, 6093, 0, 0
1434998, 6102, 0, 0
1435998, 6087, 0, 0
1436997, 6060, 0, 0
1437997, 6081, 0, 0
1438997, 6132, 0, 0
1439997, 6198, 0, 0
1440997, 6108, 0, 0
1441998, 6060, 0, 0
1442998, 6018, 0, 0
1443998, 6144, 0, 0
1444997, 6048, 0, 0
1445997, 6084, 0, 0
1446997, 6090, 0, 0
1447997, 6057, 0, 0
1448997, 6090, 0, 0
1449997, 6150, 0, 0
1450998, 6249, 0, 0
1451998, 6153, 0, 0
1452997, 6072, 0, 0
1453997, 6024, 0, 0
1454997, 6090, 0, 0
1455997, 6102, 0, 0
1456997, 6051, 0, 0
1457997, 6150, 0, 0
1458997, 6129, 0, 0
1459997, 6114, 0, 0
1460997, 6129, 0, 0
1461998, 6045, 0, 0
1462997, 6126, 0, 0
1463998, 6090, 0, 0
1464998, 6285, 0, 0
1465998, 6123, 0, 0
1466998, 6171, 0, 0
1467998, 6105, 0, 0
1468998, 6105, 0, 0
1469998, 6084, 0, 0
1470997, 6201, 0, 0
1471997, 6114, 0, 0
1472997, 6138, 0, 0
1473997, 6129, 0, 0
1474997, 6147, 0, 0
1475997, 6162, 0, 0
1476997, 6138, 0, 0
1477997, 6258, 0, 0
1478997, 6066, 0, 0
1479998, 6066, 0, 0
1480998, 6063, 0, 0
1481998, 6141, 0, 0
1482998, 6153, 0, 0
1483998, 6093, 0, 0
1484997, 6177, 0, 0
1485997, 6111, 0, 0
1486997, 6060, 0, 0
1487997, 6111, 0, 0
1488997, 6195, 0, 0
1489997, 6156, 0, 0
1490998, 6093, 0, 0
1491998, 6126, 0, 0
1492998, 6090, 0, 0
1493997, 6186, 0, 0
1494997, 6078, 0, 0
1495997, 6111, 0, 0
1496997, 6042, 0, 0
1497997, 6066, 0, 0
1498997, 6084, 0, 0
1499997, 6180, 0, 0
1500997, 6174, 0, 0
1501997, 6258, 0, 0
1502997, 6132, 0, 0
1503998, 6171, 0, 0
1504998, 6048, 0, 0
1505998, 6210, 0, 0
1506998, 6204, 0, 0
1507997, 6075, 0, 0
1508997, 6213, 0, 0
1509997, 6108, 0, 0
1510997, 6162, 0, 0
1511997, 6078, 0, 0
1512997, 6018, 0, 0
1513997, 6090, 0, 0
1514998, 6165, 0, 0
1515998, 5954, 0, 0
1516998, 6150, 0, 0
1517998, 6075, 0, 0
1518998, 6060, 0, 0
1519998, 6177, 0, 0
1520998, 6267, 0, 0
1521998, 6201, 0, 0
1522998, 6147, 0, 0
1523998, 6087, 0, 0
1524998, 6072, 0, 0
1525998, 6060, 0, 0
1526998, 6123, 0, 0
1527998, 6102, 0, 0
1528998, 6039, 0, 0
1529998, 6099, 0, 0
1530998, 6108, 0, 0
1531998, 6027, 0, 0
1532998, 6213, 0, 0
1533998, 6234, 0, 0
1534998, 6270, 0, 0
1535998, 6228, 0, 0
1536998, 6165, 0, 0
1537998, 6057, 0, 0
1538998, 6078, 0, 0
1539998, 6084, 0, 0
1540998, 6111, 0, 0
1541998, 6225, 0, 0
1542998, 6141, 0, 0
1543998, 6246, 0, 0
1544998, 6096, 0, 0
1545998, 6135, 0, 0
1546998, 6213, 0, 0
1547998, 6105, 0, 0
1548998, 6138, 0, 0
1549998, 6243, 0, 0
1550998, 6069, 0, 0
1551998, 6111, 0, 0
1552998, 6090, 0, 0
1553998, 6123, 0, 0
1554998, 6165, 0, 0
1555998, 6117, 0, 0
1556998, 6117, 0, 0
1557998, 6213, 0, 0
1558998, 6147, 0, 0
1559998, 6198, 0, 0
1560998, 6099, 0, 0
1561997, 6111, 0, 0
1562997, 6117, 0, 0
1563997, 6051, 0, 0
1564997, 6132, 0, 0
1565997, 6099, 0, 0
1566996, 6132, 0, 0
1567995, 6132, 0, 0
1568996, 6123, 0, 0
1569996, 6153, 0, 0
1570995, 6174, 0, 0
1571995, 6081, 0, 0
1572995, 6105, 0, 0
1573995, 6120, 0, 0
1574995, 6180, 0, 0
1575993, 6169, 0, 0
1576993, 6208, 0, 0
1577993, 6033, 0, 0
1578994, 6039, 0, 0
1579993, 6126, 0, 0
1580992, 6093, 0, 0
1581992, 6175, 0, 0
1582993, 6181, 0, 0
1583992, 6172, 0, 0
1584992, 6117, 0, 0
1585992, 6105, 0, 0
1586992, 6193, 0, 0
1587991, 6133, 0, 0
1588991, 6042, 0, 0
1589991, 6251, 0, 0
1591000, 6087, 0, 0
1592000, 6021, 0, 0
1593000, 6021, 0, 0
1593999, 6057, 0, 0
1594999, 6108, 0, 0
1595999, 6108, 0, 0
1596998, 6219, 0, 0
1597998, 6132, 0, 0
1598998, 5912, 0, 0
1599997, 6162, 0, 0
1600998, 6222, 0, 0
1601998, 6153, 0, 0
1602998, 6069, 0, 0
1603998, 6066, 0, 0
1604998, 6243, 0, 0
1605998, 6183, 0, 0
1606998, 6183, 0, 0
1607998, 6114, 0, 0
1608997, 6147, 0, 0
1609998, 6090, 0, 0
1610998, 6096, 0, 0
1611997, 6123, 0, 0
1612997, 6204, 0, 0
1613997, 6081, 0, 0
1614997, 6129, 0, 0
1615997, 6045, 0, 0
1616997, 6045, 0, 0
1617997, 6153, 0, 0
1618998, 6093, 0, 0
1619998, 6183, 0, 0
1620998, 6075, 0, 0
1621998, 6054, 0, 0
1622998, 6150, 0, 0
1623998, 6162, 0, 0
1624998, 6084, 0, 0
1625998, 6192, 0, 0
1626998, 6090, 0, 0
1627997, 6141, 0, 0
1628997, 6183, 0, 0
1629997, 6195, 0, 0
1630997, 6177, 0, 0
1631997, 6132, 0, 0
1632997, 6234, 0, 0
1633997, 6075, 0, 0
1634997, 6141, 0, 0
1635997, 6090, 0, 0
1636997, 6093, 0, 0
1637997, 6237, 0, 0
1638997, 6198, 0, 0
1639997, 6207, 0, 0
1640998, 6054, 0, 0
1641998, 6156, 0, 0
1642998, 6144, 0, 0
1643998, 6201, 0, 0
1644998, 6135, 0, 0
1645998, 6216, 0, 0
1646998, 6312, 0, 0
1647998, 6099, 0, 0
1648998, 6027, 0, 0
1649998, 6117, 0, 0
1650998, 6087, 0, 0
1651998, 6180, 0, 0
1652997, 6120, 0, 0
1653997, 6171, 0, 0
1654997, 6066, 0, 0
1655997, 6117, 0, 0
1656997, 6177, 0, 0
1657997, 6162, 0, 0
1658998, 6192, 0, 0
1659997, 6231, 0, 0
1660998, 6351, 0, 0
1661998, 6126, 0, 0
1662998, 6039, 0, 0
1663998, 6135, 0, 0
1664998, 6216, 0, 0
1665998, 6168, 0, 0
1666998, 6075, 0, 0
1667998, 6153, 0, 0
1668998, 6093, 0, 0
1669997, 6063, 0, 0
1670997, 6150, 0, 0
1671997, 6138, 0, 0
1672998, 6087, 0, 0
1673997, 6045, 0, 0
1674997, 6177, 0, 0
1675997, 6138, 0, 0
1676997, 6189, 0, 0
1677997, 6105, 0, 0
1678997, 6126, 0, 0
1679997, 6105, 0, 0
1680997, 6219, 0, 0
1681997, 6159, 0, 0
1682997, 6219, 0, 0
1683997, 6057, 0, 0
1684997, 6150, 0, 0
1685998, 6270, 0, 0
1686998, 6207, 0, 0
1687998, 6174, 0, 0
1688998, 6210, 0, 0
1689998, 6060, 0, 0
1690997, 6144, 0, 0
1691998, 6099, 0, 0
1692997, 6084, 0, 0
1693997, 6090, 0, 0
1694997, 6021, 0, 0
1695997, 6126, 0, 0
1696997, 6027, 0, 0
1697997, 6147, 0, 0
1698997, 6066, 0, 0
1699997, 6147, 0, 0
1700997, 6150, 0, 0
1701998, 6108, 0, 0
1702998, 6153, 0, 0
1703998, 6036, 0, 0
1704998, 6234, 0, 0
1705998, 6195, 0, 0
1706998, 6039, 0, 0
1707998, 6145, 0, 0
1708997, 6113, 0, 0
1709997, 6084, 0, 0
1710997, 6075, 0, 0
1711997, 6141, 0, 0
1712997, 6171, 0, 0
1713997, 6009, 0, 0
1714997, 6210, 0, 0
1715997, 6162, 0, 0
1716997, 6237, 0, 0
1717997, 6069, 0, 0
1718997, 6135, 0, 0
1719997, 6090, 0, 0
1720997, 6009, 0, 0
1721997, 6138, 0, 0
1722997, 6096, 0, 0
1723997, 6090, 0, 0
1724997, 6093, 0, 0
1725998, 6129, 0, 0
1726998, 6102, 0, 0
1727997, 6132, 0, 0
1728998, 6153, 0, 0
1729998, 6099, 0, 0
1730998, 6225, 0, 0
1731998, 6198, 0, 0
1732998, 6168, 0, 0
1733997, 6180, 0, 0
1734997, 6096, 0, 0
1735997, 6207, 0, 0
1736997, 6102, 0, 0
1737997, 6216, 0, 0
1738997, 6111, 0, 0
1739997, 6054, 0, 0
1740997, 6081, 0, 0
1741997, 6099, 0, 0
1742997, 6168, 0, 0
1743997, 6039, 0, 0
1744997, 6216, 0, 0
1745997, 6060, 0, 0
1746997, 6240, 0, 0
1747997, 6063, 0, 0
1748997, 6201, 0, 0
1749997, 6087, 0, 0
1750998, 6126, 0, 0
1751998, 6198, 0, 0
1752998, 6237, 0, 0
1753998, 6126, 0, 0
1754998, 6174, 0, 0
1755998, 6126, 0, 0
1756997, 6096, 0, 0
1757997, 6111, 0, 0
1758997, 6084, 0, 0
1759997, 6048, 0, 0
1760997, 6093, 0, 0
1761997, 6252, 0, 0
1762997, 6231, 0, 0
1763997, 6273, 0, 0
1764997, 6117, 0, 0
1765997, 6087, 0, 0
1766998, 6207, 0, 0
1767998, 6117, 0, 0
1768998, 6108, 0, 0
1769998, 6090, 0, 0
1770998, 6147, 0, 0
1771998, 6060, 0, 0
1772998, 6126, 0, 0
1773998, 6069, 0, 0
1774997, 6174, 0, 0
1775997, 6279, 0, 0
1776997, 6117, 0, 0
1777997, 6144, 0, 0
1778997, 6216, 0, 0
1779997, 6165, 0, 0
1780997, 6063, 0, 0
1781997, 6108, 0, 0
1782997, 6156, 0, 0
1783997, 6102, 0, 0
1784997, 6171, 0, 0
1785998, 6099, 0, 0
1786998, 6054, 0, 0
1787998, 6228, 0, 0
1788998, 6054, 0, 0
1789998, 6090, 0, 0
1790998, 6090, 0, 0
1791998, 6051, 0, 0
1792998, 6126, 0, 0
1793997, 6102, 0, 0
1794997, 6072, 0, 0
1795998, 6168, 0, 0
1796997, 6087, 0, 0
1797997, 6129, 0, 0
1798997, 6189, 0, 0
1799997, 6165, 0, 0
1800997, 6099, 0, 0
1801997, 6180, 0, 0
1802997, 6129, 0, 0
1803998, 6006, 0, 0
1804998, 6210, 0, 0
1805998, 6153, 0, 0
1806998, 6096, 0, 0
1807998, 6081, 0, 0
1808997, 6207, 0, 0
1809997, 6159, 0, 0
1810997, 6030, 0, 0
1811997, 6126, 0, 0
1812997, 6135, 0, 0
1813997, 6186, 0, 0
1814997, 6126, 0, 0
1815997, 6108, 0, 0
1816997, 6204, 0, 0
1817997, 6126, 0, 0
1818997, 6162, 0, 0
1819997, 6051, 0, 0
1820998, 6111, 0, 0
1821998, 6153, 0, 0
1822998, 6225, 0, 0
1823998, 6114, 0, 0
1824998, 6102, 0, 0
1825998, 6126, 0, 0
1826998, 6141, 0, 0
1827997, 6072, 0, 0
1828997, 6144, 0, 0
1829997, 6117, 0, 0
1830997, 6057, 0, 0
1831997, 6102, 0, 0
1832997, 6027, 0, 0
1833998, 6174, 0, 0
1834998, 6249, 0, 0
1835998, 6357, 0, 0
1836998, 6066, 0, 0
1837998, 6159, 0, 0
1838998, 6135, 0, 0
1839998, 6075, 0, 0
1840997, 6138, 0, 0
1841997, 6174, 0, 0
1842997, 6177, 0, 0
1843997, 6240, 0, 0
1844997, 6054, 0, 0
1845997, 6129, 0, 0
1846998, 6180, 0, 0
1847998, 6093, 0, 0
1848998, 6114, 0, 0
1849998, 6093, 0, 0
1850997, 6102, 0, 0
1851997, 6195, 0, 0
1852997, 6240, 0, 0
1853997, 6012, 0, 0
1854997, 6171, 0, 0
1855997, 6099, 0, 0
1856997, 6114, 0, 0
1857997, 6234, 0, 0
1858997, 6081, 0, 0
1859998, 6141, 0, 0
1860998, 6105, 0, 0
1861998, 6129, 0, 0
1862998, 6189, 0, 0
1863997, 6165, 0, 0
1864997, 6276, 0, 0
1865998, 6168, 0, 0
1866997, 6126, 0, 0
1867997, 6048, 0, 0
1868997, 6051, 0, 0
1869997, 6180, 0, 0
1870997, 6171, 0, 0
1871997, 6132, 0, 0
1872997, 6159, 0, 0
1873998, 6078, 0, 0
1874998, 6087, 0, 0
1875998, 6219, 0, 0
1876998, 6147, 0, 0
1877998, 6162, 0, 0
1878998, 6084, 0, 0
1879998, 6168, 0, 0
1880998, 6102, 0, 0
1881997, 6141, 0, 0
1882997, 6042, 0, 0
1883997, 6105, 0, 0
1884997, 6057, 0, 0
1885997, 6153, 0, 0
1886997, 6114, 0, 0
1887997, 6195, 0, 0
1888997, 6117, 0, 0
1889997, 6069, 0, 0
1890997, 6129, 0, 0
1891997, 6150, 0, 0
1892997, 6123, 0, 0
1893997, 6102, 0, 0
1894997, 6105, 0, 0
1895998, 6144, 0, 0
1896998, 5909, 0, 0
1897998, 5984, 0, 0
1898998, 6138, 0, 0
1899998, 6081, 0, 0
1900997, 6120, 0, 0
1901997, 6039, 0, 0
1902997, 6036, 0, 0
1903997, 6039, 0, 0
1904997, 6153, 0, 0
1905997, 6123, 0, 0
1906997, 6054, 0, 0
1907997, 6159, 0, 0
1908997, 6000, 0, 0
1909998, 6075, 0, 0
1910998, 6111, 0, 0
1911998, 6153, 0, 0
1912998, 6150, 0, 0
1913998, 6165, 0, 0
1914998, 6147, 0, 0
1915998, 6057, 0, 0
1916998, 6033, 0, 0
1917998, 6063, 0, 0
1918998, 6216, 0, 0
1919998, 6054, 0, 0
1920998, 6075, 0, 0
1921998, 6108, 0, 0
1922998, 6039, 0, 0
1923998, 6144, 0, 0
1924997, 6048, 0, 0
1925997, 6093, 0, 0
1926997, 6162, 0, 0
1927997, 6162, 0, 0
1928997, 6135, 0, 0
1929997, 5987, 0, 0
1930997, 6126, 0, 0
1931997, 6099, 0, 0
1932998, 6150, 0, 0
1933998, 6114, 0, 0
1934998, 6165, 0, 0
1935998, 6204, 0, 0
1936998, 6075, 0, 0
1937998, 6075, 0, 0
1938998, 6183, 0, 0
1939998, 6105, 0, 0
1940998, 6093, 0, 0
1941997, 6129, 0, 0
1942997, 6093, 0, 0
1943997, 6120, 0, 0
1944997, 6114, 0, 0
1945997, 6147, 0, 0
1946997, 6147, 0, 0
1947997, 6117, 0, 0
1948997, 6168, 0, 0
1949997, 6147, 0, 0
1950997, 6198, 0, 0
1951997, 6102, 0, 0
1952997, 6117, 0, 0
1953997, 6180, 0, 0
1954997, 6105, 0, 0
1955997, 6225, 0, 0
1956998, 6114, 0, 0
1957998, 6006, 0, 0
1958998, 6060, 0, 0
1959998, 6111, 0, 0
1960998, 6066, 0, 0
1961998, 6063, 0, 0
1962998, 6075, 0, 0
1963998, 6117, 0, 0
1964998, 6105, 0, 0
1965997, 6057, 0, 0
1966998, 6075, 0, 0
1967997, 6159, 0, 0
1968997, 6087, 0, 0
1969997, 6120, 0, 0
1970997, 6051, 0, 0
1971997, 6132, 0, 0
1972997, 6150, 0, 0
1973997, 6075, 0, 0
1974997, 6177, 0, 0
1975997, 6069, 0, 0
1976997, 6090, 0, 0
1977997, 6069, 0, 0
1978997, 6108, 0, 0
1979998, 6024, 0, 0
1980998, 6228, 0, 0
1981998, 6090, 0, 0
1982997, 6090, 0, 0
1983997, 6153, 0, 0
1984997, 6162, 0, 0
1985997, 6033, 0, 0
1986997, 6114, 0, 0
1987997, 6063, 0, 0
1988997, 6054, 0, 0
1989997, 6063, 0, 0
1990997, 6111, 0, 0
1991997, 6108, 0, 0
1992997, 6138, 0, 0
1993997, 6177, 0, 0
1994997, 6132, 0, 0
1995998, 6123, 0, 0
1996998, 6165, 0, 0
1997998, 6147, 0, 0
1998998, 6117, 0, 0
1999998, 6048, 0, 0
2000998, 6156, 0, 0
2001998, 6081, 0, 0
2002998, 6090, 0, 0
2003997, 6027, 0, 0
2004998, 6216, 0, 0
2005997, 6027, 0, 0
2006997, 6075, 0, 0
2007997, 6054, 0, 0
2008997, 6087, 0, 0
2009997, 6099, 0, 0
2010997, 6030, 0, 0
2011997, 6090, 0, 0
2012998, 6024, 0, 0
2013998, 6093, 0, 0
2014998, 6027, 0, 0
2015998, 5954, 0, 0
2016998, 6006, 0, 0
2017998, 6141, 0, 0
2018998, 6063, 0, 0
2019998, 6075, 0, 0
2020998, 5966, 0, 0
2021997, 6084, 0, 0
2022997, 6165, 0, 0
2023997, 6108, 0, 0
2024997, 5888, 0, 0
2025997, 6078, 0, 0
2026998, 6147, 0, 0
2027998, 6021, 0, 0
2028998, 5945, 0, 0
2029998, 6078, 0, 0
2030998, 6051, 0, 0
2031997, 6039, 0, 0
2032997, 6081, 0, 0
2033997, 6096, 0, 0
2034997, 6042, 0, 0
2035997, 6045, 0, 0
2036998, 6171, 0, 0
2037998, 5984, 0, 0
2038998, 5966, 0, 0
2039998, 6072, 0, 0
2040998, 6126, 0, 0
2041997, 6093, 0, 0
2042997, 6000, 0, 0
2043997, 6060, 0, 0
2044997, 6096, 0, 0
2045997, 6066, 0, 0
2046997, 6129, 0, 0
2047997, 6015, 0, 0
2048997, 6132, 0, 0
2049998, 6090, 0, 0
2050998, 6072, 0, 0
2051998, 6087, 0, 0
2052998, 6105, 0, 0
2053998, 6144, 0, 0
2054998, 6114, 0, 0
2055998, 6225, 0, 0
2056998, 6087, 0, 0
2057998, 6042, 0, 0
2058998, 6168, 0, 0
2059998, 6075, 0, 0
2060998, 6081, 0, 0
2061997, 6114, 0, 0
2062997, 5960, 0, 0
2063997, 6027, 0, 0
2064997, 5924, 0, 0
2065997, 6003, 0, 0
2066998, 6015, 0, 0
2067998, 6144, 0, 0
2068998, 5966, 0, 0
2069998, 6018, 0, 0
2070998, 6060, 0, 0
2071998, 6111, 0, 0
2072998, 6135, 0, 0
2073997, 6027, 0, 0
2074997, 6096, 0, 0
2075997, 6003, 0, 0
2076997, 6060, 0, 0
2077997, 6120, 0, 0
2078997, 6072, 0, 0
2079997, 6138, 0, 0
2080997, 5990, 0, 0
2081997, 6108, 0, 0
2082997, 6129, 0, 0
2083997, 6060, 0, 0
2084997, 6084, 0, 0
2085997, 6072, 0, 0
2086997, 6156, 0, 0
2087997, 6222, 0, 0
2088998, 6237, 0, 0
2089998, 6090, 0, 0
2090998, 6051, 0, 0
2091998, 6105, 0, 0
2092998, 6225, 0, 0
2093998, 6174, 0, 0
2094998, 6126, 0, 0
2095997, 6249, 0, 0
2096997, 6120, 0, 0
2097997, 6282, 0, 0
2098997, 6081, 0, 0
2099997, 6087, 0, 0
2100997, 6015, 0, 0
2101997, 6051, 0, 0
2102997, 6129, 0, 0
2103997, 6003, 0, 0
2104998, 6135, 0, 0
2105998, 6177, 0, 0
2106998, 6009, 0, 0
2107998, 6096, 0, 0
2108997, 6060, 0, 0
2109997, 5990, 0, 0
2110997, 6108, 0, 0
2111997, 6081, 0, 0
2112997, 6141, 0, 0
2113997, 6228, 0, 0
2114997, 6102, 0, 0
2115997, 6174, 0, 0
2116997, 6183, 0, 0
2117997, 6132, 0, 0
2118997, 6144, 0, 0
2119997, 6105, 0, 0
2120997, 6090, 0, 0
2121997, 6099, 0, 0
2122997, 6093, 0, 0
2123998, 6096, 0, 0
2124998, 6102, 0, 0
2125998, 6084, 0, 0
2126998, 6045, 0, 0
2127998, 6081, 0, 0
2128998, 6072, 0, 0
2129998, 6066, 0, 0
2130997, 6033, 0, 0
2131997, 6162, 0, 0
2132997, 6186, 0, 0
2133997, 6150, 0, 0
2134997, 6081, 0, 0
2135997, 6222, 0, 0
2136998, 5981, 0, 0
2137998, 5885, 0, 0
2138998, 6072, 0, 0
2139998, 6126, 0, 0
2140997, 6021, 0, 0
2141997, 6012, 0, 0
2142997, 6003, 0, 0
2143997, 5894, 0, 0
2144997, 6075, 0, 0
2145997, 6027, 0, 0
2146998, 6069, 0, 0
2147998, 6036, 0, 0
2148998, 6042, 0, 0
2149997, 6117, 0, 0
2150997, 6000, 0, 0
2151997, 6056, 0, 0
2152997, 6099, 0, 0
2153997, 6153, 0, 0
2154997, 6075, 0, 0
2155997, 5939, 0, 0
2156997, 6105, 0, 0
2157997, 6057, 0, 0
2158997, 6102, 0, 0
2159998, 6225, 0, 0
2160997, 6093, 0, 0
2161997, 6159, 0, 0
2162998, 6168, 0, 0
2163998, 6099, 0, 0
2164998, 6039, 0, 0
2165998, 6093, 0, 0
2166997, 6021, 0, 0
2167997, 5963, 0, 0
2168997, 6180, 0, 0
2169997, 6084, 0, 0
2170998, 6147, 0, 0
2171998, 5969, 0, 0
2172997, 6054, 0, 0
2173997, 6033, 0, 0
2174997, 6087, 0, 0
2175997, 6084, 0, 0
2176997, 6021, 0, 0
2177998, 6123, 0, 0
2178998, 6045, 0, 0
2179998, 6054, 0, 0
2180998, 6126, 0, 0
2181998, 6087, 0, 0
2182998, 6075, 0, 0
2183997, 6162, 0, 0
2184998, 6135, 0, 0
2185998, 6078, 0, 0
2186998, 6126, 0, 0
2187998, 6084, 0, 0
2188998, 6069, 0, 0
2189997, 6240, 0, 0
2190997, 6132, 0, 0
2191997, 6138, 0, 0
2192997, 6210, 0, 0
2193997, 6045, 0, 0
2194997, 6120, 0, 0
2195997, 6126, 0, 0
2196997, 6042, 0, 0
2197998, 6072, 0, 0
2198998, 6261, 0, 0
2199998, 6078, 0, 0
2200998, 6078, 0, 0
2201998, 6135, 0, 0
2202997, 6081, 0, 0
2203997, 6087, 0, 0
2204997, 6186, 0, 0
2205997, 6186, 0, 0
2206997, 6102, 0, 0
2207997, 6099, 0, 0
2208997, 6072, 0, 0
2209998, 6057, 0, 0
2210997, 6165, 0, 0
2211997, 6081, 0, 0
2212997, 6153, 0, 0
2213997, 5969, 0, 0
2214997, 6162, 0, 0
2215997, 6132, 0, 0
2216998, 6111, 0, 0
2217998, 6021, 0, 0
2218998, 6060, 0, 0
2219998, 6078, 0, 0
2220998, 6024, 0, 0
2221998, 6150, 0, 0
2222997, 6054, 0, 0
2223997, 6177, 0, 0
2224997, 6057, 0, 0
2225997, 6117, 0, 0
2226998, 6018, 0, 0
2227998, 6129, 0, 0
2228998, 6141, 0, 0
2229998, 6168, 0, 0
2230997, 6156, 0, 0
2231997, 6117, 0, 0
2232997, 6141, 0, 0
2233997, 6186, 0, 0
2234997, 6132, 0, 0
2235998, 6162, 0, 0
2236998, 6174, 0, 0
2237998, 6000, 0, 0
2238997, 6087, 0, 0
2239997, 6129, 0, 0
2240998, 6063, 0, 0
2241998, 6147, 0, 0
2242997, 6189, 0, 0
2243997, 6201, 0, 0
2244997, 6099, 0, 0
2245997, 6138, 0, 0
2246997, 6198, 0, 0
2247997, 6066, 0, 0
2248997, 6213, 0, 0
2249997, 6141, 0, 0
2250997, 6198, 0, 0
2251998, 6178, 0, 0
2252998, 6168, 0, 0
2253998, 6108, 0, 0
2254998, 6171, 0, 0
2255998, 6120, 0, 0
2256997, 6090, 0, 0
2257997, 6147, 0, 0
2258997, 5978, 0, 0
2259997, 6213, 0, 0
2260997, 6150, 0, 0
2261997, 6120, 0, 0
2262997, 6147, 0, 0
2263997, 6099, 0, 0
2264997, 6123, 0, 0
2265997, 6111, 0, 0
2266998, 6123, 0, 0
2267998, 6057, 0, 0
2268998, 6045, 0, 0
2269998, 6072, 0, 0
2270997, 6111, 0, 0
2271997, 6102, 0, 0
2272997, 6111, 0, 0
2273997, 6156, 0, 0
2274997, 6180, 0, 0
2275997, 6018, 0, 0
2276997, 6069, 0, 0
2277997, 6093, 0, 0
2278997, 6054, 0, 0
2279997, 6135, 0, 0
2280997, 6081, 0, 0
2281997, 6069, 0, 0
2282998, 6024, 0, 0
2283998, 6108, 0, 0
2284998, 6132, 0, 0
2285998, 6123, 0, 0
2286998, 6093, 0, 0
2287998, 6090, 0, 0
2288997, 6045, 0, 0
2289997, 6144, 0, 0
2290997, 6141, 0, 0
2291997, 6105, 0, 0
2292997, 6216, 0, 0
2293998, 6042, 0, 0
2294998, 6063, 0, 0
2295998, 6198, 0, 0
2296998, 6108, 0, 0
2297998, 6147, 0, 0
2298997, 6102, 0, 0
2299998, 6126, 0, 0
2300997, 6054, 0, 0
2301998, 6228, 0, 0
2302997, 6117, 0, 0
2303997, 6063, 0, 0
2304997, 6180, 0, 0
2305997, 6231, 0, 0
2306997, 6174, 0, 0
2307997, 6177, 0, 0
2308997, 6132, 0, 0
2309997, 6117, 0, 0
2310997, 6180, 0, 0
2311997, 6108, 0, 0
2312998, 6063, 0, 0
2313998, 6150, 0, 0
2314998, 6216, 0, 0
2315998, 6126, 0, 0
2316998, 6306, 0, 0
2317998, 6219, 0, 0
2318998, 6156, 0, 0
2319998, 6165, 0, 0
2320998, 6102, 0, 0
2321997, 6117, 0, 0
2322997, 6120, 0, 0
2323997, 6054, 0, 0
2324997, 6162, 0, 0
2325997, 6150, 0, 0
2326997, 6138, 0, 0
2327997, 6171, 0, 0
2328997, 6057, 0, 0
2329997, 6099, 0, 0
2330997, 6027, 0, 0
2331997, 6227, 0, 0
2332997, 6103, 0, 0
2333997, 6147, 0, 0
2334997, 6138, 0, 0
2335997, 6111, 0, 0
2336997, 6207, 0, 0
2337997, 6075, 0, 0
2338997, 6141, 0, 0
2339997, 6099, 0, 0
2340997, 6054, 0, 0
2341998, 6096, 0, 0
2342998, 6129, 0, 0
2343998, 6213, 0, 0
2344998, 6252, 0, 0
2345998, 6180, 0, 0
2346998, 6093, 0, 0
2347997, 6105, 0, 0
2348997, 6036, 0, 0
2349997, 6222, 0, 0
2350997, 6192, 0, 0
2351997, 6075, 0, 0
2352997, 6183, 0, 0
2353997, 6084, 0, 0
2354997, 6150, 0, 0
2355997, 6168, 0, 0
2356997, 6141, 0, 0
2357997, 6141, 0, 0
2358997, 6117, 0, 0
2359997, 6183, 0, 0
2360997, 6042, 0, 0
2361997, 6153, 0, 0
2362998, 6069, 0, 0
2363998, 6075, 0, 0
2364998, 6165, 0, 0
2365998, 6111, 0, 0
2366998, 6144, 0, 0
2367998, 6216, 0, 0
2368998, 6237, 0, 0
2369998, 6168, 0, 0
2370998, 6177, 0, 0
2371998, 6162, 0, 0
2372998, 6201, 0, 0
2373998, 6144, 0, 0
2374998, 6030, 0, 0
2375997, 6012, 0, 0
2376997, 6102, 0, 0
2377997, 6123, 0, 0
2378997, 6075, 0, 0
2379997, 6114, 0, 0
2380997, 6057, 0, 0
2381997, 6027, 0, 0
2382998, 6078, 0, 0
2383998, 6084, 0, 0
2384998, 6060, 0, 0
2385997, 6213, 0, 0
2386997, 6126, 0, 0
2387997, 6126, 0, 0
2388997, 6105, 0, 0
2389997, 6105, 0, 0
2390997, 6120, 0, 0
2391997, 6041, 0, 0
2392998, 6120, 0, 0
2393998, 6021, 0, 0
2394998, 6030, 0, 0
2395998, 6207, 0, 0
2396997, 6090, 0, 0
2397997, 6069, 0, 0
2398997, 6003, 0, 0
2399997, 6159, 0, 0
2400997, 5963, 0, 0
2401997, 6054, 0, 0
2402997, 6054, 0, 0
2403998, 6195, 0, 0
2404998, 6156, 0, 0
2405998, 6174, 0, 0
2406998, 6171, 0, 0
2407997, 6162, 0, 0
2408997, 6129, 0, 0
2409997, 6198, 0, 0
2410997, 6219, 0, 0
2411997, 6084, 0, 0
2412997, 6207, 0, 0
2413997, 6105, 0, 0
2414997, 6123, 0, 0
2415998, 6081, 0, 0
2416998, 6084, 0, 0
2417998, 6087, 0, 0
2418998, 6126, 0, 0
2419997, 6066, 0, 0
2420997, 6051, 0, 0
2421997, 6024, 0, 0
2422997, 6039, 0, 0
2423997, 6042, 0, 0
2424997, 6051, 0, 0
2425997, 6063, 0, 0
2426998, 6114, 0, 0
2427998, 6072, 0, 0
2428998, 6120, 0, 0
2429998, 6153, 0, 0
2430997, 5975, 0, 0
2431997, 6105, 0, 0
2432997, 6087, 0, 0
2433997, 6111, 0, 0
2434997, 5948, 0, 0
2435997, 6228, 0, 0
2436997, 6129, 0, 0
2437997, 5984, 0, 0
2438997, 6207, 0, 0
2439997, 6048, 0, 0
2440997, 6057, 0, 0
2441998, 6159, 0, 0
2442998, 6060, 0, 0
2443998, 6027, 0, 0
2444998, 6048, 0, 0
2445997, 6081, 0, 0
2446997, 6135, 0, 0
2447997, 6126, 0, 0
2448997, 6165, 0, 0
2449997, 6090, 0, 0
2450997, 6111, 0, 0
2451997, 6177, 0, 0
2452997, 6288, 0, 0
2453998, 6198, 0, 0
2454998, 6144, 0, 0
2455998, 6021, 0, 0
2456998, 6012, 0, 0
2457998, 6072, 0, 0
2458998, 6141, 0, 0
2459998, 6129, 0, 0
2460998, 6042, 0, 0
2461998, 6105, 0, 0
2462997, 6120, 0, 0
2463997, 6246, 0, 0
2464997, 6045, 0, 0
2465997, 6054, 0, 0
2466997, 6045, 0, 0
2467997, 6108, 0, 0
2468997, 6102, 0, 0
2469998, 6219, 0, 0
2470998, 6177, 0, 0
2471998, 6204, 0, 0
2472998, 6093, 0, 0
2473998, 6213, 0, 0
2474998, 6147, 0, 0
2475998, 6150, 0, 0
2476997, 6108, 0, 0
2477997, 6090, 0, 0
2478997, 6117, 0, 0
2479997, 6069, 0, 0
2480997, 6090, 0, 0
2481997, 5945, 0, 0
2482997, 6144, 0, 0
2483998, 6057, 0, 0
2484998, 6249, 0, 0
2485998, 6099, 0, 0
2486998, 6072, 0, 0
2487998, 6108, 0, 0
2488998, 6108, 0, 0
2489998, 6096, 0, 0
2490997, 6195, 0, 0
2491997, 6096, 0, 0
2492997, 6033, 0, 0
2493997, 6078, 0, 0
2494997, 6027, 0, 0
2495997, 6111, 0, 0
2496997, 6084, 0, 0
2497998, 6048, 0, 0
2498998, 6147, 0, 0
2499998, 6069, 0, 0
2500998, 6054, 0, 0
2501997, 6057, 0, 0
2502997, 6153, 0, 0
2503997, 6021, 0, 0
2504997, 6141, 0, 0
2505997, 6126, 0, 0
2506997, 6204, 0, 0
2507997, 6111, 0, 0
2508998, 6012, 0, 0
2509998, 6048, 0, 0
2510998, 6033, 0, 0
2511998, 6111, 0, 0
2512998, 5996, 0, 0
2513997, 6096, 0, 0
2514997, 6174, 0, 0
2515997, 6156, 0, 0
2516997, 6195, 0, 0
2517997, 6222, 0, 0
2518997, 6108, 0, 0
2519997, 6132, 0, 0
2520997, 6153, 0, 0
2521997, 6120, 0, 0
2522997, 6111, 0, 0
2523997, 6156, 0, 0
2524998, 6114, 0, 0
2525998, 6162, 0, 0
2526998, 6135, 0, 0
2527998, 6168, 0, 0
2528997, 6222, 0, 0
2529997, 6153, 0, 0
2530997, 5996, 0, 0
2531997, 6078, 0, 0
2532997, 6231, 0, 0
2533997, 6054, 0, 0
2534997, 6030, 0, 0
2535997, 6162, 0, 0
2536997, 6159, 0, 0
2537997, 6141, 0, 0
2538997, 6111, 0, 0
2539997, 6168, 0, 0
2540997, 6201, 0, 0
2541997, 6144, 0, 0
2542997, 6099, 0, 0
2543998, 6063, 0, 0
2544998, 6177, 0, 0
2545998, 6093, 0, 0
2546998, 6081, 0, 0
2547998, 6096, 0, 0
2548997, 6180, 0, 0
2549997, 6156, 0, 0
2550997, 6096, 0, 0
2551997, 6102, 0, 0
2552997, 6057, 0, 0
2553998, 6156, 0, 0
2554998, 6108, 0, 0
2555998, 6126, 0, 0
2556998, 6108, 0, 0
2557998, 6147, 0, 0
2558998, 6045, 0, 0
2559997, 6027, 0, 0
2560997, 6027, 0, 0
2561997, 6141, 0, 0
2562997, 6114, 0, 0
2563998, 6111, 0, 0
2564998, 5957, 0, 0
2565998, 6039, 0, 0
2566998, 6141, 0, 0
2567998, 6162, 0, 0
2568998, 6099, 0, 0
2569998, 6117, 0, 0
2570997, 6099, 0, 0
2571997, 6066, 0, 0
2572997, 6072, 0, 0
2573998, 6024, 0, 0
2574998, 6144, 0, 0
2575998, 6081, 0, 0
2576998, 6120, 0, 0
2577997, 6063, 0, 0
2578997, 6075, 0, 0
2579997, 6063, 0, 0
2580997, 6075, 0, 0
2581997, 6219, 0, 0
2582997, 6204, 0, 0
2583998, 6126, 0, 0
2584998, 5993, 0, 0
2585998, 6048, 0, 0
2586997, 6024, 0, 0
2587997, 6162, 0, 0
2588997, 6147, 0, 0
2589997, 6087, 0, 0
2590997, 6183, 0, 0
2591997, 6000, 0, 0
2592997, 6126, 0, 0
2593997, 6069, 0, 0
2594998, 6111, 0, 0
2595998, 6051, 0, 0
2596998, 6054, 0, 0
2597998, 6102, 0, 0
2598997, 6071, 0, 0
2599997, 6144, 0, 0
2600997, 6119, 0, 0
2601997, 6081, 0, 0
2602998, 6207, 0, 0
2603998, 6171, 0, 0
2604998, 6135, 0, 0
2605998, 6063, 0, 0
2606998, 6018, 0, 0
2607998, 6192, 0, 0
2608998, 6096, 0, 0
2609998, 6126, 0, 0
2610998, 6096, 0, 0
2611998, 6096, 0, 0
2612998, 6150, 0, 0
2613998, 6129, 0, 0
2614998, 6228, 0, 0
2615998, 6063, 0, 0
2616998, 6012, 0, 0
2617997, 6150, 0, 0
2618998, 6135, 0, 0
2619998, 6180, 0, 0
2620998, 6051, 0, 0
2621998, 6063, 0, 0
2622998, 6138, 0, 0
2623998, 6066, 0, 0
2624998, 6081, 0, 0
2625998, 6150, 0, 0
2626998, 6165, 0, 0
2627998, 6102, 0, 0
2628998, 6030, 0, 0
2629998, 6132, 0, 0
2630998, 5987, 0, 0
2631998, 6129, 0, 0
2632998, 6027, 0, 0
2633998, 6144, 0, 0
2634998, 6003, 0, 0
2635998, 6057, 0, 0
2636998, 6195, 0, 0
2637998, 6066, 0, 0
2638998, 6180, 0, 0
2639998, 6210, 0, 0
2640998, 6102, 0, 0
2641998, 6156, 0, 0
2642998, 6138, 0, 0
2643998, 6159, 0, 0
2644998, 6063, 0, 0
2645997, 6105, 0, 0
2646997, 6135, 0, 0
2647997, 6051, 0, 0
2648996, 6123, 0, 0
2649996, 6087, 0, 0
2650996, 6117, 0, 0
2651996, 6126, 0, 0
2652995, 6198, 0, 0
2653995, 6129, 0, 0
2654995, 6126, 0, 0
2655995, 6135, 0, 0
2656994, 5984, 0, 0
2657994, 6165, 0, 0
2658995, 6081, 0, 0
2659995, 6102, 0, 0
2660994, 6256, 0, 0
2661994, 6111, 0, 0
2662994, 6108, 0, 0
2663994, 6096, 0, 0
2664993, 6096, 0, 0
2665993, 6117, 0, 0
2666993, 6117, 0, 0
2667992, 6081, 0, 0
2668992, 6214, 0, 0
2669992, 6193, 0, 0
2670992, 6205, 0, 0
2671991, 6081, 0, 0
2672991, 6217, 0, 0
2673991, 6178, 0, 0
2675000, 6006, 0, 0
2676000, 5922, 0, 0
2677000, 6234, 0, 0
2678000, 6051, 0, 0
2678999, 6096, 0, 0
2679999, 6117, 0, 0
2680999, 5978, 0, 0
2681999, 6195, 0, 0
2682998, 6132, 0, 0
2683998, 6054, 0, 0
2684998, 6081, 0, 0
2685997, 6219, 0, 0
2686997, 6183, 0, 0
2687997, 6090, 0, 0
2688997, 6090, 0, 0
2689997, 6093, 0, 0
2690997, 6084, 0, 0
2691998, 6096, 0, 0
2692998, 6132, 0, 0
2693998, 6108, 0, 0
2694998, 6069, 0, 0
2695998, 6048, 0, 0
2696998, 6156, 0, 0
2697997, 6102, 0, 0
2698997, 6066, 0, 0
2699997, 6099, 0, 0
2700997, 6132, 0, 0
2701997, 6060, 0, 0
2702997, 6117, 0, 0
2703997, 6081, 0, 0
2704997, 6063, 0, 0
2705998, 6138, 0, 0
2706998, 6084, 0, 0
2707998, 6078, 0, 0
2708998, 6054, 0, 0
2709997, 6111, 0, 0
2710997, 6153, 0, 0
2711997, 6153, 0, 0
2712998, 6222, 0, 0
2713998, 6078, 0, 0
2714998, 6072, 0, 0
2715998, 6048, 0, 0
2716998, 6105, 0, 0
2717998, 6195, 0, 0
2718998, 6054, 0, 0
2719997, 6096, 0, 0
2720997, 6150, 0, 0
2721997, 6276, 0, 0
2722997, 6090, 0, 0
2723997, 6141, 0, 0
2724997, 6057, 0, 0
2725997, 6144, 0, 0
2726998, 6042, 0, 0
2727998, 6081, 0, 0
2728998, 6003, 0, 0
2729998, 6000, 0, 0
2730998, 6078, 0, 0
2731997, 6117, 0, 0
2732998, 5939, 0, 0
2733997, 6078, 0, 0
2734997, 6045, 0, 0
2735997, 6060, 0, 0
2736997, 6039, 0, 0
2737998, 6150, 0, 0
2738998, 5945, 0, 0
2739998, 6147, 0, 0
2740998, 6027, 0, 0
2741998, 6120, 0, 0
2742998, 6006, 0, 0
2743998, 6054, 0, 0
2744998, 6063, 0, 0
2745998, 6117, 0, 0
2746997, 6096, 0, 0
2747997, 6120, 0, 0
2748997, 6030, 0, 0
2749997, 6117, 0, 0
2750997, 6024, 0, 0
2751997, 6153, 0, 0
2752998, 6075, 0, 0
2753997, 6090, 0, 0
2754997, 6111, 0, 0
2755998, 6057, 0, 0
2756998, 6066, 0, 0
2757998, 6033, 0, 0
2758998, 6039, 0, 0
2759998, 5945, 0, 0
2760997, 6114, 0, 0
2761997, 6000, 0, 0
2762998, 6123, 0, 0
2763998, 6225, 0, 0
2764998, 6174, 0, 0
2765998, 6192, 0, 0
2766997, 6123, 0, 0
2767998, 6138, 0, 0
2768998, 6033, 0, 0
2769998, 6096, 0, 0
2770997, 6066, 0, 0
2771997, 6048, 0, 0
2772997, 6069, 0, 0
2773997, 6210, 0, 0
2774997, 6102, 0, 0
2775997, 6054, 0, 0
2776997, 6087, 0, 0
2777997, 6035, 0, 0
2778997, 6150, 0, 0
2779997, 6111, 0, 0
2780997, 6081, 0, 0
2781997, 6117, 0, 0
2782997, 6126, 0, 0
2783998, 6171, 0, 0
2784997, 6114, 0, 0
2785997, 6078, 0, 0
2786998, 6246, 0, 0
2787998, 6426, 0, 0
2788998, 6414, 0, 0
2789998, 6477, 0, 0
2790998, 6210, 0, 0
2791998, 6099, 0, 0
2792997, 6114, 0, 0
2793997, 6081, 0, 0
2794997, 6147, 0, 0
2795997, 6150, 0, 0
2796997, 6072, 0, 0
2797997, 6141, 0, 0
2798998, 6120, 0, 0
2799998, 6015, 0, 0
2800998, 6015, 0, 0
2801998, 6084, 0, 0
2802998, 6045, 0, 0
2803997, 6024, 0, 0
2804997, 6105, 0, 0
2805997, 6084, 0, 0
2806997, 6012, 0, 0
2807997, 5981, 0, 0
2808997, 5987, 0, 0
2809997, 6018, 0, 0
2810997, 6111, 0, 0
2811997, 6030, 0, 0
2812997, 5951, 0, 0
2813997, 5978, 0, 0
2814997, 5978, 0, 0
2815997, 5930, 0, 0
2816997, 5918, 0, 0
2817997, 6093, 0, 0
2818997, 6138, 0, 0
2819997, 6054, 0, 0
2820998, 6159, 0, 0
2821998, 6252, 0, 0
2822998, 6036, 0, 0
2823998, 6081, 0, 0
2824998, 6108, 0, 0
2825998, 6084, 0, 0
2826998, 6135, 0, 0
2827997, 6009, 0, 0
2828997, 6162, 0, 0
2829997, 6141, 0, 0
2830997, 6051, 0, 0
2831997, 6036, 0, 0
2832997, 6015, 0, 0
2833997, 6102, 0, 0
2834997, 6051, 0, 0
2835997, 5993, 0, 0
2836997, 5972, 0, 0
2837997, 5942, 0, 0
2838997, 5945, 0, 0
2839998, 6135, 0, 0
2840998, 6030, 0, 0
2841998, 6036, 0, 0
2842998, 6045, 0, 0
2843997, 5930, 0, 0
2844997, 5939, 0, 0
2845997, 6033, 0, 0
2846997, 5996, 0, 0
2847997, 6126, 0, 0
2848997, 6087, 0, 0
2849997, 6009, 0, 0
2850998, 6129, 0, 0
2851998, 6075, 0, 0
2852998, 6078, 0, 0
2853998, 6096, 0, 0
2854998, 6102, 0, 0
2855998, 6129, 0, 0
2856997, 6129, 0, 0
2857997, 6114, 0, 0
2858997, 6087, 0, 0
2859997, 6150, 0, 0
2860997, 6150, 0, 0
2861997, 6057, 0, 0
2862997, 6153, 0, 0
2863998, 6198, 0, 0
2864998, 6222, 0, 0
2865998, 6150, 0, 0
2866998, 6105, 0, 0
2867998, 6237, 0, 0
2868998, 6225, 0, 0
2869998, 6153, 0, 0
2870997, 6096, 0, 0
2871997, 6126, 0, 0
2872997, 6123, 0, 0
2873997, 6045, 0, 0
2874997, 6186, 0, 0
2875997, 6012, 0, 0
2876997, 6159, 0, 0
2877998, 6087, 0, 0
2878997, 6135, 0, 0
2879998, 6027, 0, 0
2880998, 6108, 0, 0
2881998, 6132, 0, 0
2882998, 6144, 0, 0
2883997, 6144, 0, 0
2884997, 6072, 0, 0
2885997, 6192, 0, 0
2886997, 6081, 0, 0
2887997, 6147, 0, 0
2888997, 6060, 0, 0
2889997, 6231, 0, 0
2890997, 6042, 0, 0
2891997, 6003, 0, 0
2892997, 6138, 0, 0
2893997, 6045, 0, 0
2894998, 6099, 0, 0
2895998, 6027, 0, 0
2896998, 6042, 0, 0
2897998, 6018, 0, 0
2898998, 5921, 0, 0
2899997, 6048, 0, 0
2900997, 6069, 0, 0
2901997, 6093, 0, 0
2902997, 5993, 0, 0
2903997, 6060, 0, 0
2904997, 6066, 0, 0
2905997, 6051, 0, 0
2906997, 6012, 0, 0
2907997, 6042, 0, 0
2908998, 6021, 0, 0
2909998, 5975, 0, 0
2910998, 6093, 0, 0
2911998, 6039, 0, 0
2912997, 6021, 0, 0
2913997, 6012, 0, 0
2914997, 6072, 0, 0
2915997, 5996, 0, 0
2916997, 5996, 0, 0
2917997, 6129, 0, 0
2918997, 6024, 0, 0
2919997, 6003, 0, 0
2920997, 6141, 0, 0
2921997, 6168, 0, 0
2922997, 6042, 0, 0
2923997, 6000, 0, 0
2924997, 6135, 0, 0
2925997, 6171, 0, 0
2926997, 6144, 0, 0
2927997, 6129, 0, 0
2928998, 6105, 0, 0
2929998, 6099, 0, 0
2930998, 6075, 0, 0
2931998, 6087, 0, 0
2932998, 6108, 0, 0
2933998, 6114, 0, 0
2934998, 6129, 0, 0
2935998, 6033, 0, 0
2936998, 6012, 0, 0
2937998, 6075, 0, 0
2938998, 6120, 0, 0
2939998, 6051, 0, 0
2940997, 6081, 0, 0
2941997, 6108, 0, 0
2942998, 6144, 0, 0
2943997, 6108, 0, 0
2944997, 6147, 0, 0
2945997, 6075, 0, 0
2946997, 6003, 0, 0
2947997, 6141, 0, 0
2948997, 6099, 0, 0
2949998, 6051, 0, 0
2950998, 6021, 0, 0
2951998, 6084, 0, 0
2952998, 6057, 0, 0
2953997, 6081, 0, 0
2954998, 6108, 0, 0
2955998, 6033, 0, 0
2956998, 6021, 0, 0
2957997, 6117, 0, 0
2958997, 6168, 0, 0
2959997, 6057, 0, 0
2960997, 5996, 0, 0
2961997, 6090, 0, 0
2962997, 6054, 0, 0
2963997, 6108, 0, 0
2964998, 6075, 0, 0
2965998, 6033, 0, 0
2966998, 5981, 0, 0
2967998, 5978, 0, 0
2968998, 6018, 0, 0
2969997, 5972, 0, 0
2970997, 5960, 0, 0
2971997, 6087, 0, 0
2972997, 6099, 0, 0
2973997, 6090, 0, 0
2974997, 6093, 0, 0
2975997, 6096, 0, 0
2976998, 6075, 0, 0
2977998, 6054, 0, 0
2978998, 6063, 0, 0
2979998, 6138, 0, 0
2980998, 6150, 0, 0
2981998, 6135, 0, 0
2982998, 6081, 0, 0
2983998, 6078, 0, 0
2984998, 5978, 0, 0
2985997, 6051, 0, 0
2986997, 6084, 0, 0
2987997, 6021, 0, 0
2988997, 5987, 0, 0
2989997, 6045, 0, 0
2990997, 6108, 0, 0
2991997, 6081, 0, 0
2992997, 6045, 0, 0
2993997, 6006, 0, 0
2994997, 6033, 0, 0
2995997, 6084, 0, 0
2996997, 5978, 0, 0
2997998, 6000, 0, 0
2998998, 5981, 0, 0
2999998, 5957, 0, 0
3000998, 6120, 0, 0
3001998, 6111, 0, 0
3002998, 6105, 0, 0
3003998, 5978, 0, 0
3004998, 6141, 0, 0
3005998, 6195, 0, 0
3006997, 6108, 0, 0
3007997, 6060, 0, 0
3008997, 6081, 0, 0
3009997, 6012, 0, 0
3010997, 6087, 0, 0
3011998, 6111, 0, 0
3012998, 5993, 0, 0
3013998, 6204, 0, 0
3014998, 6027, 0, 0
3015998, 6093, 0, 0
3016998, 6162, 0, 0
3017998, 6048, 0, 0
3018997, 6072, 0, 0
3019997, 6102, 0, 0
3020997, 6021, 0, 0
3021997, 6063, 0, 0
3022997, 6030, 0, 0
3023997, 6087, 0, 0
3024997, 6018, 0, 0
3025997, 6051, 0, 0
3026998, 5969, 0, 0
3027998, 6057, 0, 0
3028998, 6066, 0, 0
3029998, 5954, 0, 0
3030997, 6051, 0, 0
3031997, 5951, 0, 0
3032997, 6012, 0, 0
3033997, 5936, 0, 0
3034997, 6009, 0, 0
3035997, 6117, 0, 0
3036997, 6075, 0, 0
3037997, 6090, 0, 0
3038997, 6216, 0, 0
3039997, 6105, 0, 0
3040998, 6165, 0, 0
3041998, 6117, 0, 0
3042998, 6207, 0, 0
3043998, 6120, 0, 0
3044997, 6180, 0, 0
3045998, 6093, 0, 0
3046998, 5963, 0, 0
3047998, 6081, 0, 0
3048998, 6156, 0, 0
3049998, 6156, 0, 0
3050998, 6144, 0, 0
3051998, 6204, 0, 0
3052997, 6174, 0, 0
3053997, 6147, 0, 0
3054997, 6138, 0, 0
3055997, 6135, 0, 0
3056997, 6216, 0, 0
3057997, 6042, 0, 0
3058997, 6024, 0, 0
3059997, 6192, 0, 0
3060997, 6168, 0, 0
3061997, 6195, 0, 0
3062997, 6105, 0, 0
3063997, 6072, 0, 0
3064997, 6087, 0, 0
3065997, 6084, 0, 0
3066997, 6066, 0, 0
3067998, 6087, 0, 0
3068998, 6051, 0, 0
3069998, 6060, 0, 0
3070998, 6210, 0, 0
3071998, 6225, 0, 0
3072997, 6078, 0, 0
3073997, 6240, 0, 0
3074997, 5936, 0, 0
3075997, 6129, 0, 0
3076997, 6126, 0, 0
3077997, 6018, 0, 0
3078998, 5993, 0, 0
3079998, 6027, 0, 0
3080998, 6117, 0, 0
3081998, 6057, 0, 0
3082998, 6105, 0, 0
3083998, 6093, 0, 0
3084997, 6102, 0, 0
3085997, 6057, 0, 0
3086997, 6042, 0, 0
3087997, 6147, 0, 0
3088997, 6144, 0, 0
3089997, 6150, 0, 0
3090997, 6123, 0, 0
3091997, 6099, 0, 0
3092997, 6045, 0, 0
3093997, 5966, 0, 0
3094998, 6021, 0, 0
3095998, 6084, 0, 0
3096998, 6054, 0, 0
3097998, 6063, 0, 0
3098998, 6135, 0, 0
3099998, 6054, 0, 0
3100997, 6165, 0, 0
3101997, 6030, 0, 0
3102997, 6102, 0, 0
3103997, 6150, 0, 0
3104997, 6054, 0, 0
3105997, 6042, 0, 0
3106997, 6108, 0, 0
3107998, 6240, 0, 0
3108998, 6015, 0, 0
3109998, 6099, 0, 0
3110998, 6147, 0, 0
3111998, 6048, 0, 0
3112998, 6039, 0, 0
3113998, 6048, 0, 0
3114997, 6009, 0, 0
3115997, 6042, 0, 0
3116997, 6057, 0, 0
3117997, 6132, 0, 0
3118997, 5936, 0, 0
3119997, 6045, 0, 0
3120998, 6108, 0, 0
3121998, 5963, 0, 0
3122998, 6156, 0, 0
3123998, 6132, 0, 0
3124998, 6048, 0, 0
3125998, 6075, 0, 0
3126998, 6054, 0, 0
3127997, 6162, 0, 0
3128997, 6210, 0, 0
3129997, 6030, 0, 0
3130997, 6090, 0, 0
3131997, 6024, 0, 0
3132997, 6129, 0, 0
3133998, 6117, 0, 0
3134998, 5990, 0, 0
3135997, 6080, 0, 0
3136998, 6123, 0, 0
3137998, 6078, 0, 0
3138998, 6063, 0, 0
3139998, 6063, 0, 0
3140997, 6039, 0, 0
3141997, 6144, 0, 0
3142997, 6045, 0, 0
3143997, 6081, 0, 0
3144997, 6015, 0, 0
3145997, 6060, 0, 0
3146997, 6060, 0, 0
3147998, 6078, 0, 0
3148998, 6129, 0, 0
3149998, 6126, 0, 0
3150998, 6210, 0, 0
3151998, 6051, 0, 0
3152998, 6093, 0, 0
3153998, 6147, 0, 0
3154998, 6078, 0, 0
3155998, 6174, 0, 0
3156998, 6231, 0, 0
3157998, 6171, 0, 0
3158997, 6054, 0, 0
3159997, 6045, 0, 0
3160997, 6111, 0, 0
3161997, 6024, 0, 0
3162997, 6000, 0, 0
3163997, 6057, 0, 0
3164997, 6102, 0, 0
3165998, 6078, 0, 0
3166998, 6168, 0, 0
3167998, 6102, 0, 0
3168998, 6120, 0, 0
3169997, 6168, 0, 0
3170997, 6093, 0, 0
3171997, 6159, 0, 0
3172997, 6078, 0, 0
3173997, 6117, 0, 0
3174997, 6222, 0, 0
3175997, 6138, 0, 0
3176997, 6060, 0, 0
3177997, 6027, 0, 0
3178998, 6490, 0, 0
3179997, 6243, 0, 0
3180997, 6099, 0, 0
3181998, 6054, 0, 0
3182998, 6204, 0, 0
3183998, 6165, 0, 0
3184997, 6171, 0, 0
3185997, 6060, 0, 0
3186997, 5987, 0, 0
3187997, 6165, 0, 0
3188997, 6141, 0, 0
3189997, 6093, 0, 0
3190997, 6099, 0, 0
3191997, 6072, 0, 0
3192997, 6045, 0, 0
3193998, 6144, 0, 0
3194998, 6126, 0, 0
3195997, 6111, 0, 0
3196998, 6111, 0, 0
3197998, 6081, 0, 0
3198998, 6084, 0, 0
3199998, 6108, 0, 0
3200998, 6210, 0, 0
3201998, 5963, 0, 0
3202998, 6084, 0, 0
3203998, 6255, 0, 0
3204998, 6195, 0, 0
3205998, 6288, 0, 0
3206998, 6060, 0, 0
3207998, 6179, 0, 0
3208998, 6162, 0, 0
3209998, 6030, 0, 0
3210997, 6084, 0, 0
3211997, 6252, 0, 0
3212997, 6219, 0, 0
3213997, 6045, 0, 0
3214997, 6096, 0, 0
3215997, 6060, 0, 0
3216997, 6183, 0, 0
3217997, 6153, 0, 0
3218997, 6207, 0, 0
3219997, 6117, 0, 0
3220997, 6096, 0, 0
3221997, 6138, 0, 0
3222997, 6018, 0, 0
3223997, 6015, 0, 0
3224998, 6138, 0, 0
3225998, 6174, 0, 0
3226998, 5993, 0, 0
3227998, 6069, 0, 0
3228998, 6015, 0, 0
3229998, 6024, 0, 0
3230997, 6517, 0, 0
3231997, 6180, 0, 0
3232997, 6060, 0, 0
3233997, 6312, 0, 0
3234997, 6538, 0, 0
3235997, 6514, 0, 0
3236997, 6523, 0, 0
3237997, 6469, 0, 0
3238997, 6601, 0, 0
3239997, 6297, 0, 0
3240998, 6471, 0, 0
3241998, 6511, 0, 0
3242998, 6535, 0, 0
3243998, 6508, 0, 0
3244997, 6144, 0, 0
3245997, 6156, 0, 0
3246998, 6505, 0, 0
3247998, 6252, 0, 0
3248998, 6676, 0, 0
3249997, 6463, 0, 0
3250997, 6553, 0, 0
3251997, 6403, 0, 0
3252997, 6382, 0, 0
3253997, 6460, 0, 0
3254997, 6472, 0, 0
3255997, 6604, 0, 0
3256997, 6487, 0, 0
3257997, 6445, 0, 0
3258997, 6523, 0, 0
3259997, 6517, 0, 0
3260998, 6424, 0, 0
3261997, 6502, 0, 0
3262997, 6448, 0, 0
3263998, 6562, 0, 0
3264998, 6414, 0, 0
3265998, 6382, 0, 0
3266997, 6370, 0, 0
3267997, 6472, 0, 0
3268997, 6358, 0, 0
3269997, 6505, 0, 0
3270997, 6433, 0, 0
3271997, 6445, 0, 0
3272997, 5626, 0, 0
3273997, 6403, 0, 0
3274997, 6084, 0, 0
3275997, 5978, 0, 0
3276997, 6427, 0, 0
3277998, 6495, 0, 0
3278997, 6439, 0, 0
3279997, 6469, 0, 0
3280997, 6150, 0, 0
3281997, 6174, 0, 0
3282997, 6306, 0, 0
3283998, 6291, 0, 0
3284998, 6318, 0, 0
3285998, 6447, 0, 0
3286998, 6513, 0, 0
3287998, 6617, 0, 0
3288998, 6453, 0, 0
3289998, 6577, 0, 0
3290998, 6402, 0, 0
3291998, 6505, 0, 0
3292998, 6517, 0, 0
3293998, 6432, 0, 0
3294998, 6553, 0, 0
3295998, 6483, 0, 0
3296998, 6502, 0, 0
3297997, 6508, 0, 0
3298997, 6577, 0, 0
3299997, 6637, 0, 0
3300997, 6565, 0, 0
3301998, 6444, 0, 0
3302998, 6486, 0, 0
3303997, 6469, 0, 0
3304998, 6498, 0, 0
3305997, 6544, 0, 0
3306997, 6508, 0, 0
3307997, 6646, 0, 0
3308997, 6493, 0, 0
3309997, 6550, 0, 0
3310997, 6550, 0, 0
3311997, 6511, 0, 0
3312997, 6595, 0, 0
3313997, 6469, 0, 0
3314997, 6529, 0, 0
3315997, 6430, 0, 0
3316997, 6460, 0, 0
3317997, 6228, 0, 0
3318997, 6463, 0, 0
3319997, 6466, 0, 0
3320997, 6571, 0, 0
3321997, 6547, 0, 0
3322997, 6135, 0, 0
3323998, 6480, 0, 0
3324998, 6517, 0, 0
3325998, 6486, 0, 0
3326997, 6234, 0, 0
3327997, 5921, 0, 0
3328997, 6502, 0, 0
3329997, 6324, 0, 0
3330997, 5897, 0, 0
3331997, 6285, 0, 0
3332997, 6198, 0, 0
3333998, 6592, 0, 0
3334997, 6475, 0, 0
3335998, 6553, 0, 0
3336998, 6589, 0, 0
3337998, 6459, 0, 0
3338998, 6495, 0, 0
3339998, 6532, 0, 0
3340998, 6508, 0, 0
3341998, 6598, 0, 0
3342998, 6390, 0, 0
3343998, 6474, 0, 0
3344998, 6526, 0, 0
3345998, 6529, 0, 0
3346998, 6553, 0, 0
3347998, 6550, 0, 0
3348998, 6483, 0, 0
3349998, 6526, 0, 0
3350998, 6456, 0, 0
3351997, 6466, 0, 0
3352998, 6369, 0, 0
3353997, 6526, 0, 0
3354997, 6571, 0, 0
3355997, 6532, 0, 0
3356997, 6562, 0, 0
3357997, 6451, 0, 0
3358997, 6448, 0, 0
3359997, 6586, 0, 0
3360997, 6502, 0, 0
3361997, 6439, 0, 0
3362997, 6457, 0, 0
3363997, 6517, 0, 0
3364997, 6475, 0, 0
3365997, 6547, 0, 0
3366997, 6562, 0, 0
3367997, 6556, 0, 0
3368998, 6559, 0, 0
3369998, 6492, 0, 0
3370998, 6541, 0, 0
3371998, 6508, 0, 0
3372998, 6321, 0, 0
3373997, 6532, 0, 0
3374997, 6571, 0, 0
3375997, 6421, 0, 0
3376997, 6532, 0, 0
3377997, 6349, 0, 0
3378998, 6532, 0, 0
3379998, 6492, 0, 0
3380998, 6538, 0, 0
3381998, 5969, 0, 0
3382997, 6520, 0, 0
3383997, 6532, 0, 0
3384997, 6424, 0, 0
3385997, 6574, 0, 0
3386997, 6535, 0, 0
3387997, 6530, 0, 0
3388997, 6413, 0, 0
3389997, 6463, 0, 0
3390998, 5921, 0, 0
3391998, 6159, 0, 0
3392998, 6417, 0, 0
3393998, 6429, 0, 0
3394998, 6498, 0, 0
3395997, 5954, 0, 0
3396997, 6607, 0, 0
3397997, 6547, 0, 0
3398997, 6210, 0, 0
3399997, 6324, 0, 0
3400997, 6340, 0, 0
3401997, 6547, 0, 0
3402997, 6481, 0, 0
3403997, 5924, 0, 0
3404997, 6156, 0, 0
3405997, 6400, 0, 0
3406997, 6541, 0, 0
3407998, 6499, 0, 0
3408998, 6492, 0, 0
3409998, 6372, 0, 0
3410998, 6276, 0, 0
3411998, 6447, 0, 0
3412997, 6370, 0, 0
3413997, 6448, 0, 0
3414997, 6610, 0, 0
3415997, 6394, 0, 0
3416997, 5846, 0, 0
3417998, 6538, 0, 0
3418998, 6414, 0, 0
3419998, 6556, 0, 0
3420998, 6210, 0, 0
3421998, 6288, 0, 0
3422998, 6393, 0, 0
3423997, 6508, 0, 0
3424997, 6327, 0, 0
3425997, 6177, 0, 0
3426997, 6093, 0, 0
3427997, 6285, 0, 0
3428997, 6321, 0, 0
3429997, 5942, 0, 0
3430997, 6538, 0, 0
3431998, 6471, 0, 0
3432998, 6444, 0, 0
3433998, 6447, 0, 0
3434998, 6559, 0, 0
3435998, 6228, 0, 0
3436997, 6219, 0, 0
3437997, 6162, 0, 0
3438997, 6487, 0, 0
3439997, 6481, 0, 0
3440997, 6463, 0, 0
3441997, 6484, 0, 0
3442998, 6060, 0, 0
3443997, 6490, 0, 0
3444997, 6397, 0, 0
3445997, 6051, 0, 0
3446997, 6069, 0, 0
3447997, 6484, 0, 0
3448997, 6352, 0, 0
3449998, 6394, 0, 0
3450998, 6468, 0, 0
3451998, 6000, 0, 0
3452998, 6619, 0, 0
3453998, 6610, 0, 0
3454997, 6490, 0, 0
3455997, 6352, 0, 0
3456997, 6376, 0, 0
3457997, 6355, 0, 0
3458997, 6367, 0, 0
3459997, 6415, 0, 0
3460998, 6490, 0, 0
3461998, 6270, 0, 0
3462998, 6498, 0, 0
3463998, 6378, 0, 0
3464997, 6364, 0, 0
3465997, 6228, 0, 0
3466997, 6406, 0, 0
3467997, 6285, 0, 0
3468997, 6288, 0, 0
3469997, 6478, 0, 0
3470997, 6484, 0, 0
3471997, 6063, 0, 0
3472997, 6361, 0, 0
3473997, 6514, 0, 0
3474997, 6610, 0, 0
3475997, 6514, 0, 0
3476997, 6511, 0, 0
3477997, 6550, 0, 0
3478998, 6511, 0, 0
3479998, 6559, 0, 0
3480998, 6544, 0, 0
3481998, 6619, 0, 0
3482998, 6432, 0, 0
3483997, 6577, 0, 0
3484997, 6490, 0, 0
3485997, 6487, 0, 0
3486997, 6568, 0, 0
3487997, 6668, 0, 0
3488997, 6541, 0, 0
3489997, 6541, 0, 0
3490997, 6529, 0, 0
3491997, 6619, 0, 0
3492997, 6532, 0, 0
3493997, 6571, 0, 0
3494997, 6553, 0, 0
3495997, 6595, 0, 0
3496997, 6568, 0, 0
3497997, 6652, 0, 0
3498997, 6589, 0, 0
3499997, 6529, 0, 0
3500997, 6565, 0, 0
3501998, 6517, 0, 0
3502998, 6526, 0, 0
3503998, 6489, 0, 0
3504998, 6517, 0, 0
3505998, 6450, 0, 0
3506997, 6496, 0, 0
3507997, 6276, 0, 0
3508997, 6409, 0, 0
3509997, 6475, 0, 0
3510997, 6397, 0, 0
3511997, 5569, 0, 0
3512997, 6442, 0, 0
3513997, 6460, 0, 0
3514997, 5966, 0, 0
3515997, 6207, 0, 0
3516997, 6382, 0, 0
3517997, 6433, 0, 0
3518997, 6478, 0, 0
3519998, 6480, 0, 0
3520998, 6517, 0, 0
3521997, 6499, 0, 0
3522997, 6538, 0, 0
3523998, 6441, 0, 0
3524998, 6550, 0, 0
3525997, 6613, 0, 0
3526997, 6556, 0, 0
3527997, 6544, 0, 0
3528997, 6550, 0, 0
3529997, 6622, 0, 0
3530997, 6535, 0, 0
3531997, 6475, 0, 0
3532997, 6490, 0, 0
3533997, 6457, 0, 0
3534997, 6514, 0, 0
3535997, 6523, 0, 0
3536997, 6550, 0, 0
3537997, 6523, 0, 0
3538997, 6532, 0, 0
3539997, 6499, 0, 0
3540997, 6454, 0, 0
3541997, 6517, 0, 0
3542997, 6388, 0, 0
3543997, 6454, 0, 0
3544997, 6490, 0, 0
3545997, 6565, 0, 0
3546997, 6559, 0, 0
3547997, 6475, 0, 0
3548997, 6484, 0, 0
3549997, 6532, 0, 0
3550997, 6529, 0, 0
3551998, 6432, 0, 0
3552998, 6565, 0, 0
3553998, 6553, 0, 0
3554998, 6396, 0, 0
3555998, 6562, 0, 0
3556997, 6517, 0, 0
3557997, 6571, 0, 0
3558997, 6502, 0, 0
3559997, 6562, 0, 0
3560998, 6498, 0, 0
3561997, 6481, 0, 0
3562998, 6495, 0, 0
3563998, 6511, 0, 0
3564998, 6483, 0, 0
3565998, 6565, 0, 0
3566997, 6394, 0, 0
3567997, 6337, 0, 0
3568997, 6424, 0, 0
3569997, 6219, 0, 0
3570997, 6364, 0, 0
3571997, 6327, 0, 0
3572997, 5921, 0, 0
3573997, 6529, 0, 0
3574997, 6397, 0, 0
3575997, 6403, 0, 0
3576998, 6640, 0, 0
3577997, 6514, 0, 0
3578997, 6541, 0, 0
3579997, 6550, 0, 0
3580997, 6589, 0, 0
3581997, 6610, 0, 0
3582997, 6532, 0, 0
3583997, 6520, 0, 0
3584997, 6484, 0, 0
3585997, 6523, 0, 0
3586997, 6535, 0, 0
3587998, 6201, 0, 0
3588998, 6610, 0, 0
3589998, 6550, 0, 0
3590998, 6595, 0, 0
3591998, 6550, 0, 0
3592998, 6526, 0, 0
3593998, 5561, 0, 0
3594998, 6315, 0, 0
3595998, 6601, 0, 0
3596998, 6453, 0, 0
3597998, 6309, 0, 0
3598998, 6306, 0, 0
3599998, 6495, 0, 0
