1000, 61800, 0, 0
1999, 137921, 0, 0
2999, 123867, 0, 0
3999, 129117, 0, 0
5000, 135783, 0, 0
6000, 139136, 0, 0
6999, 123723, 0, 0
7999, 120488, 0, 0
8999, 1913, 0, 0
9999, 1645, 0, 0
10999, 1605, 0, 0
11999, 1573, 0, 0
12999, 1481, 0, 0
14000, 1276, 0, 0
15000, 1504, 0, 0
16000, 1632, 0, 0
16999, 1817, 0, 0
17999, 1405, 0, 0
18999, 1441, 0, 0
19999, 1609, 0, 0
20999, 1417, 0, 0
21999, 1489, 0, 0
22999, 1521, 0, 0
24000, 1636, 0, 0
25000, 1652, 0, 0
25999, 1533, 0, 0
27000, 1516, 0, 0
27999, 1313, 0, 0
28999, 1661, 0, 0
29999, 1525, 0, 0
30999, 1549, 0, 0
31999, 1685, 0, 0
33000, 1384, 0, 0
34000, 1812, 0, 0
34999, 1593, 0, 0
36000, 1564, 0, 0
36999, 1541, 0, 0
37999, 1517, 0, 0
38999, 1585, 0, 0
39999, 1713, 0, 0
40999, 1821, 0, 0
42000, 1464, 0, 0
43000, 1572, 0, 0
44000, 1652, 0, 0
45000, 1488, 0, 0
45999, 1685, 0, 0
46999, 1617, 0, 0
47999, 1561, 0, 0
48999, 1509, 0, 0
49999, 1601, 0, 0
50999, 1757, 0, 0
52000, 1568, 0, 0
53000, 1560, 0, 0
54000, 1756, 0, 0
54999, 1645, 0, 0
55999, 1521, 0, 0
56999, 1709, 0, 0
57999, 1785, 0, 0
58999, 1641, 0, 0
60000, 1645, 0, 0
61000, 1716, 0, 0
61999, 1493, 0, 0
63000, 1712, 0, 0
63999, 1765, 0, 0
64999, 1653, 0, 0
65999, 1497, 0, 0
66999, 1717, 0, 0
67999, 1813, 0, 0
69000, 2066, 0, 0
70000, 1548, 0, 0
71000, 1688, 0, 0
71999, 1677, 0, 0
73000, 1824, 0, 0
73999, 1537, 0, 0
74999, 1693, 0, 0
75999, 1517, 0, 0
76999, 1809, 0, 0
78000, 1793, 0, 0
79000, 1904, 0, 0
80000, 1628, 0, 0
81000, 1764, 0, 0
81999, 1997, 0, 0
82999, 1673, 0, 0
83999, 1741, 0, 0
84999, 1573, 0, 0
85999, 1577, 0, 0
86999, 1733, 0, 0
88000, 1644, 0, 0
89000, 1816, 0, 0
90000, 1776, 0, 0
90999, 1665, 0, 0
91999, 1809, 0, 0
92999, 1877, 0, 0
93999, 1821, 0, 0
94999, 1661, 0, 0
96000, 1540, 0, 0
97000, 1796, 0, 0
98000, 1780, 0, 0
98999, 1649, 0, 0
99999, 1921, 0, 0
100999, 1809, 0, 0
101999, 1797, 0, 0
102999, 1685, 0, 0
103999, 1797, 0, 0
105000, 1740, 0, 0
106000, 1816, 0, 0
106999, 1741, 0, 0
107999, 1781, 0, 0
108999, 1713, 0, 0
109999, 1897, 0, 0
110999, 1769, 0, 0
111999, 1841, 0, 0
113000, 2080, 0, 0
114000, 1780, 0, 0
115000, 1648, 0, 0
115999, 1873, 0, 0
116999, 1965, 0, 0
117999, 1725, 0, 0
118999, 1713, 0, 0
119999, 2058, 0, 0
121000, 1608, 0, 0
121999, 1881, 0, 0
122999, 2130, 0, 0
123999, 1865, 0, 0
124999, 2110, 0, 0
125999, 1857, 0, 0
126999, 1957, 0, 0
128000, 1865, 0, 0
129000, 2216, 0, 0
130000, 1764, 0, 0
130999, 2058, 0, 0
131999, 1765, 0, 0
132999, 1609, 0, 0
133999, 2122, 0, 0
134999, 1869, 0, 0
135999, 1949, 0, 0
136999, 2050, 0, 0
138000, 1852, 0, 0
139000, 1884, 0, 0
139999, 1685, 0, 0
140999, 1821, 0, 0
141999, 2274, 0, 0
142999, 2126, 0, 0
143999, 2034, 0, 0
144999, 1881, 0, 0
146000, 2032, 0, 0
147000, 1724, 0, 0
148000, 2068, 0, 0
148999, 2262, 0, 0
149999, 2078, 0, 0
150999, 1961, 0, 0
151999, 1949, 0, 0
152999, 2234, 0, 0
154000, 2376, 0, 0
155000, 2084, 0, 0
156000, 2364, 0, 0
156999, 1929, 0, 0
157999, 1941, 0, 0
158999, 2082, 0, 0
159999, 2126, 0, 0
160999, 2066, 0, 0
162000, 1600, 0, 0
163000, 2292, 0, 0
164000, 2072, 0, 0
165000, 2052, 0, 0
165999, 1973, 0, 0
166999, 1945, 0, 0
167999, 2362, 0, 0
168999, 2146, 0, 0
169999, 2278, 0, 0
171000, 2232, 0, 0
172000, 2076, 0, 0
172999, 2502, 0, 0
173999, 2170, 0, 0
174999, 2474, 0, 0
175999, 2090, 0, 0
176999, 2034, 0, 0
177999, 2578, 0, 0
178999, 1961, 0, 0
179999, 2122, 0, 0
181000, 2012, 0, 0
181999, 2386, 0, 0
182999, 1893, 0, 0
183999, 2134, 0, 0
184999, 2282, 0, 0
185999, 2234, 0, 0
186999, 2334, 0, 0
188000, 2196, 0, 0
189000, 2596, 0, 0
190000, 2408, 0, 0
190999, 2446, 0, 0
191999, 2074, 0, 0
192999, 2270, 0, 0
193999, 2274, 0, 0
194999, 2486, 0, 0
196000, 2566, 0, 0
197000, 1736, 0, 0
198000, 2424, 0, 0
198999, 2698, 0, 0
199999, 2374, 0, 0
200999, 2314, 0, 0
201999, 1985, 0, 0
202999, 2042, 0, 0
203999, 2262, 0, 0
204999, 2114, 0, 0
206000, 2460, 0, 0
207000, 2172, 0, 0
208000, 2048, 0, 0
209000, 2292, 0, 0
209999, 2634, 0, 0
210999, 2598, 0, 0
211999, 2194, 0, 0
212999, 2634, 0, 0
213999, 2466, 0, 0
215000, 1972, 0, 0
215999, 2374, 0, 0
217000, 2988, 0, 0
217999, 2178, 0, 0
218999, 2522, 0, 0
219999, 2286, 0, 0
220999, 2446, 0, 0
221999, 2430, 0, 0
222999, 2214, 0, 0
224000, 2636, 0, 0
225000, 2680, 0, 0
225999, 2770, 0, 0
226999, 2466, 0, 0
227999, 2430, 0, 0
228999, 2414, 0, 0
229999, 2390, 0, 0
230999, 2706, 0, 0
231999, 2390, 0, 0
232999, 2442, 0, 0
234000, 2454, 0, 0
235000, 2292, 0, 0
236000, 2380, 0, 0
237000, 2800, 0, 0
237999, 2722, 0, 0
238999, 2254, 0, 0
239999, 2466, 0, 0
240999, 1997, 0, 0
241999, 2478, 0, 0
243000, 2402, 0, 0
244000, 3228, 0, 0
245000, 2868, 0, 0
245999, 2710, 0, 0
246999, 2418, 0, 0
247999, 2782, 0, 0
248999, 2922, 0, 0
249999, 2958, 0, 0
250999, 2430, 0, 0
251999, 2446, 0, 0
253000, 3472, 0, 0
254000, 3036, 0, 0
254999, 2870, 0, 0
255999, 2598, 0, 0
256999, 2962, 0, 0
257999, 2858, 0, 0
258999, 2802, 0, 0
260000, 2384, 0, 0
261000, 2936, 0, 0
262000, 2748, 0, 0
262999, 2810, 0, 0
264000, 2792, 0, 0
264999, 2626, 0, 0
265999, 2978, 0, 0
266999, 2902, 0, 0
267999, 2890, 0, 0
269000, 3188, 0, 0
270000, 3196, 0, 0
270999, 2630, 0, 0
271999, 3219, 0, 0
272999, 2838, 0, 0
273999, 3007, 0, 0
274999, 3847, 0, 0
276000, 3195, 0, 0
276999, 3447, 0, 0
277999, 3235, 0, 0
278999, 3439, 0, 0
279999, 3135, 0, 0
280999, 2754, 0, 0
281999, 2726, 0, 0
282999, 3071, 0, 0
283999, 2750, 0, 0
285000, 3048, 0, 0
286000, 3144, 0, 0
287000, 2996, 0, 0
287999, 2718, 0, 0
288999, 2918, 0, 0
289999, 2998, 0, 0
290999, 3359, 0, 0
291999, 3003, 0, 0
293000, 3176, 0, 0
293999, 2622, 0, 0
294999, 3083, 0, 0
295999, 3443, 0, 0
296999, 3607, 0, 0
297999, 3551, 0, 0
298999, 2846, 0, 0
299999, 3479, 0, 0
301000, 3744, 0, 0
301999, 3563, 0, 0
303000, 3640, 0, 0
303999, 3767, 0, 0
304999, 3443, 0, 0
305999, 3479, 0, 0
306999, 3307, 0, 0
307999, 3451, 0, 0
309000, 3032, 0, 0
310000, 3452, 0, 0
310999, 2946, 0, 0
311999, 3411, 0, 0
312999, 3235, 0, 0
313999, 3663, 0, 0
314999, 2822, 0, 0
315999, 3487, 0, 0
317000, 3424, 0, 0
318000, 3792, 0, 0
318999, 3587, 0, 0
319999, 3503, 0, 0
320999, 4132, 0, 0
321999, 3543, 0, 0
322999, 3291, 0, 0
323999, 3107, 0, 0
324999, 3275, 0, 0
326000, 3404, 0, 0
327000, 3496, 0, 0
328000, 4392, 0, 0
328999, 4252, 0, 0
329999, 4004, 0, 0
330999, 3435, 0, 0
331999, 4304, 0, 0
332999, 3951, 0, 0
334000, 4456, 0, 0
335000, 3168, 0, 0
336000, 3812, 0, 0
336999, 3403, 0, 0
337999, 3863, 0, 0
338999, 3839, 0, 0
339999, 4092, 0, 0
341000, 4480, 0, 0
342000, 3956, 0, 0
343000, 4292, 0, 0
344000, 3896, 0, 0
344999, 3067, 0, 0
345999, 4704, 0, 0
346999, 4012, 0, 0
347999, 4920, 0, 0
348999, 3607, 0, 0
350000, 4004, 0, 0
351000, 4424, 0, 0
351999, 3655, 0, 0
352999, 3835, 0, 0
353999, 4928, 0, 0
354999, 4248, 0, 0
355999, 4384, 0, 0
356999, 3995, 0, 0
358000, 4808, 0, 0
359000, 5140, 0, 0
360000, 5288, 0, 0
361000, 3992, 0, 0
361999, 4196, 0, 0
362999, 4604, 0, 0
363999, 4808, 0, 0
364999, 4448, 0, 0
365999, 4356, 0, 0
366999, 4336, 0, 0
368000, 5360, 0, 0
369000, 5796, 0, 0
369999, 4736, 0, 0
370999, 3747, 0, 0
371999, 5597, 0, 0
372999, 5661, 0, 0
373999, 4912, 0, 0
374999, 4920, 0, 0
375999, 5097, 0, 0
376999, 4980, 0, 0
378000, 5672, 0, 0
379000, 4552, 0, 0
380000, 4500, 0, 0
381000, 5736, 0, 0
381999, 5909, 0, 0
382999, 5705, 0, 0
383999, 5577, 0, 0
384999, 4468, 0, 0
385999, 5817, 0, 0
387000, 5864, 0, 0
388000, 6092, 0, 0
388999, 5209, 0, 0
389999, 5185, 0, 0
390999, 5425, 0, 0
391999, 6358, 0, 0
392999, 5933, 0, 0
393999, 6722, 0, 0
395000, 5929, 0, 0
396000, 5220, 0, 0
397000, 6712, 0, 0
397999, 6510, 0, 0
398999, 5585, 0, 0
399999, 5289, 0, 0
400999, 5613, 0, 0
401999, 6614, 0, 0
402999, 6374, 0, 0
404000, 6436, 0, 0
405000, 6428, 0, 0
405999, 5193, 0, 0
406999, 6402, 0, 0
407999, 6990, 0, 0
408999, 5917, 0, 0
409999, 9269, 0, 0
410999, 5409, 0, 0
412000, 5308, 0, 0
412999, 7119, 0, 0
413999, 6042, 0, 0
414999, 7499, 0, 0
415999, 8396, 0, 0
416999, 7123, 0, 0
417999, 6306, 0, 0
418999, 6322, 0, 0
420000, 8652, 0, 0
421000, 7120, 0, 0
422000, 6620, 0, 0
422999, 6694, 0, 0
423999, 7299, 0, 0
424999, 7303, 0, 0
425999, 7487, 0, 0
426999, 9321, 0, 0
427999, 7715, 0, 0
429000, 7708, 0, 0
429999, 7603, 0, 0
430999, 7615, 0, 0
432000, 8228, 0, 0
433000, 8648, 0, 0
434000, 7520, 0, 0
435000, 8928, 0, 0
436000, 9040, 0, 0
437000, 7780, 0, 0
438000, 8792, 0, 0
439000, 8388, 0, 0
440000, 9452, 0, 0
441000, 8052, 0, 0
442000, 9240, 0, 0
443000, 7280, 0, 0
443999, 9969, 0, 0
444999, 8400, 0, 0
445999, 11895, 0, 0
446999, 8632, 0, 0
447999, 9681, 0, 0
448999, 9737, 0, 0
450000, 9888, 0, 0
450999, 9577, 0, 0
452000, 11040, 0, 0
453000, 9441, 0, 0
454000, 10328, 0, 0
455000, 10948, 0, 0
456000, 14584, 0, 0
457000, 13292, 0, 0
458000, 15540, 0, 0
459000, 13276, 0, 0
460000, 13924, 0, 0
461000, 17296, 0, 0
462000, 12216, 0, 0
462999, 13709, 0, 0
463999, 16620, 0, 0
464999, 13569, 0, 0
465999, 18058, 0, 0
466998, 13498, 0, 0
467998, 16661, 0, 0
468998, 17458, 0, 0
469998, 16028, 0, 0
470997, 19799, 0, 0
471997, 26250, 0, 0
472997, 14551, 0, 0
473997, 17323, 0, 0
474997, 24702, 0, 0
475997, 28405, 0, 0
476997, 19847, 0, 0
477996, 19036, 0, 0
478996, 23124, 0, 0
479996, 33160, 0, 0
480996, 42706, 0, 0
481995, 40052, 0, 0
482995, 46701, 0, 0
483995, 74363, 0, 0
484994, 153106, 0, 0
485995, 138233, 0, 0
486994, 127971, 0, 0
487994, 125344, 0, 0
488994, 118317, 0, 0
489994, 141915, 0, 0
490993, 157152, 0, 0
491993, 157345, 0, 0
492992, 148145, 0, 0
493992, 135786, 0, 0
494992, 141741, 0, 0
495992, 134887, 0, 0
496992, 137524, 0, 0
497992, 142201, 0, 0
498991, 149045, 0, 0
499991, 156092, 0, 0
500991, 140787, 0, 0
502000, 148772, 0, 0
503000, 128380, 0, 0
504000, 142608, 0, 0
504999, 141585, 0, 0
505999, 149913, 0, 0
506999, 144676, 0, 0
507999, 139691, 0, 0
508999, 142434, 0, 0
510000, 148472, 0, 0
510999, 145029, 0, 0
512000, 124500, 0, 0
512999, 126938, 0, 0
513999, 129585, 0, 0
514999, 152588, 0, 0
515999, 146034, 0, 0
516999, 129853, 0, 0
517999, 137965, 0, 0
519000, 137268, 0, 0
520000, 129440, 0, 0
521000, 109576, 0, 0
521999, 127759, 0, 0
522999, 128644, 0, 0
523999, 131631, 0, 0
524999, 125397, 0, 0
525999, 124228, 0, 0
526999, 122302, 0, 0
527999, 120436, 0, 0
528999, 117997, 0, 0
529999, 116652, 0, 0
530999, 111679, 0, 0
531999, 123415, 0, 0
532999, 118602, 0, 0
533999, 123091, 0, 0
534999, 118542, 0, 0
535999, 108980, 0, 0
537000, 113989, 0, 0
538000, 112144, 0, 0
538999, 116900, 0, 0
539999, 113121, 0, 0
540999, 144008, 0, 0
541999, 131443, 0, 0
542999, 144460, 0, 0
543999, 138034, 0, 0
545000, 126220, 0, 0
546000, 127092, 0, 0
546999, 122918, 0, 0
547999, 111595, 0, 0
548999, 129609, 0, 0
549999, 134850, 0, 0
550999, 145369, 0, 0
551999, 128420, 0, 0
553000, 128836, 0, 0
554000, 129188, 0, 0
554999, 114226, 0, 0
555999, 146990, 0, 0
556999, 121849, 0, 0
557999, 118018, 0, 0
558999, 128372, 0, 0
559999, 127271, 0, 0
560999, 139951, 0, 0
561999, 126662, 0, 0
563000, 133216, 0, 0
564000, 143572, 0, 0
564999, 123699, 0, 0
565999, 123015, 0, 0
566999, 135439, 0, 0
567999, 116084, 0, 0
568999, 106054, 0, 0
569999, 109173, 0, 0
570999, 115023, 0, 0
571999, 123287, 0, 0
573000, 115068, 0, 0
574000, 124940, 0, 0
574999, 120024, 0, 0
575999, 119623, 0, 0
576999, 126918, 0, 0
577999, 120960, 0, 0
578999, 128640, 0, 0
579999, 114802, 0, 0
581000, 113737, 0, 0
582000, 119100, 0, 0
582999, 149345, 0, 0
584000, 134804, 0, 0
585000, 114216, 0, 0
585999, 118682, 0, 0
586999, 129761, 0, 0
587999, 123339, 0, 0
588999, 127627, 0, 0
589999, 144080, 0, 0
590999, 118010, 0, 0
592000, 115436, 0, 0
593000, 125388, 0, 0
593999, 148600, 0, 0
594999, 124892, 0, 0
595999, 126106, 0, 0
596999, 149125, 0, 0
597999, 145269, 0, 0
598999, 126394, 0, 0
599999, 120324, 0, 0
601000, 111691, 0, 0
602000, 129140, 0, 0
603000, 122004, 0, 0
603999, 126574, 0, 0
604999, 126278, 0, 0
605999, 125525, 0, 0
606999, 129069, 0, 0
607999, 139943, 0, 0
608999, 121197, 0, 0
609999, 122394, 0, 0
610999, 129093, 0, 0
611999, 116216, 0, 0
613000, 134592, 0, 0
614000, 131200, 0, 0
615000, 128636, 0, 0
615999, 116224, 0, 0
616999, 127239, 0, 0
617999, 125109, 0, 0
618999, 133137, 0, 0
619999, 111503, 0, 0
620999, 139227, 0, 0
621999, 133885, 0, 0
623000, 117172, 0, 0
624000, 133252, 0, 0
624999, 128672, 0, 0
625999, 137285, 0, 0
626999, 135191, 0, 0
627999, 131563, 0, 0
628999, 134082, 0, 0
629999, 138518, 0, 0
631000, 119959, 0, 0
632000, 143220, 0, 0
632999, 110894, 0, 0
633999, 130334, 0, 0
634999, 124980, 0, 0
635999, 128572, 0, 0
636999, 112256, 0, 0
637999, 137897, 0, 0
638999, 115267, 0, 0
639999, 134630, 0, 0
641000, 117424, 0, 0
642000, 110848, 0, 0
642999, 129805, 0, 0
643999, 127535, 0, 0
644999, 142318, 0, 0
645999, 139511, 0, 0
646999, 123887, 0, 0
647999, 142370, 0, 0
648999, 136744, 0, 0
649999, 122870, 0, 0
650999, 118954, 0, 0
652000, 127928, 0, 0
653000, 128660, 0, 0
653999, 118318, 0, 0
654999, 124848, 0, 0
655999, 117957, 0, 0
656999, 115839, 0, 0
657999, 124768, 0, 0
658999, 124900, 0, 0
660000, 139991, 0, 0
661000, 141276, 0, 0
662000, 142868, 0, 0
662999, 134522, 0, 0
663999, 120980, 0, 0
664999, 114782, 0, 0
665999, 123155, 0, 0
666999, 120724, 0, 0
667999, 129265, 0, 0
669000, 129081, 0, 0
670000, 127720, 0, 0
671000, 128580, 0, 0
671999, 128344, 0, 0
672999, 127823, 0, 0
673999, 130626, 0, 0
674999, 133045, 0, 0
675999, 129969, 0, 0
676999, 125769, 0, 0
677999, 145069, 0, 0
679000, 127375, 0, 0
680000, 133684, 0, 0
680999, 125325, 0, 0
681999, 137581, 0, 0
682999, 126646, 0, 0
683999, 121397, 0, 0
684999, 116296, 0, 0
685999, 125637, 0, 0
686999, 135927, 0, 0
688000, 121605, 0, 0
689000, 111644, 0, 0
690000, 127260, 0, 0
691000, 110180, 0, 0
692000, 109940, 0, 0
692999, 110970, 0, 0
693999, 110474, 0, 0
694999, 105309, 0, 0
695999, 123127, 0, 0
696999, 123351, 0, 0
697999, 129269, 0, 0
698999, 120548, 0, 0
700000, 135884, 0, 0
701000, 137332, 0, 0
701999, 127487, 0, 0
703000, 120664, 0, 0
703999, 140068, 0, 0
704999, 139419, 0, 0
705999, 122834, 0, 0
706999, 120680, 0, 0
707999, 125621, 0, 0
709000, 130258, 0, 0
710000, 135932, 0, 0
710999, 132056, 0, 0
711999, 111227, 0, 0
712999, 125757, 0, 0
713999, 130478, 0, 0
714999, 133597, 0, 0
715999, 120788, 0, 0
716999, 124604, 0, 0
717999, 122222, 0, 0
719000, 127504, 0, 0
720000, 125588, 0, 0
720999, 119747, 0, 0
721999, 139411, 0, 0
722999, 129477, 0, 0
723999, 122838, 0, 0
724999, 116288, 0, 0
725999, 114814, 0, 0
726999, 125573, 0, 0
728000, 134632, 0, 0
729000, 120400, 0, 0
729999, 143795, 0, 0
730999, 140052, 0, 0
732000, 126332, 0, 0
732999, 123175, 0, 0
733999, 138870, 0, 0
734999, 130042, 0, 0
735999, 111167, 0, 0
736999, 130330, 0, 0
737999, 136588, 0, 0
739000, 124828, 0, 0
739999, 122258, 0, 0
741000, 127544, 0, 0
741999, 135771, 0, 0
743000, 126324, 0, 0
743999, 111095, 0, 0
744999, 113361, 0, 0
745999, 132068, 0, 0
746999, 137145, 0, 0
747999, 127991, 0, 0
748999, 124736, 0, 0
749999, 145917, 0, 0
751000, 118282, 0, 0
752000, 121320, 0, 0
753000, 110804, 0, 0
754000, 119224, 0, 0
754999, 123347, 0, 0
756000, 128960, 0, 0
756999, 117617, 0, 0
757999, 137385, 0, 0
758999, 122834, 0, 0
759999, 127635, 0, 0
760999, 150446, 0, 0
762000, 113624, 0, 0
762999, 122486, 0, 0
763999, 120152, 0, 0
765000, 123900, 0, 0
765999, 119751, 0, 0
766999, 114382, 0, 0
767999, 110338, 0, 0
768999, 126898, 0, 0
769999, 122422, 0, 0
770999, 114510, 0, 0
771999, 112592, 0, 0
772999, 118638, 0, 0
774000, 106430, 0, 0
775000, 126980, 0, 0
776000, 112900, 0, 0
776999, 107719, 0, 0
777999, 126734, 0, 0
778999, 125465, 0, 0
779999, 150070, 0, 0
780999, 122562, 0, 0
781999, 123271, 0, 0
782999, 120504, 0, 0
783999, 117413, 0, 0
784999, 117469, 0, 0
785999, 127935, 0, 0
787000, 120468, 0, 0
788000, 126224, 0, 0
788999, 109641, 0, 0
789999, 110098, 0, 0
790999, 124940, 0, 0
791999, 122334, 0, 0
792999, 123831, 0, 0
793999, 123875, 0, 0
794999, 124092, 0, 0
795999, 115379, 0, 0
796999, 117537, 0, 0
797999, 139071, 0, 0
798999, 131587, 0, 0
800000, 120804, 0, 0
801000, 118472, 0, 0
802000, 120492, 0, 0
802999, 145017, 0, 0
804000, 127104, 0, 0
804999, 127019, 0, 0
805999, 147967, 0, 0
806999, 143543, 0, 0
807999, 122286, 0, 0
808999, 121249, 0, 0
809999, 116636, 0, 0
810999, 113789, 0, 0
811999, 134442, 0, 0
812999, 132392, 0, 0
813999, 133301, 0, 0
814999, 123531, 0, 0
816000, 118556, 0, 0
817000, 117224, 0, 0
818000, 116480, 0, 0
818999, 145329, 0, 0
819999, 122214, 0, 0
820999, 137641, 0, 0
821999, 134518, 0, 0
822999, 119003, 0, 0
823999, 127923, 0, 0
824999, 135131, 0, 0
825999, 123595, 0, 0
827000, 120824, 0, 0
828000, 132328, 0, 0
828999, 126606, 0, 0
829999, 121001, 0, 0
830999, 134670, 0, 0
831999, 120344, 0, 0
832999, 123979, 0, 0
833999, 125017, 0, 0
834999, 110846, 0, 0
835999, 114558, 0, 0
836999, 118034, 0, 0
837999, 123467, 0, 0
838999, 112964, 0, 0
840000, 115731, 0, 0
841000, 111360, 0, 0
842000, 128964, 0, 0
842999, 145937, 0, 0
843999, 129505, 0, 0
844999, 112452, 0, 0
845999, 117217, 0, 0
846999, 114042, 0, 0
847999, 117361, 0, 0
848999, 130726, 0, 0
849999, 113929, 0, 0
850999, 127487, 0, 0
852000, 112508, 0, 0
853000, 112784, 0, 0
854000, 129116, 0, 0
854999, 127979, 0, 0
855999, 127595, 0, 0
856999, 140452, 0, 0
857999, 118462, 0, 0
858999, 132952, 0, 0
859999, 144816, 0, 0
860999, 127651, 0, 0
861999, 125105, 0, 0
862999, 118634, 0, 0
864000, 130904, 0, 0
865000, 128632, 0, 0
865999, 132076, 0, 0
866999, 128328, 0, 0
867999, 119791, 0, 0
868999, 121201, 0, 0
869999, 130490, 0, 0
870999, 115687, 0, 0
871999, 117561, 0, 0
872999, 137069, 0, 0
874000, 136108, 0, 0
874999, 126518, 0, 0
876000, 112648, 0, 0
876999, 111223, 0, 0
877999, 136620, 0, 0
878999, 151979, 0, 0
879999, 127479, 0, 0
880999, 132892, 0, 0
881999, 113037, 0, 0
882999, 133717, 0, 0
883999, 135531, 0, 0
884999, 125125, 0, 0
885999, 145149, 0, 0
886999, 128820, 0, 0
888000, 109649, 0, 0
889000, 131076, 0, 0
890000, 125244, 0, 0
891000, 139744, 0, 0
892000, 142932, 0, 0
892999, 121513, 0, 0
893999, 120680, 0, 0
894999, 114370, 0, 0
895999, 111871, 0, 0
896999, 127379, 0, 0
897999, 124388, 0, 0
898999, 119351, 0, 0
899999, 128532, 0, 0
901000, 113448, 0, 0
901999, 107951, 0, 0
902999, 113141, 0, 0
903999, 119031, 0, 0
904999, 110282, 0, 0
905999, 118478, 0, 0
906999, 125225, 0, 0
907999, 123219, 0, 0
908999, 123983, 0, 0
909999, 123395, 0, 0
911000, 136140, 0, 0
911999, 117345, 0, 0
912999, 123063, 0, 0
913999, 114994, 0, 0
914999, 116368, 0, 0
915999, 124912, 0, 0
916999, 128768, 0, 0
917999, 140380, 0, 0
918999, 126534, 0, 0
919999, 119091, 0, 0
920999, 124244, 0, 0
921999, 110194, 0, 0
923000, 115228, 0, 0
924000, 116336, 0, 0
925000, 117172, 0, 0
925999, 116000, 0, 0
926999, 117389, 0, 0
927999, 119879, 0, 0
928999, 125661, 0, 0
929999, 124484, 0, 0
930999, 116972, 0, 0
931999, 120240, 0, 0
932999, 118794, 0, 0
933999, 125401, 0, 0
934999, 126246, 0, 0
935999, 119207, 0, 0
936999, 109149, 0, 0
937999, 112028, 0, 0
939000, 119103, 0, 0
940000, 118728, 0, 0
940999, 114634, 0, 0
941999, 112400, 0, 0
942999, 124400, 0, 0
943999, 118450, 0, 0
944999, 115435, 0, 0
945999, 119415, 0, 0
946999, 107891, 0, 0
947999, 113609, 0, 0
949000, 114700, 0, 0
950000, 117696, 0, 0
950999, 117565, 0, 0
951999, 113605, 0, 0
952999, 137585, 0, 0
953999, 119803, 0, 0
954999, 112696, 0, 0
955999, 118278, 0, 0
956999, 107959, 0, 0
957999, 107647, 0, 0
958999, 132924, 0, 0
959999, 140280, 0, 0
960999, 129957, 0, 0
962000, 127444, 0, 0
962999, 118010, 0, 0
963999, 117829, 0, 0
964999, 111887, 0, 0
965999, 127399, 0, 0
966999, 112132, 0, 0
967999, 108840, 0, 0
968999, 120636, 0, 0
969999, 122950, 0, 0
970999, 122938, 0, 0
972000, 120276, 0, 0
973000, 126424, 0, 0
973999, 121349, 0, 0
975000, 123528, 0, 0
975999, 118422, 0, 0
976999, 117465, 0, 0
977999, 115383, 0, 0
978999, 122762, 0, 0
979999, 121713, 0, 0
980999, 113073, 0, 0
981999, 116624, 0, 0
982999, 113941, 0, 0
983999, 111019, 0, 0
984999, 113073, 0, 0
985999, 113345, 0, 0
986999, 115055, 0, 0
987999, 120864, 0, 0
989000, 116092, 0, 0
990000, 117248, 0, 0
990999, 107983, 0, 0
991999, 105901, 0, 0
992999, 108436, 0, 0
993999, 112800, 0, 0
994999, 130802, 0, 0
995999, 120948, 0, 0
996999, 130886, 0, 0
997999, 120568, 0, 0
999000, 126246, 0, 0
1000000, 112624, 0, 0
1000999, 133989, 0, 0
1002000, 141012, 0, 0
1003000, 125092, 0, 0
1004000, 108832, 0, 0
1004999, 114506, 0, 0
1005999, 117529, 0, 0
1007000, 124832, 0, 0
1008000, 130320, 0, 0
1008999, 115759, 0, 0
1009999, 118262, 0, 0
1010999, 122306, 0, 0
1011999, 120368, 0, 0
1012999, 106830, 0, 0
1013999, 119203, 0, 0
1014999, 108164, 0, 0
1015999, 129657, 0, 0
1016999, 124048, 0, 0
1017999, 118930, 0, 0
1018999, 114466, 0, 0
1019999, 113829, 0, 0
1020999, 112024, 0, 0
1021999, 114926, 0, 0
1023000, 116128, 0, 0
1024000, 122916, 0, 0
1025000, 121165, 0, 0
1025999, 123575, 0, 0
1026999, 113689, 0, 0
1027999, 131667, 0, 0
1029000, 126048, 0, 0
1029999, 118866, 0, 0
1030999, 135315, 0, 0
1031999, 131019, 0, 0
1032999, 132352, 0, 0
1033999, 122018, 0, 0
1034999, 141889, 0, 0
1035999, 124952, 0, 0
1037000, 125752, 0, 0
1037999, 125401, 0, 0
1038999, 116148, 0, 0
1039999, 141121, 0, 0
1040999, 126778, 0, 0
1041999, 115887, 0, 0
1042999, 130078, 0, 0
1043999, 132704, 0, 0
1044999, 132944, 0, 0
1045999, 132384, 0, 0
1046999, 135635, 0, 0
1047999, 132600, 0, 0
1048999, 130078, 0, 0
1049999, 123395, 0, 0
1051000, 137428, 0, 0
1052000, 125580, 0, 0
1052999, 123747, 0, 0
1053999, 123659, 0, 0
1054999, 123879, 0, 0
1055999, 115263, 0, 0
1056999, 118074, 0, 0
1057999, 114974, 0, 0
1058999, 116360, 0, 0
1060000, 124540, 0, 0
1061000, 107824, 0, 0
1062000, 107064, 0, 0
1062999, 111467, 0, 0
1063999, 111239, 0, 0
1064999, 131019, 0, 0
1065999, 121545, 0, 0
1066999, 120364, 0, 0
1067999, 109081, 0, 0
1068999, 122266, 0, 0
1069999, 113997, 0, 0
1070999, 129905, 0, 0
1071999, 114938, 0, 0
1072999, 120848, 0, 0
1074000, 113912, 0, 0
1075000, 123264, 0, 0
1075999, 116092, 0, 0
1076999, 112216, 0, 0
1077999, 120412, 0, 0
1078999, 122170, 0, 0
1079999, 123679, 0, 0
1080999, 136320, 0, 0
1081999, 123587, 0, 0
1082999, 118626, 0, 0
1083999, 115199, 0, 0
1084999, 123971, 0, 0
1085999, 128716, 0, 0
1087000, 110126, 0, 0
1088000, 137644, 0, 0
1089000, 140876, 0, 0
1090000, 119408, 0, 0
1090999, 123955, 0, 0
1091999, 127059, 0, 0
1092999, 114354, 0, 0
1093999, 123919, 0, 0
1094999, 129413, 0, 0
1095999, 122046, 0, 0
1096999, 123235, 0, 0
1097999, 128364, 0, 0
1098999, 114906, 0, 0
1099999, 121041, 0, 0
1100999, 119103, 0, 0
1102000, 130164, 0, 0
1103000, 129476, 0, 0
1103999, 126902, 0, 0
1104999, 123067, 0, 0
1105999, 135347, 0, 0
1106999, 131035, 0, 0
1107999, 122514, 0, 0
1108999, 119223, 0, 0
1109999, 113381, 0, 0
1110999, 109277, 0, 0
1112000, 135923, 0, 0
1113000, 116284, 0, 0
1114000, 110664, 0, 0
1114999, 135299, 0, 0
1115999, 118290, 0, 0
1116999, 115023, 0, 0
1117999, 117277, 0, 0
1118999, 128060, 0, 0
1119999, 122326, 0, 0
1120999, 123147, 0, 0
1121999, 121273, 0, 0
1123000, 119220, 0, 0
1123999, 128624, 0, 0
1124999, 114370, 0, 0
1125999, 120304, 0, 0
1126999, 147407, 0, 0
1127999, 135515, 0, 0
1128999, 129189, 0, 0
1129999, 129957, 0, 0
1130999, 127283, 0, 0
1131999, 117105, 0, 0
1132999, 121553, 0, 0
1134000, 121348, 0, 0
1135000, 110688, 0, 0
1135999, 113185, 0, 0
1136999, 125177, 0, 0
1137999, 120944, 0, 0
1138999, 121449, 0, 0
1139999, 114302, 0, 0
1140999, 111443, 0, 0
1141999, 108492, 0, 0
1142999, 113565, 0, 0
1143999, 119147, 0, 0
1144999, 117949, 0, 0
1145999, 110914, 0, 0
1146999, 109933, 0, 0
1148000, 119907, 0, 0
1149000, 113952, 0, 0
1150000, 114316, 0, 0
1150999, 119131, 0, 0
1151999, 134406, 0, 0
1152999, 124740, 0, 0
1153999, 116532, 0, 0
1154999, 134406, 0, 0
1155999, 126558, 0, 0
1156999, 117761, 0, 0
1158000, 119855, 0, 0
1158999, 118518, 0, 0
1159999, 120240, 0, 0
1160999, 122062, 0, 0
1161999, 122322, 0, 0
1162999, 130606, 0, 0
1163999, 120504, 0, 0
1165000, 123384, 0, 0
1166000, 125092, 0, 0
1166999, 115207, 0, 0
1167999, 109609, 0, 0
1168999, 116488, 0, 0
1169999, 116004, 0, 0
1170999, 118294, 0, 0
1171999, 115607, 0, 0
1173000, 114326, 0, 0
1174000, 118200, 0, 0
1174999, 117885, 0, 0
1175999, 112456, 0, 0
1176999, 114278, 0, 0
1177999, 121317, 0, 0
1178999, 113313, 0, 0
1179999, 126950, 0, 0
1180999, 114994, 0, 0
1182000, 116440, 0, 0
1183000, 114120, 0, 0
1183999, 118682, 0, 0
1184999, 118422, 0, 0
1185999, 116876, 0, 0
1186999, 115379, 0, 0
1187999, 110562, 0, 0
1188999, 124356, 0, 0
1189999, 121777, 0, 0
1190999, 121793, 0, 0
1191999, 121833, 0, 0
1193000, 117292, 0, 0
1193999, 117393, 0, 0
1194999, 115347, 0, 0
1195999, 115415, 0, 0
1196999, 118458, 0, 0
1197999, 115639, 0, 0
1198999, 120996, 0, 0
1199999, 127943, 0, 0
1200999, 113293, 0, 0
1201999, 113477, 0, 0
1203000, 112452, 0, 0
1203999, 119651, 0, 0
1204999, 112220, 0, 0
1205999, 123899, 0, 0
1206999, 119067, 0, 0
1207999, 126666, 0, 0
1208999, 127007, 0, 0
1209999, 113469, 0, 0
1211000, 119648, 0, 0
1211999, 114490, 0, 0
1212999, 117081, 0, 0
1213999, 118282, 0, 0
1214999, 120388, 0, 0
1215999, 122246, 0, 0
1216999, 120624, 0, 0
1217999, 122494, 0, 0
1218999, 126946, 0, 0
1219999, 127015, 0, 0
1221000, 114640, 0, 0
1221999, 111371, 0, 0
1222999, 106270, 0, 0
1223999, 122794, 0, 0
1224999, 120812, 0, 0
1225999, 110698, 0, 0
1226999, 119807, 0, 0
1227999, 117485, 0, 0
1229000, 116580, 0, 0
1230000, 115064, 0, 0
1230999, 123771, 0, 0
1231999, 121089, 0, 0
1232999, 107891, 0, 0
1233999, 119067, 0, 0
1234999, 131199, 0, 0
1235999, 132804, 0, 0
1236999, 127387, 0, 0
1237999, 123599, 0, 0
1238999, 130090, 0, 0
1239999, 120680, 0, 0
1241000, 118652, 0, 0
1242000, 115444, 0, 0
1242999, 129893, 0, 0
1243999, 134210, 0, 0
1244999, 131175, 0, 0
1245999, 123391, 0, 0
1246999, 140628, 0, 0
1247999, 124060, 0, 0
1248999, 129617, 0, 0
1249999, 135087, 0, 0
1250999, 120920, 0, 0
1251999, 112056, 0, 0
1252999, 121309, 0, 0
1253999, 125933, 0, 0
1254999, 112876, 0, 0
1256000, 120628, 0, 0
1257000, 117376, 0, 0
1257999, 115687, 0, 0
1258999, 133969, 0, 0
1259999, 118186, 0, 0
1260999, 113665, 0, 0
1261999, 117809, 0, 0
1262999, 118362, 0, 0
1263999, 123127, 0, 0
1264999, 132788, 0, 0
1265999, 125657, 0, 0
1266999, 114158, 0, 0
1267999, 112656, 0, 0
1268999, 112116, 0, 0
1269999, 110990, 0, 0
1270999, 111691, 0, 0
1271999, 111231, 0, 0
1272999, 126566, 0, 0
1274000, 123004, 0, 0
1274999, 112800, 0, 0
1275999, 143803, 0, 0
1276999, 128744, 0, 0
1277999, 133897, 0, 0
1278999, 127351, 0, 0
1279999, 128004, 0, 0
1280999, 139423, 0, 0
1281999, 135463, 0, 0
1282999, 127507, 0, 0
1283999, 115943, 0, 0
1285000, 122596, 0, 0
1286000, 115476, 0, 0
1286999, 118222, 0, 0
1287999, 121029, 0, 0
1288999, 116172, 0, 0
1289999, 125669, 0, 0
1290999, 114614, 0, 0
1291999, 121721, 0, 0
1292999, 118442, 0, 0
1293999, 114638, 0, 0
1294999, 105949, 0, 0
1295999, 125341, 0, 0
1297000, 134088, 0, 0
1298000, 117196, 0, 0
1298999, 120888, 0, 0
1299999, 109041, 0, 0
1300999, 119935, 0, 0
1301999, 105593, 0, 0
1302999, 124756, 0, 0
1303999, 128004, 0, 0
1304999, 121153, 0, 0
1305999, 117009, 0, 0
1306999, 115963, 0, 0
1307999, 119095, 0, 0
1308999, 127963, 0, 0
1309999, 142394, 0, 0
1310999, 138822, 0, 0
1311999, 119511, 0, 0
1312999, 112056, 0, 0
1313999, 113461, 0, 0
1314999, 115475, 0, 0
1315999, 123415, 0, 0
1316999, 134202, 0, 0
1318000, 127211, 0, 0
1319000, 116736, 0, 0
1319999, 124476, 0, 0
1320999, 115871, 0, 0
1321999, 127667, 0, 0
1322999, 113301, 0, 0
1323999, 116448, 0, 0
1324999, 116052, 0, 0
1325999, 113617, 0, 0
1326999, 115071, 0, 0
1328000, 118486, 0, 0
1329000, 119563, 0, 0
1330000, 113456, 0, 0
1331000, 125040, 0, 0
1331999, 127047, 0, 0
1332999, 121173, 0, 0
1333999, 116960, 0, 0
1334999, 112732, 0, 0
1335999, 111363, 0, 0
1336999, 114330, 0, 0
1337999, 111947, 0, 0
1338999, 126854, 0, 0
1339999, 127367, 0, 0
1341000, 114812, 0, 0
1342000, 113200, 0, 0
1342999, 134742, 0, 0
1343999, 120224, 0, 0
1344999, 140908, 0, 0
1345999, 114610, 0, 0
1346999, 120656, 0, 0
1347999, 114034, 0, 0
1348999, 113761, 0, 0
1350000, 109848, 0, 0
1350999, 122122, 0, 0
1351999, 119507, 0, 0
1352999, 111439, 0, 0
1353999, 115087, 0, 0
1354999, 117965, 0, 0
1355999, 115567, 0, 0
1356999, 120396, 0, 0
1357999, 118346, 0, 0
1358999, 119863, 0, 0
1359999, 118590, 0, 0
1360999, 133837, 0, 0
1362000, 122378, 0, 0
1363000, 128184, 0, 0
1363999, 127371, 0, 0
1364999, 112964, 0, 0
1365999, 128440, 0, 0
1366999, 122506, 0, 0
1367999, 130650, 0, 0
1368999, 137029, 0, 0
1369999, 128328, 0, 0
1370999, 123763, 0, 0
1371999, 129613, 0, 0
1373000, 140088, 0, 0
1374000, 126264, 0, 0
1375000, 118316, 0, 0
1375999, 118746, 0, 0
1376999, 125641, 0, 0
1377999, 122034, 0, 0
1378999, 118438, 0, 0
1379999, 139887, 0, 0
1380999, 139543, 0, 0
1381999, 140672, 0, 0
1382999, 139559, 0, 0
1383999, 124880, 0, 0
1384999, 130398, 0, 0
1385999, 131655, 0, 0
1386999, 143347, 0, 0
1387999, 129517, 0, 0
1388999, 114054, 0, 0
1389999, 119343, 0, 0
1390999, 113205, 0, 0
1391999, 125489, 0, 0
1392999, 135639, 0, 0
1393999, 131467, 0, 0
1394999, 116784, 0, 0
1396000, 125164, 0, 0
1396999, 125613, 0, 0
1397999, 119883, 0, 0
1398999, 135139, 0, 0
1399999, 117525, 0, 0
1400999, 135439, 0, 0
1401999, 134602, 0, 0
1402999, 131951, 0, 0
1403999, 133377, 0, 0
1404999, 118730, 0, 0
1406000, 120248, 0, 0
1407000, 118052, 0, 0
1408000, 135780, 0, 0
1409000, 118796, 0, 0
1410000, 113748, 0, 0
1410999, 119019, 0, 0
1412000, 129028, 0, 0
1413000, 125656, 0, 0
1413999, 126670, 0, 0
1414999, 113921, 0, 0
1415999, 110666, 0, 0
1416999, 140820, 0, 0
1417999, 122218, 0, 0
1418999, 118182, 0, 0
1419999, 121017, 0, 0
1420999, 128004, 0, 0
1421999, 128972, 0, 0
1423000, 112044, 0, 0
1424000, 114248, 0, 0
1424999, 124272, 0, 0
1425999, 118246, 0, 0
1426999, 133697, 0, 0
1427999, 115851, 0, 0
1428999, 128356, 0, 0
1429999, 117021, 0, 0
1430999, 119615, 0, 0
1431999, 116636, 0, 0
1432999, 118702, 0, 0
1434000, 117120, 0, 0
1435000, 121932, 0, 0
1436000, 122880, 0, 0
1436999, 126538, 0, 0
1437999, 117249, 0, 0
1438999, 124544, 0, 0
1439999, 111515, 0, 0
1440999, 116580, 0, 0
1441999, 118370, 0, 0
1443000, 116376, 0, 0
1444000, 121248, 0, 0
1444999, 120200, 0, 0
1445999, 123075, 0, 0
1446999, 114662, 0, 0
1447999, 122906, 0, 0
1448999, 117765, 0, 0
1449999, 116612, 0, 0
1450999, 121589, 0, 0
1452000, 117576, 0, 0
1452999, 118114, 0, 0
1453999, 117929, 0, 0
1454999, 119435, 0, 0
1455999, 135435, 0, 0
1456999, 129909, 0, 0
1457999, 124480, 0, 0
1458999, 122466, 0, 0
1459999, 138962, 0, 0
1460999, 132652, 0, 0
1461999, 127423, 0, 0
1462999, 137285, 0, 0
1463999, 133721, 0, 0
1464999, 138750, 0, 0
1465999, 139791, 0, 0
1467000, 133912, 0, 0
1468000, 118396, 0, 0
1469000, 136676, 0, 0
1470000, 129176, 0, 0
1470999, 123827, 0, 0
1471999, 127919, 0, 0
1472999, 123163, 0, 0
1473999, 134902, 0, 0
1474999, 115091, 0, 0
1475999, 116068, 0, 0
1476999, 135587, 0, 0
1477999, 113749, 0, 0
1478999, 121057, 0, 0
1479999, 124652, 0, 0
1480999, 129421, 0, 0
1482000, 114920, 0, 0
1483000, 119228, 0, 0
1484000, 120624, 0, 0
1484999, 116000, 0, 0
1485999, 127335, 0, 0
1486999, 123603, 0, 0
1487999, 117029, 0, 0
1488999, 114302, 0, 0
1489999, 115319, 0, 0
1490999, 117873, 0, 0
1492000, 123684, 0, 0
1493000, 120152, 0, 0
1493999, 116796, 0, 0
1494999, 119263, 0, 0
1495999, 119967, 0, 0
1496999, 110262, 0, 0
1497999, 113277, 0, 0
1498999, 118818, 0, 0
1499999, 125289, 0, 0
1500999, 126166, 0, 0
1501999, 117113, 0, 0
1502999, 132460, 0, 0
1503999, 125417, 0, 0
1505000, 121077, 0, 0
1506000, 126948, 0, 0
1507000, 119384, 0, 0
1507999, 122838, 0, 0
1508999, 120856, 0, 0
1509999, 122266, 0, 0
1510999, 124696, 0, 0
1511999, 127015, 0, 0
1512999, 137109, 0, 0
1513999, 121873, 0, 0
1514999, 150354, 0, 0
1516000, 124892, 0, 0
1517000, 132944, 0, 0
1518000, 131004, 0, 0
1519000, 146764, 0, 0
1520000, 142492, 0, 0
1521000, 118096, 0, 0
1522000, 137772, 0, 0
1523000, 131424, 0, 0
1524000, 117128, 0, 0
1525000, 128808, 0, 0
1526000, 130824, 0, 0
1527000, 122888, 0, 0
1528000, 132968, 0, 0
1529000, 130852, 0, 0
1530000, 118664, 0, 0
1531000, 116620, 0, 0
1532000, 143960, 0, 0
1533000, 132656, 0, 0
1534000, 139748, 0, 0
1535000, 119484, 0, 0
1536000, 122036, 0, 0
1537000, 112564, 0, 0
1538000, 120624, 0, 0
1539000, 115956, 0, 0
1540000, 117400, 0, 0
1541000, 110828, 0, 0
1542000, 125036, 0, 0
1543000, 122124, 0, 0
1544000, 118696, 0, 0
1545000, 111532, 0, 0
1546000, 117248, 0, 0
1547000, 124288, 0, 0
1548000, 116776, 0, 0
1549000, 122736, 0, 0
1550000, 122872, 0, 0
1551000, 135188, 0, 0
1552000, 123688, 0, 0
1553000, 119736, 0, 0
1554000, 114400, 0, 0
1555000, 147128, 0, 0
1556000, 114432, 0, 0
1557000, 122532, 0, 0
1558000, 130700, 0, 0
1559000, 134692, 0, 0
1560000, 117252, 0, 0
1561000, 128568, 0, 0
1561998, 145010, 0, 0
1562999, 117369, 0, 0
1563999, 133593, 0, 0
1564999, 132512, 0, 0
1565999, 119394, 0, 0
1566997, 121372, 0, 0
1567997, 121524, 0, 0
1568998, 128024, 0, 0
1569998, 119329, 0, 0
1570997, 117907, 0, 0
1571997, 126759, 0, 0
1572997, 118270, 0, 0
1573997, 130192, 0, 0
1574996, 142493, 0, 0
1575995, 125503, 0, 0
1576995, 132956, 0, 0
1577995, 136735, 0, 0
1578995, 130745, 0, 0
1579995, 117001, 0, 0
1580994, 124217, 0, 0
1581994, 121384, 0, 0
1582994, 131710, 0, 0
1583994, 122583, 0, 0
1584993, 132938, 0, 0
1585994, 141742, 0, 0
1586994, 119106, 0, 0
1587993, 133824, 0, 0
1588993, 140418, 0, 0
1589993, 120845, 0, 0
1590992, 129060, 0, 0
1591992, 127193, 0, 0
1592992, 120092, 0, 0
1593991, 133638, 0, 0
1594991, 143039, 0, 0
1595991, 124141, 0, 0
1596991, 122962, 0, 0
1597991, 133884, 0, 0
1598991, 130123, 0, 0
1599999, 145933, 0, 0
1600999, 134782, 0, 0
1601999, 118614, 0, 0
1603000, 118972, 0, 0
1604000, 132232, 0, 0
1605000, 134200, 0, 0
1606000, 113968, 0, 0
1607000, 134756, 0, 0
1608000, 127368, 0, 0
1608999, 120828, 0, 0
1610000, 120292, 0, 0
1611000, 119708, 0, 0
1611999, 113733, 0, 0
1612999, 112656, 0, 0
1613999, 119035, 0, 0
1614999, 124316, 0, 0
1615999, 124420, 0, 0
1616999, 129041, 0, 0
1617999, 127367, 0, 0
1618999, 121513, 0, 0
1619999, 136824, 0, 0
1620999, 124872, 0, 0
1621999, 129045, 0, 0
1623000, 123928, 0, 0
1624000, 125864, 0, 0
1625000, 109976, 0, 0
1626000, 118012, 0, 0
1627000, 128324, 0, 0
1627999, 128276, 0, 0
1628999, 140704, 0, 0
1629999, 138358, 0, 0
1630999, 137317, 0, 0
1631999, 122462, 0, 0
1632999, 128172, 0, 0
1633999, 134822, 0, 0
1634999, 149265, 0, 0
1635999, 138162, 0, 0
1636999, 132668, 0, 0
1637999, 130122, 0, 0
1638999, 126154, 0, 0
1639999, 118970, 0, 0
1640999, 120728, 0, 0
1641999, 117493, 0, 0
1643000, 128224, 0, 0
1644000, 120096, 0, 0
1645000, 119836, 0, 0
1646000, 126268, 0, 0
1647000, 132152, 0, 0
1648000, 121992, 0, 0
1649000, 144212, 0, 0
1650000, 128376, 0, 0
1651000, 144180, 0, 0
1652000, 125012, 0, 0
1652999, 109837, 0, 0
1653999, 125433, 0, 0
1654999, 122838, 0, 0
1655999, 109385, 0, 0
1656999, 130342, 0, 0
1657999, 131023, 0, 0
1658999, 130914, 0, 0
1659999, 126626, 0, 0
1660999, 118162, 0, 0
1661999, 116696, 0, 0
1663000, 117860, 0, 0
1664000, 127100, 0, 0
1665000, 134028, 0, 0
1666000, 139564, 0, 0
1667000, 124684, 0, 0
1668000, 120864, 0, 0
1669000, 120388, 0, 0
1669999, 129793, 0, 0
1670999, 134078, 0, 0
1671999, 117217, 0, 0
1673000, 128628, 0, 0
1673999, 123603, 0, 0
1674999, 126154, 0, 0
1675999, 135943, 0, 0
1676999, 135635, 0, 0
1677999, 115159, 0, 0
1678999, 131603, 0, 0
1679999, 127427, 0, 0
1680999, 134034, 0, 0
1681999, 127407, 0, 0
1682999, 131035, 0, 0
1683999, 131611, 0, 0
1684999, 130682, 0, 0
1685999, 115971, 0, 0
1686999, 119643, 0, 0
1688000, 118636, 0, 0
1689000, 112620, 0, 0
1690000, 138408, 0, 0
1690999, 145921, 0, 0
1692000, 133740, 0, 0
1692999, 146434, 0, 0
1693999, 135119, 0, 0
1694999, 124012, 0, 0
1695999, 128152, 0, 0
1696999, 116516, 0, 0
1697999, 139323, 0, 0
1698999, 117909, 0, 0
1699999, 122422, 0, 0
1700999, 122610, 0, 0
1701999, 113045, 0, 0
1703000, 123600, 0, 0
1704000, 140056, 0, 0
1705000, 126660, 0, 0
1706000, 126844, 0, 0
1707000, 124964, 0, 0
1708000, 140132, 0, 0
1708999, 138874, 0, 0
1709999, 123515, 0, 0
1710999, 119987, 0, 0
1711999, 128980, 0, 0
1712999, 117737, 0, 0
1713999, 120612, 0, 0
1714999, 116392, 0, 0
1715999, 125997, 0, 0
1716999, 132692, 0, 0
1717999, 119003, 0, 0
1718999, 130962, 0, 0
1719999, 127679, 0, 0
1720999, 122918, 0, 0
1721999, 138302, 0, 0
1722999, 153861, 0, 0
1723999, 132552, 0, 0
1724999, 144540, 0, 0
1725999, 142506, 0, 0
1726999, 132636, 0, 0
1727999, 122250, 0, 0
1728999, 121525, 0, 0
1729999, 125085, 0, 0
1731000, 119440, 0, 0
1732000, 120560, 0, 0
1733000, 128400, 0, 0
1733999, 116268, 0, 0
1734999, 131359, 0, 0
1735999, 123419, 0, 0
1736999, 122618, 0, 0
1737999, 114886, 0, 0
1738999, 114658, 0, 0
1739999, 133841, 0, 0
1740999, 132576, 0, 0
1741999, 125757, 0, 0
1742999, 122558, 0, 0
1743999, 140008, 0, 0
1744999, 124244, 0, 0
1745999, 122718, 0, 0
1746999, 115835, 0, 0
1747999, 119095, 0, 0
1748999, 122514, 0, 0
1749999, 122458, 0, 0
1750999, 130818, 0, 0
1752000, 124320, 0, 0
1753000, 116516, 0, 0
1754000, 124568, 0, 0
1755000, 114944, 0, 0
1756000, 127236, 0, 0
1756999, 120780, 0, 0
1757999, 119959, 0, 0
1758999, 131915, 0, 0
1759999, 142806, 0, 0
1760999, 116820, 0, 0
1761999, 116564, 0, 0
1762999, 141585, 0, 0
1763999, 139203, 0, 0
1764999, 128248, 0, 0
1765999, 123995, 0, 0
1766999, 129821, 0, 0
1767999, 129921, 0, 0
1769000, 120508, 0, 0
1770000, 124804, 0, 0
1771000, 131176, 0, 0
1772000, 116532, 0, 0
1773000, 113080, 0, 0
1774000, 126568, 0, 0
1774999, 119639, 0, 0
1775999, 114118, 0, 0
1776999, 128908, 0, 0
1777999, 137489, 0, 0
1778999, 127947, 0, 0
1779999, 148348, 0, 0
1780999, 123155, 0, 0
1781999, 128756, 0, 0
1782999, 133409, 0, 0
1783999, 119835, 0, 0
1784999, 125133, 0, 0
1785999, 113729, 0, 0
1786999, 117313, 0, 0
1788000, 115340, 0, 0
1789000, 118228, 0, 0
1790000, 112864, 0, 0
1791000, 130466, 0, 0
1792000, 130328, 0, 0
1793000, 129344, 0, 0
1793999, 136584, 0, 0
1794999, 127011, 0, 0
1796000, 117356, 0, 0
1796999, 141969, 0, 0
1797999, 128580, 0, 0
1798999, 134322, 0, 0
1799999, 123643, 0, 0
1800999, 128916, 0, 0
1801999, 119867, 0, 0
1802999, 117677, 0, 0
1803999, 130294, 0, 0
1804999, 125953, 0, 0
1806000, 126108, 0, 0
1807000, 129096, 0, 0
1808000, 143256, 0, 0
1808999, 129245, 0, 0
1809999, 119063, 0, 0
1810999, 127543, 0, 0
1811999, 130798, 0, 0
1812999, 127415, 0, 0
1813999, 120320, 0, 0
1814999, 116768, 0, 0
1815999, 122502, 0, 0
1816999, 108148, 0, 0
1817999, 121653, 0, 0
1818999, 124372, 0, 0
1819999, 133585, 0, 0
1820999, 118886, 0, 0
1821999, 129593, 0, 0
1823000, 116756, 0, 0
1824000, 121412, 0, 0
1825000, 132808, 0, 0
1826000, 122652, 0, 0
1827000, 115184, 0, 0
1827999, 111247, 0, 0
1828999, 125913, 0, 0
1829999, 122090, 0, 0
1830999, 123035, 0, 0
1831999, 125661, 0, 0
1832999, 128556, 0, 0
1833999, 135575, 0, 0
1834999, 117189, 0, 0
1835999, 125361, 0, 0
1837000, 124172, 0, 0
1838000, 120064, 0, 0
1839000, 127456, 0, 0
1840000, 139772, 0, 0
1840999, 142354, 0, 0
1841999, 127043, 0, 0
1842999, 116608, 0, 0
1843999, 124588, 0, 0
1844999, 108852, 0, 0
1845999, 117505, 0, 0
1846999, 113745, 0, 0
1847999, 119059, 0, 0
1849000, 122692, 0, 0
1850000, 121500, 0, 0
1850999, 115695, 0, 0
1851999, 111827, 0, 0
1852999, 119075, 0, 0
1853999, 114962, 0, 0
1854999, 144456, 0, 0
1855999, 116856, 0, 0
1856999, 123335, 0, 0
1857999, 117733, 0, 0
1858999, 141789, 0, 0
1859999, 135415, 0, 0
1860999, 124424, 0, 0
1862000, 114780, 0, 0
1863000, 113668, 0, 0
1863999, 131483, 0, 0
1864999, 116296, 0, 0
1866000, 139968, 0, 0
1866999, 118162, 0, 0
1867999, 122882, 0, 0
1868999, 124044, 0, 0
1869999, 124844, 0, 0
1870999, 123347, 0, 0
1871999, 118454, 0, 0
1872999, 123059, 0, 0
1873999, 118862, 0, 0
1875000, 110242, 0, 0
1876000, 130740, 0, 0
1877000, 118748, 0, 0
1878000, 117428, 0, 0
1879000, 116284, 0, 0
1880000, 109656, 0, 0
1881000, 117308, 0, 0
1881999, 115307, 0, 0
1882999, 116476, 0, 0
1883999, 124520, 0, 0
1884999, 117389, 0, 0
1885999, 115051, 0, 0
1886999, 121217, 0, 0
1887999, 110146, 0, 0
1888999, 125057, 0, 0
1889999, 119343, 0, 0
1890999, 122330, 0, 0
1891999, 116532, 0, 0
1892999, 116384, 0, 0
1893999, 109865, 0, 0
1894999, 118758, 0, 0
1895999, 124236, 0, 0
1896999, 128128, 0, 0
1898000, 117956, 0, 0
1899000, 120868, 0, 0
1900000, 121660, 0, 0
1900999, 120024, 0, 0
1901999, 120952, 0, 0
1902999, 118838, 0, 0
1903999, 135511, 0, 0
1904999, 116684, 0, 0
1905999, 115415, 0, 0
1906999, 116732, 0, 0
1907999, 112408, 0, 0
1908999, 110926, 0, 0
1910000, 123471, 0, 0
1911000, 123012, 0, 0
1912000, 125076, 0, 0
1913000, 123932, 0, 0
1914000, 125224, 0, 0
1915000, 139268, 0, 0
1916000, 114600, 0, 0
1917000, 116960, 0, 0
1918000, 117116, 0, 0
1919000, 139400, 0, 0
1920000, 133600, 0, 0
1921000, 117096, 0, 0
1922000, 113976, 0, 0
1923000, 111460, 0, 0
1924000, 120444, 0, 0
1924999, 116456, 0, 0
1925999, 116044, 0, 0
1926999, 124780, 0, 0
1927999, 119131, 0, 0
1928999, 118570, 0, 0
1929999, 111671, 0, 0
1930999, 107547, 0, 0
1931999, 122942, 0, 0
1932999, 112248, 0, 0
1933999, 114786, 0, 0
1935000, 125973, 0, 0
1936000, 125037, 0, 0
1937000, 118340, 0, 0
1938000, 114812, 0, 0
1939000, 115996, 0, 0
1940000, 111936, 0, 0
1941000, 125628, 0, 0
1941999, 131347, 0, 0
1942999, 117357, 0, 0
1943999, 113825, 0, 0
1944999, 119903, 0, 0
1945999, 112644, 0, 0
1946999, 125633, 0, 0
1947999, 118966, 0, 0
1948999, 121457, 0, 0
1949999, 112220, 0, 0
1950999, 113705, 0, 0
1951999, 110770, 0, 0
1952999, 122666, 0, 0
1953999, 121909, 0, 0
1954999, 129649, 0, 0
1955999, 124896, 0, 0
1956999, 126326, 0, 0
1957999, 127571, 0, 0
1958999, 122102, 0, 0
1959999, 121437, 0, 0
1960999, 118226, 0, 0
1961999, 119335, 0, 0
1962999, 115971, 0, 0
1963999, 115939, 0, 0
1964999, 139103, 0, 0
1965999, 119467, 0, 0
1966999, 142070, 0, 0
1967999, 131547, 0, 0
1968999, 117365, 0, 0
1969999, 130322, 0, 0
1970999, 114654, 0, 0
1971999, 116116, 0, 0
1972999, 118894, 0, 0
1973999, 121513, 0, 0
1974999, 121465, 0, 0
1975999, 118614, 0, 0
1976999, 127867, 0, 0
1977999, 114706, 0, 0
1978999, 123327, 0, 0
1979999, 114182, 0, 0
1980999, 129049, 0, 0
1982000, 117693, 0, 0
1982999, 123983, 0, 0
1983999, 121329, 0, 0
1984999, 121113, 0, 0
1985999, 116408, 0, 0
1986999, 120076, 0, 0
1987999, 120736, 0, 0
1988999, 119447, 0, 0
1989999, 116096, 0, 0
1990999, 113421, 0, 0
1991999, 115707, 0, 0
1992999, 123215, 0, 0
1993999, 117737, 0, 0
1994999, 114518, 0, 0
1995999, 109897, 0, 0
1996999, 114698, 0, 0
1998000, 109985, 0, 0
1999000, 117093, 0, 0
2000000, 129361, 0, 0
2001000, 126990, 0, 0
2002000, 135280, 0, 0
2003000, 120176, 0, 0
2003999, 113465, 0, 0
2005000, 112488, 0, 0
2005999, 132100, 0, 0
2006999, 119771, 0, 0
2007999, 125641, 0, 0
2008999, 116112, 0, 0
2009999, 129653, 0, 0
2010999, 122138, 0, 0
2011999, 116588, 0, 0
2012999, 114806, 0, 0
2013999, 114514, 0, 0
2015000, 114052, 0, 0
2016000, 116468, 0, 0
2017000, 124376, 0, 0
2018000, 119284, 0, 0
2019000, 114348, 0, 0
2020000, 123308, 0, 0
2021000, 131060, 0, 0
2021999, 118702, 0, 0
2022999, 114238, 0, 0
2023999, 133941, 0, 0
2024999, 131511, 0, 0
2025999, 122446, 0, 0
2027000, 117741, 0, 0
2028000, 126156, 0, 0
2029000, 118292, 0, 0
2030000, 124620, 0, 0
2031000, 115780, 0, 0
2031999, 120488, 0, 0
2032999, 128784, 0, 0
2033999, 118674, 0, 0
2034999, 134074, 0, 0
2035999, 120404, 0, 0
2036999, 121737, 0, 0
2037999, 120140, 0, 0
2039000, 128968, 0, 0
2039999, 118658, 0, 0
2041000, 116404, 0, 0
2041999, 120864, 0, 0
2042999, 119635, 0, 0
2043999, 121129, 0, 0
2044999, 125977, 0, 0
2045999, 126738, 0, 0
2046999, 124252, 0, 0
2047999, 125317, 0, 0
2048999, 119575, 0, 0
2049999, 121741, 0, 0
2050999, 124852, 0, 0
2051999, 128672, 0, 0
2052999, 119519, 0, 0
2053999, 119039, 0, 0
2054999, 123487, 0, 0
2056000, 119640, 0, 0
2057000, 117320, 0, 0
2058000, 114480, 0, 0
2059000, 122032, 0, 0
2060000, 123984, 0, 0
2061000, 122160, 0, 0
2061999, 123747, 0, 0
2062999, 127611, 0, 0
2063999, 117837, 0, 0
2064999, 121613, 0, 0
2065999, 125853, 0, 0
2066999, 124736, 0, 0
2067999, 122258, 0, 0
2069000, 117852, 0, 0
2070000, 117840, 0, 0
2071000, 118336, 0, 0
2072000, 116896, 0, 0
2073000, 127304, 0, 0
2073999, 122062, 0, 0
2074999, 124628, 0, 0
2075999, 116064, 0, 0
2076999, 117773, 0, 0
2077999, 115735, 0, 0
2078999, 116756, 0, 0
2079999, 108776, 0, 0
2080999, 114686, 0, 0
2081999, 121029, 0, 0
2082999, 122618, 0, 0
2083999, 117049, 0, 0
2084999, 130794, 0, 0
2085999, 127423, 0, 0
2086999, 108248, 0, 0
2087999, 113477, 0, 0
2088999, 110046, 0, 0
2089999, 117237, 0, 0
2091000, 122394, 0, 0
2092000, 124256, 0, 0
2093000, 127412, 0, 0
2094000, 117432, 0, 0
2095000, 114000, 0, 0
2095999, 113021, 0, 0
2096999, 127255, 0, 0
2097999, 127603, 0, 0
2098999, 133197, 0, 0
2099999, 126550, 0, 0
2100999, 126146, 0, 0
2101999, 149061, 0, 0
2102999, 136092, 0, 0
2103999, 138078, 0, 0
2104999, 124572, 0, 0
2105999, 133889, 0, 0
2107000, 122168, 0, 0
2108000, 115056, 0, 0
2108999, 127015, 0, 0
2109999, 127987, 0, 0
2110999, 131799, 0, 0
2111999, 118698, 0, 0
2112999, 126490, 0, 0
2113999, 132840, 0, 0
2114999, 119835, 0, 0
2115999, 123587, 0, 0
2116999, 117529, 0, 0
2117999, 122402, 0, 0
2118999, 128088, 0, 0
2119999, 122482, 0, 0
2120999, 125597, 0, 0
2121999, 118822, 0, 0
2122999, 116196, 0, 0
2123999, 148764, 0, 0
2125000, 130054, 0, 0
2126000, 126224, 0, 0
2127000, 119076, 0, 0
2128000, 128160, 0, 0
2129000, 137664, 0, 0
2130000, 121372, 0, 0
2130999, 143575, 0, 0
2131999, 137881, 0, 0
2132999, 124092, 0, 0
2133999, 128004, 0, 0
2134999, 126750, 0, 0
2135999, 141573, 0, 0
2136999, 123123, 0, 0
2138000, 128152, 0, 0
2139000, 127896, 0, 0
2140000, 134688, 0, 0
2140999, 125905, 0, 0
2141999, 125041, 0, 0
2142999, 124524, 0, 0
2143999, 123371, 0, 0
2144999, 126714, 0, 0
2145999, 124900, 0, 0
2146999, 120080, 0, 0
2148000, 126216, 0, 0
2149000, 125320, 0, 0
2149999, 128316, 0, 0
2150999, 120288, 0, 0
2151999, 119995, 0, 0
2152999, 120292, 0, 0
2153999, 122846, 0, 0
2154999, 129149, 0, 0
2155999, 120540, 0, 0
2156999, 123247, 0, 0
2157999, 128164, 0, 0
2158999, 124040, 0, 0
2159999, 120804, 0, 0
2160999, 119355, 0, 0
2161999, 114982, 0, 0
2162999, 118906, 0, 0
2164000, 123672, 0, 0
2165000, 120444, 0, 0
2166000, 113096, 0, 0
2166999, 113253, 0, 0
2167999, 124024, 0, 0
2168999, 120292, 0, 0
2169999, 137717, 0, 0
2171000, 112768, 0, 0
2172000, 115780, 0, 0
2172999, 118286, 0, 0
2173999, 121873, 0, 0
2174999, 119919, 0, 0
2175999, 117601, 0, 0
2176999, 120192, 0, 0
2177999, 122766, 0, 0
2178999, 116236, 0, 0
2180000, 123900, 0, 0
2181000, 136024, 0, 0
2182000, 129908, 0, 0
2183000, 128316, 0, 0
2183999, 147099, 0, 0
2185000, 121124, 0, 0
2186000, 129132, 0, 0
2187000, 115888, 0, 0
2188000, 113092, 0, 0
2189000, 118652, 0, 0
2189999, 130766, 0, 0
2190999, 129885, 0, 0
2191999, 120240, 0, 0
2192999, 130758, 0, 0
2193999, 135847, 0, 0
2194999, 121637, 0, 0
2195999, 125733, 0, 0
2196999, 125053, 0, 0
2197999, 119111, 0, 0
2198999, 133585, 0, 0
2200000, 126718, 0, 0
2201000, 122004, 0, 0
2202000, 114532, 0, 0
2202999, 115239, 0, 0
2203999, 123175, 0, 0
2204999, 128772, 0, 0
2205999, 122258, 0, 0
2206999, 114622, 0, 0
2207999, 124928, 0, 0
2208999, 125053, 0, 0
2209999, 115627, 0, 0
2210999, 122686, 0, 0
2211999, 122594, 0, 0
2212999, 117673, 0, 0
2213999, 119051, 0, 0
2214999, 128592, 0, 0
2215999, 121697, 0, 0
2216999, 144516, 0, 0
2217999, 122062, 0, 0
2219000, 142732, 0, 0
2220000, 134912, 0, 0
2221000, 124292, 0, 0
2222000, 118544, 0, 0
2222999, 116208, 0, 0
2223999, 112736, 0, 0
2224999, 117165, 0, 0
2225999, 117381, 0, 0
2226999, 120496, 0, 0
2228000, 114778, 0, 0
2229000, 112256, 0, 0
2230000, 113912, 0, 0
2230999, 118706, 0, 0
2231999, 125893, 0, 0
2232999, 122974, 0, 0
2233999, 120424, 0, 0
2234999, 112612, 0, 0
2235999, 120292, 0, 0
2237000, 116936, 0, 0
2238000, 120320, 0, 0
2238999, 114862, 0, 0
2239999, 115407, 0, 0
2241000, 114192, 0, 0
2242000, 117356, 0, 0
2242999, 115283, 0, 0
2243999, 119923, 0, 0
2244999, 130810, 0, 0
2245999, 128496, 0, 0
2246999, 123783, 0, 0
2247999, 117657, 0, 0
2248999, 122818, 0, 0
2249999, 120896, 0, 0
2250999, 117973, 0, 0
2251999, 115019, 0, 0
2252999, 116504, 0, 0
2253999, 123099, 0, 0
2255000, 125480, 0, 0
2256000, 112092, 0, 0
2256999, 114810, 0, 0
2257999, 116732, 0, 0
2258999, 124128, 0, 0
2259999, 115943, 0, 0
2260999, 148164, 0, 0
2261999, 126426, 0, 0
2262999, 121617, 0, 0
2263999, 118258, 0, 0
2264999, 127575, 0, 0
2265999, 119887, 0, 0
2266999, 122426, 0, 0
2267999, 118922, 0, 0
2269000, 114680, 0, 0
2270000, 118472, 0, 0
2270999, 111127, 0, 0
2271999, 108476, 0, 0
2272999, 120260, 0, 0
2273999, 128564, 0, 0
2274999, 145321, 0, 0
2275999, 137473, 0, 0
2276999, 130802, 0, 0
2277999, 118058, 0, 0
2278999, 125621, 0, 0
2279999, 113889, 0, 0
2280999, 124004, 0, 0
2281999, 122262, 0, 0
2282999, 119087, 0, 0
2284000, 120448, 0, 0
2285000, 140212, 0, 0
2286000, 136052, 0, 0
2287000, 122928, 0, 0
2288000, 127648, 0, 0
2288999, 126582, 0, 0
2289999, 113545, 0, 0
2290999, 124624, 0, 0
2291999, 125805, 0, 0
2292999, 133141, 0, 0
2293999, 124232, 0, 0
2294999, 121533, 0, 0
2296000, 116012, 0, 0
2297000, 115676, 0, 0
2298000, 139956, 0, 0
2298999, 133377, 0, 0
2300000, 146220, 0, 0
2300999, 131015, 0, 0
2302000, 124912, 0, 0
2302999, 122026, 0, 0
2303999, 117517, 0, 0
2304999, 127339, 0, 0
2305999, 139227, 0, 0
2306999, 153393, 0, 0
2307999, 134230, 0, 0
2308999, 139927, 0, 0
2309999, 126946, 0, 0
2310999, 133997, 0, 0
2311999, 121513, 0, 0
2312999, 119167, 0, 0
2313999, 131015, 0, 0
2315000, 134524, 0, 0
2316000, 126040, 0, 0
2317000, 120424, 0, 0
2318000, 117052, 0, 0
2319000, 115112, 0, 0
2320000, 113796, 0, 0
2321000, 122740, 0, 0
2321999, 121405, 0, 0
2322999, 131859, 0, 0
2323999, 145793, 0, 0
2324999, 117621, 0, 0
2325999, 116488, 0, 0
2326999, 115363, 0, 0
2327999, 136256, 0, 0
2328999, 123159, 0, 0
2329999, 124024, 0, 0
2330999, 114262, 0, 0
2331999, 117373, 0, 0
2332999, 117613, 0, 0
2333999, 124732, 0, 0
2334999, 122150, 0, 0
2335999, 129249, 0, 0
2336999, 132940, 0, 0
2337999, 120440, 0, 0
2338999, 125721, 0, 0
2339999, 127079, 0, 0
2340999, 116208, 0, 0
2341999, 133433, 0, 0
2342999, 132332, 0, 0
2344000, 122952, 0, 0
2345000, 127396, 0, 0
2346000, 130684, 0, 0
2347000, 119660, 0, 0
2347999, 112200, 0, 0
2348999, 122822, 0, 0
2349999, 124624, 0, 0
2350999, 129941, 0, 0
2351999, 120912, 0, 0
2352999, 119655, 0, 0
2353999, 125973, 0, 0
2354999, 122202, 0, 0
2355999, 130158, 0, 0
2356999, 124188, 0, 0
2357999, 119215, 0, 0
2358999, 130230, 0, 0
2359999, 111223, 0, 0
2360999, 127223, 0, 0
2361999, 145921, 0, 0
2362999, 115495, 0, 0
2363999, 139975, 0, 0
2364999, 120560, 0, 0
2365999, 116592, 0, 0
2366999, 125149, 0, 0
2367999, 124364, 0, 0
2368999, 114286, 0, 0
2370000, 131148, 0, 0
2371000, 123800, 0, 0
2372000, 127784, 0, 0
2373000, 116532, 0, 0
2374000, 125148, 0, 0
2375000, 120220, 0, 0
2375999, 133333, 0, 0
2376999, 118426, 0, 0
2377999, 136720, 0, 0
2378999, 139031, 0, 0
2379999, 115967, 0, 0
2380999, 118486, 0, 0
2381999, 120292, 0, 0
2382999, 122554, 0, 0
2384000, 120396, 0, 0
2385000, 124012, 0, 0
2385999, 122126, 0, 0
2386999, 119575, 0, 0
2387999, 117069, 0, 0
2388999, 109957, 0, 0
2389999, 115811, 0, 0
2390999, 122398, 0, 0
2391999, 125185, 0, 0
2392999, 125777, 0, 0
2394000, 124832, 0, 0
2395000, 115032, 0, 0
2396000, 114260, 0, 0
2396999, 121141, 0, 0
2397999, 118454, 0, 0
2398999, 125613, 0, 0
2399999, 115099, 0, 0
2400999, 117585, 0, 0
2401999, 118702, 0, 0
2402999, 130622, 0, 0
2403999, 128324, 0, 0
2404999, 128184, 0, 0
2406000, 126980, 0, 0
2407000, 123588, 0, 0
2407999, 127179, 0, 0
2408999, 115975, 0, 0
2409999, 121717, 0, 0
2410999, 134746, 0, 0
2411999, 118522, 0, 0
2412999, 118810, 0, 0
2413999, 117745, 0, 0
2414999, 123675, 0, 0
2415999, 113517, 0, 0
2416999, 115343, 0, 0
2418000, 119452, 0, 0
2419000, 119792, 0, 0
2419999, 119315, 0, 0
2420999, 110690, 0, 0
2421999, 115231, 0, 0
2422999, 118382, 0, 0
2423999, 123735, 0, 0
2424999, 116876, 0, 0
2425999, 135543, 0, 0
2426999, 123371, 0, 0
2428000, 124220, 0, 0
2429000, 119708, 0, 0
2430000, 114332, 0, 0
2430999, 122690, 0, 0
2431999, 133173, 0, 0
2432999, 127387, 0, 0
2433999, 119915, 0, 0
2434999, 121577, 0, 0
2435999, 123567, 0, 0
2436999, 126802, 0, 0
2437999, 126338, 0, 0
2438999, 116164, 0, 0
2439999, 117393, 0, 0
2440999, 120924, 0, 0
2441999, 119259, 0, 0
2443000, 117857, 0, 0
2444000, 111424, 0, 0
2445000, 118180, 0, 0
2445999, 110194, 0, 0
2446999, 129001, 0, 0
2447999, 120920, 0, 0
2448999, 116812, 0, 0
2449999, 118138, 0, 0
2450999, 119751, 0, 0
2451999, 124864, 0, 0
2452999, 119015, 0, 0
2453999, 115383, 0, 0
2454999, 115839, 0, 0
2456000, 124304, 0, 0
2457000, 130486, 0, 0
2458000, 120524, 0, 0
2459000, 117872, 0, 0
2460000, 120728, 0, 0
2461000, 119731, 0, 0
2462000, 117732, 0, 0
2462999, 112436, 0, 0
2463999, 126230, 0, 0
2464999, 124896, 0, 0
2465999, 124976, 0, 0
2466999, 126054, 0, 0
2467999, 121617, 0, 0
2468999, 129149, 0, 0
2469999, 121417, 0, 0
2471000, 124488, 0, 0
2472000, 120576, 0, 0
2473000, 122660, 0, 0
2474000, 131384, 0, 0
2475000, 115840, 0, 0
2476000, 115784, 0, 0
2476999, 126630, 0, 0
2477999, 119399, 0, 0
2478999, 125497, 0, 0
2479999, 114522, 0, 0
2480999, 121137, 0, 0
2481999, 112968, 0, 0
2482999, 125509, 0, 0
2483999, 124972, 0, 0
2484999, 121297, 0, 0
2485999, 128784, 0, 0
2486999, 126034, 0, 0
2488000, 133796, 0, 0
2489000, 119112, 0, 0
2490000, 120024, 0, 0
2490999, 121817, 0, 0
2491999, 127107, 0, 0
2492999, 127027, 0, 0
2493999, 126326, 0, 0
2494999, 113281, 0, 0
2495999, 129521, 0, 0
2496999, 118622, 0, 0
2497999, 119151, 0, 0
2498999, 122646, 0, 0
2500000, 121884, 0, 0
2501000, 121140, 0, 0
2501999, 121921, 0, 0
2502999, 119087, 0, 0
2503999, 116428, 0, 0
2504999, 118474, 0, 0
2505999, 126546, 0, 0
2506999, 124644, 0, 0
2507999, 123199, 0, 0
2508999, 121009, 0, 0
2510000, 118828, 0, 0
2511000, 118160, 0, 0
2512000, 122496, 0, 0
2513000, 137872, 0, 0
2513999, 131507, 0, 0
2514999, 125049, 0, 0
2515999, 144172, 0, 0
2516999, 131799, 0, 0
2517999, 116116, 0, 0
2518999, 123487, 0, 0
2519999, 124304, 0, 0
2520999, 110694, 0, 0
2521999, 134186, 0, 0
2522999, 123467, 0, 0
2523999, 119107, 0, 0
2524999, 117525, 0, 0
2526000, 114548, 0, 0
2527000, 116984, 0, 0
2528000, 119268, 0, 0
2528999, 116828, 0, 0
2529999, 119015, 0, 0
2530999, 116880, 0, 0
2531999, 127491, 0, 0
2532999, 138850, 0, 0
2533999, 142654, 0, 0
2534999, 111107, 0, 0
2535999, 112308, 0, 0
2536999, 113605, 0, 0
2537999, 120600, 0, 0
2538999, 118910, 0, 0
2539999, 120804, 0, 0
2540999, 128240, 0, 0
2541999, 115787, 0, 0
2542999, 120776, 0, 0
2543999, 120040, 0, 0
2544999, 110994, 0, 0
2546000, 111240, 0, 0
2547000, 119092, 0, 0
2548000, 144448, 0, 0
2548999, 133461, 0, 0
2549999, 136156, 0, 0
2550999, 113845, 0, 0
2551999, 118862, 0, 0
2552999, 117489, 0, 0
2553999, 140608, 0, 0
2555000, 130084, 0, 0
2556000, 138808, 0, 0
2557000, 153924, 0, 0
2558000, 124072, 0, 0
2559000, 131788, 0, 0
2559999, 114570, 0, 0
2560999, 113897, 0, 0
2561999, 110986, 0, 0
2562999, 115463, 0, 0
2563999, 120336, 0, 0
2564999, 125169, 0, 0
2566000, 118488, 0, 0
2566999, 124448, 0, 0
2567999, 121269, 0, 0
2568999, 114926, 0, 0
2569999, 128860, 0, 0
2570999, 124612, 0, 0
2571999, 111943, 0, 0
2572999, 124484, 0, 0
2573999, 125793, 0, 0
2575000, 128580, 0, 0
2576000, 128728, 0, 0
2577000, 128348, 0, 0
2577999, 132872, 0, 0
2578999, 124996, 0, 0
2579999, 130562, 0, 0
2580999, 141749, 0, 0
2581999, 121445, 0, 0
2582999, 125657, 0, 0
2583999, 126738, 0, 0
2585000, 129241, 0, 0
2586000, 130316, 0, 0
2586999, 123575, 0, 0
2587999, 117273, 0, 0
2588999, 122838, 0, 0
2589999, 119507, 0, 0
2590999, 126242, 0, 0
2591999, 124024, 0, 0
2592999, 121041, 0, 0
2593999, 118918, 0, 0
2594999, 114850, 0, 0
2595999, 114894, 0, 0
2597000, 119588, 0, 0
2598000, 125868, 0, 0
2598999, 127355, 0, 0
2599999, 127639, 0, 0
2600999, 114062, 0, 0
2601999, 116968, 0, 0
2603000, 119700, 0, 0
2604000, 119992, 0, 0
2605000, 111724, 0, 0
2606000, 115316, 0, 0
2607000, 122808, 0, 0
2608000, 115200, 0, 0
2609000, 120496, 0, 0
2610000, 117452, 0, 0
2611000, 120436, 0, 0
2612000, 122070, 0, 0
2612999, 116208, 0, 0
2613999, 131787, 0, 0
2614999, 136944, 0, 0
2615999, 125245, 0, 0
2616999, 141817, 0, 0
2617999, 138934, 0, 0
2618999, 128616, 0, 0
2619999, 124192, 0, 0
2620999, 122974, 0, 0
2621999, 113165, 0, 0
2622999, 117709, 0, 0
2623999, 113745, 0, 0
2624999, 113509, 0, 0
2626000, 130282, 0, 0
2627000, 117088, 0, 0
2628000, 112384, 0, 0
2629000, 128056, 0, 0
2629999, 136448, 0, 0
2630999, 137181, 0, 0
2631999, 123167, 0, 0
2632999, 148716, 0, 0
2634000, 124292, 0, 0
2635000, 129572, 0, 0
2636000, 115108, 0, 0
2637000, 117640, 0, 0
2638000, 120268, 0, 0
2639000, 125132, 0, 0
2640000, 134424, 0, 0
2641000, 128700, 0, 0
2642000, 111680, 0, 0
2643000, 118464, 0, 0
2644000, 123996, 0, 0
2645000, 115272, 0, 0
2645999, 118202, 0, 0
2646999, 119955, 0, 0
2647999, 117477, 0, 0
2648998, 122260, 0, 0
2649998, 118509, 0, 0
2650998, 120837, 0, 0
2651998, 114448, 0, 0
2652997, 116441, 0, 0
2653997, 115550, 0, 0
2654997, 120180, 0, 0
2655997, 116553, 0, 0
2656996, 116024, 0, 0
2657996, 117269, 0, 0
2658996, 128076, 0, 0
2659996, 120923, 0, 0
2660995, 111638, 0, 0
2661995, 122842, 0, 0
2662996, 122122, 0, 0
2663996, 110891, 0, 0
2664995, 123658, 0, 0
2665995, 127324, 0, 0
2666995, 118315, 0, 0
2667994, 134494, 0, 0
2668994, 114973, 0, 0
2669994, 128064, 0, 0
2670994, 117597, 0, 0
2671993, 124084, 0, 0
2672993, 124124, 0, 0
2673993, 118574, 0, 0
2674992, 135963, 0, 0
2675992, 114822, 0, 0
2676992, 115846, 0, 0
2677992, 113556, 0, 0
2678991, 112439, 0, 0
2679991, 117114, 0, 0
2680991, 117913, 0, 0
2681991, 120795, 0, 0
2683000, 121160, 0, 0
2684000, 114304, 0, 0
2685000, 116868, 0, 0
2685999, 118802, 0, 0
2686999, 114466, 0, 0
2687999, 123275, 0, 0
2688999, 117161, 0, 0
2689999, 116368, 0, 0
2690999, 120856, 0, 0
2691999, 120216, 0, 0
2693000, 117909, 0, 0
2694000, 120288, 0, 0
2695000, 123340, 0, 0
2696000, 122044, 0, 0
2697000, 122664, 0, 0
2697999, 126946, 0, 0
2698999, 125525, 0, 0
2699999, 130858, 0, 0
2700999, 120912, 0, 0
2701999, 116080, 0, 0
2702999, 119279, 0, 0
2703999, 116992, 0, 0
2704999, 118490, 0, 0
2705999, 130942, 0, 0
2706999, 117609, 0, 0
2708000, 124064, 0, 0
2709000, 115288, 0, 0
2709999, 111175, 0, 0
2710999, 116100, 0, 0
2711999, 131675, 0, 0
2712999, 122114, 0, 0
2713999, 123903, 0, 0
2714999, 115911, 0, 0
2716000, 116272, 0, 0
2717000, 108532, 0, 0
2718000, 133284, 0, 0
2719000, 113888, 0, 0
2719999, 118930, 0, 0
2720999, 121745, 0, 0
2721999, 119875, 0, 0
2722999, 125677, 0, 0
2723999, 133777, 0, 0
2724999, 126246, 0, 0
2725999, 129001, 0, 0
2726999, 126910, 0, 0
2728000, 124940, 0, 0
2729000, 122188, 0, 0
2730000, 126020, 0, 0
2731000, 117644, 0, 0
2731999, 121129, 0, 0
2733000, 120460, 0, 0
2733999, 116264, 0, 0
2734999, 121017, 0, 0
2735999, 117533, 0, 0
2736999, 118854, 0, 0
2738000, 114012, 0, 0
2739000, 124116, 0, 0
2740000, 120604, 0, 0
2741000, 121444, 0, 0
2742000, 113664, 0, 0
2743000, 124216, 0, 0
2744000, 119379, 0, 0
2745000, 122652, 0, 0
2746000, 125308, 0, 0
2746999, 136464, 0, 0
2747999, 118906, 0, 0
2748999, 123463, 0, 0
2749999, 119567, 0, 0
2750999, 112912, 0, 0
2751999, 123851, 0, 0
2752999, 115563, 0, 0
2753999, 119759, 0, 0
2754999, 117013, 0, 0
2755999, 109913, 0, 0
2757000, 123007, 0, 0
2758000, 119836, 0, 0
2759000, 115616, 0, 0
2760000, 119040, 0, 0
2760999, 128240, 0, 0
2761999, 117181, 0, 0
2763000, 117124, 0, 0
2764000, 114616, 0, 0
2765000, 118036, 0, 0
2766000, 113572, 0, 0
2766999, 116072, 0, 0
2768000, 116212, 0, 0
2769000, 114960, 0, 0
2770000, 121784, 0, 0
2770999, 118498, 0, 0
2771999, 120052, 0, 0
2772999, 114154, 0, 0
2773999, 135863, 0, 0
2774999, 132644, 0, 0
2775999, 121313, 0, 0
2776999, 121165, 0, 0
2777999, 118122, 0, 0
2778999, 118074, 0, 0
2779999, 118738, 0, 0
2780999, 120264, 0, 0
2781999, 125693, 0, 0
2782999, 113605, 0, 0
2783999, 119487, 0, 0
2784999, 120344, 0, 0
2785999, 127543, 0, 0
2786999, 122254, 0, 0
2788000, 124380, 0, 0
2789000, 124376, 0, 0
2790000, 128924, 0, 0
2791000, 128528, 0, 0
2792000, 141512, 0, 0
2792999, 123843, 0, 0
2793999, 119271, 0, 0
2794999, 132392, 0, 0
2795999, 128084, 0, 0
2796999, 121625, 0, 0
2797999, 119191, 0, 0
2798999, 121525, 0, 0
2800000, 114550, 0, 0
2801000, 118080, 0, 0
2802000, 133216, 0, 0
2803000, 119884, 0, 0
2803999, 124056, 0, 0
2804999, 120368, 0, 0
2805999, 119123, 0, 0
2806999, 111751, 0, 0
2807999, 111531, 0, 0
2808999, 115231, 0, 0
2809999, 112552, 0, 0
2810999, 114786, 0, 0
2811999, 116780, 0, 0
2812999, 121441, 0, 0
2813999, 111207, 0, 0
2814999, 108248, 0, 0
2815999, 107411, 0, 0
2816999, 109833, 0, 0
2817999, 114154, 0, 0
2818999, 111643, 0, 0
2819999, 113237, 0, 0
2820999, 119727, 0, 0
2821999, 112168, 0, 0
2822999, 115467, 0, 0
2823999, 112684, 0, 0
2825000, 114748, 0, 0
2826000, 119348, 0, 0
2827000, 124764, 0, 0
2827999, 130578, 0, 0
2828999, 114698, 0, 0
2829999, 120768, 0, 0
2830999, 124708, 0, 0
2831999, 119691, 0, 0
2832999, 135823, 0, 0
2833999, 121377, 0, 0
2834999, 121261, 0, 0
2835999, 119303, 0, 0
2836999, 121097, 0, 0
2837999, 134982, 0, 0
2838999, 123959, 0, 0
2839999, 122310, 0, 0
2840999, 124740, 0, 0
2842000, 114836, 0, 0
2843000, 123056, 0, 0
2843999, 125149, 0, 0
2844999, 129849, 0, 0
2845999, 111423, 0, 0
2846999, 122830, 0, 0
2847999, 114246, 0, 0
2848999, 127951, 0, 0
2849999, 128116, 0, 0
2850999, 116152, 0, 0
2851999, 116452, 0, 0
2853000, 118508, 0, 0
2854000, 120036, 0, 0
2855000, 121692, 0, 0
2856000, 116840, 0, 0
2856999, 118062, 0, 0
2857999, 124648, 0, 0
2858999, 120176, 0, 0
2859999, 119179, 0, 0
2860999, 111175, 0, 0
2861999, 114510, 0, 0
2862999, 125081, 0, 0
2863999, 122374, 0, 0
2864999, 118174, 0, 0
2865999, 115835, 0, 0
2866999, 119179, 0, 0
2868000, 111660, 0, 0
2869000, 116804, 0, 0
2870000, 112940, 0, 0
2870999, 113261, 0, 0
2871999, 122154, 0, 0
2872999, 121053, 0, 0
2873999, 126774, 0, 0
2874999, 118550, 0, 0
2875999, 138406, 0, 0
2876999, 138106, 0, 0
2877999, 129089, 0, 0
2878999, 124188, 0, 0
2880000, 127252, 0, 0
2881000, 128504, 0, 0
2882000, 117732, 0, 0
2883000, 122816, 0, 0
2883999, 122674, 0, 0
2884999, 127923, 0, 0
2885999, 127027, 0, 0
2886999, 116656, 0, 0
2887999, 127143, 0, 0
2888999, 123199, 0, 0
2889999, 114810, 0, 0
2890999, 123823, 0, 0
2891999, 117353, 0, 0
2892999, 116492, 0, 0
2893999, 116976, 0, 0
2894999, 115739, 0, 0
2896000, 117297, 0, 0
2897000, 116712, 0, 0
2898000, 116548, 0, 0
2899000, 118532, 0, 0
2899999, 126662, 0, 0
2900999, 122618, 0, 0
2901999, 115499, 0, 0
2902999, 113549, 0, 0
2903999, 117805, 0, 0
2904999, 117417, 0, 0
2905999, 136436, 0, 0
2906999, 114302, 0, 0
2907999, 115255, 0, 0
2908999, 115131, 0, 0
2910000, 116096, 0, 0
2911000, 122396, 0, 0
2912000, 115964, 0, 0
2912999, 115863, 0, 0
2913999, 112564, 0, 0
2914999, 118694, 0, 0
2915999, 120036, 0, 0
2916999, 118678, 0, 0
2917999, 121109, 0, 0
2918999, 118614, 0, 0
2919999, 117789, 0, 0
2920999, 135707, 0, 0
2921999, 117969, 0, 0
2922999, 113473, 0, 0
2923999, 128280, 0, 0
2924999, 119491, 0, 0
2925999, 116884, 0, 0
2926999, 112740, 0, 0
2927999, 113865, 0, 0
2928999, 120112, 0, 0
2929999, 122790, 0, 0
2931000, 123687, 0, 0
2932000, 124456, 0, 0
2933000, 113392, 0, 0
2934000, 114200, 0, 0
2935000, 114504, 0, 0
2936000, 115684, 0, 0
2937000, 117704, 0, 0
2938000, 115516, 0, 0
2939000, 128912, 0, 0
2940000, 128528, 0, 0
2940999, 122602, 0, 0
2941999, 131035, 0, 0
2943000, 118752, 0, 0
2943999, 115487, 0, 0
2944999, 123087, 0, 0
2945999, 121857, 0, 0
2946999, 114286, 0, 0
2947999, 116916, 0, 0
2948999, 107463, 0, 0
2949999, 116372, 0, 0
2950999, 110490, 0, 0
2952000, 111656, 0, 0
2953000, 127448, 0, 0
2953999, 116168, 0, 0
2955000, 117588, 0, 0
2956000, 119592, 0, 0
2957000, 116272, 0, 0
2957999, 118858, 0, 0
2958999, 119723, 0, 0
2959999, 125957, 0, 0
2960999, 112552, 0, 0
2961999, 120060, 0, 0
2962999, 111963, 0, 0
2963999, 122758, 0, 0
2964999, 115391, 0, 0
2966000, 124608, 0, 0
2967000, 124632, 0, 0
2968000, 130260, 0, 0
2969000, 116220, 0, 0
2969999, 117577, 0, 0
2970999, 112580, 0, 0
2971999, 115735, 0, 0
2972999, 124944, 0, 0
2973999, 112168, 0, 0
2974999, 112216, 0, 0
2975999, 115879, 0, 0
2976999, 113765, 0, 0
2977999, 120080, 0, 0
2978999, 116356, 0, 0
2979999, 111231, 0, 0
2980999, 113141, 0, 0
2981999, 115111, 0, 0
2983000, 117516, 0, 0
2984000, 114652, 0, 0
2985000, 109016, 0, 0
2985999, 116528, 0, 0
2986999, 121685, 0, 0
2987999, 119671, 0, 0
2988999, 117749, 0, 0
2989999, 115755, 0, 0
2990999, 114342, 0, 0
2991999, 119491, 0, 0
2992999, 118246, 0, 0
2993999, 117229, 0, 0
2994999, 114106, 0, 0
2995999, 109625, 0, 0
2996999, 108752, 0, 0
2997999, 112808, 0, 0
2998999, 111519, 0, 0
3000000, 115927, 0, 0
3001000, 117028, 0, 0
3002000, 113200, 0, 0
3003000, 116844, 0, 0
3004000, 119452, 0, 0
3004999, 115231, 0, 0
3005999, 125277, 0, 0
3006999, 121181, 0, 0
3007999, 114662, 0, 0
3008999, 118850, 0, 0
3009999, 114746, 0, 0
3010999, 113269, 0, 0
3012000, 113420, 0, 0
3013000, 114668, 0, 0
3014000, 113588, 0, 0
3015000, 111616, 0, 0
3016000, 116204, 0, 0
3017000, 114904, 0, 0
3018000, 109884, 0, 0
3018999, 111727, 0, 0
3019999, 112896, 0, 0
3020999, 116640, 0, 0
3021999, 120684, 0, 0
3022999, 122114, 0, 0
3023999, 118018, 0, 0
3024999, 115851, 0, 0
3025999, 115115, 0, 0
3026999, 122294, 0, 0
3028000, 118326, 0, 0
3029000, 120028, 0, 0
3030000, 120324, 0, 0
3030999, 113921, 0, 0
3031999, 131267, 0, 0
3032999, 130470, 0, 0
3033999, 112412, 0, 0
3034999, 125529, 0, 0
3035999, 124708, 0, 0
3036999, 120888, 0, 0
3037999, 127515, 0, 0
3038999, 120896, 0, 0
3039999, 118446, 0, 0
3040999, 114790, 0, 0
3041999, 118922, 0, 0
3042999, 131835, 0, 0
3043999, 114446, 0, 0
3044999, 124096, 0, 0
3045999, 120420, 0, 0
3046999, 117725, 0, 0
3048000, 121205, 0, 0
3049000, 122600, 0, 0
3050000, 119288, 0, 0
3051000, 112996, 0, 0
3052000, 114780, 0, 0
3052999, 118082, 0, 0
3053999, 119375, 0, 0
3054999, 120332, 0, 0
3055999, 120920, 0, 0
3056999, 120700, 0, 0
3057999, 121957, 0, 0
3058999, 117101, 0, 0
3059999, 119107, 0, 0
3060999, 120328, 0, 0
3061999, 121521, 0, 0
3062999, 124980, 0, 0
3063999, 128312, 0, 0
3064999, 129113, 0, 0
3065999, 118418, 0, 0
3066999, 122866, 0, 0
3067999, 117773, 0, 0
3069000, 115456, 0, 0
3070000, 124148, 0, 0
3071000, 119164, 0, 0
3072000, 120148, 0, 0
3072999, 113441, 0, 0
3073999, 114714, 0, 0
3074999, 120468, 0, 0
3075999, 112748, 0, 0
3076999, 110778, 0, 0
3077999, 117697, 0, 0
3078999, 135115, 0, 0
3079999, 126394, 0, 0
3081000, 115755, 0, 0
3082000, 116728, 0, 0
3083000, 117620, 0, 0
3084000, 123388, 0, 0
3084999, 126438, 0, 0
3085999, 125565, 0, 0
3086999, 130374, 0, 0
3087999, 128688, 0, 0
3088999, 120568, 0, 0
3089999, 125097, 0, 0
3090999, 116220, 0, 0
3091999, 113489, 0, 0
3092999, 114370, 0, 0
3093999, 114954, 0, 0
3094999, 115055, 0, 0
3095999, 112076, 0, 0
3097000, 118180, 0, 0
3098000, 119688, 0, 0
3099000, 132768, 0, 0
3100000, 115144, 0, 0
3100999, 117781, 0, 0
3101999, 121365, 0, 0
3102999, 121685, 0, 0
3103999, 118594, 0, 0
3104999, 118130, 0, 0
3105999, 117449, 0, 0
3106999, 116572, 0, 0
3107999, 114202, 0, 0
3108999, 118814, 0, 0
3109999, 116124, 0, 0
3111000, 119108, 0, 0
3112000, 113896, 0, 0
3113000, 113600, 0, 0
3114000, 112176, 0, 0
3114999, 118010, 0, 0
3115999, 119063, 0, 0
3116999, 119791, 0, 0
3117999, 116340, 0, 0
3118999, 112252, 0, 0
3119999, 116212, 0, 0
3120999, 116580, 0, 0
3121999, 120264, 0, 0
3122999, 120132, 0, 0
3123999, 123187, 0, 0
3125000, 137084, 0, 0
3126000, 112836, 0, 0
3127000, 118180, 0, 0
3127999, 118654, 0, 0
3128999, 123103, 0, 0
3129999, 117657, 0, 0
3130999, 119671, 0, 0
3131999, 117021, 0, 0
3132999, 119299, 0, 0
3133999, 117857, 0, 0
3134999, 112984, 0, 0
3135999, 117049, 0, 0
3136999, 117037, 0, 0
3138000, 113824, 0, 0
3139000, 113676, 0, 0
3140000, 116508, 0, 0
3140999, 119143, 0, 0
3141999, 117029, 0, 0
3142999, 116620, 0, 0
3143999, 118066, 0, 0
3144999, 118134, 0, 0
3145999, 118394, 0, 0
3146999, 115311, 0, 0
3147999, 112492, 0, 0
3148999, 116024, 0, 0
3150000, 119028, 0, 0
3151000, 115048, 0, 0
3152000, 115668, 0, 0
3153000, 120220, 0, 0
3154000, 111892, 0, 0
3155000, 129100, 0, 0
3156000, 115660, 0, 0
3157000, 116928, 0, 0
3158000, 112848, 0, 0
3158999, 118790, 0, 0
3159999, 120596, 0, 0
3160999, 114494, 0, 0
3161999, 117029, 0, 0
3162999, 117017, 0, 0
3163999, 113633, 0, 0
3164999, 132156, 0, 0
3166000, 123444, 0, 0
3167000, 121880, 0, 0
3168000, 111236, 0, 0
3168999, 119847, 0, 0
3169999, 119359, 0, 0
3170999, 116536, 0, 0
3171999, 119187, 0, 0
3172999, 122582, 0, 0
3173999, 121773, 0, 0
3174999, 127279, 0, 0
3175999, 120136, 0, 0
3176999, 119275, 0, 0
3177999, 120884, 0, 0
3178999, 124512, 0, 0
3179999, 108216, 0, 0
3180999, 110546, 0, 0
3181999, 116484, 0, 0
3183000, 114038, 0, 0
3184000, 122672, 0, 0
3184999, 117861, 0, 0
3185999, 120232, 0, 0
3186999, 128764, 0, 0
3187999, 122402, 0, 0
3188999, 120524, 0, 0
3189999, 134930, 0, 0
3190999, 115723, 0, 0
3191999, 124392, 0, 0
3192999, 120376, 0, 0
3194000, 118192, 0, 0
3194999, 113533, 0, 0
3195999, 116760, 0, 0
3196999, 120192, 0, 0
3197999, 118470, 0, 0
3199000, 119863, 0, 0
3200000, 122356, 0, 0
3201000, 118792, 0, 0
3202000, 123184, 0, 0
3203000, 123980, 0, 0
3204000, 118888, 0, 0
3204999, 132784, 0, 0
3205999, 118370, 0, 0
3206999, 117521, 0, 0
3207999, 125801, 0, 0
3209000, 113176, 0, 0
3210000, 114060, 0, 0
3210999, 109645, 0, 0
3211999, 110182, 0, 0
3212999, 120764, 0, 0
3213999, 113153, 0, 0
3214999, 113825, 0, 0
3215999, 118210, 0, 0
3216999, 111023, 0, 0
3217999, 116000, 0, 0
3218999, 113593, 0, 0
3219999, 113045, 0, 0
3220999, 113049, 0, 0
3221999, 109601, 0, 0
3222999, 112680, 0, 0
3223999, 114450, 0, 0
3224999, 112880, 0, 0
3225999, 121557, 0, 0
3227000, 118884, 0, 0
3228000, 120360, 0, 0
3229000, 113384, 0, 0
3230000, 128368, 0, 0
3230999, 120696, 0, 0
3231999, 112376, 0, 0
3232999, 112660, 0, 0
3233999, 120324, 0, 0
3234999, 116752, 0, 0
3235999, 127479, 0, 0
3236999, 121037, 0, 0
3237999, 123683, 0, 0
3238999, 125661, 0, 0
3239999, 120152, 0, 0
3240999, 114386, 0, 0
3242000, 114452, 0, 0
3243000, 120428, 0, 0
3244000, 111680, 0, 0
3244999, 114842, 0, 0
3245999, 118098, 0, 0
3247000, 117876, 0, 0
3248000, 121808, 0, 0
3249000, 121140, 0, 0
3249999, 112088, 0, 0
3250999, 115599, 0, 0
3251999, 119459, 0, 0
3252999, 125137, 0, 0
3253999, 119355, 0, 0
3254999, 133177, 0, 0
3255999, 123459, 0, 0
3256999, 120340, 0, 0
3257999, 121061, 0, 0
3258999, 125641, 0, 0
3259999, 127495, 0, 0
3260999, 133481, 0, 0
3261999, 123463, 0, 0
3262999, 134246, 0, 0
3263999, 119303, 0, 0
3264999, 119807, 0, 0
3265999, 120120, 0, 0
3266999, 123483, 0, 0
3267999, 117897, 0, 0
3268999, 114278, 0, 0
3269999, 119555, 0, 0
3270999, 120440, 0, 0
3271999, 116720, 0, 0
3272999, 126270, 0, 0
3273999, 118922, 0, 0
3274999, 116324, 0, 0
3275999, 117413, 0, 0
3276999, 125829, 0, 0
3278000, 113284, 0, 0
3278999, 114310, 0, 0
3279999, 115787, 0, 0
3280999, 113865, 0, 0
3281999, 111783, 0, 0
3282999, 112700, 0, 0
3283999, 112424, 0, 0
3285000, 113532, 0, 0
3286000, 123692, 0, 0
3287000, 117368, 0, 0
3288000, 120856, 0, 0
3289000, 112796, 0, 0
3290000, 127528, 0, 0
3291000, 128548, 0, 0
3292000, 114784, 0, 0
3293000, 116888, 0, 0
3294000, 129588, 0, 0
3295000, 109828, 0, 0
3296000, 120160, 0, 0
3297000, 119300, 0, 0
3297999, 112340, 0, 0
3298999, 132808, 0, 0
3299999, 122490, 0, 0
3300999, 121753, 0, 0
3302000, 116724, 0, 0
3303000, 124124, 0, 0
3303999, 121529, 0, 0
3305000, 130488, 0, 0
3305999, 121621, 0, 0
3306999, 117933, 0, 0
3307999, 123031, 0, 0
3308999, 116320, 0, 0
3309999, 112920, 0, 0
3310999, 115567, 0, 0
3311999, 113109, 0, 0
3312999, 113581, 0, 0
3313999, 117561, 0, 0
3314999, 115147, 0, 0
3315999, 125469, 0, 0
3316999, 118742, 0, 0
3317999, 114026, 0, 0
3318999, 117213, 0, 0
3319999, 114346, 0, 0
3320999, 119939, 0, 0
3321999, 109929, 0, 0
3322999, 111631, 0, 0
3323999, 110698, 0, 0
3325000, 110720, 0, 0
3326000, 113128, 0, 0
3326999, 111699, 0, 0
3327999, 117989, 0, 0
3328999, 111567, 0, 0
3329999, 121313, 0, 0
3330999, 117041, 0, 0
3331999, 112936, 0, 0
3332999, 108048, 0, 0
3334000, 114712, 0, 0
3334999, 112404, 0, 0
3336000, 124796, 0, 0
3337000, 116608, 0, 0
3338000, 116040, 0, 0
3338999, 120380, 0, 0
3339999, 113341, 0, 0
3340999, 116488, 0, 0
3341999, 117401, 0, 0
3342999, 133233, 0, 0
3343999, 127575, 0, 0
3344999, 120056, 0, 0
3345999, 113809, 0, 0
3346999, 115003, 0, 0
3348000, 121360, 0, 0
3349000, 129577, 0, 0
3350000, 121636, 0, 0
3351000, 119032, 0, 0
3351999, 122418, 0, 0
3353000, 122372, 0, 0
3353999, 120868, 0, 0
3354999, 124504, 0, 0
3355999, 120376, 0, 0
3356999, 123139, 0, 0
3357999, 125633, 0, 0
3358999, 114682, 0, 0
3359999, 113909, 0, 0
3360999, 113565, 0, 0
3361999, 118586, 0, 0
3362999, 112664, 0, 0
3363999, 111595, 0, 0
3364999, 123047, 0, 0
3365999, 122482, 0, 0
3366999, 128568, 0, 0
3367999, 129793, 0, 0
3368999, 117045, 0, 0
3370000, 119415, 0, 0
3371000, 117488, 0, 0
3372000, 112856, 0, 0
3373000, 116036, 0, 0
3373999, 114606, 0, 0
3374999, 111639, 0, 0
3375999, 113337, 0, 0
3376999, 116552, 0, 0
3377999, 115447, 0, 0
3378999, 114242, 0, 0
3379999, 116664, 0, 0
3381000, 111564, 0, 0
3382000, 116588, 0, 0
3382999, 119779, 0, 0
3383999, 121685, 0, 0
3384999, 125305, 0, 0
3385999, 113105, 0, 0
3386999, 113081, 0, 0
3387999, 127359, 0, 0
3388999, 122862, 0, 0
3389999, 111631, 0, 0
3390999, 126610, 0, 0
3391999, 118694, 0, 0
3393000, 121648, 0, 0
3394000, 116772, 0, 0
3395000, 112256, 0, 0
3395999, 116008, 0, 0
3396999, 114162, 0, 0
3397999, 115991, 0, 0
3398999, 119647, 0, 0
3399999, 123183, 0, 0
3400999, 121397, 0, 0
3401999, 121577, 0, 0
3402999, 116216, 0, 0
3403999, 129677, 0, 0
3404999, 128108, 0, 0
3405999, 120924, 0, 0
3406999, 118066, 0, 0
3407999, 119063, 0, 0
3408999, 114894, 0, 0
3410000, 114716, 0, 0
3411000, 117488, 0, 0
3412000, 122076, 0, 0
3412999, 127259, 0, 0
3413999, 131271, 0, 0
3414999, 125825, 0, 0
3415999, 118438, 0, 0
3416999, 120228, 0, 0
3417999, 116024, 0, 0
3418999, 125173, 0, 0
3419999, 127779, 0, 0
3421000, 127459, 0, 0
3422000, 121748, 0, 0
3423000, 127572, 0, 0
3423999, 120724, 0, 0
3424999, 117473, 0, 0
3425999, 119447, 0, 0
3426999, 119419, 0, 0
3427999, 120740, 0, 0
3428999, 117489, 0, 0
3429999, 123007, 0, 0
3430999, 119375, 0, 0
3431999, 116904, 0, 0
3433000, 115168, 0, 0
3434000, 112840, 0, 0
3435000, 112328, 0, 0
3436000, 114644, 0, 0
3436999, 113753, 0, 0
3437999, 114038, 0, 0
3438999, 112740, 0, 0
3439999, 113465, 0, 0
3440999, 114482, 0, 0
3441999, 124000, 0, 0
3443000, 115276, 0, 0
3443999, 113857, 0, 0
3444999, 109345, 0, 0
3445999, 116900, 0, 0
3446999, 118778, 0, 0
3447999, 113089, 0, 0
3448999, 116996, 0, 0
3449999, 111347, 0, 0
3450999, 115951, 0, 0
3452000, 119491, 0, 0
3453000, 118908, 0, 0
3454000, 116488, 0, 0
3454999, 112064, 0, 0
3455999, 109553, 0, 0
3456999, 113321, 0, 0
3457999, 113613, 0, 0
3458999, 115115, 0, 0
3459999, 111387, 0, 0
3460999, 112676, 0, 0
3461999, 112364, 0, 0
3463000, 110800, 0, 0
3464000, 114872, 0, 0
3464999, 115675, 0, 0
3465999, 120868, 0, 0
3466999, 117081, 0, 0
3467999, 121213, 0, 0
3468999, 116108, 0, 0
3469999, 112816, 0, 0
3470999, 112992, 0, 0
3471999, 118430, 0, 0
3472999, 117137, 0, 0
3473999, 116280, 0, 0
3474999, 113661, 0, 0
3475999, 123123, 0, 0
3476999, 126190, 0, 0
3477999, 128312, 0, 0
3478999, 124848, 0, 0
3480000, 124764, 0, 0
3481000, 122556, 0, 0
3482000, 122504, 0, 0
3483000, 129452, 0, 0
3483999, 123011, 0, 0
3484999, 130114, 0, 0
3485999, 116628, 0, 0
3486999, 122678, 0, 0
3487999, 122022, 0, 0
3488999, 115491, 0, 0
3489999, 119715, 0, 0
3490999, 126366, 0, 0
3491999, 124612, 0, 0
3492999, 124844, 0, 0
3493999, 126326, 0, 0
3494999, 122246, 0, 0
3495999, 116552, 0, 0
3496999, 121541, 0, 0
3497999, 120484, 0, 0
3498999, 117485, 0, 0
3499999, 117761, 0, 0
3500999, 118526, 0, 0
3501999, 118498, 0, 0
3502999, 116244, 0, 0
3503999, 121201, 0, 0
3505000, 115688, 0, 0
3506000, 114544, 0, 0
3506999, 127651, 0, 0
3507999, 124784, 0, 0
3508999, 124856, 0, 0
3509999, 125609, 0, 0
3510999, 115063, 0, 0
3511999, 111115, 0, 0
3512999, 112100, 0, 0
3513999, 118290, 0, 0
3514999, 114174, 0, 0
3515999, 117513, 0, 0
3516999, 117149, 0, 0
3517999, 118454, 0, 0
3518999, 117897, 0, 0
3520000, 121180, 0, 0
3521000, 118692, 0, 0
3521999, 120580, 0, 0
3522999, 114602, 0, 0
3524000, 122108, 0, 0
3525000, 121776, 0, 0
3525999, 116092, 0, 0
3526999, 118170, 0, 0
3527999, 125981, 0, 0
3528999, 118954, 0, 0
3529999, 120460, 0, 0
3530999, 121965, 0, 0
3531999, 112964, 0, 0
3532999, 124892, 0, 0
3533999, 123239, 0, 0
3534999, 127663, 0, 0
3535999, 120016, 0, 0
3536999, 121549, 0, 0
3537999, 125397, 0, 0
3538999, 117409, 0, 0
3539999, 115791, 0, 0
3540999, 119611, 0, 0
3541999, 133849, 0, 0
3542999, 122166, 0, 0
3543999, 136480, 0, 0
3544999, 133637, 0, 0
3545999, 136344, 0, 0
3546999, 126634, 0, 0
3547999, 126150, 0, 0
3548999, 122434, 0, 0
3549999, 139651, 0, 0
3550999, 127411, 0, 0
3551999, 117001, 0, 0
3553000, 125021, 0, 0
3554000, 119872, 0, 0
3555000, 117900, 0, 0
3556000, 129220, 0, 0
3556999, 125985, 0, 0
3557999, 127327, 0, 0
3558999, 128732, 0, 0
3559999, 122554, 0, 0
3561000, 122388, 0, 0
3561999, 122878, 0, 0
3563000, 127412, 0, 0
3564000, 118376, 0, 0
3565000, 126952, 0, 0
3566000, 122548, 0, 0
3566999, 134266, 0, 0
3567999, 124232, 0, 0
3568999, 114762, 0, 0
3569999, 112316, 0, 0
3570999, 110310, 0, 0
3571999, 114798, 0, 0
3572999, 118442, 0, 0
3573999, 115139, 0, 0
3574999, 121097, 0, 0
3575999, 112860, 0, 0
3576999, 116996, 0, 0
3577999, 111531, 0, 0
3578999, 126930, 0, 0
3579999, 120352, 0, 0
3580999, 124920, 0, 0
3581999, 134378, 0, 0
3582999, 123259, 0, 0
3583999, 125845, 0, 0
3584999, 119927, 0, 0
3585999, 127331, 0, 0
3586999, 127559, 0, 0
3587999, 114954, 0, 0
3588999, 130270, 0, 0
3590000, 116332, 0, 0
3591000, 114802, 0, 0
3592000, 120696, 0, 0
3593000, 113904, 0, 0
3594000, 112704, 0, 0
3595000, 116092, 0, 0
3595999, 117189, 0, 0
3596999, 120036, 0, 0
3598000, 117768, 0, 0
3599000, 118764, 0, 0
3600000, 112920, 0, 0
