1000, 550392, 0, 0
2000, 567091, 0, 0
3000, 561059, 0, 0
4000, 553649, 0, 0
5000, 573557, 0, 0
6000, 582013, 0, 0
7000, 608436, 0, 0
8000, 575669, 0, 0
9000, 552471, 0, 0
10000, 560562, 0, 0
11000, 546208, 0, 0
12000, 547058, 0, 0
13000, 564593, 0, 0
14000, 550965, 0, 0
15000, 571354, 0, 0
16000, 561752, 0, 0
17000, 601583, 0, 0
18000, 633048, 0, 0
19000, 586572, 0, 0
20000, 613860, 0, 0
21000, 573871, 0, 0
22000, 602611, 0, 0
23000, 607199, 0, 0
24000, 586841, 0, 0
25000, 624500, 0, 0
26000, 634179, 0, 0
27000, 617282, 0, 0
28000, 668944, 0, 0
29000, 557619, 0, 0
30000, 553637, 0, 0
31000, 562353, 0, 0
32000, 561508, 0, 0
33000, 564521, 0, 0
34000, 559984, 0, 0
35000, 564418, 0, 0
36000, 567982, 0, 0
37000, 563923, 0, 0
38000, 558796, 0, 0
39000, 567814, 0, 0
40000, 556711, 0, 0
41000, 555006, 0, 0
42000, 556802, 0, 0
43000, 561063, 0, 0
44000, 563079, 0, 0
45000, 555034, 0, 0
46000, 558928, 0, 0
47000, 568886, 0, 0
48000, 550640, 0, 0
49000, 560762, 0, 0
50000, 547545, 0, 0
51000, 566623, 0, 0
52000, 568370, 0, 0
53000, 553501, 0, 0
54000, 568812, 0, 0
55000, 560737, 0, 0
56000, 558687, 0, 0
57000, 562775, 0, 0
58000, 568983, 0, 0
59000, 564185, 0, 0
60000, 563151, 0, 0
61000, 561270, 0, 0
62000, 561898, 0, 0
63000, 552748, 0, 0
64000, 562616, 0, 0
65000, 571238, 0, 0
66000, 551655, 0, 0
67000, 560067, 0, 0
68000, 567399, 0, 0
69000, 563913, 0, 0
70000, 568402, 0, 0
71000, 558935, 0, 0
72000, 554988, 0, 0
73000, 802541, 0, 0
74000, 572596, 0, 0
75000, 554327, 0, 0
76000, 562425, 0, 0
77000, 569858, 0, 0
78000, 566451, 0, 0
79000, 575356, 0, 0
80000, 604562, 0, 0
81000, 559132, 0, 0
82000, 543325, 0, 0
83000, 533650, 0, 0
84000, 569594, 0, 0
85000, 575772, 0, 0
86000, 568112, 0, 0
87000, 557158, 0, 0
88000, 564555, 0, 0
89000, 559366, 0, 0
90000, 552256, 0, 0
91000, 559088, 0, 0
92000, 564045, 0, 0
93000, 549447, 0, 0
94000, 572790, 0, 0
95000, 565935, 0, 0
96000, 557690, 0, 0
97000, 617609, 0, 0
98000, 648634, 0, 0
99000, 561412, 0, 0
100000, 564515, 0, 0
101000, 560549, 0, 0
102000, 574406, 0, 0
103000, 564114, 0, 0
104000, 558728, 0, 0
105000, 563710, 0, 0
106000, 775696, 0, 0
107000, 645058, 0, 0
108000, 553280, 0, 0
109000, 564119, 0, 0
110000, 562737, 0, 0
111000, 577654, 0, 0
112000, 566912, 0, 0
113000, 558482, 0, 0
114000, 563382, 0, 0
115000, 568851, 0, 0
116000, 551752, 0, 0
117000, 627581, 0, 0
118000, 582213, 0, 0
119000, 563436, 0, 0
120000, 563915, 0, 0
121000, 565193, 0, 0
122000, 562995, 0, 0
123000, 570948, 0, 0
124000, 560272, 0, 0
125000, 564960, 0, 0
126000, 564889, 0, 0
127000, 557713, 0, 0
128000, 552765, 0, 0
129000, 555698, 0, 0
130000, 558297, 0, 0
131000, 559069, 0, 0
132000, 569167, 0, 0
133000, 555747, 0, 0
134000, 566214, 0, 0
135000, 549993, 0, 0
136000, 564311, 0, 0
137000, 571031, 0, 0
138000, 569063, 0, 0
139000, 553673, 0, 0
140000, 550274, 0, 0
141000, 561454, 0, 0
142000, 561761, 0, 0
143000, 557359, 0, 0
144000, 557819, 0, 0
145000, 563801, 0, 0
146000, 571726, 0, 0
147000, 556894, 0, 0
148000, 605234, 0, 0
149000, 606695, 0, 0
150000, 568682, 0, 0
151000, 574604, 0, 0
152000, 571642, 0, 0
153000, 559670, 0, 0
154000, 560989, 0, 0
155000, 564649, 0, 0
156000, 553590, 0, 0
157000, 567478, 0, 0
158000, 550704, 0, 0
159000, 562419, 0, 0
160000, 573065, 0, 0
161000, 554572, 0, 0
162023, 569985, 0, 0
163000, 696018, 0, 0
164000, 566862, 0, 0
165000, 558008, 0, 0
166000, 563328, 0, 0
167000, 561647, 0, 0
168000, 541698, 0, 0
169000, 559116, 0, 0
170000, 572551, 0, 0
171000, 557595, 0, 0
172000, 566385, 0, 0
173000, 565716, 0, 0
174000, 637318, 0, 0
175000, 569541, 0, 0
176000, 562396, 0, 0
177000, 557924, 0, 0
178000, 564699, 0, 0
179000, 555923, 0, 0
180000, 559841, 0, 0
181000, 565241, 0, 0
182000, 556508, 0, 0
183000, 556372, 0, 0
184000, 562596, 0, 0
185003, 557769, 0, 0
186000, 561839, 0, 0
187000, 555108, 0, 0
188000, 559484, 0, 0
189000, 559378, 0, 0
190000, 549171, 0, 0
191001, 561942, 0, 0
192000, 561924, 0, 0
193000, 550331, 0, 0
194000, 542808, 0, 0
195001, 553072, 0, 0
196000, 558362, 0, 0
197000, 544407, 0, 0
198000, 555157, 0, 0
199000, 565771, 0, 0
200000, 563659, 0, 0
201000, 559251, 0, 0
202000, 552421, 0, 0
203000, 567078, 0, 0
204000, 563602, 0, 0
205000, 561294, 0, 0
206000, 547543, 0, 0
207000, 651434, 0, 0
208000, 568679, 0, 0
209000, 563609, 0, 0
210000, 564665, 0, 0
211000, 560278, 0, 0
212000, 559060, 0, 0
213000, 562830, 0, 0
214000, 563539, 0, 0
215000, 562981, 0, 0
216000, 565231, 0, 0
217000, 564644, 0, 0
218000, 563475, 0, 0
219000, 565476, 0, 0
220000, 564123, 0, 0
221000, 561552, 0, 0
222000, 553679, 0, 0
223000, 556585, 0, 0
224000, 556698, 0, 0
225000, 567670, 0, 0
226000, 553459, 0, 0
227000, 558715, 0, 0
228000, 559101, 0, 0
229000, 539703, 0, 0
230000, 664904, 0, 0
231000, 569273, 0, 0
232000, 564933, 0, 0
233000, 570284, 0, 0
234000, 556368, 0, 0
235000, 554215, 0, 0
236000, 554442, 0, 0
237000, 553704, 0, 0
238000, 574577, 0, 0
239000, 560536, 0, 0
240000, 554871, 0, 0
241000, 554576, 0, 0
242000, 554961, 0, 0
243000, 578765, 0, 0
244000, 563401, 0, 0
245000, 568571, 0, 0
246000, 552984, 0, 0
247000, 560399, 0, 0
248001, 568681, 0, 0
249000, 549126, 0, 0
250000, 565518, 0, 0
251000, 560472, 0, 0
252000, 633555, 0, 0
253000, 557720, 0, 0
254000, 561099, 0, 0
255000, 552666, 0, 0
256000, 555479, 0, 0
257000, 564768, 0, 0
258000, 575374, 0, 0
259000, 567840, 0, 0
260000, 557133, 0, 0
261000, 553935, 0, 0
262000, 554905, 0, 0
263000, 558110, 0, 0
264000, 560114, 0, 0
265000, 556807, 0, 0
266000, 561993, 0, 0
267000, 560994, 0, 0
268000, 561848, 0, 0
269000, 564744, 0, 0
270001, 555820, 0, 0
271000, 562045, 0, 0
272000, 707530, 0, 0
273000, 567016, 0, 0
274000, 555290, 0, 0
275000, 566146, 0, 0
276000, 562865, 0, 0
277000, 552801, 0, 0
278000, 562009, 0, 0
279000, 551403, 0, 0
280000, 560164, 0, 0
281000, 558112, 0, 0
282000, 556436, 0, 0
283000, 554735, 0, 0
284000, 545838, 0, 0
285000, 553819, 0, 0
286000, 556680, 0, 0
287000, 552939, 0, 0
288000, 564816, 0, 0
289000, 549595, 0, 0
290000, 554533, 0, 0
291000, 549300, 0, 0
292000, 563460, 0, 0
293000, 563421, 0, 0
294000, 563646, 0, 0
295000, 564484, 0, 0
296116, 575026, 0, 0
297000, 695909, 0, 0
298000, 563522, 0, 0
299000, 568393, 0, 0
300000, 563543, 0, 0
301000, 551858, 0, 0
302000, 557185, 0, 0
303000, 553162, 0, 0
304000, 568964, 0, 0
305000, 565095, 0, 0
306000, 576189, 0, 0
307000, 567012, 0, 0
308000, 567563, 0, 0
309000, 558454, 0, 0
310000, 564206, 0, 0
311000, 563075, 0, 0
312000, 558617, 0, 0
313000, 559898, 0, 0
314000, 558867, 0, 0
315000, 572911, 0, 0
316000, 561763, 0, 0
317000, 554118, 0, 0
318000, 560570, 0, 0
319000, 550441, 0, 0
320000, 563841, 0, 0
321000, 551730, 0, 0
322000, 563748, 0, 0
323000, 559760, 0, 0
324000, 552339, 0, 0
325000, 570850, 0, 0
326000, 564289, 0, 0
327000, 556021, 0, 0
328000, 560136, 0, 0
329000, 582445, 0, 0
330000, 558304, 0, 0
331000, 534130, 0, 0
332000, 561053, 0, 0
333000, 562284, 0, 0
334000, 561304, 0, 0
335000, 568576, 0, 0
336000, 567871, 0, 0
337000, 576124, 0, 0
338000, 563817, 0, 0
339000, 556836, 0, 0
340000, 560749, 0, 0
341000, 600151, 0, 0
342000, 569412, 0, 0
343000, 550440, 0, 0
344000, 551074, 0, 0
345000, 548026, 0, 0
346000, 570916, 0, 0
347000, 554392, 0, 0
348000, 553878, 0, 0
349000, 564249, 0, 0
350000, 561617, 0, 0
351000, 568523, 0, 0
352000, 567601, 0, 0
353000, 572444, 0, 0
354000, 558884, 0, 0
355000, 563114, 0, 0
356000, 561415, 0, 0
357000, 566649, 0, 0
358000, 557387, 0, 0
359000, 565053, 0, 0
360000, 666930, 0, 0
361000, 553506, 0, 0
362000, 564285, 0, 0
363000, 570942, 0, 0
364000, 568254, 0, 0
365000, 558790, 0, 0
366000, 568557, 0, 0
367000, 592216, 0, 0
368000, 617266, 0, 0
369001, 688943, 0, 0
370000, 714376, 0, 0
371000, 563024, 0, 0
372000, 561254, 0, 0
373000, 597413, 0, 0
374000, 812472, 0, 0
375000, 560102, 0, 0
376000, 573577, 0, 0
377000, 554165, 0, 0
378000, 555526, 0, 0
379000, 553126, 0, 0
380000, 563123, 0, 0
381000, 565303, 0, 0
382000, 560002, 0, 0
383000, 566544, 0, 0
384000, 566994, 0, 0
385000, 565275, 0, 0
386000, 596656, 0, 0
387000, 573420, 0, 0
388000, 555974, 0, 0
389000, 554363, 0, 0
390000, 559333, 0, 0
391000, 563654, 0, 0
392000, 559812, 0, 0
393000, 567766, 0, 0
394000, 563088, 0, 0
395000, 573111, 0, 0
396000, 555828, 0, 0
397000, 556150, 0, 0
398000, 545222, 0, 0
399000, 554061, 0, 0
400000, 562392, 0, 0
401000, 563949, 0, 0
402000, 552043, 0, 0
403000, 560322, 0, 0
404000, 558489, 0, 0
405000, 559607, 0, 0
406000, 557728, 0, 0
407000, 563855, 0, 0
408000, 558418, 0, 0
409000, 562694, 0, 0
410001, 552690, 0, 0
411000, 561132, 0, 0
412000, 562115, 0, 0
413000, 564945, 0, 0
414000, 571549, 0, 0
415000, 548153, 0, 0
416000, 559616, 0, 0
417000, 561256, 0, 0
418000, 557086, 0, 0
419000, 569326, 0, 0
420000, 549941, 0, 0
421000, 553629, 0, 0
422000, 555417, 0, 0
423000, 561506, 0, 0
424000, 565514, 0, 0
425000, 561960, 0, 0
426000, 547128, 0, 0
427000, 545949, 0, 0
428000, 559744, 0, 0
429000, 558888, 0, 0
430000, 562765, 0, 0
431000, 878522, 0, 0
432000, 566261, 0, 0
433000, 572028, 0, 0
434000, 560836, 0, 0
435000, 559328, 0, 0
436000, 556697, 0, 0
437000, 556371, 0, 0
438000, 562009, 0, 0
439000, 564614, 0, 0
440000, 561497, 0, 0
441000, 562325, 0, 0
442000, 555156, 0, 0
443000, 560502, 0, 0
444000, 567268, 0, 0
445000, 555432, 0, 0
446000, 563774, 0, 0
447000, 556061, 0, 0
448000, 552677, 0, 0
449000, 580109, 0, 0
450000, 626892, 0, 0
451000, 558798, 0, 0
452000, 551196, 0, 0
453000, 550919, 0, 0
454000, 569629, 0, 0
455000, 553949, 0, 0
456000, 565893, 0, 0
457000, 563938, 0, 0
458000, 571087, 0, 0
459000, 558689, 0, 0
460000, 561237, 0, 0
461000, 559775, 0, 0
462000, 552290, 0, 0
463000, 631171, 0, 0
464000, 554940, 0, 0
465000, 557011, 0, 0
466000, 551584, 0, 0
467000, 555406, 0, 0
468000, 560929, 0, 0
469000, 565872, 0, 0
470000, 558249, 0, 0
471000, 565948, 0, 0
472000, 557742, 0, 0
473000, 556561, 0, 0
474000, 558817, 0, 0
475000, 766398, 0, 0
476000, 552686, 0, 0
477000, 561631, 0, 0
478000, 563965, 0, 0
479000, 570810, 0, 0
480000, 553045, 0, 0
481000, 557109, 0, 0
482000, 560048, 0, 0
483000, 562642, 0, 0
484000, 566269, 0, 0
485000, 644894, 0, 0
486000, 567330, 0, 0
487000, 561498, 0, 0
488000, 561351, 0, 0
489000, 565712, 0, 0
490000, 562547, 0, 0
491000, 557118, 0, 0
492000, 558887, 0, 0
493000, 558962, 0, 0
494000, 555835, 0, 0
495000, 553354, 0, 0
496000, 559188, 0, 0
497000, 558543, 0, 0
498000, 561496, 0, 0
499000, 556068, 0, 0
500000, 570070, 0, 0
501000, 557400, 0, 0
502000, 552540, 0, 0
503000, 560776, 0, 0
504000, 547234, 0, 0
505000, 558888, 0, 0
506000, 562593, 0, 0
507000, 551682, 0, 0
508000, 568927, 0, 0
509000, 558568, 0, 0
510000, 552266, 0, 0
511000, 558583, 0, 0
512000, 553842, 0, 0
513000, 562371, 0, 0
514000, 549465, 0, 0
515000, 547741, 0, 0
516000, 553453, 0, 0
517000, 561348, 0, 0
518000, 563569, 0, 0
519000, 561049, 0, 0
520000, 611960, 0, 0
521000, 554692, 0, 0
522000, 553915, 0, 0
523000, 563064, 0, 0
524000, 567535, 0, 0
525000, 556103, 0, 0
526000, 557878, 0, 0
527000, 558450, 0, 0
528000, 555865, 0, 0
529000, 567637, 0, 0
530000, 571788, 0, 0
531000, 556904, 0, 0
532000, 559833, 0, 0
533000, 548732, 0, 0
534000, 559648, 0, 0
535000, 557337, 0, 0
536000, 544342, 0, 0
537119, 567797, 0, 0
538000, 635744, 0, 0
539000, 554223, 0, 0
540000, 560228, 0, 0
541000, 563236, 0, 0
542000, 557587, 0, 0
543000, 558970, 0, 0
544000, 562497, 0, 0
545000, 568334, 0, 0
546000, 565641, 0, 0
547000, 560282, 0, 0
548000, 553727, 0, 0
549000, 563849, 0, 0
550000, 551227, 0, 0
551000, 560454, 0, 0
552000, 571151, 0, 0
553000, 561212, 0, 0
554000, 554984, 0, 0
555000, 562784, 0, 0
556000, 563216, 0, 0
557000, 563785, 0, 0
558000, 636939, 0, 0
559000, 557159, 0, 0
560000, 555516, 0, 0
561000, 570402, 0, 0
562000, 555691, 0, 0
563000, 552817, 0, 0
564012, 586798, 0, 0
565000, 608266, 0, 0
566000, 560549, 0, 0
567000, 549413, 0, 0
568000, 553786, 0, 0
569000, 553727, 0, 0
570000, 549982, 0, 0
571000, 557518, 0, 0
572000, 574093, 0, 0
573000, 556112, 0, 0
574000, 555767, 0, 0
575000, 561471, 0, 0
576000, 567052, 0, 0
577000, 561440, 0, 0
578000, 560821, 0, 0
579000, 563560, 0, 0
580000, 569056, 0, 0
581000, 558659, 0, 0
582000, 553937, 0, 0
583000, 554570, 0, 0
584000, 557032, 0, 0
585000, 566761, 0, 0
586000, 557253, 0, 0
587000, 561958, 0, 0
588000, 573106, 0, 0
589000, 557627, 0, 0
590000, 562655, 0, 0
591000, 558706, 0, 0
592000, 555587, 0, 0
593000, 549091, 0, 0
594000, 553577, 0, 0
595000, 558577, 0, 0
596000, 563900, 0, 0
597000, 554711, 0, 0
598000, 557248, 0, 0
599000, 554553, 0, 0
600000, 558551, 0, 0
601000, 558577, 0, 0
602000, 561093, 0, 0
603000, 559829, 0, 0
604000, 549793, 0, 0
605000, 540857, 0, 0
606000, 560980, 0, 0
607000, 565475, 0, 0
608000, 554898, 0, 0
609000, 746253, 0, 0
610000, 561397, 0, 0
611000, 627850, 0, 0
612000, 557638, 0, 0
613000, 554807, 0, 0
614000, 561885, 0, 0
615000, 563333, 0, 0
616000, 563418, 0, 0
617000, 563496, 0, 0
618000, 559018, 0, 0
619000, 552418, 0, 0
620000, 564169, 0, 0
621000, 563118, 0, 0
622000, 565945, 0, 0
623000, 552456, 0, 0
624000, 561977, 0, 0
625000, 589733, 0, 0
626000, 644147, 0, 0
627000, 593000, 0, 0
628000, 563544, 0, 0
629000, 551412, 0, 0
630000, 566628, 0, 0
631000, 567683, 0, 0
632000, 566971, 0, 0
633000, 766657, 0, 0
634000, 647494, 0, 0
635000, 551615, 0, 0
636000, 548463, 0, 0
637000, 543685, 0, 0
638000, 551221, 0, 0
639000, 559063, 0, 0
640000, 558114, 0, 0
641000, 560243, 0, 0
642000, 558647, 0, 0
643000, 557127, 0, 0
644000, 563190, 0, 0
645000, 558752, 0, 0
646000, 549951, 0, 0
647000, 558530, 0, 0
648000, 573551, 0, 0
649000, 566719, 0, 0
650000, 557828, 0, 0
651000, 560997, 0, 0
652000, 556082, 0, 0
653000, 591086, 0, 0
654000, 656321, 0, 0
655000, 557140, 0, 0
656000, 554159, 0, 0
657000, 553504, 0, 0
658000, 561394, 0, 0
659000, 564094, 0, 0
660000, 562907, 0, 0
661000, 559956, 0, 0
662000, 557635, 0, 0
663000, 569107, 0, 0
664000, 558388, 0, 0
665000, 555734, 0, 0
666000, 555808, 0, 0
667000, 557538, 0, 0
668000, 557130, 0, 0
669000, 559659, 0, 0
670000, 564117, 0, 0
671000, 557709, 0, 0
672000, 559161, 0, 0
673000, 562988, 0, 0
674000, 555203, 0, 0
675000, 562881, 0, 0
676000, 555334, 0, 0
677000, 560051, 0, 0
678000, 559523, 0, 0
679000, 552235, 0, 0
680000, 565019, 0, 0
681000, 564028, 0, 0
682000, 558924, 0, 0
683000, 569153, 0, 0
684000, 542166, 0, 0
685000, 549375, 0, 0
686000, 558108, 0, 0
687000, 563026, 0, 0
688000, 560735, 0, 0
689000, 562510, 0, 0
690000, 550723, 0, 0
691000, 562113, 0, 0
692000, 551763, 0, 0
693000, 567892, 0, 0
694000, 555209, 0, 0
695000, 557448, 0, 0
696000, 560637, 0, 0
697000, 567375, 0, 0
698001, 583095, 0, 0
699000, 601551, 0, 0
700000, 554984, 0, 0
701000, 551203, 0, 0
702000, 555047, 0, 0
703000, 550409, 0, 0
704000, 560168, 0, 0
705000, 565721, 0, 0
706000, 555127, 0, 0
707000, 549929, 0, 0
708000, 557891, 0, 0
709000, 552044, 0, 0
710000, 559253, 0, 0
711000, 560385, 0, 0
712000, 563222, 0, 0
713000, 556452, 0, 0
714000, 552445, 0, 0
715000, 564626, 0, 0
716000, 560947, 0, 0
717000, 560338, 0, 0
718000, 558725, 0, 0
719000, 559018, 0, 0
720000, 549622, 0, 0
721000, 554689, 0, 0
722000, 557541, 0, 0
723000, 555656, 0, 0
724000, 557191, 0, 0
725000, 555667, 0, 0
726000, 562536, 0, 0
727000, 554864, 0, 0
728000, 553065, 0, 0
729000, 569676, 0, 0
730000, 558403, 0, 0
731000, 567853, 0, 0
732000, 635165, 0, 0
733000, 540976, 0, 0
734000, 556848, 0, 0
735000, 559609, 0, 0
736000, 629351, 0, 0
737000, 562585, 0, 0
738000, 564499, 0, 0
739000, 560704, 0, 0
740000, 562576, 0, 0
741000, 565735, 0, 0
742000, 553091, 0, 0
743000, 703015, 0, 0
744000, 560766, 0, 0
745000, 569711, 0, 0
746000, 561897, 0, 0
747000, 560642, 0, 0
748000, 534133, 0, 0
749000, 642869, 0, 0
750000, 563828, 0, 0
751000, 560284, 0, 0
752000, 565391, 0, 0
753000, 567608, 0, 0
754000, 556980, 0, 0
755000, 563446, 0, 0
756000, 568471, 0, 0
757000, 559682, 0, 0
758000, 558295, 0, 0
759000, 558686, 0, 0
760000, 564822, 0, 0
761000, 563253, 0, 0
762000, 552545, 0, 0
763000, 551354, 0, 0
764000, 561631, 0, 0
765000, 565352, 0, 0
766000, 558371, 0, 0
767000, 569376, 0, 0
768000, 561616, 0, 0
769000, 546273, 0, 0
770000, 536980, 0, 0
771000, 560683, 0, 0
772000, 558759, 0, 0
773000, 562131, 0, 0
774000, 559935, 0, 0
775000, 555971, 0, 0
776000, 570279, 0, 0
777000, 549631, 0, 0
778000, 558074, 0, 0
779000, 559038, 0, 0
780000, 562423, 0, 0
781000, 565211, 0, 0
782000, 577001, 0, 0
783002, 554804, 0, 0
784000, 558952, 0, 0
785000, 551909, 0, 0
786000, 558356, 0, 0
787000, 562574, 0, 0
788000, 664453, 0, 0
789000, 561461, 0, 0
790000, 562472, 0, 0
791000, 561210, 0, 0
792000, 564154, 0, 0
793000, 563073, 0, 0
794000, 566932, 0, 0
795000, 573640, 0, 0
796000, 561209, 0, 0
797000, 566609, 0, 0
798000, 564116, 0, 0
799000, 547468, 0, 0
800000, 625365, 0, 0
801000, 583137, 0, 0
802000, 560177, 0, 0
803000, 552508, 0, 0
804000, 555979, 0, 0
805000, 560726, 0, 0
806000, 557273, 0, 0
807000, 552452, 0, 0
808000, 552131, 0, 0
809000, 562734, 0, 0
810000, 559149, 0, 0
811000, 553720, 0, 0
812000, 543791, 0, 0
813000, 564553, 0, 0
814000, 562537, 0, 0
815000, 560129, 0, 0
816000, 576465, 0, 0
817000, 568331, 0, 0
818000, 565468, 0, 0
819000, 555590, 0, 0
820000, 551951, 0, 0
821000, 566335, 0, 0
822000, 554337, 0, 0
823000, 555720, 0, 0
824000, 556588, 0, 0
825000, 560478, 0, 0
826000, 538874, 0, 0
827000, 555032, 0, 0
828000, 555473, 0, 0
829000, 567658, 0, 0
830000, 560024, 0, 0
831000, 558640, 0, 0
832000, 566976, 0, 0
833000, 576674, 0, 0
834000, 554297, 0, 0
835000, 556109, 0, 0
836000, 566607, 0, 0
837000, 552632, 0, 0
838000, 552242, 0, 0
839000, 563449, 0, 0
840000, 553952, 0, 0
841000, 554943, 0, 0
842000, 550203, 0, 0
843000, 566699, 0, 0
844000, 628817, 0, 0
845000, 556451, 0, 0
846000, 564246, 0, 0
847001, 558578, 0, 0
848000, 559895, 0, 0
849000, 551968, 0, 0
850000, 578505, 0, 0
851001, 570017, 0, 0
852000, 551711, 0, 0
853000, 559747, 0, 0
854000, 574164, 0, 0
855000, 551210, 0, 0
856000, 560786, 0, 0
857000, 563624, 0, 0
858000, 563976, 0, 0
859000, 566265, 0, 0
860000, 603693, 0, 0
861000, 601370, 0, 0
862000, 566114, 0, 0
863000, 557424, 0, 0
864000, 557578, 0, 0
865000, 549641, 0, 0
866000, 546815, 0, 0
867000, 527090, 0, 0
868000, 559481, 0, 0
869000, 557185, 0, 0
870000, 554927, 0, 0
871000, 566521, 0, 0
872000, 565354, 0, 0
873000, 564816, 0, 0
874000, 563720, 0, 0
875000, 569763, 0, 0
876000, 561507, 0, 0
877000, 611365, 0, 0
878000, 568119, 0, 0
879000, 565893, 0, 0
880000, 563684, 0, 0
881000, 561810, 0, 0
882000, 564277, 0, 0
883000, 565164, 0, 0
884000, 549976, 0, 0
885000, 568581, 0, 0
886000, 565942, 0, 0
887000, 560138, 0, 0
888000, 562516, 0, 0
889000, 562799, 0, 0
890001, 560242, 0, 0
891000, 558005, 0, 0
892000, 560714, 0, 0
893000, 561835, 0, 0
894000, 562595, 0, 0
895000, 552937, 0, 0
896000, 624211, 0, 0
897000, 785570, 0, 0
898000, 558855, 0, 0
899000, 556323, 0, 0
900000, 567136, 0, 0
901000, 563995, 0, 0
902000, 556664, 0, 0
903000, 563446, 0, 0
904000, 552111, 0, 0
905000, 540792, 0, 0
906000, 563654, 0, 0
907000, 557460, 0, 0
908000, 553227, 0, 0
909000, 562249, 0, 0
910000, 564060, 0, 0
911000, 568843, 0, 0
912000, 565368, 0, 0
913000, 573893, 0, 0
914000, 564009, 0, 0
915000, 557547, 0, 0
916000, 558052, 0, 0
917000, 559448, 0, 0
918000, 567177, 0, 0
919000, 562864, 0, 0
920000, 554656, 0, 0
921058, 563356, 0, 0
922000, 731632, 0, 0
923000, 532511, 0, 0
924000, 557267, 0, 0
925000, 547854, 0, 0
926000, 554119, 0, 0
927000, 558380, 0, 0
928001, 557763, 0, 0
929000, 562919, 0, 0
930000, 567216, 0, 0
931000, 558329, 0, 0
932000, 554233, 0, 0
933000, 567524, 0, 0
934000, 561496, 0, 0
935000, 567128, 0, 0
936000, 553113, 0, 0
937000, 561967, 0, 0
938000, 568888, 0, 0
939000, 623974, 0, 0
940000, 553548, 0, 0
941000, 554950, 0, 0
942000, 553726, 0, 0
943000, 564994, 0, 0
944000, 555959, 0, 0
945000, 562524, 0, 0
946000, 558893, 0, 0
947000, 567425, 0, 0
948000, 566520, 0, 0
949000, 563881, 0, 0
950000, 542135, 0, 0
951000, 547677, 0, 0
952000, 552285, 0, 0
953000, 540887, 0, 0
954000, 547902, 0, 0
955000, 555051, 0, 0
956000, 538638, 0, 0
957000, 537687, 0, 0
958000, 553630, 0, 0
959003, 549232, 0, 0
960000, 544108, 0, 0
961000, 554245, 0, 0
962000, 548218, 0, 0
963000, 546499, 0, 0
964000, 542963, 0, 0
965000, 548360, 0, 0
966030, 572149, 0, 0
967000, 564971, 0, 0
968000, 547506, 0, 0
969000, 549682, 0, 0
970000, 555470, 0, 0
971002, 553202, 0, 0
972000, 547514, 0, 0
973000, 547854, 0, 0
974000, 543066, 0, 0
975000, 547638, 0, 0
976000, 626548, 0, 0
977000, 633081, 0, 0
978000, 546972, 0, 0
979000, 541045, 0, 0
980000, 539957, 0, 0
981000, 548691, 0, 0
982000, 548315, 0, 0
983000, 546581, 0, 0
984000, 540490, 0, 0
985000, 622007, 0, 0
986000, 558229, 0, 0
987000, 553224, 0, 0
988000, 552585, 0, 0
989000, 545818, 0, 0
990000, 540816, 0, 0
991000, 548220, 0, 0
992000, 542988, 0, 0
993000, 539443, 0, 0
994000, 550933, 0, 0
995000, 554120, 0, 0
996000, 535873, 0, 0
997000, 542342, 0, 0
998000, 547365, 0, 0
999000, 548445, 0, 0
1000000, 551505, 0, 0
1001001, 543112, 0, 0
1002000, 545663, 0, 0
1003000, 537291, 0, 0
1004000, 554130, 0, 0
1005000, 535959, 0, 0
1006000, 541072, 0, 0
1007000, 543155, 0, 0
1008000, 551469, 0, 0
1009000, 550236, 0, 0
1010000, 551286, 0, 0
1011000, 594423, 0, 0
1012000, 546575, 0, 0
1013000, 544664, 0, 0
1014000, 536545, 0, 0
1015001, 547715, 0, 0
1016001, 545979, 0, 0
1017000, 546569, 0, 0
1018000, 543921, 0, 0
1019000, 539218, 0, 0
1020000, 550829, 0, 0
1021000, 547294, 0, 0
1022000, 545071, 0, 0
1023000, 546220, 0, 0
1024000, 551649, 0, 0
1025000, 546902, 0, 0
1026000, 552346, 0, 0
1027000, 553215, 0, 0
1028000, 544431, 0, 0
1029000, 551971, 0, 0
1030000, 551470, 0, 0
1031000, 544579, 0, 0
1032000, 545414, 0, 0
1033001, 607527, 0, 0
1034000, 563266, 0, 0
1035000, 545580, 0, 0
1036000, 548067, 0, 0
1037000, 555977, 0, 0
1038000, 544307, 0, 0
1039000, 544346, 0, 0
1040000, 549260, 0, 0
1041000, 545618, 0, 0
1042000, 547821, 0, 0
1043000, 600907, 0, 0
1044000, 545212, 0, 0
1045000, 549180, 0, 0
1046000, 549254, 0, 0
1047000, 550892, 0, 0
1048000, 536417, 0, 0
1049000, 540496, 0, 0
1050000, 547175, 0, 0
1051000, 562587, 0, 0
1052000, 549065, 0, 0
1053000, 545840, 0, 0
1054000, 543109, 0, 0
1055026, 548981, 0, 0
1056000, 587055, 0, 0
1057000, 546687, 0, 0
1058000, 545934, 0, 0
1059000, 542921, 0, 0
1060000, 546783, 0, 0
1061000, 548127, 0, 0
1062000, 547558, 0, 0
1063000, 545187, 0, 0
1064000, 545052, 0, 0
1065000, 552905, 0, 0
1066000, 564651, 0, 0
1067000, 542229, 0, 0
1068000, 555843, 0, 0
1069000, 555844, 0, 0
1070000, 559741, 0, 0
1071000, 552218, 0, 0
1072000, 573790, 0, 0
1073000, 550841, 0, 0
1074000, 554762, 0, 0
1075000, 568712, 0, 0
1076000, 556197, 0, 0
1077000, 558244, 0, 0
1078000, 566474, 0, 0
1079000, 557998, 0, 0
1080000, 570622, 0, 0
1081000, 561738, 0, 0
1082000, 568069, 0, 0
1083000, 572669, 0, 0
1084000, 563531, 0, 0
1085000, 563743, 0, 0
1086000, 569927, 0, 0
1087000, 562630, 0, 0
1088000, 560288, 0, 0
1089000, 555917, 0, 0
1090000, 553389, 0, 0
1091000, 557407, 0, 0
1092000, 567120, 0, 0
1093000, 560169, 0, 0
1094000, 569907, 0, 0
1095000, 558907, 0, 0
1096000, 535549, 0, 0
1097000, 558495, 0, 0
1098000, 560887, 0, 0
1099000, 559194, 0, 0
1100000, 578346, 0, 0
1101000, 583939, 0, 0
1102000, 557016, 0, 0
1103000, 551439, 0, 0
1104000, 553636, 0, 0
1105001, 562640, 0, 0
1106000, 561625, 0, 0
1107000, 562303, 0, 0
1108000, 560941, 0, 0
1109000, 560765, 0, 0
1110000, 633753, 0, 0
1111000, 560838, 0, 0
1112000, 567720, 0, 0
1113000, 553902, 0, 0
1114000, 559151, 0, 0
1115000, 560369, 0, 0
1116000, 559401, 0, 0
1117000, 567739, 0, 0
1118000, 552196, 0, 0
1119000, 555446, 0, 0
1120000, 562694, 0, 0
1121000, 560474, 0, 0
1122000, 556515, 0, 0
1123000, 561506, 0, 0
1124000, 564729, 0, 0
1125000, 561498, 0, 0
1126000, 547394, 0, 0
1127000, 561594, 0, 0
1128001, 631927, 0, 0
1129000, 551952, 0, 0
1130000, 526323, 0, 0
1131000, 553888, 0, 0
1132000, 563715, 0, 0
1133000, 564482, 0, 0
1134000, 560806, 0, 0
1135000, 559113, 0, 0
1136000, 554478, 0, 0
1137000, 537171, 0, 0
1138000, 554106, 0, 0
1139000, 563605, 0, 0
1140000, 553979, 0, 0
1141000, 560334, 0, 0
1142000, 559995, 0, 0
1143000, 558893, 0, 0
1144000, 562517, 0, 0
1145001, 566885, 0, 0
1146000, 596153, 0, 0
1147000, 567803, 0, 0
1148000, 571841, 0, 0
1149000, 557061, 0, 0
1150000, 562177, 0, 0
1151000, 566292, 0, 0
1152000, 558146, 0, 0
1153001, 639050, 0, 0
1154000, 563634, 0, 0
1155000, 554492, 0, 0
1156000, 565734, 0, 0
1157000, 562792, 0, 0
1158000, 569971, 0, 0
1159000, 568050, 0, 0
1160000, 561448, 0, 0
1161000, 559571, 0, 0
1162000, 561788, 0, 0
1163000, 563283, 0, 0
1164001, 820092, 0, 0
1165000, 600352, 0, 0
1166000, 560510, 0, 0
1167000, 557140, 0, 0
1168000, 558554, 0, 0
1169000, 558012, 0, 0
1170000, 562169, 0, 0
1171000, 552423, 0, 0
1172000, 558315, 0, 0
1173000, 558629, 0, 0
1174000, 554530, 0, 0
1175000, 564401, 0, 0
1176000, 566265, 0, 0
1177000, 563216, 0, 0
1178000, 565919, 0, 0
1179000, 558928, 0, 0
1180000, 568734, 0, 0
1181000, 563660, 0, 0
1182000, 570951, 0, 0
1183000, 557378, 0, 0
1184000, 561701, 0, 0
1185000, 567904, 0, 0
1186000, 571807, 0, 0
1187000, 557761, 0, 0
1188000, 562657, 0, 0
1189000, 564840, 0, 0
1190000, 736230, 0, 0
1191000, 555806, 0, 0
1192000, 558760, 0, 0
1193000, 570349, 0, 0
1194000, 568222, 0, 0
1195000, 561479, 0, 0
1196000, 569132, 0, 0
1197000, 563248, 0, 0
1198000, 563934, 0, 0
1199000, 561104, 0, 0
1200000, 564151, 0, 0
1201000, 555839, 0, 0
1202000, 557951, 0, 0
1203000, 563783, 0, 0
1204000, 565992, 0, 0
1205000, 562830, 0, 0
1206000, 551294, 0, 0
1207000, 553825, 0, 0
1208000, 567733, 0, 0
1209000, 567966, 0, 0
1210000, 573828, 0, 0
1211000, 561475, 0, 0
1212000, 560557, 0, 0
1213000, 556945, 0, 0
1214000, 564523, 0, 0
1215000, 566093, 0, 0
1216000, 559940, 0, 0
1217000, 566883, 0, 0
1218000, 556100, 0, 0
1219000, 554551, 0, 0
1220000, 564577, 0, 0
1221000, 562660, 0, 0
1222000, 561557, 0, 0
1223000, 639893, 0, 0
1224000, 559347, 0, 0
1225000, 571808, 0, 0
1226000, 558868, 0, 0
1227000, 560874, 0, 0
1228000, 557640, 0, 0
1229000, 557216, 0, 0
1230000, 564450, 0, 0
1231000, 558235, 0, 0
1232000, 557117, 0, 0
1233000, 581749, 0, 0
1234000, 591077, 0, 0
1235000, 599458, 0, 0
1236000, 564338, 0, 0
1237000, 564674, 0, 0
1238000, 560961, 0, 0
1239000, 557968, 0, 0
1240000, 559396, 0, 0
1241000, 562590, 0, 0
1242000, 559111, 0, 0
1243000, 557305, 0, 0
1244000, 564051, 0, 0
1245000, 565628, 0, 0
1246000, 558441, 0, 0
1247000, 558943, 0, 0
1248000, 561503, 0, 0
1249000, 565689, 0, 0
1250000, 563080, 0, 0
1251000, 563865, 0, 0
1252000, 561952, 0, 0
1253000, 560289, 0, 0
1254000, 567179, 0, 0
1255000, 572556, 0, 0
1256000, 567388, 0, 0
1257000, 553971, 0, 0
1258000, 564966, 0, 0
1259000, 566173, 0, 0
1260000, 559082, 0, 0
1261000, 573447, 0, 0
1262000, 570121, 0, 0
1263000, 569612, 0, 0
1264000, 574874, 0, 0
1265000, 568348, 0, 0
1266000, 568269, 0, 0
1267000, 557804, 0, 0
1268000, 562171, 0, 0
1269000, 561658, 0, 0
1270001, 563518, 0, 0
1271000, 560766, 0, 0
1272000, 552887, 0, 0
1273000, 556261, 0, 0
1274000, 563580, 0, 0
1275000, 555629, 0, 0
1276000, 551932, 0, 0
1277000, 559351, 0, 0
1278000, 559566, 0, 0
1279000, 629961, 0, 0
1280000, 568530, 0, 0
1281000, 558804, 0, 0
1282000, 560321, 0, 0
1283000, 556069, 0, 0
1284000, 562683, 0, 0
1285000, 570260, 0, 0
1286000, 567507, 0, 0
1287000, 553753, 0, 0
1288000, 561864, 0, 0
1289000, 561117, 0, 0
1290000, 558102, 0, 0
1291000, 566479, 0, 0
1292000, 559492, 0, 0
1293000, 572456, 0, 0
1294000, 558516, 0, 0
1295000, 565664, 0, 0
1296000, 566015, 0, 0
1297000, 559562, 0, 0
1298000, 573778, 0, 0
1299000, 562485, 0, 0
1300000, 566075, 0, 0
1301000, 576935, 0, 0
1302000, 565883, 0, 0
1303000, 568456, 0, 0
1304000, 559445, 0, 0
1305000, 570998, 0, 0
1306000, 554073, 0, 0
1307000, 555176, 0, 0
1308000, 569505, 0, 0
1309000, 555768, 0, 0
1310000, 566810, 0, 0
1311000, 571280, 0, 0
1312000, 550565, 0, 0
1313000, 574062, 0, 0
1314001, 607053, 0, 0
1315000, 625825, 0, 0
1316000, 573565, 0, 0
1317000, 578807, 0, 0
1318000, 609568, 0, 0
1319000, 557582, 0, 0
1320000, 556323, 0, 0
1321000, 553752, 0, 0
1322000, 564489, 0, 0
1323000, 564529, 0, 0
1324000, 676862, 0, 0
1325000, 565060, 0, 0
1326000, 565436, 0, 0
1327001, 576504, 0, 0
1328000, 643843, 0, 0
1329000, 569187, 0, 0
1330000, 567987, 0, 0
1331000, 560177, 0, 0
1332000, 557327, 0, 0
1333000, 566789, 0, 0
1334000, 553105, 0, 0
1335000, 565441, 0, 0
1336000, 573771, 0, 0
1337000, 571073, 0, 0
1338000, 550039, 0, 0
1339000, 554898, 0, 0
1340000, 567002, 0, 0
1341000, 562617, 0, 0
1342000, 558150, 0, 0
1343000, 560432, 0, 0
1344000, 569132, 0, 0
1345000, 564588, 0, 0
1346000, 555417, 0, 0
1347000, 560601, 0, 0
1348000, 560279, 0, 0
1349000, 551103, 0, 0
1350000, 560433, 0, 0
1351000, 557720, 0, 0
1352000, 571608, 0, 0
1353000, 559951, 0, 0
1354000, 562483, 0, 0
1355000, 568445, 0, 0
1356000, 553235, 0, 0
1357000, 567449, 0, 0
1358000, 568861, 0, 0
1359000, 650788, 0, 0
1360000, 569664, 0, 0
1361000, 562078, 0, 0
1362000, 554311, 0, 0
1363000, 565151, 0, 0
1364000, 565458, 0, 0
1365000, 566249, 0, 0
1366000, 570565, 0, 0
1367000, 554338, 0, 0
1368071, 567160, 0, 0
1369000, 615707, 0, 0
1370000, 565785, 0, 0
1371000, 555505, 0, 0
1372000, 569525, 0, 0
1373000, 568994, 0, 0
1374000, 558803, 0, 0
1375000, 567323, 0, 0
1376000, 560899, 0, 0
1377000, 574924, 0, 0
1378000, 557867, 0, 0
1379000, 553431, 0, 0
1380000, 555591, 0, 0
1381000, 563287, 0, 0
1382000, 563595, 0, 0
1383000, 574155, 0, 0
1384000, 562469, 0, 0
1385000, 562524, 0, 0
1386000, 560917, 0, 0
1387000, 548584, 0, 0
1388000, 545254, 0, 0
1389000, 561472, 0, 0
1390000, 569178, 0, 0
1391000, 530991, 0, 0
1392000, 558141, 0, 0
1393000, 559554, 0, 0
1394000, 564451, 0, 0
1395000, 561061, 0, 0
1396000, 564763, 0, 0
1397000, 567526, 0, 0
1398000, 562259, 0, 0
1399000, 568619, 0, 0
1400000, 571035, 0, 0
1401000, 564763, 0, 0
1402000, 566360, 0, 0
1403000, 555205, 0, 0
1404000, 566681, 0, 0
1405000, 567264, 0, 0
1406000, 558433, 0, 0
1407000, 568409, 0, 0
1408000, 576754, 0, 0
1409000, 568429, 0, 0
1410000, 564327, 0, 0
1411000, 567986, 0, 0
1412000, 626745, 0, 0
1413000, 679146, 0, 0
1414000, 564686, 0, 0
1415000, 560510, 0, 0
1416000, 564745, 0, 0
1417000, 562329, 0, 0
1418000, 564697, 0, 0
1419000, 566839, 0, 0
1420000, 567310, 0, 0
1421000, 566087, 0, 0
1422000, 563179, 0, 0
1423000, 558172, 0, 0
1424000, 570007, 0, 0
1425000, 579546, 0, 0
1426000, 668945, 0, 0
1427000, 718690, 0, 0
1428001, 565180, 0, 0
1429001, 566110, 0, 0
1430000, 570813, 0, 0
1431000, 667800, 0, 0
1432000, 796284, 0, 0
1433000, 561964, 0, 0
1434000, 568051, 0, 0
1435000, 569234, 0, 0
1436000, 565496, 0, 0
1437000, 567163, 0, 0
1438000, 568431, 0, 0
1439000, 551847, 0, 0
1440000, 556538, 0, 0
1441000, 553135, 0, 0
1442000, 543322, 0, 0
1443000, 555006, 0, 0
1444000, 565856, 0, 0
1445000, 564544, 0, 0
1446000, 568851, 0, 0
1447000, 558519, 0, 0
1448000, 576861, 0, 0
1449000, 558970, 0, 0
1450000, 562748, 0, 0
1451000, 560958, 0, 0
1452000, 547219, 0, 0
1453000, 559052, 0, 0
1454000, 566480, 0, 0
1455000, 556528, 0, 0
1456000, 572743, 0, 0
1457047, 580629, 0, 0
1458000, 666020, 0, 0
1459000, 563729, 0, 0
1460000, 557908, 0, 0
1461000, 555700, 0, 0
1462000, 575463, 0, 0
1463000, 556893, 0, 0
1464000, 573802, 0, 0
1465001, 558747, 0, 0
1466000, 556716, 0, 0
1467000, 557882, 0, 0
1468000, 562608, 0, 0
1469000, 560230, 0, 0
1470000, 560266, 0, 0
1471000, 561650, 0, 0
1472000, 558417, 0, 0
1473000, 568559, 0, 0
1474000, 558971, 0, 0
1475000, 556703, 0, 0
1476000, 562508, 0, 0
1477000, 576433, 0, 0
1478000, 564547, 0, 0
1479000, 555218, 0, 0
1480000, 564770, 0, 0
1481000, 564492, 0, 0
1482000, 567525, 0, 0
1483000, 640624, 0, 0
1484000, 578664, 0, 0
1485000, 562146, 0, 0
1486000, 565236, 0, 0
1487000, 566068, 0, 0
1488000, 561242, 0, 0
1489000, 547353, 0, 0
1490000, 546575, 0, 0
1491000, 562800, 0, 0
1492000, 555172, 0, 0
1493000, 558777, 0, 0
1494000, 564548, 0, 0
1495000, 557381, 0, 0
1496000, 571421, 0, 0
1497000, 565556, 0, 0
1498000, 564152, 0, 0
1499003, 568129, 0, 0
1500000, 571085, 0, 0
1501000, 566563, 0, 0
1502000, 584734, 0, 0
1503000, 651750, 0, 0
1504000, 590983, 0, 0
1505000, 571224, 0, 0
1506000, 559858, 0, 0
1507000, 646165, 0, 0
1508000, 561508, 0, 0
1509000, 554342, 0, 0
1510000, 557976, 0, 0
1511000, 560056, 0, 0
1512000, 557631, 0, 0
1513000, 559692, 0, 0
1514000, 565617, 0, 0
1515001, 557790, 0, 0
1516000, 571868, 0, 0
1517000, 566354, 0, 0
1518000, 568162, 0, 0
1519000, 559199, 0, 0
1520000, 567711, 0, 0
1521000, 572162, 0, 0
1522000, 563791, 0, 0
1523000, 566363, 0, 0
1524000, 562620, 0, 0
1525000, 559160, 0, 0
1526000, 556167, 0, 0
1527000, 570462, 0, 0
1528000, 569266, 0, 0
1529000, 555938, 0, 0
1530000, 568235, 0, 0
1531000, 570921, 0, 0
1532000, 556519, 0, 0
1533000, 559438, 0, 0
1534000, 564462, 0, 0
1535000, 562478, 0, 0
1536000, 565791, 0, 0
1537000, 568070, 0, 0
1538000, 562185, 0, 0
1539000, 553876, 0, 0
1540000, 563567, 0, 0
1541000, 552236, 0, 0
1542000, 561941, 0, 0
1543000, 570426, 0, 0
1544000, 569004, 0, 0
1545000, 546636, 0, 0
1546000, 554765, 0, 0
1547000, 743206, 0, 0
1548000, 557257, 0, 0
1549000, 558744, 0, 0
1550000, 567850, 0, 0
1551000, 566822, 0, 0
1552000, 563690, 0, 0
1553000, 570350, 0, 0
1554000, 574440, 0, 0
1555000, 567065, 0, 0
1556000, 560955, 0, 0
1557000, 573105, 0, 0
1558000, 558970, 0, 0
1559000, 555347, 0, 0
1560000, 556875, 0, 0
1561000, 556821, 0, 0
1562000, 574912, 0, 0
1563000, 550881, 0, 0
1564000, 559446, 0, 0
1565000, 561400, 0, 0
1566000, 567664, 0, 0
1567000, 564140, 0, 0
1568000, 574179, 0, 0
1569000, 560685, 0, 0
1570000, 566347, 0, 0
1571000, 564454, 0, 0
1572000, 564299, 0, 0
1573000, 569142, 0, 0
1574000, 545540, 0, 0
1575000, 561433, 0, 0
1576000, 565865, 0, 0
1577000, 559334, 0, 0
1578000, 571995, 0, 0
1579000, 571370, 0, 0
1580000, 557796, 0, 0
1581000, 561969, 0, 0
1582000, 564295, 0, 0
1583000, 563251, 0, 0
1584000, 562460, 0, 0
1585000, 570905, 0, 0
1586000, 564802, 0, 0
1587000, 569999, 0, 0
1588000, 565366, 0, 0
1589000, 572166, 0, 0
1590000, 562342, 0, 0
1591025, 676720, 0, 0
1592000, 561125, 0, 0
1593000, 559885, 0, 0
1594000, 556873, 0, 0
1595000, 562735, 0, 0
1596000, 557427, 0, 0
1597000, 575100, 0, 0
1598000, 571877, 0, 0
1599000, 568895, 0, 0
1600000, 623246, 0, 0
1601000, 626142, 0, 0
1602000, 554309, 0, 0
1603000, 558063, 0, 0
1604000, 566572, 0, 0
1605000, 564866, 0, 0
1606000, 567421, 0, 0
1607000, 649829, 0, 0
1608000, 562044, 0, 0
1609000, 557622, 0, 0
1610000, 559081, 0, 0
1611000, 561457, 0, 0
1612000, 562046, 0, 0
1613000, 561140, 0, 0
1614000, 569001, 0, 0
1615000, 567155, 0, 0
1616000, 569203, 0, 0
1617000, 557081, 0, 0
1618000, 561239, 0, 0
1619000, 552357, 0, 0
1620000, 563955, 0, 0
1621000, 564869, 0, 0
1622000, 563814, 0, 0
1623000, 553362, 0, 0
1624000, 560117, 0, 0
1625000, 558423, 0, 0
1626000, 571662, 0, 0
1627000, 561119, 0, 0
1628000, 557434, 0, 0
1629000, 566455, 0, 0
1630000, 571624, 0, 0
1631000, 559373, 0, 0
1632000, 560800, 0, 0
1633000, 568105, 0, 0
1634000, 568840, 0, 0
1635000, 552307, 0, 0
1636000, 678880, 0, 0
1637000, 572914, 0, 0
1638000, 556876, 0, 0
1639000, 562100, 0, 0
1640000, 566188, 0, 0
1641000, 544870, 0, 0
1642001, 592155, 0, 0
1643000, 615256, 0, 0
1644000, 568907, 0, 0
1645000, 571679, 0, 0
1646000, 569654, 0, 0
1647000, 559934, 0, 0
1648000, 568440, 0, 0
1649000, 565293, 0, 0
1650000, 565105, 0, 0
1651000, 564935, 0, 0
1652000, 569187, 0, 0
1653000, 551425, 0, 0
1654000, 543582, 0, 0
1655000, 573822, 0, 0
1656000, 566806, 0, 0
1657000, 557340, 0, 0
1658000, 553721, 0, 0
1659000, 570712, 0, 0
1660000, 565228, 0, 0
1661000, 571696, 0, 0
1662000, 560844, 0, 0
1663000, 559816, 0, 0
1664000, 564963, 0, 0
1665000, 553321, 0, 0
1666000, 551749, 0, 0
1667000, 562513, 0, 0
1668000, 570879, 0, 0
1669000, 564383, 0, 0
1670000, 562847, 0, 0
1671000, 562169, 0, 0
1672000, 569434, 0, 0
1673000, 565578, 0, 0
1674000, 565547, 0, 0
1675000, 560526, 0, 0
1676000, 567559, 0, 0
1677000, 558752, 0, 0
1678000, 647847, 0, 0
1679000, 584476, 0, 0
1680092, 600786, 0, 0
1681000, 582785, 0, 0
1682000, 562399, 0, 0
1683000, 564136, 0, 0
1684000, 557270, 0, 0
1685000, 568031, 0, 0
1686000, 555586, 0, 0
1687000, 563970, 0, 0
1688000, 580920, 0, 0
1689000, 567026, 0, 0
1690000, 851843, 0, 0
1691000, 586331, 0, 0
1692000, 566484, 0, 0
1693000, 559438, 0, 0
1694000, 561660, 0, 0
1695000, 610949, 0, 0
1696000, 592483, 0, 0
1697000, 572055, 0, 0
1698000, 573322, 0, 0
1699000, 572312, 0, 0
1700000, 560804, 0, 0
1701000, 572198, 0, 0
1702000, 566699, 0, 0
1703000, 565807, 0, 0
1704000, 564566, 0, 0
1705000, 561635, 0, 0
1706000, 570752, 0, 0
1707000, 548747, 0, 0
1708000, 571474, 0, 0
1709000, 564260, 0, 0
1710000, 550485, 0, 0
1711000, 566573, 0, 0
1712000, 557290, 0, 0
1713000, 561534, 0, 0
1714000, 557450, 0, 0
1715000, 558616, 0, 0
1716000, 570371, 0, 0
1717000, 561374, 0, 0
1718000, 560687, 0, 0
1719000, 566574, 0, 0
1720000, 563250, 0, 0
1721000, 566625, 0, 0
1722000, 567732, 0, 0
1723000, 558177, 0, 0
1724000, 552971, 0, 0
1725000, 742539, 0, 0
1726000, 562085, 0, 0
1727000, 555377, 0, 0
1728000, 561838, 0, 0
1729000, 561424, 0, 0
1730000, 555776, 0, 0
1731001, 646515, 0, 0
1732000, 555900, 0, 0
1733000, 566515, 0, 0
1734000, 568288, 0, 0
1735000, 568814, 0, 0
1736000, 562309, 0, 0
1737000, 567272, 0, 0
1738000, 559096, 0, 0
1739000, 566242, 0, 0
1740000, 560753, 0, 0
1741000, 563227, 0, 0
1742000, 562864, 0, 0
1743000, 566917, 0, 0
1744000, 555732, 0, 0
1745000, 563976, 0, 0
1746000, 554929, 0, 0
1747000, 557428, 0, 0
1748000, 562172, 0, 0
1749000, 564649, 0, 0
1750000, 559453, 0, 0
1751000, 545530, 0, 0
1752000, 565278, 0, 0
1753000, 568367, 0, 0
1754000, 557638, 0, 0
1755000, 564221, 0, 0
1756000, 552865, 0, 0
1757000, 553062, 0, 0
1758000, 563703, 0, 0
1759000, 563846, 0, 0
1760000, 562880, 0, 0
1761000, 570240, 0, 0
1762000, 564087, 0, 0
1763000, 559115, 0, 0
1764000, 563310, 0, 0
1765000, 564860, 0, 0
1766000, 560566, 0, 0
1767000, 563947, 0, 0
1768000, 576429, 0, 0
1769028, 573703, 0, 0
1770000, 657230, 0, 0
1771000, 552389, 0, 0
1772000, 566958, 0, 0
1773000, 559799, 0, 0
1774000, 571570, 0, 0
1775000, 566174, 0, 0
1776000, 553206, 0, 0
1777000, 559374, 0, 0
1778000, 563031, 0, 0
1779000, 565388, 0, 0
1780000, 554057, 0, 0
1781000, 564033, 0, 0
1782000, 559964, 0, 0
1783000, 562246, 0, 0
1784000, 569924, 0, 0
1785000, 563343, 0, 0
1786000, 555185, 0, 0
1787000, 532531, 0, 0
1788000, 556765, 0, 0
1789000, 567354, 0, 0
1790000, 619609, 0, 0
1791000, 572291, 0, 0
1792000, 559350, 0, 0
1793000, 567965, 0, 0
1794000, 557510, 0, 0
1795000, 542349, 0, 0
1796000, 546876, 0, 0
1797000, 563892, 0, 0
1798000, 564540, 0, 0
1799000, 563782, 0, 0
1800000, 564318, 0, 0
1801000, 561046, 0, 0
1802000, 559713, 0, 0
1803000, 568270, 0, 0
1804000, 570987, 0, 0
1805000, 560752, 0, 0
1806000, 567692, 0, 0
1807000, 567754, 0, 0
1808000, 569378, 0, 0
1809000, 573497, 0, 0
1810000, 556760, 0, 0
1811000, 562052, 0, 0
1812000, 571493, 0, 0
1813001, 567242, 0, 0
1814034, 574665, 0, 0
1815000, 650594, 0, 0
1816000, 562885, 0, 0
1817000, 549944, 0, 0
1818000, 556676, 0, 0
1819000, 556643, 0, 0
1820000, 577635, 0, 0
1821000, 573425, 0, 0
1822000, 568311, 0, 0
1823000, 558606, 0, 0
1824000, 561497, 0, 0
1825000, 560004, 0, 0
1826000, 538355, 0, 0
1827000, 557840, 0, 0
1828000, 558091, 0, 0
1829000, 563980, 0, 0
1830000, 568205, 0, 0
1831000, 560356, 0, 0
1832000, 568870, 0, 0
1833000, 570632, 0, 0
1834000, 562441, 0, 0
1835000, 560184, 0, 0
1836000, 566544, 0, 0
1837000, 557106, 0, 0
1838000, 562313, 0, 0
1839000, 560295, 0, 0
1840000, 559512, 0, 0
1841000, 564767, 0, 0
1842000, 554458, 0, 0
1843000, 565531, 0, 0
1844000, 552124, 0, 0
1845000, 560114, 0, 0
1846000, 567377, 0, 0
1847000, 561126, 0, 0
1848000, 554771, 0, 0
1849000, 562555, 0, 0
1850000, 560557, 0, 0
1851000, 569069, 0, 0
1852000, 555470, 0, 0
1853000, 552400, 0, 0
1854000, 688647, 0, 0
1855004, 601457, 0, 0
1856000, 603524, 0, 0
1857000, 563647, 0, 0
1858000, 570182, 0, 0
1859000, 631163, 0, 0
1860000, 668438, 0, 0
1861000, 558448, 0, 0
1862000, 566432, 0, 0
1863000, 559415, 0, 0
1864000, 563746, 0, 0
1865000, 567705, 0, 0
1866000, 559465, 0, 0
1867000, 572842, 0, 0
1868000, 560397, 0, 0
1869000, 568960, 0, 0
1870000, 563903, 0, 0
1871000, 557826, 0, 0
1872000, 565086, 0, 0
1873000, 562161, 0, 0
1874000, 572113, 0, 0
1875000, 559913, 0, 0
1876000, 555305, 0, 0
1877000, 567228, 0, 0
1878000, 552894, 0, 0
1879000, 564923, 0, 0
1880000, 557499, 0, 0
1881000, 567114, 0, 0
1882000, 555763, 0, 0
1883000, 547038, 0, 0
1884000, 621275, 0, 0
1885000, 567356, 0, 0
1886000, 553045, 0, 0
1887000, 563288, 0, 0
1888000, 564008, 0, 0
1889000, 562838, 0, 0
1890000, 565013, 0, 0
1891000, 569968, 0, 0
1892000, 548487, 0, 0
1893000, 557396, 0, 0
1894000, 567018, 0, 0
1895000, 568013, 0, 0
1896000, 560954, 0, 0
1897000, 568447, 0, 0
1898000, 556237, 0, 0
1899000, 545080, 0, 0
1900000, 566021, 0, 0
1901000, 566321, 0, 0
1902000, 565481, 0, 0
1903000, 584864, 0, 0
1904000, 806815, 0, 0
1905000, 566847, 0, 0
1906000, 568129, 0, 0
1907000, 562817, 0, 0
1908000, 568462, 0, 0
1909000, 564168, 0, 0
1910000, 562813, 0, 0
1911000, 564646, 0, 0
1912000, 562826, 0, 0
1913000, 555867, 0, 0
1914000, 531264, 0, 0
1915000, 561431, 0, 0
1916000, 560087, 0, 0
1917000, 562896, 0, 0
1918000, 555642, 0, 0
1919000, 561325, 0, 0
1920000, 569846, 0, 0
1921001, 559612, 0, 0
1922000, 559910, 0, 0
1923000, 575089, 0, 0
1924000, 570183, 0, 0
1925000, 561226, 0, 0
1926000, 566355, 0, 0
1927000, 563416, 0, 0
1928000, 611432, 0, 0
1929000, 567052, 0, 0
1930000, 548078, 0, 0
1931000, 571683, 0, 0
1932000, 569930, 0, 0
1933000, 567650, 0, 0
1934000, 562711, 0, 0
1935000, 565232, 0, 0
1936000, 551439, 0, 0
1937000, 559166, 0, 0
1938000, 564761, 0, 0
1939000, 569959, 0, 0
1940000, 567989, 0, 0
1941000, 555101, 0, 0
1942000, 566348, 0, 0
1943000, 571002, 0, 0
1944000, 566567, 0, 0
1945000, 545553, 0, 0
1946000, 562337, 0, 0
1947000, 555830, 0, 0
1948009, 560444, 0, 0
1949000, 669492, 0, 0
1950000, 565567, 0, 0
1951000, 553143, 0, 0
1952000, 561283, 0, 0
1953000, 597820, 0, 0
1954000, 865464, 0, 0
1955000, 553377, 0, 0
1956000, 559733, 0, 0
1957000, 561382, 0, 0
1958000, 558351, 0, 0
1959000, 564374, 0, 0
1960000, 564312, 0, 0
1961000, 563581, 0, 0
1962000, 559943, 0, 0
1963000, 556985, 0, 0
1964000, 572095, 0, 0
1965000, 576879, 0, 0
1966000, 566600, 0, 0
1967000, 561694, 0, 0
1968000, 562782, 0, 0
1969000, 568582, 0, 0
1970000, 557733, 0, 0
1971000, 565258, 0, 0
1972000, 563111, 0, 0
1973000, 572192, 0, 0
1974000, 570932, 0, 0
1975000, 558758, 0, 0
1976000, 562214, 0, 0
1977000, 558818, 0, 0
1978000, 567616, 0, 0
1979000, 641646, 0, 0
1980000, 572853, 0, 0
1981000, 625698, 0, 0
1982000, 559500, 0, 0
1983000, 560439, 0, 0
1984000, 554197, 0, 0
1985000, 556019, 0, 0
1986000, 577627, 0, 0
1987000, 561195, 0, 0
1988000, 562200, 0, 0
1989000, 562734, 0, 0
1990000, 563247, 0, 0
1991000, 564469, 0, 0
1992000, 561790, 0, 0
1993000, 640150, 0, 0
1994000, 562046, 0, 0
1995001, 558909, 0, 0
1996000, 560202, 0, 0
1997000, 556516, 0, 0
1998000, 566034, 0, 0
1999000, 567800, 0, 0
2000000, 568254, 0, 0
2001000, 561693, 0, 0
2002000, 559179, 0, 0
2003000, 562979, 0, 0
2004000, 550127, 0, 0
2005000, 562643, 0, 0
2006000, 562985, 0, 0
2007000, 566815, 0, 0
2008000, 556432, 0, 0
2009000, 579731, 0, 0
2010000, 559392, 0, 0
2011000, 551562, 0, 0
2012000, 551147, 0, 0
2013000, 555700, 0, 0
2014000, 555579, 0, 0
2015000, 565418, 0, 0
2016000, 556602, 0, 0
2017000, 558635, 0, 0
2018000, 553142, 0, 0
2019000, 563035, 0, 0
2020000, 557570, 0, 0
2021000, 566583, 0, 0
2022000, 567939, 0, 0
2023000, 558991, 0, 0
2024000, 559560, 0, 0
2025000, 549190, 0, 0
2026000, 560182, 0, 0
2027000, 554379, 0, 0
2028000, 551232, 0, 0
2029000, 691576, 0, 0
2030000, 653893, 0, 0
2031000, 598016, 0, 0
2032000, 562070, 0, 0
2033000, 559637, 0, 0
2034001, 547878, 0, 0
2035000, 556901, 0, 0
2036000, 561708, 0, 0
2037048, 570970, 0, 0
2038000, 794108, 0, 0
2039000, 558390, 0, 0
2040000, 557996, 0, 0
2041000, 560513, 0, 0
2042000, 560189, 0, 0
2043000, 560193, 0, 0
2044000, 578910, 0, 0
2045000, 555592, 0, 0
2046000, 543039, 0, 0
2047000, 550488, 0, 0
2048000, 561201, 0, 0
2049000, 567019, 0, 0
2050000, 561168, 0, 0
2051000, 583158, 0, 0
2052000, 566683, 0, 0
2053000, 569201, 0, 0
2054000, 557044, 0, 0
2055000, 575872, 0, 0
2056000, 563819, 0, 0
2057000, 563039, 0, 0
2058000, 566681, 0, 0
2059000, 571760, 0, 0
2060000, 571000, 0, 0
2061000, 562686, 0, 0
2062000, 567968, 0, 0
2063000, 571558, 0, 0
2064000, 565765, 0, 0
2065000, 570137, 0, 0
2066000, 561710, 0, 0
2067000, 567038, 0, 0
2068000, 565447, 0, 0
2069000, 560812, 0, 0
2070000, 557087, 0, 0
2071000, 564046, 0, 0
2072000, 565754, 0, 0
2073000, 560865, 0, 0
2074000, 639306, 0, 0
2075000, 551948, 0, 0
2076000, 564151, 0, 0
2077000, 572091, 0, 0
2078000, 556422, 0, 0
2079000, 559236, 0, 0
2080000, 559840, 0, 0
2081000, 567350, 0, 0
2082075, 670986, 0, 0
2083000, 586743, 0, 0
2084000, 566934, 0, 0
2085000, 570946, 0, 0
2086000, 559534, 0, 0
2087000, 562290, 0, 0
2088000, 560813, 0, 0
2089000, 559816, 0, 0
2090000, 567570, 0, 0
2091000, 560330, 0, 0
2092000, 569781, 0, 0
2093000, 553899, 0, 0
2094000, 570749, 0, 0
2095000, 555727, 0, 0
2096000, 553817, 0, 0
2097000, 567882, 0, 0
2098000, 561457, 0, 0
2099000, 569104, 0, 0
2100000, 555459, 0, 0
2101000, 575964, 0, 0
2102000, 569828, 0, 0
2103000, 571517, 0, 0
2104000, 649382, 0, 0
2105000, 564185, 0, 0
2106000, 560704, 0, 0
2107000, 567467, 0, 0
2108000, 558846, 0, 0
2109000, 562409, 0, 0
2110000, 568504, 0, 0
2111000, 564674, 0, 0
2112000, 569203, 0, 0
2113000, 558681, 0, 0
2114000, 549131, 0, 0
2115000, 566180, 0, 0
2116000, 559623, 0, 0
2117000, 570536, 0, 0
2118000, 565299, 0, 0
2119000, 568236, 0, 0
2120000, 561017, 0, 0
2121000, 572606, 0, 0
2122000, 573821, 0, 0
2123000, 566808, 0, 0
2124000, 557769, 0, 0
2125000, 570585, 0, 0
2126000, 571610, 0, 0
2127000, 777317, 0, 0
2128000, 566680, 0, 0
2129000, 569524, 0, 0
2130000, 562233, 0, 0
2131000, 554164, 0, 0
2132000, 556416, 0, 0
2133000, 567729, 0, 0
2134000, 565810, 0, 0
2135000, 571532, 0, 0
2136000, 565505, 0, 0
2137000, 567911, 0, 0
2138000, 564452, 0, 0
2139000, 563231, 0, 0
2140000, 571231, 0, 0
2141000, 558259, 0, 0
2142000, 552820, 0, 0
2143000, 564694, 0, 0
2144000, 570841, 0, 0
2145000, 566502, 0, 0
2146000, 562307, 0, 0
2147000, 568685, 0, 0
2148000, 561334, 0, 0
2149000, 560351, 0, 0
2150000, 563869, 0, 0
2151000, 573567, 0, 0
2152000, 568222, 0, 0
2153001, 570682, 0, 0
2154000, 559622, 0, 0
2155000, 544973, 0, 0
2156000, 569833, 0, 0
2157000, 556803, 0, 0
2158000, 556182, 0, 0
2159000, 565955, 0, 0
2160000, 576178, 0, 0
2161000, 567436, 0, 0
2162000, 559353, 0, 0
2163000, 552574, 0, 0
2164000, 555037, 0, 0
2165000, 565594, 0, 0
2166000, 567963, 0, 0
2167000, 567610, 0, 0
2168000, 623578, 0, 0
2169000, 562412, 0, 0
2170000, 572931, 0, 0
2171127, 574174, 0, 0
2172000, 731863, 0, 0
2173000, 563184, 0, 0
2174000, 540818, 0, 0
2175000, 554904, 0, 0
2176000, 550313, 0, 0
2177000, 561998, 0, 0
2178000, 562085, 0, 0
2179000, 563265, 0, 0
2180000, 572297, 0, 0
2181000, 569397, 0, 0
2182000, 560927, 0, 0
2183000, 565147, 0, 0
2184000, 570203, 0, 0
2185000, 579244, 0, 0
2186000, 572529, 0, 0
2187000, 563497, 0, 0
2188000, 552151, 0, 0
2189000, 568588, 0, 0
2190000, 558121, 0, 0
2191000, 563751, 0, 0
2192000, 559948, 0, 0
2193000, 558502, 0, 0
2194000, 569527, 0, 0
2195000, 567565, 0, 0
2196000, 565992, 0, 0
2197000, 564032, 0, 0
2198000, 565707, 0, 0
2199000, 566136, 0, 0
2200000, 566969, 0, 0
2201000, 571451, 0, 0
2202000, 569271, 0, 0
2203000, 568866, 0, 0
2204000, 565666, 0, 0
2205000, 565409, 0, 0
2206000, 725313, 0, 0
2207000, 572675, 0, 0
2208000, 572935, 0, 0
2209000, 573097, 0, 0
2210000, 564996, 0, 0
2211000, 579201, 0, 0
2212000, 563268, 0, 0
2213000, 565965, 0, 0
2214000, 566572, 0, 0
2215000, 570076, 0, 0
2216000, 597321, 0, 0
2217000, 744977, 0, 0
2218000, 775271, 0, 0
2219000, 562747, 0, 0
2220000, 567852, 0, 0
2221000, 569374, 0, 0
2222000, 572926, 0, 0
2223000, 569280, 0, 0
2224000, 559980, 0, 0
2225000, 566717, 0, 0
2226000, 567128, 0, 0
2227000, 611147, 0, 0
2228000, 595661, 0, 0
2229000, 561817, 0, 0
2230000, 563516, 0, 0
2231000, 569174, 0, 0
2232000, 575252, 0, 0
2233001, 575473, 0, 0
2234000, 562217, 0, 0
2235000, 569256, 0, 0
2236000, 572754, 0, 0
2237000, 566588, 0, 0
2238000, 566011, 0, 0
2239000, 560810, 0, 0
2240000, 564483, 0, 0
2241000, 562432, 0, 0
2242000, 570991, 0, 0
2243000, 560698, 0, 0
2244000, 573153, 0, 0
2245000, 571514, 0, 0
2246000, 563588, 0, 0
2247000, 573705, 0, 0
2248000, 559207, 0, 0
2249000, 565526, 0, 0
2250000, 566474, 0, 0
2251000, 565928, 0, 0
2252000, 569674, 0, 0
2253000, 560676, 0, 0
2254000, 570160, 0, 0
2255000, 558068, 0, 0
2256000, 566176, 0, 0
2257000, 560936, 0, 0
2258000, 562456, 0, 0
2259000, 564559, 0, 0
2260000, 573225, 0, 0
2261000, 606745, 0, 0
2262000, 666972, 0, 0
2263000, 571399, 0, 0
2264000, 557551, 0, 0
2265000, 571380, 0, 0
2266000, 565587, 0, 0
2267000, 567301, 0, 0
2268000, 570095, 0, 0
2269000, 562496, 0, 0
2270000, 564777, 0, 0
2271000, 560672, 0, 0
2272000, 561669, 0, 0
2273000, 558820, 0, 0
2274000, 562067, 0, 0
2275000, 560198, 0, 0
2276000, 567900, 0, 0
2277000, 561984, 0, 0
2278000, 556388, 0, 0
2279000, 568602, 0, 0
2280000, 570898, 0, 0
2281000, 563453, 0, 0
2282000, 567977, 0, 0
2283000, 571337, 0, 0
2284000, 576641, 0, 0
2285000, 563672, 0, 0
2286000, 555671, 0, 0
2287000, 571739, 0, 0
2288000, 564186, 0, 0
2289000, 562637, 0, 0
2290000, 563475, 0, 0
2291000, 562389, 0, 0
2292000, 564302, 0, 0
2293000, 562315, 0, 0
2294000, 555569, 0, 0
2295000, 572085, 0, 0
2296000, 566078, 0, 0
2297000, 565705, 0, 0
2298000, 573349, 0, 0
2299000, 565968, 0, 0
2300000, 574193, 0, 0
2301000, 563662, 0, 0
2302000, 558861, 0, 0
2303000, 571043, 0, 0
2304000, 558852, 0, 0
2305000, 561899, 0, 0
2306000, 605434, 0, 0
2307000, 557113, 0, 0
2308000, 562765, 0, 0
2309000, 556991, 0, 0
2310000, 569403, 0, 0
2311000, 568414, 0, 0
2312000, 572899, 0, 0
2313000, 564172, 0, 0
2314000, 563208, 0, 0
2315000, 566782, 0, 0
2316000, 560194, 0, 0
2317000, 565362, 0, 0
2318000, 569915, 0, 0
2319000, 558994, 0, 0
2320000, 565525, 0, 0
2321000, 571906, 0, 0
2322000, 563996, 0, 0
2323000, 566305, 0, 0
2324000, 569600, 0, 0
2325000, 559812, 0, 0
2326000, 563787, 0, 0
2327000, 572978, 0, 0
2328000, 565033, 0, 0
2329000, 562205, 0, 0
2330000, 558188, 0, 0
2331000, 555664, 0, 0
2332000, 560652, 0, 0
2333000, 549769, 0, 0
2334000, 564465, 0, 0
2335000, 563415, 0, 0
2336000, 552968, 0, 0
2337000, 557987, 0, 0
2338000, 567456, 0, 0
2339000, 563543, 0, 0
2340000, 549726, 0, 0
2341000, 563561, 0, 0
2342000, 571643, 0, 0
2343000, 567885, 0, 0
2344000, 566023, 0, 0
2345000, 550910, 0, 0
2346000, 562198, 0, 0
2347000, 557841, 0, 0
2348000, 572141, 0, 0
2349000, 552466, 0, 0
2350057, 583086, 0, 0
2351000, 641329, 0, 0
2352000, 568666, 0, 0
2353000, 567681, 0, 0
2354000, 570355, 0, 0
2355000, 569230, 0, 0
2356000, 616840, 0, 0
2357000, 569782, 0, 0
2358000, 573829, 0, 0
2359000, 575706, 0, 0
2360000, 568588, 0, 0
2361000, 562920, 0, 0
2362000, 578433, 0, 0
2363000, 549746, 0, 0
2364000, 553986, 0, 0
2365000, 566273, 0, 0
2366000, 646947, 0, 0
2367000, 616932, 0, 0
2368000, 579733, 0, 0
2369000, 549764, 0, 0
2370000, 560346, 0, 0
2371000, 557005, 0, 0
2372000, 563394, 0, 0
2373001, 569620, 0, 0
2374000, 565506, 0, 0
2375000, 563984, 0, 0
2376000, 560897, 0, 0
2377000, 580113, 0, 0
2378000, 560258, 0, 0
2379000, 564702, 0, 0
2380000, 571300, 0, 0
2381000, 567946, 0, 0
2382000, 599696, 0, 0
2383000, 661148, 0, 0
2384000, 557315, 0, 0
2385000, 561996, 0, 0
2386000, 555904, 0, 0
2387000, 567002, 0, 0
2388000, 566146, 0, 0
2389000, 560466, 0, 0
2390000, 570397, 0, 0
2391000, 567835, 0, 0
2392000, 564861, 0, 0
2393000, 567658, 0, 0
2394000, 571178, 0, 0
2395011, 656339, 0, 0
2396000, 575304, 0, 0
2397000, 573022, 0, 0
2398000, 570307, 0, 0
2399000, 558225, 0, 0
2400000, 565954, 0, 0
2401000, 565232, 0, 0
2402000, 571513, 0, 0
2403000, 561857, 0, 0
2404000, 566564, 0, 0
2405000, 563342, 0, 0
2406000, 568166, 0, 0
2407000, 564322, 0, 0
2408000, 576148, 0, 0
2409000, 566187, 0, 0
2410000, 557002, 0, 0
2411000, 564873, 0, 0
2412000, 566997, 0, 0
2413000, 586051, 0, 0
2414000, 562882, 0, 0
2415000, 570324, 0, 0
2416000, 559644, 0, 0
2417000, 557233, 0, 0
2418000, 568124, 0, 0
2419000, 570848, 0, 0
2420000, 569322, 0, 0
2421000, 557353, 0, 0
2422000, 569158, 0, 0
2423000, 568802, 0, 0
2424000, 564932, 0, 0
2425000, 572077, 0, 0
2426000, 559743, 0, 0
2427000, 556642, 0, 0
2428000, 567564, 0, 0
2429000, 573057, 0, 0
2430000, 559027, 0, 0
2431000, 558456, 0, 0
2432000, 556829, 0, 0
2433000, 533727, 0, 0
2434000, 575066, 0, 0
2435000, 578353, 0, 0
2436000, 568086, 0, 0
2437000, 566277, 0, 0
2438000, 566049, 0, 0
2439000, 563099, 0, 0
2440000, 629344, 0, 0
2441000, 557610, 0, 0
2442000, 562659, 0, 0
2443000, 553568, 0, 0
2444000, 561202, 0, 0
2445000, 555966, 0, 0
2446000, 561427, 0, 0
2447000, 564813, 0, 0
2448000, 555202, 0, 0
2449000, 558313, 0, 0
2450000, 553691, 0, 0
2451000, 637677, 0, 0
2452000, 562114, 0, 0
2453000, 559105, 0, 0
2454000, 557639, 0, 0
2455000, 563206, 0, 0
2456000, 558541, 0, 0
2457000, 570014, 0, 0
2458000, 545838, 0, 0
2459000, 559595, 0, 0
2460000, 550083, 0, 0
2461000, 555934, 0, 0
2462000, 565188, 0, 0
2463000, 571810, 0, 0
2464000, 561923, 0, 0
2465000, 561520, 0, 0
2466000, 560901, 0, 0
2467000, 565278, 0, 0
2468000, 559894, 0, 0
2469000, 561815, 0, 0
2470000, 558746, 0, 0
2471000, 555831, 0, 0
2472000, 554680, 0, 0
2473000, 560331, 0, 0
2474000, 567225, 0, 0
2475000, 649600, 0, 0
2476000, 554218, 0, 0
2477000, 596707, 0, 0
2478000, 546961, 0, 0
2479000, 550493, 0, 0
2480001, 660858, 0, 0
2481000, 755750, 0, 0
2482000, 563760, 0, 0
2483000, 562519, 0, 0
2484019, 582584, 0, 0
2485000, 598847, 0, 0
2486000, 686973, 0, 0
2487000, 729491, 0, 0
2488002, 563250, 0, 0
2489000, 627382, 0, 0
2490000, 557532, 0, 0
2491000, 553532, 0, 0
2492000, 556456, 0, 0
2493000, 560143, 0, 0
2494000, 556741, 0, 0
2495000, 564260, 0, 0
2496000, 562511, 0, 0
2497000, 557908, 0, 0
2498000, 553046, 0, 0
2499000, 558650, 0, 0
2500000, 543496, 0, 0
2501000, 548967, 0, 0
2502000, 563125, 0, 0
2503000, 552987, 0, 0
2504000, 555246, 0, 0
2505000, 567054, 0, 0
2506000, 557900, 0, 0
2507000, 552325, 0, 0
2508000, 561757, 0, 0
2509000, 565228, 0, 0
2510000, 557158, 0, 0
2511000, 559664, 0, 0
2512000, 554154, 0, 0
2513014, 563276, 0, 0
2514000, 563793, 0, 0
2515000, 561148, 0, 0
2516000, 556365, 0, 0
2517000, 541662, 0, 0
2518000, 557735, 0, 0
2519000, 554700, 0, 0
2520000, 563839, 0, 0
2521000, 568177, 0, 0
2522000, 564537, 0, 0
2523000, 562640, 0, 0
2524000, 561823, 0, 0
2525000, 553079, 0, 0
2526000, 547110, 0, 0
2527000, 558553, 0, 0
2528000, 552376, 0, 0
2529000, 771749, 0, 0
2530000, 558024, 0, 0
2531000, 548882, 0, 0
2532000, 561000, 0, 0
2533000, 560062, 0, 0
2534000, 548967, 0, 0
2535000, 559446, 0, 0
2536000, 564110, 0, 0
2537000, 567047, 0, 0
2538000, 562563, 0, 0
2539000, 561507, 0, 0
2540000, 564612, 0, 0
2541000, 556916, 0, 0
2542000, 555919, 0, 0
2543000, 566222, 0, 0
2544000, 558063, 0, 0
2545000, 543792, 0, 0
2546000, 641809, 0, 0
2547000, 556408, 0, 0
2548000, 559550, 0, 0
2549000, 543569, 0, 0
2550000, 553776, 0, 0
2551000, 555560, 0, 0
2552000, 548553, 0, 0
2553000, 555512, 0, 0
2554000, 558874, 0, 0
2555000, 559210, 0, 0
2556000, 564553, 0, 0
2557000, 561734, 0, 0
2558000, 548519, 0, 0
2559000, 555854, 0, 0
2560000, 694904, 0, 0
2561000, 572050, 0, 0
2562000, 559281, 0, 0
2563000, 555363, 0, 0
2564000, 566126, 0, 0
2565000, 557819, 0, 0
2566000, 552165, 0, 0
2567000, 551210, 0, 0
2568000, 558612, 0, 0
2569000, 561195, 0, 0
2570000, 556058, 0, 0
2571000, 555033, 0, 0
2572000, 559710, 0, 0
2573000, 550865, 0, 0
2574000, 713626, 0, 0
2575000, 560018, 0, 0
2576000, 560693, 0, 0
2577000, 571327, 0, 0
2578000, 554546, 0, 0
2579000, 554987, 0, 0
2580000, 567603, 0, 0
2581000, 561455, 0, 0
2582000, 561022, 0, 0
2583000, 557192, 0, 0
2584000, 559148, 0, 0
2585000, 566254, 0, 0
2586000, 561755, 0, 0
2587000, 553760, 0, 0
2588000, 550212, 0, 0
2589000, 565452, 0, 0
2590000, 546147, 0, 0
2591000, 565192, 0, 0
2592000, 565440, 0, 0
2593000, 555692, 0, 0
2594000, 563737, 0, 0
2595000, 550896, 0, 0
2596000, 567645, 0, 0
2597000, 558963, 0, 0
2598000, 563162, 0, 0
2599000, 630324, 0, 0
2600000, 565332, 0, 0
2601000, 565948, 0, 0
2602000, 562355, 0, 0
2603000, 557632, 0, 0
2604000, 557739, 0, 0
2605000, 559717, 0, 0
2606000, 561858, 0, 0
2607000, 552766, 0, 0
2608000, 562705, 0, 0
2609000, 562701, 0, 0
2610000, 559359, 0, 0
2611000, 563051, 0, 0
2612000, 561384, 0, 0
2613000, 561056, 0, 0
2614000, 557960, 0, 0
2615000, 560125, 0, 0
2616000, 565209, 0, 0
2617000, 560046, 0, 0
2618000, 563948, 0, 0
2619000, 683195, 0, 0
2620000, 555858, 0, 0
2621000, 558218, 0, 0
2622000, 563751, 0, 0
2623000, 561480, 0, 0
2624000, 556864, 0, 0
2625000, 554141, 0, 0
2626000, 561911, 0, 0
2627000, 553699, 0, 0
2628000, 563569, 0, 0
2629000, 562707, 0, 0
2630000, 559805, 0, 0
2631000, 556018, 0, 0
2632000, 561510, 0, 0
2633000, 562345, 0, 0
2634001, 557487, 0, 0
2635000, 566456, 0, 0
2636000, 565526, 0, 0
2637000, 547511, 0, 0
2638000, 532813, 0, 0
2639000, 553440, 0, 0
2640000, 618390, 0, 0
2641000, 557844, 0, 0
2642000, 566141, 0, 0
2643000, 550490, 0, 0
2644000, 561288, 0, 0
2645000, 562916, 0, 0
2646000, 560738, 0, 0
2647000, 552675, 0, 0
2648000, 549223, 0, 0
2649000, 563251, 0, 0
2650000, 561881, 0, 0
2651000, 563942, 0, 0
2652000, 562733, 0, 0
2653000, 566765, 0, 0
2654000, 563549, 0, 0
2655000, 559344, 0, 0
2656000, 553128, 0, 0
2657000, 563605, 0, 0
2658000, 558111, 0, 0
2659000, 560457, 0, 0
2660000, 562237, 0, 0
2661000, 561168, 0, 0
2662000, 564745, 0, 0
2663000, 571031, 0, 0
2664000, 691517, 0, 0
2665000, 558204, 0, 0
2666000, 556000, 0, 0
2667000, 563885, 0, 0
2668000, 554914, 0, 0
2669000, 557947, 0, 0
2670000, 563475, 0, 0
2671000, 559210, 0, 0
2672000, 558152, 0, 0
2673000, 552322, 0, 0
2674000, 556532, 0, 0
2675000, 556648, 0, 0
2676000, 561219, 0, 0
2677001, 557144, 0, 0
2678000, 564637, 0, 0
2679000, 556215, 0, 0
2680000, 562576, 0, 0
2681000, 564116, 0, 0
2682000, 562775, 0, 0
2683000, 542750, 0, 0
2684000, 560358, 0, 0
2685000, 548205, 0, 0
2686000, 557222, 0, 0
2687000, 550957, 0, 0
2688000, 556545, 0, 0
2689000, 560140, 0, 0
2690000, 552528, 0, 0
2691000, 554313, 0, 0
2692000, 562098, 0, 0
2693000, 550296, 0, 0
2694000, 527143, 0, 0
2695000, 554354, 0, 0
2696000, 551445, 0, 0
2697000, 555999, 0, 0
2698000, 549400, 0, 0
2699000, 558708, 0, 0
2700000, 561955, 0, 0
2701000, 571814, 0, 0
2702000, 562982, 0, 0
2703000, 557584, 0, 0
2704000, 558745, 0, 0
2705000, 568215, 0, 0
2706000, 562791, 0, 0
2707000, 568111, 0, 0
2708012, 561617, 0, 0
2709000, 663142, 0, 0
2710000, 553592, 0, 0
2711000, 544999, 0, 0
2712000, 561594, 0, 0
2713000, 553624, 0, 0
2714000, 555198, 0, 0
2715000, 556964, 0, 0
2716000, 558131, 0, 0
2717000, 556038, 0, 0
2718000, 561197, 0, 0
2719000, 563264, 0, 0
2720000, 555614, 0, 0
2721000, 562881, 0, 0
2722000, 556590, 0, 0
2723000, 632271, 0, 0
2724000, 564904, 0, 0
2725000, 563733, 0, 0
2726000, 550184, 0, 0
2727000, 564611, 0, 0
2728000, 559290, 0, 0
2729000, 554671, 0, 0
2730000, 563214, 0, 0
2731000, 562973, 0, 0
2732000, 544946, 0, 0
2733000, 554386, 0, 0
2734002, 559522, 0, 0
2735000, 619675, 0, 0
2736000, 635878, 0, 0
2737000, 655002, 0, 0
2738000, 672376, 0, 0
2739000, 541303, 0, 0
2740000, 552200, 0, 0
2741000, 559286, 0, 0
2742000, 571318, 0, 0
2743000, 781940, 0, 0
2744000, 614796, 0, 0
2745000, 558218, 0, 0
2746000, 562579, 0, 0
2747000, 560915, 0, 0
2748000, 563630, 0, 0
2749000, 561411, 0, 0
2750000, 558660, 0, 0
2751000, 558567, 0, 0
2752000, 561932, 0, 0
2753077, 612939, 0, 0
2754000, 570050, 0, 0
2755000, 551387, 0, 0
2756000, 562484, 0, 0
2757000, 544370, 0, 0
2758000, 553027, 0, 0
2759000, 559875, 0, 0
2760000, 559754, 0, 0
2761000, 551890, 0, 0
2762000, 552676, 0, 0
2763000, 558679, 0, 0
2764000, 558843, 0, 0
2765000, 555289, 0, 0
2766000, 561275, 0, 0
2767000, 557159, 0, 0
2768000, 566447, 0, 0
2769000, 545880, 0, 0
2770000, 561080, 0, 0
2771000, 563218, 0, 0
2772000, 560723, 0, 0
2773000, 564450, 0, 0
2774000, 557970, 0, 0
2775000, 557465, 0, 0
2776000, 559241, 0, 0
2777000, 557859, 0, 0
2778000, 549755, 0, 0
2779000, 554354, 0, 0
2780000, 543942, 0, 0
2781000, 559265, 0, 0
2782000, 556363, 0, 0
2783000, 554531, 0, 0
2784000, 557877, 0, 0
2785000, 548520, 0, 0
2786000, 559339, 0, 0
2787000, 547055, 0, 0
2788000, 547546, 0, 0
2789000, 552005, 0, 0
2790000, 550796, 0, 0
2791000, 558568, 0, 0
2792000, 562826, 0, 0
2793000, 562645, 0, 0
2794000, 553835, 0, 0
2795000, 555334, 0, 0
2796000, 559765, 0, 0
2797000, 562164, 0, 0
2798000, 700387, 0, 0
2799000, 549239, 0, 0
2800000, 559206, 0, 0
2801000, 559733, 0, 0
2802000, 554549, 0, 0
2803000, 548851, 0, 0
2804000, 550287, 0, 0
2805000, 548564, 0, 0
2806000, 558161, 0, 0
2807000, 567531, 0, 0
2808000, 564810, 0, 0
2809000, 555886, 0, 0
2810000, 559432, 0, 0
2811000, 551281, 0, 0
2812000, 557474, 0, 0
2813000, 559668, 0, 0
2814000, 554589, 0, 0
2815000, 538544, 0, 0
2816000, 546748, 0, 0
2817000, 550078, 0, 0
2818000, 560138, 0, 0
2819000, 560610, 0, 0
2820000, 547620, 0, 0
2821000, 545156, 0, 0
2822000, 592405, 0, 0
2823000, 551687, 0, 0
2824000, 564276, 0, 0
2825000, 545351, 0, 0
2826000, 553657, 0, 0
2827000, 556792, 0, 0
2828000, 555141, 0, 0
2829000, 594983, 0, 0
2830000, 571584, 0, 0
2831000, 557406, 0, 0
2832000, 546959, 0, 0
2833000, 563634, 0, 0
2834000, 561368, 0, 0
2835000, 558039, 0, 0
2836000, 554043, 0, 0
2837000, 544908, 0, 0
2838000, 562212, 0, 0
2839000, 551479, 0, 0
2840000, 566140, 0, 0
2841000, 560059, 0, 0
2842035, 581682, 0, 0
2843000, 746190, 0, 0
2844000, 561520, 0, 0
2845000, 556987, 0, 0
2846001, 555493, 0, 0
2847000, 579120, 0, 0
2848000, 604645, 0, 0
2849000, 552058, 0, 0
2850000, 558331, 0, 0
2851000, 550765, 0, 0
2852000, 552977, 0, 0
2853000, 542386, 0, 0
2854000, 558344, 0, 0
2855000, 549735, 0, 0
2856000, 553588, 0, 0
2857000, 557743, 0, 0
2858000, 550906, 0, 0
2859000, 552061, 0, 0
2860000, 559269, 0, 0
2861000, 563989, 0, 0
2862000, 553782, 0, 0
2863000, 555273, 0, 0
2864000, 559012, 0, 0
2865000, 554336, 0, 0
2866000, 564069, 0, 0
2867000, 553554, 0, 0
2868000, 558224, 0, 0
2869000, 562851, 0, 0
2870000, 552013, 0, 0
2871000, 556299, 0, 0
2872000, 558803, 0, 0
2873000, 551774, 0, 0
2874000, 560243, 0, 0
2875000, 558356, 0, 0
2876000, 558346, 0, 0
2877000, 556901, 0, 0
2878000, 556224, 0, 0
2879000, 554748, 0, 0
2880000, 552269, 0, 0
2881000, 550681, 0, 0
2882000, 552518, 0, 0
2883000, 560149, 0, 0
2884000, 558453, 0, 0
2885000, 551546, 0, 0
2886000, 552697, 0, 0
2887000, 611374, 0, 0
2888000, 557886, 0, 0
2889000, 560275, 0, 0
2890000, 558199, 0, 0
2891000, 553484, 0, 0
2892000, 554727, 0, 0
2893000, 551240, 0, 0
2894000, 544291, 0, 0
2895000, 558922, 0, 0
2896000, 553481, 0, 0
2897000, 556500, 0, 0
2898000, 562493, 0, 0
2899000, 552999, 0, 0
2900000, 553937, 0, 0
2901000, 557082, 0, 0
2902000, 550056, 0, 0
2903000, 556443, 0, 0
2904000, 554627, 0, 0
2905000, 551484, 0, 0
2906000, 557860, 0, 0
2907000, 555942, 0, 0
2908000, 547527, 0, 0
2909000, 549960, 0, 0
2910000, 560515, 0, 0
2911000, 553989, 0, 0
2912000, 718553, 0, 0
2913000, 564719, 0, 0
2914000, 552082, 0, 0
2915000, 556752, 0, 0
2916000, 555287, 0, 0
2917000, 561286, 0, 0
2918000, 566553, 0, 0
2919000, 553753, 0, 0
2920000, 554067, 0, 0
2921000, 556319, 0, 0
2922000, 553846, 0, 0
2923000, 560145, 0, 0
2924000, 548050, 0, 0
2925000, 620181, 0, 0
2926000, 554351, 0, 0
2927000, 557233, 0, 0
2928000, 556697, 0, 0
2929000, 549629, 0, 0
2930000, 555331, 0, 0
2931000, 581495, 0, 0
2932000, 611216, 0, 0
2933000, 554002, 0, 0
2934000, 549243, 0, 0
2935000, 557931, 0, 0
2936000, 561853, 0, 0
2937000, 558286, 0, 0
2938000, 552867, 0, 0
2939000, 558956, 0, 0
2940000, 553835, 0, 0
2941000, 547952, 0, 0
2942000, 556540, 0, 0
2943000, 557729, 0, 0
2944000, 564851, 0, 0
2945000, 553837, 0, 0
2946000, 554881, 0, 0
2947000, 556467, 0, 0
2948000, 561403, 0, 0
2949000, 551241, 0, 0
2950000, 551507, 0, 0
2951000, 556046, 0, 0
2952000, 554343, 0, 0
2953000, 560440, 0, 0
2954000, 536410, 0, 0
2955000, 532137, 0, 0
2956000, 558129, 0, 0
2957000, 559433, 0, 0
2958000, 547413, 0, 0
2959000, 553965, 0, 0
2960000, 553014, 0, 0
2961000, 562356, 0, 0
2962000, 560227, 0, 0
2963000, 555511, 0, 0
2964000, 549424, 0, 0
2965000, 557652, 0, 0
2966000, 554807, 0, 0
2967000, 550535, 0, 0
2968000, 548258, 0, 0
2969000, 552432, 0, 0
2970000, 551356, 0, 0
2971000, 556921, 0, 0
2972000, 578334, 0, 0
2973000, 607599, 0, 0
2974000, 552585, 0, 0
2975000, 556634, 0, 0
2976000, 663146, 0, 0
2977002, 559627, 0, 0
2978000, 553069, 0, 0
2979000, 563267, 0, 0
2980000, 559921, 0, 0
2981000, 554212, 0, 0
2982000, 557532, 0, 0
2983000, 560090, 0, 0
2984000, 552729, 0, 0
2985000, 560401, 0, 0
2986000, 553120, 0, 0
2987000, 559089, 0, 0
2988000, 543449, 0, 0
2989000, 553279, 0, 0
2990000, 559968, 0, 0
2991000, 564457, 0, 0
2992000, 555879, 0, 0
2993000, 547908, 0, 0
2994000, 547479, 0, 0
2995000, 547878, 0, 0
2996000, 562309, 0, 0
2997000, 556234, 0, 0
2998000, 555866, 0, 0
2999000, 552104, 0, 0
3000000, 552883, 0, 0
3001000, 547697, 0, 0
3002000, 563732, 0, 0
3003000, 552575, 0, 0
3004000, 641321, 0, 0
3005000, 847721, 0, 0
3006000, 651387, 0, 0
3007000, 550460, 0, 0
3008000, 558942, 0, 0
3009000, 558846, 0, 0
3010000, 548526, 0, 0
3011000, 557486, 0, 0
3012000, 547737, 0, 0
3013000, 551928, 0, 0
3014000, 553383, 0, 0
3015000, 553299, 0, 0
3016000, 559139, 0, 0
3017000, 555771, 0, 0
3018000, 553275, 0, 0
3019000, 552142, 0, 0
3020003, 630429, 0, 0
3021000, 616253, 0, 0
3022000, 555608, 0, 0
3023000, 559841, 0, 0
3024000, 558146, 0, 0
3025000, 560997, 0, 0
3026000, 553360, 0, 0
3027000, 567076, 0, 0
3028000, 560357, 0, 0
3029000, 551530, 0, 0
3030000, 561718, 0, 0
3031000, 554704, 0, 0
3032000, 550033, 0, 0
3033000, 544711, 0, 0
3034000, 549937, 0, 0
3035000, 559252, 0, 0
3036000, 553808, 0, 0
3037000, 558771, 0, 0
3038000, 556182, 0, 0
3039000, 553140, 0, 0
3040000, 558027, 0, 0
3041000, 555110, 0, 0
3042000, 559891, 0, 0
3043000, 560703, 0, 0
3044000, 558229, 0, 0
3045000, 556021, 0, 0
3046000, 556698, 0, 0
3047000, 546533, 0, 0
3048000, 554300, 0, 0
3049000, 554845, 0, 0
3050000, 548350, 0, 0
3051000, 560742, 0, 0
3052000, 568333, 0, 0
3053000, 554313, 0, 0
3054000, 559232, 0, 0
3055000, 557957, 0, 0
3056000, 556260, 0, 0
3057001, 555730, 0, 0
3058000, 556867, 0, 0
3059000, 549044, 0, 0
3060000, 555522, 0, 0
3061000, 557092, 0, 0
3062000, 555112, 0, 0
3063000, 559350, 0, 0
3064000, 550443, 0, 0
3065035, 681613, 0, 0
3066000, 577967, 0, 0
3067000, 555425, 0, 0
3068000, 555620, 0, 0
3069000, 554010, 0, 0
3070000, 564298, 0, 0
3071000, 535204, 0, 0
3072000, 556910, 0, 0
3073000, 591681, 0, 0
3074000, 586289, 0, 0
3075000, 562238, 0, 0
3076000, 561378, 0, 0
3077000, 560207, 0, 0
3078000, 550378, 0, 0
3079000, 559158, 0, 0
3080000, 560644, 0, 0
3081000, 559631, 0, 0
3082000, 551153, 0, 0
3083000, 534738, 0, 0
3084000, 555586, 0, 0
3085000, 568819, 0, 0
3086000, 559489, 0, 0
3087000, 563719, 0, 0
3088000, 529215, 0, 0
3089000, 582629, 0, 0
3090000, 688984, 0, 0
3091000, 553588, 0, 0
3092000, 567104, 0, 0
3093000, 567524, 0, 0
3094000, 738835, 0, 0
3095000, 560724, 0, 0
3096000, 558502, 0, 0
3097000, 556063, 0, 0
3098000, 632358, 0, 0
3099000, 562168, 0, 0
3100000, 556191, 0, 0
3101000, 550630, 0, 0
3102000, 564957, 0, 0
3103000, 566823, 0, 0
3104000, 566625, 0, 0
3105000, 562497, 0, 0
3106000, 565401, 0, 0
3107000, 567907, 0, 0
3108000, 562237, 0, 0
3109000, 550027, 0, 0
3110000, 699656, 0, 0
3111000, 567564, 0, 0
3112000, 554997, 0, 0
3113000, 564776, 0, 0
3114000, 553434, 0, 0
3115000, 565423, 0, 0
3116000, 615556, 0, 0
3117000, 574314, 0, 0
3118000, 557059, 0, 0
3119000, 568467, 0, 0
3120000, 561191, 0, 0
3121000, 554397, 0, 0
3122000, 548675, 0, 0
3123000, 563517, 0, 0
3124029, 562451, 0, 0
3125000, 578792, 0, 0
3126000, 548445, 0, 0
3127000, 560323, 0, 0
3128000, 563782, 0, 0
3129000, 561669, 0, 0
3130000, 557371, 0, 0
3131000, 550643, 0, 0
3132000, 557394, 0, 0
3133000, 558737, 0, 0
3134000, 553743, 0, 0
3135000, 556594, 0, 0
3136000, 567539, 0, 0
3137000, 560763, 0, 0
3138000, 561448, 0, 0
3139000, 553282, 0, 0
3140000, 561573, 0, 0
3141000, 559994, 0, 0
3142000, 569329, 0, 0
3143000, 549102, 0, 0
3144000, 553096, 0, 0
3145000, 547508, 0, 0
3146000, 540706, 0, 0
3147000, 555503, 0, 0
3148000, 554309, 0, 0
3149000, 544783, 0, 0
3150000, 560372, 0, 0
3151000, 553470, 0, 0
3152000, 555673, 0, 0
3153000, 565236, 0, 0
3154129, 573082, 0, 0
3155000, 597730, 0, 0
3156000, 557017, 0, 0
3157000, 554752, 0, 0
3158000, 556718, 0, 0
3159000, 556371, 0, 0
3160000, 559770, 0, 0
3161000, 554451, 0, 0
3162000, 558268, 0, 0
3163000, 560997, 0, 0
3164000, 551212, 0, 0
3165000, 559734, 0, 0
3166000, 550309, 0, 0
3167000, 576736, 0, 0
3168000, 569079, 0, 0
3169000, 560176, 0, 0
3170000, 559013, 0, 0
3171001, 552322, 0, 0
3172000, 553148, 0, 0
3173000, 554633, 0, 0
3174000, 554613, 0, 0
3175000, 555469, 0, 0
3176000, 558152, 0, 0
3177000, 553381, 0, 0
3178000, 561657, 0, 0
3179000, 550794, 0, 0
3180000, 549162, 0, 0
3181000, 550381, 0, 0
3182000, 561268, 0, 0
3183000, 556989, 0, 0
3184000, 557416, 0, 0
3185000, 558673, 0, 0
3186000, 536892, 0, 0
3187000, 555257, 0, 0
3188000, 564980, 0, 0
3189000, 555258, 0, 0
3190000, 557918, 0, 0
3191000, 551780, 0, 0
3192000, 562120, 0, 0
3193000, 556175, 0, 0
3194000, 564927, 0, 0
3195000, 557684, 0, 0
3196000, 553623, 0, 0
3197000, 555210, 0, 0
3198000, 557192, 0, 0
3199000, 632290, 0, 0
3200000, 567249, 0, 0
3201000, 562622, 0, 0
3202000, 560454, 0, 0
3203000, 553494, 0, 0
3204000, 545320, 0, 0
3205000, 552834, 0, 0
3206000, 557423, 0, 0
3207000, 559364, 0, 0
3208000, 561789, 0, 0
3209000, 562991, 0, 0
3210000, 559672, 0, 0
3211001, 618899, 0, 0
3212000, 553137, 0, 0
3213000, 560818, 0, 0
3214000, 540478, 0, 0
3215000, 530394, 0, 0
3216000, 551395, 0, 0
3217000, 556612, 0, 0
3218000, 562607, 0, 0
3219000, 549904, 0, 0
3220000, 557324, 0, 0
3221000, 558373, 0, 0
3222000, 553826, 0, 0
3223000, 562299, 0, 0
3224000, 634462, 0, 0
3225000, 555003, 0, 0
3226000, 558658, 0, 0
3227000, 558501, 0, 0
3228000, 566030, 0, 0
3229000, 556434, 0, 0
3230000, 557870, 0, 0
3231000, 555632, 0, 0
3232000, 552831, 0, 0
3233000, 565343, 0, 0
3234000, 554908, 0, 0
3235000, 561930, 0, 0
3236000, 565796, 0, 0
3237000, 549765, 0, 0
3238000, 552017, 0, 0
3239000, 553847, 0, 0
3240000, 556248, 0, 0
3241000, 558551, 0, 0
3242000, 551868, 0, 0
3243000, 609247, 0, 0
3244000, 663243, 0, 0
3245000, 560054, 0, 0
3246000, 553845, 0, 0
3247000, 554527, 0, 0
3248000, 552853, 0, 0
3249000, 548032, 0, 0
3250000, 553961, 0, 0
3251000, 557227, 0, 0
3252000, 539840, 0, 0
3253000, 553734, 0, 0
3254000, 557548, 0, 0
3255000, 549769, 0, 0
3256000, 553854, 0, 0
3257000, 539713, 0, 0
3258000, 553499, 0, 0
3259000, 557397, 0, 0
3260000, 557108, 0, 0
3261000, 550505, 0, 0
3262000, 558837, 0, 0
3263000, 563432, 0, 0
3264000, 601381, 0, 0
3265000, 646955, 0, 0
3266000, 564453, 0, 0
3267000, 626369, 0, 0
3268000, 807808, 0, 0
3269000, 558953, 0, 0
3270000, 554507, 0, 0
3271000, 554021, 0, 0
3272000, 561432, 0, 0
3273000, 559895, 0, 0
3274000, 545448, 0, 0
3275000, 559675, 0, 0
3276000, 562741, 0, 0
3277000, 551629, 0, 0
3278000, 562658, 0, 0
3279033, 551859, 0, 0
3280000, 583438, 0, 0
3281000, 557215, 0, 0
3282001, 554933, 0, 0
3283000, 564268, 0, 0
3284000, 559653, 0, 0
3285000, 558439, 0, 0
3286000, 598596, 0, 0
3287000, 676250, 0, 0
3288000, 555946, 0, 0
3289000, 558285, 0, 0
3290000, 557117, 0, 0
3291000, 553839, 0, 0
3292000, 548095, 0, 0
3293000, 555666, 0, 0
3294000, 557678, 0, 0
3295000, 555901, 0, 0
3296000, 563951, 0, 0
3297000, 553444, 0, 0
3298000, 559314, 0, 0
3299000, 554582, 0, 0
3300000, 554866, 0, 0
3301000, 560445, 0, 0
3302000, 566928, 0, 0
3303000, 559894, 0, 0
3304000, 549876, 0, 0
3305000, 553288, 0, 0
3306000, 612585, 0, 0
3307000, 556985, 0, 0
3308000, 569501, 0, 0
3309000, 561281, 0, 0
3310000, 558173, 0, 0
3311000, 556495, 0, 0
3312000, 546777, 0, 0
3313000, 556778, 0, 0
3314000, 559555, 0, 0
3315000, 556209, 0, 0
3316000, 558587, 0, 0
3317000, 556002, 0, 0
3318000, 570984, 0, 0
3319000, 561737, 0, 0
3320000, 567522, 0, 0
3321000, 569002, 0, 0
3322000, 548560, 0, 0
3323000, 556006, 0, 0
3324000, 561908, 0, 0
3325000, 551417, 0, 0
3326000, 562251, 0, 0
3327000, 562700, 0, 0
3328000, 556032, 0, 0
3329000, 551891, 0, 0
3330000, 546011, 0, 0
3331022, 632482, 0, 0
3332000, 558714, 0, 0
3333000, 553400, 0, 0
3334000, 557834, 0, 0
3335000, 556668, 0, 0
3336000, 565961, 0, 0
3337000, 565706, 0, 0
3338000, 568192, 0, 0
3339000, 554831, 0, 0
3340000, 550012, 0, 0
3341000, 557089, 0, 0
3342000, 569892, 0, 0
3343000, 559465, 0, 0
3344000, 562548, 0, 0
3345000, 564197, 0, 0
3346000, 564925, 0, 0
3347000, 538874, 0, 0
3348000, 547299, 0, 0
3349000, 554258, 0, 0
3350000, 589607, 0, 0
3351000, 575021, 0, 0
3352000, 560550, 0, 0
3353000, 567608, 0, 0
3354000, 551239, 0, 0
3355000, 556566, 0, 0
3356000, 561193, 0, 0
3357000, 555085, 0, 0
3358000, 557367, 0, 0
3359000, 570032, 0, 0
3360000, 556983, 0, 0
3361000, 573132, 0, 0
3362000, 563501, 0, 0
3363000, 555286, 0, 0
3364000, 561196, 0, 0
3365000, 549088, 0, 0
3366000, 571854, 0, 0
3367000, 558355, 0, 0
3368000, 566074, 0, 0
3369000, 558328, 0, 0
3370000, 559806, 0, 0
3371000, 560041, 0, 0
3372000, 551239, 0, 0
3373000, 552145, 0, 0
3374000, 563417, 0, 0
3375000, 672224, 0, 0
3376000, 590846, 0, 0
3377000, 566184, 0, 0
3378000, 563329, 0, 0
3379000, 552924, 0, 0
3380000, 561508, 0, 0
3381000, 560963, 0, 0
3382000, 560078, 0, 0
3383000, 559093, 0, 0
3384000, 565884, 0, 0
3385000, 565885, 0, 0
3386000, 556415, 0, 0
3387000, 566242, 0, 0
3388000, 563310, 0, 0
3389000, 553952, 0, 0
3390000, 559395, 0, 0
3391000, 556778, 0, 0
3392000, 554619, 0, 0
3393000, 560700, 0, 0
3394000, 565271, 0, 0
3395000, 567809, 0, 0
3396000, 549879, 0, 0
3397000, 550815, 0, 0
3398000, 555907, 0, 0
3399000, 554113, 0, 0
3400000, 557224, 0, 0
3401000, 624651, 0, 0
3402000, 561363, 0, 0
3403000, 562253, 0, 0
3404000, 554295, 0, 0
3405000, 573108, 0, 0
3406000, 549230, 0, 0
3407000, 541752, 0, 0
3408000, 546371, 0, 0
3409000, 558925, 0, 0
3410000, 546889, 0, 0
3411012, 564759, 0, 0
3412000, 622557, 0, 0
3413000, 550968, 0, 0
3414000, 550000, 0, 0
3415000, 554947, 0, 0
3416000, 544457, 0, 0
3417000, 540336, 0, 0
3418000, 550753, 0, 0
3419000, 556802, 0, 0
3420000, 651647, 0, 0
3421000, 550771, 0, 0
3422000, 561054, 0, 0
3423000, 561062, 0, 0
3424000, 561538, 0, 0
3425000, 556214, 0, 0
3426000, 551577, 0, 0
3427000, 560345, 0, 0
3428000, 553449, 0, 0
3429000, 555276, 0, 0
3430000, 551847, 0, 0
3431000, 553300, 0, 0
3432000, 551847, 0, 0
3433000, 550970, 0, 0
3434000, 560559, 0, 0
3435000, 550552, 0, 0
3436000, 559948, 0, 0
3437000, 555805, 0, 0
3438000, 566420, 0, 0
3439000, 735345, 0, 0
3440000, 682790, 0, 0
3441000, 621306, 0, 0
3442000, 549108, 0, 0
3443000, 544351, 0, 0
3444000, 541689, 0, 0
3445000, 568152, 0, 0
3446000, 558298, 0, 0
3447000, 553822, 0, 0
3448000, 553810, 0, 0
3449000, 561914, 0, 0
3450000, 564004, 0, 0
3451000, 562246, 0, 0
3452000, 559575, 0, 0
3453000, 561749, 0, 0
3454000, 567337, 0, 0
3455000, 558792, 0, 0
3456000, 550393, 0, 0
3457000, 547360, 0, 0
3458000, 548558, 0, 0
3459000, 560563, 0, 0
3460000, 551906, 0, 0
3461000, 559102, 0, 0
3462000, 549539, 0, 0
3463000, 791191, 0, 0
3464000, 563499, 0, 0
3465000, 559677, 0, 0
3466000, 555232, 0, 0
3467000, 538057, 0, 0
3468000, 529450, 0, 0
3469000, 533577, 0, 0
3470000, 529782, 0, 0
3471000, 530197, 0, 0
3472000, 534367, 0, 0
3473000, 528985, 0, 0
3474000, 602325, 0, 0
3475000, 517409, 0, 0
3476000, 499170, 0, 0
3477000, 502876, 0, 0
3478000, 522459, 0, 0
3479000, 522083, 0, 0
3480000, 525800, 0, 0
3481000, 529424, 0, 0
3482000, 523764, 0, 0
3483000, 516640, 0, 0
3484000, 523513, 0, 0
3485000, 523570, 0, 0
3486000, 526476, 0, 0
3487000, 525132, 0, 0
3488000, 524252, 0, 0
3489000, 525117, 0, 0
3490000, 522079, 0, 0
3491000, 521152, 0, 0
3492000, 522333, 0, 0
3493000, 527801, 0, 0
3494000, 519619, 0, 0
3495000, 526253, 0, 0
3496000, 521409, 0, 0
3497000, 526607, 0, 0
3498000, 522651, 0, 0
3499000, 524694, 0, 0
3500000, 524262, 0, 0
3501000, 520553, 0, 0
3502000, 527780, 0, 0
3503000, 528128, 0, 0
3504000, 542453, 0, 0
3505000, 586895, 0, 0
3506000, 572824, 0, 0
3507000, 528271, 0, 0
3508000, 524045, 0, 0
3509000, 524563, 0, 0
3510000, 523877, 0, 0
3511000, 524842, 0, 0
3512000, 523682, 0, 0
3513000, 524548, 0, 0
3514000, 516865, 0, 0
3515000, 524728, 0, 0
3516000, 542713, 0, 0
3517000, 526874, 0, 0
3518000, 525342, 0, 0
3519000, 524981, 0, 0
3520000, 527857, 0, 0
3521000, 524452, 0, 0
3522000, 525612, 0, 0
3523000, 523588, 0, 0
3524000, 523377, 0, 0
3525000, 523320, 0, 0
3526000, 525994, 0, 0
3527000, 520384, 0, 0
3528000, 519299, 0, 0
3529000, 559893, 0, 0
3530000, 522715, 0, 0
3531000, 528314, 0, 0
3532000, 532031, 0, 0
3533000, 525959, 0, 0
3534000, 596765, 0, 0
3535000, 667558, 0, 0
3536000, 631177, 0, 0
3537000, 534781, 0, 0
3538000, 519149, 0, 0
3539000, 558670, 0, 0
3540001, 714785, 0, 0
3541000, 572829, 0, 0
3542000, 525962, 0, 0
3543000, 527454, 0, 0
3544000, 525462, 0, 0
3545000, 522650, 0, 0
3546000, 521904, 0, 0
3547000, 526368, 0, 0
3548000, 529789, 0, 0
3549000, 523430, 0, 0
3550000, 554335, 0, 0
3551000, 545386, 0, 0
3552000, 521583, 0, 0
3553000, 523881, 0, 0
3554000, 527698, 0, 0
3555000, 529799, 0, 0
3556000, 522662, 0, 0
3557001, 522000, 0, 0
3558000, 524042, 0, 0
3559000, 522551, 0, 0
3560000, 526859, 0, 0
3561000, 519278, 0, 0
3562000, 524311, 0, 0
3563000, 525566, 0, 0
3564000, 520652, 0, 0
3565000, 521854, 0, 0
3566000, 522844, 0, 0
3567000, 528913, 0, 0
3568000, 525552, 0, 0
3569000, 528322, 0, 0
3570000, 527880, 0, 0
3571000, 520687, 0, 0
3572000, 521359, 0, 0
3573000, 522884, 0, 0
3574000, 524071, 0, 0
3575000, 521839, 0, 0
3576000, 527776, 0, 0
3577000, 519221, 0, 0
3578000, 524349, 0, 0
3579000, 531658, 0, 0
3580000, 528455, 0, 0
3581000, 524486, 0, 0
3582000, 527492, 0, 0
3583000, 518781, 0, 0
3584000, 520980, 0, 0
3585000, 519989, 0, 0
3586000, 526907, 0, 0
3587000, 523841, 0, 0
3588000, 528086, 0, 0
3589000, 528305, 0, 0
3590000, 533146, 0, 0
3591000, 525874, 0, 0
3592000, 525438, 0, 0
3593000, 556963, 0, 0
3594000, 533368, 0, 0
3595000, 639731, 0, 0
3596000, 529308, 0, 0
3597000, 526988, 0, 0
3598000, 523930, 0, 0
3599000, 522469, 0, 0
3600000, 529372, 0, 0
