1000, 1880, 0, 0
1999, 1845, 0, 0
2999, 1921, 0, 0
3999, 1949, 0, 0
5000, 2000, 0, 0
6000, 1876, 0, 0
7000, 1936, 0, 0
7999, 2022, 0, 0
8999, 1953, 0, 0
9999, 1993, 0, 0
11000, 2032, 0, 0
12000, 1960, 0, 0
13000, 2024, 0, 0
13999, 2046, 0, 0
15000, 2096, 0, 0
15999, 2010, 0, 0
16999, 1989, 0, 0
18000, 2008, 0, 0
19000, 1992, 0, 0
20000, 2036, 0, 0
20999, 1973, 0, 0
21999, 2046, 0, 0
22999, 1897, 0, 0
24000, 2000, 0, 0
25000, 1964, 0, 0
26000, 2076, 0, 0
26999, 2050, 0, 0
27999, 1957, 0, 0
28999, 1989, 0, 0
30000, 1960, 0, 0
31000, 2056, 0, 0
32000, 2060, 0, 0
33000, 2028, 0, 0
34000, 1988, 0, 0
34999, 1933, 0, 0
35999, 1997, 0, 0
37000, 2084, 0, 0
38000, 1976, 0, 0
39000, 2008, 0, 0
40000, 1984, 0, 0
40999, 1981, 0, 0
41999, 2058, 0, 0
42999, 1901, 0, 0
44000, 2040, 0, 0
45000, 1984, 0, 0
45999, 2026, 0, 0
46999, 1993, 0, 0
47999, 1961, 0, 0
48999, 2078, 0, 0
50000, 2092, 0, 0
51000, 1964, 0, 0
51999, 1965, 0, 0
52999, 1989, 0, 0
53999, 2038, 0, 0
55000, 2048, 0, 0
56000, 2016, 0, 0
56999, 1945, 0, 0
57999, 2070, 0, 0
58999, 2002, 0, 0
60000, 2064, 0, 0
61000, 2068, 0, 0
61999, 2022, 0, 0
62999, 2042, 0, 0
63999, 1929, 0, 0
65000, 1916, 0, 0
66000, 2020, 0, 0
67000, 2040, 0, 0
68000, 2052, 0, 0
68999, 2070, 0, 0
69999, 2054, 0, 0
71000, 1992, 0, 0
72000, 1968, 0, 0
73000, 1984, 0, 0
74000, 2028, 0, 0
75000, 2048, 0, 0
75999, 2006, 0, 0
76999, 2050, 0, 0
78000, 2048, 0, 0
79000, 2036, 0, 0
79999, 1961, 0, 0
80999, 1997, 0, 0
81999, 2014, 0, 0
82999, 1977, 0, 0
83999, 2010, 0, 0
85000, 2024, 0, 0
86000, 2000, 0, 0
87000, 2016, 0, 0
87999, 1977, 0, 0
88999, 2026, 0, 0
89999, 2002, 0, 0
90999, 2054, 0, 0
92000, 2020, 0, 0
93000, 2128, 0, 0
94000, 1968, 0, 0
94999, 1989, 0, 0
95999, 1953, 0, 0
96999, 2022, 0, 0
98000, 2072, 0, 0
99000, 1968, 0, 0
99999, 1981, 0, 0
100999, 1949, 0, 0
101999, 2010, 0, 0
103000, 2032, 0, 0
104000, 1944, 0, 0
105000, 2060, 0, 0
106000, 1948, 0, 0
107000, 1944, 0, 0
107999, 1993, 0, 0
108999, 1985, 0, 0
109999, 2074, 0, 0
111000, 1972, 0, 0
112000, 2036, 0, 0
113000, 1932, 0, 0
114000, 1992, 0, 0
114999, 1985, 0, 0
115999, 2010, 0, 0
116999, 1997, 0, 0
118000, 1928, 0, 0
119000, 2004, 0, 0
120000, 1952, 0, 0
121000, 2012, 0, 0
121999, 2026, 0, 0
122999, 2062, 0, 0
124000, 1948, 0, 0
125000, 2012, 0, 0
126000, 1936, 0, 0
127000, 1956, 0, 0
128000, 2020, 0, 0
128999, 2050, 0, 0
129999, 1925, 0, 0
131000, 2004, 0, 0
132000, 1984, 0, 0
133000, 2052, 0, 0
134000, 2000, 0, 0
135000, 1960, 0, 0
135999, 2018, 0, 0
136999, 2030, 0, 0
137999, 1957, 0, 0
139000, 2012, 0, 0
140000, 2056, 0, 0
141000, 2024, 0, 0
142000, 1952, 0, 0
142999, 2010, 0, 0
143999, 2066, 0, 0
145000, 2004, 0, 0
146000, 2020, 0, 0
147000, 2060, 0, 0
148000, 1988, 0, 0
149000, 1940, 0, 0
150000, 1984, 0, 0
150999, 2074, 0, 0
151999, 2026, 0, 0
152999, 1945, 0, 0
154000, 2020, 0, 0
155000, 2016, 0, 0
156000, 2004, 0, 0
157000, 2088, 0, 0
157999, 2010, 0, 0
158999, 2050, 0, 0
159999, 1989, 0, 0
160999, 2050, 0, 0
162000, 1868, 0, 0
163000, 1936, 0, 0
164000, 1948, 0, 0
164999, 1857, 0, 0
166000, 2020, 0, 0
166999, 2018, 0, 0
167999, 2054, 0, 0
168999, 1981, 0, 0
170000, 2032, 0, 0
171000, 2072, 0, 0
172000, 2076, 0, 0
173000, 2008, 0, 0
174000, 2008, 0, 0
174999, 2058, 0, 0
175999, 2046, 0, 0
177000, 1988, 0, 0
178000, 2032, 0, 0
179000, 2044, 0, 0
180000, 2000, 0, 0
181000, 2020, 0, 0
181999, 1981, 0, 0
182999, 2026, 0, 0
183999, 1917, 0, 0
185000, 2040, 0, 0
186000, 2004, 0, 0
187000, 1992, 0, 0
188000, 2000, 0, 0
189000, 1972, 0, 0
189999, 1977, 0, 0
190999, 2002, 0, 0
191999, 1989, 0, 0
193000, 2000, 0, 0
194000, 1976, 0, 0
195000, 1996, 0, 0
196000, 2068, 0, 0
197000, 2036, 0, 0
197999, 1977, 0, 0
198999, 1981, 0, 0
199999, 1977, 0, 0
200999, 1945, 0, 0
202000, 1956, 0, 0
203000, 1988, 0, 0
204000, 2024, 0, 0
205000, 2060, 0, 0
206000, 2064, 0, 0
207000, 1956, 0, 0
207999, 1981, 0, 0
208999, 1953, 0, 0
209999, 1973, 0, 0
211000, 2024, 0, 0
212000, 2004, 0, 0
213000, 1972, 0, 0
214000, 2032, 0, 0
215000, 2004, 0, 0
215999, 1997, 0, 0
216999, 2018, 0, 0
218000, 2012, 0, 0
219000, 2056, 0, 0
220000, 1952, 0, 0
221000, 1996, 0, 0
222000, 2064, 0, 0
222999, 1985, 0, 0
223999, 1985, 0, 0
225000, 2016, 0, 0
226000, 2072, 0, 0
227000, 1964, 0, 0
227999, 1981, 0, 0
229000, 2020, 0, 0
229999, 1925, 0, 0
230999, 2070, 0, 0
231999, 2098, 0, 0
233000, 2044, 0, 0
234000, 2056, 0, 0
235000, 1952, 0, 0
235999, 1969, 0, 0
236999, 2030, 0, 0
237999, 2050, 0, 0
238999, 1957, 0, 0
239999, 2050, 0, 0
241000, 2004, 0, 0
242000, 2048, 0, 0
243000, 2012, 0, 0
244000, 1988, 0, 0
244999, 1985, 0, 0
245999, 2054, 0, 0
246999, 1965, 0, 0
247999, 1961, 0, 0
249000, 2016, 0, 0
250000, 1976, 0, 0
251000, 1956, 0, 0
252000, 2084, 0, 0
253000, 2036, 0, 0
253999, 2038, 0, 0
254999, 2026, 0, 0
255999, 2050, 0, 0
257000, 2028, 0, 0
258000, 1960, 0, 0
259000, 1956, 0, 0
260000, 2004, 0, 0
261000, 1956, 0, 0
261999, 2002, 0, 0
262999, 2022, 0, 0
263999, 1797, 0, 0
265000, 1976, 0, 0
266000, 1956, 0, 0
267000, 1932, 0, 0
268000, 2020, 0, 0
269000, 1972, 0, 0
270000, 2004, 0, 0
270999, 1905, 0, 0
271999, 2114, 0, 0
273000, 2068, 0, 0
273998, 2012, 0, 0
274998, 2056, 0, 0
275999, 2070, 0, 0
276999, 2050, 0, 0
277999, 1993, 0, 0
279000, 2008, 0, 0
280000, 2036, 0, 0
281000, 2052, 0, 0
281999, 2034, 0, 0
282999, 1965, 0, 0
283999, 1973, 0, 0
284999, 1997, 0, 0
285999, 2018, 0, 0
287000, 2068, 0, 0
288000, 2004, 0, 0
289000, 1972, 0, 0
290000, 2000, 0, 0
290999, 2078, 0, 0
291999, 1897, 0, 0
292999, 2050, 0, 0
294000, 1948, 0, 0
295000, 1996, 0, 0
296000, 2036, 0, 0
297000, 2072, 0, 0
297999, 2030, 0, 0
298999, 1961, 0, 0
299999, 2050, 0, 0
300998, 1935, 0, 0
302000, 2060, 0, 0
303000, 2032, 0, 0
303999, 2086, 0, 0
304999, 2042, 0, 0
305999, 1997, 0, 0
307000, 2048, 0, 0
308000, 1952, 0, 0
309000, 2108, 0, 0
310000, 2052, 0, 0
311000, 2028, 0, 0
311999, 2038, 0, 0
312999, 2050, 0, 0
313999, 2030, 0, 0
315000, 1992, 0, 0
316000, 2036, 0, 0
317000, 1944, 0, 0
318000, 2076, 0, 0
319000, 2056, 0, 0
320000, 2008, 0, 0
320999, 2006, 0, 0
321999, 2018, 0, 0
323000, 2004, 0, 0
324000, 2016, 0, 0
325000, 2088, 0, 0
326000, 2012, 0, 0
326998, 1935, 0, 0
327999, 1993, 0, 0
329000, 1984, 0, 0
330000, 1968, 0, 0
331000, 2008, 0, 0
332000, 2024, 0, 0
332999, 1957, 0, 0
333999, 2002, 0, 0
334999, 1977, 0, 0
335999, 1957, 0, 0
336999, 1989, 0, 0
338000, 2040, 0, 0
339000, 2032, 0, 0
340000, 2004, 0, 0
340999, 1989, 0, 0
342000, 2084, 0, 0
342999, 1989, 0, 0
343999, 1921, 0, 0
344999, 1965, 0, 0
346000, 2040, 0, 0
347000, 1972, 0, 0
348000, 2104, 0, 0
349000, 2044, 0, 0
350000, 2024, 0, 0
351000, 2000, 0, 0
351999, 1773, 0, 0
352999, 2038, 0, 0
353999, 1997, 0, 0
355000, 1984, 0, 0
356000, 2036, 0, 0
357000, 1956, 0, 0
357999, 2082, 0, 0
359000, 2020, 0, 0
359999, 2018, 0, 0
360999, 2010, 0, 0
362000, 2012, 0, 0
363000, 2028, 0, 0
364000, 1992, 0, 0
365000, 2032, 0, 0
366000, 1992, 0, 0
366999, 2066, 0, 0
367999, 1961, 0, 0
368999, 2026, 0, 0
370000, 2000, 0, 0
371000, 2004, 0, 0
372000, 2072, 0, 0
373000, 2064, 0, 0
374000, 2004, 0, 0
375000, 2064, 0, 0
375999, 2010, 0, 0
376999, 2014, 0, 0
377999, 2018, 0, 0
379000, 2044, 0, 0
380000, 1980, 0, 0
381000, 2028, 0, 0
382000, 1992, 0, 0
383000, 2044, 0, 0
383999, 1969, 0, 0
384999, 2014, 0, 0
385999, 1993, 0, 0
387000, 2000, 0, 0
388000, 2008, 0, 0
388999, 2026, 0, 0
390000, 1928, 0, 0
391000, 1976, 0, 0
391999, 2098, 0, 0
392999, 2054, 0, 0
394000, 2056, 0, 0
395000, 1964, 0, 0
396000, 1868, 0, 0
397000, 1924, 0, 0
398000, 2012, 0, 0
398999, 2046, 0, 0
399999, 2042, 0, 0
400999, 2018, 0, 0
402000, 2016, 0, 0
403000, 2068, 0, 0
404000, 2028, 0, 0
404998, 1991, 0, 0
405999, 1985, 0, 0
406999, 2094, 0, 0
407999, 1985, 0, 0
408999, 1989, 0, 0
410000, 2040, 0, 0
411000, 1936, 0, 0
412000, 2016, 0, 0
412999, 2034, 0, 0
413999, 1941, 0, 0
414999, 2082, 0, 0
415999, 2094, 0, 0
417000, 2052, 0, 0
418000, 1996, 0, 0
419000, 1980, 0, 0
420000, 1984, 0, 0
421000, 2032, 0, 0
421999, 2010, 0, 0
422999, 2070, 0, 0
423999, 1997, 0, 0
424999, 2034, 0, 0
426000, 2056, 0, 0
427000, 2024, 0, 0
428000, 2088, 0, 0
429000, 2056, 0, 0
430000, 2008, 0, 0
430999, 2026, 0, 0
431999, 2022, 0, 0
432999, 2086, 0, 0
434000, 1944, 0, 0
435000, 2020, 0, 0
436000, 2012, 0, 0
437000, 2064, 0, 0
437999, 1997, 0, 0
438999, 2078, 0, 0
439999, 1773, 0, 0
440999, 2046, 0, 0
441999, 2006, 0, 0
443000, 1948, 0, 0
444000, 2036, 0, 0
445000, 2096, 0, 0
446000, 2044, 0, 0
447000, 2012, 0, 0
447999, 2078, 0, 0
448999, 1965, 0, 0
450000, 2080, 0, 0
451000, 1992, 0, 0
452000, 2036, 0, 0
453000, 2004, 0, 0
453999, 2006, 0, 0
454999, 2030, 0, 0
455999, 1953, 0, 0
457000, 2056, 0, 0
458000, 2028, 0, 0
459000, 2056, 0, 0
460000, 1992, 0, 0
460999, 2014, 0, 0
461998, 2136, 0, 0
463000, 2088, 0, 0
464000, 2088, 0, 0
465000, 1992, 0, 0
466000, 1984, 0, 0
467000, 1976, 0, 0
467999, 2026, 0, 0
468999, 2006, 0, 0
470000, 1932, 0, 0
471000, 2016, 0, 0
472000, 1992, 0, 0
473000, 2008, 0, 0
474000, 1996, 0, 0
475000, 1948, 0, 0
475999, 1937, 0, 0
476999, 2074, 0, 0
478000, 1896, 0, 0
479000, 2012, 0, 0
480000, 2004, 0, 0
481000, 2000, 0, 0
482000, 1924, 0, 0
482999, 1965, 0, 0
483999, 1977, 0, 0
484999, 2078, 0, 0
486000, 1968, 0, 0
487000, 1940, 0, 0
488000, 2020, 0, 0
489000, 2024, 0, 0
490000, 2004, 0, 0
490999, 2014, 0, 0
491999, 2018, 0, 0
492999, 2018, 0, 0
493999, 2078, 0, 0
495000, 1972, 0, 0
496000, 2004, 0, 0
497000, 1976, 0, 0
498000, 2000, 0, 0
499000, 1904, 0, 0
499999, 2042, 0, 0
500999, 1989, 0, 0
501999, 1969, 0, 0
503000, 1984, 0, 0
504000, 1964, 0, 0
505000, 1992, 0, 0
506000, 2052, 0, 0
507000, 1992, 0, 0
508000, 2028, 0, 0
508999, 2046, 0, 0
509999, 1949, 0, 0
510999, 2058, 0, 0
512000, 1912, 0, 0
513000, 1940, 0, 0
514000, 1892, 0, 0
515000, 1732, 0, 0
516000, 1928, 0, 0
517000, 2044, 0, 0
517999, 1925, 0, 0
518999, 1937, 0, 0
520000, 2016, 0, 0
521000, 2032, 0, 0
522000, 1976, 0, 0
523000, 2000, 0, 0
524000, 2016, 0, 0
524998, 1947, 0, 0
525999, 2086, 0, 0
527000, 2056, 0, 0
528000, 1996, 0, 0
529000, 1964, 0, 0
530000, 2048, 0, 0
530999, 2042, 0, 0
531999, 2082, 0, 0
532999, 2026, 0, 0
533999, 2002, 0, 0
535000, 2016, 0, 0
536000, 2044, 0, 0
537000, 2044, 0, 0
538000, 1988, 0, 0
539000, 2048, 0, 0
540000, 1980, 0, 0
540999, 2006, 0, 0
541999, 2086, 0, 0
542999, 2106, 0, 0
544000, 2056, 0, 0
544999, 1969, 0, 0
546000, 1976, 0, 0
547000, 1972, 0, 0
548000, 1988, 0, 0
549000, 2100, 0, 0
550000, 2008, 0, 0
551000, 1980, 0, 0
552000, 1912, 0, 0
553000, 1888, 0, 0
554000, 2016, 0, 0
555000, 2060, 0, 0
556000, 2060, 0, 0
557000, 1992, 0, 0
558000, 2020, 0, 0
558999, 1977, 0, 0
559999, 2014, 0, 0
560999, 1977, 0, 0
562000, 2004, 0, 0
563000, 2088, 0, 0
564000, 1912, 0, 0
565000, 1972, 0, 0
566000, 2036, 0, 0
567000, 2020, 0, 0
568000, 1924, 0, 0
569000, 1964, 0, 0
570000, 1936, 0, 0
571000, 1976, 0, 0
572000, 2032, 0, 0
573000, 2052, 0, 0
573999, 1805, 0, 0
574999, 2170, 0, 0
576000, 1896, 0, 0
577000, 2032, 0, 0
578000, 2036, 0, 0
579000, 2028, 0, 0
580000, 2060, 0, 0
581000, 2020, 0, 0
582000, 1932, 0, 0
582999, 2086, 0, 0
583999, 2038, 0, 0
584999, 1997, 0, 0
585999, 2054, 0, 0
586999, 2006, 0, 0
587998, 2088, 0, 0
588998, 1975, 0, 0
589998, 2048, 0, 0
590998, 1919, 0, 0
591998, 2016, 0, 0
592998, 1971, 0, 0
593997, 2078, 0, 0
594997, 2066, 0, 0
595997, 2066, 0, 0
596997, 2078, 0, 0
597996, 1979, 0, 0
598996, 2060, 0, 0
599996, 2012, 0, 0
600995, 1977, 0, 0
601995, 2106, 0, 0
602996, 1979, 0, 0
603996, 1959, 0, 0
604995, 2070, 0, 0
605995, 2010, 0, 0
606995, 1977, 0, 0
607994, 1975, 0, 0
608994, 2096, 0, 0
609994, 2024, 0, 0
610994, 2028, 0, 0
611993, 2022, 0, 0
612993, 1909, 0, 0
613993, 2014, 0, 0
614993, 2114, 0, 0
615992, 2092, 0, 0
616992, 1983, 0, 0
617992, 1883, 0, 0
618991, 1945, 0, 0
619992, 1608, 0, 0
620991, 1622, 0, 0
621992, 1854, 0, 0
622991, 2030, 0, 0
623991, 2066, 0, 0
624991, 2098, 0, 0
626000, 2044, 0, 0
627000, 2040, 0, 0
628000, 2040, 0, 0
629000, 2032, 0, 0
630000, 1996, 0, 0
630999, 2002, 0, 0
631999, 2022, 0, 0
632999, 2066, 0, 0
633999, 2030, 0, 0
635000, 2036, 0, 0
636000, 2032, 0, 0
637000, 1988, 0, 0
638000, 2052, 0, 0
639000, 2040, 0, 0
639999, 2014, 0, 0
640999, 2010, 0, 0
642000, 2096, 0, 0
643000, 2004, 0, 0
644000, 1992, 0, 0
645000, 2052, 0, 0
646000, 2064, 0, 0
647000, 1952, 0, 0
647999, 1953, 0, 0
648999, 1941, 0, 0
650000, 2068, 0, 0
651000, 2100, 0, 0
652000, 2008, 0, 0
653000, 1904, 0, 0
654000, 2052, 0, 0
655000, 2028, 0, 0
655999, 2002, 0, 0
656999, 2042, 0, 0
657999, 2042, 0, 0
659000, 2012, 0, 0
660000, 1992, 0, 0
661000, 2032, 0, 0
662000, 2012, 0, 0
662999, 1977, 0, 0
663999, 1909, 0, 0
664999, 2010, 0, 0
665999, 2066, 0, 0
667000, 2020, 0, 0
668000, 1980, 0, 0
669000, 2004, 0, 0
670000, 2016, 0, 0
671000, 1984, 0, 0
671999, 2026, 0, 0
672999, 2002, 0, 0
673999, 1961, 0, 0
675000, 1988, 0, 0
676000, 2064, 0, 0
677000, 1940, 0, 0
678000, 1956, 0, 0
678999, 1941, 0, 0
679999, 2042, 0, 0
680999, 1965, 0, 0
682000, 1876, 0, 0
683000, 2040, 0, 0
684000, 1948, 0, 0
685000, 1928, 0, 0
686000, 1968, 0, 0
686999, 2082, 0, 0
687999, 1973, 0, 0
689000, 1988, 0, 0
690000, 2012, 0, 0
691000, 1972, 0, 0
692000, 2020, 0, 0
693000, 1992, 0, 0
694000, 1928, 0, 0
694999, 2006, 0, 0
695999, 2022, 0, 0
696999, 2002, 0, 0
698000, 2008, 0, 0
699000, 2032, 0, 0
700000, 1984, 0, 0
701000, 2040, 0, 0
701999, 2034, 0, 0
702999, 1973, 0, 0
703999, 1941, 0, 0
705000, 2060, 0, 0
706000, 2052, 0, 0
707000, 1972, 0, 0
708000, 1784, 0, 0
709000, 2012, 0, 0
709999, 2050, 0, 0
710999, 2002, 0, 0
711999, 2026, 0, 0
713000, 2012, 0, 0
714000, 1960, 0, 0
715000, 2044, 0, 0
716000, 2060, 0, 0
717000, 1960, 0, 0
718000, 1996, 0, 0
718999, 1889, 0, 0
719999, 2026, 0, 0
721000, 2056, 0, 0
722000, 2028, 0, 0
723000, 1980, 0, 0
724000, 2032, 0, 0
725000, 1984, 0, 0
726000, 1996, 0, 0
726999, 2058, 0, 0
727999, 1949, 0, 0
729000, 1972, 0, 0
730000, 2008, 0, 0
731000, 2016, 0, 0
731999, 1997, 0, 0
732999, 1965, 0, 0
734000, 2012, 0, 0
735000, 1956, 0, 0
736000, 2016, 0, 0
737000, 1996, 0, 0
738000, 2076, 0, 0
738999, 2114, 0, 0
739999, 1973, 0, 0
740999, 2066, 0, 0
742000, 2080, 0, 0
743000, 1988, 0, 0
744000, 1968, 0, 0
745000, 1932, 0, 0
746000, 1936, 0, 0
746999, 2034, 0, 0
747999, 1949, 0, 0
748999, 2058, 0, 0
750000, 2016, 0, 0
751000, 1912, 0, 0
752000, 1988, 0, 0
753000, 2008, 0, 0
753999, 2094, 0, 0
754999, 2054, 0, 0
755999, 1981, 0, 0
757000, 2044, 0, 0
758000, 2060, 0, 0
759000, 2004, 0, 0
760000, 2004, 0, 0
761000, 2004, 0, 0
761999, 2018, 0, 0
762999, 2022, 0, 0
764000, 2048, 0, 0
765000, 1932, 0, 0
766000, 2112, 0, 0
767000, 2008, 0, 0
767999, 2042, 0, 0
768999, 2050, 0, 0
770000, 1976, 0, 0
771000, 2088, 0, 0
772000, 2020, 0, 0
773000, 1972, 0, 0
774000, 1988, 0, 0
775000, 2040, 0, 0
775999, 2002, 0, 0
776999, 2022, 0, 0
778000, 1964, 0, 0
779000, 2016, 0, 0
780000, 1988, 0, 0
781000, 1992, 0, 0
782000, 1980, 0, 0
783000, 2008, 0, 0
783999, 1941, 0, 0
784999, 2046, 0, 0
786000, 2004, 0, 0
787000, 2004, 0, 0
788000, 1952, 0, 0
789000, 2008, 0, 0
790000, 2020, 0, 0
790998, 2008, 0, 0
791999, 1965, 0, 0
793000, 2084, 0, 0
794000, 2000, 0, 0
795000, 2092, 0, 0
796000, 2052, 0, 0
796999, 1917, 0, 0
797999, 1977, 0, 0
798999, 2018, 0, 0
800000, 2024, 0, 0
801000, 1968, 0, 0
802000, 1996, 0, 0
803000, 2088, 0, 0
804000, 2024, 0, 0
805000, 1960, 0, 0
805999, 1945, 0, 0
806999, 1913, 0, 0
807999, 1989, 0, 0
809000, 2040, 0, 0
810000, 1916, 0, 0
811000, 2048, 0, 0
812000, 2024, 0, 0
813000, 2024, 0, 0
813999, 2030, 0, 0
814999, 1985, 0, 0
816000, 2012, 0, 0
817000, 2008, 0, 0
818000, 1976, 0, 0
819000, 2060, 0, 0
820000, 2032, 0, 0
821000, 1904, 0, 0
821999, 2026, 0, 0
822999, 2026, 0, 0
823999, 1885, 0, 0
825000, 1944, 0, 0
825999, 2046, 0, 0
827000, 1992, 0, 0
827999, 2062, 0, 0
828999, 2054, 0, 0
829999, 1933, 0, 0
831000, 1996, 0, 0
832000, 2016, 0, 0
833000, 2028, 0, 0
834000, 2076, 0, 0
834999, 1965, 0, 0
835999, 2058, 0, 0
836999, 2078, 0, 0
838000, 2076, 0, 0
839000, 2040, 0, 0
840000, 1952, 0, 0
841000, 1916, 0, 0
842000, 1992, 0, 0
842999, 2054, 0, 0
843999, 2006, 0, 0
844999, 2038, 0, 0
846000, 2012, 0, 0
847000, 1992, 0, 0
848000, 2008, 0, 0
849000, 1996, 0, 0
850000, 2072, 0, 0
850999, 1937, 0, 0
851999, 1913, 0, 0
852999, 2078, 0, 0
854000, 2088, 0, 0
855000, 2040, 0, 0
856000, 2008, 0, 0
857000, 2020, 0, 0
858000, 1948, 0, 0
858999, 1993, 0, 0
859999, 2018, 0, 0
861000, 1972, 0, 0
862000, 1976, 0, 0
863000, 1972, 0, 0
863998, 1979, 0, 0
865000, 1984, 0, 0
865999, 2026, 0, 0
866999, 1985, 0, 0
868000, 1984, 0, 0
869000, 2000, 0, 0
870000, 2056, 0, 0
871000, 2056, 0, 0
872000, 1996, 0, 0
872999, 2002, 0, 0
874000, 1968, 0, 0
874999, 1981, 0, 0
875999, 2002, 0, 0
877000, 2028, 0, 0
878000, 2028, 0, 0
879000, 2000, 0, 0
880000, 2112, 0, 0
881000, 1988, 0, 0
881999, 2070, 0, 0
882999, 1969, 0, 0
883999, 2034, 0, 0
885000, 2028, 0, 0
886000, 2008, 0, 0
887000, 2040, 0, 0
888000, 2020, 0, 0
888999, 1989, 0, 0
889999, 2058, 0, 0
890999, 2018, 0, 0
891999, 1997, 0, 0
892999, 2074, 0, 0
894000, 2008, 0, 0
895000, 2036, 0, 0
896000, 2020, 0, 0
897000, 1984, 0, 0
897999, 2078, 0, 0
898999, 2062, 0, 0
899999, 1961, 0, 0
900999, 1945, 0, 0
902000, 1976, 0, 0
903000, 1988, 0, 0
904000, 1912, 0, 0
905000, 1860, 0, 0
906000, 2028, 0, 0
906999, 1981, 0, 0
907999, 2030, 0, 0
908999, 1993, 0, 0
910000, 2000, 0, 0
911000, 2004, 0, 0
912000, 2056, 0, 0
913000, 1920, 0, 0
913999, 2050, 0, 0
914999, 2094, 0, 0
915999, 2050, 0, 0
917000, 1992, 0, 0
918000, 2008, 0, 0
919000, 1984, 0, 0
920000, 1904, 0, 0
921000, 2020, 0, 0
922000, 2092, 0, 0
922999, 1945, 0, 0
923999, 1933, 0, 0
925000, 1984, 0, 0
926000, 2064, 0, 0
927000, 2000, 0, 0
928000, 2020, 0, 0
929000, 2064, 0, 0
929999, 1969, 0, 0
930999, 1893, 0, 0
931999, 1965, 0, 0
933000, 2020, 0, 0
934000, 1972, 0, 0
935000, 1984, 0, 0
936000, 1944, 0, 0
937000, 2068, 0, 0
938000, 1968, 0, 0
938999, 1917, 0, 0
939999, 2066, 0, 0
940999, 2026, 0, 0
942000, 2036, 0, 0
943000, 2016, 0, 0
944000, 1972, 0, 0
945000, 2008, 0, 0
946000, 1984, 0, 0
947000, 2036, 0, 0
947999, 2058, 0, 0
948999, 2034, 0, 0
949999, 1953, 0, 0
951000, 1960, 0, 0
952000, 1992, 0, 0
953000, 1916, 0, 0
954000, 2076, 0, 0
954999, 2110, 0, 0
955999, 2030, 0, 0
956999, 1977, 0, 0
958000, 2080, 0, 0
959000, 2012, 0, 0
960000, 2068, 0, 0
961000, 1916, 0, 0
962000, 1984, 0, 0
962999, 2026, 0, 0
963999, 1985, 0, 0
965000, 2052, 0, 0
966000, 1992, 0, 0
966998, 1915, 0, 0
967999, 2026, 0, 0
968999, 1989, 0, 0
969999, 2042, 0, 0
971000, 2096, 0, 0
972000, 1952, 0, 0
973000, 1820, 0, 0
974000, 2004, 0, 0
974999, 1889, 0, 0
975999, 1965, 0, 0
976999, 1997, 0, 0
978000, 1996, 0, 0
979000, 1984, 0, 0
980000, 2056, 0, 0
981000, 1972, 0, 0
982000, 2004, 0, 0
983000, 2016, 0, 0
983999, 2002, 0, 0
984999, 2014, 0, 0
986000, 2028, 0, 0
987000, 1972, 0, 0
987999, 2010, 0, 0
989000, 2044, 0, 0
990000, 2012, 0, 0
990999, 1989, 0, 0
992000, 1980, 0, 0
993000, 2048, 0, 0
994000, 1972, 0, 0
995000, 2036, 0, 0
995999, 2034, 0, 0
996999, 2038, 0, 0
998000, 2076, 0, 0
999000, 1980, 0, 0
1000000, 1980, 0, 0
1001000, 2052, 0, 0
1002000, 2036, 0, 0
1002999, 2010, 0, 0
1003999, 1945, 0, 0
1004999, 1937, 0, 0
1006000, 1968, 0, 0
1007000, 1972, 0, 0
1008000, 1960, 0, 0
1009000, 1956, 0, 0
1010000, 2048, 0, 0
1010999, 1997, 0, 0
1011999, 1945, 0, 0
1012999, 1937, 0, 0
1014000, 2064, 0, 0
1015000, 2052, 0, 0
1016000, 1992, 0, 0
1017000, 1944, 0, 0
1017999, 2042, 0, 0
1019000, 2008, 0, 0
1019999, 1797, 0, 0
1020999, 1941, 0, 0
1022000, 1972, 0, 0
1023000, 2044, 0, 0
1024000, 1984, 0, 0
1025000, 1876, 0, 0
1025999, 1973, 0, 0
1026999, 1849, 0, 0
1027999, 2006, 0, 0
1028999, 1913, 0, 0
1029998, 2044, 0, 0
1031000, 2044, 0, 0
1032000, 2068, 0, 0
1033000, 2024, 0, 0
1034000, 2076, 0, 0
1034999, 1997, 0, 0
1035999, 2054, 0, 0
1036999, 2022, 0, 0
1038000, 2032, 0, 0
1039000, 2028, 0, 0
1040000, 2052, 0, 0
1041000, 2048, 0, 0
1042000, 2032, 0, 0
1042999, 2018, 0, 0
1043999, 2022, 0, 0
1044999, 2082, 0, 0
1046000, 1984, 0, 0
1047000, 1992, 0, 0
1048000, 1940, 0, 0
1049000, 1976, 0, 0
1050000, 1936, 0, 0
1050999, 2046, 0, 0
1051999, 2038, 0, 0
1052999, 2054, 0, 0
1053999, 2022, 0, 0
1055000, 2008, 0, 0
1056000, 1992, 0, 0
1057000, 2032, 0, 0
1058000, 2080, 0, 0
1059000, 2100, 0, 0
1060000, 2024, 0, 0
1060999, 2054, 0, 0
1061999, 1989, 0, 0
1063000, 2072, 0, 0
1064000, 1704, 0, 0
1065000, 2168, 0, 0
1066000, 1960, 0, 0
1067000, 2016, 0, 0
1067999, 2086, 0, 0
1068999, 1993, 0, 0
1069999, 2002, 0, 0
1070999, 2038, 0, 0
1072000, 2000, 0, 0
1073000, 1988, 0, 0
1074000, 1964, 0, 0
1075000, 2044, 0, 0
1076000, 2084, 0, 0
1076999, 2046, 0, 0
1077999, 2022, 0, 0
1079000, 2012, 0, 0
1080000, 2008, 0, 0
1081000, 2000, 0, 0
1082000, 2016, 0, 0
1082999, 1985, 0, 0
1083999, 2038, 0, 0
1084999, 2042, 0, 0
1085999, 2054, 0, 0
1087000, 2124, 0, 0
1088000, 2028, 0, 0
1089000, 2012, 0, 0
1090000, 2096, 0, 0
1091000, 2020, 0, 0
1092000, 1976, 0, 0
1092999, 2038, 0, 0
1093999, 2018, 0, 0
1094999, 2066, 0, 0
1096000, 1960, 0, 0
1097000, 1980, 0, 0
1098000, 1960, 0, 0
1099000, 2004, 0, 0
1100000, 1944, 0, 0
1100999, 2022, 0, 0
1101999, 1965, 0, 0
1102999, 1989, 0, 0
1104000, 1980, 0, 0
1105000, 1980, 0, 0
1106000, 1920, 0, 0
1107000, 1964, 0, 0
1108000, 2056, 0, 0
1108999, 1845, 0, 0
1109999, 1989, 0, 0
1110999, 2038, 0, 0
1112000, 2020, 0, 0
1113000, 2008, 0, 0
1114000, 1920, 0, 0
1115000, 1756, 0, 0
1115999, 1937, 0, 0
1116999, 1993, 0, 0
1117999, 1985, 0, 0
1118999, 1973, 0, 0
1120000, 1932, 0, 0
1121000, 2072, 0, 0
1122000, 2040, 0, 0
1123000, 2012, 0, 0
1123999, 1981, 0, 0
1124999, 1957, 0, 0
1125999, 2022, 0, 0
1127000, 2100, 0, 0
1128000, 2016, 0, 0
1129000, 2024, 0, 0
1130000, 1960, 0, 0
1131000, 2020, 0, 0
1131999, 2002, 0, 0
1132999, 2026, 0, 0
1133999, 1945, 0, 0
1135000, 2000, 0, 0
1136000, 1972, 0, 0
1137000, 2020, 0, 0
1138000, 2048, 0, 0
1139000, 1984, 0, 0
1139999, 2074, 0, 0
1140999, 1913, 0, 0
1142000, 2004, 0, 0
1143000, 2016, 0, 0
1144000, 2016, 0, 0
1145000, 1868, 0, 0
1146000, 2036, 0, 0
1146999, 2002, 0, 0
1147999, 2026, 0, 0
1148999, 1993, 0, 0
1150000, 2028, 0, 0
1151000, 2056, 0, 0
1152000, 2056, 0, 0
1153000, 2048, 0, 0
1154000, 2000, 0, 0
1154999, 1981, 0, 0
1155999, 2106, 0, 0
1157000, 2008, 0, 0
1158000, 1968, 0, 0
1159000, 1972, 0, 0
1160000, 1988, 0, 0
1160999, 1921, 0, 0
1161999, 2006, 0, 0
1162999, 2002, 0, 0
1163999, 1945, 0, 0
1165000, 1932, 0, 0
1166000, 2044, 0, 0
1167000, 2020, 0, 0
1168000, 1944, 0, 0
1169000, 2072, 0, 0
1169999, 1993, 0, 0
1170999, 2026, 0, 0
1171999, 1953, 0, 0
1173000, 2088, 0, 0
1174000, 2028, 0, 0
1175000, 1996, 0, 0
1176000, 2024, 0, 0
1177000, 1888, 0, 0
1177999, 1965, 0, 0
1178999, 1945, 0, 0
1179999, 1977, 0, 0
1181000, 1980, 0, 0
1182000, 2048, 0, 0
1183000, 2060, 0, 0
1184000, 2000, 0, 0
1184999, 1985, 0, 0
1185999, 2010, 0, 0
1186999, 2038, 0, 0
1188000, 2052, 0, 0
1189000, 1956, 0, 0
1190000, 2080, 0, 0
1191000, 1968, 0, 0
1192000, 1972, 0, 0
1192999, 2034, 0, 0
1193999, 2050, 0, 0
1194999, 2010, 0, 0
1196000, 2100, 0, 0
1197000, 2000, 0, 0
1198000, 1916, 0, 0
1199000, 2012, 0, 0
1199999, 2042, 0, 0
