2039, 1131158667, 0, 0
2039, 2038240388, 0, 0
3000, 2648097, 0, 0
4000, 956033, 0, 0
5000, 1000032, 0, 0
6001, 1279418, 0, 0
7000, 1631130, 0, 0
8001, 1607501, 0, 0
9000, 1610653, 0, 0
10000, 1625525, 0, 0
11000, 1593005, 0, 0
12001, 1595383, 0, 0
13000, 1611542, 0, 0
14001, 1658814, 0, 0
15000, 1589763, 0, 0
16000, 1597099, 0, 0
17001, 1603491, 0, 0
18000, 1667232, 0, 0
19001, 1667414, 0, 0
20000, 1665889, 0, 0
21000, 1669072, 0, 0
22000, 1630642, 0, 0
23001, 1662715, 0, 0
24000, 1675926, 0, 0
25000, 1651103, 0, 0
26000, 1599281, 0, 0
27000, 1674254, 0, 0
28000, 1601392, 0, 0
29000, 1621083, 0, 0
30000, 1595943, 0, 0
31000, 1614845, 0, 0
32000, 1660428, 0, 0
33001, 1596774, 0, 0
34000, 1600744, 0, 0
35000, 1600426, 0, 0
36001, 1661504, 0, 0
37000, 1606346, 0, 0
38001, 1606141, 0, 0
39000, 1610004, 0, 0
40000, 1593958, 0, 0
41000, 1637801, 0, 0
42001, 1665782, 0, 0
43000, 1637494, 0, 0
44004, 1622838, 0, 0
45000, 1599040, 0, 0
46000, 1635338, 0, 0
47000, 1639622, 0, 0
48001, 1658450, 0, 0
49000, 1674397, 0, 0
50000, 1618328, 0, 0
51000, 1637009, 0, 0
52001, 1671341, 0, 0
53000, 1653189, 0, 0
54001, 1634416, 0, 0
55000, 1667931, 0, 0
56001, 1665291, 0, 0
57000, 1622738, 0, 0
58001, 1590411, 0, 0
59000, 1663594, 0, 0
60001, 1665521, 0, 0
61000, 1646432, 0, 0
62000, 1663783, 0, 0
63000, 1589996, 0, 0
64001, 1584860, 0, 0
65000, 1605482, 0, 0
66000, 1588855, 0, 0
67001, 1614501, 0, 0
68001, 1600857, 0, 0
69001, 1596968, 0, 0
70000, 1595227, 0, 0
71000, 1600986, 0, 0
72000, 1594539, 0, 0
73000, 1612303, 0, 0
74001, 1573461, 0, 0
75000, 1593240, 0, 0
76001, 1631772, 0, 0
77000, 1606635, 0, 0
78000, 1665088, 0, 0
79000, 1669976, 0, 0
80001, 1650316, 0, 0
81001, 1647501, 0, 0
82001, 1621138, 0, 0
83000, 1594083, 0, 0
84001, 1590029, 0, 0
85000, 1591570, 0, 0
86000, 1609735, 0, 0
87000, 1619093, 0, 0
88000, 1640109, 0, 0
89000, 1651154, 0, 0
90001, 1592555, 0, 0
91001, 1600316, 0, 0
92000, 1654352, 0, 0
93000, 1620528, 0, 0
94000, 1585877, 0, 0
95000, 1601660, 0, 0
96000, 1599075, 0, 0
97000, 1595364, 0, 0
98001, 1630928, 0, 0
99000, 1681021, 0, 0
100000, 1645992, 0, 0
101000, 1674987, 0, 0
102001, 1672216, 0, 0
103000, 1667121, 0, 0
104000, 1598022, 0, 0
105000, 1621162, 0, 0
106000, 1660499, 0, 0
107000, 1640026, 0, 0
108000, 1596230, 0, 0
109001, 1599365, 0, 0
110000, 1594200, 0, 0
111000, 1646155, 0, 0
112001, 1657594, 0, 0
113000, 1612797, 0, 0
114000, 1598497, 0, 0
115000, 1604955, 0, 0
116001, 1591254, 0, 0
117000, 1616957, 0, 0
118001, 1625119, 0, 0
119001, 1617375, 0, 0
120000, 1598298, 0, 0
121000, 1631293, 0, 0
122000, 1609454, 0, 0
123000, 1648249, 0, 0
124001, 1617063, 0, 0
125001, 1595330, 0, 0
126000, 1599016, 0, 0
127000, 1623396, 0, 0
128000, 1605453, 0, 0
129000, 151868, 0, 0
130000, 154431, 0, 0
131000, 123985, 0, 0
132000, 120843, 0, 0
133000, 114932, 0, 0
134000, 127144, 0, 0
135000, 115865, 0, 0
136000, 115453, 0, 0
137000, 114096, 0, 0
138000, 114323, 0, 0
139000, 117522, 0, 0
140000, 114868, 0, 0
141000, 115070, 0, 0
142000, 114135, 0, 0
143000, 113661, 0, 0
144000, 112694, 0, 0
145000, 117052, 0, 0
146000, 117220, 0, 0
147000, 120315, 0, 0
148000, 125322, 0, 0
149000, 114819, 0, 0
150000, 115090, 0, 0
151000, 114730, 0, 0
152000, 115601, 0, 0
153000, 114873, 0, 0
154000, 112905, 0, 0
155000, 113950, 0, 0
156000, 114404, 0, 0
157000, 116330, 0, 0
158000, 115755, 0, 0
159000, 115007, 0, 0
160000, 114884, 0, 0
161000, 116636, 0, 0
162000, 116236, 0, 0
163000, 114559, 0, 0
164000, 115538, 0, 0
165000, 113704, 0, 0
166000, 113554, 0, 0
167000, 114621, 0, 0
168000, 115453, 0, 0
169000, 118208, 0, 0
170000, 116791, 0, 0
171000, 114831, 0, 0
172000, 118130, 0, 0
173000, 111204, 0, 0
174000, 117218, 0, 0
175000, 115316, 0, 0
176000, 118985, 0, 0
177000, 114935, 0, 0
178000, 115545, 0, 0
179000, 116842, 0, 0
180000, 116961, 0, 0
181000, 113741, 0, 0
182000, 116336, 0, 0
183000, 114981, 0, 0
184000, 115165, 0, 0
185000, 124557, 0, 0
186000, 117639, 0, 0
187000, 115213, 0, 0
188000, 118457, 0, 0
189000, 125216, 0, 0
190000, 117388, 0, 0
191000, 111477, 0, 0
192000, 116864, 0, 0
193000, 124067, 0, 0
194000, 115969, 0, 0
195000, 113687, 0, 0
196000, 115981, 0, 0
197000, 114700, 0, 0
198000, 116263, 0, 0
199000, 153941, 0, 0
200000, 213608, 0, 0
201000, 185284, 0, 0
202000, 110329, 0, 0
203000, 116476, 0, 0
204000, 114176, 0, 0
205000, 119098, 0, 0
206000, 113559, 0, 0
207000, 120538, 0, 0
208000, 117370, 0, 0
209000, 116343, 0, 0
210000, 117116, 0, 0
211000, 111933, 0, 0
212000, 114124, 0, 0
213000, 112787, 0, 0
214000, 118371, 0, 0
215000, 115601, 0, 0
216000, 116716, 0, 0
217000, 113700, 0, 0
218000, 117502, 0, 0
219000, 115772, 0, 0
220000, 134825, 0, 0
221000, 116637, 0, 0
222000, 114570, 0, 0
223000, 115124, 0, 0
224000, 115849, 0, 0
225000, 114929, 0, 0
226000, 119505, 0, 0
227000, 114124, 0, 0
228000, 113927, 0, 0
229000, 112355, 0, 0
230000, 115943, 0, 0
231000, 117918, 0, 0
232000, 117198, 0, 0
233000, 114297, 0, 0
234000, 117644, 0, 0
235000, 116926, 0, 0
236000, 116277, 0, 0
237000, 115684, 0, 0
238000, 112237, 0, 0
239000, 114745, 0, 0
240000, 117142, 0, 0
241000, 117376, 0, 0
242000, 117162, 0, 0
243000, 114745, 0, 0
244000, 114436, 0, 0
245000, 115018, 0, 0
246000, 114002, 0, 0
247000, 117898, 0, 0
248000, 115671, 0, 0
249000, 110184, 0, 0
250000, 115458, 0, 0
251000, 116955, 0, 0
252000, 116489, 0, 0
253000, 113913, 0, 0
254000, 112557, 0, 0
255000, 115696, 0, 0
256000, 114778, 0, 0
257000, 117351, 0, 0
258000, 114406, 0, 0
259000, 120925, 0, 0
260000, 117670, 0, 0
261000, 116161, 0, 0
262000, 117985, 0, 0
263000, 117760, 0, 0
264000, 139194, 0, 0
265000, 113702, 0, 0
266000, 116172, 0, 0
267000, 117842, 0, 0
268000, 112851, 0, 0
269000, 117209, 0, 0
270000, 115758, 0, 0
271000, 118047, 0, 0
272000, 116591, 0, 0
273000, 116874, 0, 0
274000, 119269, 0, 0
275000, 117497, 0, 0
276000, 111586, 0, 0
277000, 119765, 0, 0
278000, 124638, 0, 0
279000, 118791, 0, 0
280000, 114132, 0, 0
281000, 122696, 0, 0
282000, 117015, 0, 0
283000, 118513, 0, 0
284000, 115715, 0, 0
285000, 113354, 0, 0
286000, 115073, 0, 0
287000, 113998, 0, 0
288000, 121950, 0, 0
289000, 116322, 0, 0
290000, 116702, 0, 0
291000, 114737, 0, 0
292000, 119697, 0, 0
293000, 117918, 0, 0
294000, 115122, 0, 0
295000, 176475, 0, 0
296000, 180566, 0, 0
297000, 117120, 0, 0
298000, 114424, 0, 0
299000, 115422, 0, 0
300000, 114380, 0, 0
301000, 111814, 0, 0
302000, 111795, 0, 0
303000, 114151, 0, 0
304000, 115552, 0, 0
305000, 121781, 0, 0
306000, 114184, 0, 0
307000, 114988, 0, 0
308000, 124027, 0, 0
309000, 110690, 0, 0
310000, 114428, 0, 0
311000, 114358, 0, 0
312000, 117145, 0, 0
313000, 115283, 0, 0
314000, 121060, 0, 0
315000, 116002, 0, 0
316000, 115059, 0, 0
317000, 115022, 0, 0
318000, 116131, 0, 0
319000, 120572, 0, 0
320000, 116814, 0, 0
321000, 115996, 0, 0
322000, 113768, 0, 0
323000, 115347, 0, 0
324000, 117523, 0, 0
325000, 116567, 0, 0
326000, 114901, 0, 0
327000, 113357, 0, 0
328000, 113642, 0, 0
329000, 112838, 0, 0
330000, 115146, 0, 0
331000, 115212, 0, 0
332000, 113507, 0, 0
333000, 114099, 0, 0
334000, 116218, 0, 0
335000, 124980, 0, 0
336000, 121913, 0, 0
337000, 121807, 0, 0
338000, 120554, 0, 0
339000, 115836, 0, 0
340000, 116242, 0, 0
341000, 115485, 0, 0
342000, 115200, 0, 0
343000, 115386, 0, 0
344000, 116823, 0, 0
345000, 123444, 0, 0
346000, 118906, 0, 0
347000, 115108, 0, 0
348000, 112932, 0, 0
349000, 115756, 0, 0
350000, 115985, 0, 0
351000, 116621, 0, 0
352000, 153326, 0, 0
353000, 114406, 0, 0
354000, 123659, 0, 0
355000, 119478, 0, 0
356000, 127792, 0, 0
357000, 116810, 0, 0
358000, 115929, 0, 0
359000, 115991, 0, 0
360000, 115710, 0, 0
361000, 114543, 0, 0
362000, 114855, 0, 0
363000, 116019, 0, 0
364000, 114460, 0, 0
365000, 121365, 0, 0
366000, 116375, 0, 0
367000, 114265, 0, 0
368000, 113978, 0, 0
369000, 113002, 0, 0
370000, 116011, 0, 0
371000, 114132, 0, 0
372000, 114657, 0, 0
373000, 113871, 0, 0
374000, 113540, 0, 0
375000, 114427, 0, 0
376000, 115529, 0, 0
377000, 113951, 0, 0
378000, 115818, 0, 0
379000, 113798, 0, 0
380000, 113185, 0, 0
381000, 116570, 0, 0
382000, 115370, 0, 0
383000, 115934, 0, 0
384000, 114134, 0, 0
385001, 114871, 0, 0
386000, 115656, 0, 0
387000, 114306, 0, 0
388000, 115706, 0, 0
389000, 115517, 0, 0
390000, 141829, 0, 0
391000, 203925, 0, 0
392000, 183923, 0, 0
393000, 120015, 0, 0
394000, 115374, 0, 0
395000, 115976, 0, 0
396000, 151497, 0, 0
397000, 111469, 0, 0
398000, 117103, 0, 0
399000, 116474, 0, 0
400000, 114243, 0, 0
401000, 114717, 0, 0
402000, 116912, 0, 0
403000, 116769, 0, 0
404000, 115937, 0, 0
405000, 116451, 0, 0
406000, 113242, 0, 0
407000, 116883, 0, 0
408000, 116705, 0, 0
409000, 119447, 0, 0
410000, 129726, 0, 0
411000, 114172, 0, 0
412000, 117251, 0, 0
413000, 117077, 0, 0
414000, 117098, 0, 0
415000, 115555, 0, 0
416000, 113957, 0, 0
417000, 117096, 0, 0
418000, 115576, 0, 0
419000, 118096, 0, 0
420000, 115259, 0, 0
421000, 115876, 0, 0
422000, 116773, 0, 0
423000, 115488, 0, 0
424000, 118279, 0, 0
425000, 115861, 0, 0
426000, 114777, 0, 0
427000, 115861, 0, 0
428000, 116291, 0, 0
429000, 115576, 0, 0
430000, 116672, 0, 0
431000, 156390, 0, 0
432000, 259565, 0, 0
433000, 150226, 0, 0
434000, 124051, 0, 0
435000, 122258, 0, 0
436000, 118795, 0, 0
437000, 113203, 0, 0
438000, 123211, 0, 0
439000, 115167, 0, 0
440000, 167630, 0, 0
441000, 114905, 0, 0
442000, 113545, 0, 0
443000, 117115, 0, 0
444000, 116773, 0, 0
445000, 115159, 0, 0
446000, 115036, 0, 0
447000, 114038, 0, 0
448000, 116100, 0, 0
449000, 118434, 0, 0
450000, 116096, 0, 0
451000, 119945, 0, 0
452000, 114530, 0, 0
453000, 116362, 0, 0
454000, 113511, 0, 0
455000, 113386, 0, 0
456000, 112947, 0, 0
457000, 112621, 0, 0
458000, 113583, 0, 0
459000, 113371, 0, 0
460000, 114970, 0, 0
461000, 115704, 0, 0
462000, 118701, 0, 0
463000, 114089, 0, 0
464000, 120675, 0, 0
465000, 117643, 0, 0
466000, 119786, 0, 0
467000, 118486, 0, 0
468000, 113869, 0, 0
469000, 116077, 0, 0
470000, 130119, 0, 0
471000, 118052, 0, 0
472000, 118644, 0, 0
473000, 113968, 0, 0
474000, 116627, 0, 0
475000, 116120, 0, 0
476000, 115828, 0, 0
477000, 120674, 0, 0
478000, 116401, 0, 0
479000, 114654, 0, 0
480000, 117589, 0, 0
481000, 117043, 0, 0
482000, 117537, 0, 0
483000, 115476, 0, 0
484000, 140164, 0, 0
485000, 128127, 0, 0
486000, 113668, 0, 0
487000, 183835, 0, 0
488000, 191743, 0, 0
489000, 110626, 0, 0
490000, 113676, 0, 0
491000, 115245, 0, 0
492000, 111649, 0, 0
493000, 113140, 0, 0
494000, 114990, 0, 0
495000, 113003, 0, 0
496000, 114556, 0, 0
497000, 113840, 0, 0
498000, 113766, 0, 0
499000, 112914, 0, 0
500000, 113536, 0, 0
501000, 114686, 0, 0
502000, 113701, 0, 0
503000, 115190, 0, 0
504000, 115333, 0, 0
505000, 115640, 0, 0
506000, 118149, 0, 0
507000, 113062, 0, 0
508000, 114402, 0, 0
509000, 118659, 0, 0
510000, 113794, 0, 0
511000, 120782, 0, 0
512000, 139128, 0, 0
513000, 117853, 0, 0
514000, 114610, 0, 0
515000, 115372, 0, 0
516000, 120745, 0, 0
517000, 117667, 0, 0
518002, 118288, 0, 0
519000, 115265, 0, 0
520000, 115539, 0, 0
521000, 114675, 0, 0
522000, 114801, 0, 0
523000, 115967, 0, 0
524000, 116706, 0, 0
525000, 114425, 0, 0
526000, 114324, 0, 0
527000, 116682, 0, 0
528000, 114331, 0, 0
529006, 130594, 0, 0
530000, 150708, 0, 0
531000, 113255, 0, 0
532000, 116605, 0, 0
533000, 115185, 0, 0
534000, 117955, 0, 0
535000, 114971, 0, 0
536000, 113074, 0, 0
537000, 113053, 0, 0
538000, 115145, 0, 0
539000, 114148, 0, 0
540000, 117221, 0, 0
541000, 114870, 0, 0
542000, 115558, 0, 0
543000, 112200, 0, 0
544000, 117670, 0, 0
545000, 121952, 0, 0
546000, 117036, 0, 0
547000, 116561, 0, 0
548000, 114527, 0, 0
549000, 116108, 0, 0
550000, 114820, 0, 0
551000, 114307, 0, 0
552000, 118580, 0, 0
553000, 116018, 0, 0
554000, 117565, 0, 0
555000, 121044, 0, 0
556000, 118807, 0, 0
557000, 115006, 0, 0
558000, 116526, 0, 0
559000, 115989, 0, 0
560000, 116216, 0, 0
561000, 123508, 0, 0
562000, 113449, 0, 0
563000, 118190, 0, 0
564000, 113163, 0, 0
565000, 118146, 0, 0
566000, 117494, 0, 0
567000, 116567, 0, 0
568000, 116439, 0, 0
569000, 124957, 0, 0
570000, 155001, 0, 0
571000, 119541, 0, 0
572000, 117576, 0, 0
573000, 113668, 0, 0
574000, 131866, 0, 0
575000, 118928, 0, 0
576000, 117435, 0, 0
577000, 111179, 0, 0
578000, 112360, 0, 0
579000, 115691, 0, 0
580000, 115570, 0, 0
581000, 125656, 0, 0
582000, 118051, 0, 0
583000, 186682, 0, 0
584000, 193028, 0, 0
585000, 155575, 0, 0
586000, 118885, 0, 0
587000, 117611, 0, 0
588000, 113445, 0, 0
589000, 116058, 0, 0
590000, 117342, 0, 0
591000, 115486, 0, 0
592000, 113885, 0, 0
593000, 115251, 0, 0
594000, 114093, 0, 0
595000, 112433, 0, 0
596000, 117221, 0, 0
597000, 115357, 0, 0
598000, 115082, 0, 0
599000, 114137, 0, 0
600000, 113675, 0, 0
601000, 114789, 0, 0
602000, 115412, 0, 0
603000, 116579, 0, 0
604000, 112537, 0, 0
605000, 116442, 0, 0
606000, 114556, 0, 0
607000, 116812, 0, 0
608000, 115842, 0, 0
609000, 114031, 0, 0
610000, 114451, 0, 0
611000, 113041, 0, 0
612000, 113810, 0, 0
613000, 114808, 0, 0
614000, 113669, 0, 0
615000, 114946, 0, 0
616000, 115758, 0, 0
617000, 116001, 0, 0
618066, 114545, 0, 0
619000, 181749, 0, 0
620000, 111138, 0, 0
621000, 114426, 0, 0
622000, 117911, 0, 0
623000, 115164, 0, 0
624000, 115594, 0, 0
625000, 113146, 0, 0
626000, 117208, 0, 0
627000, 116918, 0, 0
628000, 115643, 0, 0
629000, 117378, 0, 0
630000, 114290, 0, 0
631000, 114921, 0, 0
632000, 116934, 0, 0
633000, 117497, 0, 0
634000, 116540, 0, 0
635000, 113446, 0, 0
636000, 116576, 0, 0
637000, 114695, 0, 0
638000, 117334, 0, 0
639000, 116395, 0, 0
640000, 114287, 0, 0
641000, 113648, 0, 0
642000, 115765, 0, 0
643000, 118133, 0, 0
644000, 116052, 0, 0
645000, 114587, 0, 0
646000, 114415, 0, 0
647000, 114804, 0, 0
648000, 116521, 0, 0
649000, 115095, 0, 0
650000, 118098, 0, 0
651000, 114011, 0, 0
652000, 115599, 0, 0
653000, 114814, 0, 0
654000, 114628, 0, 0
655000, 113860, 0, 0
656000, 113025, 0, 0
657000, 116569, 0, 0
658000, 115190, 0, 0
659000, 115589, 0, 0
660000, 116065, 0, 0
661000, 114261, 0, 0
662000, 114452, 0, 0
663093, 151109, 0, 0
664000, 131275, 0, 0
665000, 118681, 0, 0
666000, 118984, 0, 0
667000, 113846, 0, 0
668000, 116735, 0, 0
669000, 115635, 0, 0
670000, 117897, 0, 0
671000, 115324, 0, 0
672000, 113107, 0, 0
673000, 115788, 0, 0
674000, 113836, 0, 0
675000, 116598, 0, 0
676000, 118918, 0, 0
677000, 113984, 0, 0
678000, 132644, 0, 0
679000, 200968, 0, 0
680000, 178938, 0, 0
681000, 155169, 0, 0
682000, 125141, 0, 0
683000, 122616, 0, 0
684000, 125082, 0, 0
685000, 120362, 0, 0
686000, 115113, 0, 0
687000, 114769, 0, 0
688000, 121336, 0, 0
689000, 122689, 0, 0
690000, 118151, 0, 0
691000, 114011, 0, 0
692000, 123896, 0, 0
693000, 117345, 0, 0
694000, 117228, 0, 0
695000, 116020, 0, 0
696000, 125137, 0, 0
697000, 125705, 0, 0
698000, 123926, 0, 0
699000, 124707, 0, 0
700000, 121035, 0, 0
701000, 115640, 0, 0
702000, 117520, 0, 0
703000, 113371, 0, 0
704000, 114793, 0, 0
705000, 115368, 0, 0
706000, 115782, 0, 0
707000, 118554, 0, 0
708057, 164826, 0, 0
709000, 137226, 0, 0
710000, 116977, 0, 0
711000, 117321, 0, 0
712000, 114375, 0, 0
713000, 115822, 0, 0
714000, 112652, 0, 0
715000, 115981, 0, 0
716000, 116159, 0, 0
717000, 116125, 0, 0
718000, 117625, 0, 0
719000, 114629, 0, 0
720000, 116768, 0, 0
721000, 116372, 0, 0
722000, 116256, 0, 0
723000, 115996, 0, 0
724000, 114615, 0, 0
725000, 123909, 0, 0
726000, 118367, 0, 0
727000, 127978, 0, 0
728000, 126482, 0, 0
729000, 120847, 0, 0
730000, 113438, 0, 0
731000, 114592, 0, 0
732000, 118048, 0, 0
733000, 114783, 0, 0
734000, 112862, 0, 0
735000, 116883, 0, 0
736003, 115160, 0, 0
737000, 117927, 0, 0
738000, 119033, 0, 0
739000, 114790, 0, 0
740000, 111217, 0, 0
741000, 113125, 0, 0
742000, 112937, 0, 0
743000, 115474, 0, 0
744000, 112785, 0, 0
745000, 115692, 0, 0
746000, 117304, 0, 0
747000, 117931, 0, 0
748000, 119935, 0, 0
749000, 117901, 0, 0
750000, 113214, 0, 0
751000, 113592, 0, 0
752000, 131705, 0, 0
753000, 126559, 0, 0
754000, 120457, 0, 0
755000, 116057, 0, 0
756000, 112889, 0, 0
757000, 114137, 0, 0
758000, 114944, 0, 0
759000, 116377, 0, 0
760000, 166016, 0, 0
761000, 255714, 0, 0
762000, 138503, 0, 0
763000, 118679, 0, 0
764000, 118610, 0, 0
765000, 116090, 0, 0
766000, 114983, 0, 0
767000, 114234, 0, 0
768000, 116042, 0, 0
769000, 114594, 0, 0
770000, 114583, 0, 0
771000, 115254, 0, 0
772000, 115644, 0, 0
773000, 118282, 0, 0
774000, 115179, 0, 0
775000, 137777, 0, 0
776000, 189595, 0, 0
777000, 182688, 0, 0
778000, 143386, 0, 0
779000, 124059, 0, 0
780000, 118767, 0, 0
781000, 116089, 0, 0
782000, 119897, 0, 0
783000, 117565, 0, 0
784000, 116241, 0, 0
785000, 116196, 0, 0
786000, 116392, 0, 0
787000, 113983, 0, 0
788000, 114937, 0, 0
789000, 116060, 0, 0
790000, 114865, 0, 0
791000, 117396, 0, 0
792000, 113818, 0, 0
793000, 118215, 0, 0
794000, 116008, 0, 0
795000, 115373, 0, 0
796000, 115984, 0, 0
797000, 122616, 0, 0
798000, 121322, 0, 0
799000, 115831, 0, 0
800000, 115325, 0, 0
801000, 117211, 0, 0
802000, 114120, 0, 0
803000, 115325, 0, 0
804000, 117332, 0, 0
805000, 115475, 0, 0
806000, 117774, 0, 0
807000, 118151, 0, 0
808000, 115213, 0, 0
809000, 119394, 0, 0
810000, 115455, 0, 0
811000, 117218, 0, 0
812000, 113658, 0, 0
813000, 114872, 0, 0
814000, 117411, 0, 0
815000, 116498, 0, 0
816000, 116641, 0, 0
817000, 115956, 0, 0
818000, 117644, 0, 0
819000, 116032, 0, 0
820000, 120322, 0, 0
821000, 115493, 0, 0
822000, 117870, 0, 0
823000, 117296, 0, 0
824000, 116557, 0, 0
825000, 118580, 0, 0
826000, 124411, 0, 0
827000, 113847, 0, 0
828000, 116172, 0, 0
829000, 115628, 0, 0
830000, 116368, 0, 0
831000, 116723, 0, 0
832000, 115024, 0, 0
833000, 113518, 0, 0
834000, 111805, 0, 0
835000, 113279, 0, 0
836000, 115028, 0, 0
837000, 114800, 0, 0
838000, 116758, 0, 0
839000, 116882, 0, 0
840000, 115683, 0, 0
841000, 117067, 0, 0
842000, 158315, 0, 0
843000, 117034, 0, 0
844000, 117229, 0, 0
845000, 113371, 0, 0
846000, 116609, 0, 0
847000, 117041, 0, 0
848000, 118122, 0, 0
849000, 116405, 0, 0
850000, 113816, 0, 0
851000, 117156, 0, 0
852000, 117254, 0, 0
853000, 116130, 0, 0
854000, 112966, 0, 0
855000, 110039, 0, 0
856000, 115495, 0, 0
857000, 117333, 0, 0
858000, 115188, 0, 0
859000, 113197, 0, 0
860000, 114330, 0, 0
861000, 115352, 0, 0
862000, 125978, 0, 0
863000, 124701, 0, 0
864000, 121801, 0, 0
865000, 114893, 0, 0
866000, 113823, 0, 0
867000, 116524, 0, 0
868000, 117254, 0, 0
869000, 116990, 0, 0
870000, 117122, 0, 0
871000, 135123, 0, 0
872000, 198668, 0, 0
873000, 117937, 0, 0
874000, 115751, 0, 0
875000, 175471, 0, 0
876000, 166631, 0, 0
877000, 114876, 0, 0
878000, 115614, 0, 0
879000, 115451, 0, 0
880000, 115943, 0, 0
881000, 113239, 0, 0
882000, 115150, 0, 0
883000, 115559, 0, 0
884000, 116612, 0, 0
885000, 116949, 0, 0
886000, 128300, 0, 0
887000, 122548, 0, 0
888000, 116169, 0, 0
889000, 116284, 0, 0
890000, 125359, 0, 0
891000, 118658, 0, 0
892000, 114455, 0, 0
893000, 115935, 0, 0
894000, 116082, 0, 0
895000, 116200, 0, 0
896000, 114843, 0, 0
897000, 111903, 0, 0
898000, 114923, 0, 0
899000, 119410, 0, 0
900000, 120353, 0, 0
901000, 118715, 0, 0
902000, 112983, 0, 0
903000, 118009, 0, 0
904000, 116314, 0, 0
905000, 118193, 0, 0
906000, 117808, 0, 0
907000, 117197, 0, 0
908000, 114845, 0, 0
909000, 114526, 0, 0
910000, 117627, 0, 0
911000, 118475, 0, 0
912000, 115993, 0, 0
913000, 115309, 0, 0
914000, 116622, 0, 0
915000, 115556, 0, 0
916000, 116037, 0, 0
917000, 120196, 0, 0
918000, 115459, 0, 0
919000, 116779, 0, 0
920000, 120651, 0, 0
921000, 115713, 0, 0
922000, 116408, 0, 0
923000, 112895, 0, 0
924000, 115962, 0, 0
925000, 120717, 0, 0
926000, 117054, 0, 0
927000, 115768, 0, 0
928000, 115147, 0, 0
929000, 115858, 0, 0
930000, 116354, 0, 0
931000, 160995, 0, 0
932000, 118103, 0, 0
933000, 111511, 0, 0
934000, 116484, 0, 0
935000, 116205, 0, 0
936000, 120468, 0, 0
937000, 124218, 0, 0
938000, 123836, 0, 0
939000, 123916, 0, 0
940000, 118097, 0, 0
941000, 118819, 0, 0
942000, 116198, 0, 0
943000, 117053, 0, 0
944000, 115118, 0, 0
945000, 115146, 0, 0
946001, 116531, 0, 0
947000, 114756, 0, 0
948000, 115724, 0, 0
949000, 112525, 0, 0
950000, 114142, 0, 0
951000, 153989, 0, 0
952000, 244359, 0, 0
953000, 113025, 0, 0
954000, 115569, 0, 0
955000, 120047, 0, 0
956000, 115314, 0, 0
957000, 117779, 0, 0
958000, 116030, 0, 0
959000, 114534, 0, 0
960000, 113590, 0, 0
961000, 112904, 0, 0
962000, 118323, 0, 0
963000, 115057, 0, 0
964000, 117837, 0, 0
965000, 114766, 0, 0
966000, 116520, 0, 0
967000, 125751, 0, 0
968000, 194187, 0, 0
969000, 185998, 0, 0
970000, 168544, 0, 0
971000, 116813, 0, 0
972000, 117736, 0, 0
973000, 117668, 0, 0
974000, 117424, 0, 0
975005, 130696, 0, 0
976000, 128923, 0, 0
977000, 122045, 0, 0
978000, 120350, 0, 0
979000, 114375, 0, 0
980000, 113856, 0, 0
981000, 114391, 0, 0
982000, 120960, 0, 0
983000, 121672, 0, 0
984000, 118080, 0, 0
985000, 120238, 0, 0
986000, 118460, 0, 0
987000, 115192, 0, 0
988000, 120439, 0, 0
989000, 117273, 0, 0
990000, 115587, 0, 0
991000, 115523, 0, 0
992000, 118420, 0, 0
993000, 116645, 0, 0
994000, 116018, 0, 0
995000, 114556, 0, 0
996000, 117691, 0, 0
997000, 115197, 0, 0
998000, 119148, 0, 0
999000, 116984, 0, 0
1000000, 115857, 0, 0
1001000, 116718, 0, 0
1002000, 116436, 0, 0
1003000, 117811, 0, 0
1004000, 117584, 0, 0
1005000, 116665, 0, 0
1006000, 113262, 0, 0
1007000, 118439, 0, 0
1008000, 119103, 0, 0
1009000, 120876, 0, 0
1010000, 118039, 0, 0
1011000, 116120, 0, 0
1012000, 114647, 0, 0
1013000, 113752, 0, 0
1014000, 114554, 0, 0
1015000, 116533, 0, 0
1016000, 117596, 0, 0
1017000, 116731, 0, 0
1018000, 114162, 0, 0
1019000, 116331, 0, 0
1020000, 134065, 0, 0
1021000, 117987, 0, 0
1022000, 112088, 0, 0
1023000, 115425, 0, 0
1024000, 113938, 0, 0
1025000, 113600, 0, 0
1026000, 113912, 0, 0
1027000, 112507, 0, 0
1028000, 114806, 0, 0
1029000, 118316, 0, 0
1030000, 116516, 0, 0
1031000, 115038, 0, 0
1032000, 115463, 0, 0
1033000, 112787, 0, 0
1034000, 117768, 0, 0
1035000, 115743, 0, 0
1036000, 116666, 0, 0
1037000, 114779, 0, 0
1038000, 113942, 0, 0
1039000, 113906, 0, 0
1040000, 116424, 0, 0
1041000, 113070, 0, 0
1042000, 116488, 0, 0
1043000, 112516, 0, 0
1044000, 116544, 0, 0
1045000, 116615, 0, 0
1046000, 119493, 0, 0
1047000, 112930, 0, 0
1048000, 113045, 0, 0
1049000, 114330, 0, 0
1050000, 120571, 0, 0
1051000, 122147, 0, 0
1052000, 114799, 0, 0
1053000, 113277, 0, 0
1054000, 112919, 0, 0
1055000, 115545, 0, 0
1056000, 114676, 0, 0
1057000, 118553, 0, 0
1058000, 115717, 0, 0
1059000, 114287, 0, 0
1060000, 115585, 0, 0
1061000, 119565, 0, 0
1062000, 124344, 0, 0
1063000, 126901, 0, 0
1064007, 203550, 0, 0
1065000, 168169, 0, 0
1066000, 189384, 0, 0
1067000, 144081, 0, 0
1068000, 114729, 0, 0
1069000, 114036, 0, 0
1070000, 115868, 0, 0
1071000, 119630, 0, 0
1072000, 123666, 0, 0
1073000, 112773, 0, 0
1074000, 116960, 0, 0
1075000, 114079, 0, 0
1076000, 115967, 0, 0
1077000, 119038, 0, 0
1078000, 115946, 0, 0
1079000, 113086, 0, 0
1080000, 119034, 0, 0
1081000, 119959, 0, 0
1082000, 117672, 0, 0
1083000, 125689, 0, 0
1084000, 122120, 0, 0
1085000, 113341, 0, 0
1086000, 117659, 0, 0
1087000, 115603, 0, 0
1088000, 118337, 0, 0
1089000, 122004, 0, 0
1090000, 245618, 0, 0
1091000, 198710, 0, 0
1092000, 126118, 0, 0
1093000, 117002, 0, 0
1094000, 115184, 0, 0
1095000, 114982, 0, 0
1096000, 113648, 0, 0
1097000, 117250, 0, 0
1098000, 119761, 0, 0
1099000, 119868, 0, 0
1100000, 116054, 0, 0
1101000, 123386, 0, 0
1102000, 124757, 0, 0
1103000, 126933, 0, 0
1104000, 124492, 0, 0
1105000, 124492, 0, 0
1106000, 119205, 0, 0
1107000, 115814, 0, 0
1108000, 120154, 0, 0
1109000, 149284, 0, 0
1110000, 116124, 0, 0
1111000, 122780, 0, 0
1112000, 116810, 0, 0
1113000, 116954, 0, 0
1114000, 116003, 0, 0
1115000, 114762, 0, 0
1116000, 114301, 0, 0
1117000, 112627, 0, 0
1118000, 122098, 0, 0
1119000, 120736, 0, 0
1120000, 115714, 0, 0
1121000, 113336, 0, 0
1122000, 111695, 0, 0
1123000, 114787, 0, 0
1124000, 115933, 0, 0
1125000, 115346, 0, 0
1126000, 112822, 0, 0
1127000, 112908, 0, 0
1128000, 115556, 0, 0
1129000, 116360, 0, 0
1130000, 115927, 0, 0
1131000, 116436, 0, 0
1132000, 113101, 0, 0
1133000, 115943, 0, 0
1134000, 115707, 0, 0
1135000, 116962, 0, 0
1136000, 115978, 0, 0
1137000, 114670, 0, 0
1138000, 115588, 0, 0
1139000, 118089, 0, 0
1140000, 118176, 0, 0
1141000, 115628, 0, 0
1142000, 111929, 0, 0
1143000, 112589, 0, 0
1144000, 115870, 0, 0
1145000, 114354, 0, 0
1146000, 110626, 0, 0
1147000, 111834, 0, 0
1148000, 111732, 0, 0
1149000, 115270, 0, 0
1150000, 116030, 0, 0
1151000, 115562, 0, 0
1152000, 114865, 0, 0
1153000, 119046, 0, 0
1154000, 140600, 0, 0
1155000, 115153, 0, 0
1156000, 115310, 0, 0
1157000, 113732, 0, 0
1158000, 113106, 0, 0
1159000, 114447, 0, 0
1160000, 149078, 0, 0
1161000, 194253, 0, 0
1162000, 190955, 0, 0
1163000, 130624, 0, 0
1164000, 114462, 0, 0
1165000, 115187, 0, 0
1166000, 114763, 0, 0
1167000, 111136, 0, 0
1168000, 112869, 0, 0
1169000, 112444, 0, 0
1170000, 115811, 0, 0
1171000, 113348, 0, 0
1172000, 118052, 0, 0
1173000, 114723, 0, 0
1174000, 115132, 0, 0
1175000, 115237, 0, 0
1176000, 116156, 0, 0
1177000, 114477, 0, 0
1178000, 113109, 0, 0
1179000, 110880, 0, 0
1180000, 117092, 0, 0
1181000, 114969, 0, 0
1182000, 118979, 0, 0
1183000, 117169, 0, 0
1184000, 115800, 0, 0
1185000, 114581, 0, 0
1186000, 115728, 0, 0
1187000, 123475, 0, 0
1188000, 114344, 0, 0
1189000, 116972, 0, 0
1190000, 116609, 0, 0
1191000, 119762, 0, 0
1192000, 118550, 0, 0
1193000, 115558, 0, 0
1194000, 113399, 0, 0
1195000, 112543, 0, 0
1196000, 113553, 0, 0
1197000, 114961, 0, 0
1198000, 177410, 0, 0
1199000, 117951, 0, 0
1200000, 114011, 0, 0
