1044, 769324382, 0, 0
2025, 435457077, 0, 0
3034, 373035108, 0, 0
4006, 416138430, 0, 0
5047, 385978073, 0, 0
6035, 391225368, 0, 0
7027, 423404906, 0, 0
8019, 430215775, 0, 0
9063, 414484963, 0, 0
10046, 441608793, 0, 0
11029, 409174251, 0, 0
12071, 381572688, 0, 0
13050, 393900732, 0, 0
14031, 452577403, 0, 0
15024, 400653361, 0, 0
16009, 394952100, 0, 0
17002, 431994382, 0, 0
18010, 377607953, 0, 0
19000, 388424598, 0, 0
20055, 385096138, 0, 0
21066, 431300075, 0, 0
22040, 409414295, 0, 0
23033, 392507165, 0, 0
24035, 426476130, 0, 0
25046, 496577484, 0, 0
26028, 458937871, 0, 0
27063, 426461699, 0, 0
28002, 387664964, 0, 0
29029, 368990243, 0, 0
30057, 414907515, 0, 0
31044, 413817452, 0, 0
32005, 394690709, 0, 0
33023, 404660412, 0, 0
34053, 401239272, 0, 0
35026, 408119963, 0, 0
36034, 230574680, 0, 0
37018, 373231510, 0, 0
38054, 410276806, 0, 0
39058, 440707001, 0, 0
40061, 404967718, 0, 0
41004, 438360781, 0, 0
42051, 391753847, 0, 0
43050, 408204495, 0, 0
44015, 411385425, 0, 0
45052, 423379177, 0, 0
46020, 398917129, 0, 0
47005, 417046623, 0, 0
48004, 389217572, 0, 0
49054, 406368336, 0, 0
50012, 397404375, 0, 0
51023, 391077987, 0, 0
52038, 419043921, 0, 0
53023, 403443534, 0, 0
54057, 415282529, 0, 0
55046, 422958403, 0, 0
56068, 391307767, 0, 0
57004, 423693305, 0, 0
58019, 411701884, 0, 0
59035, 373246188, 0, 0
60061, 412003841, 0, 0
61032, 377092686, 0, 0
62027, 433977230, 0, 0
63007, 422432498, 0, 0
64021, 415487315, 0, 0
65029, 406403054, 0, 0
66031, 406538059, 0, 0
67032, 401228556, 0, 0
68042, 395109014, 0, 0
69035, 376856667, 0, 0
70037, 412905057, 0, 0
71057, 418281302, 0, 0
72056, 397880771, 0, 0
73064, 381015873, 0, 0
74050, 356089469, 0, 0
75011, 368964859, 0, 0
76014, 385547068, 0, 0
77058, 421988509, 0, 0
78022, 403298415, 0, 0
79014, 422135882, 0, 0
80019, 412806924, 0, 0
81012, 396358386, 0, 0
82030, 429965062, 0, 0
83033, 391341272, 0, 0
84028, 408000384, 0, 0
85016, 359367298, 0, 0
86000, 366322975, 0, 0
87025, 383895834, 0, 0
88018, 395535453, 0, 0
89029, 381276711, 0, 0
90004, 355797139, 0, 0
91001, 395186746, 0, 0
92005, 396628955, 0, 0
93058, 391848835, 0, 0
94008, 410044352, 0, 0
95002, 394695918, 0, 0
96035, 384998689, 0, 0
97023, 426231400, 0, 0
98067, 393579776, 0, 0
99012, 354177090, 0, 0
100004, 388419185, 0, 0
101025, 433347108, 0, 0
102004, 390650622, 0, 0
103043, 363376299, 0, 0
104035, 393685235, 0, 0
105041, 396296313, 0, 0
106065, 415352613, 0, 0
107031, 399070519, 0, 0
108001, 337973561, 0, 0
109000, 388026469, 0, 0
110058, 358231563, 0, 0
111007, 375433431, 0, 0
112000, 385884769, 0, 0
113027, 423625100, 0, 0
114038, 386890088, 0, 0
115023, 392783867, 0, 0
116026, 397539086, 0, 0
117051, 433534629, 0, 0
118052, 463532683, 0, 0
119051, 392744172, 0, 0
120047, 420161659, 0, 0
121042, 391699105, 0, 0
122005, 406057132, 0, 0
123052, 363501370, 0, 0
124055, 408276859, 0, 0
125038, 411210133, 0, 0
126004, 370020753, 0, 0
127045, 376452656, 0, 0
128047, 385030070, 0, 0
129026, 400277815, 0, 0
130038, 374437220, 0, 0
131024, 400186212, 0, 0
132027, 412971657, 0, 0
133043, 383516236, 0, 0
134026, 435313829, 0, 0
135007, 432308711, 0, 0
136032, 394151613, 0, 0
137023, 442035745, 0, 0
138060, 370738016, 0, 0
139061, 374662051, 0, 0
140054, 407158709, 0, 0
141062, 424074763, 0, 0
142048, 385156395, 0, 0
143000, 347386712, 0, 0
144051, 379921898, 0, 0
145069, 377962621, 0, 0
146016, 375342230, 0, 0
147006, 355962740, 0, 0
148058, 427958298, 0, 0
149010, 392822288, 0, 0
150043, 408264840, 0, 0
151054, 428244226, 0, 0
152030, 383159095, 0, 0
153065, 341280884, 0, 0
154056, 395685455, 0, 0
155062, 408169510, 0, 0
156022, 371252241, 0, 0
157005, 367661014, 0, 0
158009, 377410551, 0, 0
159026, 398697270, 0, 0
160049, 390532926, 0, 0
161046, 381779722, 0, 0
162011, 417163158, 0, 0
163012, 399146699, 0, 0
164044, 389930358, 0, 0
165043, 380839220, 0, 0
166028, 410418828, 0, 0
167017, 354372024, 0, 0
168035, 349302179, 0, 0
169030, 355931862, 0, 0
170046, 405541621, 0, 0
171022, 379958875, 0, 0
172037, 412504932, 0, 0
173071, 351028030, 0, 0
174033, 432785158, 0, 0
175036, 381900693, 0, 0
176015, 377618893, 0, 0
177031, 387160236, 0, 0
178006, 397406182, 0, 0
179063, 415587055, 0, 0
180065, 386369231, 0, 0
181015, 405489458, 0, 0
182040, 417296115, 0, 0
183017, 429857446, 0, 0
184002, 444666721, 0, 0
185062, 432140932, 0, 0
186043, 386519642, 0, 0
187000, 383739243, 0, 0
188047, 400443447, 0, 0
189023, 390826348, 0, 0
190000, 413176697, 0, 0
191029, 378786804, 0, 0
192024, 377694412, 0, 0
193054, 350589805, 0, 0
194064, 374918354, 0, 0
195059, 388050113, 0, 0
196005, 418153231, 0, 0
197025, 358654524, 0, 0
198056, 365482420, 0, 0
199054, 357144176, 0, 0
200023, 408582300, 0, 0
201052, 380099466, 0, 0
202012, 434133625, 0, 0
203038, 395134271, 0, 0
204002, 383689411, 0, 0
205010, 407814467, 0, 0
206010, 398495047, 0, 0
207018, 401491592, 0, 0
208004, 409769250, 0, 0
209048, 401701908, 0, 0
210011, 357993956, 0, 0
211025, 408106701, 0, 0
212051, 406209777, 0, 0
213068, 417043536, 0, 0
214010, 365119245, 0, 0
215068, 395270532, 0, 0
216059, 403029414, 0, 0
217026, 378165071, 0, 0
218023, 396035712, 0, 0
219034, 431394586, 0, 0
220045, 358761382, 0, 0
221042, 407069636, 0, 0
222059, 384910292, 0, 0
223007, 399011592, 0, 0
224050, 394897270, 0, 0
225028, 402963941, 0, 0
226050, 395277253, 0, 0
227024, 390497125, 0, 0
228018, 388732300, 0, 0
229064, 391703531, 0, 0
230011, 353164711, 0, 0
231039, 364425647, 0, 0
232041, 386578689, 0, 0
233063, 368256734, 0, 0
234055, 408599443, 0, 0
235008, 409134073, 0, 0
236029, 364593363, 0, 0
237056, 428910721, 0, 0
238025, 430637736, 0, 0
239062, 400972168, 0, 0
240035, 389616383, 0, 0
241026, 404379257, 0, 0
242031, 420214930, 0, 0
243017, 416576220, 0, 0
244032, 420967856, 0, 0
245056, 381750180, 0, 0
246039, 395242937, 0, 0
247040, 391742159, 0, 0
248039, 379596231, 0, 0
249001, 416525067, 0, 0
250066, 434071897, 0, 0
251018, 407786746, 0, 0
252009, 440158582, 0, 0
253039, 423278898, 0, 0
254006, 394234855, 0, 0
255003, 388326457, 0, 0
256007, 412057872, 0, 0
257061, 397521274, 0, 0
258023, 390810056, 0, 0
259005, 386777123, 0, 0
260007, 354983729, 0, 0
261026, 350332122, 0, 0
262040, 408959842, 0, 0
263033, 402197983, 0, 0
264032, 400476259, 0, 0
265035, 425009525, 0, 0
266022, 401445608, 0, 0
267042, 407315007, 0, 0
268021, 405340568, 0, 0
269012, 426418119, 0, 0
270014, 410626981, 0, 0
271035, 392263127, 0, 0
272049, 408494475, 0, 0
273066, 392440934, 0, 0
274044, 365198094, 0, 0
275057, 376856253, 0, 0
276054, 406939330, 0, 0
277011, 424074763, 0, 0
278018, 404427046, 0, 0
279047, 387085425, 0, 0
280060, 391835619, 0, 0
281006, 368828365, 0, 0
282005, 393700741, 0, 0
283036, 406890653, 0, 0
284010, 390493372, 0, 0
285003, 345923002, 0, 0
286026, 377499576, 0, 0
287039, 356233252, 0, 0
288011, 388678161, 0, 0
289031, 403095492, 0, 0
290017, 389985751, 0, 0
291039, 389756859, 0, 0
292048, 382613883, 0, 0
293047, 415742109, 0, 0
294021, 395455704, 0, 0
295029, 394836705, 0, 0
296009, 402664053, 0, 0
297027, 400413971, 0, 0
298044, 434896317, 0, 0
299024, 392642750, 0, 0
300072, 376933030, 0, 0
301014, 423210019, 0, 0
302026, 421130264, 0, 0
303039, 409653005, 0, 0
304045, 390790572, 0, 0
305031, 391930234, 0, 0
306049, 351146373, 0, 0
307046, 373448798, 0, 0
308040, 413926837, 0, 0
309021, 370244330, 0, 0
310053, 416081704, 0, 0
311048, 395783649, 0, 0
312059, 398514053, 0, 0
313045, 362763369, 0, 0
314008, 394518229, 0, 0
315049, 407519055, 0, 0
316050, 396955779, 0, 0
317051, 399411889, 0, 0
318039, 389101528, 0, 0
319045, 370921306, 0, 0
320002, 407053558, 0, 0
321043, 363488730, 0, 0
322043, 400343649, 0, 0
323025, 404496788, 0, 0
324018, 391008014, 0, 0
325013, 368564173, 0, 0
326023, 392278185, 0, 0
327008, 329050792, 0, 0
328064, 393891604, 0, 0
329016, 424036424, 0, 0
330001, 406669428, 0, 0
331026, 404097193, 0, 0
332030, 402682763, 0, 0
333012, 349082014, 0, 0
334054, 400800894, 0, 0
335028, 349178828, 0, 0
336050, 382477244, 0, 0
337063, 379556301, 0, 0
338049, 397340630, 0, 0
339054, 402721746, 0, 0
340014, 360759359, 0, 0
341054, 422859356, 0, 0
342044, 408784677, 0, 0
343057, 359186824, 0, 0
344029, 340722884, 0, 0
345052, 391658658, 0, 0
346039, 381575417, 0, 0
347028, 399556024, 0, 0
348033, 389977922, 0, 0
349029, 382216040, 0, 0
350001, 391857736, 0, 0
351063, 402331952, 0, 0
352060, 421249353, 0, 0
353043, 414310988, 0, 0
354009, 393567179, 0, 0
355018, 377465992, 0, 0
356063, 377340472, 0, 0
357021, 391183055, 0, 0
358066, 393023346, 0, 0
359054, 363742793, 0, 0
360054, 383739870, 0, 0
361004, 339155312, 0, 0
362034, 403763683, 0, 0
363001, 391211243, 0, 0
364054, 364759980, 0, 0
365000, 377654596, 0, 0
366040, 425890461, 0, 0
367019, 389660314, 0, 0
368052, 386928185, 0, 0
369057, 423030605, 0, 0
370059, 416019665, 0, 0
371055, 401150634, 0, 0
372016, 407891115, 0, 0
373016, 380257930, 0, 0
374035, 398469720, 0, 0
375054, 375853536, 0, 0
376026, 378228294, 0, 0
377005, 372880257, 0, 0
378038, 379302797, 0, 0
379043, 382945580, 0, 0
380012, 387585750, 0, 0
381006, 406623943, 0, 0
382024, 380590811, 0, 0
383001, 387771659, 0, 0
384008, 353966198, 0, 0
385044, 361606463, 0, 0
386054, 370405823, 0, 0
387073, 363040524, 0, 0
388046, 409766456, 0, 0
389036, 378589570, 0, 0
390055, 395736441, 0, 0
391055, 384415246, 0, 0
392033, 401906976, 0, 0
393019, 429212624, 0, 0
394054, 400259522, 0, 0
395040, 386970097, 0, 0
396023, 401489125, 0, 0
397000, 389141774, 0, 0
398001, 401391071, 0, 0
399060, 362519512, 0, 0
400033, 385087820, 0, 0
401015, 363060281, 0, 0
402044, 375861388, 0, 0
403058, 416624248, 0, 0
404058, 399862979, 0, 0
405056, 369002155, 0, 0
406027, 368773884, 0, 0
407050, 368963002, 0, 0
408003, 350523302, 0, 0
409055, 401717189, 0, 0
410003, 361368935, 0, 0
411007, 399360230, 0, 0
412033, 404566842, 0, 0
413056, 465965317, 0, 0
414012, 384272960, 0, 0
415042, 385881819, 0, 0
416014, 389536936, 0, 0
417041, 411925837, 0, 0
418035, 396645985, 0, 0
419022, 397628158, 0, 0
420024, 350892181, 0, 0
421015, 371577497, 0, 0
422085, 424860969, 0, 0
423023, 410854257, 0, 0
424032, 402730756, 0, 0
425002, 358335207, 0, 0
426048, 367321756, 0, 0
427022, 405340725, 0, 0
428008, 331766578, 0, 0
429038, 364548242, 0, 0
430047, 357666968, 0, 0
431042, 423189443, 0, 0
432042, 378524932, 0, 0
433055, 390539940, 0, 0
434022, 379004583, 0, 0
435021, 389165057, 0, 0
436050, 379940066, 0, 0
437045, 391557523, 0, 0
438052, 362638609, 0, 0
439045, 374094403, 0, 0
440007, 379007674, 0, 0
441029, 388462288, 0, 0
442048, 401232117, 0, 0
443047, 412329887, 0, 0
444015, 406220415, 0, 0
445056, 385332631, 0, 0
446037, 354311729, 0, 0
447022, 379795818, 0, 0
448021, 372114774, 0, 0
449022, 386407951, 0, 0
450049, 384487938, 0, 0
451045, 364931364, 0, 0
452002, 387294968, 0, 0
453011, 373381798, 0, 0
454013, 356218684, 0, 0
455029, 404527610, 0, 0
456011, 385347902, 0, 0
457058, 396768700, 0, 0
458013, 367190640, 0, 0
459060, 355580509, 0, 0
460010, 385381558, 0, 0
461010, 399708434, 0, 0
462045, 377704453, 0, 0
463027, 383268024, 0, 0
464050, 364887922, 0, 0
465025, 385428392, 0, 0
466049, 387065752, 0, 0
467033, 371783177, 0, 0
468003, 338255111, 0, 0
469031, 364335567, 0, 0
470066, 376049039, 0, 0
471034, 370510744, 0, 0
472048, 343444661, 0, 0
473057, 392765967, 0, 0
474018, 352854219, 0, 0
475004, 388287259, 0, 0
476019, 357652245, 0, 0
477059, 403852269, 0, 0
478068, 382943718, 0, 0
479022, 402121438, 0, 0
480021, 411193962, 0, 0
481047, 349588688, 0, 0
482015, 381271644, 0, 0
483004, 386216202, 0, 0
484005, 356527382, 0, 0
485008, 375001195, 0, 0
486008, 387308158, 0, 0
487045, 379254119, 0, 0
488016, 377903434, 0, 0
489052, 393435213, 0, 0
490045, 359720256, 0, 0
491038, 403837572, 0, 0
492035, 355698014, 0, 0
493003, 355923081, 0, 0
494003, 419818484, 0, 0
495034, 390651869, 0, 0
496054, 400829630, 0, 0
497022, 380065773, 0, 0
498055, 383036471, 0, 0
499063, 406189767, 0, 0
500059, 386010142, 0, 0
501037, 352063101, 0, 0
502015, 367984381, 0, 0
503042, 404258186, 0, 0
504012, 429066671, 0, 0
505007, 385110503, 0, 0
506048, 378804719, 0, 0
507011, 359259038, 0, 0
508054, 411701536, 0, 0
509035, 370562716, 0, 0
510047, 405306055, 0, 0
511043, 397091985, 0, 0
512062, 371487457, 0, 0
513017, 373096309, 0, 0
514015, 350305672, 0, 0
515050, 412595342, 0, 0
516000, 374837503, 0, 0
517062, 381681962, 0, 0
518012, 418172324, 0, 0
519003, 361141990, 0, 0
520032, 392237644, 0, 0
521034, 371560528, 0, 0
522002, 418793369, 0, 0
523021, 410163110, 0, 0
524059, 389718527, 0, 0
525026, 355691984, 0, 0
526007, 350838666, 0, 0
527056, 355351876, 0, 0
528051, 384345753, 0, 0
529055, 393429345, 0, 0
530011, 366620106, 0, 0
531017, 365045480, 0, 0
532045, 363427207, 0, 0
533057, 358990045, 0, 0
534018, 360106622, 0, 0
535005, 393791662, 0, 0
536038, 369498815, 0, 0
537085, 391844647, 0, 0
538035, 378924790, 0, 0
539015, 384578995, 0, 0
540002, 327977084, 0, 0
541038, 380924949, 0, 0
542027, 388769128, 0, 0
543015, 398154788, 0, 0
544021, 389630284, 0, 0
545014, 417279703, 0, 0
546036, 389021482, 0, 0
547011, 403872697, 0, 0
548036, 361382954, 0, 0
549053, 383261484, 0, 0
550060, 395269170, 0, 0
551023, 356049841, 0, 0
552034, 364799062, 0, 0
553013, 359786761, 0, 0
554021, 336853209, 0, 0
555000, 369460876, 0, 0
556051, 348740251, 0, 0
557009, 340374913, 0, 0
558050, 339123003, 0, 0
559009, 365473199, 0, 0
560060, 378937659, 0, 0
561041, 386835748, 0, 0
562015, 370360505, 0, 0
563051, 374351591, 0, 0
564005, 403805310, 0, 0
565019, 353770399, 0, 0
566044, 391894002, 0, 0
567003, 386329525, 0, 0
568047, 392084752, 0, 0
569030, 360841411, 0, 0
570028, 350797807, 0, 0
571042, 385715592, 0, 0
572007, 359110518, 0, 0
573019, 360670482, 0, 0
574012, 382726623, 0, 0
575024, 385900848, 0, 0
576010, 377090717, 0, 0
577048, 385225708, 0, 0
578017, 390716705, 0, 0
579034, 319060700, 0, 0
580058, 386626620, 0, 0
581058, 383097348, 0, 0
582061, 355969363, 0, 0
583022, 398637857, 0, 0
584000, 376628466, 0, 0
585015, 376025573, 0, 0
586032, 389520548, 0, 0
587035, 398298786, 0, 0
588022, 392892446, 0, 0
589038, 363057945, 0, 0
590006, 352816073, 0, 0
591039, 362313773, 0, 0
592003, 353605146, 0, 0
593038, 384360833, 0, 0
594051, 338388634, 0, 0
595028, 380713588, 0, 0
596036, 401086090, 0, 0
597018, 397077851, 0, 0
598037, 372269712, 0, 0
599016, 390547677, 0, 0
600020, 382586470, 0, 0
601121, 372304817, 0, 0
602037, 425401716, 0, 0
603014, 363769083, 0, 0
604024, 371384670, 0, 0
605071, 339022073, 0, 0
606029, 365079561, 0, 0
607043, 380880276, 0, 0
608036, 434628532, 0, 0
609063, 358840767, 0, 0
610037, 377454521, 0, 0
611049, 397556327, 0, 0
612054, 368382866, 0, 0
613045, 353007149, 0, 0
614040, 393939967, 0, 0
615024, 391580635, 0, 0
616056, 374888022, 0, 0
617044, 369392778, 0, 0
618032, 405072639, 0, 0
619011, 393399512, 0, 0
620030, 374280308, 0, 0
621019, 380037399, 0, 0
622035, 355875567, 0, 0
623004, 382312077, 0, 0
624055, 367014357, 0, 0
625032, 387231147, 0, 0
626006, 383075872, 0, 0
627009, 351530331, 0, 0
628026, 367865409, 0, 0
629041, 366482090, 0, 0
630042, 380301082, 0, 0
631007, 369888011, 0, 0
632060, 394617164, 0, 0
633000, 368052337, 0, 0
634020, 310588343, 0, 0
635055, 362799461, 0, 0
636010, 356332466, 0, 0
637038, 381932631, 0, 0
638012, 345241323, 0, 0
639060, 381497835, 0, 0
640033, 418613852, 0, 0
641020, 403653190, 0, 0
642000, 377831228, 0, 0
643066, 395682489, 0, 0
644013, 385178636, 0, 0
645042, 358518804, 0, 0
646005, 373796821, 0, 0
647008, 336497291, 0, 0
648051, 384580968, 0, 0
649034, 404515172, 0, 0
650054, 389773144, 0, 0
651045, 399224721, 0, 0
652010, 361299511, 0, 0
653038, 357321873, 0, 0
654003, 331334485, 0, 0
655020, 341249594, 0, 0
656074, 369040887, 0, 0
657004, 413867288, 0, 0
658064, 377875953, 0, 0
659006, 356988199, 0, 0
660038, 373004123, 0, 0
661056, 374021834, 0, 0
662042, 337543341, 0, 0
663029, 381707498, 0, 0
664011, 397130392, 0, 0
665035, 385144710, 0, 0
666000, 390507481, 0, 0
667032, 356309107, 0, 0
668063, 354832000, 0, 0
669031, 418560413, 0, 0
670042, 352568152, 0, 0
671043, 393403366, 0, 0
672005, 374741648, 0, 0
673027, 379712633, 0, 0
674010, 369805728, 0, 0
675057, 371934409, 0, 0
676012, 369683435, 0, 0
677001, 377356896, 0, 0
678057, 407751035, 0, 0
679037, 396267320, 0, 0
680040, 375710978, 0, 0
681038, 369095874, 0, 0
682019, 389952562, 0, 0
683036, 386378307, 0, 0
684028, 386344267, 0, 0
685023, 373851422, 0, 0
686007, 365447328, 0, 0
687003, 390392976, 0, 0
688023, 411358232, 0, 0
689014, 357102337, 0, 0
690067, 364329651, 0, 0
691001, 415182163, 0, 0
692049, 370477801, 0, 0
693002, 387442567, 0, 0
694023, 365686404, 0, 0
695056, 344698626, 0, 0
696005, 392324630, 0, 0
697002, 390649135, 0, 0
698033, 390932078, 0, 0
699060, 379514508, 0, 0
700026, 383185746, 0, 0
701024, 367406002, 0, 0
702054, 426635566, 0, 0
703049, 366597753, 0, 0
704062, 391377734, 0, 0
705039, 379296116, 0, 0
706024, 356914245, 0, 0
707001, 391840859, 0, 0
708004, 365958406, 0, 0
709058, 359608449, 0, 0
710011, 384396799, 0, 0
711038, 404302634, 0, 0
712000, 364832077, 0, 0
713042, 363844243, 0, 0
714023, 357897131, 0, 0
715051, 366184985, 0, 0
716024, 356535993, 0, 0
717057, 388353335, 0, 0
718052, 360878984, 0, 0
719038, 391100348, 0, 0
720033, 397733444, 0, 0
721003, 346874502, 0, 0
722043, 382986540, 0, 0
723008, 365032022, 0, 0
724000, 338657174, 0, 0
725000, 377590038, 0, 0
726039, 335499270, 0, 0
727028, 341454238, 0, 0
728008, 355977580, 0, 0
729039, 373597091, 0, 0
730023, 364846112, 0, 0
731055, 352584392, 0, 0
732031, 391322477, 0, 0
733030, 372018627, 0, 0
734058, 391517507, 0, 0
735021, 386642408, 0, 0
736000, 376691842, 0, 0
737016, 375535532, 0, 0
738060, 357405044, 0, 0
739069, 378917203, 0, 0
740030, 347112788, 0, 0
741001, 366692216, 0, 0
742043, 385553840, 0, 0
743013, 395421388, 0, 0
744036, 386314054, 0, 0
745032, 370864669, 0, 0
746050, 402095362, 0, 0
747037, 382219853, 0, 0
748057, 361305956, 0, 0
749053, 362573346, 0, 0
750034, 348706717, 0, 0
751022, 407876376, 0, 0
752049, 352787735, 0, 0
753006, 359823125, 0, 0
754049, 372442878, 0, 0
755020, 376630079, 0, 0
756037, 350530130, 0, 0
757058, 382581152, 0, 0
758040, 377608809, 0, 0
759016, 366001967, 0, 0
760000, 385763491, 0, 0
761028, 354068989, 0, 0
762011, 360459420, 0, 0
763045, 391358579, 0, 0
764017, 362017708, 0, 0
765049, 357345234, 0, 0
766024, 359572983, 0, 0
767025, 402738125, 0, 0
768038, 388463092, 0, 0
769003, 393416754, 0, 0
770022, 352141000, 0, 0
771011, 365744230, 0, 0
772024, 377632999, 0, 0
773001, 375293215, 0, 0
774008, 328298482, 0, 0
775079, 370131041, 0, 0
776046, 362850178, 0, 0
777037, 394066000, 0, 0
778004, 395953043, 0, 0
779026, 379391440, 0, 0
780059, 330874470, 0, 0
781012, 353668738, 0, 0
782056, 334051586, 0, 0
783047, 380465669, 0, 0
784044, 386145032, 0, 0
785031, 433294767, 0, 0
786006, 363172745, 0, 0
787039, 372008488, 0, 0
788007, 398384588, 0, 0
789006, 371269451, 0, 0
790043, 372687624, 0, 0
791008, 364959190, 0, 0
792039, 394870284, 0, 0
793033, 374017527, 0, 0
794042, 376028689, 0, 0
795014, 346166212, 0, 0
796021, 392004896, 0, 0
797008, 367958957, 0, 0
798049, 377184780, 0, 0
799034, 388392086, 0, 0
800002, 348277199, 0, 0
801042, 382651307, 0, 0
802045, 375542668, 0, 0
803010, 359239766, 0, 0
804010, 344887143, 0, 0
805007, 387021623, 0, 0
806014, 362394051, 0, 0
807045, 358776815, 0, 0
808064, 385098918, 0, 0
809027, 405035396, 0, 0
810010, 374064980, 0, 0
811067, 349883905, 0, 0
812035, 373425372, 0, 0
813020, 373551947, 0, 0
814061, 339042657, 0, 0
815003, 363683779, 0, 0
816016, 383950658, 0, 0
817027, 371554051, 0, 0
818032, 349616569, 0, 0
819014, 373752325, 0, 0
820060, 393740099, 0, 0
821012, 347447891, 0, 0
822050, 454524717, 0, 0
823012, 374501519, 0, 0
824004, 348638004, 0, 0
825032, 383933408, 0, 0
826053, 372510635, 0, 0
827001, 379236825, 0, 0
828057, 361266403, 0, 0
829056, 405995616, 0, 0
830032, 388347266, 0, 0
831003, 364985889, 0, 0
832020, 357343178, 0, 0
833034, 383569569, 0, 0
834013, 359780200, 0, 0
835010, 404918614, 0, 0
836056, 348014978, 0, 0
837051, 353916801, 0, 0
838011, 363656252, 0, 0
839055, 354901823, 0, 0
840063, 352381241, 0, 0
841030, 345575194, 0, 0
842006, 370953040, 0, 0
843066, 395085994, 0, 0
844025, 407469617, 0, 0
845055, 366572370, 0, 0
846009, 373681725, 0, 0
847028, 381378492, 0, 0
848028, 349241380, 0, 0
849000, 361498907, 0, 0
850006, 359049365, 0, 0
851061, 386898634, 0, 0
852041, 379686649, 0, 0
853061, 351118731, 0, 0
854027, 369970023, 0, 0
855045, 370716632, 0, 0
856064, 361435128, 0, 0
857018, 374896860, 0, 0
858010, 369422669, 0, 0
859059, 356194255, 0, 0
860022, 338456752, 0, 0
861014, 346546416, 0, 0
862021, 385126097, 0, 0
863031, 407547272, 0, 0
864048, 395025499, 0, 0
865048, 361777165, 0, 0
866026, 342023053, 0, 0
867052, 369617342, 0, 0
868039, 357207565, 0, 0
869031, 383895564, 0, 0
870020, 380754978, 0, 0
871047, 360969128, 0, 0
872010, 394328651, 0, 0
873066, 371552559, 0, 0
874058, 374359091, 0, 0
875038, 365747361, 0, 0
876048, 393030082, 0, 0
877007, 398998120, 0, 0
878017, 404951037, 0, 0
879026, 347899873, 0, 0
880002, 376016145, 0, 0
881063, 379259350, 0, 0
882067, 379548453, 0, 0
883058, 360418629, 0, 0
884036, 324397065, 0, 0
885030, 346467300, 0, 0
886028, 374535894, 0, 0
887065, 347547787, 0, 0
888012, 317277990, 0, 0
889020, 349906188, 0, 0
890006, 360858350, 0, 0
891058, 418627466, 0, 0
892018, 360319128, 0, 0
893005, 379973657, 0, 0
894036, 369832015, 0, 0
895008, 363637267, 0, 0
896051, 358173909, 0, 0
897043, 359229719, 0, 0
898030, 365184857, 0, 0
899028, 371418484, 0, 0
900049, 430602708, 0, 0
901009, 383569787, 0, 0
902041, 362559243, 0, 0
903060, 363317949, 0, 0
904042, 353662228, 0, 0
905031, 344117981, 0, 0
906062, 364138827, 0, 0
907068, 368729177, 0, 0
908072, 366512833, 0, 0
909000, 355737575, 0, 0
910057, 374064509, 0, 0
911043, 379482886, 0, 0
912051, 404031817, 0, 0
913019, 364337216, 0, 0
914002, 363375289, 0, 0
915055, 341461017, 0, 0
916028, 365129342, 0, 0
917022, 363583398, 0, 0
918003, 386815067, 0, 0
919043, 372066321, 0, 0
920006, 391802684, 0, 0
921057, 374672847, 0, 0
922018, 417653756, 0, 0
923042, 344542871, 0, 0
924052, 371942829, 0, 0
925033, 354465567, 0, 0
926056, 355982761, 0, 0
927043, 337851049, 0, 0
928062, 350664906, 0, 0
929027, 392986947, 0, 0
930042, 354611446, 0, 0
931011, 372981865, 0, 0
932044, 346205288, 0, 0
933050, 417241589, 0, 0
934048, 346803048, 0, 0
935006, 401757245, 0, 0
936039, 368430172, 0, 0
937059, 356513580, 0, 0
938077, 386602663, 0, 0
939021, 348795455, 0, 0
940044, 374659366, 0, 0
941051, 345739985, 0, 0
942050, 352680056, 0, 0
943043, 377145664, 0, 0
944016, 356883871, 0, 0
945058, 368678683, 0, 0
946034, 352751405, 0, 0
947051, 354274000, 0, 0
948014, 353595641, 0, 0
949040, 373149563, 0, 0
950030, 378310958, 0, 0
951061, 341498978, 0, 0
952042, 352995779, 0, 0
953034, 357724241, 0, 0
954053, 359407010, 0, 0
955013, 380780700, 0, 0
956061, 361157195, 0, 0
957059, 385138579, 0, 0
958038, 350517736, 0, 0
959018, 374740683, 0, 0
960023, 368796377, 0, 0
961060, 362281813, 0, 0
962059, 375397599, 0, 0
963036, 362766545, 0, 0
964006, 353376931, 0, 0
965018, 372059050, 0, 0
966036, 415407519, 0, 0
967059, 380438109, 0, 0
968053, 361384047, 0, 0
969017, 370706686, 0, 0
970054, 354964474, 0, 0
971042, 367934563, 0, 0
972035, 365640099, 0, 0
973055, 395573247, 0, 0
974032, 361653746, 0, 0
975016, 364265355, 0, 0
976027, 394735072, 0, 0
977013, 353526087, 0, 0
978063, 373104215, 0, 0
979037, 337320640, 0, 0
980041, 360106412, 0, 0
981065, 368786418, 0, 0
982026, 374241922, 0, 0
983045, 361817786, 0, 0
984016, 345754026, 0, 0
985008, 360720783, 0, 0
986040, 342762288, 0, 0
987045, 371784753, 0, 0
988016, 389444637, 0, 0
989047, 396200945, 0, 0
990025, 380638303, 0, 0
991039, 340158820, 0, 0
992039, 334877018, 0, 0
993003, 335054209, 0, 0
994050, 326260577, 0, 0
995011, 341384562, 0, 0
996046, 372661782, 0, 0
997063, 349117786, 0, 0
998028, 362190375, 0, 0
999043, 364658696, 0, 0
1000015, 382834148, 0, 0
1001021, 357225004, 0, 0
1002054, 362437036, 0, 0
1003069, 361148220, 0, 0
1004023, 373072573, 0, 0
1005006, 391766772, 0, 0
1006006, 353454491, 0, 0
1007002, 381567823, 0, 0
1008066, 374813270, 0, 0
1009053, 358855125, 0, 0
1010057, 362484164, 0, 0
1011037, 399273987, 0, 0
1012065, 327079153, 0, 0
1013045, 365495971, 0, 0
1014024, 347971796, 0, 0
1015027, 350872947, 0, 0
1016035, 337613398, 0, 0
1017034, 373874594, 0, 0
1018016, 348082936, 0, 0
1019038, 351886177, 0, 0
1020004, 356806046, 0, 0
1021048, 375191411, 0, 0
1022046, 363224428, 0, 0
1023060, 400954131, 0, 0
1024039, 353179945, 0, 0
1025043, 381784119, 0, 0
1026054, 355974162, 0, 0
1027035, 359972552, 0, 0
1028069, 423502598, 0, 0
1029031, 388744513, 0, 0
1030013, 368717934, 0, 0
1031059, 357222848, 0, 0
1032031, 347343668, 0, 0
1033037, 355551799, 0, 0
1034038, 351939083, 0, 0
1035023, 338088605, 0, 0
1036031, 365633795, 0, 0
1037010, 366606544, 0, 0
1038044, 355662644, 0, 0
1039051, 344054927, 0, 0
1040060, 378331566, 0, 0
1041039, 354561693, 0, 0
1042040, 370211818, 0, 0
1043029, 367275846, 0, 0
1044026, 322653555, 0, 0
1045035, 373529408, 0, 0
1046065, 368136772, 0, 0
1047046, 360273777, 0, 0
1048046, 367943604, 0, 0
1049018, 353407708, 0, 0
1050018, 361922813, 0, 0
1051042, 440688527, 0, 0
1052025, 400179523, 0, 0
1053037, 382343544, 0, 0
1054007, 357228617, 0, 0
1055001, 391468023, 0, 0
1056022, 327104468, 0, 0
1057057, 352645777, 0, 0
1058062, 376100614, 0, 0
1059020, 387453963, 0, 0
1060043, 379503031, 0, 0
1061007, 349895663, 0, 0
1062016, 319008362, 0, 0
1063014, 376745569, 0, 0
1064058, 369867352, 0, 0
1065038, 362915095, 0, 0
1066051, 363228442, 0, 0
1067052, 370984302, 0, 0
1068026, 318578182, 0, 0
1069015, 394267144, 0, 0
1070057, 360986155, 0, 0
1071055, 384617072, 0, 0
1072023, 386517966, 0, 0
1073044, 349816695, 0, 0
1074030, 378507390, 0, 0
1075045, 378358641, 0, 0
1076011, 349286993, 0, 0
1077058, 354480270, 0, 0
1078023, 355904963, 0, 0
1079040, 360180091, 0, 0
1080005, 403555639, 0, 0
1081066, 378273775, 0, 0
1082065, 371561596, 0, 0
1083036, 348309773, 0, 0
1084054, 362340470, 0, 0
1085052, 359160649, 0, 0
1086043, 366950294, 0, 0
1087022, 347830678, 0, 0
1088003, 361392649, 0, 0
1089033, 335987537, 0, 0
1090016, 384578461, 0, 0
1091054, 342051218, 0, 0
1092022, 401179930, 0, 0
1093057, 353895256, 0, 0
1094027, 323509065, 0, 0
1095027, 404628517, 0, 0
1096058, 407064328, 0, 0
1097025, 391325725, 0, 0
1098043, 373834080, 0, 0
1099041, 373899715, 0, 0
1100020, 406064007, 0, 0
1101056, 350882523, 0, 0
1102039, 349456356, 0, 0
1103056, 388605231, 0, 0
1104003, 366182484, 0, 0
1105003, 364513779, 0, 0
1106056, 404518613, 0, 0
1107032, 334798657, 0, 0
1108057, 401774262, 0, 0
1109011, 331475714, 0, 0
1110001, 393063372, 0, 0
1111024, 355474827, 0, 0
1112001, 393175999, 0, 0
1113015, 398770028, 0, 0
1114055, 378582060, 0, 0
1115039, 347345159, 0, 0
1116045, 304466034, 0, 0
1117044, 357600280, 0, 0
1118007, 377458971, 0, 0
1119054, 359247389, 0, 0
1120061, 385399711, 0, 0
1121007, 397751443, 0, 0
1122047, 379127960, 0, 0
1123032, 381833263, 0, 0
1124004, 382319833, 0, 0
1125019, 354765387, 0, 0
1126021, 355822679, 0, 0
1127013, 373583264, 0, 0
1128025, 353218263, 0, 0
1129008, 415438887, 0, 0
1130028, 354523596, 0, 0
1131044, 352820725, 0, 0
1132038, 400881234, 0, 0
1133035, 357998116, 0, 0
1134027, 343351228, 0, 0
1135031, 380032864, 0, 0
1136011, 403395864, 0, 0
1137003, 400921479, 0, 0
1138016, 380648705, 0, 0
1139043, 396444434, 0, 0
1140037, 352088932, 0, 0
1141043, 387436817, 0, 0
1142064, 335532048, 0, 0
1143042, 357899784, 0, 0
1144046, 387429568, 0, 0
1145064, 416878070, 0, 0
1146045, 337064920, 0, 0
1147016, 362115953, 0, 0
1148066, 361919929, 0, 0
1149003, 385897196, 0, 0
1150045, 371384821, 0, 0
1151034, 370725180, 0, 0
1152057, 346471691, 0, 0
1153028, 343240829, 0, 0
1154045, 369043751, 0, 0
1155072, 392390476, 0, 0
1156052, 382545282, 0, 0
1157019, 371941062, 0, 0
1158068, 359269742, 0, 0
1159017, 384690674, 0, 0
1160029, 377380683, 0, 0
1161055, 351226761, 0, 0
1162041, 365269704, 0, 0
1163011, 374104309, 0, 0
1164038, 354517777, 0, 0
1165036, 370179292, 0, 0
1166017, 360013700, 0, 0
1167024, 344302386, 0, 0
1168050, 364923332, 0, 0
1169046, 387483334, 0, 0
1170028, 347277925, 0, 0
1171045, 339195006, 0, 0
1172006, 375252608, 0, 0
1173039, 384636815, 0, 0
1174012, 361097185, 0, 0
1175058, 340239863, 0, 0
1176034, 351642164, 0, 0
1177030, 406417373, 0, 0
1178005, 369776913, 0, 0
1179060, 364989070, 0, 0
1180006, 374138843, 0, 0
1181048, 314275560, 0, 0
1182079, 405524656, 0, 0
1183006, 390552641, 0, 0
1184028, 353161551, 0, 0
1185016, 351495349, 0, 0
1186008, 395290183, 0, 0
1187057, 382094292, 0, 0
1188037, 325114093, 0, 0
1189001, 375712737, 0, 0
1190058, 396278243, 0, 0
1191031, 345907676, 0, 0
1192032, 355070258, 0, 0
1193007, 327819509, 0, 0
1194038, 369312059, 0, 0
1195058, 398689314, 0, 0
1196001, 358189925, 0, 0
1197057, 371798409, 0, 0
1198059, 345687589, 0, 0
1199049, 394149354, 0, 0
1200054, 355352207, 0, 0
1201062, 442617116, 0, 0
1202001, 418470735, 0, 0
1203063, 428539451, 0, 0
1204000, 394493902, 0, 0
1205011, 335690911, 0, 0
1206051, 354030898, 0, 0
1207046, 367930987, 0, 0
1208033, 355865122, 0, 0
1209039, 369877104, 0, 0
1210019, 350952855, 0, 0
1211011, 379750623, 0, 0
1212067, 340154275, 0, 0
1213035, 373210897, 0, 0
1214065, 354502835, 0, 0
1215049, 342529267, 0, 0
1216059, 328966762, 0, 0
1217041, 372549350, 0, 0
1218038, 378772930, 0, 0
1219038, 377992098, 0, 0
1220055, 385712187, 0, 0
1221034, 357093099, 0, 0
1222010, 360868095, 0, 0
1223059, 389319109, 0, 0
1224024, 371741969, 0, 0
1225055, 356858925, 0, 0
1226050, 375851739, 0, 0
1227046, 382696581, 0, 0
1228030, 383469726, 0, 0
1229012, 347173409, 0, 0
1230038, 353623795, 0, 0
1231055, 349644805, 0, 0
1232000, 363227736, 0, 0
1233004, 376576441, 0, 0
1234055, 357337560, 0, 0
1235036, 348847682, 0, 0
1236037, 395775998, 0, 0
1237055, 333741406, 0, 0
1238034, 344217965, 0, 0
1239011, 352735746, 0, 0
1240009, 379006614, 0, 0
1241000, 370251021, 0, 0
1242038, 371793140, 0, 0
1243049, 368174124, 0, 0
1244037, 369873224, 0, 0
1245050, 382819722, 0, 0
1246063, 371239188, 0, 0
1247034, 365885422, 0, 0
1248068, 337276892, 0, 0
1249007, 344540409, 0, 0
1250013, 366514119, 0, 0
1251033, 378490720, 0, 0
1252057, 363863364, 0, 0
1253021, 347643830, 0, 0
1254028, 353293148, 0, 0
1255026, 356584434, 0, 0
1256039, 336438431, 0, 0
1257055, 346083815, 0, 0
1258024, 343159857, 0, 0
1259053, 374699316, 0, 0
1260049, 379049714, 0, 0
1261032, 359612975, 0, 0
1262035, 394945384, 0, 0
1263046, 388115117, 0, 0
1264039, 345179948, 0, 0
1265015, 372636562, 0, 0
1266066, 369472638, 0, 0
1267036, 352928390, 0, 0
1268053, 348791500, 0, 0
1269026, 379431321, 0, 0
1270002, 334094803, 0, 0
1271030, 380425654, 0, 0
1272032, 371066444, 0, 0
1273013, 405527167, 0, 0
1274004, 418541806, 0, 0
1275047, 368637801, 0, 0
1276049, 329386250, 0, 0
1277026, 364925540, 0, 0
1278022, 362412164, 0, 0
1279022, 390760099, 0, 0
1280041, 352935510, 0, 0
1281000, 398406932, 0, 0
1282049, 357021239, 0, 0
1283019, 388671345, 0, 0
1284055, 344840360, 0, 0
1285018, 336455614, 0, 0
1286036, 369840342, 0, 0
1287012, 360104915, 0, 0
1288057, 381272926, 0, 0
1289046, 382704894, 0, 0
1290066, 355925664, 0, 0
1291002, 350404046, 0, 0
1292064, 380587123, 0, 0
1293009, 378816665, 0, 0
1294054, 374865393, 0, 0
1295009, 383175570, 0, 0
1296021, 358294480, 0, 0
1297048, 377461629, 0, 0
1298030, 367636609, 0, 0
1299051, 383093923, 0, 0
1300047, 356824251, 0, 0
1301017, 355780019, 0, 0
1302014, 377594488, 0, 0
1303025, 342546197, 0, 0
1304019, 404760611, 0, 0
1305014, 416096373, 0, 0
1306048, 372304762, 0, 0
1307056, 378576115, 0, 0
1308015, 359806339, 0, 0
1309028, 347976978, 0, 0
1310038, 372319448, 0, 0
1311041, 353789640, 0, 0
1312062, 360550067, 0, 0
1313062, 347647595, 0, 0
1314035, 355151879, 0, 0
1315045, 360374753, 0, 0
1316019, 361152231, 0, 0
1317002, 381207280, 0, 0
1318046, 340134203, 0, 0
1319042, 361269210, 0, 0
1320045, 376404223, 0, 0
1321019, 370030609, 0, 0
1322015, 394013928, 0, 0
1323002, 357197123, 0, 0
1324056, 370677439, 0, 0
1325043, 358927062, 0, 0
1326039, 379609805, 0, 0
1327007, 329674068, 0, 0
1328043, 368056461, 0, 0
1329005, 368892286, 0, 0
1330063, 362536155, 0, 0
1331034, 361629061, 0, 0
1332006, 368297906, 0, 0
1333001, 374341051, 0, 0
1334006, 363996378, 0, 0
1335033, 365387736, 0, 0
1336021, 346300152, 0, 0
1337032, 330743245, 0, 0
1338003, 349320401, 0, 0
1339060, 344075158, 0, 0
1340028, 370062328, 0, 0
1341005, 401634756, 0, 0
1342042, 366978349, 0, 0
1343028, 379494474, 0, 0
1344026, 355492318, 0, 0
1345041, 331849423, 0, 0
1346020, 365231153, 0, 0
1347030, 360535351, 0, 0
1348003, 343385130, 0, 0
1349018, 370349867, 0, 0
1350002, 369885779, 0, 0
1351007, 328853738, 0, 0
1352020, 353893108, 0, 0
1353067, 383980345, 0, 0
1354016, 366792207, 0, 0
1355063, 342251634, 0, 0
1356063, 375343707, 0, 0
1357061, 353341363, 0, 0
1358038, 397341974, 0, 0
1359043, 358252015, 0, 0
1360017, 373610621, 0, 0
1361059, 379330416, 0, 0
1362015, 356168556, 0, 0
1363019, 393016331, 0, 0
1364002, 399387501, 0, 0
1365011, 342596119, 0, 0
1366045, 351405698, 0, 0
1367040, 386588785, 0, 0
1368054, 359289442, 0, 0
1369019, 443444949, 0, 0
1370066, 371874304, 0, 0
1371027, 378778870, 0, 0
1372058, 377471377, 0, 0
1373026, 379775335, 0, 0
1374028, 343889378, 0, 0
1375054, 354887978, 0, 0
1376019, 354755382, 0, 0
1377057, 399924143, 0, 0
1378028, 357902150, 0, 0
1379037, 344157383, 0, 0
1380039, 344357479, 0, 0
1381057, 342984724, 0, 0
1382035, 329336885, 0, 0
1383076, 365061899, 0, 0
1384011, 359790415, 0, 0
1385046, 334875709, 0, 0
1386012, 349918054, 0, 0
1387051, 421847265, 0, 0
1388041, 320519777, 0, 0
1389056, 377904207, 0, 0
1390019, 364064180, 0, 0
1391035, 392557690, 0, 0
1392008, 370478462, 0, 0
1393009, 386579133, 0, 0
1394016, 414623587, 0, 0
1395040, 374231419, 0, 0
1396004, 342918911, 0, 0
1397031, 336661077, 0, 0
1398022, 367473187, 0, 0
1399037, 390655235, 0, 0
1400040, 364677263, 0, 0
1401019, 375669307, 0, 0
1402004, 355484295, 0, 0
1403031, 376224557, 0, 0
1404060, 369330389, 0, 0
1405013, 370681057, 0, 0
1406053, 363383057, 0, 0
1407001, 377761853, 0, 0
1408032, 399071422, 0, 0
1409028, 369757892, 0, 0
1410013, 356427746, 0, 0
1411036, 386174844, 0, 0
1412039, 378893534, 0, 0
1413056, 383250583, 0, 0
1414025, 355037661, 0, 0
1415009, 341135202, 0, 0
1416046, 376092481, 0, 0
1417004, 376393192, 0, 0
1418021, 395710621, 0, 0
1419041, 395148848, 0, 0
1420019, 397502253, 0, 0
1421024, 369156098, 0, 0
1422004, 379158013, 0, 0
1423050, 387988730, 0, 0
1424052, 374946979, 0, 0
1425043, 357858260, 0, 0
1426017, 379483583, 0, 0
1427044, 361735937, 0, 0
1428013, 386841490, 0, 0
1429036, 357476128, 0, 0
1430049, 359789041, 0, 0
1431035, 385106213, 0, 0
1432054, 348643049, 0, 0
1433044, 380041549, 0, 0
1434005, 369537907, 0, 0
1435021, 356619956, 0, 0
1436058, 361332051, 0, 0
1437052, 370808023, 0, 0
1438063, 349810299, 0, 0
1439005, 348118296, 0, 0
1440012, 328046886, 0, 0
1441060, 360682376, 0, 0
1442055, 365276572, 0, 0
1443049, 377060370, 0, 0
1444020, 354539867, 0, 0
1445053, 362538808, 0, 0
1446010, 358477561, 0, 0
1447023, 361670494, 0, 0
1448065, 398513880, 0, 0
1449047, 325569123, 0, 0
1450048, 366909107, 0, 0
1451021, 356612312, 0, 0
1452005, 361493317, 0, 0
1453001, 364019457, 0, 0
1454067, 359145333, 0, 0
1455060, 387285501, 0, 0
1456066, 361273255, 0, 0
1457036, 339669125, 0, 0
1458055, 396003029, 0, 0
1459027, 378118433, 0, 0
1460060, 366766722, 0, 0
1461013, 350765993, 0, 0
1462030, 373063571, 0, 0
1463042, 329678619, 0, 0
1464031, 412239307, 0, 0
1465054, 389098780, 0, 0
1466031, 389081624, 0, 0
1467000, 368681219, 0, 0
1468033, 362338055, 0, 0
1469067, 324159469, 0, 0
1470063, 362172953, 0, 0
1471001, 395749099, 0, 0
1472013, 361134744, 0, 0
1473017, 374044825, 0, 0
1474064, 375868867, 0, 0
1475052, 358115477, 0, 0
1476020, 368456687, 0, 0
1477030, 363882955, 0, 0
1478057, 333586396, 0, 0
1479005, 345638879, 0, 0
1480007, 363260889, 0, 0
1481009, 354995740, 0, 0
1482044, 364130408, 0, 0
1483019, 343418955, 0, 0
1484059, 386683623, 0, 0
1485037, 368523084, 0, 0
1486031, 397940558, 0, 0
1487026, 388801460, 0, 0
1488011, 347589090, 0, 0
1489003, 363977180, 0, 0
1490033, 341259201, 0, 0
1491006, 386545134, 0, 0
1492030, 408002234, 0, 0
1493027, 371332246, 0, 0
1494035, 395922126, 0, 0
1495018, 379830170, 0, 0
1496039, 355251370, 0, 0
1497053, 359049697, 0, 0
1498052, 383641570, 0, 0
1499051, 380731288, 0, 0
1500025, 348430809, 0, 0
1501026, 397348492, 0, 0
1502056, 457154392, 0, 0
1503036, 493756030, 0, 0
1504041, 437639982, 0, 0
1505031, 354931730, 0, 0
1506019, 357627092, 0, 0
1507006, 389788510, 0, 0
1508037, 356825767, 0, 0
1509045, 376008432, 0, 0
1510067, 366247857, 0, 0
1511024, 375573835, 0, 0
1512010, 363137794, 0, 0
1513015, 375168339, 0, 0
1514003, 342458049, 0, 0
1515034, 360888756, 0, 0
1516031, 388829454, 0, 0
1517056, 372107577, 0, 0
1518002, 340036805, 0, 0
1519050, 371420519, 0, 0
1520046, 391777987, 0, 0
1521044, 403784915, 0, 0
1522050, 378452930, 0, 0
1523003, 379926446, 0, 0
1524075, 388692496, 0, 0
1525044, 368883952, 0, 0
1526002, 383811024, 0, 0
1527051, 371739370, 0, 0
1528058, 343174448, 0, 0
1529019, 357950135, 0, 0
1530039, 364301054, 0, 0
1531030, 398407553, 0, 0
1532035, 348570252, 0, 0
1533048, 347833301, 0, 0
1534023, 361949531, 0, 0
1535065, 362840698, 0, 0
1536013, 347662971, 0, 0
1537000, 391791618, 0, 0
1538036, 414399232, 0, 0
1539038, 332580302, 0, 0
1540003, 348016956, 0, 0
1541010, 376501439, 0, 0
1542034, 375107365, 0, 0
1543030, 368359584, 0, 0
1544011, 417429460, 0, 0
1545013, 393280737, 0, 0
1546054, 346057021, 0, 0
1547071, 415966595, 0, 0
1548036, 354369524, 0, 0
1549022, 385357046, 0, 0
1550047, 352578465, 0, 0
1551050, 357335242, 0, 0
1552012, 357218504, 0, 0
1553029, 336843920, 0, 0
1554045, 366256524, 0, 0
1555027, 394764833, 0, 0
1556025, 385808462, 0, 0
1557018, 412838904, 0, 0
1558041, 399477653, 0, 0
1559058, 386746999, 0, 0
1560051, 390908314, 0, 0
1561036, 368727033, 0, 0
1562064, 376446847, 0, 0
1563049, 358842044, 0, 0
1564059, 371819467, 0, 0
1565004, 358375988, 0, 0
1566004, 337765998, 0, 0
1567019, 389867283, 0, 0
1568001, 396597864, 0, 0
1569047, 358025290, 0, 0
1570025, 396124755, 0, 0
1571043, 352527393, 0, 0
1572038, 386264547, 0, 0
1573006, 365824408, 0, 0
1574050, 364807612, 0, 0
1575038, 332194933, 0, 0
1576049, 397375371, 0, 0
1577020, 374087375, 0, 0
1578047, 382678703, 0, 0
1579043, 362758794, 0, 0
1580038, 388876479, 0, 0
1581013, 397699779, 0, 0
1582006, 354097965, 0, 0
1583034, 353993405, 0, 0
1584058, 388237137, 0, 0
1585033, 401812819, 0, 0
1586002, 358358099, 0, 0
1587041, 376636360, 0, 0
1588033, 367681156, 0, 0
1589051, 355230592, 0, 0
1590067, 396375565, 0, 0
1591016, 356045551, 0, 0
1592071, 350420157, 0, 0
1593044, 379214327, 0, 0
1594055, 414796781, 0, 0
1595004, 405322111, 0, 0
1596008, 371741071, 0, 0
1597045, 362830073, 0, 0
1598001, 371213850, 0, 0
1599027, 356273140, 0, 0
1600010, 362865149, 0, 0
1601020, 334567243, 0, 0
1602019, 367636855, 0, 0
1603033, 371805146, 0, 0
1604032, 373963739, 0, 0
1605034, 381118953, 0, 0
1606037, 364780939, 0, 0
1607056, 347304767, 0, 0
1608043, 360072740, 0, 0
1609030, 391574119, 0, 0
1610042, 365377793, 0, 0
1611020, 352124276, 0, 0
1612039, 352521623, 0, 0
1613061, 411802653, 0, 0
1614001, 358051920, 0, 0
1615055, 393925733, 0, 0
1616045, 388406218, 0, 0
1617055, 398655066, 0, 0
1618045, 378874443, 0, 0
1619038, 374535106, 0, 0
1620013, 363803344, 0, 0
1621041, 375209026, 0, 0
1622021, 380974279, 0, 0
1623012, 359614875, 0, 0
1624030, 386736369, 0, 0
1625028, 390401889, 0, 0
1626022, 391825283, 0, 0
1627023, 387866423, 0, 0
1628016, 431124456, 0, 0
1629054, 381095349, 0, 0
1630037, 380497513, 0, 0
1631005, 366937876, 0, 0
1632021, 399233916, 0, 0
1633072, 373046223, 0, 0
1634063, 415328709, 0, 0
1635004, 385689680, 0, 0
1636061, 352385936, 0, 0
1637053, 367240823, 0, 0
1638060, 389101023, 0, 0
1639024, 396186334, 0, 0
1640050, 356059053, 0, 0
1641061, 359520059, 0, 0
1642038, 345722622, 0, 0
1643013, 380524688, 0, 0
1644051, 367685331, 0, 0
1645006, 343722639, 0, 0
1646015, 367569418, 0, 0
1647054, 381096319, 0, 0
1648014, 371542328, 0, 0
1649060, 390328187, 0, 0
1650017, 377901302, 0, 0
1651041, 362885674, 0, 0
1652033, 377221539, 0, 0
1653047, 414316378, 0, 0
1654029, 384485017, 0, 0
1655029, 357777014, 0, 0
1656021, 411466339, 0, 0
1657016, 391150333, 0, 0
1658053, 384796073, 0, 0
1659057, 374579790, 0, 0
1660001, 394441290, 0, 0
1661022, 352253198, 0, 0
1662006, 328427529, 0, 0
1663041, 368969359, 0, 0
1664037, 384980192, 0, 0
1665036, 363850688, 0, 0
1666049, 390356728, 0, 0
1667034, 359919648, 0, 0
1668012, 379547681, 0, 0
1669024, 381408432, 0, 0
1670062, 398185049, 0, 0
1671031, 383853599, 0, 0
1672047, 390599980, 0, 0
1673019, 353891755, 0, 0
1674017, 368548783, 0, 0
1675028, 353978934, 0, 0
1676062, 408707119, 0, 0
1677053, 369142360, 0, 0
1678024, 356099952, 0, 0
1679054, 364478758, 0, 0
1680030, 359152430, 0, 0
1681011, 422431260, 0, 0
1682056, 381984681, 0, 0
1683019, 392994525, 0, 0
1684000, 385838628, 0, 0
1685020, 387430375, 0, 0
1686022, 392551397, 0, 0
1687042, 397963759, 0, 0
1688010, 386285573, 0, 0
1689003, 368193407, 0, 0
1690013, 356373009, 0, 0
1691008, 365378490, 0, 0
1692060, 375231361, 0, 0
1693027, 360216882, 0, 0
1694045, 415373330, 0, 0
1695029, 371484487, 0, 0
1696028, 410692004, 0, 0
1697038, 357457940, 0, 0
1698018, 373732676, 0, 0
1699056, 385350509, 0, 0
1700017, 389354644, 0, 0
1701056, 415829056, 0, 0
1702032, 358333168, 0, 0
1703012, 382971681, 0, 0
1704027, 391216484, 0, 0
1705035, 393108919, 0, 0
1706041, 384567039, 0, 0
1707046, 381995417, 0, 0
1708003, 394726898, 0, 0
1709047, 357649317, 0, 0
1710044, 391738115, 0, 0
1711043, 383156579, 0, 0
1712010, 411407142, 0, 0
1713042, 370059186, 0, 0
1714015, 399481044, 0, 0
1715051, 334183313, 0, 0
1716048, 349881052, 0, 0
1717037, 363126046, 0, 0
1718000, 385419958, 0, 0
1719018, 364401773, 0, 0
1720000, 399664555, 0, 0
1721016, 386687234, 0, 0
1722030, 392332603, 0, 0
1723058, 373214598, 0, 0
1724044, 354855086, 0, 0
1725057, 444346079, 0, 0
1726018, 387419996, 0, 0
1727056, 364608719, 0, 0
1728060, 383777587, 0, 0
1729051, 398332843, 0, 0
1730000, 387723948, 0, 0
1731026, 366195394, 0, 0
1732038, 385312594, 0, 0
1733016, 361831003, 0, 0
1734003, 370041621, 0, 0
1735040, 356006911, 0, 0
1736043, 359571873, 0, 0
1737018, 380522564, 0, 0
1738019, 399861658, 0, 0
1739066, 391604814, 0, 0
1740011, 398761020, 0, 0
1741054, 392918319, 0, 0
1742019, 385279498, 0, 0
1743051, 392155509, 0, 0
1744038, 441306510, 0, 0
1745010, 381903666, 0, 0
1746044, 364075956, 0, 0
1747016, 360467937, 0, 0
1748050, 362274669, 0, 0
1749024, 390088112, 0, 0
1750033, 391243631, 0, 0
1751047, 382266778, 0, 0
1752057, 398345718, 0, 0
1753062, 382060808, 0, 0
1754015, 347043720, 0, 0
1755050, 364422607, 0, 0
1756024, 386172100, 0, 0
1757039, 368430727, 0, 0
1758006, 400621447, 0, 0
1759067, 376646886, 0, 0
1760036, 355049744, 0, 0
1761034, 401834237, 0, 0
1762055, 388592013, 0, 0
1763037, 372444360, 0, 0
1764032, 399850517, 0, 0
1765001, 390054999, 0, 0
1766001, 374242059, 0, 0
1767055, 396526671, 0, 0
1768040, 408602243, 0, 0
1769049, 404517604, 0, 0
1770030, 435415304, 0, 0
1771054, 401560709, 0, 0
1772043, 423292189, 0, 0
1773032, 398927564, 0, 0
1774019, 396531409, 0, 0
1775021, 391348170, 0, 0
1776013, 415948172, 0, 0
1777060, 375072838, 0, 0
1778052, 403643744, 0, 0
1779049, 378896336, 0, 0
1780028, 391294173, 0, 0
1781043, 395186012, 0, 0
1782010, 377300401, 0, 0
1783036, 372017756, 0, 0
1784041, 389921387, 0, 0
1785010, 388722460, 0, 0
1786018, 413566531, 0, 0
1787064, 395098249, 0, 0
1788032, 406660217, 0, 0
1789052, 375161748, 0, 0
1790036, 390300236, 0, 0
1791071, 370360122, 0, 0
1792004, 387208229, 0, 0
1793005, 375121357, 0, 0
1794016, 383578066, 0, 0
1795053, 379228836, 0, 0
1796053, 422702106, 0, 0
1797060, 375377836, 0, 0
1798000, 402504764, 0, 0
1799039, 400688166, 0, 0
1800018, 387269424, 0, 0
1801068, 363599125, 0, 0
1802003, 411733780, 0, 0
1803000, 485869099, 0, 0
1804043, 391259267, 0, 0
1805038, 341204623, 0, 0
1806030, 386453468, 0, 0
1807028, 379164974, 0, 0
1808009, 382396380, 0, 0
1809002, 370820133, 0, 0
1810067, 420100439, 0, 0
1811056, 376775797, 0, 0
1812013, 403817238, 0, 0
1813032, 412448035, 0, 0
1814036, 382403259, 0, 0
1815005, 392923602, 0, 0
1816055, 374686836, 0, 0
1817042, 416007821, 0, 0
1818070, 384097337, 0, 0
1819061, 430212719, 0, 0
1820035, 409741529, 0, 0
1821059, 408672046, 0, 0
1822055, 373411375, 0, 0
1823054, 398391705, 0, 0
1824022, 393401603, 0, 0
1825042, 366605393, 0, 0
1826037, 366650194, 0, 0
1827035, 407327971, 0, 0
1828062, 398846360, 0, 0
1829059, 366099627, 0, 0
1830029, 394443239, 0, 0
1831017, 405237943, 0, 0
1832037, 420044955, 0, 0
1833048, 398700548, 0, 0
1834034, 391810093, 0, 0
1835040, 428914556, 0, 0
1836003, 398176372, 0, 0
1837065, 405341899, 0, 0
1838064, 373909843, 0, 0
1839039, 384814415, 0, 0
1840003, 385024333, 0, 0
1841029, 387191204, 0, 0
1842060, 384002362, 0, 0
1843036, 371584853, 0, 0
1844038, 419486517, 0, 0
1845011, 424647167, 0, 0
1846008, 428376817, 0, 0
1847005, 420547528, 0, 0
1848022, 399583075, 0, 0
1849044, 375044229, 0, 0
1850004, 391365080, 0, 0
1851020, 370048071, 0, 0
1852000, 393832822, 0, 0
1853028, 389417292, 0, 0
1854055, 361240153, 0, 0
1855011, 385815180, 0, 0
1856059, 406736156, 0, 0
1857024, 418782804, 0, 0
1858051, 383835758, 0, 0
1859033, 400588443, 0, 0
1860011, 394116382, 0, 0
1861050, 375663862, 0, 0
1862004, 394355065, 0, 0
1863046, 395586005, 0, 0
1864031, 410215119, 0, 0
1865005, 398697347, 0, 0
1866008, 384973436, 0, 0
1867007, 415166529, 0, 0
1868016, 400902750, 0, 0
1869014, 375130127, 0, 0
1870032, 389827370, 0, 0
1871046, 389644840, 0, 0
1872049, 380799688, 0, 0
1873050, 430819087, 0, 0
1874051, 372846700, 0, 0
1875038, 372184994, 0, 0
1876037, 417970121, 0, 0
1877004, 380082006, 0, 0
1878049, 407828639, 0, 0
1879029, 416508655, 0, 0
1880042, 436606674, 0, 0
1881026, 417879553, 0, 0
1882045, 403523869, 0, 0
1883021, 428129436, 0, 0
1884049, 384986849, 0, 0
1885063, 399342372, 0, 0
1886038, 398907765, 0, 0
1887048, 410504850, 0, 0
1888067, 396206903, 0, 0
1889058, 382715323, 0, 0
1890045, 398434032, 0, 0
1891020, 383107209, 0, 0
1892020, 392595414, 0, 0
1893001, 414732286, 0, 0
1894003, 390896766, 0, 0
1895042, 405300025, 0, 0
1896021, 393268031, 0, 0
1897043, 408443470, 0, 0
1898013, 402388165, 0, 0
1899058, 389050782, 0, 0
1900070, 425096530, 0, 0
1901042, 488507373, 0, 0
1902015, 399779122, 0, 0
1903060, 432833722, 0, 0
1904001, 399643870, 0, 0
1905040, 401421166, 0, 0
1906060, 429975325, 0, 0
1907026, 385432653, 0, 0
1908043, 405660907, 0, 0
1909047, 400771588, 0, 0
1910054, 406181262, 0, 0
1911051, 420278063, 0, 0
1912020, 401606370, 0, 0
1913003, 393816992, 0, 0
1914055, 395333088, 0, 0
1915035, 409387945, 0, 0
1916002, 372318018, 0, 0
1917041, 374803407, 0, 0
1918003, 396558604, 0, 0
1919019, 393032038, 0, 0
1920101, 375998366, 0, 0
1921010, 395250655, 0, 0
1922039, 409443764, 0, 0
1923000, 385237157, 0, 0
1924038, 392330329, 0, 0
1925020, 410874265, 0, 0
1926000, 393109300, 0, 0
1927037, 420114121, 0, 0
1928040, 429114376, 0, 0
1929056, 419826413, 0, 0
1930054, 411345331, 0, 0
1931016, 389222306, 0, 0
1932000, 394429073, 0, 0
1933034, 383407565, 0, 0
1934054, 398108077, 0, 0
1935054, 415953540, 0, 0
1936034, 422601222, 0, 0
1937068, 408149882, 0, 0
1938033, 421530543, 0, 0
1939007, 416777297, 0, 0
1940039, 412189144, 0, 0
1941033, 391148575, 0, 0
1942026, 406533019, 0, 0
1943018, 430268416, 0, 0
1944052, 396619512, 0, 0
1945053, 400544881, 0, 0
1946021, 387853515, 0, 0
1947001, 412192469, 0, 0
1948002, 396415374, 0, 0
1949002, 409958567, 0, 0
1950065, 396648019, 0, 0
1951059, 407414616, 0, 0
1952014, 428560487, 0, 0
1953010, 390342094, 0, 0
1954051, 402810226, 0, 0
1955051, 392535603, 0, 0
1956002, 464061629, 0, 0
1957059, 418137983, 0, 0
1958044, 420193020, 0, 0
1959009, 376983278, 0, 0
1960043, 410282108, 0, 0
1961081, 413498355, 0, 0
1962000, 409686711, 0, 0
1963027, 381174367, 0, 0
1964054, 386000153, 0, 0
1965002, 449787298, 0, 0
1966053, 423669015, 0, 0
1967044, 399808849, 0, 0
1968019, 386317043, 0, 0
1969011, 389007482, 0, 0
1970008, 437699686, 0, 0
1971065, 407125488, 0, 0
1972046, 426621109, 0, 0
1973059, 451610897, 0, 0
1974022, 402671035, 0, 0
1975037, 364509228, 0, 0
1976002, 424003108, 0, 0
1977041, 399007131, 0, 0
1978035, 439408840, 0, 0
1979007, 407087109, 0, 0
1980058, 419679959, 0, 0
1981066, 426940342, 0, 0
1982032, 424807868, 0, 0
1983065, 412342024, 0, 0
1984066, 423773593, 0, 0
1985001, 416842791, 0, 0
1986012, 425430016, 0, 0
1987055, 423402236, 0, 0
1988046, 414919599, 0, 0
1989031, 458520683, 0, 0
1990053, 422788048, 0, 0
1991051, 406250076, 0, 0
1992040, 422992559, 0, 0
1993017, 439823401, 0, 0
1994054, 406758699, 0, 0
1995048, 407577647, 0, 0
1996000, 444463611, 0, 0
1997064, 441046596, 0, 0
1998032, 431102050, 0, 0
1999024, 463807727, 0, 0
2000057, 398011869, 0, 0
2001047, 419761771, 0, 0
2002008, 398086587, 0, 0
2003039, 431454009, 0, 0
2004022, 405801587, 0, 0
2005048, 409827646, 0, 0
2006014, 412666135, 0, 0
2007055, 400625907, 0, 0
2008027, 416116858, 0, 0
2009018, 385370961, 0, 0
2010049, 400088523, 0, 0
2011055, 413569911, 0, 0
2012056, 381764947, 0, 0
2013047, 412506484, 0, 0
2014009, 394526147, 0, 0
2015058, 418060248, 0, 0
2016036, 411178589, 0, 0
2017019, 404968723, 0, 0
2018000, 364331881, 0, 0
2019016, 418393105, 0, 0
2020052, 408471449, 0, 0
2021054, 436744929, 0, 0
2022034, 389233301, 0, 0
2023060, 408699867, 0, 0
2024012, 402162069, 0, 0
2025010, 424121822, 0, 0
2026018, 408090964, 0, 0
2027006, 414084134, 0, 0
2028027, 420961158, 0, 0
2029043, 395105304, 0, 0
2030065, 404245804, 0, 0
2031056, 413085896, 0, 0
2032035, 458557344, 0, 0
2033010, 403971922, 0, 0
2034043, 416625577, 0, 0
2035061, 403267746, 0, 0
2036058, 452197178, 0, 0
2037043, 452378888, 0, 0
2038060, 424233884, 0, 0
2039062, 415977232, 0, 0
2040046, 422556521, 0, 0
2041019, 376553184, 0, 0
2042020, 428730324, 0, 0
2043003, 384098750, 0, 0
2044014, 428633876, 0, 0
2045042, 394241939, 0, 0
2046001, 427099790, 0, 0
2047049, 411557055, 0, 0
2048057, 412778149, 0, 0
2049014, 420653151, 0, 0
2050030, 409834331, 0, 0
2051007, 433262719, 0, 0
2052028, 394642652, 0, 0
2053030, 392798287, 0, 0
2054027, 421509597, 0, 0
2055034, 429639277, 0, 0
2056026, 435191571, 0, 0
2057047, 400651879, 0, 0
2058025, 382413295, 0, 0
2059021, 387465029, 0, 0
2060040, 422853235, 0, 0
2061049, 455688296, 0, 0
2062062, 424860518, 0, 0
2063042, 398834052, 0, 0
2064017, 406002771, 0, 0
2065011, 437290961, 0, 0
2066026, 405580014, 0, 0
2067011, 398940102, 0, 0
2068016, 424877324, 0, 0
2069063, 424380316, 0, 0
2070037, 415115121, 0, 0
2071015, 440585165, 0, 0
2072062, 410947190, 0, 0
2073028, 420533592, 0, 0
2074023, 430115794, 0, 0
2075052, 400804233, 0, 0
2076037, 396683797, 0, 0
2077051, 408633646, 0, 0
2078019, 421795786, 0, 0
2079008, 432402593, 0, 0
2080005, 431461423, 0, 0
2081053, 444770209, 0, 0
2082016, 425373701, 0, 0
2083044, 462891053, 0, 0
2084058, 419295790, 0, 0
2085022, 430000016, 0, 0
2086004, 452595753, 0, 0
2087053, 425962612, 0, 0
2088034, 416628348, 0, 0
2089054, 437603561, 0, 0
2090053, 445730309, 0, 0
2091026, 432302165, 0, 0
2092008, 403232478, 0, 0
2093046, 414181113, 0, 0
2094049, 458663450, 0, 0
2095045, 426084439, 0, 0
2096064, 421391687, 0, 0
2097024, 403137806, 0, 0
2098057, 412967670, 0, 0
2099014, 433048697, 0, 0
2100020, 448872611, 0, 0
2101002, 444773006, 0, 0
2102046, 419360757, 0, 0
2103009, 417728816, 0, 0
2104029, 436848265, 0, 0
2105053, 439641153, 0, 0
2106020, 425093232, 0, 0
2107047, 423136683, 0, 0
2108046, 412891958, 0, 0
2109008, 409562024, 0, 0
2110029, 407771812, 0, 0
2111021, 420288741, 0, 0
2112032, 431543065, 0, 0
2113037, 405371821, 0, 0
2114066, 424891522, 0, 0
2115019, 387951656, 0, 0
2116032, 415206149, 0, 0
2117008, 429937630, 0, 0
2118034, 408276163, 0, 0
2119050, 406746550, 0, 0
2120017, 420090669, 0, 0
2121028, 436641642, 0, 0
2122007, 424313579, 0, 0
2123029, 410037620, 0, 0
2124013, 397089077, 0, 0
2125016, 396932041, 0, 0
2126048, 444641033, 0, 0
2127054, 394143701, 0, 0
2128041, 433300609, 0, 0
2129043, 420941028, 0, 0
2130010, 405747243, 0, 0
2131055, 416050952, 0, 0
2132061, 419243631, 0, 0
2133011, 450297121, 0, 0
2134054, 426061339, 0, 0
2135048, 427155065, 0, 0
2136028, 450881689, 0, 0
2137041, 416505084, 0, 0
2138002, 437712567, 0, 0
2139028, 424541749, 0, 0
2140010, 442914572, 0, 0
2141058, 401764145, 0, 0
2142035, 423819404, 0, 0
2143021, 460611225, 0, 0
2144030, 430673056, 0, 0
2145037, 408937998, 0, 0
2146004, 408514985, 0, 0
2147048, 425959383, 0, 0
2148026, 404135564, 0, 0
2149009, 442385537, 0, 0
2150005, 427512910, 0, 0
2151006, 429398233, 0, 0
2152026, 437255032, 0, 0
2153009, 432170046, 0, 0
2154031, 439323000, 0, 0
2155024, 415277101, 0, 0
2156000, 440194846, 0, 0
2157018, 410846411, 0, 0
2158016, 436850092, 0, 0
2159038, 422216665, 0, 0
2160052, 462862301, 0, 0
2161046, 419746338, 0, 0
2162050, 424031101, 0, 0
2163049, 428091079, 0, 0
2164041, 426780596, 0, 0
2165040, 419800283, 0, 0
2166015, 435874304, 0, 0
2167043, 398989217, 0, 0
2168033, 416889262, 0, 0
2169031, 398064076, 0, 0
2170025, 453002186, 0, 0
2171045, 407298575, 0, 0
2172000, 506622906, 0, 0
2173027, 426097101, 0, 0
2174012, 439073213, 0, 0
2175058, 428566790, 0, 0
2176030, 423054951, 0, 0
2177006, 416354915, 0, 0
2178017, 436791907, 0, 0
2179029, 452253723, 0, 0
2180015, 426349943, 0, 0
2181037, 421611468, 0, 0
2182022, 438105969, 0, 0
2183054, 422312099, 0, 0
2184067, 431323202, 0, 0
2185011, 446560170, 0, 0
2186061, 437946873, 0, 0
2187025, 417629678, 0, 0
2188021, 437176972, 0, 0
2189032, 424536144, 0, 0
2190029, 431889207, 0, 0
2191020, 432041946, 0, 0
2192059, 443191359, 0, 0
2193026, 421084765, 0, 0
2194009, 444878202, 0, 0
2195028, 452123385, 0, 0
2196050, 433168763, 0, 0
2197023, 401595652, 0, 0
2198019, 450913001, 0, 0
2199039, 455791924, 0, 0
2200045, 445032034, 0, 0
2201002, 435496678, 0, 0
2202012, 448601070, 0, 0
2203058, 438657621, 0, 0
2204052, 429613790, 0, 0
2205028, 439873145, 0, 0
2206061, 452577176, 0, 0
2207003, 446628053, 0, 0
2208014, 445683230, 0, 0
2209047, 438862801, 0, 0
2210029, 434458736, 0, 0
2211061, 437391693, 0, 0
2212019, 443473481, 0, 0
2213056, 463131310, 0, 0
2214025, 421843999, 0, 0
2215054, 405750237, 0, 0
2216018, 524500613, 0, 0
2217004, 391411916, 0, 0
2218050, 416783058, 0, 0
2219063, 444132496, 0, 0
2220025, 396099316, 0, 0
2221047, 432401582, 0, 0
2222053, 406470143, 0, 0
2223041, 471168280, 0, 0
2224028, 420941894, 0, 0
2225026, 410148701, 0, 0
2226038, 397029723, 0, 0
2227050, 424483036, 0, 0
2228034, 412864474, 0, 0
2229058, 461877167, 0, 0
2230014, 480227285, 0, 0
2231018, 461659716, 0, 0
2232006, 435195491, 0, 0
2233010, 466153046, 0, 0
2234002, 404325147, 0, 0
2235000, 448483019, 0, 0
2236026, 457863818, 0, 0
2237061, 438082713, 0, 0
2238004, 444122338, 0, 0
2239007, 445545186, 0, 0
2240000, 449826047, 0, 0
2241015, 455283836, 0, 0
2242026, 463278772, 0, 0
2243007, 424706188, 0, 0
2244026, 433408725, 0, 0
2245024, 451238780, 0, 0
2246025, 444763046, 0, 0
2247051, 438894551, 0, 0
2248043, 440513974, 0, 0
2249007, 452316989, 0, 0
2250022, 432554440, 0, 0
2251034, 436808233, 0, 0
2252025, 440341882, 0, 0
2253046, 441119384, 0, 0
2254023, 444820725, 0, 0
2255055, 440825170, 0, 0
2256031, 454828713, 0, 0
2257048, 390570795, 0, 0
2258030, 435695783, 0, 0
2259041, 449148143, 0, 0
2260056, 443187621, 0, 0
2261001, 437436229, 0, 0
2262038, 418989695, 0, 0
2263040, 444892850, 0, 0
2264043, 406878526, 0, 0
2265009, 446183454, 0, 0
2266034, 436101182, 0, 0
2267021, 461077684, 0, 0
2268032, 414842999, 0, 0
2269062, 442853755, 0, 0
2270061, 459453831, 0, 0
2271031, 429450108, 0, 0
2272006, 429078148, 0, 0
2273043, 421990406, 0, 0
2274009, 452439719, 0, 0
2275037, 399166274, 0, 0
2276011, 457694005, 0, 0
2277049, 421623453, 0, 0
2278022, 446724549, 0, 0
2279004, 426197847, 0, 0
2280009, 416031036, 0, 0
2281037, 410166765, 0, 0
2282011, 426525315, 0, 0
2283030, 431162256, 0, 0
2284007, 436363740, 0, 0
2285019, 453582456, 0, 0
2286001, 420092903, 0, 0
2287046, 434197736, 0, 0
2288030, 452340933, 0, 0
2289024, 422582727, 0, 0
2290005, 433856797, 0, 0
2291032, 425755247, 0, 0
2292028, 445633195, 0, 0
2293023, 450784133, 0, 0
2294068, 427389771, 0, 0
2295046, 463429794, 0, 0
2296024, 422664340, 0, 0
2297001, 465807486, 0, 0
2298025, 430456404, 0, 0
2299008, 455434295, 0, 0
2300033, 461747117, 0, 0
2301018, 444314480, 0, 0
2302034, 427904434, 0, 0
2303015, 438791590, 0, 0
2304033, 450605941, 0, 0
2305001, 462224265, 0, 0
2306003, 379314663, 0, 0
2307016, 433512230, 0, 0
2308006, 432092640, 0, 0
2309024, 436613992, 0, 0
2310019, 455636982, 0, 0
2311059, 442187284, 0, 0
2312040, 505041627, 0, 0
2313023, 452503113, 0, 0
2314013, 448946867, 0, 0
2315048, 486057465, 0, 0
2316013, 457465982, 0, 0
2317022, 445341588, 0, 0
2318014, 451670443, 0, 0
2319035, 458488546, 0, 0
2320007, 412980343, 0, 0
2321016, 435498488, 0, 0
2322024, 441526927, 0, 0
2323055, 437947419, 0, 0
2324062, 412396428, 0, 0
2325003, 415925731, 0, 0
2326042, 401817714, 0, 0
2327048, 431818436, 0, 0
2328044, 470560067, 0, 0
2329066, 454739752, 0, 0
2330023, 426097594, 0, 0
2331036, 423300716, 0, 0
2332007, 434812106, 0, 0
2333010, 436375454, 0, 0
2334027, 413635442, 0, 0
2335022, 440981694, 0, 0
2336014, 432071933, 0, 0
2337023, 418445525, 0, 0
2338013, 477297061, 0, 0
2339059, 477054166, 0, 0
2340025, 432829377, 0, 0
2341016, 456028364, 0, 0
2342015, 466745481, 0, 0
2343066, 441489768, 0, 0
2344039, 447435390, 0, 0
2345052, 450754424, 0, 0
2346027, 428075301, 0, 0
2347018, 433197417, 0, 0
2348002, 452534570, 0, 0
2349064, 450444267, 0, 0
2350059, 430342152, 0, 0
2351045, 490569331, 0, 0
2352042, 422735197, 0, 0
2353007, 478228733, 0, 0
2354055, 454567448, 0, 0
2355017, 480601151, 0, 0
2356034, 425926308, 0, 0
2357013, 477029791, 0, 0
2358053, 448246448, 0, 0
2359021, 439255897, 0, 0
2360016, 435976382, 0, 0
2361007, 474683971, 0, 0
2362027, 423779560, 0, 0
2363021, 448206422, 0, 0
2364041, 440449762, 0, 0
2365001, 500197868, 0, 0
2366043, 442565951, 0, 0
2367002, 468600741, 0, 0
2368068, 448152244, 0, 0
2369027, 435659178, 0, 0
2370051, 452168309, 0, 0
2371021, 447718041, 0, 0
2372053, 469296102, 0, 0
2373003, 468356368, 0, 0
2374025, 434032235, 0, 0
2375047, 421836465, 0, 0
2376047, 439240864, 0, 0
2377057, 415674875, 0, 0
2378004, 455585441, 0, 0
2379067, 449381723, 0, 0
2380060, 470350997, 0, 0
2381050, 436335709, 0, 0
2382018, 472791447, 0, 0
2383043, 425106559, 0, 0
2384008, 434868396, 0, 0
2385000, 418262406, 0, 0
2386015, 431269789, 0, 0
2387066, 445269938, 0, 0
2388024, 455544176, 0, 0
2389038, 436271053, 0, 0
2390046, 447233003, 0, 0
2391044, 455253517, 0, 0
2392041, 446452871, 0, 0
2393030, 470378421, 0, 0
2394067, 445957496, 0, 0
2395022, 458064473, 0, 0
2396035, 430618586, 0, 0
2397042, 427778864, 0, 0
2398020, 445163888, 0, 0
2399016, 425427786, 0, 0
2400022, 435976826, 0, 0
2401026, 452326879, 0, 0
2402009, 417139757, 0, 0
2403069, 480729563, 0, 0
2404024, 440943937, 0, 0
2405066, 447234615, 0, 0
2406002, 463748797, 0, 0
2407003, 452245373, 0, 0
2408054, 445148980, 0, 0
2409051, 466984018, 0, 0
2410012, 462338334, 0, 0
2411058, 469209028, 0, 0
2412009, 443158539, 0, 0
2413054, 464442815, 0, 0
2414007, 436903262, 0, 0
2415040, 429610675, 0, 0
2416027, 450357062, 0, 0
2417041, 437600924, 0, 0
2418041, 439727191, 0, 0
2419017, 448408062, 0, 0
2420019, 422663829, 0, 0
2421010, 441756389, 0, 0
2422048, 441980905, 0, 0
2423050, 439877985, 0, 0
2424015, 422860978, 0, 0
2425015, 462111806, 0, 0
2426018, 474525516, 0, 0
2427026, 445319773, 0, 0
2428061, 470660603, 0, 0
2429026, 444966217, 0, 0
2430058, 449384463, 0, 0
2431009, 431752704, 0, 0
2432015, 461375782, 0, 0
2433035, 485053016, 0, 0
2434020, 406923478, 0, 0
2435031, 485245473, 0, 0
2436019, 451822096, 0, 0
2437010, 467132984, 0, 0
2438016, 465640312, 0, 0
2439053, 450782761, 0, 0
2440059, 456309336, 0, 0
2441059, 447556900, 0, 0
2442040, 471429160, 0, 0
2443038, 429429991, 0, 0
2444006, 450366981, 0, 0
2445052, 472769497, 0, 0
2446034, 442783204, 0, 0
2447016, 457269038, 0, 0
2448051, 434840145, 0, 0
2449069, 479339407, 0, 0
2450009, 472130023, 0, 0
2451012, 444634868, 0, 0
2452027, 476681869, 0, 0
2453033, 429115946, 0, 0
2454052, 431261772, 0, 0
2455034, 473830232, 0, 0
2456005, 447467384, 0, 0
2457034, 437814177, 0, 0
2458026, 449557232, 0, 0
2459020, 454310736, 0, 0
2460023, 425138983, 0, 0
2461057, 419577421, 0, 0
2462020, 478276747, 0, 0
2463001, 451962858, 0, 0
2464048, 442791038, 0, 0
2465020, 469034378, 0, 0
2466000, 458228154, 0, 0
2467042, 454887199, 0, 0
2468010, 441647397, 0, 0
2469054, 456959483, 0, 0
2470043, 473200662, 0, 0
2471011, 442301874, 0, 0
2472017, 407307987, 0, 0
2473049, 423254350, 0, 0
2474018, 488449805, 0, 0
2475035, 466306903, 0, 0
2476022, 445764113, 0, 0
2477028, 417771229, 0, 0
2478000, 436860281, 0, 0
2479057, 438920067, 0, 0
2480049, 455998750, 0, 0
2481039, 430652219, 0, 0
2482027, 463011873, 0, 0
2483008, 463220605, 0, 0
2484015, 444643995, 0, 0
2485028, 455850676, 0, 0
2486044, 434580754, 0, 0
2487052, 480579127, 0, 0
2488011, 457001865, 0, 0
2489070, 452479163, 0, 0
2490007, 463134115, 0, 0
2491057, 458667194, 0, 0
2492030, 453354759, 0, 0
2493068, 430713497, 0, 0
2494059, 442659115, 0, 0
2495064, 442681253, 0, 0
2496053, 473021123, 0, 0
2497043, 433847106, 0, 0
2498064, 435740632, 0, 0
2499040, 469722147, 0, 0
2500024, 458316192, 0, 0
2501059, 444245728, 0, 0
2502062, 493585976, 0, 0
2503026, 471000121, 0, 0
2504001, 472371749, 0, 0
2505045, 453793743, 0, 0
2506025, 447999348, 0, 0
2507054, 433039073, 0, 0
2508026, 428284031, 0, 0
2509008, 424352017, 0, 0
2510059, 435775080, 0, 0
2511060, 421291750, 0, 0
2512003, 476193269, 0, 0
2513030, 425221986, 0, 0
2514031, 432783794, 0, 0
2515047, 433724120, 0, 0
2516023, 431821667, 0, 0
2517049, 436933495, 0, 0
2518023, 435167036, 0, 0
2519050, 482462448, 0, 0
2520059, 445756884, 0, 0
2521035, 466187187, 0, 0
2522030, 417703506, 0, 0
2523055, 425837476, 0, 0
2524002, 430400012, 0, 0
2525018, 454161571, 0, 0
2526043, 430157115, 0, 0
2527011, 463987110, 0, 0
2528056, 453521395, 0, 0
2529068, 440138418, 0, 0
2530035, 421465853, 0, 0
2531074, 442081102, 0, 0
2532043, 452343990, 0, 0
2533035, 464289519, 0, 0
2534065, 436210932, 0, 0
2535020, 422867224, 0, 0
2536003, 459886677, 0, 0
2537068, 463149283, 0, 0
2538056, 484302812, 0, 0
2539029, 444057798, 0, 0
2540035, 434007133, 0, 0
2541017, 439505627, 0, 0
2542026, 453599430, 0, 0
2543034, 471304432, 0, 0
2544027, 422206831, 0, 0
2545059, 461371513, 0, 0
2546034, 439979194, 0, 0
2547001, 415300903, 0, 0
2548028, 434804457, 0, 0
2549014, 486145050, 0, 0
2550039, 424873706, 0, 0
2551006, 430457430, 0, 0
2552029, 460953393, 0, 0
2553021, 450029698, 0, 0
2554010, 442898305, 0, 0
2555034, 462982604, 0, 0
2556028, 430699375, 0, 0
2557026, 490164697, 0, 0
2558024, 457642230, 0, 0
2559032, 451850918, 0, 0
2560050, 474414852, 0, 0
2561008, 475556351, 0, 0
2562066, 463539239, 0, 0
2563020, 444314692, 0, 0
2564056, 435493503, 0, 0
2565052, 434727860, 0, 0
2566045, 447010974, 0, 0
2567006, 466333366, 0, 0
2568061, 450470050, 0, 0
2569020, 425893812, 0, 0
2570015, 470878448, 0, 0
2571040, 444637558, 0, 0
2572026, 466040383, 0, 0
2573037, 428036188, 0, 0
2574012, 453611032, 0, 0
2575013, 471652283, 0, 0
2576005, 460000198, 0, 0
2577024, 435890529, 0, 0
2578060, 447609527, 0, 0
2579036, 434542273, 0, 0
2580020, 463043581, 0, 0
2581054, 473109395, 0, 0
2582009, 479112248, 0, 0
2583001, 437036617, 0, 0
2584008, 463689546, 0, 0
2585057, 474636873, 0, 0
2586012, 479002483, 0, 0
2587017, 471284993, 0, 0
2588008, 446759363, 0, 0
2589007, 450521833, 0, 0
2590064, 444110861, 0, 0
2591056, 449533097, 0, 0
2592053, 431581640, 0, 0
2593042, 465039656, 0, 0
2594018, 444874759, 0, 0
2595018, 473576828, 0, 0
2596053, 436236418, 0, 0
2597016, 442627477, 0, 0
2598034, 450227714, 0, 0
2599017, 491413568, 0, 0
2600011, 453919970, 0, 0
2601006, 486836576, 0, 0
2602023, 481448479, 0, 0
2603045, 468385220, 0, 0
2604019, 446142327, 0, 0
2605060, 447360949, 0, 0
2606047, 437295689, 0, 0
2607029, 454986120, 0, 0
2608001, 441896831, 0, 0
2609043, 421918258, 0, 0
2610040, 452454906, 0, 0
2611032, 464592349, 0, 0
2612001, 468170319, 0, 0
2613006, 478026422, 0, 0
2614042, 451223824, 0, 0
2615058, 445051711, 0, 0
2616056, 475744328, 0, 0
2617053, 462007628, 0, 0
2618009, 462489470, 0, 0
2619056, 466579085, 0, 0
2620061, 483499672, 0, 0
2621060, 549277880, 0, 0
2622043, 482013857, 0, 0
2623044, 448248363, 0, 0
2624009, 464610021, 0, 0
2625019, 426491499, 0, 0
2626009, 441295497, 0, 0
2627012, 466337568, 0, 0
2628061, 463422958, 0, 0
2629018, 443636596, 0, 0
2630037, 433867244, 0, 0
2631023, 417605451, 0, 0
2632010, 507370644, 0, 0
2633053, 451045454, 0, 0
2634060, 454396785, 0, 0
2635027, 469217083, 0, 0
2636048, 442480555, 0, 0
2637052, 458158415, 0, 0
2638021, 427177992, 0, 0
2639029, 462064571, 0, 0
2640026, 434377429, 0, 0
2641006, 440505392, 0, 0
2642058, 448996368, 0, 0
2643020, 462159068, 0, 0
2644063, 444943316, 0, 0
2645014, 441391718, 0, 0
2646003, 475442739, 0, 0
2647047, 443652307, 0, 0
2648038, 431806712, 0, 0
2649016, 474390588, 0, 0
2650056, 468131629, 0, 0
2651062, 463372881, 0, 0
2652048, 443894112, 0, 0
2653048, 419925328, 0, 0
2654009, 455192812, 0, 0
2655016, 444020710, 0, 0
2656061, 459699005, 0, 0
2657003, 444475762, 0, 0
2658037, 453354661, 0, 0
2659030, 443661417, 0, 0
2660032, 460881576, 0, 0
2661056, 459519110, 0, 0
2662001, 457629136, 0, 0
2663038, 418902464, 0, 0
2664063, 394062174, 0, 0
2665056, 443230786, 0, 0
2666037, 427124004, 0, 0
2667056, 498075147, 0, 0
2668031, 437962375, 0, 0
2669009, 433202745, 0, 0
2670048, 427551682, 0, 0
2671005, 432771626, 0, 0
2672040, 432780059, 0, 0
2673001, 438021466, 0, 0
2674028, 440594908, 0, 0
2675057, 447299452, 0, 0
2676018, 443013032, 0, 0
2677038, 432614802, 0, 0
2678055, 437010449, 0, 0
2679032, 426248559, 0, 0
2680057, 458504634, 0, 0
2681034, 443798317, 0, 0
2682048, 442112227, 0, 0
2683066, 451846060, 0, 0
2684052, 460234691, 0, 0
2685014, 468552293, 0, 0
2686049, 464876128, 0, 0
2687037, 443024009, 0, 0
2688014, 449024595, 0, 0
2689001, 433847806, 0, 0
2690059, 430216871, 0, 0
2691026, 442043717, 0, 0
2692054, 453740129, 0, 0
2693022, 479589903, 0, 0
2694028, 445160153, 0, 0
2695011, 430160039, 0, 0
2696067, 441128064, 0, 0
2697025, 458696174, 0, 0
2698059, 449265778, 0, 0
2699023, 449586480, 0, 0
2700056, 472094681, 0, 0
2701054, 455781230, 0, 0
2702035, 444090956, 0, 0
2703058, 459137447, 0, 0
2704014, 461771629, 0, 0
2705059, 456414445, 0, 0
2706039, 469316039, 0, 0
2707030, 448800881, 0, 0
2708009, 442667747, 0, 0
2709008, 477860956, 0, 0
2710052, 441778373, 0, 0
2711038, 464012446, 0, 0
2712022, 453824405, 0, 0
2713055, 431526695, 0, 0
2714006, 473425185, 0, 0
2715056, 478744591, 0, 0
2716038, 452592973, 0, 0
2717051, 468719526, 0, 0
2718053, 463362033, 0, 0
2719000, 454175946, 0, 0
2720049, 442188177, 0, 0
2721002, 422604800, 0, 0
2722053, 443401655, 0, 0
2723000, 455406957, 0, 0
2724027, 435486725, 0, 0
2725053, 437568345, 0, 0
2726063, 448870687, 0, 0
2727065, 463917376, 0, 0
2728028, 453292095, 0, 0
2729015, 485177709, 0, 0
2730032, 474879384, 0, 0
2731009, 447576262, 0, 0
2732045, 426456020, 0, 0
2733057, 426862933, 0, 0
2734032, 437928286, 0, 0
2735012, 457995480, 0, 0
2736067, 474046361, 0, 0
2737014, 476518612, 0, 0
2738002, 424192557, 0, 0
2739061, 439789027, 0, 0
2740053, 436015755, 0, 0
2741039, 467057992, 0, 0
2742003, 465871074, 0, 0
2743016, 451309125, 0, 0
2744032, 466029520, 0, 0
2745026, 407772958, 0, 0
2746051, 444634077, 0, 0
2747049, 481447516, 0, 0
2748044, 455195963, 0, 0
2749025, 459394652, 0, 0
2750036, 457733622, 0, 0
2751034, 437878270, 0, 0
2752050, 421322474, 0, 0
2753042, 502785307, 0, 0
2754038, 389966959, 0, 0
2755009, 477916122, 0, 0
2756014, 485879212, 0, 0
2757064, 482168190, 0, 0
2758038, 481315647, 0, 0
2759061, 457681771, 0, 0
2760049, 467963628, 0, 0
2761038, 467084312, 0, 0
2762005, 445452882, 0, 0
2763020, 460351925, 0, 0
2764070, 441828309, 0, 0
2765041, 477955121, 0, 0
2766006, 414502754, 0, 0
2767041, 439882697, 0, 0
2768056, 450867069, 0, 0
2769054, 484729743, 0, 0
2770002, 419302427, 0, 0
2771045, 446515036, 0, 0
2772029, 440115070, 0, 0
2773032, 468052195, 0, 0
2774033, 456108979, 0, 0
2775047, 483958936, 0, 0
2776049, 439000412, 0, 0
2777048, 449083543, 0, 0
2778010, 441377891, 0, 0
2779007, 470533457, 0, 0
2780066, 463604300, 0, 0
2781002, 467544793, 0, 0
2782022, 440472478, 0, 0
2783007, 423730908, 0, 0
2784021, 445447704, 0, 0
2785053, 455841701, 0, 0
2786042, 439632574, 0, 0
2787013, 478635253, 0, 0
2788050, 481554292, 0, 0
2789036, 444138352, 0, 0
2790028, 445063219, 0, 0
2791000, 472640417, 0, 0
2792050, 448956811, 0, 0
2793020, 481534468, 0, 0
2794051, 450027662, 0, 0
2795024, 471671228, 0, 0
2796028, 477656461, 0, 0
2797066, 497083955, 0, 0
2798052, 481783488, 0, 0
2799046, 457206629, 0, 0
2800004, 451794975, 0, 0
2801001, 443030334, 0, 0
2802033, 457172468, 0, 0
2803024, 474220625, 0, 0
2804021, 461053056, 0, 0
2805043, 479139646, 0, 0
2806040, 483975908, 0, 0
2807017, 460171211, 0, 0
2808000, 443658509, 0, 0
2809037, 473051777, 0, 0
2810056, 439153589, 0, 0
2811013, 465340877, 0, 0
2812016, 461230637, 0, 0
2813001, 457081818, 0, 0
2814006, 455405294, 0, 0
2815015, 452504581, 0, 0
2816021, 489094515, 0, 0
2817033, 424842570, 0, 0
2818015, 455107440, 0, 0
2819068, 476547734, 0, 0
2820049, 470099675, 0, 0
2821024, 445913083, 0, 0
2822034, 431893324, 0, 0
2823012, 463972041, 0, 0
2824006, 462985116, 0, 0
2825046, 492326723, 0, 0
2826022, 475598529, 0, 0
2827042, 450360722, 0, 0
2828037, 446341567, 0, 0
2829055, 516540813, 0, 0
2830064, 488941412, 0, 0
2831058, 473330533, 0, 0
2832038, 452655767, 0, 0
2833007, 454773950, 0, 0
2834010, 477071894, 0, 0
2835042, 465890940, 0, 0
2836011, 481589976, 0, 0
2837004, 476182976, 0, 0
2838049, 461088090, 0, 0
2839053, 465905212, 0, 0
2840026, 480076397, 0, 0
2841000, 457899581, 0, 0
2842030, 441998892, 0, 0
2843003, 393314893, 0, 0
2844029, 430055128, 0, 0
2845060, 476924240, 0, 0
2846030, 486718520, 0, 0
2847018, 464788298, 0, 0
2848046, 463861013, 0, 0
2849042, 445104976, 0, 0
2850041, 463308700, 0, 0
2851016, 461786855, 0, 0
2852059, 471170779, 0, 0
2853042, 450946001, 0, 0
2854020, 448269874, 0, 0
2855038, 484996472, 0, 0
2856010, 453744642, 0, 0
2857023, 476818417, 0, 0
2858062, 446833487, 0, 0
2859000, 451026004, 0, 0
2860056, 441765220, 0, 0
2861051, 441340171, 0, 0
2862046, 424250731, 0, 0
2863028, 460656122, 0, 0
2864048, 447891323, 0, 0
2865024, 459027034, 0, 0
2866060, 474700553, 0, 0
2867067, 465653337, 0, 0
2868053, 458552029, 0, 0
2869037, 450524632, 0, 0
2870004, 464109108, 0, 0
2871004, 441666026, 0, 0
2872027, 443609543, 0, 0
2873004, 453310077, 0, 0
2874001, 479066191, 0, 0
2875042, 440371098, 0, 0
2876019, 465468563, 0, 0
2877037, 459061309, 0, 0
2878014, 452405807, 0, 0
2879047, 480824755, 0, 0
2880024, 455965685, 0, 0
2881010, 447479080, 0, 0
2882066, 451960780, 0, 0
2883020, 481563969, 0, 0
2884056, 441268083, 0, 0
2885012, 457378715, 0, 0
2886035, 481132350, 0, 0
2887059, 498446723, 0, 0
2888020, 475960047, 0, 0
2889056, 452952775, 0, 0
2890035, 480301625, 0, 0
2891063, 449424442, 0, 0
2892056, 460301180, 0, 0
2893008, 466549226, 0, 0
2894024, 472873430, 0, 0
2895046, 472818730, 0, 0
2896067, 450004124, 0, 0
2897004, 488239970, 0, 0
2898008, 465204366, 0, 0
2899043, 475538683, 0, 0
2900047, 440953752, 0, 0
2901012, 440467754, 0, 0
2902039, 454300996, 0, 0
2903001, 465598411, 0, 0
2904017, 491324771, 0, 0
2905059, 457499883, 0, 0
2906020, 478438790, 0, 0
2907012, 467891461, 0, 0
2908064, 482251669, 0, 0
2909049, 480457736, 0, 0
2910038, 447849477, 0, 0
2911035, 492677356, 0, 0
2912058, 437537874, 0, 0
2913047, 469743060, 0, 0
2914047, 458461090, 0, 0
2915052, 448790910, 0, 0
2916038, 449580783, 0, 0
2917002, 455883568, 0, 0
2918015, 488892302, 0, 0
2919035, 466229006, 0, 0
2920064, 466734774, 0, 0
2921034, 445555342, 0, 0
2922035, 524044000, 0, 0
2923062, 458324783, 0, 0
2924023, 465121583, 0, 0
2925060, 472238142, 0, 0
2926018, 479833012, 0, 0
2927056, 451488503, 0, 0
2928013, 465010074, 0, 0
2929035, 459363193, 0, 0
2930055, 447967811, 0, 0
2931023, 501475386, 0, 0
2932051, 486948205, 0, 0
2933016, 475862855, 0, 0
2934056, 454715044, 0, 0
2935021, 469056062, 0, 0
2936043, 450017824, 0, 0
2937027, 446924350, 0, 0
2938024, 507962707, 0, 0
2939032, 447246050, 0, 0
2940033, 482291732, 0, 0
2941000, 458195537, 0, 0
2942059, 476819150, 0, 0
2943053, 464353530, 0, 0
2944045, 436780832, 0, 0
2945005, 425380854, 0, 0
2946040, 461228682, 0, 0
2947047, 462235438, 0, 0
2948062, 449028443, 0, 0
2949065, 470045773, 0, 0
2950034, 469678257, 0, 0
2951003, 491780040, 0, 0
2952059, 471723187, 0, 0
2953039, 445414527, 0, 0
2954057, 430638330, 0, 0
2955024, 474121232, 0, 0
2956024, 479827912, 0, 0
2957055, 446639505, 0, 0
2958035, 463616207, 0, 0
2959029, 484049111, 0, 0
2960001, 465216099, 0, 0
2961010, 442707911, 0, 0
2962032, 474902886, 0, 0
2963020, 454026067, 0, 0
2964002, 464091045, 0, 0
2965007, 478099819, 0, 0
2966031, 503759506, 0, 0
2967049, 454738335, 0, 0
2968057, 486910854, 0, 0
2969011, 456687408, 0, 0
2970063, 449937777, 0, 0
2971050, 460802090, 0, 0
2972020, 500985057, 0, 0
2973044, 476572898, 0, 0
2974023, 443924202, 0, 0
2975019, 469546067, 0, 0
2976011, 488375744, 0, 0
2977043, 459103707, 0, 0
2978028, 458914856, 0, 0
2979014, 448930535, 0, 0
2980060, 440358875, 0, 0
2981001, 458585245, 0, 0
2982056, 451477392, 0, 0
2983057, 430286161, 0, 0
2984061, 462948781, 0, 0
2985049, 522757273, 0, 0
2986031, 473539134, 0, 0
2987039, 479974027, 0, 0
2988005, 461725963, 0, 0
2989049, 424242932, 0, 0
2990002, 484381401, 0, 0
2991019, 448332943, 0, 0
2992003, 446096971, 0, 0
2993042, 440414370, 0, 0
2994001, 451588952, 0, 0
2995050, 469067716, 0, 0
2996029, 470707085, 0, 0
2997058, 440904765, 0, 0
2998036, 491786269, 0, 0
2999030, 451614778, 0, 0
3000024, 481810475, 0, 0
3001026, 470070024, 0, 0
3002007, 473609930, 0, 0
3003025, 451786808, 0, 0
3004011, 532060688, 0, 0
3005045, 471351389, 0, 0
3006061, 445051275, 0, 0
3007002, 491178264, 0, 0
3008040, 460741286, 0, 0
3009033, 450441082, 0, 0
3010056, 447886121, 0, 0
3011016, 461605234, 0, 0
3012014, 455327489, 0, 0
3013070, 468463716, 0, 0
3014042, 470568322, 0, 0
3015032, 472978298, 0, 0
3016021, 437421686, 0, 0
3017016, 484146884, 0, 0
3018016, 434549589, 0, 0
3019009, 463403083, 0, 0
3020003, 471379963, 0, 0
3021064, 563175827, 0, 0
3022033, 474849965, 0, 0
3023010, 476878511, 0, 0
3024032, 465277770, 0, 0
3025024, 489915792, 0, 0
3026027, 455149097, 0, 0
3027002, 480550356, 0, 0
3028038, 467005104, 0, 0
3029021, 464067422, 0, 0
3030054, 482014417, 0, 0
3031045, 484294920, 0, 0
3032035, 451231133, 0, 0
3033021, 469176462, 0, 0
3034032, 482157810, 0, 0
3035019, 458831999, 0, 0
3036055, 462503901, 0, 0
3037055, 460650383, 0, 0
3038047, 474617489, 0, 0
3039004, 479189174, 0, 0
3040035, 452890861, 0, 0
3041064, 453248869, 0, 0
3042057, 487060701, 0, 0
3043032, 480411279, 0, 0
3044055, 468475355, 0, 0
3045042, 447780204, 0, 0
3046003, 495579966, 0, 0
3047049, 486538129, 0, 0
3048016, 437849745, 0, 0
3049056, 452488645, 0, 0
3050070, 465488083, 0, 0
3051018, 446489858, 0, 0
3052012, 448902134, 0, 0
3053046, 444875626, 0, 0
3054005, 479488577, 0, 0
3055031, 469555136, 0, 0
3056019, 475148839, 0, 0
3057040, 468727677, 0, 0
3058053, 456319451, 0, 0
3059060, 464116734, 0, 0
3060054, 463635210, 0, 0
3061029, 457625160, 0, 0
3062024, 476674697, 0, 0
3063012, 435275271, 0, 0
3064027, 455720283, 0, 0
3065017, 483933483, 0, 0
3066001, 457529219, 0, 0
3067032, 480408900, 0, 0
3068032, 483823823, 0, 0
3069003, 444447113, 0, 0
3070031, 464965676, 0, 0
3071003, 459267744, 0, 0
3072053, 468982407, 0, 0
3073035, 503939812, 0, 0
3074007, 452572435, 0, 0
3075034, 472173624, 0, 0
3076055, 443860763, 0, 0
3077021, 462993938, 0, 0
3078031, 462930992, 0, 0
3079019, 421449455, 0, 0
3080048, 469875840, 0, 0
3081057, 506069742, 0, 0
3082028, 472243401, 0, 0
3083056, 432156737, 0, 0
3084027, 457860286, 0, 0
3085054, 456052107, 0, 0
3086054, 505964716, 0, 0
3087034, 481118716, 0, 0
3088002, 444407555, 0, 0
3089046, 429330844, 0, 0
3090009, 458342827, 0, 0
3091060, 483244475, 0, 0
3092011, 487541095, 0, 0
3093004, 465963698, 0, 0
3094066, 489912597, 0, 0
3095063, 463031881, 0, 0
3096058, 471580600, 0, 0
3097027, 464385231, 0, 0
3098013, 470163872, 0, 0
3099020, 447393794, 0, 0
3100018, 464895179, 0, 0
3101028, 456346863, 0, 0
3102043, 478478319, 0, 0
3103050, 485799923, 0, 0
3104020, 491702330, 0, 0
3105060, 477150582, 0, 0
3106003, 484883028, 0, 0
3107049, 475319926, 0, 0
3108055, 464469001, 0, 0
3109043, 462337803, 0, 0
3110027, 532401402, 0, 0
3111008, 503510961, 0, 0
3112054, 471219101, 0, 0
3113011, 465653854, 0, 0
3114024, 464601643, 0, 0
3115048, 473186296, 0, 0
3116014, 492225704, 0, 0
3117051, 481599378, 0, 0
3118054, 460267505, 0, 0
3119011, 469463555, 0, 0
3120051, 489586365, 0, 0
3121023, 476257049, 0, 0
3122062, 531666030, 0, 0
3123056, 502231927, 0, 0
3124042, 460712739, 0, 0
3125006, 472339243, 0, 0
3126054, 484482192, 0, 0
3127026, 474998282, 0, 0
3128011, 450372356, 0, 0
3129016, 452899773, 0, 0
3130032, 539306572, 0, 0
3131022, 481945638, 0, 0
3132062, 481403616, 0, 0
3133034, 461960257, 0, 0
3134062, 484073857, 0, 0
3135051, 491648230, 0, 0
3136030, 502359018, 0, 0
3137040, 489776016, 0, 0
3138026, 477200471, 0, 0
3139017, 469048907, 0, 0
3140047, 445007364, 0, 0
3141064, 463236735, 0, 0
3142056, 500088605, 0, 0
3143050, 479576002, 0, 0
3144062, 487775566, 0, 0
3145050, 463319350, 0, 0
3146030, 449554294, 0, 0
3147018, 494089877, 0, 0
3148070, 469511881, 0, 0
3149042, 520209795, 0, 0
3150030, 490937498, 0, 0
3151040, 470220580, 0, 0
3152054, 461340614, 0, 0
3153072, 458077105, 0, 0
3154000, 489244690, 0, 0
3155002, 519805011, 0, 0
3156037, 469849305, 0, 0
3157017, 483417056, 0, 0
3158034, 492765553, 0, 0
3159052, 465229651, 0, 0
3160040, 465567773, 0, 0
3161058, 480872207, 0, 0
3162022, 474163763, 0, 0
3163028, 484542867, 0, 0
3164016, 489601384, 0, 0
3165012, 484904276, 0, 0
3166052, 465587432, 0, 0
3167018, 487969845, 0, 0
3168010, 467046641, 0, 0
3169053, 459313605, 0, 0
3170065, 474822314, 0, 0
3171016, 483307702, 0, 0
3172058, 452712081, 0, 0
3173024, 474374683, 0, 0
3174009, 465958230, 0, 0
3175014, 471311402, 0, 0
3176035, 434621728, 0, 0
3177021, 491660541, 0, 0
3178046, 464844168, 0, 0
3179016, 456047415, 0, 0
3180015, 479853267, 0, 0
3181068, 494532790, 0, 0
3182057, 499542765, 0, 0
3183049, 486631866, 0, 0
3184052, 459031689, 0, 0
3185038, 490894282, 0, 0
3186048, 476897971, 0, 0
3187018, 449669089, 0, 0
3188051, 469820695, 0, 0
3189045, 481490359, 0, 0
3190053, 484202462, 0, 0
3191053, 500383909, 0, 0
3192039, 487286788, 0, 0
3193034, 468303560, 0, 0
3194075, 464640367, 0, 0
3195029, 502077376, 0, 0
3196022, 465775996, 0, 0
3197003, 465222241, 0, 0
3198045, 473202033, 0, 0
3199002, 473969608, 0, 0
3200038, 448438069, 0, 0
3201042, 510855047, 0, 0
3202016, 478308416, 0, 0
3203001, 470823845, 0, 0
3204042, 483276846, 0, 0
3205044, 468167890, 0, 0
3206045, 479921000, 0, 0
3207033, 445477502, 0, 0
3208023, 483669253, 0, 0
3209001, 489710232, 0, 0
3210028, 451867812, 0, 0
3211050, 475424038, 0, 0
3212065, 490709782, 0, 0
3213005, 508975505, 0, 0
3214035, 476007413, 0, 0
3215058, 489774566, 0, 0
3216056, 510458209, 0, 0
3217031, 475504411, 0, 0
3218054, 475970544, 0, 0
3219043, 487183078, 0, 0
3220064, 476957817, 0, 0
3221020, 477292497, 0, 0
3222048, 491849550, 0, 0
3223060, 490066496, 0, 0
3224015, 473926718, 0, 0
3225051, 449861150, 0, 0
3226007, 477039664, 0, 0
3227021, 495678443, 0, 0
3228034, 510466592, 0, 0
3229010, 489077644, 0, 0
3230041, 487438727, 0, 0
3231047, 487706909, 0, 0
3232001, 486985833, 0, 0
3233018, 481086001, 0, 0
3234049, 464404664, 0, 0
3235047, 483721318, 0, 0
3236050, 481383250, 0, 0
3237040, 462548395, 0, 0
3238059, 493845997, 0, 0
3239027, 484365971, 0, 0
3240000, 469637600, 0, 0
3241040, 488167052, 0, 0
3242044, 500335991, 0, 0
3243040, 492344391, 0, 0
3244012, 490379389, 0, 0
3245037, 496986947, 0, 0
3246036, 487768725, 0, 0
3247030, 489406373, 0, 0
3248031, 498229213, 0, 0
3249034, 501956097, 0, 0
3250056, 484116381, 0, 0
3251049, 492849577, 0, 0
3252026, 487459293, 0, 0
3253031, 478162768, 0, 0
3254016, 490992501, 0, 0
3255004, 493046534, 0, 0
3256042, 457707262, 0, 0
3257012, 498392316, 0, 0
3258034, 489507927, 0, 0
3259049, 508197865, 0, 0
3260015, 487155857, 0, 0
3261008, 458171347, 0, 0
3262058, 464682703, 0, 0
3263006, 467282993, 0, 0
3264021, 477927233, 0, 0
3265039, 462797159, 0, 0
3266031, 490037751, 0, 0
3267058, 489137098, 0, 0
3268001, 466959198, 0, 0
3269058, 460638704, 0, 0
3270049, 505900543, 0, 0
3271043, 483496508, 0, 0
3272004, 487975346, 0, 0
3273043, 485508009, 0, 0
3274030, 509437940, 0, 0
3275032, 469680225, 0, 0
3276004, 481582076, 0, 0
3277064, 490625451, 0, 0
3278001, 496996875, 0, 0
3279035, 485839836, 0, 0
3280000, 535617636, 0, 0
3281074, 507224858, 0, 0
3282034, 500441919, 0, 0
3283002, 470404904, 0, 0
3284043, 466382899, 0, 0
3285009, 464677586, 0, 0
3286025, 485206329, 0, 0
3287010, 528247888, 0, 0
3288003, 499008286, 0, 0
3289041, 486436388, 0, 0
3290038, 463425776, 0, 0
3291048, 460675155, 0, 0
3292067, 477991241, 0, 0
3293043, 501203093, 0, 0
3294051, 478089636, 0, 0
3295063, 486920324, 0, 0
3296061, 493954032, 0, 0
3297037, 481770865, 0, 0
3298053, 478308326, 0, 0
3299044, 482966196, 0, 0
3300046, 458087547, 0, 0
3301002, 496759832, 0, 0
3302045, 530591370, 0, 0
3303041, 468782363, 0, 0
3304020, 479856513, 0, 0
3305002, 503901917, 0, 0
3306007, 493436049, 0, 0
3307058, 497894026, 0, 0
3308044, 485238370, 0, 0
3309043, 517305151, 0, 0
3310040, 509459693, 0, 0
3311065, 518610187, 0, 0
3312056, 493256997, 0, 0
3313025, 486593930, 0, 0
3314034, 493631311, 0, 0
3315055, 475730750, 0, 0
3316004, 463227973, 0, 0
3317006, 463283680, 0, 0
3318048, 477153539, 0, 0
3319008, 478548377, 0, 0
3320017, 501947576, 0, 0
3321016, 488418198, 0, 0
3322023, 492759671, 0, 0
3323042, 492572364, 0, 0
3324036, 497182940, 0, 0
3325015, 478442629, 0, 0
3326052, 481128082, 0, 0
3327038, 493124929, 0, 0
3328060, 485709847, 0, 0
3329064, 506739057, 0, 0
3330019, 484462567, 0, 0
3331015, 531923397, 0, 0
3332023, 460474079, 0, 0
3333058, 474742166, 0, 0
3334041, 516919448, 0, 0
3335001, 496555362, 0, 0
3336030, 501731255, 0, 0
3337037, 509442792, 0, 0
3338028, 471257212, 0, 0
3339043, 484079399, 0, 0
3340018, 478396442, 0, 0
3341049, 495774819, 0, 0
3342023, 482570944, 0, 0
3343065, 484793160, 0, 0
3344018, 474329045, 0, 0
3345035, 462084951, 0, 0
3346027, 505514379, 0, 0
3347031, 516483481, 0, 0
3348018, 479073216, 0, 0
3349032, 478263157, 0, 0
3350047, 473354310, 0, 0
3351020, 492366856, 0, 0
3352006, 488197501, 0, 0
3353075, 500204079, 0, 0
3354028, 475105004, 0, 0
3355069, 496245302, 0, 0
3356037, 494960721, 0, 0
3357040, 483595849, 0, 0
3358052, 483795131, 0, 0
3359027, 469995502, 0, 0
3360044, 487985580, 0, 0
3361033, 467808600, 0, 0
3362024, 497166927, 0, 0
3363062, 502374018, 0, 0
3364031, 451479109, 0, 0
3365057, 497453678, 0, 0
3366013, 485752213, 0, 0
3367039, 488547450, 0, 0
3368040, 500722805, 0, 0
3369025, 473071893, 0, 0
3370061, 489179633, 0, 0
3371046, 482526044, 0, 0
3372031, 500450040, 0, 0
3373060, 491687323, 0, 0
3374040, 440500022, 0, 0
3375012, 493451293, 0, 0
3376011, 467685195, 0, 0
3377034, 510364671, 0, 0
3378027, 494695522, 0, 0
3379020, 507085586, 0, 0
3380002, 540887265, 0, 0
3381055, 500239182, 0, 0
3382003, 462521230, 0, 0
3383002, 497560535, 0, 0
3384038, 475285854, 0, 0
3385013, 472484767, 0, 0
3386024, 503488088, 0, 0
3387013, 497595262, 0, 0
3388027, 505215631, 0, 0
3389051, 501688948, 0, 0
3390020, 505923151, 0, 0
3391015, 495039833, 0, 0
3392059, 460480525, 0, 0
3393016, 463071361, 0, 0
3394006, 486779351, 0, 0
3395040, 502307835, 0, 0
3396040, 491431472, 0, 0
3397028, 490904757, 0, 0
3398002, 466407742, 0, 0
3399059, 482577397, 0, 0
3400049, 504478260, 0, 0
3401008, 493116625, 0, 0
3402049, 469466234, 0, 0
3403022, 480979175, 0, 0
3404042, 490012953, 0, 0
3405007, 500382924, 0, 0
3406023, 480932030, 0, 0
3407027, 450262456, 0, 0
3408010, 465637291, 0, 0
3409028, 475215321, 0, 0
3410032, 478386134, 0, 0
3411058, 502569708, 0, 0
3412006, 539054976, 0, 0
3413051, 499069570, 0, 0
3414025, 482386019, 0, 0
3415003, 485594635, 0, 0
3416027, 498321984, 0, 0
3417010, 458721914, 0, 0
3418058, 476824344, 0, 0
3419005, 471637321, 0, 0
3420059, 515410088, 0, 0
3421049, 487660796, 0, 0
3422033, 490308725, 0, 0
3423056, 524836575, 0, 0
3424037, 505110047, 0, 0
3425005, 478961092, 0, 0
3426036, 468751593, 0, 0
3427042, 477691394, 0, 0
3428006, 486981915, 0, 0
3429052, 477580920, 0, 0
3430000, 509462972, 0, 0
3431032, 474072219, 0, 0
3432012, 485174048, 0, 0
3433025, 510755278, 0, 0
3434003, 487024541, 0, 0
3435006, 494928446, 0, 0
3436043, 469364978, 0, 0
3437012, 455556089, 0, 0
3438059, 502950093, 0, 0
3439048, 507272003, 0, 0
3440042, 495021538, 0, 0
3441018, 481688317, 0, 0
3442020, 495865183, 0, 0
3443027, 491003954, 0, 0
3444008, 487759463, 0, 0
3445027, 516545489, 0, 0
3446012, 508264514, 0, 0
3447003, 507568668, 0, 0
3448045, 493179182, 0, 0
3449014, 483630927, 0, 0
3450039, 500137386, 0, 0
3451070, 495064676, 0, 0
3452032, 500559713, 0, 0
3453034, 491895654, 0, 0
3454012, 496690842, 0, 0
3455067, 466477896, 0, 0
3456047, 497856518, 0, 0
3457032, 480977217, 0, 0
3458004, 483713916, 0, 0
3459023, 414305679, 0, 0
3460056, 521121555, 0, 0
3461032, 468869686, 0, 0
3462043, 483489047, 0, 0
3463014, 508941836, 0, 0
3464005, 492187488, 0, 0
3465039, 494987449, 0, 0
3466040, 501919487, 0, 0
3467056, 460262452, 0, 0
3468018, 466347676, 0, 0
3469044, 495403586, 0, 0
3470014, 458841384, 0, 0
3471015, 495769068, 0, 0
3472019, 512184437, 0, 0
3473001, 471302407, 0, 0
3474059, 504583895, 0, 0
3475000, 484051856, 0, 0
3476060, 489611969, 0, 0
3477021, 489806241, 0, 0
3478000, 494828819, 0, 0
3479006, 496950866, 0, 0
3480000, 497556439, 0, 0
3481012, 481421618, 0, 0
3482022, 501049163, 0, 0
3483021, 517608069, 0, 0
3484054, 475119102, 0, 0
3485049, 489871878, 0, 0
3486007, 487091979, 0, 0
3487039, 472006207, 0, 0
3488061, 498254600, 0, 0
3489045, 482797491, 0, 0
3490035, 485962344, 0, 0
3491041, 505281006, 0, 0
3492005, 481208671, 0, 0
3493053, 476249998, 0, 0
3494020, 477300052, 0, 0
3495025, 485190308, 0, 0
3496059, 480302502, 0, 0
3497021, 497766714, 0, 0
3498027, 492302529, 0, 0
3499013, 503196118, 0, 0
3500036, 482407027, 0, 0
3501028, 470188193, 0, 0
3502046, 512661825, 0, 0
3503064, 464915155, 0, 0
3504000, 465711130, 0, 0
3505044, 486202728, 0, 0
3506052, 545771557, 0, 0
3507062, 503512364, 0, 0
3508049, 466582357, 0, 0
3509057, 429530189, 0, 0
3510036, 490693289, 0, 0
3511036, 508563012, 0, 0
3512010, 487230346, 0, 0
3513041, 453787794, 0, 0
3514043, 474548818, 0, 0
3515044, 482668889, 0, 0
3516003, 499209839, 0, 0
3517052, 488908287, 0, 0
3518028, 495407403, 0, 0
3519059, 468227130, 0, 0
3520040, 481185379, 0, 0
3521060, 470739753, 0, 0
3522006, 474366390, 0, 0
3523003, 485594775, 0, 0
3524047, 484916506, 0, 0
3525019, 478160334, 0, 0
3526034, 515415561, 0, 0
3527019, 501732992, 0, 0
3528008, 483380723, 0, 0
3529011, 514346990, 0, 0
3530062, 491432162, 0, 0
3531045, 501791238, 0, 0
3532051, 509813016, 0, 0
3533050, 473128600, 0, 0
3534064, 482025843, 0, 0
3535019, 481198982, 0, 0
3536075, 470082681, 0, 0
3537041, 479119408, 0, 0
3538033, 463172879, 0, 0
3539031, 472296588, 0, 0
3540070, 488936691, 0, 0
3541046, 480315102, 0, 0
3542012, 483748560, 0, 0
3543048, 480187476, 0, 0
3544030, 460106476, 0, 0
3545053, 520408136, 0, 0
3546034, 496860194, 0, 0
3547050, 488237650, 0, 0
3548056, 512691521, 0, 0
3549007, 490973025, 0, 0
3550049, 462427699, 0, 0
3551044, 496953295, 0, 0
3552016, 483261277, 0, 0
3553041, 467816466, 0, 0
3554064, 497489016, 0, 0
3555030, 503329423, 0, 0
3556007, 475968094, 0, 0
3557006, 458241648, 0, 0
3558035, 482420462, 0, 0
3559036, 488744352, 0, 0
3560040, 496283120, 0, 0
3561026, 496664128, 0, 0
3562015, 485415381, 0, 0
3563070, 497086007, 0, 0
3564020, 454038433, 0, 0
3565027, 475153070, 0, 0
3566006, 481430325, 0, 0
3567004, 474661910, 0, 0
3568060, 497602182, 0, 0
3569052, 475884158, 0, 0
3570007, 477428267, 0, 0
3571007, 455310511, 0, 0
3572041, 460682751, 0, 0
3573031, 483545140, 0, 0
3574030, 516787873, 0, 0
3575064, 492099380, 0, 0
3576015, 468393394, 0, 0
3577066, 449812881, 0, 0
3578034, 480272775, 0, 0
3579035, 466848233, 0, 0
3580021, 476173505, 0, 0
3581059, 474390620, 0, 0
3582009, 494010940, 0, 0
3583011, 492093427, 0, 0
3584057, 478293019, 0, 0
3585054, 482827065, 0, 0
3586040, 466998366, 0, 0
3587003, 461437582, 0, 0
3588044, 448250836, 0, 0
3589028, 449446045, 0, 0
3590027, 507156360, 0, 0
3591046, 454799670, 0, 0
3592012, 490156054, 0, 0
3593025, 444669384, 0, 0
3594005, 538952865, 0, 0
3595043, 529990259, 0, 0
3596030, 457932820, 0, 0
3597014, 478629281, 0, 0
3598060, 503156390, 0, 0
3599027, 472355350, 0, 0
3600027, 461818919, 0, 0
3600143, 361499149, 0, 0
