1000, 436444, 0, 0
2000, 451728, 0, 0
3000, 412395, 0, 0
4000, 418313, 0, 0
5000, 446579, 0, 0
6000, 508641, 0, 0
7000, 515737, 0, 0
8000, 457026, 0, 0
9000, 402308, 0, 0
10000, 426626, 0, 0
11000, 430818, 0, 0
12000, 384967, 0, 0
13000, 440959, 0, 0
14000, 420972, 0, 0
15000, 435296, 0, 0
16000, 439853, 0, 0
17000, 468728, 0, 0
18000, 515504, 0, 0
19000, 466052, 0, 0
20000, 496911, 0, 0
21000, 472020, 0, 0
22000, 493541, 0, 0
23000, 507867, 0, 0
24000, 471226, 0, 0
25000, 543753, 0, 0
26000, 526884, 0, 0
27000, 492941, 0, 0
28000, 577912, 0, 0
29000, 437073, 0, 0
30000, 426801, 0, 0
31000, 435047, 0, 0
32000, 433918, 0, 0
33000, 450785, 0, 0
34000, 428463, 0, 0
35000, 441087, 0, 0
36000, 435931, 0, 0
37000, 438468, 0, 0
38000, 428261, 0, 0
39000, 447748, 0, 0
40000, 434338, 0, 0
41000, 442890, 0, 0
42000, 418462, 0, 0
43000, 438547, 0, 0
44000, 425145, 0, 0
45000, 422942, 0, 0
46000, 418146, 0, 0
47000, 441825, 0, 0
48000, 430608, 0, 0
49000, 437142, 0, 0
50000, 404064, 0, 0
51002, 444303, 0, 0
52000, 431792, 0, 0
53000, 425460, 0, 0
54000, 435911, 0, 0
55000, 436360, 0, 0
56000, 445649, 0, 0
57000, 452380, 0, 0
58000, 423223, 0, 0
59000, 434277, 0, 0
60000, 439356, 0, 0
61000, 437863, 0, 0
62000, 446270, 0, 0
63000, 420458, 0, 0
64000, 441403, 0, 0
65000, 444033, 0, 0
66000, 430253, 0, 0
67000, 426092, 0, 0
68000, 452695, 0, 0
69000, 439785, 0, 0
70000, 458213, 0, 0
71000, 427936, 0, 0
72000, 442769, 0, 0
73000, 498902, 0, 0
74000, 454738, 0, 0
75000, 445120, 0, 0
76000, 435441, 0, 0
77000, 446081, 0, 0
78000, 446403, 0, 0
79000, 458068, 0, 0
80000, 471303, 0, 0
81000, 431251, 0, 0
82000, 415313, 0, 0
83000, 691019, 0, 0
84000, 442054, 0, 0
85000, 459605, 0, 0
86000, 447828, 0, 0
87000, 423383, 0, 0
88000, 443210, 0, 0
89000, 415363, 0, 0
90000, 415078, 0, 0
91001, 440779, 0, 0
92000, 424810, 0, 0
93000, 431534, 0, 0
94000, 458860, 0, 0
95000, 445168, 0, 0
96000, 439571, 0, 0
97000, 441577, 0, 0
98000, 499373, 0, 0
99000, 452132, 0, 0
100000, 459122, 0, 0
101000, 446614, 0, 0
102000, 439183, 0, 0
103000, 434796, 0, 0
104000, 438554, 0, 0
105000, 442616, 0, 0
106000, 402880, 0, 0
107000, 426108, 0, 0
108000, 438362, 0, 0
109000, 450080, 0, 0
110000, 439967, 0, 0
111000, 467155, 0, 0
112000, 449718, 0, 0
113000, 450074, 0, 0
114000, 449646, 0, 0
115000, 458040, 0, 0
116000, 420452, 0, 0
117000, 446235, 0, 0
118000, 443679, 0, 0
119000, 443142, 0, 0
120000, 447709, 0, 0
121000, 455531, 0, 0
122000, 432343, 0, 0
123000, 439272, 0, 0
124000, 437893, 0, 0
125000, 434655, 0, 0
126000, 436368, 0, 0
127000, 424862, 0, 0
128000, 413930, 0, 0
129000, 436619, 0, 0
130000, 441365, 0, 0
131000, 440143, 0, 0
132000, 457159, 0, 0
133000, 443509, 0, 0
134000, 441468, 0, 0
135000, 424168, 0, 0
136000, 438156, 0, 0
137000, 447567, 0, 0
138000, 451017, 0, 0
139000, 431159, 0, 0
140000, 422416, 0, 0
141000, 447432, 0, 0
142000, 427467, 0, 0
143000, 407889, 0, 0
144000, 427233, 0, 0
145000, 462391, 0, 0
146000, 439407, 0, 0
147000, 444579, 0, 0
148000, 491199, 0, 0
149000, 477431, 0, 0
150000, 433580, 0, 0
151000, 451310, 0, 0
152000, 440517, 0, 0
153001, 457058, 0, 0
154000, 430468, 0, 0
155000, 445653, 0, 0
156000, 423134, 0, 0
157000, 436988, 0, 0
158000, 415771, 0, 0
159000, 463206, 0, 0
160000, 464737, 0, 0
161000, 442263, 0, 0
162024, 443094, 0, 0
163000, 475928, 0, 0
164000, 448936, 0, 0
165000, 456104, 0, 0
166000, 433586, 0, 0
167000, 448504, 0, 0
168000, 440940, 0, 0
169000, 498904, 0, 0
170000, 482399, 0, 0
171000, 482410, 0, 0
172000, 492823, 0, 0
173000, 487182, 0, 0
174000, 550440, 0, 0
175000, 506677, 0, 0
176000, 474916, 0, 0
177000, 495120, 0, 0
178000, 482867, 0, 0
179000, 563276, 0, 0
180000, 487783, 0, 0
181000, 475911, 0, 0
182000, 486352, 0, 0
183000, 481279, 0, 0
184000, 493154, 0, 0
185000, 465060, 0, 0
186000, 487638, 0, 0
187000, 486296, 0, 0
188000, 486622, 0, 0
189000, 470729, 0, 0
190000, 448319, 0, 0
191000, 484728, 0, 0
192000, 495756, 0, 0
193000, 483688, 0, 0
194000, 458568, 0, 0
195000, 480654, 0, 0
196000, 484268, 0, 0
197000, 450351, 0, 0
198000, 468733, 0, 0
199000, 503778, 0, 0
200000, 478462, 0, 0
201000, 488364, 0, 0
202000, 490644, 0, 0
203000, 488044, 0, 0
204000, 500781, 0, 0
205000, 487725, 0, 0
206000, 468075, 0, 0
207000, 512580, 0, 0
208000, 475887, 0, 0
209000, 486225, 0, 0
210000, 507179, 0, 0
211000, 495949, 0, 0
212000, 477853, 0, 0
213000, 495498, 0, 0
214000, 478255, 0, 0
215000, 470296, 0, 0
216000, 495702, 0, 0
217000, 497987, 0, 0
218000, 506603, 0, 0
219000, 498307, 0, 0
220000, 482876, 0, 0
221000, 469057, 0, 0
222000, 479001, 0, 0
223000, 473550, 0, 0
224000, 474049, 0, 0
225000, 506202, 0, 0
226000, 468934, 0, 0
227000, 483278, 0, 0
228000, 471496, 0, 0
229000, 647059, 0, 0
230000, 566287, 0, 0
231000, 481974, 0, 0
232000, 492825, 0, 0
233000, 498867, 0, 0
234000, 471062, 0, 0
235000, 490568, 0, 0
236000, 477732, 0, 0
237000, 496074, 0, 0
238000, 510226, 0, 0
239000, 485445, 0, 0
240000, 478771, 0, 0
241000, 484042, 0, 0
242000, 483040, 0, 0
243000, 512892, 0, 0
244000, 487475, 0, 0
245000, 489377, 0, 0
246000, 470244, 0, 0
247000, 481212, 0, 0
248000, 511279, 0, 0
249000, 474956, 0, 0
250000, 520659, 0, 0
251000, 492891, 0, 0
252000, 570964, 0, 0
253000, 474843, 0, 0
254000, 494940, 0, 0
255000, 485253, 0, 0
256000, 474897, 0, 0
257000, 485534, 0, 0
258000, 503144, 0, 0
259000, 473096, 0, 0
260000, 469495, 0, 0
261000, 476171, 0, 0
262000, 448006, 0, 0
263000, 486011, 0, 0
264000, 486227, 0, 0
265000, 464430, 0, 0
266000, 488712, 0, 0
267000, 503500, 0, 0
268000, 495269, 0, 0
269000, 514238, 0, 0
270000, 458064, 0, 0
271000, 480583, 0, 0
272000, 540219, 0, 0
273000, 467965, 0, 0
274000, 457553, 0, 0
275000, 468698, 0, 0
276000, 478047, 0, 0
277000, 467035, 0, 0
278000, 488510, 0, 0
279000, 465829, 0, 0
280000, 471263, 0, 0
281000, 475395, 0, 0
282000, 470728, 0, 0
283000, 457179, 0, 0
284000, 459010, 0, 0
285000, 481085, 0, 0
286000, 479205, 0, 0
287000, 462145, 0, 0
288000, 496524, 0, 0
289000, 473222, 0, 0
290000, 486506, 0, 0
291000, 467854, 0, 0
292000, 490179, 0, 0
293000, 490907, 0, 0
294000, 484487, 0, 0
295000, 481601, 0, 0
296116, 490590, 0, 0
297000, 551732, 0, 0
298000, 496758, 0, 0
299000, 500125, 0, 0
300000, 476883, 0, 0
301000, 489132, 0, 0
302000, 484245, 0, 0
303000, 479316, 0, 0
304000, 490517, 0, 0
305000, 494578, 0, 0
306000, 507138, 0, 0
307000, 479844, 0, 0
308000, 496551, 0, 0
309000, 493297, 0, 0
310000, 473937, 0, 0
311000, 487874, 0, 0
312000, 494242, 0, 0
313000, 490276, 0, 0
314000, 491715, 0, 0
315000, 493992, 0, 0
316000, 473530, 0, 0
317000, 456108, 0, 0
318000, 495662, 0, 0
319000, 458939, 0, 0
320000, 498393, 0, 0
321000, 483955, 0, 0
322000, 499194, 0, 0
323000, 486851, 0, 0
324000, 462736, 0, 0
325000, 517095, 0, 0
326000, 506126, 0, 0
327000, 499818, 0, 0
328000, 466007, 0, 0
329000, 509982, 0, 0
330000, 482199, 0, 0
331000, 448757, 0, 0
332000, 503693, 0, 0
333000, 471861, 0, 0
334000, 473304, 0, 0
335000, 499661, 0, 0
336000, 494799, 0, 0
337000, 510495, 0, 0
338000, 502947, 0, 0
339000, 493311, 0, 0
340000, 462283, 0, 0
341000, 567897, 0, 0
342000, 670152, 0, 0
343000, 614805, 0, 0
344000, 495487, 0, 0
345000, 486673, 0, 0
346000, 490715, 0, 0
347000, 459915, 0, 0
348000, 492430, 0, 0
349000, 482538, 0, 0
350000, 483602, 0, 0
351000, 500432, 0, 0
352000, 498884, 0, 0
353000, 483750, 0, 0
354000, 490155, 0, 0
355000, 491948, 0, 0
356000, 483868, 0, 0
357000, 485178, 0, 0
358000, 562503, 0, 0
359000, 503409, 0, 0
360001, 584967, 0, 0
361000, 489374, 0, 0
362000, 491187, 0, 0
363000, 499054, 0, 0
364000, 499158, 0, 0
365000, 476129, 0, 0
366000, 485914, 0, 0
367000, 520010, 0, 0
368000, 557870, 0, 0
369000, 489429, 0, 0
370001, 483807, 0, 0
371000, 492360, 0, 0
372000, 493579, 0, 0
373000, 462103, 0, 0
374000, 485243, 0, 0
375000, 488956, 0, 0
376000, 503773, 0, 0
377000, 484972, 0, 0
378000, 477049, 0, 0
379000, 496647, 0, 0
380000, 485677, 0, 0
381000, 483046, 0, 0
382000, 476051, 0, 0
383000, 501556, 0, 0
384000, 482804, 0, 0
385000, 503284, 0, 0
386000, 587962, 0, 0
387000, 499657, 0, 0
388000, 466885, 0, 0
389000, 485273, 0, 0
390000, 487311, 0, 0
391000, 492167, 0, 0
392000, 487106, 0, 0
393000, 494105, 0, 0
394000, 507639, 0, 0
395000, 498169, 0, 0
396000, 476074, 0, 0
397000, 496961, 0, 0
398000, 465944, 0, 0
399000, 484719, 0, 0
400000, 486959, 0, 0
401000, 496829, 0, 0
402000, 465883, 0, 0
403000, 480358, 0, 0
404000, 457866, 0, 0
405000, 486349, 0, 0
406000, 490412, 0, 0
407000, 488007, 0, 0
408000, 481275, 0, 0
409001, 480838, 0, 0
410000, 491469, 0, 0
411000, 475155, 0, 0
412000, 495941, 0, 0
413000, 492299, 0, 0
414000, 493048, 0, 0
415000, 472625, 0, 0
416000, 454589, 0, 0
417000, 487342, 0, 0
418000, 470438, 0, 0
419000, 489632, 0, 0
420000, 466191, 0, 0
421000, 500401, 0, 0
422000, 467771, 0, 0
423000, 482970, 0, 0
424000, 498486, 0, 0
425000, 489469, 0, 0
426000, 465256, 0, 0
427000, 458108, 0, 0
428000, 478587, 0, 0
429000, 492236, 0, 0
430000, 488702, 0, 0
431000, 722236, 0, 0
432000, 510759, 0, 0
433000, 495283, 0, 0
434000, 489170, 0, 0
435000, 481656, 0, 0
436000, 474312, 0, 0
437000, 478887, 0, 0
438000, 492593, 0, 0
439000, 493241, 0, 0
440000, 479964, 0, 0
441000, 488690, 0, 0
442000, 468448, 0, 0
443000, 490674, 0, 0
444000, 469821, 0, 0
445000, 470697, 0, 0
446000, 510687, 0, 0
447000, 478369, 0, 0
448000, 449818, 0, 0
449000, 471013, 0, 0
450000, 471303, 0, 0
451000, 496977, 0, 0
452000, 436127, 0, 0
453000, 464130, 0, 0
454000, 483895, 0, 0
455000, 477750, 0, 0
456000, 493977, 0, 0
457000, 489262, 0, 0
458000, 498163, 0, 0
459000, 494644, 0, 0
460000, 479538, 0, 0
461000, 487652, 0, 0
462000, 462307, 0, 0
463000, 542588, 0, 0
464000, 474176, 0, 0
465000, 485971, 0, 0
466000, 467156, 0, 0
467000, 497593, 0, 0
468000, 475819, 0, 0
469000, 503049, 0, 0
470000, 489508, 0, 0
471000, 483890, 0, 0
472000, 483781, 0, 0
473000, 479700, 0, 0
474000, 478610, 0, 0
475000, 575944, 0, 0
476000, 499908, 0, 0
477000, 475291, 0, 0
478000, 491979, 0, 0
479000, 474841, 0, 0
480000, 447800, 0, 0
481000, 476842, 0, 0
482000, 468760, 0, 0
483000, 490110, 0, 0
484000, 491026, 0, 0
485001, 560561, 0, 0
486000, 498847, 0, 0
487000, 496889, 0, 0
488000, 486960, 0, 0
489000, 471683, 0, 0
490000, 465497, 0, 0
491000, 490397, 0, 0
492000, 475657, 0, 0
493000, 485294, 0, 0
494000, 479733, 0, 0
495000, 450162, 0, 0
496000, 502283, 0, 0
497000, 490820, 0, 0
498000, 492261, 0, 0
499000, 485778, 0, 0
500000, 476925, 0, 0
501000, 463354, 0, 0
502000, 450823, 0, 0
503000, 483260, 0, 0
504000, 456479, 0, 0
505000, 465838, 0, 0
506000, 487907, 0, 0
507000, 480688, 0, 0
508000, 484953, 0, 0
509000, 484901, 0, 0
510000, 483311, 0, 0
511000, 494577, 0, 0
512000, 478290, 0, 0
513000, 490741, 0, 0
514000, 469635, 0, 0
515000, 455220, 0, 0
516000, 444296, 0, 0
517000, 467043, 0, 0
518000, 489364, 0, 0
519000, 477724, 0, 0
520000, 574307, 0, 0
521000, 480495, 0, 0
522000, 483260, 0, 0
523000, 497202, 0, 0
524000, 651269, 0, 0
525000, 480897, 0, 0
526000, 451853, 0, 0
527000, 480827, 0, 0
528000, 466594, 0, 0
529000, 490479, 0, 0
530000, 492607, 0, 0
531000, 468333, 0, 0
532000, 474673, 0, 0
533000, 449600, 0, 0
534001, 465685, 0, 0
535000, 468132, 0, 0
536000, 457769, 0, 0
537119, 490602, 0, 0
538000, 540062, 0, 0
539000, 443970, 0, 0
540000, 477077, 0, 0
541000, 475112, 0, 0
542000, 478604, 0, 0
543000, 467955, 0, 0
544000, 469922, 0, 0
545000, 508245, 0, 0
546000, 487717, 0, 0
547000, 489293, 0, 0
548000, 488074, 0, 0
549000, 494228, 0, 0
550000, 455662, 0, 0
551000, 466150, 0, 0
552000, 490983, 0, 0
553000, 487183, 0, 0
554000, 452969, 0, 0
555000, 500917, 0, 0
556000, 494452, 0, 0
557000, 473273, 0, 0
558000, 549477, 0, 0
559000, 443776, 0, 0
560000, 469809, 0, 0
561000, 488956, 0, 0
562000, 467307, 0, 0
563000, 451337, 0, 0
564013, 491576, 0, 0
565000, 546526, 0, 0
566000, 489692, 0, 0
567000, 469799, 0, 0
568000, 473045, 0, 0
569000, 450367, 0, 0
570000, 437984, 0, 0
571000, 478914, 0, 0
572000, 491280, 0, 0
573000, 477380, 0, 0
574000, 447529, 0, 0
575000, 495470, 0, 0
576000, 496690, 0, 0
577000, 493090, 0, 0
578000, 479096, 0, 0
579000, 503688, 0, 0
580000, 470985, 0, 0
581000, 486619, 0, 0
582000, 470623, 0, 0
583000, 474271, 0, 0
584000, 481626, 0, 0
585000, 478532, 0, 0
586000, 476538, 0, 0
587000, 467968, 0, 0
588000, 496525, 0, 0
589000, 460026, 0, 0
590000, 473339, 0, 0
591000, 490094, 0, 0
592000, 481009, 0, 0
593000, 476360, 0, 0
594000, 474618, 0, 0
595000, 480812, 0, 0
596000, 477690, 0, 0
597000, 473955, 0, 0
598000, 466944, 0, 0
599000, 457327, 0, 0
600000, 463516, 0, 0
601000, 461107, 0, 0
602000, 483896, 0, 0
603000, 486956, 0, 0
604000, 593367, 0, 0
605001, 642960, 0, 0
606000, 486780, 0, 0
607000, 462609, 0, 0
608000, 465925, 0, 0
609000, 631767, 0, 0
610000, 502510, 0, 0
611000, 530292, 0, 0
612000, 495226, 0, 0
613000, 479599, 0, 0
614000, 476575, 0, 0
615000, 501395, 0, 0
616000, 483642, 0, 0
617000, 461011, 0, 0
618000, 469402, 0, 0
619000, 465313, 0, 0
620000, 482005, 0, 0
621000, 480650, 0, 0
622000, 493015, 0, 0
623000, 472923, 0, 0
624000, 480015, 0, 0
625000, 471401, 0, 0
626000, 470514, 0, 0
627000, 466234, 0, 0
628000, 496639, 0, 0
629000, 455831, 0, 0
630000, 488045, 0, 0
631000, 503627, 0, 0
632000, 499346, 0, 0
633000, 473951, 0, 0
634000, 463114, 0, 0
635000, 462631, 0, 0
636000, 484002, 0, 0
637000, 457232, 0, 0
638000, 504368, 0, 0
639000, 476124, 0, 0
640000, 485603, 0, 0
641000, 464326, 0, 0
642000, 485619, 0, 0
643000, 484899, 0, 0
644000, 475592, 0, 0
645000, 466393, 0, 0
646000, 468331, 0, 0
647000, 472241, 0, 0
648000, 495736, 0, 0
649000, 493032, 0, 0
650000, 479340, 0, 0
651000, 456171, 0, 0
652000, 493622, 0, 0
653000, 479552, 0, 0
654000, 642549, 0, 0
655000, 464277, 0, 0
656000, 476583, 0, 0
657000, 492639, 0, 0
658000, 472728, 0, 0
659000, 465281, 0, 0
660000, 477149, 0, 0
661000, 469915, 0, 0
662000, 469975, 0, 0
663000, 483182, 0, 0
664000, 464241, 0, 0
665000, 459404, 0, 0
666000, 471224, 0, 0
667000, 469508, 0, 0
668000, 489537, 0, 0
669000, 484433, 0, 0
670000, 479042, 0, 0
671000, 460014, 0, 0
672000, 476094, 0, 0
673000, 489859, 0, 0
674000, 482318, 0, 0
675000, 478302, 0, 0
676000, 482685, 0, 0
677000, 488950, 0, 0
678000, 496743, 0, 0
679000, 480317, 0, 0
680000, 475068, 0, 0
681000, 474838, 0, 0
682000, 484559, 0, 0
683000, 511151, 0, 0
684000, 709209, 0, 0
685000, 447654, 0, 0
686000, 462787, 0, 0
687000, 483454, 0, 0
688000, 471687, 0, 0
689000, 485010, 0, 0
690000, 460763, 0, 0
691000, 489922, 0, 0
692000, 453290, 0, 0
693000, 496808, 0, 0
694000, 475740, 0, 0
695000, 475787, 0, 0
696000, 481158, 0, 0
697000, 489459, 0, 0
698002, 649876, 0, 0
699000, 522265, 0, 0
700000, 480373, 0, 0
701000, 466137, 0, 0
702000, 480860, 0, 0
703000, 472223, 0, 0
704000, 479773, 0, 0
705000, 482588, 0, 0
706000, 473238, 0, 0
707000, 463812, 0, 0
708000, 478548, 0, 0
709000, 463221, 0, 0
710000, 455457, 0, 0
711000, 487011, 0, 0
712000, 490822, 0, 0
713000, 473538, 0, 0
714000, 463667, 0, 0
715000, 494139, 0, 0
716000, 494528, 0, 0
717000, 474135, 0, 0
718000, 476345, 0, 0
719000, 488676, 0, 0
720000, 454145, 0, 0
721000, 460026, 0, 0
722000, 470689, 0, 0
723000, 465213, 0, 0
724000, 482566, 0, 0
725000, 474804, 0, 0
726000, 482129, 0, 0
727000, 450373, 0, 0
728000, 475591, 0, 0
729000, 497320, 0, 0
730000, 493915, 0, 0
731000, 487267, 0, 0
732000, 525140, 0, 0
733000, 445239, 0, 0
734000, 460333, 0, 0
735000, 451414, 0, 0
736000, 518927, 0, 0
737000, 477593, 0, 0
738000, 497152, 0, 0
739000, 460952, 0, 0
740000, 480166, 0, 0
741000, 489993, 0, 0
742000, 473893, 0, 0
743000, 626020, 0, 0
744001, 507858, 0, 0
745000, 484056, 0, 0
746000, 486265, 0, 0
747000, 468585, 0, 0
748000, 442489, 0, 0
749000, 548816, 0, 0
750000, 476664, 0, 0
751000, 469848, 0, 0
752000, 483838, 0, 0
753000, 509411, 0, 0
754000, 456505, 0, 0
755000, 477712, 0, 0
756000, 486986, 0, 0
757000, 481999, 0, 0
758000, 467090, 0, 0
759000, 478341, 0, 0
760000, 475776, 0, 0
761000, 498250, 0, 0
762000, 470380, 0, 0
763000, 465296, 0, 0
764000, 494637, 0, 0
765000, 464662, 0, 0
766000, 481076, 0, 0
767000, 473190, 0, 0
768000, 485408, 0, 0
769000, 456137, 0, 0
770000, 445904, 0, 0
771000, 488319, 0, 0
772000, 495071, 0, 0
773000, 450848, 0, 0
774000, 479029, 0, 0
775000, 473861, 0, 0
776000, 488487, 0, 0
777000, 465604, 0, 0
778000, 466055, 0, 0
779000, 479102, 0, 0
780000, 489167, 0, 0
781000, 497596, 0, 0
782000, 501096, 0, 0
783000, 470779, 0, 0
784000, 482889, 0, 0
785000, 471141, 0, 0
786000, 470140, 0, 0
787000, 479745, 0, 0
788000, 639557, 0, 0
789000, 488324, 0, 0
790000, 481037, 0, 0
791000, 486558, 0, 0
792000, 475554, 0, 0
793000, 483776, 0, 0
794000, 494642, 0, 0
795000, 504834, 0, 0
796000, 498765, 0, 0
797000, 499192, 0, 0
798000, 482493, 0, 0
799000, 471852, 0, 0
800000, 474357, 0, 0
801000, 505837, 0, 0
802000, 490106, 0, 0
803000, 458926, 0, 0
804000, 463101, 0, 0
805000, 477457, 0, 0
806000, 473831, 0, 0
807000, 467132, 0, 0
808000, 486786, 0, 0
809000, 463900, 0, 0
810000, 482117, 0, 0
811000, 441406, 0, 0
812000, 464185, 0, 0
813000, 504394, 0, 0
814000, 476856, 0, 0
815000, 497760, 0, 0
816000, 500884, 0, 0
817000, 475633, 0, 0
818000, 465634, 0, 0
819000, 474683, 0, 0
820000, 466528, 0, 0
821000, 464953, 0, 0
822000, 452028, 0, 0
823000, 469183, 0, 0
824000, 463211, 0, 0
825000, 506293, 0, 0
826000, 468633, 0, 0
827000, 449027, 0, 0
828000, 480984, 0, 0
829000, 485845, 0, 0
830000, 482362, 0, 0
831000, 457640, 0, 0
832000, 490441, 0, 0
833000, 475148, 0, 0
834000, 463179, 0, 0
835000, 473415, 0, 0
836000, 474441, 0, 0
837000, 458810, 0, 0
838000, 482974, 0, 0
839000, 489613, 0, 0
840001, 485765, 0, 0
841000, 486695, 0, 0
842000, 457298, 0, 0
843000, 504698, 0, 0
844000, 551862, 0, 0
845000, 471808, 0, 0
846000, 493832, 0, 0
847000, 485019, 0, 0
848000, 473560, 0, 0
849000, 470868, 0, 0
850000, 478439, 0, 0
851000, 491902, 0, 0
852000, 467151, 0, 0
853000, 482495, 0, 0
854000, 497754, 0, 0
855000, 466379, 0, 0
856000, 475818, 0, 0
857000, 504336, 0, 0
858000, 495025, 0, 0
859000, 496536, 0, 0
860000, 527806, 0, 0
861000, 506251, 0, 0
862000, 475711, 0, 0
863000, 455101, 0, 0
864000, 475708, 0, 0
865000, 452646, 0, 0
866000, 497530, 0, 0
867000, 753302, 0, 0
868000, 516089, 0, 0
869000, 478124, 0, 0
870000, 469280, 0, 0
871000, 469352, 0, 0
872000, 482539, 0, 0
873000, 500254, 0, 0
874000, 476583, 0, 0
875000, 488317, 0, 0
876000, 479402, 0, 0
877000, 567215, 0, 0
878000, 479011, 0, 0
879000, 473844, 0, 0
880000, 494791, 0, 0
881000, 484138, 0, 0
882000, 498185, 0, 0
883000, 484856, 0, 0
884000, 465939, 0, 0
885000, 489156, 0, 0
886000, 491170, 0, 0
887000, 485183, 0, 0
888000, 470010, 0, 0
889000, 502776, 0, 0
890000, 609574, 0, 0
891000, 485808, 0, 0
892000, 487127, 0, 0
893000, 466010, 0, 0
894000, 488033, 0, 0
895000, 466385, 0, 0
896000, 471733, 0, 0
897000, 456131, 0, 0
898000, 503279, 0, 0
899000, 482422, 0, 0
900000, 492681, 0, 0
901000, 485030, 0, 0
902000, 482968, 0, 0
903000, 508003, 0, 0
904000, 453440, 0, 0
905000, 438437, 0, 0
906000, 498178, 0, 0
907000, 461174, 0, 0
908000, 463242, 0, 0
909000, 504882, 0, 0
910000, 498910, 0, 0
911000, 496352, 0, 0
912000, 475557, 0, 0
913000, 481784, 0, 0
914000, 475359, 0, 0
915000, 458738, 0, 0
916000, 479282, 0, 0
917000, 471908, 0, 0
918000, 476422, 0, 0
919000, 494225, 0, 0
920000, 456780, 0, 0
921059, 483335, 0, 0
922000, 554193, 0, 0
923000, 419517, 0, 0
924000, 462871, 0, 0
925000, 462834, 0, 0
926000, 462115, 0, 0
927000, 464649, 0, 0
928000, 477793, 0, 0
929000, 482325, 0, 0
930000, 485074, 0, 0
931000, 472104, 0, 0
932000, 480363, 0, 0
933000, 479588, 0, 0
934000, 501693, 0, 0
935000, 484510, 0, 0
936000, 443522, 0, 0
937000, 470714, 0, 0
938000, 476561, 0, 0
939000, 530214, 0, 0
940000, 453896, 0, 0
941000, 479291, 0, 0
942000, 448096, 0, 0
943000, 479857, 0, 0
944000, 462608, 0, 0
945000, 481466, 0, 0
946000, 476455, 0, 0
947000, 482912, 0, 0
948000, 491111, 0, 0
949000, 471523, 0, 0
950000, 459200, 0, 0
951000, 466064, 0, 0
952000, 482957, 0, 0
953000, 490712, 0, 0
954000, 487207, 0, 0
955000, 492147, 0, 0
956000, 460407, 0, 0
957000, 455024, 0, 0
958000, 470889, 0, 0
959000, 499356, 0, 0
960000, 489760, 0, 0
961000, 475397, 0, 0
962000, 481573, 0, 0
963000, 501236, 0, 0
964000, 486117, 0, 0
965000, 479956, 0, 0
966032, 505197, 0, 0
967000, 497672, 0, 0
968000, 470583, 0, 0
969000, 491265, 0, 0
970000, 466304, 0, 0
971000, 492992, 0, 0
972000, 489810, 0, 0
973000, 491394, 0, 0
974000, 469089, 0, 0
975000, 490380, 0, 0
976000, 477390, 0, 0
977000, 457878, 0, 0
978000, 469461, 0, 0
979000, 478547, 0, 0
980000, 476453, 0, 0
981000, 482076, 0, 0
982000, 472749, 0, 0
983000, 467760, 0, 0
984000, 480662, 0, 0
985000, 540131, 0, 0
986000, 506999, 0, 0
987000, 493426, 0, 0
988000, 479995, 0, 0
989000, 496633, 0, 0
990000, 489252, 0, 0
991000, 499711, 0, 0
992000, 480746, 0, 0
993000, 475054, 0, 0
994000, 495343, 0, 0
995000, 485445, 0, 0
996000, 457146, 0, 0
997000, 469519, 0, 0
998000, 480477, 0, 0
999000, 489159, 0, 0
1000000, 485106, 0, 0
1001000, 464270, 0, 0
1002000, 487554, 0, 0
1003000, 465028, 0, 0
1004000, 477248, 0, 0
1005000, 469964, 0, 0
1006000, 476886, 0, 0
1007000, 467913, 0, 0
1008000, 498765, 0, 0
1009000, 484189, 0, 0
1010000, 484151, 0, 0
1011000, 537425, 0, 0
1012000, 479199, 0, 0
1013000, 493768, 0, 0
1014000, 482132, 0, 0
1015000, 472877, 0, 0
1016000, 492010, 0, 0
1017000, 461722, 0, 0
1018000, 482841, 0, 0
1019000, 464621, 0, 0
1020000, 493635, 0, 0
1021000, 466567, 0, 0
1022000, 453798, 0, 0
1023000, 486987, 0, 0
1024000, 462449, 0, 0
1025000, 484125, 0, 0
1026000, 481455, 0, 0
1027000, 478373, 0, 0
1028000, 490143, 0, 0
1029000, 476125, 0, 0
1030000, 486088, 0, 0
1031000, 483801, 0, 0
1032000, 496551, 0, 0
1033001, 550354, 0, 0
1034000, 492235, 0, 0
1035000, 488694, 0, 0
1036000, 455327, 0, 0
1037000, 490341, 0, 0
1038000, 492417, 0, 0
1039000, 480951, 0, 0
1040000, 477616, 0, 0
1041000, 480719, 0, 0
1042000, 490226, 0, 0
1043000, 480187, 0, 0
1044000, 464930, 0, 0
1045000, 506633, 0, 0
1046000, 500160, 0, 0
1047000, 478809, 0, 0
1048000, 453000, 0, 0
1049000, 495823, 0, 0
1050000, 473976, 0, 0
1051000, 485229, 0, 0
1052000, 462602, 0, 0
1053000, 477499, 0, 0
1054000, 478047, 0, 0
1055027, 504777, 0, 0
1056001, 520873, 0, 0
1057000, 488294, 0, 0
1058000, 489820, 0, 0
1059000, 467339, 0, 0
1060000, 486517, 0, 0
1061000, 477284, 0, 0
1062000, 476983, 0, 0
1063000, 481862, 0, 0
1064000, 503843, 0, 0
1065000, 499908, 0, 0
1066000, 471056, 0, 0
1067000, 444450, 0, 0
1068000, 493795, 0, 0
1069000, 471081, 0, 0
1070000, 486407, 0, 0
1071000, 453467, 0, 0
1072000, 505350, 0, 0
1073000, 478625, 0, 0
1074000, 441725, 0, 0
1075000, 497079, 0, 0
1076000, 464485, 0, 0
1077000, 486628, 0, 0
1078000, 499746, 0, 0
1079000, 445870, 0, 0
1080000, 475718, 0, 0
1081000, 451203, 0, 0
1082000, 482193, 0, 0
1083000, 503565, 0, 0
1084000, 476818, 0, 0
1085000, 469178, 0, 0
1086000, 500522, 0, 0
1087000, 460565, 0, 0
1088000, 476645, 0, 0
1089000, 473147, 0, 0
1090000, 476631, 0, 0
1091000, 473146, 0, 0
1092000, 500641, 0, 0
1093000, 482239, 0, 0
1094000, 473268, 0, 0
1095000, 465423, 0, 0
1096000, 446163, 0, 0
1097000, 480195, 0, 0
1098001, 480931, 0, 0
1099000, 495485, 0, 0
1100000, 489597, 0, 0
1101001, 471051, 0, 0
1102000, 498161, 0, 0
1103000, 459821, 0, 0
1104000, 449571, 0, 0
1105001, 495579, 0, 0
1106000, 472968, 0, 0
1107000, 474916, 0, 0
1108000, 465934, 0, 0
1109000, 492749, 0, 0
1110000, 529181, 0, 0
1111000, 476352, 0, 0
1112000, 463050, 0, 0
1113000, 465714, 0, 0
1114000, 493792, 0, 0
1115000, 484875, 0, 0
1116000, 483322, 0, 0
1117000, 493190, 0, 0
1118000, 470604, 0, 0
1119000, 478438, 0, 0
1120000, 472776, 0, 0
1121000, 493533, 0, 0
1122000, 465071, 0, 0
1123000, 477315, 0, 0
1124001, 488207, 0, 0
1125000, 469400, 0, 0
1126000, 485774, 0, 0
1127000, 487063, 0, 0
1128000, 544765, 0, 0
1129001, 520557, 0, 0
1130000, 680560, 0, 0
1131000, 457294, 0, 0
1132000, 479188, 0, 0
1133000, 478109, 0, 0
1134000, 485367, 0, 0
1135000, 474800, 0, 0
1136000, 469754, 0, 0
1137003, 561601, 0, 0
1138000, 656674, 0, 0
1139000, 493698, 0, 0
1140000, 477441, 0, 0
1141000, 488892, 0, 0
1142000, 481471, 0, 0
1143000, 466151, 0, 0
1144000, 470459, 0, 0
1145000, 483848, 0, 0
1146000, 544259, 0, 0
1147001, 498137, 0, 0
1148000, 488911, 0, 0
1149000, 467535, 0, 0
1150000, 478928, 0, 0
1151000, 470750, 0, 0
1152000, 480403, 0, 0
1153000, 474691, 0, 0
1154000, 460673, 0, 0
1155000, 477683, 0, 0
1156000, 480060, 0, 0
1157000, 501440, 0, 0
1158000, 489265, 0, 0
1159000, 494604, 0, 0
1160000, 499034, 0, 0
1161000, 492698, 0, 0
1162000, 522820, 0, 0
1163000, 484579, 0, 0
1164000, 458053, 0, 0
1165000, 479973, 0, 0
1166000, 495017, 0, 0
1167000, 466224, 0, 0
1168000, 491824, 0, 0
1169000, 476496, 0, 0
1170000, 456490, 0, 0
1171000, 475255, 0, 0
1172000, 481780, 0, 0
1173000, 464782, 0, 0
1174000, 463867, 0, 0
1175000, 487911, 0, 0
1176000, 497839, 0, 0
1177000, 478338, 0, 0
1178000, 487572, 0, 0
1179000, 474720, 0, 0
1180000, 496034, 0, 0
1181000, 491765, 0, 0
1182000, 493986, 0, 0
1183000, 459545, 0, 0
1184000, 503316, 0, 0
1185000, 501815, 0, 0
1186000, 497253, 0, 0
1187000, 473299, 0, 0
1188000, 467183, 0, 0
1189000, 486272, 0, 0
1190000, 690118, 0, 0
1191000, 487169, 0, 0
1192000, 469931, 0, 0
1193000, 478346, 0, 0
1194000, 491841, 0, 0
1195000, 489051, 0, 0
1196000, 489805, 0, 0
1197000, 476211, 0, 0
1198000, 486832, 0, 0
1199000, 488948, 0, 0
1200000, 497901, 0, 0
1201000, 452491, 0, 0
1202000, 474579, 0, 0
1203000, 488838, 0, 0
1204000, 469662, 0, 0
1205000, 477368, 0, 0
1206000, 472282, 0, 0
1207000, 475296, 0, 0
1208000, 490117, 0, 0
1209000, 493489, 0, 0
1210000, 492981, 0, 0
1211000, 490382, 0, 0
1212001, 496219, 0, 0
1213000, 467223, 0, 0
1214000, 485422, 0, 0
1215000, 491814, 0, 0
1216000, 475042, 0, 0
1217000, 501273, 0, 0
1218000, 455910, 0, 0
1219000, 472283, 0, 0
1220000, 479531, 0, 0
1221000, 474841, 0, 0
1222000, 476850, 0, 0
1223000, 531320, 0, 0
1224000, 463598, 0, 0
1225000, 499078, 0, 0
1226000, 474219, 0, 0
1227000, 457580, 0, 0
1228000, 472913, 0, 0
1229000, 467508, 0, 0
1230000, 499083, 0, 0
1231000, 473087, 0, 0
1232000, 488047, 0, 0
1233000, 500927, 0, 0
1234000, 506869, 0, 0
1235000, 521620, 0, 0
1236000, 487149, 0, 0
1237000, 502523, 0, 0
1238000, 494744, 0, 0
1239000, 450886, 0, 0
1240000, 460114, 0, 0
1241000, 474009, 0, 0
1242000, 469214, 0, 0
1243000, 464907, 0, 0
1244000, 475154, 0, 0
1245000, 480207, 0, 0
1246000, 473923, 0, 0
1247000, 457497, 0, 0
1248000, 483823, 0, 0
1249000, 488526, 0, 0
1250000, 478250, 0, 0
1251000, 484941, 0, 0
1252000, 485753, 0, 0
1253000, 469826, 0, 0
1254000, 477753, 0, 0
1255000, 501534, 0, 0
1256000, 470564, 0, 0
1257000, 458854, 0, 0
1258000, 482544, 0, 0
1259000, 482959, 0, 0
1260000, 482357, 0, 0
1261000, 466549, 0, 0
1262000, 490995, 0, 0
1263000, 494699, 0, 0
1264000, 478296, 0, 0
1265000, 491919, 0, 0
1266000, 501255, 0, 0
1267000, 462191, 0, 0
1268000, 482233, 0, 0
1269000, 477583, 0, 0
1270000, 492703, 0, 0
1271000, 471089, 0, 0
1272000, 470252, 0, 0
1273000, 461071, 0, 0
1274000, 478659, 0, 0
1275000, 453393, 0, 0
1276000, 469153, 0, 0
1277000, 504603, 0, 0
1278000, 470886, 0, 0
1279000, 545687, 0, 0
1280000, 554012, 0, 0
1281000, 484622, 0, 0
1282000, 491202, 0, 0
1283000, 480206, 0, 0
1284000, 492752, 0, 0
1285000, 490329, 0, 0
1286000, 479046, 0, 0
1287000, 470119, 0, 0
1288000, 479297, 0, 0
1289000, 479248, 0, 0
1290000, 469059, 0, 0
1291000, 486715, 0, 0
1292000, 481468, 0, 0
1293000, 492474, 0, 0
1294001, 456113, 0, 0
1295000, 482174, 0, 0
1296000, 484492, 0, 0
1297000, 478157, 0, 0
1298000, 486696, 0, 0
1299000, 491264, 0, 0
1300000, 496886, 0, 0
1301000, 499856, 0, 0
1302000, 514796, 0, 0
1303000, 474381, 0, 0
1304000, 479359, 0, 0
1305000, 494097, 0, 0
1306000, 487910, 0, 0
1307000, 472221, 0, 0
1308000, 490880, 0, 0
1309000, 484188, 0, 0
1310000, 496560, 0, 0
1311000, 490182, 0, 0
1312000, 461659, 0, 0
1313000, 495071, 0, 0
1314000, 526141, 0, 0
1315001, 518447, 0, 0
1316000, 477527, 0, 0
1317000, 490675, 0, 0
1318000, 509021, 0, 0
1319000, 470975, 0, 0
1320000, 464046, 0, 0
1321000, 467033, 0, 0
1322000, 486566, 0, 0
1323000, 485916, 0, 0
1324000, 616554, 0, 0
1325001, 489709, 0, 0
1326000, 489949, 0, 0
1327000, 462285, 0, 0
1328000, 497473, 0, 0
1329000, 492221, 0, 0
1330000, 472168, 0, 0
1331000, 476654, 0, 0
1332000, 476766, 0, 0
1333000, 480901, 0, 0
1334000, 481248, 0, 0
1335000, 479566, 0, 0
1336000, 495151, 0, 0
1337000, 493704, 0, 0
1338000, 453712, 0, 0
1339000, 480876, 0, 0
1340000, 493431, 0, 0
1341000, 463321, 0, 0
1342000, 465964, 0, 0
1343000, 491140, 0, 0
1344000, 493434, 0, 0
1345000, 484130, 0, 0
1346000, 460103, 0, 0
1347000, 488740, 0, 0
1348000, 464408, 0, 0
1349000, 468667, 0, 0
1350000, 466859, 0, 0
1351000, 459511, 0, 0
1352000, 464964, 0, 0
1353000, 477670, 0, 0
1354000, 462664, 0, 0
1355000, 473327, 0, 0
1356000, 460643, 0, 0
1357000, 488586, 0, 0
1358000, 487346, 0, 0
1359000, 556940, 0, 0
1360000, 491594, 0, 0
1361001, 476513, 0, 0
1362000, 477440, 0, 0
1363000, 486823, 0, 0
1364000, 496135, 0, 0
1365000, 490073, 0, 0
1366000, 481349, 0, 0
1367000, 460815, 0, 0
1368072, 496133, 0, 0
1369000, 553406, 0, 0
1370000, 485964, 0, 0
1371000, 470908, 0, 0
1372000, 475964, 0, 0
1373000, 476995, 0, 0
1374000, 483111, 0, 0
1375000, 481774, 0, 0
1376000, 482533, 0, 0
1377000, 484954, 0, 0
1378000, 468646, 0, 0
1379000, 473129, 0, 0
1380000, 466824, 0, 0
1381000, 490114, 0, 0
1382000, 497985, 0, 0
1383000, 502691, 0, 0
1384000, 475615, 0, 0
1385000, 463496, 0, 0
1386000, 482746, 0, 0
1387000, 451509, 0, 0
1388000, 444378, 0, 0
1389000, 491211, 0, 0
1390000, 475136, 0, 0
1391000, 719258, 0, 0
1392000, 497548, 0, 0
1393000, 486786, 0, 0
1394000, 477925, 0, 0
1395000, 481613, 0, 0
1396000, 497842, 0, 0
1397000, 488149, 0, 0
1398000, 484022, 0, 0
1399000, 479709, 0, 0
1400000, 492639, 0, 0
1401000, 470450, 0, 0
1402000, 465877, 0, 0
1403000, 478562, 0, 0
1404000, 500740, 0, 0
1405000, 501466, 0, 0
1406000, 468596, 0, 0
1407000, 480129, 0, 0
1408000, 477867, 0, 0
1409000, 503494, 0, 0
1410000, 501298, 0, 0
1411000, 480765, 0, 0
1412000, 517684, 0, 0
1413000, 733353, 0, 0
1414000, 509665, 0, 0
1415000, 480460, 0, 0
1416000, 490396, 0, 0
1417000, 477435, 0, 0
1418000, 492003, 0, 0
1419000, 471022, 0, 0
1420000, 468203, 0, 0
1421000, 482303, 0, 0
1422000, 476108, 0, 0
1423000, 470885, 0, 0
1424000, 477804, 0, 0
1425000, 484333, 0, 0
1426000, 484190, 0, 0
1427000, 477879, 0, 0
1428000, 494580, 0, 0
1429000, 496643, 0, 0
1430000, 489722, 0, 0
1431000, 495621, 0, 0
1432000, 487426, 0, 0
1433000, 488558, 0, 0
1434000, 476474, 0, 0
1435000, 492378, 0, 0
1436000, 487279, 0, 0
1437000, 497177, 0, 0
1438000, 483637, 0, 0
1439000, 464931, 0, 0
1440000, 472855, 0, 0
1441000, 458751, 0, 0
1442000, 454603, 0, 0
1443000, 445303, 0, 0
1444000, 504797, 0, 0
1445000, 485152, 0, 0
1446000, 508485, 0, 0
1447000, 458956, 0, 0
1448000, 495025, 0, 0
1449000, 465697, 0, 0
1450000, 488792, 0, 0
1451000, 487237, 0, 0
1452000, 441259, 0, 0
1453000, 494957, 0, 0
1454000, 488158, 0, 0
1455000, 465864, 0, 0
1456000, 480866, 0, 0
1457048, 498198, 0, 0
1458000, 513483, 0, 0
1459000, 477521, 0, 0
1460000, 462627, 0, 0
1461000, 458244, 0, 0
1462000, 494594, 0, 0
1463000, 462469, 0, 0
1464000, 491921, 0, 0
1465000, 482180, 0, 0
1466000, 470499, 0, 0
1467000, 460837, 0, 0
1468000, 473828, 0, 0
1469000, 474284, 0, 0
1470000, 474236, 0, 0
1471000, 490355, 0, 0
1472000, 481887, 0, 0
1473000, 504381, 0, 0
1474000, 498082, 0, 0
1475000, 471191, 0, 0
1476000, 485415, 0, 0
1477000, 479719, 0, 0
1478000, 479988, 0, 0
1479000, 468615, 0, 0
1480000, 475412, 0, 0
1481000, 474603, 0, 0
1482000, 483031, 0, 0
1483000, 540430, 0, 0
1484000, 504551, 0, 0
1485000, 485197, 0, 0
1486000, 493002, 0, 0
1487000, 488594, 0, 0
1488000, 472856, 0, 0
1489000, 456635, 0, 0
1490000, 459289, 0, 0
1491000, 463958, 0, 0
1492000, 478338, 0, 0
1493000, 485186, 0, 0
1494000, 466183, 0, 0
1495000, 473549, 0, 0
1496000, 479606, 0, 0
1497000, 482121, 0, 0
1498000, 482585, 0, 0
1499000, 490181, 0, 0
1500000, 492404, 0, 0
1501000, 471118, 0, 0
1502000, 598800, 0, 0
1503000, 473860, 0, 0
1504000, 494269, 0, 0
1505000, 474411, 0, 0
1506000, 474608, 0, 0
1507000, 555688, 0, 0
1508000, 485858, 0, 0
1509000, 481330, 0, 0
1510000, 467946, 0, 0
1511000, 473312, 0, 0
1512000, 478600, 0, 0
1513000, 480045, 0, 0
1514000, 493508, 0, 0
1515000, 487739, 0, 0
1516000, 502410, 0, 0
1517000, 489451, 0, 0
1518000, 495467, 0, 0
1519000, 494723, 0, 0
1520000, 483349, 0, 0
1521000, 483850, 0, 0
1522000, 485003, 0, 0
1523000, 488965, 0, 0
1524000, 493014, 0, 0
1525000, 486224, 0, 0
1526000, 477918, 0, 0
1527000, 490725, 0, 0
1528000, 478055, 0, 0
1529000, 446031, 0, 0
1530000, 496163, 0, 0
1531000, 496332, 0, 0
1532000, 489108, 0, 0
1533000, 475725, 0, 0
1534000, 482918, 0, 0
1535000, 476988, 0, 0
1536000, 467199, 0, 0
1537000, 487433, 0, 0
1538000, 466731, 0, 0
1539000, 471093, 0, 0
1540000, 492946, 0, 0
1541000, 477487, 0, 0
1542000, 484898, 0, 0
1543001, 499404, 0, 0
1544000, 485865, 0, 0
1545000, 465944, 0, 0
1546000, 499304, 0, 0
1547000, 548492, 0, 0
1548000, 463429, 0, 0
1549000, 473019, 0, 0
1550000, 470177, 0, 0
1551000, 478330, 0, 0
1552000, 479396, 0, 0
1553000, 490033, 0, 0
1554000, 487197, 0, 0
1555000, 475866, 0, 0
1556000, 473691, 0, 0
1557000, 492480, 0, 0
1558000, 461612, 0, 0
1559000, 464718, 0, 0
1560000, 464080, 0, 0
1561000, 483208, 0, 0
1562000, 481060, 0, 0
1563000, 473688, 0, 0
1564000, 496425, 0, 0
1565000, 468771, 0, 0
1566000, 487908, 0, 0
1567000, 473192, 0, 0
1568000, 488112, 0, 0
1569000, 481591, 0, 0
1570000, 474504, 0, 0
1571000, 470030, 0, 0
1572000, 475877, 0, 0
1573000, 483324, 0, 0
1574000, 441712, 0, 0
1575000, 447754, 0, 0
1576000, 480715, 0, 0
1577000, 474903, 0, 0
1578000, 498446, 0, 0
1579000, 495503, 0, 0
1580000, 464539, 0, 0
1581000, 493373, 0, 0
1582000, 484269, 0, 0
1583000, 484860, 0, 0
1584000, 488196, 0, 0
1585000, 497011, 0, 0
1586000, 482479, 0, 0
1587000, 477432, 0, 0
1588000, 469444, 0, 0
1589000, 490198, 0, 0
1590000, 455985, 0, 0
1591026, 460972, 0, 0
1592000, 884583, 0, 0
1593000, 480142, 0, 0
1594000, 467259, 0, 0
1595000, 471135, 0, 0
1596000, 464754, 0, 0
1597000, 492848, 0, 0
1598000, 483201, 0, 0
1599000, 483250, 0, 0
1600000, 485687, 0, 0
1601000, 517435, 0, 0
1602000, 462718, 0, 0
1603000, 457894, 0, 0
1604000, 471187, 0, 0
1605000, 470600, 0, 0
1606000, 472044, 0, 0
1607000, 538307, 0, 0
1608000, 473052, 0, 0
1609000, 468378, 0, 0
1610000, 462788, 0, 0
1611000, 490478, 0, 0
1612000, 483505, 0, 0
1613000, 484231, 0, 0
1614000, 493658, 0, 0
1615000, 480408, 0, 0
1616000, 468448, 0, 0
1617000, 484278, 0, 0
1618000, 474626, 0, 0
1619000, 472445, 0, 0
1620000, 478685, 0, 0
1621000, 480793, 0, 0
1622000, 483412, 0, 0
1623000, 469674, 0, 0
1624000, 468875, 0, 0
1625000, 496521, 0, 0
1626000, 495142, 0, 0
1627000, 484473, 0, 0
1628000, 470180, 0, 0
1629000, 477666, 0, 0
1630000, 501728, 0, 0
1631000, 483994, 0, 0
1632000, 484146, 0, 0
1633000, 482564, 0, 0
1634000, 490379, 0, 0
1635000, 465304, 0, 0
1636000, 528909, 0, 0
1637000, 489252, 0, 0
1638000, 456822, 0, 0
1639000, 481090, 0, 0
1640000, 478166, 0, 0
1641000, 460470, 0, 0
1642003, 511558, 0, 0
1643000, 537708, 0, 0
1644000, 495866, 0, 0
1645000, 481871, 0, 0
1646000, 479640, 0, 0
1647000, 506272, 0, 0
1648000, 499274, 0, 0
1649000, 486547, 0, 0
1650000, 480632, 0, 0
1651000, 463900, 0, 0
1652000, 503045, 0, 0
1653003, 662361, 0, 0
1654000, 545267, 0, 0
1655000, 476631, 0, 0
1656000, 459271, 0, 0
1657000, 475834, 0, 0
1658000, 465966, 0, 0
1659000, 498785, 0, 0
1660000, 456070, 0, 0
1661000, 502224, 0, 0
1662000, 464173, 0, 0
1663000, 467789, 0, 0
1664000, 477647, 0, 0
1665000, 476874, 0, 0
1666000, 437577, 0, 0
1667000, 498921, 0, 0
1668000, 497142, 0, 0
1669000, 471857, 0, 0
1670000, 484493, 0, 0
1671000, 474864, 0, 0
1672000, 487878, 0, 0
1673000, 474463, 0, 0
1674000, 488040, 0, 0
1675000, 486802, 0, 0
1676000, 467897, 0, 0
1677000, 481664, 0, 0
1678000, 481338, 0, 0
1679000, 455677, 0, 0
1680092, 485288, 0, 0
1681000, 547816, 0, 0
1682000, 479685, 0, 0
1683000, 493242, 0, 0
1684000, 466267, 0, 0
1685000, 484580, 0, 0
1686000, 480936, 0, 0
1687000, 482241, 0, 0
1688000, 496249, 0, 0
1689000, 459465, 0, 0
1690000, 454777, 0, 0
1691000, 482649, 0, 0
1692000, 486478, 0, 0
1693000, 455564, 0, 0
1694000, 492258, 0, 0
1695000, 483681, 0, 0
1696000, 504068, 0, 0
1697000, 495018, 0, 0
1698000, 491747, 0, 0
1699000, 484899, 0, 0
1700000, 453563, 0, 0
1701000, 487923, 0, 0
1702000, 498020, 0, 0
1703000, 486127, 0, 0
1704000, 481488, 0, 0
1705000, 492484, 0, 0
1706000, 503410, 0, 0
1707000, 444785, 0, 0
1708000, 503614, 0, 0
1709000, 495138, 0, 0
1710000, 452751, 0, 0
1711000, 497527, 0, 0
1712000, 489247, 0, 0
1713000, 478743, 0, 0
1714000, 467104, 0, 0
1715000, 479189, 0, 0
1716000, 498035, 0, 0
1717000, 480235, 0, 0
1718000, 474873, 0, 0
1719000, 498476, 0, 0
1720000, 457395, 0, 0
1721000, 494536, 0, 0
1722000, 483032, 0, 0
1723000, 495710, 0, 0
1724000, 462683, 0, 0
1725000, 535701, 0, 0
1726000, 484027, 0, 0
1727000, 470541, 0, 0
1728000, 471723, 0, 0
1729000, 492380, 0, 0
1730000, 469376, 0, 0
1731000, 544743, 0, 0
1732000, 459350, 0, 0
1733000, 485530, 0, 0
1734000, 475714, 0, 0
1735000, 481857, 0, 0
1736000, 460666, 0, 0
1737000, 492917, 0, 0
1738000, 495896, 0, 0
1739000, 490474, 0, 0
1740000, 476993, 0, 0
1741000, 492770, 0, 0
1742000, 460415, 0, 0
1743000, 480902, 0, 0
1744000, 476824, 0, 0
1745000, 484003, 0, 0
1746000, 461106, 0, 0
1747000, 475623, 0, 0
1748000, 473886, 0, 0
1749000, 483309, 0, 0
1750000, 467187, 0, 0
1751000, 432671, 0, 0
1752000, 491604, 0, 0
1753000, 487250, 0, 0
1754000, 476760, 0, 0
1755000, 465549, 0, 0
1756000, 465509, 0, 0
1757000, 470301, 0, 0
1758000, 480510, 0, 0
1759000, 471088, 0, 0
1760000, 477918, 0, 0
1761000, 501475, 0, 0
1762000, 470638, 0, 0
1763000, 474488, 0, 0
1764000, 484160, 0, 0
1765000, 489243, 0, 0
1766000, 454010, 0, 0
1767000, 489115, 0, 0
1768000, 490693, 0, 0
1769029, 543114, 0, 0
1770000, 525034, 0, 0
1771000, 463087, 0, 0
1772000, 483620, 0, 0
1773000, 444758, 0, 0
1774000, 486910, 0, 0
1775000, 478298, 0, 0
1776000, 466627, 0, 0
1777000, 482094, 0, 0
1778000, 485045, 0, 0
1779000, 479332, 0, 0
1780000, 464973, 0, 0
1781000, 474239, 0, 0
1782000, 444903, 0, 0
1783000, 480808, 0, 0
1784000, 484906, 0, 0
1785000, 476424, 0, 0
1786000, 467031, 0, 0
1787000, 443200, 0, 0
1788000, 454801, 0, 0
1789000, 479026, 0, 0
1790000, 532801, 0, 0
1791000, 479229, 0, 0
1792000, 459518, 0, 0
1793000, 489820, 0, 0
1794000, 484264, 0, 0
1795000, 432223, 0, 0
1796000, 477652, 0, 0
1797000, 473043, 0, 0
1798000, 480078, 0, 0
1799000, 480169, 0, 0
1800000, 473292, 0, 0
1801000, 463310, 0, 0
1802000, 472448, 0, 0
1803000, 483329, 0, 0
1804000, 496445, 0, 0
1805000, 468543, 0, 0
1806000, 478063, 0, 0
1807000, 485632, 0, 0
1808000, 480384, 0, 0
1809000, 481403, 0, 0
1810000, 496199, 0, 0
1811000, 498778, 0, 0
1812000, 500702, 0, 0
1813003, 493355, 0, 0
1814035, 533776, 0, 0
1815000, 533818, 0, 0
1816000, 472338, 0, 0
1817000, 466268, 0, 0
1818000, 457884, 0, 0
1819000, 479183, 0, 0
1820000, 485727, 0, 0
1821000, 486311, 0, 0
1822000, 474501, 0, 0
1823000, 465320, 0, 0
1824000, 472140, 0, 0
1825000, 468329, 0, 0
1826000, 440916, 0, 0
1827000, 488552, 0, 0
1828000, 452801, 0, 0
1829000, 501380, 0, 0
1830000, 474504, 0, 0
1831000, 489490, 0, 0
1832000, 485162, 0, 0
1833000, 479500, 0, 0
1834000, 482555, 0, 0
1835000, 446267, 0, 0
1836000, 489180, 0, 0
1837001, 457861, 0, 0
1838000, 480421, 0, 0
1839000, 479431, 0, 0
1840000, 472775, 0, 0
1841000, 485283, 0, 0
1842000, 474852, 0, 0
1843000, 468798, 0, 0
1844000, 475063, 0, 0
1845000, 445623, 0, 0
1846000, 485372, 0, 0
1847000, 486216, 0, 0
1848000, 456318, 0, 0
1849000, 477630, 0, 0
1850000, 470337, 0, 0
1851000, 450731, 0, 0
1852000, 458220, 0, 0
1853000, 447059, 0, 0
1854000, 470548, 0, 0
1855004, 514958, 0, 0
1856000, 509533, 0, 0
1857000, 473644, 0, 0
1858000, 499485, 0, 0
1859000, 538086, 0, 0
1860000, 578073, 0, 0
1861000, 476925, 0, 0
1862000, 478706, 0, 0
1863000, 474220, 0, 0
1864000, 474655, 0, 0
1865000, 469154, 0, 0
1866000, 495712, 0, 0
1867000, 483318, 0, 0
1868000, 458792, 0, 0
1869000, 488957, 0, 0
1870000, 495309, 0, 0
1871000, 483157, 0, 0
1872000, 488611, 0, 0
1873000, 485455, 0, 0
1874000, 483297, 0, 0
1875000, 453521, 0, 0
1876000, 454426, 0, 0
1877001, 458887, 0, 0
1878000, 478278, 0, 0
1879000, 473658, 0, 0
1880000, 459476, 0, 0
1881000, 472601, 0, 0
1882000, 492309, 0, 0
1883000, 442321, 0, 0
1884000, 525192, 0, 0
1885000, 480372, 0, 0
1886000, 463374, 0, 0
1887000, 469857, 0, 0
1888000, 490013, 0, 0
1889000, 485205, 0, 0
1890000, 484861, 0, 0
1891000, 498971, 0, 0
1892000, 433938, 0, 0
1893000, 468339, 0, 0
1894000, 476386, 0, 0
1895000, 495018, 0, 0
1896000, 468453, 0, 0
1897000, 488808, 0, 0
1898000, 454588, 0, 0
1899000, 443738, 0, 0
1900000, 475142, 0, 0
1901000, 474250, 0, 0
1902000, 475362, 0, 0
1903000, 509379, 0, 0
1904000, 723544, 0, 0
1905000, 475810, 0, 0
1906000, 481130, 0, 0
1907000, 464387, 0, 0
1908000, 482613, 0, 0
1909000, 470031, 0, 0
1910000, 487087, 0, 0
1911000, 473110, 0, 0
1912000, 474048, 0, 0
1913000, 517706, 0, 0
1914000, 738555, 0, 0
1915000, 478162, 0, 0
1916000, 467544, 0, 0
1917000, 479361, 0, 0
1918000, 465502, 0, 0
1919000, 464703, 0, 0
1920000, 486571, 0, 0
1921000, 482710, 0, 0
1922000, 465012, 0, 0
1923000, 487717, 0, 0
1924000, 489037, 0, 0
1925000, 482733, 0, 0
1926000, 466079, 0, 0
1927000, 482783, 0, 0
1928000, 495120, 0, 0
1929000, 470960, 0, 0
1930000, 463846, 0, 0
1931000, 479948, 0, 0
1932000, 480054, 0, 0
1933000, 501077, 0, 0
1934000, 608170, 0, 0
1935000, 516952, 0, 0
1936000, 456617, 0, 0
1937000, 458631, 0, 0
1938000, 485178, 0, 0
1939000, 461167, 0, 0
1940000, 489454, 0, 0
1941000, 476529, 0, 0
1942000, 487517, 0, 0
1943000, 474698, 0, 0
1944000, 466159, 0, 0
1945000, 449257, 0, 0
1946000, 484049, 0, 0
1947000, 464888, 0, 0
1948009, 462085, 0, 0
1949000, 591486, 0, 0
1950000, 470286, 0, 0
1951000, 458020, 0, 0
1952000, 483656, 0, 0
1953000, 471022, 0, 0
1954000, 455268, 0, 0
1955000, 468049, 0, 0
1956000, 471101, 0, 0
1957000, 492264, 0, 0
1958000, 464025, 0, 0
1959000, 473065, 0, 0
1960000, 467698, 0, 0
1961000, 480541, 0, 0
1962000, 455821, 0, 0
1963000, 470103, 0, 0
1964000, 484480, 0, 0
1965000, 498648, 0, 0
1966000, 475435, 0, 0
1967000, 462528, 0, 0
1968000, 490688, 0, 0
1969000, 476769, 0, 0
1970001, 462938, 0, 0
1971000, 479189, 0, 0
1972000, 495436, 0, 0
1973000, 499196, 0, 0
1974000, 490830, 0, 0
1975000, 475796, 0, 0
1976000, 468694, 0, 0
1977000, 472586, 0, 0
1978000, 480799, 0, 0
1979000, 537330, 0, 0
1980000, 484949, 0, 0
1981000, 531709, 0, 0
1982000, 476639, 0, 0
1983000, 474876, 0, 0
1984000, 474360, 0, 0
1985000, 464096, 0, 0
1986000, 493703, 0, 0
1987000, 456028, 0, 0
1988000, 467523, 0, 0
1989000, 472180, 0, 0
1990000, 467429, 0, 0
1991000, 484420, 0, 0
1992000, 478313, 0, 0
1993000, 560923, 0, 0
1994000, 468033, 0, 0
1995000, 479199, 0, 0
1996000, 471731, 0, 0
1997000, 467495, 0, 0
1998000, 477690, 0, 0
1999000, 502494, 0, 0
2000000, 481048, 0, 0
2001000, 474498, 0, 0
2002000, 488134, 0, 0
2003000, 479552, 0, 0
2004000, 456668, 0, 0
2005000, 494547, 0, 0
2006000, 480601, 0, 0
2007000, 499001, 0, 0
2008000, 499343, 0, 0
2009000, 495825, 0, 0
2010000, 482151, 0, 0
2011000, 445175, 0, 0
2012000, 625120, 0, 0
2013000, 476315, 0, 0
2014000, 451428, 0, 0
2015000, 471897, 0, 0
2016000, 462983, 0, 0
2017000, 472405, 0, 0
2018000, 454438, 0, 0
2019000, 492702, 0, 0
2020000, 472762, 0, 0
2021000, 482832, 0, 0
2022000, 475824, 0, 0
2023000, 467554, 0, 0
2024000, 478131, 0, 0
2025000, 464966, 0, 0
2026000, 483417, 0, 0
2027000, 471775, 0, 0
2028000, 468396, 0, 0
2029001, 483302, 0, 0
2030000, 452849, 0, 0
2031000, 480284, 0, 0
2032000, 487845, 0, 0
2033000, 458082, 0, 0
2034000, 487179, 0, 0
2035000, 490346, 0, 0
2036000, 483269, 0, 0
2037050, 472360, 0, 0
2038000, 635266, 0, 0
2039000, 491345, 0, 0
2040000, 452561, 0, 0
2041000, 471230, 0, 0
2042000, 463782, 0, 0
2043000, 471262, 0, 0
2044000, 485542, 0, 0
2045000, 480857, 0, 0
2046000, 744514, 0, 0
2047000, 451238, 0, 0
2048000, 468023, 0, 0
2049000, 487726, 0, 0
2050000, 464231, 0, 0
2051000, 499805, 0, 0
2052000, 475703, 0, 0
2053000, 484130, 0, 0
2054000, 468322, 0, 0
2055000, 480042, 0, 0
2056000, 491082, 0, 0
2057000, 462529, 0, 0
2058000, 473825, 0, 0
2059000, 488989, 0, 0
2060000, 492753, 0, 0
2061000, 485081, 0, 0
2062000, 499842, 0, 0
2063000, 487796, 0, 0
2064000, 476242, 0, 0
2065000, 494780, 0, 0
2066000, 471884, 0, 0
2067000, 498732, 0, 0
2068000, 468942, 0, 0
2069000, 473499, 0, 0
2070000, 474453, 0, 0
2071000, 463880, 0, 0
2072000, 479988, 0, 0
2073001, 475824, 0, 0
2074000, 553865, 0, 0
2075000, 452390, 0, 0
2076000, 463865, 0, 0
2077000, 484565, 0, 0
2078000, 464045, 0, 0
2079000, 468990, 0, 0
2080000, 475391, 0, 0
2081000, 479382, 0, 0
2082080, 614878, 0, 0
2083000, 489289, 0, 0
2084000, 486441, 0, 0
2085000, 492876, 0, 0
2086000, 462017, 0, 0
2087000, 489222, 0, 0
2088000, 478771, 0, 0
2089000, 474695, 0, 0
2090000, 472871, 0, 0
2091000, 476318, 0, 0
2092000, 486594, 0, 0
2093000, 477107, 0, 0
2094000, 477284, 0, 0
2095000, 472722, 0, 0
2096000, 458466, 0, 0
2097000, 496207, 0, 0
2098000, 470378, 0, 0
2099000, 473251, 0, 0
2100000, 479547, 0, 0
2101000, 486791, 0, 0
2102000, 496185, 0, 0
2103000, 472805, 0, 0
2104000, 540253, 0, 0
2105000, 487417, 0, 0
2106000, 483050, 0, 0
2107000, 480975, 0, 0
2108000, 471605, 0, 0
2109000, 477944, 0, 0
2110000, 491363, 0, 0
2111000, 476235, 0, 0
2112000, 491860, 0, 0
2113000, 474447, 0, 0
2114000, 443733, 0, 0
2115000, 482905, 0, 0
2116000, 470626, 0, 0
2117000, 476515, 0, 0
2118000, 475380, 0, 0
2119001, 494049, 0, 0
2120000, 486394, 0, 0
2121000, 485503, 0, 0
2122000, 472564, 0, 0
2123000, 480555, 0, 0
2124000, 487499, 0, 0
2125000, 484358, 0, 0
2126000, 495861, 0, 0
2127000, 595397, 0, 0
2128000, 494991, 0, 0
2129000, 485716, 0, 0
2130000, 483007, 0, 0
2131000, 468495, 0, 0
2132000, 478041, 0, 0
2133000, 481808, 0, 0
2134000, 463967, 0, 0
2135000, 474911, 0, 0
2136000, 483864, 0, 0
2137000, 478723, 0, 0
2138000, 455816, 0, 0
2139000, 481158, 0, 0
2140000, 492668, 0, 0
2141000, 456038, 0, 0
2142000, 473910, 0, 0
2143000, 466539, 0, 0
2144000, 484191, 0, 0
2145000, 473501, 0, 0
2146000, 467201, 0, 0
2147000, 481546, 0, 0
2148000, 477689, 0, 0
2149000, 472230, 0, 0
2150000, 471695, 0, 0
2151000, 495013, 0, 0
2152000, 479692, 0, 0
2153000, 481275, 0, 0
2154001, 477337, 0, 0
2155000, 460751, 0, 0
2156000, 494767, 0, 0
2157000, 460753, 0, 0
2158000, 461608, 0, 0
2159000, 502064, 0, 0
2160000, 484610, 0, 0
2161000, 476378, 0, 0
2162000, 484999, 0, 0
2163000, 462045, 0, 0
2164000, 477941, 0, 0
2165000, 481945, 0, 0
2166000, 481673, 0, 0
2167000, 465355, 0, 0
2168000, 539233, 0, 0
2169000, 472541, 0, 0
2170000, 493680, 0, 0
2171204, 491841, 0, 0
2172000, 536863, 0, 0
2173000, 496871, 0, 0
2174000, 706063, 0, 0
2175000, 529684, 0, 0
2176000, 472414, 0, 0
2177000, 474341, 0, 0
2178000, 458792, 0, 0
2179000, 490134, 0, 0
2180000, 484380, 0, 0
2181000, 487021, 0, 0
2182000, 463889, 0, 0
2183000, 472665, 0, 0
2184000, 496810, 0, 0
2185000, 495931, 0, 0
2186000, 477206, 0, 0
2187000, 467626, 0, 0
2188000, 468685, 0, 0
2189000, 492030, 0, 0
2190000, 478760, 0, 0
2191000, 499635, 0, 0
2192000, 484443, 0, 0
2193000, 498231, 0, 0
2194000, 485416, 0, 0
2195000, 482837, 0, 0
2196000, 482817, 0, 0
2197000, 469319, 0, 0
2198000, 494568, 0, 0
2199000, 455811, 0, 0
2200000, 493838, 0, 0
2201000, 483944, 0, 0
2202000, 493365, 0, 0
2203000, 478637, 0, 0
2204000, 482970, 0, 0
2205000, 506083, 0, 0
2206000, 487515, 0, 0
2207000, 490693, 0, 0
2208000, 496395, 0, 0
2209000, 492238, 0, 0
2210000, 481978, 0, 0
2211000, 480019, 0, 0
2212000, 641065, 0, 0
2213000, 482996, 0, 0
2214000, 499324, 0, 0
2215000, 489747, 0, 0
2216000, 595335, 0, 0
2217000, 513642, 0, 0
2218000, 456173, 0, 0
2219000, 486110, 0, 0
2220000, 497239, 0, 0
2221000, 482796, 0, 0
2222000, 483518, 0, 0
2223000, 485687, 0, 0
2224000, 479312, 0, 0
2225000, 493855, 0, 0
2226000, 485839, 0, 0
2227000, 514135, 0, 0
2228000, 512325, 0, 0
2229000, 479149, 0, 0
2230000, 455605, 0, 0
2231000, 492008, 0, 0
2232000, 490176, 0, 0
2233000, 500969, 0, 0
2234000, 483669, 0, 0
2235000, 489282, 0, 0
2236000, 483268, 0, 0
2237000, 488352, 0, 0
2238000, 477180, 0, 0
2239000, 489456, 0, 0
2240000, 492260, 0, 0
2241000, 466709, 0, 0
2242000, 475102, 0, 0
2243000, 474082, 0, 0
2244000, 491604, 0, 0
2245000, 490927, 0, 0
2246000, 484963, 0, 0
2247000, 488498, 0, 0
2248000, 476217, 0, 0
2249000, 485933, 0, 0
2250000, 484175, 0, 0
2251000, 480837, 0, 0
2252000, 484209, 0, 0
2253000, 476878, 0, 0
2254000, 489219, 0, 0
2255000, 466938, 0, 0
2256000, 495373, 0, 0
2257000, 470369, 0, 0
2258000, 489604, 0, 0
2259000, 491597, 0, 0
2260000, 495636, 0, 0
2261000, 522735, 0, 0
2262000, 566579, 0, 0
2263000, 482380, 0, 0
2264000, 470751, 0, 0
2265000, 484018, 0, 0
2266000, 480169, 0, 0
2267000, 486223, 0, 0
2268000, 553025, 0, 0
2269000, 481326, 0, 0
2270000, 465946, 0, 0
2271000, 483066, 0, 0
2272000, 487233, 0, 0
2273000, 474257, 0, 0
2274000, 485086, 0, 0
2275000, 484613, 0, 0
2276000, 487610, 0, 0
2277000, 498523, 0, 0
2278000, 465360, 0, 0
2279000, 479997, 0, 0
2280000, 492938, 0, 0
2281000, 483560, 0, 0
2282000, 500040, 0, 0
2283000, 495144, 0, 0
2284000, 507283, 0, 0
2285000, 484163, 0, 0
2286000, 487925, 0, 0
2287000, 495749, 0, 0
2288000, 480080, 0, 0
2289000, 482082, 0, 0
2290000, 484053, 0, 0
2291000, 478142, 0, 0
2292000, 487157, 0, 0
2293000, 471339, 0, 0
2294000, 463949, 0, 0
2295000, 483719, 0, 0
2296000, 477060, 0, 0
2297000, 489114, 0, 0
2298000, 491380, 0, 0
2299001, 483224, 0, 0
2300000, 489006, 0, 0
2301000, 485058, 0, 0
2302000, 470374, 0, 0
2303000, 485559, 0, 0
2304000, 488217, 0, 0
2305000, 470075, 0, 0
2306000, 712518, 0, 0
2307000, 468654, 0, 0
2308000, 462303, 0, 0
2309000, 470724, 0, 0
2310000, 471691, 0, 0
2311000, 498705, 0, 0
2312000, 478654, 0, 0
2313000, 482052, 0, 0
2314000, 502167, 0, 0
2315000, 481477, 0, 0
2316000, 450436, 0, 0
2317000, 485343, 0, 0
2318000, 487999, 0, 0
2319000, 480341, 0, 0
2320000, 477185, 0, 0
2321000, 484477, 0, 0
2322000, 487818, 0, 0
2323000, 488636, 0, 0
2324000, 497870, 0, 0
2325000, 469131, 0, 0
2326000, 476069, 0, 0
2327000, 499470, 0, 0
2328000, 483737, 0, 0
2329000, 477889, 0, 0
2330000, 499645, 0, 0
2331000, 480926, 0, 0
2332000, 494622, 0, 0
2333000, 476124, 0, 0
2334000, 488142, 0, 0
2335000, 489341, 0, 0
2336000, 447613, 0, 0
2337000, 483796, 0, 0
2338000, 483693, 0, 0
2339000, 461602, 0, 0
2340000, 472078, 0, 0
2341000, 477409, 0, 0
2342000, 490991, 0, 0
2343000, 495609, 0, 0
2344000, 491647, 0, 0
2345000, 459982, 0, 0
2346000, 480256, 0, 0
2347000, 471594, 0, 0
2348000, 486544, 0, 0
2349000, 459555, 0, 0
2350057, 529813, 0, 0
2351000, 631928, 0, 0
2352000, 477693, 0, 0
2353000, 484699, 0, 0
2354000, 504379, 0, 0
2355000, 494545, 0, 0
2356000, 526187, 0, 0
2357000, 483774, 0, 0
2358000, 492525, 0, 0
2359000, 494990, 0, 0
2360000, 481447, 0, 0
2361000, 491776, 0, 0
2362000, 492219, 0, 0
2363000, 472873, 0, 0
2364000, 464578, 0, 0
2365000, 485420, 0, 0
2366000, 480988, 0, 0
2367000, 489288, 0, 0
2368000, 466711, 0, 0
2369000, 461442, 0, 0
2370000, 486218, 0, 0
2371000, 473276, 0, 0
2372000, 486073, 0, 0
2373000, 487886, 0, 0
2374000, 487974, 0, 0
2375000, 478428, 0, 0
2376000, 481309, 0, 0
2377000, 496286, 0, 0
2378000, 492114, 0, 0
2379000, 495044, 0, 0
2380000, 481606, 0, 0
2381000, 475070, 0, 0
2382000, 478433, 0, 0
2383000, 472655, 0, 0
2384000, 461966, 0, 0
2385000, 477714, 0, 0
2386000, 454831, 0, 0
2387000, 486829, 0, 0
2388000, 475763, 0, 0
2389000, 475487, 0, 0
2390000, 470383, 0, 0
2391000, 491263, 0, 0
2392000, 500802, 0, 0
2393000, 473910, 0, 0
2394000, 496094, 0, 0
2395012, 656201, 0, 0
2396000, 488890, 0, 0
2397000, 500634, 0, 0
2398000, 486751, 0, 0
2399000, 474536, 0, 0
2400000, 501544, 0, 0
2401000, 497233, 0, 0
2402000, 495072, 0, 0
2403000, 480544, 0, 0
2404000, 470330, 0, 0
2405000, 478858, 0, 0
2406000, 484627, 0, 0
2407000, 490657, 0, 0
2408000, 505256, 0, 0
2409000, 483266, 0, 0
2410000, 468492, 0, 0
2411000, 473447, 0, 0
2412000, 480843, 0, 0
2413000, 497387, 0, 0
2414000, 466963, 0, 0
2415000, 489967, 0, 0
2416000, 475493, 0, 0
2417000, 459061, 0, 0
2418000, 480703, 0, 0
2419000, 482218, 0, 0
2420000, 500863, 0, 0
2421000, 497601, 0, 0
2422000, 504875, 0, 0
2423000, 512605, 0, 0
2424000, 522272, 0, 0
2425000, 512636, 0, 0
2426000, 499886, 0, 0
2427000, 497393, 0, 0
2428000, 505238, 0, 0
2429000, 509442, 0, 0
2430000, 493426, 0, 0
2431000, 500850, 0, 0
2432000, 523331, 0, 0
2433000, 758818, 0, 0
2434000, 545986, 0, 0
2435000, 533440, 0, 0
2436000, 510906, 0, 0
2437000, 492345, 0, 0
2438000, 500405, 0, 0
2439000, 501444, 0, 0
2440000, 612344, 0, 0
2441000, 486451, 0, 0
2442000, 499168, 0, 0
2443000, 493527, 0, 0
2444000, 502643, 0, 0
2445000, 490584, 0, 0
2446000, 499737, 0, 0
2447000, 501678, 0, 0
2448000, 489907, 0, 0
2449000, 501071, 0, 0
2450000, 495002, 0, 0
2451000, 572467, 0, 0
2452000, 497712, 0, 0
2453000, 507897, 0, 0
2454000, 502486, 0, 0
2455000, 504518, 0, 0
2456000, 501928, 0, 0
2457000, 520722, 0, 0
2458000, 514256, 0, 0
2459000, 623663, 0, 0
2460000, 493967, 0, 0
2461000, 507364, 0, 0
2462000, 496602, 0, 0
2463000, 511937, 0, 0
2464000, 496518, 0, 0
2465000, 507016, 0, 0
2466000, 497712, 0, 0
2467000, 505591, 0, 0
2468000, 493363, 0, 0
2469000, 490636, 0, 0
2470000, 494220, 0, 0
2471000, 493500, 0, 0
2472000, 476855, 0, 0
2473000, 501463, 0, 0
2474000, 499755, 0, 0
2475000, 580620, 0, 0
2476000, 498515, 0, 0
2477000, 483252, 0, 0
2478000, 480702, 0, 0
2479000, 487827, 0, 0
2480000, 472329, 0, 0
2481000, 480952, 0, 0
2482000, 495051, 0, 0
2483000, 499543, 0, 0
2484017, 535637, 0, 0
2485000, 513287, 0, 0
2486000, 482075, 0, 0
2487000, 483574, 0, 0
2488000, 505653, 0, 0
2489000, 546015, 0, 0
2490000, 494875, 0, 0
2491000, 489636, 0, 0
2492000, 495428, 0, 0
2493000, 497623, 0, 0
2494000, 490238, 0, 0
2495000, 500622, 0, 0
2496000, 514513, 0, 0
2497000, 499721, 0, 0
2498000, 486427, 0, 0
2499000, 511073, 0, 0
2500000, 785835, 0, 0
2501000, 478206, 0, 0
2502000, 493717, 0, 0
2503000, 505357, 0, 0
2504000, 494220, 0, 0
2505000, 504115, 0, 0
2506000, 499275, 0, 0
2507000, 468257, 0, 0
2508000, 492220, 0, 0
2509000, 495893, 0, 0
2510000, 473917, 0, 0
2511000, 485531, 0, 0
2512000, 470466, 0, 0
2513015, 490626, 0, 0
2514000, 493580, 0, 0
2515000, 486199, 0, 0
2516000, 466998, 0, 0
2517000, 462644, 0, 0
2518000, 484532, 0, 0
2519000, 468573, 0, 0
2520000, 498336, 0, 0
2521000, 486244, 0, 0
2522000, 480606, 0, 0
2523000, 484514, 0, 0
2524000, 496043, 0, 0
2525000, 461456, 0, 0
2526000, 435011, 0, 0
2527000, 493242, 0, 0
2528000, 469937, 0, 0
2529000, 726580, 0, 0
2530000, 473459, 0, 0
2531000, 486112, 0, 0
2532000, 493363, 0, 0
2533000, 496948, 0, 0
2534000, 473133, 0, 0
2535000, 485734, 0, 0
2536000, 495492, 0, 0
2537000, 488407, 0, 0
2538000, 483358, 0, 0
2539000, 487732, 0, 0
2540000, 490750, 0, 0
2541000, 477337, 0, 0
2542000, 488429, 0, 0
2543000, 501916, 0, 0
2544000, 493798, 0, 0
2545000, 451085, 0, 0
2546000, 567940, 0, 0
2547000, 477321, 0, 0
2548000, 475384, 0, 0
2549000, 454752, 0, 0
2550000, 467817, 0, 0
2551000, 488849, 0, 0
2552000, 470921, 0, 0
2553000, 480795, 0, 0
2554000, 481035, 0, 0
2555000, 482256, 0, 0
2556000, 497795, 0, 0
2557000, 490349, 0, 0
2558000, 470574, 0, 0
2559000, 473213, 0, 0
2560000, 487021, 0, 0
2561000, 500406, 0, 0
2562000, 499148, 0, 0
2563000, 476267, 0, 0
2564000, 507467, 0, 0
2565000, 483661, 0, 0
2566000, 490932, 0, 0
2567000, 488672, 0, 0
2568000, 484696, 0, 0
2569000, 495953, 0, 0
2570000, 492844, 0, 0
2571000, 481525, 0, 0
2572000, 492569, 0, 0
2573000, 465299, 0, 0
2574000, 527543, 0, 0
2575000, 498627, 0, 0
2576000, 471708, 0, 0
2577000, 489380, 0, 0
2578000, 475456, 0, 0
2579000, 485510, 0, 0
2580000, 495419, 0, 0
2581000, 493792, 0, 0
2582000, 494681, 0, 0
2583000, 485768, 0, 0
2584000, 496075, 0, 0
2585000, 478263, 0, 0
2586000, 490519, 0, 0
2587000, 486475, 0, 0
2588000, 460058, 0, 0
2589000, 495425, 0, 0
2590000, 457968, 0, 0
2591000, 492688, 0, 0
2592000, 490525, 0, 0
2593000, 475857, 0, 0
2594000, 500335, 0, 0
2595000, 470425, 0, 0
2596000, 500737, 0, 0
2597000, 486026, 0, 0
2598000, 495394, 0, 0
2599000, 544073, 0, 0
2600000, 478753, 0, 0
2601000, 488687, 0, 0
2602000, 500641, 0, 0
2603000, 487935, 0, 0
2604000, 472202, 0, 0
2605000, 490780, 0, 0
2606000, 490584, 0, 0
2607000, 481422, 0, 0
2608000, 487517, 0, 0
2609000, 490419, 0, 0
2610000, 486585, 0, 0
2611000, 487770, 0, 0
2612000, 486210, 0, 0
2613000, 500754, 0, 0
2614000, 489298, 0, 0
2615000, 473070, 0, 0
2616000, 497954, 0, 0
2617000, 496925, 0, 0
2618000, 485931, 0, 0
2619000, 567835, 0, 0
2620000, 486764, 0, 0
2621000, 480905, 0, 0
2622000, 490219, 0, 0
2623000, 479412, 0, 0
2624000, 485271, 0, 0
2625000, 477847, 0, 0
2626000, 490234, 0, 0
2627000, 478441, 0, 0
2628000, 487094, 0, 0
2629000, 501277, 0, 0
2630000, 484389, 0, 0
2631000, 490471, 0, 0
2632000, 491163, 0, 0
2633000, 498980, 0, 0
2634000, 484065, 0, 0
2635000, 495694, 0, 0
2636000, 493615, 0, 0
2637000, 484591, 0, 0
2638000, 467679, 0, 0
2639000, 479847, 0, 0
2640000, 536984, 0, 0
2641000, 479654, 0, 0
2642000, 508364, 0, 0
2643000, 495512, 0, 0
2644000, 490725, 0, 0
2645000, 494785, 0, 0
2646000, 498016, 0, 0
2647000, 485111, 0, 0
2648000, 472280, 0, 0
2649000, 488945, 0, 0
2650000, 505179, 0, 0
2651000, 493933, 0, 0
2652000, 499206, 0, 0
2653000, 504658, 0, 0
2654000, 489632, 0, 0
2655000, 491619, 0, 0
2656000, 495970, 0, 0
2657000, 499313, 0, 0
2658000, 491879, 0, 0
2659000, 501136, 0, 0
2660000, 504654, 0, 0
2661000, 496311, 0, 0
2662000, 499745, 0, 0
2663000, 496109, 0, 0
2664000, 617542, 0, 0
2665000, 489362, 0, 0
2666000, 487342, 0, 0
2667000, 488050, 0, 0
2668000, 488503, 0, 0
2669000, 497350, 0, 0
2670000, 491857, 0, 0
2671000, 486348, 0, 0
2672000, 483856, 0, 0
2673000, 473865, 0, 0
2674000, 489708, 0, 0
2675000, 492528, 0, 0
2676000, 500917, 0, 0
2677000, 508219, 0, 0
2678000, 503001, 0, 0
2679000, 482197, 0, 0
2680000, 494946, 0, 0
2681000, 500606, 0, 0
2682000, 499609, 0, 0
2683000, 466253, 0, 0
2684000, 481545, 0, 0
2685000, 482689, 0, 0
2686000, 505352, 0, 0
2687000, 489587, 0, 0
2688000, 494339, 0, 0
2689000, 498722, 0, 0
2690000, 488178, 0, 0
2691000, 487712, 0, 0
2692000, 472652, 0, 0
2693000, 545079, 0, 0
2694007, 742426, 0, 0
2695000, 523932, 0, 0
2696000, 493529, 0, 0
2697000, 503866, 0, 0
2698000, 488369, 0, 0
2699000, 489466, 0, 0
2700000, 488523, 0, 0
2701000, 504854, 0, 0
2702000, 495329, 0, 0
2703000, 471638, 0, 0
2704000, 489698, 0, 0
2705000, 499829, 0, 0
2706000, 492302, 0, 0
2707000, 509541, 0, 0
2708013, 515233, 0, 0
2709000, 584318, 0, 0
2710000, 487952, 0, 0
2711000, 493278, 0, 0
2712000, 498963, 0, 0
2713000, 478861, 0, 0
2714000, 498710, 0, 0
2715000, 484371, 0, 0
2716000, 499123, 0, 0
2717000, 501608, 0, 0
2718000, 490319, 0, 0
2719000, 497004, 0, 0
2720000, 477648, 0, 0
2721000, 489310, 0, 0
2722000, 520159, 0, 0
2723000, 555854, 0, 0
2724000, 505571, 0, 0
2725000, 490728, 0, 0
2726000, 478336, 0, 0
2727000, 499629, 0, 0
2728000, 495510, 0, 0
2729000, 483841, 0, 0
2730001, 508528, 0, 0
2731000, 495493, 0, 0
2732000, 470486, 0, 0
2733000, 483873, 0, 0
2734002, 487431, 0, 0
2735000, 546037, 0, 0
2736000, 494680, 0, 0
2737000, 488515, 0, 0
2738000, 488249, 0, 0
2739000, 510391, 0, 0
2740000, 481954, 0, 0
2741000, 500420, 0, 0
2742000, 475417, 0, 0
2743000, 463745, 0, 0
2744000, 488051, 0, 0
2745000, 483164, 0, 0
2746000, 496621, 0, 0
2747000, 482623, 0, 0
2748000, 507871, 0, 0
2749000, 499200, 0, 0
2750000, 496303, 0, 0
2751000, 492971, 0, 0
2752000, 502012, 0, 0
2753078, 615272, 0, 0
2754000, 496396, 0, 0
2755000, 493233, 0, 0
2756000, 498181, 0, 0
2757000, 483310, 0, 0
2758000, 484363, 0, 0
2759000, 494485, 0, 0
2760000, 492094, 0, 0
2761000, 476965, 0, 0
2762000, 485447, 0, 0
2763000, 488959, 0, 0
2764000, 488521, 0, 0
2765000, 474602, 0, 0
2766000, 501097, 0, 0
2767000, 471566, 0, 0
2768000, 505163, 0, 0
2769000, 477410, 0, 0
2770000, 507033, 0, 0
2771000, 506454, 0, 0
2772000, 500014, 0, 0
2773000, 491183, 0, 0
2774000, 483683, 0, 0
2775000, 486388, 0, 0
2776000, 493263, 0, 0
2777000, 477242, 0, 0
2778000, 482883, 0, 0
2779000, 482423, 0, 0
2780000, 455375, 0, 0
2781000, 478585, 0, 0
2782000, 503653, 0, 0
2783000, 481765, 0, 0
2784000, 493612, 0, 0
2785000, 478274, 0, 0
2786000, 500823, 0, 0
2787000, 486337, 0, 0
2788000, 490412, 0, 0
2789000, 480586, 0, 0
2790000, 472720, 0, 0
2791000, 500262, 0, 0
2792000, 503025, 0, 0
2793000, 489460, 0, 0
2794000, 504474, 0, 0
2795000, 483518, 0, 0
2796000, 501639, 0, 0
2797000, 502165, 0, 0
2798000, 591214, 0, 0
2799000, 482266, 0, 0
2800000, 503933, 0, 0
2801000, 498028, 0, 0
2802000, 500261, 0, 0
2803000, 481329, 0, 0
2804000, 482875, 0, 0
2805000, 471882, 0, 0
2806000, 493597, 0, 0
2807000, 494332, 0, 0
2808000, 501971, 0, 0
2809000, 496274, 0, 0
2810001, 495436, 0, 0
2811000, 490992, 0, 0
2812000, 509072, 0, 0
2813000, 496867, 0, 0
2814000, 488866, 0, 0
2815000, 478255, 0, 0
2816000, 469482, 0, 0
2817000, 469314, 0, 0
2818000, 505308, 0, 0
2819000, 489233, 0, 0
2820000, 469819, 0, 0
2821000, 465676, 0, 0
2822000, 469549, 0, 0
2823000, 497962, 0, 0
2824000, 506568, 0, 0
2825000, 472160, 0, 0
2826000, 491361, 0, 0
2827000, 481288, 0, 0
2828000, 480844, 0, 0
2829000, 531169, 0, 0
2830000, 504494, 0, 0
2831000, 495707, 0, 0
2832000, 471090, 0, 0
2833000, 507363, 0, 0
2834000, 501755, 0, 0
2835000, 497352, 0, 0
2836000, 499207, 0, 0
2837000, 475052, 0, 0
2838000, 495093, 0, 0
2839000, 467616, 0, 0
2840000, 499024, 0, 0
2841000, 494050, 0, 0
2842037, 521771, 0, 0
2843000, 551747, 0, 0
2844000, 502707, 0, 0
2845000, 498973, 0, 0
2846000, 502957, 0, 0
2847000, 524060, 0, 0
2848000, 541891, 0, 0
2849000, 476205, 0, 0
2850000, 484709, 0, 0
2851000, 472588, 0, 0
2852000, 486323, 0, 0
2853000, 473582, 0, 0
2854000, 487601, 0, 0
2855000, 488666, 0, 0
2856000, 469685, 0, 0
2857000, 505774, 0, 0
2858000, 478520, 0, 0
2859000, 479250, 0, 0
2860000, 496813, 0, 0
2861000, 493771, 0, 0
2862000, 472987, 0, 0
2863000, 487907, 0, 0
2864000, 499609, 0, 0
2865000, 479782, 0, 0
2866000, 491842, 0, 0
2867000, 470544, 0, 0
2868000, 479652, 0, 0
2869000, 497241, 0, 0
2870000, 464030, 0, 0
2871000, 480840, 0, 0
2872000, 493608, 0, 0
2873000, 448758, 0, 0
2874000, 469112, 0, 0
2875000, 493980, 0, 0
2876000, 513202, 0, 0
2877000, 482461, 0, 0
2878000, 498268, 0, 0
2879000, 478466, 0, 0
2880000, 477446, 0, 0
2881000, 467619, 0, 0
2882000, 468242, 0, 0
2883000, 501548, 0, 0
2884000, 481939, 0, 0
2885000, 473799, 0, 0
2886000, 469007, 0, 0
2887000, 648040, 0, 0
2888000, 491251, 0, 0
2889000, 492498, 0, 0
2890000, 481953, 0, 0
2891000, 467948, 0, 0
2892000, 468855, 0, 0
2893000, 509914, 0, 0
2894000, 717083, 0, 0
2895000, 489413, 0, 0
2896000, 488042, 0, 0
2897001, 478459, 0, 0
2898000, 478213, 0, 0
2899000, 473974, 0, 0
2900000, 465982, 0, 0
2901000, 479558, 0, 0
2902000, 487598, 0, 0
2903000, 480653, 0, 0
2904000, 478931, 0, 0
2905000, 466349, 0, 0
2906000, 484501, 0, 0
2907000, 470719, 0, 0
2908000, 463572, 0, 0
2909000, 469201, 0, 0
2910000, 476235, 0, 0
2911000, 485845, 0, 0
2912000, 479215, 0, 0
2913000, 496491, 0, 0
2914000, 472211, 0, 0
2915000, 480663, 0, 0
2916000, 485192, 0, 0
2917000, 486952, 0, 0
2918000, 488021, 0, 0
2919000, 484553, 0, 0
2920000, 480437, 0, 0
2921000, 489640, 0, 0
2922000, 480471, 0, 0
2923000, 484028, 0, 0
2924000, 484535, 0, 0
2925000, 546959, 0, 0
2926000, 478284, 0, 0
2927000, 482701, 0, 0
2928000, 478855, 0, 0
2929001, 474524, 0, 0
2930000, 480942, 0, 0
2931000, 511416, 0, 0
2932000, 494692, 0, 0
2933000, 481166, 0, 0
2934000, 472959, 0, 0
2935001, 472707, 0, 0
2936000, 488600, 0, 0
2937000, 477312, 0, 0
2938000, 468567, 0, 0
2939000, 484740, 0, 0
2940000, 478663, 0, 0
2941000, 474524, 0, 0
2942000, 484356, 0, 0
2943000, 481981, 0, 0
2944000, 485499, 0, 0
2945000, 468338, 0, 0
2946000, 484595, 0, 0
2947000, 474314, 0, 0
2948000, 487002, 0, 0
2949000, 475668, 0, 0
2950000, 478820, 0, 0
2951000, 477458, 0, 0
2952000, 475343, 0, 0
2953000, 489508, 0, 0
2954000, 620275, 0, 0
2955000, 616044, 0, 0
2956000, 481957, 0, 0
2957000, 475189, 0, 0
2958000, 473604, 0, 0
2959000, 468468, 0, 0
2960000, 471374, 0, 0
2961000, 480690, 0, 0
2962000, 479176, 0, 0
2963000, 482447, 0, 0
2964000, 469965, 0, 0
2965000, 477541, 0, 0
2966000, 471167, 0, 0
2967000, 464656, 0, 0
2968000, 479385, 0, 0
2969000, 483589, 0, 0
2970000, 497339, 0, 0
2971000, 481435, 0, 0
2972000, 499402, 0, 0
2973000, 552864, 0, 0
2974000, 472775, 0, 0
2975000, 490299, 0, 0
2976000, 546081, 0, 0
2977000, 477289, 0, 0
2978000, 474924, 0, 0
2979000, 495534, 0, 0
2980000, 483982, 0, 0
2981000, 475408, 0, 0
2982000, 471764, 0, 0
2983000, 479637, 0, 0
2984000, 476727, 0, 0
2985000, 481763, 0, 0
2986000, 490599, 0, 0
2987000, 487442, 0, 0
2988000, 554166, 0, 0
2989000, 573463, 0, 0
2990000, 487406, 0, 0
2991000, 479963, 0, 0
2992000, 481240, 0, 0
2993000, 474686, 0, 0
2994000, 476936, 0, 0
2995000, 475561, 0, 0
2996000, 488808, 0, 0
2997000, 481005, 0, 0
2998000, 477451, 0, 0
2999000, 468765, 0, 0
3000000, 473270, 0, 0
3001000, 449392, 0, 0
3002000, 475866, 0, 0
3003000, 467972, 0, 0
3004000, 458436, 0, 0
3005000, 443589, 0, 0
3006000, 445825, 0, 0
3007000, 464396, 0, 0
3008000, 475824, 0, 0
3009000, 467136, 0, 0
3010000, 449794, 0, 0
3011000, 470617, 0, 0
3012000, 452767, 0, 0
3013000, 453777, 0, 0
3014000, 478198, 0, 0
3015000, 473419, 0, 0
3016000, 471790, 0, 0
3017000, 464225, 0, 0
3018001, 451414, 0, 0
3019000, 471422, 0, 0
3020004, 540963, 0, 0
3021001, 612450, 0, 0
3022000, 475660, 0, 0
3023000, 478479, 0, 0
3024000, 471714, 0, 0
3025000, 458637, 0, 0
3026000, 453918, 0, 0
3027000, 472497, 0, 0
3028000, 488928, 0, 0
3029000, 453293, 0, 0
3030000, 475817, 0, 0
3031000, 472669, 0, 0
3032000, 480806, 0, 0
3033000, 484652, 0, 0
3034000, 467509, 0, 0
3035000, 470730, 0, 0
3036000, 470390, 0, 0
3037000, 458099, 0, 0
3038000, 468398, 0, 0
3039000, 468811, 0, 0
3040000, 457495, 0, 0
3041000, 480685, 0, 0
3042000, 464408, 0, 0
3043000, 458893, 0, 0
3044000, 457290, 0, 0
3045000, 473476, 0, 0
3046000, 466545, 0, 0
3047000, 443974, 0, 0
3048000, 468647, 0, 0
3049000, 452141, 0, 0
3050000, 480468, 0, 0
3051000, 467885, 0, 0
3052000, 476520, 0, 0
3053000, 464123, 0, 0
3054000, 476146, 0, 0
3055000, 468723, 0, 0
3056000, 461366, 0, 0
3057000, 478132, 0, 0
3058000, 490351, 0, 0
3059000, 482379, 0, 0
3060000, 461520, 0, 0
3061000, 466397, 0, 0
3062000, 484363, 0, 0
3063000, 472536, 0, 0
3064000, 471888, 0, 0
3065000, 647389, 0, 0
3066000, 469004, 0, 0
3067000, 457394, 0, 0
3068001, 465677, 0, 0
3069000, 457779, 0, 0
3070000, 483949, 0, 0
3071000, 431394, 0, 0
3072000, 467644, 0, 0
3073000, 486908, 0, 0
3074000, 491572, 0, 0
3075000, 479745, 0, 0
3076000, 468108, 0, 0
3077000, 477210, 0, 0
3078000, 470505, 0, 0
3079001, 456657, 0, 0
3080000, 477392, 0, 0
3081000, 480371, 0, 0
3082000, 451342, 0, 0
3083000, 446676, 0, 0
3084000, 473313, 0, 0
3085000, 490265, 0, 0
3086000, 466873, 0, 0
3087000, 475656, 0, 0
3088000, 428398, 0, 0
3089000, 459659, 0, 0
3090000, 462431, 0, 0
3091000, 468649, 0, 0
3092000, 491184, 0, 0
3093000, 490090, 0, 0
3094000, 466967, 0, 0
3095000, 468837, 0, 0
3096000, 480803, 0, 0
3097000, 469611, 0, 0
3098000, 535273, 0, 0
3099000, 467379, 0, 0
3100000, 487017, 0, 0
3101000, 461644, 0, 0
3102000, 485300, 0, 0
3103000, 501473, 0, 0
3104000, 472742, 0, 0
3105000, 480450, 0, 0
3106000, 513834, 0, 0
3107000, 507737, 0, 0
3108000, 498799, 0, 0
3109000, 466213, 0, 0
3110000, 591407, 0, 0
3111000, 489714, 0, 0
3112000, 461436, 0, 0
3113000, 493402, 0, 0
3114000, 460230, 0, 0
3115000, 497596, 0, 0
3116000, 532803, 0, 0
3117000, 502747, 0, 0
3118000, 496497, 0, 0
3119000, 512879, 0, 0
3120000, 482930, 0, 0
3121000, 487759, 0, 0
3122000, 470013, 0, 0
3123000, 493691, 0, 0
3124030, 487892, 0, 0
3125000, 478390, 0, 0
3126000, 463507, 0, 0
3127000, 472523, 0, 0
3128000, 482492, 0, 0
3129000, 476705, 0, 0
3130000, 477249, 0, 0
3131000, 485444, 0, 0
3132000, 477464, 0, 0
3133000, 487469, 0, 0
3134000, 481564, 0, 0
3135000, 450316, 0, 0
3136000, 488843, 0, 0
3137000, 479663, 0, 0
3138000, 458706, 0, 0
3139000, 472973, 0, 0
3140000, 501104, 0, 0
3141000, 474706, 0, 0
3142000, 493625, 0, 0
3143000, 474280, 0, 0
3144000, 472521, 0, 0
3145000, 475264, 0, 0
3146000, 456463, 0, 0
3147000, 470088, 0, 0
3148000, 460784, 0, 0
3149000, 421937, 0, 0
3150000, 494082, 0, 0
3151000, 458860, 0, 0
3152000, 483291, 0, 0
3153000, 489248, 0, 0
3154130, 508555, 0, 0
3155000, 565615, 0, 0
3156000, 490693, 0, 0
3157000, 451071, 0, 0
3158000, 479145, 0, 0
3159000, 488446, 0, 0
3160000, 490798, 0, 0
3161000, 475350, 0, 0
3162000, 494593, 0, 0
3163000, 478868, 0, 0
3164000, 469289, 0, 0
3165000, 480989, 0, 0
3166000, 439371, 0, 0
3167000, 443360, 0, 0
3168000, 496487, 0, 0
3169000, 481749, 0, 0
3170000, 492678, 0, 0
3171002, 490033, 0, 0
3172000, 468739, 0, 0
3173000, 492887, 0, 0
3174000, 472429, 0, 0
3175000, 469161, 0, 0
3176000, 488862, 0, 0
3177000, 471058, 0, 0
3178000, 451458, 0, 0
3179000, 474726, 0, 0
3180000, 481282, 0, 0
3181000, 458962, 0, 0
3182000, 474860, 0, 0
3183000, 468093, 0, 0
3184000, 486186, 0, 0
3185000, 464617, 0, 0
3186000, 439209, 0, 0
3187000, 464848, 0, 0
3188000, 490033, 0, 0
3189000, 467405, 0, 0
3190000, 487603, 0, 0
3191000, 467389, 0, 0
3192000, 464956, 0, 0
3193000, 474500, 0, 0
3194000, 482900, 0, 0
3195000, 457264, 0, 0
3196000, 474721, 0, 0
3197000, 479389, 0, 0
3198000, 492083, 0, 0
3199000, 518805, 0, 0
3200000, 503652, 0, 0
3201000, 477219, 0, 0
3202000, 487229, 0, 0
3203000, 468130, 0, 0
3204000, 459356, 0, 0
3205000, 471441, 0, 0
3206000, 476440, 0, 0
3207000, 477887, 0, 0
3208000, 485262, 0, 0
3209000, 469746, 0, 0
3210000, 489604, 0, 0
3211000, 535412, 0, 0
3212000, 486774, 0, 0
3213000, 485844, 0, 0
3214000, 579745, 0, 0
3215000, 649116, 0, 0
3216000, 477190, 0, 0
3217000, 464004, 0, 0
3218000, 495067, 0, 0
3219000, 474346, 0, 0
3220000, 494629, 0, 0
3221000, 492650, 0, 0
3222000, 498215, 0, 0
3223000, 471968, 0, 0
3224000, 532913, 0, 0
3225000, 456916, 0, 0
3226000, 467846, 0, 0
3227000, 470397, 0, 0
3228000, 499358, 0, 0
3229000, 463444, 0, 0
3230000, 478107, 0, 0
3231000, 496867, 0, 0
3232000, 494479, 0, 0
3233000, 501548, 0, 0
3234000, 489251, 0, 0
3235000, 475771, 0, 0
3236000, 475567, 0, 0
3237000, 464725, 0, 0
3238000, 492795, 0, 0
3239000, 469919, 0, 0
3240000, 470528, 0, 0
3241000, 480009, 0, 0
3242000, 477527, 0, 0
3243000, 510427, 0, 0
3244000, 588128, 0, 0
3245000, 474058, 0, 0
3246000, 485792, 0, 0
3247000, 460879, 0, 0
3248000, 453980, 0, 0
3249000, 476599, 0, 0
3250000, 464391, 0, 0
3251000, 476757, 0, 0
3252000, 606706, 0, 0
3253000, 466603, 0, 0
3254000, 477798, 0, 0
3255000, 468460, 0, 0
3256000, 472437, 0, 0
3257000, 453089, 0, 0
3258000, 497506, 0, 0
3259000, 499953, 0, 0
3260000, 490834, 0, 0
3261000, 455816, 0, 0
3262000, 479102, 0, 0
3263000, 479914, 0, 0
3264001, 482282, 0, 0
3265000, 475199, 0, 0
3266000, 489400, 0, 0
3267000, 487431, 0, 0
3268000, 432267, 0, 0
3269000, 499003, 0, 0
3270000, 483476, 0, 0
3271000, 440750, 0, 0
3272000, 491765, 0, 0
3273000, 479824, 0, 0
3274000, 468921, 0, 0
3275000, 468898, 0, 0
3276000, 502035, 0, 0
3277000, 454831, 0, 0
3278000, 483764, 0, 0
3279034, 454183, 0, 0
3280000, 519803, 0, 0
3281000, 506192, 0, 0
3282000, 449445, 0, 0
3283000, 497466, 0, 0
3284000, 485047, 0, 0
3285000, 486884, 0, 0
3286000, 542649, 0, 0
3287000, 527313, 0, 0
3288000, 451523, 0, 0
3289000, 506217, 0, 0
3290001, 477583, 0, 0
3291000, 485077, 0, 0
3292000, 446590, 0, 0
3293000, 454589, 0, 0
3294000, 482402, 0, 0
3295000, 493239, 0, 0
3296000, 470909, 0, 0
3297000, 476162, 0, 0
3298000, 483556, 0, 0
3299000, 477722, 0, 0
3300000, 483592, 0, 0
3301000, 467800, 0, 0
3302000, 490612, 0, 0
3303000, 480640, 0, 0
3304000, 507733, 0, 0
3305000, 493953, 0, 0
3306000, 518234, 0, 0
3307000, 472162, 0, 0
3308000, 490351, 0, 0
3309000, 508209, 0, 0
3310000, 489406, 0, 0
3311000, 492558, 0, 0
3312000, 481097, 0, 0
3313000, 462205, 0, 0
3314000, 500100, 0, 0
3315000, 469117, 0, 0
3316000, 484298, 0, 0
3317000, 485158, 0, 0
3318000, 491920, 0, 0
3319000, 511263, 0, 0
3320000, 473923, 0, 0
3321000, 502243, 0, 0
3322000, 466919, 0, 0
3323000, 485265, 0, 0
3324000, 499987, 0, 0
3325000, 470317, 0, 0
3326000, 476922, 0, 0
3327000, 480779, 0, 0
3328000, 479312, 0, 0
3329001, 466266, 0, 0
3330000, 467463, 0, 0
3331024, 580769, 0, 0
3332000, 522585, 0, 0
3333000, 480251, 0, 0
3334000, 483514, 0, 0
3335000, 485195, 0, 0
3336000, 498181, 0, 0
3337000, 494013, 0, 0
3338000, 491129, 0, 0
3339000, 490039, 0, 0
3340000, 466414, 0, 0
3341000, 476385, 0, 0
3342000, 492409, 0, 0
3343000, 495453, 0, 0
3344000, 470833, 0, 0
3345000, 478094, 0, 0
3346000, 479639, 0, 0
3347000, 553148, 0, 0
3348000, 601579, 0, 0
3349000, 470399, 0, 0
3350000, 489786, 0, 0
3351000, 505311, 0, 0
3352000, 498815, 0, 0
3353000, 490042, 0, 0
3354000, 464325, 0, 0
3355000, 478016, 0, 0
3356000, 489883, 0, 0
3357000, 467665, 0, 0
3358000, 474626, 0, 0
3359000, 464989, 0, 0
3360000, 465996, 0, 0
3361000, 481629, 0, 0
3362000, 512783, 0, 0
3363000, 532042, 0, 0
3364000, 465566, 0, 0
3365000, 480771, 0, 0
3366000, 472624, 0, 0
3367000, 480702, 0, 0
3368000, 469647, 0, 0
3369000, 462250, 0, 0
3370000, 485527, 0, 0
3371000, 469083, 0, 0
3372000, 473669, 0, 0
3373000, 446162, 0, 0
3374000, 493181, 0, 0
3375000, 561602, 0, 0
3376000, 516600, 0, 0
3377000, 475359, 0, 0
3378000, 494438, 0, 0
3379000, 477559, 0, 0
3380000, 487180, 0, 0
3381001, 464406, 0, 0
3382000, 464647, 0, 0
3383000, 471836, 0, 0
3384000, 490953, 0, 0
3385000, 471521, 0, 0
3386000, 464834, 0, 0
3387000, 494208, 0, 0
3388000, 462359, 0, 0
3389000, 485745, 0, 0
3390000, 480750, 0, 0
3391000, 467348, 0, 0
3392000, 481146, 0, 0
3393000, 476073, 0, 0
3394000, 487538, 0, 0
3395000, 483776, 0, 0
3396000, 473003, 0, 0
3397000, 442545, 0, 0
3398000, 477550, 0, 0
3399000, 471739, 0, 0
3400000, 474623, 0, 0
3401000, 523203, 0, 0
3402000, 461045, 0, 0
3403000, 471353, 0, 0
3404000, 466437, 0, 0
3405000, 492210, 0, 0
3406000, 468112, 0, 0
3407000, 473320, 0, 0
3408000, 481788, 0, 0
3409000, 503354, 0, 0
3410000, 480183, 0, 0
3411013, 486860, 0, 0
3412000, 512617, 0, 0
3413000, 485239, 0, 0
3414000, 461420, 0, 0
3415000, 449133, 0, 0
3416000, 441724, 0, 0
3417000, 490112, 0, 0
3418000, 465492, 0, 0
3419000, 496483, 0, 0
3420000, 557894, 0, 0
3421000, 471415, 0, 0
3422000, 500289, 0, 0
3423000, 510395, 0, 0
3424000, 473524, 0, 0
3425000, 462591, 0, 0
3426000, 477602, 0, 0
3427000, 496803, 0, 0
3428000, 476235, 0, 0
3429000, 488372, 0, 0
3430000, 458715, 0, 0
3431001, 476665, 0, 0
3432000, 470162, 0, 0
3433000, 504437, 0, 0
3434000, 491299, 0, 0
3435000, 489142, 0, 0
3436000, 486444, 0, 0
3437000, 487642, 0, 0
3438000, 490610, 0, 0
3439000, 472850, 0, 0
3440000, 495586, 0, 0
3441000, 491252, 0, 0
3442000, 500762, 0, 0
3443000, 486199, 0, 0
3444000, 470883, 0, 0
3445000, 520641, 0, 0
3446000, 501325, 0, 0
3447000, 492512, 0, 0
3448000, 499322, 0, 0
3449000, 503094, 0, 0
3450000, 488188, 0, 0
3451000, 502105, 0, 0
3452000, 502940, 0, 0
3453000, 520048, 0, 0
3454000, 513472, 0, 0
3455000, 512621, 0, 0
3456001, 489191, 0, 0
3457000, 492276, 0, 0
3458000, 491842, 0, 0
3459000, 510810, 0, 0
3460000, 513606, 0, 0
3461000, 498508, 0, 0
3462000, 501170, 0, 0
3463000, 529271, 0, 0
3464000, 499417, 0, 0
3465000, 504741, 0, 0
3466000, 509071, 0, 0
3467000, 507096, 0, 0
3468000, 489613, 0, 0
3469000, 477393, 0, 0
3470000, 477206, 0, 0
3471000, 480130, 0, 0
3472000, 473696, 0, 0
3473000, 483826, 0, 0
3474000, 580587, 0, 0
3475000, 641045, 0, 0
3476000, 639611, 0, 0
3477000, 447729, 0, 0
3478000, 481179, 0, 0
3479000, 475192, 0, 0
3480000, 472394, 0, 0
3481000, 467434, 0, 0
3482000, 478269, 0, 0
3483000, 488318, 0, 0
3484000, 469612, 0, 0
3485000, 468621, 0, 0
3486000, 478693, 0, 0
3487000, 479845, 0, 0
3488000, 468535, 0, 0
3489000, 472929, 0, 0
3490000, 474513, 0, 0
3491000, 471964, 0, 0
3492000, 472625, 0, 0
3493000, 474373, 0, 0
3494000, 465860, 0, 0
3495000, 471709, 0, 0
3496000, 469356, 0, 0
3497000, 475738, 0, 0
3498000, 472379, 0, 0
3499000, 469520, 0, 0
3500000, 469110, 0, 0
3501000, 456424, 0, 0
3502000, 472933, 0, 0
3503000, 474286, 0, 0
3504002, 494235, 0, 0
3505000, 526851, 0, 0
3506000, 521404, 0, 0
3507000, 476099, 0, 0
3508000, 470144, 0, 0
3509000, 480285, 0, 0
3510000, 470684, 0, 0
3511000, 460831, 0, 0
3512000, 471850, 0, 0
3513000, 474083, 0, 0
3514000, 464248, 0, 0
3515000, 471599, 0, 0
3516000, 473591, 0, 0
3517000, 471551, 0, 0
3518000, 477482, 0, 0
3519000, 471954, 0, 0
3520000, 476316, 0, 0
3521000, 469880, 0, 0
3522000, 476062, 0, 0
3523000, 482483, 0, 0
3524000, 479510, 0, 0
3525000, 471987, 0, 0
3526000, 462996, 0, 0
3527000, 476466, 0, 0
3528000, 468257, 0, 0
3529000, 458569, 0, 0
3530000, 475856, 0, 0
3531000, 477565, 0, 0
3532000, 460401, 0, 0
3533000, 469905, 0, 0
3534000, 469530, 0, 0
3535000, 482850, 0, 0
3536000, 476724, 0, 0
3537000, 475097, 0, 0
3538000, 445001, 0, 0
3539000, 472449, 0, 0
3540000, 469512, 0, 0
3541000, 471281, 0, 0
3542000, 472882, 0, 0
3543000, 471806, 0, 0
3544000, 476348, 0, 0
3545000, 482630, 0, 0
3546001, 466752, 0, 0
3547000, 493903, 0, 0
3548000, 476136, 0, 0
3549000, 466569, 0, 0
3550000, 566742, 0, 0
3551000, 479739, 0, 0
3552000, 469612, 0, 0
3553000, 471784, 0, 0
3554000, 476099, 0, 0
3555000, 472181, 0, 0
3556000, 479184, 0, 0
3557000, 462608, 0, 0
3558000, 474392, 0, 0
3559000, 489893, 0, 0
3560000, 479957, 0, 0
3561000, 474794, 0, 0
3562000, 471627, 0, 0
3563000, 472945, 0, 0
3564000, 474200, 0, 0
3565000, 463395, 0, 0
3566000, 483854, 0, 0
3567001, 467789, 0, 0
3568000, 474548, 0, 0
3569000, 479469, 0, 0
3570000, 477797, 0, 0
3571000, 471314, 0, 0
3572000, 476019, 0, 0
3573000, 472406, 0, 0
3574000, 471116, 0, 0
3575000, 475310, 0, 0
3576000, 464970, 0, 0
3577000, 475353, 0, 0
3578000, 474923, 0, 0
3579000, 479670, 0, 0
3580000, 470525, 0, 0
3581000, 470989, 0, 0
3582000, 473695, 0, 0
3583000, 468890, 0, 0
3584000, 469208, 0, 0
3585000, 465972, 0, 0
3586000, 477506, 0, 0
3587000, 497350, 0, 0
3588000, 513461, 0, 0
3589000, 513058, 0, 0
3590000, 504875, 0, 0
3591000, 511831, 0, 0
3592000, 502078, 0, 0
3593000, 513142, 0, 0
3594000, 520344, 0, 0
3595000, 547845, 0, 0
3596000, 503497, 0, 0
3597000, 506248, 0, 0
3598000, 511851, 0, 0
3599000, 510743, 0, 0
3600000, 504724, 0, 0
3600000, 466026, 0, 0
